

******** <class 'pyscf.scf.hf.RHF'> flags ********
method = RHF
initial guess = minao
damping factor = 0
level shift factor = 0
Do DIIS = True
DIIS start cycle = 1
DIIS space = 8
SCF tol = 1e-09
SCF gradient tol = None
max. SCF cycles = 50
direct_scf = True
direct_scf_tol = 1e-13
chkfile to save SCF result = /tmp/tmpaYUFUH
max_memory 4000 MB (current use 39 MB)
Set gradient conv threshold to 3.16228e-05
Nelec from initial guess = 11.9988
cond(S) = 760.83087194
E_coul = 44.7888351071202
init E= -89.4024909103796
    CPU time for initialize scf      0.12 sec, wall time      0.13 sec
  HOMO = -0.50318002401179  LUMO = -0.174921370727389
  mo_energy =
[-20.79165687  -4.74191504  -1.49026264  -0.57266472  -0.50318002
  -0.50318002  -0.17492137   0.09206225   0.09393981   0.09393981
   0.14337968   0.34749633   0.34749633   0.44058877   0.49662075
   0.49662075   0.52160936   0.58996803   0.59880458   0.59880458
   0.65249438   0.65249438   0.79415891   1.0798658    1.67798668
   1.67798668   1.90391172   1.90391172   2.13681424   2.84910756
   2.84910756   3.07541823   3.31776084   5.24584      5.35159436
   5.35159436   5.3766206    5.3766206    5.4033408    5.4033408
   5.70988476   5.70988476   6.40168096   6.5622552    6.5622552
   6.72115418   6.72115418   6.83393602   8.23412932  44.4510277 ]
E_coul = 50.0156397492914
cycle= 1 E= -89.2560867658023  delta_E= 0.146  |g|= 0.862  |ddm|= 1.43
    CPU time for cycle= 1      0.01 sec, wall time      0.01 sec
diis-norm(errvec)=1.98182
diis-c [-3.92760351  1.        ]
  HOMO = -0.203258486629945  LUMO = -0.0768974563792681
  mo_energy =
[-19.81035138  -4.8054449   -0.90076916  -0.23176809  -0.20325849
  -0.20325849  -0.07689746   0.07636637   0.09856262   0.09856262
   0.17674537   0.3121191    0.3121191    0.38884218   0.46583001
   0.46583001   0.50333335   0.63986102   0.63986102   0.80611166
   0.8822352    0.8822352    0.98478226   1.27845506   2.08522573
   2.08522573   2.2861009    2.2861009    2.5318544    3.43984255
   3.43984255   3.62800003   3.8265922    5.62999687   5.62999687
   5.73006251   5.92452319   5.92452319   5.94792898   5.94792898
   5.9799429    5.9799429    6.4018398    7.26457615   7.26457615
   7.3637381    7.41374294   7.41374294   8.35621578  45.39005472]
E_coul = 42.7025547179456
cycle= 2 E= -89.1286695358593  delta_E= 0.127  |g|=  1.2  |ddm|= 1.25
    CPU time for cycle= 2      0.01 sec, wall time      0.01 sec
diis-norm(errvec)=2.95783
diis-c [-0.20369094  0.60235532  0.39764468]
  HOMO = -0.399687943061485  LUMO = -0.0689418292541625
  mo_energy =
[-20.4430443   -4.75157485  -1.15688492  -0.42976511  -0.39968794
  -0.39968794  -0.06894183   0.09005731   0.09284342   0.09284342
   0.16439851   0.32841563   0.32841563   0.41084873   0.48060438
   0.48060438   0.51379036   0.62396909   0.62396909   0.70314429
   0.75931848   0.75931848   0.89795405   1.1778694    1.888762     1.888762
   2.0995128    2.0995128    2.33391499   3.10991961   3.10991961
   3.3256501    3.54507344   5.49406612   5.62040213   5.62040213
   5.6576261    5.6576261    5.68582736   5.68582736   5.69832214
   5.69832214   6.40992784   6.87232179   6.87232179   7.0271531
   7.0271531    7.07586531   8.28538932  44.78731499]
E_coul = 47.0578445041463
cycle= 3 E= -89.4363631906312  delta_E= -0.308  |g|= 0.0609  |ddm|= 0.675
    CPU time for cycle= 3      0.01 sec, wall time      0.01 sec
diis-norm(errvec)=0.146395
diis-c [-0.01976238 -0.04835088 -0.02096753  1.0693184 ]
  HOMO = -0.396794521189814  LUMO = -0.0614336978973219
  mo_energy =
[-20.46212472  -4.72380151  -1.15237009  -0.44326145  -0.39679452
  -0.39679452  -0.0614337    0.09099061   0.10035913   0.10035913
   0.16691467   0.33687688   0.33687688   0.41336578   0.48605395
   0.48605395   0.51709038   0.63035598   0.63035598   0.70911748
   0.76850996   0.76850996   0.90744556   1.19205925   1.89961527
   1.89961527   2.1120229    2.1120229    2.34344862   3.11366389
   3.11366389   3.32567142   3.55754635   5.50979864   5.6360816
   5.6360816    5.66851593   5.66851593   5.6919346    5.6919346
   5.72274259   5.72274259   6.43359202   6.87210647   6.87210647
   7.03102506   7.03102506   7.08460282   8.30876124  44.77088089]
E_coul = 47.0328055532581
cycle= 4 E= -89.440021778936  delta_E= -0.00366  |g|= 0.0315  |ddm|= 0.0966
    CPU time for cycle= 4      0.01 sec, wall time      0.01 sec
diis-norm(errvec)=0.0880689
diis-c [-0.00498646 -0.02228913 -0.02273254 -0.60190582  1.6469275 ]
  HOMO = -0.38997249568394  LUMO = -0.0591394027728012
  mo_energy =
[-20.45535115  -4.71654549  -1.15091428  -0.45385628  -0.3899725
  -0.3899725   -0.0591394    0.09162104   0.10239321   0.10239321
   0.16699497   0.33884326   0.33884326   0.41415246   0.48685734
   0.48685734   0.51782836   0.63169522   0.63169522   0.71010655
   0.76991832   0.76991832   0.90775843   1.19350142   1.89980276
   1.89980276   2.11384666   2.11384666   2.34557247   3.11590056
   3.11590056   3.326595     3.56033159   5.51400672   5.63955812
   5.63955812   5.66939443   5.66939443   5.68892097   5.68892097
   5.72928179   5.72928179   6.4400916    6.87153905   6.87153905
   7.03416842   7.03416842   7.08929918   8.31531695  44.77730119]
E_coul = 47.0281504425066
cycle= 5 E= -89.4421619266339  delta_E= -0.00214  |g|= 0.0152  |ddm|= 0.101
    CPU time for cycle= 5      0.01 sec, wall time      0.01 sec
diis-norm(errvec)=0.0420273
diis-c [ -2.29411628e-04   1.14924418e-02   1.98741264e-03   2.11379533e-01
  -1.14684237e+00   1.92198298e+00]
  HOMO = -0.385623132248721  LUMO = -0.060403510471793
  mo_energy =
[-20.45620208  -4.71919058  -1.14987499  -0.46085456  -0.38562313
  -0.38562313  -0.06040351   0.09116009   0.10232689   0.10232689
   0.16660925   0.33779817   0.33779817   0.41265646   0.48544723
   0.48544723   0.51657135   0.63114991   0.63114991   0.71093811
   0.77098861   0.77098861   0.90725778   1.19181027   1.89982695
   1.89982695   2.11417581   2.11417581   2.34622788   3.11665553
   3.11665553   3.32664163   3.55998701   5.51609208   5.64098966
   5.64098966   5.67016065   5.67016065   5.68756221   5.68756221
   5.72735558   5.72735558   6.43839699   6.87082959   6.87082959
   7.03533113   7.03533113   7.09041746   8.3143045   44.77645217]
E_coul = 47.0308573202339
cycle= 6 E= -89.4426525570613  delta_E= -0.000491  |g|= 0.00376  |ddm|= 0.075
    CPU time for cycle= 6      0.01 sec, wall time      0.01 sec
diis-norm(errvec)=0.00910846
diis-c [ -1.23456023e-05   5.28462151e-04  -1.28011317e-03  -3.63390145e-02
   2.73340032e-01  -5.05720073e-01   1.26947071e+00]
  HOMO = -0.386777810861289  LUMO = -0.061094269535694
  mo_energy =
[-20.45802704  -4.72022897  -1.15097906  -0.46096606  -0.38677781
  -0.38677781  -0.06109427   0.09102278   0.10213094   0.10213094
   0.16644516   0.33750837   0.33750837   0.41244008   0.48515606
   0.48515606   0.51631773   0.63086463   0.63086463   0.71046      0.77048094
   0.77048094   0.90669116   1.190916     1.89885641   1.89885641
   2.11316099   2.11316099   2.34519793   3.11544533   3.11544533
   3.32557242   3.55862338   5.51476896   5.63969019   5.63969019
   5.66886433   5.66886433   5.68638829   5.68638829   5.72630311
   5.72630311   6.43745646   6.86940662   6.86940662   7.03378583
   7.03378583   7.08898453   8.31317249  44.77472557]
E_coul = 47.0455915867701
cycle= 7 E= -89.4426569287449  delta_E= -4.37e-06  |g|= 0.00114  |ddm|= 0.00539
    CPU time for cycle= 7      0.01 sec, wall time      0.01 sec
diis-norm(errvec)=0.00265462
diis-c [ -3.33729923e-07  -8.10101574e-04   4.80286988e-04  -1.07246535e-02
   2.38551341e-02  -4.74241249e-02  -3.47811635e-02   1.06940462e+00]
  HOMO = -0.386476613755516  LUMO = -0.0610578671259367
  mo_energy =
[-20.45761586  -4.72016842  -1.1507085   -0.46113613  -0.38647661
  -0.38647661  -0.06105787   0.09101065   0.10216334   0.10216334
   0.16646211   0.33750031   0.33750031   0.4123808    0.48512745
   0.48512745   0.51628764   0.63088791   0.63088791   0.71060314
   0.7706628    0.7706628    0.90679474   1.19102594   1.8990713
   1.8990713    2.11338949   2.11338949   2.34542276   3.11574396
   3.11574396   3.32580883   3.55891607   5.51510778   5.64000773
   5.64000773   5.6691696    5.6691696    5.68660519   5.68660519
   5.72639842   5.72639842   6.43754917   6.86969016   6.86969016
   7.03414167   7.03414167   7.08930924   8.31331836  44.77511952]
E_coul = 47.0415078165926
cycle= 8 E= -89.4426574012944  delta_E= -4.73e-07  |g|= 0.000138  |ddm|= 0.00203
    CPU time for cycle= 8      0.01 sec, wall time      0.01 sec
diis-norm(errvec)=0.00035147
diis-c [ -1.16525284e-08   1.83882574e-04  -4.09167623e-05   2.78732197e-03
  -7.12452086e-03   1.93869439e-02  -3.35840970e-02  -1.70409269e-01
   1.18880066e+00]
  HOMO = -0.386502478538909  LUMO = -0.0610602778124181
  mo_energy =
[-20.45765432  -4.72018057  -1.15073069  -0.46109564  -0.38650248
  -0.38650248  -0.06106028   0.09101126   0.10214922   0.10214922
   0.16646116   0.33749062   0.33749062   0.41238332   0.48512662
   0.48512662   0.51628974   0.63088012   0.63088012   0.71059948
   0.77064809   0.77064809   0.90678483   1.191018     1.89905799
   1.89905799   2.11337254   2.11337254   2.34540768   3.11572002
   3.11572002   3.32579821   3.55888823   5.515074     5.63997874
   5.63997874   5.66914776   5.66914776   5.68660034   5.68660034
   5.72638296   5.72638296   6.43753426   6.86967581   6.86967581
   7.03411177   7.03411177   7.08927875   8.31329521  44.775081  ]
E_coul = 47.0418442825552
cycle= 9 E= -89.4426574275256  delta_E= -2.62e-08  |g|= 2.86e-05  |ddm|= 0.000612
    CPU time for cycle= 9      0.01 sec, wall time      0.01 sec
diis-norm(errvec)=7.35378e-05
diis-c [ -2.80494603e-10   1.24671842e+00   6.50187083e-06  -7.64527109e-04
   2.19524292e-03  -5.82062515e-03   1.47542624e-02  -3.17869722e-03
  -2.53910580e-01]
  HOMO = -0.386497898698108  LUMO = -0.0610577673234119
  mo_energy =
[-20.45765107  -4.7201759   -1.15072769  -0.46110753  -0.3864979
  -0.3864979   -0.06105777   0.0910114    0.10215178   0.10215178
   0.16646158   0.33749144   0.33749144   0.41238251   0.4851263
   0.4851263    0.51628948   0.63088172   0.63088172   0.71060209
   0.77065155   0.77065155   0.90678651   1.19102111   1.89906078
   1.89906078   2.11337644   2.11337644   2.34541117   3.11572387
   3.11572387   3.3257993    3.55889351   5.51508075   5.63998472
   5.63998472   5.66915181   5.66915181   5.68660082   5.68660082
   5.72638762   5.72638762   6.43753891   6.86967704   6.86967704
   7.03411599   7.03411599   7.08928387   8.31330061  44.77508463]
E_coul = 47.0417377437974
cycle= 10 E= -89.4426574283262  delta_E= -8.01e-10  |g|= 7.25e-06  |ddm|= 9.46e-05
    CPU time for cycle= 10      0.02 sec, wall time      0.01 sec
  HOMO = -0.386500755212108  LUMO = -0.0610575229735544
  mo_energy =
[-20.45765812  -4.72017463  -1.15073118  -0.46110914  -0.38650076
  -0.38650076  -0.06105752   0.0910117    0.10215177   0.10215177
   0.16646139   0.33749186   0.33749186   0.41238318   0.4851267
   0.4851267    0.51628998   0.63088173   0.63088173   0.71060038
   0.77064946   0.77064946   0.90678522   1.19102014   1.89905778
   1.89905778   2.11337369   2.11337369   2.34540827   3.1157196
   3.1157196    3.32579527   3.5588902    5.51507724   5.63998133
   5.63998133   5.66914769   5.66914769   5.68659677   5.68659677
   5.72638807   5.72638807   6.43753952   6.86967211   6.86967211
   7.03411104   7.03411104   7.08928007   8.31330035  44.77507781]
    CPU time for scf_cycle      0.23 sec, wall time      0.25 sec
    CPU time for SCF      0.23 sec, wall time      0.25 sec
converged SCF energy = -89.4426574283262
RHF E = -89.4426574283
RHF eps = [-20.45765812  -4.72017463  -1.15073118  -0.46110914  -0.38650076
  -0.38650076  -0.06105752   0.0910117    0.10215177   0.10215177
   0.16646139   0.33749186   0.33749186   0.41238318   0.4851267
   0.4851267    0.51628998   0.63088173   0.63088173   0.71060038
   0.77064946   0.77064946   0.90678522   1.19102014   1.89905778
   1.89905778   2.11337369   2.11337369   2.34540827   3.1157196
   3.1157196    3.32579527   3.5588902    5.51507724   5.63998133
   5.63998133   5.66914769   5.66914769   5.68659677   5.68659677
   5.72638807   5.72638807   6.43753952   6.86967211   6.86967211
   7.03411104   7.03411104   7.08928007   8.31330035  44.77507781]
    CPU time for CCSD integral transformation      0.63 sec, wall time      0.65 sec

******** <class 'pyscf.cc.rccsd_slow.RCCSD'> flags ********
CCSD nocc = 4, nvir = 44
frozen orbitals [0, 1]
max_cycle = 50
direct = 0
conv_tol = 1e-07
conv_tol_normt = 1e-05
diis_space = 6
diis_start_cycle = 0
diis_start_energy_diff = 1e+09
Init t2, MP2 energy = -0.293406926597556
    CPU time for init mp2      0.00 sec, wall time      0.00 sec
E(MBPT2) = -89.73606435492373  E_corr = -0.2934069265975555
    CPU time for EOM-CCSD shared one-electron intermediates      0.01 sec, wall time      0.00 sec
    CPU time for EOM-CCSD IP intermediates      0.01 sec, wall time      0.01 sec
tol 1e-07  toloose 0.000316228
max_cycle 50  max_space 38  max_memory 2000  incore True
davidson 0 6  |r|= 0.45  e= [  0.47103745   0.47103745   0.53771734   1.19843817  45.54808358
   9.08630787]  max|de|= 45.5  lindep=    1
davidson 1 12  |r|= 0.325  e= [  0.3375706    0.3375706    0.36873005   1.15950688  45.54808317
   9.08629669]  max|de|= -0.169  lindep= 2.29e-06
root 5 converged  |r|= 4.99e-06  e= 9.08629672765  max|de|= 3.53e-08
davidson 2 18  |r|= 0.0977  e= [  0.33666124   0.33666124   0.36862322   0.99600408  45.54808399
   9.08629673]  max|de|= -0.164  lindep= 0.674
davidson 3 23  |r|= 0.0744  e= [  0.33666141   0.33666141   0.3686479    0.98934165  45.54808317
   9.08629673]  max|de|= -0.00666  lindep= 0.778
root 0 converged  |r|= 1.24e-11  e= 0.336661405251  max|de|= 8.33e-16
root 1 converged  |r|= 1.24e-11  e= 0.336661405251  max|de|= 5.55e-17
root 2 converged  |r|= 3.19e-12  e= 0.368647864512  max|de|= -3.29e-08
davidson 4 25  |r|= 0.016  e= [  0.33666141   0.33666141   0.36864786   0.98842133  45.54808399
   9.08629673]  max|de|= -0.00092  lindep= 0.104
davidson 5 26  |r|= 0.00451  e= [  0.33666141   0.33666141   0.36864786   0.98638326  45.54808317
   9.08629673]  max|de|= -0.00204  lindep= 0.309
root 4 converged  |r|= 1.1e-07  e= 45.5480831657  max|de|= 3.55e-14
davidson 6 27  |r|= 1.57e-05  e= [  0.33666141   0.33666141   0.36864786   0.98589993  45.54808317
   9.08629673]  max|de|= -0.000483  lindep= 0.842
davidson 7 28  |r|= 8.83e-08  e= [  0.33666141   0.33666141   0.36864786   0.98590077  45.54808317
   9.08629673]  max|de|= 8.42e-07  lindep=    1
Linear dependency in trial subspace. |r| for each state [0, 0, 0, 8.8311111703488624e-08, 0, 0]
IP root 0 E = 0.3366614052511962  qpwt = 0.921327
IP root 1 E = 0.3366614052511953  qpwt = 0.921327
IP root 2 E = 0.3686478645120585  qpwt = 0.920898
IP root 3 E = 0.9859007725324858  qpwt = 0.704913
IP root 4 E = 45.5480831656739  qpwt = 2.11456e-23
IP root 5 E = 9.086296727654982  qpwt = 3.42347e-17
    CPU time for IP-CCSD      0.07 sec, wall time      0.07 sec
    CPU time for EOM-CCSD shared one-electron intermediates      0.01 sec, wall time      0.00 sec
    CPU time for EOM-CCSD EA intermediates      0.37 sec, wall time      0.37 sec
tol 1e-07  toloose 0.000316228
max_cycle 50  max_space 38  max_memory 2000  incore True
davidson 0 6  |r|= 0.207  e= [-0.05613825  0.09243903  0.11945916  0.11905171  0.16998691  0.34436065]  max|de|= 0.344  lindep=    1
davidson 1 12  |r|= 0.0324  e= [-0.07665611  0.08363524  0.09829865  0.09730872  0.15551365  0.31821226]  max|de|= -0.0261  lindep= 0.761
davidson 2 18  |r|= 0.0111  e= [-0.07694245  0.08332085  0.09646056  0.09644053  0.15470861  0.31726334]  max|de|= -0.00184  lindep= 0.591
davidson 3 24  |r|= 0.00209  e= [-0.07694784  0.08332241  0.09636552  0.09637253  0.15469614  0.31709888]  max|de|= -0.000164  lindep= 0.0893
davidson 4 30  |r|= 0.000177  e= [-0.0769457   0.08332291  0.09637411  0.0963736   0.15469521  0.31716692]  max|de|= 6.8e-05  lindep= 0.131
davidson 5 36  |r|= 1.31e-05  e= [-0.0769455   0.08332324  0.09637329  0.09637321  0.15469545  0.3171629 ]  max|de|= -4.02e-06  lindep= 0.256
root 0 converged  |r|= 3.3e-06  e= -0.0769455047943  max|de|= -7.63e-16
root 1 converged  |r|= 2.84e-06  e= 0.0833232448434  max|de|= -1.94e-16
root 2 converged  |r|= 1.31e-05  e= 0.0963732889194  max|de|= 2.78e-17
root 3 converged  |r|= 4.11e-06  e= 0.0963732060148  max|de|= -1.11e-16
root 4 converged  |r|= 1.15e-05  e= 0.154695454488  max|de|= 5.27e-16
root 5 converged  |r|= 1.13e-05  e= 0.31716289749  max|de|= 8.88e-16
converge 6 6  |r|= 1.31e-05  e= [-0.0769455   0.08332324  0.09637329  0.09637321  0.15469545  0.3171629 ]  max|de|= 8.88e-16
EA root 0 E = -0.07694550479427037  qpwt = 0.986294
EA root 1 E = 0.08332324484336878  qpwt = 0.994111
EA root 2 E = 0.09637328891938249  qpwt = 0.983022
EA root 3 E = 0.09637320601478765  qpwt = 0.983023
EA root 4 E = 0.1546954544883315  qpwt = 0.993112
EA root 5 E = 0.3171628974903202  qpwt = 0.944268
    CPU time for EA-CCSD      0.63 sec, wall time      0.63 sec
