

******** <class 'pyscf.scf.hf.RHF'> flags ********
method = RHF
initial guess = minao
damping factor = 0
level shift factor = 0
Do DIIS = True
DIIS start cycle = 1
DIIS space = 8
SCF tol = 1e-09
SCF gradient tol = None
max. SCF cycles = 50
direct_scf = True
direct_scf_tol = 1e-13
chkfile to save SCF result = /tmp/tmp13P8Ex
max_memory 4000 MB (current use 39 MB)
Set gradient conv threshold to 3.16228e-05
Nelec from initial guess = 13.9981
cond(S) = 2257.36139697
E_coul = 60.254376056649
init E= -112.466202455292
    CPU time for initialize scf      0.22 sec, wall time      0.25 sec
  HOMO = -0.383057712914798  LUMO = -0.00805522601718946
  mo_energy =
[ -2.07541781e+01  -1.13980994e+01  -1.62233143e+00  -7.73605240e-01
  -5.21748864e-01  -5.21748864e-01  -3.83057713e-01  -8.05522602e-03
  -8.05522602e-03   2.03341685e-01   2.71731452e-01   3.49572593e-01
   3.49572593e-01   4.98681933e-01   5.74519793e-01   6.14701827e-01
   6.14701827e-01   8.28489730e-01   8.36631425e-01   8.36631425e-01
   9.98963917e-01   9.98963917e-01   1.25668032e+00   1.49881672e+00
   1.67859180e+00   1.67859180e+00   1.70907241e+00   1.70907241e+00
   1.78675194e+00   2.08005665e+00   2.08005665e+00   2.31650913e+00
   2.86143297e+00   2.86143297e+00   2.94936106e+00   2.94936106e+00
   3.04869297e+00   3.04869297e+00   3.11392043e+00   3.24959100e+00
   3.27210131e+00   3.27210131e+00   3.30907926e+00   3.30907926e+00
   3.77943888e+00   3.77943888e+00   3.95372970e+00   4.51468705e+00
   5.44869586e+00   5.44869586e+00   5.68153371e+00   5.68153371e+00
   6.21898491e+00   6.21898491e+00   6.41972059e+00   6.64276650e+00
   6.64276650e+00   7.09101858e+00   7.09101858e+00   7.28706591e+00
   2.27947459e+01   4.47772315e+01]
E_coul = 61.0329169033076
cycle= 1 E= -112.644449128927  delta_E= -0.178  |g|= 0.591  |ddm|= 1.12
    CPU time for cycle= 1      0.01 sec, wall time      0.02 sec
diis-norm(errvec)=1.53923
diis-c [-2.36921848  1.        ]
  HOMO = -0.520300252454553  LUMO = 0.0386660299328013
  mo_energy =
[ -2.03680879e+01  -1.16631786e+01  -1.36287533e+00  -7.80054990e-01
  -5.64800400e-01  -5.20300252e-01  -5.20300252e-01   3.86660299e-02
   3.86660299e-02   2.11246848e-01   2.21309415e-01   3.00930584e-01
   3.00930584e-01   5.59141542e-01   6.15291538e-01   7.01949854e-01
   7.01949854e-01   7.57444343e-01   7.57444343e-01   8.96640912e-01
   9.54950315e-01   9.54950315e-01   1.21940257e+00   1.37238041e+00
   1.53636510e+00   1.53636510e+00   1.75868120e+00   1.82253596e+00
   1.82253596e+00   2.17335924e+00   2.17335924e+00   2.41414796e+00
   2.79700979e+00   2.79700979e+00   2.95801105e+00   2.95801105e+00
   3.01535726e+00   3.01535726e+00   3.09117749e+00   3.09117749e+00
   3.19875892e+00   3.19970716e+00   3.19970716e+00   3.34289528e+00
   3.77080387e+00   3.77080387e+00   3.92424301e+00   4.56072312e+00
   5.65812746e+00   5.65812746e+00   5.86701138e+00   5.86701138e+00
   6.37541577e+00   6.37541577e+00   6.55326939e+00   6.91187209e+00
   6.91187209e+00   7.34596749e+00   7.34596749e+00   7.53607415e+00
   2.25514766e+01   4.51415215e+01]
E_coul = 59.3259800637425
cycle= 2 E= -112.637669896549  delta_E= 0.00678  |g|= 0.69  |ddm|= 0.634
    CPU time for cycle= 2      0.02 sec, wall time      0.02 sec
diis-norm(errvec)=1.75056
diis-c [-0.14724562  0.53397655  0.46602345]
  HOMO = -0.573049943805998  LUMO = 0.0629163681818153
  mo_energy =
[-20.70390927 -11.45493931  -1.44121785  -0.8064653   -0.59142063
  -0.59142063  -0.57304994   0.06291637   0.06291637   0.21241805
   0.25695024   0.3370933    0.3370933    0.5230986    0.61503006
   0.64546937   0.64546937   0.80242712   0.80242712   0.84985944
   0.98632721   0.98632721   1.25015873   1.46100807   1.63398643
   1.63398643   1.74361233   1.74361233   1.77352135   2.11049945
   2.11049945   2.35289777   2.88366997   2.88366997   2.90260939
   2.90260939   3.01482336   3.01482336   3.17543715   3.20531451
   3.20531451   3.24445512   3.27674783   3.27674783   3.7766343
   3.7766343    3.95041492   4.52287316   5.51055306   5.51055306
   5.73904162   5.73904162   6.26625123   6.26625123   6.46464603
   6.71043343   6.71043343   7.16367095   7.16367095   7.36000571
  22.74647101  44.82281379]
E_coul = 60.5454825094138
cycle= 3 E= -112.726226034552  delta_E= -0.0886  |g|= 0.0441  |ddm|= 0.28
    CPU time for cycle= 3      0.02 sec, wall time      0.02 sec
diis-norm(errvec)=0.102669
diis-c [-0.00769169 -0.01203072  0.020435    0.99159572]
  HOMO = -0.561654839565115  LUMO = 0.0802484806341251
  mo_energy =
[-20.65930878 -11.41897404  -1.41875471  -0.79188283  -0.5773111
  -0.5773111   -0.56165484   0.08024848   0.08024848   0.2162192
   0.26328381   0.34606395   0.34606395   0.52302708   0.63722058
   0.65008759   0.65008759   0.81326257   0.81326257   0.85433725
   0.99823398   0.99823398   1.26681663   1.47596929   1.6535633
   1.6535633    1.75498125   1.75498125   1.78554438   2.12209193
   2.12209193   2.36575154   2.89921981   2.89921981   2.9232312
   2.9232312    3.03295418   3.03295418   3.18700895   3.22549123
   3.22549123   3.26813013   3.29864125   3.29864125   3.79483023
   3.79483023   3.97429459   4.54613242   5.52696255   5.52696255
   5.75801731   5.75801731   6.2913097    6.2913097    6.49181903
   6.73341903   6.73341903   7.1839985    7.1839985    7.38306687
  22.78079931  44.86505269]
E_coul = 60.4436757959029
cycle= 4 E= -112.7267865835  delta_E= -0.000561  |g|= 0.0117  |ddm|= 0.0442
    CPU time for cycle= 4      0.01 sec, wall time      0.02 sec
diis-norm(errvec)=0.0288072
diis-c [ -1.13755697e-04  -3.99939154e-02  -3.51505625e-02  -5.85431858e-02
   1.13368766e+00]
  HOMO = -0.564852909477124  LUMO = 0.0794251511773468
  mo_energy =
[-20.66706606 -11.42541432  -1.42238751  -0.79390939  -0.58027393
  -0.58027393  -0.56485291   0.07942515   0.07942515   0.21577732
   0.26379248   0.34535576   0.34535576   0.5225473    0.63535719
   0.64938492   0.64938492   0.81188324   0.81188324   0.8535113
   0.99729484   0.99729484   1.26510135   1.47532948   1.65075375
   1.65075375   1.75331584   1.75331584   1.78338917   2.12051865
   2.12051865   2.36403117   2.89663158   2.89663158   2.9201231
   2.9201231    3.03050061   3.03050061   3.1854323    3.22275035
   3.22275035   3.2662961    3.29679106   3.29679106   3.79307877
   3.79307877   3.97195593   4.54258054   5.52462171   5.52462171
   5.75532281   5.75532281   6.28738501   6.28738501   6.48764211
   6.73009976   6.73009976   7.1816921    7.1816921    7.38018966
  22.77499693  44.85782313]
E_coul = 60.4629700981847
cycle= 5 E= -112.72684251903  delta_E= -5.59e-05  |g|= 0.00263  |ddm|= 0.0171
    CPU time for cycle= 5      0.02 sec, wall time      0.02 sec
diis-norm(errvec)=0.00630592
diis-c [ -1.46383687e-05   4.82764806e-03   6.78206630e-03  -9.84943820e-03
  -1.87402929e-01   1.18564265e+00]
  HOMO = -0.564924417992632  LUMO = 0.0791435058009123
  mo_energy =
[-20.66592197 -11.42598153  -1.42197948  -0.79357727  -0.57986637
  -0.57986637  -0.56492442   0.07914351   0.07914351   0.21572671
   0.26372719   0.3451803    0.3451803    0.52267167   0.63516253
   0.64953855   0.64953855   0.81159405   0.81159405   0.85363688
   0.99709808   0.99709808   1.26488148   1.47509308   1.65032092
   1.65032092   1.75353496   1.75353496   1.78321972   2.12069409
   2.12069409   2.36421267   2.89605746   2.89605746   2.92047406
   2.92047406   3.03011464   3.03011464   3.18603613   3.22221281
   3.22221281   3.26621038   3.29648361   3.29648361   3.79297292
   3.79297292   3.97182416   4.54255301   5.52512636   5.52512636
   5.75568481   5.75568481   6.28760595   6.28760595   6.48780622
   6.73080317   6.73080317   7.18233359   7.18233359   7.38078346
  22.77445563  44.85890269]
E_coul = 60.4596142519114
cycle= 6 E= -112.726844750727  delta_E= -2.23e-06  |g|= 0.000651  |ddm|= 0.00255
    CPU time for cycle= 6      0.02 sec, wall time      0.02 sec
diis-norm(errvec)=0.00169884
diis-c [ -1.06151226e-06  -7.94354328e-04  -1.25580319e-03   8.25973249e-03
   3.67235425e-02  -5.18838164e-01   1.47590505e+00]
  HOMO = -0.565027874913171  LUMO = 0.0790950307201781
  mo_energy =
[-20.66602848 -11.42621594  -1.42197642  -0.79358896  -0.57996643
  -0.57996643  -0.56502787   0.07909503   0.07909503   0.21571794
   0.26366961   0.34513831   0.34513831   0.52270033   0.63511614
   0.64957462   0.64957462   0.81150646   0.81150646   0.85368214
   0.99701287   0.99701287   1.26479438   1.47496026   1.65018263
   1.65018263   1.75358224   1.75358224   1.78317209   2.12071134
   2.12071134   2.36420445   2.89587925   2.89587925   2.92046161
   2.92046161   3.03000076   3.03000076   3.18609544   3.22201704
   3.22201704   3.26609246   3.29633341   3.29633341   3.79290436
   3.79290436   3.97172626   4.54251597   5.52524411   5.52524411
   5.755733     5.755733     6.28759447   6.28759447   6.48777665
   6.73086811   6.73086811   7.18235116   7.18235116   7.38077524
  22.77422605  44.85880821]
E_coul = 60.4600485308325
cycle= 7 E= -112.726845024163  delta_E= -2.73e-07  |g|= 0.000173  |ddm|= 0.000949
    CPU time for cycle= 7      0.02 sec, wall time      0.02 sec
diis-norm(errvec)=0.00041273
diis-c [ -2.71033004e-08  -3.72993120e-04  -4.58164929e-04  -1.54336205e-03
   1.48308919e-02  -1.97182578e-02  -2.89251694e-01   1.29651358e+00]
  HOMO = -0.56497144227407  LUMO = 0.0791271448825555
  mo_energy =
[-20.66588633 -11.42609209  -1.42192018  -0.79352363  -0.57993059
  -0.57993059  -0.56497144   0.07912714   0.07912714   0.21572488
   0.26368355   0.34515843   0.34515843   0.52270911   0.63516953
   0.64958752   0.64958752   0.81152621   0.81152621   0.853701
   0.99703592   0.99703592   1.26482823   1.47500204   1.65023519
   1.65023519   1.75361938   1.75361938   1.78320047   2.12075032
   2.12075032   2.36425248   2.89590545   2.89590545   2.92051919
   2.92051919   3.0300382    3.0300382    3.18615761   3.22206521
   3.22206521   3.26615614   3.29638804   3.29638804   3.79294957
   3.79294957   3.97178192   4.54256898   5.52530945   5.52530945
   5.7557881    5.7557881    6.28765004   6.28765004   6.48783873
   6.73095238   6.73095238   7.18242485   7.18242485   7.38084847
  22.77434229  44.8589442 ]
E_coul = 60.4599924452856
cycle= 8 E= -112.72684504405  delta_E= -1.99e-08  |g|= 2.5e-05  |ddm|= 0.000288
    CPU time for cycle= 8      0.02 sec, wall time      0.02 sec
diis-norm(errvec)=5.45299e-05
diis-c [ -3.77260908e-10   3.53945669e-05   7.30039448e-05   6.33662463e-05
  -2.86245666e-03   1.78175598e-02  -2.76756950e-03  -2.40147191e-01
   1.22778789e+00]
  HOMO = -0.564974251045469  LUMO = 0.0791200706059958
  mo_energy =
[-20.66589032 -11.4261169   -1.42192198  -0.79352138  -0.5799304
  -0.5799304   -0.56497425   0.07912007   0.07912007   0.21572392
   0.26368214   0.34515455   0.34515455   0.52271006   0.63516423
   0.64958772   0.64958772   0.81152181   0.81152181   0.85370221
   0.99703164   0.99703164   1.26482247   1.47499515   1.6502242
   1.6502242    1.75362121   1.75362121   1.78319664   2.12075074
   2.12075074   2.36425079   2.89589621   2.89589621   2.92051803
   2.92051803   3.03003124   3.03003124   3.18616016   3.22205288
   3.22205288   3.26614858   3.29637787   3.29637787   3.79294509
   3.79294509   3.97177572   4.54256547   5.52531464   5.52531464
   5.75579046   5.75579046   6.28765006   6.28765006   6.48783672
   6.73095555   6.73095555   7.18242532   7.18242532   7.38084783
  22.7743191   44.85894045]
E_coul = 60.4600044088912
cycle= 9 E= -112.726845044411  delta_E= -3.62e-10  |g|= 3.51e-06  |ddm|= 4.35e-05
    CPU time for cycle= 9      0.01 sec, wall time      0.02 sec
  HOMO = -0.564974505195529  LUMO = 0.0791199603570833
  mo_energy =
[-20.66589358 -11.42611565  -1.42192316  -0.79352202  -0.57993181
  -0.57993181  -0.56497451   0.07911996   0.07911996   0.21572379
   0.26368213   0.34515451   0.34515451   0.52270984   0.63516402
   0.64958727   0.64958727   0.8115216    0.8115216    0.85370185
   0.99703145   0.99703145   1.26482228   1.4749953    1.65022437
   1.65022437   1.75362038   1.75362038   1.78319639   2.12075      2.12075
   2.36425013   2.89589606   2.89589606   2.92051669   2.92051669
   3.03003101   3.03003101   3.18615882   3.22205299   3.22205299
   3.26614832   3.29637789   3.29637789   3.79294467   3.79294467
   3.97177529   4.54256481   5.52531333   5.52531333   5.75578923
   5.75578923   6.28764893   6.28764893   6.48783577   6.73095365
   6.73095365   7.1824235    7.1824235    7.38084608  22.77432024
  44.85893738]
    CPU time for scf_cycle      0.38 sec, wall time      0.40 sec
    CPU time for SCF      0.38 sec, wall time      0.40 sec
converged SCF energy = -112.726845044411
RHF E = -112.726845044
RHF eps = [-20.66589358 -11.42611565  -1.42192316  -0.79352202  -0.57993181
  -0.57993181  -0.56497451   0.07911996   0.07911996   0.21572379
   0.26368213   0.34515451   0.34515451   0.52270984   0.63516402
   0.64958727   0.64958727   0.8115216    0.8115216    0.85370185
   0.99703145   0.99703145   1.26482228   1.4749953    1.65022437
   1.65022437   1.75362038   1.75362038   1.78319639   2.12075      2.12075
   2.36425013   2.89589606   2.89589606   2.92051669   2.92051669
   3.03003101   3.03003101   3.18615882   3.22205299   3.22205299
   3.26614832   3.29637789   3.29637789   3.79294467   3.79294467
   3.97177529   4.54256481   5.52531333   5.52531333   5.75578923
   5.75578923   6.28764893   6.28764893   6.48783577   6.73095365
   6.73095365   7.1824235    7.1824235    7.38084608  22.77432024
  44.85893738]
    CPU time for CCSD integral transformation      1.24 sec, wall time      1.24 sec

******** <class 'pyscf.cc.rccsd_slow.RCCSD'> flags ********
CCSD nocc = 5, nvir = 55
frozen orbitals [0, 1]
max_cycle = 50
direct = 0
conv_tol = 1e-07
conv_tol_normt = 1e-05
diis_space = 6
diis_start_cycle = 0
diis_start_energy_diff = 1e+09
Init t2, MP2 energy = -0.380111160921446
    CPU time for init mp2      0.00 sec, wall time      0.00 sec
E(MBPT2) = -113.1069562053328  E_corr = -0.380111160921446
    CPU time for EOM-CCSD shared one-electron intermediates      0.01 sec, wall time      0.01 sec
    CPU time for EOM-CCSD IP intermediates      0.02 sec, wall time      0.02 sec
tol 1e-07  toloose 0.000316228
max_cycle 50  max_space 38  max_memory 2000  incore True
davidson 0 6  |r|= 0.448  e= [  0.62762605   0.67935845   0.67935845   0.86287054   1.47117992
  45.98888909]  max|de|=   46  lindep= 0.998
root 5 converged  |r|= 1.22e-09  e= 45.9888890919  max|de|= 9.98e-12
davidson 1 12  |r|= 0.385  e= [  0.53893013   0.56218848   0.56218848   0.71102451   1.41613977
  45.98888909]  max|de|= -0.152  lindep= 0.769
davidson 2 16  |r|= 0.171  e= [  0.5391345    0.56218848   0.56184137   0.7118191    1.26583823
  45.98888909]  max|de|= -0.15  lindep= 0.454
root 2 converged  |r|= 1.15e-12  e= 0.561841422108  max|de|= 5.31e-08
davidson 3 21  |r|= 0.0298  e= [  0.53912998   0.56184137   0.56184142   0.71175473   1.23970606
  45.98888909]  max|de|= -0.0261  lindep= 0.466
root 0 converged  |r|= 9.81e-12  e= 0.539129975229  max|de|= 1.6e-10
root 1 converged  |r|= 1.15e-12  e= 0.561841422108  max|de|= 5.31e-08
davidson 4 25  |r|= 0.00739  e= [  0.53912998   0.56184142   0.56184142   0.71175485   1.23952216
  45.98888909]  max|de|= -0.000184  lindep= 0.329
root 3 converged  |r|= 5.42e-11  e= 0.711754845774  max|de|= -2.71e-12
davidson 5 26  |r|= 0.00766  e= [  0.53912998   0.56184142   0.56184142   0.71175485   1.2712018
  45.98888909]  max|de|= 0.0317  lindep= 0.703
davidson 6 27  |r|= 2.93e-06  e= [  0.53912998   0.56184142   0.56184142   0.71175485   1.27114881
  45.98888909]  max|de|= -5.3e-05  lindep= 0.69
root 4 converged  |r|= 9.02e-09  e= 1.27114883819  max|de|= 2.33e-08
converge 7 28  |r|= 9.02e-09  e= [  0.53912998   0.56184142   0.56184142   0.71175485   1.27114884
  45.98888909]  max|de|= 2.33e-08
IP root 0 E = 0.539129975229069  qpwt = 0.957564
IP root 1 E = 0.5618414221080392  qpwt = 0.941544
IP root 2 E = 0.5618414221080406  qpwt = 0.941544
IP root 3 E = 0.7117548457741416  qpwt = 0.926442
IP root 4 E = 1.271148838192911  qpwt = 0.515709
IP root 5 E = 45.98888909187036  qpwt = 1.76118e-09
    CPU time for IP-CCSD      0.09 sec, wall time      0.09 sec
    CPU time for EOM-CCSD shared one-electron intermediates      0.01 sec, wall time      0.01 sec
    CPU time for EOM-CCSD EA intermediates      0.77 sec, wall time      0.77 sec
tol 1e-07  toloose 0.000316228
max_cycle 50  max_space 38  max_memory 2000  incore True
davidson 0 6  |r|= 0.372  e= [ 0.12320763  0.12320763  0.22164661  0.26945016  0.35358714  0.35358714]  max|de|= 0.354  lindep=    1
davidson 1 12  |r|= 0.0489  e= [ 0.04762646  0.04762646  0.19837516  0.24085749  0.30523998  0.30523998]  max|de|= -0.0756  lindep= 0.98
davidson 2 18  |r|= 0.015  e= [ 0.04505535  0.04505535  0.19654574  0.23961766  0.30380087  0.30380087]  max|de|= -0.00257  lindep= 0.968
davidson 3 24  |r|= 0.00318  e= [ 0.0451108   0.0451108   0.19660568  0.2396019   0.30374128  0.30374128]  max|de|= 5.99e-05  lindep= 0.929
davidson 4 30  |r|= 0.00116  e= [ 0.04511036  0.04511036  0.19660139  0.23959722  0.30374667  0.30374667]  max|de|= 5.39e-06  lindep= 0.879
davidson 5 36  |r|= 8.26e-05  e= [ 0.04510842  0.04510842  0.19660209  0.2395894   0.30374765  0.30374765]  max|de|= -7.82e-06  lindep= 0.801
root 0 converged  |r|= 1.35e-05  e= 0.0451084183691  max|de|= 2.12e-15
root 1 converged  |r|= 1.35e-05  e= 0.0451084183691  max|de|= -1.17e-15
root 2 converged  |r|= 5.59e-05  e= 0.196602091702  max|de|= -5.27e-16
root 3 converged  |r|= 8.26e-05  e= 0.239589395791  max|de|= 3.33e-16
root 4 converged  |r|= 1.53e-05  e= 0.30374764947  max|de|= 1.67e-16
root 5 converged  |r|= 1.53e-05  e= 0.30374764947  max|de|= 1.05e-15
converge 6 6  |r|= 8.26e-05  e= [ 0.04510842  0.04510842  0.19660209  0.2395894   0.30374765  0.30374765]  max|de|= 2.12e-15
EA root 0 E = 0.04510841836907024  qpwt = 0.971299
EA root 1 E = 0.04510841836906938  qpwt = 0.971299
EA root 2 E = 0.196602091702459  qpwt = 0.991734
EA root 3 E = 0.2395893957906782  qpwt = 0.985613
EA root 4 E = 0.3037476494696074  qpwt = 0.976555
EA root 5 E = 0.3037476494696162  qpwt = 0.976555
    CPU time for EA-CCSD      1.29 sec, wall time      1.29 sec
