

******** <class 'pyscf.scf.hf.RHF'> flags ********
method = RHF
initial guess = minao
damping factor = 0
level shift factor = 0
Do DIIS = True
DIIS start cycle = 1
DIIS space = 8
SCF tol = 1e-09
SCF gradient tol = None
max. SCF cycles = 50
direct_scf = True
direct_scf_tol = 1e-13
chkfile to save SCF result = /tmp/tmpBAAHhn
max_memory 4000 MB (current use 39 MB)
Set gradient conv threshold to 3.16228e-05
Nelec from initial guess = 47.1037
cond(S) = 890.312319914
E_coul = 484.334759511324
init E= -506.891038621023
    CPU time for initialize scf      5.02 sec, wall time      5.33 sec
  HOMO = -1.32697984688808  LUMO = -1.21083698792273
  mo_energy =
[ -9.66492613e+00  -9.66459818e+00  -7.50503362e+00  -7.50438655e+00
  -7.49770900e+00  -7.49770900e+00  -7.49765945e+00  -7.49765945e+00
  -4.19433877e+00  -4.18985173e+00  -4.18985173e+00  -4.18978605e+00
  -4.18861000e+00  -4.18861000e+00  -4.18372095e+00  -4.18372095e+00
  -4.18362202e+00  -4.18362202e+00  -2.19827943e+00  -1.98197750e+00
  -1.54361349e+00  -1.43392719e+00  -1.43392719e+00  -1.32697985e+00
  -1.32697985e+00  -1.21083699e+00  -6.11422146e-01  -6.11422146e-01
  -5.72458639e-01  -5.26280807e-01  -5.26280807e-01  -4.44158839e-01
  -4.44158839e-01  -4.13620863e-01  -3.93356511e-01  -3.81893394e-01
  -3.81893394e-01  -3.68681283e-01  -3.68681283e-01  -3.30673589e-01
  -2.75916559e-01  -2.46574714e-01  -2.46574714e-01  -1.10656976e-01
  -1.10656976e-01  -9.84974947e-02  -7.32308282e-02  -7.32308282e-02
  -3.64373184e-02  -3.64373184e-02  -2.80659513e-02  -2.71913928e-02
  -2.71913928e-02  -1.32779158e-02  -1.32779158e-02   4.50836795e-02
   4.50836795e-02   1.42434250e-01   3.44494369e-01   3.44494369e-01
   3.96796215e-01   4.28274072e-01   4.28274072e-01   4.50575180e-01
   4.50575180e-01   5.04025752e-01   5.11363045e-01   5.11363045e-01
   5.22426178e-01   5.22426178e-01   6.13796422e-01   6.13796422e-01
   6.66595622e-01   7.28460430e-01   1.69163933e+00   1.69163933e+00
   1.73592475e+00   1.73592475e+00   1.75828007e+00   1.77695166e+00
   1.77695166e+00   1.78700318e+00   1.78700318e+00   1.82209628e+00
   1.82209628e+00   1.98901945e+00   1.98901945e+00   2.28323346e+00
   2.86582719e+00   3.12690313e+00   3.22096741e+01   3.22096741e+01
   3.22475386e+01   3.22475386e+01   3.23046982e+01   3.24134651e+01
   4.02769325e+01   4.05243868e+01   1.15554817e+02   1.15619845e+02]
E_coul = 594.779301665685
cycle= 1 E= -591.79683294677  delta_E= -84.9  |g|=  3.6  |ddm|= 27.1
    CPU time for cycle= 1      0.07 sec, wall time      0.08 sec
diis-norm(errvec)=5.07425
diis-c [-25.7479783   1.       ]
  HOMO = -0.1467060844079  LUMO = 0.117317854752641
  mo_energy =
[ -6.99181582e+00  -6.99176183e+00  -4.87831987e+00  -4.87766942e+00
  -4.86119439e+00  -4.86119439e+00  -4.86118919e+00  -4.86118919e+00
  -1.63327010e+00  -1.62586843e+00  -1.62458411e+00  -1.62458411e+00
  -1.62190956e+00  -1.62190956e+00  -1.60646792e+00  -1.60646792e+00
  -1.60630470e+00  -1.60630470e+00  -6.69630616e-01  -5.84952768e-01
  -2.16557630e-01  -2.16557630e-01  -2.12076681e-01  -1.46706084e-01
  -1.46706084e-01   1.17317855e-01   2.92346660e-01   3.05504331e-01
   3.05504331e-01   3.14937917e-01   3.27356435e-01   3.27356435e-01
   4.35005293e-01   4.35005293e-01   4.43709889e-01   4.43709889e-01
   5.04798280e-01   5.15849679e-01   5.15849679e-01   6.34905144e-01
   6.43803454e-01   6.43803454e-01   6.91374167e-01   9.92906161e-01
   1.26737657e+00   1.26737657e+00   1.30799653e+00   1.32422381e+00
   1.32422381e+00   1.38431753e+00   1.38431753e+00   1.39784529e+00
   1.39784529e+00   1.44433007e+00   1.44433007e+00   1.53567585e+00
   1.55077162e+00   1.55077162e+00   1.59608580e+00   1.59608580e+00
   1.71047016e+00   1.72929872e+00   1.72929872e+00   1.93251325e+00
   1.93251325e+00   1.95133920e+00   1.96815904e+00   1.96815904e+00
   1.98454023e+00   1.98454023e+00   2.02265467e+00   2.02265467e+00
   2.15865310e+00   2.25822195e+00   3.99904086e+00   3.99904086e+00
   4.03309451e+00   4.03309451e+00   4.04036574e+00   4.06996235e+00
   4.06996235e+00   4.07585246e+00   4.07585246e+00   4.08672431e+00
   4.08672431e+00   4.18963389e+00   4.18963389e+00   4.39250506e+00
   4.98500442e+00   5.23220611e+00   3.61297031e+01   3.61297031e+01
   3.61674946e+01   3.61674946e+01   3.62205513e+01   3.63287216e+01
   4.41991205e+01   4.44450826e+01   1.19639104e+02   1.19703438e+02]
E_coul = 552.806402352597
cycle= 2 E= -593.05271702709  delta_E= -1.26  |g|= 1.64  |ddm|= 6.63
    CPU time for cycle= 2      0.08 sec, wall time      0.08 sec
diis-norm(errvec)=2.32796
diis-c [-2.51004129  0.26135781  0.73864219]
  HOMO = -0.36806740133569  LUMO = -0.0348581829498955
  mo_energy =
[ -7.80587534e+00  -7.80584683e+00  -5.66066759e+00  -5.66038564e+00
  -5.64643780e+00  -5.64643780e+00  -5.64640660e+00  -5.64640660e+00
  -2.35443042e+00  -2.34845138e+00  -2.34661507e+00  -2.34661507e+00
  -2.34476466e+00  -2.34476466e+00  -2.33006149e+00  -2.33006149e+00
  -2.32992948e+00  -2.32992948e+00  -9.87834669e-01  -8.51761668e-01
  -4.75848334e-01  -4.53530496e-01  -4.53530496e-01  -3.68067401e-01
  -3.68067401e-01  -3.48581829e-02   2.07010763e-01   2.25312553e-01
   2.35958154e-01   2.35958154e-01   2.66761908e-01   2.66761908e-01
   2.78631932e-01   2.78631932e-01   2.92729585e-01   2.92729585e-01
   3.79520534e-01   3.79521492e-01   3.79521492e-01   4.56964202e-01
   5.18520522e-01   5.22335173e-01   5.22335173e-01   8.42738305e-01
   9.66643171e-01   9.66643171e-01   9.75900844e-01   1.03233369e+00
   1.03233369e+00   1.09084215e+00   1.09084215e+00   1.10358567e+00
   1.10358567e+00   1.12945801e+00   1.12945801e+00   1.21534754e+00
   1.21534754e+00   1.22947816e+00   1.32745157e+00   1.32745157e+00
   1.40885675e+00   1.43300526e+00   1.43300526e+00   1.58388183e+00
   1.58388183e+00   1.59515477e+00   1.63412143e+00   1.63412143e+00
   1.63537338e+00   1.63537338e+00   1.70122662e+00   1.70122662e+00
   1.79613407e+00   1.87606681e+00   3.35548972e+00   3.35548972e+00
   3.39318036e+00   3.39318036e+00   3.40285112e+00   3.43250296e+00
   3.43250296e+00   3.43958815e+00   3.43958815e+00   3.45635630e+00
   3.45635630e+00   3.57682340e+00   3.57682340e+00   3.80526452e+00
   4.42606047e+00   4.67718662e+00   3.50840600e+01   3.50840600e+01
   3.51220824e+01   3.51220824e+01   3.51755453e+01   3.52842698e+01
   4.31791927e+01   4.34261110e+01   1.18516605e+02   1.18580996e+02]
E_coul = 566.352581543562
cycle= 3 E= -593.326734486941  delta_E= -0.274  |g|= 0.286  |ddm|= 1.53
    CPU time for cycle= 3      0.08 sec, wall time      0.08 sec
diis-norm(errvec)=0.500521
diis-c [-0.09817481  0.00753755  0.15004582  0.84241662]
  HOMO = -0.361452010771633  LUMO = -0.0205394438886583
  mo_energy =
[ -7.78271771e+00  -7.78269038e+00  -5.63827528e+00  -5.63803947e+00
  -5.62541638e+00  -5.62541638e+00  -5.62538838e+00  -5.62538838e+00
  -2.33435412e+00  -2.32884411e+00  -2.32703189e+00  -2.32703189e+00
  -2.32526555e+00  -2.32526555e+00  -2.31201136e+00  -2.31201136e+00
  -2.31188968e+00  -2.31188968e+00  -9.59432884e-01  -8.47060331e-01
  -4.66796591e-01  -4.38910413e-01  -4.38910413e-01  -3.61452011e-01
  -3.61452011e-01  -2.05394439e-02   2.19636904e-01   2.20634108e-01
   2.51944201e-01   2.51944201e-01   2.81430690e-01   2.81430690e-01
   2.87360292e-01   2.87360292e-01   3.08901116e-01   3.08901116e-01
   3.82567751e-01   3.88559627e-01   3.88559627e-01   4.73759452e-01
   5.25726282e-01   5.25726282e-01   5.30412482e-01   8.43571831e-01
   9.84616065e-01   9.84616065e-01   1.00467647e+00   1.04691093e+00
   1.04691093e+00   1.10506039e+00   1.10506039e+00   1.11754521e+00
   1.11754521e+00   1.14870132e+00   1.14870132e+00   1.24505010e+00
   1.24537861e+00   1.24537861e+00   1.34699162e+00   1.34699162e+00
   1.42040246e+00   1.45058150e+00   1.45058150e+00   1.60252592e+00
   1.60252592e+00   1.61047070e+00   1.64915712e+00   1.64915712e+00
   1.65077261e+00   1.65077261e+00   1.70781070e+00   1.70781070e+00
   1.81555758e+00   1.90087443e+00   3.37413831e+00   3.37413831e+00
   3.41098661e+00   3.41098661e+00   3.42232691e+00   3.44874961e+00
   3.44874961e+00   3.45575945e+00   3.45575945e+00   3.47380544e+00
   3.47380544e+00   3.59481606e+00   3.59481606e+00   3.82456990e+00
   4.44526468e+00   4.69481894e+00   3.51210935e+01   3.51210935e+01
   3.51590876e+01   3.51590876e+01   3.52134956e+01   3.53223464e+01
   4.32146805e+01   4.34613517e+01   1.18560973e+02   1.18625357e+02]
E_coul = 565.121373362488
cycle= 4 E= -593.335820652426  delta_E= -0.00909  |g|= 0.109  |ddm|= 0.237
    CPU time for cycle= 4      0.08 sec, wall time      0.08 sec
diis-norm(errvec)=0.188676
diis-c [-0.00176712 -0.00362445  0.0238212   0.31453136  0.66527189]
  HOMO = -0.359603527166398  LUMO = -0.0171488540697726
  mo_energy =
[ -7.76429443e+00  -7.76426547e+00  -5.62120270e+00  -5.62095398e+00
  -5.60827509e+00  -5.60827509e+00  -5.60824428e+00  -5.60824428e+00
  -2.31961490e+00  -2.31392443e+00  -2.31222568e+00  -2.31222568e+00
  -2.31039058e+00  -2.31039058e+00  -2.29724713e+00  -2.29724713e+00
  -2.29711842e+00  -2.29711842e+00  -9.60177376e-01  -8.41949752e-01
  -4.66762392e-01  -4.38983927e-01  -4.38983927e-01  -3.59603527e-01
  -3.59603527e-01  -1.71488541e-02   2.19758177e-01   2.23227639e-01
   2.51038111e-01   2.51038111e-01   2.81324150e-01   2.81324150e-01
   2.88143184e-01   2.88143184e-01   3.07948350e-01   3.07948350e-01
   3.85966027e-01   3.89299027e-01   3.89299027e-01   4.73818928e-01
   5.28389343e-01   5.28389343e-01   5.33025560e-01   8.48442865e-01
   9.86748734e-01   9.86748734e-01   1.00434577e+00   1.04990765e+00
   1.04990765e+00   1.10786194e+00   1.10786194e+00   1.12044900e+00
   1.12044900e+00   1.15096905e+00   1.15096905e+00   1.24626999e+00
   1.24626999e+00   1.24968271e+00   1.35074312e+00   1.35074312e+00
   1.42640490e+00   1.45444495e+00   1.45444495e+00   1.60661641e+00
   1.60661641e+00   1.61482189e+00   1.65438639e+00   1.65438639e+00
   1.65529494e+00   1.65529494e+00   1.71464406e+00   1.71464406e+00
   1.81937733e+00   1.90366754e+00   3.38606920e+00   3.38606920e+00
   3.42276439e+00   3.42276439e+00   3.43405207e+00   3.46041884e+00
   3.46041884e+00   3.46741341e+00   3.46741341e+00   3.48539015e+00
   3.48539015e+00   3.60601296e+00   3.60601296e+00   3.83478946e+00
   4.45637545e+00   4.70625485e+00   3.51495084e+01   3.51495084e+01
   3.51875034e+01   3.51875034e+01   3.52417381e+01   3.53505234e+01
   4.32422701e+01   4.34890023e+01   1.18592989e+02   1.18657373e+02]
E_coul = 564.97544497158
cycle= 5 E= -593.337009209829  delta_E= -0.00119  |g|= 0.00952  |ddm|= 0.0722
    CPU time for cycle= 5      0.08 sec, wall time      0.08 sec
diis-norm(errvec)=0.0188956
diis-c [ -4.72532591e-05   1.46302561e-03  -1.38309145e-02  -1.06550139e-01
  -2.68672503e-01   1.38759053e+00]
  HOMO = -0.360291222142724  LUMO = -0.0167100934996261
  mo_energy =
[ -7.76671788e+00  -7.76668874e+00  -5.62366267e+00  -5.62341189e+00
  -5.61082472e+00  -5.61082472e+00  -5.61079301e+00  -5.61079301e+00
  -2.32205735e+00  -2.31636220e+00  -2.31468613e+00  -2.31468613e+00
  -2.31284641e+00  -2.31284641e+00  -2.29983631e+00  -2.29983631e+00
  -2.29970660e+00  -2.29970660e+00  -9.61107325e-01  -8.42278772e-01
  -4.68888956e-01  -4.39755060e-01  -4.39755060e-01  -3.60291222e-01
  -3.60291222e-01  -1.67100935e-02   2.19137656e-01   2.23193048e-01
   2.50843762e-01   2.50843762e-01   2.80711303e-01   2.80711303e-01
   2.88224784e-01   2.88224784e-01   3.07328997e-01   3.07328997e-01
   3.85774095e-01   3.88809152e-01   3.88809152e-01   4.73368587e-01
   5.28203691e-01   5.28203691e-01   5.32729755e-01   8.48108391e-01
   9.85739494e-01   9.85739494e-01   1.00309133e+00   1.04892368e+00
   1.04892368e+00   1.10675848e+00   1.10675848e+00   1.11934557e+00
   1.11934557e+00   1.14982630e+00   1.14982630e+00   1.24513791e+00
   1.24513791e+00   1.24878895e+00   1.35003234e+00   1.35003234e+00
   1.42554720e+00   1.45352810e+00   1.45352810e+00   1.60542972e+00
   1.60542972e+00   1.61373707e+00   1.65337119e+00   1.65337119e+00
   1.65417211e+00   1.65417211e+00   1.71377573e+00   1.71377573e+00
   1.81821821e+00   1.90227277e+00   3.38388831e+00   3.38388831e+00
   3.42053360e+00   3.42053360e+00   3.43198405e+00   3.45811203e+00
   3.45811203e+00   3.46511237e+00   3.46511237e+00   3.48319470e+00
   3.48319470e+00   3.60396678e+00   3.60396678e+00   3.83294827e+00
   4.45468211e+00   4.70461249e+00   3.51467256e+01   3.51467256e+01
   3.51847211e+01   3.51847211e+01   3.52389447e+01   3.53477312e+01
   4.32395425e+01   4.34862791e+01   1.18589952e+02   1.18654337e+02]
E_coul = 565.003814358537
cycle= 6 E= -593.337045155875  delta_E= -3.59e-05  |g|= 0.000919  |ddm|= 0.0207
    CPU time for cycle= 6      0.08 sec, wall time      0.08 sec
diis-norm(errvec)=0.00200764
diis-c [ -4.77711695e-07  -2.54922803e-04   2.15715709e-03   1.47883408e-02
   3.57594705e-02  -2.95636461e-01   1.24318642e+00]
  HOMO = -0.360298109528939  LUMO = -0.0165621433612935
  mo_energy =
[ -7.76674290e+00  -7.76671376e+00  -5.62367110e+00  -5.62341990e+00
  -5.61085251e+00  -5.61085251e+00  -5.61082070e+00  -5.61082070e+00
  -2.32204929e+00  -2.31635068e+00  -2.31468468e+00  -2.31468468e+00
  -2.31284462e+00  -2.31284462e+00  -2.29985250e+00  -2.29985250e+00
  -2.29972276e+00  -2.29972276e+00  -9.61095037e-01  -8.42226686e-01
  -4.68984929e-01  -4.39733155e-01  -4.39733155e-01  -3.60298110e-01
  -3.60298110e-01  -1.65621434e-02   2.19028477e-01   2.23198422e-01
   2.50825976e-01   2.50825976e-01   2.80691903e-01   2.80691903e-01
   2.88222208e-01   2.88222208e-01   3.07304708e-01   3.07304708e-01
   3.85777926e-01   3.88791216e-01   3.88791216e-01   4.73358807e-01
   5.28205796e-01   5.28205796e-01   5.32731821e-01   8.48104823e-01
   9.85748459e-01   9.85748459e-01   1.00307768e+00   1.04893042e+00
   1.04893042e+00   1.10673789e+00   1.10673789e+00   1.11932488e+00
   1.11932488e+00   1.14982146e+00   1.14982146e+00   1.24515505e+00
   1.24515505e+00   1.24882278e+00   1.35002158e+00   1.35002158e+00
   1.42556992e+00   1.45350688e+00   1.45350688e+00   1.60540464e+00
   1.60540464e+00   1.61373682e+00   1.65335744e+00   1.65335744e+00
   1.65416452e+00   1.65416452e+00   1.71378055e+00   1.71378055e+00
   1.81820783e+00   1.90226655e+00   3.38389055e+00   3.38389055e+00
   3.42052254e+00   3.42052254e+00   3.43200355e+00   3.45808719e+00
   3.45808719e+00   3.46508751e+00   3.46508751e+00   3.48318246e+00
   3.48318246e+00   3.60396997e+00   3.60396997e+00   3.83296860e+00
   4.45465985e+00   4.70459654e+00   3.51466488e+01   3.51466488e+01
   3.51846444e+01   3.51846444e+01   3.52388842e+01   3.53476698e+01
   4.32394789e+01   4.34862163e+01   1.18589885e+02   1.18654270e+02]
E_coul = 565.005457554597
cycle= 7 E= -593.337045641709  delta_E= -4.86e-07  |g|= 0.000178  |ddm|= 0.00223
    CPU time for cycle= 7      0.08 sec, wall time      0.08 sec
diis-norm(errvec)=0.000271381
diis-c [ -8.96390434e-09   2.59198976e-06   1.28694715e-05  -3.59803148e-04
  -9.18192940e-04   2.11088286e-02  -1.65139969e-01   1.14529368e+00]
  HOMO = -0.360291301545381  LUMO = -0.0165524465156775
  mo_energy =
[ -7.76668539e+00  -7.76665625e+00  -5.62361626e+00  -5.62336503e+00
  -5.61079117e+00  -5.61079117e+00  -5.61075936e+00  -5.61075936e+00
  -2.32199725e+00  -2.31629800e+00  -2.31463078e+00  -2.31463078e+00
  -2.31279063e+00  -2.31279063e+00  -2.29979119e+00  -2.29979119e+00
  -2.29966144e+00  -2.29966144e+00  -9.61091121e-01  -8.42226218e-01
  -4.68982714e-01  -4.39721532e-01  -4.39721532e-01  -3.60291302e-01
  -3.60291302e-01  -1.65524465e-02   2.19028565e-01   2.23197355e-01
   2.50828870e-01   2.50828870e-01   2.80695783e-01   2.80695783e-01
   2.88222411e-01   2.88222411e-01   3.07309354e-01   3.07309354e-01
   3.85777787e-01   3.88796943e-01   3.88796943e-01   4.73361105e-01
   5.28209064e-01   5.28209064e-01   5.32730219e-01   8.48104394e-01
   9.85759063e-01   9.85759063e-01   1.00308751e+00   1.04894519e+00
   1.04894519e+00   1.10675796e+00   1.10675796e+00   1.11934508e+00
   1.11934508e+00   1.14983681e+00   1.14983681e+00   1.24516909e+00
   1.24516909e+00   1.24883332e+00   1.35003238e+00   1.35003238e+00
   1.42557892e+00   1.45351911e+00   1.45351911e+00   1.60542793e+00
   1.60542793e+00   1.61375282e+00   1.65338067e+00   1.65338067e+00
   1.65418269e+00   1.65418269e+00   1.71379804e+00   1.71379804e+00
   1.81822413e+00   1.90228336e+00   3.38393712e+00   3.38393712e+00
   3.42057168e+00   3.42057168e+00   3.43204808e+00   3.45814206e+00
   3.45814206e+00   3.46514225e+00   3.46514225e+00   3.48323043e+00
   3.48323043e+00   3.60401286e+00   3.60401286e+00   3.83300703e+00
   4.45469417e+00   4.70463092e+00   3.51467240e+01   3.51467240e+01
   3.51847195e+01   3.51847195e+01   3.52389579e+01   3.53477436e+01
   4.32395510e+01   4.34862884e+01   1.18589966e+02   1.18654351e+02]
E_coul = 565.004511904192
cycle= 8 E= -593.337045649241  delta_E= -7.53e-09  |g|= 1.92e-05  |ddm|= 0.000402
    CPU time for cycle= 8      0.08 sec, wall time      0.08 sec
diis-norm(errvec)=3.65171e-05
diis-c [ -2.80210080e-10   3.95835969e-06  -3.82473830e-05  -2.35237817e-04
  -4.10922865e-04   1.66761038e-03   6.87373639e-03  -1.90303570e-01
   1.18244267e+00]
  HOMO = -0.360291215891224  LUMO = -0.016552815741331
  mo_energy =
[ -7.76668382e+00  -7.76665468e+00  -5.62361394e+00  -5.62336272e+00
  -5.61078947e+00  -5.61078947e+00  -5.61075766e+00  -5.61075766e+00
  -2.32199500e+00  -2.31629577e+00  -2.31462884e+00  -2.31462884e+00
  -2.31278872e+00  -2.31278872e+00  -2.29978951e+00  -2.29978951e+00
  -2.29965976e+00  -2.29965976e+00  -9.61090441e-01  -8.42227575e-01
  -4.68980680e-01  -4.39719824e-01  -4.39719824e-01  -3.60291216e-01
  -3.60291216e-01  -1.65528157e-02   2.19028855e-01   2.23196447e-01
   2.50829760e-01   2.50829760e-01   2.80696620e-01   2.80696620e-01
   2.88222374e-01   2.88222374e-01   3.07309933e-01   3.07309933e-01
   3.85777018e-01   3.88796905e-01   3.88796905e-01   4.73360782e-01
   5.28208566e-01   5.28208566e-01   5.32729565e-01   8.48103481e-01
   9.85759947e-01   9.85759947e-01   1.00308906e+00   1.04894590e+00
   1.04894590e+00   1.10675850e+00   1.10675850e+00   1.11934558e+00
   1.11934558e+00   1.14983768e+00   1.14983768e+00   1.24517066e+00
   1.24517066e+00   1.24883386e+00   1.35003282e+00   1.35003282e+00
   1.42557917e+00   1.45351955e+00   1.45351955e+00   1.60542878e+00
   1.60542878e+00   1.61375345e+00   1.65338119e+00   1.65338119e+00
   1.65418358e+00   1.65418358e+00   1.71379815e+00   1.71379815e+00
   1.81822504e+00   1.90228488e+00   3.38393906e+00   3.38393906e+00
   3.42057336e+00   3.42057336e+00   3.43205015e+00   3.45814345e+00
   3.45814345e+00   3.46514363e+00   3.46514363e+00   3.48323203e+00
   3.48323203e+00   3.60401463e+00   3.60401463e+00   3.83300878e+00
   4.45469497e+00   4.70463169e+00   3.51467259e+01   3.51467259e+01
   3.51847215e+01   3.51847215e+01   3.52389600e+01   3.53477457e+01
   4.32395529e+01   4.34862903e+01   1.18589968e+02   1.18654353e+02]
E_coul = 565.004448093009
cycle= 9 E= -593.337045649389  delta_E= -1.48e-10  |g|= 2.96e-06  |ddm|= 5.58e-05
    CPU time for cycle= 9      0.08 sec, wall time      0.08 sec
  HOMO = -0.360291726533476  LUMO = -0.0165534284804212
  mo_energy =
[ -7.76668514e+00  -7.76665600e+00  -5.62361528e+00  -5.62336406e+00
  -5.61079076e+00  -5.61079076e+00  -5.61075895e+00  -5.61075895e+00
  -2.32199626e+00  -2.31629703e+00  -2.31463011e+00  -2.31463011e+00
  -2.31278999e+00  -2.31278999e+00  -2.29979075e+00  -2.29979075e+00
  -2.29966101e+00  -2.29966101e+00  -9.61091126e-01  -8.42228157e-01
  -4.68980978e-01  -4.39720250e-01  -4.39720250e-01  -3.60291727e-01
  -3.60291727e-01  -1.65534285e-02   2.19028502e-01   2.23196361e-01
   2.50829544e-01   2.50829544e-01   2.80696155e-01   2.80696155e-01
   2.88222266e-01   2.88222266e-01   3.07309519e-01   3.07309519e-01
   3.85776766e-01   3.88796542e-01   3.88796542e-01   4.73360318e-01
   5.28208211e-01   5.28208211e-01   5.32729086e-01   8.48103130e-01
   9.85759268e-01   9.85759268e-01   1.00308830e+00   1.04894524e+00
   1.04894524e+00   1.10675789e+00   1.10675789e+00   1.11934497e+00
   1.11934497e+00   1.14983697e+00   1.14983697e+00   1.24516989e+00
   1.24516989e+00   1.24883312e+00   1.35003230e+00   1.35003230e+00
   1.42557849e+00   1.45351896e+00   1.45351896e+00   1.60542809e+00
   1.60542809e+00   1.61375274e+00   1.65338056e+00   1.65338056e+00
   1.65418283e+00   1.65418283e+00   1.71379750e+00   1.71379750e+00
   1.81822428e+00   1.90228402e+00   3.38393788e+00   3.38393788e+00
   3.42057221e+00   3.42057221e+00   3.43204898e+00   3.45814234e+00
   3.45814234e+00   3.46514252e+00   3.46514252e+00   3.48323089e+00
   3.48323089e+00   3.60401349e+00   3.60401349e+00   3.83300770e+00
   4.45469394e+00   4.70463068e+00   3.51467243e+01   3.51467243e+01
   3.51847199e+01   3.51847199e+01   3.52389584e+01   3.53477441e+01
   4.32395513e+01   4.34862887e+01   1.18589966e+02   1.18654351e+02]
    CPU time for scf_cycle      5.74 sec, wall time      6.06 sec
    CPU time for SCF      5.74 sec, wall time      6.06 sec
converged SCF energy = -593.337045649389
RHF E = -593.337045649
RHF eps = [ -7.76668514e+00  -7.76665600e+00  -5.62361528e+00  -5.62336406e+00
  -5.61079076e+00  -5.61079076e+00  -5.61075895e+00  -5.61075895e+00
  -2.32199626e+00  -2.31629703e+00  -2.31463011e+00  -2.31463011e+00
  -2.31278999e+00  -2.31278999e+00  -2.29979075e+00  -2.29979075e+00
  -2.29966101e+00  -2.29966101e+00  -9.61091126e-01  -8.42228157e-01
  -4.68980978e-01  -4.39720250e-01  -4.39720250e-01  -3.60291727e-01
  -3.60291727e-01  -1.65534285e-02   2.19028502e-01   2.23196361e-01
   2.50829544e-01   2.50829544e-01   2.80696155e-01   2.80696155e-01
   2.88222266e-01   2.88222266e-01   3.07309519e-01   3.07309519e-01
   3.85776766e-01   3.88796542e-01   3.88796542e-01   4.73360318e-01
   5.28208211e-01   5.28208211e-01   5.32729086e-01   8.48103130e-01
   9.85759268e-01   9.85759268e-01   1.00308830e+00   1.04894524e+00
   1.04894524e+00   1.10675789e+00   1.10675789e+00   1.11934497e+00
   1.11934497e+00   1.14983697e+00   1.14983697e+00   1.24516989e+00
   1.24516989e+00   1.24883312e+00   1.35003230e+00   1.35003230e+00
   1.42557849e+00   1.45351896e+00   1.45351896e+00   1.60542809e+00
   1.60542809e+00   1.61375274e+00   1.65338056e+00   1.65338056e+00
   1.65418283e+00   1.65418283e+00   1.71379750e+00   1.71379750e+00
   1.81822428e+00   1.90228402e+00   3.38393788e+00   3.38393788e+00
   3.42057221e+00   3.42057221e+00   3.43204898e+00   3.45814234e+00
   3.45814234e+00   3.46514252e+00   3.46514252e+00   3.48323089e+00
   3.48323089e+00   3.60401349e+00   3.60401349e+00   3.83300770e+00
   4.45469394e+00   4.70463068e+00   3.51467243e+01   3.51467243e+01
   3.51847199e+01   3.51847199e+01   3.52389584e+01   3.53477441e+01
   4.32395513e+01   4.34862887e+01   1.18589966e+02   1.18654351e+02]
    CPU time for CCSD integral transformation     12.57 sec, wall time     12.59 sec

******** <class 'pyscf.cc.rccsd_slow.RCCSD'> flags ********
CCSD nocc = 17, nvir = 75
frozen orbitals [0, 1, 2, 3, 4, 5, 6, 7]
max_cycle = 50
direct = 0
conv_tol = 1e-07
conv_tol_normt = 1e-05
diis_space = 6
diis_start_cycle = 0
diis_start_energy_diff = 1e+09
Init t2, MP2 energy = -0.985882755398377
    CPU time for init mp2      0.04 sec, wall time      0.04 sec
E(MBPT2) = -594.3229284047878  E_corr = -0.9858827553983766
    CPU time for EOM-CCSD shared one-electron intermediates      0.25 sec, wall time      0.25 sec
    CPU time for EOM-CCSD IP intermediates      1.60 sec, wall time      1.60 sec
tol 1e-07  toloose 0.000316228
max_cycle 50  max_space 38  max_memory 2000  incore True
davidson 0 6  |r|= 0.315  e= [ 0.42018515  0.42018515  0.49417161  0.49417161  0.54180097  0.89320905]  max|de|= 0.893  lindep=    1
davidson 1 12  |r|= 0.145  e= [ 0.35483321  0.35483321  0.42211762  0.42211762  0.47660089  0.79770388]  max|de|= -0.0955  lindep= 0.835
davidson 2 18  |r|= 0.0191  e= [ 0.3549111   0.3549111   0.42217915  0.42217915  0.47641035  0.75920829]  max|de|= -0.0385  lindep= 0.949
root 2 converged  |r|= 2.7e-05  e= 0.422179095782  max|de|= -5.55e-08
root 3 converged  |r|= 2.7e-05  e= 0.422179095782  max|de|= -5.55e-08
davidson 3 24  |r|= 0.00103  e= [ 0.35491097  0.35491097  0.4221791   0.4221791   0.47640756  0.75814159]  max|de|= -0.00107  lindep= 0.436
root 0 converged  |r|= 1.95e-08  e= 0.354910970142  max|de|= 4.12e-09
root 1 converged  |r|= 1.95e-08  e= 0.354910970142  max|de|= 4.12e-09
root 4 converged  |r|= 1.19e-05  e= 0.47640760253  max|de|= 4.55e-08
davidson 4 28  |r|= 0.000288  e= [ 0.35491097  0.35491097  0.4221791   0.4221791   0.4764076   0.75813596]  max|de|= -5.63e-06  lindep= 0.109
davidson 5 29  |r|= 0.000151  e= [ 0.35491097  0.35491097  0.4221791   0.4221791   0.4764076   0.75813462]  max|de|= -1.34e-06  lindep= 0.0151
davidson 6 30  |r|= 8.56e-10  e= [ 0.35491097  0.35491097  0.4221791   0.4221791   0.4764076   0.7581335 ]  max|de|= -1.11e-06  lindep=    1
Linear dependency in trial subspace. |r| for each state [0, 0, 0, 0, 0, 8.5584170008513202e-10]
IP root 0 E = 0.3549109701416033  qpwt = 0.963317
IP root 1 E = 0.3549109701416031  qpwt = 0.963317
IP root 2 E = 0.4221790957822517  qpwt = 0.950818
IP root 3 E = 0.4221790957822528  qpwt = 0.950818
IP root 4 E = 0.476407602529618  qpwt = 0.963739
IP root 5 E = 0.7581335048403826  qpwt = 0.826782
    CPU time for IP-CCSD      2.26 sec, wall time      2.26 sec
    CPU time for EOM-CCSD shared one-electron intermediates      0.24 sec, wall time      0.24 sec
    CPU time for EOM-CCSD EA intermediates     12.85 sec, wall time     12.87 sec
tol 1e-07  toloose 0.000316228
max_cycle 50  max_space 38  max_memory 2000  incore True
davidson 0 6  |r|= 0.315  e= [ 0.01853795  0.22859693  0.23387203  0.25810135  0.25876156  0.30152705]  max|de|= 0.302  lindep=    1
davidson 1 12  |r|= 0.0442  e= [-0.05706703  0.19080104  0.19142212  0.22352897  0.22906088  0.24819954]  max|de|= -0.0756  lindep= 0.771
davidson 2 18  |r|= 0.0302  e= [-0.05831486  0.18846599  0.19003261  0.22270446  0.22487432  0.24727981]  max|de|= -0.00419  lindep= 0.952
davidson 3 24  |r|= 0.0181  e= [-0.0583599   0.18834071  0.19000182  0.22272434  0.22409127  0.24727627]  max|de|= -0.000783  lindep= 0.562
davidson 4 30  |r|= 0.0128  e= [-0.0583737   0.1883203   0.19000645  0.22272502  0.22287805  0.24727558]  max|de|= -0.00121  lindep= 0.93
root 2 converged  |r|= 4.64e-05  e= 0.190006395351  max|de|= -5.38e-08
root 3 converged  |r|= 5.35e-06  e= 0.22272498959  max|de|= -3.19e-08
davidson 5 36  |r|= 0.000769  e= [-0.05837504  0.18830015  0.1900064   0.22272499  0.22272566  0.24727529]  max|de|= -0.000152  lindep= 0.883
root 0 converged  |r|= 4.04e-05  e= -0.0583750410366  max|de|= 3.75e-16
root 2 converged  |r|= 4.64e-05  e= 0.190006395351  max|de|= -5e-16
root 3 converged  |r|= 5.35e-06  e= 0.22272498959  max|de|= -3.61e-16
root 5 converged  |r|= 2.37e-05  e= 0.247275291667  max|de|= 1.11e-16
davidson 6 6  |r|= 0.000769  e= [-0.05837504  0.18830015  0.1900064   0.22272499  0.22272566  0.24727529]  max|de|= 6.38e-16  lindep= 0.999
root 1 converged  |r|= 0.000221  e= 0.188300072952  max|de|= -7.73e-08
davidson 7 8  |r|= 0.000221  e= [-0.05837504  0.18830007  0.1900064   0.22272499  0.22272464  0.24727529]  max|de|= -1.02e-06  lindep= 0.944
davidson 8 9  |r|= 2.05e-05  e= [-0.05837504  0.18830007  0.1900064   0.22272499  0.2227255   0.24727529]  max|de|= 8.54e-07  lindep= 0.758
davidson 9 10  |r|= 5.01e-06  e= [-0.05837504  0.18830007  0.1900064   0.22272499  0.22272467  0.24727529]  max|de|= -8.21e-07  lindep= 0.745
davidson 10 11  |r|= 6.8e-06  e= [-0.05837504  0.18830007  0.1900064   0.22272499  0.22272511  0.24727529]  max|de|= 4.32e-07  lindep= 0.665
root 4 converged  |r|= 4.12e-06  e= 0.222725107949  max|de|= 2.03e-09
converge 11 12  |r|= 4.12e-06  e= [-0.05837504  0.18830007  0.1900064   0.22272499  0.22272511  0.24727529]  max|de|= 2.03e-09
EA root 0 E = -0.05837504103661439  qpwt = 0.972837
EA root 1 E = 0.1883000729515174  qpwt = 0.975847
EA root 2 E = 0.1900063953509064  qpwt = 0.9793
EA root 3 E = 0.2227249895904211  qpwt = 0.979728
EA root 4 E = 0.2227251079492902  qpwt = 0.979729
EA root 5 E = 0.2472752916665438  qpwt = 0.980068
    CPU time for EA-CCSD     25.93 sec, wall time     25.96 sec
