

******** <class 'pyscf.scf.hf.RHF'> flags ********
method = RHF
initial guess = minao
damping factor = 0
level shift factor = 0
Do DIIS = True
DIIS start cycle = 1
DIIS space = 8
SCF tol = 1e-09
SCF gradient tol = None
max. SCF cycles = 50
direct_scf = True
direct_scf_tol = 1e-13
chkfile to save SCF result = /tmp/tmpM2rHir
max_memory 4000 MB (current use 39 MB)
Set gradient conv threshold to 3.16228e-05
Nelec from initial guess = 3.99985
cond(S) = 191.123185121
E_coul = 3.37649547711001
init E= -7.7527180796073
    CPU time for initialize scf      0.04 sec, wall time      0.04 sec
  HOMO = -0.300921685516445  LUMO = -0.0261674171056252
  mo_energy =
[ -2.48359674  -0.30092169  -0.02616742   0.07342219   0.07342219
   0.12081267   0.18610508   0.36629038   0.36629038   0.38189257
   0.38189257   0.41969045   0.45756788   0.63820048   0.63820048
   0.70433064   0.96349235   0.96349235   1.22225435   1.70445624
   2.69403094   3.43571239   3.43571239   3.44197994   3.44197994
   3.60130727   4.00619285   4.00619285   4.22800885   6.30915952
   6.30915952   6.54231565  15.02018637]
E_coul = 3.49299250964229
cycle= 1 E= -7.97869962709126  delta_E= -0.226  |g|= 0.122  |ddm|=  0.7
    CPU time for cycle= 1      0.01 sec, wall time      0.01 sec
diis-norm(errvec)=0.315265
diis-c [-0.09939214  1.        ]
  HOMO = -0.288688138246212  LUMO = 0.0076439130671617
  mo_energy =
[ -2.45470910e+00  -2.88688138e-01   7.64391307e-03   8.44286127e-02
   8.44286127e-02   1.29907454e-01   2.15785132e-01   3.84695937e-01
   3.84695937e-01   3.86457388e-01   3.86457388e-01   4.24967375e-01
   5.38060642e-01   6.59627531e-01   6.59627531e-01   7.97548375e-01
   1.09566326e+00   1.09566326e+00   1.27779216e+00   1.77620391e+00
   2.91117802e+00   3.65141411e+00   3.65141411e+00   3.65716854e+00
   3.65716854e+00   3.81506091e+00   4.23454180e+00   4.23454180e+00
   4.44650619e+00   6.33340421e+00   6.33340421e+00   6.57016432e+00
   1.50459720e+01]
E_coul = 3.47772416787742
cycle= 2 E= -7.98544057590002  delta_E= -0.00674  |g|= 0.0212  |ddm|= 0.128
    CPU time for cycle= 2      0.00 sec, wall time      0.01 sec
diis-norm(errvec)=0.0575509
diis-c [-0.00160143 -0.15242198  1.15242198]
  HOMO = -0.304255174566872  LUMO = 0.00927276885462975
  mo_energy =
[ -2.44874335e+00  -3.04255175e-01   9.27276885e-03   8.50906428e-02
   8.50906428e-02   1.31002688e-01   2.14322295e-01   3.81982105e-01
   3.81982105e-01   3.88287328e-01   3.88287328e-01   4.25753595e-01
   5.27202019e-01   6.62451860e-01   6.62451860e-01   7.87064976e-01
   1.07623379e+00   1.07623379e+00   1.26986826e+00   1.77045499e+00
   2.86688889e+00   3.61282854e+00   3.61282854e+00   3.61953664e+00
   3.61953664e+00   3.77818796e+00   4.18553062e+00   4.18553062e+00
   4.39893741e+00   6.33934594e+00   6.33934594e+00   6.57545392e+00
   1.50517273e+01]
E_coul = 3.48064846599647
cycle= 3 E= -7.98591668608851  delta_E= -0.000476  |g|= 0.00581  |ddm|= 0.0383
    CPU time for cycle= 3      0.01 sec, wall time      0.01 sec
diis-norm(errvec)=0.0174884
diis-c [ -7.45062352e-05   6.17082409e-02  -6.48562233e-01   1.58685399e+00]
  HOMO = -0.301972676359307  LUMO = 0.0093053014630803
  mo_energy =
[ -2.44707340e+00  -3.01972676e-01   9.30530146e-03   8.57319943e-02
   8.57319943e-02   1.31519269e-01   2.15059711e-01   3.82584131e-01
   3.82584131e-01   3.88764241e-01   3.88764241e-01   4.25478106e-01
   5.29153516e-01   6.63794342e-01   6.63794342e-01   7.89375549e-01
   1.07952028e+00   1.07952028e+00   1.27167484e+00   1.77297053e+00
   2.87245624e+00   3.61808833e+00   3.61808833e+00   3.62504708e+00
   3.62504708e+00   3.78408075e+00   4.19137586e+00   4.19137586e+00
   4.40442930e+00   6.34073778e+00   6.34073778e+00   6.57705229e+00
   1.50526766e+01]
E_coul = 3.48261636132266
cycle= 4 E= -7.98599443529708  delta_E= -7.77e-05  |g|= 0.00109  |ddm|= 0.019
    CPU time for cycle= 4      0.01 sec, wall time      0.01 sec
diis-norm(errvec)=0.00325223
diis-c [ -8.58648871e-07  -1.46149184e-02   1.88486181e-01  -6.28941186e-01
   1.45506992e+00]
  HOMO = -0.301682670871557  LUMO = 0.00904671685698788
  mo_energy =
[ -2.44761396e+00  -3.01682671e-01   9.04671686e-03   8.56308676e-02
   8.56308676e-02   1.31515640e-01   2.15030741e-01   3.82447927e-01
   3.82447927e-01   3.88531514e-01   3.88531514e-01   4.25189867e-01
   5.29574552e-01   6.63442191e-01   6.63442191e-01   7.89512289e-01
   1.08005601e+00   1.08005601e+00   1.27181299e+00   1.77294795e+00
   2.87342067e+00   3.61906132e+00   3.61906132e+00   3.62595161e+00
   3.62595161e+00   3.78486190e+00   4.19244302e+00   4.19244302e+00
   4.40550533e+00   6.34020930e+00   6.34020930e+00   6.57656094e+00
   1.50521180e+01]
E_coul = 3.48264583218793
cycle= 5 E= -7.98599720023962  delta_E= -2.76e-06  |g|= 0.00012  |ddm|= 0.0046
    CPU time for cycle= 5      0.00 sec, wall time      0.01 sec
diis-norm(errvec)=0.000214149
diis-c [ -9.75589035e-09   2.51000636e-03  -3.47491698e-02   1.23564059e-01
  -3.25579934e-01   1.23425504e+00]
  HOMO = -0.301684156007927  LUMO = 0.00902036091645845
  mo_energy =
[ -2.44770201e+00  -3.01684156e-01   9.02036092e-03   8.56034011e-02
   8.56034011e-02   1.31505077e-01   2.15006694e-01   3.82414845e-01
   3.82414845e-01   3.88494530e-01   3.88494530e-01   4.25149377e-01
   5.29581077e-01   6.63380516e-01   6.63380516e-01   7.89471045e-01
   1.08004766e+00   1.08004766e+00   1.27177717e+00   1.77290005e+00
   2.87339171e+00   3.61904436e+00   3.61904436e+00   3.62592963e+00
   3.62592963e+00   3.78482871e+00   4.19241653e+00   4.19241653e+00
   4.40548286e+00   6.34012201e+00   6.34012201e+00   6.57647412e+00
   1.50520272e+01]
E_coul = 3.48257201337328
cycle= 6 E= -7.98599721766316  delta_E= -1.74e-08  |g|= 1.76e-05  |ddm|= 0.000675
    CPU time for cycle= 6      0.01 sec, wall time      0.01 sec
diis-norm(errvec)=3.00319e-05
diis-c [ -6.11430906e-11  -3.84350507e-04   6.29889022e-03  -2.35797814e-02
   6.38580657e-02  -3.41809678e-01   1.29561685e+00]
  HOMO = -0.301691318219425  LUMO = 0.00901534861520517
  mo_energy =
[ -2.44771699e+00  -3.01691318e-01   9.01534862e-03   8.55987636e-02
   8.55987636e-02   1.31503089e-01   2.15002960e-01   3.82408632e-01
   3.82408632e-01   3.88488206e-01   3.88488206e-01   4.25144773e-01
   5.29575727e-01   6.63369668e-01   6.63369668e-01   7.89461710e-01
   1.08003834e+00   1.08003834e+00   1.27176930e+00   1.77288804e+00
   2.87337783e+00   3.61903061e+00   3.61903061e+00   3.62591527e+00
   3.62591527e+00   3.78481340e+00   4.19240199e+00   4.19240199e+00
   4.40546873e+00   6.34010711e+00   6.34010711e+00   6.57645954e+00
   1.50520115e+01]
E_coul = 3.4825628084953
cycle= 7 E= -7.9859972180494  delta_E= -3.86e-10  |g|= 1.27e-06  |ddm|= 0.000117
    CPU time for cycle= 7      0.01 sec, wall time      0.01 sec
  HOMO = -0.301690509186729  LUMO = 0.00901546892070112
  mo_energy =
[ -2.44771672e+00  -3.01690509e-01   9.01546892e-03   8.55988116e-02
   8.55988116e-02   1.31503134e-01   2.15003096e-01   3.82408879e-01
   3.82408879e-01   3.88488290e-01   3.88488290e-01   4.25144739e-01
   5.29576277e-01   6.63369914e-01   6.63369914e-01   7.89462332e-01
   1.08003938e+00   1.08003938e+00   1.27176979e+00   1.77288866e+00
   2.87337978e+00   3.61903248e+00   3.61903248e+00   3.62591715e+00
   3.62591715e+00   3.78481531e+00   4.19240411e+00   4.19240411e+00
   4.40547074e+00   6.34010734e+00   6.34010734e+00   6.57645979e+00
   1.50520117e+01]
    CPU time for scf_cycle      0.09 sec, wall time      0.09 sec
    CPU time for SCF      0.09 sec, wall time      0.09 sec
converged SCF energy = -7.9859972180494
RHF E = -7.98599721805
RHF eps = [ -2.44771672e+00  -3.01690509e-01   9.01546892e-03   8.55988116e-02
   8.55988116e-02   1.31503134e-01   2.15003096e-01   3.82408879e-01
   3.82408879e-01   3.88488290e-01   3.88488290e-01   4.25144739e-01
   5.29576277e-01   6.63369914e-01   6.63369914e-01   7.89462332e-01
   1.08003938e+00   1.08003938e+00   1.27176979e+00   1.77288866e+00
   2.87337978e+00   3.61903248e+00   3.61903248e+00   3.62591715e+00
   3.62591715e+00   3.78481531e+00   4.19240411e+00   4.19240411e+00
   4.40547074e+00   6.34010734e+00   6.34010734e+00   6.57645979e+00
   1.50520117e+01]
    CPU time for CCSD integral transformation      0.16 sec, wall time      0.16 sec

******** <class 'pyscf.cc.rccsd_slow.RCCSD'> flags ********
CCSD nocc = 2, nvir = 31
max_cycle = 50
direct = 0
conv_tol = 1e-07
conv_tol_normt = 1e-05
diis_space = 6
diis_start_cycle = 0
diis_start_energy_diff = 1e+09
Init t2, MP2 energy = -0.0576205350357744
    CPU time for init mp2      0.00 sec, wall time      0.00 sec
E(MBPT2) = -8.043617753085172  E_corr = -0.05762053503577439
    CPU time for EOM-CCSD shared one-electron intermediates      0.01 sec, wall time      0.00 sec
    CPU time for EOM-CCSD IP intermediates      0.01 sec, wall time      0.00 sec
tol 1e-07  toloose 0.000316228
max_cycle 50  max_space 26  max_memory 2000  incore True
davidson 0 2  |r|= 0.53  e= [ 0.32898225  2.47804563]  max|de|= 2.48  lindep=    1
davidson 1 4  |r|= 0.0226  e= [ 0.2942753   2.38969896]  max|de|= -0.0883  lindep= 0.906
davidson 2 6  |r|= 0.0026  e= [ 0.29420406  2.39147949]  max|de|= 0.00178  lindep= 0.233
root 0 converged  |r|= 1.06e-09  e= 0.29420406336  max|de|= 7.13e-09
davidson 3 8  |r|= 1.27e-05  e= [ 0.29420406  2.39160882]  max|de|= 0.000129  lindep= 0.979
davidson 4 9  |r|= 1.55e-09  e= [ 0.29420406  2.39160861]  max|de|= -2.12e-07  lindep=    1
Linear dependency in trial subspace. |r| for each state [0, 1.5466797283194007e-09]
IP root 0 E = 0.294204063360505  qpwt = 0.938445
IP root 1 E = 2.391608610397767  qpwt = 0.883956
    CPU time for IP-CCSD      0.03 sec, wall time      0.02 sec
    CPU time for EOM-CCSD shared one-electron intermediates      0.00 sec, wall time      0.00 sec
    CPU time for EOM-CCSD EA intermediates      0.13 sec, wall time      0.13 sec
tol 1e-07  toloose 0.000316228
max_cycle 50  max_space 38  max_memory 2000  incore True
davidson 0 6  |r|= 0.151  e= [ 0.01015456  0.08631294  0.0863101   0.13243239  0.21762681  0.38374955]  max|de|= 0.384  lindep=    1
davidson 1 12  |r|= 0.0313  e= [ 0.00386535  0.07693423  0.07688663  0.12760511  0.20430852  0.36908395]  max|de|= -0.0147  lindep= 0.538
davidson 2 18  |r|= 0.00432  e= [ 0.00380943  0.07683186  0.07682117  0.12750727  0.20392179  0.36664369]  max|de|= -0.00244  lindep= 0.89
root 2 converged  |r|= 6.05e-05  e= 0.0768212499448  max|de|= 7.69e-08
davidson 3 24  |r|= 0.000384  e= [ 0.00381739  0.07682114  0.07682125  0.12750815  0.20394849  0.36668094]  max|de|= 3.72e-05  lindep= 0.91
root 0 converged  |r|= 9.46e-06  e= 0.00381747239513  max|de|= 7.99e-08
root 1 converged  |r|= 2.23e-05  e= 0.0768212079417  max|de|= 7.12e-08
root 3 converged  |r|= 1.46e-05  e= 0.127508167781  max|de|= 1.49e-08
davidson 4 29  |r|= 3.38e-05  e= [ 0.00381747  0.07682121  0.0768212   0.12750817  0.20394988  0.36668104]  max|de|= 1.39e-06  lindep= 0.808
root 4 converged  |r|= 1.61e-06  e= 0.203949783868  max|de|= -9.85e-08
root 5 converged  |r|= 2.29e-06  e= 0.366681075614  max|de|= 3.28e-08
converge 5 31  |r|= 2.29e-06  e= [ 0.00381745  0.07682121  0.07682115  0.12750821  0.20394978  0.36668108]  max|de|= -9.85e-08
EA root 0 E = 0.003817454986760893  qpwt = 0.994429
EA root 1 E = 0.0768212079416994  qpwt = 0.991947
EA root 2 E = 0.07682115052360716  qpwt = 0.991948
EA root 3 E = 0.1275082101237969  qpwt = 0.996085
EA root 4 E = 0.2039497838681065  qpwt = 0.984952
EA root 5 E = 0.3666810756142206  qpwt = 0.869274
    CPU time for EA-CCSD      0.21 sec, wall time      0.22 sec
