

******** <class 'pyscf.scf.hf.RHF'> flags ********
method = RHF
initial guess = minao
damping factor = 0
level shift factor = 0
Do DIIS = True
DIIS start cycle = 1
DIIS space = 8
SCF tol = 1e-09
SCF gradient tol = None
max. SCF cycles = 50
direct_scf = True
direct_scf_tol = 1e-13
chkfile to save SCF result = /tmp/tmpo0hPPB
max_memory 4000 MB (current use 39 MB)
Set gradient conv threshold to 3.16228e-05
Nelec from initial guess = 65.997
cond(S) = 4009.64643965
E_coul = 635.307838604558
init E= -971.164340078702
    CPU time for initialize scf     10.34 sec, wall time     10.62 sec
  HOMO = -0.118443249367207  LUMO = -0.0282942986612456
  mo_energy =
[ -4.04694582e+01  -4.04621898e+01  -4.04621885e+01  -4.04621885e+01
  -4.04621840e+01  -4.04621840e+01  -2.80901818e+00  -2.79952139e+00
  -2.79832273e+00  -2.79832273e+00  -2.79828044e+00  -2.79828044e+00
  -1.52572102e+00  -1.52572102e+00  -1.52475761e+00  -1.51797530e+00
  -1.51737802e+00  -1.51737802e+00  -1.51732841e+00  -1.51732841e+00
  -1.51692871e+00  -1.51692871e+00  -1.51665966e+00  -1.51665966e+00
  -1.51636704e+00  -1.51635745e+00  -1.51624713e+00  -1.51624713e+00
  -1.51613756e+00  -1.51613756e+00  -2.76106683e-01  -1.18443252e-01
  -1.18443249e-01  -2.82942987e-02  -1.40238426e-02  -1.40238422e-02
   4.99237446e-03   3.52570534e-02   3.52570538e-02   4.44009700e-02
   4.44009703e-02   5.45199647e-02   5.45199647e-02   5.45766802e-02
   6.64093054e-02   8.19343878e-02   8.19343879e-02   8.76457907e-02
   8.76457908e-02   8.92888978e-02   8.92888979e-02   9.93638451e-02
   1.07993951e-01   1.07993951e-01   1.26541254e-01   1.31915634e-01
   1.31915635e-01   1.37046069e-01   1.37046069e-01   1.42565157e-01
   1.76214104e-01   1.76214105e-01   1.92593139e-01   1.92593139e-01
   2.20449253e-01   2.21131890e-01   2.21131891e-01   2.28184588e-01
   2.30913745e-01   2.30913745e-01   2.55564774e-01   2.55564775e-01
   2.59772777e-01   2.61933045e-01   2.61933045e-01   2.97078942e-01
   2.97078943e-01   2.98550893e-01   2.98550893e-01   3.04357427e-01
   3.21335029e-01   3.29384825e-01   3.35396105e-01   3.35396106e-01
   3.45042659e-01   3.45042659e-01   3.47452899e-01   3.47452900e-01
   3.60149774e-01   3.60149776e-01   3.75859982e-01   3.75859983e-01
   4.03640594e-01   4.03640595e-01   4.17814641e-01   4.41913599e-01
   4.47638647e-01   4.47638648e-01   4.67161958e-01   4.67161959e-01
   5.03094074e-01   5.10066361e-01   5.10066366e-01   5.31104397e-01
   5.31104397e-01   6.01188605e-01   6.02218807e-01   6.02218809e-01
   1.23173909e+00   1.23173909e+00   1.23223603e+00   1.23223603e+00
   1.23717528e+00   1.23717528e+00   1.24293877e+00   1.24293877e+00
   1.25049493e+00   1.25049494e+00   1.25261153e+00   1.25261153e+00
   1.25350587e+00   1.25350587e+00   1.25394265e+00   1.25638153e+00
   1.26102651e+00   1.26911963e+00   1.27260194e+00   1.27368859e+00
   1.27368859e+00   1.29324240e+00   1.30584511e+00   1.30584511e+00
   1.32265072e+00   1.32265072e+00   1.32606786e+00   1.32606786e+00
   1.33432905e+00   1.33432905e+00   1.46883827e+00   1.47040226e+00
   1.47040226e+00   1.50080851e+00   1.50080851e+00   1.53183601e+00
   1.53276768e+00   1.53276768e+00   1.55269707e+00   1.55269707e+00
   1.55476433e+00   1.60602613e+00   1.60602613e+00   1.60829675e+00
   1.60829675e+00   1.72625918e+00   1.73330562e+00   1.73330562e+00
   3.83545345e+00   4.17079905e+00   4.17079906e+00   4.22707284e+00
   4.22707284e+00   4.36483320e+00   6.18273158e+00   6.18273158e+00
   6.18521522e+00   6.18521522e+00   6.18944750e+00   6.18944750e+00
   6.18948547e+00   6.18948547e+00   6.19086008e+00   6.19086008e+00
   6.19176947e+00   6.19434382e+00   6.19434382e+00   6.19523017e+00
   6.19523017e+00   6.19613596e+00   6.20095941e+00   6.20125421e+00
   6.20172184e+00   6.20208639e+00   6.20208639e+00   6.21350747e+00
   6.22128310e+00   6.22128311e+00   6.23290433e+00   6.23290433e+00
   6.23372143e+00   6.23372143e+00   6.24001338e+00   6.24001338e+00]
E_coul = 635.877396955629
cycle= 1 E= -971.121366194152  delta_E= 0.043  |g|= 0.0885  |ddm|= 1.63
    CPU time for cycle= 1      0.89 sec, wall time      0.90 sec
diis-norm(errvec)=0.214218
diis-c [-0.04588949  1.        ]
  HOMO = -0.150688929547647  LUMO = 0.00120061771977839
  mo_energy =
[ -4.04774545e+01  -4.04679679e+01  -4.04679679e+01  -4.04679664e+01
  -4.04679664e+01  -4.04679624e+01  -2.79209973e+00  -2.78456151e+00
  -2.78455250e+00  -2.78455250e+00  -2.78453742e+00  -2.78453742e+00
  -1.51343256e+00  -1.51343256e+00  -1.51321711e+00  -1.50533971e+00
  -1.50524161e+00  -1.50524161e+00  -1.50517059e+00  -1.50517059e+00
  -1.50507856e+00  -1.50505463e+00  -1.50505463e+00  -1.50503988e+00
  -1.50503988e+00  -1.50481735e+00  -1.50481735e+00  -1.50469911e+00
  -1.50469911e+00  -1.50456220e+00  -2.29977904e-01  -1.50688931e-01
  -1.50688930e-01   1.20061772e-03   4.67418059e-03   4.67418080e-03
   1.92932072e-02   4.19181179e-02   4.19181185e-02   4.95264488e-02
   4.95264492e-02   5.93481819e-02   5.93481819e-02   6.19432602e-02
   7.60956848e-02   8.69852295e-02   8.69852297e-02   9.53679208e-02
   9.53679210e-02   9.55074514e-02   9.55074515e-02   1.11542651e-01
   1.11542651e-01   1.12113301e-01   1.39200225e-01   1.39200226e-01
   1.43463809e-01   1.44283834e-01   1.47116661e-01   1.47116662e-01
   1.92160744e-01   1.92160745e-01   2.06159215e-01   2.06159215e-01
   2.34689051e-01   2.36096142e-01   2.36096143e-01   2.42771491e-01
   2.47789725e-01   2.47789725e-01   2.69115502e-01   2.69115504e-01
   2.72580624e-01   2.73409568e-01   2.73409568e-01   3.08016290e-01
   3.08016290e-01   3.12296739e-01   3.12296739e-01   3.16825282e-01
   3.28478966e-01   3.40337781e-01   3.50741770e-01   3.50741771e-01
   3.55772303e-01   3.55772304e-01   3.59292561e-01   3.59292561e-01
   3.72348165e-01   3.72348166e-01   3.92503043e-01   3.92503043e-01
   4.17911936e-01   4.17911937e-01   4.29832247e-01   4.72465471e-01
   4.74506075e-01   4.74506076e-01   4.81396493e-01   4.81396495e-01
   5.25635197e-01   5.33502156e-01   5.33502160e-01   5.49767729e-01
   5.49767729e-01   6.23658533e-01   6.32679140e-01   6.32679143e-01
   1.25095045e+00   1.25095045e+00   1.25442159e+00   1.25442159e+00
   1.25558048e+00   1.25558048e+00   1.26222267e+00   1.26222267e+00
   1.26990278e+00   1.26990278e+00   1.27132354e+00   1.27132354e+00
   1.27150071e+00   1.27203255e+00   1.27203255e+00   1.27308097e+00
   1.27788932e+00   1.28771792e+00   1.29092986e+00   1.29120432e+00
   1.29120432e+00   1.31346117e+00   1.32138705e+00   1.32138705e+00
   1.33564867e+00   1.33564867e+00   1.34298609e+00   1.34298609e+00
   1.34883999e+00   1.34883999e+00   1.48515230e+00   1.48606171e+00
   1.48606171e+00   1.51906522e+00   1.51906522e+00   1.55040784e+00
   1.55579799e+00   1.55579799e+00   1.57167287e+00   1.57288808e+00
   1.57288808e+00   1.62434596e+00   1.62434597e+00   1.62618156e+00
   1.62618156e+00   1.74505190e+00   1.75856241e+00   1.75856241e+00
   3.84961614e+00   4.18584853e+00   4.18584854e+00   4.24283689e+00
   4.24283689e+00   4.38157577e+00   6.19441552e+00   6.19441552e+00
   6.19709761e+00   6.19709761e+00   6.20112676e+00   6.20112676e+00
   6.20117703e+00   6.20117703e+00   6.20257851e+00   6.20257851e+00
   6.20327926e+00   6.20596195e+00   6.20596195e+00   6.20711945e+00
   6.20711945e+00   6.20763402e+00   6.21268556e+00   6.21299416e+00
   6.21384852e+00   6.21384852e+00   6.21385070e+00   6.22501213e+00
   6.23330261e+00   6.23330261e+00   6.24496165e+00   6.24496165e+00
   6.24594145e+00   6.24594145e+00   6.25159930e+00   6.25159930e+00]
E_coul = 636.434101262125
cycle= 2 E= -971.125945400949  delta_E= -0.00458  |g|= 0.0272  |ddm|= 0.277
    CPU time for cycle= 2      0.91 sec, wall time      0.91 sec
diis-norm(errvec)=0.0779065
diis-c [-0.00516027 -0.17564679  1.17564679]
  HOMO = -0.14958687955869  LUMO = 0.00484210537887176
  mo_energy =
[ -4.04526546e+01  -4.04526546e+01  -4.04526531e+01  -4.04526531e+01
  -4.04526490e+01  -4.04489084e+01  -2.77684828e+00  -2.77683708e+00
  -2.77683707e+00  -2.77682201e+00  -2.77682201e+00  -2.77586701e+00
  -1.49823680e+00  -1.49823680e+00  -1.49810335e+00  -1.49759015e+00
  -1.49759015e+00  -1.49751429e+00  -1.49750620e+00  -1.49750620e+00
  -1.49739348e+00  -1.49739348e+00  -1.49735432e+00  -1.49735432e+00
  -1.49725542e+00  -1.49713459e+00  -1.49713459e+00  -1.49707311e+00
  -1.49707311e+00  -1.49696606e+00  -2.26510964e-01  -1.49586881e-01
  -1.49586880e-01   4.84210538e-03   6.63069929e-03   6.63069948e-03
   2.18875779e-02   4.25041585e-02   4.25041589e-02   5.11693531e-02
   5.11693534e-02   5.98951449e-02   5.98951450e-02   6.46547428e-02
   7.83027004e-02   8.79661756e-02   8.79661758e-02   9.55434849e-02
   9.55434850e-02   9.68380559e-02   9.68380559e-02   1.12234756e-01
   1.12234756e-01   1.13973773e-01   1.42420600e-01   1.42420600e-01
   1.43518034e-01   1.47233523e-01   1.48436947e-01   1.48436948e-01
   1.95393399e-01   1.95393400e-01   2.08054440e-01   2.08054441e-01
   2.38278503e-01   2.38393765e-01   2.38393766e-01   2.45946712e-01
   2.50386275e-01   2.50386275e-01   2.71290726e-01   2.71290728e-01
   2.75521341e-01   2.75637297e-01   2.75637297e-01   3.09694424e-01
   3.09694425e-01   3.14524961e-01   3.14524962e-01   3.19794772e-01
   3.29971671e-01   3.41665175e-01   3.53222598e-01   3.53222600e-01
   3.58378318e-01   3.58378319e-01   3.61196672e-01   3.61196672e-01
   3.74691216e-01   3.74691217e-01   3.95158749e-01   3.95158749e-01
   4.22796649e-01   4.22796651e-01   4.32051765e-01   4.75060778e-01
   4.76809916e-01   4.76809917e-01   4.83918160e-01   4.83918162e-01
   5.31675760e-01   5.36447751e-01   5.36447755e-01   5.56426715e-01
   5.56426715e-01   6.26807891e-01   6.38004616e-01   6.38004619e-01
   1.25489029e+00   1.25489029e+00   1.25912102e+00   1.25912102e+00
   1.25964808e+00   1.25964808e+00   1.26618137e+00   1.26618137e+00
   1.27376582e+00   1.27376582e+00   1.27457878e+00   1.27457878e+00
   1.27535001e+00   1.27656887e+00   1.27728621e+00   1.27728621e+00
   1.28293767e+00   1.29144494e+00   1.29467502e+00   1.29491248e+00
   1.29491248e+00   1.31944470e+00   1.32623661e+00   1.32623661e+00
   1.34282243e+00   1.34282243e+00   1.34920603e+00   1.34920603e+00
   1.35343275e+00   1.35343275e+00   1.49033826e+00   1.49062084e+00
   1.49062084e+00   1.52385044e+00   1.52385044e+00   1.55999450e+00
   1.56092425e+00   1.56092425e+00   1.57728232e+00   1.57790895e+00
   1.57790895e+00   1.62948208e+00   1.62948208e+00   1.63133617e+00
   1.63133617e+00   1.75012627e+00   1.76860204e+00   1.76860204e+00
   3.85778721e+00   4.19258362e+00   4.19258363e+00   4.24949227e+00
   4.24949228e+00   4.39428237e+00   6.20186580e+00   6.20186580e+00
   6.20673793e+00   6.20673793e+00   6.20844494e+00   6.20844494e+00
   6.20994781e+00   6.20994781e+00   6.21000553e+00   6.21000553e+00
   6.21258047e+00   6.21373961e+00   6.21373961e+00   6.21637480e+00
   6.21637480e+00   6.21696808e+00   6.22022707e+00   6.22038789e+00
   6.22116762e+00   6.22174005e+00   6.22174005e+00   6.23584523e+00
   6.24081871e+00   6.24081871e+00   6.25318030e+00   6.25318030e+00
   6.25654995e+00   6.25654995e+00   6.26384239e+00   6.26384239e+00]
E_coul = 636.383674773714
cycle= 3 E= -971.126713356371  delta_E= -0.000768  |g|= 0.0101  |ddm|= 0.124
    CPU time for cycle= 3      0.92 sec, wall time      0.92 sec
diis-norm(errvec)=0.0287655
diis-c [ -3.32075313e-04  -8.92956142e-02  -1.40010407e-01   1.22930602e+00]
  HOMO = -0.14937708560492  LUMO = 0.0060104223505202
  mo_energy =
[ -4.04599772e+01  -4.04564939e+01  -4.04564939e+01  -4.04564924e+01
  -4.04564923e+01  -4.04564883e+01  -2.78084042e+00  -2.77712833e+00
  -2.77711926e+00  -2.77711926e+00  -2.77710430e+00  -2.77710430e+00
  -1.50296124e+00  -1.50296124e+00  -1.50266643e+00  -1.49812250e+00
  -1.49800729e+00  -1.49800729e+00  -1.49790179e+00  -1.49790179e+00
  -1.49780493e+00  -1.49775148e+00  -1.49775148e+00  -1.49772456e+00
  -1.49772456e+00  -1.49763545e+00  -1.49763545e+00  -1.49741980e+00
  -1.49741980e+00  -1.49726088e+00  -2.25219807e-01  -1.49377087e-01
  -1.49377086e-01   6.01042235e-03   7.40309175e-03   7.40309194e-03
   2.27229234e-02   4.28497063e-02   4.28497067e-02   5.14510660e-02
   5.14510663e-02   6.01975308e-02   6.01975308e-02   6.47417330e-02
   7.88227422e-02   8.83626759e-02   8.83626761e-02   9.60804922e-02
   9.60804923e-02   9.72937419e-02   9.72937419e-02   1.12511777e-01
   1.12511777e-01   1.14802212e-01   1.42556974e-01   1.42556975e-01
   1.43621125e-01   1.48253556e-01   1.48939666e-01   1.48939666e-01
   1.95929830e-01   1.95929831e-01   2.08917029e-01   2.08917029e-01
   2.38818584e-01   2.39256926e-01   2.39256927e-01   2.46348219e-01
   2.51502379e-01   2.51502379e-01   2.72255837e-01   2.72255839e-01
   2.75999829e-01   2.76480143e-01   2.76480143e-01   3.10398149e-01
   3.10398149e-01   3.15226196e-01   3.15226197e-01   3.20460424e-01
   3.30678659e-01   3.42479700e-01   3.54018405e-01   3.54018406e-01
   3.58836558e-01   3.58836559e-01   3.62186135e-01   3.62186135e-01
   3.75692275e-01   3.75692276e-01   3.96059511e-01   3.96059511e-01
   4.23058073e-01   4.23058075e-01   4.33085438e-01   4.76024819e-01
   4.78043872e-01   4.78043872e-01   4.85105932e-01   4.85105934e-01
   5.31983345e-01   5.37874884e-01   5.37874889e-01   5.56675653e-01
   5.56675653e-01   6.28315844e-01   6.38709108e-01   6.38709111e-01
   1.25618296e+00   1.25618296e+00   1.26002936e+00   1.26002936e+00
   1.26044688e+00   1.26044689e+00   1.26729252e+00   1.26729252e+00
   1.27506386e+00   1.27506386e+00   1.27566332e+00   1.27566332e+00
   1.27613374e+00   1.27773408e+00   1.27777235e+00   1.27777235e+00
   1.28304328e+00   1.29276424e+00   1.29579516e+00   1.29579516e+00
   1.29600543e+00   1.31888175e+00   1.32687321e+00   1.32687321e+00
   1.34198494e+00   1.34198494e+00   1.34925916e+00   1.34925916e+00
   1.35379389e+00   1.35379389e+00   1.49098250e+00   1.49138402e+00
   1.49138402e+00   1.52472646e+00   1.52472646e+00   1.55794620e+00
   1.56215692e+00   1.56215692e+00   1.57751394e+00   1.57860760e+00
   1.57860760e+00   1.63042966e+00   1.63042967e+00   1.63191533e+00
   1.63191533e+00   1.75110734e+00   1.76668494e+00   1.76668494e+00
   3.85716063e+00   4.19271158e+00   4.19271159e+00   4.24966733e+00
   4.24966733e+00   4.39121429e+00   6.20166428e+00   6.20166428e+00
   6.20525644e+00   6.20525644e+00   6.20826221e+00   6.20826221e+00
   6.20909164e+00   6.20909164e+00   6.20971747e+00   6.20971747e+00
   6.21148164e+00   6.21323425e+00   6.21323425e+00   6.21511451e+00
   6.21511451e+00   6.21532427e+00   6.21996373e+00   6.22021708e+00
   6.22099841e+00   6.22110236e+00   6.22110236e+00   6.23329813e+00
   6.24056014e+00   6.24056014e+00   6.25297310e+00   6.25297310e+00
   6.25392140e+00   6.25392140e+00   6.26062919e+00   6.26062919e+00]
E_coul = 636.472760634118
cycle= 4 E= -971.126820995869  delta_E= -0.000108  |g|= 0.00257  |ddm|= 0.0538
    CPU time for cycle= 4      0.90 sec, wall time      0.90 sec
diis-norm(errvec)=0.0067635
diis-c [ -2.17859777e-05   2.81299852e-02  -7.35576108e-02  -1.21532848e-01
   1.16696047e+00]
  HOMO = -0.149440552821739  LUMO = 0.00606083945232673
  mo_energy =
[ -4.04578162e+01  -4.04548629e+01  -4.04548629e+01  -4.04548614e+01
  -4.04548613e+01  -4.04548573e+01  -2.78063883e+00  -2.77648817e+00
  -2.77647903e+00  -2.77647903e+00  -2.77646398e+00  -2.77646398e+00
  -1.50279732e+00  -1.50279732e+00  -1.50248044e+00  -1.49747509e+00
  -1.49736108e+00  -1.49736108e+00  -1.49725063e+00  -1.49725063e+00
  -1.49714439e+00  -1.49709227e+00  -1.49709227e+00  -1.49707440e+00
  -1.49707440e+00  -1.49697259e+00  -1.49697259e+00  -1.49676622e+00
  -1.49676622e+00  -1.49660705e+00  -2.25033328e-01  -1.49440554e-01
  -1.49440553e-01   6.06083945e-03   7.44467825e-03   7.44467844e-03
   2.27389769e-02   4.28118636e-02   4.28118640e-02   5.14573013e-02
   5.14573017e-02   6.02183318e-02   6.02183318e-02   6.46451298e-02
   7.87987173e-02   8.83776383e-02   8.83776385e-02   9.61091469e-02
   9.61091470e-02   9.73147937e-02   9.73147938e-02   1.12524562e-01
   1.12524562e-01   1.14797230e-01   1.42463725e-01   1.42463725e-01
   1.43637777e-01   1.48257961e-01   1.48935057e-01   1.48935058e-01
   1.95841607e-01   1.95841608e-01   2.08959798e-01   2.08959798e-01
   2.38709834e-01   2.39287180e-01   2.39287181e-01   2.46233103e-01
   2.51513141e-01   2.51513141e-01   2.72292592e-01   2.72292593e-01
   2.75918317e-01   2.76523275e-01   2.76523275e-01   3.10380367e-01
   3.10380367e-01   3.15217256e-01   3.15217256e-01   3.20384418e-01
   3.30744729e-01   3.42513185e-01   3.53975211e-01   3.53975212e-01
   3.58763604e-01   3.58763605e-01   3.62201619e-01   3.62201619e-01
   3.75761989e-01   3.75761990e-01   3.96001900e-01   3.96001900e-01
   4.22859755e-01   4.22859756e-01   4.33154436e-01   4.75862466e-01
   4.78029110e-01   4.78029110e-01   4.85173593e-01   4.85173595e-01
   5.31761022e-01   5.37899784e-01   5.37899788e-01   5.56438990e-01
   5.56438990e-01   6.28401197e-01   6.38545372e-01   6.38545375e-01
   1.25633617e+00   1.25633617e+00   1.25993738e+00   1.25993738e+00
   1.26060947e+00   1.26060947e+00   1.26741573e+00   1.26741573e+00
   1.27522180e+00   1.27522180e+00   1.27579640e+00   1.27579640e+00
   1.27618249e+00   1.27772514e+00   1.27772514e+00   1.27788310e+00
   1.28293971e+00   1.29293487e+00   1.29587804e+00   1.29587804e+00
   1.29618813e+00   1.31858691e+00   1.32689536e+00   1.32689537e+00
   1.34174997e+00   1.34174997e+00   1.34910438e+00   1.34910438e+00
   1.35381754e+00   1.35381754e+00   1.49128833e+00   1.49170417e+00
   1.49170417e+00   1.52504721e+00   1.52504721e+00   1.55770374e+00
   1.56248450e+00   1.56248451e+00   1.57770723e+00   1.57884266e+00
   1.57884266e+00   1.63074714e+00   1.63074715e+00   1.63214200e+00
   1.63214200e+00   1.75143391e+00   1.76642365e+00   1.76642365e+00
   3.85758577e+00   4.19322395e+00   4.19322396e+00   4.25018132e+00
   4.25018132e+00   4.39134524e+00   6.20228227e+00   6.20228227e+00
   6.20571590e+00   6.20571590e+00   6.20888340e+00   6.20888340e+00
   6.20960737e+00   6.20960737e+00   6.21032961e+00   6.21032961e+00
   6.21194233e+00   6.21382316e+00   6.21382316e+00   6.21561475e+00
   6.21561475e+00   6.21580764e+00   6.22057604e+00   6.22083823e+00
   6.22161471e+00   6.22167845e+00   6.22167845e+00   6.23369300e+00
   6.24116507e+00   6.24116508e+00   6.25356432e+00   6.25356432e+00
   6.25430441e+00   6.25430441e+00   6.26092801e+00   6.26092801e+00]
E_coul = 636.454302575751
cycle= 5 E= -971.126825434173  delta_E= -4.44e-06  |g|= 0.00065  |ddm|= 0.00775
    CPU time for cycle= 5      0.88 sec, wall time      0.88 sec
diis-norm(errvec)=0.00179435
diis-c [ -1.26222172e-06   8.26886616e-03   1.00757405e-02  -8.36418646e-02
  -7.91780552e-02   1.14447531e+00]
  HOMO = -0.149516753821442  LUMO = 0.0060397503196972
  mo_energy =
[ -4.04586554e+01  -4.04552265e+01  -4.04552265e+01  -4.04552250e+01
  -4.04552250e+01  -4.04552210e+01  -2.78105450e+00  -2.77666286e+00
  -2.77665370e+00  -2.77665370e+00  -2.77663865e+00  -2.77663865e+00
  -1.50321558e+00  -1.50321558e+00  -1.50290626e+00  -1.49764564e+00
  -1.49753287e+00  -1.49753287e+00  -1.49742154e+00  -1.49742154e+00
  -1.49731473e+00  -1.49726270e+00  -1.49726270e+00  -1.49724416e+00
  -1.49724416e+00  -1.49714373e+00  -1.49714373e+00  -1.49693838e+00
  -1.49693838e+00  -1.49677940e+00  -2.25066886e-01  -1.49516755e-01
  -1.49516754e-01   6.03975032e-03   7.41939504e-03   7.41939522e-03
   2.27053261e-02   4.27800990e-02   4.27800994e-02   5.14557127e-02
   5.14557131e-02   6.02104480e-02   6.02104480e-02   6.46356851e-02
   7.87778570e-02   8.83664766e-02   8.83664768e-02   9.60890994e-02
   9.60890995e-02   9.73008708e-02   9.73008708e-02   1.12518790e-01
   1.12518790e-01   1.14757990e-01   1.42450435e-01   1.42450436e-01
   1.43638059e-01   1.48205815e-01   1.48900451e-01   1.48900451e-01
   1.95788617e-01   1.95788618e-01   2.08921482e-01   2.08921482e-01
   2.38662423e-01   2.39250037e-01   2.39250038e-01   2.46187843e-01
   2.51463186e-01   2.51463186e-01   2.72252367e-01   2.72252368e-01
   2.75878542e-01   2.76496362e-01   2.76496362e-01   3.10341680e-01
   3.10341680e-01   3.15177160e-01   3.15177161e-01   3.20335986e-01
   3.30725631e-01   3.42482278e-01   3.53926137e-01   3.53926138e-01
   3.58729412e-01   3.58729413e-01   3.62157109e-01   3.62157109e-01
   3.75740367e-01   3.75740368e-01   3.95946190e-01   3.95946191e-01
   4.22809763e-01   4.22809764e-01   4.33131803e-01   4.75747343e-01
   4.77953810e-01   4.77953811e-01   4.85121015e-01   4.85121017e-01
   5.31658585e-01   5.37819595e-01   5.37819599e-01   5.56381950e-01
   5.56381951e-01   6.28335227e-01   6.38429061e-01   6.38429064e-01
   1.25626249e+00   1.25626249e+00   1.25981833e+00   1.25981833e+00
   1.26053813e+00   1.26053813e+00   1.26734174e+00   1.26734174e+00
   1.27514794e+00   1.27514794e+00   1.27572498e+00   1.27572499e+00
   1.27610049e+00   1.27762490e+00   1.27762490e+00   1.27781230e+00
   1.28283753e+00   1.29286040e+00   1.29579973e+00   1.29579973e+00
   1.29612188e+00   1.31843780e+00   1.32680665e+00   1.32680665e+00
   1.34163955e+00   1.34163955e+00   1.34899174e+00   1.34899174e+00
   1.35373589e+00   1.35373589e+00   1.49118951e+00   1.49160448e+00
   1.49160448e+00   1.52494212e+00   1.52494212e+00   1.55745990e+00
   1.56236513e+00   1.56236514e+00   1.57758135e+00   1.57872242e+00
   1.57872243e+00   1.63063838e+00   1.63063839e+00   1.63202917e+00
   1.63202917e+00   1.75132706e+00   1.76616325e+00   1.76616325e+00
   3.85739356e+00   4.19306994e+00   4.19306995e+00   4.25002416e+00
   4.25002417e+00   4.39102331e+00   6.20211671e+00   6.20211671e+00
   6.20547551e+00   6.20547551e+00   6.20871962e+00   6.20871962e+00
   6.20939519e+00   6.20939519e+00   6.21016448e+00   6.21016448e+00
   6.21169957e+00   6.21364625e+00   6.21364625e+00   6.21539730e+00
   6.21539730e+00   6.21558339e+00   6.22040934e+00   6.22067503e+00
   6.22144829e+00   6.22149591e+00   6.22149591e+00   6.23342761e+00
   6.24099472e+00   6.24099472e+00   6.25338232e+00   6.25338232e+00
   6.25403899e+00   6.25403899e+00   6.26061656e+00   6.26061656e+00]
E_coul = 636.458232511323
cycle= 6 E= -971.126825741277  delta_E= -3.07e-07  |g|= 0.000136  |ddm|= 0.00236
    CPU time for cycle= 6      0.88 sec, wall time      0.89 sec
diis-norm(errvec)=0.000352429
diis-c [ -5.48081408e-08  -1.42107775e-03   1.98278900e-03   9.93382438e-03
  -5.84967016e-02  -5.77677242e-02   1.10576889e+00]
  HOMO = -0.149507543681762  LUMO = 0.00605908365100377
  mo_energy =
[ -4.04584685e+01  -4.04551481e+01  -4.04551481e+01  -4.04551466e+01
  -4.04551466e+01  -4.04551425e+01  -2.78094681e+00  -2.77661901e+00
  -2.77660986e+00  -2.77660986e+00  -2.77659482e+00  -2.77659482e+00
  -1.50310911e+00  -1.50310911e+00  -1.50280166e+00  -1.49760016e+00
  -1.49748736e+00  -1.49748736e+00  -1.49737746e+00  -1.49737746e+00
  -1.49727199e+00  -1.49721983e+00  -1.49721983e+00  -1.49719994e+00
  -1.49719994e+00  -1.49710086e+00  -1.49710086e+00  -1.49689500e+00
  -1.49689500e+00  -1.49673614e+00  -2.25045397e-01  -1.49507545e-01
  -1.49507544e-01   6.05908365e-03   7.42848214e-03   7.42848232e-03
   2.27176993e-02   4.27893993e-02   4.27893997e-02   5.14650959e-02
   5.14650963e-02   6.02173430e-02   6.02173430e-02   6.46509174e-02
   7.87900689e-02   8.83727659e-02   8.83727661e-02   9.60963217e-02
   9.60963218e-02   9.73046456e-02   9.73046456e-02   1.12522640e-01
   1.12522640e-01   1.14774908e-01   1.42465105e-01   1.42465106e-01
   1.43638592e-01   1.48227438e-01   1.48910254e-01   1.48910254e-01
   1.95808129e-01   1.95808130e-01   2.08932727e-01   2.08932727e-01
   2.38685205e-01   2.39265517e-01   2.39265518e-01   2.46213428e-01
   2.51479854e-01   2.51479854e-01   2.72264245e-01   2.72264246e-01
   2.75900055e-01   2.76508620e-01   2.76508620e-01   3.10358454e-01
   3.10358455e-01   3.15192407e-01   3.15192407e-01   3.20355249e-01
   3.30731857e-01   3.42498042e-01   3.53946259e-01   3.53946260e-01
   3.58744984e-01   3.58744985e-01   3.62173195e-01   3.62173195e-01
   3.75751881e-01   3.75751882e-01   3.95968981e-01   3.95968981e-01
   4.22835786e-01   4.22835787e-01   4.33142816e-01   4.75784791e-01
   4.77977899e-01   4.77977899e-01   4.85137398e-01   4.85137400e-01
   5.31696887e-01   5.37841064e-01   5.37841068e-01   5.56412128e-01
   5.56412128e-01   6.28354312e-01   6.38466132e-01   6.38466135e-01
   1.25628704e+00   1.25628704e+00   1.25985565e+00   1.25985565e+00
   1.26056174e+00   1.26056174e+00   1.26736879e+00   1.26736879e+00
   1.27517300e+00   1.27517300e+00   1.27575073e+00   1.27575073e+00
   1.27613042e+00   1.27765749e+00   1.27765749e+00   1.27783428e+00
   1.28287351e+00   1.29288419e+00   1.29582793e+00   1.29582793e+00
   1.29614407e+00   1.31848370e+00   1.32683531e+00   1.32683531e+00
   1.34168075e+00   1.34168075e+00   1.34903027e+00   1.34903027e+00
   1.35376300e+00   1.35376300e+00   1.49122063e+00   1.49163488e+00
   1.49163488e+00   1.52497332e+00   1.52497332e+00   1.55752817e+00
   1.56239534e+00   1.56239535e+00   1.57761846e+00   1.57875685e+00
   1.57875685e+00   1.63066722e+00   1.63066723e+00   1.63206294e+00
   1.63206294e+00   1.75135530e+00   1.76623468e+00   1.76623468e+00
   3.85744335e+00   4.19310904e+00   4.19310905e+00   4.25006375e+00
   4.25006375e+00   4.39110851e+00   6.20215942e+00   6.20215942e+00
   6.20553727e+00   6.20553727e+00   6.20876203e+00   6.20876203e+00
   6.20945079e+00   6.20945079e+00   6.21020751e+00   6.21020751e+00
   6.21176254e+00   6.21369224e+00   6.21369224e+00   6.21545338e+00
   6.21545338e+00   6.21564148e+00   6.22045213e+00   6.22071708e+00
   6.22149073e+00   6.22154348e+00   6.22154348e+00   6.23349582e+00
   6.24103827e+00   6.24103828e+00   6.25342936e+00   6.25342936e+00
   6.25410698e+00   6.25410698e+00   6.26069651e+00   6.26069651e+00]
E_coul = 636.45731573896
cycle= 7 E= -971.12682575566  delta_E= -1.44e-08  |g|= 2.29e-05  |ddm|= 0.000543
    CPU time for cycle= 7      0.90 sec, wall time      0.89 sec
diis-norm(errvec)=7.61693e-05
diis-c [ -1.95455993e-09  -9.70871520e-06  -1.19883105e-03   2.56922074e-03
   1.49103541e-02  -5.21546968e-02  -1.42485797e-01   1.17836946e+00]
  HOMO = -0.149508874820421  LUMO = 0.0060587402275663
  mo_energy =
[ -4.04584833e+01  -4.04551517e+01  -4.04551517e+01  -4.04551501e+01
  -4.04551501e+01  -4.04551461e+01  -2.78095466e+00  -2.77662114e+00
  -2.77661199e+00  -2.77661199e+00  -2.77659695e+00  -2.77659695e+00
  -1.50311696e+00  -1.50311696e+00  -1.50280954e+00  -1.49760241e+00
  -1.49748962e+00  -1.49748962e+00  -1.49737956e+00  -1.49737956e+00
  -1.49727444e+00  -1.49722226e+00  -1.49722226e+00  -1.49720206e+00
  -1.49720206e+00  -1.49710332e+00  -1.49710332e+00  -1.49689708e+00
  -1.49689708e+00  -1.49673819e+00  -2.25048109e-01  -1.49508876e-01
  -1.49508875e-01   6.05874023e-03   7.42774740e-03   7.42774758e-03
   2.27155785e-02   4.27882937e-02   4.27882941e-02   5.14650131e-02
   5.14650134e-02   6.02175657e-02   6.02175657e-02   6.46507427e-02
   7.87893363e-02   8.83724147e-02   8.83724149e-02   9.60956248e-02
   9.60956249e-02   9.73040633e-02   9.73040634e-02   1.12522650e-01
   1.12522650e-01   1.14773312e-01   1.42464591e-01   1.42464592e-01
   1.43638961e-01   1.48225600e-01   1.48909323e-01   1.48909324e-01
   1.95806368e-01   1.95806369e-01   2.08931396e-01   2.08931396e-01
   2.38683871e-01   2.39263992e-01   2.39263993e-01   2.46212718e-01
   2.51477844e-01   2.51477844e-01   2.72262839e-01   2.72262840e-01
   2.75899273e-01   2.76507898e-01   2.76507898e-01   3.10357918e-01
   3.10357918e-01   3.15191558e-01   3.15191558e-01   3.20354347e-01
   3.30731800e-01   3.42497439e-01   3.53945048e-01   3.53945049e-01
   3.58744797e-01   3.58744798e-01   3.62171967e-01   3.62171967e-01
   3.75750835e-01   3.75750836e-01   3.95967523e-01   3.95967524e-01
   4.22834756e-01   4.22834757e-01   4.33141738e-01   4.75781274e-01
   4.77975567e-01   4.77975568e-01   4.85135703e-01   4.85135705e-01
   5.31694245e-01   5.37838271e-01   5.37838275e-01   5.56410482e-01
   5.56410482e-01   6.28351770e-01   6.38462318e-01   6.38462320e-01
   1.25628513e+00   1.25628513e+00   1.25985320e+00   1.25985320e+00
   1.26056006e+00   1.26056006e+00   1.26736708e+00   1.26736708e+00
   1.27517127e+00   1.27517127e+00   1.27574949e+00   1.27574949e+00
   1.27612941e+00   1.27765568e+00   1.27765568e+00   1.27783322e+00
   1.28287203e+00   1.29288219e+00   1.29582679e+00   1.29582679e+00
   1.29614224e+00   1.31848099e+00   1.32683387e+00   1.32683387e+00
   1.34167957e+00   1.34167957e+00   1.34902864e+00   1.34902864e+00
   1.35376210e+00   1.35376210e+00   1.49121847e+00   1.49163289e+00
   1.49163289e+00   1.52497089e+00   1.52497089e+00   1.55752351e+00
   1.56239205e+00   1.56239205e+00   1.57761641e+00   1.57875452e+00
   1.57875453e+00   1.63066484e+00   1.63066484e+00   1.63206100e+00
   1.63206100e+00   1.75135276e+00   1.76622897e+00   1.76622897e+00
   3.85744029e+00   4.19310661e+00   4.19310662e+00   4.25006121e+00
   4.25006121e+00   4.39110231e+00   6.20215717e+00   6.20215717e+00
   6.20553337e+00   6.20553337e+00   6.20875986e+00   6.20875986e+00
   6.20944751e+00   6.20944751e+00   6.21020533e+00   6.21020533e+00
   6.21175862e+00   6.21368979e+00   6.21368979e+00   6.21544994e+00
   6.21544994e+00   6.21563801e+00   6.22044985e+00   6.22071488e+00
   6.22148852e+00   6.22154094e+00   6.22154094e+00   6.23349141e+00
   6.24103595e+00   6.24103595e+00   6.25342676e+00   6.25342676e+00
   6.25410248e+00   6.25410248e+00   6.26069102e+00   6.26069102e+00]
E_coul = 636.457473918326
cycle= 8 E= -971.126825756321  delta_E= -6.61e-10  |g|= 4.04e-06  |ddm|= 0.000202
    CPU time for cycle= 8      0.88 sec, wall time      0.89 sec
  HOMO = -0.149508058614338  LUMO = 0.00605923908886534
  mo_energy =
[ -4.04584804e+01  -4.04551514e+01  -4.04551514e+01  -4.04551499e+01
  -4.04551499e+01  -4.04551459e+01  -2.78095239e+00  -2.77662050e+00
  -2.77661135e+00  -2.77661135e+00  -2.77659630e+00  -2.77659630e+00
  -1.50311477e+00  -1.50311477e+00  -1.50280723e+00  -1.49760174e+00
  -1.49748894e+00  -1.49748894e+00  -1.49737888e+00  -1.49737888e+00
  -1.49727378e+00  -1.49722160e+00  -1.49722160e+00  -1.49720139e+00
  -1.49720139e+00  -1.49710265e+00  -1.49710265e+00  -1.49689638e+00
  -1.49689638e+00  -1.49673749e+00  -2.25047340e-01  -1.49508060e-01
  -1.49508059e-01   6.05923909e-03   7.42805453e-03   7.42805471e-03
   2.27158779e-02   4.27885074e-02   4.27885078e-02   5.14653288e-02
   5.14653291e-02   6.02177977e-02   6.02177977e-02   6.46510169e-02
   7.87895943e-02   8.83725591e-02   8.83725593e-02   9.60957349e-02
   9.60957351e-02   9.73041583e-02   9.73041583e-02   1.12522753e-01
   1.12522753e-01   1.14773730e-01   1.42464972e-01   1.42464972e-01
   1.43639016e-01   1.48226251e-01   1.48909717e-01   1.48909717e-01
   1.95807022e-01   1.95807023e-01   2.08931839e-01   2.08931839e-01
   2.38684426e-01   2.39264510e-01   2.39264511e-01   2.46213320e-01
   2.51478395e-01   2.51478395e-01   2.72263265e-01   2.72263266e-01
   2.75899943e-01   2.76508256e-01   2.76508256e-01   3.10358395e-01
   3.10358396e-01   3.15192090e-01   3.15192090e-01   3.20354819e-01
   3.30732028e-01   3.42497860e-01   3.53945698e-01   3.53945699e-01
   3.58745210e-01   3.58745211e-01   3.62172540e-01   3.62172540e-01
   3.75751202e-01   3.75751204e-01   3.95968201e-01   3.95968201e-01
   4.22835505e-01   4.22835506e-01   4.33142058e-01   4.75782601e-01
   4.77976456e-01   4.77976456e-01   4.85136277e-01   4.85136279e-01
   5.31695417e-01   5.37839084e-01   5.37839088e-01   5.56411452e-01
   5.56411452e-01   6.28352491e-01   6.38463664e-01   6.38463667e-01
   1.25628585e+00   1.25628585e+00   1.25985436e+00   1.25985436e+00
   1.26056078e+00   1.26056078e+00   1.26736786e+00   1.26736786e+00
   1.27517203e+00   1.27517203e+00   1.27575024e+00   1.27575024e+00
   1.27613029e+00   1.27765666e+00   1.27765666e+00   1.27783394e+00
   1.28287308e+00   1.29288287e+00   1.29582763e+00   1.29582763e+00
   1.29614290e+00   1.31848232e+00   1.32683468e+00   1.32683468e+00
   1.34168068e+00   1.34168068e+00   1.34902970e+00   1.34902970e+00
   1.35376289e+00   1.35376289e+00   1.49121924e+00   1.49163359e+00
   1.49163359e+00   1.52497164e+00   1.52497164e+00   1.55752532e+00
   1.56239291e+00   1.56239291e+00   1.57761734e+00   1.57875543e+00
   1.57875543e+00   1.63066558e+00   1.63066559e+00   1.63206188e+00
   1.63206188e+00   1.75135346e+00   1.76623088e+00   1.76623088e+00
   3.85744124e+00   4.19310734e+00   4.19310735e+00   4.25006195e+00
   4.25006196e+00   4.39110419e+00   6.20215783e+00   6.20215783e+00
   6.20553454e+00   6.20553454e+00   6.20876051e+00   6.20876051e+00
   6.20944850e+00   6.20944850e+00   6.21020601e+00   6.21020601e+00
   6.21175981e+00   6.21369054e+00   6.21369054e+00   6.21545095e+00
   6.21545095e+00   6.21563907e+00   6.22045052e+00   6.22071552e+00
   6.22148920e+00   6.22154174e+00   6.22154174e+00   6.23349273e+00
   6.24103666e+00   6.24103666e+00   6.25342755e+00   6.25342755e+00
   6.25410381e+00   6.25410381e+00   6.26069264e+00   6.26069264e+00]
    CPU time for scf_cycle     17.53 sec, wall time     17.82 sec
    CPU time for SCF     17.53 sec, wall time     17.82 sec
converged SCF energy = -971.126825756321
RHF E = -971.126825756
RHF eps = [ -4.04584804e+01  -4.04551514e+01  -4.04551514e+01  -4.04551499e+01
  -4.04551499e+01  -4.04551459e+01  -2.78095239e+00  -2.77662050e+00
  -2.77661135e+00  -2.77661135e+00  -2.77659630e+00  -2.77659630e+00
  -1.50311477e+00  -1.50311477e+00  -1.50280723e+00  -1.49760174e+00
  -1.49748894e+00  -1.49748894e+00  -1.49737888e+00  -1.49737888e+00
  -1.49727378e+00  -1.49722160e+00  -1.49722160e+00  -1.49720139e+00
  -1.49720139e+00  -1.49710265e+00  -1.49710265e+00  -1.49689638e+00
  -1.49689638e+00  -1.49673749e+00  -2.25047340e-01  -1.49508060e-01
  -1.49508059e-01   6.05923909e-03   7.42805453e-03   7.42805471e-03
   2.27158779e-02   4.27885074e-02   4.27885078e-02   5.14653288e-02
   5.14653291e-02   6.02177977e-02   6.02177977e-02   6.46510169e-02
   7.87895943e-02   8.83725591e-02   8.83725593e-02   9.60957349e-02
   9.60957351e-02   9.73041583e-02   9.73041583e-02   1.12522753e-01
   1.12522753e-01   1.14773730e-01   1.42464972e-01   1.42464972e-01
   1.43639016e-01   1.48226251e-01   1.48909717e-01   1.48909717e-01
   1.95807022e-01   1.95807023e-01   2.08931839e-01   2.08931839e-01
   2.38684426e-01   2.39264510e-01   2.39264511e-01   2.46213320e-01
   2.51478395e-01   2.51478395e-01   2.72263265e-01   2.72263266e-01
   2.75899943e-01   2.76508256e-01   2.76508256e-01   3.10358395e-01
   3.10358396e-01   3.15192090e-01   3.15192090e-01   3.20354819e-01
   3.30732028e-01   3.42497860e-01   3.53945698e-01   3.53945699e-01
   3.58745210e-01   3.58745211e-01   3.62172540e-01   3.62172540e-01
   3.75751202e-01   3.75751204e-01   3.95968201e-01   3.95968201e-01
   4.22835505e-01   4.22835506e-01   4.33142058e-01   4.75782601e-01
   4.77976456e-01   4.77976456e-01   4.85136277e-01   4.85136279e-01
   5.31695417e-01   5.37839084e-01   5.37839088e-01   5.56411452e-01
   5.56411452e-01   6.28352491e-01   6.38463664e-01   6.38463667e-01
   1.25628585e+00   1.25628585e+00   1.25985436e+00   1.25985436e+00
   1.26056078e+00   1.26056078e+00   1.26736786e+00   1.26736786e+00
   1.27517203e+00   1.27517203e+00   1.27575024e+00   1.27575024e+00
   1.27613029e+00   1.27765666e+00   1.27765666e+00   1.27783394e+00
   1.28287308e+00   1.29288287e+00   1.29582763e+00   1.29582763e+00
   1.29614290e+00   1.31848232e+00   1.32683468e+00   1.32683468e+00
   1.34168068e+00   1.34168068e+00   1.34902970e+00   1.34902970e+00
   1.35376289e+00   1.35376289e+00   1.49121924e+00   1.49163359e+00
   1.49163359e+00   1.52497164e+00   1.52497164e+00   1.55752532e+00
   1.56239291e+00   1.56239291e+00   1.57761734e+00   1.57875543e+00
   1.57875543e+00   1.63066558e+00   1.63066559e+00   1.63206188e+00
   1.63206188e+00   1.75135346e+00   1.76623088e+00   1.76623088e+00
   3.85744124e+00   4.19310734e+00   4.19310735e+00   4.25006195e+00
   4.25006196e+00   4.39110419e+00   6.20215783e+00   6.20215783e+00
   6.20553454e+00   6.20553454e+00   6.20876051e+00   6.20876051e+00
   6.20944850e+00   6.20944850e+00   6.21020601e+00   6.21020601e+00
   6.21175981e+00   6.21369054e+00   6.21369054e+00   6.21545095e+00
   6.21545095e+00   6.21563907e+00   6.22045052e+00   6.22071552e+00
   6.22148920e+00   6.22154174e+00   6.22154174e+00   6.23349273e+00
   6.24103666e+00   6.24103666e+00   6.25342755e+00   6.25342755e+00
   6.25410381e+00   6.25410381e+00   6.26069264e+00   6.26069264e+00]
    CPU time for transforming oopq     28.46 sec, wall time     28.49 sec
    CPU time for transforming ovpq     34.90 sec, wall time     34.97 sec
MO integrals cint2e_sph are saved in <HDF5 file "tmpH864M7" (mode r+)>/eri_mo
num. MO ints = 6.3912896e+08, required disk 5113.0317 MB
step1: tmpfile /tmp/tmpgicm6K  3747.2509 MB
step1: (ij,kl) = (25281,18528), mem cache 4000 MB, iobuf 800 MB
    CPU time for Initializing ao2mo.outcore.half_e1      0.04 sec, wall time      0.04 sec
step 1 [1/5], AO [0:613], len(buf) = 3941
      fill iobuf micro [1/1], AO [0:613], len(aobuf) = 3941
    CPU time for gen AO/transform MO [1/5]      9.63 sec, wall time      9.63 sec
step 1 [2/5], AO [613:1150], len(buf) = 3955
      fill iobuf micro [1/1], AO [613:1150], len(aobuf) = 3955
    CPU time for gen AO/transform MO [2/5]      9.97 sec, wall time      9.98 sec
step 1 [3/5], AO [1150:1753], len(buf) = 3949
      fill iobuf micro [1/1], AO [1150:1753], len(aobuf) = 3949
    CPU time for gen AO/transform MO [3/5]     10.05 sec, wall time     10.06 sec
step 1 [4/5], AO [1753:2421], len(buf) = 3948
      fill iobuf micro [1/1], AO [1753:2421], len(aobuf) = 3948
    CPU time for gen AO/transform MO [4/5]     10.89 sec, wall time     10.90 sec
step 1 [5/5], AO [2421:2628], len(buf) = 2735
      fill iobuf micro [1/1], AO [2421:2628], len(aobuf) = 2735
    CPU time for gen AO/transform MO [5/5]      7.00 sec, wall time      7.00 sec
    CPU time for AO->MO transformation for cint2e_sph 1 pass     48.72 sec, wall time     51.22 sec
step2: kl-pair (ao 18528, mo 25281), mem 284.59008 MB, ioblock 388.31616 MB
step 2 [1/14], [0,0:1920], row = 1920
step 2 [1/14] CPU time:      2.73, Wall time:      2.74
step 2 [2/14], [0,1920:3840], row = 1920
step 2 [2/14] CPU time:      2.88, Wall time:      6.41
step 2 [3/14], [0,3840:5760], row = 1920
step 2 [3/14] CPU time:      2.85, Wall time:      2.85
step 2 [4/14], [0,5760:7680], row = 1920
step 2 [4/14] CPU time:      2.93, Wall time:      9.49
step 2 [5/14], [0,7680:9600], row = 1920
step 2 [5/14] CPU time:      2.82, Wall time:      7.22
step 2 [6/14], [0,9600:11520], row = 1920
step 2 [6/14] CPU time:      2.98, Wall time:      6.79
step 2 [7/14], [0,11520:13440], row = 1920
step 2 [7/14] CPU time:      3.07, Wall time:      6.76
step 2 [8/14], [0,13440:15360], row = 1920
step 2 [8/14] CPU time:      2.96, Wall time:      7.65
step 2 [9/14], [0,15360:17280], row = 1920
step 2 [9/14] CPU time:      3.67, Wall time:     14.34
step 2 [10/14], [0,17280:19200], row = 1920
step 2 [10/14] CPU time:      2.44, Wall time:      3.15
step 2 [11/14], [0,19200:21120], row = 1920
step 2 [11/14] CPU time:      3.76, Wall time:     17.40
step 2 [12/14], [0,21120:23040], row = 1920
step 2 [12/14] CPU time:      3.15, Wall time:     12.19
step 2 [13/14], [0,23040:24960], row = 1920
step 2 [13/14] CPU time:      2.24, Wall time:      2.25
step 2 [14/14], [0,24960:25281], row = 321
step 2 [14/14] CPU time:      0.94, Wall time:      5.95
    CPU time for AO->MO transformation for cint2e_sph 2 pass     39.50 sec, wall time    105.28 sec
    CPU time for AO->MO transformation for cint2e_sph      88.22 sec, wall time    156.50 sec
    CPU time for transforming vvvv    106.41 sec, wall time    303.85 sec
    CPU time for CCSD integral transformation    170.87 sec, wall time    368.40 sec

******** <class 'pyscf.cc.rccsd_slow.RCCSD'> flags ********
CCSD nocc = 27, nvir = 159
frozen orbitals [0, 1, 2, 3, 4, 5]
max_cycle = 50
direct = 0
conv_tol = 1e-07
conv_tol_normt = 1e-05
diis_space = 6
diis_start_cycle = 0
diis_start_energy_diff = 1e+09
Init t2, MP2 energy = -1.07190113616368
    CPU time for init mp2      0.60 sec, wall time      3.43 sec
E(MBPT2) = -972.1987268924846  E_corr = -1.071901136163685
    CPU time for EOM-CCSD shared one-electron intermediates      8.56 sec, wall time     25.69 sec
    CPU time for EOM-CCSD IP intermediates     51.38 sec, wall time     56.01 sec
tol 1e-07  toloose 0.000316228
max_cycle 50  max_space 38  max_memory 2000  incore True
davidson 0 6  |r|= 0.633  e= [ 0.18307586  0.18307586  0.25320346  1.54402004  1.54416394  1.54416394]  max|de|= 1.54  lindep=    1
davidson 1 12  |r|= 0.172  e= [ 0.16014105  0.16014105  0.21415507  1.34378868  1.34464644  1.34464645]  max|de|= -0.2  lindep= 0.643
davidson 2 18  |r|= 0.0357  e= [ 0.16006646  0.16006646  0.21302892  1.33216462  1.33229397  1.33229396]  max|de|= -0.0124  lindep= 0.744
davidson 3 24  |r|= 0.00354  e= [ 0.16007058  0.16007058  0.21302749  1.33218609  1.33240604  1.33240604]  max|de|= 0.000112  lindep= 0.241
root 2 converged  |r|= 0.000107  e= 0.213027476131  max|de|= -1.31e-08
root 3 converged  |r|= 6.53e-08  e= 1.33218608822  max|de|= -1.11e-15
davidson 4 29  |r|= 0.000475  e= [ 0.16007004  0.16007004  0.21302748  1.33218609  1.33241761  1.33241761]  max|de|= 1.16e-05  lindep= 0.72
davidson 5 33  |r|= 0.000166  e= [ 0.16006981  0.16006981  0.21302748  1.33218609  1.33241689  1.33241689]  max|de|= -7.19e-07  lindep= 0.736
root 0 converged  |r|= 1.18e-05  e= 0.160069810557  max|de|= -5.27e-16
root 1 converged  |r|= 1.18e-05  e= 0.160069811588  max|de|= -6.66e-16
root 2 converged  |r|= 0.000107  e= 0.213027476131  max|de|= -8.6e-16
root 3 converged  |r|= 6.53e-08  e= 1.33218608822  max|de|= -3.11e-15
root 4 converged  |r|= 0.000166  e= 1.33241689276  max|de|= -2.66e-15
root 5 converged  |r|= 0.000166  e= 1.33241689329  max|de|= 8.88e-16
converge 6 6  |r|= 0.000166  e= [ 0.16006981  0.16006981  0.21302748  1.33218609  1.33241689  1.33241689]  max|de|= -3.11e-15
IP root 0 E = 0.1600698105566786  qpwt = 0.948602
IP root 1 E = 0.1600698115884495  qpwt = 0.948602
IP root 2 E = 0.2130274761308613  qpwt = 0.852708
IP root 3 E = 1.332186088218559  qpwt = 0.917345
IP root 4 E = 1.33241689276025  qpwt = 0.917359
IP root 5 E = 1.332416893289153  qpwt = 0.917359
    CPU time for IP-CCSD     63.27 sec, wall time     85.03 sec
    CPU time for EOM-CCSD shared one-electron intermediates      8.56 sec, wall time      8.58 sec
    CPU time for EOM-CCSD EA intermediates    791.92 sec, wall time    859.57 sec
tol 1e-07  toloose 0.000316228
max_cycle 50  max_space 38  max_memory 2000  incore True
davidson 0 6  |r|= 0.128  e= [ 0.01081052  0.01563477  0.01563477  0.02744313  0.04693732  0.04693732]  max|de|= 0.0469  lindep=    1
davidson 1 12  |r|= 0.0194  e= [-0.01873332 -0.01271428 -0.01271428 -0.00381955  0.01955531  0.01955531]  max|de|= -0.0313  lindep= 0.978
davidson 2 18  |r|= 0.015  e= [-0.02194225 -0.01526285 -0.01526285 -0.00572478  0.01724804  0.01724804]  max|de|= -0.00321  lindep= 0.971
davidson 3 24  |r|= 0.00334  e= [-0.02207678 -0.01528552 -0.01528552 -0.00583169  0.01694496  0.01694496]  max|de|= -0.000303  lindep= 0.899
davidson 4 30  |r|= 0.0035  e= [-0.02209201 -0.0153034  -0.0153034  -0.00584419  0.01695539  0.0169554 ]  max|de|= -1.79e-05  lindep= 0.986
davidson 5 36  |r|= 0.00215  e= [-0.02210557 -0.01530854 -0.01530854 -0.00585443  0.01684391  0.01684391]  max|de|= -0.000111  lindep= 0.765
root 0 converged  |r|= 0.000175  e= -0.0221055722009  max|de|= 1.56e-16
root 3 converged  |r|= 0.000177  e= -0.00585443043501  max|de|= -8.66e-16
davidson 6 6  |r|= 0.00215  e= [-0.02210557 -0.01530854 -0.01530854 -0.00585443  0.01684391  0.01684391]  max|de|= -1.89e-15  lindep= 0.997
davidson 7 10  |r|= 0.00149  e= [-0.02210557 -0.01530926 -0.01530926 -0.00585443  0.01684944  0.01684944]  max|de|= 5.54e-06  lindep= 0.982
davidson 8 14  |r|= 0.000733  e= [-0.02210557 -0.01530681 -0.01530681 -0.00585443  0.01683244  0.01683244]  max|de|= -1.7e-05  lindep= 0.736
davidson 9 18  |r|= 0.00078  e= [-0.02210557 -0.01530849 -0.01530849 -0.00585443  0.01682418  0.01682418]  max|de|= -8.26e-06  lindep= 0.909
davidson 10 22  |r|= 0.000295  e= [-0.02210557 -0.01530784 -0.01530784 -0.00585443  0.01683269  0.01683269]  max|de|= 8.5e-06  lindep= 0.633
davidson 11 26  |r|= 0.000126  e= [-0.02210557 -0.0153081  -0.0153081  -0.00585443  0.01682122  0.01682122]  max|de|= -1.15e-05  lindep= 0.757
root 1 converged  |r|= 6.99e-07  e= -0.0153079999346  max|de|= 9.82e-08
root 2 converged  |r|= 6.99e-07  e= -0.0153079997501  max|de|= 9.82e-08
davidson 12 30  |r|= 2.67e-05  e= [-0.02210557 -0.015308   -0.015308   -0.00585443  0.01682778  0.01682778]  max|de|= 6.56e-06  lindep= 0.749
davidson 13 32  |r|= 1.24e-05  e= [-0.02210557 -0.015308   -0.015308   -0.00585443  0.01682575  0.01682575]  max|de|= -2.03e-06  lindep= 0.313
davidson 14 34  |r|= 5.36e-06  e= [-0.02210557 -0.015308   -0.015308   -0.00585443  0.0168261   0.01682611]  max|de|= 3.6e-07  lindep= 0.0576
root 0 converged  |r|= 0.000175  e= -0.0221055722009  max|de|= 5.72e-16
root 1 converged  |r|= 6.95e-07  e= -0.015308000037  max|de|= -1.01e-15
root 2 converged  |r|= 6.91e-07  e= -0.0153079999305  max|de|= -1.15e-15
root 3 converged  |r|= 0.000177  e= -0.00585443043501  max|de|= 6e-16
root 4 converged  |r|= 5.36e-06  e= 0.0168260986678  max|de|= -1.31e-14
root 5 converged  |r|= 4.44e-06  e= 0.0168261052953  max|de|= -1.2e-14
converge 15 6  |r|= 0.000177  e= [-0.02210557 -0.015308   -0.015308   -0.00585443  0.0168261   0.01682611]  max|de|= -1.31e-14
EA root 0 E = -0.02210557220086234  qpwt = 0.945257
EA root 1 E = -0.01530800003702895  qpwt = 0.944223
EA root 2 E = -0.01530799993050851  qpwt = 0.944223
EA root 3 E = -0.005854430435007997  qpwt = 0.944121
EA root 4 E = 0.01682609866776176  qpwt = 0.936422
EA root 5 E = 0.01682610529525877  qpwt = 0.936422
    CPU time for EA-CCSD   1193.19 sec, wall time   1261.29 sec
