

******** <class 'pyscf.scf.hf.RHF'> flags ********
method = RHF
initial guess = minao
damping factor = 0
level shift factor = 0
Do DIIS = True
DIIS start cycle = 1
DIIS space = 8
SCF tol = 1e-09
SCF gradient tol = None
max. SCF cycles = 50
direct_scf = True
direct_scf_tol = 1e-13
chkfile to save SCF result = /tmp/tmpmX3cPL
max_memory 4000 MB (current use 39 MB)
Set gradient conv threshold to 3.16228e-05
Nelec from initial guess = 9.99963
cond(S) = 90.163976743
E_coul = 55.0771739757452
init E= -128.526162296164
    CPU time for initialize scf      0.03 sec, wall time      0.06 sec
  HOMO = -0.775451134361622  LUMO = 0.82021235346237
  mo_energy =
[-32.55683135  -1.85226495  -0.77545113  -0.77545113  -0.77545113
   0.82021235   0.83948603   0.83948603   0.83948603   2.85895367
   2.85895367   2.85895367   2.85895367   2.85895367   4.40523976
   4.40523976   4.40523976   4.89331421   9.72017541   9.72017541
   9.72017541   9.72017541   9.72017541   9.72017541   9.72017541
  11.33465817  11.33465817  11.33465817  11.33465817  11.33465817
  73.61201907]
E_coul = 53.549569263329
cycle= 1 E= -128.538010233108  delta_E= -0.0118  |g|= 0.195  |ddm|= 0.177
    CPU time for cycle= 1      0.00 sec, wall time      0.01 sec
diis-norm(errvec)=0.294168
diis-c [-0.08653468  1.        ]
  HOMO = -0.884329579111259  LUMO = 0.789979146710157
  mo_energy =
[-32.87789926  -1.96596544  -0.88432958  -0.88432958  -0.88432958
   0.78997915   0.81157207   0.81157207   0.81157207   2.79056569
   2.79056569   2.79056569   2.79056569   2.79056569   4.28061052
   4.28061052   4.28061052   4.78383672   9.60931345   9.60931345
   9.60931345   9.60931345   9.60931345   9.60931345   9.60931345
  11.17111743  11.17111743  11.17111743  11.17111743  11.17111743
  73.30637973]
E_coul = 54.3035193249945
cycle= 2 E= -128.540587784304  delta_E= -0.00258  |g|= 0.0986  |ddm|= 0.0815
    CPU time for cycle= 2      0.01 sec, wall time      0.01 sec
diis-norm(errvec)=0.14927
diis-c [ -1.16528970e-05   3.36577214e-01   6.63422786e-01]
  HOMO = -0.848857101683225  LUMO = 0.799590015496032
  mo_energy =
[-32.77099275  -1.92860394  -0.8488571   -0.8488571   -0.8488571
   0.79959002   0.82059733   0.82059733   0.82059733   2.81220054
   2.81220054   2.81220054   2.81220054   2.81220054   4.32115999
   4.32115999   4.32115999   4.81954064   9.64475519   9.64475519
   9.64475519   9.64475519   9.64475519   9.64475519   9.64475519
  11.22474924  11.22474924  11.22474924  11.22474924  11.22474924
  73.40755619]
E_coul = 54.046944543036
cycle= 3 E= -128.541492738119  delta_E= -0.000905  |g|= 0.000376  |ddm|= 0.0278
    CPU time for cycle= 3      0.01 sec, wall time      0.01 sec
diis-norm(errvec)=0.000399191
diis-c [ -6.73218824e-08  -2.79033183e-02  -5.38336401e-02   1.08173696e+00]
  HOMO = -0.84908268216398  LUMO = 0.799547816447883
  mo_energy =
[-32.77122321  -1.92874512  -0.84908268  -0.84908268  -0.84908268
   0.79954782   0.82056638   0.82056638   0.82056638   2.81204365
   2.81204365   2.81204365   2.81204365   2.81204365   4.32099854
   4.32099854   4.32099854   4.81940928   9.64453718   9.64453718
   9.64453718   9.64453718   9.64453718   9.64453718   9.64453718
  11.22452759  11.22452759  11.22452759  11.22452759  11.22452759
  73.40731354]
E_coul = 54.046896307113
cycle= 4 E= -128.541492758329  delta_E= -2.02e-08  |g|= 3.84e-05  |ddm|= 0.000329
    CPU time for cycle= 4      0.00 sec, wall time      0.01 sec
diis-norm(errvec)=5.46887e-05
diis-c [ -5.18933174e-10   5.76227286e-04   1.24548759e-03  -1.27764204e-01
   1.12594249e+00]
  HOMO = -0.849098417412988  LUMO = 0.799541831372746
  mo_energy =
[-32.77123745  -1.92875261  -0.84909842  -0.84909842  -0.84909842
   0.79954183   0.82055788   0.82055788   0.82055788   2.81202735
   2.81202735   2.81202735   2.81202735   2.81202735   4.32097786
   4.32097786   4.32097786   4.81939423   9.64451313   9.64451313
   9.64451313   9.64451313   9.64451313   9.64451313   9.64451313
  11.22450256  11.22450256  11.22450256  11.22450256  11.22450256
  73.40729879]
E_coul = 54.0469483675436
cycle= 5 E= -128.541492758574  delta_E= -2.45e-10  |g|= 4.38e-06  |ddm|= 3.06e-05
    CPU time for cycle= 5      0.01 sec, wall time      0.01 sec
  HOMO = -0.849096118004419  LUMO = 0.79954316961017
  mo_energy =
[-32.77123424  -1.9287496   -0.84909612  -0.84909612  -0.84909612
   0.79954317   0.82055875   0.82055875   0.82055875   2.81202964
   2.81202964   2.81202964   2.81202964   2.81202964   4.32098047
   4.32098047   4.32098047   4.81939705   9.64451641   9.64451641
   9.64451641   9.64451641   9.64451641   9.64451641   9.64451641
  11.2245061   11.2245061   11.2245061   11.2245061   11.2245061
  73.40730195]
    CPU time for scf_cycle      0.06 sec, wall time      0.10 sec
    CPU time for SCF      0.07 sec, wall time      0.10 sec
converged SCF energy = -128.541492758574
RHF E = -128.541492759
RHF eps = [-32.77123424  -1.9287496   -0.84909612  -0.84909612  -0.84909612
   0.79954317   0.82055875   0.82055875   0.82055875   2.81202964
   2.81202964   2.81202964   2.81202964   2.81202964   4.32098047
   4.32098047   4.32098047   4.81939705   9.64451641   9.64451641
   9.64451641   9.64451641   9.64451641   9.64451641   9.64451641
  11.2245061   11.2245061   11.2245061   11.2245061   11.2245061
  73.40730195]
    CPU time for CCSD integral transformation      0.13 sec, wall time      0.15 sec

******** <class 'pyscf.cc.rccsd_slow.RCCSD'> flags ********
CCSD nocc = 4, nvir = 26
frozen orbitals [0]
max_cycle = 50
direct = 0
conv_tol = 1e-07
conv_tol_normt = 1e-05
diis_space = 6
diis_start_cycle = 0
diis_start_energy_diff = 1e+09
Init t2, MP2 energy = -0.261626434829338
    CPU time for init mp2      0.00 sec, wall time      0.00 sec
E(MBPT2) = -128.8031191934037  E_corr = -0.2616264348293381
    CPU time for EOM-CCSD shared one-electron intermediates      0.00 sec, wall time      0.00 sec
    CPU time for EOM-CCSD IP intermediates      0.01 sec, wall time      0.00 sec
tol 1e-07  toloose 0.000316228
max_cycle 50  max_space 35  max_memory 2000  incore True
davidson 0 5  |r|= 0.669  e= [  0.92243314   0.92243314   0.92243314   1.97036526  75.10549415]  max|de|= 75.1  lindep=    1
davidson 1 10  |r|= 0.0349  e= [  0.75875168   0.75875168   0.75875168   1.76485917  75.10549354]  max|de|= -0.206  lindep= 0.000615
root 4 converged  |r|= 2.81e-07  e= 75.1054935374  max|de|= 2.42e-12
davidson 2 15  |r|= 1.69e-05  e= [  0.75885549   0.75885549   0.75885549   1.76410002  75.10549354]  max|de|= -0.000759  lindep= 0.729
root 0 converged  |r|= 8.03e-14  e= 0.758855490556  max|de|= -1.37e-09
root 1 converged  |r|= 2.6e-13  e= 0.758855490556  max|de|= -1.37e-09
root 2 converged  |r|= 2.35e-07  e= 0.758855491925  max|de|= -2.89e-15
davidson 3 18  |r|= 2.35e-07  e= [  0.75885549   0.75885549   0.75885549   1.76410036  75.10549354]  max|de|= 3.39e-07  lindep=    1
Linear dependency in trial subspace. |r| for each state [8.0310356619937525e-14, 2.5961003013869987e-13, 2.3471000456491118e-07, 1.1372977554834046e-12, 0]
IP root 0 E = 0.7588554905557162  qpwt = 0.960299
IP root 1 E = 0.758855490555716  qpwt = 0.960299
IP root 2 E = 0.7588554919251044  qpwt = 0.960299
IP root 3 E = 1.764100362814341  qpwt = 0.940511
IP root 4 E = 75.10549353741611  qpwt = 1.56161e-23
    CPU time for IP-CCSD      0.03 sec, wall time      0.03 sec
    CPU time for EOM-CCSD shared one-electron intermediates      0.01 sec, wall time      0.00 sec
    CPU time for EOM-CCSD EA intermediates      0.10 sec, wall time      0.11 sec
tol 1e-07  toloose 0.000316228
max_cycle 50  max_space 38  max_memory 2000  incore True
davidson 0 6  |r|= 0.492  e= [ 0.81195396  0.84061988  0.84061988  0.84061988  2.82506343  2.82506343]  max|de|= 2.83  lindep=    1
davidson 1 11  |r|= 0.376  e= [ 0.77190524  0.80922552  0.80922552  0.84061988  2.74580921  2.74580973]  max|de|= -0.0793  lindep= 0.904
davidson 2 17  |r|= 0.0457  e= [ 0.77150916  0.80868251  0.80922552  0.80868251  2.74555138  2.7455517 ]  max|de|= -0.0319  lindep= 0.921
davidson 3 23  |r|= 0.00593  e= [ 0.7715468   0.80867063  0.80868251  0.80867063  2.74558668  2.74558024]  max|de|= -0.000543  lindep= 0.315
davidson 4 29  |r|= 0.000297  e= [ 0.77154584  0.80867022  0.80867022  0.80867022  2.74558828  2.74558852]  max|de|= -1.23e-05  lindep= 0.0636
root 0 converged  |r|= 3.22e-08  e= 0.771545836948  max|de|= -2.84e-09
root 1 converged  |r|= 2.01e-10  e= 0.808670221463  max|de|= -1.67e-15
root 2 converged  |r|= 2.01e-10  e= 0.808670221463  max|de|= 3e-15
davidson 5 32  |r|= 2.76e-05  e= [ 0.77154584  0.80867022  0.80867022  0.80867063  2.74558961  2.74558961]  max|de|= 1.32e-06  lindep= 0.807
root 4 converged  |r|= 3.57e-09  e= 2.74558960554  max|de|= 2.66e-15
root 5 converged  |r|= 3.69e-09  e= 2.74558960554  max|de|= -2.22e-15
davidson 6 33  |r|= 3.69e-09  e= [ 0.77154584  0.80867022  0.80867022  0.80867022  2.74558961  2.74558961]  max|de|= -4.08e-07  lindep=    1
Linear dependency in trial subspace. |r| for each state [0, 0, 0, 2.0111869912103708e-10, 3.5726102689168437e-09, 3.6931453485305748e-09]
EA root 0 E = 0.7715458369481152  qpwt = 0.994508
EA root 1 E = 0.8086702214626338  qpwt = 0.995386
EA root 2 E = 0.8086702214626301  qpwt = 0.995386
EA root 3 E = 0.8086702214626301  qpwt = 0.995386
EA root 4 E = 2.745589605539568  qpwt = 0.979673
EA root 5 E = 2.745589605539572  qpwt = 0.979673
    CPU time for EA-CCSD      0.22 sec, wall time      0.22 sec
