

******** <class 'pyscf.scf.hf.RHF'> flags ********
method = RHF
initial guess = minao
damping factor = 0
level shift factor = 0
DIIS = <class 'pyscf.scf.diis.CDIIS'>
DIIS start cycle = 1
DIIS space = 8
SCF tol = 1e-09
SCF gradient tol = None
max. SCF cycles = 50
direct_scf = True
direct_scf_tol = 1e-13
chkfile to save SCF result = /tmp/tmpxDEFFH
max_memory 4000 MB (current use 75 MB)
Set gradient conv threshold to 3.16228e-05
Nelec from initial guess = 53.9931114978
cond(S) = 198.142872438
E_coul = 1360.62766582321
init E= -3170.36968987835
    CPU time for initialize scf      1.13 sec, wall time      1.14 sec
  HOMO = -0.406235786706408  LUMO = -0.046742610719105
  mo_energy =
[ -4.89907773e+02  -1.33501817e+02  -6.51219053e+01  -5.84610386e+01
  -5.84609250e+01  -5.84609250e+01  -1.44696630e+01  -1.14971282e+01
  -1.14970898e+01  -1.14970898e+01  -9.85744799e+00  -7.45405765e+00
  -7.45285823e+00  -7.45285823e+00  -3.18999353e+00  -3.18963020e+00
  -3.18963020e+00  -3.18871839e+00  -3.18871839e+00  -1.74725688e+00
  -1.04226603e+00  -9.49092036e-01  -9.49092036e-01  -9.41568196e-01
  -4.09492522e-01  -4.06235787e-01  -4.06235787e-01  -4.67426107e-02
   7.07323210e-02   7.07323210e-02   7.60173190e-02   9.00693484e-02
   1.36631424e-01   1.36631424e-01   1.53948869e-01   1.53948869e-01
   1.76594940e-01   3.44893686e-01   3.46906906e-01   3.46906906e-01
   3.97396137e-01   3.97396137e-01   4.16033769e-01   4.16033769e-01
   4.21510511e-01   4.39045162e-01   4.39045162e-01   4.84602228e-01
   5.14828322e-01   5.14828322e-01   8.19951744e-01   8.19951744e-01
   8.33563281e-01   1.05513079e+00   1.20160554e+00   1.40526366e+00
   1.40526366e+00   1.40611101e+00   1.40611101e+00   1.43956738e+00
   1.56066565e+00   1.56066565e+00   1.59877528e+00   1.59877528e+00
   1.65720269e+00   1.76469231e+00   1.76469231e+00   1.76770876e+00
   1.76770876e+00   1.80837487e+00   1.80837487e+00   1.87902444e+00
   1.89500047e+00   1.89500047e+00   2.01169953e+00   4.40214626e+00
   4.40214626e+00   4.44017546e+00   4.44017546e+00   4.47904894e+00
   7.82602350e+00]
E_coul = 1368.15056846067
cycle= 1 E= -3171.63447911987  delta_E= -1.26  |g|= 0.255  |ddm|= 1.11
    CPU time for cycle= 1      0.04 sec, wall time      0.04 sec
diis-norm(errvec)=0.441472
diis-c [-0.19489727  1.        ]
  HOMO = -0.2573244885694  LUMO = -0.0150446973485889
  mo_energy =
[ -4.89746077e+02  -1.33562920e+02  -6.48983639e+01  -5.82513131e+01
  -5.82512443e+01  -5.82512443e+01  -1.45177709e+01  -1.15476964e+01
  -1.15476964e+01  -1.15471633e+01  -9.57442273e+00  -7.18199330e+00
  -7.18126697e+00  -7.18126697e+00  -2.92122236e+00  -2.92098292e+00
  -2.92098292e+00  -2.92042014e+00  -2.92042014e+00  -1.77358079e+00
  -9.81085674e-01  -9.81085674e-01  -9.79926765e-01  -7.92730193e-01
  -2.65951757e-01  -2.57324489e-01  -2.57324489e-01  -1.50446973e-02
   5.26542179e-02   5.26542179e-02   6.51131306e-02   9.09655677e-02
   1.23082884e-01   1.23082884e-01   1.61924181e-01   1.61924181e-01
   2.25350148e-01   3.69879155e-01   3.69879155e-01   3.70302921e-01
   3.70302921e-01   3.78016155e-01   5.15504758e-01   5.25424004e-01
   5.25424004e-01   5.96283529e-01   6.02227335e-01   6.02227335e-01
   6.34603489e-01   6.34603489e-01   8.09682353e-01   8.09682353e-01
   8.92406224e-01   1.11467030e+00   1.27806229e+00   1.37415255e+00
   1.37415255e+00   1.39197252e+00   1.39197252e+00   1.45622034e+00
   1.77820360e+00   1.77820360e+00   1.81165560e+00   1.81165560e+00
   1.85786170e+00   2.00108101e+00   2.00108101e+00   2.00502981e+00
   2.00502981e+00   2.03353864e+00   2.03353864e+00   2.10087890e+00
   2.11427893e+00   2.11427893e+00   2.20485442e+00   4.65533912e+00
   4.65533912e+00   4.69236895e+00   4.69236895e+00   4.73131055e+00
   8.09694458e+00]
E_coul = 1362.838662557
cycle= 2 E= -3171.65898593313  delta_E= -0.0245  |g|= 0.11  |ddm|= 0.501
    CPU time for cycle= 2      0.03 sec, wall time      0.04 sec
diis-norm(errvec)=0.174298
diis-c [-0.01664459  0.21727411  0.78272589]
  HOMO = -0.310718721409472  LUMO = -0.00981813769290253
  mo_energy =
[ -4.89909609e+02  -1.33538854e+02  -6.50501981e+01  -5.84049612e+01
  -5.84049354e+01  -5.84049354e+01  -1.44966121e+01  -1.15262634e+01
  -1.15262634e+01  -1.15259747e+01  -9.71119828e+00  -7.31897861e+00
  -7.31848799e+00  -7.31848799e+00  -3.05904129e+00  -3.05887240e+00
  -3.05887240e+00  -3.05852977e+00  -3.05852977e+00  -1.75866558e+00
  -9.69977933e-01  -9.67281807e-01  -9.67281807e-01  -8.55976718e-01
  -3.20729434e-01  -3.10718721e-01  -3.10718721e-01  -9.81813769e-03
   5.84408935e-02   5.84408935e-02   6.96412701e-02   9.44740939e-02
   1.26930617e-01   1.26930617e-01   1.61842454e-01   1.61842454e-01
   2.15390507e-01   3.73924238e-01   3.73924238e-01   3.79325531e-01
   3.79325531e-01   3.81139313e-01   4.92228379e-01   5.00410359e-01
   5.00410359e-01   5.61835143e-01   5.61835143e-01   5.63412699e-01
   6.03834739e-01   6.03834739e-01   8.14315335e-01   8.14315335e-01
   8.88074342e-01   1.09632264e+00   1.25671499e+00   1.38708318e+00
   1.38708318e+00   1.40126077e+00   1.40126077e+00   1.45490705e+00
   1.71343240e+00   1.71343240e+00   1.74980069e+00   1.74980069e+00
   1.79997178e+00   1.93063124e+00   1.93063124e+00   1.93449212e+00
   1.93449212e+00   1.96422679e+00   1.96422679e+00   2.02825619e+00
   2.04276952e+00   2.04276952e+00   2.14300322e+00   4.55777698e+00
   4.55777698e+00   4.59559852e+00   4.59559852e+00   4.63443477e+00
   7.98326077e+00]
E_coul = 1364.63397465159
cycle= 3 E= -3171.66086904586  delta_E= -0.00188  |g|= 0.0334  |ddm|= 0.106
    CPU time for cycle= 3      0.05 sec, wall time      0.04 sec
diis-norm(errvec)=0.0382151
diis-c [ -4.74044870e-04   1.67875478e-02   1.62658846e-01   8.20553606e-01]
  HOMO = -0.312995256198499  LUMO = -0.00886590469693045
  mo_energy =
[ -4.89882054e+02  -1.33538766e+02  -6.50261217e+01  -5.83803016e+01
  -5.83803016e+01  -5.83802916e+01  -1.44960611e+01  -1.15257678e+01
  -1.15257678e+01  -1.15255483e+01  -9.70156625e+00  -7.30961049e+00
  -7.30928312e+00  -7.30928312e+00  -3.05024406e+00  -3.05012254e+00
  -3.05012254e+00  -3.04992472e+00  -3.04992472e+00  -1.75720367e+00
  -9.68954973e-01  -9.65968569e-01  -9.65968569e-01  -8.57838779e-01
  -3.23485377e-01  -3.12995256e-01  -3.12995256e-01  -8.86590470e-03
   5.94648625e-02   5.94648625e-02   7.04941332e-02   9.52027914e-02
   1.27585440e-01   1.27585440e-01   1.62286331e-01   1.62286331e-01
   2.14811704e-01   3.74627088e-01   3.74627088e-01   3.80502594e-01
   3.80502594e-01   3.81760409e-01   4.90970953e-01   4.98881913e-01
   4.98881913e-01   5.59327263e-01   5.59327263e-01   5.61678757e-01
   6.02333983e-01   6.02333983e-01   8.15298340e-01   8.15298340e-01
   8.88698751e-01   1.09667912e+00   1.25617526e+00   1.38838384e+00
   1.38838384e+00   1.40230990e+00   1.40230990e+00   1.45534600e+00
   1.71089516e+00   1.71089516e+00   1.74754231e+00   1.74754231e+00
   1.79767816e+00   1.92705433e+00   1.92705433e+00   1.93066243e+00
   1.93066243e+00   1.96097236e+00   1.96097236e+00   2.02637380e+00
   2.04156085e+00   2.04156085e+00   2.14122714e+00   4.55776369e+00
   4.55776369e+00   4.59588824e+00   4.59588824e+00   4.63474249e+00
   7.98742300e+00]
E_coul = 1364.33243098
cycle= 4 E= -3171.66095983957  delta_E= -9.08e-05  |g|= 0.00456  |ddm|= 0.0186
    CPU time for cycle= 4      0.04 sec, wall time      0.04 sec
diis-norm(errvec)=0.00732263
diis-c [ -1.25032814e-05  -1.51525659e-02  -4.74449784e-02  -5.18647129e-02
   1.11446226e+00]
  HOMO = -0.31333132703666  LUMO = -0.00854041020531082
  mo_energy =
[ -4.89886848e+02  -1.33539228e+02  -6.50298100e+01  -5.83842243e+01
  -5.83842243e+01  -5.83841874e+01  -1.44962592e+01  -1.15259960e+01
  -1.15259960e+01  -1.15258055e+01  -9.70292696e+00  -7.31103997e+00
  -7.31081065e+00  -7.31081065e+00  -3.05174096e+00  -3.05165223e+00
  -3.05165223e+00  -3.05154994e+00  -3.05154994e+00  -1.75680137e+00
  -9.68640307e-01  -9.65613658e-01  -9.65613658e-01  -8.58161398e-01
  -3.24172371e-01  -3.13331327e-01  -3.13331327e-01  -8.54041021e-03
   5.98259387e-02   5.98259387e-02   7.07665905e-02   9.54936932e-02
   1.27845989e-01   1.27845989e-01   1.62503095e-01   1.62503095e-01
   2.14726142e-01   3.74933941e-01   3.74933941e-01   3.80906083e-01
   3.80906083e-01   3.82031476e-01   4.90655319e-01   4.98524284e-01
   4.98524284e-01   5.58900067e-01   5.58900067e-01   5.61492671e-01
   6.02166290e-01   6.02166290e-01   8.15672301e-01   8.15672301e-01
   8.88834237e-01   1.09677607e+00   1.25622672e+00   1.38874992e+00
   1.38874992e+00   1.40263302e+00   1.40263302e+00   1.45561970e+00
   1.71036497e+00   1.71036497e+00   1.74712370e+00   1.74712370e+00
   1.79728488e+00   1.92668910e+00   1.92668910e+00   1.93013023e+00
   1.93013023e+00   1.96075218e+00   1.96075218e+00   2.02603507e+00
   2.04096588e+00   2.04096588e+00   2.14104853e+00   4.55695461e+00
   4.55695461e+00   4.59526690e+00   4.59526690e+00   4.63415636e+00
   7.98653278e+00]
E_coul = 1364.36090676072
cycle= 5 E= -3171.6609681025  delta_E= -8.26e-06  |g|= 0.000898  |ddm|= 0.0079
    CPU time for cycle= 5      0.03 sec, wall time      0.04 sec
diis-norm(errvec)=0.0015936
diis-c [ -6.26278368e-07   2.68879560e-03   1.03367684e-02  -2.50033013e-02
  -2.18799330e-01   1.23077707e+00]
  HOMO = -0.313051913806086  LUMO = -0.0085079330742037
  mo_energy =
[ -4.89885859e+02  -1.33538971e+02  -6.50289901e+01  -5.83833739e+01
  -5.83833739e+01  -5.83833284e+01  -1.44960652e+01  -1.15257965e+01
  -1.15257965e+01  -1.15256066e+01  -9.70232650e+00  -7.31040729e+00
  -7.31019361e+00  -7.31019361e+00  -3.05108891e+00  -3.05100772e+00
  -3.05100772e+00  -3.05092748e+00  -3.05092748e+00  -1.75669478e+00
  -9.68521781e-01  -9.65519412e-01  -9.65519412e-01  -8.57891268e-01
  -3.24041008e-01  -3.13051914e-01  -3.13051914e-01  -8.50793307e-03
   5.98589690e-02   5.98589690e-02   7.07949278e-02   9.55272287e-02
   1.27874240e-01   1.27874240e-01   1.62544338e-01   1.62544338e-01
   2.14769495e-01   3.75006495e-01   3.75006495e-01   3.80960660e-01
   3.80960660e-01   3.82102767e-01   4.90696326e-01   4.98604162e-01
   4.98604162e-01   5.59061534e-01   5.59061534e-01   5.61625599e-01
   6.02307186e-01   6.02307186e-01   8.15752563e-01   8.15752563e-01
   8.88974195e-01   1.09693637e+00   1.25635736e+00   1.38883468e+00
   1.38883468e+00   1.40273015e+00   1.40273015e+00   1.45571930e+00
   1.71062308e+00   1.71062308e+00   1.74739388e+00   1.74739388e+00
   1.79755500e+00   1.92697677e+00   1.92697677e+00   1.93039805e+00
   1.93039805e+00   1.96103936e+00   1.96103936e+00   2.02631119e+00
   2.04125295e+00   2.04125295e+00   2.14131423e+00   4.55735338e+00
   4.55735338e+00   4.59569584e+00   4.59569584e+00   4.63459012e+00
   7.98702366e+00]
E_coul = 1364.35282307551
cycle= 6 E= -3171.66096854617  delta_E= -4.44e-07  |g|= 0.000135  |ddm|= 0.00213
    CPU time for cycle= 6      0.04 sec, wall time      0.04 sec
diis-norm(errvec)=0.000283151
diis-c [ -4.32288365e-08   3.10280029e-04   1.06057408e-03   5.92872234e-03
  -2.80797496e-02  -1.58855358e-01   1.17963553e+00]
  HOMO = -0.313044994453651  LUMO = -0.0085188999396412
  mo_energy =
[ -4.89885843e+02  -1.33539063e+02  -6.50289824e+01  -5.83833649e+01
  -5.83833649e+01  -5.83833174e+01  -1.44961380e+01  -1.15258718e+01
  -1.15258718e+01  -1.15256812e+01  -9.70234834e+00  -7.31042338e+00
  -7.31021554e+00  -7.31021554e+00  -3.05110179e+00  -3.05102355e+00
  -3.05102355e+00  -3.05095185e+00  -3.05095185e+00  -1.75673822e+00
  -9.68563531e-01  -9.65560604e-01  -9.65560604e-01  -8.57900273e-01
  -3.24068096e-01  -3.13044994e-01  -3.13044994e-01  -8.51889994e-03
   5.98471439e-02   5.98471439e-02   7.07836571e-02   9.55174792e-02
   1.27865032e-01   1.27865032e-01   1.62541590e-01   1.62541590e-01
   2.14770179e-01   3.74985493e-01   3.74985493e-01   3.80936653e-01
   3.80936653e-01   3.82083070e-01   4.90696315e-01   4.98616325e-01
   4.98616325e-01   5.59064245e-01   5.59064245e-01   5.61627661e-01
   6.02307742e-01   6.02307742e-01   8.15727525e-01   8.15727525e-01
   8.88946779e-01   1.09691583e+00   1.25634414e+00   1.38879744e+00
   1.38879744e+00   1.40269433e+00   1.40269433e+00   1.45569214e+00
   1.71061995e+00   1.71061995e+00   1.74738687e+00   1.74738687e+00
   1.79754338e+00   1.92697331e+00   1.92697331e+00   1.93038748e+00
   1.93038748e+00   1.96104229e+00   1.96104229e+00   2.02632207e+00
   2.04125267e+00   2.04125267e+00   2.14130908e+00   4.55733423e+00
   4.55733423e+00   4.59568649e+00   4.59568649e+00   4.63458475e+00
   7.98700631e+00]
E_coul = 1364.35304262709
cycle= 7 E= -3171.66096856798  delta_E= -2.18e-08  |g|= 4.28e-05  |ddm|= 0.000531
    CPU time for cycle= 7      0.04 sec, wall time      0.04 sec
diis-norm(errvec)=8.15266e-05
diis-c [ -2.23029437e-09  -2.88320324e-04  -1.18701664e-03   1.14433585e-03
   2.21607228e-02  -6.43177885e-02  -1.77642240e-01   1.22013031e+00]
  HOMO = -0.313041767032095  LUMO = -0.00852061052193109
  mo_energy =
[ -4.89885868e+02  -1.33539055e+02  -6.50289989e+01  -5.83833833e+01
  -5.83833833e+01  -5.83833354e+01  -1.44961323e+01  -1.15258662e+01
  -1.15258662e+01  -1.15256753e+01  -9.70235131e+00  -7.31042656e+00
  -7.31022035e+00  -7.31022035e+00  -3.05110508e+00  -3.05102770e+00
  -3.05102770e+00  -3.05095844e+00  -3.05095844e+00  -1.75673753e+00
  -9.68563579e-01  -9.65560648e-01  -9.65560648e-01  -8.57899650e-01
  -3.24072189e-01  -3.13041767e-01  -3.13041767e-01  -8.52061052e-03
   5.98455620e-02   5.98455620e-02   7.07820496e-02   9.55167616e-02
   1.27864297e-01   1.27864297e-01   1.62542536e-01   1.62542536e-01
   2.14770438e-01   3.74985375e-01   3.74985375e-01   3.80935687e-01
   3.80935687e-01   3.82082441e-01   4.90695592e-01   4.98618405e-01
   4.98618405e-01   5.59064621e-01   5.59064621e-01   5.61629174e-01
   6.02308839e-01   6.02308839e-01   8.15726976e-01   8.15726976e-01
   8.88946172e-01   1.09691590e+00   1.25634519e+00   1.38879756e+00
   1.38879756e+00   1.40269473e+00   1.40269473e+00   1.45569262e+00
   1.71062097e+00   1.71062097e+00   1.74738983e+00   1.74738983e+00
   1.79754826e+00   1.92697406e+00   1.92697406e+00   1.93038684e+00
   1.93038684e+00   1.96104284e+00   1.96104284e+00   2.02632014e+00
   2.04125251e+00   2.04125251e+00   2.14131008e+00   4.55733184e+00
   4.55733184e+00   4.59568697e+00   4.59568697e+00   4.63458596e+00
   7.98700520e+00]
E_coul = 1364.35310415827
cycle= 8 E= -3171.66096856922  delta_E= -1.24e-09  |g|= 7.54e-06  |ddm|= 0.000134
    CPU time for cycle= 8      0.04 sec, wall time      0.04 sec
diis-norm(errvec)=1.51061e-05
diis-c [ -1.26710392e-10  -2.11404312e-05  -9.99640343e-05  -2.10296662e-04
   2.42819000e-03   3.32512770e-03  -5.95101576e-02   3.57001137e-02
   1.01838813e+00]
  HOMO = -0.313041830425569  LUMO = -0.00852098032442614
  mo_energy =
[ -4.89885869e+02  -1.33539055e+02  -6.50289998e+01  -5.83833842e+01
  -5.83833842e+01  -5.83833362e+01  -1.44961327e+01  -1.15258666e+01
  -1.15258666e+01  -1.15256757e+01  -9.70235213e+00  -7.31042725e+00
  -7.31022115e+00  -7.31022115e+00  -3.05110573e+00  -3.05102842e+00
  -3.05102842e+00  -3.05095935e+00  -3.05095935e+00  -1.75673868e+00
  -9.68565016e-01  -9.65561862e-01  -9.65561862e-01  -8.57900255e-01
  -3.24073034e-01  -3.13041830e-01  -3.13041830e-01  -8.52098032e-03
   5.98451024e-02   5.98451024e-02   7.07818148e-02   9.55160319e-02
   1.27863667e-01   1.27863667e-01   1.62541849e-01   1.62541849e-01
   2.14769938e-01   3.74984100e-01   3.74984100e-01   3.80934616e-01
   3.80934616e-01   3.82081486e-01   4.90695167e-01   4.98618026e-01
   4.98618026e-01   5.59064016e-01   5.59064016e-01   5.61628373e-01
   6.02308324e-01   6.02308324e-01   8.15725841e-01   8.15725841e-01
   8.88945436e-01   1.09691532e+00   1.25634397e+00   1.38879641e+00
   1.38879641e+00   1.40269346e+00   1.40269346e+00   1.45569115e+00
   1.71062024e+00   1.71062024e+00   1.74738874e+00   1.74738874e+00
   1.79754693e+00   1.92697326e+00   1.92697326e+00   1.93038596e+00
   1.93038596e+00   1.96104221e+00   1.96104221e+00   2.02631996e+00
   2.04125193e+00   2.04125193e+00   2.14130883e+00   4.55733096e+00
   4.55733096e+00   4.59568624e+00   4.59568624e+00   4.63458533e+00
   7.98700442e+00]
E_coul = 1364.35312742688
cycle= 9 E= -3171.66096856927  delta_E= -4.82e-11  |g|= 2.37e-06  |ddm|= 2.19e-05
    CPU time for cycle= 9      0.03 sec, wall time      0.04 sec
  HOMO = -0.313041786908014  LUMO = -0.00852099492640897
  mo_energy =
[ -4.89885867e+02  -1.33539056e+02  -6.50289986e+01  -5.83833828e+01
  -5.83833828e+01  -5.83833349e+01  -1.44961329e+01  -1.15258668e+01
  -1.15258668e+01  -1.15256759e+01  -9.70235171e+00  -7.31042678e+00
  -7.31022067e+00  -7.31022067e+00  -3.05110524e+00  -3.05102793e+00
  -3.05102793e+00  -3.05095885e+00  -3.05095885e+00  -1.75673871e+00
  -9.68565021e-01  -9.65561889e-01  -9.65561889e-01  -8.57900184e-01
  -3.24072889e-01  -3.13041787e-01  -3.13041787e-01  -8.52099493e-03
   5.98451133e-02   5.98451133e-02   7.07817927e-02   9.55160501e-02
   1.27863687e-01   1.27863687e-01   1.62541868e-01   1.62541868e-01
   2.14769943e-01   3.74984117e-01   3.74984117e-01   3.80934637e-01
   3.80934637e-01   3.82081504e-01   4.90695169e-01   4.98617943e-01
   4.98617943e-01   5.59064029e-01   5.59064029e-01   5.61628446e-01
   6.02308368e-01   6.02308368e-01   8.15725848e-01   8.15725848e-01
   8.88945348e-01   1.09691524e+00   1.25634404e+00   1.38879640e+00
   1.38879640e+00   1.40269344e+00   1.40269344e+00   1.45569122e+00
   1.71062025e+00   1.71062025e+00   1.74738888e+00   1.74738888e+00
   1.79754717e+00   1.92697327e+00   1.92697327e+00   1.93038595e+00
   1.93038595e+00   1.96104218e+00   1.96104218e+00   2.02631986e+00
   2.04125195e+00   2.04125195e+00   2.14130897e+00   4.55733111e+00
   4.55733111e+00   4.59568641e+00   4.59568641e+00   4.63458550e+00
   7.98700467e+00]
E_coul = 1364.35311318387
Extra cycle  E= -3171.66096856927  delta_E= -9.09e-13  |g|= 9e-07  |ddm|= 5.68e-06
    CPU time for scf_cycle      1.51 sec, wall time      1.52 sec
    CPU time for SCF      1.51 sec, wall time      1.63 sec
converged SCF energy = -3171.66096856927
RHF E = -3171.66096857
RHF eps = [ -4.89885867e+02  -1.33539056e+02  -6.50289986e+01  -5.83833828e+01
  -5.83833828e+01  -5.83833349e+01  -1.44961329e+01  -1.15258668e+01
  -1.15258668e+01  -1.15256759e+01  -9.70235171e+00  -7.31042678e+00
  -7.31022067e+00  -7.31022067e+00  -3.05110524e+00  -3.05102793e+00
  -3.05102793e+00  -3.05095885e+00  -3.05095885e+00  -1.75673871e+00
  -9.68565021e-01  -9.65561889e-01  -9.65561889e-01  -8.57900184e-01
  -3.24072889e-01  -3.13041787e-01  -3.13041787e-01  -8.52099493e-03
   5.98451133e-02   5.98451133e-02   7.07817927e-02   9.55160501e-02
   1.27863687e-01   1.27863687e-01   1.62541868e-01   1.62541868e-01
   2.14769943e-01   3.74984117e-01   3.74984117e-01   3.80934637e-01
   3.80934637e-01   3.82081504e-01   4.90695169e-01   4.98617943e-01
   4.98617943e-01   5.59064029e-01   5.59064029e-01   5.61628446e-01
   6.02308368e-01   6.02308368e-01   8.15725848e-01   8.15725848e-01
   8.88945348e-01   1.09691524e+00   1.25634404e+00   1.38879640e+00
   1.38879640e+00   1.40269344e+00   1.40269344e+00   1.45569122e+00
   1.71062025e+00   1.71062025e+00   1.74738888e+00   1.74738888e+00
   1.79754717e+00   1.92697327e+00   1.92697327e+00   1.93038595e+00
   1.93038595e+00   1.96104218e+00   1.96104218e+00   2.02631986e+00
   2.04125195e+00   2.04125195e+00   2.14130897e+00   4.55733111e+00
   4.55733111e+00   4.59568641e+00   4.59568641e+00   4.63458550e+00
   7.98700467e+00]
    CPU time for CCSD integral transformation      3.34 sec, wall time      3.34 sec

******** <class 'pyscf.cc.rccsd.RCCSD'> flags ********
CCSD nocc = 8, nvir = 54
frozen orbitals [0, 1, 2, 3, 4, 5, 6, 7, 8, 9, 10, 11, 12, 13, 14, 15, 16, 17, 18]
max_cycle = 200
direct = 0
conv_tol = 1e-07
conv_tol_normt = 1e-05
diis_space = 6
diis_start_cycle = 0
diis_start_energy_diff = 1e+09
max_memory 4000 MB (current use 160 MB)
Init t2, MP2 energy = -0.326195301743071
    CPU time for init mp2      0.00 sec, wall time      0.00 sec
    CPU time for vvvv-tau      0.00 sec, wall time      0.00 sec
    CPU time for vvvv [0:54]      0.03 sec, wall time      0.02 sec
    CPU time for vvvv      0.38 sec, wall time      0.37 sec
    CPU time for woooo      0.00 sec, wall time      0.00 sec
max_memory 3839 MB,  nocc,nvir = 8,54  blksize = 8,54
    CPU time for ovvv [0:8]      0.14 sec, wall time      0.14 sec
    CPU time for wOVov [0:8]      0.17 sec, wall time      0.18 sec
    CPU time for woVoV [0:8]      0.10 sec, wall time      0.10 sec
    CPU time for contract occ [0:8]      0.49 sec, wall time      0.50 sec
    CPU time for contract loop      0.87 sec, wall time      0.87 sec
    CPU time for update t1 t2      0.89 sec, wall time      0.88 sec
istep = 0  E(CCSD) = -0.346436643044641  dE = -0.346436643  norm(t1,t2) = 0.0490598
    CPU time for CCSD iter      0.89 sec, wall time      0.89 sec
    CPU time for vvvv-tau      0.00 sec, wall time      0.00 sec
    CPU time for vvvv [0:54]      0.02 sec, wall time      0.02 sec
    CPU time for vvvv      0.37 sec, wall time      0.37 sec
    CPU time for woooo      0.00 sec, wall time      0.00 sec
max_memory 3813 MB,  nocc,nvir = 8,54  blksize = 8,54
    CPU time for ovvv [0:8]      0.14 sec, wall time      0.15 sec
    CPU time for wOVov [0:8]      0.18 sec, wall time      0.18 sec
    CPU time for woVoV [0:8]      0.10 sec, wall time      0.10 sec
    CPU time for contract occ [0:8]      0.50 sec, wall time      0.50 sec
    CPU time for contract loop      0.87 sec, wall time      0.87 sec
    CPU time for update t1 t2      0.88 sec, wall time      0.89 sec
DIIS for step 1
istep = 1  E(CCSD) = -0.350338397311425  dE = -0.00390175427  norm(t1,t2) = 0.0126562
    CPU time for CCSD iter      0.90 sec, wall time      0.89 sec
    CPU time for vvvv-tau      0.00 sec, wall time      0.00 sec
    CPU time for vvvv [0:54]      0.02 sec, wall time      0.02 sec
    CPU time for vvvv      0.37 sec, wall time      0.37 sec
    CPU time for woooo      0.00 sec, wall time      0.00 sec
max_memory 3813 MB,  nocc,nvir = 8,54  blksize = 8,54
    CPU time for ovvv [0:8]      0.14 sec, wall time      0.15 sec
    CPU time for wOVov [0:8]      0.18 sec, wall time      0.18 sec
    CPU time for woVoV [0:8]      0.10 sec, wall time      0.10 sec
    CPU time for contract occ [0:8]      0.50 sec, wall time      0.50 sec
    CPU time for contract loop      0.87 sec, wall time      0.88 sec
    CPU time for update t1 t2      0.88 sec, wall time      0.89 sec
diis-c [ -1.43490761e-05   1.00000000e+00]
DIIS for step 2
istep = 2  E(CCSD) = -0.351125181099222  dE = -0.000786783788  norm(t1,t2) = 0.00600991
    CPU time for CCSD iter      0.89 sec, wall time      0.90 sec
    CPU time for vvvv-tau      0.00 sec, wall time      0.00 sec
    CPU time for vvvv [0:54]      0.03 sec, wall time      0.02 sec
    CPU time for vvvv      0.37 sec, wall time      0.37 sec
    CPU time for woooo      0.00 sec, wall time      0.00 sec
max_memory 3813 MB,  nocc,nvir = 8,54  blksize = 8,54
    CPU time for ovvv [0:8]      0.14 sec, wall time      0.14 sec
    CPU time for wOVov [0:8]      0.18 sec, wall time      0.18 sec
    CPU time for woVoV [0:8]      0.09 sec, wall time      0.10 sec
    CPU time for contract occ [0:8]      0.50 sec, wall time      0.50 sec
    CPU time for contract loop      0.88 sec, wall time      0.87 sec
    CPU time for update t1 t2      0.89 sec, wall time      0.89 sec
diis-c [ -2.46612108e-06  -2.60189910e-01   1.26018991e+00]
DIIS for step 3
istep = 3  E(CCSD) = -0.351432007360947  dE = -0.000306826262  norm(t1,t2) = 0.00273212
    CPU time for CCSD iter      0.90 sec, wall time      0.89 sec
    CPU time for vvvv-tau      0.00 sec, wall time      0.00 sec
    CPU time for vvvv [0:54]      0.01 sec, wall time      0.02 sec
    CPU time for vvvv      0.36 sec, wall time      0.37 sec
    CPU time for woooo      0.00 sec, wall time      0.00 sec
max_memory 3808 MB,  nocc,nvir = 8,54  blksize = 8,54
    CPU time for ovvv [0:8]      0.15 sec, wall time      0.15 sec
    CPU time for wOVov [0:8]      0.18 sec, wall time      0.18 sec
    CPU time for woVoV [0:8]      0.10 sec, wall time      0.10 sec
    CPU time for contract occ [0:8]      0.51 sec, wall time      0.50 sec
    CPU time for contract loop      0.87 sec, wall time      0.87 sec
    CPU time for update t1 t2      0.88 sec, wall time      0.89 sec
diis-c [ -3.42271235e-07  -3.43145956e-01   3.84515740e-01   9.58630216e-01]
DIIS for step 4
istep = 4  E(CCSD) = -0.351535095087905  dE = -0.000103087727  norm(t1,t2) = 0.00163563
    CPU time for CCSD iter      0.89 sec, wall time      0.90 sec
    CPU time for vvvv-tau      0.00 sec, wall time      0.00 sec
    CPU time for vvvv [0:54]      0.02 sec, wall time      0.02 sec
    CPU time for vvvv      0.37 sec, wall time      0.37 sec
    CPU time for woooo      0.00 sec, wall time      0.00 sec
max_memory 3808 MB,  nocc,nvir = 8,54  blksize = 8,54
    CPU time for ovvv [0:8]      0.15 sec, wall time      0.15 sec
    CPU time for wOVov [0:8]      0.18 sec, wall time      0.18 sec
    CPU time for woVoV [0:8]      0.10 sec, wall time      0.11 sec
    CPU time for contract occ [0:8]      0.51 sec, wall time      0.52 sec
    CPU time for contract loop      0.88 sec, wall time      0.89 sec
    CPU time for update t1 t2      0.90 sec, wall time      0.91 sec
diis-c [ -8.37376408e-08   1.03591014e-01  -2.14091228e-01  -3.97639407e-01
   1.50813962e+00]
DIIS for step 5
istep = 5  E(CCSD) = -0.351497900083082  dE = 3.71950048e-05  norm(t1,t2) = 0.000532911
    CPU time for CCSD iter      0.90 sec, wall time      0.91 sec
    CPU time for vvvv-tau      0.00 sec, wall time      0.00 sec
    CPU time for vvvv [0:54]      0.02 sec, wall time      0.02 sec
    CPU time for vvvv      0.37 sec, wall time      0.37 sec
    CPU time for woooo      0.00 sec, wall time      0.00 sec
max_memory 3808 MB,  nocc,nvir = 8,54  blksize = 8,54
    CPU time for ovvv [0:8]      0.15 sec, wall time      0.15 sec
    CPU time for wOVov [0:8]      0.18 sec, wall time      0.18 sec
    CPU time for woVoV [0:8]      0.10 sec, wall time      0.10 sec
    CPU time for contract occ [0:8]      0.51 sec, wall time      0.51 sec
    CPU time for contract loop      0.88 sec, wall time      0.88 sec
    CPU time for update t1 t2      0.90 sec, wall time      0.90 sec
diis-c [ -4.64825045e-09   8.83559833e-02  -8.89845463e-02  -2.89353819e-01
   3.43092463e-01   9.46889920e-01]
DIIS for step 6
istep = 6  E(CCSD) = -0.351478780714471  dE = 1.91193686e-05  norm(t1,t2) = 0.000202535
    CPU time for CCSD iter      0.91 sec, wall time      0.90 sec
    CPU time for vvvv-tau      0.00 sec, wall time      0.00 sec
    CPU time for vvvv [0:54]      0.01 sec, wall time      0.02 sec
    CPU time for vvvv      0.37 sec, wall time      0.38 sec
    CPU time for woooo      0.00 sec, wall time      0.00 sec
max_memory 3808 MB,  nocc,nvir = 8,54  blksize = 8,54
    CPU time for ovvv [0:8]      0.14 sec, wall time      0.14 sec
    CPU time for wOVov [0:8]      0.18 sec, wall time      0.18 sec
    CPU time for woVoV [0:8]      0.10 sec, wall time      0.10 sec
    CPU time for contract occ [0:8]      0.50 sec, wall time      0.50 sec
    CPU time for contract loop      0.87 sec, wall time      0.88 sec
    CPU time for update t1 t2      0.88 sec, wall time      0.89 sec
diis-c [ -9.52244533e-10  -1.71361329e-02   2.39464964e-02   5.71835323e-02
  -1.17676610e-01  -1.31883277e-01   1.18556599e+00]
DIIS for step 7
istep = 7  E(CCSD) = -0.35148228726423  dE = -3.50654976e-06  norm(t1,t2) = 5.3107e-05
    CPU time for CCSD iter      0.89 sec, wall time      0.90 sec
    CPU time for vvvv-tau      0.00 sec, wall time      0.00 sec
    CPU time for vvvv [0:54]      0.03 sec, wall time      0.02 sec
    CPU time for vvvv      0.38 sec, wall time      0.37 sec
    CPU time for woooo      0.00 sec, wall time      0.00 sec
max_memory 3807 MB,  nocc,nvir = 8,54  blksize = 8,54
    CPU time for ovvv [0:8]      0.15 sec, wall time      0.15 sec
    CPU time for wOVov [0:8]      0.17 sec, wall time      0.18 sec
    CPU time for woVoV [0:8]      0.10 sec, wall time      0.10 sec
    CPU time for contract occ [0:8]      0.50 sec, wall time      0.50 sec
    CPU time for contract loop      0.88 sec, wall time      0.88 sec
    CPU time for update t1 t2      0.90 sec, wall time      0.90 sec
diis-c [ -1.57970748e-10   1.06465192e+00  -2.57271232e-03   1.76279342e-03
  -5.13065991e-03  -6.30496587e-02   4.33832089e-03]
DIIS for step 8
istep = 8  E(CCSD) = -0.351482805991064  dE = -5.18726834e-07  norm(t1,t2) = 2.3447e-05
    CPU time for CCSD iter      0.90 sec, wall time      0.90 sec
    CPU time for vvvv-tau      0.01 sec, wall time      0.00 sec
    CPU time for vvvv [0:54]      0.02 sec, wall time      0.02 sec
    CPU time for vvvv      0.38 sec, wall time      0.37 sec
    CPU time for woooo      0.00 sec, wall time      0.00 sec
max_memory 3805 MB,  nocc,nvir = 8,54  blksize = 8,54
    CPU time for ovvv [0:8]      0.15 sec, wall time      0.15 sec
    CPU time for wOVov [0:8]      0.18 sec, wall time      0.18 sec
    CPU time for woVoV [0:8]      0.10 sec, wall time      0.10 sec
    CPU time for contract occ [0:8]      0.51 sec, wall time      0.51 sec
    CPU time for contract loop      0.89 sec, wall time      0.88 sec
    CPU time for update t1 t2      0.90 sec, wall time      0.90 sec
diis-c [ -1.18114407e-11   1.34836331e-01   1.06624430e+00   1.25227223e-04
   1.17223368e-02  -8.29238087e-03  -2.04635813e-01]
DIIS for step 9
istep = 9  E(CCSD) = -0.351483404467009  dE = -5.98475945e-07  norm(t1,t2) = 1.07924e-05
    CPU time for CCSD iter      0.91 sec, wall time      0.91 sec
    CPU time for vvvv-tau      0.00 sec, wall time      0.00 sec
    CPU time for vvvv [0:54]      0.03 sec, wall time      0.02 sec
    CPU time for vvvv      0.38 sec, wall time      0.37 sec
    CPU time for woooo      0.00 sec, wall time      0.00 sec
max_memory 3804 MB,  nocc,nvir = 8,54  blksize = 8,54
    CPU time for ovvv [0:8]      0.14 sec, wall time      0.15 sec
    CPU time for wOVov [0:8]      0.18 sec, wall time      0.18 sec
    CPU time for woVoV [0:8]      0.10 sec, wall time      0.10 sec
    CPU time for contract occ [0:8]      0.50 sec, wall time      0.51 sec
    CPU time for contract loop      0.88 sec, wall time      0.88 sec
    CPU time for update t1 t2      0.89 sec, wall time      0.90 sec
diis-c [ -1.56324953e-12  -8.22318580e-02  -1.17627827e-01   1.17753799e+00
  -2.11455520e-03   4.27057384e-03   2.01656787e-02]
DIIS for step 10
istep = 10  E(CCSD) = -0.35148334740877  dE = 5.70582389e-08  norm(t1,t2) = 2.51812e-06
    CPU time for CCSD iter      0.91 sec, wall time      0.91 sec
    CPU time for CCSD      9.89 sec, wall time      9.90 sec
CCSD converged
E(CCSD) = -3172.012451916677  E_corr = -0.3514833474087701
    CPU time for EOM-CCSD shared one-electron intermediates      0.01 sec, wall time      0.01 sec
    CPU time for EOM-CCSD shared two-electron intermediates      0.08 sec, wall time      0.08 sec
    CPU time for EOM-CCSD IP intermediates      0.10 sec, wall time      0.09 sec
tol 1e-07  toloose 0.000316228
max_cycle 200  max_space 224  max_memory 2000  incore True
davidson 0 8  |r|= 0.428  e= [ 0.36434248  0.36434248  0.37649959  0.89432309  1.01496886  1.01496886
  1.01713306  1.77511933]  max|de|= 1.78  lindep=    1
davidson 1 16  |r|= 0.135  e= [ 0.30003163  0.30003163  0.30878902  0.72094008  0.92832339  0.92832339
  0.92356419  1.5647175 ]  max|de|= -0.21  lindep= 0.967
davidson 2 22  |r|= 0.0628  e= [ 0.3001777   0.3000312   0.30901981  0.71410827  0.92623027  0.92832354
  0.92068934  1.55018595]  max|de|= -0.0145  lindep= 0.949
davidson 3 30  |r|= 0.198  e= [ 0.30034836  0.30017764  0.30920603  0.71226803  0.9258269   0.92623028
  0.9195901   1.55682669]  max|de|= 0.00664  lindep= 0.888
davidson 4 38  |r|= 0.245  e= [ 0.30036342  0.30034872  0.30922194  0.71188051  0.92574102  0.92582639
  0.91205494  1.56312341]  max|de|= -0.00754  lindep= 0.866
root 2 converged  |r|= 1.82e-05  e= 0.30922201012  max|de|= 6.91e-08
davidson 5 46  |r|= 0.387  e= [ 0.30036436  0.30036356  0.30922201  0.71197793  0.92568186  0.92573558
  0.92083041  1.58400653]  max|de|= 0.0209  lindep= 0.873
davidson 6 53  |r|= 0.113  e= [ 0.3003646   0.30036441  0.30922204  0.71199249  0.92582253  0.92572485
  0.92056583  1.54702749]  max|de|= -0.037  lindep= 0.884
root 0 converged  |r|= 3.49e-07  e= 0.300364624241  max|de|= 2.6e-08
davidson 7 60  |r|= 0.155  e= [ 0.30036462  0.3003646   0.30922205  0.71197624  0.92595251  0.92582639
  0.92022561  1.55085181]  max|de|= 0.00382  lindep= 0.896
davidson 8 66  |r|= 0.0548  e= [ 0.30036462  0.30036463  0.30922206  0.71197367  0.92589972  0.92589972
  0.92146668  1.55456344]  max|de|= 0.00371  lindep= 0.875
davidson 9 70  |r|= 0.156  e= [ 0.30036462  0.30036463  0.30922206  0.71197449  0.92598106  0.92722447
  0.92054707  1.54781035]  max|de|= -0.00675  lindep= 0.893
davidson 10 75  |r|= 0.0627  e= [ 0.30036462  0.30036463  0.3092221   0.71197476  0.92546432  0.92591373
  0.91936824  1.55391719]  max|de|= 0.00611  lindep=  0.9
root 3 converged  |r|= 2.12e-06  e= 0.711974723699  max|de|= -4.06e-08
davidson 11 80  |r|= 0.223  e= [ 0.30036462  0.30036463  0.30922212  0.71197472  0.92601795  0.92590209
  0.92071167  1.55013833]  max|de|= -0.00378  lindep= 0.873
davidson 12 84  |r|= 0.234  e= [ 0.30036462  0.30036463  0.3092221   0.71197473  0.92589442  0.92482457
  0.92051113  1.53872432]  max|de|= -0.0114  lindep= 0.908
davidson 13 88  |r|= 0.0473  e= [ 0.30036462  0.30036463  0.30922208  0.71197474  0.92582996  0.92600387
  0.92039794  1.55391682]  max|de|= 0.0152  lindep= 0.886
davidson 14 92  |r|= 0.19  e= [ 0.30036462  0.30036462  0.30922209  0.71197474  0.9253151   0.92590421
  0.92016169  1.54203501]  max|de|= -0.0119  lindep= 0.893
davidson 15 96  |r|= 0.0598  e= [ 0.30036462  0.30036462  0.30922208  0.71197473  0.925904    0.92584262
  0.92041398  1.55412225]  max|de|= 0.0121  lindep= 0.869
davidson 16 100  |r|= 0.26  e= [ 0.30036462  0.30036462  0.30922208  0.71197474  0.92587389  0.92570267
  0.92039772  1.56159232]  max|de|= 0.00747  lindep= 0.888
davidson 17 104  |r|= 0.111  e= [ 0.30036462  0.30036462  0.30922208  0.71197474  0.92583564  0.92590962
  0.92039707  1.54720458]  max|de|= -0.0144  lindep= 0.892
davidson 18 108  |r|= 0.135  e= [ 0.30036462  0.30036462  0.30922209  0.71197474  0.92525791  0.92587949
  0.92036932  1.55566376]  max|de|= 0.00846  lindep= 0.892
davidson 19 112  |r|= 0.104  e= [ 0.30036462  0.30036462  0.30922208  0.71197473  0.92588121  0.92582709
  0.92033145  1.55227897]  max|de|= -0.00338  lindep= 0.887
davidson 20 116  |r|= 0.0943  e= [ 0.30036462  0.30036463  0.30922206  0.71197474  0.92592594  0.92641033
  0.920406    1.55372618]  max|de|= 0.00145  lindep= 0.909
davidson 21 120  |r|= 0.0864  e= [ 0.30036462  0.30036463  0.30922204  0.71197474  0.92590481  0.92587461
  0.92037399  1.55151686]  max|de|= -0.00221  lindep= 0.896
davidson 22 124  |r|= 0.26  e= [ 0.30036462  0.30036463  0.30922204  0.71197474  0.92583387  0.92590888
  0.92034487  1.55515134]  max|de|= 0.00363  lindep= 0.889
davidson 23 128  |r|= 0.117  e= [ 0.30036462  0.30036462  0.30922204  0.71197474  0.92566245  0.92589072
  0.92032956  1.55472863]  max|de|= -0.000423  lindep= 0.901
davidson 24 132  |r|= 0.113  e= [ 0.30036462  0.30036462  0.30922204  0.71197473  0.92594974  0.92579464
  0.92034457  1.54493292]  max|de|= -0.0098  lindep= 0.893
davidson 25 136  |r|= 0.139  e= [ 0.30036462  0.30036462  0.30922206  0.71197473  0.92589321  0.92611511
  0.92038252  1.5521757 ]  max|de|= 0.00724  lindep= 0.894
davidson 26 140  |r|= 0.081  e= [ 0.30036462  0.30036462  0.30922208  0.71197473  0.92585231  0.9259158
  0.92039221  1.55085326]  max|de|= -0.00132  lindep= 0.907
davidson 27 144  |r|= 0.155  e= [ 0.30036462  0.30036462  0.30922208  0.71197473  0.92585481  0.92587954
  0.92038101  1.54205472]  max|de|= -0.0088  lindep= 0.897
davidson 28 148  |r|= 0.16  e= [ 0.30036462  0.30036462  0.30922208  0.71197473  0.92633952  0.92584249
  0.92034668  1.54947786]  max|de|= 0.00742  lindep= 0.899
davidson 29 152  |r|= 0.213  e= [ 0.30036462  0.30036462  0.30922208  0.71197473  0.92592283  0.92582843
  0.92019132  1.54346631]  max|de|= -0.00601  lindep= 0.901
davidson 30 156  |r|= 0.127  e= [ 0.30036462  0.30036462  0.30922206  0.71197473  0.92586863  0.9261747
  0.92034581  1.55341282]  max|de|= 0.00995  lindep= 0.902
davidson 31 160  |r|= 0.0487  e= [ 0.30036462  0.30036462  0.30922207  0.71197473  0.92588057  0.92592331
  0.92020499  1.55107495]  max|de|= -0.00234  lindep= 0.893
davidson 32 164  |r|= 0.152  e= [ 0.30036462  0.30036462  0.30922208  0.71197473  0.9258444   0.92587029
  0.92035385  1.55321009]  max|de|= 0.00214  lindep= 0.879
davidson 33 168  |r|= 0.071  e= [ 0.30036462  0.30036462  0.30922208  0.71197473  0.92566406  0.92586431
  0.92034312  1.55211346]  max|de|= -0.0011  lindep= 0.87
davidson 34 172  |r|= 0.247  e= [ 0.30036462  0.30036462  0.30922209  0.71197473  0.92605794  0.92582225
  0.92034515  1.54435147]  max|de|= -0.00776  lindep= 0.883
davidson 35 176  |r|= 0.187  e= [ 0.30036462  0.30036462  0.30922213  0.71197473  0.9258992   0.925708
  0.92032747  1.54522338]  max|de|= 0.000872  lindep= 0.889
davidson 36 180  |r|= 0.0709  e= [ 0.30036462  0.30036462  0.30922213  0.71197473  0.92587408  0.92634243
  0.92038933  1.55269055]  max|de|= 0.00747  lindep= 0.879
davidson 37 184  |r|= 0.11  e= [ 0.30036462  0.30036462  0.30922213  0.71197473  0.92579893  0.92599856
  0.92035998  1.54956692]  max|de|= -0.00312  lindep= 0.882
davidson 38 188  |r|= 0.229  e= [ 0.30036462  0.30036462  0.30922213  0.71197473  0.92534612  0.92598046
  0.92035195  1.55714131]  max|de|= 0.00757  lindep= 0.874
davidson 39 192  |r|= 0.0666  e= [ 0.30036462  0.30036462  0.30922215  0.71197473  0.92588606  0.92596587
  0.92033669  1.55097073]  max|de|= -0.00617  lindep= 0.884
davidson 40 196  |r|= 0.169  e= [ 0.30036462  0.30036462  0.30922216  0.71197473  0.92624052  0.92586446
  0.92039259  1.55791478]  max|de|= 0.00694  lindep= 0.884
davidson 41 200  |r|= 0.0397  e= [ 0.30036462  0.30036462  0.30922216  0.71197473  0.92600949  0.92579491
  0.92035441  1.55094994]  max|de|= -0.00696  lindep= 0.882
davidson 42 204  |r|= 0.151  e= [ 0.30036462  0.30036462  0.30922216  0.71197473  0.92594613  0.92573381
  0.92035188  1.55519187]  max|de|= 0.00424  lindep= 0.875
davidson 43 208  |r|= 0.0393  e= [ 0.30036462  0.30036462  0.30922216  0.71197473  0.92584742  0.92552432
  0.92034976  1.55070054]  max|de|= -0.00449  lindep= 0.873
davidson 44 212  |r|= 0.0597  e= [ 0.30036462  0.30036462  0.30922216  0.71197473  0.92580581  0.92534658
  0.92035007  1.55348365]  max|de|= 0.00278  lindep= 0.875
davidson 45 216  |r|= 0.174  e= [ 0.30036462  0.30036462  0.30922217  0.71197473  0.92573545  0.92621888
  0.92035188  1.54771045]  max|de|= -0.00577  lindep= 0.872
davidson 46 220  |r|= 0.129  e= [ 0.30036462  0.30036462  0.30922217  0.71197473  0.92541917  0.92617349
  0.92035296  1.55219153]  max|de|= 0.00448  lindep= 0.88
root 6 converged  |r|= 0.000123  e= 0.920352959577  max|de|= 6.33e-15
davidson 47 8  |r|= 0.129  e= [ 0.30036462  0.30036462  0.30922217  0.71197473  0.92541917  0.92617349
  0.92035296  1.55219153]  max|de|= 6.33e-15  lindep= 0.997
davidson 48 11  |r|= 0.823  e= [ 0.30036462  0.30036462  0.30922217  0.71197473  0.92537693  0.92613406
  0.9203534   1.61946957]  max|de|= 0.0673  lindep= 0.793
davidson 49 15  |r|= 0.139  e= [ 0.30036462  0.30036462  0.30922218  0.71197473  0.92524505  0.92608496
  0.92035234  1.5517425 ]  max|de|= -0.0677  lindep= 0.836
davidson 50 19  |r|= 0.401  e= [ 0.30036462  0.30036462  0.30922218  0.71197473  0.92505864  0.92606007
  0.92035109  1.58270874]  max|de|= 0.031  lindep= 0.826
davidson 51 23  |r|=  0.1  e= [ 0.30036462  0.30036462  0.30922218  0.71197473  0.92499603  0.92601661
  0.92035166  1.55010916]  max|de|= -0.0326  lindep= 0.857
davidson 52 27  |r|= 0.164  e= [ 0.30036462  0.30036462  0.30922218  0.71197473  0.92617179  0.92617179
  0.92035299  1.56120592]  max|de|= 0.0111  lindep= 0.828
davidson 53 30  |r|= 0.114  e= [ 0.30036462  0.30036462  0.30922219  0.71197473  0.92856788  0.92604897
  0.92035201  1.54789613]  max|de|= -0.0133  lindep= 0.717
davidson 54 34  |r|= 0.157  e= [ 0.30036462  0.30036462  0.30922219  0.71197473  0.92512484  0.92599082
  0.92035157  1.55903435]  max|de|= 0.0111  lindep= 0.845
davidson 55 38  |r|= 0.199  e= [ 0.30036462  0.30036462  0.30922219  0.71197473  0.92506167  0.9260283
  0.92035171  1.55253081]  max|de|= -0.0065  lindep= 0.883
root 6 converged  |r|= 0.000143  e= 0.920351672486  max|de|= -3.86e-08
davidson 56 42  |r|= 0.357  e= [ 0.30036462  0.30036462  0.30922218  0.71197473  0.92546817  0.92813801
  0.92035167  1.54092757]  max|de|= -0.0116  lindep= 0.857
davidson 57 45  |r|= 0.223  e= [ 0.30036462  0.30036462  0.30922219  0.71197473  0.92528716  0.92611439
  0.92035289  1.55517473]  max|de|= 0.0142  lindep=  0.8
davidson 58 49  |r|= 0.182  e= [ 0.30036462  0.30036462  0.30922218  0.71197473  0.92521033  0.92600721
  0.92035217  1.55256513]  max|de|= -0.00261  lindep= 0.843
davidson 59 53  |r|= 0.307  e= [ 0.30036462  0.30036462  0.30922217  0.71197473  0.92466375  0.92600493
  0.92037601  1.56135271]  max|de|= 0.00879  lindep= 0.82
davidson 60 57  |r|= 0.237  e= [ 0.30036462  0.30036462  0.30922216  0.71197473  0.92583958  0.92618003
  0.92035309  1.54248368]  max|de|= -0.0189  lindep= 0.875
davidson 61 61  |r|= 0.194  e= [ 0.30036462  0.30036462  0.30922216  0.71197473  0.92518724  0.92601575
  0.92035201  1.55712855]  max|de|= 0.0146  lindep= 0.858
davidson 62 65  |r|= 0.207  e= [ 0.30036462  0.30036462  0.30922215  0.71197473  0.92477094  0.92597779
  0.92034307  1.55034943]  max|de|= -0.00678  lindep= 0.858
davidson 63 69  |r|= 0.268  e= [ 0.30036462  0.30036462  0.30922215  0.71197473  0.92578319  0.92596393
  0.92035256  1.55722699]  max|de|= 0.00688  lindep= 0.889
davidson 64 73  |r|= 0.13  e= [ 0.30036462  0.30036462  0.30922214  0.71197473  0.92539865  0.92676957
  0.92035202  1.55537122]  max|de|= -0.00186  lindep= 0.855
davidson 65 77  |r|= 0.267  e= [ 0.30036462  0.30036462  0.30922214  0.71197473  0.92495354  0.92600179
  0.92035665  1.54086591]  max|de|= -0.0145  lindep= 0.841
davidson 66 81  |r|= 0.148  e= [ 0.30036462  0.30036462  0.30922214  0.71197473  0.9258864   0.9258864
  0.92034821  1.5526612 ]  max|de|= 0.0118  lindep= 0.86
davidson 67 84  |r|= 0.192  e= [ 0.30036462  0.30036462  0.30922215  0.71197473  0.92603138  0.92603138
  0.92035467  1.55241403]  max|de|= -0.000247  lindep= 0.869
davidson 68 87  |r|= 0.244  e= [ 0.30036462  0.30036462  0.30922215  0.71197473  0.92633076  0.92598148
  0.92035239  1.55443886]  max|de|= 0.00202  lindep= 0.844
root 6 converged  |r|= 0.000181  e= 0.920352297063  max|de|= -8.85e-08
davidson 69 91  |r|= 0.146  e= [ 0.30036462  0.30036462  0.30922215  0.71197473  0.92582036  0.92479527
  0.9203523   1.55146788]  max|de|= -0.00297  lindep= 0.856
davidson 70 94  |r|= 0.17  e= [ 0.30036462  0.30036462  0.30922215  0.71197473  0.92487739  0.92606653
  0.92035153  1.56178685]  max|de|= 0.0103  lindep= 0.876
root 6 converged  |r|= 7.22e-05  e= 0.920351514907  max|de|= -1.34e-08
davidson 71 98  |r|= 0.074  e= [ 0.30036462  0.30036462  0.30922216  0.71197473  0.92588891  0.92643397
  0.92035151  1.55052146]  max|de|= -0.0113  lindep= 0.781
davidson 72 101  |r|= 0.124  e= [ 0.30036462  0.30036462  0.30922217  0.71197473  0.92636314  0.9251169
  0.92035013  1.55638598]  max|de|= 0.00586  lindep= 0.86
davidson 73 105  |r|= 0.0951  e= [ 0.30036462  0.30036462  0.30922214  0.71197473  0.92609245  0.92609245
  0.92035205  1.55045449]  max|de|= -0.00593  lindep= 0.851
davidson 74 108  |r|= 0.19  e= [ 0.30036462  0.30036462  0.30922213  0.71197473  0.92500276  0.92596218
  0.92035364  1.55077112]  max|de|= -0.00109  lindep= 0.715
davidson 75 112  |r|= 0.158  e= [ 0.30036462  0.30036462  0.30922214  0.71197473  0.92629428  0.92510886
  0.92035212  1.54949441]  max|de|= 0.00129  lindep= 0.844
davidson 76 116  |r|= 0.179  e= [ 0.30036462  0.30036462  0.30922214  0.71197473  0.92552836  0.92615193
  0.92035023  1.55023173]  max|de|= 0.00104  lindep= 0.888
davidson 77 120  |r|= 0.0879  e= [ 0.30036462  0.30036462  0.30922213  0.71197473  0.92514986  0.92613688
  0.92035255  1.55415845]  max|de|= 0.00393  lindep= 0.875
davidson 78 124  |r|= 0.0928  e= [ 0.30036462  0.30036462  0.30922213  0.71197473  0.92483288  0.92594531
  0.92035353  1.54839097]  max|de|= -0.00577  lindep= 0.872
davidson 79 128  |r|= 0.0781  e= [ 0.30036462  0.30036462  0.30922214  0.71197473  0.92626384  0.92626384
  0.92035237  1.55332207]  max|de|= 0.00493  lindep= 0.878
davidson 80 131  |r|= 0.124  e= [ 0.30036462  0.30036462  0.30922213  0.71197473  0.92484228  0.92604901
  0.92035414  1.54766726]  max|de|= -0.00565  lindep= 0.851
davidson 81 135  |r|= 0.185  e= [ 0.30036462  0.30036462  0.30922213  0.71197473  0.92724795  0.92597635
  0.92035187  1.55406209]  max|de|= 0.00639  lindep= 0.879
davidson 82 139  |r|= 0.199  e= [ 0.30036462  0.30036462  0.30922214  0.71197473  0.92570027  0.92531099
  0.92035127  1.55365879]  max|de|= -0.000665  lindep= 0.861
davidson 83 143  |r|= 0.125  e= [ 0.30036462  0.30036462  0.30922214  0.71197473  0.92493785  0.92604416
  0.92035234  1.55343965]  max|de|= -0.000373  lindep= 0.869
davidson 84 147  |r|= 0.144  e= [ 0.30036462  0.30036462  0.30922215  0.71197473  0.92470761  0.92640532
  0.92035178  1.54833035]  max|de|= -0.00511  lindep= 0.872
root 6 converged  |r|= 8.97e-05  e= 0.920351782811  max|de|= 6e-09
davidson 85 151  |r|= 0.159  e= [ 0.30036462  0.30036462  0.30922214  0.71197473  0.92600272  0.92600272
  0.92035178  1.54935359]  max|de|= 0.00102  lindep= 0.889
davidson 86 153  |r|= 0.0627  e= [ 0.30036462  0.30036462  0.30922214  0.71197473  0.9260197   0.9260197
  0.92035228  1.55168335]  max|de|= 0.00233  lindep= 0.869
root 6 converged  |r|= 2.62e-05  e= 0.920352196682  max|de|= -7.91e-08
davidson 87 156  |r|= 0.202  e= [ 0.30036462  0.30036462  0.30922215  0.71197473  0.92600457  0.92600457
  0.9203522   1.56297028]  max|de|= 0.0113  lindep= 0.881
davidson 88 158  |r|= 0.0577  e= [ 0.30036462  0.30036462  0.30922215  0.71197473  0.92661499  0.92592917
  0.92035208  1.55139715]  max|de|= -0.0116  lindep= 0.874
davidson 89 162  |r|= 0.177  e= [ 0.30036462  0.30036462  0.30922215  0.71197473  0.92595098  0.92595098
  0.92035616  1.55256879]  max|de|= 0.00117  lindep= 0.875
davidson 90 165  |r|= 0.231  e= [ 0.30036462  0.30036462  0.30922214  0.71197473  0.92600978  0.92600978
  0.92035237  1.56350618]  max|de|= 0.0109  lindep= 0.887
root 6 converged  |r|= 2.29e-05  e= 0.920352272314  max|de|= -9.39e-08
davidson 91 168  |r|= 0.127  e= [ 0.30036462  0.30036462  0.30922213  0.71197473  0.92611075  0.92611075
  0.92035227  1.55311791]  max|de|= -0.0104  lindep= 0.887
davidson 92 170  |r|= 0.0962  e= [ 0.30036462  0.30036462  0.30922213  0.71197473  0.92476634  0.92597639
  0.92035145  1.54799215]  max|de|= -0.00513  lindep= 0.886
davidson 93 174  |r|= 0.0816  e= [ 0.30036462  0.30036462  0.30922213  0.71197473  0.92599595  0.92549965
  0.9203521   1.5510945 ]  max|de|= 0.0031  lindep= 0.879
davidson 94 178  |r|= 0.202  e= [ 0.30036462  0.30036462  0.30922214  0.71197473  0.92489225  0.92489225
  0.92035198  1.55621327]  max|de|= 0.00512  lindep= 0.871
root 6 converged  |r|= 1.56e-05  e= 0.920351959788  max|de|= -2.29e-08
davidson 95 181  |r|= 0.214  e= [ 0.30036462  0.30036462  0.30922214  0.71197473  0.92747809  0.92595892
  0.92035196  1.55776215]  max|de|= 0.00259  lindep= 0.881
davidson 96 184  |r|= 0.0871  e= [ 0.30036462  0.30036462  0.30922213  0.71197473  0.92607024  0.9269073
  0.92035214  1.55175631]  max|de|= -0.00601  lindep= 0.894
root 6 converged  |r|= 1.45e-05  e= 0.920352207179  max|de|= 7.18e-08
davidson 97 188  |r|= 0.0709  e= [ 0.30036462  0.30036462  0.30922213  0.71197473  0.92595553  0.92632912
  0.92035221  1.55122537]  max|de|= -0.000578  lindep= 0.887
davidson 98 191  |r|= 0.112  e= [ 0.30036462  0.30036462  0.30922213  0.71197473  0.92535873  0.92592741
  0.92035226  1.55275961]  max|de|= 0.00153  lindep= 0.897
davidson 99 194  |r|= 0.178  e= [ 0.30036462  0.30036462  0.30922213  0.71197473  0.92491526  0.92608176
  0.92035267  1.54771726]  max|de|= -0.00504  lindep= 0.885
davidson 100 198  |r|= 0.0665  e= [ 0.30036462  0.30036462  0.30922214  0.71197473  0.92602517  0.92451504
  0.92035244  1.55100176]  max|de|= 0.00328  lindep= 0.887
davidson 101 202  |r|= 0.098  e= [ 0.30036462  0.30036462  0.30922214  0.71197473  0.92596352  0.92596352
  0.9203521   1.55330493]  max|de|= 0.0023  lindep= 0.875
davidson 102 205  |r|= 0.17  e= [ 0.30036462  0.30036462  0.30922214  0.71197473  0.926062    0.926062
  0.92035279  1.54892803]  max|de|= -0.00438  lindep= 0.876
davidson 103 208  |r|= 0.214  e= [ 0.30036462  0.30036462  0.30922214  0.71197473  0.925983    0.925983
  0.92035205  1.55959393]  max|de|= 0.0107  lindep= 0.865
root 6 converged  |r|= 4.38e-05  e= 0.920352129524  max|de|= 8.41e-08
davidson 104 211  |r|= 0.0437  e= [ 0.30036462  0.30036462  0.30922214  0.71197473  0.92673135  0.92602751
  0.92035213  1.5514336 ]  max|de|= -0.00816  lindep= 0.879
davidson 105 214  |r|= 0.159  e= [ 0.30036462  0.30036462  0.30922214  0.71197473  0.92601769  0.9273236
  0.92035208  1.54722624]  max|de|= -0.00421  lindep= 0.859
davidson 106 217  |r|= 0.134  e= [ 0.30036462  0.30036462  0.30922214  0.71197473  0.92600125  0.92600125
  0.9203522   1.55231785]  max|de|= 0.00509  lindep= 0.886
root 6 converged  |r|= 1.84e-05  e= 0.920352199897  max|de|= 5.33e-15
davidson 107 7  |r|= 0.134  e= [ 0.30036462  0.30036462  0.30922214  0.71197473  0.92600125  0.92600125
  0.9203522   1.55231785]  max|de|= 9.99e-15  lindep= 0.995
davidson 108 9  |r|= 0.718  e= [ 0.30036462  0.30036462  0.30922214  0.71197473  0.92599884  0.92599884
  0.92035204  1.61074853]  max|de|= 0.0584  lindep= 0.822
root 6 converged  |r|= 2.02e-05  e= 0.920351959662  max|de|= -7.84e-08
davidson 109 12  |r|= 0.49  e= [ 0.30036462  0.30036462  0.30922215  0.71197473  0.92599509  0.92599509
  0.92035196  1.55284705]  max|de|= -0.0579  lindep= 0.814
davidson 110 14  |r|= 0.288  e= [ 0.30036462  0.30036462  0.30922215  0.71197473  0.92605313  0.92605313
  0.92035183  1.53990941]  max|de|= -0.0129  lindep= 0.854
davidson 111 17  |r|= 0.305  e= [ 0.30036462  0.30036462  0.30922215  0.71197473  0.92603882  0.92603882
  0.92035228  1.57126151]  max|de|= 0.0314  lindep= 0.85
root 6 converged  |r|= 3.18e-05  e= 0.920352331006  max|de|= 5.08e-08
davidson 112 20  |r|= 0.114  e= [ 0.30036462  0.30036462  0.30922215  0.71197473  0.92601383  0.92601383
  0.92035233  1.55539827]  max|de|= -0.0159  lindep= 0.863
davidson 113 22  |r|= 0.24  e= [ 0.30036462  0.30036462  0.30922215  0.71197473  0.92599454  0.92599454
  0.92035197  1.53604825]  max|de|= -0.0194  lindep= 0.841
davidson 114 25  |r|= 0.18  e= [ 0.30036462  0.30036462  0.30922215  0.71197473  0.92596122  0.92596122
  0.92035222  1.55493161]  max|de|= 0.0189  lindep= 0.839
root 6 converged  |r|= 2.01e-05  e= 0.920352122204  max|de|= -9.99e-08
davidson 115 28  |r|= 0.29  e= [ 0.30036462  0.30036462  0.30922214  0.71197473  0.92598127  0.92598127
  0.92035212  1.57049619]  max|de|= 0.0156  lindep= 0.725
davidson 116 30  |r|= 0.0879  e= [ 0.30036462  0.30036462  0.30922215  0.71197473  0.92604683  0.92604683
  0.92035198  1.54938981]  max|de|= -0.0211  lindep= 0.756
root 6 converged  |r|= 4.1e-05  e= 0.920352081465  max|de|= 9.94e-08
davidson 117 33  |r|= 0.113  e= [ 0.30036462  0.30036462  0.30922215  0.71197473  0.9260233   0.9260233
  0.92035208  1.55620735]  max|de|= 0.00682  lindep= 0.828
davidson 118 35  |r|= 0.234  e= [ 0.30036462  0.30036462  0.30922215  0.71197473  0.92601456  0.92601456
  0.92035202  1.54148587]  max|de|= -0.0147  lindep= 0.735
davidson 119 37  |r|= 0.279  e= [ 0.30036462  0.30036462  0.30922215  0.71197473  0.92549572  0.92549572
  0.92035213  1.55624522]  max|de|= 0.0148  lindep= 0.841
root 6 converged  |r|= 1.32e-05  e= 0.920352039577  max|de|= -9.01e-08
davidson 120 40  |r|= 0.0778  e= [ 0.30036462  0.30036462  0.30922216  0.71197473  0.92601043  0.92601043
  0.92035204  1.55132594]  max|de|= -0.00492  lindep= 0.824
davidson 121 42  |r|= 0.186  e= [ 0.30036462  0.30036462  0.30922216  0.71197473  0.92596294  0.92596294
  0.92035204  1.56114145]  max|de|= 0.00982  lindep= 0.88
davidson 122 44  |r|= 0.284  e= [ 0.30036462  0.30036462  0.30922218  0.71197473  0.92599546  0.92599546
  0.92035207  1.53992949]  max|de|= -0.0212  lindep= 0.826
davidson 123 46  |r|= 0.175  e= [ 0.30036462  0.30036462  0.30922218  0.71197473  0.92597057  0.92597057
  0.92035204  1.55648204]  max|de|= 0.0166  lindep= 0.827
davidson 124 48  |r|= 0.101  e= [ 0.30036462  0.30036462  0.30922217  0.71197473  0.92604148  0.92604148
  0.92034068  1.55342229]  max|de|= -0.00306  lindep= 0.829
davidson 125 51  |r|= 0.168  e= [ 0.30036462  0.30036462  0.30922216  0.71197473  0.92600971  0.92600971
  0.9203521   1.54721117]  max|de|= -0.00621  lindep= 0.775
davidson 126 54  |r|= 0.188  e= [ 0.30036462  0.30036462  0.30922215  0.71197473  0.92596025  0.92596025
  0.92035333  1.55397133]  max|de|= 0.00676  lindep= 0.837
davidson 127 57  |r|= 0.221  e= [ 0.30036462  0.30036462  0.30922214  0.71197473  0.92598771  0.92598771
  0.92035214  1.55307449]  max|de|= -0.000897  lindep= 0.892
davidson 128 60  |r|= 0.221  e= [ 0.30036462  0.30036462  0.30922214  0.71197473  0.92600553  0.92600553
  0.92035189  1.56488077]  max|de|= 0.0118  lindep= 0.786
davidson 129 63  |r|= 0.0899  e= [ 0.30036462  0.30036462  0.30922216  0.71197473  0.92600554  0.92600554
  0.92035228  1.55279344]  max|de|= -0.0121  lindep= 0.88
root 6 converged  |r|= 1.5e-05  e= 0.920352202606  max|de|= -8.18e-08
davidson 130 66  |r|= 0.318  e= [ 0.30036462  0.30036462  0.30922216  0.71197473  0.92596148  0.92596148
  0.9203522   1.56961335]  max|de|= 0.0168  lindep= 0.831
davidson 131 68  |r|= 0.174  e= [ 0.30036462  0.30036462  0.30922216  0.71197473  0.92603148  0.92603148
  0.92035217  1.54785159]  max|de|= -0.0218  lindep= 0.856
davidson 132 70  |r|= 0.179  e= [ 0.30036462  0.30036462  0.30922216  0.71197473  0.92598572  0.92598572
  0.92035219  1.55849945]  max|de|= 0.0106  lindep= 0.854
davidson 133 72  |r|= 0.0657  e= [ 0.30036462  0.30036462  0.30922216  0.71197473  0.92597175  0.92597175
  0.92035203  1.55133334]  max|de|= -0.00717  lindep= 0.818
davidson 134 75  |r|= 0.166  e= [ 0.30036462  0.30036462  0.30922216  0.71197473  0.92597282  0.92597282
  0.92035183  1.55735687]  max|de|= 0.00602  lindep= 0.833
root 6 converged  |r|= 2.15e-05  e= 0.920351814304  max|de|= -1.64e-08
davidson 135 78  |r|= 0.0892  e= [ 0.30036462  0.30036462  0.30922216  0.71197473  0.92597943  0.92597943
  0.92035181  1.54953857]  max|de|= -0.00782  lindep= 0.82
davidson 136 80  |r|= 0.0763  e= [ 0.30036462  0.30036462  0.30922215  0.71197473  0.92599484  0.92599484
  0.920352    1.55281232]  max|de|= 0.00327  lindep= 0.81
davidson 137 83  |r|= 0.112  e= [ 0.30036462  0.30036462  0.30922216  0.71197473  0.92595855  0.92595855
  0.92035067  1.55042513]  max|de|= -0.00239  lindep= 0.878
davidson 138 86  |r|= 0.233  e= [ 0.30036462  0.30036462  0.30922216  0.71197473  0.92608993  0.92608993
  0.92035236  1.54831106]  max|de|= -0.00211  lindep= 0.881
davidson 139 89  |r|= 0.329  e= [ 0.30036462  0.30036462  0.30922216  0.71197473  0.92599796  0.92599796
  0.92035217  1.55896272]  max|de|= 0.0107  lindep= 0.884
root 6 converged  |r|= 1.35e-05  e= 0.920352231498  max|de|= 5.77e-08
davidson 140 92  |r|= 0.0846  e= [ 0.30036462  0.30036462  0.30922216  0.71197473  0.92598558  0.92598558
  0.92035223  1.55151035]  max|de|= -0.00745  lindep= 0.875
davidson 141 94  |r|= 0.0844  e= [ 0.30036462  0.30036462  0.30922216  0.71197473  0.92597991  0.92597991
  0.92035207  1.55479848]  max|de|= 0.00329  lindep= 0.82
root 6 converged  |r|= 1.57e-05  e= 0.920352141819  max|de|= 7.59e-08
davidson 142 97  |r|=  0.1  e= [ 0.30036462  0.30036462  0.30922217  0.71197473  0.92594094  0.92594094
  0.92035214  1.55050958]  max|de|= -0.00429  lindep= 0.883
davidson 143 99  |r|= 0.18  e= [ 0.30036462  0.30036462  0.30922217  0.71197473  0.92593215  0.92593215
  0.92035037  1.54614472]  max|de|= -0.00436  lindep= 0.879
davidson 144 102  |r|= 0.112  e= [ 0.30036462  0.30036462  0.30922217  0.71197473  0.92598375  0.92598375
  0.92035197  1.55063773]  max|de|= 0.00449  lindep= 0.877
davidson 145 105  |r|= 0.109  e= [ 0.30036462  0.30036462  0.30922218  0.71197473  0.92599681  0.92599681
  0.92035224  1.55448586]  max|de|= 0.00385  lindep= 0.862
davidson 146 108  |r|= 0.153  e= [ 0.30036462  0.30036462  0.30922218  0.71197473  0.92599433  0.92599433
  0.92035207  1.5464798 ]  max|de|= -0.00801  lindep= 0.854
root 6 converged  |r|= 3.47e-05  e= 0.920352113764  max|de|= 4.09e-08
davidson 147 111  |r|= 0.193  e= [ 0.30036462  0.30036462  0.30922218  0.71197473  0.92595728  0.92595728
  0.92035211  1.55482116]  max|de|= 0.00834  lindep= 0.854
davidson 148 113  |r|= 0.0475  e= [ 0.30036462  0.30036462  0.30922218  0.71197473  0.92599196  0.92599196
  0.92035195  1.55262118]  max|de|= -0.0022  lindep= 0.891
davidson 149 116  |r|= 0.211  e= [ 0.30036462  0.30036462  0.30922218  0.71197473  0.92596961  0.92596961
  0.92035207  1.5590603 ]  max|de|= 0.00644  lindep= 0.871
root 6 converged  |r|= 1.11e-05  e= 0.920352107113  max|de|= 4.21e-08
davidson 150 119  |r|= 0.162  e= [ 0.30036462  0.30036462  0.30922218  0.71197473  0.92599716  0.92599716
  0.92035211  1.55069091]  max|de|= -0.00837  lindep= 0.897
davidson 151 121  |r|= 0.0666  e= [ 0.30036462  0.30036462  0.30922218  0.71197473  0.92598533  0.92598533
  0.92035175  1.55125175]  max|de|= 0.000561  lindep= 0.879
davidson 152 124  |r|= 0.121  e= [ 0.30036462  0.30036462  0.30922218  0.71197473  0.92595253  0.92595253
  0.92035214  1.55588859]  max|de|= 0.00464  lindep= 0.874
davidson 153 127  |r|= 0.0521  e= [ 0.30036462  0.30036462  0.30922219  0.71197473  0.92602055  0.92602055
  0.92035178  1.55093921]  max|de|= -0.00495  lindep= 0.884
davidson 154 130  |r|= 0.0808  e= [ 0.30036462  0.30036462  0.30922219  0.71197473  0.92600553  0.92600553
  0.92035206  1.55490217]  max|de|= 0.00396  lindep= 0.87
davidson 155 133  |r|= 0.0645  e= [ 0.30036462  0.30036462  0.30922219  0.71197473  0.92598811  0.92598811
  0.92035157  1.55045522]  max|de|= -0.00445  lindep= 0.852
davidson 156 136  |r|= 0.0614  e= [ 0.30036462  0.30036462  0.30922219  0.71197473  0.92597498  0.92597498
  0.92035205  1.5540496 ]  max|de|= 0.00359  lindep= 0.85
root 6 converged  |r|= 9.35e-06  e= 0.920351979737  max|de|= -6.56e-08
davidson 157 139  |r|= 0.0669  e= [ 0.30036462  0.30036462  0.30922219  0.71197473  0.92599633  0.92599633
  0.92035198  1.54980447]  max|de|= -0.00425  lindep= 0.856
davidson 158 141  |r|= 0.0588  e= [ 0.30036462  0.30036462  0.30922219  0.71197473  0.92637157  0.92566094
  0.92035201  1.55328351]  max|de|= 0.00348  lindep= 0.855
davidson 159 144  |r|= 0.0991  e= [ 0.30036462  0.30036462  0.30922219  0.71197473  0.92597246  0.92597246
  0.92035287  1.54857134]  max|de|= -0.00471  lindep= 0.861
davidson 160 147  |r|= 0.0583  e= [ 0.30036462  0.30036462  0.30922219  0.71197473  0.92597667  0.92597667
  0.92035213  1.55266048]  max|de|= 0.00409  lindep= 0.866
davidson 161 150  |r|= 0.175  e= [ 0.30036462  0.30036462  0.30922218  0.71197473  0.92598581  0.92598581
  0.92035184  1.55156205]  max|de|= -0.0011  lindep= 0.873
davidson 162 153  |r|= 0.0667  e= [ 0.30036462  0.30036462  0.30922219  0.71197473  0.92594984  0.92594984
  0.92035197  1.54992215]  max|de|= -0.00164  lindep= 0.873
davidson 163 156  |r|= 0.141  e= [ 0.30036462  0.30036462  0.30922219  0.71197473  0.92603614  0.92603614
  0.92035211  1.55474228]  max|de|= 0.00482  lindep= 0.881
davidson 164 159  |r|= 0.113  e= [ 0.30036462  0.30036462  0.30922219  0.71197473  0.92599347  0.92599347
  0.92035178  1.54984617]  max|de|= -0.0049  lindep= 0.896
davidson 165 162  |r|= 0.0469  e= [ 0.30036462  0.30036462  0.30922219  0.71197473  0.92606771  0.92579366
  0.92035208  1.55251288]  max|de|= 0.00267  lindep= 0.873
davidson 166 166  |r|= 0.0953  e= [ 0.30036462  0.30036462  0.30922219  0.71197473  0.92594712  0.92594712
  0.92035231  1.54832249]  max|de|= -0.00419  lindep= 0.875
root 6 converged  |r|= 1.33e-05  e= 0.920352234926  max|de|= -7.48e-08
davidson 167 169  |r|= 0.211  e= [ 0.30036462  0.30036462  0.30922219  0.71197473  0.92610049  0.92551801
  0.92035223  1.55455297]  max|de|= 0.00623  lindep= 0.892
davidson 168 172  |r|= 0.0857  e= [ 0.30036462  0.30036462  0.30922219  0.71197473  0.92599423  0.92599423
  0.92035214  1.55182386]  max|de|= -0.00273  lindep= 0.893
davidson 169 174  |r|= 0.106  e= [ 0.30036462  0.30036462  0.30922219  0.71197473  0.92595013  0.92595013
  0.92035213  1.55347471]  max|de|= 0.00165  lindep= 0.878
davidson 170 176  |r|= 0.156  e= [ 0.30036462  0.30036462  0.3092222   0.71197473  0.926033    0.926033
  0.92035213  1.54531568]  max|de|= -0.00816  lindep= 0.879
davidson 171 178  |r|= 0.0409  e= [ 0.30036462  0.30036462  0.3092222   0.71197473  0.92598912  0.92598912
  0.92035214  1.55146212]  max|de|= 0.00615  lindep= 0.88
davidson 172 180  |r|= 0.164  e= [ 0.30036462  0.30036462  0.3092222   0.71197473  0.92598749  0.92598749
  0.9203522   1.55992588]  max|de|= 0.00846  lindep= 0.858
davidson 173 182  |r|= 0.0386  e= [ 0.30036462  0.30036462  0.3092222   0.71197473  0.92596445  0.92596445
  0.9203521   1.55121151]  max|de|= -0.00871  lindep= 0.866
davidson 174 184  |r|= 0.134  e= [ 0.30036462  0.30036462  0.3092222   0.71197473  0.92604089  0.92604089
  0.92035208  1.5554751 ]  max|de|= 0.00426  lindep= 0.863
davidson 175 186  |r|= 0.0355  e= [ 0.30036462  0.30036462  0.3092222   0.71197473  0.92599372  0.92599372
  0.92035204  1.55118793]  max|de|= -0.00429  lindep= 0.87
davidson 176 188  |r|= 0.0764  e= [ 0.30036462  0.30036462  0.3092222   0.71197473  0.92597072  0.92597072
  0.92034845  1.5536579 ]  max|de|= 0.00247  lindep= 0.871
davidson 177 191  |r|= 0.039  e= [ 0.30036462  0.30036462  0.30922219  0.71197473  0.92596883  0.92596883
  0.9203522   1.55099793]  max|de|= -0.00266  lindep= 0.871
davidson 178 194  |r|= 0.187  e= [ 0.30036462  0.30036462  0.30922219  0.71197473  0.92594637  0.92594637
  0.92035247  1.55005434]  max|de|= -0.000944  lindep= 0.866
davidson 179 197  |r|= 0.0923  e= [ 0.30036462  0.30036462  0.3092222   0.71197473  0.92601889  0.92601889
  0.92035213  1.55256719]  max|de|= 0.00251  lindep= 0.886
root 6 converged  |r|= 1.09e-05  e= 0.920352205356  max|de|= 7.97e-08
davidson 180 200  |r|= 0.0625  e= [ 0.30036462  0.30036462  0.3092222   0.71197473  0.92597647  0.92597647
  0.92035221  1.55082424]  max|de|= -0.00174  lindep= 0.872
davidson 181 202  |r|= 0.174  e= [ 0.30036462  0.30036462  0.3092222   0.71197473  0.92597183  0.92597183
  0.9203522   1.54806635]  max|de|= -0.00276  lindep= 0.899
davidson 182 204  |r|= 0.109  e= [ 0.30036462  0.30036462  0.3092222   0.71197473  0.92582876  0.92582876
  0.92035199  1.54907837]  max|de|= 0.00101  lindep= 0.887
davidson 183 207  |r|= 0.16  e= [ 0.30036462  0.30036462  0.30922219  0.71197473  0.92602239  0.92602239
  0.92035224  1.55549109]  max|de|= 0.00641  lindep= 0.887
davidson 184 210  |r|= 0.137  e= [ 0.30036462  0.30036462  0.30922219  0.71197473  0.92598399  0.92598399
  0.92035212  1.54956967]  max|de|= -0.00592  lindep= 0.884
root 6 converged  |r|= 7.09e-06  e= 0.920352128779  max|de|= 1.09e-08
davidson 185 213  |r|= 0.105  e= [ 0.30036462  0.30036462  0.30922219  0.71197473  0.92597242  0.92597242
  0.92035213  1.55256194]  max|de|= 0.00299  lindep= 0.88
davidson 186 215  |r|= 0.0369  e= [ 0.30036462  0.30036462  0.30922219  0.71197473  0.92596555  0.92596555
  0.92035213  1.55149668]  max|de|= -0.00107  lindep= 0.891
davidson 187 217  |r|= 0.0819  e= [ 0.30036462  0.30036462  0.30922219  0.71197473  0.92598578  0.92598578
  0.9203522   1.5491017 ]  max|de|= -0.00239  lindep= 0.867
davidson 188 7  |r|= 0.0819  e= [ 0.30036462  0.30036462  0.30922219  0.71197473  0.92598578  0.92598578
  0.9203522   1.5491017 ]  max|de|= -7.99e-15  lindep= 0.986
davidson 189 9  |r|= 0.545  e= [ 0.30036462  0.30036462  0.30922219  0.71197473  0.92580184  0.92580184
  0.92035216  1.58047774]  max|de|= 0.0314  lindep= 0.817
davidson 190 11  |r|= 0.0665  e= [ 0.30036462  0.30036462  0.30922219  0.71197473  0.92546247  0.92546247
  0.9203522   1.54871274]  max|de|= -0.0318  lindep= 0.858
davidson 191 13  |r|= 0.283  e= [ 0.30036462  0.30036462  0.30922219  0.71197473  0.92420392  0.92420392
  0.92035229  1.56528384]  max|de|= 0.0166  lindep= 0.854
davidson 192 15  |r|= 0.064  e= [ 0.30036462  0.30036462  0.30922219  0.71197473  0.92696096  0.92696096
  0.92035222  1.54809073]  max|de|= -0.0172  lindep= 0.873
davidson 193 17  |r|= 0.115  e= [ 0.30036462  0.30036462  0.3092222   0.71197473  0.92573763  0.92573763
  0.92035211  1.55348915]  max|de|= 0.0054  lindep= 0.857
root 6 converged  |r|= 1.25e-05  e= 0.920352116662  max|de|= 3.5e-09
davidson 194 20  |r|= 0.122  e= [ 0.30036462  0.30036462  0.30922219  0.71197473  0.92467525  0.92467525
  0.92035212  1.54739299]  max|de|= -0.0061  lindep= 0.864
davidson 195 22  |r|= 0.0969  e= [ 0.30036462  0.30036462  0.30922219  0.71197473  0.92894528  0.92894528
  0.92035113  1.54752648]  max|de|= 0.00427  lindep= 0.859
davidson 196 25  |r|= 0.104  e= [ 0.30036462  0.30036462  0.30922219  0.71197473  0.92630103  0.92630103
  0.9203521   1.5525043 ]  max|de|= 0.00498  lindep= 0.81
root 6 converged  |r|= 2.58e-05  e= 0.920352032327  max|de|= -7.01e-08
davidson 197 28  |r|= 0.138  e= [ 0.30036462  0.30036462  0.30922219  0.71197473  0.9257641   0.9257641
  0.92035203  1.54901521]  max|de|= -0.00349  lindep= 0.756
davidson 198 30  |r|= 0.134  e= [ 0.30036462  0.30036462  0.3092222   0.71197473  0.92340793  0.92340793
  0.9203521   1.54573096]  max|de|= -0.00328  lindep= 0.822
davidson 199 32  |r|= 0.0563  e= [ 0.30036462  0.30036462  0.3092222   0.71197473  0.92632838  0.92632838
  0.92035241  1.55081742]  max|de|= 0.00509  lindep= 0.824
IP root 0 E = 0.3003646210399973  qpwt = 0.959176  conv = True
IP root 1 E = 0.3003646202521679  qpwt = 0.959176  conv = True
IP root 2 E = 0.30922219519351  qpwt = 0.958716  conv = True
IP root 3 E = 0.7119747254982532  qpwt = 0.739723  conv = True
IP root 4 E = 0.9263283826142626  qpwt = 0.735223  conv = False
IP root 5 E = 0.9263283826142626  qpwt = 0.735223  conv = False
IP root 6 E = 0.9203524092474582  qpwt = 0.930228  conv = False
IP root 7 E = 1.550817419303984  qpwt = 0.68627  conv = False
    CPU time for IP-CCSD     88.78 sec, wall time     88.81 sec
    CPU time for EOM-CCSD shared one-electron intermediates      0.01 sec, wall time      0.01 sec
    CPU time for EOM-CCSD EA intermediates      1.44 sec, wall time      1.45 sec
tol 1e-07  toloose 0.000316228
max_cycle 200  max_space 236  max_memory 2000  incore True
davidson 0 12  |r|= 0.156  e= [-0.00731287  0.06145874  0.06145874  0.07211971  0.09774009  0.12926937
  0.12926937  0.16623281  0.16623281  0.21753951  0.3861299   0.3861299 ]  max|de|= 0.386  lindep=    1
davidson 1 24  |r|= 0.029  e= [-0.01610289  0.05156421  0.05156421  0.06371007  0.08361699  0.12136515
  0.12136795  0.15277175  0.15277175  0.19399429  0.3552155   0.3552155 ]  max|de|= -0.0309  lindep= 0.971
davidson 2 33  |r|= 0.0328  e= [-0.01637873  0.05156118  0.05129043  0.06339343  0.08310477  0.12113455
  0.12113574  0.15275909  0.15220159  0.19274819  0.35414903  0.35519608]  max|de|= -0.00125  lindep= 0.91
davidson 3 45  |r|= 0.0139  e= [-0.01636409  0.05129139  0.05132041  0.0634079   0.08310068  0.12111437
  0.12111453  0.15220405  0.15224863  0.1925949   0.35400698  0.35413018]  max|de|= -0.00107  lindep= 0.835
root 0 converged  |r|= 7.43e-05  e= -0.0163641371471  max|de|= -4.84e-08
davidson 4 57  |r|= 0.027  e= [-0.01636414  0.05132063  0.05132003  0.06340701  0.08309675  0.12110642
  0.12110647  0.15225022  0.15223046  0.19253414  0.35436926  0.35391349]  max|de|= 0.000362  lindep= 0.831
davidson 5 68  |r|= 0.0168  e= [-0.01636393  0.05132021  0.05132043  0.06340722  0.08309815  0.1211061
  0.12110609  0.15223165  0.15222767  0.19251721  0.35395631  0.35421753]  max|de|= -0.000413  lindep= 0.846
root 3 converged  |r|= 5.4e-06  e= 0.0634071772668  max|de|= -3.84e-08
davidson 6 80  |r|= 0.0258  e= [-0.01636409  0.0513204   0.0513203   0.06340718  0.08309784  0.12110559
  0.12110558  0.1522288   0.15222826  0.19253088  0.35366715  0.35407689]  max|de|= -0.000289  lindep= 0.834
root 0 converged  |r|= 1.14e-06  e= -0.0163640427514  max|de|= 5.06e-08
root 1 converged  |r|= 5.52e-06  e= 0.0513202993138  max|de|= -9.68e-08
root 2 converged  |r|= 1.38e-06  e= 0.0513202635037  max|de|= -3.28e-08
root 4 converged  |r|= 2.76e-06  e= 0.083097833462  max|de|= -6.06e-09
root 5 converged  |r|= 5.41e-06  e= 0.121105581297  max|de|= -9.32e-09
root 6 converged  |r|= 5.41e-06  e= 0.121105581297  max|de|= -9.32e-09
root 8 converged  |r|= 8.26e-05  e= 0.152228221463  max|de|= -3.69e-08
davidson 7 91  |r|= 0.0219  e= [-0.01636404  0.0513203   0.05132026  0.06340717  0.08309783  0.12110558
  0.12110558  0.15222798  0.15222822  0.19253315  0.35442798  0.35350921]  max|de|= 0.000761  lindep= 0.846
davidson 8 95  |r|= 0.022  e= [-0.01636404  0.0513203   0.05132027  0.06340717  0.08309784  0.12110558
  0.12110558  0.15222823  0.15222823  0.19253093  0.35426586  0.35448834]  max|de|= 0.000979  lindep= 0.856
root 7 converged  |r|= 1.01e-05  e= 0.152228234851  max|de|= 2.47e-10
davidson 9 99  |r|= 0.023  e= [-0.01636404  0.05132029  0.05132027  0.06340717  0.08309784  0.12110558
  0.12110558  0.15222823  0.15222811  0.19253105  0.35426185  0.35426185]  max|de|= -4.01e-06  lindep= 0.872
davidson 10 102  |r|= 0.0117  e= [-0.01636404  0.05132029  0.05132027  0.06340717  0.08309784  0.12110558
  0.12110558  0.15222821  0.15222821  0.19253122  0.35397786  0.35422641]  max|de|= -0.000284  lindep= 0.875
root 7 converged  |r|= 7.63e-06  e= 0.152228227926  max|de|= 1.76e-08
root 8 converged  |r|= 3.91e-06  e= 0.152228200444  max|de|= -9.92e-09
root 9 converged  |r|= 3.73e-06  e= 0.192531251088  max|de|= 2.67e-08
davidson 11 106  |r|= 0.00943  e= [-0.01636404  0.05132029  0.05132027  0.06340717  0.08309784  0.12110558
  0.12110558  0.15222823  0.1522282   0.19253125  0.35410038  0.35423219]  max|de|= 0.000254  lindep= 0.846
davidson 12 108  |r|= 0.0099  e= [-0.01636404  0.05132029  0.05132027  0.06340717  0.08309784  0.12110558
  0.12110558  0.1522282   0.15222821  0.19253125  0.35418787  0.35407586]  max|de|= -4.43e-05  lindep= 0.865
davidson 13 110  |r|= 0.0106  e= [-0.01636404  0.05132029  0.05132027  0.06340717  0.08309784  0.12110558
  0.12110558  0.1522282   0.15222821  0.19253125  0.35414411  0.35431084]  max|de|= 0.000235  lindep= 0.865
davidson 14 112  |r|= 0.0132  e= [-0.01636404  0.05132029  0.05132027  0.06340717  0.08309784  0.12110558
  0.12110558  0.1522282   0.15222821  0.19253125  0.35400394  0.35421109]  max|de|= -0.00014  lindep= 0.854
davidson 15 114  |r|= 0.00548  e= [-0.01636404  0.05132029  0.05132027  0.06340717  0.08309784  0.12110558
  0.12110558  0.1522282   0.15222821  0.19253125  0.35423665  0.35418052]  max|de|= 0.000233  lindep= 0.864
davidson 16 116  |r|= 0.00291  e= [-0.01636404  0.05132029  0.05132027  0.06340717  0.08309784  0.12110558
  0.12110558  0.1522282   0.15222821  0.19253125  0.35418328  0.35414792]  max|de|= -5.34e-05  lindep= 0.858
davidson 17 118  |r|= 0.00618  e= [-0.01636404  0.05132029  0.05132027  0.06340717  0.08309784  0.12110558
  0.12110558  0.1522282   0.15222821  0.19253125  0.35415756  0.354102  ]  max|de|= -4.59e-05  lindep= 0.866
davidson 18 120  |r|= 0.0101  e= [-0.01636404  0.05132029  0.05132027  0.06340717  0.08309784  0.12110558
  0.12110558  0.1522282   0.15222821  0.19253125  0.35415052  0.3542383 ]  max|de|= 0.000136  lindep= 0.848
davidson 19 122  |r|= 0.0097  e= [-0.01636404  0.05132029  0.05132027  0.06340717  0.08309784  0.12110558
  0.12110558  0.1522282   0.15222821  0.19253125  0.35407736  0.35418483]  max|de|= -7.32e-05  lindep= 0.857
davidson 20 124  |r|= 0.0057  e= [-0.01636404  0.05132029  0.05132027  0.06340717  0.08309784  0.12110558
  0.12110558  0.1522282   0.15222821  0.19253125  0.3542115   0.35415865]  max|de|= 0.000134  lindep= 0.867
davidson 21 126  |r|= 0.00286  e= [-0.01636404  0.05132029  0.05132027  0.06340717  0.08309784  0.12110558
  0.12110558  0.1522282   0.15222821  0.19253125  0.35417802  0.35414568]  max|de|= -3.35e-05  lindep= 0.853
davidson 22 128  |r|= 0.0131  e= [-0.01636404  0.05132029  0.05132027  0.06340717  0.08309784  0.12110558
  0.12110558  0.1522282   0.15222821  0.19253125  0.35415597  0.35400644]  max|de|= -0.000139  lindep= 0.848
davidson 23 130  |r|= 0.00511  e= [-0.01636404  0.05132029  0.05132027  0.06340717  0.08309784  0.12110558
  0.12110558  0.1522282   0.15222821  0.19253125  0.35411914  0.35422662]  max|de|= 0.00022  lindep= 0.86
davidson 24 132  |r|= 0.0131  e= [-0.01636404  0.05132029  0.05132027  0.06340717  0.08309784  0.12110558
  0.12110558  0.15222819  0.15222821  0.19253125  0.35434722  0.35418352]  max|de|= 0.000228  lindep= 0.859
davidson 25 134  |r|= 0.00308  e= [-0.01636404  0.05132029  0.05132027  0.06340717  0.08309784  0.12110558
  0.12110558  0.1522282   0.15222821  0.19253125  0.35421339  0.3541712 ]  max|de|= -0.000134  lindep= 0.844
davidson 26 136  |r|= 0.00382  e= [-0.01636404  0.05132029  0.05132027  0.06340717  0.08309784  0.12110558
  0.12110558  0.15222819  0.15222821  0.19253125  0.35417022  0.35412366]  max|de|= -4.75e-05  lindep= 0.84
davidson 27 138  |r|= 0.0182  e= [-0.01636404  0.05132029  0.05132027  0.06340717  0.08309784  0.12110558
  0.12110558  0.15222819  0.15222821  0.19253125  0.35415943  0.35393221]  max|de|= -0.000191  lindep= 0.853
davidson 28 140  |r|= 0.00495  e= [-0.01636404  0.05132029  0.05132027  0.06340717  0.08309784  0.12110558
  0.12110558  0.1522282   0.15222821  0.19253125  0.35413635  0.35422125]  max|de|= 0.000289  lindep= 0.856
davidson 29 142  |r|= 0.0146  e= [-0.01636404  0.05132029  0.05132027  0.06340717  0.08309784  0.12110558
  0.12110558  0.15222819  0.15222821  0.19253125  0.35392574  0.35419538]  max|de|= -0.000211  lindep= 0.854
davidson 30 144  |r|= 0.00625  e= [-0.01636404  0.05132029  0.05132027  0.06340717  0.08309784  0.12110558
  0.12110558  0.15222819  0.15222821  0.19253125  0.35430608  0.35417896]  max|de|= 0.00038  lindep= 0.847
davidson 31 146  |r|= 0.00837  e= [-0.01636404  0.05132029  0.05132027  0.06340717  0.08309784  0.12110558
  0.12110558  0.15222819  0.15222821  0.19253125  0.35425218  0.35408515]  max|de|= -9.38e-05  lindep= 0.858
davidson 32 148  |r|= 0.00876  e= [-0.01636404  0.05132029  0.05132027  0.06340717  0.08309784  0.12110558
  0.12110558  0.15222819  0.15222821  0.19253125  0.35422707  0.35436927]  max|de|= 0.000284  lindep= 0.859
davidson 33 150  |r|= 0.00326  e= [-0.01636404  0.05132029  0.05132027  0.06340717  0.08309784  0.12110558
  0.12110558  0.15222819  0.15222821  0.19253125  0.35420831  0.35426582]  max|de|= -0.000103  lindep= 0.861
davidson 34 152  |r|= 0.00917  e= [-0.01636404  0.05132029  0.05132027  0.06340717  0.08309784  0.12110558
  0.12110558  0.15222819  0.15222821  0.19253125  0.3541034   0.35425203]  max|de|= -0.000105  lindep= 0.857
davidson 35 154  |r|= 0.00472  e= [-0.01636404  0.05132029  0.05132027  0.06340717  0.08309784  0.12110558
  0.12110558  0.15222819  0.15222821  0.19253125  0.35428841  0.35422405]  max|de|= 0.000185  lindep= 0.857
davidson 36 156  |r|= 0.0025  e= [-0.01636404  0.05132029  0.05132027  0.06340717  0.08309784  0.12110558
  0.12110558  0.15222819  0.15222821  0.19253125  0.35423527  0.35421153]  max|de|= -5.31e-05  lindep= 0.863
davidson 37 158  |r|= 0.0119  e= [-0.01636404  0.05132029  0.05132027  0.06340717  0.08309784  0.12110558
  0.12110558  0.15222819  0.15222821  0.19253125  0.3541315   0.35420778]  max|de|= -8e-05  lindep= 0.861
davidson 38 160  |r|= 0.00207  e= [-0.01636404  0.05132029  0.05132027  0.06340716  0.08309784  0.12110558
  0.12110558  0.15222819  0.15222821  0.19253124  0.3542196   0.35420171]  max|de|= 8.81e-05  lindep= 0.854
davidson 39 162  |r|= 0.00145  e= [-0.01636404  0.05132029  0.05132027  0.06340716  0.08309784  0.12110558
  0.12110558  0.1522282   0.15222821  0.19253124  0.35420754  0.35419836]  max|de|= -1.21e-05  lindep= 0.865
davidson 40 164  |r|= 0.00153  e= [-0.01636404  0.05132029  0.05132027  0.06340716  0.08309784  0.12110558
  0.12110558  0.1522282   0.15222821  0.19253124  0.3542051   0.35419248]  max|de|= -5.88e-06  lindep= 0.882
davidson 41 166  |r|= 0.00239  e= [-0.01636404  0.05132029  0.05132027  0.06340716  0.08309784  0.12110558
  0.12110558  0.1522282   0.15222821  0.19253124  0.3542008   0.3541839 ]  max|de|= -8.58e-06  lindep= 0.868
davidson 42 168  |r|= 0.0127  e= [-0.01636404  0.05132029  0.05132027  0.06340716  0.08309784  0.12110558
  0.12110558  0.1522282   0.15222821  0.19253124  0.35419186  0.35411638]  max|de|= -6.75e-05  lindep= 0.856
davidson 43 170  |r|= 0.00353  e= [-0.01636404  0.05132029  0.05132027  0.06340716  0.08309784  0.12110558
  0.12110558  0.1522282   0.15222822  0.19253124  0.3541766   0.35421087]  max|de|= 9.45e-05  lindep= 0.854
davidson 44 172  |r|= 0.0124  e= [-0.01636404  0.05132029  0.05132027  0.06340716  0.08309784  0.12110558
  0.12110558  0.1522282   0.15222821  0.19253124  0.3541091   0.35419745]  max|de|= -6.75e-05  lindep= 0.845
davidson 45 174  |r|= 0.0032  e= [-0.01636404  0.05132029  0.05132027  0.06340716  0.08309784  0.12110558
  0.12110558  0.1522282   0.15222821  0.19253124  0.35420975  0.35419881]  max|de|= 0.000101  lindep= 0.849
davidson 46 176  |r|= 0.00141  e= [-0.01636404  0.05132029  0.05132027  0.06340716  0.08309784  0.12110558
  0.12110558  0.1522282   0.15222821  0.19253124  0.35420171  0.35419916]  max|de|= -8.03e-06  lindep= 0.861
davidson 47 178  |r|= 0.000982  e= [-0.01636404  0.05132029  0.05132027  0.06340716  0.08309784  0.12110558
  0.12110558  0.1522282   0.15222821  0.19253124  0.35420036  0.35419567]  max|de|= -3.49e-06  lindep= 0.864
davidson 48 180  |r|= 0.000612  e= [-0.01636404  0.05132029  0.05132027  0.06340716  0.08309784  0.12110558
  0.12110558  0.15222819  0.15222821  0.19253124  0.35419686  0.35419375]  max|de|= -3.51e-06  lindep= 0.862
davidson 49 182  |r|= 0.000491  e= [-0.01636404  0.05132029  0.05132027  0.06340716  0.08309784  0.12110558
  0.12110558  0.15222819  0.15222822  0.19253124  0.35419407  0.3541926 ]  max|de|= -1.16e-06  lindep= 0.859
davidson 50 184  |r|= 0.000503  e= [-0.01636404  0.05132029  0.05132027  0.06340716  0.08309784  0.12110558
  0.12110558  0.1522282   0.15222822  0.19253124  0.3541932   0.35419538]  max|de|= 2.78e-06  lindep= 0.861
davidson 51 186  |r|= 0.000501  e= [-0.01636404  0.05132029  0.05132027  0.06340716  0.08309784  0.12110558
  0.12110558  0.1522282   0.15222822  0.19253124  0.35419775  0.35419696]  max|de|= 3.76e-06  lindep= 0.858
davidson 52 188  |r|= 0.000582  e= [-0.01636404  0.05132029  0.05132027  0.06340716  0.08309784  0.12110558
  0.12110558  0.15222819  0.15222821  0.19253124  0.35419793  0.35419256]  max|de|= -4.4e-06  lindep= 0.856
davidson 53 190  |r|= 0.000569  e= [-0.01636404  0.05132029  0.05132027  0.06340716  0.08309784  0.12110558
  0.12110558  0.15222819  0.15222821  0.19253124  0.35419274  0.35419047]  max|de|= -5.19e-06  lindep= 0.863
davidson 54 192  |r|= 0.000792  e= [-0.01636404  0.05132029  0.05132027  0.06340716  0.08309784  0.12110558
  0.12110558  0.15222819  0.15222821  0.19253124  0.35418822  0.35419099]  max|de|= -2.24e-06  lindep= 0.852
davidson 55 194  |r|= 0.00122  e= [-0.01636404  0.05132029  0.05132027  0.06340716  0.08309784  0.12110558
  0.12110558  0.15222819  0.15222821  0.19253124  0.35419419  0.35419128]  max|de|= 5.96e-06  lindep= 0.843
davidson 56 196  |r|= 0.000424  e= [-0.01636404  0.05132029  0.05132027  0.06340716  0.08309784  0.12110558
  0.12110558  0.15222819  0.15222821  0.19253124  0.35419149  0.3541906 ]  max|de|= -2.69e-06  lindep= 0.853
davidson 57 198  |r|= 0.000307  e= [-0.01636404  0.05132029  0.05132027  0.06340716  0.08309784  0.12110558
  0.12110558  0.15222818  0.15222821  0.19253124  0.35419203  0.35419028]  max|de|= 5.4e-07  lindep= 0.853
davidson 58 200  |r|= 0.000126  e= [-0.01636404  0.05132028  0.05132027  0.06340716  0.08309784  0.12110558
  0.12110558  0.15222818  0.15222821  0.19253124  0.35419042  0.35419042]  max|de|= 1.38e-07  lindep= 0.866
davidson 59 201  |r|= 7.71e-05  e= [-0.01636404  0.05132028  0.05132027  0.06340716  0.08309784  0.12110558
  0.12110558  0.15222818  0.15222821  0.19253124  0.35419017  0.35419017]  max|de|= -2.51e-07  lindep= 0.858
davidson 60 202  |r|= 0.000355  e= [-0.01636404  0.05132028  0.05132027  0.06340716  0.08309784  0.12110558
  0.12110558  0.15222818  0.15222821  0.19253124  0.3541893   0.3541905 ]  max|de|= -8.64e-07  lindep= 0.841
root 11 converged  |r|= 8.91e-05  e= 0.354190442256  max|de|= -5.8e-08
davidson 61 204  |r|= 0.000372  e= [-0.01636404  0.05132028  0.05132027  0.06340716  0.08309784  0.12110558
  0.12110558  0.15222818  0.15222821  0.19253124  0.35419159  0.35419044]  max|de|= 1.09e-06  lindep= 0.863
davidson 62 205  |r|= 0.000178  e= [-0.01636404  0.05132028  0.05132027  0.06340716  0.08309784  0.12110558
  0.12110558  0.15222818  0.15222821  0.19253124  0.3541906   0.35419036]  max|de|= -9.94e-07  lindep= 0.863
converge 63 206  |r|= 8.28e-05  e= [-0.01636404  0.05132028  0.05132027  0.06340716  0.08309784  0.12110558
  0.12110558  0.15222818  0.15222821  0.19253124  0.35419044  0.35419044]  max|de|= 8.33e-08
EA root 0 E = -0.01636404233616995  qpwt = 0.995156  conv = True
EA root 1 E = 0.0513202838951296  qpwt = 0.994048  conv = True
EA root 2 E = 0.05132026821727664  qpwt = 0.994048  conv = True
EA root 3 E = 0.06340715970278266  qpwt = 0.995519  conv = True
EA root 4 E = 0.08309783686744221  qpwt = 0.99253  conv = True
EA root 5 E = 0.1211055812335897  qpwt = 0.86103  conv = True
EA root 6 E = 0.1211055812335897  qpwt = 0.86103  conv = True
EA root 7 E = 0.152228182215936  qpwt = 0.989855  conv = True
EA root 8 E = 0.1522282136391893  qpwt = 0.989855  conv = True
EA root 9 E = 0.1925312445545378  qpwt = 0.983597  conv = True
EA root 10 E = 0.3541904393901083  qpwt = 0.878828  conv = True
EA root 11 E = 0.3541904393901083  qpwt = 0.878828  conv = True
    CPU time for EA-CCSD    206.59 sec, wall time    206.65 sec
