

******** <class 'pyscf.scf.hf.RHF'> flags ********
method = RHF
initial guess = minao
damping factor = 0
level shift factor = 0
DIIS = <class 'pyscf.scf.diis.CDIIS'>
DIIS start cycle = 1
DIIS space = 8
SCF tol = 1e-09
SCF gradient tol = None
max. SCF cycles = 50
direct_scf = True
direct_scf_tol = 1e-13
chkfile to save SCF result = /tmp/tmpBCTmsd
max_memory 4000 MB (current use 75 MB)
Set gradient conv threshold to 3.16228e-05
Nelec from initial guess = 49.9930589874
cond(S) = 51572.6651907
E_coul = 1193.51013957758
init E= -2649.85386342618
    CPU time for initialize scf      5.81 sec, wall time      5.81 sec
  HOMO = -0.268522452815085  LUMO = 0.0136385701962039
  mo_energy =
[ -4.89900206e+02  -6.51180740e+01  -5.84561302e+01  -5.84555591e+01
  -5.84555396e+01  -1.14986884e+01  -1.14723685e+01  -9.86415147e+00
  -7.46083474e+00  -7.45160196e+00  -7.45151336e+00  -3.19630200e+00
  -3.19114721e+00  -3.19108105e+00  -3.18580383e+00  -3.18579476e+00
  -1.58497128e+00  -1.14519469e+00  -8.43353720e-01  -6.52934948e-01
  -5.64555302e-01  -5.09850092e-01  -4.37530193e-01  -3.49521944e-01
  -2.68522453e-01   1.36385702e-02   1.21824610e-01   1.41808513e-01
   1.51862336e-01   2.00371199e-01   2.44703111e-01   2.71330586e-01
   3.02364129e-01   3.06178226e-01   3.41314614e-01   3.56310836e-01
   3.73456258e-01   3.83454394e-01   4.12217686e-01   4.31199231e-01
   4.52127929e-01   4.95898029e-01   5.21850228e-01   5.25856513e-01
   5.51068734e-01   5.62264079e-01   6.19689920e-01   7.27636596e-01
   7.38488552e-01   7.76020685e-01   8.10308259e-01   8.22009058e-01
   9.37929800e-01   9.77197247e-01   1.01033449e+00   1.02052459e+00
   1.07708558e+00   1.14236862e+00   1.15156098e+00   1.18137653e+00
   1.20839824e+00   1.30957358e+00   1.32534308e+00   1.36195591e+00
   1.39792279e+00   1.42673079e+00   1.45049919e+00   1.54419805e+00
   1.56637609e+00   1.58543623e+00   1.59006592e+00   1.62649211e+00
   1.68134211e+00   1.71100983e+00   1.74487519e+00   1.75365753e+00
   1.75751214e+00   1.79188911e+00   1.80016383e+00   1.80965275e+00
   1.86612476e+00   1.87591336e+00   1.89365060e+00   1.98322947e+00
   2.04849017e+00   2.10725480e+00   2.17253333e+00   2.21562180e+00
   2.23210587e+00   2.37674694e+00   2.47517391e+00   2.54360951e+00
   2.64776275e+00   2.72354843e+00   2.81399334e+00   2.93330141e+00
   2.94104490e+00   2.98156494e+00   2.98674604e+00   3.07760272e+00
   3.07974933e+00   3.12768227e+00   3.16934878e+00   3.19608738e+00
   3.30114902e+00   3.35617240e+00   3.42593896e+00   3.44701131e+00
   3.46976620e+00   3.49050771e+00   3.58100775e+00   3.65966957e+00
   3.69184867e+00   3.77380817e+00   3.81227981e+00   3.93654694e+00
   3.94149412e+00   3.98054415e+00   3.99893586e+00   4.02784676e+00
   4.09137051e+00   4.13892818e+00   4.18766801e+00   4.22719525e+00
   4.28217022e+00   4.39424143e+00   4.40767349e+00   4.43125218e+00
   4.46550219e+00   4.51938694e+00   4.57871290e+00   4.59394001e+00
   4.63201130e+00   4.72246913e+00   4.81099120e+00   4.84227705e+00
   4.88480540e+00   4.91700823e+00   5.01156527e+00   5.13485137e+00
   5.17728660e+00   5.29649696e+00   5.36203132e+00   5.47846256e+00
   5.50609128e+00   5.66296832e+00   5.84063810e+00   5.98503320e+00
   6.44897588e+00   8.92929963e+00   2.36219927e+01   2.43760729e+01]
E_coul = 1193.61897744858
cycle= 1 E= -2649.81678687711  delta_E= 0.0371  |g|= 0.329  |ddm|= 1.97
    CPU time for cycle= 1      0.34 sec, wall time      0.35 sec
diis-norm(errvec)=1.09888
diis-c [-1.20753005  1.        ]
  HOMO = -0.339931933809655  LUMO = 0.113650555205846
  mo_energy =
[ -4.90093274e+02  -6.52348832e+01  -5.85898319e+01  -5.85890850e+01
  -5.85889264e+01  -1.13405438e+01  -1.11636644e+01  -9.89092778e+00
  -7.50308890e+00  -7.49518396e+00  -7.49430717e+00  -3.24390737e+00
  -3.24004992e+00  -3.23884222e+00  -3.23151548e+00  -3.23146928e+00
  -1.20372757e+00  -9.81484974e-01  -8.01024030e-01  -6.70753957e-01
  -6.09213635e-01  -5.36431098e-01  -5.19205294e-01  -4.22434705e-01
  -3.39931934e-01   1.13650555e-01   1.52548541e-01   1.90537430e-01
   1.97950447e-01   2.14302845e-01   2.60369517e-01   2.89431543e-01
   3.18803508e-01   3.22964920e-01   3.56984022e-01   3.84758012e-01
   3.96084004e-01   4.08355172e-01   4.41768574e-01   4.47749250e-01
   4.72820430e-01   5.11906279e-01   5.49170305e-01   5.59753737e-01
   6.04803991e-01   6.34038772e-01   6.87848021e-01   7.75455490e-01
   7.81544755e-01   8.24304729e-01   8.36771315e-01   8.54363814e-01
   9.67993519e-01   1.00253702e+00   1.04965309e+00   1.05553033e+00
   1.10761658e+00   1.17358082e+00   1.19195438e+00   1.20786025e+00
   1.23658536e+00   1.34447781e+00   1.36323573e+00   1.41703135e+00
   1.41942817e+00   1.44757122e+00   1.47672185e+00   1.57273192e+00
   1.59854706e+00   1.59927655e+00   1.61655260e+00   1.70637080e+00
   1.73622411e+00   1.75264961e+00   1.76889472e+00   1.78611700e+00
   1.79107312e+00   1.81375194e+00   1.86570060e+00   1.86792641e+00
   1.88220158e+00   1.91224194e+00   1.92481087e+00   2.02086409e+00
   2.08494843e+00   2.15121252e+00   2.23658716e+00   2.24215204e+00
   2.28201189e+00   2.42895878e+00   2.51749425e+00   2.59351891e+00
   2.68309674e+00   2.83234958e+00   2.86259292e+00   2.99976682e+00
   3.02158278e+00   3.05925561e+00   3.09000271e+00   3.14762328e+00
   3.18360817e+00   3.22179952e+00   3.24051892e+00   3.28500978e+00
   3.38849903e+00   3.42947015e+00   3.47736258e+00   3.51430336e+00
   3.53944843e+00   3.55903217e+00   3.63250187e+00   3.73524958e+00
   3.74652039e+00   3.81757607e+00   3.86357814e+00   3.98913192e+00
   4.00154053e+00   4.02572664e+00   4.03859281e+00   4.07535634e+00
   4.13911749e+00   4.15140599e+00   4.23240050e+00   4.27954128e+00
   4.33423847e+00   4.41847695e+00   4.43222763e+00   4.45241858e+00
   4.48818597e+00   4.52877540e+00   4.61458086e+00   4.68335081e+00
   4.70324931e+00   4.80416050e+00   4.85001043e+00   4.87238433e+00
   4.94652674e+00   4.96941027e+00   5.06755244e+00   5.17891906e+00
   5.25060255e+00   5.37284131e+00   5.44256885e+00   5.53833992e+00
   5.56874380e+00   5.77494183e+00   5.94385797e+00   6.08103219e+00
   6.54632167e+00   8.92180344e+00   2.37843004e+01   2.46411970e+01]
E_coul = 1196.21389841784
cycle= 2 E= -2649.84395179415  delta_E= -0.0272  |g|= 0.152  |ddm|= 0.366
    CPU time for cycle= 2      0.34 sec, wall time      0.34 sec
diis-norm(errvec)=0.455305
diis-c [-0.16524133  0.16728109  0.83271891]
  HOMO = -0.336542608708431  LUMO = 0.12321439488154
  mo_energy =
[ -4.89997863e+02  -6.51463310e+01  -5.85002857e+01  -5.84995749e+01
  -5.84994256e+01  -1.12562608e+01  -1.12483897e+01  -9.83034612e+00
  -7.44285764e+00  -7.43600604e+00  -7.43539992e+00  -3.18534154e+00
  -3.18140962e+00  -3.18036831e+00  -3.17343928e+00  -3.17340716e+00
  -1.16693509e+00  -9.82389574e-01  -7.84107338e-01  -6.66930950e-01
  -6.09931723e-01  -5.22186949e-01  -5.13470405e-01  -4.04977421e-01
  -3.36542609e-01   1.23214395e-01   1.65718896e-01   1.87205498e-01
   2.02845013e-01   2.18214448e-01   2.67558928e-01   2.88704809e-01
   3.24851356e-01   3.31611455e-01   3.64819465e-01   3.85203812e-01
   3.98648981e-01   4.17320824e-01   4.54373371e-01   4.56119872e-01
   4.83941990e-01   5.23981478e-01   5.61364962e-01   5.67491106e-01
   6.08278009e-01   6.27993073e-01   6.89421195e-01   7.70985590e-01
   7.74396962e-01   8.36373617e-01   8.48371054e-01   8.74147906e-01
   9.80475579e-01   1.01095981e+00   1.05684240e+00   1.06384522e+00
   1.10106537e+00   1.17710651e+00   1.19699033e+00   1.21452492e+00
   1.24710350e+00   1.34970438e+00   1.37011608e+00   1.42109748e+00
   1.43311738e+00   1.46309053e+00   1.47748109e+00   1.57531613e+00
   1.60827354e+00   1.61894163e+00   1.62532900e+00   1.71985020e+00
   1.74284546e+00   1.75231660e+00   1.79049205e+00   1.80869645e+00
   1.81179255e+00   1.83360262e+00   1.86665174e+00   1.87390922e+00
   1.90156674e+00   1.92496252e+00   1.92564585e+00   2.03574305e+00
   2.09249411e+00   2.16810951e+00   2.24020878e+00   2.25986485e+00
   2.29882441e+00   2.44491536e+00   2.53532296e+00   2.60794080e+00
   2.71516446e+00   2.82962631e+00   2.86999728e+00   2.99093758e+00
   3.01478616e+00   3.06333604e+00   3.08224956e+00   3.15930462e+00
   3.16857736e+00   3.23006573e+00   3.25232213e+00   3.28600132e+00
   3.38729981e+00   3.42784465e+00   3.49936394e+00   3.53024511e+00
   3.55840632e+00   3.57935745e+00   3.63837881e+00   3.73860196e+00
   3.76686084e+00   3.83438584e+00   3.87813213e+00   3.99019715e+00
   4.02725613e+00   4.03830866e+00   4.05655336e+00   4.08323040e+00
   4.14088990e+00   4.17534465e+00   4.23549972e+00   4.27887881e+00
   4.33131114e+00   4.44070182e+00   4.45295248e+00   4.47085399e+00
   4.50488562e+00   4.55549669e+00   4.64455154e+00   4.68816389e+00
   4.70432399e+00   4.81730690e+00   4.86605587e+00   4.89132758e+00
   4.95387517e+00   4.98018692e+00   5.08301240e+00   5.19567008e+00
   5.25611019e+00   5.37534094e+00   5.43370750e+00   5.55757808e+00
   5.59312107e+00   5.75025206e+00   5.93291560e+00   6.07903146e+00
   6.55227514e+00   8.96556871e+00   2.38442669e+01   2.45836994e+01]
E_coul = 1194.87321206947
cycle= 3 E= -2649.84853248767  delta_E= -0.00458  |g|= 0.0549  |ddm|= 0.138
    CPU time for cycle= 3      0.34 sec, wall time      0.34 sec
diis-norm(errvec)=0.174529
diis-c [-0.00598973 -0.11213864  0.16099918  0.95113946]
  HOMO = -0.338032324946728  LUMO = 0.123625997831065
  mo_energy =
[ -4.90021073e+02  -6.51662815e+01  -5.85209032e+01  -5.85202123e+01
  -5.85200560e+01  -1.12809012e+01  -1.12312827e+01  -9.84463847e+00
  -7.45758963e+00  -7.45070115e+00  -7.45009677e+00  -3.20038721e+00
  -3.19630952e+00  -3.19527017e+00  -3.18818386e+00  -3.18815068e+00
  -1.17647438e+00  -9.81650816e-01  -7.85815087e-01  -6.68128125e-01
  -6.12716823e-01  -5.24127511e-01  -5.19298461e-01  -4.11427143e-01
  -3.38032325e-01   1.23625998e-01   1.64425353e-01   1.90472602e-01
   2.03586853e-01   2.17153236e-01   2.65465858e-01   2.90896964e-01
   3.22980296e-01   3.29543676e-01   3.63366499e-01   3.85890467e-01
   3.98038993e-01   4.15072445e-01   4.52486604e-01   4.53731468e-01
   4.80852767e-01   5.20908696e-01   5.57815059e-01   5.67298422e-01
   6.07805948e-01   6.34759579e-01   6.90736683e-01   7.76320829e-01
   7.76374173e-01   8.34477648e-01   8.46984701e-01   8.68465219e-01
   9.77553293e-01   1.00856997e+00   1.05490410e+00   1.06210435e+00
   1.10626531e+00   1.17799059e+00   1.19635109e+00   1.21428874e+00
   1.24457401e+00   1.34927243e+00   1.36924863e+00   1.42118476e+00
   1.42983128e+00   1.45996143e+00   1.47917119e+00   1.57668244e+00
   1.60637113e+00   1.61362153e+00   1.62456396e+00   1.71622502e+00
   1.74821352e+00   1.75081483e+00   1.78431964e+00   1.80326357e+00
   1.80504521e+00   1.82803897e+00   1.86511375e+00   1.87154036e+00
   1.89521090e+00   1.92120153e+00   1.92467985e+00   2.03056051e+00
   2.09125564e+00   2.16249664e+00   2.24061891e+00   2.25239942e+00
   2.29346423e+00   2.44064893e+00   2.52953077e+00   2.60386159e+00
   2.70595611e+00   2.82971122e+00   2.87416352e+00   3.00000746e+00
   3.02193673e+00   3.06681799e+00   3.08341217e+00   3.15811774e+00
   3.17305015e+00   3.23393547e+00   3.24560860e+00   3.28717944e+00
   3.39166680e+00   3.43358952e+00   3.49561460e+00   3.52862720e+00
   3.55254290e+00   3.57714422e+00   3.64057221e+00   3.74118498e+00
   3.76305010e+00   3.83390073e+00   3.87886877e+00   3.99634263e+00
   4.02423628e+00   4.04016728e+00   4.05518595e+00   4.08394133e+00
   4.14778351e+00   4.17690288e+00   4.23900795e+00   4.28856465e+00
   4.33798146e+00   4.43972408e+00   4.45009053e+00   4.47119407e+00
   4.50283505e+00   4.55056954e+00   4.63679340e+00   4.68861302e+00
   4.70393173e+00   4.81527210e+00   4.86438231e+00   4.88848710e+00
   4.95718637e+00   4.97997778e+00   5.08535329e+00   5.19616907e+00
   5.25833960e+00   5.38074749e+00   5.44097960e+00   5.56288493e+00
   5.58835903e+00   5.76508020e+00   5.94295732e+00   6.08541487e+00
   6.55498426e+00   8.95448109e+00   2.38236594e+01   2.45975409e+01]
E_coul = 1195.24750220711
cycle= 4 E= -2649.84951099913  delta_E= -0.000979  |g|= 0.00999  |ddm|= 0.0569
    CPU time for cycle= 4      0.34 sec, wall time      0.34 sec
diis-norm(errvec)=0.0316191
diis-c [ -5.15462236e-04  -1.18442027e-02  -3.70785271e-02   6.53217931e-02
   9.83600937e-01]
  HOMO = -0.337226359871109  LUMO = 0.124523486528859
  mo_energy =
[ -4.90024302e+02  -6.51690378e+01  -5.85237453e+01  -5.85230250e+01
  -5.85228790e+01  -1.12738288e+01  -1.12323177e+01  -9.84568801e+00
  -7.45867334e+00  -7.45165161e+00  -7.45109065e+00  -3.20147363e+00
  -3.19728400e+00  -3.19629984e+00  -3.18905311e+00  -3.18902183e+00
  -1.17491185e+00  -9.80619920e-01  -7.85214440e-01  -6.67798551e-01
  -6.12513235e-01  -5.24570465e-01  -5.17946478e-01  -4.10776367e-01
  -3.37226360e-01   1.24523487e-01   1.64691868e-01   1.89909790e-01
   2.03785132e-01   2.17554071e-01   2.65591160e-01   2.90350521e-01
   3.23135100e-01   3.30154787e-01   3.63928550e-01   3.86314420e-01
   3.98179208e-01   4.15814867e-01   4.53207351e-01   4.53974136e-01
   4.81472031e-01   5.21429077e-01   5.58771222e-01   5.67541035e-01
   6.07865026e-01   6.34195820e-01   6.90814470e-01   7.75704470e-01
   7.76352823e-01   8.35006520e-01   8.47160431e-01   8.69391725e-01
   9.78095383e-01   1.00886840e+00   1.05525294e+00   1.06254765e+00
   1.10522794e+00   1.17789112e+00   1.19652181e+00   1.21419557e+00
   1.24493436e+00   1.34893999e+00   1.36957510e+00   1.42132956e+00
   1.43012556e+00   1.46025884e+00   1.47854000e+00   1.57629370e+00
   1.60647111e+00   1.61429308e+00   1.62460599e+00   1.71782661e+00
   1.74881153e+00   1.74985354e+00   1.78514962e+00   1.80418875e+00
   1.80616681e+00   1.82890167e+00   1.86578721e+00   1.87236124e+00
   1.89629600e+00   1.92185189e+00   1.92491705e+00   2.03152479e+00
   2.09142810e+00   2.16349620e+00   2.24090566e+00   2.25349322e+00
   2.29452363e+00   2.44163968e+00   2.53054480e+00   2.60455104e+00
   2.70718997e+00   2.83092881e+00   2.87379492e+00   2.99872084e+00
   3.02136619e+00   3.06680324e+00   3.08419150e+00   3.15900429e+00
   3.17330053e+00   3.23457747e+00   3.24695110e+00   3.28795784e+00
   3.39130077e+00   3.43309979e+00   3.49637759e+00   3.52894297e+00
   3.55380050e+00   3.57799856e+00   3.64038165e+00   3.74138960e+00
   3.76408439e+00   3.83416441e+00   3.87900436e+00   3.99557216e+00
   4.02524521e+00   4.04032567e+00   4.05519592e+00   4.08389065e+00
   4.14671309e+00   4.17683214e+00   4.23860215e+00   4.28724040e+00
   4.33710615e+00   4.43988690e+00   4.45020411e+00   4.47103573e+00
   4.50282555e+00   4.55071576e+00   4.63705098e+00   4.68956062e+00
   4.70438619e+00   4.81605717e+00   4.86465261e+00   4.88859695e+00
   4.95701547e+00   4.98023257e+00   5.08553044e+00   5.19612220e+00
   5.25859968e+00   5.38053023e+00   5.44006174e+00   5.56276597e+00
   5.58941347e+00   5.76361476e+00   5.94220251e+00   6.08523146e+00
   6.55554425e+00   8.95441047e+00   2.38289184e+01   2.45978371e+01]
E_coul = 1195.26725919255
cycle= 5 E= -2649.84956111376  delta_E= -5.01e-05  |g|= 0.00415  |ddm|= 0.0162
    CPU time for cycle= 5      0.37 sec, wall time      0.37 sec
diis-norm(errvec)=0.0114324
diis-c [ -7.52423322e-05   1.00804520e-02  -1.83900317e-02  -6.26303700e-02
  -7.94049488e-02   1.15034490e+00]
  HOMO = -0.337525839362685  LUMO = 0.124218451709197
  mo_energy =
[ -4.90020839e+02  -6.51660423e+01  -5.85206766e+01  -5.85199268e+01
  -5.85197893e+01  -1.12747865e+01  -1.12343219e+01  -9.84388486e+00
  -7.45691931e+00  -7.44977465e+00  -7.44924106e+00  -3.19975303e+00
  -3.19547857e+00  -3.19453267e+00  -3.18715680e+00  -3.18712740e+00
  -1.17496894e+00  -9.81204018e-01  -7.85590540e-01  -6.68416398e-01
  -6.13082953e-01  -5.25111759e-01  -5.17823538e-01  -4.10424692e-01
  -3.37525839e-01   1.24218452e-01   1.64608062e-01   1.89578677e-01
   2.03624381e-01   2.17647603e-01   2.65464738e-01   2.90065150e-01
   3.22897695e-01   3.30122475e-01   3.64077576e-01   3.86334151e-01
   3.98108346e-01   4.15892255e-01   4.53305049e-01   4.53956606e-01
   4.81585122e-01   5.21475190e-01   5.58790203e-01   5.67232277e-01
   6.07632531e-01   6.33526968e-01   6.90350105e-01   7.75123338e-01
   7.75974342e-01   8.34734311e-01   8.46764331e-01   8.69440107e-01
   9.77777171e-01   1.00884399e+00   1.05482613e+00   1.06219381e+00
   1.10466062e+00   1.17743585e+00   1.19620241e+00   1.21379934e+00
   1.24461514e+00   1.34855079e+00   1.36917008e+00   1.42085152e+00
   1.42999415e+00   1.46019995e+00   1.47810477e+00   1.57585106e+00
   1.60640310e+00   1.61484718e+00   1.62439143e+00   1.71729169e+00
   1.74879725e+00   1.74906706e+00   1.78540423e+00   1.80471197e+00
   1.80617107e+00   1.82942152e+00   1.86558377e+00   1.87216858e+00
   1.89683618e+00   1.92231199e+00   1.92483563e+00   2.03154142e+00
   2.09119499e+00   2.16326626e+00   2.24048557e+00   2.25370125e+00
   2.29413864e+00   2.44132090e+00   2.53051398e+00   2.60423382e+00
   2.70692696e+00   2.82998079e+00   2.87317720e+00   2.99790765e+00
   3.02041334e+00   3.06605370e+00   3.08321112e+00   3.15831955e+00
   3.17223076e+00   3.23362068e+00   3.24640032e+00   3.28713151e+00
   3.39044204e+00   3.43233176e+00   3.49581475e+00   3.52828145e+00
   3.55318661e+00   3.57733735e+00   3.63973225e+00   3.74063159e+00
   3.76352935e+00   3.83364583e+00   3.87841179e+00   3.99482028e+00
   4.02473172e+00   4.03973308e+00   4.05478396e+00   4.08332771e+00
   4.14597731e+00   4.17649662e+00   4.23794373e+00   4.28648298e+00
   4.33633925e+00   4.43976096e+00   4.45047515e+00   4.47083133e+00
   4.50285227e+00   4.55126002e+00   4.63765677e+00   4.68867488e+00
   4.70356953e+00   4.81565519e+00   4.86447453e+00   4.88859050e+00
   4.95624759e+00   4.97985194e+00   5.08486824e+00   5.19572929e+00
   5.25778622e+00   5.37970815e+00   5.43911059e+00   5.56201164e+00
   5.58888895e+00   5.76251708e+00   5.94122460e+00   6.08431464e+00
   6.55462963e+00   8.95558995e+00   2.38278406e+01   2.45960861e+01]
E_coul = 1195.240948626
cycle= 6 E= -2649.84957027905  delta_E= -9.17e-06  |g|= 0.00166  |ddm|= 0.00756
    CPU time for cycle= 6      0.36 sec, wall time      0.36 sec
diis-norm(errvec)=0.00452236
diis-c [ -6.57375191e-06   1.98806138e-03   1.90194164e-03  -3.90216793e-03
  -1.66386734e-01   1.19242049e-01   1.04715685e+00]
  HOMO = -0.337460263467402  LUMO = 0.124401557728904
  mo_energy =
[ -4.90021993e+02  -6.51670372e+01  -5.85217050e+01  -5.85209416e+01
  -5.85208079e+01  -1.12738697e+01  -1.12339898e+01  -9.84447493e+00
  -7.45751821e+00  -7.45034910e+00  -7.44982656e+00  -3.20036303e+00
  -3.19606333e+00  -3.19513234e+00  -3.18771896e+00  -3.18769029e+00
  -1.17476694e+00  -9.81090184e-01  -7.85440516e-01  -6.68235014e-01
  -6.13007591e-01  -5.25014363e-01  -5.17682000e-01  -4.10465304e-01
  -3.37460263e-01   1.24401558e-01   1.64709272e-01   1.89574373e-01
   2.03608693e-01   2.17615347e-01   2.65505877e-01   2.90071379e-01
   3.22967313e-01   3.30237797e-01   3.64092398e-01   3.86389019e-01
   3.98126043e-01   4.15936623e-01   4.53335973e-01   4.53981274e-01
   4.81633182e-01   5.21547920e-01   5.58836834e-01   5.67314928e-01
   6.07697218e-01   6.33582276e-01   6.90431517e-01   7.75138428e-01
   7.76014627e-01   8.34864329e-01   8.46922424e-01   8.69494191e-01
   9.77895528e-01   1.00883355e+00   1.05497261e+00   1.06230954e+00
   1.10465105e+00   1.17751861e+00   1.19625729e+00   1.21389567e+00
   1.24474423e+00   1.34863667e+00   1.36928919e+00   1.42097141e+00
   1.43007004e+00   1.46026385e+00   1.47813388e+00   1.57588879e+00
   1.60642176e+00   1.61478579e+00   1.62444830e+00   1.71755099e+00
   1.74884327e+00   1.74911032e+00   1.78539299e+00   1.80468956e+00
   1.80628408e+00   1.82940348e+00   1.86566552e+00   1.87222322e+00
   1.89674310e+00   1.92216757e+00   1.92479216e+00   2.03159084e+00
   2.09124722e+00   2.16341907e+00   2.24052149e+00   2.25372222e+00
   2.29432033e+00   2.44146054e+00   2.53051636e+00   2.60433926e+00
   2.70717810e+00   2.83020122e+00   2.87329756e+00   2.99792428e+00
   3.02057936e+00   3.06622206e+00   3.08341654e+00   3.15858275e+00
   3.17237236e+00   3.23378949e+00   3.24674307e+00   3.28734188e+00
   3.39066193e+00   3.43248307e+00   3.49609967e+00   3.52857332e+00
   3.55349759e+00   3.57763060e+00   3.63983373e+00   3.74078824e+00
   3.76378078e+00   3.83384099e+00   3.87859717e+00   3.99490975e+00
   4.02498249e+00   4.03988280e+00   4.05493372e+00   4.08345337e+00
   4.14604470e+00   4.17667075e+00   4.23801639e+00   4.28652294e+00
   4.33636296e+00   4.43984417e+00   4.45040344e+00   4.47090036e+00
   4.50284328e+00   4.55114782e+00   4.63748003e+00   4.68892797e+00
   4.70374391e+00   4.81575682e+00   4.86449448e+00   4.88855490e+00
   4.95643060e+00   4.97991408e+00   5.08507571e+00   5.19583347e+00
   5.25797557e+00   5.37988050e+00   5.43922800e+00   5.56220314e+00
   5.58923876e+00   5.76260409e+00   5.94137328e+00   6.08451972e+00
   6.55485333e+00   8.95520880e+00   2.38286084e+01   2.45964937e+01]
E_coul = 1195.25089860305
cycle= 7 E= -2649.84957159092  delta_E= -1.31e-06  |g|= 0.000458  |ddm|= 0.00286
    CPU time for cycle= 7      0.36 sec, wall time      0.36 sec
diis-norm(errvec)=0.00132722
diis-c [ -6.01807935e-07  -1.33584943e-03   1.13750123e-03   1.02189488e-02
   2.12316325e-02  -1.45590081e-01  -5.63456696e-02   1.17068352e+00]
  HOMO = -0.337472478549735  LUMO = 0.12437702700707
  mo_energy =
[ -4.90021735e+02  -6.51667915e+01  -5.85214595e+01  -5.85206929e+01
  -5.85205607e+01  -1.12737593e+01  -1.12342328e+01  -9.84429490e+00
  -7.45734142e+00  -7.45016859e+00  -7.44965157e+00  -3.20019201e+00
  -3.19588822e+00  -3.19496357e+00  -3.18754153e+00  -3.18751315e+00
  -1.17474448e+00  -9.81130465e-01  -7.85441905e-01  -6.68266831e-01
  -6.13028397e-01  -5.25038781e-01  -5.17658639e-01  -4.10400269e-01
  -3.37472479e-01   1.24377027e-01   1.64719842e-01   1.89534892e-01
   2.03601136e-01   2.17643149e-01   2.65507720e-01   2.90037773e-01
   3.22964950e-01   3.30233677e-01   3.64116074e-01   3.86387073e-01
   3.98118999e-01   4.15955830e-01   4.53365293e-01   4.53996893e-01
   4.81651465e-01   5.21570022e-01   5.58865767e-01   5.67300834e-01
   6.07687861e-01   6.33518945e-01   6.90398605e-01   7.75072948e-01
   7.75992504e-01   8.34875134e-01   8.46907422e-01   8.69537719e-01
   9.77902017e-01   1.00885096e+00   1.05494701e+00   1.06230017e+00
   1.10459136e+00   1.17748328e+00   1.19625341e+00   1.21386535e+00
   1.24473685e+00   1.34859391e+00   1.36927894e+00   1.42094359e+00
   1.43006851e+00   1.46027279e+00   1.47809495e+00   1.57584772e+00
   1.60642542e+00   1.61485272e+00   1.62445112e+00   1.71753240e+00
   1.74885933e+00   1.74902175e+00   1.78546060e+00   1.80474909e+00
   1.80633936e+00   1.82947062e+00   1.86565700e+00   1.87224428e+00
   1.89683190e+00   1.92224380e+00   1.92479781e+00   2.03162523e+00
   2.09124659e+00   2.16343384e+00   2.24050045e+00   2.25379053e+00
   2.29433071e+00   2.44147190e+00   2.53056431e+00   2.60434014e+00
   2.70719261e+00   2.83014714e+00   2.87326082e+00   2.99783410e+00
   3.02049329e+00   3.06617755e+00   3.08333608e+00   3.15855928e+00
   3.17227864e+00   3.23371960e+00   3.24675975e+00   3.28729023e+00
   3.39057836e+00   3.43242692e+00   3.49608832e+00   3.52854013e+00
   3.55347963e+00   3.57761482e+00   3.63979581e+00   3.74074269e+00
   3.76377931e+00   3.83382692e+00   3.87857328e+00   3.99485646e+00
   4.02497213e+00   4.03986438e+00   4.05492047e+00   4.08342444e+00
   4.14598042e+00   4.17669091e+00   4.23796969e+00   4.28645469e+00
   4.33628948e+00   4.43986596e+00   4.45044292e+00   4.47090853e+00
   4.50286637e+00   4.55121739e+00   4.63756682e+00   4.68888159e+00
   4.70368754e+00   4.81575678e+00   4.86450979e+00   4.88858339e+00
   4.95638278e+00   4.97990882e+00   5.08505247e+00   5.19582010e+00
   5.25793184e+00   5.37982899e+00   5.43913896e+00   5.56216026e+00
   5.58926263e+00   5.76248331e+00   5.94128681e+00   6.08445525e+00
   6.55480913e+00   8.95535264e+00   2.38286552e+01   2.45963236e+01]
E_coul = 1195.24958459902
cycle= 8 E= -2649.84957170309  delta_E= -1.12e-07  |g|= 0.000107  |ddm|= 0.000919
    CPU time for cycle= 8      0.37 sec, wall time      0.37 sec
diis-norm(errvec)=0.000357659
diis-c [ -6.47323139e-08   1.58890077e-04  -4.94128235e-04  -1.45669061e-03
   4.97968133e-03   2.94679393e-02  -5.46370182e-02  -3.15874541e-01
   1.33785587e+00]
  HOMO = -0.33746102028273  LUMO = 0.124379685082798
  mo_energy =
[ -4.90021674e+02  -6.51667365e+01  -5.85214033e+01  -5.85206367e+01
  -5.85205048e+01  -1.12737518e+01  -1.12342283e+01  -9.84425341e+00
  -7.45730069e+00  -7.45012628e+00  -7.44961004e+00  -3.20015114e+00
  -3.19584705e+00  -3.19492305e+00  -3.18749951e+00  -3.18747117e+00
  -1.17471783e+00  -9.81122133e-01  -7.85432680e-01  -6.68261596e-01
  -6.13019918e-01  -5.25035222e-01  -5.17645446e-01  -4.10378750e-01
  -3.37461020e-01   1.24379685e-01   1.64726811e-01   1.89528843e-01
   2.03600350e-01   2.17649243e-01   2.65514440e-01   2.90032929e-01
   3.22969876e-01   3.30240673e-01   3.64122103e-01   3.86391819e-01
   3.98122307e-01   4.15967048e-01   4.53373088e-01   4.54006753e-01
   4.81660592e-01   5.21580237e-01   5.58875765e-01   5.67303210e-01
   6.07691724e-01   6.33511955e-01   6.90400426e-01   7.75064371e-01
   7.75991481e-01   8.34884057e-01   8.46913472e-01   8.69553542e-01
   9.77909558e-01   1.00886163e+00   1.05495259e+00   1.06230408e+00
   1.10458055e+00   1.17748329e+00   1.19625904e+00   1.21386849e+00
   1.24474586e+00   1.34859599e+00   1.36928403e+00   1.42094812e+00
   1.43007867e+00   1.46028640e+00   1.47809147e+00   1.57584422e+00
   1.60643494e+00   1.61487373e+00   1.62445653e+00   1.71753935e+00
   1.74887458e+00   1.74901249e+00   1.78547837e+00   1.80477172e+00
   1.80635659e+00   1.82949254e+00   1.86566796e+00   1.87225430e+00
   1.89685248e+00   1.92225816e+00   1.92480729e+00   2.03163962e+00
   2.09125466e+00   2.16344938e+00   2.24050669e+00   2.25381164e+00
   2.29434070e+00   2.44148446e+00   2.53057995e+00   2.60435333e+00
   2.70721169e+00   2.83015377e+00   2.87325805e+00   2.99781872e+00
   3.02048772e+00   3.06617664e+00   3.08334073e+00   3.15856836e+00
   3.17227260e+00   3.23372302e+00   3.24677031e+00   3.28729513e+00
   3.39057644e+00   3.43242413e+00   3.49609646e+00   3.52854595e+00
   3.55349088e+00   3.57762120e+00   3.63979252e+00   3.74074309e+00
   3.76379059e+00   3.83383490e+00   3.87857603e+00   3.99484653e+00
   4.02498198e+00   4.03986741e+00   4.05492937e+00   4.08342727e+00
   4.14596981e+00   4.17669850e+00   4.23796729e+00   4.28644166e+00
   4.33627985e+00   4.43987690e+00   4.45045843e+00   4.47091606e+00
   4.50287776e+00   4.55123788e+00   4.63759152e+00   4.68888662e+00
   4.70369214e+00   4.81576838e+00   4.86451943e+00   4.88859655e+00
   4.95638187e+00   4.97991644e+00   5.08505467e+00   5.19582634e+00
   5.25793416e+00   5.37982651e+00   5.43912939e+00   5.56215866e+00
   5.58927047e+00   5.76247086e+00   5.94127879e+00   6.08445409e+00
   6.55480974e+00   8.95538425e+00   2.38286627e+01   2.45963279e+01]
E_coul = 1195.24926217495
cycle= 9 E= -2649.84957171378  delta_E= -1.07e-08  |g|= 4.19e-05  |ddm|= 0.000325
    CPU time for cycle= 9      0.38 sec, wall time      0.38 sec
diis-norm(errvec)=0.000119287
diis-c [ -7.13105652e-09   1.17369342e+00  -2.22055945e-05  -8.08256682e-05
  -1.52051403e-03   6.96702270e-03   3.36422797e-03  -7.10495437e-02
  -1.11351584e-01]
  HOMO = -0.33746471773271  LUMO = 0.124375515882197
  mo_energy =
[ -4.90021709e+02  -6.51667668e+01  -5.85214342e+01  -5.85206678e+01
  -5.85205359e+01  -1.12737442e+01  -1.12342558e+01  -9.84427107e+00
  -7.45731790e+00  -7.45014403e+00  -7.44962793e+00  -3.20016768e+00
  -3.19586407e+00  -3.19494010e+00  -3.18751736e+00  -3.18748902e+00
  -1.17472058e+00  -9.81129434e-01  -7.85434208e-01  -6.68267198e-01
  -6.13026088e-01  -5.25041677e-01  -5.17649516e-01  -4.10379823e-01
  -3.37464718e-01   1.24375516e-01   1.64727072e-01   1.89525855e-01
   2.03598572e-01   2.17650494e-01   2.65513661e-01   2.90029954e-01
   3.22968568e-01   3.30239460e-01   3.64121387e-01   3.86389446e-01
   3.98119467e-01   4.15966138e-01   4.53372148e-01   4.54006063e-01
   4.81659227e-01   5.21580151e-01   5.58874696e-01   5.67300759e-01
   6.07689171e-01   6.33505921e-01   6.90395382e-01   7.75057519e-01
   7.75987683e-01   8.34882946e-01   8.46911429e-01   8.69554365e-01
   9.77908527e-01   1.00885961e+00   1.05494919e+00   1.06230204e+00
   1.10457478e+00   1.17747951e+00   1.19625573e+00   1.21386488e+00
   1.24474323e+00   1.34859091e+00   1.36928123e+00   1.42094342e+00
   1.43007548e+00   1.46028351e+00   1.47808713e+00   1.57583937e+00
   1.60643105e+00   1.61487209e+00   1.62445378e+00   1.71753476e+00
   1.74887090e+00   1.74900362e+00   1.78547796e+00   1.80476893e+00
   1.80635669e+00   1.82949091e+00   1.86566172e+00   1.87225103e+00
   1.89685116e+00   1.92225616e+00   1.92480135e+00   2.03163758e+00
   2.09125072e+00   2.16344709e+00   2.24050017e+00   2.25381149e+00
   2.29433851e+00   2.44148148e+00   2.53057780e+00   2.60434917e+00
   2.70721056e+00   2.83014625e+00   2.87325432e+00   2.99781093e+00
   3.02047885e+00   3.06617140e+00   3.08333047e+00   3.15856442e+00
   3.17226216e+00   3.23371277e+00   3.24677140e+00   3.28728785e+00
   3.39056732e+00   3.43241791e+00   3.49609452e+00   3.52854192e+00
   3.55348709e+00   3.57761794e+00   3.63978840e+00   3.74073681e+00
   3.76378836e+00   3.83383203e+00   3.87857231e+00   3.99484188e+00
   4.02497788e+00   4.03986489e+00   4.05492570e+00   4.08342254e+00
   4.14596458e+00   4.17669981e+00   4.23796179e+00   4.28643613e+00
   4.33627264e+00   4.43987395e+00   4.45045231e+00   4.47091285e+00
   4.50287287e+00   4.55123243e+00   4.63758592e+00   4.68887989e+00
   4.70368456e+00   4.81576243e+00   4.86451442e+00   4.88859119e+00
   4.95637706e+00   4.97991082e+00   5.08505136e+00   5.19582122e+00
   5.25792914e+00   5.37982095e+00   5.43912091e+00   5.56215383e+00
   5.58927200e+00   5.76245913e+00   5.94126964e+00   6.08444657e+00
   6.55480384e+00   8.95537425e+00   2.38286640e+01   2.45963075e+01]
E_coul = 1195.24971687845
cycle= 10 E= -2649.84957171473  delta_E= -9.53e-10  |g|= 1.68e-05  |ddm|= 8.96e-05
    CPU time for cycle= 10      0.37 sec, wall time      0.37 sec
  HOMO = -0.337461950851077  LUMO = 0.12437694525039
  mo_energy =
[ -4.90021686e+02  -6.51667465e+01  -5.85214133e+01  -5.85206470e+01
  -5.85205151e+01  -1.12737398e+01  -1.12342495e+01  -9.84425876e+00
  -7.45730553e+00  -7.45013180e+00  -7.44961565e+00  -3.20015534e+00
  -3.19585183e+00  -3.19492778e+00  -3.18750531e+00  -3.18747696e+00
  -1.17471690e+00  -9.81126530e-01  -7.85432612e-01  -6.68265372e-01
  -6.13023667e-01  -5.25040308e-01  -5.17646930e-01  -4.10377011e-01
  -3.37461951e-01   1.24376945e-01   1.64727401e-01   1.89525696e-01
   2.03599413e-01   2.17651379e-01   2.65514480e-01   2.90029972e-01
   3.22969152e-01   3.30240550e-01   3.64122393e-01   3.86390535e-01
   3.98120304e-01   4.15967710e-01   4.53373727e-01   4.54007139e-01
   4.81660643e-01   5.21581234e-01   5.58876540e-01   5.67301533e-01
   6.07689971e-01   6.33506313e-01   6.90396710e-01   7.75057990e-01
   7.75988549e-01   8.34884215e-01   8.46912286e-01   8.69556486e-01
   9.77909795e-01   1.00886141e+00   1.05495050e+00   1.06230315e+00
   1.10457457e+00   1.17748001e+00   1.19625716e+00   1.21386563e+00
   1.24474454e+00   1.34859190e+00   1.36928223e+00   1.42094484e+00
   1.43007719e+00   1.46028537e+00   1.47808742e+00   1.57583987e+00
   1.60643299e+00   1.61487505e+00   1.62445499e+00   1.71753732e+00
   1.74887367e+00   1.74900437e+00   1.78548061e+00   1.80477174e+00
   1.80635928e+00   1.82949351e+00   1.86566470e+00   1.87225357e+00
   1.89685467e+00   1.92225936e+00   1.92480388e+00   2.03164012e+00
   2.09125258e+00   2.16344948e+00   2.24050260e+00   2.25381448e+00
   2.29434069e+00   2.44148380e+00   2.53058100e+00   2.60435168e+00
   2.70721319e+00   2.83014891e+00   2.87325467e+00   2.99781077e+00
   3.02048021e+00   3.06617243e+00   3.08333301e+00   3.15856635e+00
   3.17226394e+00   3.23371533e+00   3.24677303e+00   3.28729017e+00
   3.39056920e+00   3.43241895e+00   3.49609598e+00   3.52854359e+00
   3.55348952e+00   3.57761965e+00   3.63978914e+00   3.74073831e+00
   3.76379033e+00   3.83383315e+00   3.87857327e+00   3.99484190e+00
   4.02498016e+00   4.03986561e+00   4.05492704e+00   4.08342367e+00
   4.14596449e+00   4.17669980e+00   4.23796246e+00   4.28643581e+00
   4.33627289e+00   4.43987560e+00   4.45045575e+00   4.47091416e+00
   4.50287539e+00   4.55123640e+00   4.63759118e+00   4.68888235e+00
   4.70368691e+00   4.81576555e+00   4.86451727e+00   4.88859453e+00
   4.95637797e+00   4.97991334e+00   5.08505235e+00   5.19582310e+00
   5.25793044e+00   5.37982197e+00   5.43912165e+00   5.56215485e+00
   5.58927324e+00   5.76246010e+00   5.94127091e+00   6.08444806e+00
   6.55480546e+00   8.95538264e+00   2.38286684e+01   2.45963131e+01]
E_coul = 1195.24948706659
Extra cycle  E= -2649.84957171478  delta_E= -5e-11  |g|= 8.36e-06  |ddm|= 1.92e-05
    CPU time for scf_cycle      9.75 sec, wall time      9.76 sec
    CPU time for SCF      9.75 sec, wall time      9.76 sec
converged SCF energy = -2649.84957171478
RHF E = -2649.84957171
RHF eps = [ -4.90021686e+02  -6.51667465e+01  -5.85214133e+01  -5.85206470e+01
  -5.85205151e+01  -1.12737398e+01  -1.12342495e+01  -9.84425876e+00
  -7.45730553e+00  -7.45013180e+00  -7.44961565e+00  -3.20015534e+00
  -3.19585183e+00  -3.19492778e+00  -3.18750531e+00  -3.18747696e+00
  -1.17471690e+00  -9.81126530e-01  -7.85432612e-01  -6.68265372e-01
  -6.13023667e-01  -5.25040308e-01  -5.17646930e-01  -4.10377011e-01
  -3.37461951e-01   1.24376945e-01   1.64727401e-01   1.89525696e-01
   2.03599413e-01   2.17651379e-01   2.65514480e-01   2.90029972e-01
   3.22969152e-01   3.30240550e-01   3.64122393e-01   3.86390535e-01
   3.98120304e-01   4.15967710e-01   4.53373727e-01   4.54007139e-01
   4.81660643e-01   5.21581234e-01   5.58876540e-01   5.67301533e-01
   6.07689971e-01   6.33506313e-01   6.90396710e-01   7.75057990e-01
   7.75988549e-01   8.34884215e-01   8.46912286e-01   8.69556486e-01
   9.77909795e-01   1.00886141e+00   1.05495050e+00   1.06230315e+00
   1.10457457e+00   1.17748001e+00   1.19625716e+00   1.21386563e+00
   1.24474454e+00   1.34859190e+00   1.36928223e+00   1.42094484e+00
   1.43007719e+00   1.46028537e+00   1.47808742e+00   1.57583987e+00
   1.60643299e+00   1.61487505e+00   1.62445499e+00   1.71753732e+00
   1.74887367e+00   1.74900437e+00   1.78548061e+00   1.80477174e+00
   1.80635928e+00   1.82949351e+00   1.86566470e+00   1.87225357e+00
   1.89685467e+00   1.92225936e+00   1.92480388e+00   2.03164012e+00
   2.09125258e+00   2.16344948e+00   2.24050260e+00   2.25381448e+00
   2.29434069e+00   2.44148380e+00   2.53058100e+00   2.60435168e+00
   2.70721319e+00   2.83014891e+00   2.87325467e+00   2.99781077e+00
   3.02048021e+00   3.06617243e+00   3.08333301e+00   3.15856635e+00
   3.17226394e+00   3.23371533e+00   3.24677303e+00   3.28729017e+00
   3.39056920e+00   3.43241895e+00   3.49609598e+00   3.52854359e+00
   3.55348952e+00   3.57761965e+00   3.63978914e+00   3.74073831e+00
   3.76379033e+00   3.83383315e+00   3.87857327e+00   3.99484190e+00
   4.02498016e+00   4.03986561e+00   4.05492704e+00   4.08342367e+00
   4.14596449e+00   4.17669980e+00   4.23796246e+00   4.28643581e+00
   4.33627289e+00   4.43987560e+00   4.45045575e+00   4.47091416e+00
   4.50287539e+00   4.55123640e+00   4.63759118e+00   4.68888235e+00
   4.70368691e+00   4.81576555e+00   4.86451727e+00   4.88859453e+00
   4.95637797e+00   4.97991334e+00   5.08505235e+00   5.19582310e+00
   5.25793044e+00   5.37982197e+00   5.43912165e+00   5.56215485e+00
   5.58927324e+00   5.76246010e+00   5.94127091e+00   6.08444806e+00
   6.55480546e+00   8.95538264e+00   2.38286684e+01   2.45963131e+01]
    CPU time for transforming oopq, ovpq     21.46 sec, wall time     21.47 sec
    CPU time for transforming vvvv     86.99 sec, wall time     87.23 sec
    CPU time for CCSD integral transformation    108.81 sec, wall time    109.07 sec

******** <class 'pyscf.cc.rccsd.RCCSD'> flags ********
CCSD nocc = 9, nvir = 127
frozen orbitals [0, 1, 2, 3, 4, 5, 6, 7, 8, 9, 10, 11, 12, 13, 14, 15]
max_cycle = 50
direct = 0
conv_tol = 1e-07
conv_tol_normt = 1e-05
diis_space = 6
diis_start_cycle = 0
diis_start_energy_diff = 1e+09
max_memory 4000 MB (current use 673 MB)
Init t2, MP2 energy = -0.49160711612812
    CPU time for init mp2      0.03 sec, wall time      0.03 sec
    CPU time for vvvv-tau      0.00 sec, wall time      0.00 sec
    CPU time for vvvv [0:95]      0.71 sec, wall time      0.71 sec
    CPU time for vvvv [95:127]      6.94 sec, wall time      6.94 sec
    CPU time for vvvv     13.20 sec, wall time     13.22 sec
    CPU time for woooo      0.00 sec, wall time      0.00 sec
max_memory 3299 MB,  nocc,nvir = 9,127  blksize = 9,127
    CPU time for ovvv [0:9]      2.70 sec, wall time      2.70 sec
    CPU time for wOVov [0:9]      2.80 sec, wall time      2.80 sec
    CPU time for woVoV [0:9]      1.62 sec, wall time      1.62 sec
    CPU time for contract occ [0:9]      8.44 sec, wall time      8.44 sec
    CPU time for contract loop     21.65 sec, wall time     21.66 sec
    CPU time for update t1 t2     21.84 sec, wall time     21.85 sec
istep = 0  E(CCSD) = -0.505464557593424  dE = -0.505464558  norm(t1,t2) = 0.087205
    CPU time for CCSD iter     21.87 sec, wall time     21.88 sec
    CPU time for vvvv-tau      0.00 sec, wall time      0.00 sec
    CPU time for vvvv [0:95]      0.62 sec, wall time      0.62 sec
    CPU time for vvvv [95:127]      6.97 sec, wall time      6.98 sec
    CPU time for vvvv     13.94 sec, wall time     13.95 sec
    CPU time for woooo      0.00 sec, wall time      0.00 sec
max_memory 3299 MB,  nocc,nvir = 9,127  blksize = 9,127
    CPU time for ovvv [0:9]      2.72 sec, wall time      2.72 sec
    CPU time for wOVov [0:9]      3.31 sec, wall time      3.31 sec
    CPU time for woVoV [0:9]      1.83 sec, wall time      1.83 sec
    CPU time for contract occ [0:9]      9.45 sec, wall time      9.46 sec
    CPU time for contract loop     23.39 sec, wall time     23.41 sec
    CPU time for update t1 t2     23.58 sec, wall time     23.60 sec
DIIS for step 1
istep = 1  E(CCSD) = -0.51744988784034  dE = -0.0119853302  norm(t1,t2) = 0.0268463
    CPU time for CCSD iter     23.64 sec, wall time     23.65 sec
    CPU time for vvvv-tau      0.01 sec, wall time      0.00 sec
    CPU time for vvvv [0:95]      0.72 sec, wall time      0.72 sec
    CPU time for vvvv [95:127]      8.17 sec, wall time      8.19 sec
    CPU time for vvvv     16.57 sec, wall time     16.59 sec
    CPU time for woooo      0.01 sec, wall time      0.00 sec
max_memory 3293 MB,  nocc,nvir = 9,127  blksize = 9,127
    CPU time for ovvv [0:9]      3.27 sec, wall time      3.28 sec
    CPU time for wOVov [0:9]      3.69 sec, wall time      3.69 sec
    CPU time for woVoV [0:9]      1.89 sec, wall time      1.89 sec
    CPU time for contract occ [0:9]     10.78 sec, wall time     10.79 sec
    CPU time for contract loop     27.36 sec, wall time     27.39 sec
    CPU time for update t1 t2     27.55 sec, wall time     27.58 sec
diis-c [ -6.84198883e-05   1.00000000e+00]
DIIS for step 2
istep = 2  E(CCSD) = -0.518596381013495  dE = -0.00114649317  norm(t1,t2) = 0.0131031
    CPU time for CCSD iter     27.61 sec, wall time     27.64 sec
    CPU time for vvvv-tau      0.00 sec, wall time      0.00 sec
    CPU time for vvvv [0:95]      0.68 sec, wall time      0.68 sec
    CPU time for vvvv [95:127]      7.58 sec, wall time      7.58 sec
    CPU time for vvvv     14.52 sec, wall time     14.53 sec
    CPU time for woooo      0.00 sec, wall time      0.00 sec
max_memory 3283 MB,  nocc,nvir = 9,127  blksize = 9,127
    CPU time for ovvv [0:9]      2.79 sec, wall time      2.79 sec
    CPU time for wOVov [0:9]      3.78 sec, wall time      3.78 sec
    CPU time for woVoV [0:9]      1.99 sec, wall time      1.99 sec
    CPU time for contract occ [0:9]     10.38 sec, wall time     10.40 sec
    CPU time for contract loop     24.90 sec, wall time     24.93 sec
    CPU time for update t1 t2     25.10 sec, wall time     25.12 sec
diis-c [ -1.19639925e-05  -3.04901154e-01   1.30490115e+00]
DIIS for step 3
istep = 3  E(CCSD) = -0.519955052178479  dE = -0.00135867116  norm(t1,t2) = 0.00575148
    CPU time for CCSD iter     25.16 sec, wall time     25.18 sec
    CPU time for vvvv-tau      0.00 sec, wall time      0.00 sec
    CPU time for vvvv [0:94]      0.74 sec, wall time      0.74 sec
    CPU time for vvvv [94:127]      8.20 sec, wall time      8.21 sec
    CPU time for vvvv     15.40 sec, wall time     15.42 sec
    CPU time for woooo      0.01 sec, wall time      0.00 sec
max_memory 3272 MB,  nocc,nvir = 9,127  blksize = 9,127
    CPU time for ovvv [0:9]      2.82 sec, wall time      2.82 sec
    CPU time for wOVov [0:9]      3.68 sec, wall time      3.68 sec
    CPU time for woVoV [0:9]      2.09 sec, wall time      2.09 sec
    CPU time for contract occ [0:9]     10.44 sec, wall time     10.45 sec
    CPU time for contract loop     25.86 sec, wall time     25.87 sec
    CPU time for update t1 t2     26.05 sec, wall time     26.07 sec
diis-c [ -5.55317808e-07  -2.87756489e-01   1.69879551e-01   1.11787694e+00]
DIIS for step 4
istep = 4  E(CCSD) = -0.520265586594223  dE = -0.000310534416  norm(t1,t2) = 0.0028731
    CPU time for CCSD iter     26.12 sec, wall time     26.14 sec
    CPU time for vvvv-tau      0.00 sec, wall time      0.00 sec
    CPU time for vvvv [0:94]      0.80 sec, wall time      0.79 sec
    CPU time for vvvv [94:127]      8.85 sec, wall time      8.86 sec
    CPU time for vvvv     17.28 sec, wall time     17.30 sec
    CPU time for woooo      0.01 sec, wall time      0.00 sec
max_memory 3262 MB,  nocc,nvir = 9,127  blksize = 9,127
    CPU time for ovvv [0:9]      3.34 sec, wall time      3.35 sec
    CPU time for wOVov [0:9]      4.63 sec, wall time      4.64 sec
    CPU time for woVoV [0:9]      2.40 sec, wall time      2.40 sec
    CPU time for contract occ [0:9]     12.94 sec, wall time     12.95 sec
    CPU time for contract loop     30.23 sec, wall time     30.26 sec
    CPU time for update t1 t2     30.42 sec, wall time     30.45 sec
diis-c [ -4.80922279e-08   8.40663533e-02  -6.72016928e-02  -3.27338767e-01
   1.31047411e+00]
DIIS for step 5
istep = 5  E(CCSD) = -0.520147718717347  dE = 0.000117867877  norm(t1,t2) = 0.000450093
    CPU time for CCSD iter     30.49 sec, wall time     30.52 sec
    CPU time for vvvv-tau      0.00 sec, wall time      0.00 sec
    CPU time for vvvv [0:94]      0.76 sec, wall time      0.76 sec
    CPU time for vvvv [94:127]      8.82 sec, wall time      8.82 sec
    CPU time for vvvv     17.23 sec, wall time     17.25 sec
    CPU time for woooo      0.01 sec, wall time      0.00 sec
max_memory 3251 MB,  nocc,nvir = 9,127  blksize = 9,127
    CPU time for ovvv [0:9]      3.76 sec, wall time      3.77 sec
    CPU time for wOVov [0:9]      5.06 sec, wall time      5.06 sec
    CPU time for woVoV [0:9]      2.43 sec, wall time      2.45 sec
    CPU time for contract occ [0:9]     13.77 sec, wall time     13.79 sec
    CPU time for contract loop     31.01 sec, wall time     31.05 sec
    CPU time for update t1 t2     31.21 sec, wall time     31.25 sec
diis-c [ -3.63039027e-09   4.25296673e-02  -2.32717079e-02  -1.89737521e-01
   1.78382176e-01   9.92097385e-01]
DIIS for step 6
istep = 6  E(CCSD) = -0.520145405260617  dE = 2.31345673e-06  norm(t1,t2) = 0.000176023
    CPU time for CCSD iter     31.29 sec, wall time     31.33 sec
    CPU time for vvvv-tau      0.01 sec, wall time      0.00 sec
    CPU time for vvvv [0:93]      0.79 sec, wall time      0.78 sec
    CPU time for vvvv [93:127]      9.75 sec, wall time      9.76 sec
    CPU time for vvvv     20.51 sec, wall time     20.53 sec
    CPU time for woooo      0.00 sec, wall time      0.00 sec
max_memory 3240 MB,  nocc,nvir = 9,127  blksize = 9,127
    CPU time for ovvv [0:9]      4.25 sec, wall time      4.24 sec
    CPU time for wOVov [0:9]      3.85 sec, wall time      3.86 sec
    CPU time for woVoV [0:9]      2.49 sec, wall time      2.50 sec
    CPU time for contract occ [0:9]     12.50 sec, wall time     12.51 sec
    CPU time for contract loop     33.01 sec, wall time     33.05 sec
    CPU time for update t1 t2     33.21 sec, wall time     33.25 sec
diis-c [ -4.08661438e-10  -2.08926723e-02   1.77696483e-02   7.64906836e-02
  -9.49920184e-02  -5.14919372e-01   1.53654373e+00]
DIIS for step 7
istep = 7  E(CCSD) = -0.520150845487827  dE = -5.44022721e-06  norm(t1,t2) = 5.01591e-05
    CPU time for CCSD iter     33.29 sec, wall time     33.33 sec
    CPU time for vvvv-tau      0.00 sec, wall time      0.00 sec
    CPU time for vvvv [0:93]      0.74 sec, wall time      0.74 sec
    CPU time for vvvv [93:127]      7.95 sec, wall time      7.96 sec
    CPU time for vvvv     15.49 sec, wall time     15.51 sec
    CPU time for woooo      0.00 sec, wall time      0.00 sec
max_memory 3230 MB,  nocc,nvir = 9,127  blksize = 9,127
    CPU time for ovvv [0:9]      2.88 sec, wall time      2.88 sec
    CPU time for wOVov [0:9]      3.81 sec, wall time      3.82 sec
    CPU time for woVoV [0:9]      2.00 sec, wall time      2.00 sec
    CPU time for contract occ [0:9]     10.52 sec, wall time     10.53 sec
    CPU time for contract loop     26.02 sec, wall time     26.05 sec
    CPU time for update t1 t2     26.21 sec, wall time     26.24 sec
diis-c [ -8.40333636e-11   1.24596172e+00   9.91357458e-04  -1.53730075e-03
   2.03247692e-02  -6.49948551e-02  -2.00745693e-01]
DIIS for step 8
istep = 8  E(CCSD) = -0.520149450992476  dE = 1.39449535e-06  norm(t1,t2) = 1.97806e-05
    CPU time for CCSD iter     26.30 sec, wall time     26.33 sec
    CPU time for vvvv-tau      0.00 sec, wall time      0.00 sec
    CPU time for vvvv [0:93]      0.80 sec, wall time      0.80 sec
    CPU time for vvvv [93:127]     11.54 sec, wall time     11.56 sec
    CPU time for vvvv     22.79 sec, wall time     22.82 sec
    CPU time for woooo      0.00 sec, wall time      0.00 sec
max_memory 3224 MB,  nocc,nvir = 9,127  blksize = 9,127
    CPU time for ovvv [0:9]      2.86 sec, wall time      2.87 sec
    CPU time for wOVov [0:9]      3.82 sec, wall time      3.82 sec
    CPU time for woVoV [0:9]      1.99 sec, wall time      1.99 sec
    CPU time for contract occ [0:9]     10.50 sec, wall time     10.51 sec
    CPU time for contract loop     33.29 sec, wall time     33.34 sec
    CPU time for update t1 t2     33.49 sec, wall time     33.54 sec
diis-c [ -1.14138698e-11  -1.13868016e-01   1.19017677e+00  -1.04933932e-03
   6.24491882e-03  -6.42692784e-03  -7.50774085e-02]
DIIS for step 9
istep = 9  E(CCSD) = -0.520150006523977  dE = -5.55531501e-07  norm(t1,t2) = 7.84655e-06
    CPU time for CCSD iter     33.57 sec, wall time     33.61 sec
    CPU time for vvvv-tau      0.01 sec, wall time      0.00 sec
    CPU time for vvvv [0:93]      0.73 sec, wall time      0.74 sec
    CPU time for vvvv [93:127]      8.03 sec, wall time      8.04 sec
    CPU time for vvvv     17.44 sec, wall time     17.46 sec
    CPU time for woooo      0.00 sec, wall time      0.00 sec
max_memory 3224 MB,  nocc,nvir = 9,127  blksize = 9,127
    CPU time for ovvv [0:9]      2.90 sec, wall time      2.91 sec
    CPU time for wOVov [0:9]      3.83 sec, wall time      3.83 sec
    CPU time for woVoV [0:9]      2.01 sec, wall time      2.01 sec
    CPU time for contract occ [0:9]     10.59 sec, wall time     10.60 sec
    CPU time for contract loop     28.03 sec, wall time     28.07 sec
    CPU time for update t1 t2     28.22 sec, wall time     28.26 sec
diis-c [ -7.21117610e-13  -2.21180632e-01  -1.63964015e-01   1.31840476e+00
  -1.39831918e-03   1.27444931e-03   6.68637554e-02]
DIIS for step 10
istep = 10  E(CCSD) = -0.520149658131999  dE = 3.48391979e-07  norm(t1,t2) = 2.90001e-06
    CPU time for CCSD iter     28.31 sec, wall time     28.35 sec
    CPU time for vvvv-tau      0.01 sec, wall time      0.00 sec
    CPU time for vvvv [0:93]      0.79 sec, wall time      0.79 sec
    CPU time for vvvv [93:127]     10.25 sec, wall time     10.27 sec
    CPU time for vvvv     19.87 sec, wall time     19.90 sec
    CPU time for woooo      0.00 sec, wall time      0.00 sec
max_memory 3224 MB,  nocc,nvir = 9,127  blksize = 9,127
    CPU time for ovvv [0:9]      2.81 sec, wall time      2.81 sec
    CPU time for wOVov [0:9]      3.77 sec, wall time      3.78 sec
    CPU time for woVoV [0:9]      1.97 sec, wall time      1.97 sec
    CPU time for contract occ [0:9]     10.37 sec, wall time     10.37 sec
    CPU time for contract loop     30.24 sec, wall time     30.28 sec
    CPU time for update t1 t2     30.43 sec, wall time     30.47 sec
diis-c [ -1.38111744e-13  -2.87514789e-03   7.93595316e-04  -1.19290807e-01
   1.11840603e+00  -7.60269049e-04   3.72659429e-03]
DIIS for step 11
istep = 11  E(CCSD) = -0.520149648337396  dE = 9.7946028e-09  norm(t1,t2) = 6.68151e-07
    CPU time for CCSD iter     30.51 sec, wall time     30.55 sec
    CPU time for CCSD    338.16 sec, wall time    338.51 sec
CCSD converged
E(CCSD) = -2650.369721363118  E_corr = -0.5201496483373959
    CPU time for EOM-CCSD shared one-electron intermediates      0.31 sec, wall time      0.31 sec
    CPU time for EOM-CCSD shared two-electron intermediates      1.52 sec, wall time      1.52 sec
    CPU time for EOM-CCSD IP intermediates      1.65 sec, wall time      1.65 sec
tol 1e-07  toloose 0.000316228
max_cycle 50  max_space 47  max_memory 2000  incore True
davidson 0 9  |r|= 0.346  e= [ 0.40837369  0.46579749  0.57850342  0.58168398  0.67248519  0.72296237
  0.83317345  1.0220947   1.20917572]  max|de|= 1.21  lindep=    1
davidson 1 18  |r|= 0.119  e= [ 0.34141079  0.39359262  0.49219713  0.49229874  0.56767058  0.61401485
  0.71215397  0.85734841  1.0102095 ]  max|de|= -0.199  lindep= 0.966
davidson 2 27  |r|= 0.123  e= [ 0.34111452  0.39358877  0.49175173  0.49175122  0.56695598  0.61250426
  0.70971129  0.84835563  0.98121059]  max|de|= -0.029  lindep= 0.892
davidson 3 36  |r|= 0.226  e= [ 0.34131365  0.39375249  0.49211174  0.49175625  0.56692556  0.61211165
  0.70891841  0.8407626   1.04523724]  max|de|= 0.064  lindep= 0.887
davidson 4 45  |r|= 0.166  e= [ 0.34130876  0.39375088  0.49197938  0.49169521  0.56682258  0.61197706
  0.70858465  0.83391663  1.00565086]  max|de|= -0.0396  lindep= 0.922
root 1 converged  |r|= 0.000258  e= 0.393750879454  max|de|= -1.11e-15
davidson 5 9  |r|= 0.166  e= [ 0.34130876  0.39375088  0.49197938  0.49169521  0.56682258  0.61197706
  0.70858465  0.83391663  1.00565086]  max|de|= 2.55e-15  lindep= 0.981
davidson 6 17  |r|= 0.189  e= [ 0.34130792  0.39375125  0.49196341  0.49170347  0.56685325  0.612044
  0.70869332  0.82528246  0.96028959]  max|de|= -0.0454  lindep= 0.891
root 4 converged  |r|= 0.000169  e= 0.566853190465  max|de|= -6.08e-08
davidson 7 26  |r|= 0.306  e= [ 0.34130586  0.39374924  0.49195873  0.49170187  0.56685319  0.6120493
  0.70870233  0.80998759  1.10979308]  max|de|= 0.15  lindep= 0.864
root 0 converged  |r|= 8.69e-06  e= 0.341305788584  max|de|= -7.05e-08
davidson 8 34  |r|= 0.208  e= [ 0.34130579  0.39374836  0.49195777  0.49170264  0.56685372  0.61204662
  0.70789263  0.84959995  1.03932962]  max|de|= -0.0705  lindep= 0.893
davidson 9 42  |r|= 0.145  e= [ 0.34130613  0.39374862  0.4919605   0.49170279  0.56685314  0.61204901
  0.70866924  0.85870179  1.01196615]  max|de|= -0.0274  lindep= 0.581
root 0 converged  |r|= 6.58e-06  e= 0.341306128214  max|de|= 6.66e-16
root 1 converged  |r|= 2.86e-06  e= 0.393748618103  max|de|= -3.16e-15
root 2 converged  |r|= 3.36e-05  e= 0.491960502657  max|de|= -4.33e-15
root 3 converged  |r|= 2.99e-06  e= 0.491702785243  max|de|= 3.33e-16
root 4 converged  |r|= 2.91e-05  e= 0.566853138062  max|de|= -9.99e-16
root 5 converged  |r|= 3.43e-05  e= 0.612049012567  max|de|= 1.11e-15
davidson 10 9  |r|= 0.145  e= [ 0.34130613  0.39374862  0.4919605   0.49170279  0.56685314  0.61204901
  0.70866924  0.85870179  1.01196615]  max|de|= -4.33e-15  lindep= 0.977
davidson 11 12  |r|= 0.137  e= [ 0.34130613  0.39374862  0.4919605   0.49170274  0.56685288  0.61204901
  0.70872217  0.85024949  0.98626602]  max|de|= -0.0257  lindep= 0.889
davidson 12 16  |r|= 0.27  e= [ 0.34130613  0.39374862  0.4919605   0.49170273  0.56685298  0.61204859
  0.70869256  0.84461728  1.08030762]  max|de|= 0.094  lindep= 0.928
davidson 13 21  |r|= 0.175  e= [ 0.34130613  0.39374862  0.4919605   0.49170274  0.56685269  0.61204728
  0.70869505  0.8376527   1.00496306]  max|de|= -0.0753  lindep= 0.876
root 4 converged  |r|= 5.58e-07  e= 0.56685270547  max|de|= 1.26e-08
root 5 converged  |r|= 2.84e-06  e= 0.612047349912  max|de|= 6.62e-08
davidson 14 26  |r|= 0.131  e= [ 0.34130613  0.39374863  0.4919605   0.49170273  0.56685271  0.61204735
  0.70870524  0.85248105  0.94506238]  max|de|= -0.0599  lindep=  0.9
davidson 15 29  |r|= 0.196  e= [ 0.34130613  0.39374863  0.4919605   0.49170274  0.56685271  0.61204735
  0.70872059  0.85981041  1.0095341 ]  max|de|= 0.0645  lindep= 0.892
davidson 16 32  |r|= 0.161  e= [ 0.34130613  0.39374863  0.4919605   0.49170274  0.56685271  0.61204732
  0.70870008  0.85072816  0.95045934]  max|de|= -0.0591  lindep=  0.9
davidson 17 35  |r|= 0.19  e= [ 0.34130613  0.39374862  0.4919605   0.49170274  0.5668527   0.61204731
  0.70870166  0.8491654   1.05888284]  max|de|= 0.108  lindep= 0.909
davidson 18 38  |r|= 0.14  e= [ 0.34130613  0.39374863  0.4919605   0.49170273  0.5668527   0.61204732
  0.70870181  0.84891735  1.00721875]  max|de|= -0.0517  lindep= 0.923
davidson 19 41  |r|= 0.0823  e= [ 0.34130613  0.39374863  0.4919605   0.49170273  0.5668527   0.61204732
  0.7087011   0.848342    0.98563834]  max|de|= -0.0216  lindep= 0.899
root 6 converged  |r|= 1.14e-05  e= 0.708701096728  max|de|= 1.11e-16
davidson 20 9  |r|= 0.0823  e= [ 0.34130613  0.39374863  0.4919605   0.49170273  0.5668527   0.61204732
  0.7087011   0.848342    0.98563834]  max|de|= 2.66e-15  lindep= 0.971
davidson 21 11  |r|= 0.0814  e= [ 0.34130613  0.39374864  0.4919605   0.49170273  0.5668527   0.61204732
  0.70870105  0.84819491  0.98076675]  max|de|= -0.00487  lindep= 0.852
davidson 22 13  |r|= 0.245  e= [ 0.34130613  0.39374863  0.4919605   0.49170273  0.5668527   0.61204732
  0.7087011   0.8479511   1.03727102]  max|de|= 0.0565  lindep= 0.919
davidson 23 15  |r|= 0.094  e= [ 0.34130613  0.39374863  0.4919605   0.49170273  0.5668527   0.61204731
  0.70870111  0.84779543  0.99334737]  max|de|= -0.0439  lindep= 0.901
davidson 24 17  |r|= 0.0882  e= [ 0.34130613  0.39374864  0.4919605   0.49170273  0.5668527   0.61204731
  0.70870111  0.8477879   0.97890552]  max|de|= -0.0144  lindep= 0.867
davidson 25 19  |r|= 0.121  e= [ 0.34130613  0.39374864  0.4919605   0.49170273  0.5668527   0.61204731
  0.70870112  0.84759827  1.0026885 ]  max|de|= 0.0238  lindep= 0.902
davidson 26 21  |r|= 0.0668  e= [ 0.34130613  0.39374864  0.4919605   0.49170273  0.5668527   0.61204731
  0.70870112  0.84719348  0.99108417]  max|de|= -0.0116  lindep= 0.925
davidson 27 23  |r|= 0.0651  e= [ 0.34130613  0.39374864  0.4919605   0.49170272  0.5668527   0.61204731
  0.70870114  0.84804805  0.98184   ]  max|de|= -0.00924  lindep= 0.895
davidson 28 25  |r|= 0.13  e= [ 0.34130613  0.39374864  0.4919605   0.49170272  0.5668527   0.61204731
  0.70870118  0.8479811   1.00670792]  max|de|= 0.0249  lindep= 0.926
davidson 29 27  |r|= 0.0984  e= [ 0.34130613  0.39374864  0.4919605   0.49170272  0.5668527   0.61204731
  0.7087012   0.84802832  0.99767574]  max|de|= -0.00903  lindep= 0.901
davidson 30 29  |r|= 0.049  e= [ 0.34130613  0.39374864  0.4919605   0.49170273  0.5668527   0.61204731
  0.70870114  0.84788064  0.98721114]  max|de|= -0.0105  lindep= 0.931
davidson 31 31  |r|= 0.0663  e= [ 0.34130613  0.39374864  0.4919605   0.49170273  0.5668527   0.61204732
  0.70870113  0.84790997  0.9762032 ]  max|de|= -0.011  lindep= 0.932
davidson 32 33  |r|= 0.0824  e= [ 0.34130613  0.39374864  0.4919605   0.49170273  0.5668527   0.61204733
  0.7087011   0.84802353  0.99555935]  max|de|= 0.0194  lindep= 0.921
davidson 33 35  |r|= 0.0785  e= [ 0.34130613  0.39374864  0.4919605   0.49170273  0.5668527   0.61204733
  0.70870108  0.84806653  0.99145788]  max|de|= -0.0041  lindep= 0.893
davidson 34 37  |r|= 0.0692  e= [ 0.34130613  0.39374865  0.4919605   0.49170272  0.5668527   0.61204733
  0.70870111  0.84872425  0.98031569]  max|de|= -0.0111  lindep= 0.923
davidson 35 39  |r|= 0.0638  e= [ 0.34130613  0.39374864  0.4919605   0.49170272  0.5668527   0.61204733
  0.70870111  0.84756108  1.00064347]  max|de|= 0.0203  lindep=  0.9
davidson 36 9  |r|= 0.0638  e= [ 0.34130613  0.39374864  0.4919605   0.49170272  0.5668527   0.61204733
  0.70870111  0.84756108  1.00064347]  max|de|= 2.33e-15  lindep= 0.982
davidson 37 11  |r|= 0.0986  e= [ 0.34130613  0.39374864  0.49196049  0.49170272  0.5668527   0.61204733
  0.70870111  0.84758744  0.99600962]  max|de|= -0.00463  lindep= 0.845
davidson 38 13  |r|= 0.0684  e= [ 0.34130613  0.39374864  0.49196047  0.49170272  0.5668527   0.61204733
  0.70870111  0.84852087  1.0025444 ]  max|de|= 0.00653  lindep= 0.849
davidson 39 15  |r|=  0.2  e= [ 0.34130614  0.39374864  0.49196021  0.49170272  0.5668527   0.61204733
  0.70870095  0.84758761  0.98892641]  max|de|= -0.0136  lindep= 0.618
davidson 40 19  |r|= 0.154  e= [ 0.34130617  0.39374864  0.49195933  0.49170272  0.5668527   0.61204733
  0.70870124  0.8472643   1.0127408 ]  max|de|= 0.0238  lindep= 0.648
davidson 41 23  |r|= 0.0505  e= [ 0.34130625  0.39374865  0.49195967  0.49170272  0.5668527   0.61204733
  0.70870136  0.84746188  0.99995214]  max|de|= -0.0128  lindep= 0.694
root 6 converged  |r|= 1.03e-05  e= 0.708701316106  max|de|= -4.15e-08
davidson 42 27  |r|= 0.183  e= [ 0.34130624  0.39374866  0.49195978  0.49170272  0.5668527   0.61204733
  0.70870132  0.84641764  1.00450142]  max|de|= 0.00455  lindep= 0.913
root 2 converged  |r|= 2.45e-07  e= 0.491959758199  max|de|= -1.98e-08
davidson 43 30  |r|= 0.133  e= [ 0.34130625  0.39374866  0.49195976  0.49170272  0.5668527   0.61204733
  0.7087013   0.84847746  1.0141711 ]  max|de|= 0.00967  lindep= 0.92
davidson 44 32  |r|= 0.0678  e= [ 0.34130625  0.39374866  0.49195976  0.49170272  0.5668527   0.61204733
  0.7087013   0.84804675  0.998454  ]  max|de|= -0.0157  lindep=  0.9
davidson 45 34  |r|= 0.0564  e= [ 0.34130625  0.39374866  0.49195976  0.49170272  0.5668527   0.61204732
  0.7087013   0.84791684  0.99726081]  max|de|= -0.00119  lindep= 0.919
davidson 46 36  |r|= 0.159  e= [ 0.34130625  0.39374866  0.49195976  0.49170272  0.5668527   0.61204732
  0.7087013   0.84783668  1.0199972 ]  max|de|= 0.0227  lindep=  0.9
davidson 47 38  |r|= 0.0597  e= [ 0.34130625  0.39374866  0.49195976  0.49170272  0.5668527   0.61204732
  0.7087013   0.84774164  0.99685406]  max|de|= -0.0231  lindep= 0.917
davidson 48 40  |r|= 0.0493  e= [ 0.34130625  0.39374866  0.49195976  0.49170272  0.5668527   0.61204733
  0.70870131  0.84796123  0.99450713]  max|de|= -0.00235  lindep= 0.923
davidson 49 9  |r|= 0.0493  e= [ 0.34130625  0.39374866  0.49195976  0.49170272  0.5668527   0.61204733
  0.70870131  0.84796123  0.99450713]  max|de|= -3.39e-15  lindep= 0.998
IP root 0 E = 0.3413062461541176  qpwt = 0.965354  conv = True
IP root 1 E = 0.3937486565382618  qpwt = 0.962351  conv = True
IP root 2 E = 0.4919597574270753  qpwt = 0.927188  conv = True
IP root 3 E = 0.4917027217951196  qpwt = 0.955447  conv = True
IP root 4 E = 0.5668526981956402  qpwt = 0.943473  conv = True
IP root 5 E = 0.6120473252320662  qpwt = 0.929654  conv = True
IP root 6 E = 0.708701312558396  qpwt = 0.894913  conv = True
IP root 7 E = 0.8479612341133976  qpwt = 0.637571  conv = False
IP root 8 E = 0.9945071340858622  qpwt = 0.208713  conv = False
    CPU time for IP-CCSD     13.93 sec, wall time     13.95 sec
    CPU time for EOM-CCSD shared one-electron intermediates      0.36 sec, wall time      0.36 sec
    CPU time for EOM-CCSD EA intermediates     78.71 sec, wall time     78.93 sec
tol 1e-07  toloose 0.000316228
max_cycle 50  max_space 56  max_memory 2000  incore True
davidson 0 12  |r|= 0.343  e= [ 0.16167067  0.17453451  0.19753212  0.21741014  0.22350054  0.27655027
  0.29709245  0.33301707  0.33866077  0.37396887  0.39767158  0.40836929]  max|de|= 0.408  lindep=    1
davidson 1 24  |r|= 0.075  e= [ 0.08186077  0.13366466  0.1601718   0.16579122  0.18562729  0.23274019
  0.26026235  0.28656713  0.28831796  0.32865675  0.34564864  0.36048585]  max|de|= -0.0798  lindep= 0.969
davidson 2 36  |r|= 0.0297  e= [ 0.07427378  0.13039144  0.15698358  0.16084243  0.18400606  0.23004494
  0.2578877   0.28443697  0.28605599  0.32548658  0.34224709  0.3574428 ]  max|de|= -0.00759  lindep= 0.908
davidson 3 48  |r|= 0.0255  e= [ 0.07436544  0.13034758  0.15696982  0.16052813  0.18395449  0.2299411
  0.25777318  0.28436952  0.28630021  0.32502992  0.34161171  0.35690205]  max|de|= -0.000635  lindep= 0.876
davidson 4 12  |r|= 0.0255  e= [ 0.07436544  0.13034758  0.15696982  0.16052813  0.18395449  0.2299411
  0.25777318  0.28436952  0.28630021  0.32502992  0.34161171  0.35690205]  max|de|= -3.11e-15  lindep= 0.999
davidson 5 24  |r|= 0.0145  e= [ 0.07422304  0.13032228  0.15696083  0.16043244  0.18395795  0.22991182
  0.25773936  0.2843304   0.28620438  0.32485217  0.34086339  0.3564868 ]  max|de|= -0.000748  lindep= 0.801
davidson 6 36  |r|= 0.0166  e= [ 0.07427755  0.13034541  0.15698515  0.16047485  0.1839681   0.22993849
  0.25776376  0.28434338  0.28623501  0.32484027  0.34042136  0.35635427]  max|de|= -0.000442  lindep= 0.748
davidson 7 48  |r|= 0.0115  e= [ 0.07428666  0.1303469   0.15698811  0.16047472  0.18396898  0.2299456
  0.25776981  0.28435331  0.28627498  0.3249002   0.34057581  0.35653354]  max|de|= 0.000179  lindep= 0.754
root 0 converged  |r|= 9.08e-05  e= 0.074286659601  max|de|= -5.27e-16
root 1 converged  |r|= 7.28e-05  e= 0.13034689793  max|de|= 1.58e-15
root 2 converged  |r|= 0.000101  e= 0.156988107007  max|de|= -6.94e-16
root 3 converged  |r|= 0.00019  e= 0.160474720605  max|de|= 2.5e-16
root 4 converged  |r|= 8.27e-05  e= 0.183968984964  max|de|= 1.3e-15
root 5 converged  |r|= 0.000243  e= 0.22994559928  max|de|= 1.39e-15
root 6 converged  |r|= 0.000201  e= 0.257769806431  max|de|= -1.28e-15
davidson 8 12  |r|= 0.0115  e= [ 0.07428666  0.1303469   0.15698811  0.16047472  0.18396898  0.2299456
  0.25776981  0.28435331  0.28627498  0.3249002   0.34057581  0.35653354]  max|de|= -1.94e-15  lindep= 0.876
davidson 9 17  |r|= 0.00488  e= [ 0.07428613  0.13034613  0.15698707  0.16046958  0.18396843  0.22994038
  0.2577683   0.28433683  0.28622561  0.32478655  0.33996762  0.35617304]  max|de|= -0.000608  lindep= 0.708
davidson 10 29  |r|= 0.00278  e= [ 0.0742799   0.13034285  0.15698192  0.16046506  0.18396565  0.22993323
  0.25775697  0.28433823  0.28622546  0.32480075  0.34003197  0.35620875]  max|de|= 6.44e-05  lindep= 0.762
davidson 11 41  |r|= 0.00244  e= [ 0.07428169  0.13034316  0.15698235  0.16046615  0.18396597  0.22993369
  0.25775773  0.28433915  0.28623052  0.32480733  0.34007515  0.35625078]  max|de|= 4.32e-05  lindep= 0.828
root 0 converged  |r|= 1.74e-06  e= 0.0742815964319  max|de|= -9.12e-08
root 1 converged  |r|= 1.2e-06  e= 0.130343167067  max|de|= 7.11e-09
root 2 converged  |r|= 2.53e-06  e= 0.156982429326  max|de|= 8.31e-08
root 4 converged  |r|= 1.99e-06  e= 0.183966019742  max|de|= 4.91e-08
davidson 12 53  |r|= 0.00176  e= [ 0.0742816   0.13034317  0.15698243  0.16046596  0.18396602  0.229934
  0.25775819  0.28433882  0.28622956  0.32480234  0.34002349  0.35620653]  max|de|= -5.17e-05  lindep= 0.879
root 3 converged  |r|= 2.37e-06  e= 0.16046596339  max|de|= -6.66e-16
root 5 converged  |r|= 6.59e-06  e= 0.229933995612  max|de|= 3.05e-16
root 6 converged  |r|= 9.35e-06  e= 0.257758185612  max|de|= 2.33e-15
root 7 converged  |r|= 1.4e-05  e= 0.284338824573  max|de|= -2.94e-15
root 8 converged  |r|= 2.82e-05  e= 0.286229561441  max|de|= 7.77e-16
root 9 converged  |r|= 0.000141  e= 0.324802335817  max|de|= -2.33e-15
davidson 13 12  |r|= 0.00176  e= [ 0.0742816   0.13034317  0.15698243  0.16046596  0.18396602  0.229934
  0.25775819  0.28433882  0.28622956  0.32480234  0.34002349  0.35620653]  max|de|= -2.94e-15  lindep= 0.988
davidson 14 14  |r|= 0.0011  e= [ 0.07428159  0.13034317  0.15698243  0.16046597  0.18396602  0.22993399
  0.25775819  0.28433887  0.28622954  0.32480269  0.34004858  0.35622321]  max|de|= 2.51e-05  lindep= 0.821
davidson 15 17  |r|= 0.000755  e= [ 0.0742816   0.13034317  0.15698243  0.16046597  0.18396602  0.229934
  0.2577582   0.2843389   0.28622954  0.32480392  0.34002316  0.3562171 ]  max|de|= -2.54e-05  lindep= 0.839
davidson 16 20  |r|= 0.000706  e= [ 0.0742816   0.13034317  0.15698243  0.16046597  0.18396602  0.229934
  0.2577582   0.2843389   0.28622962  0.32480282  0.34003737  0.35621231]  max|de|= 1.42e-05  lindep= 0.627
davidson 17 23  |r|= 0.000436  e= [ 0.07428161  0.13034317  0.15698243  0.16046597  0.18396602  0.229934
  0.25775819  0.28433889  0.28622964  0.32480298  0.34002817  0.35621999]  max|de|= -9.2e-06  lindep= 0.827
davidson 18 26  |r|= 0.00033  e= [ 0.07428161  0.13034317  0.15698243  0.16046597  0.18396602  0.229934
  0.25775819  0.28433888  0.28622964  0.32480328  0.34003685  0.35621454]  max|de|= 8.68e-06  lindep= 0.661
davidson 19 29  |r|= 0.000197  e= [ 0.0742816   0.13034317  0.15698243  0.16046597  0.18396602  0.229934
  0.25775819  0.28433889  0.28622967  0.32480303  0.34002708  0.35621601]  max|de|= -9.77e-06  lindep= 0.865
root 9 converged  |r|= 1.35e-06  e= 0.324803079837  max|de|= 5.01e-08
root 11 converged  |r|= 2.25e-05  e= 0.356216061844  max|de|= 5.19e-08
davidson 20 32  |r|= 0.000146  e= [ 0.07428161  0.13034317  0.15698243  0.16046597  0.18396602  0.22993399
  0.25775819  0.28433888  0.28622969  0.32480308  0.34003353  0.35621606]  max|de|= 6.44e-06  lindep= 0.878
davidson 21 33  |r|= 5.32e-05  e= [ 0.07428161  0.13034317  0.15698243  0.16046597  0.18396602  0.22993399
  0.25775819  0.28433888  0.28622963  0.32480308  0.34003257  0.35621606]  max|de|= -9.59e-07  lindep= 0.925
davidson 22 34  |r|= 2.47e-05  e= [ 0.07428161  0.13034317  0.15698243  0.16046597  0.18396602  0.22993399
  0.25775819  0.28433888  0.28622963  0.32480308  0.34003213  0.35621606]  max|de|= -4.37e-07  lindep= 0.874
davidson 23 35  |r|= 2.52e-05  e= [ 0.07428161  0.13034317  0.15698243  0.16046597  0.18396602  0.22993399
  0.25775819  0.28433888  0.28622965  0.32480308  0.34003235  0.35621606]  max|de|= 2.15e-07  lindep= 0.873
root 10 converged  |r|= 7.14e-06  e= 0.340032259127  max|de|= -8.69e-08
converge 24 36  |r|= 2.5e-05  e= [ 0.07428161  0.13034317  0.15698243  0.16046597  0.18396602  0.22993399
  0.25775819  0.28433888  0.28622967  0.32480308  0.34003226  0.35621606]  max|de|= -8.69e-08
EA root 0 E = 0.07428160834127623  qpwt = 0.962984  conv = True
EA root 1 E = 0.1303431713248578  qpwt = 0.979169  conv = True
EA root 2 E = 0.1569824330126726  qpwt = 0.978561  conv = True
EA root 3 E = 0.1604659705649201  qpwt = 0.973065  conv = True
EA root 4 E = 0.1839660232497199  qpwt = 0.980025  conv = True
EA root 5 E = 0.2299339930766739  qpwt = 0.977811  conv = True
EA root 6 E = 0.2577581853264733  qpwt = 0.98068  conv = True
EA root 7 E = 0.2843388833127239  qpwt = 0.976362  conv = True
EA root 8 E = 0.2862296692482475  qpwt = 0.963426  conv = True
EA root 9 E = 0.32480307983731  qpwt = 0.972261  conv = True
EA root 10 E = 0.3400322591267838  qpwt = 0.955802  conv = True
EA root 11 E = 0.3562160618442828  qpwt = 0.965854  conv = True
    CPU time for EA-CCSD    475.41 sec, wall time    476.12 sec
