

******** <class 'pyscf.scf.hf.RHF'> flags ********
method = RHF
initial guess = minao
damping factor = 0
level shift factor = 0
DIIS = <class 'pyscf.scf.diis.CDIIS'>
DIIS start cycle = 1
DIIS space = 8
SCF tol = 1e-09
SCF gradient tol = None
max. SCF cycles = 50
direct_scf = True
direct_scf_tol = 1e-13
chkfile to save SCF result = /tmp/tmpQKkurj
max_memory 4000 MB (current use 75 MB)
Set gradient conv threshold to 3.16228e-05
Nelec from initial guess = 33.9943898051
cond(S) = 442.330124008
E_coul = 427.454041557036
init E= -919.080613712195
    CPU time for initialize scf      0.49 sec, wall time      0.51 sec
  HOMO = -0.355914606440644  LUMO = -0.117832155433679
  mo_energy =
[-104.85271386 -104.85269624  -10.61626565  -10.61531432   -8.07474177
   -8.07411634   -8.07267187   -8.07267187   -8.072595     -8.072595
   -1.33424951   -0.99928262   -0.61487601   -0.54302226   -0.54302226
   -0.35591461   -0.35591461   -0.11783216    0.39100794    0.40767115
    0.45088906    0.45088906    0.48010318    0.48010318    0.50888441
    0.50888441    0.53463146    0.53463146    0.59997364    0.64963851
    0.64963851    0.80567772    0.84080723    0.86100334    0.86100334
    1.30820333    1.96139274    1.96139274    2.01316847    2.04203111
    2.04203111    2.04733978    2.04733978    2.10609898    2.11893511
    2.11893511    2.12175273    2.12175273    2.22300154    2.22300154
    2.33156235    2.33156235    2.37560732    2.37560732    2.47036156
    2.47036156    2.48762035    2.50458305    2.50458305    2.51906965
    2.53430955    2.53430955    2.71063235    3.08268391    3.08268391
    4.11171588    8.56413862    8.56413862    8.60817284    8.60817284
    8.6121318     8.6121318     8.66250489    8.68448754    8.68448754
    8.79168846   11.37997525   11.37997525   11.45994367   11.45994367
   11.55823748   11.9515324    24.6090397    25.26690826]
E_coul = 425.621678772833
cycle= 1 E= -918.965059329228  delta_E= 0.116  |g|= 0.28  |ddm|= 1.29
    CPU time for cycle= 1      0.04 sec, wall time      0.04 sec
diis-norm(errvec)=0.715401
diis-c [-0.51179869  1.        ]
  HOMO = -0.464146274019153  LUMO = 0.0108310443252206
  mo_energy =
[ -1.04960628e+02  -1.04960625e+02  -1.06739237e+01  -1.06737560e+01
  -8.14275865e+00  -8.14250818e+00  -8.13766287e+00  -8.13766287e+00
  -8.13765198e+00  -8.13765198e+00  -1.25996323e+00  -1.03704247e+00
  -6.23975564e-01  -5.97885921e-01  -5.97885921e-01  -4.64146274e-01
  -4.64146274e-01   1.08310443e-02   3.66321158e-01   4.13480886e-01
   4.27652239e-01   4.27652239e-01   4.66546418e-01   4.66546418e-01
   5.03526323e-01   5.03526323e-01   5.19635912e-01   5.19635912e-01
   5.97379901e-01   6.35331917e-01   6.35331917e-01   7.91057075e-01
   8.31520042e-01   8.50534877e-01   8.50534877e-01   1.29299331e+00
   1.95018286e+00   1.95018286e+00   1.96987880e+00   2.00429889e+00
   2.00429889e+00   2.03429020e+00   2.03429020e+00   2.07544134e+00
   2.08283196e+00   2.08283196e+00   2.08572342e+00   2.08572342e+00
   2.19958100e+00   2.19958100e+00   2.33107424e+00   2.33107424e+00
   2.37547895e+00   2.37547895e+00   2.45718568e+00   2.45718568e+00
   2.46440238e+00   2.48888404e+00   2.49498631e+00   2.49498631e+00
   2.51797001e+00   2.51797001e+00   2.65354340e+00   3.05226988e+00
   3.05226988e+00   4.06667267e+00   8.52958656e+00   8.52958656e+00
   8.55783875e+00   8.55783875e+00   8.57429710e+00   8.57429710e+00
   8.60299256e+00   8.63145951e+00   8.63145951e+00   8.73482562e+00
   1.13322873e+01   1.13322873e+01   1.14131002e+01   1.14131002e+01
   1.14914633e+01   1.18896893e+01   2.45581962e+01   2.52174018e+01]
E_coul = 427.759663670689
cycle= 2 E= -918.980002204062  delta_E= -0.0149  |g|= 0.136  |ddm|= 0.225
    CPU time for cycle= 2      0.04 sec, wall time      0.04 sec
diis-norm(errvec)=0.312566
diis-c [-0.03021678  0.27237271  0.72762729]
  HOMO = -0.441587550601894  LUMO = 0.0396239390160761
  mo_energy =
[ -1.04892395e+02  -1.04892393e+02  -1.06185073e+01  -1.06183413e+01
  -8.08571825e+00  -8.08545428e+00  -8.08233574e+00  -8.08233574e+00
  -8.08232745e+00  -8.08232745e+00  -1.21718479e+00  -1.01501657e+00
  -5.95985144e-01  -5.68687767e-01  -5.68687767e-01  -4.41587551e-01
  -4.41587551e-01   3.96239390e-02   3.86700833e-01   4.17317804e-01
   4.51589875e-01   4.51589875e-01   4.84262355e-01   4.84262355e-01
   5.14660975e-01   5.14660975e-01   5.45724261e-01   5.45724261e-01
   6.07339066e-01   6.57945345e-01   6.57945345e-01   8.24227835e-01
   8.56328956e-01   8.71895072e-01   8.71895072e-01   1.31234070e+00
   1.98183512e+00   1.98183512e+00   2.00390976e+00   2.04183188e+00
   2.04183188e+00   2.06687475e+00   2.06687475e+00   2.09699087e+00
   2.11607629e+00   2.11607629e+00   2.12161985e+00   2.12161985e+00
   2.23070768e+00   2.23070768e+00   2.35830454e+00   2.35830454e+00
   2.40232390e+00   2.40232390e+00   2.48334255e+00   2.48334255e+00
   2.48725027e+00   2.51807659e+00   2.51807659e+00   2.52126018e+00
   2.54608568e+00   2.54608568e+00   2.70420163e+00   3.08507351e+00
   3.08507351e+00   4.10368688e+00   8.57742886e+00   8.57742886e+00
   8.60632954e+00   8.60632954e+00   8.62163742e+00   8.62163742e+00
   8.65091342e+00   8.67889570e+00   8.67889570e+00   8.78060332e+00
   1.13804462e+01   1.13804462e+01   1.14610562e+01   1.14610562e+01
   1.15437322e+01   1.19396996e+01   2.46077117e+01   2.52662431e+01]
E_coul = 427.128182481673
cycle= 3 E= -918.982791523316  delta_E= -0.00279  |g|= 0.0207  |ddm|= 0.0747
    CPU time for cycle= 3      0.05 sec, wall time      0.04 sec
diis-norm(errvec)=0.0576433
diis-c [ -1.14716521e-03  -1.03125185e-01  -1.07848777e-01   1.21097396e+00]
  HOMO = -0.441345256540535  LUMO = 0.0438441509202414
  mo_energy =
[ -1.04891439e+02  -1.04891436e+02  -1.06167067e+01  -1.06165403e+01
  -8.08346552e+00  -8.08319581e+00  -8.08107426e+00  -8.08107426e+00
  -8.08106717e+00  -8.08106717e+00  -1.21672961e+00  -1.01305457e+00
  -5.95600823e-01  -5.68123749e-01  -5.68123749e-01  -4.41345257e-01
  -4.41345257e-01   4.38441509e-02   3.86395746e-01   4.19667026e-01
   4.52230905e-01   4.52230905e-01   4.84432190e-01   4.84432190e-01
   5.15449631e-01   5.15449631e-01   5.46302908e-01   5.46302908e-01
   6.09906485e-01   6.58764394e-01   6.58764394e-01   8.25191844e-01
   8.57477224e-01   8.73606182e-01   8.73606182e-01   1.31359253e+00
   1.98315129e+00   1.98315129e+00   2.00529267e+00   2.04322047e+00
   2.04322047e+00   2.06804065e+00   2.06804065e+00   2.09968652e+00
   2.11786099e+00   2.11786099e+00   2.12300382e+00   2.12300382e+00
   2.23210885e+00   2.23210885e+00   2.35931576e+00   2.35931576e+00
   2.40335374e+00   2.40335374e+00   2.48454308e+00   2.48454308e+00
   2.49012063e+00   2.51965351e+00   2.51965351e+00   2.52310326e+00
   2.54756461e+00   2.54756461e+00   2.70577498e+00   3.08644221e+00
   3.08644221e+00   4.10563639e+00   8.57910074e+00   8.57910074e+00
   8.60814442e+00   8.60814442e+00   8.62336255e+00   8.62336255e+00
   8.65296451e+00   8.68079714e+00   8.68079714e+00   8.78266294e+00
   1.13817852e+01   1.13817852e+01   1.14623759e+01   1.14623759e+01
   1.15459886e+01   1.19418847e+01   2.46094251e+01   2.52680835e+01]
E_coul = 427.138363790387
cycle= 4 E= -918.982995094197  delta_E= -0.000204  |g|= 0.00418  |ddm|= 0.0205
    CPU time for cycle= 4      0.05 sec, wall time      0.04 sec
diis-norm(errvec)=0.0112877
diis-c [ -2.31308304e-05   4.54718781e-03   3.29798089e-03  -2.61288298e-01
   1.25344313e+00]
  HOMO = -0.442575108972737  LUMO = 0.0430282704362198
  mo_energy =
[ -1.04895065e+02  -1.04895063e+02  -1.06196216e+01  -1.06194542e+01
  -8.08657364e+00  -8.08630245e+00  -8.08397797e+00  -8.08397797e+00
  -8.08397102e+00  -8.08397102e+00  -1.21827086e+00  -1.01423155e+00
  -5.97200633e-01  -5.69151399e-01  -5.69151399e-01  -4.42575109e-01
  -4.42575109e-01   4.30282704e-02   3.85095785e-01   4.19214174e-01
   4.51557172e-01   4.51557172e-01   4.83364383e-01   4.83364383e-01
   5.15128456e-01   5.15128456e-01   5.45302464e-01   5.45302464e-01
   6.09275485e-01   6.57784016e-01   6.57784016e-01   8.23837939e-01
   8.56142061e-01   8.72453171e-01   8.72453171e-01   1.31229720e+00
   1.98167592e+00   1.98167592e+00   2.00362437e+00   2.04150441e+00
   2.04150441e+00   2.06667624e+00   2.06667624e+00   2.09798413e+00
   2.11618876e+00   2.11618876e+00   2.12139339e+00   2.12139339e+00
   2.23080625e+00   2.23080625e+00   2.35828737e+00   2.35828737e+00
   2.40233173e+00   2.40233173e+00   2.48329407e+00   2.48329407e+00
   2.48850494e+00   2.51843877e+00   2.51843877e+00   2.52150610e+00
   2.54620905e+00   2.54620905e+00   2.70363528e+00   3.08476647e+00
   3.08476647e+00   4.10377347e+00   8.57673215e+00   8.57673215e+00
   8.60556106e+00   8.60556106e+00   8.62101357e+00   8.62101357e+00
   8.65032120e+00   8.67823998e+00   8.67823998e+00   8.78004765e+00
   1.13793528e+01   1.13793528e+01   1.14599561e+01   1.14599561e+01
   1.15432140e+01   1.19391776e+01   2.46068661e+01   2.52655540e+01]
E_coul = 427.158094909104
cycle= 5 E= -918.983003902897  delta_E= -8.81e-06  |g|= 0.000783  |ddm|= 0.00423
    CPU time for cycle= 5      0.04 sec, wall time      0.04 sec
diis-norm(errvec)=0.00125568
diis-c [ -7.72846167e-07   2.05948867e-03   1.65099110e-04  -2.60764036e-02
   4.10949752e-02   9.82756841e-01]
  HOMO = -0.442380739142876  LUMO = 0.0432146243482722
  mo_energy =
[ -1.04894022e+02  -1.04894019e+02  -1.06189129e+01  -1.06187454e+01
  -8.08585851e+00  -8.08558712e+00  -8.08323018e+00  -8.08323018e+00
  -8.08322321e+00  -8.08322321e+00  -1.21803530e+00  -1.01401541e+00
  -5.96988611e-01  -5.68929410e-01  -5.68929410e-01  -4.42380739e-01
  -4.42380739e-01   4.32146243e-02   3.85175249e-01   4.19286503e-01
   4.51693284e-01   4.51693284e-01   4.83511734e-01   4.83511734e-01
   5.15206332e-01   5.15206332e-01   5.45474053e-01   5.45474053e-01
   6.09399764e-01   6.57965170e-01   6.57965170e-01   8.24016854e-01
   8.56332216e-01   8.72642952e-01   8.72642952e-01   1.31247361e+00
   1.98198423e+00   1.98198423e+00   2.00385024e+00   2.04179396e+00
   2.04179396e+00   2.06697351e+00   2.06697351e+00   2.09825574e+00
   2.11642582e+00   2.11642582e+00   2.12166764e+00   2.12166764e+00
   2.23101683e+00   2.23101683e+00   2.35849769e+00   2.35849769e+00
   2.40254236e+00   2.40254236e+00   2.48356164e+00   2.48356164e+00
   2.48875297e+00   2.51870480e+00   2.51870480e+00   2.52174101e+00
   2.54642164e+00   2.54642164e+00   2.70395383e+00   3.08499786e+00
   3.08499786e+00   4.10402885e+00   8.57729767e+00   8.57729767e+00
   8.60612407e+00   8.60612407e+00   8.62157705e+00   8.62157705e+00
   8.65088468e+00   8.67879947e+00   8.67879947e+00   8.78060298e+00
   1.13799542e+01   1.13799542e+01   1.14605564e+01   1.14605564e+01
   1.15437976e+01   1.19397549e+01   2.46074554e+01   2.52661427e+01]
E_coul = 427.152840124307
cycle= 6 E= -918.983004006701  delta_E= -1.04e-07  |g|= 0.000141  |ddm|= 0.000544
    CPU time for cycle= 6      0.04 sec, wall time      0.04 sec
diis-norm(errvec)=0.000230235
diis-c [ -1.84231886e-08  -1.13273916e-04  -3.33143839e-04   9.19445694e-03
  -4.31477318e-02  -1.96692651e-03   1.03636662e+00]
  HOMO = -0.442394956837172  LUMO = 0.0431927229249848
  mo_energy =
[ -1.04894153e+02  -1.04894151e+02  -1.06189782e+01  -1.06188107e+01
  -8.08592748e+00  -8.08565615e+00  -8.08329654e+00  -8.08329654e+00
  -8.08328959e+00  -8.08328959e+00  -1.21805317e+00  -1.01404057e+00
  -5.97005278e-01  -5.68935230e-01  -5.68935230e-01  -4.42394957e-01
  -4.42394957e-01   4.31927229e-02   3.85166632e-01   4.19271303e-01
   4.51692308e-01   4.51692308e-01   4.83503753e-01   4.83503753e-01
   5.15201203e-01   5.15201203e-01   5.45462081e-01   5.45462081e-01
   6.09382401e-01   6.57950809e-01   6.57950809e-01   8.23999755e-01
   8.56317977e-01   8.72627676e-01   8.72627676e-01   1.31245765e+00
   1.98196133e+00   1.98196133e+00   2.00383682e+00   2.04177589e+00
   2.04177589e+00   2.06695231e+00   2.06695231e+00   2.09823346e+00
   2.11641168e+00   2.11641168e+00   2.12165035e+00   2.12165035e+00
   2.23100374e+00   2.23100374e+00   2.35848149e+00   2.35848149e+00
   2.40252582e+00   2.40252582e+00   2.48354265e+00   2.48354265e+00
   2.48872893e+00   2.51868406e+00   2.51868406e+00   2.52172378e+00
   2.54640557e+00   2.54640557e+00   2.70393891e+00   3.08498236e+00
   3.08498236e+00   4.10401180e+00   8.57725086e+00   8.57725086e+00
   8.60608216e+00   8.60608216e+00   8.62153019e+00   8.62153019e+00
   8.65084424e+00   8.67875743e+00   8.67875743e+00   8.78056213e+00
   1.13799019e+01   1.13799019e+01   1.14605040e+01   1.14605040e+01
   1.15437464e+01   1.19397034e+01   2.46074028e+01   2.52660902e+01]
E_coul = 427.153131452966
cycle= 7 E= -918.983004010741  delta_E= -4.04e-09  |g|= 1.74e-05  |ddm|= 0.000145
    CPU time for cycle= 7      0.04 sec, wall time      0.04 sec
diis-norm(errvec)=3.25537e-05
diis-c [ -3.42613632e-10  -5.14913567e-05  -2.86674998e-05   2.22581450e-04
   1.29242203e-03  -1.99134862e-02  -1.08409597e-01   1.12688824e+00]
  HOMO = -0.442398051095474  LUMO = 0.0431880502551796
  mo_energy =
[ -1.04894151e+02  -1.04894148e+02  -1.06189826e+01  -1.06188151e+01
  -8.08593108e+00  -8.08565975e+00  -8.08330054e+00  -8.08330054e+00
  -8.08329359e+00  -8.08329359e+00  -1.21805788e+00  -1.01404557e+00
  -5.97007507e-01  -5.68937220e-01  -5.68937220e-01  -4.42398051e-01
  -4.42398051e-01   4.31880503e-02   3.85164600e-01   4.19269223e-01
   4.51691064e-01   4.51691064e-01   4.83501601e-01   4.83501601e-01
   5.15200092e-01   5.15200092e-01   5.45458870e-01   5.45458870e-01
   6.09379395e-01   6.57947347e-01   6.57947347e-01   8.23995799e-01
   8.56314653e-01   8.72624266e-01   8.72624266e-01   1.31245485e+00
   1.98195662e+00   1.98195662e+00   2.00383363e+00   2.04177198e+00
   2.04177198e+00   2.06694800e+00   2.06694800e+00   2.09822966e+00
   2.11640792e+00   2.11640792e+00   2.12164668e+00   2.12164668e+00
   2.23100020e+00   2.23100020e+00   2.35847739e+00   2.35847739e+00
   2.40252168e+00   2.40252168e+00   2.48353903e+00   2.48353903e+00
   2.48872511e+00   2.51868033e+00   2.51868033e+00   2.52172008e+00
   2.54640148e+00   2.54640148e+00   2.70393483e+00   3.08497830e+00
   3.08497830e+00   4.10400804e+00   8.57724527e+00   8.57724527e+00
   8.60607722e+00   8.60607722e+00   8.62152461e+00   8.62152461e+00
   8.65083953e+00   8.67875251e+00   8.67875251e+00   8.78055740e+00
   1.13798977e+01   1.13798977e+01   1.14604998e+01   1.14604998e+01
   1.15437428e+01   1.19396998e+01   2.46073981e+01   2.52660855e+01]
E_coul = 427.15314555149
cycle= 8 E= -918.983004010861  delta_E= -1.19e-10  |g|= 3.23e-06  |ddm|= 2.99e-05
    CPU time for cycle= 8      0.04 sec, wall time      0.04 sec
  HOMO = -0.442397384887443  LUMO = 0.0431885603024961
  mo_energy =
[ -1.04894150e+02  -1.04894147e+02  -1.06189810e+01  -1.06188135e+01
  -8.08592934e+00  -8.08565801e+00  -8.08329885e+00  -8.08329885e+00
  -8.08329190e+00  -8.08329190e+00  -1.21805691e+00  -1.01404498e+00
  -5.97006312e-01  -5.68936399e-01  -5.68936399e-01  -4.42397385e-01
  -4.42397385e-01   4.31885603e-02   3.85165068e-01   4.19269409e-01
   4.51691604e-01   4.51691604e-01   4.83502164e-01   4.83502164e-01
   5.15200405e-01   5.15200405e-01   5.45459636e-01   5.45459636e-01
   6.09379741e-01   6.57948066e-01   6.57948066e-01   8.23996551e-01
   8.56315259e-01   8.72624894e-01   8.72624894e-01   1.31245545e+00
   1.98195771e+00   1.98195771e+00   2.00383451e+00   2.04177303e+00
   2.04177303e+00   2.06694911e+00   2.06694911e+00   2.09823034e+00
   2.11640876e+00   2.11640876e+00   2.12164770e+00   2.12164770e+00
   2.23100107e+00   2.23100107e+00   2.35847830e+00   2.35847830e+00
   2.40252259e+00   2.40252259e+00   2.48353991e+00   2.48353991e+00
   2.48872576e+00   2.51868115e+00   2.51868115e+00   2.52172094e+00
   2.54640229e+00   2.54640229e+00   2.70393603e+00   3.08497914e+00
   3.08497914e+00   4.10400894e+00   8.57724691e+00   8.57724691e+00
   8.60607874e+00   8.60607874e+00   8.62152623e+00   8.62152623e+00
   8.65084100e+00   8.67875401e+00   8.67875401e+00   8.78055882e+00
   1.13798992e+01   1.13798992e+01   1.14605013e+01   1.14605013e+01
   1.15437442e+01   1.19397012e+01   2.46073996e+01   2.52660870e+01]
E_coul = 427.153133793302
Extra cycle  E= -918.983004010862  delta_E= -1.36e-12  |g|= 9.13e-07  |ddm|= 3.41e-06
    CPU time for scf_cycle      0.88 sec, wall time      0.89 sec
    CPU time for SCF      0.88 sec, wall time      0.99 sec
converged SCF energy = -918.983004010862
RHF E = -918.983004011
RHF eps = [ -1.04894150e+02  -1.04894147e+02  -1.06189810e+01  -1.06188135e+01
  -8.08592934e+00  -8.08565801e+00  -8.08329885e+00  -8.08329885e+00
  -8.08329190e+00  -8.08329190e+00  -1.21805691e+00  -1.01404498e+00
  -5.97006312e-01  -5.68936399e-01  -5.68936399e-01  -4.42397385e-01
  -4.42397385e-01   4.31885603e-02   3.85165068e-01   4.19269409e-01
   4.51691604e-01   4.51691604e-01   4.83502164e-01   4.83502164e-01
   5.15200405e-01   5.15200405e-01   5.45459636e-01   5.45459636e-01
   6.09379741e-01   6.57948066e-01   6.57948066e-01   8.23996551e-01
   8.56315259e-01   8.72624894e-01   8.72624894e-01   1.31245545e+00
   1.98195771e+00   1.98195771e+00   2.00383451e+00   2.04177303e+00
   2.04177303e+00   2.06694911e+00   2.06694911e+00   2.09823034e+00
   2.11640876e+00   2.11640876e+00   2.12164770e+00   2.12164770e+00
   2.23100107e+00   2.23100107e+00   2.35847830e+00   2.35847830e+00
   2.40252259e+00   2.40252259e+00   2.48353991e+00   2.48353991e+00
   2.48872576e+00   2.51868115e+00   2.51868115e+00   2.52172094e+00
   2.54640229e+00   2.54640229e+00   2.70393603e+00   3.08497914e+00
   3.08497914e+00   4.10400894e+00   8.57724691e+00   8.57724691e+00
   8.60607874e+00   8.60607874e+00   8.62152623e+00   8.62152623e+00
   8.65084100e+00   8.67875401e+00   8.67875401e+00   8.78055882e+00
   1.13798992e+01   1.13798992e+01   1.14605013e+01   1.14605013e+01
   1.15437442e+01   1.19397012e+01   2.46073996e+01   2.52660870e+01]
    CPU time for CCSD integral transformation      5.35 sec, wall time      5.36 sec

******** <class 'pyscf.cc.rccsd.RCCSD'> flags ********
CCSD nocc = 7, nvir = 67
frozen orbitals [0, 1, 2, 3, 4, 5, 6, 7, 8, 9]
max_cycle = 200
direct = 0
conv_tol = 1e-07
conv_tol_normt = 1e-05
diis_space = 6
diis_start_cycle = 0
diis_start_energy_diff = 1e+09
max_memory 4000 MB (current use 185 MB)
Init t2, MP2 energy = -0.379441094465102
    CPU time for init mp2      0.01 sec, wall time      0.01 sec
    CPU time for vvvv-tau      0.00 sec, wall time      0.00 sec
    CPU time for vvvv [0:67]      0.05 sec, wall time      0.05 sec
    CPU time for vvvv      0.67 sec, wall time      0.67 sec
    CPU time for woooo      0.00 sec, wall time      0.00 sec
max_memory 3805 MB,  nocc,nvir = 7,67  blksize = 7,67
    CPU time for ovvv [0:7]      0.21 sec, wall time      0.22 sec
    CPU time for wOVov [0:7]      0.22 sec, wall time      0.22 sec
    CPU time for woVoV [0:7]      0.13 sec, wall time      0.12 sec
    CPU time for contract occ [0:7]      0.66 sec, wall time      0.66 sec
    CPU time for contract loop      1.33 sec, wall time      1.33 sec
    CPU time for update t1 t2      1.35 sec, wall time      1.35 sec
istep = 0  E(CCSD) = -0.401617723548935  dE = -0.401617724  norm(t1,t2) = 0.0720884
    CPU time for CCSD iter      1.35 sec, wall time      1.36 sec
    CPU time for vvvv-tau      0.00 sec, wall time      0.00 sec
    CPU time for vvvv [0:67]      0.05 sec, wall time      0.05 sec
    CPU time for vvvv      0.67 sec, wall time      0.67 sec
    CPU time for woooo      0.00 sec, wall time      0.00 sec
max_memory 3805 MB,  nocc,nvir = 7,67  blksize = 7,67
    CPU time for ovvv [0:7]      0.21 sec, wall time      0.21 sec
    CPU time for wOVov [0:7]      0.23 sec, wall time      0.22 sec
    CPU time for woVoV [0:7]      0.12 sec, wall time      0.12 sec
    CPU time for contract occ [0:7]      0.66 sec, wall time      0.66 sec
    CPU time for contract loop      1.33 sec, wall time      1.32 sec
    CPU time for update t1 t2      1.35 sec, wall time      1.34 sec
DIIS for step 1
istep = 1  E(CCSD) = -0.410181930820799  dE = -0.00856420727  norm(t1,t2) = 0.021891
    CPU time for CCSD iter      1.35 sec, wall time      1.35 sec
    CPU time for vvvv-tau      0.00 sec, wall time      0.00 sec
    CPU time for vvvv [0:67]      0.05 sec, wall time      0.05 sec
    CPU time for vvvv      0.67 sec, wall time      0.67 sec
    CPU time for woooo      0.00 sec, wall time      0.00 sec
max_memory 3805 MB,  nocc,nvir = 7,67  blksize = 7,67
    CPU time for ovvv [0:7]      0.22 sec, wall time      0.22 sec
    CPU time for wOVov [0:7]      0.23 sec, wall time      0.22 sec
    CPU time for woVoV [0:7]      0.12 sec, wall time      0.12 sec
    CPU time for contract occ [0:7]      0.66 sec, wall time      0.66 sec
    CPU time for contract loop      1.33 sec, wall time      1.33 sec
    CPU time for update t1 t2      1.35 sec, wall time      1.35 sec
diis-c [ -3.31472803e-05   1.00000000e+00]
DIIS for step 2
istep = 2  E(CCSD) = -0.411694437869219  dE = -0.00151250705  norm(t1,t2) = 0.0088868
    CPU time for CCSD iter      1.36 sec, wall time      1.36 sec
    CPU time for vvvv-tau      0.00 sec, wall time      0.00 sec
    CPU time for vvvv [0:67]      0.05 sec, wall time      0.05 sec
    CPU time for vvvv      0.67 sec, wall time      0.67 sec
    CPU time for woooo      0.00 sec, wall time      0.00 sec
max_memory 3804 MB,  nocc,nvir = 7,67  blksize = 7,67
    CPU time for ovvv [0:7]      0.22 sec, wall time      0.22 sec
    CPU time for wOVov [0:7]      0.22 sec, wall time      0.23 sec
    CPU time for woVoV [0:7]      0.12 sec, wall time      0.12 sec
    CPU time for contract occ [0:7]      0.66 sec, wall time      0.66 sec
    CPU time for contract loop      1.33 sec, wall time      1.34 sec
    CPU time for update t1 t2      1.35 sec, wall time      1.36 sec
diis-c [ -3.00193485e-06  -5.79402574e-01   1.57940257e+00]
DIIS for step 3
istep = 3  E(CCSD) = -0.41278630572593  dE = -0.00109186786  norm(t1,t2) = 0.00378768
    CPU time for CCSD iter      1.36 sec, wall time      1.36 sec
    CPU time for vvvv-tau      0.00 sec, wall time      0.00 sec
    CPU time for vvvv [0:67]      0.05 sec, wall time      0.05 sec
    CPU time for vvvv      0.67 sec, wall time      0.67 sec
    CPU time for woooo      0.00 sec, wall time      0.00 sec
max_memory 3802 MB,  nocc,nvir = 7,67  blksize = 7,67
    CPU time for ovvv [0:7]      0.22 sec, wall time      0.22 sec
    CPU time for wOVov [0:7]      0.22 sec, wall time      0.22 sec
    CPU time for woVoV [0:7]      0.12 sec, wall time      0.12 sec
    CPU time for contract occ [0:7]      0.66 sec, wall time      0.66 sec
    CPU time for contract loop      1.33 sec, wall time      1.33 sec
    CPU time for update t1 t2      1.35 sec, wall time      1.35 sec
diis-c [ -2.12405531e-07  -1.53956901e-01   2.18153238e-01   9.35803663e-01]
DIIS for step 4
istep = 4  E(CCSD) = -0.412777608732221  dE = 8.69699371e-06  norm(t1,t2) = 0.000963176
    CPU time for CCSD iter      1.36 sec, wall time      1.36 sec
    CPU time for vvvv-tau      0.00 sec, wall time      0.00 sec
    CPU time for vvvv [0:67]      0.05 sec, wall time      0.05 sec
    CPU time for vvvv      0.67 sec, wall time      0.67 sec
    CPU time for woooo      0.00 sec, wall time      0.00 sec
max_memory 3800 MB,  nocc,nvir = 7,67  blksize = 7,67
    CPU time for ovvv [0:7]      0.22 sec, wall time      0.22 sec
    CPU time for wOVov [0:7]      0.23 sec, wall time      0.22 sec
    CPU time for woVoV [0:7]      0.12 sec, wall time      0.12 sec
    CPU time for contract occ [0:7]      0.67 sec, wall time      0.67 sec
    CPU time for contract loop      1.34 sec, wall time      1.34 sec
    CPU time for update t1 t2      1.36 sec, wall time      1.36 sec
diis-c [ -1.30650467e-08   1.39166263e-01  -2.59406929e-01  -5.84845140e-01
   1.70508581e+00]
DIIS for step 5
istep = 5  E(CCSD) = -0.412722873035551  dE = 5.47356967e-05  norm(t1,t2) = 0.000285515
    CPU time for CCSD iter      1.37 sec, wall time      1.37 sec
    CPU time for vvvv-tau      0.00 sec, wall time      0.00 sec
    CPU time for vvvv [0:67]      0.05 sec, wall time      0.05 sec
    CPU time for vvvv      0.67 sec, wall time      0.67 sec
    CPU time for woooo      0.00 sec, wall time      0.00 sec
max_memory 3799 MB,  nocc,nvir = 7,67  blksize = 7,67
    CPU time for ovvv [0:7]      0.22 sec, wall time      0.22 sec
    CPU time for wOVov [0:7]      0.23 sec, wall time      0.22 sec
    CPU time for woVoV [0:7]      0.12 sec, wall time      0.12 sec
    CPU time for contract occ [0:7]      0.67 sec, wall time      0.67 sec
    CPU time for contract loop      1.34 sec, wall time      1.34 sec
    CPU time for update t1 t2      1.36 sec, wall time      1.36 sec
diis-c [ -1.13210125e-09  -4.80653621e-02   9.49758991e-02   1.79507197e-01
  -7.10172851e-01   1.48375512e+00]
DIIS for step 6
istep = 6  E(CCSD) = -0.41273224458053  dE = -9.37154498e-06  norm(t1,t2) = 6.51551e-05
    CPU time for CCSD iter      1.37 sec, wall time      1.37 sec
    CPU time for vvvv-tau      0.00 sec, wall time      0.00 sec
    CPU time for vvvv [0:67]      0.05 sec, wall time      0.05 sec
    CPU time for vvvv      0.67 sec, wall time      0.67 sec
    CPU time for woooo      0.00 sec, wall time      0.00 sec
max_memory 3797 MB,  nocc,nvir = 7,67  blksize = 7,67
    CPU time for ovvv [0:7]      0.23 sec, wall time      0.23 sec
    CPU time for wOVov [0:7]      0.22 sec, wall time      0.23 sec
    CPU time for woVoV [0:7]      0.12 sec, wall time      0.12 sec
    CPU time for contract occ [0:7]      0.67 sec, wall time      0.68 sec
    CPU time for contract loop      1.34 sec, wall time      1.35 sec
    CPU time for update t1 t2      1.37 sec, wall time      1.37 sec
diis-c [ -7.62853392e-11  -1.60015694e-02   3.01509794e-02   6.68250896e-02
  -1.94513314e-01   2.76861965e-02   1.08585262e+00]
DIIS for step 7
istep = 7  E(CCSD) = -0.412732986010914  dE = -7.41430383e-07  norm(t1,t2) = 1.94919e-05
    CPU time for CCSD iter      1.37 sec, wall time      1.38 sec
    CPU time for vvvv-tau      0.00 sec, wall time      0.00 sec
    CPU time for vvvv [0:67]      0.05 sec, wall time      0.05 sec
    CPU time for vvvv      0.69 sec, wall time      0.68 sec
    CPU time for woooo      0.00 sec, wall time      0.00 sec
max_memory 3795 MB,  nocc,nvir = 7,67  blksize = 7,67
    CPU time for ovvv [0:7]      0.22 sec, wall time      0.23 sec
    CPU time for wOVov [0:7]      0.23 sec, wall time      0.23 sec
    CPU time for woVoV [0:7]      0.12 sec, wall time      0.12 sec
    CPU time for contract occ [0:7]      0.67 sec, wall time      0.68 sec
    CPU time for contract loop      1.36 sec, wall time      1.36 sec
    CPU time for update t1 t2      1.38 sec, wall time      1.38 sec
diis-c [ -8.25539637e-12   1.08799916e+00  -7.49318315e-05   1.31396461e-04
   4.84330575e-03  -2.44264050e-02  -6.84725227e-02]
DIIS for step 8
istep = 8  E(CCSD) = -0.412732661419464  dE = 3.2459145e-07  norm(t1,t2) = 5.00971e-06
    CPU time for CCSD iter      1.39 sec, wall time      1.39 sec
    CPU time for vvvv-tau      0.00 sec, wall time      0.00 sec
    CPU time for vvvv [0:67]      0.05 sec, wall time      0.05 sec
    CPU time for vvvv      0.69 sec, wall time      0.69 sec
    CPU time for woooo      0.00 sec, wall time      0.00 sec
max_memory 3794 MB,  nocc,nvir = 7,67  blksize = 7,67
    CPU time for ovvv [0:7]      0.23 sec, wall time      0.24 sec
    CPU time for wOVov [0:7]      0.24 sec, wall time      0.23 sec
    CPU time for woVoV [0:7]      0.13 sec, wall time      0.13 sec
    CPU time for contract occ [0:7]      0.70 sec, wall time      0.70 sec
    CPU time for contract loop      1.39 sec, wall time      1.39 sec
    CPU time for update t1 t2      1.41 sec, wall time      1.41 sec
diis-c [ -2.71366263e-13  -3.70370882e-01   1.41484585e+00  -3.13473886e-04
  -1.62810743e-03   2.22756804e-02  -6.48090682e-02]
DIIS for step 9
istep = 9  E(CCSD) = -0.412732502010061  dE = 1.59409402e-07  norm(t1,t2) = 1.80435e-06
    CPU time for CCSD iter      1.42 sec, wall time      1.42 sec
    CPU time for vvvv-tau      0.01 sec, wall time      0.00 sec
    CPU time for vvvv [0:67]      0.05 sec, wall time      0.05 sec
    CPU time for vvvv      0.70 sec, wall time      0.70 sec
    CPU time for woooo      0.00 sec, wall time      0.00 sec
max_memory 3794 MB,  nocc,nvir = 7,67  blksize = 7,67
    CPU time for ovvv [0:7]      0.25 sec, wall time      0.25 sec
    CPU time for wOVov [0:7]      0.23 sec, wall time      0.23 sec
    CPU time for woVoV [0:7]      0.13 sec, wall time      0.12 sec
    CPU time for contract occ [0:7]      0.71 sec, wall time      0.70 sec
    CPU time for contract loop      1.41 sec, wall time      1.40 sec
    CPU time for update t1 t2      1.43 sec, wall time      1.42 sec
diis-c [ -2.64233080e-14  -3.75006788e-02   3.13775452e-02   1.00463627e+00
  -1.45631241e-04   1.04982123e-03   5.82671272e-04]
DIIS for step 10
istep = 10  E(CCSD) = -0.41273249879731  dE = 3.21275084e-09  norm(t1,t2) = 2.90462e-07
    CPU time for CCSD iter      1.44 sec, wall time      1.43 sec
    CPU time for CCSD     15.14 sec, wall time     15.15 sec
CCSD converged
E(CCSD) = -919.3957365096593  E_corr = -0.4127324987973104
    CPU time for EOM-CCSD shared one-electron intermediates      0.02 sec, wall time      0.03 sec
    CPU time for EOM-CCSD shared two-electron intermediates      0.11 sec, wall time      0.11 sec
    CPU time for EOM-CCSD IP intermediates      0.14 sec, wall time      0.14 sec
tol 1e-07  toloose 0.000316228
max_cycle 200  max_space 221  max_memory 2000  incore True
davidson 0 7  |r|= 0.347  e= [ 0.50486665  0.50486665  0.6242095   0.6242095   0.67090913  1.05873534
  1.25347303]  max|de|= 1.25  lindep=    1
davidson 1 14  |r|= 0.161  e= [ 0.42122455  0.42122455  0.53017958  0.53017958  0.58722027  0.87251377
  1.02352929]  max|de|= -0.23  lindep= 0.952
davidson 2 19  |r|= 0.129  e= [ 0.42081718  0.42122437  0.52928238  0.53017948  0.58694339  0.86117615
  0.98950472]  max|de|= -0.034  lindep= 0.882
davidson 3 26  |r|= 0.197  e= [ 0.42099092  0.42081697  0.52944173  0.52928227  0.58729069  0.87775964
  1.07006584]  max|de|= 0.0806  lindep= 0.879
davidson 4 33  |r|= 0.202  e= [ 0.42100397  0.42099095  0.52938006  0.52944179  0.58722655  0.86618776
  1.03652712]  max|de|= -0.0335  lindep= 0.842
davidson 5 40  |r|= 0.16  e= [ 0.42100349  0.42100397  0.52937153  0.52938006  0.58719593  0.86336742
  1.0651392 ]  max|de|= 0.0286  lindep= 0.866
davidson 6 47  |r|= 0.0584  e= [ 0.42100169  0.42100349  0.52937366  0.52937153  0.58719847  0.86316434
  1.05366082]  max|de|= -0.0115  lindep= 0.906
root 0 converged  |r|= 3.56e-06  e= 0.421001687275  max|de|= -3.12e-09
root 1 converged  |r|= 4.81e-06  e= 0.42100168847  max|de|= -1.92e-09
davidson 7 54  |r|= 0.0281  e= [ 0.42100169  0.42100169  0.52937501  0.52937366  0.58719906  0.86320932
  1.0510907 ]  max|de|= -0.00257  lindep= 0.918
root 4 converged  |r|= 2.81e-06  e= 0.587199009794  max|de|= -4.99e-08
davidson 8 59  |r|= 0.0263  e= [ 0.42100169  0.42100169  0.5293752   0.52937501  0.58719901  0.86318889
  1.05050407]  max|de|= -0.000587  lindep= 0.903
root 2 converged  |r|= 3.12e-07  e= 0.529375221845  max|de|= 1.89e-08
davidson 9 63  |r|= 0.0337  e= [ 0.42100169  0.42100169  0.52937522  0.5293752   0.58719895  0.86317783
  1.05125162]  max|de|= 0.000748  lindep= 0.828
root 2 converged  |r|= 2.9e-07  e= 0.529375221849  max|de|= 1.89e-08
root 3 converged  |r|= 2.9e-07  e= 0.529375221849  max|de|= 1.89e-08
davidson 10 66  |r|= 0.0135  e= [ 0.42100169  0.42100169  0.52937522  0.52937522  0.58719898  0.86317767
  1.05060534]  max|de|= -0.000646  lindep= 0.894
davidson 11 68  |r|= 0.00988  e= [ 0.42100169  0.42100169  0.52937522  0.52937522  0.58719898  0.86323537
  1.05021938]  max|de|= -0.000386  lindep= 0.808
davidson 12 70  |r|= 0.00812  e= [ 0.42100169  0.42100169  0.52937522  0.52937522  0.58719898  0.86317877
  1.05013686]  max|de|= -8.25e-05  lindep= 0.903
davidson 13 72  |r|= 0.00476  e= [ 0.42100169  0.42100169  0.52937522  0.52937522  0.58719899  0.86317903
  1.05023555]  max|de|= 9.87e-05  lindep= 0.918
davidson 14 74  |r|= 0.00177  e= [ 0.42100169  0.42100169  0.52937522  0.52937522  0.587199    0.86317862
  1.05021484]  max|de|= -2.07e-05  lindep= 0.902
root 5 converged  |r|= 2.78e-06  e= 0.863178603198  max|de|= -1.88e-08
davidson 15 76  |r|= 0.000588  e= [ 0.42100169  0.42100169  0.52937522  0.52937522  0.587199    0.8631786
  1.05018981]  max|de|= -2.5e-05  lindep= 0.907
davidson 16 77  |r|= 0.000283  e= [ 0.42100169  0.42100169  0.52937522  0.52937522  0.58719899  0.8631786
  1.05018621]  max|de|= -3.6e-06  lindep= 0.901
davidson 17 78  |r|= 0.00216  e= [ 0.42100169  0.42100169  0.52937522  0.52937522  0.58719899  0.8631786
  1.05020464]  max|de|= 1.84e-05  lindep= 0.819
davidson 18 79  |r|= 0.00025  e= [ 0.42100169  0.42100169  0.52937522  0.52937522  0.58719899  0.8631786
  1.05018734]  max|de|= -1.73e-05  lindep= 0.894
davidson 19 80  |r|= 8.24e-05  e= [ 0.42100169  0.42100169  0.52937522  0.52937522  0.58719898  0.8631786
  1.05018959]  max|de|= 2.26e-06  lindep= 0.875
root 6 converged  |r|= 4.21e-05  e= 1.05018953223  max|de|= -6.16e-08
converge 20 81  |r|= 4.21e-05  e= [ 0.42100169  0.42100169  0.52937522  0.52937522  0.58719898  0.8631786
  1.05018953]  max|de|= -6.16e-08
IP root 0 E = 0.4210016872749345  qpwt = 0.960193  conv = True
IP root 1 E = 0.4210016884699201  qpwt = 0.960193  conv = True
IP root 2 E = 0.529375221848924  qpwt = 0.817776  conv = True
IP root 3 E = 0.529375221848924  qpwt = 0.817776  conv = True
IP root 4 E = 0.5871989822177105  qpwt = 0.956326  conv = True
IP root 5 E = 0.863178603198042  qpwt = 0.739742  conv = True
IP root 6 E = 1.050189532231691  qpwt = 0.5062  conv = True
    CPU time for IP-CCSD      2.79 sec, wall time      2.79 sec
    CPU time for EOM-CCSD shared one-electron intermediates      0.02 sec, wall time      0.03 sec
    CPU time for EOM-CCSD EA intermediates      3.60 sec, wall time      3.59 sec
tol 1e-07  toloose 0.000316228
max_cycle 200  max_space 236  max_memory 2000  incore True
davidson 0 12  |r|= 0.367  e= [ 0.08797151  0.4012708   0.43362007  0.46556575  0.46556575  0.50927385
  0.50927385  0.52581719  0.52581719  0.56947087  0.56947087  0.62173019]  max|de|= 0.622  lindep=    1
davidson 1 24  |r|= 0.0885  e= [-0.00723447  0.33783249  0.37101355  0.39619248  0.39619248  0.44130389
  0.44130389  0.47953709  0.47953709  0.48143472  0.48144526  0.53479554]  max|de|= -0.0952  lindep= 0.943
davidson 2 33  |r|= 0.0717  e= [-0.00720026  0.33471796  0.36815902  0.39341006  0.39618353  0.44132154
  0.43944125  0.47953709  0.47330736  0.47840376  0.47841344  0.52894833]  max|de|= -0.0451  lindep= 0.839
davidson 3 45  |r|= 0.0683  e= [-0.00702718  0.33452367  0.36846118  0.39345702  0.39324862  0.43936768
  0.43930089  0.47330708  0.4795651   0.4783438   0.47835077  0.5286636 ]  max|de|= 0.00626  lindep= 0.798
davidson 4 57  |r|= 0.0978  e= [-0.00708958  0.33431338  0.36847414  0.39286507  0.3926605   0.43828461
  0.43659112  0.47956341  0.47664496  0.47834847  0.47835213  0.52979439]  max|de|= 0.00626  lindep= 0.821
davidson 5 69  |r|= 0.035  e= [-0.00709123  0.33428042  0.36846777  0.39240071  0.39222082  0.44110923
  0.44131104  0.47664488  0.47640146  0.47834523  0.4783473   0.52927023]  max|de|= 0.00452  lindep= 0.865
root 0 converged  |r|= 1.46e-05  e= -0.00709127045899  max|de|= -3.89e-08
davidson 6 81  |r|= 0.0104  e= [-0.00709127  0.33428075  0.36846161  0.39216845  0.39220782  0.44081571
  0.44090172  0.47640142  0.47636961  0.47831232  0.47831357  0.52918448]  max|de|= -0.000409  lindep= 0.874
davidson 7 92  |r|= 0.00305  e= [-0.00709127  0.3342762   0.3684629   0.39215915  0.39219647  0.44076467
  0.44078645  0.47636959  0.47634979  0.4783049   0.47830563  0.52906489]  max|de|= -0.00012  lindep= 0.865
davidson 8 103  |r|= 0.00115  e= [-0.00709126  0.33427597  0.36846383  0.39217657  0.39217568  0.44076139
  0.44076435  0.4763498   0.47635392  0.47830969  0.47830974  0.52907799]  max|de|= -2.21e-05  lindep= 0.862
root 2 converged  |r|= 6.54e-06  e= 0.368463779445  max|de|= -5e-08
root 4 converged  |r|= 0.000163  e= 0.392175669592  max|de|= -9.92e-09
davidson 9 114  |r|= 0.000414  e= [-0.00709126  0.33427554  0.36846378  0.3921778   0.39217567  0.44076689
  0.44076503  0.47635392  0.47635647  0.47831041  0.47831036  0.52909015]  max|de|= 1.22e-05  lindep= 0.836
root 5 converged  |r|= 0.000187  e= 0.440765083205  max|de|= 5.74e-08
davidson 10 123  |r|= 0.000187  e= [-0.00709126  0.3342752   0.36846378  0.39217829  0.39217873  0.44076508
  0.44076447  0.47635647  0.47635525  0.47831024  0.47831022  0.52909067]  max|de|= 3.06e-06  lindep= 0.849
root 1 converged  |r|= 1.35e-06  e= 0.334275186511  max|de|= -1.49e-08
root 9 converged  |r|= 2.11e-06  e= 0.478310304048  max|de|= 6.63e-08
root 10 converged  |r|= 1.71e-06  e= 0.4783102889  max|de|= 7.2e-08
davidson 11 132  |r|= 6.96e-05  e= [-0.00709126  0.33427519  0.36846378  0.3921791   0.39217905  0.44076331
  0.44076364  0.47635525  0.47635465  0.4783103   0.47831029  0.52908968]  max|de|= -1.44e-06  lindep= 0.886
root 3 converged  |r|= 3.04e-06  e= 0.392179143136  max|de|= 4.12e-08
root 4 converged  |r|= 3.09e-06  e= 0.392179079556  max|de|= 3.13e-08
root 8 converged  |r|= 9.25e-06  e= 0.476354714558  max|de|= 6.51e-08
davidson 12 139  |r|= 2.49e-05  e= [-0.00709126  0.33427519  0.36846378  0.39217914  0.39217908  0.4407631
  0.44076296  0.47635465  0.47635471  0.4783103   0.47831029  0.52908926]  max|de|= -6.03e-07  lindep= 0.866
root 6 converged  |r|= 3.87e-06  e= 0.440762883119  max|de|= -7.72e-08
davidson 13 143  |r|= 1.44e-05  e= [-0.00709126  0.33427519  0.36846378  0.39217912  0.3921791   0.4407629
  0.44076288  0.47635471  0.47635471  0.4783103   0.47831029  0.5290891 ]  max|de|= -2.02e-07  lindep= 0.86
davidson 14 145  |r|= 1.44e-05  e= [-0.00709126  0.33427519  0.36846378  0.39217912  0.3921791   0.44076288
  0.44076288  0.47635471  0.47635471  0.4783103   0.47831029  0.52908897]  max|de|= -1.29e-07  lindep= 0.881
root 11 converged  |r|= 8.95e-07  e= 0.529088912241  max|de|= -5.81e-08
converge 15 146  |r|= 1.44e-05  e= [-0.00709126  0.33427519  0.36846378  0.39217912  0.3921791   0.44076288
  0.44076288  0.47635471  0.47635471  0.4783103   0.47831029  0.52908891]  max|de|= -5.81e-08
EA root 0 E = -0.007091258582307254  qpwt = 0.96598  conv = True
EA root 1 E = 0.3342751885732431  qpwt = 0.946762  conv = True
EA root 2 E = 0.368463779445015  qpwt = 0.963049  conv = True
EA root 3 E = 0.3921791235281055  qpwt = 0.896834  conv = True
EA root 4 E = 0.3921790953373899  qpwt = 0.896834  conv = True
EA root 5 E = 0.4407628831801724  qpwt = 0.903027  conv = True
EA root 6 E = 0.4407628831801724  qpwt = 0.903027  conv = True
EA root 7 E = 0.4763547145592604  qpwt = 0.658766  conv = True
EA root 8 E = 0.4763547145592604  qpwt = 0.658766  conv = True
EA root 9 E = 0.4783103040482554  qpwt = 0.958977  conv = True
EA root 10 E = 0.4783102888999277  qpwt = 0.958977  conv = True
EA root 11 E = 0.5290889122412388  qpwt = 0.937698  conv = True
    CPU time for EA-CCSD     56.39 sec, wall time     56.41 sec
