

******** <class 'pyscf.scf.hf.RHF'> flags ********
method = RHF
initial guess = minao
damping factor = 0
level shift factor = 0
DIIS = <class 'pyscf.scf.diis.CDIIS'>
DIIS start cycle = 1
DIIS space = 8
SCF tol = 1e-09
SCF gradient tol = None
max. SCF cycles = 50
direct_scf = True
direct_scf_tol = 1e-13
chkfile to save SCF result = /tmp/tmpuvepvE
max_memory 4000 MB (current use 75 MB)
Set gradient conv threshold to 3.16228e-05
Nelec from initial guess = 21.9969215458
cond(S) = 11338.236803
E_coul = 124.864305345403
init E= -188.292367154523
    CPU time for initialize scf      0.86 sec, wall time      0.86 sec
  HOMO = -0.492257820866796  LUMO = 0.0853776604501235
  mo_energy =
[-20.79322955 -20.79307563 -11.48461446  -1.87493403  -1.62762771
  -0.79016143  -0.66241382  -0.65826594  -0.65826594  -0.49225782
  -0.49225782   0.08537766   0.10621381   0.10621381   0.24726719
   0.31058474   0.31058474   0.38954571   0.46572356   0.53376628
   0.55627227   0.55627227   0.72257013   0.72257013   0.78377893
   0.78377893   0.8491374    0.94612848   1.1718108    1.18158129
   1.18158129   1.49842758   1.54062407   1.59637644   1.59637644
   1.59780477   1.59780477   1.87688819   1.87688819   1.8977777
   2.12486776   2.12486776   2.23782776   2.23782776   2.48796529
   2.67421891   2.89915614   2.89915614   3.01323847   3.01323847
   3.06527015   3.06527015   3.17196509   3.17990435   3.17990435
   3.2207485    3.2207485    3.31848474   3.63334803   3.67404157
   3.67404157   3.960841     4.12943418   4.12943418   5.1853328
   5.20222868   5.40898462   5.40898462   5.48001163   5.48001163
   5.53882736   5.53882736   6.16247271   6.16247271   6.40389425
   6.51589118   6.51589118   6.66983452   6.66983452   6.67116725
   6.67116725   6.81038824   6.81038824   7.12273635   7.12273635
   7.25269677   7.39425951   7.39425951   7.79114182   7.94280726
  25.00468969  45.30414454  45.46765683]
E_coul = 126.441662671677
cycle= 1 E= -187.625500871249  delta_E= 0.667  |g|= 0.692  |ddm|= 1.74
    CPU time for cycle= 1      0.06 sec, wall time      0.06 sec
diis-norm(errvec)=1.92526
diis-c [-3.70661385  1.        ]
  HOMO = -0.532652777066098  LUMO = 0.110857353650219
  mo_energy =
[-20.51451955 -20.51446899 -11.72616243  -1.57036123  -1.50096197
  -0.77575544  -0.73947374  -0.73947374  -0.71041474  -0.53265278
  -0.53265278   0.11085735   0.1573288    0.1573288    0.26276313
   0.26276313   0.26544968   0.44056798   0.50261859   0.55449614
   0.58609464   0.58609464   0.69519206   0.69519206   0.76666786
   0.76666786   0.885483     0.99277379   1.1670277    1.1670277
   1.20503008   1.42685022   1.44866892   1.44866892   1.51744273
   1.63713447   1.63713447   1.91231139   1.93490234   1.93490234
   2.19346242   2.19346242   2.2874795    2.2874795    2.56630526
   2.71694533   2.73181465   2.73181465   2.98745278   2.98745278
   3.071859     3.071859     3.13904706   3.13904706   3.1479789
   3.1479789    3.31170234   3.42527559   3.58174719   3.70504449
   3.70504449   3.93432142   4.06913775   4.06913775   5.24020828
   5.25869602   5.53205326   5.53205326   5.60055055   5.60055055
   5.64159241   5.64159241   6.25310816   6.25310816   6.48203277
   6.5928977    6.5928977    6.84582069   6.84582069   6.84691106
   6.84691106   6.9654957    6.9654957    7.20104355   7.20104355
   7.42293211   7.54968108   7.54968108   7.92151496   7.98827919
  24.78590201  45.56117559  45.72549045]
E_coul = 126.04903255697
cycle= 2 E= -187.677646279707  delta_E= -0.0521  |g|= 0.483  |ddm|= 0.525
    CPU time for cycle= 2      0.06 sec, wall time      0.06 sec
diis-norm(errvec)=1.27281
diis-c [-0.13491627  0.39203491  0.60796509]
  HOMO = -0.555779015583388  LUMO = 0.131044851520345
  mo_energy =
[-20.67944049 -20.67939157 -11.45852294  -1.54203199  -1.4879757
  -0.80866541  -0.74731553  -0.72381876  -0.72381876  -0.55577902
  -0.55577902   0.13104485   0.18974091   0.18974091   0.26029985
   0.30084341   0.30084341   0.48121537   0.48997799   0.54957756
   0.57597601   0.57597601   0.75358427   0.75358427   0.75363956
   0.75363956   0.87711953   0.97753565   1.19375109   1.19375109
   1.2581615    1.4961102    1.54174038   1.56473355   1.56473355
   1.63145076   1.63145076   1.91918167   1.91918167   1.92263448
   2.18036274   2.18036274   2.27775869   2.27775869   2.55174189
   2.71522349   2.83833912   2.83833912   3.08317565   3.08317565
   3.09884728   3.09884728   3.1274098    3.1274098    3.21534959
   3.21534959   3.24695666   3.38995825   3.63898972   3.71504515
   3.71504515   3.99976455   4.13472895   4.13472895   5.23971848
   5.26022943   5.48808307   5.48808307   5.55772972   5.55772972
   5.61466592   5.61466592   6.23129048   6.23129048   6.48652626
   6.5892296    6.5892296    6.76676619   6.76676619   6.76757702
   6.76757702   6.90442927   6.90442927   7.18592002   7.18592002
   7.3550077    7.4864752    7.4864752    7.88438869   8.01538501
  25.0254055   45.40616161  45.56963249]
E_coul = 126.578038339385
cycle= 3 E= -187.715802714661  delta_E= -0.0382  |g|= 0.0498  |ddm|= 0.218
    CPU time for cycle= 3      0.06 sec, wall time      0.06 sec
diis-norm(errvec)=0.117766
diis-c [-0.00790932 -0.02579322  0.02348869  1.00230453]
  HOMO = -0.541084489429078  LUMO = 0.134968346237775
  mo_energy =
[-20.63948367 -20.63943904 -11.45132396  -1.52626413  -1.47273505
  -0.79614125  -0.73756327  -0.71216819  -0.71216819  -0.54108449
  -0.54108449   0.13496835   0.20000318   0.20000318   0.26170969
   0.30472659   0.30472659   0.48934008   0.49644969   0.55165202
   0.57981469   0.57981469   0.75782016   0.75782016   0.75871209
   0.75871209   0.88214779   0.98217933   1.20210871   1.20210871
   1.27321186   1.50288666   1.54695791   1.56960428   1.56960428
   1.64136165   1.64136165   1.92845358   1.92845358   1.93092544
   2.19007813   2.19007813   2.28758384   2.28758384   2.56303286
   2.72389749   2.84233232   2.84233232   3.10128721   3.10128721
   3.11354057   3.11354057   3.1331784    3.1331784    3.22372338
   3.22372338   3.26096299   3.40342796   3.64841353   3.72845202
   3.72845202   4.01587186   4.14468594   4.14468594   5.25766436
   5.27822639   5.50312628   5.50312628   5.57259278   5.57259278
   5.63058956   5.63058956   6.24857983   6.24857983   6.50684937
   6.60858036   6.60858036   6.78698028   6.78698028   6.78814257
   6.78814257   6.92029073   6.92029073   7.2059138    7.2059138
   7.37543519   7.50502495   7.50502495   7.90526124   8.03372832
  25.03347986  45.44400792  45.60736761]
E_coul = 126.419953283459
cycle= 4 E= -187.716320550216  delta_E= -0.000518  |g|= 0.0122  |ddm|= 0.0354
    CPU time for cycle= 4      0.05 sec, wall time      0.06 sec
diis-norm(errvec)=0.0342804
diis-c [ -2.38699567e-04  -3.47984077e-02  -5.16355545e-02   7.64982117e-02
   1.00993575e+00]
  HOMO = -0.544312563269449  LUMO = 0.13398075844961
  mo_energy =
[-20.64964205 -20.64959895 -11.45882806  -1.53059433  -1.47756171
  -0.79956179  -0.7426083   -0.71554381  -0.71554381  -0.54431256
  -0.54431256   0.13398076   0.1980298    0.1980298    0.26145454
   0.30320421   0.30320421   0.48893394   0.49363346   0.55117079
   0.57915941   0.57915941   0.75565569   0.75565569   0.75781973
   0.75781973   0.88098569   0.98125536   1.19955011   1.19955011
   1.26784359   1.50041273   1.54505125   1.56622459   1.56622459
   1.63884044   1.63884044   1.926325     1.926325     1.92848436
   2.18780883   2.18780883   2.28530478   2.28530478   2.56009845
   2.72179578   2.83899467   2.83899467   3.0971051    3.0971051
   3.10927112   3.10927112   3.12893356   3.12893356   3.22047647
   3.22047647   3.25779568   3.40050178   3.64471785   3.72470968
   3.72470968   4.01081384   4.14120875   4.14120875   5.25319142
   5.27343583   5.49963985   5.49963985   5.56911413   5.56911413
   5.62701927   5.62701927   6.24445574   6.24445574   6.50192434
   6.60386325   6.60386325   6.78253061   6.78253061   6.78313362
   6.78313362   6.91704644   6.91704644   7.20087952   7.20087952
   7.37109496   7.50099404   7.50099404   7.90051823   8.0290886
  25.02642829  45.43448121  45.59786957]
E_coul = 126.455826505052
cycle= 5 E= -187.716364745731  delta_E= -4.42e-05  |g|= 0.00202  |ddm|= 0.01
    CPU time for cycle= 5      0.06 sec, wall time      0.06 sec
diis-norm(errvec)=0.00518269
diis-c [ -7.96852955e-06   1.19968519e-02   1.55357777e-02  -5.01929027e-02
  -3.29231532e-01   1.35189181e+00]
  HOMO = -0.544169807808707  LUMO = 0.133911902601365
  mo_energy =
[-20.64950076 -20.64945762 -11.45843177  -1.53051043  -1.47740431
  -0.79962851  -0.74283761  -0.71541102  -0.71541102  -0.54416981
  -0.54416981   0.1339119    0.1979646    0.1979646    0.26143838
   0.30308103   0.30308103   0.48897163   0.4934229    0.55114578
   0.57914519   0.57914519   0.75553773   0.75553773   0.75781168
   0.75781168   0.88088862   0.98122259   1.19945993   1.19945993
   1.26777308   1.50038994   1.54493069   1.5661763    1.5661763
   1.63870067   1.63870067   1.92620192   1.92620192   1.92835799
   2.18774043   2.18774043   2.28524978   2.28524978   2.56005114
   2.72178885   2.8388825    2.8388825    3.09705775   3.09705775
   3.10925313   3.10925313   3.12887957   3.12887957   3.22036269
   3.22036269   3.25772901   3.40048677   3.64468101   3.72463564
   3.72463564   4.01080983   4.14113086   4.14113086   5.25308976
   5.2733587    5.49941739   5.49941739   5.5688935    5.5688935
   5.62689053   5.62689053   6.24430823   6.24430823   6.50190853
   6.60379142   6.60379142   6.7824215    6.7824215    6.78300698
   6.78300698   6.91705216   6.91705216   7.20080035   7.20080035
   7.37111581   7.50097806   7.50097806   7.90057971   8.02913023
  25.02677856  45.43459971  45.59798698]
E_coul = 126.452900746067
cycle= 6 E= -187.716366777513  delta_E= -2.03e-06  |g|= 0.000359  |ddm|= 0.00264
    CPU time for cycle= 6      0.07 sec, wall time      0.06 sec
diis-norm(errvec)=0.000920851
diis-c [ -3.73568920e-07  -3.91336774e-04  -3.44463343e-04   3.78152180e-03
   5.04737168e-03  -1.88315326e-01   1.18022223e+00]
  HOMO = -0.544176042369947  LUMO = 0.133917529459243
  mo_energy =
[-20.64960933 -20.64956618 -11.45860615  -1.53056006  -1.47744367
  -0.79972251  -0.74294629  -0.71547676  -0.71547676  -0.54417604
  -0.54417604   0.13391753   0.19798167   0.19798167   0.26143219
   0.3030839    0.3030839    0.48896609   0.49339157   0.55113981
   0.57913779   0.57913779   0.75554647   0.75554647   0.75780516
   0.75780516   0.88087017   0.98120681   1.1994738    1.1994738
   1.26777678   1.50039199   1.54493172   1.56615292   1.56615292
   1.63868005   1.63868005   1.9261829    1.9261829    1.92834418
   2.18770877   2.18770877   2.28522346   2.28522346   2.56000715
   2.72176591   2.83890398   2.83890398   3.09702328   3.09702328
   3.10923316   3.10923316   3.12887037   3.12887037   3.22036677
   3.22036677   3.25766499   3.40043534   3.64466365   3.72461261
   3.72461261   4.01078949   4.14112933   4.14112933   5.25307292
   5.27333367   5.49937095   5.49937095   5.56884761   5.56884761
   5.62685645   5.62685645   6.24428089   6.24428089   6.50186632
   6.60376152   6.60376152   6.78235628   6.78235628   6.78294515
   6.78294515   6.91699387   6.91699387   7.20077428   7.20077428
   7.37105815   7.50092425   7.50092425   7.90052646   8.02908446
  25.02662029  45.43449515  45.59788171]
E_coul = 126.453123597605
cycle= 7 E= -187.716366839646  delta_E= -6.21e-08  |g|= 7.89e-05  |ddm|= 0.000457
    CPU time for cycle= 7      0.06 sec, wall time      0.06 sec
diis-norm(errvec)=0.00020506
diis-c [ -1.01612389e-08  -1.94373415e-04  -3.60060945e-04   5.59536615e-04
   7.45890447e-03   6.70057130e-03  -3.14349638e-01   1.30018506e+00]
  HOMO = -0.544158188469648  LUMO = 0.133923027123028
  mo_energy =
[-20.64959262 -20.64954947 -11.45855811  -1.53054702  -1.47743089
  -0.7997138   -0.74293541  -0.71546376  -0.71546376  -0.54415819
  -0.54415819   0.13392303   0.19799457   0.19799457   0.26143225
   0.30309286   0.30309286   0.48897265   0.4933996    0.55114349
   0.57913966   0.57913966   0.75556318   0.75556318   0.75780815
   0.75780815   0.88087347   0.981208     1.1994881    1.1994881
   1.26780072   1.50041383   1.54494206   1.56617788   1.56617788
   1.63868762   1.63868762   1.92618943   1.92618943   1.92835397
   2.1877169    2.1877169    2.28523138   2.28523138   2.56001742
   2.72177836   2.83893453   2.83893453   3.09703224   3.09703224
   3.10925218   3.10925218   3.12890432   3.12890432   3.22038823
   3.22038823   3.25767193   3.40044212   3.6446863    3.72462844
   3.72462844   4.0108123    4.14115063   4.14115063   5.25308478
   5.27335077   5.49937415   5.49937415   5.56885118   5.56885118
   5.6268654    5.6268654    6.24429105   6.24429105   6.50188118
   6.60377582   6.60377582   6.78236312   6.78236312   6.78295164
   6.78295164   6.91700535   6.91700535   7.20078912   7.20078912
   7.37107054   7.50093658   7.50093658   7.90054236   8.02910365
  25.02666568  45.43451181  45.59789838]
E_coul = 126.453103262236
cycle= 8 E= -187.716366841992  delta_E= -2.35e-09  |g|= 9.38e-06  |ddm|= 8.94e-05
    CPU time for cycle= 8      0.06 sec, wall time      0.06 sec
diis-norm(errvec)=2.43497e-05
diis-c [ -3.44603892e-11   2.57860162e-05   4.80127697e-05  -2.63079026e-05
  -1.37877319e-03   3.52259150e-03   2.39574824e-02  -1.98968283e-01
   1.17281949e+00]
  HOMO = -0.544159862418935  LUMO = 0.133922056346004
  mo_energy =
[-20.64959863 -20.64955548 -11.45856463  -1.53054983  -1.47743419
  -0.79971509  -0.74293687  -0.71546519  -0.71546519  -0.54415986
  -0.54415986   0.13392206   0.19799223   0.19799223   0.26143199
   0.30309144   0.30309144   0.48897199   0.49339772   0.55114331
   0.57913923   0.57913923   0.75556181   0.75556181   0.75780747
   0.75780747   0.8808725    0.98120714   1.19948604   1.19948604
   1.26779639   1.50041221   1.54494102   1.5661751    1.5661751
   1.63868614   1.63868614   1.9261881    1.9261881    1.92835268
   2.18771521   2.18771521   2.28522995   2.28522995   2.56001554
   2.72177672   2.8389324    2.8389324    3.09702971   3.09702971
   3.10924926   3.10924926   3.12890122   3.12890122   3.22038597
   3.22038597   3.25766958   3.40043986   3.64468351   3.72462583
   3.72462583   4.01080868   4.14114828   4.14114828   5.25308222
   5.27334756   5.49937212   5.49937212   5.56884915   5.56884915
   5.62686316   5.62686316   6.24428869   6.24428869   6.50187801
   6.60377293   6.60377293   6.78236022   6.78236022   6.78294863
   6.78294863   6.91700273   6.91700273   7.20078618   7.20078618
   7.37106745   7.50093366   7.50093366   7.90053895   8.02910024
  25.0266595   45.43450604  45.59789261]
E_coul = 126.453125099177
cycle= 9 E= -187.716366842018  delta_E= -2.58e-11  |g|= 6.13e-07  |ddm|= 1.31e-05
    CPU time for cycle= 9      0.06 sec, wall time      0.06 sec
  HOMO = -0.544159911751199  LUMO = 0.133922058582075
  mo_energy =
[-20.64959857 -20.64955542 -11.4585644   -1.53054984  -1.47743423
  -0.79971512  -0.74293694  -0.71546529  -0.71546529  -0.54415991
  -0.54415991   0.13392206   0.19799229   0.19799229   0.26143198
   0.30309149   0.30309149   0.48897201   0.49339777   0.55114331
   0.57913921   0.57913921   0.75556179   0.75556179   0.75780746
   0.75780746   0.88087249   0.98120711   1.19948606   1.19948606
   1.26779648   1.50041226   1.54494101   1.56617516   1.56617516
   1.63868611   1.63868611   1.92618806   1.92618806   1.92835269
   2.1877152    2.1877152    2.28522994   2.28522994   2.56001556
   2.72177672   2.8389324    2.8389324    3.09702971   3.09702971
   3.1092493    3.1092493    3.12890127   3.12890127   3.22038599
   3.22038599   3.25766956   3.40043984   3.64468355   3.72462584
   3.72462584   4.01080874   4.14114831   4.14114831   5.25308224
   5.27334758   5.49937208   5.49937208   5.56884911   5.56884911
   5.62686314   5.62686314   6.24428867   6.24428867   6.50187806
   6.60377296   6.60377296   6.7823602    6.7823602    6.78294861
   6.78294861   6.91700272   6.91700272   7.2007862    7.2007862
   7.37106746   7.50093366   7.50093366   7.90053899   8.0291003
  25.0266597   45.4345061   45.59789267]
E_coul = 126.453124635469
Extra cycle  E= -187.716366842018  delta_E= -2.27e-13  |g|= 1.47e-07  |ddm|= 2.03e-06
    CPU time for scf_cycle      1.46 sec, wall time      1.46 sec
    CPU time for SCF      1.46 sec, wall time      1.59 sec
converged SCF energy = -187.716366842018
RHF E = -187.716366842
RHF eps = [-20.64959857 -20.64955542 -11.4585644   -1.53054984  -1.47743423
  -0.79971512  -0.74293694  -0.71546529  -0.71546529  -0.54415991
  -0.54415991   0.13392206   0.19799229   0.19799229   0.26143198
   0.30309149   0.30309149   0.48897201   0.49339777   0.55114331
   0.57913921   0.57913921   0.75556179   0.75556179   0.75780746
   0.75780746   0.88087249   0.98120711   1.19948606   1.19948606
   1.26779648   1.50041226   1.54494101   1.56617516   1.56617516
   1.63868611   1.63868611   1.92618806   1.92618806   1.92835269
   2.1877152    2.1877152    2.28522994   2.28522994   2.56001556
   2.72177672   2.8389324    2.8389324    3.09702971   3.09702971
   3.1092493    3.1092493    3.12890127   3.12890127   3.22038599
   3.22038599   3.25766956   3.40043984   3.64468355   3.72462584
   3.72462584   4.01080874   4.14114831   4.14114831   5.25308224
   5.27334758   5.49937208   5.49937208   5.56884911   5.56884911
   5.62686314   5.62686314   6.24428867   6.24428867   6.50187806
   6.60377296   6.60377296   6.7823602    6.7823602    6.78294861
   6.78294861   6.91700272   6.91700272   7.2007862    7.2007862
   7.37106746   7.50093366   7.50093366   7.90053899   8.0291003
  25.0266597   45.4345061   45.59789267]
    CPU time for CCSD integral transformation     10.92 sec, wall time     10.92 sec

******** <class 'pyscf.cc.rccsd.RCCSD'> flags ********
CCSD nocc = 8, nvir = 82
frozen orbitals [0, 1, 2]
max_cycle = 200
direct = 0
conv_tol = 1e-07
conv_tol_normt = 1e-05
diis_space = 6
diis_start_cycle = 0
diis_start_energy_diff = 1e+09
max_memory 4000 MB (current use 276 MB)
Init t2, MP2 energy = -0.598127535416116
    CPU time for init mp2      0.01 sec, wall time      0.01 sec
    CPU time for vvvv-tau      0.00 sec, wall time      0.00 sec
    CPU time for vvvv [0:82]      0.12 sec, wall time      0.11 sec
    CPU time for vvvv      1.98 sec, wall time      1.98 sec
    CPU time for woooo      0.00 sec, wall time      0.00 sec
max_memory 3705 MB,  nocc,nvir = 8,82  blksize = 8,82
    CPU time for ovvv [0:8]      0.56 sec, wall time      0.59 sec
    CPU time for wOVov [0:8]      0.62 sec, wall time      0.62 sec
    CPU time for woVoV [0:8]      0.35 sec, wall time      0.35 sec
    CPU time for contract occ [0:8]      1.84 sec, wall time      1.88 sec
    CPU time for contract loop      3.82 sec, wall time      3.86 sec
    CPU time for update t1 t2      3.87 sec, wall time      3.90 sec
istep = 0  E(CCSD) = -0.567544826325743  dE = -0.567544826  norm(t1,t2) = 0.117744
    CPU time for CCSD iter      3.88 sec, wall time      3.91 sec
    CPU time for vvvv-tau      0.00 sec, wall time      0.00 sec
    CPU time for vvvv [0:82]      0.12 sec, wall time      0.11 sec
    CPU time for vvvv      1.96 sec, wall time      1.96 sec
    CPU time for woooo      0.00 sec, wall time      0.00 sec
max_memory 3705 MB,  nocc,nvir = 8,82  blksize = 8,82
    CPU time for ovvv [0:8]      0.56 sec, wall time      0.56 sec
    CPU time for wOVov [0:8]      0.61 sec, wall time      0.61 sec
    CPU time for woVoV [0:8]      0.35 sec, wall time      0.35 sec
    CPU time for contract occ [0:8]      1.83 sec, wall time      1.82 sec
    CPU time for contract loop      3.79 sec, wall time      3.79 sec
    CPU time for update t1 t2      3.83 sec, wall time      3.84 sec
DIIS for step 1
istep = 1  E(CCSD) = -0.591230152979924  dE = -0.0236853267  norm(t1,t2) = 0.0445098
    CPU time for CCSD iter      3.84 sec, wall time      3.85 sec
    CPU time for vvvv-tau      0.01 sec, wall time      0.00 sec
    CPU time for vvvv [0:82]      0.11 sec, wall time      0.11 sec
    CPU time for vvvv      1.94 sec, wall time      1.94 sec
    CPU time for woooo      0.00 sec, wall time      0.00 sec
max_memory 3705 MB,  nocc,nvir = 8,82  blksize = 8,82
    CPU time for ovvv [0:8]      0.58 sec, wall time      0.57 sec
    CPU time for wOVov [0:8]      0.62 sec, wall time      0.63 sec
    CPU time for woVoV [0:8]      0.37 sec, wall time      0.37 sec
    CPU time for contract occ [0:8]      1.88 sec, wall time      1.88 sec
    CPU time for contract loop      3.82 sec, wall time      3.82 sec
    CPU time for update t1 t2      3.86 sec, wall time      3.87 sec
diis-c [ -2.68424501e-04   1.00000000e+00]
DIIS for step 2
istep = 2  E(CCSD) = -0.58633508599535  dE = 0.00489506698  norm(t1,t2) = 0.0233712
    CPU time for CCSD iter      3.88 sec, wall time      3.88 sec
    CPU time for vvvv-tau      0.00 sec, wall time      0.00 sec
    CPU time for vvvv [0:82]      0.12 sec, wall time      0.11 sec
    CPU time for vvvv      2.00 sec, wall time      2.00 sec
    CPU time for woooo      0.00 sec, wall time      0.00 sec
max_memory 3703 MB,  nocc,nvir = 8,82  blksize = 8,82
    CPU time for ovvv [0:8]      0.59 sec, wall time      0.59 sec
    CPU time for wOVov [0:8]      0.63 sec, wall time      0.63 sec
    CPU time for woVoV [0:8]      0.35 sec, wall time      0.34 sec
    CPU time for contract occ [0:8]      1.89 sec, wall time      1.89 sec
    CPU time for contract loop      3.89 sec, wall time      3.89 sec
    CPU time for update t1 t2      3.93 sec, wall time      3.93 sec
diis-c [ -1.66990566e-05   2.37215564e-01   7.62784436e-01]
DIIS for step 3
istep = 3  E(CCSD) = -0.589040673128607  dE = -0.00270558713  norm(t1,t2) = 0.00996776
    CPU time for CCSD iter      3.95 sec, wall time      3.95 sec
    CPU time for vvvv-tau      0.00 sec, wall time      0.00 sec
    CPU time for vvvv [0:82]      0.11 sec, wall time      0.11 sec
    CPU time for vvvv      1.96 sec, wall time      1.96 sec
    CPU time for woooo      0.01 sec, wall time      0.00 sec
max_memory 3700 MB,  nocc,nvir = 8,82  blksize = 8,82
    CPU time for ovvv [0:8]      0.57 sec, wall time      0.59 sec
    CPU time for wOVov [0:8]      0.65 sec, wall time      0.65 sec
    CPU time for woVoV [0:8]      0.36 sec, wall time      0.36 sec
    CPU time for contract occ [0:8]      1.88 sec, wall time      1.89 sec
    CPU time for contract loop      3.85 sec, wall time      3.86 sec
    CPU time for update t1 t2      3.90 sec, wall time      3.90 sec
diis-c [ -2.60107204e-07  -3.07270041e-01  -4.35178831e-01   1.74244887e+00]
DIIS for step 4
istep = 4  E(CCSD) = -0.58962243807056  dE = -0.000581764942  norm(t1,t2) = 0.00350201
    CPU time for CCSD iter      3.92 sec, wall time      3.92 sec
    CPU time for vvvv-tau      0.00 sec, wall time      0.00 sec
    CPU time for vvvv [0:82]      0.11 sec, wall time      0.11 sec
    CPU time for vvvv      2.00 sec, wall time      2.00 sec
    CPU time for woooo      0.00 sec, wall time      0.00 sec
max_memory 3696 MB,  nocc,nvir = 8,82  blksize = 8,82
    CPU time for ovvv [0:8]      0.58 sec, wall time      0.58 sec
    CPU time for wOVov [0:8]      0.68 sec, wall time      0.68 sec
    CPU time for woVoV [0:8]      0.36 sec, wall time      0.35 sec
    CPU time for contract occ [0:8]      1.91 sec, wall time      1.90 sec
    CPU time for contract loop      3.91 sec, wall time      3.91 sec
    CPU time for update t1 t2      3.95 sec, wall time      3.95 sec
diis-c [ -4.05783072e-08   3.64814820e-02   4.79895960e-02  -2.07040996e-01
   1.12256992e+00]
DIIS for step 5
istep = 5  E(CCSD) = -0.589513851344421  dE = 0.000108586726  norm(t1,t2) = 0.000337575
    CPU time for CCSD iter      3.97 sec, wall time      3.97 sec
    CPU time for vvvv-tau      0.00 sec, wall time      0.00 sec
    CPU time for vvvv [0:82]      0.11 sec, wall time      0.11 sec
    CPU time for vvvv      2.01 sec, wall time      2.01 sec
    CPU time for woooo      0.00 sec, wall time      0.00 sec
max_memory 3693 MB,  nocc,nvir = 8,82  blksize = 8,82
    CPU time for ovvv [0:8]      0.61 sec, wall time      0.61 sec
    CPU time for wOVov [0:8]      0.70 sec, wall time      0.69 sec
    CPU time for woVoV [0:8]      0.40 sec, wall time      0.40 sec
    CPU time for contract occ [0:8]      2.03 sec, wall time      2.03 sec
    CPU time for contract loop      4.04 sec, wall time      4.04 sec
    CPU time for update t1 t2      4.09 sec, wall time      4.09 sec
diis-c [ -1.59489599e-09   3.89168163e-02   5.36122464e-02  -2.27432224e-01
  -1.33153713e-01   1.26805687e+00]
DIIS for step 6
istep = 6  E(CCSD) = -0.589514529795031  dE = -6.7845061e-07  norm(t1,t2) = 0.000128624
    CPU time for CCSD iter      4.10 sec, wall time      4.11 sec
    CPU time for vvvv-tau      0.01 sec, wall time      0.00 sec
    CPU time for vvvv [0:82]      0.10 sec, wall time      0.11 sec
    CPU time for vvvv      2.04 sec, wall time      2.03 sec
    CPU time for woooo      0.00 sec, wall time      0.00 sec
max_memory 3689 MB,  nocc,nvir = 8,82  blksize = 8,82
    CPU time for ovvv [0:8]      0.62 sec, wall time      0.63 sec
    CPU time for wOVov [0:8]      0.66 sec, wall time      0.66 sec
    CPU time for woVoV [0:8]      0.36 sec, wall time      0.36 sec
    CPU time for contract occ [0:8]      1.94 sec, wall time      1.95 sec
    CPU time for contract loop      3.99 sec, wall time      3.98 sec
    CPU time for update t1 t2      4.03 sec, wall time      4.03 sec
diis-c [ -2.29544800e-10  -7.53070644e-03  -1.03273895e-02   4.21629646e-02
  -5.78796570e-02  -8.74491096e-02   1.12102390e+00]
DIIS for step 7
istep = 7  E(CCSD) = -0.589518939775148  dE = -4.40998012e-06  norm(t1,t2) = 2.96548e-05
    CPU time for CCSD iter      4.05 sec, wall time      4.04 sec
    CPU time for vvvv-tau      0.00 sec, wall time      0.00 sec
    CPU time for vvvv [0:82]      0.11 sec, wall time      0.11 sec
    CPU time for vvvv      2.05 sec, wall time      2.05 sec
    CPU time for woooo      0.00 sec, wall time      0.00 sec
max_memory 3686 MB,  nocc,nvir = 8,82  blksize = 8,82
    CPU time for ovvv [0:8]      0.60 sec, wall time      0.60 sec
    CPU time for wOVov [0:8]      0.66 sec, wall time      0.65 sec
    CPU time for woVoV [0:8]      0.37 sec, wall time      0.37 sec
    CPU time for contract occ [0:8]      1.93 sec, wall time      1.93 sec
    CPU time for contract loop      3.98 sec, wall time      3.99 sec
    CPU time for update t1 t2      4.03 sec, wall time      4.04 sec
diis-c [ -1.87492522e-11   1.15970273e+00   1.20558492e-04   1.24083131e-03
   2.83161712e-03  -2.35326719e-02  -1.40363070e-01]
DIIS for step 8
istep = 8  E(CCSD) = -0.589516840928715  dE = 2.09884643e-06  norm(t1,t2) = 8.95823e-06
    CPU time for CCSD iter      4.05 sec, wall time      4.06 sec
    CPU time for vvvv-tau      0.00 sec, wall time      0.00 sec
    CPU time for vvvv [0:82]      0.12 sec, wall time      0.12 sec
    CPU time for vvvv      2.05 sec, wall time      2.05 sec
    CPU time for woooo      0.00 sec, wall time      0.00 sec
max_memory 3684 MB,  nocc,nvir = 8,82  blksize = 8,82
    CPU time for ovvv [0:8]      0.64 sec, wall time      0.64 sec
    CPU time for wOVov [0:8]      0.70 sec, wall time      0.69 sec
    CPU time for woVoV [0:8]      0.39 sec, wall time      0.39 sec
    CPU time for contract occ [0:8]      2.04 sec, wall time      2.03 sec
    CPU time for contract loop      4.09 sec, wall time      4.09 sec
    CPU time for update t1 t2      4.13 sec, wall time      4.13 sec
diis-c [ -1.35255696e-12   1.53454656e-01   9.74306537e-01   4.26677295e-05
   2.83634071e-03  -2.23801694e-03  -1.28402185e-01]
DIIS for step 9
istep = 9  E(CCSD) = -0.58951761780863  dE = -7.76879915e-07  norm(t1,t2) = 3.37335e-06
    CPU time for CCSD iter      4.16 sec, wall time      4.16 sec
    CPU time for vvvv-tau      0.00 sec, wall time      0.00 sec
    CPU time for vvvv [0:82]      0.12 sec, wall time      0.12 sec
    CPU time for vvvv      2.15 sec, wall time      2.15 sec
    CPU time for woooo      0.00 sec, wall time      0.00 sec
max_memory 3684 MB,  nocc,nvir = 8,82  blksize = 8,82
    CPU time for ovvv [0:8]      0.68 sec, wall time      0.68 sec
    CPU time for wOVov [0:8]      0.63 sec, wall time      0.64 sec
    CPU time for woVoV [0:8]      0.40 sec, wall time      0.39 sec
    CPU time for contract occ [0:8]      2.00 sec, wall time      2.00 sec
    CPU time for contract loop      4.15 sec, wall time      4.16 sec
    CPU time for update t1 t2      4.20 sec, wall time      4.20 sec
diis-c [ -1.77163839e-13  -1.37719387e-02  -2.73274463e-01   1.26813957e+00
  -7.03460583e-04   2.18485086e-03   1.74254462e-02]
DIIS for step 10
istep = 10  E(CCSD) = -0.58951755160284  dE = 6.62057896e-08  norm(t1,t2) = 8.42128e-07
    CPU time for CCSD iter      4.22 sec, wall time      4.23 sec
    CPU time for CCSD     44.02 sec, wall time     44.07 sec
CCSD converged
E(CCSD) = -188.3058843936206  E_corr = -0.5895175516028401
    CPU time for EOM-CCSD shared one-electron intermediates      0.07 sec, wall time      0.06 sec
    CPU time for EOM-CCSD shared two-electron intermediates      0.29 sec, wall time      0.30 sec
    CPU time for EOM-CCSD IP intermediates      0.35 sec, wall time      0.35 sec
tol 1e-07  toloose 0.000316228
max_cycle 200  max_space 224  max_memory 2000  incore True
davidson 0 8  |r|= 0.487  e= [ 0.63435694  0.63435694  0.78696656  0.78696656  0.82013255  0.87063826
  1.52723956  1.5728438 ]  max|de|= 1.57  lindep=    1
davidson 1 16  |r|= 0.13  e= [ 0.5063053   0.5063053   0.66416672  0.66416672  0.66540089  0.71368274
  1.31406389  1.35921555]  max|de|= -0.214  lindep= 0.95
davidson 2 22  |r|= 0.159  e= [ 0.50630475  0.50369863  0.66416596  0.6601365   0.66502892  0.71284748
  1.30517594  1.33502327]  max|de|= -0.0242  lindep= 0.94
davidson 3 30  |r|= 0.228  e= [ 0.50369821  0.50452883  0.66013594  0.6611352   0.66560822  0.71375708
  1.29209985  1.40055718]  max|de|= 0.0655  lindep= 0.902
davidson 4 38  |r|= 0.231  e= [ 0.5045286   0.50461035  0.66113369  0.66110543  0.66552338  0.71369134
  1.27277774  1.36742163]  max|de|= -0.0331  lindep= 0.931
davidson 5 46  |r|= 0.101  e= [ 0.50461042  0.50461708  0.66110453  0.661156    0.66552801  0.71372028
  1.30910888  1.36167274]  max|de|= 0.0363  lindep= 0.909
davidson 6 54  |r|= 0.106  e= [ 0.50461711  0.50461304  0.66115603  0.66119564  0.66553119  0.71373006
  1.29888325  1.34855768]  max|de|= -0.0131  lindep= 0.931
davidson 7 62  |r|= 0.0474  e= [ 0.50461303  0.50461213  0.66119564  0.66120129  0.66553211  0.71373358
  1.31121622  1.34697163]  max|de|= 0.0123  lindep= 0.94
root 4 converged  |r|= 2.45e-06  e= 0.665532120282  max|de|= 1.25e-08
davidson 8 70  |r|= 0.0228  e= [ 0.50461213  0.50461196  0.66120128  0.66120094  0.66553212  0.7137338
  1.3098481   1.34643565]  max|de|= -0.00137  lindep= 0.912
root 1 converged  |r|= 4.11e-07  e= 0.504611874586  max|de|= -8.33e-08
root 5 converged  |r|= 1.22e-06  e= 0.713733729225  max|de|= -7.37e-08
davidson 9 77  |r|= 0.0107  e= [ 0.50461196  0.50461187  0.66120094  0.66120062  0.66553212  0.71373373
  1.30905134  1.34600689]  max|de|= -0.000797  lindep= 0.935
root 0 converged  |r|= 3.46e-07  e= 0.504611874595  max|de|= -8.37e-08
root 1 converged  |r|= 3.46e-07  e= 0.504611874595  max|de|= -8.37e-08
root 3 converged  |r|= 1.06e-06  e= 0.661200645509  max|de|= 2.1e-08
davidson 10 82  |r|= 0.00678  e= [ 0.50461187  0.50461187  0.66120062  0.66120065  0.66553212  0.71373373
  1.30851952  1.34569377]  max|de|= -0.000532  lindep= 0.935
root 2 converged  |r|= 9.48e-07  e= 0.661200645924  max|de|= 2.11e-08
root 3 converged  |r|= 9.48e-07  e= 0.661200645924  max|de|= 2.11e-08
davidson 11 85  |r|= 0.00408  e= [ 0.50461187  0.50461187  0.66120065  0.66120065  0.66553212  0.71373373
  1.30844755  1.345757  ]  max|de|= -7.2e-05  lindep= 0.92
davidson 12 87  |r|= 0.00667  e= [ 0.50461187  0.50461187  0.66120065  0.66120065  0.66553212  0.71373374
  1.30843254  1.34582873]  max|de|= 7.17e-05  lindep= 0.934
davidson 13 89  |r|= 0.0154  e= [ 0.50461187  0.50461187  0.66120065  0.66120065  0.66553213  0.71373374
  1.30868766  1.345491  ]  max|de|= -0.000338  lindep= 0.897
davidson 14 91  |r|= 0.00367  e= [ 0.50461187  0.50461187  0.66120065  0.66120065  0.66553213  0.71373374
  1.3085344   1.34590289]  max|de|= 0.000412  lindep= 0.915
davidson 15 93  |r|= 0.00209  e= [ 0.50461187  0.50461187  0.66120065  0.66120065  0.66553212  0.71373375
  1.30851033  1.34576656]  max|de|= -0.000136  lindep= 0.911
davidson 16 95  |r|= 0.00283  e= [ 0.50461187  0.50461187  0.66120065  0.66120065  0.66553212  0.71373375
  1.30849451  1.34563826]  max|de|= -0.000128  lindep= 0.88
davidson 17 97  |r|= 0.00795  e= [ 0.50461187  0.50461187  0.66120065  0.66120065  0.66553212  0.71373375
  1.30847814  1.34607548]  max|de|= 0.000437  lindep= 0.903
davidson 18 99  |r|= 0.002  e= [ 0.50461187  0.50461187  0.66120065  0.66120065  0.66553213  0.71373375
  1.30847424  1.34570368]  max|de|= -0.000372  lindep=  0.9
davidson 19 101  |r|= 0.00145  e= [ 0.50461187  0.50461187  0.66120065  0.66120065  0.66553212  0.71373376
  1.30847301  1.34567227]  max|de|= -3.14e-05  lindep= 0.89
davidson 20 103  |r|= 0.00139  e= [ 0.50461187  0.50461187  0.66120065  0.66120065  0.66553211  0.71373376
  1.30847057  1.34568347]  max|de|= 1.12e-05  lindep= 0.876
davidson 21 105  |r|= 0.00534  e= [ 0.50461187  0.50461187  0.66120065  0.66120065  0.66553211  0.71373376
  1.30846629  1.34562274]  max|de|= -6.07e-05  lindep= 0.891
davidson 22 107  |r|= 0.00231  e= [ 0.50461187  0.50461187  0.66120065  0.66120065  0.6655321   0.71373376
  1.30846118  1.34573927]  max|de|= 0.000117  lindep= 0.869
davidson 23 109  |r|= 0.00871  e= [ 0.50461187  0.50461187  0.66120065  0.66120065  0.6655321   0.71373376
  1.30849226  1.34570315]  max|de|= -3.61e-05  lindep= 0.902
davidson 24 111  |r|= 0.000318  e= [ 0.50461187  0.50461187  0.66120065  0.66120065  0.6655321   0.71373376
  1.3084687   1.34568776]  max|de|= -2.36e-05  lindep= 0.931
davidson 25 113  |r|= 0.000179  e= [ 0.50461187  0.50461187  0.66120065  0.66120065  0.6655321   0.71373376
  1.30847025  1.34568561]  max|de|= -2.15e-06  lindep= 0.91
davidson 26 115  |r|= 0.000578  e= [ 0.50461187  0.50461187  0.66120065  0.66120065  0.6655321   0.71373376
  1.30846167  1.34568624]  max|de|= -8.58e-06  lindep= 0.909
davidson 27 117  |r|= 0.000277  e= [ 0.50461187  0.50461187  0.66120065  0.66120065  0.6655321   0.71373376
  1.30847671  1.34568668]  max|de|= 1.5e-05  lindep= 0.907
davidson 28 119  |r|= 0.331  e= [ 0.50461187  0.50461187  0.66120065  1.37292346  0.6655321   0.71373376
  1.30847171  1.34568687]  max|de|= 0.712  lindep= 0.914
davidson 29 122  |r|= 2.25e-05  e= [ 0.50461187  0.50461187  0.66120065  0.66120064  0.6655321   0.71373377
  1.30847015  1.34568673]  max|de|= -1.56e-06  lindep= 0.918
davidson 30 124  |r|= 1.99e-05  e= [ 0.50461187  0.50461187  0.66120065  0.66120064  0.6655321   0.71373377
  1.3084698   1.34568661]  max|de|= -3.51e-07  lindep= 0.907
root 6 converged  |r|= 4.37e-06  e= 1.30846981472  max|de|= 1.79e-08
davidson 31 126  |r|= 4.64e-06  e= [ 0.50461187  0.50461187  0.66120064  0.66120064  0.6655321   0.71373377
  1.30846981  1.34568671]  max|de|= 1.05e-07  lindep= 0.943
root 7 converged  |r|= 1.81e-06  e= 1.34568668101  max|de|= -3.15e-08
converge 32 127  |r|= 4.37e-06  e= [ 0.50461187  0.50461187  0.66120064  0.66120065  0.6655321   0.71373377
  1.30846981  1.34568668]  max|de|= -3.15e-08
IP root 0 E = 0.5046118745953929  qpwt = 0.674774  conv = True
IP root 1 E = 0.5046118745953929  qpwt = 0.674774  conv = True
IP root 2 E = 0.6612006404368954  qpwt = 0.920622  conv = True
IP root 3 E = 0.6612006452146767  qpwt = 0.920622  conv = True
IP root 4 E = 0.6655320976341955  qpwt = 0.943473  conv = True
IP root 5 E = 0.7137337665534641  qpwt = 0.933534  conv = True
IP root 6 E = 1.308469814717141  qpwt = 0.782538  conv = True
IP root 7 E = 1.345686681008117  qpwt = 0.730119  conv = True
    CPU time for IP-CCSD     15.67 sec, wall time     15.67 sec
    CPU time for EOM-CCSD shared one-electron intermediates      0.07 sec, wall time      0.07 sec
    CPU time for EOM-CCSD EA intermediates      9.40 sec, wall time      9.42 sec
tol 1e-07  toloose 0.000316228
max_cycle 200  max_space 236  max_memory 2000  incore True
davidson 0 12  |r|= 0.502  e= [ 0.14487347  0.24360337  0.24360337  0.26646221  0.3259964   0.3259964
  0.49478659  0.53423976  0.55507146  0.58885826  0.58885826  0.77022844]  max|de|= 0.77  lindep=    1
davidson 1 24  |r|= 0.0959  e= [ 0.10345421  0.16191692  0.16191692  0.24329086  0.27238445  0.27238445
  0.4565124   0.41724643  0.5226267   0.54080224  0.54080224  0.70520182]  max|de|= -0.117  lindep= 0.939
davidson 2 33  |r|= 0.0833  e= [ 0.10286771  0.16150527  0.15724265  0.24207224  0.27039717  0.27218586
  0.45435319  0.4109052   0.52074423  0.53631621  0.54080224  0.70122798]  max|de|= -0.00634  lindep= 0.877
davidson 3 45  |r|= 0.0463  e= [ 0.10284086  0.15727756  0.157512    0.24202395  0.27055322  0.27041946
  0.45430632  0.41072504  0.52068016  0.53618824  0.53631651  0.69961834]  max|de|= -0.00449  lindep= 0.857
davidson 4 57  |r|= 0.0495  e= [ 0.10283774  0.15750175  0.15747838  0.24204606  0.27054524  0.27054874
  0.45433698  0.41084858  0.52054868  0.53588953  0.53618833  0.69599446]  max|de|= -0.00362  lindep= 0.882
davidson 5 69  |r|= 0.0393  e= [ 0.10283674  0.15747879  0.15749752  0.2420492   0.27055246  0.27054649
  0.45435578  0.41085444  0.52050324  0.5356738   0.53588958  0.69255738]  max|de|= -0.00344  lindep= 0.872
root 0 converged  |r|= 5.57e-06  e= 0.102836841119  max|de|= 9.85e-08
davidson 6 81  |r|= 0.0288  e= [ 0.10283684  0.15749824  0.15749992  0.2420498   0.27055149  0.27055246
  0.454359    0.41085553  0.52048574  0.53544572  0.53567381  0.6905699 ]  max|de|= -0.00199  lindep= 0.839
davidson 7 92  |r|= 0.0249  e= [ 0.10283683  0.15749988  0.1574997   0.24204991  0.27055138  0.27055138
  0.45436345  0.41085469  0.52049897  0.53547466  0.53544589  0.69019634]  max|de|= -0.000374  lindep= 0.839
root 2 converged  |r|= 8.33e-07  e= 0.157499681659  max|de|= -1.44e-08
root 3 converged  |r|= 9.79e-07  e= 0.242049887336  max|de|= -1.79e-08
root 4 converged  |r|= 1.84e-06  e= 0.27055140158  max|de|= 2.49e-08
root 5 converged  |r|= 1.69e-05  e= 0.2705513631  max|de|= -1.36e-08
root 7 converged  |r|= 9.94e-06  e= 0.410854784742  max|de|= 9.93e-08
davidson 8 102  |r|= 0.0175  e= [ 0.10283684  0.15749971  0.15749968  0.24204989  0.2705514   0.27055136
  0.4543629   0.41085478  0.52050316  0.53541336  0.53547478  0.68960619]  max|de|= -0.00059  lindep= 0.855
root 1 converged  |r|= 5.91e-07  e= 0.157499674033  max|de|= -3.49e-08
davidson 9 108  |r|= 0.00871  e= [ 0.10283684  0.15749967  0.15749968  0.24204989  0.2705514   0.27055136
  0.45436273  0.41085469  0.52049973  0.53538906  0.53541332  0.68923689]  max|de|= -0.000369  lindep= 0.865
root 6 converged  |r|= 2.38e-06  e= 0.454362758827  max|de|= 2.45e-08
davidson 10 113  |r|= 0.00453  e= [ 0.10283684  0.15749967  0.15749968  0.24204989  0.2705514   0.27055136
  0.45436276  0.41085468  0.52049996  0.53539187  0.53538906  0.68923688]  max|de|= -2.43e-05  lindep= 0.865
root 8 converged  |r|= 1.35e-05  e= 0.520499953947  max|de|= -8.48e-09
davidson 11 117  |r|= 0.00266  e= [ 0.10283684  0.15749967  0.15749968  0.24204989  0.2705514   0.27055136
  0.45436276  0.41085468  0.52049995  0.53538348  0.53539187  0.68929736]  max|de|= 6.05e-05  lindep= 0.881
davidson 12 120  |r|= 0.00184  e= [ 0.10283684  0.15749967  0.15749968  0.24204989  0.2705514   0.27055136
  0.45436276  0.41085468  0.52049995  0.53538162  0.53538348  0.68937649]  max|de|= 7.91e-05  lindep= 0.812
davidson 13 123  |r|= 0.00186  e= [ 0.10283684  0.15749967  0.15749968  0.24204989  0.2705514   0.27055136
  0.45436276  0.41085468  0.52049995  0.53538266  0.53538162  0.68943981]  max|de|= 6.33e-05  lindep= 0.871
davidson 14 126  |r|= 0.000995  e= [ 0.10283684  0.15749967  0.15749968  0.24204989  0.2705514   0.27055136
  0.45436276  0.41085468  0.52049995  0.53538295  0.53538266  0.68948528]  max|de|= 4.55e-05  lindep= 0.871
root 9 converged  |r|= 4.92e-06  e= 0.535382866045  max|de|= -8.46e-08
davidson 15 129  |r|= 0.000475  e= [ 0.10283684  0.15749967  0.15749968  0.24204989  0.2705514   0.27055136
  0.45436276  0.41085468  0.52049995  0.53538287  0.53538295  0.68951373]  max|de|= 2.84e-05  lindep= 0.836
davidson 16 131  |r|= 0.000413  e= [ 0.10283684  0.15749967  0.15749968  0.24204989  0.2705514   0.27055136
  0.45436276  0.41085468  0.52049995  0.53538287  0.53538287  0.68952303]  max|de|= 9.3e-06  lindep= 0.849
davidson 17 132  |r|= 0.000225  e= [ 0.10283684  0.15749967  0.15749968  0.24204989  0.2705514   0.27055136
  0.45436276  0.41085468  0.52049995  0.53538287  0.53538287  0.68952744]  max|de|= 4.41e-06  lindep= 0.898
davidson 18 133  |r|= 8.98e-05  e= [ 0.10283684  0.15749967  0.15749968  0.24204989  0.2705514   0.27055136
  0.45436276  0.41085468  0.52049995  0.53538287  0.53538287  0.68952786]  max|de|= 4.2e-07  lindep= 0.888
davidson 19 134  |r|= 3.23e-05  e= [ 0.10283684  0.15749967  0.15749968  0.24204989  0.2705514   0.27055136
  0.45436276  0.41085468  0.52049995  0.53538287  0.53538287  0.68952817]  max|de|= 3.05e-07  lindep= 0.886
root 11 converged  |r|= 1.36e-05  e= 0.68952820742  max|de|= 3.97e-08
converge 20 135  |r|= 1.69e-05  e= [ 0.10283684  0.15749967  0.15749968  0.24204989  0.2705514   0.27055136
  0.45436276  0.41085468  0.52049995  0.53538287  0.53538287  0.68952821]  max|de|= 3.97e-08
EA root 0 E = 0.1028368447601007  qpwt = 0.986757  conv = True
EA root 1 E = 0.1574996740328614  qpwt = 0.966642  conv = True
EA root 2 E = 0.1574996831801976  qpwt = 0.966642  conv = True
EA root 3 E = 0.2420498877573897  qpwt = 0.990296  conv = True
EA root 4 E = 0.2705514015345757  qpwt = 0.984813  conv = True
EA root 5 E = 0.270551364135768  qpwt = 0.984813  conv = True
EA root 6 E = 0.4543627588267416  qpwt = 0.977979  conv = True
EA root 7 E = 0.4108546811257723  qpwt = 0.956255  conv = True
EA root 8 E = 0.5204999539473877  qpwt = 0.980599  conv = True
EA root 9 E = 0.5353828660147655  qpwt = 0.528325  conv = True
EA root 10 E = 0.5353828660147655  qpwt = 0.528325  conv = True
EA root 11 E = 0.6895282074202773  qpwt = 0.563629  conv = True
    CPU time for EA-CCSD    117.58 sec, wall time    117.64 sec
