

******** <class 'pyscf.scf.hf.RHF'> flags ********
method = RHF
initial guess = minao
damping factor = 0
level shift factor = 0
DIIS = <class 'pyscf.scf.diis.CDIIS'>
DIIS start cycle = 1
DIIS space = 8
SCF tol = 1e-09
SCF gradient tol = None
max. SCF cycles = 50
direct_scf = True
direct_scf_tol = 1e-13
chkfile to save SCF result = /tmp/tmpmrvW_J
max_memory 4000 MB (current use 75 MB)
Set gradient conv threshold to 3.16228e-05
Nelec from initial guess = 17.9917016023
cond(S) = 370.391401415
E_coul = 109.732674660601
init E= -198.57627471402
    CPU time for initialize scf      0.19 sec, wall time      0.20 sec
  HOMO = -0.519086984841069  LUMO = -0.229273764274828
  mo_energy =
[-26.4132354  -26.41250095  -1.88243289  -1.47648282  -0.82851922
  -0.73637471  -0.73637471  -0.51908698  -0.51908698  -0.22927376
   0.5992862    0.60046156   0.65513893   0.65513893   0.76310778
   0.76310778   0.77415845   1.07443291   1.87976496   1.87976496
   2.0717237    2.0717237    2.30380647   2.30380647   2.35887424
   2.77194116   2.77194116   2.95067696   3.43611394   3.43611394
   3.47796471   3.67130311   3.67130311   3.7341856    3.90434895
   5.10126019   6.88950759   6.88950759   6.90274784   7.13351752
   7.13351752   7.26882584   7.26882584   7.29633326   7.29633326
   7.41881543   7.41881543   7.80831448   7.80831448   8.34024557
   8.67530252   8.67530252   8.69669061   8.69669061   8.81996811
   8.81996811   9.27920329   9.3322694    9.3322694   10.46727454
  57.8540816   58.65861666]
E_coul = 108.391605693973
cycle= 1 E= -198.740765261288  delta_E= -0.164  |g|= 0.389  |ddm|= 1.08
    CPU time for cycle= 1      0.02 sec, wall time      0.02 sec
diis-norm(errvec)=0.918367
diis-c [-0.84339881  1.        ]
  HOMO = -0.708964090282258  LUMO = 0.0261318886349727
  mo_energy =
[ -2.65321081e+01  -2.65318539e+01  -1.82352320e+00  -1.54073672e+00
  -8.55469499e-01  -8.55469499e-01  -8.10012536e-01  -7.08964090e-01
  -7.08964090e-01   2.61318886e-02   5.99365590e-01   6.16470019e-01
   6.37977165e-01   6.37977165e-01   7.56582456e-01   7.56582456e-01
   7.57713229e-01   1.07385162e+00   1.82852988e+00   1.82852988e+00
   2.05167992e+00   2.05167992e+00   2.28706048e+00   2.28706048e+00
   2.31089169e+00   2.75647149e+00   2.75647149e+00   2.93411179e+00
   3.39373535e+00   3.39373535e+00   3.42632423e+00   3.62725964e+00
   3.62725964e+00   3.71564768e+00   3.89847412e+00   5.03309754e+00
   6.82667862e+00   6.83835229e+00   6.83835229e+00   7.09921932e+00
   7.09921932e+00   7.26663944e+00   7.26663944e+00   7.29411848e+00
   7.29411848e+00   7.37649783e+00   7.37649783e+00   7.72205144e+00
   7.72205144e+00   8.23183526e+00   8.62512197e+00   8.62512197e+00
   8.63834614e+00   8.63834614e+00   8.79187446e+00   8.79187446e+00
   9.20409453e+00   9.28956006e+00   9.28956006e+00   1.03978400e+01
   5.77393126e+01   5.85454645e+01]
E_coul = 109.853027852001
cycle= 2 E= -198.762236835691  delta_E= -0.0215  |g|= 0.134  |ddm|= 0.203
    CPU time for cycle= 2      0.02 sec, wall time      0.02 sec
diis-norm(errvec)=0.264177
diis-c [-0.02912862  0.18264762  0.81735238]
  HOMO = -0.661066917497872  LUMO = 0.0898103978574207
  mo_energy =
[-26.41470744 -26.41446363  -1.76068496  -1.49338059  -0.80611854
  -0.80611854  -0.75110045  -0.66106692  -0.66106692   0.0898104
   0.61323001   0.6301901    0.65615081   0.65615081   0.76784668
   0.76784668   0.78017001   1.09076861   1.87578049   1.87578049
   2.09056201   2.09056201   2.32319536   2.32319536   2.36007349
   2.78979573   2.78979573   2.96886504   3.4456172    3.4456172
   3.49637301   3.6831971    3.6831971    3.75648287   3.93601437
   5.10533249   6.88573446   6.89034603   6.89034603   7.15199374
   7.15199374   7.31893094   7.31893094   7.34635088   7.34635088
   7.43321783   7.43321783   7.79203779   7.79203779   8.31418446
   8.69976213   8.69976213   8.70972833   8.70972833   8.85955118
   8.85955118   9.27584929   9.3498702    9.3498702   10.45900765
  57.85133671  58.65661551]
E_coul = 109.402262250476
cycle= 3 E= -198.764247302352  delta_E= -0.00201  |g|= 0.0225  |ddm|= 0.0505
    CPU time for cycle= 3      0.02 sec, wall time      0.02 sec
diis-norm(errvec)=0.0429918
diis-c [-0.00125705 -0.03356038 -0.03432576  1.06788614]
  HOMO = -0.668281016796915  LUMO = 0.0856317938322901
  mo_energy =
[-26.43495841 -26.43472139  -1.76643008  -1.49914794  -0.81247476
  -0.81247476  -0.75434366  -0.66828102  -0.66828102   0.08563179
   0.61266401   0.62964229   0.65419751   0.65419751   0.76661775
   0.76661775   0.77943659   1.0898549    1.87279365   1.87279365
   2.0880133    2.0880133    2.3204107    2.3204107    2.35593781
   2.78677976   2.78677976   2.96514417   3.43858183   3.43858183
   3.49012097   3.67607824   3.67607824   3.75127126   3.93093903
   5.09933295   6.88114327   6.88563356   6.88563356   7.14742699
   7.14742699   7.31452775   7.31452775   7.34193855   7.34193855
   7.42864166   7.42864166   7.78697611   7.78697611   8.30782328
   8.69139871   8.69139871   8.70135756   8.70135756   8.85119456
   8.85119456   9.26751057   9.34180622   9.34180622  10.45160826
  57.83231651  58.63758849]
E_coul = 109.48919327139
cycle= 4 E= -198.764350964281  delta_E= -0.000104  |g|= 0.00656  |ddm|= 0.0144
    CPU time for cycle= 4      0.01 sec, wall time      0.02 sec
diis-norm(errvec)=0.0106428
diis-c [ -2.68921118e-05  -1.03151433e-02  -4.55430873e-02   1.18056149e-01
   9.37802082e-01]
  HOMO = -0.666500616346768  LUMO = 0.0878458911577868
  mo_energy =
[-26.42873682 -26.42849946  -1.76439759  -1.49684841  -0.81075578
  -0.81075578  -0.75164677  -0.66650062  -0.66650062   0.08784589
   0.61338663   0.63082368   0.65455806   0.65455806   0.7670285
   0.7670285    0.77991992   1.0902914    1.87395789   1.87395789
   2.08919909   2.08919909   2.32164427   2.32164427   2.35737501
   2.78811899   2.78811899   2.96692707   3.44081286   3.44081286
   3.49272424   3.67826022   3.67826022   3.75343365   3.93319194
   5.10138462   6.88296711   6.88751534   6.88751534   7.14934863
   7.14934863   7.31652744   7.31652744   7.34394005   7.34394005
   7.4305611    7.4305611    7.78901048   7.78901048   8.31027201
   8.69439409   8.69439409   8.70441758   8.70441758   8.85424514
   8.85424514   9.27047208   9.34463031   9.34463031  10.45418491
  57.83820697  58.64347645]
E_coul = 109.469657477014
cycle= 5 E= -198.764357619517  delta_E= -6.66e-06  |g|= 0.000871  |ddm|= 0.00356
    CPU time for cycle= 5      0.02 sec, wall time      0.02 sec
diis-norm(errvec)=0.00177022
diis-c [ -9.40001449e-07   3.29988855e-03   7.78838816e-03  -6.03138903e-02
  -1.32083249e-01   1.18130886e+00]
  HOMO = -0.666690654938799  LUMO = 0.0876231972779004
  mo_energy =
[-26.42903667 -26.42879934  -1.76452913  -1.49699883  -0.81091181
  -0.81091181  -0.75164466  -0.66669065  -0.66669065   0.0876232
   0.61335248   0.63079976   0.65449059   0.65449059   0.76697429
   0.76697429   0.77988664   1.09024725   1.87384703   1.87384703
   2.08910775   2.08910775   2.32154214   2.32154214   2.35722061
   2.78796994   2.78796994   2.96677189   3.44064516   3.44064516
   3.49256177   3.67810085   3.67810085   3.75327318   3.9330119
   5.10123745   6.88279886   6.88731274   6.88731274   7.14917501
   7.14917501   7.31639959   7.31639959   7.34381187   7.34381187
   7.43040948   7.43040948   7.78887793   7.78887793   8.3101409
   8.69418838   8.69418838   8.70424107   8.70424107   8.85404945
   8.85404945   9.27022995   9.34436155   9.34436155  10.45390537
  57.83791863  58.64318294]
E_coul = 109.470787014377
cycle= 6 E= -198.764357819762  delta_E= -2e-07  |g|= 0.000121  |ddm|= 0.00072
    CPU time for cycle= 6      0.02 sec, wall time      0.02 sec
diis-norm(errvec)=0.000273761
diis-c [ -4.68707589e-09  -3.19645012e-04  -9.35415718e-04   8.88229552e-03
   1.27567068e-02  -2.78165897e-01   1.25778196e+00]
  HOMO = -0.666686033538878  LUMO = 0.0876185476552828
  mo_energy =
[-26.42902834 -26.42879099  -1.76452127  -1.49700024  -0.81090441
  -0.81090441  -0.75161599  -0.66668603  -0.66668603   0.08761855
   0.61335603   0.63080425   0.65449572   0.65449572   0.76697584
   0.76697584   0.77989483   1.09025004   1.87386178   1.87386178
   2.08911572   2.08911572   2.32154795   2.32154795   2.35723631
   2.78797345   2.78797345   2.96677663   3.44065282   3.44065282
   3.49257651   3.67810994   3.67810994   3.75327529   3.93301134
   5.10125436   6.88281539   6.88732206   6.88732206   7.14918419
   7.14918419   7.31640802   7.31640802   7.34382023   7.34382023
   7.43042217   7.43042217   7.78890025   7.78890025   8.3101683
   8.69420275   8.69420275   8.70425194   8.70425194   8.85405692
   8.85405692   9.27024201   9.34436501   9.34436501  10.45391128
  57.83792643  58.64319019]
E_coul = 109.470721795181
cycle= 7 E= -198.764357823199  delta_E= -3.44e-09  |g|= 9.04e-06  |ddm|= 8.47e-05
    CPU time for cycle= 7      0.02 sec, wall time      0.02 sec
diis-norm(errvec)=1.58091e-05
diis-c [ -8.16822443e-11   6.29085561e-05   1.76586574e-04  -1.78946946e-03
  -2.09550324e-03   5.79363335e-02  -2.78480596e-01   1.22418974e+00]
  HOMO = -0.666684776267884  LUMO = 0.0876185865260356
  mo_energy =
[-26.42902833 -26.42879097  -1.7645214   -1.49700101  -0.81090303
  -0.81090303  -0.75161551  -0.66668478  -0.66668478   0.08761859
   0.61335563   0.63080351   0.65449633   0.65449633   0.76697622
   0.76697622   0.77989501   1.09025022   1.8738626    1.8738626
   2.08911642   2.08911642   2.32154858   2.32154858   2.35723661
   2.78797392   2.78797392   2.96677675   3.4406536    3.4406536
   3.4925768    3.67811074   3.67811074   3.75327514   3.9330113
   5.10125498   6.88281614   6.88732276   6.88732276   7.14918492
   7.14918492   7.31640878   7.31640878   7.34382099   7.34382099
   7.43042293   7.43042293   7.78890107   7.78890107   8.31016906
   8.69420328   8.69420328   8.70425255   8.70425255   8.8540575
   8.8540575    9.2702425    9.34436546   9.34436546  10.45391182
  57.83792668  58.64319044]
E_coul = 109.4707247093
cycle= 8 E= -198.764357823227  delta_E= -2.75e-11  |g|= 9.86e-07  |ddm|= 1.06e-05
    CPU time for cycle= 8      0.02 sec, wall time      0.02 sec
  HOMO = -0.666684748031233  LUMO = 0.0876185438067346
  mo_energy =
[-26.42902834 -26.42879098  -1.76452149  -1.49700117  -0.810903    -0.810903
  -0.75161562  -0.66668475  -0.66668475   0.08761854   0.61335558
   0.63080343   0.65449638   0.65449638   0.76697625   0.76697625
   0.77989499   1.0902502    1.87386259   1.87386259   2.0891164
   2.0891164    2.32154857   2.32154857   2.35723661   2.7879739
   2.7879739    2.96677668   3.44065363   3.44065363   3.49257676
   3.67811077   3.67811077   3.75327509   3.93301126   5.10125496
   6.88281611   6.88732273   6.88732273   7.1491849    7.1491849
   7.31640878   7.31640878   7.34382099   7.34382099   7.43042291
   7.43042291   7.78890105   7.78890105   8.31016905   8.69420327
   8.69420327   8.70425256   8.70425256   8.85405751   8.85405751
   9.27024249   9.34436545   9.34436545  10.4539118   57.83792664
  58.64319041]
E_coul = 109.470723796264
Extra cycle  E= -198.764357823226  delta_E= 1.42e-13  |g|= 2.86e-07  |ddm|= 7.47e-07
    CPU time for scf_cycle      0.36 sec, wall time      0.36 sec
    CPU time for SCF      0.36 sec, wall time      0.57 sec
converged SCF energy = -198.764357823226
RHF E = -198.764357823
RHF eps = [-26.42902834 -26.42879098  -1.76452149  -1.49700117  -0.810903    -0.810903
  -0.75161562  -0.66668475  -0.66668475   0.08761854   0.61335558
   0.63080343   0.65449638   0.65449638   0.76697625   0.76697625
   0.77989499   1.0902502    1.87386259   1.87386259   2.0891164
   2.0891164    2.32154857   2.32154857   2.35723661   2.7879739
   2.7879739    2.96677668   3.44065363   3.44065363   3.49257676
   3.67811077   3.67811077   3.75327509   3.93301126   5.10125496
   6.88281611   6.88732273   6.88732273   7.1491849    7.1491849
   7.31640878   7.31640878   7.34382099   7.34382099   7.43042291
   7.43042291   7.78890105   7.78890105   8.31016905   8.69420327
   8.69420327   8.70425256   8.70425256   8.85405751   8.85405751
   9.27024249   9.34436545   9.34436545  10.4539118   57.83792664
  58.64319041]
    CPU time for CCSD integral transformation      1.63 sec, wall time      1.62 sec

******** <class 'pyscf.cc.rccsd.RCCSD'> flags ********
CCSD nocc = 7, nvir = 53
frozen orbitals [0, 1]
max_cycle = 200
direct = 0
conv_tol = 1e-07
conv_tol_normt = 1e-05
diis_space = 6
diis_start_cycle = 0
diis_start_energy_diff = 1e+09
max_memory 4000 MB (current use 126 MB)
Init t2, MP2 energy = -0.51851559724903
    CPU time for init mp2      0.00 sec, wall time      0.00 sec
    CPU time for vvvv-tau      0.00 sec, wall time      0.00 sec
    CPU time for vvvv [0:53]      0.03 sec, wall time      0.02 sec
    CPU time for vvvv      0.28 sec, wall time      0.28 sec
    CPU time for woooo      0.00 sec, wall time      0.00 sec
max_memory 3873 MB,  nocc,nvir = 7,53  blksize = 7,53
    CPU time for ovvv [0:7]      0.10 sec, wall time      0.10 sec
    CPU time for wOVov [0:7]      0.13 sec, wall time      0.12 sec
    CPU time for woVoV [0:7]      0.06 sec, wall time      0.06 sec
    CPU time for contract occ [0:7]      0.34 sec, wall time      0.33 sec
    CPU time for contract loop      0.62 sec, wall time      0.61 sec
    CPU time for update t1 t2      0.63 sec, wall time      0.63 sec
istep = 0  E(CCSD) = -0.506632577520415  dE = -0.506632578  norm(t1,t2) = 0.0744573
    CPU time for CCSD iter      0.63 sec, wall time      0.63 sec
    CPU time for vvvv-tau      0.00 sec, wall time      0.00 sec
    CPU time for vvvv [0:53]      0.02 sec, wall time      0.02 sec
    CPU time for vvvv      0.28 sec, wall time      0.28 sec
    CPU time for woooo      0.00 sec, wall time      0.00 sec
max_memory 3852 MB,  nocc,nvir = 7,53  blksize = 7,53
    CPU time for ovvv [0:7]      0.09 sec, wall time      0.10 sec
    CPU time for wOVov [0:7]      0.12 sec, wall time      0.12 sec
    CPU time for woVoV [0:7]      0.06 sec, wall time      0.06 sec
    CPU time for contract occ [0:7]      0.32 sec, wall time      0.33 sec
    CPU time for contract loop      0.60 sec, wall time      0.61 sec
    CPU time for update t1 t2      0.61 sec, wall time      0.62 sec
DIIS for step 1
istep = 1  E(CCSD) = -0.522248461957871  dE = -0.0156158844  norm(t1,t2) = 0.0267791
    CPU time for CCSD iter      0.62 sec, wall time      0.62 sec
    CPU time for vvvv-tau      0.00 sec, wall time      0.00 sec
    CPU time for vvvv [0:53]      0.02 sec, wall time      0.02 sec
    CPU time for vvvv      0.28 sec, wall time      0.28 sec
    CPU time for woooo      0.00 sec, wall time      0.00 sec
max_memory 3852 MB,  nocc,nvir = 7,53  blksize = 7,53
    CPU time for ovvv [0:7]      0.10 sec, wall time      0.09 sec
    CPU time for wOVov [0:7]      0.11 sec, wall time      0.12 sec
    CPU time for woVoV [0:7]      0.06 sec, wall time      0.06 sec
    CPU time for contract occ [0:7]      0.33 sec, wall time      0.32 sec
    CPU time for contract loop      0.61 sec, wall time      0.60 sec
    CPU time for update t1 t2      0.62 sec, wall time      0.61 sec
diis-c [ -5.44532532e-05   1.00000000e+00]
DIIS for step 2
istep = 2  E(CCSD) = -0.521489804140176  dE = 0.000758657818  norm(t1,t2) = 0.0110385
    CPU time for CCSD iter      0.62 sec, wall time      0.62 sec
    CPU time for vvvv-tau      0.00 sec, wall time      0.00 sec
    CPU time for vvvv [0:53]      0.02 sec, wall time      0.02 sec
    CPU time for vvvv      0.28 sec, wall time      0.28 sec
    CPU time for woooo      0.00 sec, wall time      0.00 sec
max_memory 3852 MB,  nocc,nvir = 7,53  blksize = 7,53
    CPU time for ovvv [0:7]      0.09 sec, wall time      0.09 sec
    CPU time for wOVov [0:7]      0.12 sec, wall time      0.12 sec
    CPU time for woVoV [0:7]      0.06 sec, wall time      0.06 sec
    CPU time for contract occ [0:7]      0.32 sec, wall time      0.32 sec
    CPU time for contract loop      0.60 sec, wall time      0.60 sec
    CPU time for update t1 t2      0.61 sec, wall time      0.61 sec
diis-c [ -1.63756742e-05  -2.63041077e-01   1.26304108e+00]
DIIS for step 3
istep = 3  E(CCSD) = -0.523407386857225  dE = -0.00191758272  norm(t1,t2) = 0.00531164
    CPU time for CCSD iter      0.61 sec, wall time      0.62 sec
    CPU time for vvvv-tau      0.00 sec, wall time      0.00 sec
    CPU time for vvvv [0:53]      0.02 sec, wall time      0.02 sec
    CPU time for vvvv      0.28 sec, wall time      0.28 sec
    CPU time for woooo      0.00 sec, wall time      0.00 sec
max_memory 3852 MB,  nocc,nvir = 7,53  blksize = 7,53
    CPU time for ovvv [0:7]      0.10 sec, wall time      0.10 sec
    CPU time for wOVov [0:7]      0.12 sec, wall time      0.12 sec
    CPU time for woVoV [0:7]      0.06 sec, wall time      0.06 sec
    CPU time for contract occ [0:7]      0.33 sec, wall time      0.33 sec
    CPU time for contract loop      0.61 sec, wall time      0.61 sec
    CPU time for update t1 t2      0.62 sec, wall time      0.62 sec
diis-c [ -6.54438111e-07  -2.29193194e-01   8.45778955e-03   1.22073540e+00]
DIIS for step 4
istep = 4  E(CCSD) = -0.523515076891704  dE = -0.000107690034  norm(t1,t2) = 0.00227458
    CPU time for CCSD iter      0.63 sec, wall time      0.62 sec
    CPU time for vvvv-tau      0.00 sec, wall time      0.00 sec
    CPU time for vvvv [0:53]      0.02 sec, wall time      0.02 sec
    CPU time for vvvv      0.27 sec, wall time      0.28 sec
    CPU time for woooo      0.00 sec, wall time      0.00 sec
max_memory 3848 MB,  nocc,nvir = 7,53  blksize = 7,53
    CPU time for ovvv [0:7]      0.10 sec, wall time      0.09 sec
    CPU time for wOVov [0:7]      0.12 sec, wall time      0.12 sec
    CPU time for woVoV [0:7]      0.06 sec, wall time      0.06 sec
    CPU time for contract occ [0:7]      0.33 sec, wall time      0.32 sec
    CPU time for contract loop      0.60 sec, wall time      0.60 sec
    CPU time for update t1 t2      0.61 sec, wall time      0.61 sec
diis-c [ -9.96503486e-08   2.29309090e-01  -5.58198633e-02  -1.17979237e+00
   2.00630314e+00]
DIIS for step 5
istep = 5  E(CCSD) = -0.523445665158334  dE = 6.94117334e-05  norm(t1,t2) = 0.000585559
    CPU time for CCSD iter      0.62 sec, wall time      0.62 sec
    CPU time for vvvv-tau      0.00 sec, wall time      0.00 sec
    CPU time for vvvv [0:53]      0.01 sec, wall time      0.02 sec
    CPU time for vvvv      0.26 sec, wall time      0.27 sec
    CPU time for woooo      0.00 sec, wall time      0.00 sec
max_memory 3848 MB,  nocc,nvir = 7,53  blksize = 7,53
    CPU time for ovvv [0:7]      0.10 sec, wall time      0.09 sec
    CPU time for wOVov [0:7]      0.12 sec, wall time      0.12 sec
    CPU time for woVoV [0:7]      0.06 sec, wall time      0.06 sec
    CPU time for contract occ [0:7]      0.33 sec, wall time      0.33 sec
    CPU time for contract loop      0.59 sec, wall time      0.60 sec
    CPU time for update t1 t2      0.61 sec, wall time      0.61 sec
diis-c [ -1.41494413e-08  -6.70155978e-03   1.61937276e-02  -1.01636838e-02
  -3.21635394e-01   1.32230691e+00]
DIIS for step 6
istep = 6  E(CCSD) = -0.523474421502973  dE = -2.87563446e-05  norm(t1,t2) = 0.00020223
    CPU time for CCSD iter      0.61 sec, wall time      0.62 sec
    CPU time for vvvv-tau      0.00 sec, wall time      0.00 sec
    CPU time for vvvv [0:53]      0.02 sec, wall time      0.02 sec
    CPU time for vvvv      0.27 sec, wall time      0.28 sec
    CPU time for woooo      0.00 sec, wall time      0.00 sec
max_memory 3848 MB,  nocc,nvir = 7,53  blksize = 7,53
    CPU time for ovvv [0:7]      0.10 sec, wall time      0.09 sec
    CPU time for wOVov [0:7]      0.12 sec, wall time      0.12 sec
    CPU time for woVoV [0:7]      0.06 sec, wall time      0.06 sec
    CPU time for contract occ [0:7]      0.33 sec, wall time      0.32 sec
    CPU time for contract loop      0.60 sec, wall time      0.60 sec
    CPU time for update t1 t2      0.61 sec, wall time      0.61 sec
diis-c [ -6.55565241e-10  -5.04005967e-02   1.83249296e-02   2.55878746e-01
  -3.38503694e-01  -3.61649862e-01   1.47635048e+00]
DIIS for step 7
istep = 7  E(CCSD) = -0.523470147278338  dE = 4.27422463e-06  norm(t1,t2) = 9.06977e-05
    CPU time for CCSD iter      0.62 sec, wall time      0.62 sec
    CPU time for vvvv-tau      0.00 sec, wall time      0.00 sec
    CPU time for vvvv [0:53]      0.02 sec, wall time      0.02 sec
    CPU time for vvvv      0.27 sec, wall time      0.28 sec
    CPU time for woooo      0.00 sec, wall time      0.00 sec
max_memory 3847 MB,  nocc,nvir = 7,53  blksize = 7,53
    CPU time for ovvv [0:7]      0.10 sec, wall time      0.10 sec
    CPU time for wOVov [0:7]      0.12 sec, wall time      0.12 sec
    CPU time for woVoV [0:7]      0.06 sec, wall time      0.06 sec
    CPU time for contract occ [0:7]      0.33 sec, wall time      0.33 sec
    CPU time for contract loop      0.60 sec, wall time      0.61 sec
    CPU time for update t1 t2      0.61 sec, wall time      0.62 sec
diis-c [ -9.81697779e-11   1.08155595e+00  -1.10557905e-03   1.23843189e-03
   8.06120165e-03  -2.17947467e-02  -6.79552613e-02]
DIIS for step 8
istep = 8  E(CCSD) = -0.523468914870193  dE = 1.23240814e-06  norm(t1,t2) = 1.67115e-05
    CPU time for CCSD iter      0.62 sec, wall time      0.63 sec
    CPU time for vvvv-tau      0.00 sec, wall time      0.00 sec
    CPU time for vvvv [0:53]      0.02 sec, wall time      0.02 sec
    CPU time for vvvv      0.28 sec, wall time      0.28 sec
    CPU time for woooo      0.00 sec, wall time      0.00 sec
max_memory 3846 MB,  nocc,nvir = 7,53  blksize = 7,53
    CPU time for ovvv [0:7]      0.11 sec, wall time      0.10 sec
    CPU time for wOVov [0:7]      0.11 sec, wall time      0.12 sec
    CPU time for woVoV [0:7]      0.07 sec, wall time      0.06 sec
    CPU time for contract occ [0:7]      0.34 sec, wall time      0.34 sec
    CPU time for contract loop      0.62 sec, wall time      0.61 sec
    CPU time for update t1 t2      0.63 sec, wall time      0.62 sec
diis-c [ -3.44330120e-12  -6.01458004e-01   1.58446089e+00   2.34464797e-04
  -4.60422973e-03   1.73389502e-02   4.02792501e-03]
DIIS for step 9
istep = 9  E(CCSD) = -0.523468488039111  dE = 4.26831082e-07  norm(t1,t2) = 6.52265e-06
    CPU time for CCSD iter      0.64 sec, wall time      0.63 sec
    CPU time for vvvv-tau      0.00 sec, wall time      0.00 sec
    CPU time for vvvv [0:53]      0.01 sec, wall time      0.02 sec
    CPU time for vvvv      0.27 sec, wall time      0.28 sec
    CPU time for woooo      0.00 sec, wall time      0.00 sec
max_memory 3846 MB,  nocc,nvir = 7,53  blksize = 7,53
    CPU time for ovvv [0:7]      0.10 sec, wall time      0.10 sec
    CPU time for wOVov [0:7]      0.11 sec, wall time      0.12 sec
    CPU time for woVoV [0:7]      0.07 sec, wall time      0.06 sec
    CPU time for contract occ [0:7]      0.33 sec, wall time      0.33 sec
    CPU time for contract loop      0.61 sec, wall time      0.61 sec
    CPU time for update t1 t2      0.62 sec, wall time      0.62 sec
diis-c [ -3.29847261e-13  -5.65277555e-02   3.21852165e-02   1.02283974e+00
  -1.09178703e-04   7.83037565e-04   8.28939965e-04]
DIIS for step 10
istep = 10  E(CCSD) = -0.523468479414408  dE = 8.62470328e-09  norm(t1,t2) = 1.12406e-06
    CPU time for CCSD iter      0.63 sec, wall time      0.63 sec
    CPU time for CCSD      6.85 sec, wall time      6.84 sec
CCSD converged
E(CCSD) = -199.2878263026408  E_corr = -0.5234684794144079
    CPU time for EOM-CCSD shared one-electron intermediates      0.01 sec, wall time      0.01 sec
    CPU time for EOM-CCSD shared two-electron intermediates      0.05 sec, wall time      0.05 sec
    CPU time for EOM-CCSD IP intermediates      0.07 sec, wall time      0.07 sec
tol 1e-07  toloose 0.000316228
max_cycle 200  max_space 221  max_memory 2000  incore True
davidson 0 7  |r|= 0.574  e= [ 0.74516005  0.74516005  0.88910731  0.87738372  0.87738372  1.55482544
  1.81462076]  max|de|= 1.81  lindep=    1
davidson 1 14  |r|= 0.177  e= [ 0.57176401  0.57176401  0.77585087  0.69701544  0.69701544  1.31605282
  1.56150719]  max|de|= -0.253  lindep= 0.914
davidson 2 19  |r|= 0.276  e= [ 0.57068215  0.57176449  0.77409624  0.69343176  0.69701571  1.27812862
  1.5152874 ]  max|de|= -0.0462  lindep= 0.86
davidson 3 26  |r|= 0.257  e= [ 0.57071442  0.5706826   0.77501926  0.69284186  0.6934319   1.3436761
  1.6055819 ]  max|de|= 0.0903  lindep= 0.822
davidson 4 33  |r|= 0.43  e= [ 0.57064999  0.57071468  0.77499831  0.69275299  0.69284178  1.27433155
  1.5192634 ]  max|de|= -0.0863  lindep= 0.795
davidson 5 40  |r|= 0.345  e= [ 0.57064633  0.57064992  0.7749558   0.69280759  0.69275282  1.42865547
  1.6022721 ]  max|de|= 0.154  lindep= 0.825
davidson 6 47  |r|= 0.104  e= [ 0.57064513  0.57064629  0.77496509  0.69283247  0.69280758  1.42104583
  1.58571594]  max|de|= -0.0166  lindep= 0.879
davidson 7 54  |r|= 0.0359  e= [ 0.57064575  0.57064512  0.77496747  0.69283755  0.69283247  1.41962905
  1.58386154]  max|de|= -0.00185  lindep= 0.899
davidson 8 61  |r|= 0.0401  e= [ 0.57064587  0.57064575  0.77496676  0.69283778  0.69283756  1.41855252
  1.58453225]  max|de|= -0.00108  lindep= 0.902
root 0 converged  |r|= 1.23e-07  e= 0.570645899183  max|de|= 2.56e-08
root 2 converged  |r|= 1.24e-06  e= 0.77496680845  max|de|= 5.24e-08
root 3 converged  |r|= 6.57e-07  e= 0.692837756158  max|de|= -2.35e-08
davidson 9 68  |r|= 0.0176  e= [ 0.5706459   0.57064587  0.77496681  0.69283776  0.69283778  1.41737167
  1.58477899]  max|de|= -0.00118  lindep= 0.879
root 0 converged  |r|= 9.68e-08  e= 0.570645899187  max|de|= 2.54e-08
root 1 converged  |r|= 9.68e-08  e= 0.570645899187  max|de|= 2.54e-08
root 3 converged  |r|= 4.95e-07  e= 0.692837756082  max|de|= -2.35e-08
root 4 converged  |r|= 4.95e-07  e= 0.692837756082  max|de|= -2.35e-08
davidson 10 72  |r|= 0.0137  e= [ 0.5706459   0.5706459   0.77496681  0.69283776  0.69283776  1.4169107
  1.58442457]  max|de|= -0.000461  lindep= 0.828
davidson 11 74  |r|= 0.183  e= [ 0.5706459   0.5706459   0.77496681  0.69283776  0.69283776  1.41697215
  1.58966898]  max|de|= 0.00524  lindep= 0.745
davidson 12 76  |r|= 0.00779  e= [ 0.5706459   0.5706459   0.77496681  0.69283776  0.69283776  1.41699396
  1.58430904]  max|de|= -0.00536  lindep= 0.848
davidson 13 78  |r|= 0.00195  e= [ 0.5706459   0.5706459   0.77496681  0.69283776  0.69283776  1.4170651
  1.58427173]  max|de|= 7.11e-05  lindep= 0.909
davidson 14 80  |r|= 0.00522  e= [ 0.5706459   0.5706459   0.77496681  0.69283776  0.69283776  1.41706169
  1.58426687]  max|de|= -4.86e-06  lindep= 0.869
davidson 15 82  |r|= 0.000749  e= [ 0.5706459   0.5706459   0.77496681  0.69283776  0.69283776  1.41706493
  1.58428507]  max|de|= 1.82e-05  lindep= 0.897
davidson 16 84  |r|= 0.00111  e= [ 0.5706459   0.5706459   0.77496681  0.69283776  0.69283776  1.41706703
  1.58428587]  max|de|= 2.1e-06  lindep= 0.863
davidson 17 86  |r|= 0.000241  e= [ 0.5706459   0.5706459   0.77496682  0.69283776  0.69283776  1.41706736
  1.58427909]  max|de|= -6.77e-06  lindep=  0.9
root 5 converged  |r|= 6.15e-06  e= 1.41706745525  max|de|= 9.68e-08
davidson 18 88  |r|= 8.23e-05  e= [ 0.5706459   0.5706459   0.77496682  0.69283776  0.69283776  1.41706746
  1.58427588]  max|de|= -3.21e-06  lindep= 0.91
davidson 19 89  |r|= 2.87e-05  e= [ 0.5706459   0.5706459   0.77496682  0.69283776  0.69283776  1.41706746
  1.58427624]  max|de|= 3.66e-07  lindep= 0.848
davidson 20 90  |r|= 9.77e-06  e= [ 0.5706459   0.5706459   0.77496681  0.69283776  0.69283776  1.41706746
  1.58427714]  max|de|= 9.02e-07  lindep= 0.889
davidson 21 91  |r|= 6.15e-06  e= [ 0.5706459   0.5706459   0.7749668   0.69283776  0.69283776  1.41706746
  1.58427737]  max|de|= 2.3e-07  lindep= 0.881
root 6 converged  |r|= 1.53e-06  e= 1.58427738365  max|de|= 9.73e-09
converge 22 92  |r|= 6.15e-06  e= [ 0.5706459   0.5706459   0.7749668   0.69283776  0.69283776  1.41706746
  1.58427738]  max|de|= 9.73e-09
IP root 0 E = 0.570645899186897  qpwt = 0.595066  conv = True
IP root 1 E = 0.570645899186897  qpwt = 0.595066  conv = True
IP root 2 E = 0.7749668010752873  qpwt = 0.966128  conv = True
IP root 3 E = 0.6928377596388942  qpwt = 0.630735  conv = True
IP root 4 E = 0.6928377596388942  qpwt = 0.630735  conv = True
IP root 5 E = 1.41706745525414  qpwt = 0.513786  conv = True
IP root 6 E = 1.584277383653992  qpwt = 0.750601  conv = True
    CPU time for IP-CCSD      2.78 sec, wall time      2.79 sec
    CPU time for EOM-CCSD shared one-electron intermediates      0.01 sec, wall time      0.01 sec
    CPU time for EOM-CCSD EA intermediates      2.23 sec, wall time      2.23 sec
tol 1e-07  toloose 0.000316228
max_cycle 200  max_space 236  max_memory 2000  incore True
davidson 0 12  |r|= 0.662  e= [ 0.17312304  0.62505013  0.65225083  0.67605935  0.67605935  0.78093649
  0.78093649  0.78477639  1.09557547  1.8871203   1.8871203   2.09863979]  max|de|=  2.1  lindep=    1
davidson 1 24  |r|= 0.152  e= [ 0.01411769  0.5682382   0.56840524  0.62991951  0.62991951  0.74061443
  0.74061443  0.72718224  1.0502119   1.78644723  1.78644723  2.00894957]  max|de|= -0.159  lindep= 0.895
davidson 2 33  |r|= 0.242  e= [ 0.01417481  0.56509733  0.56360124  0.62724408  0.62987473  0.72944449
  0.74061443  0.71158795  1.0412334   1.79783675  1.78575899  1.98703929]  max|de|= -0.0219  lindep= 0.728
davidson 3 45  |r|= 0.194  e= [ 0.01445204  0.56425516  0.56352715  0.62468232  0.62705398  0.74059239
  0.72944278  0.73629171  1.03627102  1.77680566  1.79317691  2.0005649 ]  max|de|= 0.0247  lindep= 0.719
davidson 4 57  |r|= 0.206  e= [ 0.01447167  0.56388307  0.56370729  0.61947279  0.62414229  0.73875835
  0.7405917   0.72815276  1.05345658  1.79019549  1.77520991  1.98490991]  max|de|= -0.018  lindep= 0.822
davidson 5 69  |r|= 0.229  e= [ 0.01447207  0.56387114  0.5637449   0.63758816  0.61884969  0.7386888
  0.73875831  0.72675211  1.04174269  1.77704283  1.78913246  2.00057216]  max|de|= 0.0181  lindep= 0.819
davidson 6 81  |r|= 0.296  e= [ 0.01447235  0.56387974  0.56374987  0.63737003  0.63755684  0.73875572
  0.73868879  0.72651085  1.0387121   1.80054879  1.77710049  1.99037583]  max|de|= 0.0235  lindep= 0.831
root 0 converged  |r|= 3.22e-07  e= 0.0144723867625  max|de|= 3.42e-08
davidson 7 93  |r|= 0.279  e= [ 0.01447239  0.56387782  0.56375046  0.63733306  0.61656402  0.73880593
  0.73875574  0.72647861  1.04842985  1.77821908  1.79800442  2.0016104 ]  max|de|= -0.0223  lindep= 0.826
davidson 8 104  |r|= 0.312  e= [ 0.01447239  0.56387642  0.56375015  0.63734699  0.63734699  0.73881202
  0.73880592  0.72648081  1.04710913  1.75508807  1.7798622   1.99401048]  max|de|= -0.0231  lindep= 0.829
root 2 converged  |r|= 1.52e-06  e= 0.563750129556  max|de|= -2.27e-08
davidson 9 114  |r|= 0.253  e= [ 0.01447239  0.56387628  0.56375013  0.63733328  0.63735065  0.73880064
  0.73881202  0.72647603  1.04688269  1.78553932  1.76435279  2.00068372]  max|de|= 0.0305  lindep= 0.77
root 1 converged  |r|= 2.39e-06  e= 0.56387624142  max|de|= -3.45e-08
davidson 10 124  |r|= 0.39  e= [ 0.01447239  0.56387624  0.56375013  0.61644105  0.61641662  0.73879777
  0.73880064  0.72647371  1.04695421  1.76116079  1.79893657  1.99772311]  max|de|= 0.0346  lindep= 0.833
root 5 converged  |r|= 3.05e-05  e= 0.73879785522  max|de|= 8.88e-08
davidson 11 133  |r|=  0.4  e= [ 0.01447239  0.56387623  0.56375013  0.63733243  0.63732977  0.73879786
  0.73879777  0.72647319  1.04703532  1.79356467  1.76543446  2.01056571]  max|de|= -0.0335  lindep= 0.831
davidson 12 141  |r|= 0.212  e= [ 0.01447239  0.56387623  0.56375013  0.63733196  0.61642808  0.73879785
  0.73879785  0.72647286  1.04710208  1.77868555  1.78576152  1.9968258 ]  max|de|= -0.0209  lindep= 0.789
davidson 13 148  |r|= 0.521  e= [ 0.01447239  0.56387622  0.56375013  0.63733216  0.61642832  0.73879785
  0.73879785  0.72647274  1.04711654  1.80111744  1.77608388  2.00570528]  max|de|= 0.0224  lindep= 0.784
root 7 converged  |r|= 2.09e-06  e= 0.726472783478  max|de|= 4.54e-08
davidson 14 155  |r|= 0.245  e= [ 0.01447239  0.56387622  0.56375012  0.63733229  0.61642799  0.73879785
  0.73879785  0.72647278  1.04711354  1.78446113  1.79868776  1.99631212]  max|de|= 0.0226  lindep= 0.814
root 3 converged  |r|= 2.88e-06  e= 0.637332308625  max|de|= 2.05e-08
root 4 converged  |r|= 8.96e-06  e= 0.616428002716  max|de|= 7.77e-09
davidson 15 161  |r|= 0.398  e= [ 0.01447239  0.56387622  0.56375012  0.63733231  0.616428    0.73879785
  0.73879785  0.72647278  1.0471278   1.75074542  1.77759352  2.01093066]  max|de|= -0.0337  lindep= 0.77
davidson 16 165  |r|= 0.189  e= [ 0.01447239  0.56387622  0.56375012  0.63733233  0.61642801  0.73879785
  0.73879785  0.72647278  1.04713069  1.80089315  1.78581682  1.99708703]  max|de|= 0.0233  lindep= 0.764
davidson 17 169  |r|= 0.301  e= [ 0.01447239  0.56387622  0.56375012  0.63733232  0.616428    0.73879785
  0.73879785  0.72647278  1.04713232  1.81130882  1.77789215  1.98706317]  max|de|= 0.0255  lindep= 0.83
davidson 18 173  |r|= 0.207  e= [ 0.01447239  0.56387622  0.56375013  0.63733232  0.61642799  0.73879785
  0.73879785  0.72647278  1.04712882  1.79229793  1.79229793  2.00144574]  max|de|= -0.019  lindep= 0.812
davidson 19 176  |r|= 0.461  e= [ 0.01447239  0.56387623  0.56375013  0.63733231  0.61642799  0.73879785
  0.73879785  0.72647279  1.04712871  1.75262432  1.79358044  2.01170098]  max|de|= -0.0397  lindep= 0.729
davidson 20 180  |r|= 0.402  e= [ 0.01447239  0.56387623  0.56375013  0.63733231  0.61642799  0.73879781
  0.73879778  0.72647279  1.04712354  1.79960522  1.76074837  2.00101775]  max|de|= 0.047  lindep= 0.811
davidson 21 184  |r|= 0.333  e= [ 0.01447239  0.56387623  0.56375013  0.63733231  0.61642799  0.73879775
  0.73879775  0.72647279  1.04714239  1.77766326  1.76095366  1.99700082]  max|de|= -0.0219  lindep= 0.816
davidson 22 188  |r|= 0.334  e= [ 0.01447239  0.56387623  0.56375014  0.63733232  0.61642799  0.73879779
  0.73879772  0.72647279  1.04713458  1.78853526  1.80484869  2.00074424]  max|de|= 0.0439  lindep= 0.757
davidson 23 192  |r|= 0.26  e= [ 0.01447239  0.56387623  0.56375014  0.63733232  0.61642799  0.73879782
  0.73879771  0.72647279  1.04713016  1.80903099  1.77675861  1.99853473]  max|de|= -0.0118  lindep= 0.784
davidson 24 196  |r|= 0.223  e= [ 0.01447239  0.56387623  0.56375014  0.63733233  0.61642798  0.73879771
  0.73879771  0.72647279  1.04712774  1.79429553  1.81192756  1.99974321]  max|de|= 0.0352  lindep= 0.789
root 6 converged  |r|= 1.93e-05  e= 0.738797714004  max|de|= 8.87e-09
root 8 converged  |r|= 0.000275  e= 1.04712776837  max|de|= 2.57e-08
davidson 25 201  |r|= 0.391  e= [ 0.01447239  0.56387623  0.56375014  0.63733233  0.61642799  0.73879736
  0.73879771  0.72647279  1.04712777  1.77256891  1.77256891  1.98801829]  max|de|= -0.0217  lindep= 0.813
root 5 converged  |r|= 3.22e-06  e= 0.738797318749  max|de|= -3.89e-08
davidson 26 204  |r|= 0.337  e= [ 0.01447239  0.56387623  0.56375014  0.63733233  0.61642799  0.73879732
  0.73879771  0.72647279  1.04712814  1.8011636   1.80245628  2.00153308]  max|de|= 0.0299  lindep= 0.803
davidson 27 208  |r|= 0.273  e= [ 0.01447239  0.56387623  0.56375014  0.63733233  0.61642799  0.73879732
  0.73879774  0.72647279  1.04712852  1.80086847  1.76891993  2.00138433]  max|de|= -0.0335  lindep= 0.827
davidson 28 212  |r|= 0.318  e= [ 0.01447239  0.56387623  0.56375014  0.63733233  0.61642799  0.73879732
  0.73879766  0.72647279  1.04712111  1.76482383  1.75265222  1.99354129]  max|de|= -0.036  lindep= 0.835
davidson 29 216  |r|= 0.309  e= [ 0.01447239  0.56387623  0.56375013  0.63733233  0.61642799  0.73879732
  0.73879767  0.72647279  1.04713003  1.80650165  1.79361945  2.00109696]  max|de|= 0.0417  lindep= 0.815
davidson 30 220  |r|= 0.28  e= [ 0.01447239  0.56387623  0.56375014  0.63733233  0.61642799  0.73879733
  0.73879761  0.72647279  1.04712921  1.79632454  1.77018288  2.00004783]  max|de|= -0.0234  lindep= 0.793
root 8 converged  |r|= 6.91e-05  e= 1.04712931318  max|de|= 9.96e-08
davidson 31 224  |r|= 0.266  e= [ 0.01447239  0.56387623  0.56375014  0.63733233  0.61642799  0.73879733
  0.73879761  0.72647279  1.04712931  1.7651679   1.80284838  1.99759746]  max|de|= 0.0327  lindep= 0.802
davidson 32 227  |r|= 0.361  e= [ 0.01447239  0.56387623  0.56375014  0.63733233  0.61642799  0.73879733
  0.73879761  0.72647279  1.04712906  1.80247189  1.78234761  1.99348203]  max|de|= 0.0373  lindep= 0.827
root 8 converged  |r|= 6.56e-05  e= 1.04712905564  max|de|= -2.22e-15
davidson 33 12  |r|= 0.361  e= [ 0.01447239  0.56387623  0.56375014  0.63733233  0.61642799  0.73879733
  0.73879761  0.72647279  1.04712906  1.80247189  1.78234761  1.99348203]  max|de|= 9.33e-15  lindep= 0.991
davidson 34 15  |r|= 0.675  e= [ 0.01447239  0.56387623  0.56375013  0.63733233  0.61642799  0.73879733
  0.7387976   0.72647279  1.04712922  1.79275465  1.76149992  1.92273524]  max|de|= -0.0707  lindep= 0.752
root 8 converged  |r|= 4.02e-05  e= 1.0471291203  max|de|= -9.49e-08
davidson 35 19  |r|= 0.487  e= [ 0.01447239  0.56387623  0.56375013  0.63733233  0.61642799  0.73879733
  0.73879757  0.72647279  1.04712912  1.8039385   1.78749251  1.99191897]  max|de|= 0.0692  lindep= 0.798
davidson 36 22  |r|= 1.23  e= [ 0.01447239  0.56387623  0.56375013  0.63733233  0.61642799  0.73879733
  0.73879756  0.72647278  1.04712836  1.79435533  1.75854926  1.89778988]  max|de|= -0.0941  lindep= 0.822
davidson 37 26  |r|= 0.608  e= [ 0.01447239  0.56387623  0.56375013  0.63733233  0.61642799  0.73879733
  0.73879754  0.72647278  1.04712922  1.79997051  1.7770093   1.96390595]  max|de|= 0.0661  lindep= 0.722
davidson 38 30  |r|= 0.632  e= [ 0.01447239  0.56387623  0.56375013  0.63733233  0.61642799  0.73879733
  0.7387975   0.72647278  1.04712851  1.80954641  1.80335085  2.00391256]  max|de|= 0.04  lindep= 0.737
davidson 39 34  |r|=  0.6  e= [ 0.01447239  0.56387623  0.56375013  0.63733233  0.61642799  0.73879733
  0.73879752  0.72647279  1.0471282   1.8049906   1.7897119   1.95731398]  max|de|= -0.0466  lindep= 0.759
davidson 40 38  |r|= 0.517  e= [ 0.01447239  0.56387623  0.56375013  0.63733233  0.66234631  0.73879733
  0.7387975   0.72647278  1.0471285   1.81071075  1.7903402   1.99381087]  max|de|= 0.0459  lindep= 0.773
davidson 41 43  |r|= 1.09  e= [ 0.01447239  0.56387623  0.56375013  0.63733233  0.64236441  0.73879733
  0.73879751  0.72647278  1.04712885  1.80572575  1.7887801   1.91470237]  max|de|= -0.0791  lindep= 0.715
davidson 42 48  |r|= 0.519  e= [ 0.01447239  0.56387623  0.56375013  0.63733233  0.61642799  0.73879733
  0.7387975   0.72647278  1.0472319   1.80488001  1.77144227  1.98279356]  max|de|= 0.0681  lindep= 0.806
root 4 converged  |r|= 1.49e-06  e= 0.616427996652  max|de|= 4.22e-09
davidson 43 53  |r|= 0.524  e= [ 0.01447239  0.56387623  0.56375013  0.63733233  0.616428    0.73879733
  0.7387975   0.72647278  1.04712774  1.79913703  1.77871419  1.9817135 ]  max|de|= 0.00727  lindep= 0.779
davidson 44 57  |r|= 1.38  e= [ 0.01447239  0.56387623  0.56375013  0.63733233  0.616428    0.73879733
  0.7387975   0.72647278  1.04713032  1.80717383  1.80278528  2.03178631]  max|de|= 0.0501  lindep= 0.793
davidson 45 61  |r|= 0.738  e= [ 0.01447239  0.56387623  0.56375013  0.63733233  0.616428    0.73879733
  0.73879749  0.72647278  1.04712873  1.79020473  1.80766968  1.96357275]  max|de|= -0.0682  lindep= 0.777
davidson 46 65  |r|= 0.651  e= [ 0.01447239  0.56387623  0.56375013  0.63733233  0.616428    0.73879733
  0.73879749  0.72647278  1.04712815  1.80589421  1.76916295  2.03960708]  max|de|= 0.076  lindep= 0.779
davidson 47 69  |r|= 0.618  e= [ 0.01447239  0.56387623  0.56375013  0.63733233  0.616428    0.73879733
  0.73879748  0.72647278  1.04712771  1.7952366   1.75408238  2.00033905]  max|de|= -0.0393  lindep= 0.811
davidson 48 73  |r|= 0.774  e= [ 0.01447239  0.56387623  0.56375013  0.63733233  0.616428    0.73879733
  0.73879748  0.72647278  1.04712884  1.81148094  1.78657054  2.04702733]  max|de|= 0.0467  lindep= 0.818
davidson 49 77  |r|= 0.473  e= [ 0.01447239  0.56387623  0.56375013  0.63733233  0.616428    0.73879733
  0.73879746  0.72647278  1.04713083  1.80342505  1.77296043  2.00704344]  max|de|= -0.04  lindep= 0.809
davidson 50 81  |r|= 0.619  e= [ 0.01447239  0.56387623  0.56375013  0.63733233  0.616428    0.73879733
  0.73879746  0.72647278  1.04713253  1.81628177  1.79472248  2.03013084]  max|de|= 0.0231  lindep= 0.803
davidson 51 85  |r|= 0.547  e= [ 0.01447239  0.56387623  0.56375013  0.63733233  0.616428    0.73879733
  0.73879746  0.72647278  1.04712903  1.80305413  1.77875356  2.01086278]  max|de|= -0.0193  lindep= 0.818
root 8 converged  |r|= 1.76e-05  e= 1.04712894802  max|de|= -7.89e-08
davidson 52 89  |r|= 0.406  e= [ 0.01447239  0.56387623  0.56375013  0.63733233  0.616428    0.73879733
  0.73879745  0.72647278  1.04712895  1.81452405  1.7698843   1.97885693]  max|de|= -0.032  lindep= 0.799
davidson 53 92  |r|= 0.312  e= [ 0.01447239  0.56387623  0.56375013  0.63733233  0.616428    0.73879733
  0.73879745  0.72647278  1.04712887  1.8042804   1.78463196  2.00007699]  max|de|= 0.0212  lindep= 0.814
davidson 54 95  |r|= 0.428  e= [ 0.01447239  0.56387623  0.56375013  0.63733233  0.616428    0.73879733
  0.73879744  0.72647278  1.04712869  1.81958084  1.77142878  1.97623389]  max|de|= -0.0238  lindep= 0.778
davidson 55 99  |r|= 0.323  e= [ 0.01447239  0.56387623  0.56375013  0.63733233  0.616428    0.73879733
  0.73879744  0.72647278  1.04712779  1.80538077  1.78574887  2.00098971]  max|de|= 0.0248  lindep= 0.81
davidson 56 103  |r|= 0.343  e= [ 0.01447239  0.56387623  0.56375013  0.63733233  0.616428    0.73879733
  0.73879744  0.72647278  1.04712893  1.79897772  1.77887539  1.98040766]  max|de|= -0.0206  lindep= 0.816
davidson 57 107  |r|= 0.488  e= [ 0.01447239  0.56387623  0.56375013  0.63733233  0.616428    0.73879733
  0.73879744  0.72647278  1.04712919  1.80636522  1.80135705  1.9954343 ]  max|de|= 0.0225  lindep= 0.815
davidson 58 111  |r|= 0.583  e= [ 0.01447239  0.56387623  0.56375013  0.63733233  0.616428    0.73879733
  0.73879744  0.72647278  1.04712799  1.79485105  1.77083739  1.97951188]  max|de|= -0.0305  lindep= 0.818
davidson 59 115  |r|= 0.349  e= [ 0.01447239  0.56387623  0.56375013  0.63733233  0.616428    0.73879733
  0.73879744  0.72647278  1.04712839  1.80587041  1.76000475  1.99537318]  max|de|= 0.0159  lindep= 0.822
davidson 60 119  |r|= 0.671  e= [ 0.01447239  0.56387623  0.56375013  0.63733233  0.616428    0.73879733
  0.73879744  0.72647278  1.04712852  1.80283888  1.78423596  1.96746556]  max|de|= -0.0279  lindep= 0.822
davidson 61 123  |r|= 0.37  e= [ 0.01447239  0.56387623  0.56375013  0.63733233  0.616428    0.73879733
  0.73879744  0.72647278  1.04712875  1.80711272  1.76661309  1.99461327]  max|de|= 0.0271  lindep= 0.807
davidson 62 127  |r|= 0.488  e= [ 0.01447239  0.56387623  0.56375013  0.63733233  0.616428    0.73879733
  0.73879744  0.72647278  1.04712837  1.8030209   1.78857431  1.99500723]  max|de|= 0.022  lindep= 0.822
davidson 63 131  |r|= 0.335  e= [ 0.01447239  0.56387623  0.56375013  0.63733233  0.616428    0.73879733
  0.73879744  0.72647278  1.04712901  1.80643634  1.7665992   1.97369331]  max|de|= -0.022  lindep= 0.816
davidson 64 135  |r|= 0.38  e= [ 0.01447239  0.56387623  0.56375013  0.63733233  0.616428    0.73879733
  0.73879744  0.72647278  1.04712926  1.7959438   1.78879093  1.9929912 ]  max|de|= 0.0193  lindep= 0.808
davidson 65 139  |r|= 0.542  e= [ 0.01447239  0.56387623  0.56375013  0.63733233  0.616428    0.73879733
  0.73879744  0.72647278  1.04712903  1.80689272  1.77745605  1.96184229]  max|de|= -0.0311  lindep= 0.815
davidson 66 143  |r|= 0.464  e= [ 0.01447239  0.56387623  0.56375013  0.63733234  0.616428    0.73879733
  0.73879744  0.72647278  1.04712968  1.80283353  1.75934496  1.978974  ]  max|de|= -0.0181  lindep= 0.814
davidson 67 147  |r|= 0.315  e= [ 0.01447239  0.56387623  0.56375013  0.63733234  0.616428    0.73879733
  0.73879744  0.72647278  1.04712853  1.8041604   1.78043825  1.98672522]  max|de|= 0.0211  lindep= 0.809
davidson 68 151  |r|= 0.728  e= [ 0.01447239  0.56387623  0.56375013  0.63733234  0.63798888  0.73879733
  0.73879744  0.72647278  1.04712879  1.80769079  1.79655903  2.02917589]  max|de|= 0.0425  lindep= 0.822
root 8 converged  |r|= 1.31e-05  e= 1.04712883676  max|de|= 4.39e-08
davidson 69 156  |r|= 0.427  e= [ 0.01447239  0.56387623  0.56375013  0.63733234  0.616428    0.73879733
  0.73879743  0.72647278  1.04712884  1.80495719  1.77129917  2.00315349]  max|de|= -0.026  lindep= 0.813
davidson 70 160  |r|= 0.317  e= [ 0.01447239  0.56387623  0.56375013  0.63733234  0.63740591  0.73879733
  0.73879743  0.72647278  1.04712884  1.80727322  1.79626934  1.98830093]  max|de|= 0.025  lindep= 0.821
davidson 71 164  |r|= 0.419  e= [ 0.01447239  0.56387623  0.56375013  0.63733233  0.616428    0.73879733
  0.73879743  0.72647278  1.0471289   1.80799157  1.75353329  2.00089916]  max|de|= -0.0427  lindep= 0.812
root 4 converged  |r|= 4.52e-08  e= 0.616427999131  max|de|= -1.03e-09
davidson 72 168  |r|= 0.515  e= [ 0.01447239  0.56387623  0.56375013  0.63733233  0.616428    0.73879733
  0.73879743  0.72647278  1.04712891  1.80085097  1.78616346  1.99471422]  max|de|= 0.0326  lindep= 0.808
davidson 73 171  |r|= 0.416  e= [ 0.01447239  0.56387623  0.56375013  0.63733233  0.616428    0.73879733
  0.73879743  0.72647278  1.0471289   1.80708989  1.77615409  1.99576218]  max|de|= -0.01  lindep= 0.787
davidson 74 174  |r|= 0.515  e= [ 0.01447239  0.56387623  0.56375013  0.63733233  0.616428    0.73879733
  0.73879743  0.72647278  1.04712889  1.80371848  1.81091467  2.00244595]  max|de|= 0.0348  lindep= 0.78
davidson 75 177  |r|= 0.357  e= [ 0.01447239  0.56387623  0.56375013  0.63733286  0.616428    0.73879733
  0.73879743  0.72647278  1.04712863  1.80677499  1.79268256  1.9943616 ]  max|de|= -0.0182  lindep= 0.807
davidson 76 182  |r|= 0.426  e= [ 0.01447239  0.56387623  0.56375013  0.63733233  0.616428    0.73879732
  0.73879744  0.72647278  1.04712889  1.80695512  1.76725687  1.98083072]  max|de|= -0.0254  lindep= 0.808
root 3 converged  |r|= 1.28e-06  e= 0.637332333119  max|de|= -3.51e-10
root 8 converged  |r|= 1.13e-05  e= 1.04712887668  max|de|= -1.81e-08
davidson 77 187  |r|= 0.463  e= [ 0.01447239  0.56387623  0.56375013  0.63733233  0.616428    0.73879732
  0.73879744  0.72647278  1.04712888  1.80118263  1.79720163  1.99559091]  max|de|= 0.0299  lindep= 0.825
davidson 78 190  |r|= 0.336  e= [ 0.01447239  0.56387623  0.56375013  0.63733233  0.616428    0.73879732
  0.73879744  0.72647278  1.04712886  1.807462    1.78618056  1.9941461 ]  max|de|= -0.011  lindep= 0.802
davidson 79 193  |r|= 0.391  e= [ 0.01447239  0.56387623  0.56375013  0.63733236  0.616428    0.73879733
  0.73879743  0.72647278  1.04712888  1.80389824  1.81427612  1.99754383]  max|de|= 0.0281  lindep= 0.819
davidson 80 196  |r|= 0.258  e= [ 0.01447239  0.56387623  0.56375013  0.63733233  0.63733182  0.73879733
  0.73879743  0.72647278  1.04712885  1.80957944  1.79788237  1.98997057]  max|de|= 0.0209  lindep= 0.811
davidson 81 200  |r|= 0.601  e= [ 0.01447239  0.56387623  0.56375013  0.63733233  0.616428    0.73879733
  0.73879743  0.72647278  1.04712882  1.80846653  1.7680976   2.01386955]  max|de|= -0.0298  lindep= 0.785
davidson 82 203  |r|= 0.386  e= [ 0.01447239  0.56387623  0.56375013  0.63733234  0.63733241  0.73879733
  0.73879743  0.72647278  1.04712882  1.80486227  1.80114685  1.98954742]  max|de|= 0.033  lindep= 0.792
davidson 83 207  |r|= 0.322  e= [ 0.01447239  0.56387623  0.56375013  0.63733233  0.616428    0.73879733
  0.73879743  0.72647278  1.04712883  1.79932151  1.79932151  1.99339577]  max|de|= -0.0209  lindep= 0.829
root 4 converged  |r|= 2.18e-08  e= 0.616427998974  max|de|= 2.1e-12
davidson 84 209  |r|= 0.354  e= [ 0.01447239  0.56387623  0.56375013  0.63733233  0.616428    0.73879733
  0.73879744  0.72647278  1.04712882  1.80395695  1.77287817  1.99866525]  max|de|= -0.0264  lindep= 0.793
davidson 85 212  |r|= 0.455  e= [ 0.01447239  0.56387623  0.56375013  0.63733233  0.63733236  0.73879733
  0.73879744  0.72647278  1.04712883  1.80702825  1.80329476  2.01173513]  max|de|= 0.0209  lindep= 0.803
root 4 converged  |r|= 1.49e-06  e= 0.637332330115  max|de|= -2.95e-08
davidson 86 216  |r|= 0.29  e= [ 0.01447239  0.56387623  0.56375013  0.63733234  0.63733233  0.73879733
  0.73879743  0.72647278  1.04712881  1.80484133  1.79527241  1.99402819]  max|de|= -0.0177  lindep= 0.793
davidson 87 219  |r|= 0.437  e= [ 0.01447239  0.56387623  0.56375013  0.63733234  0.63733233  0.73879733
  0.73879743  0.72647278  1.04712881  1.81149136  1.80510762  2.01229935]  max|de|= 0.0183  lindep= 0.795
davidson 88 222  |r|= 0.211  e= [ 0.01447239  0.56387623  0.56375013  0.63733234  0.63733233  0.73879733
  0.73879743  0.72647278  1.04712881  1.80535328  1.76149049  1.99652916]  max|de|= -0.0436  lindep= 0.812
davidson 89 225  |r|= 0.406  e= [ 0.01447239  0.56387623  0.56375013  0.63733234  0.63733233  0.73879733
  0.73879743  0.72647278  1.04712882  1.80114516  1.75680136  2.00232115]  max|de|= 0.00579  lindep= 0.806
davidson 90 12  |r|= 0.406  e= [ 0.01447239  0.56387623  0.56375013  0.63733234  0.63733233  0.73879733
  0.73879743  0.72647278  1.04712882  1.80114516  1.75680136  2.00232115]  max|de|= -8.55e-15  lindep= 0.995
davidson 91 15  |r|= 0.714  e= [ 0.01447239  0.56387623  0.56375013  0.63733234  0.63733233  0.73879733
  0.73879743  0.72647278  1.04712882  1.79581754  1.75448462  1.96627619]  max|de|= -0.036  lindep= 0.735
davidson 92 18  |r|= 0.571  e= [ 0.01447239  0.56387623  0.56375013  0.63733234  0.63733233  0.73879733
  0.73879743  0.72647278  1.04712882  1.80668609  1.76127351  2.02201786]  max|de|= 0.0557  lindep= 0.811
davidson 93 21  |r|= 0.74  e= [ 0.01447239  0.56387623  0.56375013  0.63733234  0.63733233  0.73879733
  0.73879743  0.72647278  1.04712882  1.79836546  1.75573337  1.96761178]  max|de|= -0.0544  lindep= 0.781
davidson 94 24  |r|= 0.411  e= [ 0.01447239  0.56387623  0.56375013  0.63733234  0.63733233  0.73879733
  0.73879743  0.72647278  1.04712882  1.80311315  1.76123375  2.00180387]  max|de|= 0.0342  lindep= 0.769
davidson 95 27  |r|= 0.776  e= [ 0.01447239  0.56387623  0.56375013  0.63733234  0.63733233  0.73879733
  0.73879743  0.72647278  1.04712882  1.78997339  1.75508049  2.03633902]  max|de|= 0.0345  lindep= 0.748
davidson 96 30  |r|= 0.642  e= [ 0.01447239  0.56387623  0.56375013  0.63733234  0.63733233  0.73879733
  0.73879743  0.72647278  1.04712882  1.80073857  1.75891696  1.97709806]  max|de|= -0.0592  lindep= 0.73
davidson 97 33  |r|= 0.409  e= [ 0.01447239  0.56387623  0.56375013  0.63733234  0.63850264  0.73879733
  0.73879743  0.72647278  1.04712882  1.80719379  1.74588316  2.0090054 ]  max|de|= 0.0319  lindep= 0.75
davidson 98 37  |r|= 0.888  e= [ 0.01447239  0.56387623  0.56375013  0.63733233  0.63733233  0.73879733
  0.73879743  0.72647278  1.04712884  1.79896794  1.75873228  1.93776382]  max|de|= -0.0712  lindep= 0.739
davidson 99 41  |r|= 0.393  e= [ 0.01447239  0.56387623  0.56375013  0.63902688  0.64742278  0.73879733
  0.73879743  0.72647278  1.04712882  1.80241492  1.75529369  2.00690758]  max|de|= 0.0691  lindep= 0.768
davidson 100 46  |r|= 0.704  e= [ 0.01447239  0.56387623  0.56375013  0.63733233  0.63733234  0.73879733
  0.73879743  0.72647278  1.04712882  1.79946749  1.75879057  2.03396427]  max|de|= 0.0271  lindep= 0.776
root 3 converged  |r|= 6.56e-08  e= 0.637332334736  max|de|= -1.95e-09
davidson 101 51  |r|= 0.451  e= [ 0.01447239  0.56387623  0.56375013  0.63733233  0.61797015  0.73879733
  0.73879743  0.72647278  1.04712883  1.80319795  1.76162787  2.00119257]  max|de|= -0.0328  lindep= 0.769
davidson 102 55  |r|= 0.875  e= [ 0.01447239  0.56387623  0.56375013  0.6176933   0.61659574  0.73879733
  0.73879743  0.72647278  1.04712879  1.78011159  1.75359889  2.03020422]  max|de|= 0.029  lindep= 0.801
davidson 103 60  |r|= 0.49  e= [ 0.01447239  0.56387623  0.56375013  0.6166142   0.61643181  0.73879733
  0.73879742  0.72647278  1.04712882  1.80393513  1.77404733  2.02028006]  max|de|= 0.0238  lindep= 0.785
davidson 104 65  |r|= 0.446  e= [ 0.01447239  0.56387623  0.56375013  0.61643916  0.61642299  0.73879733
  0.73879743  0.72647278  1.0471288   1.80007288  1.75449827  1.99541271]  max|de|= -0.0249  lindep= 0.664
davidson 105 70  |r|= 0.952  e= [ 0.01447239  0.56387623  0.56375013  0.6164212   0.61643232  0.73879733
  0.73879743  0.72647278  1.04712863  1.78311852  1.76378546  2.0119918 ]  max|de|= -0.017  lindep= 0.682
davidson 106 76  |r|= 0.81  e= [ 0.01447239  0.56387623  0.56375013  0.61642354  0.61642601  0.73879733
  0.73879742  0.72647278  1.04712898  1.80156841  1.75896454  1.92310085]  max|de|= -0.0889  lindep= 0.774
davidson 107 82  |r|= 0.445  e= [ 0.01447239  0.56387623  0.56375013  0.61642721  0.6164286   0.73879733
  0.73879742  0.72647278  1.0471288   1.78681001  1.76276439  1.99631835]  max|de|= 0.0732  lindep= 0.798
root 8 converged  |r|= 2.62e-06  e= 1.04712882032  max|de|= 2.04e-08
davidson 108 88  |r|= 0.406  e= [ 0.01447239  0.56387623  0.56375013  0.61642736  0.61642782  0.73879733
  0.73879742  0.72647278  1.04712882  1.79953873  1.75622043  2.02046912]  max|de|= 0.0242  lindep= 0.831
davidson 109 93  |r|= 0.469  e= [ 0.01447239  0.56387623  0.56375013  0.61642778  0.61642805  0.73879733
  0.73879742  0.72647278  1.04712883  1.79751592  1.76092959  2.02246554]  max|de|= 0.00471  lindep= 0.799
root 4 converged  |r|= 3.28e-06  e= 0.616428013711  max|de|= -4.05e-08
davidson 110 98  |r|= 0.248  e= [ 0.01447239  0.56387623  0.56375013  0.61642796  0.61642801  0.73879733
  0.73879742  0.72647278  1.04712879  1.80137207  1.75863423  2.00580743]  max|de|= -0.0167  lindep= 0.827
davidson 111 102  |r|= 0.403  e= [ 0.01447239  0.56387623  0.56375013  0.63733233  0.61642801  0.73879733
  0.73879742  0.72647278  1.04712879  1.80120733  1.74515429  2.01166268]  max|de|= 0.0209  lindep= 0.838
root 3 converged  |r|= 3.55e-08  e= 0.637332334851  max|de|= -1.64e-11
davidson 112 105  |r|= 0.294  e= [ 0.01447239  0.56387623  0.56375013  0.63733233  0.61642801  0.73879733
  0.73879743  0.72647278  1.0471288   1.79587033  1.7587591   2.00724008]  max|de|= 0.0136  lindep= 0.826
davidson 113 108  |r|= 0.501  e= [ 0.01447239  0.56387623  0.56375013  0.63733233  0.63733233  0.73879733
  0.73879743  0.72647278  1.04712879  1.80634148  1.7545373   2.00636108]  max|de|= 0.0105  lindep= 0.821
davidson 114 111  |r|= 0.277  e= [ 0.01447239  0.56387623  0.56375013  0.63733233  0.61642801  0.73879733
  0.73879743  0.72647278  1.04712887  1.79870363  1.75899985  2.00545567]  max|de|= -0.0209  lindep= 0.815
root 3 converged  |r|= 2.05e-06  e= 0.616428014321  max|de|= 7.07e-09
root 4 converged  |r|= 5.91e-07  e= 0.61642800282  max|de|= -4.43e-09
davidson 115 115  |r|= 0.303  e= [ 0.01447239  0.56387623  0.56375013  0.61642801  0.616428    0.73879733
  0.73879743  0.72647278  1.0471287   1.80780878  1.7577936   1.99932633]  max|de|= 0.00911  lindep= 0.813
davidson 116 119  |r|= 0.585  e= [ 0.01447239  0.56387623  0.56375013  0.61642802  0.616428    0.73879733
  0.73879743  0.72647278  1.04712885  1.80156595  1.76012469  1.97764221]  max|de|= -0.0217  lindep= 0.825
root 8 converged  |r|= 2.83e-06  e= 1.0471288298  max|de|= -1.83e-08
davidson 117 123  |r|= 0.709  e= [ 0.01447239  0.56387623  0.56375013  0.61642801  0.616428    0.73879733
  0.73879743  0.72647278  1.04712883  1.79928804  1.7580149   1.99165175]  max|de|= 0.014  lindep= 0.823
davidson 118 126  |r|= 0.316  e= [ 0.01447239  0.56387623  0.56375013  0.61642801  0.616428    0.73879733
  0.73879743  0.72647278  1.04712884  1.79793802  1.76096994  2.00387512]  max|de|= 0.0122  lindep= 0.785
davidson 119 129  |r|= 0.313  e= [ 0.01447239  0.56387623  0.56375013  0.61642801  0.616428    0.73879733
  0.73879743  0.72647278  1.04712879  1.80295876  1.75924347  2.01476532]  max|de|= 0.0109  lindep= 0.821
davidson 120 132  |r|= 0.537  e= [ 0.01447239  0.56387623  0.56375013  0.61642801  0.616428    0.73879733
  0.73879743  0.72647278  1.04712889  1.80002449  1.75908342  1.99651969]  max|de|= -0.0182  lindep= 0.791
davidson 121 135  |r|= 0.246  e= [ 0.01447239  0.56387623  0.56375013  0.61642801  0.616428    0.73879733
  0.73879743  0.72647278  1.04712889  1.80152589  1.75874213  2.00968121]  max|de|= 0.0132  lindep= 0.802
davidson 122 138  |r|= 0.402  e= [ 0.01447239  0.56387623  0.56375013  0.61642801  0.616428    0.73879733
  0.73879743  0.72647278  1.0471289   1.8040405   1.75036898  2.00295568]  max|de|= -0.00837  lindep=  0.8
davidson 123 141  |r|= 0.298  e= [ 0.01447239  0.56387623  0.56375013  0.61642801  0.616428    0.73879733
  0.73879743  0.72647278  1.04712881  1.80372348  1.75844916  2.00965292]  max|de|= 0.00808  lindep= 0.794
davidson 124 144  |r|= 0.356  e= [ 0.01447239  0.56387623  0.56375013  0.61642801  0.616428    0.73879733
  0.73879743  0.72647278  1.04712881  1.80212882  1.75503062  1.99354086]  max|de|= -0.0161  lindep= 0.792
davidson 125 147  |r|= 0.48  e= [ 0.01447239  0.56387623  0.56375013  0.61642801  0.616428    0.73879733
  0.73879742  0.72647278  1.04712881  1.80616126  1.76241476  2.00982193]  max|de|= 0.0163  lindep= 0.776
davidson 126 150  |r|= 0.377  e= [ 0.01447239  0.56387623  0.56375013  0.63733233  0.616428    0.73879733
  0.73879742  0.72647278  1.04713063  1.79901059  1.75823882  1.99473258]  max|de|= 0.0209  lindep= 0.773
davidson 127 154  |r|= 0.355  e= [ 0.01447239  0.56387623  0.56375013  0.61642801  0.616428    0.73879733
  0.73879743  0.72647278  1.04712872  1.80114692  1.76477746  2.00470907]  max|de|= 0.00998  lindep= 0.779
davidson 128 158  |r|= 0.553  e= [ 0.01447239  0.56387623  0.56375013  0.61642801  0.616428    0.73879733
  0.73879744  0.72647278  1.04712885  1.80522318  1.7603525   1.99715707]  max|de|= -0.00755  lindep= 0.811
root 8 converged  |r|= 3.8e-06  e= 1.04712882215  max|de|= -2.39e-08
davidson 129 162  |r|= 0.43  e= [ 0.01447239  0.56387623  0.56375013  0.63733233  0.616428    0.73879733
  0.73879744  0.72647278  1.04712882  1.79192212  1.76003895  2.01892708]  max|de|= 0.0218  lindep= 0.819
root 3 converged  |r|= 2.74e-08  e= 0.637332334839  max|de|= -1.9e-11
davidson 130 165  |r|= 0.533  e= [ 0.01447239  0.56387623  0.56375013  0.63733233  0.616428    0.73879733
  0.73879744  0.72647278  1.04712882  1.80573177  1.7566987   1.99404602]  max|de|= -0.0249  lindep= 0.81
davidson 131 168  |r|= 0.401  e= [ 0.01447239  0.56387623  0.56375013  0.63733233  0.616428    0.73879733
  0.73879744  0.72647278  1.04712879  1.79664191  1.76018763  1.99542541]  max|de|= -0.00909  lindep= 0.786
davidson 132 171  |r|= 0.337  e= [ 0.01447239  0.56387623  0.56375013  0.63733233  0.616428    0.73879733
  0.73879744  0.72647278  1.04712872  1.79757799  1.76032307  2.01433252]  max|de|= 0.0189  lindep= 0.785
davidson 133 174  |r|= 0.314  e= [ 0.01447239  0.56387623  0.56375013  0.63733233  0.616428    0.73879733
  0.73879744  0.72647278  1.04712894  1.79906815  1.76213026  1.99594209]  max|de|= -0.0184  lindep= 0.787
root 8 converged  |r|= 2.59e-06  e= 1.04712884988  max|de|= -9.07e-08
davidson 134 178  |r|= 0.404  e= [ 0.01447239  0.56387623  0.56375014  0.63733233  0.616428    0.73879733
  0.73879744  0.72647278  1.04712885  1.8025639   1.76171388  1.99017776]  max|de|= -0.00576  lindep= 0.793
davidson 135 181  |r|= 0.423  e= [ 0.01447239  0.56387623  0.56375014  0.63733233  0.616428    0.73879733
  0.73879744  0.72647278  1.04712885  1.802169    1.75551053  2.00988399]  max|de|= 0.0197  lindep= 0.807
davidson 136 184  |r|= 0.44  e= [ 0.01447239  0.56387623  0.56375014  0.63733233  0.616428    0.73879733
  0.73879744  0.72647278  1.04712884  1.80524864  1.75937024  1.9669    ]  max|de|= -0.043  lindep=  0.8
davidson 137 187  |r|= 0.391  e= [ 0.01447239  0.56387623  0.56375014  0.63733233  0.616428    0.73879733
  0.73879744  0.72647278  1.04712885  1.79587455  1.76215719  2.0107897 ]  max|de|= 0.0439  lindep= 0.809
davidson 138 190  |r|= 0.42  e= [ 0.01447239  0.56387623  0.56375014  0.63733233  0.616428    0.73879733
  0.73879744  0.72647278  1.04712885  1.80704143  1.7633721   1.98051234]  max|de|= -0.0303  lindep= 0.809
davidson 139 193  |r|= 0.475  e= [ 0.01447239  0.56387623  0.56375013  0.63733233  0.616428    0.73879733
  0.73879744  0.72647278  1.0471289   1.80114698  1.76110749  1.97441221]  max|de|= -0.0061  lindep= 0.793
davidson 140 196  |r|= 0.491  e= [ 0.01447239  0.56387623  0.56375013  0.63733233  0.616428    0.73879733
  0.73879744  0.72647278  1.04712887  1.77548727  1.76350003  2.00787954]  max|de|= 0.0335  lindep= 0.809
davidson 141 199  |r|= 0.314  e= [ 0.01447239  0.56387623  0.56375013  0.63733233  0.616428    0.73879733
  0.73879744  0.72647278  1.04712888  1.80342109  1.75950518  2.00437521]  max|de|= 0.0279  lindep= 0.781
davidson 142 202  |r|= 0.321  e= [ 0.01447239  0.56387623  0.56375013  0.63733233  0.616428    0.73879733
  0.73879744  0.72647278  1.04712887  1.8085623   1.75741809  2.01390347]  max|de|= 0.00953  lindep= 0.79
davidson 143 205  |r|= 0.385  e= [ 0.01447239  0.56387623  0.56375013  0.63733233  0.616428    0.73879733
  0.73879743  0.72647278  1.04712887  1.80347468  1.76132985  2.00704895]  max|de|= -0.00685  lindep= 0.786
davidson 144 208  |r|= 0.511  e= [ 0.01447239  0.56387623  0.56375013  0.63733233  0.616428    0.73879733
  0.73879743  0.72647278  1.04712885  1.78560193  1.75885658  1.99880058]  max|de|= -0.0179  lindep= 0.804
davidson 145 211  |r|= 0.369  e= [ 0.01447239  0.56387623  0.56375013  0.63733233  0.616428    0.73879733
  0.73879744  0.72647278  1.04712885  1.80562027  1.76499984  1.98149394]  max|de|= -0.0206  lindep= 0.806
davidson 146 214  |r|= 0.434  e= [ 0.01447239  0.56387623  0.56375013  0.63733233  0.616428    0.73879733
  0.73879744  0.72647278  1.04712885  1.77323935  1.7596584   2.00215   ]  max|de|= -0.0324  lindep= 0.779
davidson 147 217  |r|= 0.369  e= [ 0.01447239  0.56387623  0.56375013  0.63733233  0.616428    0.73879733
  0.73879744  0.72647278  1.04712885  1.80337498  1.75766798  1.97830864]  max|de|= 0.0301  lindep= 0.803
davidson 148 220  |r|= 0.327  e= [ 0.01447239  0.56387623  0.56375014  0.63733233  0.616428    0.73879733
  0.73879744  0.72647278  1.04712885  1.80492841  1.76162308  1.99884747]  max|de|= 0.0205  lindep= 0.792
davidson 149 223  |r|= 0.52  e= [ 0.01447239  0.56387623  0.56375014  0.63733233  0.616428    0.73879733
  0.73879744  0.72647278  1.04712885  1.77770508  1.76051866  1.99697175]  max|de|= -0.0272  lindep= 0.794
davidson 150 226  |r|= 0.299  e= [ 0.01447239  0.56387623  0.56375014  0.63733233  0.616428    0.73879733
  0.73879744  0.72647278  1.04712886  1.80577741  1.75476118  2.00487834]  max|de|= 0.0281  lindep= 0.788
davidson 151 12  |r|= 0.299  e= [ 0.01447239  0.56387623  0.56375014  0.63733233  0.616428    0.73879733
  0.73879744  0.72647278  1.04712886  1.80577741  1.75476118  2.00487834]  max|de|= -3.04e-12  lindep= 0.997
davidson 152 15  |r|= 1.34  e= [ 0.01447239  0.56387623  0.56375014  0.63733233  0.616428    0.73879733
  0.73879744  0.72647278  1.04712886  1.79490358  1.73886193  1.95558917]  max|de|= -0.0493  lindep= 0.71
davidson 153 18  |r|= 0.365  e= [ 0.01447239  0.56387623  0.56375013  0.63733233  0.616428    0.73879733
  0.73879744  0.72647278  1.04712886  1.80733236  1.76465208  2.00823453]  max|de|= 0.0526  lindep= 0.76
davidson 154 21  |r|= 1.24  e= [ 0.01447239  0.56387623  0.56375013  0.63733233  0.616428    0.73879733
  0.73879744  0.72647278  1.04712886  1.80131205  1.74230787  1.96398712]  max|de|= -0.0442  lindep= 0.781
davidson 155 24  |r|= 0.279  e= [ 0.01447239  0.56387623  0.56375014  0.63733233  0.616428    0.73879733
  0.73879744  0.72647278  1.04712885  1.80605183  1.75563972  2.00571476]  max|de|= 0.0417  lindep= 0.726
davidson 156 27  |r|= 1.36  e= [ 0.01447239  0.56387623  0.56375014  0.63733233  0.616428    0.73879733
  0.73879744  0.72647278  1.04712886  1.80731509  1.77689059  1.95763484]  max|de|= -0.0481  lindep= 0.756
davidson 157 30  |r|= 1.09  e= [ 0.01447239  0.56387623  0.56375014  0.63733233  0.616428    0.73879733
  0.73879744  0.72647278  1.04712885  1.80379772  1.74720506  1.96976413]  max|de|= -0.0297  lindep= 0.735
davidson 158 33  |r|= 0.428  e= [ 0.01447239  0.56387623  0.56375014  0.63733233  0.616428    0.73879733
  0.73879744  0.72647278  1.04712886  1.80936668  1.7667931   2.00805023]  max|de|= 0.0383  lindep= 0.725
davidson 159 36  |r|= 0.463  e= [ 0.01447239  0.56387623  0.56375013  0.6404678   0.66552243  0.73879733
  0.73879744  0.72647278  1.04712886  1.79531024  1.74760653  2.00485745]  max|de|= 0.0491  lindep= 0.727
davidson 160 41  |r|= 0.332  e= [ 0.01447239  0.56387623  0.56375014  0.63733233  0.616428    0.73879733
  0.73879744  0.72647278  1.04712886  1.80850837  1.77561736  2.00525594]  max|de|= -0.0491  lindep= 0.751
root 3 converged  |r|= 2.85e-08  e= 0.637332334859  max|de|= 2.6e-11
root 4 converged  |r|= 6.78e-08  e= 0.616427999114  max|de|= -1.69e-10
davidson 161 45  |r|= 0.507  e= [ 0.01447239  0.56387623  0.56375014  0.63733233  0.616428    0.73879733
  0.73879744  0.72647278  1.04712886  1.79345846  1.75240323  2.00242776]  max|de|= -0.0232  lindep= 0.777
davidson 162 48  |r|= 0.385  e= [ 0.01447239  0.56387623  0.56375013  0.63733233  0.616428    0.73879733
  0.73879744  0.72647278  1.04712883  1.80923016  1.77872456  2.00497854]  max|de|= 0.0263  lindep= 0.722
davidson 163 51  |r|= 0.434  e= [ 0.01447239  0.56387623  0.56375014  0.63733233  0.616428    0.73879733
  0.73879744  0.72647278  1.04712887  1.7979038   1.75610475  2.00160323]  max|de|= -0.0226  lindep= 0.77
davidson 164 54  |r|= 0.675  e= [ 0.01447239  0.56387623  0.56375014  0.63733233  0.616428    0.73879733
  0.73879744  0.72647278  1.04712886  1.79834004  1.78354035  2.00404166]  max|de|= 0.0274  lindep= 0.75
davidson 165 57  |r|= 0.622  e= [ 0.01447239  0.56387623  0.56375014  0.63733233  0.616428    0.73879733
  0.73879744  0.72647278  1.04712886  1.80001074  1.7578953   2.00477568]  max|de|= -0.0256  lindep= 0.765
davidson 166 60  |r|= 0.318  e= [ 0.01447239  0.56387623  0.56375014  0.63733233  0.616428    0.73879733
  0.73879743  0.72647278  1.04712893  1.80213687  1.80213687  2.00156756]  max|de|= -0.00321  lindep= 0.789
davidson 167 62  |r|= 0.536  e= [ 0.01447239  0.56387623  0.56375014  0.63733233  0.616428    0.73879733
  0.73879743  0.72647278  1.04712888  1.80716117  1.76508851  1.99656581]  max|de|= -0.037  lindep= 0.755
davidson 168 65  |r|= 0.384  e= [ 0.01447239  0.56387623  0.56375014  0.63733233  0.616428    0.73879733
  0.73879743  0.72647278  1.04712887  1.80321522  1.75341101  2.00235196]  max|de|= -0.0117  lindep= 0.799
davidson 169 68  |r|= 0.507  e= [ 0.01447239  0.56387623  0.56375013  0.63733233  0.616428    0.73879733
  0.73879743  0.72647278  1.04712887  1.80982405  1.7499891   1.99860772]  max|de|= 0.00661  lindep= 0.767
davidson 170 71  |r|= 0.521  e= [ 0.01447239  0.56387623  0.56375013  0.63733233  0.616428    0.73879733
  0.73879743  0.72647278  1.04712885  1.80415461  1.7653711   2.00186876]  max|de|= 0.0154  lindep= 0.791
davidson 171 74  |r|= 0.671  e= [ 0.01447239  0.56387623  0.56375013  0.63733233  0.616428    0.73879733
  0.73879743  0.72647278  1.04712889  1.80570124  1.76029368  1.95379226]  max|de|= -0.0481  lindep= 0.78
davidson 172 77  |r|= 0.484  e= [ 0.01447239  0.56387623  0.56375013  0.63733233  0.616428    0.73879733
  0.73879744  0.72647278  1.04712887  1.80697991  1.78165763  2.00196995]  max|de|= 0.0482  lindep= 0.809
davidson 173 80  |r|= 0.556  e= [ 0.01447239  0.56387623  0.56375014  0.63733233  0.616428    0.73879733
  0.73879743  0.72647278  1.04712887  1.80947879  1.76716761  1.96979082]  max|de|= -0.0322  lindep= 0.786
davidson 174 83  |r|= 0.39  e= [ 0.01447239  0.56387623  0.56375014  0.63733233  0.616428    0.73879733
  0.73879743  0.72647278  1.04712887  1.80543377  1.7449478   2.00712121]  max|de|= 0.0373  lindep= 0.799
davidson 175 86  |r|= 0.459  e= [ 0.01447239  0.56387623  0.56375014  0.63733233  0.616428    0.73879733
  0.73879743  0.72647278  1.04712887  1.80822389  1.78117     1.99948054]  max|de|= -0.0243  lindep= 0.765
davidson 176 89  |r|= 0.508  e= [ 0.01447239  0.56387623  0.56375013  0.63733233  0.616428    0.73879733
  0.73879743  0.72647278  1.04712886  1.80565327  1.75959828  1.99115042]  max|de|= -0.0216  lindep= 0.792
davidson 177 92  |r|= 0.413  e= [ 0.01447239  0.56387623  0.56375013  0.63733233  0.616428    0.73879733
  0.73879743  0.72647278  1.04712886  1.79860679  1.75631644  2.00546878]  max|de|= 0.0143  lindep= 0.773
davidson 178 95  |r|= 0.379  e= [ 0.01447239  0.56387623  0.56375013  0.63733233  0.616428    0.73879733
  0.73879743  0.72647278  1.04712886  1.80570355  1.76291571  2.01246948]  max|de|= 0.0071  lindep= 0.782
davidson 179 98  |r|= 0.419  e= [ 0.01447239  0.56387623  0.56375014  0.63733233  0.616428    0.73879733
  0.73879743  0.72647278  1.04712883  1.80229184  1.76080304  2.00557016]  max|de|= -0.0069  lindep= 0.801
davidson 180 101  |r|= 0.363  e= [ 0.01447239  0.56387623  0.56375014  0.63733233  0.616428    0.73879733
  0.73879743  0.72647278  1.04712885  1.80645568  1.7652538   2.01283719]  max|de|= 0.00727  lindep= 0.794
davidson 181 104  |r|= 0.503  e= [ 0.01447239  0.56387623  0.56375014  0.63733233  0.616428    0.73879733
  0.73879743  0.72647278  1.04712886  1.80358023  1.76961002  2.0065338 ]  max|de|= -0.0063  lindep= 0.776
davidson 182 107  |r|= 0.344  e= [ 0.01447239  0.56387623  0.56375014  0.63733233  0.616428    0.73879733
  0.73879743  0.72647278  1.04712887  1.8066934   1.8066934   2.01269497]  max|de|= 0.00616  lindep= 0.791
davidson 183 109  |r|= 0.493  e= [ 0.01447239  0.56387623  0.56375014  0.63733233  0.616428    0.73879733
  0.73879743  0.72647278  1.04712896  1.80513396  1.80513396  1.97884658]  max|de|= -0.0338  lindep= 0.78
davidson 184 111  |r|= 0.324  e= [ 0.01447239  0.56387623  0.56375014  0.63733233  0.616428    0.73879733
  0.73879743  0.72647278  1.04712888  1.79989971  1.7585393   2.00841635]  max|de|= -0.22  lindep= 0.781
davidson 185 114  |r|= 0.397  e= [ 0.01447239  0.56387623  0.56375014  0.63733233  0.616428    0.73879733
  0.73879743  0.72647278  1.0471289   1.80551622  1.74522397  1.98217588]  max|de|= -0.0262  lindep= 0.812
davidson 186 117  |r|= 0.28  e= [ 0.01447239  0.56387623  0.56375014  0.63733233  0.616428    0.73879733
  0.73879743  0.72647278  1.04712886  1.80432984  1.76056076  2.00614096]  max|de|= 0.024  lindep= 0.792
davidson 187 120  |r|= 0.377  e= [ 0.01447239  0.56387623  0.56375014  0.63733233  0.616428    0.73879733
  0.73879743  0.72647278  1.04712888  1.80588001  1.80588001  1.98240481]  max|de|= -0.0237  lindep= 0.809
davidson 188 122  |r|= 0.381  e= [ 0.01447239  0.56387623  0.56375014  0.63733233  0.616428    0.73879733
  0.73879743  0.72647278  1.04712888  1.80269477  1.76399862  2.0055531 ]  max|de|= -0.218  lindep= 0.782
davidson 189 125  |r|= 0.368  e= [ 0.01447239  0.56387623  0.56375014  0.63733233  0.616428    0.73879733
  0.73879743  0.72647278  1.04712889  1.80656382  1.75835424  1.98540182]  max|de|= -0.0202  lindep= 0.811
davidson 190 128  |r|= 0.33  e= [ 0.01447239  0.56387623  0.56375014  0.63733233  0.616428    0.73879733
  0.73879743  0.72647278  1.04712963  1.8045159   1.76727849  2.00701246]  max|de|= 0.0216  lindep= 0.796
davidson 191 132  |r|= 0.486  e= [ 0.01447239  0.56387623  0.56375014  0.63733233  0.616428    0.73879733
  0.73879743  0.72647278  1.04712884  1.80606264  1.81000015  1.98894791]  max|de|= -0.0181  lindep= 0.786
root 8 converged  |r|= 1.38e-06  e= 1.04712885238  max|de|= 1.42e-08
davidson 192 136  |r|= 0.33  e= [ 0.01447239  0.56387623  0.56375014  0.63733233  0.64067694  0.73879733
  0.73879743  0.72647278  1.04712885  1.80481996  1.7725237   2.0074378 ]  max|de|= -0.216  lindep= 0.786
davidson 193 140  |r|=  0.4  e= [ 0.01447239  0.56387623  0.56375014  0.63733233  0.63799453  0.73879733
  0.73879743  0.72647278  1.04712886  1.80682946  1.75697437  2.0065    ]  max|de|= -0.0155  lindep= 0.807
davidson 194 144  |r|= 0.506  e= [ 0.01447239  0.56387623  0.56375014  0.63733233  0.63737302  0.73879733
  0.73879743  0.72647278  1.04712887  1.80485126  1.7686387   1.97853067]  max|de|= -0.028  lindep= 0.776
davidson 195 148  |r|= 0.375  e= [ 0.01447239  0.56387623  0.56375014  0.63733233  0.63733446  0.73879733
  0.73879743  0.72647278  1.04712885  1.80589723  1.75933031  2.00639697]  max|de|= 0.0279  lindep= 0.784
davidson 196 152  |r|= 0.426  e= [ 0.01447239  0.56387623  0.56375014  0.63733233  0.616428    0.73879733
  0.73879743  0.72647278  1.04712887  1.80501986  1.77519706  1.98365141]  max|de|= -0.0227  lindep= 0.798
root 4 converged  |r|= 4.44e-08  e= 0.616427999136  max|de|= 1.7e-11
davidson 197 155  |r|= 0.362  e= [ 0.01447239  0.56387623  0.56375014  0.63733233  0.616428    0.73879733
  0.73879743  0.72647278  1.04712888  1.80648358  1.76018093  2.01547122]  max|de|= 0.0318  lindep= 0.832
davidson 198 158  |r|= 0.255  e= [ 0.01447239  0.56387623  0.56375014  0.63733233  0.616428    0.73879733
  0.73879743  0.72647278  1.0471289   1.80631677  1.74845674  1.99497265]  max|de|= -0.0205  lindep= 0.777
davidson 199 161  |r|= 0.424  e= [ 0.01447239  0.56387623  0.56375014  0.63733233  0.616428    0.73879733
  0.73879743  0.72647278  1.04712891  1.80523925  1.76417602  2.01486604]  max|de|= 0.0199  lindep= 0.804
EA root 0 E = 0.01447238783789562  qpwt = 0.959151  conv = True
EA root 1 E = 0.5638762252462325  qpwt = 0.95409  conv = True
EA root 2 E = 0.5637501353519384  qpwt = 0.958514  conv = True
EA root 3 E = 0.6373323348808567  qpwt = 0.628475  conv = True
EA root 4 E = 0.6164279991372439  qpwt = 0.522744  conv = True
EA root 5 E = 0.7387973294373553  qpwt = 0.980928  conv = True
EA root 6 E = 0.7387974259049137  qpwt = 0.980928  conv = True
EA root 7 E = 0.7264727821374412  qpwt = 0.89983  conv = True
EA root 8 E = 1.047128905055756  qpwt = 0.910059  conv = True
EA root 9 E = 1.805239245617072  qpwt = 0.580229  conv = False
EA root 10 E = 1.764176020674296  qpwt = 0.352207  conv = False
EA root 11 E = 2.014866042960271  qpwt = 0.199793  conv = False
    CPU time for EA-CCSD    455.92 sec, wall time    456.43 sec
