

******** <class 'pyscf.scf.hf.RHF'> flags ********
method = RHF
initial guess = minao
damping factor = 0
level shift factor = 0
DIIS = <class 'pyscf.scf.diis.CDIIS'>
DIIS start cycle = 1
DIIS space = 8
SCF tol = 1e-09
SCF gradient tol = None
max. SCF cycles = 50
direct_scf = True
direct_scf_tol = 1e-13
chkfile to save SCF result = /tmp/tmphqXfgV
max_memory 4000 MB (current use 75 MB)
Set gradient conv threshold to 3.16228e-05
Nelec from initial guess = 9.99547580641
cond(S) = 1165.61049537
E_coul = 44.4186407266114
init E= -99.8712083211043
    CPU time for initialize scf      0.06 sec, wall time      0.06 sec
  HOMO = -0.663746472430189  LUMO = 0.0837996497790949
  mo_energy =
[-26.44586326  -1.78104567  -0.83014261  -0.66374647  -0.66374647
   0.08379965   0.519944     0.6073657    0.65407331   0.65407331
   0.83158998   0.91037723   0.91037723   1.43393925   2.13650668
   2.13650668   2.21309055   2.45854415   2.45854415   2.93751996
   3.43638532   3.43638532   3.56337175   3.56337175   3.82049389
   3.84250435   3.95264594   3.95264594   4.5694727    4.5694727
   5.02254398   5.60365608   7.26177998   7.26177998   7.46840008
   7.46840008   8.33945259   8.33945259   8.74916291   8.74916291
   9.16046359   9.18970018   9.18970018   9.64926912  58.25910013]
E_coul = 46.2698300203158
cycle= 1 E= -100.038252270677  delta_E= -0.167  |g|= 0.398  |ddm|= 0.74
    CPU time for cycle= 1      0.01 sec, wall time      0.01 sec
diis-norm(errvec)=1.03746
diis-c [-1.07631906  1.        ]
  HOMO = -0.577614940186589  LUMO = 0.118111540065523
  mo_energy =
[-26.0937197   -1.53627974  -0.71411348  -0.57761494  -0.57761494
   0.11811154   0.54929384   0.69790918   0.7243405    0.7243405
   0.88798577   0.88798577   0.89647655   1.42714521   2.19560128
   2.2657869    2.2657869    2.56562684   2.56562684   3.04920532
   3.5076968    3.5076968    3.5997122    3.5997122    3.79720053
   3.86600045   3.86600045   4.04123771   4.57317298   4.57317298
   5.06991988   5.60878069   7.47887675   7.47887675   7.66236523
   7.66236523   8.5039826    8.5039826    9.01240266   9.01240266
   9.30408159   9.43844095   9.43844095   9.86632006  58.59369562]
E_coul = 44.7483601676101
cycle= 2 E= -100.05900325697  delta_E= -0.0208  |g|= 0.226  |ddm|= 0.281
    CPU time for cycle= 2      0.01 sec, wall time      0.01 sec
diis-norm(errvec)=0.471055
diis-c [-0.0380352   0.29617439  0.70382561]
  HOMO = -0.657548669937456  LUMO = 0.122579334219958
  mo_energy =
[-26.32673123  -1.61115528  -0.77889625  -0.65754867  -0.65754867
   0.12257933   0.55363621   0.66592281   0.70083823   0.70083823
   0.87751465   0.89418364   0.89418364   1.42590592   2.20133241
   2.21794216   2.21794216   2.52347139   2.52347139   3.00228102
   3.52289203   3.52289203   3.5270296    3.5270296    3.80157185
   3.88656293   3.88656293   3.93877033   4.56817405   4.56817405
   5.03774764   5.60600915   7.39382611   7.39382611   7.58194577
   7.58194577   8.42744313   8.42744313   8.88613644   8.88613644
   9.23368529   9.31860943   9.31860943   9.75993441  58.37302473]
E_coul = 45.4553013283409
cycle= 3 E= -100.065131292245  delta_E= -0.00613  |g|= 0.0365  |ddm|= 0.0852
    CPU time for cycle= 3      0.01 sec, wall time      0.01 sec
diis-norm(errvec)=0.0862941
diis-c [-0.00301942  0.01309864  0.14297761  0.84392374]
  HOMO = -0.646649481047048  LUMO = 0.126841667529285
  mo_energy =
[-26.29009903  -1.59759285  -0.76655484  -0.64664948  -0.64664948
   0.12684167   0.56283746   0.66575542   0.70447029   0.70447029
   0.88143283   0.89969298   0.89969298   1.43389738   2.20994193
   2.22592509   2.22592509   2.53212514   2.53212514   3.01185098
   3.53663285   3.53663285   3.53763012   3.53763012   3.8154774
   3.89895057   3.89895057   3.94863575   4.57943328   4.57943328
   5.05413813   5.61986703   7.40569775   7.40569775   7.59446646
   7.59446646   8.444096     8.444096     8.90401722   8.90401722
   9.25285171   9.33341118   9.33341118   9.77452631  58.4076958 ]
E_coul = 45.3612831109981
cycle= 4 E= -100.065337103963  delta_E= -0.000206  |g|= 0.00621  |ddm|= 0.0171
    CPU time for cycle= 4      0.01 sec, wall time      0.01 sec
diis-norm(errvec)=0.0166564
diis-c [ -1.09351635e-04  -1.53303573e-02  -5.66381517e-02  -2.06217372e-01
   1.27818588e+00]
  HOMO = -0.647459380714354  LUMO = 0.12756362697152
  mo_energy =
[-26.29035412  -1.59772955  -0.7653482   -0.64745938  -0.64745938
   0.12756363   0.56418326   0.66565365   0.70419448   0.70419448
   0.88145695   0.90058115   0.90058115   1.4350967    2.21110699
   2.2259423    2.2259423    2.53248977   2.53248977   3.01274064
   3.53663051   3.53663051   3.53946486   3.53946486   3.8176171
   3.90153535   3.90153535   3.94888409   4.58075541   4.58075541
   5.05530736   5.62129717   7.40566891   7.40566891   7.59434899
   7.59434899   8.44385733   8.44385733   8.9039257    8.9039257
   9.25304979   9.33363989   9.33363989   9.77503491  58.40747628]
E_coul = 45.3625911816142
cycle= 5 E= -100.065353622462  delta_E= -1.65e-05  |g|= 0.00119  |ddm|= 0.00803
    CPU time for cycle= 5      0.01 sec, wall time      0.01 sec
diis-norm(errvec)=0.00327775
diis-c [ -2.10197024e-06   3.24018170e-03   7.77447568e-03   1.41855374e-02
  -3.13917562e-01   1.28871737e+00]
  HOMO = -0.647647273737257  LUMO = 0.127598411203419
  mo_energy =
[-26.29044414  -1.59775468  -0.76507873  -0.64764727  -0.64764727
   0.12759841   0.56417876   0.66565259   0.70408652   0.70408652
   0.88145678   0.90060909   0.90060909   1.43517145   2.21113275
   2.2259418    2.2259418    2.53244362   2.53244362   3.01271463
   3.53654813   3.53654813   3.5395088    3.5395088    3.81775292
   3.90164899   3.90164899   3.9488221    4.58077152   4.58077152
   5.05533912   5.62127203   7.40572527   7.40572527   7.59429401
   7.59429401   8.44378007   8.44378007   8.9039311    8.9039311
   9.2529756    9.33350136   9.33350136   9.77485938  58.40737832]
E_coul = 45.3624027440922
cycle= 6 E= -100.065354431927  delta_E= -8.09e-07  |g|= 0.000173  |ddm|= 0.0014
    CPU time for cycle= 6      0.01 sec, wall time      0.01 sec
diis-norm(errvec)=0.000451003
diis-c [ -2.55627053e-08  -6.30153464e-04  -1.26207908e-03  -2.24366878e-03
   7.08727540e-02  -4.03119203e-01   1.33638235e+00]
  HOMO = -0.647695519361487  LUMO = 0.127604143621372
  mo_energy =
[-26.29045191  -1.59777424  -0.76505375  -0.64769552  -0.64769552
   0.12760414   0.5641899    0.66564597   0.70406612   0.70406612
   0.88145127   0.9006139    0.9006139    1.43518709   2.21114114
   2.22592395   2.22592395   2.53242726   2.53242726   3.01270454
   3.53652645   3.53652645   3.53952004   3.53952004   3.817775     3.9016687
   3.9016687    3.94880069   4.58077356   4.58077356   5.0553439
   5.62126809   7.40570707   7.40570707   7.59426949   7.59426949
   8.44375927   8.44375927   8.90391073   8.90391073   9.2529576
   9.33347193   9.33347193   9.77482858  58.407371  ]
E_coul = 45.3623305695377
cycle= 7 E= -100.065354450147  delta_E= -1.82e-08  |g|= 1.88e-05  |ddm|= 0.000263
    CPU time for cycle= 7      0.01 sec, wall time      0.01 sec
diis-norm(errvec)=4.49356e-05
diis-c [ -2.12852957e-10   1.24216906e-04   2.63939021e-04   1.39818144e-04
  -1.22895638e-02   7.52069058e-02  -2.99310032e-01   1.23586472e+00]
  HOMO = -0.647693248433137  LUMO = 0.127606434611608
  mo_energy =
[-26.2904408   -1.59777071  -0.76504524  -0.64769325  -0.64769325
   0.12760643   0.56419332   0.6656456    0.70406575   0.70406575
   0.88145195   0.9006165    0.9006165    1.43519087   2.21114456
   2.22592562   2.22592562   2.53242969   2.53242969   3.01270826
   3.5365298    3.5365298    3.53952555   3.53952555   3.81778171
   3.90167528   3.90167528   3.94880334   4.58077805   4.58077805
   5.05534981   5.62127234   7.40571      7.40571      7.59427251
   7.59427251   8.44376326   8.44376326   8.90391586   8.90391586
   9.25296217   9.33347651   9.33347651   9.77483296  58.40738115]
E_coul = 45.3623087711094
cycle= 8 E= -100.065354450262  delta_E= -1.15e-10  |g|= 1.71e-06  |ddm|= 2.62e-05
    CPU time for cycle= 8      0.01 sec, wall time      0.01 sec
  HOMO = -0.647692823359507  LUMO = 0.127606577834567
  mo_energy =
[-26.29043977  -1.59777033  -0.76504504  -0.64769282  -0.64769282
   0.12760658   0.56419371   0.66564575   0.70406599   0.70406599
   0.88145217   0.90061662   0.90061662   1.43519112   2.2111448
   2.22592606   2.22592606   2.53243011   2.53243011   3.01270871
   3.53653035   3.53653035   3.53952578   3.53952578   3.81778192
   3.90167541   3.90167541   3.94880391   4.58077836   4.58077836
   5.05535025   5.62127265   7.40571066   7.40571066   7.59427317
   7.59427317   8.44376389   8.44376389   8.90391663   8.90391663
   9.25296273   9.33347731   9.33347731   9.7748337   58.40738218]
E_coul = 45.3623052950927
Extra cycle  E= -100.065354450263  delta_E= -7.25e-13  |g|= 6.47e-07  |ddm|= 1.81e-06
    CPU time for scf_cycle      0.14 sec, wall time      0.15 sec
    CPU time for SCF      0.14 sec, wall time      0.15 sec
converged SCF energy = -100.065354450263
RHF E = -100.06535445
RHF eps = [-26.29043977  -1.59777033  -0.76504504  -0.64769282  -0.64769282
   0.12760658   0.56419371   0.66564575   0.70406599   0.70406599
   0.88145217   0.90061662   0.90061662   1.43519112   2.2111448
   2.22592606   2.22592606   2.53243011   2.53243011   3.01270871
   3.53653035   3.53653035   3.53952578   3.53952578   3.81778192
   3.90167541   3.90167541   3.94880391   4.58077836   4.58077836
   5.05535025   5.62127265   7.40571066   7.40571066   7.59427317
   7.59427317   8.44376389   8.44376389   8.90391663   8.90391663
   9.25296273   9.33347731   9.33347731   9.7748337   58.40738218]
    CPU time for CCSD integral transformation      0.40 sec, wall time      0.40 sec

******** <class 'pyscf.cc.rccsd.RCCSD'> flags ********
CCSD nocc = 4, nvir = 40
frozen orbitals [0]
max_cycle = 200
direct = 0
conv_tol = 1e-07
conv_tol_normt = 1e-05
diis_space = 6
diis_start_cycle = 0
diis_start_energy_diff = 1e+09
max_memory 4000 MB (current use 91 MB)
Init t2, MP2 energy = -0.270498647689485
    CPU time for init mp2      0.00 sec, wall time      0.00 sec
    CPU time for vvvv-tau      0.00 sec, wall time      0.00 sec
    CPU time for vvvv [0:40]      0.02 sec, wall time      0.01 sec
    CPU time for vvvv      0.05 sec, wall time      0.05 sec
    CPU time for woooo      0.00 sec, wall time      0.00 sec
max_memory 3897 MB,  nocc,nvir = 4,40  blksize = 4,40
    CPU time for ovvv [0:4]      0.02 sec, wall time      0.01 sec
    CPU time for wOVov [0:4]      0.01 sec, wall time      0.01 sec
    CPU time for woVoV [0:4]      0.01 sec, wall time      0.01 sec
    CPU time for contract occ [0:4]      0.04 sec, wall time      0.04 sec
    CPU time for contract loop      0.09 sec, wall time      0.08 sec
    CPU time for update t1 t2      0.09 sec, wall time      0.09 sec
istep = 0  E(CCSD) = -0.268022367473949  dE = -0.268022367  norm(t1,t2) = 0.0403185
    CPU time for CCSD iter      0.09 sec, wall time      0.09 sec
    CPU time for vvvv-tau      0.00 sec, wall time      0.00 sec
    CPU time for vvvv [0:40]      0.01 sec, wall time      0.00 sec
    CPU time for vvvv      0.04 sec, wall time      0.04 sec
    CPU time for woooo      0.00 sec, wall time      0.00 sec
max_memory 3893 MB,  nocc,nvir = 4,40  blksize = 4,40
    CPU time for ovvv [0:4]      0.01 sec, wall time      0.01 sec
    CPU time for wOVov [0:4]      0.02 sec, wall time      0.01 sec
    CPU time for woVoV [0:4]      0.00 sec, wall time      0.01 sec
    CPU time for contract occ [0:4]      0.04 sec, wall time      0.03 sec
    CPU time for contract loop      0.08 sec, wall time      0.07 sec
    CPU time for update t1 t2      0.08 sec, wall time      0.08 sec
DIIS for step 1
istep = 1  E(CCSD) = -0.272481556074737  dE = -0.0044591886  norm(t1,t2) = 0.010758
    CPU time for CCSD iter      0.08 sec, wall time      0.08 sec
    CPU time for vvvv-tau      0.00 sec, wall time      0.00 sec
    CPU time for vvvv [0:40]      0.00 sec, wall time      0.00 sec
    CPU time for vvvv      0.04 sec, wall time      0.04 sec
    CPU time for woooo      0.00 sec, wall time      0.00 sec
max_memory 3893 MB,  nocc,nvir = 4,40  blksize = 4,40
    CPU time for ovvv [0:4]      0.01 sec, wall time      0.01 sec
    CPU time for wOVov [0:4]      0.01 sec, wall time      0.01 sec
    CPU time for woVoV [0:4]      0.01 sec, wall time      0.01 sec
    CPU time for contract occ [0:4]      0.03 sec, wall time      0.03 sec
    CPU time for contract loop      0.07 sec, wall time      0.07 sec
    CPU time for update t1 t2      0.07 sec, wall time      0.08 sec
diis-c [ -7.10514151e-06   1.00000000e+00]
DIIS for step 2
istep = 2  E(CCSD) = -0.272587051588389  dE = -0.000105495514  norm(t1,t2) = 0.00424121
    CPU time for CCSD iter      0.08 sec, wall time      0.08 sec
    CPU time for vvvv-tau      0.00 sec, wall time      0.00 sec
    CPU time for vvvv [0:40]      0.00 sec, wall time      0.00 sec
    CPU time for vvvv      0.03 sec, wall time      0.04 sec
    CPU time for woooo      0.01 sec, wall time      0.00 sec
max_memory 3893 MB,  nocc,nvir = 4,40  blksize = 4,40
    CPU time for ovvv [0:4]      0.01 sec, wall time      0.01 sec
    CPU time for wOVov [0:4]      0.01 sec, wall time      0.01 sec
    CPU time for woVoV [0:4]      0.00 sec, wall time      0.01 sec
    CPU time for contract occ [0:4]      0.03 sec, wall time      0.04 sec
    CPU time for contract loop      0.07 sec, wall time      0.07 sec
    CPU time for update t1 t2      0.07 sec, wall time      0.08 sec
diis-c [ -8.88521358e-07  -4.14355300e-02   1.04143553e+00]
DIIS for step 3
istep = 3  E(CCSD) = -0.272877557958681  dE = -0.00029050637  norm(t1,t2) = 0.00137791
    CPU time for CCSD iter      0.07 sec, wall time      0.08 sec
    CPU time for vvvv-tau      0.00 sec, wall time      0.00 sec
    CPU time for vvvv [0:40]      0.01 sec, wall time      0.00 sec
    CPU time for vvvv      0.04 sec, wall time      0.04 sec
    CPU time for woooo      0.00 sec, wall time      0.00 sec
max_memory 3893 MB,  nocc,nvir = 4,40  blksize = 4,40
    CPU time for ovvv [0:4]      0.01 sec, wall time      0.01 sec
    CPU time for wOVov [0:4]      0.01 sec, wall time      0.01 sec
    CPU time for woVoV [0:4]      0.01 sec, wall time      0.01 sec
    CPU time for contract occ [0:4]      0.03 sec, wall time      0.03 sec
    CPU time for contract loop      0.07 sec, wall time      0.07 sec
    CPU time for update t1 t2      0.08 sec, wall time      0.08 sec
diis-c [ -1.03050501e-08  -1.52714570e-01  -5.92228389e-02   1.21193741e+00]
DIIS for step 4
istep = 4  E(CCSD) = -0.272955068615197  dE = -7.75106565e-05  norm(t1,t2) = 0.000604417
    CPU time for CCSD iter      0.08 sec, wall time      0.08 sec
    CPU time for vvvv-tau      0.00 sec, wall time      0.00 sec
    CPU time for vvvv [0:40]      0.00 sec, wall time      0.00 sec
    CPU time for vvvv      0.04 sec, wall time      0.04 sec
    CPU time for woooo      0.00 sec, wall time      0.00 sec
max_memory 3893 MB,  nocc,nvir = 4,40  blksize = 4,40
    CPU time for ovvv [0:4]      0.01 sec, wall time      0.01 sec
    CPU time for wOVov [0:4]      0.01 sec, wall time      0.01 sec
    CPU time for woVoV [0:4]      0.01 sec, wall time      0.01 sec
    CPU time for contract occ [0:4]      0.03 sec, wall time      0.04 sec
    CPU time for contract loop      0.07 sec, wall time      0.07 sec
    CPU time for update t1 t2      0.08 sec, wall time      0.08 sec
diis-c [ -6.64576838e-10   3.16977042e-02   5.20098712e-03  -2.47416080e-01
   1.21051739e+00]
DIIS for step 5
istep = 5  E(CCSD) = -0.272946409501627  dE = 8.65911357e-06  norm(t1,t2) = 5.17577e-05
    CPU time for CCSD iter      0.08 sec, wall time      0.08 sec
    CPU time for vvvv-tau      0.00 sec, wall time      0.00 sec
    CPU time for vvvv [0:40]      0.00 sec, wall time      0.00 sec
    CPU time for vvvv      0.04 sec, wall time      0.04 sec
    CPU time for woooo      0.00 sec, wall time      0.00 sec
max_memory 3892 MB,  nocc,nvir = 4,40  blksize = 4,40
    CPU time for ovvv [0:4]      0.01 sec, wall time      0.01 sec
    CPU time for wOVov [0:4]      0.01 sec, wall time      0.01 sec
    CPU time for woVoV [0:4]      0.01 sec, wall time      0.01 sec
    CPU time for contract occ [0:4]      0.03 sec, wall time      0.04 sec
    CPU time for contract loop      0.07 sec, wall time      0.07 sec
    CPU time for update t1 t2      0.07 sec, wall time      0.08 sec
diis-c [ -4.52760329e-11   1.61477746e-02   7.51187541e-03  -1.34440143e-01
   1.17601970e-02   1.09902030e+00]
DIIS for step 6
istep = 6  E(CCSD) = -0.27294691726969  dE = -5.07768063e-07  norm(t1,t2) = 1.81906e-05
    CPU time for CCSD iter      0.08 sec, wall time      0.08 sec
    CPU time for vvvv-tau      0.00 sec, wall time      0.00 sec
    CPU time for vvvv [0:40]      0.00 sec, wall time      0.00 sec
    CPU time for vvvv      0.04 sec, wall time      0.04 sec
    CPU time for woooo      0.00 sec, wall time      0.00 sec
max_memory 3892 MB,  nocc,nvir = 4,40  blksize = 4,40
    CPU time for ovvv [0:4]      0.01 sec, wall time      0.01 sec
    CPU time for wOVov [0:4]      0.02 sec, wall time      0.01 sec
    CPU time for woVoV [0:4]      0.01 sec, wall time      0.01 sec
    CPU time for contract occ [0:4]      0.04 sec, wall time      0.04 sec
    CPU time for contract loop      0.08 sec, wall time      0.08 sec
    CPU time for update t1 t2      0.08 sec, wall time      0.08 sec
diis-c [ -3.55857011e-12  -6.81342765e-03  -1.13758600e-03   5.03572617e-02
  -4.35494370e-02  -4.18550412e-01   1.41969360e+00]
DIIS for step 7
istep = 7  E(CCSD) = -0.272947535435506  dE = -6.18165815e-07  norm(t1,t2) = 4.59464e-06
    CPU time for CCSD iter      0.08 sec, wall time      0.08 sec
    CPU time for vvvv-tau      0.00 sec, wall time      0.00 sec
    CPU time for vvvv [0:40]      0.00 sec, wall time      0.01 sec
    CPU time for vvvv      0.03 sec, wall time      0.04 sec
    CPU time for woooo      0.00 sec, wall time      0.00 sec
max_memory 3890 MB,  nocc,nvir = 4,40  blksize = 4,40
    CPU time for ovvv [0:4]      0.02 sec, wall time      0.01 sec
    CPU time for wOVov [0:4]      0.01 sec, wall time      0.01 sec
    CPU time for woVoV [0:4]      0.00 sec, wall time      0.01 sec
    CPU time for contract occ [0:4]      0.04 sec, wall time      0.04 sec
    CPU time for contract loop      0.07 sec, wall time      0.08 sec
    CPU time for update t1 t2      0.07 sec, wall time      0.08 sec
diis-c [ -1.81493709e-13   1.15703339e+00   3.07302225e-04   9.35920175e-05
   8.00895031e-03  -2.49045280e-02  -1.40538711e-01]
DIIS for step 8
istep = 8  E(CCSD) = -0.272947315482157  dE = 2.19953349e-07  norm(t1,t2) = 1.15125e-06
    CPU time for CCSD iter      0.08 sec, wall time      0.08 sec
    CPU time for vvvv-tau      0.00 sec, wall time      0.00 sec
    CPU time for vvvv [0:40]      0.01 sec, wall time      0.00 sec
    CPU time for vvvv      0.04 sec, wall time      0.04 sec
    CPU time for woooo      0.00 sec, wall time      0.00 sec
max_memory 3889 MB,  nocc,nvir = 4,40  blksize = 4,40
    CPU time for ovvv [0:4]      0.01 sec, wall time      0.01 sec
    CPU time for wOVov [0:4]      0.01 sec, wall time      0.02 sec
    CPU time for woVoV [0:4]      0.01 sec, wall time      0.01 sec
    CPU time for contract occ [0:4]      0.03 sec, wall time      0.04 sec
    CPU time for contract loop      0.07 sec, wall time      0.08 sec
    CPU time for update t1 t2      0.08 sec, wall time      0.08 sec
diis-c [ -1.37945211e-14   3.03673399e-02   1.00790084e+00  -1.00032221e-04
   6.78420841e-04   1.41378959e-03  -4.02603568e-02]
DIIS for step 9
istep = 9  E(CCSD) = -0.272947341013305  dE = -2.55311488e-08  norm(t1,t2) = 2.49023e-07
    CPU time for CCSD iter      0.08 sec, wall time      0.08 sec
    CPU time for CCSD      0.80 sec, wall time      0.80 sec
CCSD converged
E(CCSD) = -100.338301791276  E_corr = -0.2729473410133053
    CPU time for EOM-CCSD shared one-electron intermediates      0.00 sec, wall time      0.00 sec
    CPU time for EOM-CCSD shared two-electron intermediates      0.01 sec, wall time      0.01 sec
    CPU time for EOM-CCSD IP intermediates      0.02 sec, wall time      0.01 sec
tol 1e-07  toloose 0.000316228
max_cycle 200  max_space 212  max_memory 2000  incore True
davidson 0 4  |r|= 0.559  e= [ 0.72701511  0.72701511  0.84851956  1.6514481 ]  max|de|= 1.65  lindep=    1
davidson 1 8  |r|= 0.0965  e= [ 0.58348586  0.58348586  0.72753156  1.45235589]  max|de|= -0.199  lindep= 0.951
davidson 2 11  |r|= 0.0747  e= [ 0.58348614  0.58388946  0.72891017  1.45251782]  max|de|= 0.00138  lindep= 0.902
davidson 3 15  |r|= 0.0479  e= [ 0.58388977  0.58435012  0.72929531  1.44620644]  max|de|= -0.00631  lindep= 0.931
davidson 4 19  |r|= 0.0176  e= [ 0.58435015  0.5843395   0.72928339  1.44436791]  max|de|= -0.00184  lindep= 0.914
davidson 5 23  |r|= 0.00381  e= [ 0.5843395   0.58433825  0.7292804   1.44436187]  max|de|= -1.07e-05  lindep= 0.91
davidson 6 27  |r|= 0.00157  e= [ 0.58433825  0.58433909  0.72928025  1.44444709]  max|de|= 8.52e-05  lindep= 0.923
root 2 converged  |r|= 1.27e-06  e= 0.729280169925  max|de|= -7.91e-08
davidson 7 31  |r|= 0.000486  e= [ 0.58433909  0.58433923  0.72928017  1.44442915]  max|de|= -1.79e-05  lindep= 0.877
root 1 converged  |r|= 1.01e-07  e= 0.584339248541  max|de|= 2.32e-08
davidson 8 34  |r|= 0.000151  e= [ 0.58433923  0.58433925  0.72928018  1.44442448]  max|de|= -4.67e-06  lindep= 0.788
root 0 converged  |r|= 7.26e-08  e= 0.584339248541  max|de|= 2.32e-08
root 1 converged  |r|= 7.26e-08  e= 0.584339248541  max|de|= 2.32e-08
davidson 9 36  |r|= 2.63e-05  e= [ 0.58433925  0.58433925  0.72928018  1.44442515]  max|de|= 6.79e-07  lindep= 0.867
davidson 10 37  |r|= 4.55e-06  e= [ 0.58433925  0.58433925  0.72928018  1.44442527]  max|de|= 1.11e-07  lindep= 0.903
root 3 converged  |r|= 1.01e-06  e= 1.44442530621  max|de|= 4.07e-08
converge 11 38  |r|= 1.22e-06  e= [ 0.58433925  0.58433925  0.72928018  1.44442531]  max|de|= 4.07e-08
IP root 0 E = 0.5843392485407424  qpwt = 0.495963  conv = True
IP root 1 E = 0.5843392485407424  qpwt = 0.495963  conv = True
IP root 2 E = 0.7292801755866491  qpwt = 0.965177  conv = True
IP root 3 E = 1.444425306214597  qpwt = 0.858188  conv = True
    CPU time for IP-CCSD      0.16 sec, wall time      0.15 sec
    CPU time for EOM-CCSD shared one-electron intermediates      0.00 sec, wall time      0.00 sec
    CPU time for EOM-CCSD EA intermediates      0.35 sec, wall time      0.36 sec
tol 1e-07  toloose 0.000316228
max_cycle 200  max_space 236  max_memory 2000  incore True
davidson 0 12  |r|= 0.436  e= [ 0.13572686  0.58181794  0.67478571  0.72371722  0.72371722  0.88876357
  0.90366386  0.90366386  1.44435077  2.21576628  2.23288793  2.23288793]  max|de|= 2.23  lindep=    1
davidson 1 24  |r|= 0.419  e= [ 0.11312691  0.52414028  0.63595432  0.67893573  0.67893573  0.84500713
  0.87147205  0.87147205  1.36864262  2.13739712  2.14928116  2.14927228]  max|de|= -0.0836  lindep= 0.855
davidson 2 34  |r|= 0.549  e= [ 0.11288443  0.52147817  0.63377794  0.67665519  0.67890547  0.83606468
  0.87144748  0.86913787  1.34839019  2.12884224  2.10573648  2.10418503]  max|de|= 0.193  lindep= 0.799
davidson 3 46  |r|= 0.598  e= [ 0.11289171  0.5216494   0.6336755   0.67627715  0.6766083   0.84536284
  0.86873942  0.87087959  1.3864876   2.11635803  2.1393032   2.13911203]  max|de|= 0.0381  lindep= 0.786
davidson 4 58  |r|= 0.413  e= [ 0.11289215  0.5216826   0.63373015  0.67683548  0.67781159  0.84364768
  0.86981237  0.86990812  1.36559617  2.17124184  2.11351618  2.10819304]  max|de|= 0.0549  lindep= 0.818
davidson 5 70  |r|= 0.386  e= [ 0.11289231  0.52169285  0.63372792  0.67713498  0.67704424  0.8435774
  0.86975445  0.86984389  1.34546899  2.16210623  2.14097172  2.13914528]  max|de|= 0.031  lindep= 0.858
root 0 converged  |r|= 4.8e-07  e= 0.112892312987  max|de|= 5.96e-09
davidson 6 82  |r|= 0.718  e= [ 0.11289231  0.52169247  0.63372873  0.67709223  0.67709563  0.84354911
  0.86978188  0.86974035  1.32413677  2.09692363  2.13198318  2.15050273]  max|de|= -0.0652  lindep= 0.826
davidson 7 93  |r|= 0.31  e= [ 0.11289231  0.52169223  0.63372778  0.67709075  0.6770928   0.84355024
  0.86971408  0.86969666  1.32938606  2.14381985  2.14015582  2.13960775]  max|de|= 0.0469  lindep= 0.842
root 1 converged  |r|= 1.39e-06  e= 0.521692151544  max|de|= -7.39e-08
davidson 8 104  |r|= 0.51  e= [ 0.11289231  0.52169215  0.6337276   0.67708783  0.67708912  0.84355123
  0.86967246  0.86968328  1.40493202  2.11297152  2.14724394  2.14834053]  max|de|= 0.0755  lindep= 0.823
root 2 converged  |r|= 8.08e-07  e= 0.633727598013  max|de|= -5.38e-09
davidson 9 114  |r|= 0.48  e= [ 0.11289231  0.52169215  0.6337276   0.67708688  0.67708721  0.84355108
  0.86967039  0.86967309  1.39166251  2.1671258   2.14133767  2.14141925]  max|de|= 0.0542  lindep= 0.82
davidson 10 123  |r|= 0.319  e= [ 0.11289231  0.52169215  0.6337276   0.67708706  0.67708699  0.84355157
  0.86967074  0.86966968  1.38891286  2.15604589  2.14112698  2.1412718 ]  max|de|= -0.0111  lindep= 0.826
root 5 converged  |r|= 7.3e-06  e= 0.843551581247  max|de|= 1.52e-08
davidson 11 132  |r|= 0.54  e= [ 0.11289231  0.52169215  0.6337276   0.6770872   0.67708712  0.84355158
  0.86966885  0.86966858  1.38820616  2.18408985  2.14284125  2.14299173]  max|de|= 0.028  lindep= 0.778
root 3 converged  |r|= 1.06e-06  e= 0.677087133082  max|de|= 1.32e-08
root 4 converged  |r|= 1.06e-06  e= 0.677087133082  max|de|= 1.32e-08
davidson 12 140  |r|= 0.231  e= [ 0.11289231  0.52169215  0.6337276   0.67708713  0.67708713  0.84355159
  0.86966844  0.86966807  1.38672873  2.1620995   2.14160764  2.1415787 ]  max|de|= -0.022  lindep= 0.827
davidson 13 146  |r|= 0.263  e= [ 0.11289231  0.52169215  0.6337276   0.67708712  0.67708712  0.84355155
  0.86966798  0.86966795  1.38800048  2.14253305  2.13827949  2.13693365]  max|de|= -0.0196  lindep= 0.782
root 6 converged  |r|= 7.5e-06  e= 0.869667894387  max|de|= -5.8e-08
davidson 14 152  |r|= 0.557  e= [ 0.11289231  0.52169215  0.6337276   0.67708712  0.67708712  0.84355155
  0.86966789  0.86966781  1.38588286  2.1835618   2.1423435   2.1418538 ]  max|de|= 0.041  lindep= 0.759
root 7 converged  |r|= 7.52e-06  e= 0.869667851984  max|de|= 4.34e-08
davidson 15 157  |r|= 0.315  e= [ 0.11289232  0.52169215  0.6337276   0.67708712  0.67708712  0.84355155
  0.86966789  0.86966785  1.3159139   2.16801235  2.13833189  2.13796369]  max|de|= -0.07  lindep= 0.729
davidson 16 161  |r|= 0.345  e= [ 0.11289232  0.52169215  0.6337276   0.67708712  0.67708712  0.84355156
  0.86966789  0.86966785  1.37974841  2.17693554  2.14295183  2.14190738]  max|de|= 0.0638  lindep= 0.735
davidson 17 165  |r|= 0.197  e= [ 0.11289232  0.52169215  0.6337276   0.67708712  0.67708712  0.84355157
  0.86966789  0.86966785  1.38219756  2.15188809  2.13978012  2.13949537]  max|de|= -0.025  lindep= 0.814
davidson 18 169  |r|= 0.39  e= [ 0.11289232  0.52169215  0.6337276   0.67708712  0.67708712  0.84355157
  0.86966789  0.86966785  1.38040914  2.17461517  2.13812345  2.13812345]  max|de|= 0.0227  lindep= 0.842
davidson 19 172  |r|= 0.25  e= [ 0.11289232  0.52169215  0.6337276   0.67708712  0.67708712  0.84355157
  0.86966789  0.86966785  1.37955615  2.15352116  2.14006388  2.14006388]  max|de|= -0.0211  lindep= 0.826
davidson 20 175  |r|= 0.438  e= [ 0.11289232  0.52169215  0.6337276   0.67708712  0.67708712  0.84355156
  0.86966789  0.86966785  1.37921041  2.13853352  2.13861295  2.13861295]  max|de|= -0.015  lindep= 0.832
davidson 21 178  |r|= 0.236  e= [ 0.11289232  0.52169215  0.6337276   0.67708712  0.67708712  0.84355157
  0.86966789  0.86966785  1.37905983  2.15567256  2.13977427  2.13977427]  max|de|= 0.0171  lindep= 0.826
davidson 22 181  |r|= 0.291  e= [ 0.11289232  0.52169215  0.6337276   0.67708712  0.67708712  0.84355157
  0.86966789  0.86966785  1.37896412  2.15529704  2.13957844  2.13957844]  max|de|= -0.000376  lindep= 0.832
davidson 23 184  |r|= 0.565  e= [ 0.11289232  0.52169215  0.6337276   0.67708712  0.67708712  0.84355156
  0.86966789  0.86966785  1.37893068  2.15224701  2.13298113  2.13298113]  max|de|= -0.0066  lindep= 0.791
davidson 24 187  |r|= 0.222  e= [ 0.11289232  0.52169215  0.6337276   0.67708712  0.67708712  0.84355156
  0.8696679   0.86966784  1.37899852  2.14976191  2.13939226  2.13949416]  max|de|= 0.00651  lindep= 0.78
davidson 25 191  |r|= 0.523  e= [ 0.11289232  0.52169215  0.6337276   0.67708712  0.67708712  0.84355156
  0.86966789  0.86966784  1.37891693  2.13614527  2.13989371  2.13856583]  max|de|= -0.0136  lindep= 0.804
davidson 26 195  |r|= 0.238  e= [ 0.11289232  0.52169215  0.6337276   0.67708712  0.67708712  0.84355157
  0.86966788  0.86966783  1.3789191   2.15743963  2.13995127  2.13971539]  max|de|= 0.0213  lindep= 0.846
davidson 27 199  |r|= 0.303  e= [ 0.11289232  0.52169215  0.6337276   0.67708712  0.67708712  0.84355157
  0.86966789  0.86966783  1.37894546  2.15075278  2.13895664  2.13969569]  max|de|= -0.00669  lindep= 0.82
davidson 28 203  |r|= 0.297  e= [ 0.11289232  0.52169215  0.6337276   0.67708712  0.67708712  0.84355157
  0.86966789  0.86966784  1.37896553  2.14932208  2.14015558  2.13930176]  max|de|= -0.00143  lindep= 0.827
davidson 29 207  |r|= 0.241  e= [ 0.11289232  0.52169215  0.6337276   0.67708712  0.67708712  0.84355157
  0.86966789  0.86966784  1.3789971   2.15950753  2.13972082  2.14005107]  max|de|= 0.0102  lindep= 0.789
davidson 30 211  |r|= 0.145  e= [ 0.11289232  0.52169215  0.6337276   0.67708712  0.67708712  0.84355157
  0.86966788  0.86966784  1.37896467  2.15137745  2.14017282  2.13969694]  max|de|= -0.00813  lindep= 0.786
davidson 31 215  |r|= 0.21  e= [ 0.11289232  0.52169215  0.6337276   0.67708712  0.67708712  0.84355157
  0.86966788  0.86966784  1.37897392  2.15301815  2.13956874  2.14018897]  max|de|= 0.00164  lindep= 0.732
davidson 32 219  |r|= 0.154  e= [ 0.11289232  0.52169215  0.6337276   0.67708712  0.67708712  0.84355156
  0.86966789  0.86966784  1.37897035  2.15037094  2.1398857   2.13999642]  max|de|= -0.00265  lindep= 0.815
davidson 33 223  |r|= 0.172  e= [ 0.11289232  0.52169215  0.6337276   0.67708712  0.67708712  0.84355156
  0.86966788  0.86966784  1.37896424  2.15185503  2.13968762  2.14005946]  max|de|= 0.00148  lindep= 0.801
davidson 34 227  |r|= 0.0903  e= [ 0.11289232  0.52169215  0.6337276   0.67708712  0.67708712  0.84355156
  0.86966789  0.86966784  1.37898964  2.15277059  2.14024324  2.1400223 ]  max|de|= 0.000916  lindep= 0.803
davidson 35 12  |r|= 0.0903  e= [ 0.11289232  0.52169215  0.6337276   0.67708712  0.67708712  0.84355156
  0.86966789  0.86966784  1.37898964  2.15277059  2.14024324  2.1400223 ]  max|de|= -9.33e-15  lindep=    1
davidson 36 16  |r|= 0.417  e= [ 0.11289232  0.52169215  0.6337276   0.67708712  0.67708712  0.84355156
  0.86966788  0.86966784  1.37897068  2.14795845  2.13847141  2.13959594]  max|de|= -0.00481  lindep= 0.76
davidson 37 20  |r|= 0.103  e= [ 0.11289232  0.52169215  0.6337276   0.67708712  0.67708712  0.84355156
  0.86966788  0.86966784  1.37907347  2.1527941   2.14032398  2.13998243]  max|de|= 0.00484  lindep= 0.755
davidson 38 24  |r|= 0.46  e= [ 0.11289232  0.52169215  0.6337276   0.67708712  0.67708712  0.84355156
  0.86966788  0.86966784  1.37897727  2.15091175  2.1421418   2.13963904]  max|de|= -0.00188  lindep= 0.744
davidson 39 28  |r|= 0.113  e= [ 0.11289232  0.52169215  0.6337276   0.67708712  0.67708712  0.84355156
  0.86966788  0.86966784  1.37895648  2.15237127  2.14002271  2.13980742]  max|de|= 0.00146  lindep= 0.721
davidson 40 32  |r|= 0.146  e= [ 0.11289231  0.52169215  0.6337276   0.67708712  0.67708712  0.84355156
  0.86966788  0.86966784  1.37896928  2.15421279  2.13905427  2.14017594]  max|de|= 0.00184  lindep= 0.539
davidson 41 36  |r|= 0.143  e= [ 0.11289231  0.52169215  0.6337276   0.67708712  0.67708712  0.84355156
  0.86966788  0.86966784  1.37894822  2.15205092  2.13982838  2.13945803]  max|de|= -0.00216  lindep= 0.583
davidson 42 40  |r|= 0.0956  e= [ 0.11289231  0.52169215  0.6337276   0.67708712  0.67708712  0.84355158
  0.86966788  0.86966784  1.37898317  2.15325663  2.14030319  2.13995133]  max|de|= 0.00121  lindep= 0.692
davidson 43 44  |r|= 0.106  e= [ 0.11289231  0.52169215  0.6337276   0.67708712  0.67708712  0.84355157
  0.86966788  0.86966784  1.37894225  2.15267722  2.13948315  2.13976069]  max|de|= -0.00082  lindep= 0.547
davidson 44 48  |r|= 0.369  e= [ 0.11289231  0.52169215  0.6337276   0.67708712  0.67708712  0.84355156
  0.86966788  0.86966784  1.37898144  2.14253046  2.14013744  2.14013744]  max|de|= -0.0101  lindep= 0.751
davidson 45 51  |r|= 0.144  e= [ 0.11289232  0.52169215  0.6337276   0.67708712  0.67708712  0.84355157
  0.86966788  0.86966784  1.37895773  2.15392381  2.14024549  2.13979318]  max|de|= 0.0114  lindep= 0.773
davidson 46 55  |r|= 0.258  e= [ 0.11289231  0.52169215  0.6337276   0.67708712  0.67708712  0.84355157
  0.86966788  0.86966784  1.37899649  2.15777645  2.14069298  2.13979815]  max|de|= 0.00385  lindep= 0.759
davidson 47 59  |r|= 0.515  e= [ 0.11289231  0.52169215  0.6337276   0.67708712  0.67708712  0.84355157
  0.86966788  0.86966784  1.37894058  2.14991236  2.13848271  2.13976187]  max|de|= -0.00786  lindep= 0.798
davidson 48 63  |r|= 0.113  e= [ 0.11289231  0.52169215  0.6337276   0.67708712  0.67708712  0.84355156
  0.86966788  0.86966784  1.37892814  2.15414826  2.13981198  2.13981198]  max|de|= 0.00424  lindep= 0.698
davidson 49 66  |r|= 0.0877  e= [ 0.11289231  0.52169215  0.6337276   0.67708712  0.67708712  0.84355156
  0.86966788  0.86966784  1.37898982  2.15339063  2.13976979  2.13989314]  max|de|= -0.000758  lindep= 0.774
davidson 50 70  |r|= 0.137  e= [ 0.11289232  0.52169215  0.6337276   0.67708712  0.67708712  0.84355156
  0.86966788  0.86966784  1.37900498  2.15324216  2.13980419  2.13970632]  max|de|= -0.000187  lindep= 0.746
davidson 51 74  |r|= 0.123  e= [ 0.11289232  0.52169215  0.6337276   0.67708712  0.67708712  0.84355156
  0.86966788  0.86966784  1.3789818   2.15343446  2.1398277   2.13973801]  max|de|= 0.000192  lindep= 0.764
davidson 52 78  |r|= 0.133  e= [ 0.11289231  0.52169215  0.6337276   0.67708712  0.67708712  0.84355156
  0.86966788  0.86966784  1.37897673  2.15291588  2.13976985  2.13976985]  max|de|= -0.000519  lindep= 0.802
davidson 53 81  |r|= 0.204  e= [ 0.11289231  0.52169215  0.6337276   0.67708712  0.67708712  0.84355156
  0.86966788  0.86966784  1.37898914  2.15700296  2.14010504  2.13976272]  max|de|= 0.00409  lindep= 0.771
davidson 54 85  |r|= 0.0827  e= [ 0.11289231  0.52169215  0.6337276   0.67708712  0.67708712  0.84355156
  0.86966788  0.86966784  1.3789414   2.15359139  2.13985636  2.13981362]  max|de|= -0.00341  lindep= 0.776
davidson 55 89  |r|= 0.375  e= [ 0.11289231  0.52169215  0.6337276   0.67708712  0.67708712  0.84355156
  0.86966788  0.86966784  1.37898199  2.15863569  2.13995454  2.13979921]  max|de|= 0.00504  lindep= 0.658
davidson 56 93  |r|= 0.0864  e= [ 0.11289231  0.52169215  0.6337276   0.67708712  0.67708712  0.84355156
  0.86966788  0.86966784  1.37899536  2.15380523  2.1398626   2.1398626 ]  max|de|= -0.00483  lindep= 0.735
davidson 57 96  |r|= 0.197  e= [ 0.11289231  0.52169215  0.6337276   0.67708712  0.67708712  0.84355156
  0.86966788  0.86966784  1.37894599  2.15158764  2.14025951  2.13983193]  max|de|= -0.00222  lindep= 0.658
davidson 58 100  |r|= 0.0758  e= [ 0.11289231  0.52169215  0.6337276   0.67708712  0.67708712  0.84355156
  0.86966788  0.86966784  1.378962    2.15418624  2.13984148  2.13984148]  max|de|= 0.0026  lindep= 0.786
davidson 59 103  |r|= 0.134  e= [ 0.11289231  0.52169215  0.6337276   0.67708712  0.67708712  0.84355156
  0.86966788  0.86966784  1.3790047   2.15189695  2.13974834  2.13966368]  max|de|= -0.00229  lindep= 0.77
davidson 60 107  |r|= 0.131  e= [ 0.11289231  0.52169215  0.6337276   0.67708712  0.67708712  0.84355156
  0.86966788  0.86966784  1.37894968  2.15385213  2.140077    2.13988321]  max|de|= 0.00196  lindep= 0.786
davidson 61 111  |r|= 0.383  e= [ 0.11289231  0.52169215  0.6337276   0.67708712  0.67708712  0.84355155
  0.86966788  0.86966784  1.37895158  2.15252535  2.13979764  2.13979764]  max|de|= -0.00133  lindep= 0.678
davidson 62 114  |r|= 0.211  e= [ 0.11289231  0.52169215  0.6337276   0.67708712  0.67708712  0.84355155
  0.86966788  0.86966784  1.37893604  2.15378922  2.14050867  2.13979101]  max|de|= 0.00126  lindep=  0.8
davidson 63 118  |r|= 0.127  e= [ 0.11289231  0.52169215  0.6337276   0.67708712  0.67708712  0.84355155
  0.86966788  0.86966784  1.37897171  2.15381759  2.13984614  2.13979353]  max|de|= 5.51e-05  lindep= 0.792
davidson 64 122  |r|= 0.249  e= [ 0.11289231  0.52169215  0.6337276   0.67708712  0.67708712  0.84355155
  0.86966788  0.86966784  1.37895882  2.15530162  2.1398409   2.14011058]  max|de|= 0.00148  lindep= 0.797
davidson 65 126  |r|= 0.314  e= [ 0.11289231  0.52169215  0.6337276   0.67708712  0.67708712  0.84355155
  0.86966788  0.86966784  1.37895474  2.14872875  2.13982164  2.13993367]  max|de|= -0.00657  lindep= 0.787
davidson 66 130  |r|= 0.122  e= [ 0.11289231  0.52169215  0.6337276   0.67708712  0.67708712  0.84355156
  0.86966788  0.86966784  1.37896273  2.15181105  2.13984509  2.13984509]  max|de|= 0.00308  lindep= 0.787
davidson 67 133  |r|= 0.0595  e= [ 0.11289231  0.52169215  0.6337276   0.67708712  0.67708712  0.84355156
  0.86966788  0.86966784  1.37895972  2.15321579  2.13985111  2.13980739]  max|de|= 0.0014  lindep= 0.81
davidson 68 137  |r|= 0.176  e= [ 0.11289231  0.52169215  0.6337276   0.67708712  0.67708712  0.84355156
  0.86966787  0.86966784  1.37899411  2.15154244  2.13979683  2.13979683]  max|de|= -0.00167  lindep= 0.809
davidson 69 140  |r|= 0.0735  e= [ 0.11289231  0.52169215  0.6337276   0.67708712  0.67708712  0.84355156
  0.86966787  0.86966784  1.37896249  2.1522731   2.13986096  2.1398053 ]  max|de|= 0.000731  lindep= 0.769
davidson 70 144  |r|= 0.0998  e= [ 0.11289231  0.52169215  0.6337276   0.67708712  0.67708712  0.84355156
  0.86966787  0.86966784  1.37894023  2.15308204  2.13973225  2.13998102]  max|de|= 0.000809  lindep= 0.755
davidson 71 148  |r|= 0.087  e= [ 0.11289231  0.52169215  0.6337276   0.67708712  0.67708712  0.84355156
  0.86966787  0.86966784  1.37908305  2.15228909  2.13981213  2.13986152]  max|de|= -0.000793  lindep= 0.812
davidson 72 152  |r|= 0.224  e= [ 0.11289231  0.52169215  0.6337276   0.67708712  0.67708712  0.84355156
  0.86966788  0.86966784  1.37902878  2.15437306  2.13977916  2.139346  ]  max|de|= 0.00208  lindep= 0.716
davidson 73 156  |r|= 0.0504  e= [ 0.11289231  0.52169215  0.6337276   0.67708712  0.67708712  0.84355156
  0.86966788  0.86966784  1.37904453  2.15228053  2.139833    2.13987371]  max|de|= -0.00209  lindep= 0.776
davidson 74 160  |r|= 0.0589  e= [ 0.11289232  0.52169215  0.6337276   0.67708712  0.67708712  0.84355156
  0.86966787  0.86966784  1.3789957   2.15229371  2.13992583  2.13981534]  max|de|= 5.21e-05  lindep= 0.803
davidson 75 164  |r|= 0.0482  e= [ 0.11289232  0.52169215  0.6337276   0.67708712  0.67708712  0.84355156
  0.86966787  0.86966784  1.37899184  2.15261225  2.1397508   2.13983533]  max|de|= 0.000319  lindep=  0.8
davidson 76 168  |r|= 0.0513  e= [ 0.11289232  0.52169215  0.6337276   0.67708712  0.67708712  0.84355155
  0.86966787  0.86966784  1.37898141  2.15222327  2.13983616  2.14003442]  max|de|= -0.000389  lindep= 0.782
davidson 77 172  |r|= 0.0886  e= [ 0.11289232  0.52169215  0.6337276   0.67708712  0.67708712  0.84355156
  0.86966787  0.86966784  1.378942    2.15454366  2.1397248   2.1397248 ]  max|de|= 0.00232  lindep= 0.836
davidson 78 175  |r|= 0.031  e= [ 0.11289232  0.52169215  0.6337276   0.67708712  0.67708712  0.84355156
  0.86966787  0.86966784  1.37896497  2.15283496  2.13985431  2.13972562]  max|de|= -0.00171  lindep= 0.802
davidson 79 179  |r|= 0.327  e= [ 0.11289232  0.52169215  0.6337276   0.67708712  0.67708712  0.84355156
  0.86966787  0.86966784  1.37896665  2.14922666  2.13994482  2.13969612]  max|de|= -0.00361  lindep= 0.817
davidson 80 183  |r|= 0.0362  e= [ 0.11289232  0.52169215  0.6337276   0.67708712  0.67708712  0.84355156
  0.86966788  0.86966784  1.37896347  2.15257152  2.13994175  2.13957933]  max|de|= 0.00334  lindep= 0.805
davidson 81 187  |r|= 0.0914  e= [ 0.11289232  0.52169215  0.6337276   0.67708712  0.67708712  0.84355155
  0.86966788  0.86966784  1.37895973  2.15151555  2.13980885  2.13980885]  max|de|= -0.00106  lindep= 0.788
davidson 82 190  |r|= 0.0469  e= [ 0.11289232  0.52169215  0.6337276   0.67708712  0.67708712  0.84355156
  0.86966788  0.86966784  1.37895775  2.15252622  2.13991245  2.1398033 ]  max|de|= 0.00101  lindep= 0.779
davidson 83 194  |r|= 0.236  e= [ 0.11289232  0.52169215  0.6337276   0.67708712  0.67708712  0.84355156
  0.86966787  0.86966784  1.37903891  2.15407029  2.13896406  2.13982572]  max|de|= 0.00154  lindep= 0.747
davidson 84 198  |r|= 0.0894  e= [ 0.11289232  0.52169215  0.6337276   0.67708712  0.67708712  0.84355156
  0.86966787  0.86966784  1.37897042  2.15322317  2.13964778  2.13981571]  max|de|= -0.000847  lindep= 0.801
davidson 85 202  |r|= 0.0732  e= [ 0.11289232  0.52169215  0.6337276   0.67708712  0.67708712  0.84355156
  0.86966787  0.86966784  1.37896784  2.15171147  2.1397907   2.13983657]  max|de|= -0.00151  lindep= 0.819
davidson 86 206  |r|= 0.0255  e= [ 0.11289232  0.52169215  0.6337276   0.67708712  0.67708712  0.84355155
  0.86966787  0.86966784  1.37896107  2.15247729  2.13979979  2.13983127]  max|de|= 0.000766  lindep= 0.81
davidson 87 210  |r|= 0.0399  e= [ 0.11289232  0.52169215  0.6337276   0.67708712  0.67708712  0.84355155
  0.86966788  0.86966784  1.37896138  2.15229867  2.13970311  2.13983724]  max|de|= -0.000179  lindep= 0.789
davidson 88 214  |r|= 0.209  e= [ 0.11289232  0.52169215  0.6337276   0.67708712  0.67708712  0.84355155
  0.86966787  0.86966784  1.37896086  2.14795947  2.13978907  2.13990097]  max|de|= -0.00434  lindep= 0.783
davidson 89 218  |r|= 0.0253  e= [ 0.11289232  0.52169215  0.6337276   0.67708712  0.67708712  0.84355155
  0.86966787  0.86966784  1.37896155  2.15247647  2.13987892  2.13983551]  max|de|= 0.00452  lindep= 0.788
davidson 90 222  |r|= 0.0385  e= [ 0.11289232  0.52169215  0.6337276   0.67708712  0.67708712  0.84355155
  0.86966787  0.86966784  1.37896289  2.15206982  2.13979598  2.13982565]  max|de|= -0.000407  lindep= 0.817
davidson 91 226  |r|= 0.0488  e= [ 0.11289232  0.52169215  0.6337276   0.67708712  0.67708712  0.84355155
  0.86966787  0.86966784  1.3789638   2.15271273  2.13983753  2.13986303]  max|de|= 0.000643  lindep= 0.805
root 8 converged  |r|= 6.52e-05  e= 1.37896379625  max|de|= -4.22e-15
davidson 92 12  |r|= 0.0488  e= [ 0.11289232  0.52169215  0.6337276   0.67708712  0.67708712  0.84355155
  0.86966787  0.86966784  1.3789638   2.15271273  2.13983753  2.13986303]  max|de|= 2.1e-14  lindep= 0.974
davidson 93 15  |r|= 0.117  e= [ 0.11289232  0.52169215  0.6337276   0.67708712  0.67708712  0.84355155
  0.86966787  0.86966784  1.37896386  2.15241141  2.13982751  2.13967447]  max|de|= -0.000301  lindep= 0.727
davidson 94 18  |r|= 0.0583  e= [ 0.11289232  0.52169215  0.6337276   0.67708712  0.67708712  0.84355155
  0.86966787  0.86966784  1.37896422  2.15274119  2.13983861  2.13983861]  max|de|= 0.00033  lindep= 0.808
davidson 95 21  |r|= 0.67  e= [ 0.11289232  0.52169215  0.6337276   0.67708712  0.67708712  0.84355155
  0.86966787  0.86966784  1.37896154  2.15332843  2.13980193  2.14008991]  max|de|= 0.000587  lindep=  0.7
davidson 96 25  |r|= 0.0431  e= [ 0.11289232  0.52169215  0.6337276   0.67708712  0.67708712  0.84355155
  0.86966787  0.86966784  1.37896376  2.15261878  2.1398311   2.13969376]  max|de|= -0.00071  lindep= 0.731
davidson 97 29  |r|= 0.131  e= [ 0.11289232  0.52169215  0.6337276   0.67708712  0.67708712  0.84355155
  0.86966787  0.86966784  1.37896512  2.15293667  2.13978343  2.13997378]  max|de|= 0.000318  lindep= 0.673
davidson 98 33  |r|= 0.468  e= [ 0.11289232  0.52169215  0.6337276   0.67708712  0.67708712  0.84355155
  0.86966787  0.86966784  1.37896381  2.15246695  2.1393729   2.13979935]  max|de|= -0.00047  lindep= 0.714
davidson 99 37  |r|= 0.0904  e= [ 0.11289232  0.52169215  0.6337276   0.67708712  0.67708712  0.84355155
  0.86966787  0.86966784  1.37896869  2.15277167  2.13957203  2.13981569]  max|de|= 0.000305  lindep= 0.643
davidson 100 41  |r|= 0.0657  e= [ 0.11289232  0.52169215  0.6337276   0.67708712  0.67708712  0.84355155
  0.86966787  0.86966784  1.37896342  2.15240345  2.13979929  2.1398261 ]  max|de|= -0.000368  lindep= 0.627
davidson 101 45  |r|= 0.0582  e= [ 0.11289232  0.52169215  0.6337276   0.67708712  0.67708712  0.84355155
  0.86966787  0.86966784  1.37896525  2.15274984  2.13980888  2.13974536]  max|de|= 0.000346  lindep= 0.562
davidson 102 49  |r|= 0.0872  e= [ 0.11289232  0.52169215  0.6337276   0.67708712  0.67708712  0.84355155
  0.86966787  0.86966784  1.37896375  2.15192591  2.13984296  2.13984296]  max|de|= -0.000824  lindep= 0.561
davidson 103 52  |r|= 0.0537  e= [ 0.11289232  0.52169215  0.6337276   0.67708712  0.67708712  0.84355155
  0.86966787  0.86966784  1.3789642   2.15269366  2.13977953  2.13985476]  max|de|= 0.000768  lindep= 0.725
davidson 104 56  |r|= 0.16  e= [ 0.11289232  0.52169215  0.6337276   0.67708712  0.67708712  0.84355155
  0.86966787  0.86966784  1.37896794  2.15083616  2.13982385  2.1399027 ]  max|de|= -0.00186  lindep= 0.678
davidson 105 60  |r|= 0.0677  e= [ 0.11289232  0.52169215  0.6337276   0.67708712  0.67708712  0.84355155
  0.86966787  0.86966784  1.37896297  2.1527      2.13983618  2.13983618]  max|de|= 0.00186  lindep= 0.774
davidson 106 63  |r|= 0.117  e= [ 0.11289232  0.52169215  0.6337276   0.67708712  0.67708712  0.84355155
  0.86966787  0.86966784  1.37896405  2.1516395   2.13978438  2.13984641]  max|de|= -0.00106  lindep= 0.754
davidson 107 67  |r|= 0.046  e= [ 0.11289232  0.52169215  0.6337276   0.67708712  0.67708712  0.84355155
  0.86966787  0.86966784  1.37896434  2.1523114   2.13982266  2.13993043]  max|de|= 0.000672  lindep= 0.759
davidson 108 71  |r|= 0.318  e= [ 0.11289232  0.52169215  0.6337276   0.67708712  0.67708712  0.84355155
  0.86966787  0.86966784  1.37417551  2.15351513  2.1398515   2.1398515 ]  max|de|= -0.00479  lindep= 0.835
davidson 109 74  |r|= 0.0369  e= [ 0.11289232  0.52169215  0.6337276   0.67708712  0.67708712  0.84355155
  0.86966787  0.86966784  1.3789659   2.1523928   2.13982828  2.13990071]  max|de|= 0.00479  lindep= 0.755
davidson 110 78  |r|= 0.0464  e= [ 0.11289232  0.52169215  0.6337276   0.67708712  0.67708712  0.84355155
  0.86966787  0.86966784  1.378964    2.15331488  2.14005567  2.1398276 ]  max|de|= 0.000922  lindep= 0.722
davidson 111 82  |r|= 0.0648  e= [ 0.11289232  0.52169215  0.6337276   0.67708712  0.67708712  0.84355155
  0.86966787  0.86966784  1.37896505  2.15210004  2.13983842  2.13979372]  max|de|= -0.00121  lindep= 0.803
davidson 112 86  |r|= 0.0732  e= [ 0.11289232  0.52169215  0.6337276   0.67708712  0.67708712  0.84355155
  0.86966787  0.86966784  1.37897662  2.15272588  2.13983024  2.13993911]  max|de|= 0.000626  lindep= 0.781
davidson 113 90  |r|= 0.0618  e= [ 0.11289232  0.52169215  0.6337276   0.67708712  0.67708712  0.84355155
  0.86966786  0.86966784  1.3789641   2.15229543  2.13982068  2.1398431 ]  max|de|= -0.00043  lindep= 0.73
davidson 114 94  |r|= 0.116  e= [ 0.11289232  0.52169215  0.6337276   0.67708712  0.67708712  0.84355155
  0.86966786  0.86966784  1.37896364  2.15258684  2.13979642  2.13979642]  max|de|= 0.000291  lindep= 0.746
davidson 115 97  |r|= 0.265  e= [ 0.11289232  0.52169215  0.6337276   0.67708712  0.67708712  0.84355155
  0.86966787  0.86966784  1.37896447  2.14991132  2.13982499  2.13993463]  max|de|= -0.00268  lindep= 0.814
davidson 116 101  |r|= 0.0575  e= [ 0.11289232  0.52169215  0.6337276   0.67708712  0.67708712  0.84355155
  0.86966787  0.86966784  1.37896355  2.15260737  2.13983986  2.14023053]  max|de|= 0.0027  lindep= 0.744
davidson 117 105  |r|= 0.0806  e= [ 0.11289232  0.52169215  0.6337276   0.67708712  0.67708712  0.84355155
  0.86966787  0.86966784  1.37896369  2.15277735  2.13983209  2.13983209]  max|de|= 0.00017  lindep= 0.805
davidson 118 108  |r|= 0.039  e= [ 0.11289232  0.52169215  0.6337276   0.67708712  0.67708712  0.84355155
  0.86966787  0.86966784  1.37892959  2.15264117  2.13986953  2.13982755]  max|de|= -0.000136  lindep= 0.783
davidson 119 112  |r|= 0.232  e= [ 0.11289232  0.52169215  0.6337276   0.67708712  0.67708712  0.84355155
  0.86966787  0.86966784  1.37896413  2.15143996  2.13982324  2.14207665]  max|de|= 0.00221  lindep= 0.774
davidson 120 116  |r|= 0.0529  e= [ 0.11289232  0.52169215  0.6337276   0.67708712  0.67708712  0.84355155
  0.86966787  0.86966784  1.37896435  2.15284171  2.13984644  2.13981218]  max|de|= 0.0014  lindep= 0.782
davidson 121 120  |r|= 0.247  e= [ 0.11289232  0.52169215  0.6337276   0.67708712  0.67708712  0.84355155
  0.86966787  0.86966784  1.37896338  2.1547818   2.13952419  2.1398246 ]  max|de|= 0.00194  lindep= 0.782
davidson 122 124  |r|= 0.0408  e= [ 0.11289232  0.52169215  0.6337276   0.67708712  0.67708712  0.84355155
  0.86966787  0.86966784  1.37896455  2.15263619  2.13983761  2.13981303]  max|de|= -0.00215  lindep= 0.808
davidson 123 128  |r|= 0.074  e= [ 0.11289232  0.52169215  0.6337276   0.67708712  0.67708712  0.84355155
  0.86966787  0.86966784  1.37896384  2.15319288  2.13982477  2.13982477]  max|de|= 0.000557  lindep= 0.808
davidson 124 131  |r|= 0.586  e= [ 0.11289232  0.52169215  0.6337276   0.67708712  0.67708712  0.84355155
  0.86966787  0.86966784  1.37896409  2.15309041  2.13982832  2.13973569]  max|de|= -0.000102  lindep= 0.819
davidson 125 135  |r|= 0.211  e= [ 0.11289232  0.52169215  0.6337276   0.67708712  0.67708712  0.84355155
  0.86966787  0.86966784  1.37896371  2.15174147  2.13983872  2.13979254]  max|de|= -0.00135  lindep= 0.764
davidson 126 139  |r|= 0.0564  e= [ 0.11289232  0.52169215  0.6337276   0.67708712  0.67708712  0.84355155
  0.86966787  0.86966784  1.37896495  2.15237725  2.13982655  2.13982655]  max|de|= 0.000636  lindep= 0.809
davidson 127 142  |r|= 0.0659  e= [ 0.11289232  0.52169215  0.6337276   0.67708712  0.67708712  0.84355155
  0.86966787  0.86966784  1.37896451  2.15255698  2.13982997  2.13989452]  max|de|= 0.00018  lindep= 0.765
root 8 converged  |r|= 1.38e-05  e= 1.37896446316  max|de|= -4.92e-08
davidson 128 146  |r|= 0.141  e= [ 0.11289232  0.52169215  0.6337276   0.67708712  0.67708712  0.84355155
  0.86966787  0.86966784  1.37896446  2.15056783  2.1401362   2.13982284]  max|de|= -0.00199  lindep= 0.826
davidson 129 149  |r|= 0.0323  e= [ 0.11289232  0.52169215  0.6337276   0.67708712  0.67708712  0.84355155
  0.86966787  0.86966784  1.37896441  2.15271659  2.13983533  2.13981976]  max|de|= 0.00215  lindep= 0.809
davidson 130 152  |r|= 0.0501  e= [ 0.11289232  0.52169215  0.6337276   0.67708712  0.67708712  0.84355155
  0.86966787  0.86966784  1.37896378  2.15194995  2.13983338  2.13983338]  max|de|= -0.000767  lindep= 0.81
davidson 131 155  |r|= 0.0461  e= [ 0.11289232  0.52169215  0.6337276   0.67708712  0.67708712  0.84355155
  0.86966787  0.86966784  1.37896424  2.1523106   2.13982744  2.13985599]  max|de|= 0.000361  lindep= 0.834
root 8 converged  |r|= 6.74e-06  e= 1.37896431206  max|de|= 7.58e-08
davidson 132 159  |r|= 0.0428  e= [ 0.11289232  0.52169215  0.6337276   0.67708712  0.67708712  0.84355155
  0.86966786  0.86966784  1.37896431  2.15260465  2.13981789  2.1398266 ]  max|de|= 0.000294  lindep= 0.78
davidson 133 162  |r|= 0.0638  e= [ 0.11289232  0.52169215  0.6337276   0.67708712  0.67708712  0.84355155
  0.86966786  0.86966784  1.37896434  2.15279616  2.13982456  2.13975841]  max|de|= 0.000192  lindep= 0.814
davidson 134 165  |r|= 0.106  e= [ 0.11289232  0.52169215  0.6337276   0.67708712  0.67708712  0.84355155
  0.86966786  0.86966784  1.37896438  2.15157295  2.13983359  2.13976209]  max|de|= -0.00122  lindep= 0.786
davidson 135 168  |r|= 0.177  e= [ 0.11289232  0.52169215  0.6337276   0.67708712  0.67708712  0.84355155
  0.86966786  0.86966784  1.37896444  2.15161979  2.13981753  2.13981753]  max|de|= 4.68e-05  lindep= 0.801
davidson 136 170  |r|= 0.044  e= [ 0.11289232  0.52169215  0.6337276   0.67708712  0.67708712  0.84355155
  0.86966786  0.86966784  1.37896451  2.15199258  2.13982758  2.13981112]  max|de|= 0.000373  lindep= 0.791
davidson 137 173  |r|= 0.0398  e= [ 0.11289232  0.52169215  0.6337276   0.67708712  0.67708712  0.84355155
  0.86966786  0.86966784  1.37896459  2.15273687  2.13982757  2.13981373]  max|de|= 0.000744  lindep= 0.774
davidson 138 176  |r|= 0.0349  e= [ 0.11289232  0.52169215  0.6337276   0.67708712  0.67708712  0.84355155
  0.86966786  0.86966784  1.37896475  2.15283856  2.1398002   2.13982663]  max|de|= 0.000102  lindep= 0.776
davidson 139 180  |r|= 0.0931  e= [ 0.11289232  0.52169215  0.6337276   0.67708712  0.67708712  0.84355155
  0.86966786  0.86966784  1.37896403  2.1526169   2.13982383  2.14021008]  max|de|= 0.000383  lindep= 0.791
davidson 140 184  |r|= 0.342  e= [ 0.11289232  0.52169215  0.6337276   0.67708712  0.67708712  0.84355155
  0.86966786  0.86966784  1.37896424  2.14989125  2.13982324  2.13982324]  max|de|= -0.00273  lindep= 0.786
root 8 converged  |r|= 3.51e-06  e= 1.37896432728  max|de|= 8.86e-08
davidson 141 187  |r|= 0.123  e= [ 0.11289232  0.52169215  0.6337276   0.67708712  0.67708712  0.84355155
  0.86966786  0.86966784  1.37896433  2.15176516  2.13982902  2.13984356]  max|de|= 0.00187  lindep= 0.799
davidson 142 190  |r|= 0.0891  e= [ 0.11289232  0.52169215  0.6337276   0.67708712  0.67708712  0.84355155
  0.86966786  0.86966784  1.37896435  2.15150943  2.13982411  2.13983046]  max|de|= -0.000256  lindep= 0.776
davidson 143 193  |r|= 0.0253  e= [ 0.11289232  0.52169215  0.6337276   0.67708712  0.67708712  0.84355155
  0.86966786  0.86966784  1.37896435  2.15256608  2.13982907  2.13986196]  max|de|= 0.00106  lindep= 0.761
davidson 144 196  |r|= 0.0471  e= [ 0.11289232  0.52169215  0.6337276   0.67708712  0.67708712  0.84355155
  0.86966786  0.86966784  1.37896436  2.15227908  2.13982487  2.13982487]  max|de|= -0.000287  lindep= 0.821
davidson 145 198  |r|= 0.0421  e= [ 0.11289232  0.52169215  0.6337276   0.67708712  0.67708712  0.84355155
  0.86966786  0.86966784  1.37896438  2.15270058  2.13983036  2.13983404]  max|de|= 0.000421  lindep= 0.801
davidson 146 201  |r|= 0.0395  e= [ 0.11289232  0.52169215  0.6337276   0.67708712  0.67708712  0.84355155
  0.86966786  0.86966784  1.3789644   2.15223707  2.1398262   2.13985583]  max|de|= -0.000464  lindep= 0.765
davidson 147 204  |r|= 0.173  e= [ 0.11289232  0.52169215  0.6337276   0.67708712  0.67708712  0.84355155
  0.86966786  0.86966784  1.37896447  2.15521002  2.13984471  2.13982983]  max|de|= 0.00297  lindep= 0.776
davidson 148 207  |r|= 0.0327  e= [ 0.11289232  0.52169215  0.6337276   0.67708712  0.67708712  0.84355155
  0.86966786  0.86966784  1.37896464  2.15252862  2.13979431  2.13982656]  max|de|= -0.00268  lindep= 0.749
davidson 149 211  |r|= 0.0404  e= [ 0.11289232  0.52169215  0.6337276   0.67708712  0.67708712  0.84355155
  0.86966786  0.86966784  1.37896427  2.15213543  2.13983228  2.13983228]  max|de|= -0.000393  lindep= 0.769
davidson 150 214  |r|= 0.0575  e= [ 0.11289232  0.52169215  0.6337276   0.67708712  0.67708712  0.84355155
  0.86966786  0.86966784  1.3789689   2.15292293  2.13982029  2.13982989]  max|de|= 0.000787  lindep= 0.789
davidson 151 218  |r|= 0.107  e= [ 0.11289232  0.52169215  0.6337276   0.67708712  0.67708712  0.84355155
  0.86966786  0.86966784  1.37896418  2.15297255  2.13990463  2.13982888]  max|de|= 8.43e-05  lindep= 0.813
root 8 converged  |r|= 2.19e-06  e= 1.37896421783  max|de|= 3.65e-08
davidson 152 222  |r|= 0.0284  e= [ 0.11289232  0.52169215  0.6337276   0.67708712  0.67708712  0.84355155
  0.86966786  0.86966784  1.37896422  2.15231685  2.13983949  2.13982841]  max|de|= -0.000656  lindep= 0.778
davidson 153 225  |r|= 0.0863  e= [ 0.11289232  0.52169215  0.6337276   0.67708712  0.67708712  0.84355155
  0.86966786  0.86966784  1.37896422  2.1535111   2.13994227  2.13982901]  max|de|= 0.00119  lindep= 0.798
davidson 154 12  |r|= 0.0863  e= [ 0.11289232  0.52169215  0.6337276   0.67708712  0.67708712  0.84355155
  0.86966786  0.86966784  1.37896422  2.1535111   2.13994227  2.13982901]  max|de|= -6.33e-15  lindep= 0.999
davidson 155 15  |r|= 0.232  e= [ 0.11289232  0.52169215  0.6337276   0.67708712  0.67708712  0.84355155
  0.86966786  0.86966784  1.37896421  2.15025535  2.13903398  2.13982896]  max|de|= -0.00326  lindep= 0.724
davidson 156 18  |r|= 0.0934  e= [ 0.11289232  0.52169215  0.6337276   0.67708712  0.67708712  0.84355155
  0.86966786  0.86966785  1.3789642   2.15425018  2.14008486  2.13982908]  max|de|= 0.00399  lindep= 0.741
davidson 157 21  |r|= 0.111  e= [ 0.11289232  0.52169215  0.6337276   0.67708712  0.67708712  0.84355155
  0.86966786  0.86966785  1.3789642   2.15219545  2.13973854  2.13982766]  max|de|= -0.00205  lindep= 0.742
davidson 158 24  |r|=  0.1  e= [ 0.11289232  0.52169215  0.6337276   0.67708712  0.67708712  0.84355155
  0.86966786  0.86966785  1.37896425  2.15444445  2.1401495   2.13982843]  max|de|= 0.00225  lindep= 0.753
davidson 159 27  |r|= 0.16  e= [ 0.11289232  0.52169215  0.6337276   0.67708712  0.67708712  0.84355155
  0.86966785  0.86966786  1.37896419  2.15151724  2.13965091  2.13982908]  max|de|= -0.00293  lindep= 0.751
davidson 160 30  |r|= 0.0831  e= [ 0.11289232  0.52169215  0.6337276   0.67708712  0.67708712  0.84355155
  0.86966786  0.86966785  1.37896412  2.15343729  2.13982736  2.13993128]  max|de|= 0.00192  lindep= 0.728
davidson 161 33  |r|= 0.28  e= [ 0.11289232  0.52169215  0.6337276   0.67721012  0.67708712  0.84355155
  0.86966786  0.86966785  1.3789642   2.15786132  2.13982804  2.13982804]  max|de|= 0.00442  lindep= 0.694
davidson 162 36  |r|= 0.0985  e= [ 0.11289232  0.52169215  0.6337276   0.67708712  0.67708712  0.84355155
  0.86966786  0.86966785  1.3789642   2.15273441  2.13978834  2.13982778]  max|de|= -0.00513  lindep= 0.758
davidson 163 39  |r|= 0.104  e= [ 0.11289232  0.52169215  0.6337276   0.67708712  0.67708712  0.84355155
  0.86966786  0.86966785  1.37896419  2.15454119  2.13992821  2.13982808]  max|de|= 0.00181  lindep= 0.74
davidson 164 42  |r|= 0.0679  e= [ 0.11289232  0.52169215  0.6337276   0.67708712  0.67708712  0.84355155
  0.86966786  0.86966785  1.3789642   2.15270657  2.13983119  2.13983119]  max|de|= -0.00183  lindep= 0.625
davidson 165 44  |r|= 0.22  e= [ 0.11289232  0.52169215  0.6337276   0.67708712  0.67708712  0.84355155
  0.86966786  0.86966785  1.3789642   2.15362113  2.13981909  2.13985259]  max|de|= 0.000915  lindep= 0.798
davidson 166 47  |r|= 0.064  e= [ 0.11289232  0.52169215  0.6337276   0.67708712  0.67708712  0.84355155
  0.86966786  0.86966785  1.37896415  2.15286348  2.13978992  2.13982827]  max|de|= -0.000758  lindep= 0.574
davidson 167 50  |r|= 0.277  e= [ 0.11289232  0.52169215  0.6337276   0.67708712  0.67708712  0.84355155
  0.86966786  0.86966785  1.37896413  2.15290324  2.1394667   2.13982906]  max|de|= -0.000323  lindep= 0.775
davidson 168 53  |r|= 0.0762  e= [ 0.11289232  0.52169215  0.6337276   0.67708712  0.67708712  0.84355155
  0.86966786  0.86966785  1.3789642   2.15270446  2.13982806  2.13976088]  max|de|= 0.000294  lindep= 0.748
davidson 169 56  |r|= 0.112  e= [ 0.11289232  0.52169215  0.6337276   0.67708712  0.67708712  0.84355155
  0.86966786  0.86966785  1.37896417  2.15353887  2.1400932   2.13982816]  max|de|= 0.000834  lindep= 0.67
davidson 170 59  |r|= 0.0835  e= [ 0.11289232  0.52169215  0.6337276   0.67708712  0.67708712  0.84355155
  0.86966786  0.86966784  1.37896391  2.15283622  2.13982803  2.13967416]  max|de|= -0.000703  lindep= 0.748
davidson 171 63  |r|= 0.0851  e= [ 0.11289232  0.52169215  0.6337276   0.67708712  0.67708712  0.84355155
  0.86966786  0.86966784  1.37896419  2.15339429  2.13982745  2.14001377]  max|de|= 0.000558  lindep= 0.671
root 8 converged  |r|= 4.18e-06  e= 1.37896417026  max|de|= -2.36e-08
davidson 172 67  |r|= 0.164  e= [ 0.11289232  0.52169215  0.6337276   0.67708712  0.67708712  0.84355155
  0.86966786  0.86966784  1.37896417  2.15302123  2.13982622  2.13974802]  max|de|= -0.000373  lindep= 0.822
davidson 173 70  |r|= 0.0503  e= [ 0.11289232  0.52169215  0.6337276   0.67708712  0.67708712  0.84355155
  0.86966786  0.86966785  1.37896427  2.15330165  2.13988834  2.13982744]  max|de|= 0.00028  lindep= 0.771
davidson 174 73  |r|= 0.109  e= [ 0.11289232  0.52169215  0.6337276   0.67708712  0.67708712  0.84355155
  0.86966786  0.86966785  1.37896418  2.15244629  2.13982636  2.13956858]  max|de|= -0.000855  lindep= 0.739
davidson 175 76  |r|= 0.0479  e= [ 0.11289232  0.52169215  0.6337276   0.67708712  0.67708712  0.84355155
  0.86966786  0.86966785  1.37940962  2.15324915  2.13983287  2.13983287]  max|de|= 0.000803  lindep= 0.766
davidson 176 79  |r|= 0.238  e= [ 0.11289232  0.52169215  0.6337276   0.67708712  0.67708712  0.84355155
  0.86966786  0.86966785  1.37896418  2.15129056  2.13982127  2.13988218]  max|de|= -0.00196  lindep= 0.692
root 8 converged  |r|= 2.23e-06  e= 1.37896419524  max|de|= 1.79e-08
davidson 177 83  |r|= 0.0472  e= [ 0.11289232  0.52169215  0.6337276   0.67708712  0.67708712  0.84355155
  0.86966786  0.86966785  1.3789642   2.15320885  2.13984865  2.13982841]  max|de|= 0.00192  lindep= 0.726
davidson 178 86  |r|= 0.175  e= [ 0.11289232  0.52169215  0.6337276   0.67708712  0.67708712  0.84355155
  0.86966786  0.86966785  1.37896419  2.15335624  2.1398264   2.13976394]  max|de|= 0.000147  lindep= 0.783
davidson 179 89  |r|= 0.0395  e= [ 0.11289232  0.52169215  0.6337276   0.67708712  0.67708712  0.84355155
  0.86966786  0.86966785  1.37896415  2.15310065  2.13985051  2.13982851]  max|de|= -0.000256  lindep= 0.735
davidson 180 92  |r|= 0.186  e= [ 0.11289232  0.52169215  0.6337276   0.67708712  0.67708712  0.84355155
  0.86966786  0.86966785  1.37896427  2.15479531  2.14008169  2.13982859]  max|de|= 0.00169  lindep= 0.746
davidson 181 96  |r|= 0.0354  e= [ 0.11289232  0.52169215  0.6337276   0.67708712  0.67708712  0.84355155
  0.86966786  0.86966785  1.37896416  2.15312256  2.13982931  2.13986879]  max|de|= -0.00167  lindep= 0.69
root 8 converged  |r|= 1.51e-06  e= 1.37896417774  max|de|= 2.01e-08
davidson 182 100  |r|= 0.272  e= [ 0.11289232  0.52169215  0.6337276   0.67708712  0.67708712  0.84355155
  0.86966786  0.86966785  1.37896418  2.15569991  2.13982874  2.14005276]  max|de|= 0.00258  lindep= 0.77
davidson 183 103  |r|= 0.0284  e= [ 0.11289232  0.52169215  0.6337276   0.67708712  0.67708712  0.84355155
  0.86966786  0.86966785  1.37896419  2.15315514  2.13987885  2.13982843]  max|de|= -0.00254  lindep= 0.754
davidson 184 106  |r|= 0.146  e= [ 0.11289232  0.52169215  0.6337276   0.67708712  0.67708712  0.84355155
  0.86966786  0.86966785  1.37896422  2.15247698  2.13990078  2.13982882]  max|de|= -0.000678  lindep= 0.786
davidson 185 109  |r|= 0.0321  e= [ 0.11289232  0.52169215  0.6337276   0.67708712  0.67708712  0.84355155
  0.86966786  0.86966785  1.37896423  2.15304311  2.13981913  2.13982836]  max|de|= 0.000566  lindep= 0.755
davidson 186 112  |r|=  0.1  e= [ 0.11289232  0.52169215  0.6337276   0.67708712  0.67708712  0.84355155
  0.86966786  0.86966785  1.37896417  2.15229168  2.13982624  2.13988119]  max|de|= -0.000751  lindep= 0.77
davidson 187 115  |r|= 0.0322  e= [ 0.11289232  0.52169215  0.6337276   0.67708712  0.67708712  0.84355155
  0.86966786  0.86966785  1.37896426  2.15314321  2.13982425  2.13982752]  max|de|= 0.000852  lindep= 0.798
davidson 188 118  |r|= 0.122  e= [ 0.11289232  0.52169215  0.6337276   0.67708712  0.67708712  0.84355155
  0.86966786  0.86966785  1.37896422  2.15344364  2.13987696  2.13982844]  max|de|= 0.0003  lindep= 0.743
davidson 189 121  |r|= 0.0329  e= [ 0.11289232  0.52169215  0.6337276   0.67708712  0.67708712  0.84355155
  0.86966786  0.86966785  1.37896418  2.15319209  2.13983876  2.13982893]  max|de|= -0.000252  lindep= 0.763
root 10 converged  |r|= 0.000293  e= 2.139828875  max|de|= -5.52e-08
davidson 190 124  |r|= 0.024  e= [ 0.11289232  0.52169215  0.6337276   0.67708712  0.67708712  0.84355155
  0.86966786  0.86966785  1.378963    2.15302714  2.13982888  2.13986458]  max|de|= -0.000165  lindep= 0.793
davidson 191 127  |r|= 0.0836  e= [ 0.11289232  0.52169215  0.6337276   0.67708712  0.67708712  0.84355155
  0.86966786  0.86966785  1.37896417  2.15375495  2.13982899  2.1396942 ]  max|de|= 0.000728  lindep= 0.758
root 8 converged  |r|= 6.32e-07  e= 1.3789641583  max|de|= -1.15e-08
davidson 192 131  |r|= 0.0198  e= [ 0.11289232  0.52169215  0.6337276   0.67708712  0.67708712  0.84355155
  0.86966786  0.86966785  1.37896416  2.15311236  2.13982919  2.13989764]  max|de|= -0.000643  lindep= 0.754
davidson 193 134  |r|= 0.08  e= [ 0.11289232  0.52169215  0.6337276   0.67708712  0.67708712  0.84355155
  0.86966786  0.86966785  1.37896415  2.15242634  2.13959766  2.13982777]  max|de|= -0.000686  lindep= 0.802
davidson 194 137  |r|= 0.0253  e= [ 0.11289232  0.52169215  0.6337276   0.67708712  0.67708712  0.84355155
  0.86966786  0.86966785  1.37896415  2.15310448  2.13986204  2.13982856]  max|de|= 0.000678  lindep= 0.791
root 10 converged  |r|= 0.000273  e= 2.13982857885  max|de|= 1.65e-08
davidson 195 140  |r|= 0.068  e= [ 0.11289232  0.52169215  0.6337276   0.67708712  0.67708712  0.84355155
  0.86966786  0.86966785  1.37896415  2.15304706  2.13982858  2.13986171]  max|de|= -5.74e-05  lindep= 0.783
davidson 196 142  |r|= 0.0386  e= [ 0.11289232  0.52169215  0.6337276   0.67708712  0.67708712  0.84355155
  0.86966786  0.86966785  1.37896414  2.15324835  2.13995658  2.13982831]  max|de|= 0.000201  lindep= 0.769
davidson 197 145  |r|= 0.0243  e= [ 0.11289232  0.52169215  0.6337276   0.67708712  0.67708712  0.84355155
  0.86966786  0.86966785  1.3789641   2.15297296  2.13982856  2.13984575]  max|de|= -0.000275  lindep= 0.777
davidson 198 148  |r|= 0.141  e= [ 0.11289232  0.52169215  0.6337276   0.67708712  0.67708712  0.84355155
  0.86966786  0.86966785  1.37896434  2.15425803  2.14073407  2.13982888]  max|de|= 0.00129  lindep= 0.748
davidson 199 152  |r|= 0.0225  e= [ 0.11289232  0.52169215  0.6337276   0.67708712  0.67708712  0.84355155
  0.86966786  0.86966785  1.3789642   2.15306386  2.13983047  2.13982818]  max|de|= -0.00119  lindep= 0.802
EA root 0 E = 0.1128923156269597  qpwt = 0.993772  conv = True
EA root 1 E = 0.5216921484512089  qpwt = 0.976787  conv = True
EA root 2 E = 0.633727598694544  qpwt = 0.975368  conv = True
EA root 3 E = 0.6770871228748245  qpwt = 0.975143  conv = True
EA root 4 E = 0.6770871210142133  qpwt = 0.975143  conv = True
EA root 5 E = 0.8435515465407393  qpwt = 0.975716  conv = True
EA root 6 E = 0.8696678578238143  qpwt = 0.982149  conv = True
EA root 7 E = 0.8696678474286103  qpwt = 0.982149  conv = True
EA root 8 E = 1.378964197900521  qpwt = 0.475323  conv = False
EA root 9 E = 2.153063856224965  qpwt = 0.835391  conv = False
EA root 10 E = 2.139830472570423  qpwt = 0.942694  conv = False
EA root 11 E = 2.139828175855937  qpwt = 0.945038  conv = False
    CPU time for EA-CCSD    171.07 sec, wall time    171.21 sec
