

******** <class 'pyscf.scf.hf.RHF'> flags ********
method = RHF
initial guess = minao
damping factor = 0
level shift factor = 0
DIIS = <class 'pyscf.scf.diis.CDIIS'>
DIIS start cycle = 1
DIIS space = 8
SCF tol = 1e-09
SCF gradient tol = None
max. SCF cycles = 50
direct_scf = True
direct_scf_tol = 1e-13
chkfile to save SCF result = /tmp/tmpv5pqZG
max_memory 4000 MB (current use 75 MB)
Set gradient conv threshold to 3.16228e-05
Nelec from initial guess = 13.9996881267
cond(S) = 22567.1890297
E_coul = 62.2791965008381
init E= -109.015573470721
    CPU time for initialize scf      0.20 sec, wall time      0.37 sec
  HOMO = -0.385729272894376  LUMO = 0.0597048212158342
  mo_energy =
[-15.61964982 -15.6135426   -1.67848808  -0.66968829  -0.4810439
  -0.4810439   -0.38572927   0.05970482   0.05970482   0.37134236
   0.37512925   0.44606598   0.44606598   0.46021629   0.58009361
   0.58009361   0.62574658   1.00582404   1.07848054   1.07848054
   1.34082524   1.34082524   1.52464964   1.52464964   1.55879339
   1.93081341   1.93081341   2.01098905   2.17114553   2.33344073
   2.33344073   2.35357103   2.61797078   2.61797078   2.9172978
   3.17931801   3.84845529   3.84845529   3.99383042   3.99383042
   4.00884185   4.00884185   4.48192106   4.48192106   4.55585557
   4.80950901   4.80950901   4.93041539   4.93041539   4.94196459
   4.94196459   5.32642994   5.32642994   5.36789116   5.42791269
   5.42791269   6.62230134   6.68879474   6.68879474   7.00148188
  32.5833936   33.39150422]
E_coul = 60.7557881143147
cycle= 1 E= -108.967367101109  delta_E= 0.0482  |g|= 0.294  |ddm|= 1.32
    CPU time for cycle= 1      0.01 sec, wall time      0.02 sec
diis-norm(errvec)=0.822081
diis-c [-0.67581651  1.        ]
  HOMO = -0.663154978277338  LUMO = 0.115085256102296
  mo_energy =
[-15.79037965 -15.78697572  -1.54284348  -0.81529058  -0.66621946
  -0.66315498  -0.66315498   0.11508526   0.11508526   0.35036113
   0.37149481   0.41370967   0.41370967   0.44202127   0.57557765
   0.57557765   0.61264881   0.98833324   1.01447729   1.01447729
   1.30010185   1.30010185   1.48604989   1.48604989   1.51217396
   1.90515657   1.90515657   1.98257487   2.11810841   2.25038902
   2.25038902   2.29739283   2.54418903   2.54418903   2.84732038
   3.13142121   3.77449657   3.77449657   3.91167428   3.91167428
   3.92486034   3.92486034   4.40339186   4.40339186   4.47987944
   4.71342585   4.71342585   4.84824981   4.84824981   4.87774009
   4.87774009   5.26198537   5.26198537   5.32094222   5.36715321
   5.36715321   6.5627344    6.61800638   6.61800638   6.92415157
  32.41015424  33.21808505]
E_coul = 61.9020400174773
cycle= 2 E= -108.986581956087  delta_E= -0.0192  |g|= 0.0886  |ddm|= 0.207
    CPU time for cycle= 2      0.02 sec, wall time      0.02 sec
diis-norm(errvec)=0.211364
diis-c [-0.02122212  0.15915651  0.84084349]
  HOMO = -0.612267545850533  LUMO = 0.154440770102067
  mo_energy =
[-15.67531122 -15.67176944  -1.46804868  -0.77735156  -0.62824352
  -0.61226755  -0.61226755   0.15444077   0.15444077   0.36410046
   0.37900665   0.42919791   0.42919791   0.45077248   0.59771377
   0.59771377   0.62116893   1.04491192   1.04826194   1.04826194
   1.33158141   1.33158141   1.51224875   1.51224875   1.54263505
   1.93109566   1.93109566   2.01404687   2.15357984   2.30720949
   2.30720949   2.34222714   2.59364412   2.59364412   2.90283739
   3.16614492   3.82944292   3.82944292   3.95872262   3.95872262
   3.99457952   3.99457952   4.44802694   4.44802694   4.54593692
   4.77350641   4.77350641   4.90924587   4.90924587   4.9253217
   4.9253217    5.30978833   5.30978833   5.36668862   5.41782777
   5.41782777   6.629585     6.68065495   6.68065495   6.99950673
  32.51801641  33.32661766]
E_coul = 61.6412545639051
cycle= 3 E= -108.988028044674  delta_E= -0.00145  |g|= 0.0157  |ddm|= 0.0655
    CPU time for cycle= 3      0.02 sec, wall time      0.02 sec
diis-norm(errvec)=0.0391943
diis-c [ -1.94651921e-04  -6.89197298e-02  -1.83947629e-01   1.25286736e+00]
  HOMO = -0.614111487179149  LUMO = 0.153699374938323
  mo_energy =
[-15.68437913 -15.6808498   -1.4715269   -0.77870244  -0.63410435
  -0.61411149  -0.61411149   0.15369937   0.15369937   0.36375824
   0.37935491   0.42918391   0.42918391   0.45012051   0.59709637
   0.59709637   0.62097485   1.04279352   1.04698814   1.04698814
   1.33055146   1.33055146   1.51157703   1.51157703   1.54103207
   1.93017834   1.93017834   2.01156418   2.15194643   2.30442521
   2.30442521   2.34074067   2.59128812   2.59128812   2.90023985
   3.16415967   3.82714028   3.82714028   3.95655277   3.95655277
   3.99114127   3.99114127   4.44591488   4.44591488   4.54278808
   4.77031031   4.77031031   4.90582932   4.90582932   4.92346141
   4.92346141   5.30787595   5.30787595   5.36522083   5.41598284
   5.41598284   6.62668049   6.67759063   6.67759063   6.99553908
  32.50972543  33.31826575]
E_coul = 61.6593780213738
cycle= 4 E= -108.988115978781  delta_E= -8.79e-05  |g|= 0.00139  |ddm|= 0.0206
    CPU time for cycle= 4      0.02 sec, wall time      0.02 sec
diis-norm(errvec)=0.00270272
diis-c [ -4.13815739e-06   4.69753285e-03   7.54945468e-03  -1.08664500e-01
   1.09641751e+00]
  HOMO = -0.614003012209656  LUMO = 0.153811537974449
  mo_energy =
[-15.68354525 -15.68001433  -1.47138628  -0.77847707  -0.63407978
  -0.61400301  -0.61400301   0.15381154   0.15381154   0.36369505
   0.37942754   0.4291634    0.4291634    0.45005438   0.59716893
   0.59716893   0.62095131   1.04292934   1.04686252   1.04686252
   1.33060238   1.33060238   1.5115265    1.5115265    1.54102602
   1.93028898   1.93028898   2.01176751   2.15216635   2.30454612
   2.30454612   2.34083489   2.59136974   2.59136974   2.90023476
   3.16424266   3.82706003   3.82706003   3.95643041   3.95643041
   3.99114006   3.99114006   4.4458264    4.4458264    4.54301663
   4.77043264   4.77043264   4.90595298   4.90595298   4.92378383
   4.92378383   5.30788421   5.30788421   5.36552626   5.41622167
   5.41622167   6.62697464   6.67766116   6.67766116   6.99567421
  32.51050753  33.31905162]
E_coul = 61.6584664194296
cycle= 5 E= -108.98811657087  delta_E= -5.92e-07  |g|= 0.000215  |ddm|= 0.0018
    CPU time for cycle= 5      0.02 sec, wall time      0.02 sec
diis-norm(errvec)=0.00043488
diis-c [ -7.14068217e-08   2.31371419e-04   6.12109247e-04  -3.67297338e-04
  -1.57696737e-01   1.15722055e+00]
  HOMO = -0.614011102183589  LUMO = 0.153793316144326
  mo_energy =
[-15.68363163 -15.68010108  -1.4714005   -0.7785266   -0.63415698
  -0.6140111   -0.6140111    0.15379332   0.15379332   0.36368203
   0.37940886   0.42917518   0.42917518   0.45003995   0.59716077
   0.59716077   0.62094474   1.04290301   1.04685202   1.04685202
   1.33058126   1.33058126   1.51151506   1.51151506   1.54100873
   1.93026399   1.93026399   2.01171375   2.15211919   2.30452294
   2.30452294   2.34081559   2.59134914   2.59134914   2.90020882
   3.16421503   3.82703787   3.82703787   3.95641107   3.95641107
   3.99110661   3.99110661   4.44580442   4.44580442   4.54297311   4.7704
   4.7704       4.90591829   4.90591829   4.92374443   4.92374443
   5.30785559   5.30785559   5.36548635   5.41618569   5.41618569
   6.62693256   6.67762394   6.67762394   6.9956349   32.51042205
  33.31896549]
E_coul = 61.6585778054545
cycle= 6 E= -108.988116592594  delta_E= -2.17e-08  |g|= 3.97e-05  |ddm|= 0.00042
    CPU time for cycle= 6      0.01 sec, wall time      0.02 sec
diis-norm(errvec)=9.2384e-05
diis-c [ -1.90189609e-09  -2.10166340e-04  -6.62269370e-04   4.22146087e-03
  -3.03722377e-04  -2.34721659e-01   1.23167636e+00]
  HOMO = -0.613992624879888  LUMO = 0.153806398745352
  mo_energy =
[-15.68359403 -15.6800634   -1.47138346  -0.77851828  -0.63414947
  -0.61399262  -0.61399262   0.1538064    0.1538064    0.36368506
   0.379409     0.42918315   0.42918315   0.45004152   0.59716895
   0.59716895   0.62094799   1.0429173    1.04686243   1.04686243
   1.33059181   1.33059181   1.51152503   1.51152503   1.54101754
   1.93027299   1.93027299   2.01172141   2.15213061   2.30454257
   2.30454257   2.3408287    2.5913666    2.5913666    2.90022358
   3.16422584   3.82705219   3.82705219   3.95642611   3.95642611
   3.99112235   3.99112235   4.44581973   4.44581973   4.54299206
   4.77042113   4.77042113   4.90593884   4.90593884   4.92376298
   4.92376298   5.30787067   5.30787067   5.36550409   5.41620484
   5.41620484   6.62695106   6.6776396    6.6776396    6.99565188
  32.51045794  33.31900151]
E_coul = 61.658533875311
cycle= 7 E= -108.988116593391  delta_E= -7.96e-10  |g|= 4.4e-06  |ddm|= 8.46e-05
    CPU time for cycle= 7      0.02 sec, wall time      0.02 sec
  HOMO = -0.613993447884117  LUMO = 0.153805478609489
  mo_energy =
[-15.68359734 -15.68006671  -1.47138548  -0.77851962  -0.63415056
  -0.61399345  -0.61399345   0.15380548   0.15380548   0.36368453
   0.37940872   0.42918288   0.42918288   0.45004116   0.5971684
   0.5971684    0.62094778   1.04291568   1.04686156   1.04686156
   1.33059103   1.33059103   1.51152438   1.51152438   1.54101667
   1.93027236   1.93027236   2.01172048   2.15212948   2.30454114
   2.30454114   2.3408274    2.59136531   2.59136531   2.90022214
   3.16422489   3.82705086   3.82705086   3.95642486   3.95642486
   3.99112065   3.99112065   4.44581853   4.44581853   4.54299033
   4.77041947   4.77041947   4.90593716   4.90593716   4.92376169
   4.92376169   5.30786943   5.30786943   5.36550284   5.41620347
   5.41620347   6.62694941   6.67763804   6.67763804   6.99565006
  32.51045486  33.31899843]
E_coul = 61.6585432510142
Extra cycle  E= -108.988116593397  delta_E= -6.34e-12  |g|= 1.2e-06  |ddm|= 6.14e-06
    CPU time for scf_cycle      0.34 sec, wall time      0.51 sec
    CPU time for SCF      0.34 sec, wall time      0.55 sec
converged SCF energy = -108.988116593397
RHF E = -108.988116593
RHF eps = [-15.68359734 -15.68006671  -1.47138548  -0.77851962  -0.63415056
  -0.61399345  -0.61399345   0.15380548   0.15380548   0.36368453
   0.37940872   0.42918288   0.42918288   0.45004116   0.5971684
   0.5971684    0.62094778   1.04291568   1.04686156   1.04686156
   1.33059103   1.33059103   1.51152438   1.51152438   1.54101667
   1.93027236   1.93027236   2.01172048   2.15212948   2.30454114
   2.30454114   2.3408274    2.59136531   2.59136531   2.90022214
   3.16422489   3.82705086   3.82705086   3.95642486   3.95642486
   3.99112065   3.99112065   4.44581853   4.44581853   4.54299033
   4.77041947   4.77041947   4.90593716   4.90593716   4.92376169
   4.92376169   5.30786943   5.30786943   5.36550284   5.41620347
   5.41620347   6.62694941   6.67763804   6.67763804   6.99565006
  32.51045486  33.31899843]
    CPU time for CCSD integral transformation      1.62 sec, wall time      1.62 sec

******** <class 'pyscf.cc.rccsd.RCCSD'> flags ********
CCSD nocc = 5, nvir = 55
frozen orbitals [0, 1]
max_cycle = 200
direct = 0
conv_tol = 1e-07
conv_tol_normt = 1e-05
diis_space = 6
diis_start_cycle = 0
diis_start_energy_diff = 1e+09
max_memory 4000 MB (current use 124 MB)
Init t2, MP2 energy = -0.372282993031844
    CPU time for init mp2      0.00 sec, wall time      0.00 sec
    CPU time for vvvv-tau      0.00 sec, wall time      0.00 sec
    CPU time for vvvv [0:55]      0.03 sec, wall time      0.02 sec
    CPU time for vvvv      0.18 sec, wall time      0.18 sec
    CPU time for woooo      0.00 sec, wall time      0.00 sec
max_memory 3875 MB,  nocc,nvir = 5,55  blksize = 5,55
    CPU time for ovvv [0:5]      0.05 sec, wall time      0.05 sec
    CPU time for wOVov [0:5]      0.05 sec, wall time      0.05 sec
    CPU time for woVoV [0:5]      0.03 sec, wall time      0.02 sec
    CPU time for contract occ [0:5]      0.15 sec, wall time      0.15 sec
    CPU time for contract loop      0.33 sec, wall time      0.33 sec
    CPU time for update t1 t2      0.34 sec, wall time      0.34 sec
istep = 0  E(CCSD) = -0.355055639277917  dE = -0.355055639  norm(t1,t2) = 0.0840115
    CPU time for CCSD iter      0.34 sec, wall time      0.34 sec
    CPU time for vvvv-tau      0.00 sec, wall time      0.00 sec
    CPU time for vvvv [0:55]      0.02 sec, wall time      0.02 sec
    CPU time for vvvv      0.19 sec, wall time      0.18 sec
    CPU time for woooo      0.00 sec, wall time      0.00 sec
max_memory 3855 MB,  nocc,nvir = 5,55  blksize = 5,55
    CPU time for ovvv [0:5]      0.04 sec, wall time      0.04 sec
    CPU time for wOVov [0:5]      0.05 sec, wall time      0.05 sec
    CPU time for woVoV [0:5]      0.02 sec, wall time      0.02 sec
    CPU time for contract occ [0:5]      0.13 sec, wall time      0.14 sec
    CPU time for contract loop      0.32 sec, wall time      0.32 sec
    CPU time for update t1 t2      0.33 sec, wall time      0.33 sec
DIIS for step 1
istep = 1  E(CCSD) = -0.370543545193227  dE = -0.0154879059  norm(t1,t2) = 0.0280465
    CPU time for CCSD iter      0.33 sec, wall time      0.33 sec
    CPU time for vvvv-tau      0.00 sec, wall time      0.00 sec
    CPU time for vvvv [0:55]      0.02 sec, wall time      0.02 sec
    CPU time for vvvv      0.18 sec, wall time      0.18 sec
    CPU time for woooo      0.00 sec, wall time      0.00 sec
max_memory 3855 MB,  nocc,nvir = 5,55  blksize = 5,55
    CPU time for ovvv [0:5]      0.04 sec, wall time      0.04 sec
    CPU time for wOVov [0:5]      0.05 sec, wall time      0.05 sec
    CPU time for woVoV [0:5]      0.02 sec, wall time      0.02 sec
    CPU time for contract occ [0:5]      0.13 sec, wall time      0.14 sec
    CPU time for contract loop      0.31 sec, wall time      0.32 sec
    CPU time for update t1 t2      0.32 sec, wall time      0.33 sec
diis-c [ -4.15168466e-05   1.00000000e+00]
DIIS for step 2
istep = 2  E(CCSD) = -0.369079995851061  dE = 0.00146354934  norm(t1,t2) = 0.0103527
    CPU time for CCSD iter      0.33 sec, wall time      0.33 sec
    CPU time for vvvv-tau      0.00 sec, wall time      0.00 sec
    CPU time for vvvv [0:55]      0.02 sec, wall time      0.02 sec
    CPU time for vvvv      0.18 sec, wall time      0.18 sec
    CPU time for woooo      0.00 sec, wall time      0.00 sec
max_memory 3855 MB,  nocc,nvir = 5,55  blksize = 5,55
    CPU time for ovvv [0:5]      0.04 sec, wall time      0.04 sec
    CPU time for wOVov [0:5]      0.05 sec, wall time      0.05 sec
    CPU time for woVoV [0:5]      0.02 sec, wall time      0.02 sec
    CPU time for contract occ [0:5]      0.14 sec, wall time      0.14 sec
    CPU time for contract loop      0.32 sec, wall time      0.32 sec
    CPU time for update t1 t2      0.32 sec, wall time      0.33 sec
diis-c [ -1.30145700e-05  -5.84681539e-02   1.05846815e+00]
DIIS for step 3
istep = 3  E(CCSD) = -0.370653105495526  dE = -0.00157310964  norm(t1,t2) = 0.00495939
    CPU time for CCSD iter      0.32 sec, wall time      0.33 sec
    CPU time for vvvv-tau      0.00 sec, wall time      0.00 sec
    CPU time for vvvv [0:55]      0.03 sec, wall time      0.02 sec
    CPU time for vvvv      0.19 sec, wall time      0.18 sec
    CPU time for woooo      0.00 sec, wall time      0.00 sec
max_memory 3855 MB,  nocc,nvir = 5,55  blksize = 5,55
    CPU time for ovvv [0:5]      0.04 sec, wall time      0.04 sec
    CPU time for wOVov [0:5]      0.05 sec, wall time      0.05 sec
    CPU time for woVoV [0:5]      0.03 sec, wall time      0.02 sec
    CPU time for contract occ [0:5]      0.14 sec, wall time      0.14 sec
    CPU time for contract loop      0.33 sec, wall time      0.32 sec
    CPU time for update t1 t2      0.34 sec, wall time      0.33 sec
diis-c [ -2.26271180e-07  -2.08115615e-01  -2.85048632e-01   1.49316425e+00]
DIIS for step 4
istep = 4  E(CCSD) = -0.370888525274212  dE = -0.000235419779  norm(t1,t2) = 0.00230994
    CPU time for CCSD iter      0.34 sec, wall time      0.33 sec
    CPU time for vvvv-tau      0.00 sec, wall time      0.00 sec
    CPU time for vvvv [0:55]      0.02 sec, wall time      0.02 sec
    CPU time for vvvv      0.18 sec, wall time      0.18 sec
    CPU time for woooo      0.00 sec, wall time      0.00 sec
max_memory 3855 MB,  nocc,nvir = 5,55  blksize = 5,55
    CPU time for ovvv [0:5]      0.04 sec, wall time      0.04 sec
    CPU time for wOVov [0:5]      0.05 sec, wall time      0.05 sec
    CPU time for woVoV [0:5]      0.03 sec, wall time      0.02 sec
    CPU time for contract occ [0:5]      0.14 sec, wall time      0.14 sec
    CPU time for contract loop      0.32 sec, wall time      0.32 sec
    CPU time for update t1 t2      0.32 sec, wall time      0.33 sec
diis-c [ -5.39218933e-09   1.39612127e-01   9.09006596e-02  -8.36677673e-01
   1.60616489e+00]
DIIS for step 5
istep = 5  E(CCSD) = -0.370877212511841  dE = 1.13127624e-05  norm(t1,t2) = 0.000332417
    CPU time for CCSD iter      0.33 sec, wall time      0.33 sec
    CPU time for vvvv-tau      0.00 sec, wall time      0.00 sec
    CPU time for vvvv [0:55]      0.02 sec, wall time      0.02 sec
    CPU time for vvvv      0.18 sec, wall time      0.18 sec
    CPU time for woooo      0.00 sec, wall time      0.00 sec
max_memory 3852 MB,  nocc,nvir = 5,55  blksize = 5,55
    CPU time for ovvv [0:5]      0.04 sec, wall time      0.04 sec
    CPU time for wOVov [0:5]      0.06 sec, wall time      0.05 sec
    CPU time for woVoV [0:5]      0.02 sec, wall time      0.02 sec
    CPU time for contract occ [0:5]      0.14 sec, wall time      0.14 sec
    CPU time for contract loop      0.32 sec, wall time      0.32 sec
    CPU time for update t1 t2      0.33 sec, wall time      0.33 sec
diis-c [ -4.68154127e-10  -2.84806784e-02  -1.92912898e-02   1.70962814e-01
  -3.86805116e-01   1.26361427e+00]
DIIS for step 6
istep = 6  E(CCSD) = -0.370886350471184  dE = -9.13795934e-06  norm(t1,t2) = 4.11131e-05
    CPU time for CCSD iter      0.33 sec, wall time      0.33 sec
    CPU time for vvvv-tau      0.00 sec, wall time      0.00 sec
    CPU time for vvvv [0:55]      0.03 sec, wall time      0.02 sec
    CPU time for vvvv      0.19 sec, wall time      0.18 sec
    CPU time for woooo      0.00 sec, wall time      0.00 sec
max_memory 3852 MB,  nocc,nvir = 5,55  blksize = 5,55
    CPU time for ovvv [0:5]      0.04 sec, wall time      0.04 sec
    CPU time for wOVov [0:5]      0.05 sec, wall time      0.05 sec
    CPU time for woVoV [0:5]      0.03 sec, wall time      0.02 sec
    CPU time for contract occ [0:5]      0.14 sec, wall time      0.14 sec
    CPU time for contract loop      0.33 sec, wall time      0.32 sec
    CPU time for update t1 t2      0.33 sec, wall time      0.33 sec
diis-c [ -1.23787647e-11  -1.19797890e-02  -8.02616993e-03   7.40579550e-02
  -1.34292202e-01  -6.04503989e-02   1.14069060e+00]
DIIS for step 7
istep = 7  E(CCSD) = -0.370886000805325  dE = 3.49665859e-07  norm(t1,t2) = 1.18871e-05
    CPU time for CCSD iter      0.34 sec, wall time      0.33 sec
    CPU time for vvvv-tau      0.00 sec, wall time      0.00 sec
    CPU time for vvvv [0:55]      0.02 sec, wall time      0.02 sec
    CPU time for vvvv      0.18 sec, wall time      0.18 sec
    CPU time for woooo      0.00 sec, wall time      0.00 sec
max_memory 3852 MB,  nocc,nvir = 5,55  blksize = 5,55
    CPU time for ovvv [0:5]      0.04 sec, wall time      0.04 sec
    CPU time for wOVov [0:5]      0.05 sec, wall time      0.05 sec
    CPU time for woVoV [0:5]      0.03 sec, wall time      0.02 sec
    CPU time for contract occ [0:5]      0.14 sec, wall time      0.14 sec
    CPU time for contract loop      0.32 sec, wall time      0.33 sec
    CPU time for update t1 t2      0.32 sec, wall time      0.33 sec
diis-c [ -9.40136857e-13   1.06636841e+00  -2.54904127e-04   2.73946211e-04
   3.73449277e-04  -9.87057630e-03  -5.68903214e-02]
DIIS for step 8
istep = 8  E(CCSD) = -0.370886043471156  dE = -4.26658318e-08  norm(t1,t2) = 1.94207e-06
    CPU time for CCSD iter      0.33 sec, wall time      0.34 sec
    CPU time for CCSD      2.99 sec, wall time      2.99 sec
CCSD converged
E(CCSD) = -109.3590026368681  E_corr = -0.3708860434711563
    CPU time for EOM-CCSD shared one-electron intermediates      0.02 sec, wall time      0.01 sec
    CPU time for EOM-CCSD shared two-electron intermediates      0.02 sec, wall time      0.03 sec
    CPU time for EOM-CCSD IP intermediates      0.03 sec, wall time      0.03 sec
tol 1e-07  toloose 0.000316228
max_cycle 200  max_space 215  max_memory 2000  incore True
davidson 0 5  |r|= 0.438  e= [ 0.70373455  0.70373455  0.69149257  0.83325587  1.51305083]  max|de|= 1.51  lindep=    1
davidson 1 10  |r|= 0.172  e= [ 0.63242186  0.63242186  0.5719037   0.69231797  1.29170025]  max|de|= -0.221  lindep= 0.938
davidson 2 14  |r|= 0.251  e= [ 0.63242136  0.63232941  0.57306637  0.69212798  1.49813429]  max|de|= 0.206  lindep= 0.938
davidson 3 19  |r|= 0.0909  e= [ 0.63232894  0.63258012  0.57309545  0.69251271  1.45076299]  max|de|= -0.0474  lindep= 0.908
davidson 4 24  |r|= 0.0723  e= [ 0.63258011  0.63256386  0.57314826  0.6925321   1.43213315]  max|de|= -0.0186  lindep= 0.913
davidson 5 29  |r|= 0.0574  e= [ 0.63256385  0.63256062  0.57314631  0.69253418  1.42197924]  max|de|= -0.0102  lindep= 0.883
root 1 converged  |r|= 5.32e-06  e= 0.632560712461  max|de|= 8.86e-08
davidson 6 34  |r|=  0.2  e= [ 0.63256062  0.63256071  0.57314732  0.69253821  1.41013289]  max|de|= -0.0118  lindep= 0.837
root 0 converged  |r|= 5.26e-06  e= 0.632560712455  max|de|= 8.86e-08
root 1 converged  |r|= 5.26e-06  e= 0.632560712455  max|de|= 8.86e-08
root 2 converged  |r|= 7.64e-07  e= 0.573147358491  max|de|= 3.72e-08
davidson 7 38  |r|= 0.0415  e= [ 0.63256071  0.63256071  0.57314736  0.69253928  1.42131682]  max|de|= 0.0112  lindep= 0.88
davidson 8 40  |r|= 0.0193  e= [ 0.63256071  0.63256071  0.57314736  0.6925394   1.41993428]  max|de|= -0.00138  lindep= 0.831
root 3 converged  |r|= 2.39e-07  e= 0.692539426062  max|de|= 2.28e-08
davidson 9 42  |r|= 0.0102  e= [ 0.63256071  0.63256071  0.57314736  0.69253943  1.41937726]  max|de|= -0.000557  lindep= 0.838
davidson 10 43  |r|= 0.00361  e= [ 0.63256071  0.63256071  0.57314736  0.69253943  1.4190978 ]  max|de|= -0.000279  lindep= 0.858
davidson 11 44  |r|= 0.00215  e= [ 0.63256071  0.63256071  0.57314736  0.69253943  1.41908305]  max|de|= -1.48e-05  lindep= 0.83
davidson 12 45  |r|= 0.00298  e= [ 0.63256071  0.63256071  0.57314736  0.69253943  1.41917813]  max|de|= 9.51e-05  lindep= 0.821
davidson 13 46  |r|= 0.00961  e= [ 0.63256071  0.63256071  0.57314736  0.69253943  1.41915257]  max|de|= -2.56e-05  lindep= 0.863
davidson 14 47  |r|= 0.00739  e= [ 0.63256071  0.63256071  0.57314736  0.69253943  1.41915036]  max|de|= -2.22e-06  lindep= 0.85
davidson 15 48  |r|= 0.00301  e= [ 0.63256071  0.63256071  0.57314736  0.69253943  1.41909398]  max|de|= -5.64e-05  lindep= 0.848
davidson 16 49  |r|= 0.00161  e= [ 0.63256071  0.63256071  0.57314736  0.69253943  1.41911757]  max|de|= 2.36e-05  lindep= 0.821
davidson 17 50  |r|= 0.000873  e= [ 0.63256071  0.63256071  0.57314736  0.69253943  1.41914645]  max|de|= 2.89e-05  lindep= 0.841
davidson 18 51  |r|= 0.000537  e= [ 0.63256071  0.63256071  0.57314736  0.69253943  1.41916436]  max|de|= 1.79e-05  lindep= 0.835
davidson 19 52  |r|= 0.000176  e= [ 0.63256071  0.63256071  0.57314736  0.69253943  1.41916449]  max|de|= 1.31e-07  lindep= 0.88
davidson 20 53  |r|= 9.07e-05  e= [ 0.63256071  0.63256071  0.57314736  0.69253943  1.41916229]  max|de|= -2.2e-06  lindep= 0.838
davidson 21 54  |r|= 5.84e-05  e= [ 0.63256071  0.63256071  0.57314736  0.69253943  1.41916316]  max|de|= 8.67e-07  lindep= 0.809
davidson 22 55  |r|= 7.17e-05  e= [ 0.63256071  0.63256071  0.57314736  0.69253943  1.41916474]  max|de|= 1.58e-06  lindep= 0.796
davidson 23 56  |r|= 3.04e-05  e= [ 0.63256071  0.63256071  0.57314736  0.69253943  1.41916402]  max|de|= -7.22e-07  lindep= 0.785
davidson 24 57  |r|= 8.79e-06  e= [ 0.63256071  0.63256071  0.57314736  0.69253942  1.41916428]  max|de|= 2.65e-07  lindep= 0.774
root 4 converged  |r|= 3.11e-06  e= 1.41916431501  max|de|= 3.29e-08
converge 25 58  |r|= 5.26e-06  e= [ 0.63256071  0.63256071  0.57314736  0.69253942  1.41916432]  max|de|= 3.29e-08
IP root 0 E = 0.6325607124549117  qpwt = 0.945641  conv = True
IP root 1 E = 0.6325607124549117  qpwt = 0.945641  conv = True
IP root 2 E = 0.5731473616437678  qpwt = 0.94412  conv = True
IP root 3 E = 0.6925394249409326  qpwt = 0.902939  conv = True
IP root 4 E = 1.419164315014867  qpwt = 0.650349  conv = True
    CPU time for IP-CCSD      0.86 sec, wall time      0.85 sec
    CPU time for EOM-CCSD shared one-electron intermediates      0.00 sec, wall time      0.01 sec
    CPU time for EOM-CCSD EA intermediates      1.57 sec, wall time      1.57 sec
tol 1e-07  toloose 0.000316228
max_cycle 200  max_space 236  max_memory 2000  incore True
davidson 0 12  |r|= 0.514  e= [ 0.20527787  0.20527787  0.37760059  0.38714416  0.43670767  0.43670767
  0.45675979  0.61976494  0.61976494  0.62690723  1.08055039  1.06148663]  max|de|= 1.08  lindep=    1
davidson 1 24  |r|= 0.149  e= [ 0.11125194  0.11125194  0.33075324  0.3490665   0.3950356   0.3950356
  0.42638129  0.53956837  0.53956837  0.59253872  0.93652397  0.97874756]  max|de|= -0.144  lindep= 0.898
davidson 2 33  |r|= 0.306  e= [ 0.11196641  0.11125258  0.32967307  0.34811187  0.39503549  0.39168895
  0.4252386   0.53237477  0.5395657   0.5906252   0.9174187   1.01472988]  max|de|= 0.036  lindep= 0.739
davidson 3 45  |r|= 0.394  e= [ 0.1119146   0.11196725  0.32965888  0.34813438  0.39168834  0.39208187
  0.42518581  0.53212465  0.53236762  0.59034294  0.9615582   0.98397501]  max|de|= 0.0441  lindep= 0.842
davidson 4 57  |r|= 0.082  e= [ 0.11191149  0.11191471  0.32968463  0.34814023  0.39208173  0.39198829
  0.42518972  0.53239294  0.53211904  0.59044905  0.92727127  0.97894944]  max|de|= -0.0343  lindep= 0.838
davidson 5 69  |r|= 0.103  e= [ 0.1119101   0.11191147  0.32968764  0.34814065  0.39198836  0.39201599
  0.42519368  0.5324271   0.53239311  0.59041479  0.92518369  0.98835926]  max|de|= 0.00941  lindep= 0.859
root 0 converged  |r|= 4.9e-06  e= 0.111910074941  max|de|= -2.31e-08
root 1 converged  |r|= 1.1e-05  e= 0.111910094786  max|de|= -3.29e-09
davidson 6 81  |r|= 0.0935  e= [ 0.11191007  0.11191009  0.32968592  0.3481395   0.39201596  0.3919887
  0.42519288  0.53241572  0.53242711  0.59040997  0.92188549  0.98424459]  max|de|= -0.00411  lindep= 0.842
root 3 converged  |r|= 3.86e-06  e= 0.348139570108  max|de|= 7.41e-08
davidson 7 91  |r|= 0.0737  e= [ 0.11191006  0.11191001  0.3296857   0.34813957  0.39198873  0.39199273
  0.42519311  0.53241414  0.53241563  0.5904155   0.92778286  0.98337191]  max|de|= 0.0059  lindep= 0.865
root 2 converged  |r|= 1.67e-06  e= 0.329685677859  max|de|= -2.66e-08
root 4 converged  |r|= 2.74e-05  e= 0.391992722594  max|de|= -8.88e-09
root 5 converged  |r|= 2.74e-05  e= 0.391992722594  max|de|= -8.88e-09
root 6 converged  |r|= 2.74e-06  e= 0.425193078072  max|de|= -3.31e-08
davidson 8 100  |r|= 0.0523  e= [ 0.11191006  0.11191004  0.32968568  0.34813955  0.39199272  0.39199272
  0.42519308  0.53241123  0.53241402  0.59041347  0.92402142  0.98512423]  max|de|= -0.00376  lindep= 0.823
davidson 9 105  |r|= 0.0402  e= [ 0.11191006  0.11190998  0.32968568  0.34813955  0.39199272  0.39199272
  0.42519308  0.53241081  0.53241131  0.59041319  0.92238216  0.98261701]  max|de|= -0.00251  lindep= 0.791
root 7 converged  |r|= 3.89e-06  e= 0.53241086873  max|de|= 6.08e-08
root 9 converged  |r|= 3.79e-06  e= 0.590413108475  max|de|= -8.4e-08
davidson 10 110  |r|= 0.0643  e= [ 0.11191005  0.11191002  0.32968568  0.34813955  0.39199272  0.39199272
  0.42519308  0.53241087  0.53241079  0.59041311  0.92074138  0.9798787 ]  max|de|= -0.00274  lindep= 0.861
davidson 11 113  |r|= 0.0895  e= [ 0.11191005  0.11190997  0.32968568  0.34813952  0.39199272  0.39199272
  0.42519308  0.53241087  0.53241087  0.59041311  0.91992637  0.97603524]  max|de|= -0.00384  lindep= 0.838
davidson 12 115  |r|= 0.0719  e= [ 0.11191005  0.11190997  0.32968568  0.3481395   0.39199272  0.39199272
  0.42519308  0.53241087  0.53241087  0.59041311  0.93339967  0.98468155]  max|de|= 0.0135  lindep= 0.861
davidson 13 117  |r|= 0.0404  e= [ 0.11191005  0.11190997  0.32968568  0.3481395   0.39199272  0.39199272
  0.42519308  0.53241087  0.53241087  0.59041311  0.93049881  0.98139565]  max|de|= -0.00329  lindep= 0.845
davidson 14 119  |r|= 0.0831  e= [ 0.11191005  0.11190997  0.32968568  0.3481395   0.39199272  0.39199272
  0.42519308  0.53241087  0.53241087  0.59041311  0.93048202  0.97692537]  max|de|= -0.00447  lindep= 0.852
davidson 15 121  |r|= 0.0562  e= [ 0.11191005  0.11190997  0.32968568  0.3481395   0.39199272  0.39199272
  0.42519308  0.53241087  0.53241087  0.59041311  0.93037763  0.98641163]  max|de|= 0.00949  lindep= 0.849
davidson 16 123  |r|= 0.0816  e= [ 0.11191005  0.11190997  0.32968566  0.3481395   0.39199272  0.39199272
  0.42519305  0.53241087  0.53241087  0.59041311  0.93025238  0.98302222]  max|de|= -0.00339  lindep= 0.836
davidson 17 125  |r|= 0.0738  e= [ 0.11191005  0.11190997  0.32968565  0.3481395   0.39199272  0.39199272
  0.42519303  0.53241087  0.53241087  0.59041312  0.93042441  0.97755361]  max|de|= -0.00547  lindep= 0.842
davidson 18 127  |r|= 0.0523  e= [ 0.11191005  0.11190997  0.32968565  0.3481395   0.39199272  0.39199272
  0.42519303  0.53241087  0.53241087  0.59041312  0.93025013  0.98855115]  max|de|= 0.011  lindep= 0.857
davidson 19 129  |r|= 0.0265  e= [ 0.11191005  0.11190997  0.32968565  0.3481395   0.39199272  0.39199272
  0.42519303  0.53241087  0.53241087  0.59041312  0.93022463  0.98611263]  max|de|= -0.00244  lindep= 0.86
davidson 20 131  |r|= 0.0192  e= [ 0.11191005  0.11190997  0.32968565  0.3481395   0.39199272  0.39199272
  0.42519303  0.53241087  0.53241087  0.59041312  0.92999892  0.98530894]  max|de|= -0.000804  lindep= 0.824
davidson 21 133  |r|= 0.0216  e= [ 0.11191005  0.11190997  0.32968565  0.3481395   0.39199272  0.39199272
  0.42519303  0.53241087  0.53241087  0.59041312  0.93033715  0.98478737]  max|de|= -0.000522  lindep= 0.842
davidson 22 135  |r|= 0.126  e= [ 0.11191005  0.11190998  0.32968565  0.3481395   0.39199272  0.39199272
  0.42519303  0.53241087  0.53241087  0.59041312  0.93020582  0.98834549]  max|de|= 0.00356  lindep= 0.825
davidson 23 137  |r|= 0.0164  e= [ 0.11191005  0.11190999  0.32968565  0.3481395   0.39199272  0.39199272
  0.42519303  0.53241087  0.53241085  0.59041312  0.93028414  0.98555492]  max|de|= -0.00279  lindep= 0.833
davidson 24 139  |r|= 0.00938  e= [ 0.11191005  0.11190999  0.32968565  0.3481395   0.39199272  0.39199272
  0.42519303  0.53241087  0.53241085  0.59041312  0.93024685  0.98530194]  max|de|= -0.000253  lindep= 0.842
davidson 25 141  |r|= 0.00628  e= [ 0.11191005  0.11190999  0.32968565  0.3481395   0.39199272  0.39199272
  0.42519303  0.53241087  0.53241085  0.59041312  0.93023836  0.9851124 ]  max|de|= -0.00019  lindep= 0.865
davidson 26 143  |r|= 0.00747  e= [ 0.11191005  0.11190999  0.32968565  0.3481395   0.39199272  0.39199272
  0.42519303  0.53241087  0.53241085  0.59041312  0.93025034  0.98504274]  max|de|= -6.97e-05  lindep= 0.866
davidson 27 145  |r|= 0.0147  e= [ 0.11191006  0.11191     0.32968565  0.3481395   0.39199272  0.39199272
  0.42519303  0.53241085  0.53241086  0.59041312  0.93022721  0.98493201]  max|de|= -0.000111  lindep= 0.834
davidson 28 147  |r|= 0.00702  e= [ 0.11191006  0.11191     0.32968565  0.3481395   0.39199272  0.39199272
  0.42519303  0.53241085  0.53241086  0.59041312  0.93026254  0.98503975]  max|de|= 0.000108  lindep= 0.792
davidson 29 149  |r|= 0.00235  e= [ 0.11191006  0.11191     0.32968565  0.3481395   0.39199272  0.39199272
  0.42519303  0.53241085  0.53241086  0.59041312  0.93020815  0.98497844]  max|de|= -6.13e-05  lindep= 0.875
davidson 30 151  |r|= 0.00208  e= [ 0.11191006  0.11191     0.32968564  0.3481395   0.39199272  0.39199272
  0.42519303  0.53241085  0.53241086  0.59041313  0.93022532  0.98494132]  max|de|= -3.71e-05  lindep= 0.862
davidson 31 153  |r|= 0.00186  e= [ 0.11191006  0.11191     0.32968564  0.3481395   0.39199272  0.39199272
  0.42519303  0.53241085  0.53241086  0.59041313  0.93022323  0.98490084]  max|de|= -4.05e-05  lindep= 0.841
davidson 32 155  |r|= 0.00198  e= [ 0.11191006  0.11191     0.32968564  0.3481395   0.39199272  0.39199272
  0.42519303  0.53241085  0.53241086  0.59041313  0.93021931  0.98487565]  max|de|= -2.52e-05  lindep= 0.829
davidson 33 157  |r|= 0.0049  e= [ 0.11191006  0.11191     0.32968564  0.3481395   0.39199272  0.39199272
  0.42519303  0.53241085  0.53241086  0.59041313  0.93023923  0.98480695]  max|de|= -6.87e-05  lindep= 0.798
davidson 34 159  |r|= 0.00222  e= [ 0.11191006  0.11191     0.32968564  0.3481395   0.39199273  0.39199273
  0.42519303  0.53241085  0.53241086  0.59041313  0.93022352  0.98486972]  max|de|= 6.28e-05  lindep= 0.788
davidson 35 161  |r|= 0.00169  e= [ 0.11191006  0.11191     0.32968564  0.3481395   0.39199273  0.39199273
  0.42519303  0.53241085  0.53241086  0.59041313  0.93020716  0.98483929]  max|de|= -3.04e-05  lindep=  0.8
davidson 36 163  |r|= 0.00232  e= [ 0.11191005  0.11191     0.32968565  0.3481395   0.39199273  0.39199273
  0.42519303  0.53241085  0.53241086  0.59041313  0.93022888  0.98481902]  max|de|= 2.17e-05  lindep= 0.811
davidson 37 165  |r|= 0.00207  e= [ 0.11191004  0.11191     0.32968565  0.3481395   0.39199273  0.39199273
  0.42519303  0.53241085  0.53241086  0.59041313  0.9302148   0.98483703]  max|de|= 1.8e-05  lindep= 0.73
davidson 38 167  |r|= 0.00356  e= [ 0.11191004  0.11191     0.32968565  0.3481395   0.39199274  0.39199274
  0.42519303  0.53241085  0.53241086  0.59041313  0.93025087  0.9848258 ]  max|de|= 3.61e-05  lindep= 0.803
davidson 39 169  |r|= 0.000934  e= [ 0.11191004  0.11191     0.32968565  0.3481395   0.39199273  0.39199273
  0.42519303  0.53241085  0.53241086  0.59041313  0.9302297   0.98482592]  max|de|= -2.12e-05  lindep= 0.805
davidson 40 171  |r|= 0.000666  e= [ 0.11191004  0.11191     0.32968565  0.3481395   0.39199274  0.39199274
  0.42519303  0.53241085  0.53241086  0.59041313  0.93022526  0.98482475]  max|de|= -4.44e-06  lindep= 0.739
davidson 41 173  |r|= 0.0115  e= [ 0.11191004  0.11191     0.32968564  0.3481395   0.39199274  0.39199274
  0.42519303  0.53241085  0.53241086  0.59041313  0.93032469  0.98482948]  max|de|= 9.94e-05  lindep= 0.79
davidson 42 175  |r|= 0.000528  e= [ 0.11191004  0.11191     0.32968564  0.3481395   0.39199274  0.39199274
  0.42519303  0.53241085  0.53241086  0.59041313  0.93022559  0.98482696]  max|de|= -9.91e-05  lindep= 0.796
davidson 43 177  |r|= 0.00187  e= [ 0.11191004  0.11190999  0.32968564  0.3481395   0.39199274  0.39199274
  0.42519303  0.53241085  0.53241086  0.59041313  0.93022926  0.98482303]  max|de|= -3.93e-06  lindep= 0.783
davidson 44 179  |r|= 0.000698  e= [ 0.11191004  0.11190999  0.32968564  0.3481395   0.39199274  0.39199274
  0.42519303  0.53241085  0.53241086  0.59041313  0.93022987  0.98482568]  max|de|= 2.65e-06  lindep= 0.782
davidson 45 181  |r|= 0.000219  e= [ 0.11191004  0.11190999  0.32968565  0.3481395   0.39199275  0.39199275
  0.42519303  0.53241085  0.53241086  0.59041313  0.93022779  0.98482437]  max|de|= -2.08e-06  lindep= 0.852
davidson 46 183  |r|= 0.000737  e= [ 0.11191004  0.11190998  0.32968565  0.3481395   0.39199275  0.39199275
  0.42519303  0.53241085  0.53241086  0.59041313  0.93022631  0.98482558]  max|de|= -1.48e-06  lindep= 0.808
davidson 47 185  |r|= 0.0127  e= [ 0.11191004  0.11190995  0.32968565  0.3481395   0.39199275  0.39199275
  0.42519303  0.53241086  0.53241085  0.59041313  0.93030977  0.9848245 ]  max|de|= 8.35e-05  lindep= 0.831
davidson 48 187  |r|= 0.00031  e= [ 0.11191004  0.11190988  0.32968565  0.3481395   0.39199275  0.39199275
  0.42519303  0.53241085  0.53241086  0.59041313  0.9302204   0.984826  ]  max|de|= -8.94e-05  lindep= 0.845
davidson 49 189  |r|= 0.000181  e= [ 0.11191004  0.11190984  0.32968565  0.3481395   0.39199277  0.39199277
  0.42519303  0.53241085  0.53241086  0.59041313  0.93022555  0.98482654]  max|de|= 5.15e-06  lindep= 0.834
davidson 50 191  |r|= 0.00221  e= [ 0.11191004  0.11190983  0.32968565  0.3481395   0.3919928   0.39199276
  0.42519303  0.53241085  0.53241086  0.59041312  0.93022342  0.98482761]  max|de|= -2.12e-06  lindep= 0.838
davidson 51 193  |r|= 0.000245  e= [ 0.11191004  0.11190981  0.32968565  0.3481395   0.3919928   0.39199276
  0.42519303  0.53241085  0.53241086  0.59041312  0.93022286  0.98482699]  max|de|= -6.26e-07  lindep=  0.8
davidson 52 195  |r|= 0.00109  e= [ 0.11191004  0.11190981  0.32968565  0.3481395   0.3919928   0.39199276
  0.42519303  0.53241085  0.53241086  0.59041312  0.93022407  0.98482896]  max|de|= 1.97e-06  lindep= 0.838
davidson 53 197  |r|= 0.000388  e= [ 0.11191004  0.11190982  0.32968565  0.3481395   0.3919928   0.39199276
  0.42519303  0.53241086  0.53241085  0.59041312  0.9302238   0.98482574]  max|de|= -3.22e-06  lindep= 0.842
davidson 54 199  |r|= 0.000286  e= [ 0.11191004  0.11190982  0.32968565  0.3481395   0.3919928   0.39199276
  0.42519303  0.53241086  0.53241085  0.59041312  0.93022418  0.98482766]  max|de|= 1.92e-06  lindep= 0.863
davidson 55 201  |r|= 0.000232  e= [ 0.11191004  0.11190982  0.32968565  0.3481395   0.3919928   0.39199275
  0.42519303  0.53241086  0.53241085  0.59041312  0.93022352  0.98482544]  max|de|= -2.22e-06  lindep= 0.842
davidson 56 203  |r|= 0.000261  e= [ 0.11191004  0.11190984  0.32968565  0.3481395   0.3919928   0.39199276
  0.42519303  0.53241085  0.53241086  0.59041312  0.93022367  0.9848248 ]  max|de|= -6.42e-07  lindep= 0.832
davidson 57 205  |r|= 0.0128  e= [ 0.11191004  0.11190984  0.32968565  0.3481395   0.3919928   0.39199276
  0.42519303  0.53241085  0.53241085  0.59041312  0.93028067  0.98482934]  max|de|= 5.7e-05  lindep= 0.849
davidson 58 207  |r|= 0.000168  e= [ 0.11191004  0.11190985  0.32968565  0.3481395   0.3919928   0.39199276
  0.42519303  0.53241085  0.53241085  0.59041312  0.9302239   0.98482541]  max|de|= -5.68e-05  lindep= 0.858
davidson 59 209  |r|= 0.000116  e= [ 0.11191004  0.11190985  0.32968565  0.34813951  0.3919928   0.39199276
  0.42519303  0.53241085  0.53241085  0.59041312  0.93022344  0.98482622]  max|de|= 8.18e-07  lindep= 0.863
davidson 60 211  |r|= 0.00056  e= [ 0.11191004  0.11190986  0.32968565  0.34813951  0.3919928   0.39199276
  0.42519303  0.53241085  0.53241085  0.59041312  0.93022368  0.98482668]  max|de|= 4.6e-07  lindep= 0.829
davidson 61 213  |r|= 0.000505  e= [ 0.11191004  0.11190986  0.32968565  0.34813951  0.3919928   0.39199277
  0.42519303  0.53241085  0.53241085  0.59041312  0.93022399  0.98482622]  max|de|= -4.66e-07  lindep= 0.849
davidson 62 215  |r|= 9.57e-05  e= [ 0.11191004  0.11190985  0.32968565  0.34813951  0.39199281  0.39199276
  0.42519303  0.53241085  0.53241085  0.59041312  0.93022368  0.98482641]  max|de|= -3.11e-07  lindep= 0.869
root 10 converged  |r|= 3.99e-05  e= 0.930223726998  max|de|= 4.58e-08
root 11 converged  |r|= 0.000137  e= 0.984826461419  max|de|= 5.14e-08
converge 63 217  |r|= 0.000137  e= [ 0.11191004  0.11190985  0.32968565  0.34813951  0.39199281  0.39199277
  0.42519303  0.53241085  0.53241085  0.59041312  0.93022373  0.98482646]  max|de|= 5.14e-08
EA root 0 E = 0.111910037675903  qpwt = 0.963876  conv = True
EA root 1 E = 0.1119098531783369  qpwt = 0.963876  conv = True
EA root 2 E = 0.3296856454460876  qpwt = 0.979251  conv = True
EA root 3 E = 0.3481395071047597  qpwt = 0.981258  conv = True
EA root 4 E = 0.391992806366429  qpwt = 0.971603  conv = True
EA root 5 E = 0.39199276602121  qpwt = 0.971603  conv = True
EA root 6 E = 0.4251930281687962  qpwt = 0.987331  conv = True
EA root 7 E = 0.5324108547390095  qpwt = 0.921529  conv = True
EA root 8 E = 0.5324108499051993  qpwt = 0.921529  conv = True
EA root 9 E = 0.5904131243027689  qpwt = 0.958765  conv = True
EA root 10 E = 0.9302237269982412  qpwt = 0.813796  conv = True
EA root 11 E = 0.9848264614188307  qpwt = 0.881634  conv = True
    CPU time for EA-CCSD    165.93 sec, wall time    166.01 sec
