

******** <class 'pyscf.scf.hf.RHF'> flags ********
method = RHF
initial guess = minao
damping factor = 0
level shift factor = 0
DIIS = <class 'pyscf.scf.diis.CDIIS'>
DIIS start cycle = 1
DIIS space = 8
SCF tol = 1e-09
SCF gradient tol = None
max. SCF cycles = 50
direct_scf = True
direct_scf_tol = 1e-13
chkfile to save SCF result = /tmp/tmpsoxKIC
max_memory 4000 MB (current use 75 MB)
Set gradient conv threshold to 3.16228e-05
Nelec from initial guess = 43.9979193926
cond(S) = 1574.93267381
E_coul = 367.438913117601
init E= -647.384222147963
    CPU time for initialize scf      2.48 sec, wall time      2.87 sec
  HOMO = -0.0906470714842177  LUMO = -0.0354789559189495
  mo_energy =
[ -4.04643848e+01  -4.04643819e+01  -4.04599010e+01  -4.04598989e+01
  -2.80216586e+00  -2.80121636e+00  -2.79546691e+00  -2.79509881e+00
  -1.52157645e+00  -1.51990375e+00  -1.51928035e+00  -1.51872702e+00
  -1.51868729e+00  -1.51837013e+00  -1.51476769e+00  -1.51457602e+00
  -1.51399283e+00  -1.51394506e+00  -1.51375136e+00  -1.51375002e+00
  -2.21462197e-01  -9.06470715e-02  -3.54789559e-02  -1.03297137e-02
   1.18785415e-02   3.94065837e-02   4.08646033e-02   4.51589653e-02
   4.81789862e-02   6.76550954e-02   7.09427511e-02   7.99662822e-02
   8.37170410e-02   8.42028334e-02   8.49846550e-02   9.76876124e-02
   1.18118416e-01   1.24730476e-01   1.33486503e-01   1.42426613e-01
   1.78998981e-01   1.81800612e-01   1.94081005e-01   2.03507157e-01
   2.07243190e-01   2.39851535e-01   2.45688994e-01   2.49532837e-01
   2.57890997e-01   2.66694039e-01   2.71085024e-01   2.82419478e-01
   2.89028631e-01   2.92613346e-01   3.01193898e-01   3.01882397e-01
   3.20153724e-01   3.25610555e-01   3.30891924e-01   3.45245740e-01
   3.51846199e-01   3.59002007e-01   3.90464408e-01   3.98787616e-01
   4.06397674e-01   4.19193232e-01   4.32105972e-01   4.90539927e-01
   5.17265536e-01   5.17928007e-01   5.62312134e-01   5.85460761e-01
   1.22472868e+00   1.23436348e+00   1.23441747e+00   1.23641283e+00
   1.23894133e+00   1.24213663e+00   1.24268870e+00   1.24283967e+00
   1.24679108e+00   1.24682996e+00   1.25020180e+00   1.25500185e+00
   1.26176044e+00   1.26535281e+00   1.26793583e+00   1.26999185e+00
   1.29661635e+00   1.29932324e+00   1.32554424e+00   1.33107716e+00
   1.44453632e+00   1.47626928e+00   1.48020145e+00   1.48243075e+00
   1.49047382e+00   1.51553819e+00   1.54255103e+00   1.54725793e+00
   1.58172430e+00   1.59196973e+00   1.61437939e+00   1.65974081e+00
   3.83907819e+00   4.09655344e+00   4.21476404e+00   4.30585597e+00
   6.17996466e+00   6.18498028e+00   6.18602373e+00   6.18658576e+00
   6.18720675e+00   6.18875354e+00   6.18982415e+00   6.18985788e+00
   6.19043281e+00   6.19128445e+00   6.19422891e+00   6.19638743e+00
   6.19657236e+00   6.20063986e+00   6.20191032e+00   6.21014190e+00
   6.21584359e+00   6.21593054e+00   6.23171399e+00   6.23328012e+00]
E_coul = 367.249271145692
cycle= 1 E= -647.403677525681  delta_E= -0.0195  |g|= 0.0767  |ddm|= 1.34
    CPU time for cycle= 1      0.20 sec, wall time      0.20 sec
diis-norm(errvec)=0.192111
diis-c [-0.03690655  1.        ]
  HOMO = -0.142284808801904  LUMO = -0.00897964462365469
  mo_energy =
[ -4.05059809e+01  -4.05059736e+01  -4.04555459e+01  -4.04555414e+01
  -2.81958965e+00  -2.81948190e+00  -2.77418926e+00  -2.77418521e+00
  -1.54194647e+00  -1.54068751e+00  -1.54044640e+00  -1.54033744e+00
  -1.54018749e+00  -1.54005605e+00  -1.49443950e+00  -1.49443409e+00
  -1.49441295e+00  -1.49440621e+00  -1.49421878e+00  -1.49421199e+00
  -2.15356573e-01  -1.42284809e-01  -8.97964462e-03   8.51653625e-03
   1.70748825e-02   3.71775341e-02   4.00920293e-02   4.78813459e-02
   5.19873646e-02   6.56664057e-02   7.10849584e-02   8.18908644e-02
   8.70719277e-02   8.83815643e-02   9.03822370e-02   1.05610262e-01
   1.18728327e-01   1.32374460e-01   1.32811301e-01   1.40955166e-01
   1.87237236e-01   1.92598849e-01   1.93887993e-01   2.08563331e-01
   2.19263645e-01   2.45440229e-01   2.45574448e-01   2.54616314e-01
   2.70220373e-01   2.74323860e-01   2.78134364e-01   2.80839941e-01
   2.97324697e-01   2.99119708e-01   3.11624049e-01   3.12254120e-01
   3.13130731e-01   3.33576302e-01   3.37137317e-01   3.43319127e-01
   3.55816967e-01   3.73500925e-01   3.95121757e-01   4.00027341e-01
   4.16036559e-01   4.19141279e-01   4.38682036e-01   4.98479725e-01
   5.23170629e-01   5.28962744e-01   5.81062271e-01   5.90747384e-01
   1.23057660e+00   1.23397227e+00   1.23713164e+00   1.23894206e+00
   1.23936837e+00   1.24214228e+00   1.24882163e+00   1.25490236e+00
   1.25696201e+00   1.25892161e+00   1.26216178e+00   1.26581330e+00
   1.26600303e+00   1.26923860e+00   1.27857681e+00   1.28125545e+00
   1.30863567e+00   1.30988851e+00   1.32359784e+00   1.34046198e+00
   1.44439921e+00   1.46780977e+00   1.49832471e+00   1.50042003e+00
   1.50266269e+00   1.53275549e+00   1.55313452e+00   1.55932101e+00
   1.57234614e+00   1.59069368e+00   1.61382641e+00   1.66553985e+00
   3.84283904e+00   4.11704865e+00   4.21624318e+00   4.29200022e+00
   6.16618338e+00   6.16740882e+00   6.16884604e+00   6.17058735e+00
   6.17230622e+00   6.17505866e+00   6.17601844e+00   6.18635939e+00
   6.19181246e+00   6.19477728e+00   6.20569346e+00   6.20716181e+00
   6.20784934e+00   6.20835182e+00   6.21426400e+00   6.21475105e+00
   6.22822748e+00   6.23017192e+00   6.23471925e+00   6.23959671e+00]
E_coul = 367.949970994428
cycle= 2 E= -647.409647354243  delta_E= -0.00597  |g|= 0.032  |ddm|= 0.273
    CPU time for cycle= 2      0.19 sec, wall time      0.20 sec
diis-norm(errvec)=0.0742876
diis-c [-0.00443107 -0.22399148  1.22399148]
  HOMO = -0.138997425306493  LUMO = -3.90794845269968e-05
  mo_energy =
[ -4.04630464e+01  -4.04630410e+01  -4.04427744e+01  -4.04427727e+01
  -2.78965731e+00  -2.78954981e+00  -2.76607226e+00  -2.76607192e+00
  -1.51226979e+00  -1.51117408e+00  -1.51093481e+00  -1.51088431e+00
  -1.51060989e+00  -1.51054654e+00  -1.48638872e+00  -1.48638590e+00
  -1.48631135e+00  -1.48630648e+00  -1.48623041e+00  -1.48622677e+00
  -2.04178406e-01  -1.38997425e-01  -3.90794845e-05   1.40549305e-02
   2.59307341e-02   4.30249699e-02   4.40865427e-02   4.85230089e-02
   5.50830894e-02   7.24156153e-02   7.49975819e-02   8.49825307e-02
   9.09273720e-02   9.14781563e-02   9.47295387e-02   1.07774991e-01
   1.20078291e-01   1.35600808e-01   1.38675010e-01   1.49435262e-01
   1.99652654e-01   2.00480801e-01   2.04539122e-01   2.16930156e-01
   2.29190001e-01   2.52323606e-01   2.57566846e-01   2.63716036e-01
   2.75329890e-01   2.80357543e-01   2.85969749e-01   2.87609298e-01
   3.02563171e-01   3.05587266e-01   3.16964196e-01   3.17909423e-01
   3.21028240e-01   3.35655403e-01   3.43556580e-01   3.55275714e-01
   3.63412170e-01   3.80562106e-01   4.03301610e-01   4.10230686e-01
   4.27810015e-01   4.29799266e-01   4.48061421e-01   5.11612029e-01
   5.32551644e-01   5.41755866e-01   5.96893003e-01   6.09193208e-01
   1.24670873e+00   1.25411267e+00   1.25512981e+00   1.25778262e+00
   1.25976627e+00   1.26103554e+00   1.26323227e+00   1.26458758e+00
   1.26516415e+00   1.26772793e+00   1.27132433e+00   1.27842157e+00
   1.27892905e+00   1.28244172e+00   1.28684315e+00   1.28747638e+00
   1.31656069e+00   1.32060027e+00   1.33760467e+00   1.34981884e+00
   1.46281183e+00   1.49083884e+00   1.50538413e+00   1.51155654e+00
   1.51274880e+00   1.54183286e+00   1.57186543e+00   1.57538243e+00
   1.59179135e+00   1.60852176e+00   1.63415887e+00   1.68006241e+00
   3.85992598e+00   4.12593620e+00   4.23532294e+00   4.31943666e+00
   6.19382808e+00   6.19625384e+00   6.19773278e+00   6.19913096e+00
   6.20029859e+00   6.20141477e+00   6.20350311e+00   6.21204793e+00
   6.21347390e+00   6.21382456e+00   6.21511154e+00   6.21692562e+00
   6.21915799e+00   6.22155120e+00   6.22278336e+00   6.22327739e+00
   6.23788300e+00   6.23983568e+00   6.24966006e+00   6.25201705e+00]
E_coul = 367.911764916301
cycle= 3 E= -647.410708951292  delta_E= -0.00106  |g|= 0.0109  |ddm|= 0.149
    CPU time for cycle= 3      0.20 sec, wall time      0.20 sec
diis-norm(errvec)=0.0260107
diis-c [ -4.81165437e-04  -6.15658812e-02  -7.14577182e-02   1.13302360e+00]
  HOMO = -0.140116838405121  LUMO = 0.000357773167540008
  mo_energy =
[ -4.04762057e+01  -4.04761999e+01  -4.04447759e+01  -4.04447743e+01
  -2.79557987e+00  -2.79547278e+00  -2.76597193e+00  -2.76597169e+00
  -1.51835473e+00  -1.51713356e+00  -1.51695044e+00  -1.51690031e+00
  -1.51668240e+00  -1.51665197e+00  -1.48625232e+00  -1.48625174e+00
  -1.48621931e+00  -1.48621742e+00  -1.48619670e+00  -1.48619238e+00
  -2.03990389e-01  -1.40116838e-01   3.57773168e-04   1.51537304e-02
   2.60022415e-02   4.30969067e-02   4.41443543e-02   4.80857203e-02
   5.52440762e-02   7.26103043e-02   7.51619387e-02   8.52985321e-02
   9.11055486e-02   9.16728861e-02   9.48589862e-02   1.08141827e-01
   1.20055356e-01   1.35553961e-01   1.38962440e-01   1.49492078e-01
   1.99448717e-01   2.00237846e-01   2.04249332e-01   2.17258017e-01
   2.29324852e-01   2.52685159e-01   2.57343475e-01   2.64163933e-01
   2.75604311e-01   2.80602701e-01   2.85677262e-01   2.87604449e-01
   3.02838363e-01   3.06014589e-01   3.17620049e-01   3.18385204e-01
   3.20906548e-01   3.35773862e-01   3.43656557e-01   3.54782305e-01
   3.63632698e-01   3.80553250e-01   4.03537764e-01   4.10527520e-01
   4.27526373e-01   4.29194325e-01   4.48212016e-01   5.11711553e-01
   5.32854166e-01   5.41606234e-01   5.96458187e-01   6.07986537e-01
   1.24609529e+00   1.25192634e+00   1.25384617e+00   1.25608316e+00
   1.25752684e+00   1.25973591e+00   1.26366396e+00   1.26542682e+00
   1.26571813e+00   1.26736480e+00   1.27142383e+00   1.27745066e+00
   1.27893132e+00   1.28113666e+00   1.28670917e+00   1.28812380e+00
   1.31687687e+00   1.32006940e+00   1.33675139e+00   1.34963261e+00
   1.46080340e+00   1.48760386e+00   1.50600422e+00   1.51087723e+00
   1.51318720e+00   1.54222459e+00   1.57032265e+00   1.57431229e+00
   1.58973079e+00   1.60629290e+00   1.63181335e+00   1.67859050e+00
   3.85782898e+00   4.12608373e+00   4.23270309e+00   4.31456792e+00
   6.18874543e+00   6.19044916e+00   6.19190519e+00   6.19345460e+00
   6.19506572e+00   6.19670514e+00   6.19840110e+00   6.20844646e+00
   6.21188722e+00   6.21275912e+00   6.21361506e+00   6.21653111e+00
   6.21688676e+00   6.21838356e+00   6.22284929e+00   6.22293098e+00
   6.23734954e+00   6.23935849e+00   6.24727541e+00   6.25060312e+00]
E_coul = 367.993751469413
cycle= 4 E= -647.410864237799  delta_E= -0.000155  |g|= 0.00345  |ddm|= 0.0594
    CPU time for cycle= 4      0.19 sec, wall time      0.19 sec
diis-norm(errvec)=0.00911876
diis-c [ -3.49906979e-05   3.38526798e-02  -1.23425097e-01  -1.65009779e-01
   1.25458220e+00]
  HOMO = -0.140467408539186  LUMO = 0.000371097724734326
  mo_energy =
[ -4.04737912e+01  -4.04737854e+01  -4.04430648e+01  -4.04430633e+01
  -2.79540156e+00  -2.79529417e+00  -2.76478998e+00  -2.76478961e+00
  -1.51822859e+00  -1.51697228e+00  -1.51681405e+00  -1.51674056e+00
  -1.51654717e+00  -1.51652550e+00  -1.48506729e+00  -1.48506477e+00
  -1.48502133e+00  -1.48502027e+00  -1.48498416e+00  -1.48497998e+00
  -2.03692141e-01  -1.40467409e-01   3.71097725e-04   1.56442618e-02
   2.59673511e-02   4.30959343e-02   4.41671578e-02   4.79430756e-02
   5.53605785e-02   7.25722297e-02   7.52115255e-02   8.53740254e-02
   9.11928593e-02   9.17686348e-02   9.48190249e-02   1.08290143e-01
   1.20045787e-01   1.35609688e-01   1.39001232e-01   1.49464967e-01
   1.99429449e-01   2.00115854e-01   2.04013068e-01   2.17397997e-01
   2.29397490e-01   2.52830057e-01   2.57095558e-01   2.64328638e-01
   2.75820834e-01   2.80808902e-01   2.85341541e-01   2.87632311e-01
   3.03000452e-01   3.06179948e-01   3.17965368e-01   3.18674830e-01
   3.20692943e-01   3.35907067e-01   3.43667308e-01   3.54443013e-01
   3.63695556e-01   3.80619630e-01   4.03586888e-01   4.10551025e-01
   4.27459659e-01   4.28760748e-01   4.48245145e-01   5.11789750e-01
   5.32991472e-01   5.41561736e-01   5.96391214e-01   6.07554128e-01
   1.24604446e+00   1.25111498e+00   1.25349513e+00   1.25552961e+00
   1.25669087e+00   1.25933657e+00   1.26405134e+00   1.26615058e+00
   1.26625238e+00   1.26760888e+00   1.27178021e+00   1.27731886e+00
   1.27928156e+00   1.28081101e+00   1.28701312e+00   1.28879366e+00
   1.31733508e+00   1.32018411e+00   1.33660818e+00   1.34984365e+00
   1.46078126e+00   1.48719459e+00   1.50690898e+00   1.51137039e+00
   1.51401810e+00   1.54299118e+00   1.57045499e+00   1.57456302e+00
   1.58967268e+00   1.60622586e+00   1.63172556e+00   1.67875984e+00
   3.85840080e+00   4.12711817e+00   4.23318926e+00   4.31460112e+00
   6.18893951e+00   6.19049364e+00   6.19194773e+00   6.19352689e+00
   6.19523697e+00   6.19695766e+00   6.19858570e+00   6.20873330e+00
   6.21243479e+00   6.21345276e+00   6.21479451e+00   6.21763232e+00
   6.21775334e+00   6.21916908e+00   6.22400631e+00   6.22402929e+00
   6.23841788e+00   6.24042740e+00   6.24802802e+00   6.25151486e+00]
E_coul = 367.985756070392
cycle= 5 E= -647.410884255177  delta_E= -2e-05  |g|= 0.000872  |ddm|= 0.0236
    CPU time for cycle= 5      0.20 sec, wall time      0.20 sec
diis-norm(errvec)=0.00271429
diis-c [ -4.06679124e-06   1.14510801e-03   1.95224378e-02  -5.79858000e-02
  -2.21296233e-01   1.25861449e+00]
  HOMO = -0.140509619504582  LUMO = 0.000452947170357754
  mo_energy =
[ -4.04744325e+01  -4.04744266e+01  -4.04429512e+01  -4.04429497e+01
  -2.79556333e+00  -2.79545592e+00  -2.76456762e+00  -2.76456729e+00
  -1.51840006e+00  -1.51715311e+00  -1.51699248e+00  -1.51692185e+00
  -1.51672600e+00  -1.51669804e+00  -1.48483054e+00  -1.48482872e+00
  -1.48478647e+00  -1.48478612e+00  -1.48475040e+00  -1.48474623e+00
  -2.03439844e-01  -1.40509620e-01   4.52947170e-04   1.57965792e-02
   2.60794005e-02   4.31858543e-02   4.42600016e-02   4.79504576e-02
   5.54416299e-02   7.26551335e-02   7.52718285e-02   8.54271752e-02
   9.12539137e-02   9.18088497e-02   9.49171094e-02   1.08330546e-01
   1.20070613e-01   1.35673280e-01   1.39071370e-01   1.49581789e-01
   1.99517374e-01   2.00292631e-01   2.04130847e-01   2.17536191e-01
   2.29561130e-01   2.52944798e-01   2.57201843e-01   2.64491401e-01
   2.75938953e-01   2.80899956e-01   2.85448319e-01   2.87741575e-01
   3.03077261e-01   3.06326367e-01   3.18113645e-01   3.18812432e-01
   3.20772522e-01   3.35972288e-01   3.43778935e-01   3.54559285e-01
   3.63831128e-01   3.80764069e-01   4.03722499e-01   4.10701586e-01
   4.27591000e-01   4.28878646e-01   4.48402356e-01   5.12003303e-01
   5.33150883e-01   5.41720839e-01   5.96613793e-01   6.07715101e-01
   1.24619908e+00   1.25115413e+00   1.25361593e+00   1.25561060e+00
   1.25672884e+00   1.25943522e+00   1.26425608e+00   1.26639409e+00
   1.26646422e+00   1.26780210e+00   1.27196353e+00   1.27744028e+00
   1.27947851e+00   1.28090892e+00   1.28718688e+00   1.28902773e+00
   1.31749865e+00   1.32035253e+00   1.33669252e+00   1.34998702e+00
   1.46084604e+00   1.48718604e+00   1.50716560e+00   1.51154169e+00
   1.51427787e+00   1.54320473e+00   1.57060181e+00   1.57471475e+00
   1.58974653e+00   1.60630493e+00   1.63177876e+00   1.67884934e+00
   3.85847913e+00   4.12735877e+00   4.23325551e+00   4.31451696e+00
   6.18881874e+00   6.19033329e+00   6.19178695e+00   6.19337360e+00
   6.19510978e+00   6.19686257e+00   6.19846762e+00   6.20864747e+00
   6.21243133e+00   6.21350520e+00   6.21502537e+00   6.21783659e+00
   6.21788905e+00   6.21928119e+00   6.22423822e+00   6.22424063e+00
   6.23861692e+00   6.24062746e+00   6.24812134e+00   6.25166117e+00]
E_coul = 367.989409928622
cycle= 6 E= -647.4108860436  delta_E= -1.79e-06  |g|= 0.000315  |ddm|= 0.00561
    CPU time for cycle= 6      0.19 sec, wall time      0.20 sec
diis-norm(errvec)=0.00102579
diis-c [ -7.06439501e-07  -5.31908553e-04   3.62356940e-03   2.13774310e-02
  -5.18306169e-02  -2.55480592e-01   1.28284212e+00]
  HOMO = -0.140539209616389  LUMO = 0.000440650711802534
  mo_energy =
[ -4.04742669e+01  -4.04742610e+01  -4.04428943e+01  -4.04428927e+01
  -2.79552160e+00  -2.79541415e+00  -2.76453987e+00  -2.76453954e+00
  -1.51835895e+00  -1.51711430e+00  -1.51695193e+00  -1.51688302e+00
  -1.51668533e+00  -1.51665645e+00  -1.48479993e+00  -1.48479830e+00
  -1.48475514e+00  -1.48475494e+00  -1.48472061e+00  -1.48471644e+00
  -2.03437409e-01  -1.40539210e-01   4.40650712e-04   1.58059941e-02
   2.60695705e-02   4.31957024e-02   4.42712105e-02   4.79473472e-02
   5.54443164e-02   7.26561006e-02   7.52752426e-02   8.54329138e-02
   9.12561965e-02   9.18113993e-02   9.49125608e-02   1.08330307e-01
   1.20073906e-01   1.35673015e-01   1.39064020e-01   1.49590571e-01
   1.99508236e-01   2.00276972e-01   2.04133224e-01   2.17533700e-01
   2.29545420e-01   2.52948301e-01   2.57200598e-01   2.64484595e-01
   2.75942606e-01   2.80906518e-01   2.85450590e-01   2.87739251e-01
   3.03085118e-01   3.06321992e-01   3.18120689e-01   3.18817861e-01
   3.20780614e-01   3.35984315e-01   3.43777764e-01   3.54549481e-01
   3.63833650e-01   3.80757518e-01   4.03723437e-01   4.10703343e-01
   4.27578460e-01   4.28865419e-01   4.48401694e-01   5.12004034e-01
   5.33156576e-01   5.41699850e-01   5.96591028e-01   6.07683223e-01
   1.24619817e+00   1.25113823e+00   1.25361111e+00   1.25559871e+00
   1.25671632e+00   1.25942080e+00   1.26426677e+00   1.26640805e+00
   1.26647593e+00   1.26780435e+00   1.27197043e+00   1.27744746e+00
   1.27948471e+00   1.28089864e+00   1.28719603e+00   1.28904042e+00
   1.31751406e+00   1.32036560e+00   1.33668981e+00   1.34999790e+00
   1.46084951e+00   1.48718525e+00   1.50718103e+00   1.51155290e+00
   1.51428838e+00   1.54322240e+00   1.57060561e+00   1.57471441e+00
   1.58974801e+00   1.60631766e+00   1.63177053e+00   1.67886018e+00
   3.85850132e+00   4.12737598e+00   4.23327443e+00   4.31453793e+00
   6.18885621e+00   6.19036896e+00   6.19182308e+00   6.19341018e+00
   6.19514766e+00   6.19689944e+00   6.19850249e+00   6.20868236e+00
   6.21246437e+00   6.21353784e+00   6.21505475e+00   6.21786645e+00
   6.21791934e+00   6.21931227e+00   6.22426654e+00   6.22426938e+00
   6.23864575e+00   6.24065626e+00   6.24815200e+00   6.25169089e+00]
E_coul = 367.988982136468
cycle= 7 E= -647.41088640076  delta_E= -3.57e-07  |g|= 0.000153  |ddm|= 0.00235
    CPU time for cycle= 7      0.20 sec, wall time      0.20 sec
diis-norm(errvec)=0.000537706
diis-c [ -1.54147593e-07  -1.62782675e-04  -5.98338619e-03   3.92895855e-04
   6.40985559e-02  -8.59078490e-02  -6.90123628e-01   1.71768619e+00]
  HOMO = -0.140531863370107  LUMO = 0.000455800209532474
  mo_energy =
[ -4.04742529e+01  -4.04742470e+01  -4.04428869e+01  -4.04428854e+01
  -2.79548377e+00  -2.79537633e+00  -2.76453190e+00  -2.76453157e+00
  -1.51832031e+00  -1.51707704e+00  -1.51691471e+00  -1.51684575e+00
  -1.51664803e+00  -1.51661775e+00  -1.48479235e+00  -1.48479081e+00
  -1.48474629e+00  -1.48474609e+00  -1.48471371e+00  -1.48470953e+00
  -2.03415183e-01  -1.40531863e-01   4.55800210e-04   1.58147114e-02
   2.60866023e-02   4.32105209e-02   4.42864134e-02   4.79468414e-02
   5.54510519e-02   7.26724125e-02   7.52844512e-02   8.54425639e-02
   9.12617174e-02   9.18115776e-02   9.49280112e-02   1.08333305e-01
   1.20077574e-01   1.35683658e-01   1.39070356e-01   1.49618679e-01
   1.99517404e-01   2.00303458e-01   2.04162430e-01   2.17551535e-01
   2.29560955e-01   2.52962548e-01   2.57231078e-01   2.64498090e-01
   2.75952970e-01   2.80910732e-01   2.85484013e-01   2.87753802e-01
   3.03093466e-01   3.06336278e-01   3.18129682e-01   3.18827132e-01
   3.20806684e-01   3.35992235e-01   3.43793064e-01   3.54577533e-01
   3.63853067e-01   3.80771833e-01   4.03741752e-01   4.10727908e-01
   4.27597566e-01   4.28896953e-01   4.48423064e-01   5.12039184e-01
   5.33180340e-01   5.41718641e-01   5.96622767e-01   6.07717796e-01
   1.24623008e+00   1.25118055e+00   1.25365150e+00   1.25563804e+00
   1.25676106e+00   1.25945483e+00   1.26429328e+00   1.26641827e+00
   1.26649176e+00   1.26782163e+00   1.27198833e+00   1.27747696e+00
   1.27950262e+00   1.28093038e+00   1.28721310e+00   1.28905014e+00
   1.31752666e+00   1.32040088e+00   1.33671044e+00   1.35001858e+00
   1.46087951e+00   1.48722523e+00   1.50718918e+00   1.51157031e+00
   1.51430409e+00   1.54323588e+00   1.57064126e+00   1.57473909e+00
   1.58977683e+00   1.60635745e+00   1.63179676e+00   1.67888589e+00
   3.85852376e+00   4.12738715e+00   4.23330062e+00   4.31457613e+00
   6.18889218e+00   6.19040643e+00   6.19186097e+00   6.19344758e+00
   6.19518453e+00   6.19693414e+00   6.19853746e+00   6.20871585e+00
   6.21249074e+00   6.21356021e+00   6.21506225e+00   6.21787596e+00
   6.21793467e+00   6.21932881e+00   6.22427474e+00   6.22427905e+00
   6.23865659e+00   6.24066725e+00   6.24817123e+00   6.25170593e+00]
E_coul = 367.989259234841
cycle= 8 E= -647.410886551191  delta_E= -1.5e-07  |g|= 6.75e-05  |ddm|= 0.00199
    CPU time for cycle= 8      0.19 sec, wall time      0.19 sec
diis-norm(errvec)=0.000248267
diis-c [ -8.67635683e-09  -9.08416504e-05   6.25598808e-03  -5.86095338e-03
  -5.49034346e-02   1.66677478e-01   3.15245255e-01  -1.66576887e+00
   2.23844538e+00]
  HOMO = -0.14052877225668  LUMO = 0.000451083161366265
  mo_energy =
[ -4.04742620e+01  -4.04742561e+01  -4.04428924e+01  -4.04428909e+01
  -2.79549994e+00  -2.79539250e+00  -2.76453454e+00  -2.76453420e+00
  -1.51833635e+00  -1.51709233e+00  -1.51693071e+00  -1.51686103e+00
  -1.51666397e+00  -1.51663373e+00  -1.48479644e+00  -1.48479485e+00
  -1.48474884e+00  -1.48474863e+00  -1.48471648e+00  -1.48471230e+00
  -2.03422564e-01  -1.40528772e-01   4.51083161e-04   1.58096128e-02
   2.60812770e-02   4.32038534e-02   4.42824308e-02   4.79460951e-02
   5.54487979e-02   7.26663050e-02   7.52816922e-02   8.54397594e-02
   9.12597047e-02   9.18100645e-02   9.49219196e-02   1.08333028e-01
   1.20075064e-01   1.35682475e-01   1.39060466e-01   1.49616158e-01
   1.99516050e-01   2.00294724e-01   2.04150205e-01   2.17547441e-01
   2.29554401e-01   2.52957073e-01   2.57220902e-01   2.64488561e-01
   2.75952205e-01   2.80909689e-01   2.85473424e-01   2.87749866e-01
   3.03091274e-01   3.06329691e-01   3.18126669e-01   3.18825043e-01
   3.20797346e-01   3.35992412e-01   3.43786173e-01   3.54566332e-01
   3.63847600e-01   3.80767884e-01   4.03734501e-01   4.10718728e-01
   4.27593516e-01   4.28883766e-01   4.48415506e-01   5.12034658e-01
   5.33174331e-01   5.41705424e-01   5.96615349e-01   6.07702953e-01
   1.24621890e+00   1.25116277e+00   1.25363957e+00   1.25562283e+00
   1.25674394e+00   1.25943700e+00   1.26428916e+00   1.26641501e+00
   1.26648642e+00   1.26781170e+00   1.27198280e+00   1.27746561e+00
   1.27949515e+00   1.28091854e+00   1.28720717e+00   1.28904724e+00
   1.31752274e+00   1.32039993e+00   1.33669178e+00   1.35001327e+00
   1.46086754e+00   1.48720926e+00   1.50718574e+00   1.51156378e+00
   1.51430062e+00   1.54323121e+00   1.57063330e+00   1.57473006e+00
   1.58975997e+00   1.60635237e+00   1.63177777e+00   1.67887851e+00
   3.85851502e+00   4.12738412e+00   4.23329056e+00   4.31456053e+00
   6.18887696e+00   6.19039026e+00   6.19184498e+00   6.19343170e+00
   6.19516928e+00   6.19692037e+00   6.19852201e+00   6.20870191e+00
   6.21247987e+00   6.21355110e+00   6.21505935e+00   6.21787206e+00
   6.21792857e+00   6.21932193e+00   6.22427182e+00   6.22427536e+00
   6.23865259e+00   6.24066344e+00   6.24816357e+00   6.25169999e+00]
E_coul = 367.98917651292
cycle= 9 E= -647.410886588436  delta_E= -3.72e-08  |g|= 1.18e-05  |ddm|= 0.00145
    CPU time for cycle= 9      0.20 sec, wall time      0.20 sec
diis-norm(errvec)=3.26175e-05
diis-c [ -4.22353624e-10   1.25734321e+00  -8.60299787e-04   9.09937454e-04
   7.70869737e-03  -2.83970305e-02  -2.84837519e-02   2.46229293e-01
  -4.54450051e-01]
  HOMO = -0.140530330966051  LUMO = 0.000450986225655183
  mo_energy =
[ -4.04742671e+01  -4.04742612e+01  -4.04428889e+01  -4.04428874e+01
  -2.79550238e+00  -2.79539495e+00  -2.76453363e+00  -2.76453328e+00
  -1.51833912e+00  -1.51709516e+00  -1.51693334e+00  -1.51686387e+00
  -1.51666658e+00  -1.51663650e+00  -1.48479539e+00  -1.48479381e+00
  -1.48474774e+00  -1.48474753e+00  -1.48471535e+00  -1.48471118e+00
  -2.03424128e-01  -1.40530331e-01   4.50986226e-04   1.58100111e-02
   2.60810618e-02   4.32028409e-02   4.42817272e-02   4.79471357e-02
   5.54486043e-02   7.26658291e-02   7.52812944e-02   8.54394021e-02
   9.12598819e-02   9.18105948e-02   9.49220402e-02   1.08333293e-01
   1.20074744e-01   1.35682735e-01   1.39059542e-01   1.49615572e-01
   1.99516622e-01   2.00294772e-01   2.04148826e-01   2.17547086e-01
   2.29554590e-01   2.52956468e-01   2.57219921e-01   2.64488127e-01
   2.75952652e-01   2.80910040e-01   2.85472238e-01   2.87749919e-01
   3.03090978e-01   3.06329320e-01   3.18126758e-01   3.18825297e-01
   3.20796005e-01   3.35992362e-01   3.43785699e-01   3.54565529e-01
   3.63847261e-01   3.80768332e-01   4.03734157e-01   4.10717608e-01
   4.27593656e-01   4.28882818e-01   4.48415206e-01   5.12034521e-01
   5.33173667e-01   5.41704693e-01   5.96615578e-01   6.07702267e-01
   1.24621814e+00   1.25116114e+00   1.25363855e+00   1.25562157e+00
   1.25674231e+00   1.25943535e+00   1.26428910e+00   1.26641525e+00
   1.26648621e+00   1.26781118e+00   1.27198232e+00   1.27746447e+00
   1.27949486e+00   1.28091755e+00   1.28720686e+00   1.28904733e+00
   1.31752236e+00   1.32039983e+00   1.33668992e+00   1.35001276e+00
   1.46086658e+00   1.48720759e+00   1.50718633e+00   1.51156378e+00
   1.51430093e+00   1.54323116e+00   1.57063276e+00   1.57472966e+00
   1.58975821e+00   1.60635184e+00   1.63177620e+00   1.67887810e+00
   3.85851450e+00   4.12738479e+00   4.23328983e+00   4.31455868e+00
   6.18887471e+00   6.19038777e+00   6.19184249e+00   6.19342926e+00
   6.19516697e+00   6.19691837e+00   6.19851976e+00   6.20869995e+00
   6.21247871e+00   6.21355042e+00   6.21506034e+00   6.21787280e+00
   6.21792865e+00   6.21932188e+00   6.22427273e+00   6.22427608e+00
   6.23865318e+00   6.24066405e+00   6.24816322e+00   6.25170008e+00]
E_coul = 367.98913815318
cycle= 10 E= -647.410886588827  delta_E= -3.91e-10  |g|= 2.78e-06  |ddm|= 0.000167
    CPU time for cycle= 10      0.20 sec, wall time      0.20 sec
  HOMO = -0.140530516151597  LUMO = 0.000450766036455678
  mo_energy =
[ -4.04742675e+01  -4.04742616e+01  -4.04428913e+01  -4.04428898e+01
  -2.79550314e+00  -2.79539570e+00  -2.76453469e+00  -2.76453434e+00
  -1.51833991e+00  -1.51709596e+00  -1.51693409e+00  -1.51686466e+00
  -1.51666733e+00  -1.51663729e+00  -1.48479641e+00  -1.48479484e+00
  -1.48474878e+00  -1.48474857e+00  -1.48471641e+00  -1.48471223e+00
  -2.03424418e-01  -1.40530516e-01   4.50766036e-04   1.58098618e-02
   2.60807216e-02   4.32025329e-02   4.42815034e-02   4.79470505e-02
   5.54484684e-02   7.26655541e-02   7.52811168e-02   8.54392508e-02
   9.12598165e-02   9.18105730e-02   9.49218004e-02   1.08333219e-01
   1.20074639e-01   1.35682515e-01   1.39059197e-01   1.49615153e-01
   1.99516315e-01   2.00294230e-01   2.04148257e-01   2.17546675e-01
   2.29554191e-01   2.52956140e-01   2.57219405e-01   2.64487740e-01
   2.75952496e-01   2.80909974e-01   2.85471702e-01   2.87749588e-01
   3.03090794e-01   3.06328951e-01   3.18126583e-01   3.18825133e-01
   3.20795578e-01   3.35992259e-01   3.43785355e-01   3.54564980e-01
   3.63846915e-01   3.80768061e-01   4.03733804e-01   4.10717098e-01
   4.27593222e-01   4.28882191e-01   4.48414808e-01   5.12033945e-01
   5.33173222e-01   5.41704072e-01   5.96614873e-01   6.07701374e-01
   1.24621747e+00   1.25116031e+00   1.25363779e+00   1.25562078e+00
   1.25674150e+00   1.25943454e+00   1.26428859e+00   1.26641489e+00
   1.26648576e+00   1.26781065e+00   1.27198182e+00   1.27746390e+00
   1.27949437e+00   1.28091682e+00   1.28720640e+00   1.28904696e+00
   1.31752195e+00   1.32039925e+00   1.33668928e+00   1.35001227e+00
   1.46086583e+00   1.48720677e+00   1.50718576e+00   1.51156314e+00
   1.51430023e+00   1.54323054e+00   1.57063196e+00   1.57472888e+00
   1.58975742e+00   1.60635110e+00   1.63177536e+00   1.67887741e+00
   3.85851364e+00   4.12738387e+00   4.23328896e+00   4.31455785e+00
   6.18887391e+00   6.19038699e+00   6.19184171e+00   6.19342848e+00
   6.19516618e+00   6.19691756e+00   6.19851894e+00   6.20869912e+00
   6.21247784e+00   6.21354952e+00   6.21505935e+00   6.21787183e+00
   6.21792770e+00   6.21932095e+00   6.22427172e+00   6.22427509e+00
   6.23865219e+00   6.24066305e+00   6.24816229e+00   6.25169912e+00]
E_coul = 367.989143824239
Extra cycle  E= -647.410886588834  delta_E= -7.5e-12  |g|= 9.69e-07  |ddm|= 2.66e-05
    CPU time for scf_cycle      4.64 sec, wall time      5.04 sec
    CPU time for SCF      4.65 sec, wall time      5.04 sec
converged SCF energy = -647.410886588834
RHF E = -647.410886589
RHF eps = [ -4.04742675e+01  -4.04742616e+01  -4.04428913e+01  -4.04428898e+01
  -2.79550314e+00  -2.79539570e+00  -2.76453469e+00  -2.76453434e+00
  -1.51833991e+00  -1.51709596e+00  -1.51693409e+00  -1.51686466e+00
  -1.51666733e+00  -1.51663729e+00  -1.48479641e+00  -1.48479484e+00
  -1.48474878e+00  -1.48474857e+00  -1.48471641e+00  -1.48471223e+00
  -2.03424418e-01  -1.40530516e-01   4.50766036e-04   1.58098618e-02
   2.60807216e-02   4.32025329e-02   4.42815034e-02   4.79470505e-02
   5.54484684e-02   7.26655541e-02   7.52811168e-02   8.54392508e-02
   9.12598165e-02   9.18105730e-02   9.49218004e-02   1.08333219e-01
   1.20074639e-01   1.35682515e-01   1.39059197e-01   1.49615153e-01
   1.99516315e-01   2.00294230e-01   2.04148257e-01   2.17546675e-01
   2.29554191e-01   2.52956140e-01   2.57219405e-01   2.64487740e-01
   2.75952496e-01   2.80909974e-01   2.85471702e-01   2.87749588e-01
   3.03090794e-01   3.06328951e-01   3.18126583e-01   3.18825133e-01
   3.20795578e-01   3.35992259e-01   3.43785355e-01   3.54564980e-01
   3.63846915e-01   3.80768061e-01   4.03733804e-01   4.10717098e-01
   4.27593222e-01   4.28882191e-01   4.48414808e-01   5.12033945e-01
   5.33173222e-01   5.41704072e-01   5.96614873e-01   6.07701374e-01
   1.24621747e+00   1.25116031e+00   1.25363779e+00   1.25562078e+00
   1.25674150e+00   1.25943454e+00   1.26428859e+00   1.26641489e+00
   1.26648576e+00   1.26781065e+00   1.27198182e+00   1.27746390e+00
   1.27949437e+00   1.28091682e+00   1.28720640e+00   1.28904696e+00
   1.31752195e+00   1.32039925e+00   1.33668928e+00   1.35001227e+00
   1.46086583e+00   1.48720677e+00   1.50718576e+00   1.51156314e+00
   1.51430023e+00   1.54323054e+00   1.57063196e+00   1.57472888e+00
   1.58975742e+00   1.60635110e+00   1.63177536e+00   1.67887741e+00
   3.85851364e+00   4.12738387e+00   4.23328896e+00   4.31455785e+00
   6.18887391e+00   6.19038699e+00   6.19184171e+00   6.19342848e+00
   6.19516618e+00   6.19691756e+00   6.19851894e+00   6.20869912e+00
   6.21247784e+00   6.21354952e+00   6.21505935e+00   6.21787183e+00
   6.21792770e+00   6.21932095e+00   6.22427172e+00   6.22427509e+00
   6.23865219e+00   6.24066305e+00   6.24816229e+00   6.25169912e+00]
NOT DF!
    CPU time for transforming oopq, ovpq     16.25 sec, wall time     16.28 sec
    CPU time for transforming vvvv     37.59 sec, wall time     37.65 sec
    CPU time for CCSD integral transformation     54.03 sec, wall time     54.12 sec

******** <class 'pyscf.cc.rccsd.RCCSD'> flags ********
CCSD nocc = 18, nvir = 106
frozen orbitals [0, 1, 2, 3]
max_cycle = 200
direct = 0
conv_tol = 1e-07
conv_tol_normt = 1e-05
diis_space = 6
diis_start_cycle = 0
diis_start_energy_diff = 1e+09
max_memory 4000 MB (current use 390 MB)
Init t2, MP2 energy = -0.703593468769407
    CPU time for init mp2      0.10 sec, wall time      0.11 sec
    CPU time for vvvv-tau      0.02 sec, wall time      0.01 sec
    CPU time for vvvv [0:106]      0.53 sec, wall time      0.54 sec
    CPU time for vvvv     22.35 sec, wall time     22.36 sec
    CPU time for woooo      0.01 sec, wall time      0.02 sec
max_memory 3544 MB,  nocc,nvir = 18,106  blksize = 18,13
    CPU time for ovvv [0:18]      9.96 sec, wall time      9.96 sec
    CPU time for wOVov [0:18]     15.78 sec, wall time     15.77 sec
    CPU time for woVoV [0:18]      9.53 sec, wall time      9.53 sec
    CPU time for contract occ [0:18]     43.82 sec, wall time     43.83 sec
    CPU time for contract loop     66.19 sec, wall time     66.21 sec
    CPU time for update t1 t2     66.70 sec, wall time     66.72 sec
istep = 0  E(CCSD) = -0.723784569471633  dE = -0.723784569  norm(t1,t2) = 0.122514
    CPU time for CCSD iter     66.85 sec, wall time     66.86 sec
    CPU time for vvvv-tau      0.00 sec, wall time      0.01 sec
    CPU time for vvvv [0:106]      0.53 sec, wall time      0.53 sec
    CPU time for vvvv     22.21 sec, wall time     22.23 sec
    CPU time for woooo      0.03 sec, wall time      0.01 sec
max_memory 3543 MB,  nocc,nvir = 18,106  blksize = 18,13
    CPU time for ovvv [0:18]     10.00 sec, wall time     10.01 sec
    CPU time for wOVov [0:18]     15.82 sec, wall time     15.83 sec
    CPU time for woVoV [0:18]      9.54 sec, wall time      9.54 sec
    CPU time for contract occ [0:18]     43.96 sec, wall time     43.98 sec
    CPU time for contract loop     66.21 sec, wall time     66.23 sec
    CPU time for update t1 t2     66.69 sec, wall time     66.72 sec
DIIS for step 1
istep = 1  E(CCSD) = -0.733833715789131  dE = -0.0100491463  norm(t1,t2) = 0.051501
    CPU time for CCSD iter     66.85 sec, wall time     66.88 sec
    CPU time for vvvv-tau      0.01 sec, wall time      0.01 sec
    CPU time for vvvv [0:106]      0.53 sec, wall time      0.52 sec
    CPU time for vvvv     22.28 sec, wall time     22.28 sec
    CPU time for woooo      0.02 sec, wall time      0.01 sec
max_memory 3529 MB,  nocc,nvir = 18,106  blksize = 18,9
    CPU time for ovvv [0:18]      9.62 sec, wall time      9.62 sec
    CPU time for wOVov [0:18]     15.91 sec, wall time     15.92 sec
    CPU time for woVoV [0:18]      9.61 sec, wall time      9.61 sec
    CPU time for contract occ [0:18]     43.87 sec, wall time     43.88 sec
    CPU time for contract loop     66.18 sec, wall time     66.19 sec
    CPU time for update t1 t2     66.66 sec, wall time     66.67 sec
diis-c [ -3.51468309e-04   1.00000000e+00]
DIIS for step 2
istep = 2  E(CCSD) = -0.735331143680211  dE = -0.00149742789  norm(t1,t2) = 0.0283193
    CPU time for CCSD iter     66.81 sec, wall time     66.83 sec
    CPU time for vvvv-tau      0.00 sec, wall time      0.01 sec
    CPU time for vvvv [0:106]      0.48 sec, wall time      0.48 sec
    CPU time for vvvv     22.29 sec, wall time     22.29 sec
    CPU time for woooo      0.01 sec, wall time      0.01 sec
max_memory 3476 MB,  nocc,nvir = 18,106  blksize = 18,4
    CPU time for ovvv [0:18]     10.42 sec, wall time     10.42 sec
    CPU time for wOVov [0:18]     15.97 sec, wall time     15.98 sec
    CPU time for woVoV [0:18]      9.54 sec, wall time      9.54 sec
    CPU time for contract occ [0:18]     44.58 sec, wall time     44.59 sec
    CPU time for contract loop     66.89 sec, wall time     66.90 sec
    CPU time for update t1 t2     67.38 sec, wall time     67.39 sec
diis-c [ -4.02071001e-05  -1.15906631e+00   2.15906631e+00]
DIIS for step 3
istep = 3  E(CCSD) = -0.737535043974452  dE = -0.00220390029  norm(t1,t2) = 0.0165409
    CPU time for CCSD iter     67.57 sec, wall time     67.58 sec
    CPU time for vvvv-tau      0.00 sec, wall time      0.01 sec
    CPU time for vvvv [0:106]      0.53 sec, wall time      0.52 sec
    CPU time for vvvv     22.23 sec, wall time     22.23 sec
    CPU time for woooo      0.01 sec, wall time      0.02 sec
max_memory 3446 MB,  nocc,nvir = 18,106  blksize = 18,4
    CPU time for ovvv [0:18]     10.25 sec, wall time     10.25 sec
    CPU time for wOVov [0:18]     15.89 sec, wall time     15.90 sec
    CPU time for woVoV [0:18]      9.64 sec, wall time      9.64 sec
    CPU time for contract occ [0:18]     44.48 sec, wall time     44.50 sec
    CPU time for contract loop     66.73 sec, wall time     66.75 sec
    CPU time for update t1 t2     67.24 sec, wall time     67.25 sec
diis-c [ -6.57660060e-06  -3.56478829e-01   5.09099065e-01   8.47379764e-01]
DIIS for step 4
istep = 4  E(CCSD) = -0.737451000380317  dE = 8.40435941e-05  norm(t1,t2) = 0.00476625
    CPU time for CCSD iter     67.44 sec, wall time     67.45 sec
    CPU time for vvvv-tau      0.00 sec, wall time      0.01 sec
    CPU time for vvvv [0:106]      0.52 sec, wall time      0.52 sec
    CPU time for vvvv     22.51 sec, wall time     22.52 sec
    CPU time for woooo      0.02 sec, wall time      0.02 sec
max_memory 3417 MB,  nocc,nvir = 18,106  blksize = 18,4
    CPU time for ovvv [0:18]     10.42 sec, wall time     10.42 sec
    CPU time for wOVov [0:18]     15.89 sec, wall time     15.90 sec
    CPU time for woVoV [0:18]      9.51 sec, wall time      9.51 sec
    CPU time for contract occ [0:18]     44.48 sec, wall time     44.49 sec
    CPU time for contract loop     67.02 sec, wall time     67.04 sec
    CPU time for update t1 t2     67.51 sec, wall time     67.53 sec
diis-c [ -8.35870994e-07   3.91616809e-01  -6.54880966e-01  -4.55683099e-01
   1.71894726e+00]
DIIS for step 5
istep = 5  E(CCSD) = -0.737252843475641  dE = 0.000198156905  norm(t1,t2) = 0.00209523
    CPU time for CCSD iter     67.72 sec, wall time     67.74 sec
    CPU time for vvvv-tau      0.01 sec, wall time      0.01 sec
    CPU time for vvvv [0:106]      0.51 sec, wall time      0.52 sec
    CPU time for vvvv     22.35 sec, wall time     22.37 sec
    CPU time for woooo      0.02 sec, wall time      0.02 sec
max_memory 3387 MB,  nocc,nvir = 18,106  blksize = 18,4
    CPU time for ovvv [0:18]     10.31 sec, wall time     10.32 sec
    CPU time for wOVov [0:18]     15.90 sec, wall time     15.90 sec
    CPU time for woVoV [0:18]      9.53 sec, wall time      9.53 sec
    CPU time for contract occ [0:18]     44.40 sec, wall time     44.41 sec
    CPU time for contract loop     66.78 sec, wall time     66.80 sec
    CPU time for update t1 t2     67.29 sec, wall time     67.31 sec
diis-c [ -2.03862149e-07   3.04810799e-02  -3.99696448e-02  -1.11852394e-01
  -7.94276305e-02   1.20076859e+00]
DIIS for step 6
istep = 6  E(CCSD) = -0.737312721794903  dE = -5.98783193e-05  norm(t1,t2) = 0.000774059
    CPU time for CCSD iter     67.49 sec, wall time     67.52 sec
    CPU time for vvvv-tau      0.01 sec, wall time      0.01 sec
    CPU time for vvvv [0:106]      0.54 sec, wall time      0.54 sec
    CPU time for vvvv     22.51 sec, wall time     22.50 sec
    CPU time for woooo      0.01 sec, wall time      0.02 sec
max_memory 3358 MB,  nocc,nvir = 18,106  blksize = 18,4
    CPU time for ovvv [0:18]     10.40 sec, wall time     10.40 sec
    CPU time for wOVov [0:18]     15.84 sec, wall time     15.85 sec
    CPU time for woVoV [0:18]      9.52 sec, wall time      9.52 sec
    CPU time for contract occ [0:18]     44.33 sec, wall time     44.34 sec
    CPU time for contract loop     66.86 sec, wall time     66.86 sec
    CPU time for update t1 t2     67.35 sec, wall time     67.36 sec
diis-c [ -2.72039193e-08  -1.19338293e-01   1.99522348e-01   1.63647842e-01
  -4.31626407e-01  -5.20682830e-01   1.70847734e+00]
DIIS for step 7
istep = 7  E(CCSD) = -0.737329512476762  dE = -1.67906819e-05  norm(t1,t2) = 0.000392423
    CPU time for CCSD iter     67.56 sec, wall time     67.57 sec
    CPU time for vvvv-tau      0.01 sec, wall time      0.01 sec
    CPU time for vvvv [0:106]      0.49 sec, wall time      0.50 sec
    CPU time for vvvv     22.45 sec, wall time     22.45 sec
    CPU time for woooo      0.01 sec, wall time      0.02 sec
max_memory 3329 MB,  nocc,nvir = 18,106  blksize = 18,4
    CPU time for ovvv [0:18]     10.37 sec, wall time     10.37 sec
    CPU time for wOVov [0:18]     15.98 sec, wall time     15.99 sec
    CPU time for woVoV [0:18]      9.61 sec, wall time      9.61 sec
    CPU time for contract occ [0:18]     44.63 sec, wall time     44.64 sec
    CPU time for contract loop     67.10 sec, wall time     67.12 sec
    CPU time for update t1 t2     67.60 sec, wall time     67.61 sec
diis-c [ -6.45299622e-09   1.20518382e+00  -1.25318226e-03   5.89167441e-03
   2.28254254e-02  -8.35768492e-02  -1.49070887e-01]
DIIS for step 8
istep = 8  E(CCSD) = -0.737321805693373  dE = 7.70678339e-06  norm(t1,t2) = 0.00014262
    CPU time for CCSD iter     67.80 sec, wall time     67.81 sec
    CPU time for vvvv-tau      0.01 sec, wall time      0.01 sec
    CPU time for vvvv [0:106]      0.46 sec, wall time      0.46 sec
    CPU time for vvvv     22.44 sec, wall time     22.45 sec
    CPU time for woooo      0.01 sec, wall time      0.01 sec
max_memory 3338 MB,  nocc,nvir = 18,106  blksize = 18,4
    CPU time for ovvv [0:18]     10.34 sec, wall time     10.34 sec
    CPU time for wOVov [0:18]     15.95 sec, wall time     15.95 sec
    CPU time for woVoV [0:18]      9.68 sec, wall time      9.68 sec
    CPU time for contract occ [0:18]     44.67 sec, wall time     44.68 sec
    CPU time for contract loop     67.12 sec, wall time     67.15 sec
    CPU time for update t1 t2     67.61 sec, wall time     67.63 sec
diis-c [ -1.50660037e-09  -8.25114259e-01   1.76491230e+00  -3.72887329e-03
  -1.47882314e-02   8.13769454e-02  -2.65787928e-03]
DIIS for step 9
istep = 9  E(CCSD) = -0.737320612955464  dE = 1.19273791e-06  norm(t1,t2) = 8.0175e-05
    CPU time for CCSD iter     67.79 sec, wall time     67.81 sec
    CPU time for vvvv-tau      0.01 sec, wall time      0.01 sec
    CPU time for vvvv [0:106]      0.48 sec, wall time      0.48 sec
    CPU time for vvvv     22.39 sec, wall time     22.39 sec
    CPU time for woooo      0.02 sec, wall time      0.01 sec
max_memory 3338 MB,  nocc,nvir = 18,106  blksize = 18,4
    CPU time for ovvv [0:18]     10.25 sec, wall time     10.25 sec
    CPU time for wOVov [0:18]     15.86 sec, wall time     15.87 sec
    CPU time for woVoV [0:18]      9.64 sec, wall time      9.65 sec
    CPU time for contract occ [0:18]     44.50 sec, wall time     44.52 sec
    CPU time for contract loop     66.92 sec, wall time     66.94 sec
    CPU time for update t1 t2     67.42 sec, wall time     67.44 sec
diis-c [ -4.09549450e-10  -2.49177444e-01   9.63438240e-03   1.20189160e+00
  -4.39301007e-03   9.62109501e-03   3.24233777e-02]
DIIS for step 10
istep = 10  E(CCSD) = -0.737318683047556  dE = 1.92990791e-06  norm(t1,t2) = 3.91241e-05
    CPU time for CCSD iter     67.62 sec, wall time     67.66 sec
    CPU time for vvvv-tau      0.01 sec, wall time      0.01 sec
    CPU time for vvvv [0:106]      0.54 sec, wall time      0.54 sec
    CPU time for vvvv     22.72 sec, wall time     22.72 sec
    CPU time for woooo      0.01 sec, wall time      0.02 sec
max_memory 3338 MB,  nocc,nvir = 18,106  blksize = 18,4
    CPU time for ovvv [0:18]     10.44 sec, wall time     10.44 sec
    CPU time for wOVov [0:18]     16.06 sec, wall time     16.07 sec
    CPU time for woVoV [0:18]      9.71 sec, wall time      9.71 sec
    CPU time for contract occ [0:18]     44.92 sec, wall time     44.94 sec
    CPU time for contract loop     67.66 sec, wall time     67.68 sec
    CPU time for update t1 t2     68.16 sec, wall time     68.18 sec
diis-c [ -1.14334792e-10   1.83587893e-01  -2.38772622e-01  -6.06821869e-01
   1.68102545e+00  -1.79573718e-03  -1.72231159e-02]
DIIS for step 11
istep = 11  E(CCSD) = -0.737319865965543  dE = -1.18291799e-06  norm(t1,t2) = 2.1015e-05
    CPU time for CCSD iter     68.35 sec, wall time     68.37 sec
    CPU time for vvvv-tau      0.00 sec, wall time      0.01 sec
    CPU time for vvvv [0:106]      0.54 sec, wall time      0.53 sec
    CPU time for vvvv     22.63 sec, wall time     22.63 sec
    CPU time for woooo      0.01 sec, wall time      0.02 sec
max_memory 3338 MB,  nocc,nvir = 18,106  blksize = 18,4
    CPU time for ovvv [0:18]     10.47 sec, wall time     10.47 sec
    CPU time for wOVov [0:18]     16.03 sec, wall time     16.04 sec
    CPU time for woVoV [0:18]      9.71 sec, wall time      9.71 sec
    CPU time for contract occ [0:18]     44.93 sec, wall time     44.95 sec
    CPU time for contract loop     67.58 sec, wall time     67.60 sec
    CPU time for update t1 t2     68.08 sec, wall time     68.11 sec
diis-c [ -4.85092522e-11  -8.79798272e-03   8.48308537e-02  -1.36067001e-01
  -3.37997492e-01   1.39941859e+00  -1.38696978e-03]
DIIS for step 12
istep = 12  E(CCSD) = -0.737319782263684  dE = 8.37018591e-08  norm(t1,t2) = 1.20633e-05
    CPU time for CCSD iter     68.27 sec, wall time     68.29 sec
    CPU time for vvvv-tau      0.01 sec, wall time      0.01 sec
    CPU time for vvvv [0:106]      0.46 sec, wall time      0.46 sec
    CPU time for vvvv     22.57 sec, wall time     22.57 sec
    CPU time for woooo      0.01 sec, wall time      0.01 sec
max_memory 3338 MB,  nocc,nvir = 18,106  blksize = 18,4
    CPU time for ovvv [0:18]     10.41 sec, wall time     10.41 sec
    CPU time for wOVov [0:18]     16.02 sec, wall time     16.03 sec
    CPU time for woVoV [0:18]      9.68 sec, wall time      9.69 sec
    CPU time for contract occ [0:18]     44.80 sec, wall time     44.81 sec
    CPU time for contract loop     67.39 sec, wall time     67.41 sec
    CPU time for update t1 t2     67.89 sec, wall time     67.90 sec
diis-c [ -1.69722292e-11  -2.51492240e-02   2.62823600e-02   1.66768233e-01
  -3.03629958e-01  -6.33593380e-01   1.76932197e+00]
DIIS for step 13
istep = 13  E(CCSD) = -0.737319652880464  dE = 1.29383219e-07  norm(t1,t2) = 7.88041e-06
    CPU time for CCSD iter     68.06 sec, wall time     68.08 sec
    CPU time for vvvv-tau      0.01 sec, wall time      0.01 sec
    CPU time for vvvv [0:106]      0.54 sec, wall time      0.53 sec
    CPU time for vvvv     22.64 sec, wall time     22.64 sec
    CPU time for woooo      0.02 sec, wall time      0.02 sec
max_memory 3338 MB,  nocc,nvir = 18,106  blksize = 18,4
    CPU time for ovvv [0:18]     10.48 sec, wall time     10.49 sec
    CPU time for wOVov [0:18]     16.10 sec, wall time     16.09 sec
    CPU time for woVoV [0:18]      9.68 sec, wall time      9.69 sec
    CPU time for contract occ [0:18]     44.94 sec, wall time     44.96 sec
    CPU time for contract loop     67.61 sec, wall time     67.62 sec
    CPU time for update t1 t2     68.11 sec, wall time     68.13 sec
diis-c [ -4.86422014e-12   1.34267362e+00  -2.88857880e-02   8.43796729e-02
   6.93010269e-02  -5.14759225e-01   4.72906890e-02]
DIIS for step 14
istep = 14  E(CCSD) = -0.737319528428715  dE = 1.24451749e-07  norm(t1,t2) = 4.36701e-06
    CPU time for CCSD iter     68.33 sec, wall time     68.34 sec
    CPU time for vvvv-tau      0.01 sec, wall time      0.01 sec
    CPU time for vvvv [0:106]      0.55 sec, wall time      0.54 sec
    CPU time for vvvv     22.74 sec, wall time     22.75 sec
    CPU time for woooo      0.02 sec, wall time      0.02 sec
max_memory 3328 MB,  nocc,nvir = 18,106  blksize = 18,4
    CPU time for ovvv [0:18]     10.43 sec, wall time     10.43 sec
    CPU time for wOVov [0:18]     16.07 sec, wall time     16.08 sec
    CPU time for woVoV [0:18]      9.71 sec, wall time      9.71 sec
    CPU time for contract occ [0:18]     44.93 sec, wall time     44.94 sec
    CPU time for contract loop     67.70 sec, wall time     67.72 sec
    CPU time for update t1 t2     68.19 sec, wall time     68.21 sec
diis-c [ -1.38142275e-12  -5.46285592e-01   1.55213854e+00  -1.08044029e-03
  -3.77922296e-02   2.23321274e-01  -1.90301549e-01]
DIIS for step 15
istep = 15  E(CCSD) = -0.73731951397803  dE = 1.4450685e-08  norm(t1,t2) = 2.1171e-06
    CPU time for CCSD iter     68.38 sec, wall time     68.41 sec
    CPU time for CCSD   1082.89 sec, wall time   1083.22 sec
CCSD converged
E(CCSD) = -648.1482061028124  E_corr = -0.7373195139780301
    CPU time for EOM-CCSD shared one-electron intermediates      0.47 sec, wall time      0.46 sec
    CPU time for EOM-CCSD shared two-electron intermediates      4.22 sec, wall time      4.22 sec
    CPU time for EOM-CCSD IP intermediates      5.47 sec, wall time      5.47 sec
tol 1e-07  toloose 0.000316228
max_cycle 200  max_space 309  max_memory 2000  incore True
davidson 0 3  |r|= 0.635  e= [ 0.17392089  0.23636891  1.54220062]  max|de|= 1.54  lindep=    1
davidson 1 6  |r|= 0.0961  e= [ 0.15677435  0.20710327  1.37164792]  max|de|= -0.171  lindep= 0.977
davidson 2 9  |r|= 0.116  e= [ 0.15618272  0.20580519  1.37572731]  max|de|= 0.00408  lindep= 0.589
davidson 3 12  |r|= 0.474  e= [ 0.15623067  0.20571956  1.29322369]  max|de|= -0.0825  lindep= 0.815
davidson 4 15  |r|= 0.0917  e= [ 0.15623773  0.20561061  1.35183163]  max|de|= 0.0586  lindep= 0.862
davidson 5 18  |r|= 0.126  e= [ 0.15623884  0.20555971  1.35645028]  max|de|= 0.00462  lindep= 0.632
root 0 converged  |r|= 3.8e-05  e= 0.156238922782  max|de|= 8.77e-08
davidson 6 21  |r|= 0.25  e= [ 0.15623892  0.20555045  1.36088544]  max|de|= 0.00444  lindep= 0.677
davidson 7 23  |r|= 0.156  e= [ 0.15623892  0.20554882  1.34992884]  max|de|= -0.011  lindep= 0.669
davidson 8 25  |r|=  0.2  e= [ 0.15623892  0.2055495   1.33880378]  max|de|= -0.0111  lindep= 0.723
davidson 9 27  |r|= 0.282  e= [ 0.15623892  0.20554934  1.35505123]  max|de|= 0.0162  lindep= 0.651
root 1 converged  |r|= 7.96e-06  e= 0.20554939907  max|de|= 6.11e-08
davidson 10 29  |r|= 0.0372  e= [ 0.15623892  0.2055494   1.34574862]  max|de|= -0.0093  lindep= 0.901
davidson 11 30  |r|= 0.0348  e= [ 0.15623892  0.2055494   1.34669181]  max|de|= 0.000943  lindep= 0.757
davidson 12 31  |r|= 0.101  e= [ 0.15623892  0.2055494   1.34965455]  max|de|= 0.00296  lindep= 0.671
davidson 13 32  |r|= 0.0371  e= [ 0.15623892  0.2055494   1.34506522]  max|de|= -0.00459  lindep= 0.756
davidson 14 33  |r|= 0.0461  e= [ 0.15623892  0.20554941  1.34667152]  max|de|= 0.00161  lindep= 0.68
davidson 15 34  |r|= 0.0248  e= [ 0.15623892  0.20554941  1.34516611]  max|de|= -0.00151  lindep= 0.842
davidson 16 35  |r|= 0.0191  e= [ 0.15623892  0.20554941  1.34556788]  max|de|= 0.000402  lindep= 0.714
davidson 17 36  |r|= 0.0336  e= [ 0.15623892  0.20554941  1.34623406]  max|de|= 0.000666  lindep= 0.704
davidson 18 37  |r|= 0.0403  e= [ 0.15623892  0.20554942  1.34413935]  max|de|= -0.00209  lindep= 0.829
davidson 19 38  |r|= 0.0204  e= [ 0.15623892  0.20554942  1.34485239]  max|de|= 0.000713  lindep= 0.822
davidson 20 39  |r|= 0.0253  e= [ 0.15623892  0.20554942  1.34496409]  max|de|= 0.000112  lindep= 0.628
davidson 21 40  |r|= 0.0705  e= [ 0.15623892  0.20554942  1.34492222]  max|de|= -4.19e-05  lindep= 0.695
davidson 22 41  |r|= 0.0125  e= [ 0.15623891  0.20554942  1.34497377]  max|de|= 5.15e-05  lindep= 0.788
davidson 23 42  |r|= 0.0107  e= [ 0.15623891  0.20554942  1.34494808]  max|de|= -2.57e-05  lindep= 0.812
davidson 24 43  |r|= 0.0211  e= [ 0.15623891  0.20554942  1.34474085]  max|de|= -0.000207  lindep= 0.628
davidson 25 44  |r|= 0.0109  e= [ 0.1562389   0.20554942  1.34532348]  max|de|= 0.000583  lindep= 0.807
davidson 26 45  |r|= 0.00657  e= [ 0.1562389   0.20554942  1.34519627]  max|de|= -0.000127  lindep= 0.801
davidson 27 46  |r|= 0.0125  e= [ 0.15623889  0.20554942  1.34508691]  max|de|= -0.000109  lindep= 0.722
davidson 28 47  |r|= 0.00912  e= [ 0.15623887  0.20554942  1.34532631]  max|de|= 0.000239  lindep= 0.761
davidson 29 48  |r|= 0.00515  e= [ 0.15623886  0.20554942  1.34525324]  max|de|= -7.31e-05  lindep= 0.785
davidson 30 49  |r|= 0.0141  e= [ 0.15623885  0.20554942  1.34521858]  max|de|= -3.47e-05  lindep= 0.679
davidson 31 50  |r|= 0.00465  e= [ 0.15623885  0.20554942  1.34528041]  max|de|= 6.18e-05  lindep= 0.832
davidson 32 51  |r|= 0.00395  e= [ 0.15623884  0.20554942  1.34531027]  max|de|= 2.99e-05  lindep= 0.772
davidson 33 52  |r|= 0.0101  e= [ 0.15623885  0.20554942  1.34551206]  max|de|= 0.000202  lindep= 0.744
davidson 34 53  |r|= 0.00612  e= [ 0.15623884  0.20554942  1.34506751]  max|de|= -0.000445  lindep= 0.778
davidson 35 54  |r|= 0.0029  e= [ 0.15623884  0.20554942  1.34519659]  max|de|= 0.000129  lindep= 0.83
davidson 36 55  |r|= 0.00474  e= [ 0.15623884  0.20554943  1.34529286]  max|de|= 9.63e-05  lindep= 0.725
davidson 37 56  |r|= 0.00643  e= [ 0.15623884  0.20554943  1.34492217]  max|de|= -0.000371  lindep= 0.77
davidson 38 57  |r|= 0.0021  e= [ 0.15623884  0.20554943  1.34509553]  max|de|= 0.000173  lindep= 0.806
davidson 39 58  |r|= 0.00417  e= [ 0.15623884  0.20554943  1.34514228]  max|de|= 4.67e-05  lindep= 0.764
davidson 40 59  |r|= 0.0034  e= [ 0.15623884  0.20554944  1.34506367]  max|de|= -7.86e-05  lindep=  0.8
davidson 41 60  |r|= 0.00176  e= [ 0.15623883  0.20554944  1.34508033]  max|de|= 1.67e-05  lindep= 0.828
davidson 42 61  |r|= 0.00242  e= [ 0.1562388   0.20554944  1.3450593 ]  max|de|= -2.1e-05  lindep= 0.702
davidson 43 62  |r|= 0.00482  e= [ 0.15623876  0.20554944  1.34523942]  max|de|= 0.00018  lindep= 0.781
davidson 44 63  |r|= 0.00135  e= [ 0.15623873  0.20554944  1.34514427]  max|de|= -9.52e-05  lindep= 0.852
davidson 45 64  |r|= 0.00198  e= [ 0.15623873  0.20554944  1.34512961]  max|de|= -1.47e-05  lindep= 0.705
davidson 46 65  |r|= 0.00346  e= [ 0.15623873  0.20554944  1.34518453]  max|de|= 5.49e-05  lindep= 0.789
davidson 47 66  |r|= 0.00137  e= [ 0.15623874  0.20554944  1.34516167]  max|de|= -2.29e-05  lindep= 0.758
davidson 48 67  |r|= 0.00207  e= [ 0.15623875  0.20554944  1.34517014]  max|de|= 8.47e-06  lindep= 0.702
davidson 49 68  |r|= 0.00328  e= [ 0.15623876  0.20554944  1.34510723]  max|de|= -6.29e-05  lindep= 0.817
davidson 50 69  |r|= 0.0014  e= [ 0.15623877  0.20554944  1.34513277]  max|de|= 2.55e-05  lindep= 0.78
davidson 51 70  |r|= 0.00184  e= [ 0.15623877  0.20554944  1.34514211]  max|de|= 9.35e-06  lindep= 0.76
davidson 52 71  |r|= 0.0833  e= [ 0.15623877  0.20554944  1.34583685]  max|de|= 0.000695  lindep= 0.746
davidson 53 72  |r|= 0.00158  e= [ 0.15623875  0.20554943  1.34511467]  max|de|= -0.000722  lindep= 0.834
davidson 54 73  |r|= 0.00149  e= [ 0.15623874  0.20554943  1.34511291]  max|de|= -1.77e-06  lindep= 0.657
davidson 55 74  |r|= 0.0256  e= [ 0.15623873  0.20554943  1.34549973]  max|de|= 0.000387  lindep= 0.821
davidson 56 75  |r|= 0.00175  e= [ 0.15623872  0.20554943  1.34514978]  max|de|= -0.00035  lindep= 0.819
davidson 57 76  |r|= 0.002  e= [ 0.15623871  0.20554944  1.34512816]  max|de|= -2.16e-05  lindep= 0.728
davidson 58 77  |r|= 0.0139  e= [ 0.15623871  0.20554944  1.34541428]  max|de|= 0.000286  lindep= 0.753
davidson 59 78  |r|= 0.00137  e= [ 0.1562387   0.20554944  1.34517683]  max|de|= -0.000237  lindep= 0.859
davidson 60 79  |r|= 0.00148  e= [ 0.15623871  0.20554944  1.34516769]  max|de|= -9.13e-06  lindep= 0.712
davidson 61 80  |r|= 0.00531  e= [ 0.15623868  0.20554944  1.34520357]  max|de|= 3.59e-05  lindep= 0.784
davidson 62 81  |r|= 0.000984  e= [ 0.15623869  0.20554944  1.34517939]  max|de|= -2.42e-05  lindep= 0.858
davidson 63 82  |r|= 0.00125  e= [ 0.15623868  0.20554944  1.34518453]  max|de|= 5.14e-06  lindep= 0.725
davidson 64 83  |r|= 0.00217  e= [ 0.15623867  0.20554944  1.34514588]  max|de|= -3.87e-05  lindep= 0.788
davidson 65 84  |r|= 0.000625  e= [ 0.15623868  0.20554944  1.34516869]  max|de|= 2.28e-05  lindep= 0.853
davidson 66 85  |r|= 0.000894  e= [ 0.15623866  0.20554943  1.34518173]  max|de|= 1.3e-05  lindep= 0.733
davidson 67 86  |r|= 0.00141  e= [ 0.15623867  0.20554943  1.34512527]  max|de|= -5.65e-05  lindep= 0.78
davidson 68 87  |r|= 0.000488  e= [ 0.15623865  0.20554943  1.34515456]  max|de|= 2.93e-05  lindep= 0.838
davidson 69 88  |r|= 0.000736  e= [ 0.15623866  0.20554942  1.34516516]  max|de|= 1.06e-05  lindep= 0.681
davidson 70 89  |r|= 0.000771  e= [ 0.15623864  0.20554941  1.34513151]  max|de|= -3.37e-05  lindep=  0.8
davidson 71 90  |r|= 0.000353  e= [ 0.15623865  0.20554941  1.34514408]  max|de|= 1.26e-05  lindep= 0.829
davidson 72 91  |r|= 0.000562  e= [ 0.15623865  0.20554941  1.34514601]  max|de|= 1.93e-06  lindep= 0.681
davidson 73 92  |r|= 0.000481  e= [ 0.15623865  0.20554941  1.34514589]  max|de|= -1.14e-07  lindep= 0.807
davidson 74 93  |r|= 0.000266  e= [ 0.15623865  0.20554941  1.34514654]  max|de|= 6.5e-07  lindep= 0.826
davidson 75 94  |r|= 0.000472  e= [ 0.15623865  0.2055494   1.34514676]  max|de|= 2.15e-07  lindep= 0.69
davidson 76 95  |r|= 0.000403  e= [ 0.15623865  0.2055494   1.34514807]  max|de|= 1.31e-06  lindep= 0.778
davidson 77 96  |r|= 0.000194  e= [ 0.15623864  0.2055494   1.3451488 ]  max|de|= 7.35e-07  lindep= 0.821
davidson 78 97  |r|= 0.000345  e= [ 0.15623864  0.2055494   1.34515274]  max|de|= 3.93e-06  lindep= 0.652
davidson 79 98  |r|= 0.000206  e= [ 0.15623864  0.2055494   1.34514234]  max|de|= -1.04e-05  lindep= 0.868
davidson 80 99  |r|= 0.000187  e= [ 0.15623864  0.2055494   1.34514511]  max|de|= 2.77e-06  lindep= 0.682
davidson 81 100  |r|= 0.000822  e= [ 0.15623864  0.2055494   1.34512174]  max|de|= -2.34e-05  lindep= 0.774
davidson 82 101  |r|= 0.00015  e= [ 0.15623864  0.2055494   1.34513879]  max|de|= 1.7e-05  lindep= 0.832
davidson 83 102  |r|= 0.000223  e= [ 0.15623864  0.2055494   1.34513943]  max|de|= 6.39e-07  lindep= 0.689
davidson 84 103  |r|= 0.000343  e= [ 0.15623862  0.2055494   1.34513987]  max|de|= 4.45e-07  lindep= 0.812
davidson 85 104  |r|= 0.000155  e= [ 0.15623861  0.20554941  1.34513967]  max|de|= -2e-07  lindep= 0.768
davidson 86 105  |r|= 0.000264  e= [ 0.15623861  0.20554941  1.34513815]  max|de|= -1.53e-06  lindep= 0.715
davidson 87 106  |r|= 0.000305  e= [ 0.15623862  0.20554941  1.34514417]  max|de|= 6.02e-06  lindep= 0.829
davidson 88 107  |r|= 0.000172  e= [ 0.15623863  0.20554941  1.34514223]  max|de|= -1.94e-06  lindep= 0.715
davidson 89 108  |r|= 0.000396  e= [ 0.15623863  0.2055494   1.34514019]  max|de|= -2.04e-06  lindep= 0.735
davidson 90 109  |r|= 0.000252  e= [ 0.15623864  0.2055494   1.34514438]  max|de|= 4.19e-06  lindep= 0.85
davidson 91 110  |r|= 0.000224  e= [ 0.15623864  0.2055494   1.34514405]  max|de|= -3.32e-07  lindep= 0.699
davidson 92 111  |r|= 0.00545  e= [ 0.15623864  0.2055494   1.34516216]  max|de|= 1.81e-05  lindep= 0.78
davidson 93 112  |r|= 0.000234  e= [ 0.15623863  0.2055494   1.34514294]  max|de|= -1.92e-05  lindep= 0.826
davidson 94 113  |r|= 0.000233  e= [ 0.15623863  0.2055494   1.34514427]  max|de|= 1.34e-06  lindep= 0.69
davidson 95 114  |r|= 0.00131  e= [ 0.15623862  0.20554941  1.34511955]  max|de|= -2.47e-05  lindep= 0.813
davidson 96 115  |r|= 0.000228  e= [ 0.15623863  0.20554941  1.34513816]  max|de|= 1.86e-05  lindep= 0.817
davidson 97 116  |r|= 0.000264  e= [ 0.15623863  0.20554941  1.3451397 ]  max|de|= 1.54e-06  lindep= 0.728
davidson 98 117  |r|= 0.00259  e= [ 0.15623864  0.2055494   1.34512262]  max|de|= -1.71e-05  lindep= 0.771
davidson 99 118  |r|= 0.000221  e= [ 0.15623866  0.20554941  1.34513693]  max|de|= 1.43e-05  lindep= 0.848
davidson 100 119  |r|= 0.000286  e= [ 0.15623867  0.20554941  1.3451352 ]  max|de|= -1.74e-06  lindep= 0.676
davidson 101 120  |r|= 0.000447  e= [ 0.15623868  0.20554941  1.34514786]  max|de|= 1.27e-05  lindep= 0.801
davidson 102 121  |r|= 0.000159  e= [ 0.1562387   0.20554941  1.34514197]  max|de|= -5.89e-06  lindep= 0.855
davidson 103 122  |r|= 0.000326  e= [ 0.1562387   0.20554941  1.34514021]  max|de|= -1.77e-06  lindep= 0.678
davidson 104 123  |r|= 0.000169  e= [ 0.15623871  0.20554941  1.3451438 ]  max|de|= 3.59e-06  lindep= 0.821
davidson 105 124  |r|= 0.00012  e= [ 0.15623871  0.20554941  1.34514346]  max|de|= -3.41e-07  lindep= 0.824
davidson 106 125  |r|= 0.000479  e= [ 0.15623871  0.20554941  1.34514788]  max|de|= 4.43e-06  lindep= 0.686
davidson 107 126  |r|= 8.31e-05  e= [ 0.15623871  0.20554941  1.34514106]  max|de|= -6.82e-06  lindep= 0.87
davidson 108 127  |r|= 8.26e-05  e= [ 0.15623871  0.20554941  1.34514129]  max|de|= 2.31e-07  lindep= 0.727
root 2 converged  |r|= 0.000224  e= 1.3451413492  max|de|= 5.87e-08
converge 109 128  |r|= 0.000224  e= [ 0.15623871  0.20554941  1.34514135]  max|de|= 5.87e-08
IP root 0 E = 0.156238706449073  qpwt = 0.954856  conv = True
IP root 1 E = 0.2055494073785364  qpwt = 0.861493  conv = True
IP root 2 E = 1.345141349195213  qpwt = 0.913478  conv = True
    CPU time for IP-CCSD    136.69 sec, wall time    136.82 sec
    CPU time for EOM-CCSD shared one-electron intermediates      0.48 sec, wall time      0.48 sec
    CPU time for EOM-CCSD EA intermediates     64.49 sec, wall time     64.58 sec
tol 1e-07  toloose 0.000316228
max_cycle 200  max_space 336  max_memory 2000  incore True
davidson 0 12  |r|= 0.115  e= [ 0.0084235   0.02256974  0.03342297  0.0472971   0.05147624  0.05222133
  0.06011779  0.07430657  0.07875972  0.0870545   0.09267907  0.09311011]  max|de|= 0.0931  lindep=    1
davidson 1 24  |r|= 0.0326  e= [-0.01720599  0.00013218  0.00578687  0.02590019  0.02705958  0.03155546
  0.03869291  0.0534014   0.06293225  0.0689282   0.07296641  0.07752693]  max|de|= -0.0276  lindep= 0.96
davidson 2 36  |r|= 0.0257  e= [-0.01977628 -0.00393189  0.00336782  0.0224031   0.02355102  0.02782582
  0.03537547  0.04869447  0.05827476  0.06353343  0.06711445  0.07158661]  max|de|= -0.00594  lindep= 0.915
davidson 3 48  |r|= 0.0228  e= [-0.01959712 -0.00400336  0.00351211  0.02218679  0.02336366  0.02733969
  0.03521802  0.04850738  0.06256584  0.05740637  0.06642825  0.06962562]  max|de|= -0.00196  lindep= 0.899
davidson 4 60  |r|= 0.0221  e= [-0.01960628 -0.00385677  0.00354436  0.02226619  0.02337952  0.02739321
  0.03525839  0.04852136  0.061677    0.05697897  0.06625039  0.06782313]  max|de|= -0.0018  lindep= 0.87
davidson 5 72  |r|= 0.0459  e= [-0.01961697 -0.0038492   0.00355025  0.02225231  0.02333451  0.02734892
  0.03523565  0.0485387   0.06003303  0.0564769   0.0661493   0.07303664]  max|de|= 0.00521  lindep= 0.83
davidson 6 84  |r|= 0.0152  e= [-0.01961652 -0.00385709  0.00355241  0.02223641  0.02330252  0.02728207
  0.0352219   0.04852775  0.0617351   0.05696899  0.06611057  0.06850456]  max|de|= -0.00453  lindep= 0.86
root 0 converged  |r|= 6.66e-06  e= -0.0196165824507  max|de|= -6.07e-08
davidson 7 96  |r|= 0.00784  e= [-0.01961658 -0.0038566   0.0035535   0.02223974  0.02331282  0.02727586
  0.03522641  0.04852159  0.06157638  0.056882    0.066067    0.067945  ]  max|de|= -0.00056  lindep= 0.893
root 1 converged  |r|= 1.35e-05  e= -0.00385655015612  max|de|= 5.1e-08
root 2 converged  |r|= 5.13e-06  e= 0.00355352325997  max|de|= 2.82e-08
root 4 converged  |r|= 0.000154  e= 0.0233128126987  max|de|= -9.1e-09
davidson 8 107  |r|= 0.0176  e= [-0.0196166  -0.00385655  0.00355352  0.02223836  0.02331281  0.02728635
  0.03522668  0.04851922  0.0614969   0.05685028  0.06533156  0.06773361]  max|de|= -0.000735  lindep= 0.904
davidson 9 115  |r|= 0.00322  e= [-0.01961659 -0.00385653  0.00355352  0.02223803  0.02331319  0.02728884
  0.03522721  0.04851895  0.06149438  0.05683915  0.06629067  0.06769427]  max|de|= 0.000959  lindep= 0.893
davidson 10 124  |r|= 0.00191  e= [-0.01961659 -0.00385655  0.00355352  0.0222382   0.02331412  0.02728912
  0.03522766  0.04851864  0.06150304  0.05683567  0.06620277  0.06770611]  max|de|= -8.79e-05  lindep= 0.897
root 3 converged  |r|= 4.35e-06  e= 0.0222382532758  max|de|= 4.98e-08
root 5 converged  |r|= 1.42e-05  e= 0.0272890260453  max|de|= -9.07e-08
davidson 11 133  |r|= 0.000869  e= [-0.01961661 -0.00385655  0.00355352  0.02223825  0.02331461  0.02728903
  0.03522753  0.04851816  0.06150151  0.05683624  0.06618466  0.06770417]  max|de|= -1.81e-05  lindep= 0.925
root 4 converged  |r|= 6.25e-06  e= 0.0233145809668  max|de|= -3.01e-08
root 6 converged  |r|= 1.61e-06  e= 0.0352275078236  max|de|= -2e-08
root 7 converged  |r|= 7.79e-06  e= 0.0485180764305  max|de|= -8.43e-08
davidson 12 140  |r|= 0.000425  e= [-0.01961661 -0.00385656  0.00355352  0.02223825  0.02331458  0.02728897
  0.03522751  0.04851808  0.06150194  0.05683597  0.06618473  0.06770372]  max|de|= -4.54e-07  lindep= 0.908
root 9 converged  |r|= 1.79e-05  e= 0.0568360672694  max|de|= 9.37e-08
davidson 13 144  |r|= 0.00025  e= [-0.01961663 -0.00385656  0.00355353  0.02223825  0.02331458  0.02728896
  0.03522751  0.04851808  0.06150174  0.05683607  0.06618895  0.06770421]  max|de|= 4.22e-06  lindep= 0.905
root 8 converged  |r|= 2.04e-05  e= 0.0615016717699  max|de|= -7.31e-08
davidson 14 147  |r|= 0.000148  e= [-0.01961665 -0.00385656  0.00355356  0.02223825  0.02331458  0.02728896
  0.03522751  0.04851808  0.06150167  0.056836    0.06619155  0.06770291]  max|de|= 2.59e-06  lindep= 0.916
davidson 15 149  |r|= 7.52e-05  e= [-0.01961665 -0.00385656  0.00355356  0.02223824  0.02331458  0.02728896
  0.03522751  0.04851808  0.06150172  0.05683597  0.06619183  0.06770201]  max|de|= -9.04e-07  lindep= 0.86
root 11 converged  |r|= 3.88e-05  e= 0.0677020640316  max|de|= 5.39e-08
davidson 16 151  |r|= 7.98e-05  e= [-0.01961665 -0.00385655  0.00355357  0.02223824  0.02331458  0.02728896
  0.03522751  0.04851808  0.06150173  0.05683595  0.06619119  0.06770206]  max|de|= -6.46e-07  lindep= 0.865
davidson 17 152  |r|= 6.54e-05  e= [-0.01961665 -0.00385655  0.00355358  0.02223823  0.02331458  0.02728896
  0.03522751  0.04851808  0.06150173  0.05683595  0.06619045  0.06770206]  max|de|= -7.37e-07  lindep= 0.921
davidson 18 153  |r|= 3.88e-05  e= [-0.01961665 -0.00385655  0.00355358  0.02223823  0.02331458  0.02728896
  0.03522751  0.04851808  0.06150173  0.05683595  0.06619081  0.06770206]  max|de|= 3.6e-07  lindep= 0.914
davidson 19 154  |r|= 3.88e-05  e= [-0.01961665 -0.00385655  0.00355358  0.02223823  0.02331458  0.02728896
  0.03522751  0.04851808  0.06150173  0.05683595  0.06619093  0.06770206]  max|de|= 1.17e-07  lindep= 0.864
root 10 converged  |r|= 1.69e-05  e= 0.0661909463905  max|de|= 2.05e-08
converge 20 155  |r|= 3.89e-05  e= [-0.01961665 -0.00385655  0.00355359  0.02223823  0.02331458  0.02728896
  0.03522751  0.04851808  0.06150173  0.05683595  0.06619095  0.06770206]  max|de|= 2.05e-08
EA root 0 E = -0.01961665348290875  qpwt = 0.938571  conv = True
EA root 1 E = -0.003856554712869795  qpwt = 0.93866  conv = True
EA root 2 E = 0.003553587891523859  qpwt = 0.928959  conv = True
EA root 3 E = 0.02223822968877575  qpwt = 0.895378  conv = True
EA root 4 E = 0.02331457503869235  qpwt = 0.874453  conv = True
EA root 5 E = 0.0272889637431456  qpwt = 0.820048  conv = True
EA root 6 E = 0.03522750782343385  qpwt = 0.887432  conv = True
EA root 7 E = 0.04851807643001793  qpwt = 0.821675  conv = True
EA root 8 E = 0.06150172935542388  qpwt = 0.792036  conv = True
EA root 9 E = 0.05683595302874599  qpwt = 0.744696  conv = True
EA root 10 E = 0.06619094639051303  qpwt = 0.765031  conv = True
EA root 11 E = 0.06770206342615132  qpwt = 0.582972  conv = True
    CPU time for EA-CCSD    430.55 sec, wall time    430.81 sec
