

******** <class 'pyscf.scf.hf.RHF'> flags ********
method = RHF
initial guess = minao
damping factor = 0
level shift factor = 0
DIIS = <class 'pyscf.scf.diis.CDIIS'>
DIIS start cycle = 1
DIIS space = 8
SCF tol = 1e-09
SCF gradient tol = None
max. SCF cycles = 50
direct_scf = True
direct_scf_tol = 1e-13
chkfile to save SCF result = /tmp/tmpmVx3Ua
max_memory 4000 MB (current use 75 MB)
Set gradient conv threshold to 3.16228e-05
Nelec from initial guess = 27.9976583076
cond(S) = 224.622990173
E_coul = 283.264995636129
init E= -621.200028944368
    CPU time for initialize scf      0.35 sec, wall time      0.38 sec
  HOMO = -0.457204842998768  LUMO = -0.0504489724169615
  mo_energy =
[ -1.04864568e+02  -4.04577491e+01  -1.06260229e+01  -8.08518622e+00
  -8.08417962e+00  -8.08417962e+00  -2.79517985e+00  -1.51934273e+00
  -1.51201532e+00  -1.51201532e+00  -1.11907397e+00  -4.73260768e-01
  -4.57204843e-01  -4.57204843e-01  -5.04489724e-02   5.27018622e-02
   5.27018622e-02   6.50182901e-02   1.00734003e-01   2.30077326e-01
   2.30077326e-01   2.68550249e-01   2.75530771e-01   2.75530771e-01
   2.99310204e-01   2.99310204e-01   3.45345736e-01   5.04075935e-01
   5.04075935e-01   5.18654224e-01   5.95532363e-01   5.95532363e-01
   6.09845588e-01   6.89434990e-01   6.89434990e-01   1.09766696e+00
   1.22331036e+00   1.22331036e+00   1.22637283e+00   1.22637283e+00
   1.33324791e+00   1.45964697e+00   1.45964697e+00   1.47505975e+00
   2.00772096e+00   2.00772096e+00   2.07178886e+00   2.07178886e+00
   2.12265063e+00   2.34038882e+00   2.34038882e+00   2.34381009e+00
   2.34381009e+00   2.36545657e+00   2.36545657e+00   2.45554631e+00
   2.51120146e+00   2.51120146e+00   2.61395966e+00   3.93106249e+00
   6.18397599e+00   6.18397599e+00   6.19526941e+00   6.19526941e+00
   6.26775302e+00   8.57405251e+00   8.57405251e+00   8.61366901e+00
   8.61366901e+00   8.65599940e+00   1.14166942e+01   1.14166942e+01
   1.14600614e+01   2.54326960e+01]
E_coul = 288.007076367019
cycle= 1 E= -621.410409067893  delta_E= -0.21  |g|= 0.293  |ddm|= 0.882
    CPU time for cycle= 1      0.03 sec, wall time      0.03 sec
diis-norm(errvec)=0.574176
diis-c [-0.32967804  1.        ]
  HOMO = -0.286624828483373  LUMO = -0.0218798969215521
  mo_energy =
[ -1.04485478e+02  -4.05330054e+01  -1.02470007e+01  -7.71060455e+00
  -7.70998771e+00  -7.70998771e+00  -2.84431536e+00  -1.56706111e+00
  -1.56706111e+00  -1.56514822e+00  -8.61679300e-01  -3.02679794e-01
  -2.86624828e-01  -2.86624828e-01  -2.18798969e-02   4.40528037e-02
   4.40528037e-02   8.33154103e-02   9.37758892e-02   2.07395814e-01
   2.07395814e-01   2.42090119e-01   2.55803319e-01   2.55803319e-01
   3.11534363e-01   3.11534363e-01   4.06142615e-01   6.59263958e-01
   6.59263958e-01   6.63940428e-01   7.98493517e-01   8.12561630e-01
   8.12561630e-01   8.75188764e-01   8.75188764e-01   1.18275502e+00
   1.18275502e+00   1.20193588e+00   1.20193588e+00   1.20663045e+00
   1.33886616e+00   1.42034995e+00   1.42034995e+00   1.55400489e+00
   2.29364845e+00   2.29364845e+00   2.34959492e+00   2.34959492e+00
   2.38826072e+00   2.60392771e+00   2.60392771e+00   2.60888261e+00
   2.60888261e+00   2.62349629e+00   2.62349629e+00   2.70069082e+00
   2.78021770e+00   2.78021770e+00   2.85637311e+00   3.90265384e+00
   6.12839316e+00   6.12839316e+00   6.14430967e+00   6.14430967e+00
   6.21920147e+00   8.92817606e+00   8.92817606e+00   8.96661850e+00
   8.96661850e+00   9.00801472e+00   1.17655516e+01   1.17655516e+01
   1.18083410e+01   2.57848201e+01]
E_coul = 284.926651247511
cycle= 2 E= -621.436174465488  delta_E= -0.0258  |g|= 0.141  |ddm|= 0.463
    CPU time for cycle= 2      0.03 sec, wall time      0.03 sec
diis-norm(errvec)=0.219434
diis-c [-0.01012412  0.25648602  0.74351398]
  HOMO = -0.350601483366914  LUMO = -0.0176588683456388
  mo_energy =
[ -1.04714971e+02  -4.05008060e+01  -1.04328760e+01  -7.89996168e+00
  -7.89957635e+00  -7.89957635e+00  -2.82436534e+00  -1.54707586e+00
  -1.54707586e+00  -1.54660410e+00  -9.39181587e-01  -3.66436459e-01
  -3.50601483e-01  -3.50601483e-01  -1.76588683e-02   4.67390753e-02
   4.67390753e-02   8.26903876e-02   9.67507086e-02   2.13087734e-01
   2.13087734e-01   2.45153319e-01   2.60657963e-01   2.60657963e-01
   3.08013706e-01   3.08013706e-01   3.93113777e-01   6.24610814e-01
   6.24610814e-01   6.29106212e-01   7.42569285e-01   7.49285116e-01
   7.49285116e-01   8.19032790e-01   8.19032790e-01   1.18661255e+00
   1.19460244e+00   1.19460244e+00   1.20858555e+00   1.20858555e+00
   1.32473636e+00   1.43313206e+00   1.43313206e+00   1.52830131e+00
   2.19051257e+00   2.19051257e+00   2.25097197e+00   2.25097197e+00
   2.29501492e+00   2.52394384e+00   2.52394384e+00   2.52836110e+00
   2.52836110e+00   2.54450194e+00   2.54450194e+00   2.62077641e+00
   2.68616715e+00   2.68616715e+00   2.77336184e+00   3.91488371e+00
   6.14787625e+00   6.14787625e+00   6.16320833e+00   6.16320833e+00
   6.23732107e+00   8.76817292e+00   8.76817292e+00   8.80738401e+00
   8.80738401e+00   8.84917887e+00   1.16033069e+01   1.16033069e+01
   1.16468356e+01   2.56229867e+01]
E_coul = 285.837753773002
cycle= 3 E= -621.439591826816  delta_E= -0.00342  |g|= 0.0145  |ddm|= 0.128
    CPU time for cycle= 3      0.03 sec, wall time      0.03 sec
diis-norm(errvec)=0.0213183
diis-c [ -3.03734057e-04  -7.72573809e-03   3.69015114e-02   9.70824227e-01]
  HOMO = -0.352319852483423  LUMO = -0.0167251364743686
  mo_energy =
[ -1.04698562e+02  -4.05010359e+01  -1.04276989e+01  -7.89419034e+00
  -7.89392615e+00  -7.89392615e+00  -2.82292807e+00  -1.54571366e+00
  -1.54571366e+00  -1.54563413e+00  -9.40863282e-01  -3.68584629e-01
  -3.52319852e-01  -3.52319852e-01  -1.67251365e-02   4.73525394e-02
   4.73525394e-02   8.27675582e-02   9.77728899e-02   2.14138044e-01
   2.14138044e-01   2.46102681e-01   2.61543110e-01   2.61543110e-01
   3.08491975e-01   3.08491975e-01   3.92775456e-01   6.23350024e-01
   6.23350024e-01   6.27877128e-01   7.41092010e-01   7.47391452e-01
   7.47391452e-01   8.17772418e-01   8.17772418e-01   1.18694871e+00
   1.19626685e+00   1.19626685e+00   1.21024160e+00   1.21024160e+00
   1.32599620e+00   1.43449669e+00   1.43449669e+00   1.52828970e+00
   2.18906846e+00   2.18906846e+00   2.24976472e+00   2.24976472e+00
   2.29371271e+00   2.52162968e+00   2.52162968e+00   2.52575245e+00
   2.52575245e+00   2.54249729e+00   2.54249729e+00   2.61934911e+00
   2.68487372e+00   2.68487372e+00   2.77251193e+00   3.91600424e+00
   6.14922443e+00   6.14922443e+00   6.16451295e+00   6.16451295e+00
   6.23861726e+00   8.76986281e+00   8.76986281e+00   8.80925726e+00
   8.80925726e+00   8.85109383e+00   1.16064879e+01   1.16064879e+01
   1.16502724e+01   2.56261922e+01]
E_coul = 285.806401312822
cycle= 4 E= -621.439635344996  delta_E= -4.35e-05  |g|= 0.00246  |ddm|= 0.0147
    CPU time for cycle= 4      0.03 sec, wall time      0.03 sec
diis-norm(errvec)=0.00502719
diis-c [ -8.74707756e-06  -7.36697241e-03  -1.64753669e-02  -1.71205300e-01
   1.19504764e+00]
  HOMO = -0.35211584345984  LUMO = -0.0164730432635993
  mo_energy =
[ -1.04698994e+02  -4.05001889e+01  -1.04271332e+01  -7.89362328e+00
  -7.89338656e+00  -7.89338656e+00  -2.82218034e+00  -1.54501248e+00
  -1.54496639e+00  -1.54496639e+00  -9.40693732e-01  -3.68665239e-01
  -3.52115843e-01  -3.52115843e-01  -1.64730433e-02   4.75342320e-02
   4.75342320e-02   8.27960752e-02   9.80799975e-02   2.14447759e-01
   2.14447759e-01   2.46346284e-01   2.61842789e-01   2.61842789e-01
   3.08737146e-01   3.08737146e-01   3.92831726e-01   6.23248081e-01
   6.23248081e-01   6.27826038e-01   7.41162710e-01   7.47469903e-01
   7.47469903e-01   8.17929644e-01   8.17929644e-01   1.18731305e+00
   1.19682966e+00   1.19682966e+00   1.21080686e+00   1.21080686e+00
   1.32641719e+00   1.43509972e+00   1.43509972e+00   1.52870851e+00
   2.18933332e+00   2.18933332e+00   2.25012438e+00   2.25012438e+00
   2.29403695e+00   2.52176674e+00   2.52176674e+00   2.52577355e+00
   2.52577355e+00   2.54273347e+00   2.54273347e+00   2.61963700e+00
   2.68503829e+00   2.68503829e+00   2.77286404e+00   3.91667641e+00
   6.14992605e+00   6.14992605e+00   6.16521101e+00   6.16521101e+00
   6.23931573e+00   8.77046202e+00   8.77046202e+00   8.80994310e+00
   8.80994310e+00   8.85180260e+00   1.16069221e+01   1.16069221e+01
   1.16507983e+01   2.56267097e+01]
E_coul = 285.802491898157
cycle= 5 E= -621.439639679245  delta_E= -4.33e-06  |g|= 0.000514  |ddm|= 0.00535
    CPU time for cycle= 5      0.03 sec, wall time      0.03 sec
diis-norm(errvec)=0.00107972
diis-c [ -3.68602283e-07   2.19244308e-03   6.08938420e-03   2.03808060e-02
  -3.37761787e-01   1.30909915e+00]
  HOMO = -0.351975871650562  LUMO = -0.0164776671538694
  mo_energy =
[ -1.04698621e+02  -4.05004138e+01  -1.04269263e+01  -7.89340692e+00
  -7.89316563e+00  -7.89316563e+00  -2.82228370e+00  -1.54513058e+00
  -1.54506466e+00  -1.54506466e+00  -9.40588541e-01  -3.68641469e-01
  -3.51975872e-01  -3.51975872e-01  -1.64776672e-02   4.75368111e-02
   4.75368111e-02   8.27951739e-02   9.80783271e-02   2.14441675e-01
   2.14441675e-01   2.46329793e-01   2.61841935e-01   2.61841935e-01
   3.08749386e-01   3.08749386e-01   3.92853993e-01   6.23304838e-01
   6.23304838e-01   6.27871113e-01   7.41226704e-01   7.47563882e-01
   7.47563882e-01   8.18010904e-01   8.18010904e-01   1.18733297e+00
   1.19679938e+00   1.19679938e+00   1.21077734e+00   1.21077734e+00
   1.32640133e+00   1.43505573e+00   1.43505573e+00   1.52871563e+00
   2.18944189e+00   2.18944189e+00   2.25023818e+00   2.25023818e+00
   2.29415347e+00   2.52188061e+00   2.52188061e+00   2.52587075e+00
   2.52587075e+00   2.54285644e+00   2.54285644e+00   2.61976891e+00
   2.68516448e+00   2.68516448e+00   2.77296039e+00   3.91660465e+00
   6.14982409e+00   6.14982409e+00   6.16510867e+00   6.16510867e+00
   6.23921377e+00   8.77061441e+00   8.77061441e+00   8.81011901e+00
   8.81011901e+00   8.85198647e+00   1.16071114e+01   1.16071114e+01
   1.16509981e+01   2.56268887e+01]
E_coul = 285.802315266396
cycle= 6 E= -621.439639906741  delta_E= -2.27e-07  |g|= 0.000119  |ddm|= 0.00126
    CPU time for cycle= 6      0.02 sec, wall time      0.03 sec
diis-norm(errvec)=0.000248984
diis-c [ -5.30000656e-08  -1.72879746e-04  -4.44584307e-04   1.98077892e-03
   4.80294368e-03  -1.25198978e-01   1.11903272e+00]
  HOMO = -0.351952998478478  LUMO = -0.0164789841334105
  mo_energy =
[ -1.04698578e+02  -4.05003141e+01  -1.04268859e+01  -7.89336683e+00
  -7.89312522e+00  -7.89312522e+00  -2.82224782e+00  -1.54509496e+00
  -1.54503052e+00  -1.54503052e+00  -9.40567297e-01  -3.68642889e-01
  -3.51952998e-01  -3.51952998e-01  -1.64789841e-02   4.75378303e-02
   4.75378303e-02   8.27960763e-02   9.80798468e-02   2.14441607e-01
   2.14441607e-01   2.46328349e-01   2.61842508e-01   2.61842508e-01
   3.08757849e-01   3.08757849e-01   3.92861741e-01   6.23320761e-01
   6.23320761e-01   6.27882399e-01   7.41238528e-01   7.47581682e-01
   7.47581682e-01   8.18026575e-01   8.18026575e-01   1.18734838e+00
   1.19680280e+00   1.19680280e+00   1.21078316e+00   1.21078316e+00
   1.32641032e+00   1.43507067e+00   1.43507067e+00   1.52873603e+00
   2.18946498e+00   2.18946498e+00   2.25026905e+00   2.25026905e+00
   2.29418427e+00   2.52190290e+00   2.52190290e+00   2.52588872e+00
   2.52588872e+00   2.54288111e+00   2.54288111e+00   2.61978909e+00
   2.68518592e+00   2.68518592e+00   2.77298786e+00   3.91663556e+00
   6.14985671e+00   6.14985671e+00   6.16514212e+00   6.16514212e+00
   6.23924725e+00   8.77064533e+00   8.77064533e+00   8.81015778e+00
   8.81015778e+00   8.85202724e+00   1.16071453e+01   1.16071453e+01
   1.16510367e+01   2.56269256e+01]
E_coul = 285.801853088196
cycle= 7 E= -621.439639917118  delta_E= -1.04e-08  |g|= 4.26e-05  |ddm|= 0.000286
    CPU time for cycle= 7      0.04 sec, wall time      0.03 sec
diis-norm(errvec)=9.0606e-05
diis-c [ -2.43728990e-09  -2.27316038e-04  -6.82086705e-04  -1.43800153e-03
   3.59782034e-02  -1.74162750e-01   1.79526827e-02   1.12257927e+00]
  HOMO = -0.351951457300425  LUMO = -0.0164822612275697
  mo_energy =
[ -1.04698601e+02  -4.05003554e+01  -1.04268986e+01  -7.89338057e+00
  -7.89313864e+00  -7.89313864e+00  -2.82226973e+00  -1.54511737e+00
  -1.54505308e+00  -1.54505308e+00  -9.40569822e-01  -3.68652582e-01
  -3.51951457e-01  -3.51951457e-01  -1.64822612e-02   4.75360255e-02
   4.75360255e-02   8.27952668e-02   9.80758223e-02   2.14437321e-01
   2.14437321e-01   2.46324034e-01   2.61838111e-01   2.61838111e-01
   3.08755131e-01   3.08755131e-01   3.92860771e-01   6.23322220e-01
   6.23322220e-01   6.27881483e-01   7.41235646e-01   7.47580068e-01
   7.47580068e-01   8.18025427e-01   8.18025427e-01   1.18734098e+00
   1.19679198e+00   1.19679198e+00   1.21077229e+00   1.21077229e+00
   1.32640214e+00   1.43505675e+00   1.43505675e+00   1.52872612e+00
   2.18945966e+00   2.18945966e+00   2.25026517e+00   2.25026517e+00
   2.29418222e+00   2.52190094e+00   2.52190094e+00   2.52588488e+00
   2.52588488e+00   2.54287997e+00   2.54287997e+00   2.61978849e+00
   2.68518353e+00   2.68518353e+00   2.77298249e+00   3.91661751e+00
   6.14983530e+00   6.14983530e+00   6.16512051e+00   6.16512051e+00
   6.23922565e+00   8.77063376e+00   8.77063376e+00   8.81014969e+00
   8.81014969e+00   8.85202040e+00   1.16071344e+01   1.16071344e+01
   1.16510275e+01   2.56269157e+01]
E_coul = 285.801961700128
cycle= 8 E= -621.439639918437  delta_E= -1.32e-09  |g|= 8.06e-06  |ddm|= 0.00013
    CPU time for cycle= 8      0.03 sec, wall time      0.03 sec
diis-norm(errvec)=1.74707e-05
diis-c [ -7.85948251e-11   3.33569021e-05   8.71566779e-05  -2.23695318e-04
  -2.92628131e-03   3.35337889e-02  -6.52361711e-02  -1.80478976e-01
   1.21521082e+00]
  HOMO = -0.351951697056808  LUMO = -0.0164825996947385
  mo_energy =
[ -1.04698599e+02  -4.05003555e+01  -1.04268987e+01  -7.89338063e+00
  -7.89313867e+00  -7.89313867e+00  -2.82227055e+00  -1.54511811e+00
  -1.54505405e+00  -1.54505405e+00  -9.40570577e-01  -3.68653429e-01
  -3.51951697e-01  -3.51951697e-01  -1.64825997e-02   4.75357436e-02
   4.75357436e-02   8.27950980e-02   9.80752962e-02   2.14436883e-01
   2.14436883e-01   2.46323656e-01   2.61837523e-01   2.61837523e-01
   3.08754486e-01   3.08754486e-01   3.92860281e-01   6.23321431e-01
   6.23321431e-01   6.27880798e-01   7.41234484e-01   7.47579024e-01
   7.47579024e-01   8.18024560e-01   8.18024560e-01   1.18733990e+00
   1.19679099e+00   1.19679099e+00   1.21077126e+00   1.21077126e+00
   1.32640151e+00   1.43505572e+00   1.43505572e+00   1.52872500e+00
   2.18945838e+00   2.18945838e+00   2.25026431e+00   2.25026431e+00
   2.29418161e+00   2.52189970e+00   2.52189970e+00   2.52588344e+00
   2.52588344e+00   2.54287880e+00   2.54287880e+00   2.61978718e+00
   2.68518238e+00   2.68518238e+00   2.77298153e+00   3.91661658e+00
   6.14983442e+00   6.14983442e+00   6.16511957e+00   6.16511957e+00
   6.23922472e+00   8.77063284e+00   8.77063284e+00   8.81014911e+00
   8.81014911e+00   8.85201991e+00   1.16071339e+01   1.16071339e+01
   1.16510272e+01   2.56269152e+01]
E_coul = 285.801962184733
cycle= 9 E= -621.439639918484  delta_E= -4.65e-11  |g|= 1.33e-06  |ddm|= 1.91e-05
    CPU time for cycle= 9      0.03 sec, wall time      0.03 sec
  HOMO = -0.351951464460739  LUMO = -0.016482581603655
  mo_energy =
[ -1.04698599e+02  -4.05003549e+01  -1.04268982e+01  -7.89338010e+00
  -7.89313815e+00  -7.89313815e+00  -2.82227032e+00  -1.54511788e+00
  -1.54505381e+00  -1.54505381e+00  -9.40570272e-01  -3.68653145e-01
  -3.51951464e-01  -3.51951464e-01  -1.64825816e-02   4.75357588e-02
   4.75357588e-02   8.27951168e-02   9.80753308e-02   2.14436899e-01
   2.14436899e-01   2.46323701e-01   2.61837531e-01   2.61837531e-01
   3.08754564e-01   3.08754564e-01   3.92860380e-01   6.23321573e-01
   6.23321573e-01   6.27881007e-01   7.41234796e-01   7.47579329e-01
   7.47579329e-01   8.18024851e-01   8.18024851e-01   1.18734009e+00
   1.19679105e+00   1.19679105e+00   1.21077135e+00   1.21077135e+00
   1.32640168e+00   1.43505583e+00   1.43505583e+00   1.52872523e+00
   2.18945881e+00   2.18945881e+00   2.25026476e+00   2.25026476e+00
   2.29418205e+00   2.52190011e+00   2.52190011e+00   2.52588383e+00
   2.52588383e+00   2.54287921e+00   2.54287921e+00   2.61978756e+00
   2.68518277e+00   2.68518277e+00   2.77298197e+00   3.91661677e+00
   6.14983463e+00   6.14983463e+00   6.16511979e+00   6.16511979e+00
   6.23922494e+00   8.77063338e+00   8.77063338e+00   8.81014964e+00
   8.81014964e+00   8.85202043e+00   1.16071344e+01   1.16071344e+01
   1.16510277e+01   2.56269157e+01]
E_coul = 285.80195721404
Extra cycle  E= -621.439639918486  delta_E= -1.82e-12  |g|= 4.91e-07  |ddm|= 3.12e-06
    CPU time for scf_cycle      0.65 sec, wall time      0.66 sec
    CPU time for SCF      0.65 sec, wall time      0.79 sec
converged SCF energy = -621.439639918486
RHF E = -621.439639918
RHF eps = [ -1.04698599e+02  -4.05003549e+01  -1.04268982e+01  -7.89338010e+00
  -7.89313815e+00  -7.89313815e+00  -2.82227032e+00  -1.54511788e+00
  -1.54505381e+00  -1.54505381e+00  -9.40570272e-01  -3.68653145e-01
  -3.51951464e-01  -3.51951464e-01  -1.64825816e-02   4.75357588e-02
   4.75357588e-02   8.27951168e-02   9.80753308e-02   2.14436899e-01
   2.14436899e-01   2.46323701e-01   2.61837531e-01   2.61837531e-01
   3.08754564e-01   3.08754564e-01   3.92860380e-01   6.23321573e-01
   6.23321573e-01   6.27881007e-01   7.41234796e-01   7.47579329e-01
   7.47579329e-01   8.18024851e-01   8.18024851e-01   1.18734009e+00
   1.19679105e+00   1.19679105e+00   1.21077135e+00   1.21077135e+00
   1.32640168e+00   1.43505583e+00   1.43505583e+00   1.52872523e+00
   2.18945881e+00   2.18945881e+00   2.25026476e+00   2.25026476e+00
   2.29418205e+00   2.52190011e+00   2.52190011e+00   2.52588383e+00
   2.52588383e+00   2.54287921e+00   2.54287921e+00   2.61978756e+00
   2.68518277e+00   2.68518277e+00   2.77298197e+00   3.91661677e+00
   6.14983463e+00   6.14983463e+00   6.16511979e+00   6.16511979e+00
   6.23922494e+00   8.77063338e+00   8.77063338e+00   8.81014964e+00
   8.81014964e+00   8.85202043e+00   1.16071344e+01   1.16071344e+01
   1.16510277e+01   2.56269157e+01]
    CPU time for CCSD integral transformation      3.25 sec, wall time      3.25 sec

******** <class 'pyscf.cc.rccsd.RCCSD'> flags ********
CCSD nocc = 8, nvir = 60
frozen orbitals [0, 1, 2, 3, 4, 5]
max_cycle = 200
direct = 0
conv_tol = 1e-07
conv_tol_normt = 1e-05
diis_space = 6
diis_start_cycle = 0
diis_start_energy_diff = 1e+09
max_memory 4000 MB (current use 149 MB)
Init t2, MP2 energy = -0.363263107471101
    CPU time for init mp2      0.00 sec, wall time      0.01 sec
    CPU time for vvvv-tau      0.00 sec, wall time      0.00 sec
    CPU time for vvvv [0:60]      0.04 sec, wall time      0.03 sec
    CPU time for vvvv      0.56 sec, wall time      0.56 sec
    CPU time for woooo      0.00 sec, wall time      0.00 sec
max_memory 3841 MB,  nocc,nvir = 8,60  blksize = 8,60
    CPU time for ovvv [0:8]      0.21 sec, wall time      0.22 sec
    CPU time for wOVov [0:8]      0.24 sec, wall time      0.24 sec
    CPU time for woVoV [0:8]      0.13 sec, wall time      0.13 sec
    CPU time for contract occ [0:8]      0.69 sec, wall time      0.70 sec
    CPU time for contract loop      1.26 sec, wall time      1.26 sec
    CPU time for update t1 t2      1.28 sec, wall time      1.28 sec
istep = 0  E(CCSD) = -0.378484815152035  dE = -0.378484815  norm(t1,t2) = 0.0522534
    CPU time for CCSD iter      1.29 sec, wall time      1.28 sec
    CPU time for vvvv-tau      0.00 sec, wall time      0.00 sec
    CPU time for vvvv [0:60]      0.02 sec, wall time      0.03 sec
    CPU time for vvvv      0.54 sec, wall time      0.55 sec
    CPU time for woooo      0.00 sec, wall time      0.00 sec
max_memory 3841 MB,  nocc,nvir = 8,60  blksize = 8,60
    CPU time for ovvv [0:8]      0.22 sec, wall time      0.21 sec
    CPU time for wOVov [0:8]      0.24 sec, wall time      0.24 sec
    CPU time for woVoV [0:8]      0.13 sec, wall time      0.13 sec
    CPU time for contract occ [0:8]      0.70 sec, wall time      0.69 sec
    CPU time for contract loop      1.24 sec, wall time      1.24 sec
    CPU time for update t1 t2      1.26 sec, wall time      1.26 sec
DIIS for step 1
istep = 1  E(CCSD) = -0.383319612741156  dE = -0.00483479759  norm(t1,t2) = 0.0125613
    CPU time for CCSD iter      1.26 sec, wall time      1.27 sec
    CPU time for vvvv-tau      0.00 sec, wall time      0.00 sec
    CPU time for vvvv [0:60]      0.03 sec, wall time      0.03 sec
    CPU time for vvvv      0.55 sec, wall time      0.55 sec
    CPU time for woooo      0.00 sec, wall time      0.00 sec
max_memory 3841 MB,  nocc,nvir = 8,60  blksize = 8,60
    CPU time for ovvv [0:8]      0.22 sec, wall time      0.22 sec
    CPU time for wOVov [0:8]      0.24 sec, wall time      0.24 sec
    CPU time for woVoV [0:8]      0.14 sec, wall time      0.13 sec
    CPU time for contract occ [0:8]      0.70 sec, wall time      0.70 sec
    CPU time for contract loop      1.25 sec, wall time      1.25 sec
    CPU time for update t1 t2      1.27 sec, wall time      1.27 sec
diis-c [ -1.61693105e-05   1.00000000e+00]
DIIS for step 2
istep = 2  E(CCSD) = -0.383977012198398  dE = -0.000657399457  norm(t1,t2) = 0.00627877
    CPU time for CCSD iter      1.28 sec, wall time      1.28 sec
    CPU time for vvvv-tau      0.00 sec, wall time      0.00 sec
    CPU time for vvvv [0:60]      0.03 sec, wall time      0.03 sec
    CPU time for vvvv      0.55 sec, wall time      0.55 sec
    CPU time for woooo      0.00 sec, wall time      0.00 sec
max_memory 3840 MB,  nocc,nvir = 8,60  blksize = 8,60
    CPU time for ovvv [0:8]      0.22 sec, wall time      0.22 sec
    CPU time for wOVov [0:8]      0.24 sec, wall time      0.24 sec
    CPU time for woVoV [0:8]      0.13 sec, wall time      0.13 sec
    CPU time for contract occ [0:8]      0.70 sec, wall time      0.70 sec
    CPU time for contract loop      1.25 sec, wall time      1.25 sec
    CPU time for update t1 t2      1.27 sec, wall time      1.27 sec
diis-c [ -3.10023993e-06  -6.55526149e-02   1.06555261e+00]
DIIS for step 3
istep = 3  E(CCSD) = -0.38427501078308  dE = -0.000297998585  norm(t1,t2) = 0.00278893
    CPU time for CCSD iter      1.28 sec, wall time      1.28 sec
    CPU time for vvvv-tau      0.00 sec, wall time      0.00 sec
    CPU time for vvvv [0:60]      0.03 sec, wall time      0.03 sec
    CPU time for vvvv      0.55 sec, wall time      0.56 sec
    CPU time for woooo      0.00 sec, wall time      0.00 sec
max_memory 3838 MB,  nocc,nvir = 8,60  blksize = 8,60
    CPU time for ovvv [0:8]      0.23 sec, wall time      0.22 sec
    CPU time for wOVov [0:8]      0.23 sec, wall time      0.24 sec
    CPU time for woVoV [0:8]      0.14 sec, wall time      0.13 sec
    CPU time for contract occ [0:8]      0.71 sec, wall time      0.71 sec
    CPU time for contract loop      1.27 sec, wall time      1.26 sec
    CPU time for update t1 t2      1.29 sec, wall time      1.28 sec
diis-c [ -3.48928575e-07  -3.25059229e-01   1.93754917e-01   1.13130431e+00]
DIIS for step 4
istep = 4  E(CCSD) = -0.384421978446758  dE = -0.000146967664  norm(t1,t2) = 0.00173402
    CPU time for CCSD iter      1.29 sec, wall time      1.29 sec
    CPU time for vvvv-tau      0.00 sec, wall time      0.00 sec
    CPU time for vvvv [0:60]      0.03 sec, wall time      0.03 sec
    CPU time for vvvv      0.55 sec, wall time      0.56 sec
    CPU time for woooo      0.00 sec, wall time      0.00 sec
max_memory 3836 MB,  nocc,nvir = 8,60  blksize = 8,60
    CPU time for ovvv [0:8]      0.23 sec, wall time      0.23 sec
    CPU time for wOVov [0:8]      0.25 sec, wall time      0.24 sec
    CPU time for woVoV [0:8]      0.13 sec, wall time      0.13 sec
    CPU time for contract occ [0:8]      0.72 sec, wall time      0.71 sec
    CPU time for contract loop      1.27 sec, wall time      1.27 sec
    CPU time for update t1 t2      1.29 sec, wall time      1.29 sec
diis-c [ -9.08255006e-08   2.81717277e-02  -8.96911131e-02  -2.23404570e-01
   1.28492396e+00]
DIIS for step 5
istep = 5  E(CCSD) = -0.384388118023273  dE = 3.38604235e-05  norm(t1,t2) = 0.00052007
    CPU time for CCSD iter      1.30 sec, wall time      1.30 sec
    CPU time for vvvv-tau      0.00 sec, wall time      0.00 sec
    CPU time for vvvv [0:60]      0.03 sec, wall time      0.03 sec
    CPU time for vvvv      0.56 sec, wall time      0.56 sec
    CPU time for woooo      0.00 sec, wall time      0.00 sec
max_memory 3834 MB,  nocc,nvir = 8,60  blksize = 8,60
    CPU time for ovvv [0:8]      0.24 sec, wall time      0.23 sec
    CPU time for wOVov [0:8]      0.24 sec, wall time      0.24 sec
    CPU time for woVoV [0:8]      0.13 sec, wall time      0.13 sec
    CPU time for contract occ [0:8]      0.72 sec, wall time      0.72 sec
    CPU time for contract loop      1.28 sec, wall time      1.28 sec
    CPU time for update t1 t2      1.30 sec, wall time      1.30 sec
diis-c [ -5.39957534e-09   8.32489484e-02  -3.13447526e-02  -3.28624649e-01
   2.18259179e-01   1.05846127e+00]
DIIS for step 6
istep = 6  E(CCSD) = -0.384364936915133  dE = 2.31811081e-05  norm(t1,t2) = 0.000221369
    CPU time for CCSD iter      1.31 sec, wall time      1.31 sec
    CPU time for vvvv-tau      0.00 sec, wall time      0.00 sec
    CPU time for vvvv [0:60]      0.03 sec, wall time      0.03 sec
    CPU time for vvvv      0.56 sec, wall time      0.56 sec
    CPU time for woooo      0.01 sec, wall time      0.00 sec
max_memory 3832 MB,  nocc,nvir = 8,60  blksize = 8,60
    CPU time for ovvv [0:8]      0.22 sec, wall time      0.23 sec
    CPU time for wOVov [0:8]      0.25 sec, wall time      0.24 sec
    CPU time for woVoV [0:8]      0.14 sec, wall time      0.13 sec
    CPU time for contract occ [0:8]      0.72 sec, wall time      0.72 sec
    CPU time for contract loop      1.29 sec, wall time      1.29 sec
    CPU time for update t1 t2      1.31 sec, wall time      1.31 sec
diis-c [ -9.89456628e-10  -3.92291760e-03   6.71535538e-03   2.02907921e-02
  -7.74004664e-02  -4.20882443e-02   1.09640548e+00]
DIIS for step 7
istep = 7  E(CCSD) = -0.384368558235796  dE = -3.62132066e-06  norm(t1,t2) = 5.55905e-05
    CPU time for CCSD iter      1.32 sec, wall time      1.32 sec
    CPU time for vvvv-tau      0.00 sec, wall time      0.00 sec
    CPU time for vvvv [0:60]      0.03 sec, wall time      0.04 sec
    CPU time for vvvv      0.57 sec, wall time      0.57 sec
    CPU time for woooo      0.00 sec, wall time      0.00 sec
max_memory 3830 MB,  nocc,nvir = 8,60  blksize = 8,60
    CPU time for ovvv [0:8]      0.24 sec, wall time      0.24 sec
    CPU time for wOVov [0:8]      0.25 sec, wall time      0.25 sec
    CPU time for woVoV [0:8]      0.13 sec, wall time      0.14 sec
    CPU time for contract occ [0:8]      0.74 sec, wall time      0.73 sec
    CPU time for contract loop      1.31 sec, wall time      1.30 sec
    CPU time for update t1 t2      1.33 sec, wall time      1.32 sec
diis-c [ -1.65358172e-10   1.10183514e+00  -2.40527784e-03   2.09899839e-03
   3.14178648e-03  -5.91117199e-02  -4.55589281e-02]
DIIS for step 8
istep = 8  E(CCSD) = -0.384368994596684  dE = -4.36360888e-07  norm(t1,t2) = 2.33774e-05
    CPU time for CCSD iter      1.34 sec, wall time      1.34 sec
    CPU time for vvvv-tau      0.00 sec, wall time      0.00 sec
    CPU time for vvvv [0:60]      0.03 sec, wall time      0.03 sec
    CPU time for vvvv      0.56 sec, wall time      0.57 sec
    CPU time for woooo      0.00 sec, wall time      0.00 sec
max_memory 3829 MB,  nocc,nvir = 8,60  blksize = 8,60
    CPU time for ovvv [0:8]      0.24 sec, wall time      0.24 sec
    CPU time for wOVov [0:8]      0.24 sec, wall time      0.25 sec
    CPU time for woVoV [0:8]      0.14 sec, wall time      0.13 sec
    CPU time for contract occ [0:8]      0.73 sec, wall time      0.73 sec
    CPU time for contract loop      1.29 sec, wall time      1.30 sec
    CPU time for update t1 t2      1.31 sec, wall time      1.32 sec
diis-c [ -1.37330147e-11   3.19010765e-02   1.17703530e+00  -1.32593733e-04
   1.56695290e-02  -4.28014079e-03  -2.20193174e-01]
DIIS for step 9
istep = 9  E(CCSD) = -0.384369734632035  dE = -7.4003535e-07  norm(t1,t2) = 1.06818e-05
    CPU time for CCSD iter      1.32 sec, wall time      1.33 sec
    CPU time for vvvv-tau      0.00 sec, wall time      0.00 sec
    CPU time for vvvv [0:60]      0.04 sec, wall time      0.03 sec
    CPU time for vvvv      0.57 sec, wall time      0.57 sec
    CPU time for woooo      0.00 sec, wall time      0.00 sec
max_memory 3829 MB,  nocc,nvir = 8,60  blksize = 8,60
    CPU time for ovvv [0:8]      0.24 sec, wall time      0.24 sec
    CPU time for wOVov [0:8]      0.25 sec, wall time      0.25 sec
    CPU time for woVoV [0:8]      0.13 sec, wall time      0.13 sec
    CPU time for contract occ [0:8]      0.73 sec, wall time      0.74 sec
    CPU time for contract loop      1.30 sec, wall time      1.30 sec
    CPU time for update t1 t2      1.32 sec, wall time      1.32 sec
diis-c [ -2.01985650e-12  -5.42079955e-02   3.26154239e-02   1.02107881e+00
  -1.35662689e-03   1.64854070e-03   2.21847907e-04]
DIIS for step 10
istep = 10  E(CCSD) = -0.384369731314042  dE = 3.31799216e-09  norm(t1,t2) = 2.66077e-06
    CPU time for CCSD iter      1.33 sec, wall time      1.33 sec
    CPU time for CCSD     14.32 sec, wall time     14.33 sec
CCSD converged
E(CCSD) = -621.8240096497998  E_corr = -0.3843697313140425
    CPU time for EOM-CCSD shared one-electron intermediates      0.02 sec, wall time      0.02 sec
    CPU time for EOM-CCSD shared two-electron intermediates      0.11 sec, wall time      0.11 sec
    CPU time for EOM-CCSD IP intermediates      0.14 sec, wall time      0.14 sec
tol 1e-07  toloose 0.000316228
max_cycle 200  max_space 224  max_memory 2000  incore True
davidson 0 8  |r|= 0.743  e= [ 0.41105274  0.41105274  0.4281491   0.97885876  1.60331256  1.60331256
  1.60326628  2.85586967]  max|de|= 2.86  lindep=    1
davidson 1 16  |r|= 0.133  e= [ 0.33478468  0.33478468  0.35038276  0.77338305  1.44583159  1.44583159
  1.440346    2.65861772]  max|de|= -0.205  lindep= 0.954
davidson 2 22  |r|= 0.245  e= [ 0.33478593  0.33493198  0.35066464  0.76700564  1.44583345  1.44011538
  1.42727066  2.63920764]  max|de|= -0.0194  lindep= 0.859
davidson 3 30  |r|= 0.397  e= [ 0.33493403  0.33511986  0.35089131  0.76579549  1.440069    1.44145142
  1.43552005  2.6480957 ]  max|de|= 0.00889  lindep= 0.835
davidson 4 38  |r|= 0.386  e= [ 0.33512042  0.33513597  0.35091506  0.76541999  1.44135696  1.43959243
  1.44082956  2.66326347]  max|de|= 0.0152  lindep= 0.877
davidson 5 46  |r|= 0.741  e= [ 0.33513623  0.33513738  0.35091409  0.76550198  1.4399289   1.4387377
  1.43586863  2.68277051]  max|de|= 0.0195  lindep= 0.809
davidson 6 54  |r|= 0.452  e= [ 0.3351373   0.33513763  0.35091395  0.76553081  1.43876204  1.44028659
  1.43568921  2.66086524]  max|de|= -0.0219  lindep= 0.833
root 1 converged  |r|= 4.82e-07  e= 0.335137660057  max|de|= 3.25e-08
root 2 converged  |r|= 3.77e-07  e= 0.350913945821  max|de|= -3.55e-09
davidson 7 62  |r|= 0.138  e= [ 0.33513763  0.33513766  0.35091395  0.76551455  1.43994407  1.43939605
  1.43579289  2.65216966]  max|de|= -0.0087  lindep= 0.85
root 0 converged  |r|= 4.23e-07  e= 0.335137661851  max|de|= 3.6e-08
root 1 converged  |r|= 4.23e-07  e= 0.335137661851  max|de|= 3.6e-08
davidson 8 68  |r|= 0.789  e= [ 0.33513766  0.33513766  0.35091394  0.765517    1.43891961  1.43928397
  1.43714913  2.6951364 ]  max|de|= 0.043  lindep= 0.811
davidson 9 73  |r|= 0.512  e= [ 0.33513766  0.33513766  0.35091394  0.76551906  1.43920619  1.4394704
  1.43852231  2.64387065]  max|de|= -0.0513  lindep= 0.849
root 3 converged  |r|= 6.73e-06  e= 0.765519129308  max|de|= 7.28e-08
davidson 10 78  |r|= 0.344  e= [ 0.33513766  0.33513766  0.35091394  0.76551913  1.43967681  1.43938636
  1.43770274  2.65837218]  max|de|= 0.0145  lindep= 0.812
davidson 11 82  |r|= 0.251  e= [ 0.33513766  0.33513766  0.35091394  0.76551909  1.43926019  1.43942246
  1.43807365  2.64663703]  max|de|= -0.0117  lindep= 0.834
davidson 12 86  |r|= 0.212  e= [ 0.33513766  0.33513766  0.35091394  0.76551909  1.43943038  1.43971527
  1.43949996  2.64434318]  max|de|= -0.00229  lindep= 0.817
davidson 13 90  |r|= 0.132  e= [ 0.33513766  0.33513766  0.35091394  0.76551908  1.43946016  1.43963349
  1.43775366  2.65102509]  max|de|= 0.00668  lindep= 0.802
davidson 14 94  |r|= 0.572  e= [ 0.33513766  0.33513766  0.35091394  0.76551908  1.43940767  1.43954371
  1.43822108  2.67558058]  max|de|= 0.0246  lindep= 0.787
davidson 15 98  |r|= 0.16  e= [ 0.33513766  0.33513766  0.35091394  0.76551907  1.43952868  1.43975579
  1.43675359  2.64450461]  max|de|= -0.0311  lindep= 0.784
davidson 16 102  |r|= 0.199  e= [ 0.33513766  0.33513766  0.35091394  0.76551908  1.4383235   1.43936038
  1.43761602  2.65293615]  max|de|= 0.00843  lindep= 0.798
davidson 17 106  |r|= 0.206  e= [ 0.33513766  0.33513766  0.35091394  0.76551909  1.43962594  1.43962377
  1.43902041  2.64195878]  max|de|= -0.011  lindep= 0.821
davidson 18 110  |r|= 0.184  e= [ 0.33513766  0.33513766  0.35091394  0.76551909  1.44063986  1.43949378
  1.43554407  2.64914231]  max|de|= 0.00718  lindep= 0.798
davidson 19 114  |r|= 0.419  e= [ 0.33513766  0.33513766  0.35091394  0.76551909  1.43964439  1.43953238
  1.4372956   2.6359242 ]  max|de|= -0.0132  lindep=  0.8
davidson 20 118  |r|= 0.367  e= [ 0.33513766  0.33513766  0.35091394  0.76551909  1.44223269  1.43959824
  1.43675817  2.63235751]  max|de|= -0.00357  lindep= 0.766
davidson 21 122  |r|= 0.43  e= [ 0.33513766  0.33513766  0.35091394  0.76551909  1.43951058  1.43947932
  1.43838169  2.65011303]  max|de|= 0.0178  lindep= 0.821
davidson 22 126  |r|= 0.416  e= [ 0.33513766  0.33513766  0.35091394  0.76551909  1.4397749   1.43966465
  1.43761545  2.65526162]  max|de|= 0.00515  lindep= 0.819
davidson 23 130  |r|= 0.267  e= [ 0.33513766  0.33513766  0.35091394  0.76551909  1.43963105  1.43955307
  1.44166848  2.64164445]  max|de|= -0.0136  lindep= 0.86
davidson 24 134  |r|= 0.249  e= [ 0.33513766  0.33513766  0.35091394  0.76551909  1.43968885  1.43972992
  1.43805818  2.65678123]  max|de|= 0.0151  lindep= 0.807
davidson 25 138  |r|= 0.292  e= [ 0.33513766  0.33513766  0.35091394  0.76551909  1.43969097  1.439138
  1.439138    2.63955788]  max|de|= -0.0172  lindep= 0.825
davidson 26 141  |r|= 0.188  e= [ 0.33513766  0.33513766  0.35091394  0.76551909  1.43964593  1.43949951
  1.43311036  2.65281051]  max|de|= 0.0133  lindep= 0.807
davidson 27 145  |r|= 0.306  e= [ 0.33513766  0.33513766  0.35091394  0.76551909  1.43971231  1.4391711
  1.43589673  2.65249175]  max|de|= -0.0036  lindep= 0.838
davidson 28 149  |r|= 0.219  e= [ 0.33513766  0.33513766  0.35091394  0.76551909  1.43968816  1.43977069
  1.4352379   2.64567937]  max|de|= -0.00681  lindep= 0.783
davidson 29 153  |r|= 0.152  e= [ 0.33513766  0.33513766  0.35091394  0.76551909  1.43937377  1.43959791
  1.43897172  2.64775731]  max|de|= 0.00373  lindep= 0.829
davidson 30 157  |r|= 0.455  e= [ 0.33513766  0.33513766  0.35091394  0.76551909  1.43969626  1.43969626
  1.43848584  2.64455488]  max|de|= -0.0032  lindep= 0.776
davidson 31 160  |r|= 0.369  e= [ 0.33513766  0.33513766  0.35091394  0.76551909  1.43948348  1.43969444
  1.43911097  2.64882687]  max|de|= 0.00427  lindep= 0.813
davidson 32 164  |r|= 0.362  e= [ 0.33513766  0.33513766  0.35091394  0.76551909  1.43912672  1.43977529
  1.43861757  2.63166458]  max|de|= -0.0172  lindep= 0.811
davidson 33 168  |r|= 0.555  e= [ 0.33513766  1.8638056   0.35091394  0.76551909  1.43948936  1.43961834
  1.43055791  2.64826566]  max|de|= 0.424  lindep= 0.822
davidson 34 173  |r|= 0.439  e= [ 0.33513766  0.33513766  0.35091394  0.76551908  1.43954899  1.4394411
  1.43863784  2.66232715]  max|de|= 0.0141  lindep= 0.829
davidson 35 177  |r|= 0.385  e= [ 0.33513766  0.33513766  0.35091394  0.76551909  1.43984635  1.4391326
  1.43809041  2.65587425]  max|de|= -0.00645  lindep= 0.826
davidson 36 181  |r|= 0.175  e= [ 0.33513766  0.33513766  0.35091394  0.76551909  1.43981933  1.4395041
  1.43885337  2.64874693]  max|de|= -0.00713  lindep= 0.806
davidson 37 185  |r|= 0.399  e= [ 0.33513766  0.33513766  0.35091394  0.76551909  1.43933949  1.44033105
  1.43901807  2.67168867]  max|de|= 0.0229  lindep= 0.821
davidson 38 189  |r|= 0.404  e= [ 0.33513766  0.33513766  0.35091394  0.76551908  1.43990965  1.43950128
  1.43859291  2.67023482]  max|de|= -0.00174  lindep= 0.838
davidson 39 193  |r|= 0.384  e= [ 0.33513766  0.33513766  0.35091394  0.76551908  1.43944959  1.43944959
  1.43837955  2.65941208]  max|de|= -0.0108  lindep= 0.842
davidson 40 196  |r|= 0.274  e= [ 0.33513766  0.33513766  0.35091394  0.76551908  1.43993113  1.43948398
  1.43832877  2.65554304]  max|de|= -0.00387  lindep= 0.815
davidson 41 200  |r|= 0.181  e= [ 0.33513766  0.33513766  0.35091394  0.76551908  1.43947188  1.43954409
  1.43855017  2.64671395]  max|de|= -0.00883  lindep= 0.838
davidson 42 204  |r|= 0.335  e= [ 0.33513766  0.33513766  0.35091394  0.76551908  1.43927055  1.43968954
  1.43881871  2.66491385]  max|de|= 0.0182  lindep= 0.816
davidson 43 208  |r|= 0.235  e= [ 0.33513766  0.33513766  0.35091394  0.76551909  1.43942526  1.44033243
  1.43882646  2.66066828]  max|de|= -0.00425  lindep= 0.81
davidson 44 212  |r|= 0.446  e= [ 0.33513766  0.33513766  0.35091394  0.76551909  1.43934318  1.43940831
  1.43825724  2.63732682]  max|de|= -0.0233  lindep= 0.806
davidson 45 216  |r|= 0.185  e= [ 0.33513766  0.33513766  0.35091394  0.76551909  1.43931999  1.43960571
  1.438282    2.6512692 ]  max|de|= 0.0139  lindep= 0.818
davidson 46 220  |r|= 0.287  e= [ 0.33513766  0.33513766  0.35091394  0.76551909  1.43947517  1.43947517
  1.43831628  2.63167551]  max|de|= -0.0196  lindep= 0.83
davidson 47 7  |r|= 0.287  e= [ 0.33513766  0.33513766  0.35091394  0.76551909  1.43947416  1.43947416
  1.43831628  2.63167551]  max|de|= -1.01e-06  lindep= 0.997
davidson 48 10  |r|= 0.631  e= [ 0.33513766  0.33513766  0.35091394  0.7655191   1.43929662  1.43929662
  1.43749886  2.67531074]  max|de|= 0.0436  lindep= 0.791
davidson 49 13  |r|= 0.437  e= [ 0.33513766  0.33513766  0.35091394  0.7655191   1.43951733  1.43951733
  1.43876587  2.6103472 ]  max|de|= -0.065  lindep= 0.77
davidson 50 16  |r|= 0.322  e= [ 0.33513766  0.33513766  0.35091394  0.76551909  1.43938127  1.43938127
  1.43801894  2.64165673]  max|de|= 0.0313  lindep= 0.662
davidson 51 19  |r|= 0.711  e= [ 0.33513766  0.33513766  0.35091394  0.7655191   1.43945448  1.43945448
  1.43945448  2.69553741]  max|de|= 0.0539  lindep= 0.661
davidson 52 21  |r|= 0.447  e= [ 0.33513767  0.33513766  0.35091394  0.7655191   1.43954625  1.43954625
  1.43800999  2.62185176]  max|de|= -0.0737  lindep= 0.788
davidson 53 24  |r|= 0.372  e= [ 0.33513766  0.33513766  0.35091394  0.76551909  1.43935072  1.43935072
  1.44189544  2.63869936]  max|de|= 0.0168  lindep= 0.767
davidson 54 27  |r|= 0.901  e= [ 0.33513766  0.33513766  0.35091394  0.76551909  1.43961227  1.43961227
  1.43801742  2.56503254]  max|de|= -0.0737  lindep= 0.746
davidson 55 30  |r|= 0.33  e= [ 0.33513766  0.33513766  0.35091394  0.76551909  1.43934815  1.43934815
  1.43692775  2.62501463]  max|de|= 0.06  lindep= 0.774
davidson 56 33  |r|= 0.319  e= [ 0.33513766  0.33513766  0.35091394  0.76551909  1.43954104  1.43954104
  1.43833063  2.63345495]  max|de|= 0.00844  lindep= 0.732
davidson 57 36  |r|= 0.648  e= [ 0.33513766  0.33513767  0.35091394  0.76551909  1.43932911  1.43932911
  1.43625677  2.68542368]  max|de|= 0.052  lindep= 0.69
davidson 58 39  |r|= 0.406  e= [ 0.33513767  0.33513766  0.35091394  0.76551909  1.43814978  1.43926529
  1.43814978  2.6258581 ]  max|de|= -0.0596  lindep= 0.731
davidson 59 42  |r|= 0.67  e= [ 0.33513767  0.33513766  0.35091394  0.76551909  1.43947771  1.43947771
  1.43801626  2.61265059]  max|de|= -0.0132  lindep= 0.769
davidson 60 45  |r|= 0.309  e= [ 0.33513767  0.33513766  0.35091394  0.7655191   1.43921809  1.43921809
  1.43850409  2.63878975]  max|de|= 0.0261  lindep= 0.795
davidson 61 48  |r|= 0.54  e= [ 0.33513767  0.33513766  0.35091394  0.7655191   1.43941652  1.43941652
  1.43826946  2.64578705]  max|de|= 0.007  lindep= 0.776
davidson 62 51  |r|= 0.361  e= [ 0.33513767  0.33513766  0.35091394  0.7655191   1.43934326  1.43934326
  1.43910968  2.61739352]  max|de|= -0.0284  lindep= 0.699
davidson 63 54  |r|= 0.746  e= [ 0.33513767  0.33513766  0.35091394  0.76551909  1.43949461  1.43949461
  1.43820116  2.65725758]  max|de|= 0.0399  lindep= 0.784
davidson 64 57  |r|= 0.59  e= [ 0.33513767  0.33513766  0.35091394  0.76551909  1.43938728  1.43938728
  1.43667083  2.6466471 ]  max|de|= -0.0106  lindep= 0.75
davidson 65 60  |r|= 0.642  e= [ 0.33513767  0.33513766  0.35091394  0.76551909  1.43965196  1.43965196
  1.43822006  2.63833779]  max|de|= -0.00831  lindep= 0.568
davidson 66 63  |r|= 0.597  e= [ 0.33513767  0.33513767  0.35091394  0.76551909  1.43935936  1.43935936
  1.43809669  2.60589384]  max|de|= -0.0324  lindep= 0.722
davidson 67 66  |r|= 0.245  e= [ 0.33513766  0.33513766  0.35091394  0.76551909  1.43967396  1.43967396
  1.43838517  2.62629117]  max|de|= 0.0204  lindep= 0.712
davidson 68 69  |r|= 0.359  e= [ 0.33513766  0.33513766  0.35091394  0.76551909  1.43940269  1.43940269
  1.43794034  2.64287665]  max|de|= 0.0166  lindep= 0.715
davidson 69 72  |r|= 0.292  e= [ 0.33513767  0.33513767  0.35091394  0.76551909  1.43940856  1.43940856
  1.43809645  2.61915588]  max|de|= -0.0237  lindep= 0.803
davidson 70 75  |r|= 0.225  e= [ 0.33513767  0.33513767  0.35091394  0.76551909  1.43964151  1.43964151
  1.43826255  2.63345949]  max|de|= 0.0143  lindep= 0.758
davidson 71 78  |r|= 0.707  e= [ 0.33513767  0.33513767  0.35091394  0.76551909  1.43956346  1.43956346
  1.43815148  2.60374709]  max|de|= -0.0297  lindep= 0.838
davidson 72 81  |r|= 0.712  e= [ 0.33513767  0.33513767  0.35091394  0.76551909  1.43955838  1.43955838
  1.43714542  2.63808415]  max|de|= 0.0343  lindep= 0.792
davidson 73 84  |r|= 0.303  e= [ 0.33513767  0.33513767  0.35091394  0.76551909  1.43904654  1.43904654
  1.43876096  2.64299132]  max|de|= 0.00491  lindep= 0.814
davidson 74 87  |r|= 0.642  e= [ 0.33513767  0.33513767  0.35091394  0.76551909  1.43981537  1.43981537
  1.43832801  2.64187359]  max|de|= -0.00112  lindep= 0.763
davidson 75 90  |r|= 0.274  e= [ 0.33513767  0.33513767  0.35091394  0.7655191   1.43928349  1.43928349
  1.4379434   2.61208638]  max|de|= -0.0298  lindep= 0.795
davidson 76 93  |r|= 0.226  e= [ 0.33513767  0.33513767  0.35091394  0.7655191   1.43952702  1.43952702
  1.438336    2.63478284]  max|de|= 0.0227  lindep= 0.802
davidson 77 96  |r|= 0.738  e= [ 0.33513767  0.33513767  0.35091394  0.7655191   1.43934013  1.43934013
  1.43818863  2.68480645]  max|de|= 0.05  lindep= 0.77
davidson 78 99  |r|= 0.196  e= [ 0.33513767  0.33513767  0.35091394  0.7655191   1.43943668  1.43943668
  1.43809805  2.62582568]  max|de|= -0.059  lindep= 0.787
davidson 79 102  |r|= 0.234  e= [ 0.33513767  0.33513767  0.35091394  0.7655191   1.43949802  1.43949802
  1.43840969  2.6403121 ]  max|de|= 0.0145  lindep= 0.785
davidson 80 105  |r|= 0.343  e= [ 0.33513767  0.33513767  0.35091394  0.7655191   1.43929845  1.43929845
  1.4379295   2.60326118]  max|de|= -0.0371  lindep= 0.803
davidson 81 108  |r|= 0.218  e= [ 0.33513767  0.33513767  0.35091394  0.7655191   1.43957788  1.43957788
  1.43811223  2.62880994]  max|de|= 0.0255  lindep=  0.8
davidson 82 111  |r|= 0.213  e= [ 0.33513767  0.33513767  0.35091394  0.7655191   1.43934331  1.43934331
  1.43824011  2.63450083]  max|de|= 0.00569  lindep= 0.829
davidson 83 114  |r|= 0.326  e= [ 0.33513767  0.33513767  0.35091394  0.7655191   1.43933977  1.43933977
  1.43821464  2.64378605]  max|de|= 0.00929  lindep= 0.811
davidson 84 117  |r|= 0.336  e= [ 0.33513767  0.33513767  0.35091394  0.7655191   1.43944096  1.43944096
  1.4384248   2.61044707]  max|de|= -0.0333  lindep= 0.806
davidson 85 120  |r|= 0.446  e= [ 0.33513767  0.33513767  0.35091394  0.7655191   1.43992567  1.43992567
  1.43832245  2.6419556 ]  max|de|= 0.0315  lindep= 0.841
davidson 86 123  |r|= 0.453  e= [ 0.33513767  0.33513767  0.35091394  0.7655191   1.43936068  1.43936068
  1.43838297  2.62420891]  max|de|= -0.0177  lindep= 0.798
davidson 87 126  |r|= 0.173  e= [ 0.33513767  0.33513767  0.35091394  0.7655191   1.43952759  1.43952759
  1.43821287  2.63644874]  max|de|= 0.0122  lindep= 0.792
davidson 88 129  |r|= 0.59  e= [ 0.33513767  0.33513767  0.35091394  0.7655191   1.43952158  1.43952158
  1.43886348  2.65776572]  max|de|= 0.0213  lindep= 0.827
davidson 89 132  |r|= 0.349  e= [ 0.33513767  0.33513767  0.35091394  0.7655191   1.439605    1.439605
  1.43826444  2.616782  ]  max|de|= -0.041  lindep= 0.776
davidson 90 135  |r|= 0.212  e= [ 0.33513767  0.33513767  0.35091394  0.7655191   1.43922273  1.43922273
  1.43892504  2.63945507]  max|de|= 0.0227  lindep= 0.817
davidson 91 138  |r|= 0.53  e= [ 0.33513767  0.33513767  0.35091394  0.7655191   1.44075413  1.44075413
  1.43822744  2.67401852]  max|de|= 0.0346  lindep= 0.814
davidson 92 141  |r|= 0.27  e= [ 0.33513767  0.33513767  0.35091394  0.7655191   1.43942299  1.43942299
  1.43850417  2.63626563]  max|de|= -0.0378  lindep= 0.811
davidson 93 144  |r|= 0.348  e= [ 0.33513767  0.33513767  0.35091394  0.7655191   1.43954957  1.43954957
  1.43829107  2.63554684]  max|de|= -0.000719  lindep= 0.81
davidson 94 147  |r|= 0.324  e= [ 0.33513767  0.33513767  0.35091394  0.7655191   1.4394372   1.4394372
  1.43851539  2.63730429]  max|de|= 0.00176  lindep= 0.846
davidson 95 150  |r|= 0.367  e= [ 0.33513767  0.33513767  0.35091394  0.7655191   1.43791724  1.43930262
  1.43791724  2.66532366]  max|de|= 0.028  lindep= 0.824
davidson 96 153  |r|= 0.199  e= [ 0.33513767  0.33513767  0.35091394  0.7655191   1.43939067  1.43939067
  1.43867924  2.62786665]  max|de|= -0.0375  lindep= 0.834
davidson 97 156  |r|= 0.464  e= [ 0.33513767  0.33513767  0.35091394  0.7655191   1.43950692  1.43950692
  1.43835124  2.64598627]  max|de|= 0.0181  lindep= 0.825
davidson 98 159  |r|= 0.271  e= [ 0.33513767  0.33513767  0.35091394  0.7655191   1.4395359   1.4395359
  1.43868458  2.64277334]  max|de|= -0.00321  lindep= 0.814
davidson 99 162  |r|= 0.299  e= [ 0.33513767  0.33513767  0.35091394  0.7655191   1.43924657  1.43924657
  1.43805329  2.62134281]  max|de|= -0.0214  lindep= 0.77
davidson 100 165  |r|= 0.181  e= [ 0.33513767  0.33513767  0.35091394  0.7655191   1.43972534  1.43972534
  1.43849707  2.63702133]  max|de|= 0.0157  lindep= 0.836
davidson 101 168  |r|= 0.417  e= [ 0.33513767  0.33513767  0.35091394  0.7655191   1.535054    1.43924353
  1.43861274  2.65268763]  max|de|= 0.0966  lindep= 0.81
davidson 102 172  |r|= 0.391  e= [ 0.33513767  0.33513767  0.35091394  0.7655191   1.439549    1.439549
  1.43849181  2.62646508]  max|de|= -0.0262  lindep= 0.822
davidson 103 175  |r|= 0.452  e= [ 0.33513767  0.33513767  0.35091394  0.7655191   1.43966328  1.43966328
  1.43821427  2.628485  ]  max|de|= 0.00202  lindep= 0.841
davidson 104 178  |r|= 0.435  e= [ 0.33513767  0.33513767  0.35091394  0.7655191   1.43937796  1.43937796
  1.43833413  2.6499475 ]  max|de|= 0.0215  lindep= 0.826
davidson 105 181  |r|= 0.233  e= [ 0.33513767  0.33513767  0.35091394  0.7655191   1.43938109  1.43938109
  1.4382284   2.6333754 ]  max|de|= -0.0166  lindep= 0.825
davidson 106 184  |r|= 0.307  e= [ 0.33513767  0.33513767  0.35091394  0.7655191   1.4449353   1.43962572
  1.43835745  2.64645569]  max|de|= 0.0131  lindep= 0.809
davidson 107 188  |r|= 0.321  e= [ 0.33513767  0.33513767  0.35091394  0.7655191   1.47620467  1.43949
  1.43833377  2.62984133]  max|de|= 0.0313  lindep= 0.82
davidson 108 192  |r|= 0.296  e= [ 0.33513767  0.33513767  0.35091394  0.7655191   1.43944053  1.43944053
  1.43832648  2.63503435]  max|de|= 0.00519  lindep= 0.815
davidson 109 195  |r|= 0.268  e= [ 0.33513767  0.33513767  0.35091394  0.7655191   1.43948118  1.43948118
  1.43856794  2.64903668]  max|de|= 0.014  lindep= 0.829
davidson 110 198  |r|= 0.55  e= [ 0.33513767  0.33513767  0.35091394  0.7655191   1.40998486  1.43940352
  1.43852369  2.64469065]  max|de|= 1.07  lindep= 0.796
davidson 111 202  |r|= 0.19  e= [ 0.33513767  0.33513767  0.35091394  0.7655191   1.4697523   1.43952654
  1.43853229  2.63676542]  max|de|= 0.0598  lindep= 0.805
davidson 112 206  |r|= 0.357  e= [ 0.33513767  0.33513767  0.35091394  0.7655191   1.43796105  1.43980765
  1.43879871  2.62549482]  max|de|= -0.0113  lindep= 0.833
davidson 113 210  |r|= 0.202  e= [ 0.33513767  0.33513767  0.35091394  0.7655191   1.43937444  1.43937444
  1.43834078  2.64419683]  max|de|= 0.0187  lindep= 0.815
davidson 114 213  |r|= 0.271  e= [ 0.33513767  0.33513767  0.35091394  0.7655191   1.43936328  1.43885698
  1.43885698  2.62309474]  max|de|= -0.0211  lindep= 0.828
davidson 115 216  |r|= 0.236  e= [ 0.33513767  0.33513767  0.35091394  0.7655191   1.43951038  1.43951038
  1.43837713  2.64416031]  max|de|= 0.0211  lindep= 0.823
davidson 116 219  |r|= 0.257  e= [ 0.33513767  0.33513767  0.35091394  0.7655191   1.46881964  1.43947538
  1.43819345  2.62473299]  max|de|= 0.0304  lindep= 0.821
davidson 117 8  |r|= 0.257  e= [ 0.33513767  0.33513767  0.35091394  0.7655191   1.46881964  1.43947538
  1.43819345  2.62473299]  max|de|= 7.22e-15  lindep= 0.99
davidson 118 12  |r|= 0.59  e= [ 0.33513767  0.33513767  0.35091394  0.7655191   1.43810395  1.43939716
  1.43810395  2.65570834]  max|de|= 0.031  lindep= 0.749
davidson 119 15  |r|= 0.28  e= [ 0.33513767  0.33513767  0.35091394  0.7655191   1.46651447  1.43941205
  1.43884247  2.61231269]  max|de|= -0.0434  lindep= 0.801
davidson 120 19  |r|= 0.241  e= [ 0.33513767  0.33513767  0.35091394  0.7655191   1.45745515  1.43949109
  1.43847931  2.62811211]  max|de|= 0.0158  lindep= 0.797
davidson 121 23  |r|= 0.704  e= [ 0.33513767  0.33513767  0.35091394  0.7655191   1.473707    1.43952385
  1.43892939  2.66983561]  max|de|= 0.0417  lindep= 0.779
davidson 122 27  |r|= 0.307  e= [ 0.33513767  0.33513767  0.35091394  0.7655191   1.46814513  1.43945374
  1.43851335  2.61574465]  max|de|= -0.0541  lindep= 0.798
davidson 123 31  |r|= 0.442  e= [ 0.33513767  0.33513767  0.35091394  0.7655191   1.43043899  1.43946135
  1.44251738  2.63399298]  max|de|= 0.0182  lindep= 0.697
davidson 124 35  |r|= 1.08  e= [ 0.33513767  0.33513767  0.35091394  0.7655191   1.46681525  1.43947016
  1.41923598  2.67110582]  max|de|= 0.0371  lindep= 0.771
davidson 125 39  |r|= 0.241  e= [ 0.33513767  0.33513767  0.35091394  0.7655191   1.43954246  1.43954246
  1.43821833  2.61255397]  max|de|= -0.0586  lindep= 0.783
davidson 126 42  |r|= 0.356  e= [ 0.33513767  0.33513767  0.35091394  0.7655191   1.45748871  1.43946804
  1.43867744  2.62721612]  max|de|= 0.0193  lindep= 0.739
davidson 127 46  |r|= 0.95  e= [ 0.33513767  0.33513767  0.35091394  0.7655191   1.46078841  1.43952557
  1.43863262  2.7126179 ]  max|de|= 0.0854  lindep= 0.738
davidson 128 50  |r|= 0.486  e= [ 0.33513767  0.33513767  0.35091394  0.7655191   1.45443907  1.43937357
  1.43840068  2.60846238]  max|de|= -0.104  lindep= 0.685
davidson 129 54  |r|= 0.526  e= [ 0.33513767  0.33513767  0.35091394  0.7655191   1.45579826  1.43945912
  1.43812016  2.63824325]  max|de|= 0.0298  lindep= 0.746
davidson 130 58  |r|= 0.385  e= [ 0.33513767  0.33513767  0.35091394  0.7655191   1.45511174  1.43950328
  1.43831146  2.60577085]  max|de|= -0.0325  lindep= 0.728
davidson 131 62  |r|= 0.23  e= [ 0.33513767  0.33513767  0.35091394  0.7655191   1.45231648  1.4393705
  1.43848534  2.6255449 ]  max|de|= 0.0198  lindep= 0.729
davidson 132 66  |r|= 0.455  e= [ 0.33513767  0.33513767  0.35091394  0.7655191   1.46113645  1.43948442
  1.43871882  2.60253456]  max|de|= -0.023  lindep= 0.771
davidson 133 70  |r|= 0.478  e= [ 0.33513767  0.33513767  0.35091394  0.7655191   1.40316866  1.4389955
  1.4384786   2.62678253]  max|de|= -0.058  lindep= 0.814
davidson 134 74  |r|= 0.506  e= [ 0.33513767  0.33513767  0.35091394  0.7655191   1.43943223  1.43943223
  1.43905105  2.63592271]  max|de|= 0.00914  lindep= 0.791
davidson 135 77  |r|= 0.315  e= [ 0.33513767  0.33513767  0.35091394  0.7655191   1.4528772   1.4388949
  1.43801812  2.60855698]  max|de|= -0.0274  lindep= 0.809
davidson 136 81  |r|= 0.308  e= [ 0.33513767  0.33513767  0.35091394  0.7655191   1.44990403  1.43945131
  1.4402123   2.62712413]  max|de|= 0.0186  lindep= 0.81
davidson 137 85  |r|= 0.581  e= [ 0.33513767  0.33513767  0.35091394  0.7655191   1.4644748   1.4394233
  1.43845585  2.65861995]  max|de|= 0.0315  lindep= 0.804
davidson 138 89  |r|= 0.357  e= [ 0.33513767  0.33513767  0.35091394  0.7655191   1.45389401  1.43942669
  1.43846814  2.62562914]  max|de|= -0.033  lindep= 0.815
davidson 139 93  |r|= 0.614  e= [ 0.33513767  0.33513767  0.35091394  0.7655191   1.43069342  1.43950978
  1.43867487  2.61395592]  max|de|= -0.0232  lindep= 0.797
davidson 140 97  |r|= 0.689  e= [ 0.33513767  0.33513767  0.35091394  0.7655191   1.45362891  1.43955638
  1.43845321  2.65498969]  max|de|= 0.041  lindep= 0.796
davidson 141 101  |r|= 0.262  e= [ 0.33513767  0.33513767  0.35091394  0.7655191   1.42870288  1.43945618
  1.43844635  2.61072103]  max|de|= -0.0443  lindep= 0.824
davidson 142 105  |r|= 0.375  e= [ 0.33513767  0.33513767  0.35091394  0.7655191   1.46013647  1.4394802
  1.43862877  2.6132987 ]  max|de|= 0.0314  lindep= 0.793
davidson 143 109  |r|= 0.375  e= [ 0.33513767  0.33513766  0.35091394  0.7655191   1.44272959  1.43943556
  1.43838847  2.62724219]  max|de|= -0.0174  lindep= 0.807
davidson 144 113  |r|= 0.366  e= [ 0.33513767  0.33513767  0.35091394  0.7655191   1.40524034  1.43948512
  1.4384084   2.62072248]  max|de|= -0.0375  lindep= 0.797
davidson 145 117  |r|= 0.351  e= [ 0.33513767  0.33513766  0.35091394  0.7655191   1.44847229  1.43952701
  1.43898116  2.61912874]  max|de|= 0.0432  lindep= 0.811
davidson 146 121  |r|= 0.596  e= [ 0.33513767  0.33513766  0.35091394  0.7655191   1.42054431  1.43941815
  1.43817632  2.64631816]  max|de|= -0.0279  lindep= 0.788
davidson 147 125  |r|= 0.362  e= [ 0.33513767  0.33513766  0.35091394  0.7655191   1.45529732  1.439457
  1.44010712  2.6132652 ]  max|de|= 0.0348  lindep= 0.791
davidson 148 129  |r|= 0.23  e= [ 0.33513767  0.33513766  0.35091394  0.7655191   1.44828923  1.43949416
  1.43840335  2.61919623]  max|de|= -0.00701  lindep= 0.787
davidson 149 133  |r|= 0.308  e= [ 0.33513767  0.33513766  0.35091394  0.7655191   1.46198291  1.43947536
  1.4386298   2.6374008 ]  max|de|= 0.0182  lindep= 0.807
davidson 150 137  |r|= 0.247  e= [ 0.33513767  0.33513766  0.35091394  0.7655191   1.43949741  1.43949741
  1.43824634  2.61146522]  max|de|= -0.0259  lindep= 0.791
davidson 151 140  |r|= 0.484  e= [ 0.33513767  0.33513766  0.35091394  0.7655191   1.43903721  1.43934819
  1.43648672  2.63668317]  max|de|= 0.0252  lindep= 0.793
davidson 152 144  |r|= 0.486  e= [ 0.33513767  0.33513766  0.35091394  0.7655191   1.439454    1.439454
  1.43777909  2.6134803 ]  max|de|= -0.0232  lindep= 0.778
davidson 153 147  |r|= 0.195  e= [ 0.33513767  0.33513766  0.35091394  0.7655191   1.43368399  1.43945152
  1.438371    2.62312372]  max|de|= 0.00964  lindep= 0.77
davidson 154 151  |r|= 0.519  e= [ 0.33513767  0.33513766  0.35091394  0.7655191   1.44696245  1.43947758
  1.43857715  2.65865488]  max|de|= 0.0355  lindep= 0.818
davidson 155 155  |r|= 0.396  e= [ 0.33513767  0.33513766  0.35091394  0.7655191   1.42845141  1.4395979
  1.43835534  2.62210009]  max|de|= -0.0366  lindep= 0.801
davidson 156 159  |r|= 0.309  e= [ 0.33513767  0.33513766  0.35091394  0.7655191   1.43947177  1.43947177
  1.43834201  2.61430822]  max|de|= -0.00779  lindep= 0.774
davidson 157 162  |r|= 0.641  e= [ 0.33513767  0.33513766  0.35091394  0.76551911  1.45426799  1.43941892
  1.43849128  2.63659564]  max|de|= 0.0223  lindep= 0.78
davidson 158 166  |r|= 0.542  e= [ 0.33513767  0.33513766  0.35091394  0.76551911  1.43577492  1.43948553
  1.43834519  2.63859275]  max|de|= -0.00272  lindep= 0.804
davidson 159 170  |r|= 0.584  e= [ 0.33513767  0.33513766  0.35091394  0.76551911  1.43363083  1.43944033
  1.43840005  2.66087011]  max|de|= 0.0223  lindep= 0.805
davidson 160 174  |r|= 0.343  e= [ 0.33513767  0.33513766  0.35091394  0.76551911  1.43948894  1.43948894
  1.43867046  2.6283745 ]  max|de|= -0.0325  lindep= 0.759
davidson 161 177  |r|= 0.284  e= [ 0.33513767  0.33513766  0.35091394  0.76551911  1.43797346  1.43949134
  1.43797346  2.63041901]  max|de|= 0.00204  lindep= 0.833
davidson 162 180  |r|= 0.714  e= [ 0.33513767  0.33513766  0.35091394  0.76551911  1.43944068  1.43944068
  1.43861     2.6867875 ]  max|de|= 0.0564  lindep= 0.783
davidson 163 183  |r|= 0.295  e= [ 0.33513767  0.33513766  0.35091394  0.76551911  1.42950005  1.43948548
  1.43840691  2.61406169]  max|de|= -0.0727  lindep= 0.801
davidson 164 187  |r|= 0.335  e= [ 0.33513767  0.33513766  0.35091394  0.76551911  1.44033845  1.43926836
  1.43830738  2.62863187]  max|de|= 0.0146  lindep= 0.791
davidson 165 191  |r|= 0.582  e= [ 0.33513767  0.33513766  0.35091394  0.76551911  1.4347873   1.43961965
  1.43853546  2.68805671]  max|de|= 0.0594  lindep= 0.803
davidson 166 195  |r|= 0.249  e= [ 0.33513767  0.33513766  0.35091394  0.76551911  1.43523294  1.43944869
  1.43836049  2.62953572]  max|de|= -0.0585  lindep= 0.81
davidson 167 199  |r|= 0.533  e= [ 0.33513767  0.33513766  0.35091394  0.76551911  1.4377423   1.43949731
  1.43880819  2.63691731]  max|de|= 0.00738  lindep= 0.809
davidson 168 203  |r|= 0.356  e= [ 0.33513767  0.33513766  0.35091394  0.76551911  1.45018619  1.43943066
  1.43839325  2.61513915]  max|de|= -0.0218  lindep= 0.807
davidson 169 207  |r|= 0.336  e= [ 0.33513767  0.33513766  0.35091394  0.76551911  1.43943321  1.43943321
  1.43802064  2.63086321]  max|de|= 0.0157  lindep= 0.808
davidson 170 210  |r|= 0.332  e= [ 0.33513767  0.33513766  0.35091394  0.76551911  1.44115032  1.43949465
  1.43839331  2.63695007]  max|de|= 0.00609  lindep= 0.789
davidson 171 214  |r|= 0.225  e= [ 0.33513767  0.33513766  0.35091394  0.76551911  1.44185192  1.43945184
  1.43845512  2.61811715]  max|de|= -0.0188  lindep= 0.798
davidson 172 218  |r|= 0.407  e= [ 0.33513767  0.33513766  0.35091394  0.76551911  1.44291528  1.43939771
  1.43841937  2.65206985]  max|de|= 0.034  lindep= 0.811
davidson 173 8  |r|= 0.407  e= [ 0.33513767  0.33513766  0.35091394  0.76551911  1.44291528  1.43939771
  1.43841937  2.65206985]  max|de|= 6.66e-15  lindep= 0.989
davidson 174 12  |r|= 0.816  e= [ 0.33513767  0.33513766  0.35091394  0.76551911  1.43920449  1.43920449
  1.43848245  2.71159512]  max|de|= 0.0595  lindep= 0.734
davidson 175 15  |r|= 0.463  e= [ 0.33513767  0.33513766  0.35091394  0.76551911  1.43997569  1.4395108
  1.43749646  2.6282303 ]  max|de|= -0.0834  lindep= 0.779
davidson 176 19  |r|= 0.339  e= [ 0.33513767  0.33513767  0.35091394  0.76551911  1.44169695  1.43926712
  1.43837381  2.6592688 ]  max|de|= 0.031  lindep= 0.768
davidson 177 23  |r|=    1  e= [ 0.33513767  0.33513766  0.35091394  0.76551911  1.44442085  1.44007127
  1.43836201  2.74612918]  max|de|= 0.0869  lindep= 0.777
davidson 178 27  |r|= 0.378  e= [ 0.33513767  0.33513766  0.35091394  0.76551911  1.44343733  1.43936093
  1.43843738  2.63317065]  max|de|= -0.113  lindep= 0.751
davidson 179 31  |r|= 0.327  e= [ 0.33513767  0.33513766  0.35091394  0.76551911  1.44551792  1.43787614
  1.43862865  2.66106948]  max|de|= 0.0279  lindep= 0.737
davidson 180 35  |r|= 0.978  e= [ 0.33513767  0.33513767  0.35091394  0.76551911  1.44847747  1.43939845
  1.43855402  2.76703761]  max|de|= 0.106  lindep= 0.733
davidson 181 39  |r|= 0.304  e= [ 0.33513767  0.33513767  0.35091394  0.76551911  1.43396042  1.43905406
  1.43838048  2.63557843]  max|de|= -0.131  lindep= 0.678
davidson 182 43  |r|= 0.32  e= [ 0.33513767  0.33513767  0.35091394  0.76551912  1.43925005  1.43938282
  1.43734414  2.66242798]  max|de|= 0.0268  lindep= 0.685
davidson 183 47  |r|= 0.764  e= [ 0.33513767  0.33513767  0.35091394  0.76551912  1.43492905  1.43893188
  1.43822822  2.76100551]  max|de|= 0.0986  lindep= 0.735
davidson 184 51  |r|= 0.329  e= [ 0.33513767  0.33513767  0.35091394  0.76551912  1.43842614  1.43954614
  1.43842614  2.63295328]  max|de|= -0.128  lindep= 0.726
davidson 185 54  |r|=  0.6  e= [ 0.33513767  0.33513767  0.35091394  0.76551912  1.44346802  1.43948963
  1.43848088  2.67791045]  max|de|= 0.045  lindep= 0.721
davidson 186 58  |r|= 0.755  e= [ 0.33513767  0.33513767  0.35091394  0.76551912  1.44219313  1.43992958
  1.43809449  2.72145061]  max|de|= 0.0435  lindep= 0.738
davidson 187 62  |r|= 0.327  e= [ 0.33513767  0.33513767  0.35091394  0.76551912  1.42595708  1.43912534
  1.43852755  2.63292765]  max|de|= -0.0885  lindep= 0.71
davidson 188 66  |r|= 0.37  e= [ 0.33513767  0.33513767  0.35091394  0.76551912  1.45033836  1.44133931
  1.43798754  2.66222439]  max|de|= 0.0293  lindep= 0.742
davidson 189 70  |r|= 0.593  e= [ 0.33513767  0.33513767  0.35091394  0.76551912  1.44258873  1.43927716
  1.43832884  2.6144146 ]  max|de|= -0.0478  lindep= 0.672
davidson 190 74  |r|= 0.54  e= [ 0.33513767  0.33513767  0.35091394  0.76551912  1.43534674  1.43940976
  1.43829934  2.66783717]  max|de|= 0.0534  lindep= 0.796
davidson 191 78  |r|= 0.601  e= [ 0.33513767  0.33513767  0.35091394  0.76551912  1.44105888  1.43969793
  1.43859763  2.66652539]  max|de|= 0.00571  lindep= 0.726
davidson 192 82  |r|= 0.462  e= [ 0.33513767  0.33513767  0.35091394  0.76551912  1.44353737  1.43938714
  1.43838919  2.63691383]  max|de|= -0.0296  lindep= 0.783
davidson 193 86  |r|= 0.459  e= [ 0.33513767  0.33513767  0.35091394  0.76551912  1.44331567  1.43945302
  1.43853892  2.65678512]  max|de|= 0.0199  lindep= 0.79
davidson 194 90  |r|= 0.443  e= [ 0.33513767  0.33513767  0.35091394  0.76551912  1.43603542  1.43943387
  1.43828478  2.64218834]  max|de|= -0.0146  lindep= 0.81
davidson 195 94  |r|= 0.511  e= [ 0.33513767  0.33513767  0.35091394  0.76551912  1.44147113  1.43945984
  1.43797564  2.62530302]  max|de|= -0.0169  lindep= 0.79
davidson 196 98  |r|= 0.536  e= [ 0.33513767  0.33513767  0.35091394  0.76551912  1.44018657  1.44018657
  1.43851089  2.63841795]  max|de|= 0.0131  lindep= 0.791
davidson 197 101  |r|= 0.359  e= [ 0.33513767  0.33513767  0.35091394  0.76551912  1.44278731  1.43942427
  1.43847812  2.66536303]  max|de|= 0.0269  lindep= 0.793
davidson 198 105  |r|= 0.505  e= [ 0.33513767  0.33513767  0.35091394  0.76551912  1.4408636   1.43934945
  1.43820605  2.64258141]  max|de|= -0.0228  lindep= 0.827
davidson 199 109  |r|= 0.388  e= [ 0.33513767  0.33513767  0.35091394  0.76551912  1.44558534  1.43966773
  1.43836178  2.64451099]  max|de|= 0.00472  lindep= 0.823
IP root 0 E = 0.3351376667479487  qpwt = 0.957532  conv = True
IP root 1 E = 0.3351376650079992  qpwt = 0.957532  conv = True
IP root 2 E = 0.3509139402475269  qpwt = 0.956913  conv = True
IP root 3 E = 0.7655191172228537  qpwt = 0.744286  conv = True
IP root 4 E = 1.445585339244346  qpwt = 0.491354  conv = False
IP root 5 E = 1.439667729895278  qpwt = 0.938344  conv = False
IP root 6 E = 1.438361784992765  qpwt = 0.926697  conv = False
IP root 7 E = 2.644510990619876  qpwt = 0.47981  conv = False
    CPU time for IP-CCSD     95.44 sec, wall time     95.48 sec
    CPU time for EOM-CCSD shared one-electron intermediates      0.02 sec, wall time      0.02 sec
    CPU time for EOM-CCSD EA intermediates      2.24 sec, wall time      2.25 sec
tol 1e-07  toloose 0.000316228
max_cycle 200  max_space 236  max_memory 2000  incore True
davidson 0 12  |r|= 0.148  e= [-0.01480769  0.04914867  0.04914867  0.08370605  0.10140162  0.2171899
  0.2171899   0.24927667  0.26291365  0.26291365  0.31455026  0.31455026]  max|de|= 0.315  lindep=    1
davidson 1 24  |r|= 0.0257  e= [-0.0213078   0.04370358  0.04370358  0.07702126  0.08831704  0.20592449
  0.20592449  0.23739866  0.25307005  0.25306574  0.29498727  0.29498727]  max|de|= -0.0196  lindep= 0.96
davidson 2 33  |r|= 0.031  e= [-0.02160414  0.04366806  0.0435148   0.07648941  0.08783354  0.20581488
  0.20548335  0.23659906  0.25279556  0.25279366  0.29475031  0.29364275]  max|de|= -0.00134  lindep= 0.925
davidson 3 45  |r|= 0.0146  e= [-0.02158961  0.04351792  0.04353796  0.07647384  0.08782938  0.20548807
  0.20545774  0.23654938  0.25270323  0.25270355  0.29357824  0.29339767]  max|de|= -0.00117  lindep= 0.84
root 0 converged  |r|= 9.23e-05  e= -0.0215895725454  max|de|= 3.37e-08
davidson 4 57  |r|= 0.0216  e= [-0.02158957  0.04353663  0.04353694  0.07647045  0.08782984  0.20545147
  0.20543737  0.23651119  0.25260379  0.25260467  0.29314152  0.29268273]  max|de|= -0.000715  lindep= 0.849
davidson 5 68  |r|= 0.0282  e= [-0.02158975  0.04353709  0.04353729  0.07647067  0.08782922  0.20543864
  0.2054321   0.23650231  0.25257811  0.25257826  0.29362416  0.29385033]  max|de|= 0.00117  lindep= 0.843
davidson 6 80  |r|= 0.00997  e= [-0.02159002  0.04353734  0.04353742  0.07647079  0.08782909  0.20543584
  0.20543472  0.23649779  0.25256201  0.25256169  0.29317501  0.29302216]  max|de|= -0.000675  lindep= 0.815
root 0 converged  |r|= 2.52e-06  e= -0.0215899798406  max|de|= 3.53e-08
root 1 converged  |r|= 4.65e-06  e= 0.0435373947305  max|de|= 5.8e-08
root 2 converged  |r|= 2.23e-06  e= 0.043537381406  max|de|= -3.67e-08
root 3 converged  |r|= 3.55e-06  e= 0.0764707413892  max|de|= -5.01e-08
davidson 7 92  |r|= 0.00586  e= [-0.02158998  0.04353739  0.04353738  0.07647074  0.08782895  0.20543428
  0.20543322  0.23649075  0.25254639  0.25254624  0.29292248  0.29297534]  max|de|= -0.0002  lindep= 0.848
root 4 converged  |r|= 1.1e-06  e= 0.0878289647019  max|de|= 1.82e-08
root 6 converged  |r|= 8.51e-05  e= 0.205433248679  max|de|= 2.47e-08
davidson 8 100  |r|= 0.00539  e= [-0.02158998  0.04353739  0.04353738  0.07647074  0.08782896  0.20543362
  0.20543325  0.23649024  0.25253351  0.25253351  0.29285421  0.29293561]  max|de|= -6.83e-05  lindep= 0.839
root 5 converged  |r|= 2.6e-05  e= 0.205433577315  max|de|= -4.14e-08
davidson 9 105  |r|= 0.00544  e= [-0.02158998  0.04353739  0.04353738  0.07647074  0.08782897  0.20543358
  0.20543326  0.2364901   0.25253353  0.2525299   0.29285338  0.29272625]  max|de|= -0.000128  lindep= 0.793
davidson 10 110  |r|= 0.00425  e= [-0.02158998  0.04353739  0.04353738  0.07647074  0.08782897  0.20543357
  0.20543325  0.23648965  0.25252994  0.25252833  0.29267848  0.29261298]  max|de|= -0.000175  lindep= 0.792
davidson 11 115  |r|= 0.0032  e= [-0.02158998  0.04353739  0.04353738  0.07647074  0.08782897  0.20543356
  0.20543324  0.23648945  0.25252833  0.25252847  0.29259928  0.29257282]  max|de|= -7.92e-05  lindep= 0.827
root 7 converged  |r|= 4.86e-06  e= 0.236489460852  max|de|= 1.18e-08
root 9 converged  |r|= 9.18e-06  e= 0.252528559952  max|de|= 8.82e-08
davidson 12 120  |r|= 0.00196  e= [-0.02158998  0.04353739  0.04353738  0.07647074  0.08782897  0.20543356
  0.20543324  0.23648946  0.25252847  0.25252856  0.29254828  0.29252799]  max|de|= -5.1e-05  lindep= 0.818
root 8 converged  |r|= 9.13e-06  e= 0.25252855611  max|de|= 8.74e-08
davidson 13 123  |r|= 0.00128  e= [-0.02158998  0.04353739  0.04353738  0.07647074  0.08782897  0.20543356
  0.20543323  0.23648946  0.25252856  0.25252856  0.29252648  0.29252101]  max|de|= -2.18e-05  lindep= 0.833
davidson 14 125  |r|= 0.000877  e= [-0.02158998  0.04353739  0.04353738  0.07647074  0.08782897  0.20543357
  0.20543326  0.23648946  0.25252856  0.25252856  0.29252033  0.29251549]  max|de|= -6.16e-06  lindep= 0.825
davidson 15 127  |r|= 0.000726  e= [-0.02158998  0.04353739  0.04353738  0.07647074  0.08782897  0.20543356
  0.20543327  0.23648946  0.25252856  0.25252856  0.29251535  0.29251002]  max|de|= -5.47e-06  lindep= 0.81
davidson 16 129  |r|= 0.000795  e= [-0.02158998  0.04353739  0.04353738  0.07647074  0.08782897  0.20543357
  0.20543333  0.23648946  0.25252856  0.25252856  0.29251242  0.29251069]  max|de|= -2.94e-06  lindep= 0.828
davidson 17 131  |r|= 0.000366  e= [-0.02158998  0.04353739  0.04353738  0.07647074  0.08782897  0.20543358
  0.20543344  0.23648946  0.25252856  0.25252856  0.29251132  0.29251032]  max|de|= 6.29e-07  lindep= 0.812
davidson 18 134  |r|= 0.000346  e= [-0.02158998  0.04353739  0.04353738  0.07647074  0.08782897  0.2054336
  0.20543356  0.23648946  0.25252856  0.25252856  0.29250964  0.29250793]  max|de|= -2.39e-06  lindep= 0.834
davidson 19 137  |r|= 0.000168  e= [-0.02158998  0.04353739  0.04353738  0.07647074  0.08782897  0.2054336
  0.2054336   0.23648946  0.25252856  0.25252856  0.29250806  0.29250806]  max|de|= -1.58e-06  lindep= 0.833
davidson 20 138  |r|= 0.000169  e= [-0.02158998  0.04353739  0.04353738  0.07647074  0.08782897  0.2054336
  0.2054336   0.23648946  0.25252856  0.25252856  0.29250901  0.29250843]  max|de|= 9.5e-07  lindep= 0.822
davidson 21 140  |r|= 0.0083  e= [-0.02158998  0.04353739  0.04353738  0.07647074  0.08782897  0.2054336
  0.2054336   0.23648946  0.25252856  0.25252856  0.29250947  0.30245616]  max|de|= 0.00995  lindep= 0.832
davidson 22 142  |r|= 6.6e-05  e= [-0.02158998  0.04353739  0.04353738  0.07647074  0.08782897  0.20543356
  0.2054336   0.23648946  0.25252856  0.25252856  0.29250967  0.29251027]  max|de|= 8.01e-07  lindep= 0.858
davidson 23 144  |r|= 3e-05  e= [-0.02158998  0.04353739  0.04353738  0.07647074  0.08782897  0.20543355
  0.2054336   0.23648946  0.25252856  0.25252856  0.29251002  0.29250983]  max|de|= -2.55e-07  lindep= 0.835
davidson 24 146  |r|= 1.9e-05  e= [-0.02158998  0.04353739  0.04353738  0.07647074  0.08782897  0.20543355
  0.2054336   0.23648946  0.25252856  0.25252856  0.29250989  0.29251002]  max|de|= 1.92e-07  lindep= 0.827
root 10 converged  |r|= 4.37e-06  e= 0.292509902369  max|de|= 9.64e-09
root 11 converged  |r|= 9.49e-06  e= 0.292509949064  max|de|= -7.2e-08
converge 25 148  |r|= 1.21e-05  e= [-0.02158998  0.04353739  0.04353738  0.07647074  0.08782897  0.20543355
  0.2054336   0.23648946  0.25252856  0.25252856  0.2925099   0.29250995]  max|de|= -7.2e-08
EA root 0 E = -0.0215899750412718  qpwt = 0.996315  conv = True
EA root 1 E = 0.04353739189397587  qpwt = 0.996388  conv = True
EA root 2 E = 0.04353738373362342  qpwt = 0.996388  conv = True
EA root 3 E = 0.07647073768046285  qpwt = 0.995689  conv = True
EA root 4 E = 0.08782896666490494  qpwt = 0.994297  conv = True
EA root 5 E = 0.2054335541092985  qpwt = 0.992182  conv = True
EA root 6 E = 0.2054335961842819  qpwt = 0.992182  conv = True
EA root 7 E = 0.2364894608522313  qpwt = 0.989421  conv = True
EA root 8 E = 0.252528556110056  qpwt = 0.986642  conv = True
EA root 9 E = 0.2525285616497172  qpwt = 0.986642  conv = True
EA root 10 E = 0.2925099023687993  qpwt = 0.944494  conv = True
EA root 11 E = 0.2925099490637152  qpwt = 0.944492  conv = True
    CPU time for EA-CCSD     52.97 sec, wall time     53.00 sec
