

******** <class 'pyscf.scf.hf.RHF'> flags ********
method = RHF
initial guess = minao
damping factor = 0
level shift factor = 0
DIIS = <class 'pyscf.scf.diis.CDIIS'>
DIIS start cycle = 1
DIIS space = 8
SCF tol = 1e-09
SCF gradient tol = None
max. SCF cycles = 50
direct_scf = True
direct_scf_tol = 1e-13
chkfile to save SCF result = /tmp/tmpPptEJE
max_memory 4000 MB (current use 75 MB)
Set gradient conv threshold to 3.16228e-05
Nelec from initial guess = 9.9996264344
cond(S) = 90.163976743
E_coul = 55.0771739757452
init E= -128.526162296164
    CPU time for initialize scf      0.02 sec, wall time      0.03 sec
  HOMO = -0.77545113436162  LUMO = 0.820212353462409
  mo_energy =
[-32.55683135  -1.85226495  -0.77545113  -0.77545113  -0.77545113
   0.82021235   0.83948603   0.83948603   0.83948603   2.85895367
   2.85895367   2.85895367   2.85895367   2.85895367   4.40523976
   4.40523976   4.40523976   4.89331421   9.72017541   9.72017541
   9.72017541   9.72017541   9.72017541   9.72017541   9.72017541
  11.33465817  11.33465817  11.33465817  11.33465817  11.33465817
  73.61201907]
E_coul = 53.549569263329
cycle= 1 E= -128.538010233108  delta_E= -0.0118  |g|= 0.195  |ddm|= 0.177
    CPU time for cycle= 1      0.00 sec, wall time      0.01 sec
diis-norm(errvec)=0.294168
diis-c [-0.08653468  1.        ]
  HOMO = -0.884329579111255  LUMO = 0.78997914671019
  mo_energy =
[-32.87789926  -1.96596544  -0.88432958  -0.88432958  -0.88432958
   0.78997915   0.81157207   0.81157207   0.81157207   2.79056569
   2.79056569   2.79056569   2.79056569   2.79056569   4.28061052
   4.28061052   4.28061052   4.78383672   9.60931345   9.60931345
   9.60931345   9.60931345   9.60931345   9.60931345   9.60931345
  11.17111743  11.17111743  11.17111743  11.17111743  11.17111743
  73.30637973]
E_coul = 54.3035193249946
cycle= 2 E= -128.540587784304  delta_E= -0.00258  |g|= 0.0986  |ddm|= 0.0815
    CPU time for cycle= 2      0.01 sec, wall time      0.01 sec
diis-norm(errvec)=0.14927
diis-c [ -1.16528970e-05   3.36577214e-01   6.63422786e-01]
  HOMO = -0.848857101683224  LUMO = 0.799590015496066
  mo_energy =
[-32.77099275  -1.92860394  -0.8488571   -0.8488571   -0.8488571
   0.79959002   0.82059733   0.82059733   0.82059733   2.81220054
   2.81220054   2.81220054   2.81220054   2.81220054   4.32115999
   4.32115999   4.32115999   4.81954064   9.64475519   9.64475519
   9.64475519   9.64475519   9.64475519   9.64475519   9.64475519
  11.22474924  11.22474924  11.22474924  11.22474924  11.22474924
  73.40755619]
E_coul = 54.046944543036
cycle= 3 E= -128.541492738119  delta_E= -0.000905  |g|= 0.000376  |ddm|= 0.0278
    CPU time for cycle= 3      0.02 sec, wall time      0.01 sec
diis-norm(errvec)=0.000399191
diis-c [ -6.73218822e-08  -2.79033183e-02  -5.38336401e-02   1.08173696e+00]
  HOMO = -0.84908268216397  LUMO = 0.79954781644794
  mo_energy =
[-32.77122321  -1.92874512  -0.84908268  -0.84908268  -0.84908268
   0.79954782   0.82056638   0.82056638   0.82056638   2.81204365
   2.81204365   2.81204365   2.81204365   2.81204365   4.32099854
   4.32099854   4.32099854   4.81940928   9.64453718   9.64453718
   9.64453718   9.64453718   9.64453718   9.64453718   9.64453718
  11.22452759  11.22452759  11.22452759  11.22452759  11.22452759
  73.40731354]
E_coul = 54.046896307113
cycle= 4 E= -128.541492758329  delta_E= -2.02e-08  |g|= 3.84e-05  |ddm|= 0.000329
    CPU time for cycle= 4      0.00 sec, wall time      0.01 sec
diis-norm(errvec)=5.46887e-05
diis-c [ -5.18933202e-10   5.76227385e-04   1.24548778e-03  -1.27764208e-01
   1.12594249e+00]
  HOMO = -0.849098417413038  LUMO = 0.799541831372771
  mo_energy =
[-32.77123745  -1.92875261  -0.84909842  -0.84909842  -0.84909842
   0.79954183   0.82055788   0.82055788   0.82055788   2.81202735
   2.81202735   2.81202735   2.81202735   2.81202735   4.32097786
   4.32097786   4.32097786   4.81939423   9.64451313   9.64451313
   9.64451313   9.64451313   9.64451313   9.64451313   9.64451313
  11.22450256  11.22450256  11.22450256  11.22450256  11.22450256
  73.40729879]
E_coul = 54.0469483675439
cycle= 5 E= -128.541492758574  delta_E= -2.45e-10  |g|= 4.38e-06  |ddm|= 3.06e-05
    CPU time for cycle= 5      0.01 sec, wall time      0.01 sec
  HOMO = -0.849096118004397  LUMO = 0.799543169610218
  mo_energy =
[-32.77123424  -1.9287496   -0.84909612  -0.84909612  -0.84909612
   0.79954317   0.82055875   0.82055875   0.82055875   2.81202964
   2.81202964   2.81202964   2.81202964   2.81202964   4.32098047
   4.32098047   4.32098047   4.81939705   9.64451641   9.64451641
   9.64451641   9.64451641   9.64451641   9.64451641   9.64451641
  11.2245061   11.2245061   11.2245061   11.2245061   11.2245061
  73.40730195]
E_coul = 54.0469422505819
Extra cycle  E= -128.541492758576  delta_E= -1.85e-12  |g|= 9.63e-07  |ddm|= 2.07e-06
    CPU time for scf_cycle      0.06 sec, wall time      0.06 sec
    CPU time for SCF      0.06 sec, wall time      0.06 sec
converged SCF energy = -128.541492758576
RHF E = -128.541492759
RHF eps = [-32.77123424  -1.9287496   -0.84909612  -0.84909612  -0.84909612
   0.79954317   0.82055875   0.82055875   0.82055875   2.81202964
   2.81202964   2.81202964   2.81202964   2.81202964   4.32098047
   4.32098047   4.32098047   4.81939705   9.64451641   9.64451641
   9.64451641   9.64451641   9.64451641   9.64451641   9.64451641
  11.2245061   11.2245061   11.2245061   11.2245061   11.2245061
  73.40730195]
    CPU time for CCSD integral transformation      0.06 sec, wall time      0.06 sec

******** <class 'pyscf.cc.rccsd.RCCSD'> flags ********
CCSD nocc = 4, nvir = 26
frozen orbitals [0]
max_cycle = 200
direct = 0
conv_tol = 1e-07
conv_tol_normt = 1e-05
diis_space = 6
diis_start_cycle = 0
diis_start_energy_diff = 1e+09
max_memory 4000 MB (current use 82 MB)
Init t2, MP2 energy = -0.261626434829337
    CPU time for init mp2      0.00 sec, wall time      0.00 sec
    CPU time for vvvv-tau      0.00 sec, wall time      0.00 sec
    CPU time for vvvv [0:26]      0.01 sec, wall time      0.00 sec
    CPU time for vvvv      0.02 sec, wall time      0.01 sec
    CPU time for woooo      0.00 sec, wall time      0.00 sec
max_memory 3915 MB,  nocc,nvir = 4,26  blksize = 4,26
    CPU time for ovvv [0:4]      0.01 sec, wall time      0.00 sec
    CPU time for wOVov [0:4]      0.00 sec, wall time      0.01 sec
    CPU time for woVoV [0:4]      0.00 sec, wall time      0.00 sec
    CPU time for contract occ [0:4]      0.02 sec, wall time      0.01 sec
    CPU time for contract loop      0.04 sec, wall time      0.03 sec
    CPU time for update t1 t2      0.04 sec, wall time      0.03 sec
istep = 0  E(CCSD) = -0.261389656360534  dE = -0.261389656  norm(t1,t2) = 0.0284079
    CPU time for CCSD iter      0.04 sec, wall time      0.03 sec
    CPU time for vvvv-tau      0.00 sec, wall time      0.00 sec
    CPU time for vvvv [0:26]      0.00 sec, wall time      0.00 sec
    CPU time for vvvv      0.01 sec, wall time      0.01 sec
    CPU time for woooo      0.00 sec, wall time      0.00 sec
max_memory 3915 MB,  nocc,nvir = 4,26  blksize = 4,26
    CPU time for ovvv [0:4]      0.00 sec, wall time      0.00 sec
    CPU time for wOVov [0:4]      0.01 sec, wall time      0.01 sec
    CPU time for woVoV [0:4]      0.00 sec, wall time      0.00 sec
    CPU time for contract occ [0:4]      0.01 sec, wall time      0.01 sec
    CPU time for contract loop      0.02 sec, wall time      0.02 sec
    CPU time for update t1 t2      0.02 sec, wall time      0.03 sec
DIIS for step 1
istep = 1  E(CCSD) = -0.264114146135504  dE = -0.00272448977  norm(t1,t2) = 0.00625823
    CPU time for CCSD iter      0.02 sec, wall time      0.03 sec
    CPU time for vvvv-tau      0.00 sec, wall time      0.00 sec
    CPU time for vvvv [0:26]      0.01 sec, wall time      0.00 sec
    CPU time for vvvv      0.01 sec, wall time      0.01 sec
    CPU time for woooo      0.00 sec, wall time      0.00 sec
max_memory 3915 MB,  nocc,nvir = 4,26  blksize = 4,26
    CPU time for ovvv [0:4]      0.01 sec, wall time      0.00 sec
    CPU time for wOVov [0:4]      0.00 sec, wall time      0.01 sec
    CPU time for woVoV [0:4]      0.01 sec, wall time      0.00 sec
    CPU time for contract occ [0:4]      0.02 sec, wall time      0.01 sec
    CPU time for contract loop      0.03 sec, wall time      0.03 sec
    CPU time for update t1 t2      0.03 sec, wall time      0.03 sec
diis-c [ -1.89153264e-06   1.00000000e+00]
DIIS for step 2
istep = 2  E(CCSD) = -0.264205431357071  dE = -9.12852216e-05  norm(t1,t2) = 0.00212181
    CPU time for CCSD iter      0.03 sec, wall time      0.03 sec
    CPU time for vvvv-tau      0.00 sec, wall time      0.00 sec
    CPU time for vvvv [0:26]      0.01 sec, wall time      0.01 sec
    CPU time for vvvv      0.01 sec, wall time      0.01 sec
    CPU time for woooo      0.00 sec, wall time      0.00 sec
max_memory 3915 MB,  nocc,nvir = 4,26  blksize = 4,26
    CPU time for ovvv [0:4]      0.00 sec, wall time      0.00 sec
    CPU time for wOVov [0:4]      0.01 sec, wall time      0.01 sec
    CPU time for woVoV [0:4]      0.00 sec, wall time      0.00 sec
    CPU time for contract occ [0:4]      0.01 sec, wall time      0.02 sec
    CPU time for contract loop      0.02 sec, wall time      0.03 sec
    CPU time for update t1 t2      0.02 sec, wall time      0.03 sec
diis-c [ -1.41022876e-07  -8.77751218e-02   1.08777512e+00]
DIIS for step 3
istep = 3  E(CCSD) = -0.264342535477119  dE = -0.00013710412  norm(t1,t2) = 0.000571781
    CPU time for CCSD iter      0.02 sec, wall time      0.03 sec
    CPU time for vvvv-tau      0.00 sec, wall time      0.00 sec
    CPU time for vvvv [0:26]      0.00 sec, wall time      0.01 sec
    CPU time for vvvv      0.02 sec, wall time      0.01 sec
    CPU time for woooo      0.00 sec, wall time      0.00 sec
max_memory 3915 MB,  nocc,nvir = 4,26  blksize = 4,26
    CPU time for ovvv [0:4]      0.00 sec, wall time      0.00 sec
    CPU time for wOVov [0:4]      0.01 sec, wall time      0.01 sec
    CPU time for woVoV [0:4]      0.00 sec, wall time      0.00 sec
    CPU time for contract occ [0:4]      0.01 sec, wall time      0.01 sec
    CPU time for contract loop      0.03 sec, wall time      0.03 sec
    CPU time for update t1 t2      0.03 sec, wall time      0.03 sec
diis-c [ -4.01942590e-10  -9.16848613e-02  -3.76062486e-02   1.12929111e+00]
DIIS for step 4
istep = 4  E(CCSD) = -0.264362801288284  dE = -2.02658112e-05  norm(t1,t2) = 0.000191232
    CPU time for CCSD iter      0.03 sec, wall time      0.03 sec
    CPU time for vvvv-tau      0.00 sec, wall time      0.00 sec
    CPU time for vvvv [0:26]      0.01 sec, wall time      0.00 sec
    CPU time for vvvv      0.01 sec, wall time      0.01 sec
    CPU time for woooo      0.00 sec, wall time      0.00 sec
max_memory 3915 MB,  nocc,nvir = 4,26  blksize = 4,26
    CPU time for ovvv [0:4]      0.01 sec, wall time      0.00 sec
    CPU time for wOVov [0:4]      0.00 sec, wall time      0.01 sec
    CPU time for woVoV [0:4]      0.00 sec, wall time      0.00 sec
    CPU time for contract occ [0:4]      0.02 sec, wall time      0.01 sec
    CPU time for contract loop      0.03 sec, wall time      0.03 sec
    CPU time for update t1 t2      0.03 sec, wall time      0.03 sec
diis-c [ -5.05498421e-12   2.52563309e-02  -6.18963059e-04  -2.70280946e-01
   1.24564358e+00]
DIIS for step 5
istep = 5  E(CCSD) = -0.26436099994886  dE = 1.80133942e-06  norm(t1,t2) = 8.59332e-06
    CPU time for CCSD iter      0.03 sec, wall time      0.03 sec
    CPU time for vvvv-tau      0.00 sec, wall time      0.00 sec
    CPU time for vvvv [0:26]      0.01 sec, wall time      0.00 sec
    CPU time for vvvv      0.02 sec, wall time      0.01 sec
    CPU time for woooo      0.00 sec, wall time      0.00 sec
max_memory 3915 MB,  nocc,nvir = 4,26  blksize = 4,26
    CPU time for ovvv [0:4]      0.00 sec, wall time      0.00 sec
    CPU time for wOVov [0:4]      0.01 sec, wall time      0.01 sec
    CPU time for woVoV [0:4]      0.00 sec, wall time      0.00 sec
    CPU time for contract occ [0:4]      0.01 sec, wall time      0.01 sec
    CPU time for contract loop      0.03 sec, wall time      0.03 sec
    CPU time for update t1 t2      0.03 sec, wall time      0.03 sec
diis-c [ -1.63785652e-13   1.00242144e-03  -7.28056631e-04  -1.08912738e-02
  -3.51900829e-02   1.04580699e+00]
DIIS for step 6
istep = 6  E(CCSD) = -0.264361318453894  dE = -3.18505035e-07  norm(t1,t2) = 9.92413e-07
    CPU time for CCSD iter      0.03 sec, wall time      0.03 sec
    CPU time for vvvv-tau      0.00 sec, wall time      0.00 sec
    CPU time for vvvv [0:26]      0.01 sec, wall time      0.00 sec
    CPU time for vvvv      0.01 sec, wall time      0.01 sec
    CPU time for woooo      0.00 sec, wall time      0.00 sec
max_memory 3914 MB,  nocc,nvir = 4,26  blksize = 4,26
    CPU time for ovvv [0:4]      0.01 sec, wall time      0.00 sec
    CPU time for wOVov [0:4]      0.00 sec, wall time      0.01 sec
    CPU time for woVoV [0:4]      0.01 sec, wall time      0.00 sec
    CPU time for contract occ [0:4]      0.02 sec, wall time      0.02 sec
    CPU time for contract loop      0.03 sec, wall time      0.03 sec
    CPU time for update t1 t2      0.03 sec, wall time      0.03 sec
diis-c [ -3.88578059e-16  -7.09172230e-04   8.35451515e-05   8.03399566e-03
  -2.05660311e-02  -1.88070044e-01   1.20122771e+00]
DIIS for step 7
istep = 7  E(CCSD) = -0.264361337610575  dE = -1.91566802e-08  norm(t1,t2) = 1.32977e-07
    CPU time for CCSD iter      0.03 sec, wall time      0.03 sec
    CPU time for CCSD      0.23 sec, wall time      0.22 sec
CCSD converged
E(CCSD) = -128.8058540961868  E_corr = -0.2643613376105746
    CPU time for EOM-CCSD shared one-electron intermediates      0.00 sec, wall time      0.00 sec
    CPU time for EOM-CCSD shared two-electron intermediates      0.00 sec, wall time      0.00 sec
    CPU time for EOM-CCSD IP intermediates      0.01 sec, wall time      0.00 sec
tol 1e-07  toloose 0.000316228
max_cycle 200  max_space 212  max_memory 2000  incore True
davidson 0 4  |r|= 0.674  e= [ 0.92947038  0.92947038  0.92947038  1.97954392]  max|de|= 1.98  lindep=    1
davidson 1 8  |r|= 0.0807  e= [ 0.7774786   0.77740409  0.7774786   1.77441908]  max|de|= -0.205  lindep= 0.92
davidson 2 11  |r|= 0.0786  e= [ 0.77892088  0.77892088  0.77747161  1.77693572]  max|de|= 0.00252  lindep= 0.899
davidson 3 14  |r|= 0.00643  e= [ 0.77890791  0.77928364  0.77893451  1.7763531 ]  max|de|= 0.00146  lindep= 0.942
davidson 4 18  |r|= 0.00103  e= [ 0.77928059  0.77932607  0.77928534  1.77626526]  max|de|= 0.000373  lindep= 0.925
davidson 5 22  |r|= 8.57e-05  e= [ 0.77932611  0.77932737  0.77932611  1.77624326]  max|de|= 4.08e-05  lindep= 0.925
root 0 converged  |r|= 0.000104  e= 0.779326079652  max|de|= -3.52e-08
root 1 converged  |r|= 9.22e-07  e= 0.779327346286  max|de|= -2.83e-08
root 2 converged  |r|= 4.79e-06  e= 0.779327359811  max|de|= -1.48e-08
davidson 6 25  |r|= 0.000104  e= [ 0.77932608  0.77932735  0.77932736  1.77624141]  max|de|= -1.85e-06  lindep= 0.854
davidson 7 26  |r|= 0.000104  e= [ 0.77932608  0.77932735  0.77932736  1.77624127]  max|de|= -1.36e-07  lindep= 0.817
root 3 converged  |r|= 9.5e-07  e= 1.7762412736  max|de|= -1.22e-09
converge 8 27  |r|= 0.000104  e= [ 0.77932608  0.77932735  0.77932736  1.77624127]  max|de|= -1.22e-09
IP root 0 E = 0.7793260796523486  qpwt = 0.967338  conv = True
IP root 1 E = 0.7793273462858313  qpwt = 0.967338  conv = True
IP root 2 E = 0.7793273598105022  qpwt = 0.967338  conv = True
IP root 3 E = 1.776241273603699  qpwt = 0.941977  conv = True
    CPU time for IP-CCSD      0.07 sec, wall time      0.07 sec
    CPU time for EOM-CCSD shared one-electron intermediates      0.00 sec, wall time      0.00 sec
    CPU time for EOM-CCSD EA intermediates      0.09 sec, wall time      0.09 sec
tol 1e-07  toloose 0.000316228
max_cycle 200  max_space 236  max_memory 2000  incore True
davidson 0 12  |r|= 0.708  e= [ 0.80978681  0.83780898  0.83780898  0.83780898  2.81983773  2.81983773
  2.81983773  2.81983773  2.81983773  4.33282605  4.33282605  4.33282605]  max|de|= 4.33  lindep=    1
davidson 1 24  |r|= 1.54  e= [ 0.76622726  0.80360608  0.80360608  0.80358915  2.73455665  2.73453616
  2.73451174  2.73452421  2.73455854  4.20499343  4.20499343  4.20185865]  max|de|= -0.131  lindep= 0.837
davidson 2 34  |r|= 1.72  e= [ 0.76582408  0.80363584  0.80360848  0.80359917  2.65782443  2.65813177
  2.65847732  2.65724597  2.65768427  4.15507715  3.91185961  4.16637392]  max|de|= -0.293  lindep= 0.719
davidson 3 46  |r|= 1.08  e= [ 0.76578721  0.80360409  0.80365469  0.80365329  2.73204919  2.73201912
  2.73203212  2.73200395  2.73205571  4.18367775  4.1475545   4.14787925]  max|de|= 0.272  lindep= 0.789
davidson 4 58  |r|=  2.2  e= [ 0.7657869   0.80365524  0.8036563   0.80365649  2.72935538  2.72910446
  2.72927636  2.72888972  2.72935798  3.94442009  4.15232059  4.11173121]  max|de|= -0.203  lindep= 0.813
davidson 5 70  |r|= 1.73  e= [ 0.76578617  0.80365657  0.80365702  0.80365702  2.72947169  2.72963378
  2.72972274  2.72954837  2.72948194  4.13196081  4.08133563  4.33851733]  max|de|= 0.227  lindep= 0.826
root 0 converged  |r|= 6.38e-07  e= 0.765786104036  max|de|= -6.47e-08
root 3 converged  |r|= 1.74e-07  e= 0.80365703438  max|de|= 1.43e-08
davidson 6 81  |r|= 0.612  e= [ 0.7657861   0.80365701  0.80365702  0.80365703  2.72898167  2.72927741
  2.72925441  2.72990088  2.72902233  4.10545531  4.13007155  4.09097058]  max|de|= -0.248  lindep= 0.771
root 1 converged  |r|= 2e-07  e= 0.80365703357  max|de|= 1.2e-08
root 2 converged  |r|= 1.94e-07  e= 0.803657033981  max|de|= 2.28e-08
davidson 7 91  |r|=  1.8  e= [ 0.7657861   0.80365703  0.80365703  0.80365703  2.72988223  2.72989422
  2.73015395  2.72918749  2.72987533  4.27273463  4.12444771  4.08849259]  max|de|= 0.143  lindep= 0.797
davidson 8 99  |r|=    1  e= [ 0.7657861   0.80365703  0.80365703  0.80365703  2.72971611  2.72972217
  2.72976212  2.72976212  2.72970721  4.10186958  4.17589081  4.12643541]  max|de|= -0.171  lindep= 0.758
davidson 9 106  |r|= 1.63  e= [ 0.7657861   0.80365703  0.80365703  0.80365703  2.72945314  2.72944826
  2.72979982  2.72979982  2.72944826  4.12471253  4.23719305  4.10603454]  max|de|= 0.111  lindep= 0.718
davidson 10 112  |r|= 0.482  e= [ 0.7657861   0.80365703  0.80365703  0.80365703  2.72945321  2.72936355
  2.72964485  2.72945321  2.72939444  4.09135599  4.11499355  4.11725935]  max|de|= -0.122  lindep= 0.765
davidson 11 119  |r|= 0.765  e= [ 0.7657861   0.80365703  0.80365703  0.80365703  2.72938498  2.72940528
  2.72940887  2.72992896  2.72940192  4.11563767  4.12743327  4.09476349]  max|de|= 0.0243  lindep= 0.695
davidson 12 127  |r|= 0.558  e= [ 0.7657861   0.80365703  0.80365703  0.80365704  2.72941074  2.72940961
  2.72944542  2.72955637  2.72940961  4.13843721  4.1046372   4.1135958 ]  max|de|= 0.0228  lindep= 0.648
davidson 13 134  |r|= 0.892  e= [ 0.7657861   0.80365703  0.80365703  0.80365704  2.72940491  2.72961795
  2.72941189  2.72941189  2.72940961  4.10898939  4.14048905  4.15572314]  max|de|= 0.0421  lindep= 0.561
davidson 14 141  |r|= 0.541  e= [ 0.7657861   0.80365703  0.80365703  0.80365704  2.7294071   2.72940917
  2.72940301  2.72940415  2.72940301  4.14293159  4.09280286  4.11803825]  max|de|= -0.0477  lindep= 0.647
davidson 15 148  |r|= 0.481  e= [ 0.7657861   0.80365703  0.80365704  0.80365704  2.72940513  2.72940484
  2.729408    2.72940513  2.72940914  4.092377    4.13125317  4.12651628]  max|de|= -0.0506  lindep= 0.65
davidson 16 155  |r|= 0.229  e= [ 0.7657861   0.80365703  0.80365704  0.80365704  2.72940478  2.729405
  2.72940613  2.72941152  2.729405    4.12994053  4.11091653  4.11761068]  max|de|= 0.0376  lindep= 0.701
root 6 converged  |r|= 1.29e-05  e= 2.72940485656  max|de|= 7.95e-08
davidson 17 162  |r|= 0.262  e= [ 0.7657861   0.80365703  0.80365704  0.80365704  2.72940467  2.7294041
  2.72940486  2.72940678  2.7294041   4.12784367  4.12395639  4.09072297]  max|de|= -0.0202  lindep= 0.731
root 4 converged  |r|= 2.72e-06  e= 2.72940464082  max|de|= -3.35e-08
root 5 converged  |r|= 3.21e-05  e= 2.72940403781  max|de|= -6.02e-08
davidson 18 168  |r|= 0.239  e= [ 0.7657861   0.80365703  0.80365704  0.80365704  2.72940464  2.72940404
  2.72940477  2.72940504  2.72940484  4.1196855   4.11005687  4.11005687]  max|de|= -0.0178  lindep= 0.86
davidson 19 171  |r|= 0.301  e= [ 0.7657861   0.80365703  0.80365704  0.80365704  2.72940464  2.72940413
  2.72940485  2.72940472  2.72940413  4.11681222  4.12381232  4.10360596]  max|de|= -0.0161  lindep= 0.761
davidson 20 175  |r|= 0.553  e= [ 0.7657861   0.80365703  0.80365704  0.80365704  2.72940461  2.7294041
  2.72940487  2.72940465  2.72940487  4.11160178  4.25462028  4.09990288]  max|de|= 0.138  lindep= 0.777
root 4 converged  |r|= 5.67e-06  e= 2.72940464294  max|de|= 2.98e-08
root 7 converged  |r|= 5.67e-06  e= 2.72940464294  max|de|= 2.98e-08
davidson 21 179  |r|= 0.454  e= [ 0.7657861   0.80365703  0.80365704  0.80365704  2.72940464  2.72940418
  2.72940487  2.72940464  2.72940487  4.13256068  4.09215408  4.09392496]  max|de|= 0.021  lindep= 0.762
davidson 22 182  |r|= 0.225  e= [ 0.7657861   0.80365703  0.80365704  0.80365704  2.72940461  2.72940417
  2.72940417  2.72940466  2.72940489  4.09975026  4.09565133  4.09751822]  max|de|= -0.035  lindep= 0.707
davidson 23 185  |r|= 0.194  e= [ 0.7657861   0.80365703  0.80365704  0.80365704  2.72940461  2.72940461
  2.72940444  2.72940466  2.72940489  4.11051766  4.09243129  4.09076875]  max|de|= 0.013  lindep= 0.778
root 7 converged  |r|= 1.74e-05  e= 2.72940447022  max|de|= 3.11e-08
davidson 24 190  |r|= 0.107  e= [ 0.7657861   0.80365703  0.80365704  0.80365704  2.72940461  2.72940494
  2.7294046   2.72940447  2.72940494  4.09352063  4.09210204  4.09390815]  max|de|= 0.00314  lindep= 0.728
root 4 converged  |r|= 8.71e-07  e= 2.72940460713  max|de|= 1.11e-09
root 5 converged  |r|= 8.71e-07  e= 2.72940460713  max|de|= 1.11e-09
root 6 converged  |r|= 1.46e-06  e= 2.72940460778  max|de|= 1.75e-09
root 7 converged  |r|= 1.99e-06  e= 2.72940462823  max|de|= 2.22e-08
davidson 25 196  |r|= 0.164  e= [ 0.7657861   0.80365703  0.80365704  0.80365704  2.72940461  2.72940461
  2.72940461  2.72940463  2.7294045   4.09543493  4.09191567  4.09217325]  max|de|= 0.00191  lindep=  0.7
davidson 26 199  |r|= 0.0507  e= [ 0.7657861   0.80365703  0.80365704  0.80365704  2.72940455  2.72940461
  2.72940461  2.72940463  2.72940455  4.09188153  4.09120918  4.09120918]  max|de|= -0.000706  lindep= 0.821
davidson 27 201  |r|= 0.28  e= [ 0.7657861   0.80365703  0.80365704  0.80365704  2.72940456  2.7294046
  2.72940461  2.72940462  2.72940456  4.0917392   4.09221904  4.09468372]  max|de|= 0.00347  lindep= 0.76
davidson 28 204  |r|= 0.189  e= [ 0.7657861   0.80365703  0.80365704  0.80365704  2.72940456  2.7294046
  2.72940461  2.72940462  2.72940461  4.09201644  4.09231595  4.18830048]  max|de|= 0.0936  lindep= 0.761
davidson 29 207  |r|= 0.166  e= [ 0.7657861   0.80365703  0.80365704  0.80365704  2.72940456  2.7294046
  2.72940461  2.72940462  2.72940462  4.09215353  4.0922851   4.09378816]  max|de|= -0.0945  lindep= 0.778
davidson 30 210  |r|= 0.0516  e= [ 0.7657861   0.80365703  0.80365704  0.80365704  2.72940456  2.72940461
  2.72940461  2.72940462  2.72940462  4.09257448  4.09226101  4.09226101]  max|de|= 0.000421  lindep= 0.808
davidson 31 212  |r|= 0.0348  e= [ 0.7657861   0.80365703  0.80365704  0.80365704  2.72940456  2.72940461
  2.72940461  2.72940462  2.72940462  4.09234218  4.09260405  4.09234218]  max|de|= 8.12e-05  lindep= 0.729
davidson 32 214  |r|= 0.0502  e= [ 0.7657861   0.80365703  0.80365704  0.80365704  2.72940456  2.72940462
  2.7294046   2.72940462  2.72940462  4.09156847  4.09231982  4.09224828]  max|de|= -0.00104  lindep= 0.691
davidson 33 217  |r|= 0.0243  e= [ 0.7657861   0.80365703  0.80365704  0.80365704  2.7294046   2.7294046
  2.72940462  2.72940462  2.72940462  4.09281885  4.09226418  4.09216549]  max|de|= 0.00125  lindep= 0.736
davidson 34 220  |r|= 0.0114  e= [ 0.7657861   0.80365703  0.80365704  0.80365704  2.7294046   2.7294046
  2.72940462  2.72940462  2.72940462  4.09238168  4.09221445  4.09227135]  max|de|= -0.000437  lindep= 0.755
davidson 35 223  |r|= 0.00952  e= [ 0.7657861   0.80365703  0.80365704  0.80365704  2.7294046   2.7294046
  2.72940461  2.72940461  2.72940461  4.09225115  4.0923264   4.09225711]  max|de|= -0.000131  lindep= 0.785
davidson 36 226  |r|= 0.0618  e= [ 0.7657861   0.80365703  0.80365704  0.80365704  2.7294046   2.7294046
  2.72940461  2.72940461  2.72940461  4.09215034  4.1924574   4.092269  ]  max|de|=  0.1  lindep=  0.8
davidson 37 9  |r|= 0.0618  e= [ 0.7657861   0.80365703  0.80365704  0.80365704  2.7294046   2.72940461
  2.72940461  2.72940461  2.72940461  4.09215034  4.1924574   4.0922688 ]  max|de|= -2.07e-07  lindep=    1
davidson 38 12  |r|= 0.0746  e= [ 0.7657861   0.80365703  0.80365704  0.80365704  2.7294046   2.72940461
  2.72940461  2.72940461  2.72940461  4.09218885  4.1918312   4.09227748]  max|de|= -0.000626  lindep= 0.761
davidson 39 15  |r|= 0.372  e= [ 0.7657861   0.80365703  0.80365704  0.80365704  2.7294046   2.72940461
  2.72940461  2.72940461  2.72940461  4.09217255  4.19239262  4.0939762 ]  max|de|= 0.00179  lindep= 0.768
davidson 40 18  |r|= 0.781  e= [ 0.7657861   0.80365703  0.80365704  0.80365704  2.7294046   2.72940461
  2.72940461  2.72940461  2.72940461  4.09244574  4.18556422  4.09229463]  max|de|= -0.00683  lindep= 0.624
davidson 41 21  |r|= 0.0875  e= [ 0.7657861   0.80365703  0.80365704  0.80365704  2.7294046   2.72940461
  2.72940461  2.72940461  2.72940461  4.09233585  4.19174018  4.09227707]  max|de|= 0.00618  lindep= 0.733
davidson 42 24  |r|= 0.113  e= [ 0.7657861   0.80365703  0.80365704  0.80365704  2.7294046   2.72940461
  2.72940461  2.72940461  2.72940461  4.09221605  4.19378881  4.09239592]  max|de|= 0.00205  lindep= 0.583
davidson 43 27  |r|= 0.049  e= [ 0.7657861   0.80365703  0.80365704  0.80365704  2.7294046   2.72940461
  2.72940461  2.72940461  2.72940461  4.09241394  4.19172779  4.09229753]  max|de|= -0.00206  lindep= 0.749
davidson 44 30  |r|= 0.214  e= [ 0.7657861   0.80365703  0.80365704  0.80365704  2.7294046   2.7294046
  2.72940461  2.72940461  2.72940461  4.09216339  4.19432525  4.09234734]  max|de|= 0.0026  lindep= 0.682
davidson 45 33  |r|= 0.0844  e= [ 0.7657861   0.80365703  0.80365704  0.80365704  2.7294046   2.72940461
  2.72940461  2.72940461  2.72940461  4.09242745  4.19210644  4.09229982]  max|de|= -0.00222  lindep= 0.657
davidson 46 36  |r|=    2  e= [ 0.7657861   0.80365703  0.80365704  0.80365704  2.7294046   2.72940461
  2.72940461  3.36807582  2.72940461  4.09227722  4.18934377  4.09227722]  max|de|= -0.824  lindep= 0.703
davidson 47 39  |r|= 1.04  e= [ 0.7657861   0.80365703  0.80365704  0.80365704  2.7294046   2.72940461
  2.72940461  2.98317873  2.72940461  4.09224623  4.19222426  4.09229506]  max|de|= -0.385  lindep= 0.736
davidson 48 43  |r|= 0.0232  e= [ 0.7657861   0.80365703  0.80365704  0.80365704  2.7294046   2.72940461
  2.72940461  2.72940461  2.72940461  4.09233731  4.19125629  4.09229766]  max|de|= -0.000968  lindep= 0.703
davidson 49 46  |r|= 1.93  e= [ 0.7657861   0.80365703  0.80365704  0.80365704  2.7294046   2.72940461
  2.72940461  2.88597656  2.88597656  4.0920857   4.19084045  4.09228568]  max|de|= 0.157  lindep= 0.688
davidson 50 50  |r|= 1.64  e= [ 0.7657861   0.80365703  0.80365704  0.80365704  2.7294046   2.72940461
  2.72940461  2.80853721  2.88397467  4.09234022  4.19149116  4.09228897]  max|de|= -0.0774  lindep= 0.632
davidson 51 55  |r|= 1.54  e= [ 0.7657861   0.80365703  0.80365704  0.80365704  2.7294046   2.72940461
  2.72940461  2.87452682  2.38615472  4.09248125  4.19170843  4.09234884]  max|de|= -0.422  lindep= 0.654
davidson 52 60  |r|= 1.53  e= [ 0.7657861   0.80365703  0.80365704  0.80365704  2.7294046   2.72940462
  2.72940462  2.75163814  2.8492554   4.09222176  4.19146907  4.09228484]  max|de|= -0.123  lindep= 0.681
davidson 53 65  |r|= 0.313  e= [ 0.7657861   0.80365703  0.80365704  0.80365704  2.7294046   2.72940461
  2.72940461  2.74577108  2.74577108  4.0923866   4.19168947  4.09228048]  max|de|= -0.103  lindep= 0.791
davidson 54 69  |r|= 0.699  e= [ 0.7657861   0.80365703  0.80365704  0.80365704  2.7294046   2.72940461
  2.72940461  2.8302833   2.69645913  4.0923039   4.19123285  4.0923039 ]  max|de|= 0.0845  lindep= 0.74
davidson 55 73  |r|= 0.222  e= [ 0.7657861   0.80365703  0.80365704  0.80365704  2.7294046   2.72940461
  2.72940461  2.73779282  2.73779282  4.09228243  4.19218744  4.09228243]  max|de|= 0.0413  lindep= 0.65
davidson 56 76  |r|= 0.0867  e= [ 0.7657861   0.80365703  0.80365704  0.80365704  2.7294046   2.72940461
  2.72940461  2.73118795  2.73118795  4.09228953  4.19138105  4.09226119]  max|de|= -0.0999  lindep= 0.792
davidson 57 80  |r|= 0.886  e= [ 0.7657861   0.80365703  0.80365704  0.80365704  2.7294046   2.72940461
  2.72940461  2.70944477  2.74819219  4.09234427  4.19155874  4.09227748]  max|de|= -0.0217  lindep= 0.706
davidson 58 85  |r|= 0.574  e= [ 0.7657861   0.80365703  0.80365704  0.80365704  2.7294046   2.72940461
  2.72940461  2.73026745  2.75977332  4.09224884  4.19129431  4.09228478]  max|de|= 0.0208  lindep= 0.673
davidson 59 90  |r|= 0.823  e= [ 0.7657861   0.80365703  0.80365704  0.80365704  2.7294046   2.84110649
  2.72940461  2.72969107  2.75028797  4.092342    4.19248596  4.09229414]  max|de|= 0.112  lindep= 0.643
davidson 60 96  |r|= 0.181  e= [ 0.7657861   0.80365703  0.80365704  0.80365704  2.7294046   2.72940461
  2.72940461  2.72875057  2.72710036  4.092332    4.19113146  4.09227653]  max|de|= -0.0232  lindep= 0.754
davidson 61 101  |r|= 0.651  e= [ 0.7657861   0.80365703  0.80365704  0.80365704  2.7294046   2.77053729
  2.73108655  2.7294046   2.72951716  4.09228868  4.19142012  4.09226436]  max|de|= 0.0434  lindep= 0.695
davidson 62 107  |r|= 1.03  e= [ 0.7657861   0.80365703  0.80365704  0.80365704  2.7294046   2.72942737
  2.74663701  2.72942737  2.78365184  4.0922751   4.19170838  4.0922846 ]  max|de|= 0.0526  lindep= 0.697
davidson 63 113  |r|= 0.264  e= [ 0.7657861   0.80365703  0.80365704  0.80365704  2.7294046   2.72940461
  2.73649483  2.7294046   2.72940919  4.09224004  4.19158386  4.09228408]  max|de|= -0.0172  lindep= 0.769
root 4 converged  |r|= 2.72e-07  e= 2.72940460013  max|de|= 1.01e-10
davidson 64 120  |r|= 0.33  e= [ 0.7657861   0.80365703  0.80365704  0.80365704  2.7294046   2.72941681
  2.73975049  2.7304787   2.7304787   4.09207708  4.19208728  4.09229357]  max|de|= 0.00326  lindep=  0.7
davidson 65 126  |r|= 0.0114  e= [ 0.7657861   0.80365703  0.80365704  0.80365704  2.7294046   2.7294046
  2.72939241  2.72944292  2.72944292  4.09227153  4.19158309  4.09228171]  max|de|= -0.000504  lindep= 0.743
root 4 converged  |r|= 1.42e-07  e= 2.72940460016  max|de|= -2.81e-09
root 5 converged  |r|= 1.42e-07  e= 2.72940460016  max|de|= -2.81e-09
davidson 66 132  |r|= 0.0499  e= [ 0.7657861   0.80365703  0.80365704  0.80365704  2.7294046   2.7294046
  2.72940766  2.72940462  2.73037377  4.09233055  4.19156562  4.09228149]  max|de|= -0.0993  lindep= 0.707
root 6 converged  |r|= 1.37e-06  e= 2.72940460727  max|de|= -9.5e-09
davidson 67 138  |r|= 0.178  e= [ 0.7657861   0.80365703  0.80365704  0.80365704  2.7294046   2.7294046
  2.72940461  2.72613714  2.72929193  4.09237925  4.19150622  4.09227648]  max|de|= -0.00424  lindep= 0.746
davidson 68 143  |r|= 0.0528  e= [ 0.7657861   0.80365703  0.80365704  0.80365704  2.7294046   2.7294046
  2.73046885  2.72943778  2.73046885  4.09188257  4.19152616  4.09228039]  max|de|= 0.00433  lindep= 0.631
davidson 69 148  |r|= 0.0927  e= [ 0.7657861   0.80365703  0.80365704  0.80365704  2.7294046   2.729692
  2.7294046   2.72942596  2.72942596  4.09319288  4.19160102  4.0922734 ]  max|de|= 0.00131  lindep= 0.668
davidson 70 153  |r|= 0.0379  e= [ 0.7657861   0.80365703  0.80365704  0.80365704  2.7294046   2.72966972
  2.72940459  2.72940459  2.72939797  4.09228477  4.19151681  4.09228477]  max|de|= -0.000908  lindep= 0.709
davidson 71 157  |r|= 0.181  e= [ 0.7657861   0.80365703  0.80365704  0.80365704  2.7294046   2.72935952
  2.7294046   2.72940801  2.72935952  4.09227907  4.18982875  4.09229413]  max|de|= -0.00169  lindep= 0.724
davidson 72 162  |r|= 0.00913  e= [ 0.7657861   0.80365703  0.80365704  0.80365704  2.72948829  2.7294046
  2.7294046   2.72940534  2.72939464  4.09226525  4.19180521  4.092276  ]  max|de|= 0.00198  lindep= 0.736
root 4 converged  |r|= 1.09e-07  e= 2.72940460066  max|de|= 1.36e-10
root 5 converged  |r|= 1.09e-07  e= 2.72940460066  max|de|= 1.36e-10
root 6 converged  |r|= 3.84e-07  e= 2.72940459912  max|de|= -1.4e-09
davidson 73 168  |r|= 0.00425  e= [ 0.7657861   0.80365703  0.80365704  0.80365704  2.7294046   2.7294046
  2.7294046   2.72940387  2.72940387  4.09228294  4.19167681  4.0922719 ]  max|de|= -0.000128  lindep= 0.734
davidson 74 172  |r|= 0.0178  e= [ 0.7657861   0.80365703  0.80365704  0.80365704  2.7294046   2.7294046
  2.7294046   2.729407    2.7294046   4.09230956  4.19179744  4.09227058]  max|de|= 0.000121  lindep= 0.781
davidson 75 177  |r|= 0.00881  e= [ 0.7657861   0.80365703  0.80365704  0.80365704  2.7294046   2.7294046
  2.7294046   2.72940509  2.72940509  4.09229724  4.19159684  4.09228481]  max|de|= -0.000201  lindep= 0.685
root 7 converged  |r|= 3.94e-07  e= 2.72940460439  max|de|= 3.91e-09
davidson 76 181  |r|= 0.0701  e= [ 0.7657861   0.80365703  0.80365704  0.80365704  2.7294046   2.72939863
  2.72940336  2.7294046   2.72939863  4.0922982   4.19137531  4.09227598]  max|de|= -0.000222  lindep= 0.784
davidson 77 186  |r|= 0.361  e= [ 0.7657861   0.80365703  0.80365704  0.80365704  2.72940479  2.72940282
  2.72940381  2.7294046   2.72940282  4.14970051  4.19164437  4.09224463]  max|de|= -0.0417  lindep= 0.759
davidson 78 192  |r|= 0.0139  e= [ 0.7657861   0.80365703  0.80365704  0.80365704  2.7294046   2.7294046
  2.72940432  2.7294046   2.72940462  4.09234747  4.19173478  4.09228268]  max|de|= -0.0574  lindep= 0.712
root 4 converged  |r|= 9.41e-07  e= 2.72940459277  max|de|= -8.01e-09
root 6 converged  |r|= 9.63e-08  e= 2.72940460103  max|de|= 2.45e-10
davidson 79 197  |r|= 0.0129  e= [ 0.7657861   0.80365703  0.80365704  0.80365704  2.72940459  2.72940433
  2.7294046   2.72940433  2.72940433  4.09222871  4.19162327  4.09229728]  max|de|= -0.000119  lindep= 0.813
davidson 80 201  |r|= 0.0108  e= [ 0.7657861   0.80365703  0.80365704  0.80365704  2.7294046   2.7294046
  2.7294046   2.72940462  2.7294046   4.09231851  4.19182483  4.09228045]  max|de|= 0.000202  lindep= 0.765
davidson 81 204  |r|= 0.226  e= [ 0.7657861   0.80365703  0.80365704  0.80365704  2.7294046   2.7294046
  2.7294046   2.72940459  2.72940462  4.09229222  4.18520455  4.09229222]  max|de|= -0.00662  lindep= 0.828
davidson 82 206  |r|= 0.0291  e= [ 0.7657861   0.80365703  0.80365704  0.80365704  2.7294046   2.7294046
  2.7294046   2.72940462  2.7294046   4.09182712  4.19165122  4.09228769]  max|de|= 0.00645  lindep= 0.807
davidson 83 209  |r|= 0.00249  e= [ 0.7657861   0.80365703  0.80365704  0.80365704  2.7294046   2.7294046
  2.72940462  2.7294046   2.72940462  4.09230888  4.19170258  4.09227792]  max|de|= 0.000482  lindep= 0.771
davidson 84 212  |r|= 0.42  e= [ 0.7657861   0.80365703  0.80365704  0.80365704  2.7294046   2.72940459
  2.72940463  2.72940459  2.72940463  4.09220811  4.19164716  4.11231913]  max|de|= 0.02  lindep= 0.798
davidson 85 215  |r|= 0.0152  e= [ 0.7657861   0.80365703  0.80365704  0.80365704  2.7294046   2.7294046
  2.72940463  2.72940456  2.72940456  4.09229148  4.19137341  4.09227822]  max|de|= -0.000274  lindep= 0.787
davidson 86 218  |r|= 0.181  e= [ 0.7657861   0.80365703  0.80365704  0.80365704  2.7294046   2.7294046
  2.72940462  2.72940455  2.72940455  4.09221718  4.18750717  4.09230088]  max|de|= -0.00387  lindep= 0.682
davidson 87 221  |r|= 0.00354  e= [ 0.7657861   0.80365703  0.80365704  0.80365704  2.7294046   2.7294046
  2.7294046   2.72940456  2.72940456  4.09230657  4.19167463  4.09225134]  max|de|= 0.00417  lindep= 0.702
davidson 88 224  |r|= 0.0318  e= [ 0.7657861   0.80365703  0.80365704  0.80365704  2.7294046   2.7294046
  2.72940462  2.72940456  2.72940456  4.09292933  4.19185197  4.09230936]  max|de|= 0.000678  lindep= 0.775
davidson 89 227  |r|= 0.00477  e= [ 0.7657861   0.80365703  0.80365704  0.80365704  2.7294046   2.7294046
  2.72940462  2.72940457  2.72940457  4.09229895  4.19154056  4.09231382]  max|de|= -0.00063  lindep= 0.834
davidson 90 10  |r|= 0.00477  e= [ 0.7657861   0.80365703  0.80365704  0.80365704  2.72940462  2.7294046
  2.7294046   2.72940457  2.7294046   4.09229895  4.19154056  4.09231382]  max|de|= 3.02e-08  lindep= 0.982
davidson 91 13  |r|= 0.00407  e= [ 0.7657861   0.80365703  0.80365704  0.80365704  2.72940462  2.7294046
  2.7294046   2.72940457  2.7294046   4.09229357  4.19151891  4.09231316]  max|de|= -2.16e-05  lindep= 0.726
davidson 92 16  |r|= 0.0321  e= [ 0.76578609  0.80365703  0.80365704  0.80365704  2.72940462  2.7294046
  2.7294046   2.72940458  2.7294046   4.09239165  4.19129456  4.09231035]  max|de|= -0.000224  lindep= 0.729
davidson 93 19  |r|= 0.00737  e= [ 0.76578609  0.80365703  0.80365704  0.80365704  2.72940462  2.72940462
  2.7294046   2.72940458  2.72940462  4.09228625  4.19149937  4.09231169]  max|de|= 0.000205  lindep= 0.611
davidson 94 22  |r|= 0.0109  e= [ 0.76578609  0.80365703  0.80365704  0.80365704  2.72940462  2.7294046
  2.7294046   2.72940458  2.7294046   4.0923186   4.1917233   4.09230763]  max|de|= 0.000224  lindep= 0.702
davidson 95 25  |r|= 0.0231  e= [ 0.76578609  0.80365703  0.80365704  0.80365704  2.72940462  2.7294046
  2.7294046   2.72940458  2.72940458  4.09229373  4.19150261  4.09229373]  max|de|= -0.000221  lindep= 0.634
davidson 96 27  |r|= 0.00525  e= [ 0.76578609  0.80365703  0.80365704  0.80365704  2.72940462  2.7294046
  2.7294046   2.72940458  2.72940458  4.09228579  4.19163264  4.09229733]  max|de|= -0.0992  lindep= 0.719
davidson 97 30  |r|= 0.306  e= [ 0.76578609  0.80365703  0.80365704  0.80365704  2.72940462  2.7294046
  2.7294046   2.72940458  2.7294046   4.09228462  4.19079673  4.09227673]  max|de|= -0.000836  lindep= 0.741
davidson 98 33  |r|= 0.0142  e= [ 0.7657861   0.80365703  0.80365704  0.80365704  2.72940461  2.72940461
  2.7294046   2.72940458  2.72940461  4.09228401  4.19167774  4.09228401]  max|de|= 0.000881  lindep= 0.702
davidson 99 35  |r|= 1.07  e= [ 0.76578609  0.80365703  0.80365704  0.80365704  3.01244761  2.7294046
  2.72940462  2.72940457  2.72940457  4.09228506  4.19163871  4.09230104]  max|de|= 0.283  lindep= 0.636
davidson 100 39  |r|= 0.00887  e= [ 0.76578609  0.80365703  0.80365704  0.80365704  2.72940462  2.7294046
  2.7294046   2.72940458  2.72940458  4.0922784   4.19169782  4.09229159]  max|de|= 5.91e-05  lindep= 0.737
davidson 101 42  |r|= 0.965  e= [ 0.76578609  0.80365703  0.80365704  0.80365704  2.9922606   2.7294046
  2.7294046   2.72940458  2.72940458  4.09228805  4.19162626  4.09229769]  max|de|= 0.263  lindep= 0.615
davidson 102 46  |r|= 1.11  e= [ 0.76578609  0.80365703  0.80365704  0.80365704  2.78843024  2.7294046
  2.7294046   2.72940458  2.7294046   4.09229411  4.19162136  4.09230646]  max|de|= -0.204  lindep= 0.632
davidson 103 50  |r|=  1.3  e= [ 0.7657861   0.80365703  0.80365704  0.80365704  2.8678179   2.7294046
  2.7294046   2.72940458  2.72940458  4.09229271  4.191639    4.09228724]  max|de|= 0.0794  lindep= 0.539
davidson 104 54  |r|= 0.665  e= [ 0.7657861   0.80365703  0.80365704  0.80365704  2.86047     2.7294046
  2.7294046   2.72940458  2.72940458  4.09229752  4.19206138  4.09229326]  max|de|= -0.00735  lindep= 0.719
davidson 105 58  |r|= 1.72  e= [ 0.7657861   0.80365703  0.80365704  0.80365704  2.67022068  2.89711138
  2.7294046   2.72940458  2.89711138  4.07068342  4.1916667   4.09226882]  max|de|= -0.19  lindep= 0.69
davidson 106 63  |r|= 1.42  e= [ 0.7657861   0.80365703  0.80365704  0.80365704  2.72686417  2.80697167
  2.7294046   2.72940458  2.72686417  4.09230081  4.19160587  4.09217165]  max|de|= -0.17  lindep= 0.698
davidson 107 68  |r|= 1.05  e= [ 0.7657861   0.80365703  0.80365704  0.80365704  2.74483974  2.86954994
  2.7294046   2.72940458  2.86954994  4.09230194  4.19185451  4.0922662 ]  max|de|= 0.0626  lindep= 0.633
davidson 108 73  |r|= 0.883  e= [ 0.7657861   0.80365703  0.80365704  0.80365704  2.75503871  2.72485368
  2.7294046   2.72940458  2.72485368  4.15700118  4.19165797  4.09230767]  max|de|= -0.145  lindep= 0.582
davidson 109 78  |r|= 0.287  e= [ 0.7657861   0.80365703  0.80365704  0.80365704  2.7368343   2.7368343
  2.7294046   2.72940458  2.7368343   4.09224488  4.19150283  4.09224488]  max|de|= 0.012  lindep= 0.721
davidson 110 81  |r|= 0.382  e= [ 0.7657861   0.80365703  0.80365704  0.80365704  2.73582765  2.71854277
  2.7294046   2.72940458  2.71854277  4.09228916  4.19163248  4.09228239]  max|de|= -0.0183  lindep= 0.721
davidson 111 86  |r|= 0.897  e= [ 0.7657861   0.80365703  0.80365704  0.80365704  2.73209773  2.7116697
  2.7294046   2.72940458  2.7294046   4.09232349  4.19158548  4.09244063]  max|de|= -0.0242  lindep= 0.668
davidson 112 91  |r|= 0.269  e= [ 0.7657861   0.80365703  0.80365704  0.80365704  2.72551949  2.73172112
  2.72940462  2.72940458  2.73172112  4.09230009  4.19171098  4.09227223]  max|de|= 0.0201  lindep= 0.693
davidson 113 96  |r|=  1.1  e= [ 0.7657861   0.80365703  0.80365704  0.80365704  2.73075981  2.73075981
  2.7294046   2.7294046   2.72937379  4.09228654  4.19157935  4.14021817]  max|de|= 0.0479  lindep= 0.677
davidson 114 101  |r|= 1.25  e= [ 0.7657861   0.80365703  0.80365704  0.80365704  2.73083277  2.73083277
  2.7294046   2.72940457  2.7294046   4.21441597  4.191509    4.09231415]  max|de|= 0.0228  lindep= 0.747
davidson 115 105  |r|= 0.149  e= [ 0.7657861   0.80365703  0.80365704  0.80365704  2.72932557  2.7294046
  2.7294046   2.72940457  2.7294046   4.0922945   4.19113936  4.09219859]  max|de|= -0.00037  lindep= 0.719
davidson 116 109  |r|= 1.01  e= [ 0.7657861   0.80365703  0.80365704  0.80365704  2.72977594  2.7294046
  2.7294046   2.72940458  2.7294046   4.09577434  4.19147951  4.09228751]  max|de|= 0.00348  lindep= 0.721
davidson 117 113  |r|= 0.0496  e= [ 0.7657861   0.80365703  0.80365704  0.80365704  2.72951475  2.7294046
  2.7294046   2.72940457  2.7294046   4.09227963  4.19136728  4.09232474]  max|de|= -0.00349  lindep= 0.703
davidson 118 117  |r|= 0.0319  e= [ 0.7657861   0.80365703  0.80365704  0.80365704  2.72963102  2.7294046
  2.7294046   2.72932074  2.7294046   4.09226749  4.19144846  4.09228655]  max|de|= 0.000226  lindep= 0.658
davidson 119 122  |r|= 0.0213  e= [ 0.7657861   0.80365703  0.80365703  0.80365704  2.72955353  2.72940462
  2.7294046   2.72940459  2.72940462  4.09227774  4.19169037  4.09231249]  max|de|= 0.000242  lindep= 0.676
davidson 120 126  |r|= 0.0775  e= [ 0.7657861   0.80365703  0.80365703  0.80365704  2.72938193  2.72938193
  2.72940462  2.72940457  2.72940457  4.09228452  4.19085479  4.09228452]  max|de|= -0.000836  lindep= 0.713
davidson 121 129  |r|=  1.6  e= [ 0.7657861   0.80365703  0.80365704  0.80365704  2.72940454  2.72940454
  2.7294046   2.72946717  2.72946717  4.52515894  4.19148623  4.0922399 ]  max|de|= 0.334  lindep= 0.717
davidson 122 133  |r|= 0.0158  e= [ 0.7657861   0.80365703  0.80365704  0.80365704  2.72948515  2.72935937
  2.7294046   2.72940458  2.72948515  4.09228659  4.19139822  4.09228659]  max|de|= -0.0992  lindep= 0.776
davidson 123 137  |r|= 0.208  e= [ 0.7657861   0.80365703  0.80365704  0.80365704  2.72950692  2.72944735
  2.7294046   2.72940459  2.72940459  4.09228183  4.18523421  4.09229611]  max|de|= -0.00616  lindep= 0.712
davidson 124 142  |r|= 0.00371  e= [ 0.7657861   0.80365703  0.80365704  0.80365704  2.72943071  2.72935818
  2.7294046   2.72940458  2.72943071  4.09227966  4.09227966  4.09229005]  max|de|= -8.92e-05  lindep= 0.779
davidson 125 146  |r|= 1.81  e= [ 0.7657861   0.80365703  0.80365704  0.80365704  2.72942305  2.7294046
  2.7294046   2.72940211  2.72940211  4.35590881  4.19161365  4.09226679]  max|de|= 0.264  lindep= 0.727
davidson 126 151  |r|= 0.0428  e= [ 0.7657861   0.80365703  0.80365704  0.80365704  2.72939385  2.72941748
  2.72940461  2.72940458  2.72941748  4.09226702  4.19178012  4.09228729]  max|de|= 0.000166  lindep= 0.745
davidson 127 156  |r|= 0.0213  e= [ 0.7657861   0.80365703  0.80365704  0.80365704  2.72940461  2.7294046
  2.7294046   2.72940849  2.72940849  4.09229159  4.19181312  4.09228159]  max|de|= 3.3e-05  lindep= 0.704
davidson 128 160  |r|= 0.219  e= [ 0.7657861   0.80365703  0.80365704  0.80365704  2.72940742  2.72940742
  2.72940465  2.72940374  2.72940742  4.09228736  4.19287633  4.09227971]  max|de|= 0.00106  lindep= 0.719
davidson 129 165  |r|= 0.572  e= [ 0.7657861   0.80365703  0.80365704  0.80365704  2.72940464  2.72940425
  2.72940464  2.72940458  2.7294046   4.09226206  4.11788769  4.09226206]  max|de|= -0.075  lindep= 0.772
root 7 converged  |r|= 3.42e-07  e= 2.72940459638  max|de|= 1.24e-08
davidson 130 169  |r|= 0.0275  e= [ 0.7657861   0.80365703  0.80365704  0.80365704  2.7294045   2.7294045
  2.7294046   2.7294046   2.7294046   4.09228471  4.19151328  4.09228471]  max|de|= 0.0736  lindep= 0.685
root 4 converged  |r|= 1.05e-05  e= 2.72940456066  max|de|= 5.8e-08
root 8 converged  |r|= 1.05e-05  e= 2.72940456066  max|de|= 5.8e-08
davidson 131 172  |r|= 0.257  e= [ 0.7657861   0.80365703  0.80365704  0.80365704  2.72940456  2.72940461
  2.7294046   2.72940459  2.72940456  4.08910601  4.19154462  4.09228684]  max|de|= -0.00318  lindep= 0.738
davidson 132 176  |r|= 0.47  e= [ 0.76578609  0.80365703  0.80365703  0.80365704  2.72940459  2.72940456
  2.7294046   2.72940459  2.72940456  4.17037966  4.19189646  4.09226324]  max|de|= 0.0781  lindep= 0.684
davidson 133 179  |r|= 0.338  e= [ 0.7657861   0.80365703  0.80365704  0.80365704  2.72940466  2.72940466
  2.7294046   2.72940459  2.72940466  4.13667481  4.1918729   4.09226427]  max|de|= -0.0337  lindep= 0.727
davidson 134 182  |r|= 0.00373  e= [ 0.7657861   0.80365703  0.80365703  0.80365704  2.72940468  2.7294046
  2.7294046   2.72940461  2.72940468  4.09232269  4.19164772  4.09225765]  max|de|= -0.0444  lindep= 0.77
davidson 135 185  |r|= 0.00317  e= [ 0.7657861   0.80365703  0.80365703  0.80365704  2.72940472  2.7294046
  2.7294046   2.72940461  2.72940472  4.09226518  4.19159816  4.0922926 ]  max|de|= -5.75e-05  lindep= 0.781
davidson 136 188  |r|= 0.00758  e= [ 0.7657861   0.80365703  0.80365703  0.80365704  2.72940474  2.7294046
  2.7294046   2.7294046   2.72940461  4.09225837  4.19156151  4.09228939]  max|de|= -3.67e-05  lindep= 0.793
davidson 137 191  |r|= 0.0173  e= [ 0.76578609  0.80365703  0.80365703  0.80365704  2.72940478  2.7294046
  2.7294046   2.72940461  2.72940461  4.09223981  4.19114148  4.09228388]  max|de|= -0.00042  lindep= 0.805
davidson 138 194  |r|= 0.00281  e= [ 0.7657861   0.80365703  0.80365703  0.80365704  2.72940493  2.7294046
  2.7294046   2.72940461  2.72940461  4.0922902   4.19159253  4.09228237]  max|de|= 0.000451  lindep= 0.743
davidson 139 198  |r|= 0.0384  e= [ 0.7657861   0.80365703  0.80365703  0.80365704  2.7294046   2.7294046
  2.72940454  2.72940461  2.72940461  4.0929033   4.19161095  4.09228578]  max|de|= 0.000621  lindep= 0.766
root 8 converged  |r|= 7.66e-06  e= 2.72940454782  max|de|= 1.15e-08
root 11 converged  |r|= 0.000145  e= 4.09228575334  max|de|= -2.36e-08
davidson 140 202  |r|= 0.111  e= [ 0.7657861   0.80365703  0.80365703  0.80365704  2.7294046   2.7294046
  2.7294046   2.7294046   2.72940455  4.09231668  4.19124396  4.09228575]  max|de|= -0.000587  lindep= 0.791
davidson 141 204  |r|= 0.362  e= [ 0.76578609  0.80365703  0.80365703  0.80365704  2.72940454  2.7294046
  2.7294046   2.7294046   2.72940454  4.11034066  4.19147588  4.09228564]  max|de|= 0.018  lindep= 0.721
davidson 142 207  |r|= 0.0515  e= [ 0.76578609  0.80365703  0.80365703  0.80365704  2.72940451  2.7294046
  2.7294046   2.7294046   2.72940457  4.0922677   4.19353755  4.09228258]  max|de|= -0.0181  lindep= 0.795
davidson 143 210  |r|= 0.00458  e= [ 0.76578609  0.80365703  0.80365703  0.80365704  2.72940449  2.72940461
  2.7294046   2.7294046   2.72940459  4.09228382  4.1917763   4.09229013]  max|de|= -0.00176  lindep= 0.775
davidson 144 213  |r|= 0.00594  e= [ 0.76578609  0.80365703  0.80365703  0.80365704  2.72940453  2.72940461
  2.7294046   2.7294046   2.72940459  4.09218507  4.19180563  4.09228412]  max|de|= -0.000105  lindep= 0.743
root 5 converged  |r|= 2.59e-06  e= 2.72940457973  max|de|= -2.53e-08
root 8 converged  |r|= 2.59e-06  e= 2.72940457973  max|de|= -2.53e-08
davidson 145 217  |r|= 0.133  e= [ 0.76578609  0.80365703  0.80365704  0.80365704  2.72940455  2.72940458
  2.72940461  2.7294046   2.72940458  4.16381731  4.19172534  4.0922602 ]  max|de|= -0.028  lindep= 0.761
davidson 146 220  |r|= 0.227  e= [ 0.76578609  0.80365703  0.80365704  0.80365704  2.72940453  2.72940453
  2.72940461  2.7294046   2.72940459  4.14881698  4.19137089  4.09228745]  max|de|= -0.015  lindep= 0.752
davidson 147 223  |r|= 0.354  e= [ 0.76578609  0.80365703  0.80365703  0.80365704  2.72940454  2.72940461
  2.72940461  2.7294046   2.72940458  4.09425258  4.11518721  4.09228547]  max|de|= -0.0336  lindep= 0.814
davidson 148 226  |r|= 0.138  e= [ 0.76578609  0.80365703  0.80365704  0.80365704  2.72940455  2.7294046
  2.72940461  2.7294046   2.72940459  4.0922819   4.08932391  4.09228716]  max|de|= -0.0259  lindep= 0.798
root 9 converged  |r|= 0.000165  e= 4.09228190411  max|de|= -8.88e-16
root 11 converged  |r|= 0.000217  e= 4.0922871602  max|de|= -4.44e-15
davidson 149 10  |r|= 0.138  e= [ 0.76578609  0.80365703  0.80365704  0.80365704  2.72940455  2.7294046
  2.72940461  2.7294046   2.72940459  4.0922819   4.08932391  4.09228716]  max|de|= -2.35e-14  lindep= 0.985
davidson 150 11  |r|= 0.177  e= [ 0.76578609  0.80365703  0.80365704  0.80365704  2.72940455  2.7294046
  2.72940461  2.7294046   2.72940459  4.09228179  4.08831797  4.09228681]  max|de|= -0.00101  lindep= 0.969
davidson 151 14  |r|= 0.681  e= [ 0.76578609  0.80365703  0.84525342  0.80365704  2.72940457  2.7294046
  2.72940461  2.7294046   2.72940459  4.09228169  4.08826687  4.09228637]  max|de|= -3.25  lindep= 0.25
davidson 152 18  |r|= 0.942  e= [ 0.76578609  0.80361594  0.80365704  0.80365704  2.72940461  2.7294046
  2.72940461  2.7294046   2.72940459  4.1527599   4.09229251  4.0921875 ]  max|de|= 0.0605  lindep= 0.772
davidson 153 22  |r|= 0.568  e= [ 0.76578609  0.80365703  0.80363516  0.80365704  2.72940461  2.7294046
  2.72940461  2.7294046   2.72940457  4.09229055  4.09766909  4.09228347]  max|de|= 0.00538  lindep= 0.59
davidson 154 27  |r|= 0.317  e= [ 0.76578609  0.80365487  0.80365704  0.80365704  2.72940461  2.72940461
  2.72940461  2.7294046   2.72940459  4.09228833  4.08705631  4.09228375]  max|de|= -0.0106  lindep= 0.379
davidson 155 31  |r|= 0.605  e= [ 0.7657861   0.80365703  0.80365656  0.80365704  2.72940461  2.72940461
  2.72940461  2.7294046   2.7294046   4.09228237  4.11252601  4.09230011]  max|de|= 0.0255  lindep= 0.408
root 1 converged  |r|= 8.84e-09  e= 0.803657034623  max|de|= 1.19e-11
davidson 156 35  |r|= 1.29  e= [ 0.76578609  0.80365703  0.80365704  0.80365704  2.72940461  2.72940461
  2.72940461  2.7294046   2.72940459  4.09228384  4.07205488  4.09228384]  max|de|= -0.0405  lindep= 0.788
davidson 157 37  |r|= 0.418  e= [ 0.76578609  0.80365703  0.80365704  0.80365704  2.72940461  2.72940461
  2.72940459  2.7294046   2.72940459  4.09651319  4.09228261  4.09651319]  max|de|= 0.0245  lindep= 0.772
davidson 158 39  |r|= 0.262  e= [ 0.76578609  0.80365703  0.80365704  0.80365704  2.7294046   2.72940461
  2.72940461  2.7294046   2.72940459  4.09228975  4.08686698  4.09228408]  max|de|= -0.00965  lindep= 0.732
davidson 159 42  |r|= 1.89  e= [ 0.76578609  0.80365703  0.80365704  0.80365704  3.29647581  2.7294046
  2.72940461  2.7294046   2.72940459  4.09228432  4.08939894  4.0922785 ]  max|de|= -0.79  lindep= 0.66
davidson 160 46  |r|= 1.09  e= [ 0.76578609  0.80365703  0.80365704  0.80365704  2.87259683  2.7294046
  2.72940461  2.7294046   2.72940459  4.09232099  4.08667827  4.09228399]  max|de|= -0.424  lindep= 0.777
davidson 161 50  |r|= 0.15  e= [ 0.76578609  0.80365703  0.80365704  0.80365704  2.7294046   2.7294046
  2.72940461  2.7294046   2.72940459  4.09228383  4.08866702  4.09228706]  max|de|= 0.00199  lindep= 0.686
davidson 162 53  |r|= 0.907  e= [ 0.76578609  0.80365703  0.80365704  0.80365704  2.81930929  2.81930929
  2.72940461  2.7294046   2.72940459  4.09228449  4.08484655  4.09228449]  max|de|= 0.0899  lindep= 0.716
davidson 163 56  |r|= 0.672  e= [ 0.76578609  0.80365703  0.80365704  0.80365704  2.7294046   2.72269268
  2.72940461  2.7294046   2.72940459  4.09228324  4.08712769  4.09228324]  max|de|= -0.0966  lindep= 0.729
davidson 164 59  |r|= 1.22  e= [ 0.76578609  0.80365703  0.80365704  0.80365704  2.59144953  2.7294046
  2.72940461  2.7294046   2.72940459  4.11089091  4.09228746  4.09228396]  max|de|= -0.131  lindep= 0.712
davidson 165 63  |r|= 0.455  e= [ 0.76578609  0.80365703  0.80365704  0.80365704  2.75991982  2.75991982
  2.72940461  2.7294046   2.7294046   4.09228374  4.08592506  4.092267  ]  max|de|= 0.168  lindep= 0.797
davidson 166 67  |r|= 0.898  e= [ 0.76578609  0.80365703  0.80365704  0.80365704  2.70786843  2.70786843
  2.72940461  2.7294046   2.72940459  4.10721217  4.09228868  4.0922837 ]  max|de|= -0.0521  lindep= 0.693
davidson 167 71  |r|= 0.75  e= [ 0.76578609  0.80365703  0.80365704  0.80365704  2.76971465  2.76971465
  2.7294046   2.7294046   2.7294046   4.08303616  4.09986525  4.09228419]  max|de|= 0.0618  lindep= 0.684
root 11 converged  |r|= 5.17e-05  e= 4.09228420608  max|de|= 1.13e-08
davidson 168 75  |r|= 0.405  e= [ 0.76578609  0.80365703  0.80365704  0.80365704  2.736356    2.736356
  2.72940461  2.7294046   2.72940459  4.113102    4.09228224  4.09228421]  max|de|= -0.0334  lindep= 0.664
davidson 169 78  |r|= 0.151  e= [ 0.76578609  0.80365703  0.80365704  0.80365704  2.72740921  2.72740921
  2.72940461  2.7294046   2.72940459  4.09228384  4.08844373  4.09228384]  max|de|= -0.0247  lindep= 0.785
davidson 170 81  |r|= 0.177  e= [ 0.76578609  0.80365703  0.80365704  0.80365704  2.72719129  2.7294046
  2.72940459  2.7294046   2.72940459  4.09499784  4.09228131  4.09228533]  max|de|= 0.00271  lindep= 0.759
davidson 171 85  |r|= 0.166  e= [ 0.76578609  0.80365703  0.80365704  0.80365704  2.73372984  2.73372984
  2.7294046   2.7294046   2.73372984  4.09228051  4.0847497   4.09228325]  max|de|= -0.0102  lindep= 0.724
davidson 172 89  |r|= 0.0858  e= [ 0.76578609  0.80365703  0.80365704  0.80365704  2.72940453  2.7294046
  2.72940461  2.7294046   2.72940458  4.09233554  4.08962102  4.0922842 ]  max|de|= -0.00266  lindep= 0.766
davidson 173 92  |r|= 0.197  e= [ 0.76578609  0.80365703  0.80365704  0.80365704  2.72940458  2.73049459
  2.72940461  2.7294046   2.72940458  4.09228194  4.08265038  4.09228458]  max|de|= -0.00697  lindep= 0.733
davidson 174 96  |r|= 0.345  e= [ 0.76578609  0.80365703  0.80365704  0.80365704  2.72940459  2.72569216
  2.72940461  2.7294046   2.72940459  4.09228116  4.08623945  4.0922829 ]  max|de|= -0.0048  lindep= 0.705
davidson 175 100  |r|= 0.805  e= [ 0.76578609  0.80365703  0.80365704  0.80365704  2.72940461  2.7294046
  2.72940461  2.7294046   2.72940459  4.09228339  4.11749262  4.09228448]  max|de|= 0.0313  lindep= 0.725
davidson 176 103  |r|= 0.118  e= [ 0.76578609  0.80365703  0.80365703  0.80365704  2.72940461  2.72940459
  2.72940461  2.729614    2.72940459  4.09228308  4.08865862  4.0922857 ]  max|de|= -0.0288  lindep= 0.762
davidson 177 107  |r|= 0.127  e= [ 0.76578609  0.80365703  0.80365703  0.80365704  2.72940461  2.7294046
  2.72940461  2.7294046   2.72940459  4.09228354  4.08933599  4.09228609]  max|de|= 0.000677  lindep= 0.694
davidson 178 110  |r|= 0.207  e= [ 0.76578609  0.80365703  0.80365703  0.80365704  2.7294046   2.7294046
  2.72941194  2.7294046   2.72940458  4.09228341  4.08698066  4.09228536]  max|de|= -0.00236  lindep= 0.709
root 11 converged  |r|= 0.000261  e= 4.09228529464  max|de|= -6.7e-08
davidson 179 114  |r|= 0.206  e= [ 0.76578609  0.80365703  0.80365703  0.80365704  2.72926883  2.7294046
  2.72940461  2.7294046   2.72926883  4.09228356  4.08640349  4.09228529]  max|de|= -0.000577  lindep= 0.78
davidson 180 117  |r|= 0.183  e= [ 0.76578609  0.80365703  0.80365703  0.80365704  2.7294046   2.7294046
  2.72940461  2.7294046   2.72940469  4.09228635  4.08752063  4.09228403]  max|de|= 0.00112  lindep= 0.734
root 11 converged  |r|= 5.63e-05  e= 4.09228397471  max|de|= -5.26e-08
davidson 181 120  |r|= 0.141  e= [ 0.76578609  0.80365703  0.80365703  0.80365704  2.72940461  2.7294046
  2.72940386  2.7294046   2.72940462  4.09229806  4.08694904  4.09228397]  max|de|= -0.000572  lindep= 0.695
davidson 182 123  |r|= 0.101  e= [ 0.76578609  0.80365703  0.80365703  0.80365704  2.7294046   2.72940897
  2.72940461  2.7294046   2.72940456  4.09228535  4.088373    4.09228392]  max|de|= 0.00142  lindep= 0.77
root 7 converged  |r|= 8.34e-07  e= 2.72940460335  max|de|= 4.3e-08
davidson 183 128  |r|= 0.382  e= [ 0.76578609  0.80365703  0.80365703  0.80365704  2.7294046   2.72944238
  2.7294046   2.7294046   2.7294046   4.09226146  4.08898732  4.09228467]  max|de|= -0.0033  lindep= 0.694
davidson 184 132  |r|= 0.194  e= [ 0.76578609  0.80365703  0.80365703  0.80365704  2.72940415  2.7294046
  2.72940461  2.7294046   2.72940455  4.09228618  4.08730227  4.09228383]  max|de|= -0.00498  lindep= 0.756
davidson 185 136  |r|= 0.106  e= [ 0.76578609  0.80365703  0.80365704  0.80365704  2.7294046   2.72941331
  2.7294046   2.72941331  2.72941331  4.09229456  4.08621069  4.09228405]  max|de|= -0.00109  lindep= 0.647
davidson 186 140  |r|= 0.000644  e= [ 0.76578609  0.80365703  0.80365703  0.80365704  2.7294046   2.7294046
  2.7294046   2.7294046   2.72940585  4.09227611  4.09227611  4.09228552]  max|de|= -1.85e-05  lindep= 0.711
davidson 187 143  |r|= 0.143  e= [ 0.76578609  0.80365703  0.80365704  0.80365704  2.7294046   2.7294046
  2.7294046   2.7294046   2.72940908  4.09227609  4.08510347  4.09228395]  max|de|= -0.00718  lindep= 0.622
davidson 188 147  |r|= 0.17  e= [ 0.76578609  0.80365703  0.80365703  0.80365704  2.72940459  2.72940461
  2.72940461  2.7294046   2.72940539  4.09228598  4.09036057  4.09228598]  max|de|= 0.00526  lindep= 0.73
davidson 189 150  |r|= 0.596  e= [ 0.76578609  0.80365703  0.80365703  0.80365704  2.7294041   2.72940461
  2.72940459  2.7294046   2.72940459  4.11126826  4.11126826  4.09228441]  max|de|= 0.0209  lindep= 0.705
root 4 converged  |r|= 6.14e-06  e= 2.72940456005  max|de|= -3.22e-08
root 6 converged  |r|= 1.2e-06  e= 2.72940459561  max|de|= 3.4e-09
root 8 converged  |r|= 9.67e-06  e= 2.72940465636  max|de|= 6.42e-08
davidson 190 154  |r|= 0.386  e= [ 0.76578609  0.80365703  0.80365703  0.80365704  2.72940456  2.7294046
  2.7294046   2.7294046   2.72940466  4.09161044  4.08605791  4.09228488]  max|de|= -0.00623  lindep= 0.752
davidson 191 157  |r|= 0.000217  e= [ 0.76578609  0.80365703  0.80365703  0.80365704  2.72940458  2.72940461
  2.7294046   2.7294046   2.72940458  4.09228284  4.09228284  4.0922845 ]  max|de|= 0.000672  lindep= 0.712
davidson 192 159  |r|= 0.00057  e= [ 0.76578609  0.80365703  0.80365703  0.80365704  2.7294046   2.7294046
  2.7294046   2.7294046   2.72940569  4.09227831  4.09227831  4.09228361]  max|de|= -4.53e-06  lindep= 0.71
davidson 193 162  |r|= 0.228  e= [ 0.76578609  0.80365703  0.80365703  0.80365704  2.72940459  2.72940461
  2.72940461  2.72940488  2.72940459  4.09621926  4.09228372  4.09228475]  max|de|= 0.00394  lindep= 0.638
davidson 194 166  |r|= 0.102  e= [ 0.76578609  0.80365703  0.80365703  0.80365704  2.7294046   2.72940446
  2.72940446  2.7294046   2.7294046   4.08647392  4.08647392  4.09228264]  max|de|= -0.00975  lindep= 0.732
davidson 195 169  |r|= 0.473  e= [ 0.76578609  0.80365703  0.80365703  0.80365704  2.72940461  2.72940461
  2.72940461  2.7294046   2.7294046   4.0922837   4.11463328  4.09228378]  max|de|= 0.0282  lindep= 0.734
root 4 converged  |r|= 5.3e-07  e= 2.72940460108  max|de|= -1.13e-08
root 5 converged  |r|= 7.75e-07  e= 2.72940460633  max|de|= -6.05e-09
root 6 converged  |r|= 7.75e-07  e= 2.72940460633  max|de|= -6.05e-09
davidson 196 173  |r|= 0.084  e= [ 0.76578609  0.80365703  0.80365703  0.80365704  2.7294046   2.72940461
  2.72940461  2.7294046   2.7294046   4.09013149  4.09229159  4.09229159]  max|de|= -0.00215  lindep= 0.769
davidson 197 175  |r|= 0.209  e= [ 0.76578609  0.80365703  0.80365703  0.80365704  2.7294046   2.7294046
  2.72940459  2.7294046   2.7294046   4.09737414  4.09737414  4.09226395]  max|de|= 0.00724  lindep= 0.798
davidson 198 177  |r|= 0.108  e= [ 0.76578609  0.80365703  0.80365703  0.80365704  2.72940459  2.7294046
  2.7294046   2.7294046   2.72940459  4.09228309  4.09432039  4.09432039]  max|de|= 0.00206  lindep= 0.803
davidson 199 179  |r|= 0.0481  e= [ 0.76578609  0.80365703  0.80365703  0.80365704  2.7294046   2.7294046
  2.7294046   2.7294046   2.7294046   4.09227922  4.09169161  4.09228236]  max|de|= -0.000591  lindep= 0.781
EA root 0 E = 0.7657860943307856  qpwt = 0.993032  conv = True
EA root 1 E = 0.803657034571531  qpwt = 0.993875  conv = True
EA root 2 E = 0.803657034571531  qpwt = 0.993875  conv = True
EA root 3 E = 0.8036570353383534  qpwt = 0.993875  conv = True
EA root 4 E = 2.729404595994031  qpwt = 0.973971  conv = True
EA root 5 E = 2.729404601244754  qpwt = 0.89055  conv = True
EA root 6 E = 2.729404598463191  qpwt = 0.973971  conv = True
EA root 7 E = 2.729404601244754  qpwt = 0.89055  conv = True
EA root 8 E = 2.729404595994031  qpwt = 0.973971  conv = True
EA root 9 E = 4.092279221182841  qpwt = 0.838803  conv = False
EA root 10 E = 4.091691609716101  qpwt = 0.8059  conv = False
EA root 11 E = 4.092282361190952  qpwt = 0.83886  conv = False
    CPU time for EA-CCSD     76.27 sec, wall time     76.37 sec
