

******** <class 'pyscf.scf.hf.RHF'> flags ********
method = RHF
initial guess = minao
damping factor = 0
level shift factor = 0
DIIS = <class 'pyscf.scf.diis.CDIIS'>
DIIS start cycle = 1
DIIS space = 8
SCF tol = 1e-09
SCF gradient tol = None
max. SCF cycles = 50
direct_scf = True
direct_scf_tol = 1e-13
chkfile to save SCF result = /tmp/tmp7JMiEY
max_memory 4000 MB (current use 75 MB)
Set gradient conv threshold to 3.16228e-05
Nelec from initial guess = 9.99940038809
cond(S) = 7333.104529
E_coul = 30.7964059222461
init E= -56.0538938731495
    CPU time for initialize scf      0.25 sec, wall time      0.26 sec
  HOMO = -0.328160424971633  LUMO = 0.083469691555888
  mo_energy =
[-15.63325594  -1.41050887  -0.58094191  -0.58091589  -0.32816042
   0.08346969   0.18830215   0.18830801   0.40893861   0.40894645
   0.44045348   0.5274988    0.60524317   0.60526011   0.62203212
   0.72282203   0.72283334   1.0473986    1.11372919   1.17623327
   1.17623617   1.3586384    1.35866062   1.40406051   1.62563069
   1.62565806   1.68189682   1.73350965   1.73352128   2.23857081
   2.36770962   2.36773981   2.52954753   2.93561813   3.12147815
   3.12149563   3.29406392   3.48477807   3.48478073   3.48987033
   3.57659894   3.57663917   3.68068419   3.7360965    3.73611704
   3.94010758   3.94011503   3.97054082   4.10840727   4.15787788
   4.15789511   4.34758825   4.34759694   4.57419194   4.62738892
   4.62744287   4.7143154    4.99130246   5.10703046   5.10707609
   5.5108536    5.51088557   5.55074058   5.82417258   6.09234453
   6.09244554   6.24987613   6.24993692   6.26459237   6.80641573
   6.89943041   6.89945673  33.74432277]
E_coul = 31.6934391036981
cycle= 1 E= -56.2074918619724  delta_E= -0.154  |g|= 0.234  |ddm|= 1.13
    CPU time for cycle= 1      0.03 sec, wall time      0.03 sec
diis-norm(errvec)=0.787823
diis-c [-0.62066501  1.        ]
  HOMO = -0.40504184931174  LUMO = 0.122827226327176
  mo_energy =
[-15.47029488  -1.13089111  -0.61743699  -0.61741627  -0.40504185
   0.12282723   0.21113974   0.21114162   0.44357894   0.44358728
   0.49619687   0.59172514   0.64614386   0.67452177   0.67453639
   0.74522383   0.74523172   1.07451352   1.11653195   1.19288513
   1.19288761   1.38176802   1.381795     1.43090758   1.67930312
   1.67933527   1.74562098   1.7957797    1.79578811   2.32537013
   2.43026102   2.43028251   2.60423883   3.01168554   3.18634577
   3.18635457   3.34863886   3.50734635   3.5073478    3.53220912
   3.604222     3.60426888   3.6969031    3.79404631   3.79407041
   3.94436704   3.94437564   3.98228776   4.12570128   4.18312872
   4.18314729   4.38294761   4.38295067   4.56907135   4.68616339
   4.68622543   4.77923621   5.05881955   5.20593418   5.20598662
   5.59067477   5.5907166    5.61884747   5.92621313   6.16733499
   6.16743983   6.35619997   6.35626456   6.36178143   6.90100647
   6.98355378   6.98357632  33.8929257 ]
E_coul = 31.2698746625167
cycle= 2 E= -56.2196391392184  delta_E= -0.0121  |g|= 0.0788  |ddm|= 0.169
    CPU time for cycle= 2      0.03 sec, wall time      0.03 sec
diis-norm(errvec)=0.247829
diis-c [-0.0448337   0.14509079  0.85490921]
  HOMO = -0.436831650288168  LUMO = 0.123780022876067
  mo_energy =
[-15.56467892  -1.15066652  -0.63488974  -0.63486711  -0.43683165
   0.12378002   0.21148571   0.21148682   0.43780003   0.43780805
   0.48466387   0.58723746   0.64582676   0.66689613   0.66691135
   0.74454139   0.74455021   1.07156353   1.12054144   1.19409237
   1.19409507   1.37783141   1.37785651   1.43010935   1.66620576
   1.66623669   1.73385434   1.78064497   1.78065406   2.3038642
   2.41749762   2.41752258   2.58154409   2.99362326   3.17353788
   3.17355114   3.34165376   3.51497153   3.5149737    3.52954328
   3.60431162   3.604355     3.70730069   3.78764065   3.7876637
   3.95388612   3.95389445   3.99233257   4.12950589   4.18507373
   4.18509186   4.38068403   4.38068926   4.57942385   4.67268022
   4.67273995   4.76744165   5.04546478   5.17996159   5.18001116
   5.57035308   5.57039104   5.61009308   5.89713994   6.15405458
   6.15415728   6.32684061   6.32690439   6.33523295   6.87977928
   6.96704658   6.96706987  33.80403602]
E_coul = 31.522552786796
cycle= 3 E= -56.2208422202776  delta_E= -0.0012  |g|= 0.0267  |ddm|= 0.0473
    CPU time for cycle= 3      0.03 sec, wall time      0.03 sec
diis-norm(errvec)=0.0866299
diis-c [-0.00394917 -0.04132104  0.14188291  0.89943812]
  HOMO = -0.426713824254954  LUMO = 0.125797252643972
  mo_energy =
[-15.53233567  -1.13840152  -0.6251445   -0.62512177  -0.42671382
   0.12579725   0.21363477   0.21363546   0.44074551   0.44075347
   0.48838287   0.59206483   0.65004238   0.67323098   0.67324584
   0.74991208   0.7499206    1.07528894   1.12385846   1.19770219
   1.19770497   1.38264155   1.38266652   1.43597306   1.67183923
   1.67187057   1.74051627   1.78750326   1.78751213   2.31319387
   2.4272252    2.42724986   2.59125663   3.0058454    3.18405186
   3.18406448   3.34973829   3.52253414   3.52253653   3.53784636
   3.61296368   3.6130071    3.71504042   3.7967159    3.79673904
   3.95993391   3.95994225   3.99904948   4.13706067   4.19206465
   4.19208285   4.38830131   4.3883065    4.58508172   4.68291073
   4.68297097   4.77740009   5.05718983   5.19250147   5.19255147
   5.58162446   5.58166271   5.62091465   5.91019171   6.16707121
   6.16717421   6.33967805   6.33974185   6.34690951   6.89270563
   6.98169028   6.98171354  33.83456039]
E_coul = 31.4481520987053
cycle= 4 E= -56.2210170326149  delta_E= -0.000175  |g|= 0.00556  |ddm|= 0.0198
    CPU time for cycle= 4      0.02 sec, wall time      0.03 sec
diis-norm(errvec)=0.0193466
diis-c [ -1.15565026e-04  -1.28188201e-02  -6.43132161e-02   4.01575143e-02
   1.03697452e+00]
  HOMO = -0.427882865099734  LUMO = 0.12555167718645
  mo_energy =
[-15.53722617  -1.13978666  -0.62645397  -0.62643102  -0.42788287
   0.12555168   0.21349147   0.21349204   0.44068184   0.44068983
   0.48805312   0.59150716   0.64960482   0.67285231   0.67286709
   0.74941607   0.74942466   1.07506308   1.12364036   1.19748033
   1.19748315   1.38233273   1.38235759   1.4350672    1.67127748
   1.67130884   1.73981008   1.7870233    1.78703214   2.31269791
   2.42644922   2.42647405   2.59049639   3.0037764    3.18284991
   3.18286265   3.34934753   3.52187342   3.52187585   3.53738384
   3.6126048    3.61264807   3.7144483    3.79631957   3.79634272
   3.96001995   3.96002831   3.99901055   4.13688616   4.1918014
   4.1918195    4.3879186    4.38792386   4.58502518   4.68205839
   4.68211845   4.77626761   5.05568809   5.19122471   5.19127464
   5.58077335   5.58081152   5.62003153   5.9090892    6.16551055
   6.16561348   6.33849112   6.33855487   6.345938     6.89161919
   6.98026862   6.98029185  33.83003823]
E_coul = 31.4593880853546
cycle= 5 E= -56.2210305890898  delta_E= -1.36e-05  |g|= 0.00105  |ddm|= 0.00663
    CPU time for cycle= 5      0.03 sec, wall time      0.03 sec
diis-norm(errvec)=0.00378811
diis-c [ -5.14792329e-06   4.59675116e-03   1.21910093e-02  -3.75803007e-02
  -3.08028559e-01   1.32882110e+00]
  HOMO = -0.428014818401633  LUMO = 0.125513788593065
  mo_energy =
[-15.53726787  -1.13975776  -0.62643733  -0.6264143   -0.42801482
   0.12551379   0.21349464   0.21349517   0.44065992   0.44066792
   0.48804224   0.5914925    0.64957324   0.67285579   0.67287053
   0.74940914   0.74941774   1.0750297    1.12357443   1.19745713
   1.19745996   1.38231181   1.38233663   1.43504134   1.67125534
   1.67128672   1.73984076   1.78700153   1.78701037   2.31266761
   2.4264165    2.42644137   2.59044738   3.00380402   3.18284669
   3.18285944   3.34929137   3.52186994   3.52187239   3.53729779
   3.61257052   3.61261374   3.7144209    3.79628797   3.79631111
   3.95999353   3.9600019    3.99899067   4.13691875   4.19177204
   4.19179012   4.38789967   4.38790495   4.58500376   4.68200865
   4.68206868   4.77628136   5.05573936   5.19117027   5.19122019
   5.58069893   5.58073709   5.6200252    5.90901504   6.16558968
   6.16569259   6.3384331    6.33849685   6.34579682   6.89156163
   6.98028033   6.98030358  33.82998209]
E_coul = 31.4592963656548
cycle= 6 E= -56.2210316630375  delta_E= -1.07e-06  |g|= 0.000276  |ddm|= 0.00269
    CPU time for cycle= 6      0.03 sec, wall time      0.03 sec
diis-norm(errvec)=0.00095082
diis-c [ -1.32534886e-07  -1.72469962e-03  -4.24145600e-03   1.62205815e-02
   1.26488835e-01  -7.20363331e-01   1.58362007e+00]
  HOMO = -0.428079458835343  LUMO = 0.125503666424815
  mo_energy =
[-15.53725975  -1.13975206  -0.62641074  -0.6263877   -0.42807946
   0.12550367   0.21350061   0.21350113   0.44066068   0.44066868
   0.48802003   0.59149256   0.64956935   0.67286628   0.67288101
   0.74941314   0.74942173   1.07502508   1.12357242   1.19745927
   1.1974621    1.38231292   1.38233774   1.43503195   1.67125485
   1.67128624   1.73984159   1.78700258   1.78701142   2.31266575
   2.42642061   2.42644548   2.5904382    3.00380721   3.18285246
   3.18286522   3.34928424   3.52187815   3.5218806    3.53729458
   3.61257455   3.61261776   3.71442552   3.79628991   3.79631305
   3.95999587   3.96000424   3.99899016   4.13693161   4.19177081
   4.19178889   4.38790018   4.38790546   4.58501023   4.68200563
   4.68206565   4.77628064   5.05575866   5.19116369   5.19121361
   5.58069297   5.58073112   5.62002936   5.90900264   6.16561424
   6.16571715   6.33842522   6.33848897   6.3457812    6.89156027
   6.98029308   6.98031632  33.8299894 ]
E_coul = 31.4593724512624
cycle= 7 E= -56.221031744423  delta_E= -8.14e-08  |g|= 3.93e-05  |ddm|= 0.000931
    CPU time for cycle= 7      0.03 sec, wall time      0.03 sec
diis-norm(errvec)=0.000128798
diis-c [ -1.45676690e-09   3.68355954e-04   9.33537703e-04  -4.10129569e-03
  -2.49585472e-02   1.65963836e-01  -4.69345926e-01   1.33114004e+00]
  HOMO = -0.428077493693237  LUMO = 0.125503986458238
  mo_energy =
[-15.53724516  -1.13974178  -0.62640041  -0.62637737  -0.42807749
   0.12550399   0.213502     0.21350253   0.4406634    0.44067141
   0.4880204    0.59149618   0.64957199   0.67287064   0.67288537
   0.74941565   0.74942425   1.07502698   1.12357418   1.19746157
   1.19746441   1.38231469   1.38233951   1.43503337   1.67125968
   1.67129107   1.73984691   1.78700807   1.7870169    2.31267146
   2.42642523   2.4264501    2.59044255   3.00381502   3.18285882
   3.18287158   3.34928777   3.52188149   3.52188395   3.53729785
   3.6125766    3.6126198    3.71442762   3.79629456   3.7963177
   3.95999652   3.96000489   3.99899062   4.13693415   4.19177273
   4.19179081   4.38790341   4.38790869   4.58501116   4.68201005
   4.68207007   4.77628615   5.05576727   5.19117098   5.19122091
   5.58069841   5.58073657   5.6200347    5.90900889   6.16562315
   6.16572606   6.33843233   6.33849607   6.34578715   6.89156698
   6.98030026   6.9803235   33.83000279]
E_coul = 31.4593630845504
cycle= 8 E= -56.22103174548  delta_E= -1.06e-09  |g|= 4.51e-06  |ddm|= 0.000132
    CPU time for cycle= 8      0.03 sec, wall time      0.03 sec
diis-norm(errvec)=1.68364e-05
diis-c [ -2.18891016e-11  -8.51719650e-05  -2.29249430e-04   8.78892232e-04
   6.40556711e-03  -4.20168247e-02   1.25854232e-01  -4.21710059e-01
   1.33090261e+00]
  HOMO = -0.428076581250909  LUMO = 0.125504493375551
  mo_energy =
[-15.53724157  -1.13973998  -0.62639959  -0.62637656  -0.42807658
   0.12550449   0.21350234   0.21350286   0.44066403   0.44067203
   0.48802093   0.59149701   0.64957262   0.67287144   0.67288618
   0.74941645   0.74942504   1.07502763   1.12357476   1.19746219
   1.19746502   1.38231535   1.38234018   1.43503416   1.6712606
   1.67129199   1.73984789   1.78700899   1.78701783   2.31267267
   2.42642647   2.42645134   2.59044374   3.00381668   3.18286023
   3.18287298   3.3492889    3.52188259   3.52188504   3.53729899
   3.61257759   3.6126208    3.71442867   3.79629575   3.79631889
   3.9599973    3.96000567   3.99899145   4.136935     4.19177363
   4.19179171   4.3879044    4.38790968   4.5850119    4.68201133
   4.68207136   4.77628747   5.05576878   5.19117257   5.19122249
   5.58069978   5.58073793   5.62003603   5.90901044   6.16562471
   6.16572763   6.33843389   6.33849763   6.34578866   6.89156854
   6.98030189   6.98032513  33.83000625]
E_coul = 31.459356536301
cycle= 9 E= -56.2210317454872  delta_E= -7.2e-12  |g|= 3.28e-07  |ddm|= 1.3e-05
    CPU time for cycle= 9      0.03 sec, wall time      0.03 sec
  HOMO = -0.428076603964151  LUMO = 0.12550447376224
  mo_energy =
[-15.53724171  -1.13973998  -0.6263996   -0.62637657  -0.4280766
   0.12550447   0.21350232   0.21350284   0.44066398   0.44067198
   0.48802089   0.59149699   0.64957256   0.6728714    0.67288613
   0.7494164    0.749425     1.0750276    1.12357473   1.19746216
   1.19746499   1.38231531   1.38234013   1.43503412   1.67126055
   1.67129193   1.73984783   1.78700893   1.78701777   2.3126726
   2.4264264    2.42645127   2.59044366   3.00381661   3.18286015
   3.18287291   3.34928884   3.52188254   3.52188499   3.53729893
   3.61257754   3.61262075   3.71442861   3.79629569   3.79631883
   3.95999725   3.96000562   3.9989914    4.13693495   4.19177357
   4.19179165   4.38790435   4.38790963   4.58501185   4.68201126
   4.68207129   4.7762874    5.05576872   5.19117248   5.19122241
   5.5806997    5.58073785   5.62003596   5.90901035   6.16562464
   6.16572756   6.3384338    6.33849755   6.34578859   6.89156846
   6.98030181   6.98032506  33.8300061 ]
E_coul = 31.4593568265648
Extra cycle  E= -56.2210317454872  delta_E= -1.42e-14  |g|= 1.03e-07  |ddm|= 5.03e-07
    CPU time for scf_cycle      0.53 sec, wall time      0.55 sec
    CPU time for SCF      0.53 sec, wall time      0.70 sec
converged SCF energy = -56.2210317454872
RHF E = -56.2210317455
RHF eps = [-15.53724171  -1.13973998  -0.6263996   -0.62637657  -0.4280766
   0.12550447   0.21350232   0.21350284   0.44066398   0.44067198
   0.48802089   0.59149699   0.64957256   0.6728714    0.67288613
   0.7494164    0.749425     1.0750276    1.12357473   1.19746216
   1.19746499   1.38231531   1.38234013   1.43503412   1.67126055
   1.67129193   1.73984783   1.78700893   1.78701777   2.3126726
   2.4264264    2.42645127   2.59044366   3.00381661   3.18286015
   3.18287291   3.34928884   3.52188254   3.52188499   3.53729893
   3.61257754   3.61262075   3.71442861   3.79629569   3.79631883
   3.95999725   3.96000562   3.9989914    4.13693495   4.19177357
   4.19179165   4.38790435   4.38790963   4.58501185   4.68201126
   4.68207129   4.7762874    5.05576872   5.19117248   5.19122241
   5.5806997    5.58073785   5.62003596   5.90901035   6.16562464
   6.16572756   6.3384338    6.33849755   6.34578859   6.89156846
   6.98030181   6.98032506  33.8300061 ]
    CPU time for CCSD integral transformation      3.62 sec, wall time      3.63 sec

******** <class 'pyscf.cc.rccsd.RCCSD'> flags ********
CCSD nocc = 4, nvir = 68
frozen orbitals [0]
max_cycle = 200
direct = 0
conv_tol = 1e-07
conv_tol_normt = 1e-05
diis_space = 6
diis_start_cycle = 0
diis_start_energy_diff = 1e+09
max_memory 4000 MB (current use 158 MB)
Init t2, MP2 energy = -0.234800425515908
    CPU time for init mp2      0.01 sec, wall time      0.00 sec
    CPU time for vvvv-tau      0.00 sec, wall time      0.00 sec
    CPU time for vvvv [0:68]      0.04 sec, wall time      0.05 sec
    CPU time for vvvv      0.29 sec, wall time      0.30 sec
    CPU time for woooo      0.00 sec, wall time      0.00 sec
max_memory 3837 MB,  nocc,nvir = 4,68  blksize = 4,68
    CPU time for ovvv [0:4]      0.06 sec, wall time      0.07 sec
    CPU time for wOVov [0:4]      0.06 sec, wall time      0.05 sec
    CPU time for woVoV [0:4]      0.03 sec, wall time      0.02 sec
    CPU time for contract occ [0:4]      0.17 sec, wall time      0.16 sec
    CPU time for contract loop      0.46 sec, wall time      0.46 sec
    CPU time for update t1 t2      0.46 sec, wall time      0.47 sec
istep = 0  E(CCSD) = -0.241745219861612  dE = -0.24174522  norm(t1,t2) = 0.044038
    CPU time for CCSD iter      0.46 sec, wall time      0.47 sec
    CPU time for vvvv-tau      0.01 sec, wall time      0.00 sec
    CPU time for vvvv [0:68]      0.04 sec, wall time      0.05 sec
    CPU time for vvvv      0.30 sec, wall time      0.29 sec
    CPU time for woooo      0.00 sec, wall time      0.00 sec
max_memory 3837 MB,  nocc,nvir = 4,68  blksize = 4,68
    CPU time for ovvv [0:4]      0.06 sec, wall time      0.06 sec
    CPU time for wOVov [0:4]      0.05 sec, wall time      0.05 sec
    CPU time for woVoV [0:4]      0.02 sec, wall time      0.02 sec
    CPU time for contract occ [0:4]      0.15 sec, wall time      0.16 sec
    CPU time for contract loop      0.45 sec, wall time      0.45 sec
    CPU time for update t1 t2      0.46 sec, wall time      0.46 sec
DIIS for step 1
istep = 1  E(CCSD) = -0.246146198246224  dE = -0.00440097838  norm(t1,t2) = 0.0129799
    CPU time for CCSD iter      0.46 sec, wall time      0.46 sec
    CPU time for vvvv-tau      0.00 sec, wall time      0.00 sec
    CPU time for vvvv [0:68]      0.05 sec, wall time      0.05 sec
    CPU time for vvvv      0.29 sec, wall time      0.29 sec
    CPU time for woooo      0.00 sec, wall time      0.00 sec
max_memory 3834 MB,  nocc,nvir = 4,68  blksize = 4,68
    CPU time for ovvv [0:4]      0.07 sec, wall time      0.06 sec
    CPU time for wOVov [0:4]      0.05 sec, wall time      0.05 sec
    CPU time for woVoV [0:4]      0.02 sec, wall time      0.02 sec
    CPU time for contract occ [0:4]      0.16 sec, wall time      0.15 sec
    CPU time for contract loop      0.45 sec, wall time      0.45 sec
    CPU time for update t1 t2      0.46 sec, wall time      0.45 sec
diis-c [ -9.13705180e-06   1.00000000e+00]
DIIS for step 2
istep = 2  E(CCSD) = -0.246816328004434  dE = -0.000670129758  norm(t1,t2) = 0.00492925
    CPU time for CCSD iter      0.46 sec, wall time      0.46 sec
    CPU time for vvvv-tau      0.00 sec, wall time      0.00 sec
    CPU time for vvvv [0:68]      0.05 sec, wall time      0.05 sec
    CPU time for vvvv      0.29 sec, wall time      0.30 sec
    CPU time for woooo      0.00 sec, wall time      0.00 sec
max_memory 3833 MB,  nocc,nvir = 4,68  blksize = 4,68
    CPU time for ovvv [0:4]      0.07 sec, wall time      0.06 sec
    CPU time for wOVov [0:4]      0.06 sec, wall time      0.05 sec
    CPU time for woVoV [0:4]      0.02 sec, wall time      0.02 sec
    CPU time for contract occ [0:4]      0.17 sec, wall time      0.16 sec
    CPU time for contract loop      0.46 sec, wall time      0.45 sec
    CPU time for update t1 t2      0.47 sec, wall time      0.46 sec
diis-c [ -3.94406770e-07  -6.60250079e-01   1.66025008e+00]
DIIS for step 3
istep = 3  E(CCSD) = -0.24736741531783  dE = -0.000551087313  norm(t1,t2) = 0.00214487
    CPU time for CCSD iter      0.47 sec, wall time      0.46 sec
    CPU time for vvvv-tau      0.00 sec, wall time      0.00 sec
    CPU time for vvvv [0:68]      0.04 sec, wall time      0.05 sec
    CPU time for vvvv      0.29 sec, wall time      0.29 sec
    CPU time for woooo      0.00 sec, wall time      0.00 sec
max_memory 3830 MB,  nocc,nvir = 4,68  blksize = 4,68
    CPU time for ovvv [0:4]      0.05 sec, wall time      0.06 sec
    CPU time for wOVov [0:4]      0.05 sec, wall time      0.05 sec
    CPU time for woVoV [0:4]      0.03 sec, wall time      0.02 sec
    CPU time for contract occ [0:4]      0.15 sec, wall time      0.15 sec
    CPU time for contract loop      0.44 sec, wall time      0.45 sec
    CPU time for update t1 t2      0.44 sec, wall time      0.45 sec
diis-c [ -4.70512047e-08  -6.99968976e-02   1.10149251e-01   9.59847647e-01]
DIIS for step 4
istep = 4  E(CCSD) = -0.247338269800597  dE = 2.91455172e-05  norm(t1,t2) = 0.000370192
    CPU time for CCSD iter      0.45 sec, wall time      0.46 sec
    CPU time for vvvv-tau      0.00 sec, wall time      0.00 sec
    CPU time for vvvv [0:68]      0.05 sec, wall time      0.05 sec
    CPU time for vvvv      0.29 sec, wall time      0.29 sec
    CPU time for woooo      0.00 sec, wall time      0.00 sec
max_memory 3827 MB,  nocc,nvir = 4,68  blksize = 4,68
    CPU time for ovvv [0:4]      0.06 sec, wall time      0.06 sec
    CPU time for wOVov [0:4]      0.05 sec, wall time      0.05 sec
    CPU time for woVoV [0:4]      0.03 sec, wall time      0.02 sec
    CPU time for contract occ [0:4]      0.16 sec, wall time      0.16 sec
    CPU time for contract loop      0.45 sec, wall time      0.45 sec
    CPU time for update t1 t2      0.45 sec, wall time      0.46 sec
diis-c [ -2.89566182e-09   8.46918313e-02  -1.89512715e-01  -5.21015946e-01
   1.62583683e+00]
DIIS for step 5
istep = 5  E(CCSD) = -0.247329292255703  dE = 8.97754489e-06  norm(t1,t2) = 0.000165655
    CPU time for CCSD iter      0.46 sec, wall time      0.46 sec
    CPU time for vvvv-tau      0.00 sec, wall time      0.00 sec
    CPU time for vvvv [0:68]      0.05 sec, wall time      0.05 sec
    CPU time for vvvv      0.30 sec, wall time      0.30 sec
    CPU time for woooo      0.00 sec, wall time      0.00 sec
max_memory 3825 MB,  nocc,nvir = 4,68  blksize = 4,68
    CPU time for ovvv [0:4]      0.06 sec, wall time      0.06 sec
    CPU time for wOVov [0:4]      0.06 sec, wall time      0.05 sec
    CPU time for woVoV [0:4]      0.02 sec, wall time      0.02 sec
    CPU time for contract occ [0:4]      0.16 sec, wall time      0.16 sec
    CPU time for contract loop      0.46 sec, wall time      0.46 sec
    CPU time for update t1 t2      0.47 sec, wall time      0.46 sec
diis-c [ -5.95800242e-10  -4.03338061e-02   9.63614006e-02   1.09437026e-01
  -6.87288970e-01   1.52182435e+00]
DIIS for step 6
istep = 6  E(CCSD) = -0.247331902807053  dE = -2.61055135e-06  norm(t1,t2) = 4.73672e-05
    CPU time for CCSD iter      0.47 sec, wall time      0.47 sec
    CPU time for vvvv-tau      0.00 sec, wall time      0.00 sec
    CPU time for vvvv [0:68]      0.05 sec, wall time      0.05 sec
    CPU time for vvvv      0.29 sec, wall time      0.29 sec
    CPU time for woooo      0.00 sec, wall time      0.00 sec
max_memory 3823 MB,  nocc,nvir = 4,68  blksize = 4,68
    CPU time for ovvv [0:4]      0.07 sec, wall time      0.06 sec
    CPU time for wOVov [0:4]      0.05 sec, wall time      0.05 sec
    CPU time for woVoV [0:4]      0.02 sec, wall time      0.02 sec
    CPU time for contract occ [0:4]      0.16 sec, wall time      0.16 sec
    CPU time for contract loop      0.45 sec, wall time      0.45 sec
    CPU time for update t1 t2      0.46 sec, wall time      0.46 sec
diis-c [ -3.79453413e-11  -1.23742588e-02   2.84763353e-02   6.49647921e-02
  -1.72176016e-01  -1.84204769e-01   1.27531392e+00]
DIIS for step 7
istep = 7  E(CCSD) = -0.2473311551529  dE = 7.47654153e-07  norm(t1,t2) = 1.66672e-05
    CPU time for CCSD iter      0.46 sec, wall time      0.46 sec
    CPU time for vvvv-tau      0.00 sec, wall time      0.00 sec
    CPU time for vvvv [0:68]      0.05 sec, wall time      0.05 sec
    CPU time for vvvv      0.29 sec, wall time      0.29 sec
    CPU time for woooo      0.00 sec, wall time      0.00 sec
max_memory 3823 MB,  nocc,nvir = 4,68  blksize = 4,68
    CPU time for ovvv [0:4]      0.06 sec, wall time      0.06 sec
    CPU time for wOVov [0:4]      0.05 sec, wall time      0.05 sec
    CPU time for woVoV [0:4]      0.03 sec, wall time      0.02 sec
    CPU time for contract occ [0:4]      0.16 sec, wall time      0.16 sec
    CPU time for contract loop      0.45 sec, wall time      0.45 sec
    CPU time for update t1 t2      0.45 sec, wall time      0.46 sec
diis-c [ -3.99411060e-12   1.12463560e+00  -2.99722777e-04  -1.21910973e-03
   7.79467225e-03  -3.92990365e-02  -9.16123998e-02]
DIIS for step 8
istep = 8  E(CCSD) = -0.247331001861596  dE = 1.53291304e-07  norm(t1,t2) = 4.20624e-06
    CPU time for CCSD iter      0.46 sec, wall time      0.46 sec
    CPU time for vvvv-tau      0.00 sec, wall time      0.00 sec
    CPU time for vvvv [0:68]      0.05 sec, wall time      0.05 sec
    CPU time for vvvv      0.30 sec, wall time      0.30 sec
    CPU time for woooo      0.00 sec, wall time      0.00 sec
max_memory 3822 MB,  nocc,nvir = 4,68  blksize = 4,68
    CPU time for ovvv [0:4]      0.06 sec, wall time      0.06 sec
    CPU time for wOVov [0:4]      0.05 sec, wall time      0.05 sec
    CPU time for woVoV [0:4]      0.02 sec, wall time      0.02 sec
    CPU time for contract occ [0:4]      0.15 sec, wall time      0.16 sec
    CPU time for contract loop      0.45 sec, wall time      0.46 sec
    CPU time for update t1 t2      0.46 sec, wall time      0.46 sec
diis-c [ -1.16767707e-13  -2.95020584e-01   1.32450930e+00  -1.07190566e-03
  -9.28739002e-04   3.46598974e-02  -6.21479669e-02]
DIIS for step 9
istep = 9  E(CCSD) = -0.247330856322533  dE = 1.45539062e-07  norm(t1,t2) = 1.13902e-06
    CPU time for CCSD iter      0.47 sec, wall time      0.47 sec
    CPU time for vvvv-tau      0.00 sec, wall time      0.00 sec
    CPU time for vvvv [0:68]      0.05 sec, wall time      0.05 sec
    CPU time for vvvv      0.29 sec, wall time      0.30 sec
    CPU time for woooo      0.00 sec, wall time      0.00 sec
max_memory 3822 MB,  nocc,nvir = 4,68  blksize = 4,68
    CPU time for ovvv [0:4]      0.07 sec, wall time      0.06 sec
    CPU time for wOVov [0:4]      0.05 sec, wall time      0.05 sec
    CPU time for woVoV [0:4]      0.02 sec, wall time      0.02 sec
    CPU time for contract occ [0:4]      0.16 sec, wall time      0.16 sec
    CPU time for contract loop      0.46 sec, wall time      0.46 sec
    CPU time for update t1 t2      0.47 sec, wall time      0.46 sec
diis-c [ -1.06303855e-14   1.15734142e-02  -1.52102036e-01   1.13720810e+00
   3.05159920e-04  -3.11167362e-03   6.12703159e-03]
DIIS for step 10
istep = 10  E(CCSD) = -0.247330851366618  dE = 4.95591554e-09  norm(t1,t2) = 1.93164e-07
    CPU time for CCSD iter      0.47 sec, wall time      0.47 sec
    CPU time for CCSD      5.09 sec, wall time      5.10 sec
CCSD converged
E(CCSD) = -56.46836259685386  E_corr = -0.2473308513666179
    CPU time for EOM-CCSD shared one-electron intermediates      0.01 sec, wall time      0.01 sec
    CPU time for EOM-CCSD shared two-electron intermediates      0.03 sec, wall time      0.03 sec
    CPU time for EOM-CCSD IP intermediates      0.03 sec, wall time      0.03 sec
tol 1e-07  toloose 0.000316228
max_cycle 200  max_space 212  max_memory 2000  incore True
davidson 0 4  |r|= 0.373  e= [ 0.49230811  0.69192533  0.69194751  1.18524498]  max|de|= 1.19  lindep=    1
davidson 1 8  |r|= 0.0845  e= [ 0.39536762  0.6066087   0.60664459  1.02996968]  max|de|= -0.155  lindep= 0.961
davidson 2 12  |r|= 0.0461  e= [ 0.3951417   0.60710203  0.60713017  1.02660555]  max|de|= -0.00336  lindep= 0.942
davidson 3 16  |r|= 0.0306  e= [ 0.39568259  0.60723044  0.60724973  1.02235717]  max|de|= -0.00425  lindep= 0.905
davidson 4 20  |r|= 0.0158  e= [ 0.39572029  0.60718733  0.60720512  1.02095989]  max|de|= -0.0014  lindep= 0.93
davidson 5 24  |r|= 0.0112  e= [ 0.39571704  0.60718607  0.60720432  1.02104092]  max|de|= 8.1e-05  lindep= 0.919
davidson 6 28  |r|= 0.0057  e= [ 0.39571752  0.60718789  0.60720626  1.02107914]  max|de|= 3.82e-05  lindep= 0.906
root 1 converged  |r|= 4.38e-06  e= 0.607187820574  max|de|= -6.53e-08
root 2 converged  |r|= 4.46e-06  e= 0.607206184159  max|de|= -7.4e-08
davidson 7 32  |r|= 0.00228  e= [ 0.39571763  0.60718782  0.60720618  1.0210827 ]  max|de|= 3.56e-06  lindep= 0.922
root 0 converged  |r|= 1.5e-07  e= 0.395717642423  max|de|= 1.23e-08
davidson 8 34  |r|= 0.000609  e= [ 0.39571764  0.60718782  0.60720618  1.02107445]  max|de|= -8.25e-06  lindep= 0.884
davidson 9 35  |r|= 0.000185  e= [ 0.39571764  0.60718782  0.60720619  1.02107294]  max|de|= -1.51e-06  lindep= 0.879
davidson 10 36  |r|= 6.69e-05  e= [ 0.39571764  0.60718782  0.60720619  1.02107201]  max|de|= -9.33e-07  lindep= 0.876
davidson 11 37  |r|= 2.64e-05  e= [ 0.39571764  0.60718782  0.60720619  1.02107142]  max|de|= -5.88e-07  lindep= 0.899
davidson 12 38  |r|= 1.06e-05  e= [ 0.39571764  0.60718782  0.60720619  1.02107116]  max|de|= -2.55e-07  lindep= 0.917
davidson 13 39  |r|= 4.45e-06  e= [ 0.39571764  0.60718782  0.60720619  1.02107092]  max|de|= -2.44e-07  lindep= 0.907
root 3 converged  |r|= 1.31e-06  e= 1.02107089129  max|de|= -2.93e-08
converge 14 40  |r|= 4.46e-06  e= [ 0.39571765  0.60718782  0.60720619  1.02107089]  max|de|= -2.93e-08
IP root 0 E = 0.3957176450665759  qpwt = 0.954899  conv = True
IP root 1 E = 0.607187820574421  qpwt = 0.965418  conv = True
IP root 2 E = 0.6072061877003265  qpwt = 0.965416  conv = True
IP root 3 E = 1.021070891289862  qpwt = 0.823657  conv = True
    CPU time for IP-CCSD      0.29 sec, wall time      0.30 sec
    CPU time for EOM-CCSD shared one-electron intermediates      0.01 sec, wall time      0.01 sec
    CPU time for EOM-CCSD EA intermediates      3.08 sec, wall time      3.08 sec
tol 1e-07  toloose 0.000316228
max_cycle 200  max_space 236  max_memory 2000  incore True
davidson 0 12  |r|= 0.356  e= [ 0.13121211  0.22090397  0.22090364  0.4469572   0.44696468  0.50503571
  0.60318017  0.65824779  0.68841433  0.68842712  0.76003706  0.76004385]  max|de|= 0.76  lindep=    1
davidson 1 24  |r|= 0.11  e= [ 0.10470643  0.1938795   0.19388118  0.41244381  0.41245624  0.45868313
  0.54256079  0.60410581  0.61231846  0.6123558   0.69872644  0.69873832]  max|de|= -0.0761  lindep= 0.915
davidson 2 36  |r|= 0.0421  e= [ 0.10433606  0.19340848  0.19341088  0.41100892  0.41101523  0.45568318
  0.53592166  0.60025235  0.60297175  0.60297873  0.69392089  0.69393485]  max|de|= -0.00938  lindep= 0.852
davidson 3 48  |r|= 0.123  e= [ 0.10433073  0.19340839  0.19340962  0.4110118   0.41101927  0.4549099
  0.54061911  0.6002428   0.60100933  0.6010164   0.69201903  0.69199226]  max|de|= 0.0047  lindep= 0.797
davidson 4 60  |r|= 0.177  e= [ 0.10433222  0.1934289   0.19343065  0.41097107  0.41098053  0.45626581
  0.53778207  0.59993175  0.61104164  0.61076057  0.69448023  0.69440836]  max|de|= 0.01  lindep= 0.827
davidson 5 72  |r|= 0.158  e= [ 0.1043324   0.19343079  0.19343247  0.41095126  0.4109596   0.45634059
  0.53761531  0.59980959  0.60284233  0.60279122  0.6932667   0.6921077 ]  max|de|= -0.0082  lindep= 0.823
root 0 converged  |r|= 2.02e-06  e= 0.104332375023  max|de|= -2.24e-08
root 1 converged  |r|= 1.07e-05  e= 0.193430830744  max|de|= 3.73e-08
davidson 6 84  |r|= 0.0579  e= [ 0.10433238  0.19343083  0.19343261  0.41094898  0.41095802  0.45633391
  0.53748482  0.5997427   0.60030394  0.600363    0.69348036  0.69344944]  max|de|= -0.00254  lindep= 0.829
root 2 converged  |r|= 1.87e-06  e= 0.193432536944  max|de|= -7.23e-08
davidson 7 94  |r|= 0.142  e= [ 0.10433237  0.19343078  0.19343254  0.41095189  0.41096039  0.45633937
  0.53749387  0.5997249   0.6065333   0.6070651   0.69097738  0.68929143]  max|de|= 0.0067  lindep= 0.845
davidson 8 103  |r|= 0.0469  e= [ 0.10433237  0.19343078  0.19343253  0.41095128  0.41095988  0.45634235
  0.53748679  0.5997179   0.60463136  0.60480403  0.69469296  0.69438933]  max|de|= 0.0051  lindep= 0.836
davidson 9 112  |r|= 0.0188  e= [ 0.10433237  0.19343078  0.19343253  0.41095142  0.41095999  0.45634158
  0.53748781  0.59972457  0.60448646  0.60457389  0.69427503  0.69418474]  max|de|= -0.000418  lindep= 0.829
root 3 converged  |r|= 1.19e-06  e= 0.410951390624  max|de|= -2.85e-08
root 4 converged  |r|= 1.06e-06  e= 0.410959946527  max|de|= -4.18e-08
davidson 10 121  |r|= 0.0156  e= [ 0.10433237  0.19343077  0.19343253  0.41095139  0.41095995  0.45634132
  0.53748824  0.5997251   0.60442406  0.60448818  0.69405798  0.69388587]  max|de|= -0.000299  lindep= 0.83
root 5 converged  |r|= 2.9e-06  e= 0.456341351325  max|de|= 3.31e-08
davidson 11 128  |r|= 0.0149  e= [ 0.10433237  0.19343077  0.19343253  0.41095139  0.41095994  0.45634135
  0.53748845  0.59972585  0.60443218  0.60446219  0.69372293  0.6934354 ]  max|de|= -0.00045  lindep= 0.845
root 6 converged  |r|= 4.61e-06  e= 0.537488545396  max|de|= 9.88e-08
davidson 12 134  |r|= 0.0163  e= [ 0.10433237  0.19343077  0.19343253  0.41095139  0.41095994  0.45634136
  0.53748855  0.59972554  0.60445308  0.60447426  0.69331657  0.69300518]  max|de|= -0.00043  lindep= 0.829
root 7 converged  |r|= 4.54e-06  e= 0.599725558769  max|de|= 1.7e-08
davidson 13 139  |r|= 0.0367  e= [ 0.10433237  0.19343076  0.19343253  0.4109514   0.41095994  0.45634136
  0.53748856  0.59972556  0.60445182  0.60446928  0.69263505  0.69195193]  max|de|= -0.00105  lindep= 0.852
davidson 14 143  |r|= 0.0234  e= [ 0.10433237  0.19343076  0.19343253  0.4109514   0.41095994  0.45634136
  0.53748856  0.59972556  0.60445144  0.60446887  0.69325802  0.6950596 ]  max|de|= 0.00311  lindep= 0.837
davidson 15 147  |r|= 0.0265  e= [ 0.10433237  0.19343076  0.19343253  0.4109514   0.41095994  0.45634136
  0.53748856  0.59972556  0.6044529   0.60446924  0.69505218  0.69438297]  max|de|= 0.00179  lindep= 0.839
davidson 16 151  |r|= 0.00968  e= [ 0.10433237  0.19343076  0.19343253  0.4109514   0.41095994  0.45634136
  0.53748856  0.59972556  0.60445321  0.6044691   0.69424387  0.69411051]  max|de|= -0.000808  lindep= 0.844
davidson 17 155  |r|= 0.0109  e= [ 0.10433237  0.19343076  0.19343253  0.4109514   0.41095994  0.45634136
  0.53748856  0.59972556  0.60445408  0.60446948  0.69405473  0.69389025]  max|de|= -0.00022  lindep= 0.791
root 9 converged  |r|= 7.13e-06  e= 0.604469410501  max|de|= -6.84e-08
davidson 18 159  |r|= 0.00585  e= [ 0.10433237  0.19343076  0.19343253  0.4109514   0.41095994  0.45634136
  0.53748856  0.59972556  0.60445366  0.60446941  0.69401328  0.69389215]  max|de|= -4.14e-05  lindep= 0.815
root 8 converged  |r|= 0.000156  e= 0.604453610608  max|de|= -4.62e-08
davidson 19 162  |r|= 0.00647  e= [ 0.10433237  0.19343076  0.19343253  0.4109514   0.41095994  0.45634136
  0.53748856  0.59972556  0.60445361  0.60446939  0.69400967  0.69377172]  max|de|= -0.00012  lindep= 0.854
davidson 20 164  |r|= 0.039  e= [ 0.10433237  0.19343076  0.19343253  0.4109514   0.41095994  0.45634136
  0.53748856  0.59972556  0.60445293  0.60446939  0.69401112  0.69499533]  max|de|= 0.00122  lindep= 0.844
davidson 21 167  |r|= 0.00623  e= [ 0.10433237  0.19343076  0.19343253  0.4109514   0.41095994  0.45634136
  0.53748856  0.59972556  0.60445342  0.60446939  0.69400621  0.69408935]  max|de|= -0.000906  lindep= 0.847
davidson 22 170  |r|= 0.00248  e= [ 0.10433237  0.19343076  0.19343253  0.4109514   0.41095994  0.45634136
  0.53748856  0.59972556  0.60445364  0.60446939  0.69400342  0.69404033]  max|de|= -4.9e-05  lindep= 0.835
root 8 converged  |r|= 7.36e-06  e= 0.604453600765  max|de|= -4.24e-08
davidson 23 173  |r|= 0.00116  e= [ 0.10433237  0.19343076  0.19343253  0.4109514   0.41095994  0.45634136
  0.53748856  0.59972556  0.6044536   0.6044694   0.69400181  0.69402735]  max|de|= -1.3e-05  lindep= 0.827
davidson 24 175  |r|= 0.000672  e= [ 0.10433237  0.19343077  0.19343253  0.4109514   0.41095994  0.45634136
  0.53748856  0.59972556  0.60445356  0.60446941  0.6940011   0.69402058]  max|de|= -6.77e-06  lindep= 0.838
davidson 25 177  |r|= 0.000547  e= [ 0.10433237  0.19343077  0.19343253  0.4109514   0.41095994  0.45634136
  0.53748856  0.59972556  0.60445352  0.60446942  0.6940004   0.69401368]  max|de|= -6.9e-06  lindep= 0.836
davidson 26 179  |r|= 0.000488  e= [ 0.10433237  0.19343077  0.19343253  0.4109514   0.41095994  0.45634136
  0.53748856  0.59972556  0.6044535   0.60446942  0.69399983  0.69401078]  max|de|= -2.91e-06  lindep= 0.84
root 10 converged  |r|= 2.04e-05  e= 0.693999735375  max|de|= -9.78e-08
davidson 27 181  |r|= 0.000369  e= [ 0.10433237  0.19343077  0.19343253  0.4109514   0.41095994  0.45634136
  0.53748856  0.59972556  0.6044535   0.60446942  0.69399974  0.69400863]  max|de|= -2.15e-06  lindep= 0.846
davidson 28 182  |r|= 0.000296  e= [ 0.10433237  0.19343077  0.19343253  0.4109514   0.41095994  0.45634136
  0.53748856  0.59972556  0.60445349  0.60446942  0.69399974  0.69400676]  max|de|= -1.87e-06  lindep= 0.826
davidson 29 183  |r|= 0.000262  e= [ 0.10433237  0.19343076  0.19343253  0.4109514   0.41095994  0.45634136
  0.53748856  0.59972556  0.60445351  0.60446942  0.69399974  0.69400624]  max|de|= -5.18e-07  lindep= 0.843
davidson 30 184  |r|= 0.000131  e= [ 0.10433237  0.19343076  0.19343253  0.4109514   0.41095994  0.45634136
  0.53748856  0.59972556  0.60445354  0.60446942  0.69399974  0.69400808]  max|de|= 1.84e-06  lindep= 0.867
davidson 31 185  |r|= 5.11e-05  e= [ 0.10433237  0.19343076  0.19343253  0.4109514   0.41095994  0.45634136
  0.53748856  0.59972556  0.60445354  0.60446942  0.69399974  0.69400884]  max|de|= 7.68e-07  lindep= 0.859
davidson 32 186  |r|= 2.07e-05  e= [ 0.10433237  0.19343076  0.19343253  0.4109514   0.41095994  0.45634136
  0.53748856  0.59972556  0.60445355  0.60446942  0.69399974  0.69400916]  max|de|= 3.19e-07  lindep= 0.859
root 11 converged  |r|= 8.05e-06  e= 0.694009106277  max|de|= -5.62e-08
converge 33 187  |r|= 2.04e-05  e= [ 0.10433237  0.19343076  0.19343253  0.4109514   0.41095994  0.45634136
  0.53748856  0.59972556  0.60445355  0.60446942  0.69399974  0.69400911]  max|de|= -5.62e-08
EA root 0 E = 0.1043323729896272  qpwt = 0.989851  conv = True
EA root 1 E = 0.1934307619441264  qpwt = 0.987057  conv = True
EA root 2 E = 0.1934325269277981  qpwt = 0.987058  conv = True
EA root 3 E = 0.4109513964874678  qpwt = 0.984742  conv = True
EA root 4 E = 0.4109599445905041  qpwt = 0.984743  conv = True
EA root 5 E = 0.4563413619256147  qpwt = 0.9611  conv = True
EA root 6 E = 0.5374885589170185  qpwt = 0.95878  conv = True
EA root 7 E = 0.5997255584648615  qpwt = 0.951939  conv = True
EA root 8 E = 0.6044535471728638  qpwt = 0.824547  conv = True
EA root 9 E = 0.6044694157911907  qpwt = 0.824468  conv = True
EA root 10 E = 0.6939997353749907  qpwt = 0.903229  conv = True
EA root 11 E = 0.6940091062773822  qpwt = 0.903119  conv = True
    CPU time for EA-CCSD     75.20 sec, wall time     75.24 sec
