

******** <class 'pyscf.scf.hf.RHF'> flags ********
method = RHF
initial guess = minao
damping factor = 0
level shift factor = 0
DIIS = <class 'pyscf.scf.diis.CDIIS'>
DIIS start cycle = 1
DIIS space = 8
SCF tol = 1e-09
SCF gradient tol = None
max. SCF cycles = 50
direct_scf = True
direct_scf_tol = 1e-13
chkfile to save SCF result = /tmp/tmppFawUZ
max_memory 4000 MB (current use 75 MB)
Set gradient conv threshold to 3.16228e-05
Nelec from initial guess = 23.9934229521
cond(S) = 1743.26496742
E_coul = 152.665418860686
init E= -224.682754426259
    CPU time for initialize scf      0.77 sec, wall time      0.78 sec
  HOMO = -0.340821750698783  LUMO = -0.183480417697859
  mo_energy =
[-20.75864306 -20.72732491 -20.72725483  -1.97214956  -1.51283958
  -1.01765383  -0.71245147  -0.69332006  -0.69183293  -0.41778433
  -0.38116698  -0.34082175  -0.18348042   0.16067053   0.26267767
   0.4456867    0.52147931   0.5231295    0.52613862   0.57668785
   0.58417225   0.6154134    0.65508811   0.6644183    0.70172504
   0.88020522   0.89636905   1.42034589   1.43139632   1.44506289
   1.69175106   1.72063313   1.73529779   1.77086267   2.00186553
   2.12413727   2.19327322   2.24166992   2.27486983   2.45290137
   2.46662319   2.57974651   2.76582197   2.82342716   2.93723379
   2.94031486   2.99222192   3.05606863   3.18964152   3.20260427
   3.26747193   3.34337887   4.52802422   4.64391752   4.89736151
   4.91791248   4.94708509   5.06462644   5.12261533   5.12833695
   5.33090768   5.45341661   5.45516165   5.46407071   5.48290949
   5.58132674   5.82984161   5.8464459    6.0840964    6.35986387
   6.55568316   6.60102857   6.60756441   6.64885337   6.70872426
   6.75052223   6.82083928   6.82763398   6.84708826   6.85761694
   6.86593616   6.97591306   7.33547289   7.44339712   7.55751513
   7.61923846   7.88774413   7.99447876   8.84213702   9.29016235
  44.54533918  44.77827988  45.42180677]
E_coul = 149.541228275975
cycle= 1 E= -224.186188180546  delta_E= 0.497  |g|= 0.945  |ddm|=  1.7
    CPU time for cycle= 1      0.05 sec, wall time      0.06 sec
diis-norm(errvec)=2.52794
diis-c [-6.39050531  1.        ]
  HOMO = -0.508149293776452  LUMO = -0.148951230612102
  mo_energy =
[-21.5002121  -20.65223882 -20.65217829  -1.95732493  -1.53534829
  -1.21214159  -0.95143606  -0.93505219  -0.86456821  -0.56990954
  -0.55042989  -0.50814929  -0.14895123   0.16960408   0.23463784
   0.3637343    0.45372921   0.49652819   0.50274796   0.58622172
   0.58982588   0.60983087   0.6197734    0.62097026   0.69104282
   0.80687508   0.87915912   1.27823488   1.3064739    1.30911676
   1.66755266   1.68474024   1.73183921   1.74062722   1.92439149
   1.95051109   2.15586375   2.16655289   2.21898491   2.38812936
   2.38916194   2.51948197   2.59287878   2.65962048   2.85644649
   2.95956395   2.99348287   3.06203654   3.08372831   3.09175116
   3.12881683   3.24879392   4.35412322   4.50153326   4.7223862
   4.72784894   4.78554455   4.85071417   4.88078666   4.95759948
   5.12133093   5.4968299    5.49887529   5.50541541   5.51257117
   5.57037038   5.74746557   5.77074154   5.91314542   6.21560474
   6.32856726   6.3447294    6.47845993   6.62327893   6.63517103
   6.68471064   6.70414721   6.70884334   6.74763147   6.75099756
   6.75423635   6.9830192    7.2975355    7.34912436   7.4143456
   7.4936044    7.74477466   7.80101129   8.68531825   9.090146
  44.23983837  44.84676521  45.08634724]
E_coul = 153.328332968796
cycle= 2 E= -224.217826168311  delta_E= -0.0316  |g|= 0.945  |ddm|= 0.731
    CPU time for cycle= 2      0.06 sec, wall time      0.06 sec
diis-norm(errvec)=2.218
diis-c [-0.33934855  0.46524172  0.53475828]
  HOMO = -0.508634205648261  LUMO = -0.0678480118796135
  mo_energy =
[-20.89891536 -20.76370274 -20.76363793  -1.76654911  -1.45556611
  -1.10473574  -0.83903617  -0.81628     -0.79575728  -0.57649921
  -0.55722024  -0.50863421  -0.06784801   0.25453039   0.33218232
   0.43455983   0.50505029   0.52008331   0.5445302    0.58804982
   0.59279326   0.61508164   0.63155218   0.64889628   0.69878656
   0.8577583    0.89484928   1.38219894   1.39742629   1.40198682
   1.68642079   1.71206675   1.72813395   1.76232168   1.98135954
   2.07970979   2.18975609   2.2396105    2.2500754    2.43844963
   2.4527149    2.57104726   2.72626227   2.79644413   2.92144567
   2.93487356   2.97920186   3.07350494   3.13572334   3.14973937
   3.2199822    3.31650849   4.47982323   4.59546942   4.84926868
   4.85198088   4.90012689   5.01606594   5.05162208   5.07264761
   5.26077468   5.47028076   5.47212731   5.48183943   5.49353385
   5.5726657    5.80083812   5.81792156   6.02896113   6.31498497
   6.52240709   6.56643366   6.59178138   6.65874116   6.6799623
   6.71377333   6.77934725   6.7811859    6.80277261   6.80291003
   6.83207271   6.97234372   7.32375399   7.4058931    7.51392978
   7.57861041   7.84265891   7.95215885   8.79031667   9.22957321
  44.47878727  44.74186195  45.31089884]
E_coul = 151.987459399781
cycle= 3 E= -224.348763820545  delta_E= -0.131  |g|= 0.109  |ddm|= 0.367
    CPU time for cycle= 3      0.06 sec, wall time      0.06 sec
diis-norm(errvec)=0.249018
diis-c [-0.02832733  0.00469246  0.0806174   0.91469015]
  HOMO = -0.481777218714629  LUMO = -0.0439747371066421
  mo_energy =
[ -2.09180261e+01  -2.06934841e+01  -2.06934205e+01  -1.74831861e+00
  -1.42867180e+00  -1.08977723e+00  -8.27700400e-01  -7.97074547e-01
  -7.83356060e-01  -5.55314023e-01  -5.43272093e-01  -4.81777219e-01
  -4.39747371e-02   2.76510705e-01   3.46367489e-01   4.40128921e-01
   5.14039221e-01   5.29800284e-01   5.54655136e-01   5.98277244e-01
   6.04196331e-01   6.24657639e-01   6.40217756e-01   6.54827428e-01
   7.04753922e-01   8.63110333e-01   9.02332176e-01   1.39729473e+00
   1.41442573e+00   1.41729779e+00   1.70411343e+00   1.72877807e+00
   1.74802156e+00   1.77873543e+00   1.99909104e+00   2.08826742e+00
   2.20429335e+00   2.25640969e+00   2.26169073e+00   2.45218093e+00
   2.46369693e+00   2.58748967e+00   2.74461812e+00   2.80422349e+00
   2.94268231e+00   2.96312201e+00   3.00940873e+00   3.09796958e+00
   3.15496014e+00   3.17280503e+00   3.24720666e+00   3.33248733e+00
   4.49643701e+00   4.61850200e+00   4.86745336e+00   4.87238995e+00
   4.92192632e+00   5.03164691e+00   5.06741035e+00   5.09291286e+00
   5.28426276e+00   5.49902089e+00   5.50090335e+00   5.51001888e+00
   5.52126368e+00   5.59914818e+00   5.82581558e+00   5.84279269e+00
   6.05233981e+00   6.34655635e+00   6.54628078e+00   6.59128346e+00
   6.62212394e+00   6.69722971e+00   6.71428632e+00   6.74694023e+00
   6.79860265e+00   6.80377092e+00   6.82115454e+00   6.82743119e+00
   6.85284285e+00   7.00648231e+00   7.34605786e+00   7.42518096e+00
   7.52894913e+00   7.60070388e+00   7.86340748e+00   7.96710339e+00
   8.81209383e+00   9.25034100e+00   4.45176888e+01   4.48081906e+01
   4.53208814e+01]
E_coul = 151.860001036448
cycle= 4 E= -224.351510895491  delta_E= -0.00275  |g|= 0.0302  |ddm|= 0.0762
    CPU time for cycle= 4      0.05 sec, wall time      0.06 sec
diis-norm(errvec)=0.0688926
diis-c [-0.0021167  -0.04302947 -0.0558086  -0.03295461  1.13179269]
  HOMO = -0.487552365813229  LUMO = -0.0463009174244531
  mo_energy =
[-20.92366978 -20.71200773 -20.7119461   -1.75421496  -1.43508332
  -1.09371166  -0.83398099  -0.80272001  -0.78683572  -0.56565177
  -0.55253322  -0.48755237  -0.04630092   0.27394835   0.34465219
   0.43920121   0.51299978   0.52715336   0.55310088   0.59649913
   0.60110796   0.62334292   0.63860389   0.65441416   0.70302838
   0.86233128   0.90083285   1.39386418   1.41018953   1.41324546
   1.70032709   1.72529524   1.74390104   1.77515032   1.99487872
   2.08599284   2.20072742   2.25239935   2.25918059   2.44914281
   2.46047239   2.58296918   2.74017804   2.80091959   2.93741663
   2.95492882   3.00280428   3.09298314   3.15019952   3.16725109
   3.23980374   3.32731202   4.49170829   4.6127368    4.86259146
   4.86715786   4.9167052    5.02792167   5.06330505   5.08683502
   5.27796103   5.4933994    5.49526829   5.50450357   5.51575347
   5.59299485   5.81982734   5.83689126   6.04682171   6.33859859
   6.53991248   6.58454815   6.61483398   6.68851508   6.70608781
   6.73830221   6.79300448   6.79705363   6.8158519    6.82044222
   6.84701098   6.99808212   7.3405576    7.42006745   7.52467642
   7.59516063   7.85720457   7.96238554   8.805878     9.24457833
  44.50448841  44.79078796  45.31141904]
E_coul = 151.944666795783
cycle= 5 E= -224.35197548273  delta_E= -0.000465  |g|= 0.00985  |ddm|= 0.0427
    CPU time for cycle= 5      0.06 sec, wall time      0.06 sec
diis-norm(errvec)=0.0237746
diis-c [ -3.52872552e-04   1.03516672e-02   5.06514346e-03  -7.94652636e-02
  -2.02295778e-01   1.26634423e+00]
  HOMO = -0.486817427809017  LUMO = -0.0445761976180022
  mo_energy =
[ -2.09173537e+01  -2.07074364e+01  -2.07073751e+01  -1.75208396e+00
  -1.43324275e+00  -1.09175086e+00  -8.32832010e-01  -8.00456490e-01
  -7.83934701e-01  -5.65025072e-01  -5.51583582e-01  -4.86817428e-01
  -4.45761976e-02   2.75124780e-01   3.45565986e-01   4.39489921e-01
   5.13474484e-01   5.27710745e-01   5.53663241e-01   5.97469054e-01
   6.01533787e-01   6.23807269e-01   6.39174700e-01   6.54905435e-01
   7.03337863e-01   8.62545946e-01   9.01260179e-01   1.39475393e+00
   1.41116311e+00   1.41398564e+00   1.70127712e+00   1.72623403e+00
   1.74492322e+00   1.77608881e+00   1.99590597e+00   2.08664273e+00
   2.20171120e+00   2.25347547e+00   2.26007337e+00   2.44995786e+00
   2.46158335e+00   2.58406424e+00   2.74213976e+00   2.80237073e+00
   2.93901913e+00   2.95640863e+00   3.00447719e+00   3.09467952e+00
   3.15193338e+00   3.16922144e+00   3.24177442e+00   3.32864313e+00
   4.49291018e+00   4.61421140e+00   4.86362833e+00   4.86836093e+00
   4.91811940e+00   5.02906751e+00   5.06429247e+00   5.08813141e+00
   5.27944096e+00   5.49511987e+00   5.49699135e+00   5.50616308e+00
   5.51740022e+00   5.59423420e+00   5.82114954e+00   5.83811277e+00
   6.04830609e+00   6.34036517e+00   6.54213353e+00   6.58659784e+00
   6.61716496e+00   6.69082946e+00   6.70824529e+00   6.74005359e+00
   6.79488980e+00   6.79930623e+00   6.81782902e+00   6.82244457e+00
   6.84925853e+00   7.00011605e+00   7.34234521e+00   7.42136537e+00
   7.52592378e+00   7.59695505e+00   7.85910080e+00   7.96428929e+00
   8.80739774e+00   9.24622597e+00   4.45093436e+01   4.47950939e+01
   4.53167529e+01]
E_coul = 151.927692625607
cycle= 6 E= -224.352053020496  delta_E= -7.75e-05  |g|= 0.0042  |ddm|= 0.0173
    CPU time for cycle= 6      0.06 sec, wall time      0.06 sec
diis-norm(errvec)=0.010832
diis-c [ -5.65507772e-05   4.00857377e-03   7.90016912e-03   2.01312382e-02
  -8.52833491e-02  -4.83875155e-01   1.53711852e+00]
  HOMO = -0.487820063568328  LUMO = -0.0445769815644113
  mo_energy =
[ -2.09186833e+01  -2.07082731e+01  -2.07082120e+01  -1.75231985e+00
  -1.43356679e+00  -1.09209961e+00  -8.33548968e-01  -8.00677432e-01
  -7.83597477e-01  -5.65418648e-01  -5.51869784e-01  -4.87820064e-01
  -4.45769816e-02   2.74876380e-01   3.45188158e-01   4.39332511e-01
   5.13433281e-01   5.27729540e-01   5.53452050e-01   5.97459309e-01
   6.01325085e-01   6.23714228e-01   6.39248062e-01   6.54855485e-01
   7.03249155e-01   8.62411479e-01   9.01264075e-01   1.39462936e+00
   1.41103235e+00   1.41371075e+00   1.70122017e+00   1.72613709e+00
   1.74494175e+00   1.77595893e+00   1.99577242e+00   2.08626184e+00
   2.20146440e+00   2.25321230e+00   2.25977582e+00   2.44957490e+00
   2.46115523e+00   2.58367151e+00   2.74173601e+00   2.80177731e+00
   2.93872964e+00   2.95614953e+00   3.00421029e+00   3.09439449e+00
   3.15157181e+00   3.16891964e+00   3.24139385e+00   3.32827829e+00
   4.49243402e+00   4.61405685e+00   4.86319909e+00   4.86808696e+00
   4.91792874e+00   5.02861719e+00   5.06382433e+00   5.08772102e+00
   5.27908346e+00   5.49522950e+00   5.49710164e+00   5.50620548e+00
   5.51742674e+00   5.59399184e+00   5.82089430e+00   5.83777435e+00
   6.04809112e+00   6.34011259e+00   6.54167559e+00   6.58614623e+00
   6.61684646e+00   6.69059353e+00   6.70794249e+00   6.73959291e+00
   6.79416999e+00   6.79887651e+00   6.81726881e+00   6.82188048e+00
   6.84873141e+00   6.99960100e+00   7.34176439e+00   7.42078865e+00
   7.52531600e+00   7.59652607e+00   7.85847900e+00   7.96380627e+00
   8.80687619e+00   9.24579804e+00   4.45083773e+01   4.47942966e+01
   4.53156259e+01]
E_coul = 151.932016037794
cycle= 7 E= -224.352072033487  delta_E= -1.9e-05  |g|= 0.00168  |ddm|= 0.009
    CPU time for cycle= 7      0.05 sec, wall time      0.06 sec
diis-norm(errvec)=0.00417651
diis-c [ -3.60037955e-06  -2.87942360e-03  -2.80637975e-03  -1.05069055e-04
   7.64910196e-02  -1.93108156e-02  -6.19585383e-01   1.56819605e+00]
  HOMO = -0.488011403392075  LUMO = -0.0442629369940244
  mo_energy =
[ -2.09187637e+01  -2.07075664e+01  -2.07075053e+01  -1.75228563e+00
  -1.43341662e+00  -1.09200343e+00  -8.33565019e-01  -8.00501685e-01
  -7.83358668e-01  -5.65074522e-01  -5.51524368e-01  -4.88011403e-01
  -4.42629370e-02   2.75045335e-01   3.45239588e-01   4.39323003e-01
   5.13431834e-01   5.27866136e-01   5.53505747e-01   5.97642709e-01
   6.01452820e-01   6.23751252e-01   6.39322079e-01   6.54886490e-01
   7.03329048e-01   8.62378754e-01   9.01336520e-01   1.39470472e+00
   1.41115048e+00   1.41380394e+00   1.70139922e+00   1.72629872e+00
   1.74516791e+00   1.77612373e+00   1.99593900e+00   2.08622841e+00
   2.20162577e+00   2.25339673e+00   2.25985267e+00   2.44966246e+00
   2.46125356e+00   2.58383003e+00   2.74187033e+00   2.80182389e+00
   2.93892788e+00   2.95650490e+00   3.00447971e+00   3.09470050e+00
   3.15169413e+00   3.16907358e+00   3.24157674e+00   3.32842182e+00
   4.49246547e+00   4.61424866e+00   4.86329922e+00   4.86821607e+00
   4.91809288e+00   5.02861293e+00   5.06380983e+00   5.08789064e+00
   5.27920784e+00   5.49561233e+00   5.49748426e+00   5.50655881e+00
   5.51777229e+00   5.59426182e+00   5.82111245e+00   5.83794577e+00
   6.04824048e+00   6.34033982e+00   6.54185068e+00   6.58632366e+00
   6.61713666e+00   6.69103148e+00   6.70830458e+00   6.73989333e+00
   6.79426865e+00   6.79910569e+00   6.81741494e+00   6.82210484e+00
   6.84891130e+00   6.99991772e+00   7.34193373e+00   7.42094119e+00
   7.52539646e+00   7.59672007e+00   7.85865136e+00   7.96392946e+00
   8.80701510e+00   9.24594390e+00   4.45087932e+01   4.47949723e+01
   4.53158084e+01]
E_coul = 151.930228418262
cycle= 8 E= -224.352074430903  delta_E= -2.4e-06  |g|= 0.000313  |ddm|= 0.00328
    CPU time for cycle= 8      0.06 sec, wall time      0.06 sec
diis-norm(errvec)=0.000733476
diis-c [ -1.34258325e-07   1.79797106e-04   1.34446776e-04  -7.53758364e-04
  -1.03915757e-02   3.46807652e-02   2.68937245e-02  -3.16039776e-01
   1.26529638e+00]
  HOMO = -0.48811218570161  LUMO = -0.0443289442997324
  mo_energy =
[ -2.09189330e+01  -2.07076757e+01  -2.07076147e+01  -1.75237705e+00
  -1.43347888e+00  -1.09207524e+00  -8.33629417e-01  -8.00556000e-01
  -7.83378114e-01  -5.65073976e-01  -5.51532640e-01  -4.88112186e-01
  -4.43289443e-02   2.74990779e-01   3.45179469e-01   4.39272746e-01
   5.13393517e-01   5.27856604e-01   5.53449396e-01   5.97620105e-01
   6.01437718e-01   6.23735762e-01   6.39294001e-01   6.54851666e-01
   7.03313841e-01   8.62331411e-01   9.01318836e-01   1.39464759e+00
   1.41110205e+00   1.41373717e+00   1.70137368e+00   1.72626525e+00
   1.74515429e+00   1.77609034e+00   1.99589606e+00   2.08613957e+00
   2.20159421e+00   2.25336475e+00   2.25979176e+00   2.44960670e+00
   2.46118511e+00   2.58378365e+00   2.74179179e+00   2.80172381e+00
   2.93888602e+00   2.95647608e+00   3.00442695e+00   3.09468047e+00
   3.15161619e+00   3.16899334e+00   3.24148444e+00   3.32834994e+00
   4.49237534e+00   4.61417720e+00   4.86321693e+00   4.86813873e+00
   4.91802185e+00   5.02851348e+00   5.06370651e+00   5.08781599e+00
   5.27912128e+00   5.49560123e+00   5.49747330e+00   5.50654134e+00
   5.51775159e+00   5.59422153e+00   5.82105001e+00   5.83788125e+00
   6.04816719e+00   6.34027169e+00   6.54175966e+00   6.58622881e+00
   6.61706987e+00   6.69099364e+00   6.70825241e+00   6.73982276e+00
   6.79416845e+00   6.79902188e+00   6.81732391e+00   6.82202114e+00
   6.84881951e+00   6.99985515e+00   7.34186306e+00   7.42086675e+00
   7.52530870e+00   7.59663484e+00   7.85856003e+00   7.96383553e+00
   8.80693422e+00   9.24585438e+00   4.45086692e+01   4.47948701e+01
   4.53156656e+01]
E_coul = 151.930536999186
cycle= 9 E= -224.352074487198  delta_E= -5.63e-08  |g|= 5.06e-05  |ddm|= 0.000518
    CPU time for cycle= 9      0.06 sec, wall time      0.06 sec
diis-norm(errvec)=0.000112858
diis-c [ -7.19471901e-09   1.11637353e+00   1.38910231e-05   1.78312339e-04
  -1.62959517e-04  -4.11092754e-03   1.56330538e-02  -1.63288648e-02
  -1.11596037e-01]
  HOMO = -0.488116457517233  LUMO = -0.0443284026909964
  mo_energy =
[ -2.09189466e+01  -2.07076683e+01  -2.07076072e+01  -1.75238278e+00
  -1.43347900e+00  -1.09207843e+00  -8.33630038e-01  -8.00563716e-01
  -7.83380964e-01  -5.65068912e-01  -5.51532989e-01  -4.88116458e-01
  -4.43284027e-02   2.74991208e-01   3.45178220e-01   4.39271453e-01
   5.13391787e-01   5.27853863e-01   5.53450048e-01   5.97618972e-01
   6.01438604e-01   6.23735270e-01   6.39290544e-01   6.54850205e-01
   7.03312259e-01   8.62329669e-01   9.01318158e-01   1.39464288e+00
   1.41109732e+00   1.41373585e+00   1.70137311e+00   1.72626520e+00
   1.74515337e+00   1.77608945e+00   1.99589451e+00   2.08613581e+00
   2.20159271e+00   2.25336368e+00   2.25978930e+00   2.44960512e+00
   2.46118341e+00   2.58378199e+00   2.74178877e+00   2.80172279e+00
   2.93888441e+00   2.95647877e+00   3.00442801e+00   3.09468169e+00
   3.15161267e+00   3.16898735e+00   3.24148204e+00   3.32834964e+00
   4.49237169e+00   4.61417434e+00   4.86321528e+00   4.86813402e+00
   4.91801807e+00   5.02850674e+00   5.06369904e+00   5.08781476e+00
   5.27911612e+00   5.49560130e+00   5.49747332e+00   5.50654189e+00
   5.51775197e+00   5.59422281e+00   5.82104952e+00   5.83787960e+00
   6.04816066e+00   6.34026706e+00   6.54175575e+00   6.58622544e+00
   6.61706756e+00   6.69099578e+00   6.70825269e+00   6.73982345e+00
   6.79416532e+00   6.79901872e+00   6.81732144e+00   6.82201970e+00
   6.84881730e+00   6.99985657e+00   7.34186056e+00   7.42086516e+00
   7.52530607e+00   7.59663349e+00   7.85855918e+00   7.96383199e+00
   8.80693182e+00   9.24585175e+00   4.45086690e+01   4.47948769e+01
   4.53156593e+01]
E_coul = 151.93048767347
cycle= 10 E= -224.35207448834  delta_E= -1.14e-09  |g|= 1.21e-05  |ddm|= 7.71e-05
    CPU time for cycle= 10      0.05 sec, wall time      0.06 sec
diis-norm(errvec)=2.74591e-05
diis-c [ -3.86213450e-10  -2.06220979e-01   1.21920192e+00   1.47022044e-06
   1.47516539e-04  -7.74811127e-04  -8.65159241e-04   7.47529343e-03
  -1.89652538e-02]
  HOMO = -0.488117530435984  LUMO = -0.0443282135914317
  mo_energy =
[ -2.09189459e+01  -2.07076683e+01  -2.07076072e+01  -1.75238379e+00
  -1.43347940e+00  -1.09207896e+00  -8.33630592e-01  -8.00565094e-01
  -7.83381093e-01  -5.65068221e-01  -5.51534311e-01  -4.88117530e-01
  -4.43282136e-02   2.74991711e-01   3.45177611e-01   4.39270394e-01
   5.13391443e-01   5.27853777e-01   5.53449523e-01   5.97618527e-01
   6.01439108e-01   6.23735333e-01   6.39289989e-01   6.54849789e-01
   7.03311809e-01   8.62328773e-01   9.01317961e-01   1.39464185e+00
   1.41109652e+00   1.41373500e+00   1.70137294e+00   1.72626496e+00
   1.74515339e+00   1.77608921e+00   1.99589397e+00   2.08613442e+00
   2.20159273e+00   2.25336365e+00   2.25978860e+00   2.44960460e+00
   2.46118267e+00   2.58378158e+00   2.74178832e+00   2.80172151e+00
   2.93888458e+00   2.95647860e+00   3.00442767e+00   3.09468245e+00
   3.15161209e+00   3.16898676e+00   3.24148105e+00   3.32834889e+00
   4.49237057e+00   4.61417341e+00   4.86321426e+00   4.86813275e+00
   4.91801698e+00   5.02850511e+00   5.06369722e+00   5.08781393e+00
   5.27911483e+00   5.49560134e+00   5.49747335e+00   5.50654194e+00
   5.51775197e+00   5.59422259e+00   5.82104872e+00   5.83787875e+00
   6.04815948e+00   6.34026599e+00   6.54175489e+00   6.58622429e+00
   6.61706712e+00   6.69099598e+00   6.70825260e+00   6.73982281e+00
   6.79416467e+00   6.79901802e+00   6.81732072e+00   6.82201915e+00
   6.84881676e+00   6.99985645e+00   7.34186051e+00   7.42086478e+00
   7.52530534e+00   7.59663275e+00   7.85855858e+00   7.96383118e+00
   8.80693109e+00   9.24585065e+00   4.45086692e+01   4.47948769e+01
   4.53156596e+01]
E_coul = 151.930482776538
cycle= 11 E= -224.352074488434  delta_E= -9.44e-11  |g|= 4.17e-06  |ddm|= 2.25e-05
    CPU time for cycle= 11      0.06 sec, wall time      0.06 sec
  HOMO = -0.488117284425109  LUMO = -0.0443279107053409
  mo_energy =
[ -2.09189458e+01  -2.07076676e+01  -2.07076065e+01  -1.75238346e+00
  -1.43347904e+00  -1.09207876e+00  -8.33630192e-01  -8.00565027e-01
  -7.83380745e-01  -5.65067639e-01  -5.51534320e-01  -4.88117284e-01
  -4.43279107e-02   2.74992041e-01   3.45177690e-01   4.39270522e-01
   5.13391576e-01   5.27853683e-01   5.53449856e-01   5.97618613e-01
   6.01439390e-01   6.23735442e-01   6.39290093e-01   6.54849898e-01
   7.03311788e-01   8.62328910e-01   9.01318055e-01   1.39464200e+00
   1.41109667e+00   1.41373533e+00   1.70137318e+00   1.72626524e+00
   1.74515358e+00   1.77608945e+00   1.99589418e+00   2.08613466e+00
   2.20159292e+00   2.25336386e+00   2.25978881e+00   2.44960484e+00
   2.46118291e+00   2.58378175e+00   2.74178859e+00   2.80172181e+00
   2.93888476e+00   2.95647890e+00   3.00442804e+00   3.09468269e+00
   3.15161236e+00   3.16898700e+00   3.24148144e+00   3.32834922e+00
   4.49237087e+00   4.61417375e+00   4.86321468e+00   4.86813303e+00
   4.91801728e+00   5.02850531e+00   5.06369742e+00   5.08781436e+00
   5.27911515e+00   5.49560161e+00   5.49747362e+00   5.50654229e+00
   5.51775233e+00   5.59422306e+00   5.82104918e+00   5.83787911e+00
   6.04815970e+00   6.34026627e+00   6.54175520e+00   6.58622464e+00
   6.61706742e+00   6.69099642e+00   6.70825302e+00   6.73982329e+00
   6.79416498e+00   6.79901831e+00   6.81732103e+00   6.82201948e+00
   6.84881710e+00   6.99985687e+00   7.34186076e+00   7.42086508e+00
   7.52530562e+00   7.59663315e+00   7.85855895e+00   7.96383145e+00
   8.80693143e+00   9.24585101e+00   4.45086696e+01   4.47948776e+01
   4.53156599e+01]
E_coul = 151.93048129767
Extra cycle  E= -224.352074488445  delta_E= -1.11e-11  |g|= 2.22e-06  |ddm|= 4.94e-06
    CPU time for scf_cycle      1.45 sec, wall time      1.46 sec
    CPU time for SCF      1.46 sec, wall time      1.82 sec
converged SCF energy = -224.352074488445
RHF E = -224.352074488
RHF eps = [ -2.09189458e+01  -2.07076676e+01  -2.07076065e+01  -1.75238346e+00
  -1.43347904e+00  -1.09207876e+00  -8.33630192e-01  -8.00565027e-01
  -7.83380745e-01  -5.65067639e-01  -5.51534320e-01  -4.88117284e-01
  -4.43279107e-02   2.74992041e-01   3.45177690e-01   4.39270522e-01
   5.13391576e-01   5.27853683e-01   5.53449856e-01   5.97618613e-01
   6.01439390e-01   6.23735442e-01   6.39290093e-01   6.54849898e-01
   7.03311788e-01   8.62328910e-01   9.01318055e-01   1.39464200e+00
   1.41109667e+00   1.41373533e+00   1.70137318e+00   1.72626524e+00
   1.74515358e+00   1.77608945e+00   1.99589418e+00   2.08613466e+00
   2.20159292e+00   2.25336386e+00   2.25978881e+00   2.44960484e+00
   2.46118291e+00   2.58378175e+00   2.74178859e+00   2.80172181e+00
   2.93888476e+00   2.95647890e+00   3.00442804e+00   3.09468269e+00
   3.15161236e+00   3.16898700e+00   3.24148144e+00   3.32834922e+00
   4.49237087e+00   4.61417375e+00   4.86321468e+00   4.86813303e+00
   4.91801728e+00   5.02850531e+00   5.06369742e+00   5.08781436e+00
   5.27911515e+00   5.49560161e+00   5.49747362e+00   5.50654229e+00
   5.51775233e+00   5.59422306e+00   5.82104918e+00   5.83787911e+00
   6.04815970e+00   6.34026627e+00   6.54175520e+00   6.58622464e+00
   6.61706742e+00   6.69099642e+00   6.70825302e+00   6.73982329e+00
   6.79416498e+00   6.79901831e+00   6.81732103e+00   6.82201948e+00
   6.84881710e+00   6.99985687e+00   7.34186076e+00   7.42086508e+00
   7.52530562e+00   7.59663315e+00   7.85855895e+00   7.96383145e+00
   8.80693143e+00   9.24585101e+00   4.45086696e+01   4.47948776e+01
   4.53156599e+01]
    CPU time for CCSD integral transformation      9.90 sec, wall time      9.89 sec

******** <class 'pyscf.cc.rccsd.RCCSD'> flags ********
CCSD nocc = 9, nvir = 81
frozen orbitals [0, 1, 2]
max_cycle = 200
direct = 0
conv_tol = 1e-07
conv_tol_normt = 1e-05
diis_space = 6
diis_start_cycle = 0
diis_start_energy_diff = 1e+09
max_memory 4000 MB (current use 278 MB)
Init t2, MP2 energy = -0.775186091824913
    CPU time for init mp2      0.01 sec, wall time      0.01 sec
    CPU time for vvvv-tau      0.00 sec, wall time      0.00 sec
    CPU time for vvvv [0:81]      0.09 sec, wall time      0.09 sec
    CPU time for vvvv      1.96 sec, wall time      1.96 sec
    CPU time for woooo      0.00 sec, wall time      0.00 sec
max_memory 3711 MB,  nocc,nvir = 9,81  blksize = 9,81
    CPU time for ovvv [0:9]      0.64 sec, wall time      0.64 sec
    CPU time for wOVov [0:9]      0.70 sec, wall time      0.70 sec
    CPU time for woVoV [0:9]      0.41 sec, wall time      0.41 sec
    CPU time for contract occ [0:9]      2.09 sec, wall time      2.09 sec
    CPU time for contract loop      4.06 sec, wall time      4.05 sec
    CPU time for update t1 t2      4.11 sec, wall time      4.10 sec
istep = 0  E(CCSD) = -0.69426444456165  dE = -0.694264445  norm(t1,t2) = 0.185086
    CPU time for CCSD iter      4.12 sec, wall time      4.11 sec
    CPU time for vvvv-tau      0.00 sec, wall time      0.00 sec
    CPU time for vvvv [0:81]      0.08 sec, wall time      0.08 sec
    CPU time for vvvv      1.93 sec, wall time      1.93 sec
    CPU time for woooo      0.00 sec, wall time      0.00 sec
max_memory 3705 MB,  nocc,nvir = 9,81  blksize = 9,81
    CPU time for ovvv [0:9]      0.62 sec, wall time      0.63 sec
    CPU time for wOVov [0:9]      0.71 sec, wall time      0.71 sec
    CPU time for woVoV [0:9]      0.40 sec, wall time      0.41 sec
    CPU time for contract occ [0:9]      2.06 sec, wall time      2.08 sec
    CPU time for contract loop      4.00 sec, wall time      4.01 sec
    CPU time for update t1 t2      4.05 sec, wall time      4.06 sec
DIIS for step 1
istep = 1  E(CCSD) = -0.751120101118033  dE = -0.0568556566  norm(t1,t2) = 0.0950619
    CPU time for CCSD iter      4.06 sec, wall time      4.07 sec
    CPU time for vvvv-tau      0.01 sec, wall time      0.00 sec
    CPU time for vvvv [0:81]      0.08 sec, wall time      0.08 sec
    CPU time for vvvv      1.93 sec, wall time      1.93 sec
    CPU time for woooo      0.00 sec, wall time      0.00 sec
max_memory 3703 MB,  nocc,nvir = 9,81  blksize = 9,81
    CPU time for ovvv [0:9]      0.63 sec, wall time      0.63 sec
    CPU time for wOVov [0:9]      0.70 sec, wall time      0.71 sec
    CPU time for woVoV [0:9]      0.41 sec, wall time      0.41 sec
    CPU time for contract occ [0:9]      2.07 sec, wall time      2.07 sec
    CPU time for contract loop      4.01 sec, wall time      4.01 sec
    CPU time for update t1 t2      4.06 sec, wall time      4.06 sec
diis-c [-0.00154354  1.        ]
DIIS for step 2
istep = 2  E(CCSD) = -0.731945547104502  dE = 0.019174554  norm(t1,t2) = 0.0586061
    CPU time for CCSD iter      4.07 sec, wall time      4.07 sec
    CPU time for vvvv-tau      0.00 sec, wall time      0.00 sec
    CPU time for vvvv [0:81]      0.08 sec, wall time      0.08 sec
    CPU time for vvvv      1.92 sec, wall time      1.92 sec
    CPU time for woooo      0.00 sec, wall time      0.00 sec
max_memory 3699 MB,  nocc,nvir = 9,81  blksize = 9,81
    CPU time for ovvv [0:9]      0.63 sec, wall time      0.63 sec
    CPU time for wOVov [0:9]      0.71 sec, wall time      0.71 sec
    CPU time for woVoV [0:9]      0.41 sec, wall time      0.41 sec
    CPU time for contract occ [0:9]      2.08 sec, wall time      2.08 sec
    CPU time for contract loop      4.00 sec, wall time      4.00 sec
    CPU time for update t1 t2      4.05 sec, wall time      4.05 sec
diis-c [ -1.38940425e-04   3.53831170e-01   6.46168830e-01]
DIIS for step 3
istep = 3  E(CCSD) = -0.740357690097653  dE = -0.00841214299  norm(t1,t2) = 0.0346139
    CPU time for CCSD iter      4.06 sec, wall time      4.06 sec
    CPU time for vvvv-tau      0.00 sec, wall time      0.00 sec
    CPU time for vvvv [0:81]      0.09 sec, wall time      0.08 sec
    CPU time for vvvv      1.91 sec, wall time      1.91 sec
    CPU time for woooo      0.00 sec, wall time      0.00 sec
max_memory 3695 MB,  nocc,nvir = 9,81  blksize = 9,81
    CPU time for ovvv [0:9]      0.64 sec, wall time      0.63 sec
    CPU time for wOVov [0:9]      0.70 sec, wall time      0.70 sec
    CPU time for woVoV [0:9]      0.40 sec, wall time      0.41 sec
    CPU time for contract occ [0:9]      2.08 sec, wall time      2.08 sec
    CPU time for contract loop      3.99 sec, wall time      4.00 sec
    CPU time for update t1 t2      4.04 sec, wall time      4.05 sec
diis-c [ -2.05251767e-05  -5.88852658e-01  -8.47102285e-01   2.43595494e+00]
DIIS for step 4
istep = 4  E(CCSD) = -0.743863679848095  dE = -0.00350598975  norm(t1,t2) = 0.0118161
    CPU time for CCSD iter      4.07 sec, wall time      4.06 sec
    CPU time for vvvv-tau      0.00 sec, wall time      0.00 sec
    CPU time for vvvv [0:81]      0.07 sec, wall time      0.08 sec
    CPU time for vvvv      1.92 sec, wall time      1.93 sec
    CPU time for woooo      0.00 sec, wall time      0.00 sec
max_memory 3690 MB,  nocc,nvir = 9,81  blksize = 9,81
    CPU time for ovvv [0:9]      0.62 sec, wall time      0.63 sec
    CPU time for wOVov [0:9]      0.71 sec, wall time      0.70 sec
    CPU time for woVoV [0:9]      0.41 sec, wall time      0.41 sec
    CPU time for contract occ [0:9]      2.08 sec, wall time      2.07 sec
    CPU time for contract loop      4.00 sec, wall time      4.00 sec
    CPU time for update t1 t2      4.04 sec, wall time      4.05 sec
diis-c [ -1.56358186e-06  -1.74344672e-01  -2.54989652e-01   6.41389471e-01
   7.87944853e-01]
DIIS for step 5
istep = 5  E(CCSD) = -0.74310077596261  dE = 0.000762903885  norm(t1,t2) = 0.00296439
    CPU time for CCSD iter      4.06 sec, wall time      4.06 sec
    CPU time for vvvv-tau      0.00 sec, wall time      0.00 sec
    CPU time for vvvv [0:81]      0.09 sec, wall time      0.08 sec
    CPU time for vvvv      1.92 sec, wall time      1.93 sec
    CPU time for woooo      0.00 sec, wall time      0.00 sec
max_memory 3686 MB,  nocc,nvir = 9,81  blksize = 9,81
    CPU time for ovvv [0:9]      0.64 sec, wall time      0.63 sec
    CPU time for wOVov [0:9]      0.70 sec, wall time      0.70 sec
    CPU time for woVoV [0:9]      0.41 sec, wall time      0.41 sec
    CPU time for contract occ [0:9]      2.08 sec, wall time      2.08 sec
    CPU time for contract loop      4.00 sec, wall time      4.01 sec
    CPU time for update t1 t2      4.05 sec, wall time      4.05 sec
diis-c [ -2.32789381e-07   1.30782354e-01   1.98451800e-01  -5.42444195e-01
  -4.26694734e-01   1.63990478e+00]
DIIS for step 6
istep = 6  E(CCSD) = -0.742914471243217  dE = 0.000186304719  norm(t1,t2) = 0.00114096
    CPU time for CCSD iter      4.07 sec, wall time      4.07 sec
    CPU time for vvvv-tau      0.00 sec, wall time      0.00 sec
    CPU time for vvvv [0:81]      0.08 sec, wall time      0.08 sec
    CPU time for vvvv      1.92 sec, wall time      1.92 sec
    CPU time for woooo      0.00 sec, wall time      0.00 sec
max_memory 3682 MB,  nocc,nvir = 9,81  blksize = 9,81
    CPU time for ovvv [0:9]      0.63 sec, wall time      0.64 sec
    CPU time for wOVov [0:9]      0.71 sec, wall time      0.72 sec
    CPU time for woVoV [0:9]      0.42 sec, wall time      0.42 sec
    CPU time for contract occ [0:9]      2.10 sec, wall time      2.10 sec
    CPU time for contract loop      4.02 sec, wall time      4.03 sec
    CPU time for update t1 t2      4.07 sec, wall time      4.08 sec
diis-c [ -2.03564677e-08   4.07609439e-02   6.36898707e-02  -1.62590451e-01
  -1.53068326e-01   3.12771264e-01   8.98436699e-01]
DIIS for step 7
istep = 7  E(CCSD) = -0.742953154119997  dE = -3.86828768e-05  norm(t1,t2) = 0.000317909
    CPU time for CCSD iter      4.09 sec, wall time      4.09 sec
    CPU time for vvvv-tau      0.00 sec, wall time      0.00 sec
    CPU time for vvvv [0:81]      0.08 sec, wall time      0.08 sec
    CPU time for vvvv      1.94 sec, wall time      1.94 sec
    CPU time for woooo      0.00 sec, wall time      0.00 sec
max_memory 3677 MB,  nocc,nvir = 9,81  blksize = 9,81
    CPU time for ovvv [0:9]      0.63 sec, wall time      0.63 sec
    CPU time for wOVov [0:9]      0.70 sec, wall time      0.71 sec
    CPU time for woVoV [0:9]      0.41 sec, wall time      0.41 sec
    CPU time for contract occ [0:9]      2.07 sec, wall time      2.08 sec
    CPU time for contract loop      4.02 sec, wall time      4.02 sec
    CPU time for update t1 t2      4.07 sec, wall time      4.07 sec
diis-c [ -6.59066179e-09   9.86517367e-01   1.32267261e-03   2.71779940e-03
   1.39389467e-03  -5.50714662e-02   6.31197326e-02]
DIIS for step 8
istep = 8  E(CCSD) = -0.742943060917647  dE = 1.00932024e-05  norm(t1,t2) = 0.00014315
    CPU time for CCSD iter      4.08 sec, wall time      4.09 sec
    CPU time for vvvv-tau      0.00 sec, wall time      0.00 sec
    CPU time for vvvv [0:81]      0.08 sec, wall time      0.08 sec
    CPU time for vvvv      1.96 sec, wall time      1.95 sec
    CPU time for woooo      0.00 sec, wall time      0.00 sec
max_memory 3675 MB,  nocc,nvir = 9,81  blksize = 9,81
    CPU time for ovvv [0:9]      0.62 sec, wall time      0.64 sec
    CPU time for wOVov [0:9]      0.73 sec, wall time      0.72 sec
    CPU time for woVoV [0:9]      0.41 sec, wall time      0.41 sec
    CPU time for contract occ [0:9]      2.09 sec, wall time      2.09 sec
    CPU time for contract loop      4.05 sec, wall time      4.05 sec
    CPU time for update t1 t2      4.10 sec, wall time      4.10 sec
diis-c [ -7.08895387e-10  -7.94810100e-01   1.88114123e+00  -3.64965548e-03
  -1.74635244e-04   3.52760936e-02  -1.17782928e-01]
DIIS for step 9
istep = 9  E(CCSD) = -0.742951119403445  dE = -8.0584858e-06  norm(t1,t2) = 7.12282e-05
    CPU time for CCSD iter      4.11 sec, wall time      4.11 sec
    CPU time for vvvv-tau      0.01 sec, wall time      0.00 sec
    CPU time for vvvv [0:81]      0.08 sec, wall time      0.09 sec
    CPU time for vvvv      1.96 sec, wall time      1.96 sec
    CPU time for woooo      0.00 sec, wall time      0.00 sec
max_memory 3675 MB,  nocc,nvir = 9,81  blksize = 9,81
    CPU time for ovvv [0:9]      0.65 sec, wall time      0.66 sec
    CPU time for wOVov [0:9]      0.73 sec, wall time      0.72 sec
    CPU time for woVoV [0:9]      0.41 sec, wall time      0.41 sec
    CPU time for contract occ [0:9]      2.13 sec, wall time      2.12 sec
    CPU time for contract loop      4.09 sec, wall time      4.08 sec
    CPU time for update t1 t2      4.14 sec, wall time      4.13 sec
diis-c [ -1.48947799e-10  -1.11066135e-01  -1.28066285e-01   1.23260037e+00
   8.92118786e-04   8.23832284e-04   4.81610182e-03]
DIIS for step 10
istep = 10  E(CCSD) = -0.742948585386068  dE = 2.53401738e-06  norm(t1,t2) = 2.59001e-05
    CPU time for CCSD iter      4.15 sec, wall time      4.15 sec
    CPU time for vvvv-tau      0.00 sec, wall time      0.00 sec
    CPU time for vvvv [0:81]      0.09 sec, wall time      0.08 sec
    CPU time for vvvv      1.93 sec, wall time      1.93 sec
    CPU time for woooo      0.00 sec, wall time      0.00 sec
max_memory 3675 MB,  nocc,nvir = 9,81  blksize = 9,81
    CPU time for ovvv [0:9]      0.62 sec, wall time      0.63 sec
    CPU time for wOVov [0:9]      0.73 sec, wall time      0.72 sec
    CPU time for woVoV [0:9]      0.42 sec, wall time      0.42 sec
    CPU time for contract occ [0:9]      2.12 sec, wall time      2.12 sec
    CPU time for contract loop      4.05 sec, wall time      4.05 sec
    CPU time for update t1 t2      4.10 sec, wall time      4.10 sec
diis-c [ -2.03456973e-11   7.36283003e-02  -2.10816673e-01   8.32295540e-02
   1.03227383e+00  -1.65710465e-03   2.33420970e-02]
DIIS for step 11
istep = 11  E(CCSD) = -0.74295027427281  dE = -1.68888674e-06  norm(t1,t2) = 9.81024e-06
    CPU time for CCSD iter      4.11 sec, wall time      4.12 sec
    CPU time for vvvv-tau      0.00 sec, wall time      0.00 sec
    CPU time for vvvv [0:81]      0.09 sec, wall time      0.09 sec
    CPU time for vvvv      1.98 sec, wall time      1.98 sec
    CPU time for woooo      0.00 sec, wall time      0.00 sec
max_memory 3675 MB,  nocc,nvir = 9,81  blksize = 9,81
    CPU time for ovvv [0:9]      0.64 sec, wall time      0.64 sec
    CPU time for wOVov [0:9]      0.72 sec, wall time      0.71 sec
    CPU time for woVoV [0:9]      0.40 sec, wall time      0.41 sec
    CPU time for contract occ [0:9]      2.10 sec, wall time      2.10 sec
    CPU time for contract loop      4.08 sec, wall time      4.08 sec
    CPU time for update t1 t2      4.13 sec, wall time      4.13 sec
diis-c [ -1.52827750e-12  -2.53009604e-02   9.29643603e-02  -2.11710995e-01
  -1.00948929e-01   1.25066344e+00  -5.66691411e-03]
DIIS for step 12
istep = 12  E(CCSD) = -0.742949095797483  dE = 1.17847533e-06  norm(t1,t2) = 3.81291e-06
    CPU time for CCSD iter      4.15 sec, wall time      4.15 sec
    CPU time for vvvv-tau      0.00 sec, wall time      0.00 sec
    CPU time for vvvv [0:81]      0.09 sec, wall time      0.08 sec
    CPU time for vvvv      1.93 sec, wall time      1.93 sec
    CPU time for woooo      0.01 sec, wall time      0.00 sec
max_memory 3675 MB,  nocc,nvir = 9,81  blksize = 9,81
    CPU time for ovvv [0:9]      0.63 sec, wall time      0.64 sec
    CPU time for wOVov [0:9]      0.72 sec, wall time      0.71 sec
    CPU time for woVoV [0:9]      0.41 sec, wall time      0.41 sec
    CPU time for contract occ [0:9]      2.10 sec, wall time      2.10 sec
    CPU time for contract loop      4.04 sec, wall time      4.04 sec
    CPU time for update t1 t2      4.09 sec, wall time      4.09 sec
diis-c [ -2.47274423e-13  -5.63016594e-03   1.61187019e-02  -2.43838690e-02
  -5.85111825e-02   3.60713448e-02   1.03633517e+00]
DIIS for step 13
istep = 13  E(CCSD) = -0.742949309954391  dE = -2.14156908e-07  norm(t1,t2) = 1.00741e-06
    CPU time for CCSD iter      4.10 sec, wall time      4.10 sec
    CPU time for vvvv-tau      0.00 sec, wall time      0.00 sec
    CPU time for vvvv [0:81]      0.08 sec, wall time      0.08 sec
    CPU time for vvvv      1.93 sec, wall time      1.94 sec
    CPU time for woooo      0.00 sec, wall time      0.00 sec
max_memory 3675 MB,  nocc,nvir = 9,81  blksize = 9,81
    CPU time for ovvv [0:9]      0.64 sec, wall time      0.63 sec
    CPU time for wOVov [0:9]      0.72 sec, wall time      0.72 sec
    CPU time for woVoV [0:9]      0.42 sec, wall time      0.42 sec
    CPU time for contract occ [0:9]      2.13 sec, wall time      2.12 sec
    CPU time for contract loop      4.06 sec, wall time      4.06 sec
    CPU time for update t1 t2      4.11 sec, wall time      4.11 sec
diis-c [ -4.57689442e-14   1.14939287e+00  -2.25943422e-03   1.59473799e-02
   4.12910601e-03  -1.34498045e-01  -3.27118722e-02]
DIIS for step 14
istep = 14  E(CCSD) = -0.742949239032134  dE = 7.09222578e-08  norm(t1,t2) = 4.28422e-07
    CPU time for CCSD iter      4.12 sec, wall time      4.12 sec
    CPU time for CCSD     61.42 sec, wall time     61.43 sec
CCSD converged
E(CCSD) = -225.0950237274776  E_corr = -0.7429492390321335
    CPU time for EOM-CCSD shared one-electron intermediates      0.05 sec, wall time      0.05 sec
    CPU time for EOM-CCSD shared two-electron intermediates      0.31 sec, wall time      0.30 sec
    CPU time for EOM-CCSD IP intermediates      0.36 sec, wall time      0.36 sec
tol 1e-07  toloose 0.000316228
max_cycle 200  max_space 224  max_memory 2000  incore True
davidson 0 8  |r|= 0.49  e= [ 0.61283065  0.62654597  0.63958439  0.87604213  0.89125792  0.8994436
  1.14741393  1.48856712]  max|de|= 1.49  lindep=    1
davidson 1 16  |r|= 0.146  e= [ 0.49779741  0.47222646  0.47869805  0.70203382  0.73305204  0.72612633
  0.93631038  1.24397982]  max|de|= -0.245  lindep= 0.94
davidson 2 24  |r|= 0.393  e= [ 0.49411794  0.4692833   0.47420642  0.69044545  0.73147791  0.72360517
  0.93328754  1.18443896]  max|de|= -0.0595  lindep= 0.851
davidson 3 32  |r|= 0.219  e= [ 0.49512926  0.46992497  0.47512082  0.69185386  0.73043131  0.72334032
  0.9305058   1.22269753]  max|de|= 0.0383  lindep= 0.889
davidson 4 40  |r|= 0.196  e= [ 0.49536331  0.46995466  0.47501658  0.69139884  0.72949276  0.72294244
  0.94494288  1.23564631]  max|de|= 0.0144  lindep= 0.848
davidson 5 48  |r|= 0.24  e= [ 0.49536818  0.46997251  0.47506519  0.69117484  0.72959213  0.72307441
  0.93115832  1.26923576]  max|de|= 0.0336  lindep= 0.882
davidson 6 56  |r|= 0.106  e= [ 0.49536191  0.46997355  0.47506281  0.69123399  0.72964034  0.72309846
  0.93076819  1.22831187]  max|de|= -0.0409  lindep= 0.871
davidson 7 64  |r|=  0.2  e= [ 0.49536171  0.46997233  0.47506371  0.69120459  0.72963731  0.72305768
  0.93076702  1.22773472]  max|de|= -0.000577  lindep= 0.846
davidson 8 72  |r|= 0.116  e= [ 0.49536155  0.46997294  0.47506463  0.69120178  0.72963873  0.72303734
  0.93057005  1.21039184]  max|de|= -0.0173  lindep= 0.907
root 0 converged  |r|= 1.23e-06  e= 0.495361507148  max|de|= -4.53e-08
root 1 converged  |r|= 1.12e-06  e= 0.469972936461  max|de|= -9.88e-10
root 2 converged  |r|= 1.26e-06  e= 0.475064610634  max|de|= -1.58e-08
davidson 9 80  |r|= 0.212  e= [ 0.49536151  0.46997294  0.47506461  0.69121645  0.7296457   0.72303494
  0.9305105   1.23619244]  max|de|= 0.0258  lindep= 0.911
davidson 10 85  |r|= 0.19  e= [ 0.49536151  0.46997294  0.47506461  0.69121376  0.7296458   0.72303506
  0.9305116   1.26311062]  max|de|= 0.0269  lindep= 0.901
davidson 11 90  |r|= 0.24  e= [ 0.49536151  0.46997294  0.47506461  0.69121224  0.72964551  0.72303489
  0.93051778  1.28361885]  max|de|= 0.0205  lindep= 0.831
root 4 converged  |r|= 4.06e-06  e= 0.729645442378  max|de|= -6.97e-08
root 5 converged  |r|= 1.5e-06  e= 0.723034815113  max|de|= -7e-08
davidson 12 95  |r|= 0.0894  e= [ 0.49536151  0.46997294  0.47506462  0.69121196  0.72964544  0.72303482
  0.93051315  1.25279168]  max|de|= -0.0308  lindep= 0.913
davidson 13 98  |r|= 0.0982  e= [ 0.49536151  0.46997294  0.47506462  0.69121211  0.72964544  0.72303481
  0.93051249  1.24258039]  max|de|= -0.0102  lindep= 0.902
root 3 converged  |r|= 7.77e-07  e= 0.691212154396  max|de|= 4.65e-08
root 6 converged  |r|= 4.33e-05  e= 0.930512458255  max|de|= -3.14e-08
davidson 14 101  |r|= 0.162  e= [ 0.49536151  0.46997293  0.47506462  0.69121215  0.72964543  0.72303481
  0.93051246  1.27438488]  max|de|= 0.0318  lindep= 0.919
davidson 15 102  |r|= 0.0642  e= [ 0.49536151  0.46997293  0.47506462  0.69121215  0.72964542  0.72303481
  0.93051246  1.26016749]  max|de|= -0.0142  lindep= 0.917
davidson 16 103  |r|= 0.0495  e= [ 0.49536151  0.46997293  0.47506462  0.69121215  0.72964542  0.72303481
  0.93051246  1.25643331]  max|de|= -0.00373  lindep= 0.913
davidson 17 104  |r|= 0.272  e= [ 0.49536151  0.46997293  0.47506462  0.69121215  0.72964543  0.72303481
  0.93051246  1.24770061]  max|de|= -0.00873  lindep= 0.912
davidson 18 105  |r|= 0.0979  e= [ 0.49536151  0.46997293  0.47506462  0.69121215  0.72964543  0.72303482
  0.93051225  1.25225039]  max|de|= 0.00455  lindep= 0.901
root 6 converged  |r|= 1.25e-05  e= 0.930512297594  max|de|= 5.19e-08
davidson 19 107  |r|= 0.0792  e= [ 0.49536151  0.46997294  0.47506462  0.69121215  0.72964542  0.72303482
  0.9305123   1.25993973]  max|de|= 0.00769  lindep= 0.899
davidson 20 108  |r|= 0.0551  e= [ 0.49536151  0.46997294  0.47506462  0.69121215  0.72964542  0.72303482
  0.9305123   1.25578982]  max|de|= -0.00415  lindep= 0.885
davidson 21 109  |r|= 0.116  e= [ 0.49536151  0.46997294  0.47506462  0.69121215  0.72964542  0.72303482
  0.9305123   1.24766111]  max|de|= -0.00813  lindep= 0.904
davidson 22 110  |r|= 0.0779  e= [ 0.49536151  0.46997294  0.47506462  0.69121215  0.72964542  0.72303481
  0.93051228  1.25978746]  max|de|= 0.0121  lindep= 0.915
davidson 23 111  |r|= 0.118  e= [ 0.49536151  0.46997294  0.47506462  0.69121215  0.72964542  0.72303481
  0.93051225  1.24976998]  max|de|= -0.01  lindep= 0.882
davidson 24 112  |r|= 0.0531  e= [ 0.49536151  0.46997294  0.47506462  0.69121215  0.72964542  0.7230348
  0.93051223  1.26310804]  max|de|= 0.0133  lindep= 0.916
davidson 25 113  |r|= 0.0251  e= [ 0.49536151  0.46997294  0.47506462  0.69121215  0.72964541  0.7230348
  0.93051223  1.26092377]  max|de|= -0.00218  lindep= 0.915
davidson 26 114  |r|= 0.0265  e= [ 0.49536151  0.46997294  0.47506462  0.69121215  0.72964541  0.7230348
  0.93051223  1.25977097]  max|de|= -0.00115  lindep= 0.922
davidson 27 115  |r|= 0.0293  e= [ 0.4953615   0.46997294  0.47506462  0.69121215  0.72964541  0.7230348
  0.93051223  1.25886131]  max|de|= -0.00091  lindep= 0.909
davidson 28 116  |r|= 0.0769  e= [ 0.4953615   0.46997294  0.47506462  0.69121215  0.72964541  0.7230348
  0.93051222  1.25507611]  max|de|= -0.00379  lindep= 0.895
davidson 29 117  |r|= 0.0378  e= [ 0.4953615   0.46997294  0.47506462  0.69121215  0.72964541  0.7230348
  0.93051223  1.25795662]  max|de|= 0.00288  lindep= 0.874
davidson 30 118  |r|= 0.0338  e= [ 0.49536149  0.46997294  0.47506462  0.69121215  0.72964541  0.7230348
  0.93051223  1.25494661]  max|de|= -0.00301  lindep= 0.914
davidson 31 119  |r|= 0.0253  e= [ 0.49536149  0.46997294  0.47506462  0.69121215  0.72964541  0.7230348
  0.93051223  1.25361421]  max|de|= -0.00133  lindep= 0.907
davidson 32 120  |r|= 0.0166  e= [ 0.49536149  0.46997294  0.47506462  0.69121215  0.72964541  0.7230348
  0.93051222  1.25313004]  max|de|= -0.000484  lindep= 0.906
davidson 33 121  |r|= 0.0399  e= [ 0.49536149  0.46997294  0.47506462  0.69121215  0.72964541  0.7230348
  0.93051223  1.2525289 ]  max|de|= -0.000601  lindep= 0.847
davidson 34 122  |r|= 0.0161  e= [ 0.49536149  0.46997294  0.47506462  0.69121215  0.72964541  0.7230348
  0.93051218  1.25300671]  max|de|= 0.000478  lindep= 0.793
davidson 35 123  |r|= 0.0177  e= [ 0.49536149  0.46997294  0.47506462  0.69121215  0.72964541  0.7230348
  0.93051223  1.25271212]  max|de|= -0.000295  lindep= 0.878
davidson 36 124  |r|= 0.131  e= [ 0.49536149  0.46997294  0.47506462  0.69121215  0.72964541  0.72303479
  0.93051224  1.25582029]  max|de|= 0.00311  lindep= 0.865
davidson 37 125  |r|= 0.0198  e= [ 0.4953615   0.46997294  0.47506462  0.69121215  0.72964541  0.72303478
  0.93051225  1.25291607]  max|de|= -0.0029  lindep= 0.842
davidson 38 126  |r|= 0.067  e= [ 0.4953615   0.46997294  0.47506462  0.69121215  0.72964541  0.72303478
  0.93051226  1.25341968]  max|de|= 0.000504  lindep= 0.812
davidson 39 127  |r|= 0.0126  e= [ 0.4953615   0.46997294  0.47506462  0.69121215  0.72964541  0.72303478
  0.93051225  1.25300951]  max|de|= -0.00041  lindep= 0.891
davidson 40 128  |r|= 0.00933  e= [ 0.4953615   0.46997294  0.47506462  0.69121215  0.72964541  0.72303477
  0.93051226  1.25299575]  max|de|= -1.38e-05  lindep= 0.905
davidson 41 129  |r|= 0.00885  e= [ 0.4953615   0.46997294  0.47506462  0.69121215  0.72964541  0.72303477
  0.93051226  1.2530064 ]  max|de|= 1.06e-05  lindep= 0.906
davidson 42 130  |r|= 0.00672  e= [ 0.4953615   0.46997294  0.47506462  0.69121215  0.72964541  0.72303477
  0.93051226  1.25303675]  max|de|= 3.04e-05  lindep= 0.919
davidson 43 131  |r|= 0.00403  e= [ 0.4953615   0.46997294  0.47506462  0.69121215  0.72964541  0.72303477
  0.93051226  1.25302842]  max|de|= -8.33e-06  lindep= 0.915
davidson 44 132  |r|= 0.00299  e= [ 0.4953615   0.46997294  0.47506462  0.69121215  0.72964541  0.72303477
  0.93051226  1.25299943]  max|de|= -2.9e-05  lindep= 0.904
davidson 45 133  |r|= 0.00331  e= [ 0.4953615   0.46997294  0.47506462  0.69121215  0.72964541  0.72303477
  0.93051226  1.25294738]  max|de|= -5.21e-05  lindep= 0.923
davidson 46 134  |r|= 0.00405  e= [ 0.4953615   0.46997294  0.47506462  0.69121215  0.72964541  0.72303477
  0.93051226  1.25290302]  max|de|= -4.44e-05  lindep= 0.897
davidson 47 135  |r|= 0.0139  e= [ 0.4953615   0.46997294  0.47506462  0.69121215  0.72964541  0.72303477
  0.93051226  1.25314531]  max|de|= 0.000242  lindep= 0.86
davidson 48 136  |r|= 0.0029  e= [ 0.4953615   0.46997294  0.47506462  0.69121215  0.72964541  0.72303477
  0.93051226  1.2529669 ]  max|de|= -0.000178  lindep= 0.893
davidson 49 137  |r|= 0.00229  e= [ 0.4953615   0.46997294  0.47506462  0.69121215  0.72964541  0.72303477
  0.93051226  1.25289901]  max|de|= -6.79e-05  lindep= 0.894
davidson 50 138  |r|= 0.109  e= [ 0.4953615   0.46997294  0.47506462  0.69121215  0.7296454   0.72303477
  0.93051226  1.25715591]  max|de|= 0.00426  lindep= 0.849
davidson 51 139  |r|= 0.00209  e= [ 0.4953615   0.46997294  0.47506462  0.69121215  0.7296454   0.72303477
  0.93051226  1.25292507]  max|de|= -0.00423  lindep= 0.885
davidson 52 140  |r|= 0.00125  e= [ 0.4953615   0.46997294  0.47506462  0.69121215  0.7296454   0.72303477
  0.93051226  1.25286848]  max|de|= -5.66e-05  lindep= 0.887
davidson 53 141  |r|= 0.00122  e= [ 0.4953615   0.46997294  0.47506462  0.69121215  0.7296454   0.72303477
  0.93051226  1.25282515]  max|de|= -4.33e-05  lindep= 0.892
davidson 54 142  |r|= 0.0115  e= [ 0.49536151  0.46997294  0.47506462  0.69121215  0.7296454   0.72303477
  0.93051226  1.25252169]  max|de|= -0.000303  lindep= 0.877
davidson 55 143  |r|= 0.00124  e= [ 0.49536151  0.46997294  0.47506462  0.69121215  0.72964539  0.72303477
  0.93051226  1.25285372]  max|de|= 0.000332  lindep= 0.898
davidson 56 144  |r|= 0.000636  e= [ 0.49536152  0.46997294  0.47506462  0.69121215  0.72964539  0.72303477
  0.93051226  1.2528359 ]  max|de|= -1.78e-05  lindep= 0.909
davidson 57 145  |r|= 0.000441  e= [ 0.49536152  0.46997294  0.47506462  0.69121215  0.72964539  0.72303477
  0.93051226  1.25283212]  max|de|= -3.79e-06  lindep= 0.909
davidson 58 146  |r|= 0.000483  e= [ 0.49536152  0.46997294  0.47506462  0.69121215  0.72964539  0.72303477
  0.93051226  1.25282797]  max|de|= -4.15e-06  lindep= 0.903
davidson 59 147  |r|= 0.0021  e= [ 0.49536151  0.46997294  0.47506462  0.69121215  0.72964539  0.72303477
  0.93051226  1.25280433]  max|de|= -2.36e-05  lindep= 0.894
davidson 60 148  |r|= 0.00069  e= [ 0.49536151  0.46997294  0.47506462  0.69121215  0.72964539  0.72303477
  0.93051226  1.25282862]  max|de|= 2.43e-05  lindep= 0.893
davidson 61 149  |r|= 0.000447  e= [ 0.49536151  0.46997294  0.47506462  0.69121215  0.72964539  0.72303477
  0.93051226  1.25282416]  max|de|= -4.46e-06  lindep= 0.891
davidson 62 150  |r|= 0.000615  e= [ 0.49536151  0.46997294  0.47506462  0.69121215  0.72964539  0.72303477
  0.93051226  1.25283155]  max|de|= 7.38e-06  lindep= 0.905
davidson 63 151  |r|= 0.00447  e= [ 0.49536151  0.46997294  0.47506462  0.69121215  0.72964539  0.72303477
  0.93051226  1.25289543]  max|de|= 6.39e-05  lindep= 0.897
davidson 64 152  |r|= 0.000734  e= [ 0.49536151  0.46997294  0.47506462  0.69121215  0.72964539  0.72303477
  0.93051226  1.25282192]  max|de|= -7.35e-05  lindep= 0.914
davidson 65 153  |r|= 0.000417  e= [ 0.49536151  0.46997294  0.47506462  0.69121215  0.72964539  0.72303477
  0.93051226  1.25283138]  max|de|= 9.46e-06  lindep= 0.904
davidson 66 154  |r|= 0.000362  e= [ 0.49536151  0.46997294  0.47506462  0.69121215  0.72964539  0.72303477
  0.93051226  1.25283596]  max|de|= 4.58e-06  lindep= 0.91
davidson 67 155  |r|= 0.000671  e= [ 0.49536151  0.46997294  0.47506462  0.69121215  0.72964539  0.72303477
  0.93051226  1.2528408 ]  max|de|= 4.84e-06  lindep= 0.873
davidson 68 156  |r|= 0.000547  e= [ 0.49536151  0.46997294  0.47506462  0.69121215  0.72964539  0.72303477
  0.93051226  1.25283289]  max|de|= -7.91e-06  lindep= 0.841
davidson 69 157  |r|= 0.00027  e= [ 0.49536151  0.46997294  0.47506462  0.69121215  0.72964539  0.72303477
  0.93051226  1.25283869]  max|de|= 5.8e-06  lindep= 0.895
davidson 70 158  |r|= 0.000162  e= [ 0.49536151  0.46997294  0.47506462  0.69121215  0.72964539  0.72303477
  0.93051226  1.25283977]  max|de|= 1.08e-06  lindep= 0.916
davidson 71 159  |r|= 9.34e-05  e= [ 0.49536151  0.46997294  0.47506462  0.69121215  0.72964539  0.72303477
  0.93051226  1.25283741]  max|de|= -2.36e-06  lindep= 0.908
davidson 72 160  |r|= 9.11e-05  e= [ 0.49536151  0.46997294  0.47506462  0.69121215  0.72964539  0.72303477
  0.93051226  1.25283591]  max|de|= -1.5e-06  lindep= 0.869
davidson 73 161  |r|= 0.000551  e= [ 0.49536151  0.46997294  0.47506462  0.69121215  0.72964539  0.72303477
  0.93051226  1.25284427]  max|de|= 8.36e-06  lindep= 0.858
davidson 74 162  |r|= 6.94e-05  e= [ 0.49536151  0.46997294  0.47506462  0.69121215  0.72964539  0.72303477
  0.93051226  1.25283701]  max|de|= -7.26e-06  lindep= 0.894
davidson 75 163  |r|= 3.23e-05  e= [ 0.49536151  0.46997294  0.47506462  0.69121215  0.72964539  0.72303477
  0.93051226  1.25283608]  max|de|= -9.35e-07  lindep= 0.911
davidson 76 164  |r|= 1.69e-05  e= [ 0.49536151  0.46997294  0.47506462  0.69121215  0.72964538  0.72303477
  0.93051226  1.25283587]  max|de|= -2.07e-07  lindep= 0.895
root 7 converged  |r|= 9.08e-06  e= 1.25283580566  max|de|= -6.32e-08
converge 77 165  |r|= 9.86e-06  e= [ 0.49536151  0.46997294  0.47506462  0.69121215  0.72964538  0.72303478
  0.93051226  1.25283581]  max|de|= -6.32e-08
IP root 0 E = 0.4953615079586332  qpwt = 0.937404  conv = True
IP root 1 E = 0.4699729385704319  qpwt = 0.94137  conv = True
IP root 2 E = 0.4750646172762326  qpwt = 0.937038  conv = True
IP root 3 E = 0.6912121543464892  qpwt = 0.678025  conv = True
IP root 4 E = 0.7296453846169144  qpwt = 0.845611  conv = True
IP root 5 E = 0.7230347750194194  qpwt = 0.900494  conv = True
IP root 6 E = 0.9305122622848232  qpwt = 0.823407  conv = True
IP root 7 E = 1.252835805662575  qpwt = 0.34819  conv = True
    CPU time for IP-CCSD     45.69 sec, wall time     45.70 sec
    CPU time for EOM-CCSD shared one-electron intermediates      0.04 sec, wall time      0.05 sec
    CPU time for EOM-CCSD EA intermediates      7.29 sec, wall time      7.29 sec
tol 1e-07  toloose 0.000316228
max_cycle 200  max_space 236  max_memory 2000  incore True
davidson 0 12  |r|= 0.576  e= [ 0.07304355  0.32235097  0.38495513  0.45947195  0.52968243  0.55181325
  0.57849423  0.62850085  0.6329145   0.63389961  0.65189474  0.67168189]  max|de|= 0.672  lindep=    1
davidson 1 24  |r|= 0.178  e= [-0.05514876  0.1950323   0.27527443  0.39400395  0.45993735  0.47508814
  0.48191516  0.5439468   0.54606028  0.5560509   0.59939934  0.60462772]  max|de|= -0.128  lindep= 0.862
davidson 2 36  |r|= 0.369  e= [-0.05616276  0.19204702  0.26811202  0.39152798  0.45142486  0.47057667
  0.47439365  0.53907578  0.54038067  0.63924331  0.59461118  0.59439626]  max|de|= 0.0832  lindep= 0.787
davidson 3 48  |r|= 0.153  e= [-0.05582512  0.19216075  0.2674943   0.39188531  0.44668891  0.47046362
  0.47270787  0.53729732  0.53992154  0.56534357  0.59679679  0.60655109]  max|de|= -0.0739  lindep= 0.773
davidson 4 60  |r|= 0.0611  e= [-0.05585218  0.19206569  0.26736331  0.39143412  0.44286605  0.47043926
  0.47348751  0.53838642  0.53943891  0.55998602  0.59597999  0.59900473]  max|de|= -0.00755  lindep= 0.844
davidson 5 72  |r|= 0.0347  e= [-0.0558478   0.19210166  0.26744878  0.39143587  0.44164291  0.47041777
  0.47329869  0.53794911  0.53863945  0.55870778  0.59592669  0.59795809]  max|de|= -0.00128  lindep= 0.852
davidson 6 84  |r|= 0.045  e= [-0.05584766  0.19210739  0.26743916  0.39144171  0.44158432  0.47038599
  0.47316829  0.5377013   0.54164481  0.55849774  0.59579416  0.59715868]  max|de|= 0.00301  lindep= 0.844
davidson 7 96  |r|= 0.143  e= [-0.05584749  0.19210672  0.26743383  0.39143957  0.441559    0.47039346
  0.47314666  0.53992359  0.54070163  0.55853345  0.59579573  0.59609605]  max|de|= 0.00222  lindep= 0.832
root 0 converged  |r|= 3.32e-07  e= -0.055847496297  max|de|= -7.21e-09
root 1 converged  |r|= 4.76e-06  e= 0.192106641226  max|de|= -7.39e-08
davidson 8 108  |r|= 0.0317  e= [-0.0558475   0.19210664  0.26743525  0.39143893  0.44153606  0.47039217
  0.4731163   0.53814662  0.54072756  0.55864259  0.59577166  0.59647376]  max|de|= -0.00178  lindep= 0.843
root 2 converged  |r|= 7.78e-06  e= 0.267435182483  max|de|= -7e-08
davidson 9 118  |r|= 0.0854  e= [-0.0558475   0.1921066   0.26743518  0.39143871  0.44154473  0.47039332
  0.47311258  0.53813633  0.54074152  0.55862033  0.59579162  0.59993108]  max|de|= 0.00346  lindep= 0.864
root 3 converged  |r|= 8.92e-06  e= 0.391438666026  max|de|= -4.42e-08
davidson 10 127  |r|= 0.0131  e= [-0.0558475   0.19210661  0.26743521  0.39143867  0.44153644  0.47039413
  0.47311421  0.53815405  0.54074389  0.55858897  0.59579255  0.59776393]  max|de|= -0.00217  lindep= 0.828
root 5 converged  |r|= 6.21e-06  e= 0.47039409916  max|de|= -3.1e-08
davidson 11 135  |r|= 0.0229  e= [-0.0558475   0.19210661  0.26743523  0.39143868  0.44153854  0.4703941
  0.47311159  0.53804588  0.54074737  0.5585322   0.59579432  0.59748775]  max|de|= -0.000276  lindep= 0.85
davidson 12 142  |r|= 0.0577  e= [-0.0558475   0.19210661  0.26743523  0.39143868  0.44153784  0.47039407
  0.47311376  0.53830345  0.54074754  0.55746639  0.59579649  0.59747195]  max|de|= -0.00107  lindep= 0.857
davidson 13 149  |r|= 0.0104  e= [-0.0558475   0.19210661  0.26743523  0.39143868  0.44153835  0.47039406
  0.473115    0.53833604  0.54074682  0.55875256  0.5957962   0.59744076]  max|de|= 0.00129  lindep= 0.864
root 8 converged  |r|= 1.17e-05  e= 0.540746724083  max|de|= -9.74e-08
davidson 14 156  |r|= 0.00422  e= [-0.0558475   0.19210661  0.26743524  0.39143868  0.441538    0.47039406
  0.47311538  0.5383831   0.54074672  0.55863196  0.59579593  0.59740758]  max|de|= -0.000121  lindep= 0.857
root 4 converged  |r|= 3.57e-06  e= 0.441538050737  max|de|= 5.24e-08
root 6 converged  |r|= 3.4e-06  e= 0.473115469285  max|de|= 8.94e-08
root 10 converged  |r|= 1.04e-05  e= 0.595795889704  max|de|= -4.32e-08
davidson 15 162  |r|= 0.00229  e= [-0.0558475   0.19210661  0.26743524  0.39143868  0.44153805  0.47039406
  0.47311547  0.53838794  0.54074674  0.55859548  0.59579589  0.59739512]  max|de|= -3.65e-05  lindep= 0.858
root 7 converged  |r|= 0.000257  e= 0.53838783982  max|de|= -9.73e-08
davidson 16 165  |r|= 0.00196  e= [-0.0558475   0.19210661  0.26743524  0.39143868  0.44153806  0.47039406
  0.47311548  0.53838784  0.54074674  0.55861645  0.59579589  0.597393  ]  max|de|= 2.1e-05  lindep= 0.839
davidson 17 167  |r|= 0.00311  e= [-0.0558475   0.19210661  0.26743524  0.39143868  0.44153807  0.47039406
  0.47311548  0.53838784  0.54074674  0.55863229  0.59579589  0.59739155]  max|de|= 1.58e-05  lindep= 0.853
davidson 18 169  |r|= 0.00424  e= [-0.0558475   0.19210661  0.26743524  0.39143868  0.44153807  0.47039406
  0.47311548  0.53838784  0.54074674  0.55858838  0.59579589  0.59739081]  max|de|= -4.39e-05  lindep= 0.845
davidson 19 171  |r|= 0.00442  e= [-0.0558475   0.19210661  0.26743524  0.39143868  0.44153808  0.47039406
  0.47311548  0.53838784  0.54074674  0.55857482  0.59579589  0.5973904 ]  max|de|= -1.36e-05  lindep= 0.856
davidson 20 173  |r|= 0.00283  e= [-0.0558475   0.19210661  0.26743524  0.39143868  0.44153809  0.47039406
  0.47311548  0.53838784  0.54074674  0.55847314  0.59579589  0.59739024]  max|de|= -0.000102  lindep= 0.839
root 11 converged  |r|= 8.01e-06  e= 0.597390195862  max|de|= -4.2e-08
davidson 21 175  |r|= 0.00153  e= [-0.0558475   0.19210661  0.26743524  0.39143868  0.44153809  0.47039406
  0.47311548  0.53838784  0.54074674  0.55843684  0.59579589  0.5973902 ]  max|de|= -3.63e-05  lindep= 0.857
davidson 22 176  |r|= 0.000906  e= [-0.0558475   0.19210661  0.26743524  0.39143868  0.44153809  0.47039406
  0.47311548  0.53838784  0.54074674  0.55844301  0.59579589  0.5973902 ]  max|de|= 6.17e-06  lindep= 0.872
davidson 23 177  |r|= 0.000541  e= [-0.0558475   0.19210661  0.26743524  0.39143868  0.44153809  0.47039406
  0.47311548  0.53838784  0.54074674  0.55844073  0.59579589  0.5973902 ]  max|de|= -2.28e-06  lindep= 0.86
davidson 24 178  |r|= 0.00029  e= [-0.0558475   0.19210661  0.26743524  0.39143868  0.44153809  0.47039406
  0.47311548  0.53838784  0.54074674  0.55845044  0.59579589  0.5973902 ]  max|de|= 9.71e-06  lindep= 0.871
davidson 25 179  |r|= 0.000257  e= [-0.0558475   0.19210661  0.26743524  0.39143868  0.44153809  0.47039406
  0.47311548  0.53838784  0.54074674  0.55845313  0.59579589  0.5973902 ]  max|de|= 2.69e-06  lindep= 0.84
davidson 26 180  |r|= 0.000257  e= [-0.0558475   0.19210661  0.26743524  0.39143868  0.44153809  0.47039406
  0.47311548  0.53838784  0.54074674  0.5584551   0.59579589  0.5973902 ]  max|de|= 1.97e-06  lindep= 0.866
davidson 27 181  |r|= 0.000257  e= [-0.0558475   0.19210661  0.26743524  0.39143868  0.44153809  0.47039406
  0.47311548  0.53838784  0.54074674  0.55845593  0.59579589  0.5973902 ]  max|de|= 8.35e-07  lindep= 0.877
root 9 converged  |r|= 1.68e-05  e= 0.558455846261  max|de|= -8.81e-08
converge 28 182  |r|= 0.000257  e= [-0.0558475   0.19210661  0.26743524  0.39143868  0.44153809  0.47039406
  0.47311548  0.53838784  0.54074674  0.55845585  0.59579589  0.5973902 ]  max|de|= -8.81e-08
EA root 0 E = -0.05584749771138647  qpwt = 0.957818  conv = True
EA root 1 E = 0.192106609971225  qpwt = 0.957963  conv = True
EA root 2 E = 0.2674352364436685  qpwt = 0.957201  conv = True
EA root 3 E = 0.3914386797841442  qpwt = 0.974588  conv = True
EA root 4 E = 0.4415380878667521  qpwt = 0.762255  conv = True
EA root 5 E = 0.4703940551067903  qpwt = 0.964734  conv = True
EA root 6 E = 0.4731154752241376  qpwt = 0.951721  conv = True
EA root 7 E = 0.5383878398196781  qpwt = 0.949223  conv = True
EA root 8 E = 0.5407467368024034  qpwt = 0.917089  conv = True
EA root 9 E = 0.5584558462605352  qpwt = 0.879155  conv = True
EA root 10 E = 0.5957958897037126  qpwt = 0.973814  conv = True
EA root 11 E = 0.5973901958616037  qpwt = 0.898666  conv = True
    CPU time for EA-CCSD    211.05 sec, wall time    211.15 sec
