

******** <class 'pyscf.scf.hf.RHF'> flags ********
method = RHF
initial guess = minao
damping factor = 0
level shift factor = 0
DIIS = <class 'pyscf.scf.diis.CDIIS'>
DIIS start cycle = 1
DIIS space = 8
SCF tol = 1e-09
SCF gradient tol = None
max. SCF cycles = 50
direct_scf = True
direct_scf_tol = 1e-13
chkfile to save SCF result = /tmp/tmpSX80bX
max_memory 4000 MB (current use 75 MB)
Set gradient conv threshold to 3.16228e-05
Nelec from initial guess = 29.9966080764
cond(S) = 7147.62199054
E_coul = 270.214228065126
init E= -510.893063794856
    CPU time for initialize scf      1.13 sec, wall time      1.12 sec
  HOMO = -0.350568707859422  LUMO = 0.0352383078636571
  mo_energy =
[ -9.19668510e+01  -2.07945067e+01  -1.14779072e+01  -9.01444761e+00
  -6.68584310e+00  -6.67902499e+00  -6.67902499e+00  -1.79161172e+00
  -1.20684322e+00  -7.40825945e-01  -6.08349044e-01  -6.08349044e-01
  -5.49529228e-01  -3.50568708e-01  -3.50568708e-01   3.52383079e-02
   3.52383079e-02   1.03574857e-01   1.95693347e-01   2.41155541e-01
   3.24581104e-01   3.24581104e-01   3.97980279e-01   4.26057861e-01
   4.26057861e-01   4.88404556e-01   4.88404556e-01   5.05332404e-01
   6.13391959e-01   6.13391959e-01   6.82719741e-01   6.92227268e-01
   6.92227268e-01   8.50118002e-01   8.50118002e-01   8.74309137e-01
   9.63020909e-01   1.10488211e+00   1.30139768e+00   1.30139768e+00
   1.38723272e+00   1.58893023e+00   1.65822700e+00   1.65822700e+00
   1.67997675e+00   1.67997675e+00   1.71104776e+00   1.71104776e+00
   1.72953367e+00   1.72953367e+00   1.79320450e+00   1.89270724e+00
   1.89270724e+00   2.03071321e+00   2.03071321e+00   2.05619948e+00
   2.05619948e+00   2.06327491e+00   2.20888582e+00   2.20888582e+00
   2.53806348e+00   2.54512411e+00   2.54512411e+00   2.58574003e+00
   2.91463720e+00   2.91463720e+00   2.95177615e+00   3.19228688e+00
   3.19228688e+00   3.21163694e+00   3.21163694e+00   3.27452863e+00
   3.27452863e+00   3.29923046e+00   3.50889989e+00   3.50889989e+00
   3.67399362e+00   4.10809222e+00   4.10809222e+00   4.22715619e+00
   5.05362302e+00   5.44427009e+00   5.44427009e+00   5.84160233e+00
   5.84160233e+00   6.64678473e+00   6.64678473e+00   6.64779675e+00
   6.64779675e+00   6.83150027e+00   7.11593620e+00   7.11593620e+00
   7.18130206e+00   7.18130206e+00   7.37580710e+00   7.47891915e+00
   7.47891915e+00   7.70212340e+00   9.55257774e+00   9.55257774e+00
   1.00721836e+01   2.16480895e+01   2.36983389e+01   4.52444043e+01]
E_coul = 270.479183426112
cycle= 1 E= -510.265327241433  delta_E= 0.628  |g|= 0.574  |ddm|= 1.76
    CPU time for cycle= 1      0.08 sec, wall time      0.09 sec
diis-norm(errvec)=1.61772
diis-c [-2.61701094  1.        ]
  HOMO = -0.444193482399331  LUMO = 0.0641824715774675
  mo_energy =
[ -9.20292335e+01  -2.04731379e+01  -1.16822570e+01  -9.03366757e+00
  -6.71648081e+00  -6.71099548e+00  -6.71099548e+00  -1.50901681e+00
  -1.17554363e+00  -7.37899012e-01  -6.70351031e-01  -6.70351031e-01
  -6.54352943e-01  -4.44193482e-01  -4.44193482e-01   6.41824716e-02
   6.41824716e-02   1.30671582e-01   1.83288252e-01   2.48729289e-01
   2.89530084e-01   2.89530084e-01   4.15221124e-01   4.15221124e-01
   4.16221548e-01   4.56344273e-01   4.56344273e-01   5.39094453e-01
   6.26800455e-01   6.26800455e-01   6.88968115e-01   7.15001702e-01
   7.15001702e-01   7.88130321e-01   7.88130321e-01   8.84355670e-01
   1.01118103e+00   1.06820056e+00   1.28251589e+00   1.28251589e+00
   1.36186659e+00   1.53610883e+00   1.53610883e+00   1.57247732e+00
   1.69660023e+00   1.69660023e+00   1.70834530e+00   1.70834530e+00
   1.72482268e+00   1.72482268e+00   1.76603150e+00   1.88517838e+00
   1.88517838e+00   2.03952705e+00   2.03952705e+00   2.05300095e+00
   2.05300095e+00   2.05451654e+00   2.26233584e+00   2.26233584e+00
   2.54786097e+00   2.55899969e+00   2.55899969e+00   2.61462516e+00
   2.77489101e+00   2.77489101e+00   2.90988156e+00   3.04494314e+00
   3.04494314e+00   3.18508501e+00   3.18508501e+00   3.20168188e+00
   3.20168188e+00   3.46006296e+00   3.53663938e+00   3.53663938e+00
   3.62231885e+00   4.05966017e+00   4.05966017e+00   4.17801125e+00
   5.09637755e+00   5.59330761e+00   5.59330761e+00   5.96521813e+00
   5.96521813e+00   6.73024145e+00   6.73024145e+00   6.85366538e+00
   6.85366538e+00   6.92698805e+00   7.16587177e+00   7.16587177e+00
   7.31350693e+00   7.31350693e+00   7.46826360e+00   7.46826360e+00
   7.47028226e+00   7.76799583e+00   9.52833495e+00   9.52833495e+00
   1.00421197e+01   2.16098629e+01   2.35142412e+01   4.55420434e+01]
E_coul = 271.413821131441
cycle= 2 E= -510.296835691367  delta_E= -0.0315  |g|= 0.484  |ddm|= 0.487
    CPU time for cycle= 2      0.09 sec, wall time      0.09 sec
diis-norm(errvec)=1.27895
diis-c [-0.14542336  0.4370994   0.5629006 ]
  HOMO = -0.425220795465656  LUMO = 0.1049854765121
  mo_energy =
[-91.99910817 -20.68921401 -11.43555076  -9.00311082  -6.68480905
  -6.68162943  -6.68162943  -1.51550016  -1.09326687  -0.78387633
  -0.66666232  -0.66666232  -0.63689483  -0.4252208   -0.4252208
   0.10498548   0.10498548   0.15193959   0.21189909   0.25161233
   0.3184421    0.3184421    0.43231121   0.43328824   0.43328824
   0.48845543   0.48845543   0.53675654   0.64319411   0.64319411
   0.7057524    0.7057524    0.70841521   0.83904127   0.83904127
   0.89338168   0.99061994   1.12967618   1.31302101   1.31302101
   1.41681241   1.59829062   1.6483913    1.6483913    1.70947923
   1.70947923   1.73083406   1.73083406   1.74667416   1.74667416
   1.80310739   1.90947446   1.90947446   2.04907074   2.04907074
   2.06683855   2.06683855   2.08426272   2.24986997   2.24986997
   2.56601786   2.56601786   2.57108807   2.6016477    2.87933501
   2.87933501   2.96579907   3.18323508   3.18323508   3.22669465
   3.22669465   3.27668491   3.27668491   3.3708371    3.54085583
   3.54085583   3.70002067   4.12595738   4.12595738   4.2507599
   5.10941544   5.51934946   5.51934946   5.91417088   5.91417088
   6.71136808   6.71136808   6.73867739   6.73867739   6.91029011
   7.19281257   7.19281257   7.21148033   7.21148033   7.44212868
   7.49325171   7.49325171   7.74445438   9.55672603   9.55672603
  10.07698648  21.65707233  23.7305943   45.33845622]
E_coul = 271.327976882075
cycle= 3 E= -510.33868215397  delta_E= -0.0418  |g|= 0.0535  |ddm|= 0.219
    CPU time for cycle= 3      0.08 sec, wall time      0.09 sec
diis-norm(errvec)=0.130994
diis-c [-0.01010678 -0.03771641  0.0211804   1.01653601]
  HOMO = -0.419620428870227  LUMO = 0.11503074785147
  mo_energy =
[-91.9885916  -20.63559349 -11.42363748  -8.99591351  -6.67742006
  -6.67492779  -6.67492779  -1.49388433  -1.08855448  -0.76865868
  -0.65167366  -0.65167366  -0.63546322  -0.41962043  -0.41962043
   0.11503075   0.11503075   0.15606067   0.21419743   0.25397323
   0.32048842   0.32048842   0.43560945   0.43560945   0.43712175
   0.49074564   0.49074564   0.54147824   0.65026012   0.65026012
   0.70963369   0.70963369   0.71425421   0.84361085   0.84361085
   0.8980874    0.99641579   1.13524449   1.32045778   1.32045778
   1.42826192   1.60481688   1.6551491    1.6551491    1.7173967
   1.7173967    1.73687473   1.73687473   1.75124847   1.75124847
   1.80795755   1.91206219   1.91206219   2.0549386    2.0549386
   2.07066834   2.07066834   2.0911199    2.25997696   2.25997696
   2.57456158   2.57456158   2.57772812   2.61151732   2.88421392
   2.88421392   2.97292888   3.19029944   3.19029944   3.2435051
   3.2435051    3.28554197   3.28554197   3.38880137   3.55578758
   3.55578758   3.71353157   4.13712698   4.13712698   4.26469934
   5.13064472   5.53978871   5.53978871   5.93573842   5.93573842
   6.73329148   6.73329148   6.76704892   6.76704892   6.93577765
   7.1981345    7.1981345    7.23736062   7.23736062   7.46050298
   7.50116459   7.50116459   7.75995509   9.5624013    9.5624013
  10.08401602  21.66420704  23.74182681  45.38918425]
E_coul = 271.198975351939
cycle= 4 E= -510.339379917082  delta_E= -0.000698  |g|= 0.0235  |ddm|= 0.0505
    CPU time for cycle= 4      0.09 sec, wall time      0.09 sec
diis-norm(errvec)=0.060899
diis-c [-0.00108574 -0.05397873 -0.04601542  0.3116573   0.78833685]
  HOMO = -0.419766237009007  LUMO = 0.112644826755256
  mo_energy =
[-91.98362438 -20.65633433 -11.4351986   -8.99111741  -6.67279745
  -6.67024157  -6.67024157  -1.50472982  -1.08995673  -0.77773031
  -0.65945251  -0.65945251  -0.63580915  -0.41976624  -0.41976624
   0.11264483   0.11264483   0.15527569   0.21470318   0.25406479
   0.31861254   0.31861254   0.43608489   0.43641567   0.43641567
   0.4923353    0.4923353    0.53845189   0.64907312   0.64907312
   0.70791352   0.70791352   0.71267399   0.83999715   0.83999715
   0.89843669   0.99302333   1.13350025   1.31697052   1.31697052
   1.42197741   1.60063254   1.64909262   1.64909262   1.71580821
   1.71580821   1.73691102   1.73691102   1.75280532   1.75280532
   1.80971231   1.91533128   1.91533128   2.05486663   2.05486663
   2.07425566   2.07425566   2.08964122   2.25564658   2.25564658
   2.57257852   2.57257852   2.57761269   2.60735296   2.87777456
   2.87777456   2.97187034   3.18284876   3.18284876   3.23505346
   3.23505346   3.27958823   3.27958823   3.37993077   3.548891     3.548891
   3.70680996   4.13097484   4.13097484   4.25714305   5.1214321
   5.52954926   5.52954926   5.92562369   5.92562369   6.7246346
   6.7246346    6.75443714   6.75443714   6.92520215   7.20254208
   7.20254208   7.2259443    7.2259443    7.45561966   7.5032043
   7.5032043    7.75679319   9.5667161    9.5667161   10.08775185
  21.66729385  23.73193122  45.36945668]
E_coul = 271.226158514379
cycle= 5 E= -510.339512100338  delta_E= -0.000132  |g|= 0.00508  |ddm|= 0.0185
    CPU time for cycle= 5      0.08 sec, wall time      0.09 sec
diis-norm(errvec)=0.012558
diis-c [ -8.77238132e-05  -3.68069879e-03  -7.12159591e-03  -5.00410545e-02
   8.79854413e-02   9.72857908e-01]
  HOMO = -0.420702107228874  LUMO = 0.112285442984914
  mo_energy =
[-91.98964018 -20.65507123 -11.43492683  -8.9955192   -6.6773671
  -6.6747546   -6.6747546   -1.50421601  -1.09090633  -0.77733445
  -0.6588881   -0.6588881   -0.63743093  -0.42070211  -0.42070211
   0.11228544   0.11228544   0.15505271   0.2139004    0.25364033
   0.31858922   0.31858922   0.4355803    0.4358995    0.4358995
   0.49120944   0.49120944   0.53875372   0.64849982   0.64849982
   0.70769861   0.70769861   0.7120514    0.83970101   0.83970101
   0.89757231   0.99312894   1.13245449   1.31661847   1.31661847
   1.42186585   1.60039506   1.6489915    1.6489915    1.71503554
   1.71503554   1.73561366   1.73561366   1.75103677   1.75103677
   1.80775069   1.91386701   1.91386701   2.05383417   2.05383417
   2.07235486   2.07235486   2.08870755   2.25549056   2.25549056
   2.57178434   2.57178434   2.57644549   2.60708972   2.8775553
   2.8775553    2.970434     3.18274462   3.18274462   3.23529222
   3.23529222   3.27930891   3.27930891   3.38076102   3.54880751
   3.54880751   3.70663836   4.13066861   4.13066861   4.25697598
   5.12136779   5.53018374   5.53018374   5.92619922   5.92619922
   6.72447236   6.72447236   6.75533682   6.75533682   6.92548605
   7.1989921    7.1989921    7.22698889   7.22698889   7.45464039
   7.50019232   7.50019232   7.75536065   9.56300567   9.56300567
  10.08401117  21.66384316  23.73191472  45.37067846]
E_coul = 271.233186323165
cycle= 6 E= -510.339524042703  delta_E= -1.19e-05  |g|= 0.00193  |ddm|= 0.00582
    CPU time for cycle= 6      0.09 sec, wall time      0.09 sec
diis-norm(errvec)=0.00484194
diis-c [ -9.39047595e-06   6.05698996e-03   6.10264579e-03  -1.38204667e-02
  -1.18206553e-01  -1.49165265e-01   1.26903265e+00]
  HOMO = -0.420471588154671  LUMO = 0.112316567800204
  mo_energy =
[-91.98768917 -20.65546282 -11.43497628  -8.99425951  -6.67609293
  -6.67344007  -6.67344007  -1.50452842  -1.0906988   -0.77776356
  -0.65907041  -0.65907041  -0.63716862  -0.42047159  -0.42047159
   0.11231657   0.11231657   0.15503737   0.21394391   0.25371991
   0.31852634   0.31852634   0.43560184   0.43605685   0.43605685
   0.49152314   0.49152314   0.53858759   0.64858954   0.64858954
   0.70766053   0.70766053   0.71208807   0.83957792   0.83957792
   0.89771151   0.99293849   1.13253541   1.31654969   1.31654969
   1.42171316   1.6002341    1.64884745   1.64884745   1.71514225
   1.71514225   1.73595992   1.73595992   1.751439     1.751439
   1.80813079   1.91439433   1.91439433   2.05401896   2.05401896
   2.0729041    2.0729041    2.08879682   2.25534578   2.25534578
   2.57185982   2.57185982   2.57662113   2.60697484   2.87731125
   2.87731125   2.97061596   3.18254083   3.18254083   3.23506197
   3.23506197   3.2791156    3.2791156    3.38034989   3.54864041
   3.54864041   3.70652872   4.13050063   4.13050063   4.25675366
   5.1211689    5.52967051   5.52967051   5.92577013   5.92577013
   6.72429575   6.72429575   6.75485002   6.75485002   6.92520191
   7.20005201   7.20005201   7.22655987   7.22655987   7.4548082
   7.50092764   7.50092764   7.75566226   9.56410451   9.56410451
  10.08497838  21.66478846  23.73192316  45.37028112]
E_coul = 271.229278942233
cycle= 7 E= -510.339526003059  delta_E= -1.96e-06  |g|= 0.000496  |ddm|= 0.00278
    CPU time for cycle= 7      0.09 sec, wall time      0.09 sec
diis-norm(errvec)=0.00121022
diis-c [ -5.16089985e-07   5.56360106e-05  -7.36195217e-05   4.14214553e-03
  -3.19904086e-03  -6.05704800e-02  -1.33700175e-01   1.19334553e+00]
  HOMO = -0.420504281991464  LUMO = 0.112315289473942
  mo_energy =
[-91.98813274 -20.65566338 -11.43493768  -8.99446763  -6.67630779
  -6.67365564  -6.67365564  -1.50461029  -1.09075746  -0.77788546
  -0.65912933  -0.65912933  -0.63720285  -0.42050428  -0.42050428
   0.11231529   0.11231529   0.15502094   0.213929     0.25371929
   0.3185244    0.3185244    0.43557767   0.43605835   0.43605835
   0.49152195   0.49152195   0.53855693   0.64857825   0.64857825
   0.70763066   0.70763066   0.71207013   0.83956705   0.83956705
   0.89769429   0.99288653   1.13250598   1.3165301    1.3165301
   1.42169438   1.6002016    1.64885833   1.64885833   1.71509842
   1.71509842   1.73592979   1.73592979   1.75138263   1.75138263
   1.80808114   1.91441142   1.91441142   2.05399516   2.05399516
   2.07288517   2.07288517   2.08874845   2.2552845    2.2552845
   2.57181423   2.57181423   2.57659422   2.60690617   2.87731786
   2.87731786   2.97056861   3.18255701   3.18255701   3.23501532
   3.23501532   3.27909765   3.27909765   3.3802285    3.54858924
   3.54858924   3.70649071   4.13046374   4.13046374   4.25672913
   5.12108871   5.52955658   5.52955658   5.92568118   5.92568118
   6.72421111   6.72421111   6.75471092   6.75471092   6.92512846
   7.19994824   7.19994824   7.22643733   7.22643733   7.45468169
   7.50080605   7.50080605   7.75554732   9.56395561   9.56395561
  10.084809    21.66463732  23.73194385  45.37008874]
E_coul = 271.230524089059
cycle= 8 E= -510.339526153506  delta_E= -1.5e-07  |g|= 0.000122  |ddm|= 0.000911
    CPU time for cycle= 8      0.08 sec, wall time      0.09 sec
diis-norm(errvec)=0.000303676
diis-c [ -1.47909365e-08  -4.97658702e-04  -5.36884724e-04   1.37733809e-03
   8.40494385e-03   1.99534219e-02  -9.50615254e-02  -9.45892604e-02
   1.16094963e+00]
  HOMO = -0.420482761596764  LUMO = 0.112326921730621
  mo_energy =
[-91.98800069 -20.65568254 -11.43492781  -8.99438244  -6.67621812
  -6.67356703  -6.67356703  -1.50463112  -1.09072712  -0.77789624
  -0.65913448  -0.65913448  -0.63717449  -0.42048276  -0.42048276
   0.11232692   0.11232692   0.15502462   0.21393962   0.2537292
   0.31852803   0.31852803   0.43558923   0.43607111   0.43607111
   0.49155159   0.49155159   0.53855507   0.64859083   0.64859083
   0.7076337    0.7076337    0.71207923   0.83957412   0.83957412
   0.89770617   0.99288218   1.13252654   1.31653714   1.31653714
   1.42169935   1.60020353   1.648867     1.648867     1.71511347
   1.71511347   1.73596309   1.73596309   1.75142073   1.75142073
   1.80811123   1.91445319   1.91445319   2.05401582   2.05401582
   2.07292155   2.07292155   2.08876809   2.25528572   2.25528572
   2.57182859   2.57182859   2.57660866   2.60690874   2.8773279
   2.8773279    2.97059286   3.18256921   3.18256921   3.23501616
   3.23501616   3.27910584   3.27910584   3.38021445   3.54859314
   3.54859314   3.70650324   4.1304719    4.1304719    4.25672886
   5.12109111   5.52953575   5.52953575   5.92566558   5.92566558
   6.72421032   6.72421032   6.75469046   6.75469046   6.92511909
   7.20002329   7.20002329   7.22642121   7.22642121   7.45470031
   7.50086019   7.50086019   7.75557323   9.56403219   9.56403219
  10.08487933  21.66470407  23.73195874  45.37007047]
E_coul = 271.230340863898
cycle= 9 E= -510.339526159494  delta_E= -5.99e-09  |g|= 1.36e-05  |ddm|= 0.000191
    CPU time for cycle= 9      0.09 sec, wall time      0.09 sec
diis-norm(errvec)=3.34176e-05
diis-c [ -5.37663775e-10   1.01699734e+00   2.76305509e-06  -1.12190586e-04
  -1.57944240e-04   2.26206777e-03   4.04108165e-03  -3.33591881e-02
   1.03260721e-02]
  HOMO = -0.420485310085826  LUMO = 0.112323896773086
  mo_energy =
[-91.98800678 -20.65568674 -11.43492735  -8.99438839  -6.67622424
  -6.67357292  -6.67357292  -1.50463293  -1.0907302   -0.77789613
  -0.65913498  -0.65913498  -0.63717545  -0.42048531  -0.42048531
   0.1123239    0.1123239    0.15502319   0.21393852   0.2537285
   0.31852644   0.31852644   0.43558818   0.43607034   0.43607034
   0.49154972   0.49154972   0.53855383   0.64858885   0.64858885
   0.70763253   0.70763253   0.71207731   0.83957195   0.83957195
   0.89770515   0.99288123   1.13252342   1.31653467   1.31653467
   1.42169667   1.6002015    1.64886497   1.64886497   1.71511133
   1.71511133   1.7359604    1.7359604    1.75141683   1.75141683
   1.80810823   1.91445145   1.91445145   2.05401367   2.05401367
   2.07291958   2.07291958   2.08876513   2.25528382   2.25528382
   2.57182618   2.57182618   2.57660713   2.6069068    2.87732482
   2.87732482   2.97058946   3.18256639   3.18256639   3.2350131
   3.2350131    3.2791028    3.2791028    3.38021259   3.54859009
   3.54859009   3.70649905   4.1304687    4.1304687    4.25672671
   5.12108725   5.52953397   5.52953397   5.92566359   5.92566359
   6.72420776   6.72420776   6.75468801   6.75468801   6.9251173
   7.20001856   7.20001856   7.22641862   7.22641862   7.45469642
   7.50085526   7.50085526   7.75556933   9.5640273    9.5640273
  10.08487374  21.66469901  23.73195843  45.3700664 ]
E_coul = 271.230373901034
cycle= 10 E= -510.33952615956  delta_E= -6.65e-11  |g|= 3.28e-06  |ddm|= 1.97e-05
    CPU time for cycle= 10      0.09 sec, wall time      0.09 sec
  HOMO = -0.420485424795447  LUMO = 0.112323678351605
  mo_energy =
[-91.9880068  -20.65568703 -11.4349284   -8.99438791  -6.67622384
  -6.67357244  -6.67357244  -1.50463319  -1.09073028  -0.77789593
  -0.65913521  -0.65913521  -0.6371755   -0.42048542  -0.42048542
   0.11232368   0.11232368   0.15502311   0.21393844   0.25372853
   0.31852628   0.31852628   0.43558827   0.43607032   0.43607032
   0.49154978   0.49154978   0.53855383   0.64858879   0.64858879
   0.70763261   0.70763261   0.71207722   0.83957163   0.83957163
   0.89770512   0.99288137   1.13252314   1.31653443   1.31653443
   1.42169626   1.60020134   1.64886439   1.64886439   1.71511149
   1.71511149   1.73596062   1.73596062   1.751417     1.751417
   1.80810827   1.91445171   1.91445171   2.05401374   2.05401374
   2.0729198    2.0729198    2.0887651    2.25528384   2.25528384
   2.57182616   2.57182616   2.57660702   2.60690674   2.87732409
   2.87732409   2.97058929   3.18256561   3.18256561   3.23501273
   3.23501273   3.27910234   3.27910234   3.38021268   3.54858982
   3.54858982   3.70649865   4.13046834   4.13046834   4.25672627
   5.12108699   5.52953417   5.52953417   5.92566357   5.92566357
   6.72420769   6.72420769   6.75468809   6.75468809   6.92511713
   7.20001914   7.20001914   7.22641852   7.22641852   7.45469649
   7.50085558   7.50085558   7.75556941   9.56402774   9.56402774
  10.08487403  21.66469931  23.73195751  45.37006613]
E_coul = 271.23037369508
Extra cycle  E= -510.339526159564  delta_E= -4.43e-12  |g|= 1.29e-06  |ddm|= 3.19e-06
    CPU time for scf_cycle      2.07 sec, wall time      2.07 sec
    CPU time for SCF      2.07 sec, wall time      2.07 sec
converged SCF energy = -510.339526159564
RHF E = -510.33952616
RHF eps = [-91.9880068  -20.65568703 -11.4349284   -8.99438791  -6.67622384
  -6.67357244  -6.67357244  -1.50463319  -1.09073028  -0.77789593
  -0.65913521  -0.65913521  -0.6371755   -0.42048542  -0.42048542
   0.11232368   0.11232368   0.15502311   0.21393844   0.25372853
   0.31852628   0.31852628   0.43558827   0.43607032   0.43607032
   0.49154978   0.49154978   0.53855383   0.64858879   0.64858879
   0.70763261   0.70763261   0.71207722   0.83957163   0.83957163
   0.89770512   0.99288137   1.13252314   1.31653443   1.31653443
   1.42169626   1.60020134   1.64886439   1.64886439   1.71511149
   1.71511149   1.73596062   1.73596062   1.751417     1.751417
   1.80810827   1.91445171   1.91445171   2.05401374   2.05401374
   2.0729198    2.0729198    2.0887651    2.25528384   2.25528384
   2.57182616   2.57182616   2.57660702   2.60690674   2.87732409
   2.87732409   2.97058929   3.18256561   3.18256561   3.23501273
   3.23501273   3.27910234   3.27910234   3.38021268   3.54858982
   3.54858982   3.70649865   4.13046834   4.13046834   4.25672627
   5.12108699   5.52953417   5.52953417   5.92566357   5.92566357
   6.72420769   6.72420769   6.75468809   6.75468809   6.92511713
   7.20001914   7.20001914   7.22641852   7.22641852   7.45469649
   7.50085558   7.50085558   7.75556941   9.56402774   9.56402774
  10.08487403  21.66469931  23.73195751  45.37006613]
    CPU time for CCSD integral transformation     16.55 sec, wall time     16.56 sec

******** <class 'pyscf.cc.rccsd.RCCSD'> flags ********
CCSD nocc = 8, nvir = 89
frozen orbitals [0, 1, 2, 3, 4, 5, 6]
max_cycle = 50
direct = 0
conv_tol = 1e-07
conv_tol_normt = 1e-05
diis_space = 6
diis_start_cycle = 0
diis_start_energy_diff = 1e+09
max_memory 4000 MB (current use 362 MB)
Init t2, MP2 energy = -0.544604093982171
    CPU time for init mp2      0.01 sec, wall time      0.01 sec
    CPU time for vvvv-tau      0.00 sec, wall time      0.00 sec
    CPU time for vvvv [0:89]      0.15 sec, wall time      0.14 sec
    CPU time for vvvv      2.44 sec, wall time      2.44 sec
    CPU time for woooo      0.00 sec, wall time      0.00 sec
max_memory 3616 MB,  nocc,nvir = 8,89  blksize = 8,89
    CPU time for ovvv [0:8]      0.66 sec, wall time      0.67 sec
    CPU time for wOVov [0:8]      0.73 sec, wall time      0.72 sec
    CPU time for woVoV [0:8]      0.40 sec, wall time      0.41 sec
    CPU time for contract occ [0:8]      2.13 sec, wall time      2.13 sec
    CPU time for contract loop      4.57 sec, wall time      4.57 sec
    CPU time for update t1 t2      4.62 sec, wall time      4.63 sec
istep = 0  E(CCSD) = -0.525680153700127  dE = -0.525680154  norm(t1,t2) = 0.129439
    CPU time for CCSD iter      4.63 sec, wall time      4.63 sec
    CPU time for vvvv-tau      0.00 sec, wall time      0.00 sec
    CPU time for vvvv [0:89]      0.14 sec, wall time      0.13 sec
    CPU time for vvvv      2.48 sec, wall time      2.49 sec
    CPU time for woooo      0.00 sec, wall time      0.00 sec
max_memory 3616 MB,  nocc,nvir = 8,89  blksize = 8,89
    CPU time for ovvv [0:8]      0.68 sec, wall time      0.68 sec
    CPU time for wOVov [0:8]      0.73 sec, wall time      0.72 sec
    CPU time for woVoV [0:8]      0.42 sec, wall time      0.42 sec
    CPU time for contract occ [0:8]      2.17 sec, wall time      2.16 sec
    CPU time for contract loop      4.65 sec, wall time      4.65 sec
    CPU time for update t1 t2      4.70 sec, wall time      4.71 sec
DIIS for step 1
istep = 1  E(CCSD) = -0.549047953125322  dE = -0.0233677994  norm(t1,t2) = 0.0510999
    CPU time for CCSD iter      4.72 sec, wall time      4.73 sec
    CPU time for vvvv-tau      0.00 sec, wall time      0.00 sec
    CPU time for vvvv [0:89]      0.14 sec, wall time      0.14 sec
    CPU time for vvvv      2.52 sec, wall time      2.52 sec
    CPU time for woooo      0.00 sec, wall time      0.00 sec
max_memory 3616 MB,  nocc,nvir = 8,89  blksize = 8,89
    CPU time for ovvv [0:8]      0.68 sec, wall time      0.68 sec
    CPU time for wOVov [0:8]      0.75 sec, wall time      0.75 sec
    CPU time for woVoV [0:8]      0.43 sec, wall time      0.44 sec
    CPU time for contract occ [0:8]      2.21 sec, wall time      2.21 sec
    CPU time for contract loop      4.73 sec, wall time      4.74 sec
    CPU time for update t1 t2      4.78 sec, wall time      4.80 sec
diis-c [ -3.65106366e-04   1.00000000e+00]
DIIS for step 2
istep = 2  E(CCSD) = -0.54452035185616  dE = 0.00452760127  norm(t1,t2) = 0.0272856
    CPU time for CCSD iter      4.81 sec, wall time      4.81 sec
    CPU time for vvvv-tau      0.00 sec, wall time      0.00 sec
    CPU time for vvvv [0:89]      0.14 sec, wall time      0.14 sec
    CPU time for vvvv      2.62 sec, wall time      2.63 sec
    CPU time for woooo      0.00 sec, wall time      0.00 sec
max_memory 3614 MB,  nocc,nvir = 8,89  blksize = 8,89
    CPU time for ovvv [0:8]      0.69 sec, wall time      0.69 sec
    CPU time for wOVov [0:8]      0.73 sec, wall time      0.73 sec
    CPU time for woVoV [0:8]      0.41 sec, wall time      0.41 sec
    CPU time for contract occ [0:8]      2.17 sec, wall time      2.16 sec
    CPU time for contract loop      4.79 sec, wall time      4.80 sec
    CPU time for update t1 t2      4.84 sec, wall time      4.85 sec
diis-c [ -2.48328035e-05   2.60052361e-01   7.39947639e-01]
DIIS for step 3
istep = 3  E(CCSD) = -0.547267868737959  dE = -0.00274751688  norm(t1,t2) = 0.0127184
    CPU time for CCSD iter      4.86 sec, wall time      4.87 sec
    CPU time for vvvv-tau      0.00 sec, wall time      0.00 sec
    CPU time for vvvv [0:89]      0.14 sec, wall time      0.14 sec
    CPU time for vvvv      2.61 sec, wall time      2.62 sec
    CPU time for woooo      0.00 sec, wall time      0.00 sec
max_memory 3610 MB,  nocc,nvir = 8,89  blksize = 8,89
    CPU time for ovvv [0:8]      0.73 sec, wall time      0.73 sec
    CPU time for wOVov [0:8]      0.77 sec, wall time      0.77 sec
    CPU time for woVoV [0:8]      0.42 sec, wall time      0.42 sec
    CPU time for contract occ [0:8]      2.26 sec, wall time      2.26 sec
    CPU time for contract loop      4.87 sec, wall time      4.88 sec
    CPU time for update t1 t2      4.93 sec, wall time      4.94 sec
diis-c [ -1.00749626e-06  -3.18786450e-01  -4.21003679e-01   1.73979013e+00]
DIIS for step 4
istep = 4  E(CCSD) = -0.547995370988337  dE = -0.00072750225  norm(t1,t2) = 0.00434156
    CPU time for CCSD iter      4.95 sec, wall time      4.96 sec
    CPU time for vvvv-tau      0.00 sec, wall time      0.00 sec
    CPU time for vvvv [0:89]      0.14 sec, wall time      0.14 sec
    CPU time for vvvv      2.57 sec, wall time      2.58 sec
    CPU time for woooo      0.00 sec, wall time      0.00 sec
max_memory 3606 MB,  nocc,nvir = 8,89  blksize = 8,89
    CPU time for ovvv [0:8]      0.72 sec, wall time      0.72 sec
    CPU time for wOVov [0:8]      0.75 sec, wall time      0.75 sec
    CPU time for woVoV [0:8]      0.43 sec, wall time      0.43 sec
    CPU time for contract occ [0:8]      2.24 sec, wall time      2.24 sec
    CPU time for contract loop      4.81 sec, wall time      4.82 sec
    CPU time for update t1 t2      4.87 sec, wall time      4.88 sec
diis-c [ -2.35433893e-07  -9.97283108e-02  -1.40265292e-01   4.73408347e-01
   7.66585256e-01]
DIIS for step 5
istep = 5  E(CCSD) = -0.547915367429676  dE = 8.00035587e-05  norm(t1,t2) = 0.00090311
    CPU time for CCSD iter      4.89 sec, wall time      4.90 sec
    CPU time for vvvv-tau      0.00 sec, wall time      0.00 sec
    CPU time for vvvv [0:89]      0.14 sec, wall time      0.14 sec
    CPU time for vvvv      2.52 sec, wall time      2.52 sec
    CPU time for woooo      0.00 sec, wall time      0.00 sec
max_memory 3602 MB,  nocc,nvir = 8,89  blksize = 8,89
    CPU time for ovvv [0:8]      0.71 sec, wall time      0.70 sec
    CPU time for wOVov [0:8]      0.73 sec, wall time      0.74 sec
    CPU time for woVoV [0:8]      0.42 sec, wall time      0.42 sec
    CPU time for contract occ [0:8]      2.20 sec, wall time      2.20 sec
    CPU time for contract loop      4.72 sec, wall time      4.73 sec
    CPU time for update t1 t2      4.78 sec, wall time      4.79 sec
diis-c [ -1.44396791e-08   7.30359291e-02   1.01103200e-01  -3.77579439e-01
  -3.21797637e-01   1.52523795e+00]
DIIS for step 6
istep = 6  E(CCSD) = -0.547840661705876  dE = 7.47057238e-05  norm(t1,t2) = 0.000337802
    CPU time for CCSD iter      4.80 sec, wall time      4.81 sec
    CPU time for vvvv-tau      0.01 sec, wall time      0.00 sec
    CPU time for vvvv [0:89]      0.14 sec, wall time      0.14 sec
    CPU time for vvvv      2.54 sec, wall time      2.54 sec
    CPU time for woooo      0.00 sec, wall time      0.00 sec
max_memory 3597 MB,  nocc,nvir = 8,89  blksize = 8,89
    CPU time for ovvv [0:8]      0.66 sec, wall time      0.66 sec
    CPU time for wOVov [0:8]      0.72 sec, wall time      0.72 sec
    CPU time for woVoV [0:8]      0.42 sec, wall time      0.42 sec
    CPU time for contract occ [0:8]      2.13 sec, wall time      2.13 sec
    CPU time for contract loop      4.67 sec, wall time      4.67 sec
    CPU time for update t1 t2      4.73 sec, wall time      4.73 sec
diis-c [ -2.01741826e-09   7.60041004e-03   1.03162138e-02  -3.85814758e-02
  -1.13486146e-01   1.28929428e-01   1.00522157e+00]
DIIS for step 7
istep = 7  E(CCSD) = -0.54785430280321  dE = -1.36410973e-05  norm(t1,t2) = 9.70073e-05
    CPU time for CCSD iter      4.75 sec, wall time      4.75 sec
    CPU time for vvvv-tau      0.00 sec, wall time      0.00 sec
    CPU time for vvvv [0:89]      0.13 sec, wall time      0.13 sec
    CPU time for vvvv      2.53 sec, wall time      2.54 sec
    CPU time for woooo      0.00 sec, wall time      0.00 sec
max_memory 3593 MB,  nocc,nvir = 8,89  blksize = 8,89
    CPU time for ovvv [0:8]      0.69 sec, wall time      0.69 sec
    CPU time for wOVov [0:8]      0.72 sec, wall time      0.73 sec
    CPU time for woVoV [0:8]      0.41 sec, wall time      0.40 sec
    CPU time for contract occ [0:8]      2.14 sec, wall time      2.15 sec
    CPU time for contract loop      4.68 sec, wall time      4.69 sec
    CPU time for update t1 t2      4.74 sec, wall time      4.74 sec
diis-c [ -3.61344149e-10   1.14160759e+00   1.82656643e-04   2.50867874e-03
  -1.22496051e-02   3.13763992e-03  -1.35186959e-01]
DIIS for step 8
istep = 8  E(CCSD) = -0.547852033285116  dE = 2.26951809e-06  norm(t1,t2) = 3.63726e-05
    CPU time for CCSD iter      4.76 sec, wall time      4.76 sec
    CPU time for vvvv-tau      0.00 sec, wall time      0.00 sec
    CPU time for vvvv [0:89]      0.13 sec, wall time      0.13 sec
    CPU time for vvvv      2.55 sec, wall time      2.56 sec
    CPU time for woooo      0.00 sec, wall time      0.00 sec
max_memory 3591 MB,  nocc,nvir = 8,89  blksize = 8,89
    CPU time for ovvv [0:8]      0.71 sec, wall time      0.70 sec
    CPU time for wOVov [0:8]      0.75 sec, wall time      0.76 sec
    CPU time for woVoV [0:8]      0.43 sec, wall time      0.43 sec
    CPU time for contract occ [0:8]      2.23 sec, wall time      2.23 sec
    CPU time for contract loop      4.79 sec, wall time      4.80 sec
    CPU time for update t1 t2      4.85 sec, wall time      4.86 sec
diis-c [ -3.21569160e-11  -9.37090777e-02   1.31811465e+00   4.58121149e-04
   5.71545935e-03   1.94902056e-02  -2.50069360e-01]
DIIS for step 9
istep = 9  E(CCSD) = -0.547853763824363  dE = -1.73053925e-06  norm(t1,t2) = 1.76175e-05
    CPU time for CCSD iter      4.87 sec, wall time      4.88 sec
    CPU time for vvvv-tau      0.00 sec, wall time      0.00 sec
    CPU time for vvvv [0:89]      0.14 sec, wall time      0.14 sec
    CPU time for vvvv      2.57 sec, wall time      2.58 sec
    CPU time for woooo      0.00 sec, wall time      0.00 sec
max_memory 3591 MB,  nocc,nvir = 8,89  blksize = 8,89
    CPU time for ovvv [0:8]      0.71 sec, wall time      0.70 sec
    CPU time for wOVov [0:8]      0.75 sec, wall time      0.76 sec
    CPU time for woVoV [0:8]      0.43 sec, wall time      0.43 sec
    CPU time for contract occ [0:8]      2.23 sec, wall time      2.23 sec
    CPU time for contract loop      4.80 sec, wall time      4.81 sec
    CPU time for update t1 t2      4.85 sec, wall time      4.87 sec
diis-c [ -4.70562478e-12  -4.27515741e-03  -9.23534299e-02   1.09806964e+00
  -2.25679631e-03   6.21636435e-03  -5.40061698e-03]
DIIS for step 10
istep = 10  E(CCSD) = -0.547854207393444  dE = -4.43569081e-07  norm(t1,t2) = 4.58341e-06
    CPU time for CCSD iter      4.87 sec, wall time      4.89 sec
    CPU time for vvvv-tau      0.00 sec, wall time      0.00 sec
    CPU time for vvvv [0:89]      0.13 sec, wall time      0.14 sec
    CPU time for vvvv      2.55 sec, wall time      2.56 sec
    CPU time for woooo      0.00 sec, wall time      0.00 sec
max_memory 3591 MB,  nocc,nvir = 8,89  blksize = 8,89
    CPU time for ovvv [0:8]      0.69 sec, wall time      0.69 sec
    CPU time for wOVov [0:8]      0.74 sec, wall time      0.74 sec
    CPU time for woVoV [0:8]      0.42 sec, wall time      0.42 sec
    CPU time for contract occ [0:8]      2.19 sec, wall time      2.19 sec
    CPU time for contract loop      4.74 sec, wall time      4.75 sec
    CPU time for update t1 t2      4.80 sec, wall time      4.80 sec
diis-c [ -6.88810120e-13   3.73217143e-02  -1.79958802e-01  -1.91841292e-01
   1.32586048e+00  -1.55811157e-03   1.01760106e-02]
DIIS for step 11
istep = 11  E(CCSD) = -0.547854033229997  dE = 1.74163447e-07  norm(t1,t2) = 2.07741e-06
    CPU time for CCSD iter      4.82 sec, wall time      4.82 sec
    CPU time for vvvv-tau      0.00 sec, wall time      0.00 sec
    CPU time for vvvv [0:89]      0.15 sec, wall time      0.15 sec
    CPU time for vvvv      2.60 sec, wall time      2.61 sec
    CPU time for woooo      0.01 sec, wall time      0.00 sec
max_memory 3591 MB,  nocc,nvir = 8,89  blksize = 8,89
    CPU time for ovvv [0:8]      0.70 sec, wall time      0.70 sec
    CPU time for wOVov [0:8]      0.72 sec, wall time      0.72 sec
    CPU time for woVoV [0:8]      0.41 sec, wall time      0.42 sec
    CPU time for contract occ [0:8]      2.18 sec, wall time      2.19 sec
    CPU time for contract loop      4.80 sec, wall time      4.80 sec
    CPU time for update t1 t2      4.85 sec, wall time      4.85 sec
diis-c [ -5.34017275e-14   1.41155843e-02  -1.98237671e-02  -6.70037514e-02
   1.31048429e-01   9.40392473e-01   1.27103264e-03]
DIIS for step 12
istep = 12  E(CCSD) = -0.547854118026969  dE = -8.47969723e-08  norm(t1,t2) = 5.38445e-07
    CPU time for CCSD iter      4.87 sec, wall time      4.87 sec
    CPU time for CCSD     62.60 sec, wall time     62.68 sec
CCSD converged
E(CCSD) = -510.8873802775914  E_corr = -0.5478541180269694
    CPU time for EOM-CCSD shared one-electron intermediates      0.06 sec, wall time      0.07 sec
    CPU time for EOM-CCSD shared two-electron intermediates      0.35 sec, wall time      0.35 sec
    CPU time for EOM-CCSD IP intermediates      0.40 sec, wall time      0.39 sec
tol 1e-07  toloose 0.000316228
max_cycle 50  max_space 44  max_memory 2000  incore True
davidson 0 8  |r|= 0.483  e= [ 0.48843463  0.48843463  0.6961135   0.73707949  0.73707949  0.85109965
  1.12331678  1.55118513]  max|de|= 1.55  lindep=    1
davidson 1 16  |r|= 0.138  e= [ 0.41341019  0.41341019  0.59280889  0.59577621  0.59577621  0.67520111
  0.92746408  1.31143141]  max|de|= -0.24  lindep= 0.961
davidson 2 22  |r|= 0.286  e= [ 0.41270867  0.41341007  0.59220299  0.59144506  0.59577505  0.67392509
  0.91159524  1.25722938]  max|de|= -0.0542  lindep= 0.92
davidson 3 30  |r|= 0.244  e= [ 0.41306852  0.41270847  0.59241378  0.59249974  0.59144461  0.67462654
  0.89930555  1.36054809]  max|de|= 0.103  lindep= 0.885
davidson 4 38  |r|= 0.178  e= [ 0.41312974  0.41306859  0.59237718  0.59228649  0.59250015  0.67442826
  0.95806872  1.32221077]  max|de|= 0.0588  lindep= 0.928
davidson 5 8  |r|= 0.178  e= [ 0.41312974  0.41306859  0.59237718  0.59228649  0.59250015  0.67442826
  0.95806872  1.32221077]  max|de|= -4.33e-15  lindep= 0.985
davidson 6 16  |r|= 0.241  e= [ 0.41313013  0.4131241   0.59237222  0.59232833  0.59217532  0.67445153
  0.9463347   1.27549794]  max|de|= -0.0467  lindep= 0.835
davidson 7 24  |r|= 0.269  e= [ 0.41312895  0.41312424  0.59236816  0.59233753  0.59233753  0.67444825
  0.94190396  1.30890453]  max|de|= 0.0334  lindep= 0.811
davidson 8 31  |r|= 0.225  e= [ 0.4131308   0.41313284  0.59236997  0.59234816  0.59233868  0.6744556
  0.94041504  1.3057612 ]  max|de|= -0.00314  lindep= 0.516
davidson 9 39  |r|= 0.349  e= [ 0.41313053  0.41313053  0.59236983  0.59234942  0.59236376  0.67445437
  1.00042228  1.3539152 ]  max|de|= 0.06  lindep= 0.838
root 0 converged  |r|= 2.13e-06  e= 0.41313052787  max|de|= 6.33e-10
root 1 converged  |r|= 2.13e-06  e= 0.41313052787  max|de|= 6.33e-10
root 2 converged  |r|= 2.26e-06  e= 0.59236982522  max|de|= -2.44e-15
root 3 converged  |r|= 5.48e-05  e= 0.592349420717  max|de|= 1.55e-15
root 5 converged  |r|= 1.21e-05  e= 0.674454367014  max|de|= -3.11e-15
davidson 10 7  |r|= 0.349  e= [ 0.41313053  0.41313053  0.59236983  0.59234942  0.59236376  0.67445437
  1.00042228  1.3539152 ]  max|de|= 6.33e-10  lindep= 0.962
davidson 11 10  |r|= 1.05  e= [ 0.41313054  1.36918333  0.59236984  0.5923502   0.59234349  0.67445448
  0.96882747  1.69228912]  max|de|= 0.777  lindep= 0.85
davidson 12 16  |r|=  0.3  e= [ 0.41313059  0.48946705  0.59236981  0.59234718  0.59234877  0.67445419
  0.91362734  1.35012238]  max|de|= -0.88  lindep= 0.757
davidson 13 22  |r|= 0.275  e= [ 0.4131306   0.41293238  0.5923698   0.59234871  0.59234821  0.67445405
  0.88860428  1.28044521]  max|de|= -0.0697  lindep= 0.685
root 5 converged  |r|= 2.95e-07  e= 0.674454101673  max|de|= 4.67e-08
davidson 14 28  |r|= 0.186  e= [ 0.41313059  0.41280362  0.59236981  0.59234853  0.59234844  0.6744541
  0.88183382  1.21813137]  max|de|= -0.0623  lindep= 0.844
root 3 converged  |r|= 7.96e-07  e= 0.592348608427  max|de|= 7.98e-08
root 4 converged  |r|= 2.3e-06  e= 0.59234848894  max|de|= 5.22e-08
davidson 15 33  |r|= 0.266  e= [ 0.41313059  0.41309853  0.59236981  0.59234861  0.59234849  0.67445409
  0.8810398   1.32089353]  max|de|= 0.103  lindep= 0.907
davidson 16 36  |r|= 0.263  e= [ 0.41313059  0.4131346   0.59236981  0.59234861  0.59234851  0.67445408
  0.8803571   1.3514794 ]  max|de|= 0.0306  lindep= 0.93
davidson 17 39  |r|= 0.257  e= [ 0.41313059  0.41313305  0.59236982  0.59234861  0.5923485   0.67445408
  0.9612383   1.26390519]  max|de|= -0.0876  lindep= 0.893
root 1 converged  |r|= 0.000127  e= 0.413133054077  max|de|= -1.55e-15
davidson 18 8  |r|= 0.257  e= [ 0.41313059  0.41313305  0.59236982  0.59234861  0.5923485   0.67445408
  0.9612383   1.26390519]  max|de|= -3e-15  lindep= 0.987
davidson 19 10  |r|= 0.49  e= [ 0.41313059  0.41313305  0.59236982  0.59234861  0.5923485   0.67445408
  0.94795784  1.20466453]  max|de|= -0.0592  lindep= 0.807
davidson 20 12  |r|= 0.287  e= [ 0.41313059  0.41313305  0.59236981  0.59234861  0.5923485   0.67445408
  0.94310103  1.28435851]  max|de|= 0.0797  lindep= 0.895
davidson 21 14  |r|= 0.326  e= [ 0.41313059  0.41313305  0.59236981  0.59234861  0.5923485   0.67445408
  0.9389599   1.24150048]  max|de|= -0.0429  lindep= 0.844
davidson 22 16  |r|= 0.263  e= [ 0.41313059  0.41313305  0.59236981  0.59234861  0.5923485   0.67445408
  0.94364939  1.30654916]  max|de|= 0.065  lindep= 0.899
davidson 23 18  |r|= 0.243  e= [ 0.41313059  0.41313305  0.59236981  0.59234861  0.5923485   0.67445408
  0.94126293  1.26787862]  max|de|= -0.0387  lindep= 0.862
davidson 24 20  |r|= 0.297  e= [ 0.41313059  0.41313305  0.59236981  0.59234861  0.5923485   0.67445408
  0.94086229  1.32145093]  max|de|= 0.0536  lindep= 0.86
davidson 25 22  |r|= 0.174  e= [ 0.41313059  0.41313305  0.59236983  0.59234861  0.5923485   0.67445408
  0.94064691  1.28596303]  max|de|= -0.0355  lindep= 0.841
davidson 26 24  |r|= 0.331  e= [ 0.41313059  0.41313305  0.59236983  0.59234861  0.5923485   0.67445408
  0.94041996  1.29230355]  max|de|= 0.00634  lindep= 0.891
davidson 27 26  |r|= 0.179  e= [ 0.41313059  0.41313305  0.59236983  0.59234861  0.5923485   0.67445408
  0.9402418   1.29730446]  max|de|= 0.005  lindep= 0.901
davidson 28 28  |r|= 0.154  e= [ 0.41313059  0.41313305  0.59236983  0.59234861  0.5923485   0.67445408
  0.92925148  1.27440897]  max|de|= -0.0229  lindep= 0.881
davidson 29 30  |r|= 0.31  e= [ 0.41313059  0.41313305  0.59236983  0.59234861  0.5923485   0.67445408
  0.94051009  1.28880307]  max|de|= 0.0144  lindep= 0.854
davidson 30 32  |r|= 0.146  e= [ 0.41313059  0.41313305  0.59236984  0.59234861  0.5923485   0.67445408
  0.9404651   1.30184517]  max|de|= 0.013  lindep= 0.888
davidson 31 34  |r|= 0.149  e= [ 0.41313059  0.41313305  0.59236984  0.59234861  0.5923485   0.67445408
  0.94040747  1.27889483]  max|de|= -0.023  lindep= 0.857
davidson 32 36  |r|= 0.302  e= [ 0.41313059  0.41313305  0.59236984  0.59234861  0.5923485   0.67445408
  0.9403917   1.32084407]  max|de|= 0.0419  lindep=  0.9
davidson 33 38  |r|= 0.099  e= [ 0.41313059  0.41313306  0.59236984  0.59234861  0.5923485   0.67445408
  0.94038903  1.30285924]  max|de|= -0.018  lindep= 0.912
davidson 34 8  |r|= 0.099  e= [ 0.41313059  0.41313306  0.59236984  0.59234861  0.5923485   0.67445408
  0.94038903  1.30285924]  max|de|= 3.55e-15  lindep= 0.988
davidson 35 10  |r|=  0.6  e= [ 0.41313059  0.41313307  0.59236984  0.59234861  0.5923485   0.67445408
  0.94040164  1.28110828]  max|de|= -0.0218  lindep= 0.773
davidson 36 12  |r|= 0.111  e= [ 0.41313059  0.41313312  0.59236984  0.59234861  0.59234851  0.67445408
  0.94039115  1.30391008]  max|de|= 0.0228  lindep= 0.829
davidson 37 14  |r|= 0.669  e= [ 0.4131306   0.41313325  0.59236984  0.59234861  0.59234851  0.67445408
  0.94039744  1.35291419]  max|de|= 0.049  lindep=  0.8
davidson 38 17  |r|= 0.153  e= [ 0.4131306   0.41313024  0.59236984  0.59234862  0.59234853  0.67445408
  0.94039641  1.30141966]  max|de|= -0.0515  lindep= 0.823
davidson 39 20  |r|= 0.653  e= [ 0.4131306   0.41313093  0.59236984  0.59234862  0.59234852  0.67445408
  0.94040035  1.31113907]  max|de|= 0.00972  lindep= 0.748
davidson 40 23  |r|= 0.238  e= [ 0.41313059  0.41313046  0.59236984  0.59234861  0.59234854  0.67445408
  0.94040015  1.30372995]  max|de|= -0.00741  lindep= 0.736
davidson 41 26  |r|= 0.131  e= [ 0.4131306   0.41313057  0.59236984  0.59234861  0.59234853  0.67445408
  0.94039855  1.30810895]  max|de|= 0.00438  lindep= 0.847
root 1 converged  |r|= 3.76e-07  e= 0.413130573637  max|de|= 1.58e-09
davidson 42 29  |r|= 0.198  e= [ 0.4131306   0.41313057  0.59236984  0.59234861  0.59234853  0.67445408
  0.94039804  1.29569426]  max|de|= -0.0124  lindep= 0.848
davidson 43 31  |r|= 0.186  e= [ 0.4131306   0.41313057  0.59236984  0.59234861  0.59234853  0.67445408
  0.94039895  1.30453742]  max|de|= 0.00884  lindep= 0.796
davidson 44 33  |r|= 0.265  e= [ 0.41313059  0.41313057  0.59236984  0.59234861  0.59234852  0.67445408
  0.94040543  1.3141052 ]  max|de|= 0.00957  lindep= 0.771
davidson 45 35  |r|= 0.143  e= [ 0.41313059  0.41313057  0.59236984  0.59234861  0.59234852  0.67445408
  0.94039843  1.29767805]  max|de|= -0.0164  lindep= 0.782
davidson 46 37  |r|= 0.258  e= [ 0.41313059  0.41313057  0.59236984  0.59234861  0.59234852  0.67445408
  0.94039818  1.32107586]  max|de|= 0.0234  lindep= 0.844
root 6 converged  |r|= 9.95e-05  e= 0.940398180147  max|de|= 2e-15
davidson 47 8  |r|= 0.258  e= [ 0.41313059  0.41313057  0.59236984  0.59234861  0.59234852  0.67445408
  0.94039818  1.32107586]  max|de|= -3.5e-15  lindep= 0.948
davidson 48 9  |r|= 1.08  e= [ 0.41313059  0.41313057  0.59236984  0.59234861  0.59234853  0.67445408
  0.94039814  1.46133252]  max|de|= 0.14  lindep= 0.772
davidson 49 10  |r|= 0.249  e= [ 0.41313059  0.41313057  0.59236984  0.59234861  0.59234853  0.67445408
  0.94039925  1.32359856]  max|de|= -0.138  lindep= 0.863
IP root 0 E = 0.4131305863294764  qpwt = 0.957123  conv = True
IP root 1 E = 0.4131305723046609  qpwt = 0.957123  conv = True
IP root 2 E = 0.5923698388100755  qpwt = 0.931873  conv = True
IP root 3 E = 0.5923486078090957  qpwt = 0.887933  conv = True
IP root 4 E = 0.5923485309537484  qpwt = 0.887933  conv = True
IP root 5 E = 0.6744540840290598  qpwt = 0.904695  conv = True
IP root 6 E = 0.9403992525237903  qpwt = 0.440125  conv = False
IP root 7 E = 1.323598564780948  qpwt = 0.540156  conv = False
    CPU time for IP-CCSD      4.50 sec, wall time      4.51 sec
    CPU time for EOM-CCSD shared one-electron intermediates      0.06 sec, wall time      0.06 sec
    CPU time for EOM-CCSD EA intermediates     10.86 sec, wall time     10.88 sec
tol 1e-07  toloose 0.000316228
max_cycle 50  max_space 56  max_memory 2000  incore True
davidson 0 12  |r|= 0.409  e= [ 0.16842015  0.16842015  0.16594394  0.22967521  0.26976285  0.32804613
  0.32804613  0.45687948  0.44891119  0.44891119  0.51323556  0.51323556]  max|de|= 0.513  lindep=    1
davidson 1 24  |r|= 0.0739  e= [ 0.0716464   0.0716464   0.11704904  0.17751059  0.22108327  0.28691777
  0.28691777  0.37908774  0.39532036  0.39532036  0.42898296  0.42898296]  max|de|= -0.0968  lindep= 0.972
davidson 2 32  |r|= 0.0826  e= [ 0.07152662  0.06766074  0.1150694   0.17585579  0.21964009  0.28463414
  0.28686382  0.37436067  0.3952627   0.3915768   0.42898254  0.42654927]  max|de|= -0.00473  lindep= 0.916
davidson 3 44  |r|= 0.0259  e= [ 0.06767943  0.06795537  0.1149887   0.17580113  0.21960821  0.28481855
  0.2846393   0.37380392  0.39154881  0.39115609  0.42654716  0.42649613]  max|de|= -0.00385  lindep= 0.862
davidson 4 56  |r|= 0.0172  e= [ 0.06795332  0.06783418  0.11494681  0.1757749   0.21961337  0.28481493
  0.28481642  0.37358496  0.39114515  0.39092154  0.42649283  0.42631815]  max|de|= -0.000404  lindep= 0.858
davidson 5 12  |r|= 0.0172  e= [ 0.06795332  0.06783418  0.11494681  0.1757749   0.21961337  0.28481493
  0.28481642  0.37358496  0.39114515  0.39092154  0.42649283  0.42631815]  max|de|= 2.72e-15  lindep= 0.999
davidson 6 24  |r|= 0.01  e= [ 0.06780055  0.06783516  0.11495545  0.1757854   0.21961667  0.28482611
  0.28480166  0.37352471  0.39086192  0.39077268  0.42621822  0.4262363 ]  max|de|= -0.000283  lindep= 0.779
davidson 7 36  |r|= 0.00687  e= [ 0.06783322  0.0678303   0.11495329  0.17578333  0.21961628  0.28481906
  0.28482281  0.37350539  0.3907568   0.39070394  0.42614066  0.42602499]  max|de|= -0.000211  lindep= 0.73
root 2 converged  |r|= 1.84e-05  e= 0.114953297792  max|de|= 1.05e-08
root 4 converged  |r|= 2e-05  e= 0.219616336565  max|de|= 6.13e-08
davidson 8 48  |r|= 0.00346  e= [ 0.06783101  0.06783395  0.1149533   0.17578403  0.21961634  0.28482148
  0.28482916  0.37350448  0.39085779  0.39071776  0.42633037  0.42607645]  max|de|= 0.00019  lindep= 0.73
root 0 converged  |r|= 6.64e-05  e= 0.0678310101805  max|de|= 9.71e-17
root 1 converged  |r|= 1.97e-05  e= 0.0678339462985  max|de|= -6.38e-16
root 3 converged  |r|= 1.56e-05  e= 0.175784026386  max|de|= 4.72e-16
root 5 converged  |r|= 5.17e-05  e= 0.284821483702  max|de|= 1.17e-15
root 6 converged  |r|= 0.000195  e= 0.284829158688  max|de|= -1.11e-16
davidson 9 12  |r|= 0.00346  e= [ 0.06783101  0.06783395  0.1149533   0.17578403  0.21961634  0.28482148
  0.28482916  0.37350448  0.39085779  0.39071776  0.42633037  0.42607645]  max|de|= -2.05e-15  lindep= 0.864
davidson 10 17  |r|= 0.00171  e= [ 0.06783073  0.06783417  0.11495347  0.17578387  0.2196165   0.28482188
  0.28482696  0.37354246  0.39070143  0.39074876  0.42603442  0.42615534]  max|de|= -0.000296  lindep= 0.685
root 4 converged  |r|= 5.17e-06  e= 0.219616488765  max|de|= -1.32e-08
davidson 11 29  |r|= 0.00122  e= [ 0.06783388  0.06783296  0.11495359  0.1757842   0.21961649  0.28482172
  0.28482206  0.37350279  0.39072261  0.39071519  0.42614034  0.42609871]  max|de|= 0.000106  lindep= 0.754
root 2 converged  |r|= 1.26e-06  e= 0.114953494622  max|de|= -9.09e-08
davidson 12 40  |r|= 0.000713  e= [ 0.06783324  0.06783333  0.11495349  0.17578395  0.2196165   0.28482149
  0.28482109  0.37351722  0.39072898  0.39072488  0.42613355  0.42613295]  max|de|= 3.42e-05  lindep= 0.831
root 0 converged  |r|= 8.11e-07  e= 0.0678333055653  max|de|= 6.97e-08
root 1 converged  |r|= 4.02e-07  e= 0.0678332971016  max|de|= -2.81e-08
root 3 converged  |r|= 3.71e-07  e= 0.175784022377  max|de|= 6.84e-08
root 5 converged  |r|= 2.46e-06  e= 0.284821586326  max|de|= 9.33e-08
davidson 13 50  |r|= 0.000371  e= [ 0.06783331  0.0678333   0.11495347  0.17578402  0.2196165   0.28482159
  0.28482159  0.37351828  0.39073146  0.39073187  0.42611069  0.42613059]  max|de|= -2.29e-05  lindep= 0.863
root 6 converged  |r|= 7.07e-06  e= 0.284821593372  max|de|= -2.78e-16
root 7 converged  |r|= 9.32e-05  e= 0.37351828413  max|de|= 1.05e-15
root 8 converged  |r|= 0.00029  e= 0.390731458891  max|de|= -6.66e-16
root 9 converged  |r|= 0.00027  e= 0.390731872231  max|de|= 9.99e-16
davidson 14 12  |r|= 0.000371  e= [ 0.06783331  0.0678333   0.11495347  0.17578402  0.2196165   0.28482159
  0.28482159  0.37351828  0.39073146  0.39073187  0.42611069  0.42613059]  max|de|= -3.16e-15  lindep= 0.992
davidson 15 14  |r|= 0.00029  e= [ 0.06783331  0.0678333   0.11495347  0.17578402  0.2196165   0.28482159
  0.28482159  0.37351828  0.39073146  0.39073187  0.42612844  0.42611996]  max|de|= 1.78e-05  lindep= 0.845
davidson 16 16  |r|= 0.00029  e= [ 0.06783331  0.0678333   0.11495347  0.17578402  0.2196165   0.28482159
  0.28482159  0.37351828  0.39073146  0.39073187  0.42612314  0.4261206 ]  max|de|= -5.3e-06  lindep= 0.896
davidson 17 18  |r|= 0.00029  e= [ 0.06783331  0.0678333   0.11495347  0.17578402  0.2196165   0.28482159
  0.28482159  0.37351828  0.39073146  0.39073187  0.4261194   0.42612366]  max|de|= -3.74e-06  lindep= 0.879
davidson 18 20  |r|= 0.00029  e= [ 0.06783331  0.0678333   0.11495347  0.17578402  0.2196165   0.28482159
  0.28482159  0.37351828  0.39073146  0.39073187  0.42612413  0.42612159]  max|de|= 4.73e-06  lindep= 0.869
davidson 19 22  |r|= 0.00029  e= [ 0.06783331  0.0678333   0.11495347  0.17578402  0.2196165   0.28482159
  0.28482159  0.37351828  0.39073146  0.39073187  0.4261221   0.42612232]  max|de|= -2.03e-06  lindep= 0.899
root 11 converged  |r|= 7.72e-06  e= 0.426122290856  max|de|= -3.32e-08
davidson 20 24  |r|= 0.00029  e= [ 0.06783331  0.0678333   0.11495347  0.17578402  0.2196165   0.28482159
  0.28482159  0.37351828  0.39073146  0.39073187  0.42612237  0.42612229]  max|de|= 2.72e-07  lindep= 0.893
root 10 converged  |r|= 8.62e-06  e= 0.42612231735  max|de|= -5.16e-08
converge 21 25  |r|= 0.00029  e= [ 0.06783331  0.0678333   0.11495347  0.17578402  0.2196165   0.28482159
  0.28482159  0.37351828  0.39073146  0.39073187  0.42612232  0.42612229]  max|de|= -5.16e-08
EA root 0 E = 0.06783330556530086  qpwt = 0.960681  conv = True
EA root 1 E = 0.06783329710160579  qpwt = 0.960681  conv = True
EA root 2 E = 0.1149534745320121  qpwt = 0.977403  conv = True
EA root 3 E = 0.1757840223767198  qpwt = 0.972412  conv = True
EA root 4 E = 0.2196165010969284  qpwt = 0.979031  conv = True
EA root 5 E = 0.2848215863261937  qpwt = 0.976514  conv = True
EA root 6 E = 0.2848215933721354  qpwt = 0.976514  conv = True
EA root 7 E = 0.3735182841301842  qpwt = 0.9465  conv = True
EA root 8 E = 0.3907314588914607  qpwt = 0.949512  conv = True
EA root 9 E = 0.3907318722312418  qpwt = 0.949487  conv = True
EA root 10 E = 0.4261223173495948  qpwt = 0.928433  conv = True
EA root 11 E = 0.4261222912650347  qpwt = 0.928433  conv = True
    CPU time for EA-CCSD     86.36 sec, wall time     86.49 sec
