

******** <class 'pyscf.scf.hf.RHF'> flags ********
method = RHF
initial guess = minao
damping factor = 0
level shift factor = 0
DIIS = <class 'pyscf.scf.diis.CDIIS'>
DIIS start cycle = 1
DIIS space = 8
SCF tol = 1e-09
SCF gradient tol = None
max. SCF cycles = 50
direct_scf = True
direct_scf_tol = 1e-13
chkfile to save SCF result = /tmp/tmpFax7fl
max_memory 4000 MB (current use 75 MB)
Set gradient conv threshold to 3.16228e-05
Nelec from initial guess = 29.9971031934
cond(S) = 2585.4549755
E_coul = 324.762623719608
init E= -681.477535241802
    CPU time for initialize scf      0.53 sec, wall time      0.55 sec
  HOMO = -0.281458481243077  LUMO = -0.0572078906223203
  mo_energy =
[ -7.99128582e+01  -7.99128181e+01  -7.50955602e+00  -7.50643662e+00
  -5.39238931e+00  -5.38836037e+00  -5.38443147e+00  -5.38443147e+00
  -5.38394679e+00  -5.38394679e+00  -1.04959310e+00  -5.66688837e-01
  -3.08607332e-01  -3.08607332e-01  -2.81458481e-01  -5.72078906e-02
  -5.72078906e-02   1.36274252e-01   2.65597412e-01   3.00529197e-01
   3.00529197e-01   3.50300039e-01   3.68814407e-01   3.68814407e-01
   3.90455011e-01   4.00991801e-01   4.00991801e-01   4.31951272e-01
   4.31951272e-01   5.34816710e-01   5.34816710e-01   6.38712040e-01
   7.40127811e-01   7.58325595e-01   7.58325595e-01   9.89945701e-01
   1.27646379e+00   1.30040884e+00   1.30040884e+00   1.39966480e+00
   1.39966480e+00   1.44840534e+00   1.44840534e+00   1.48774733e+00
   1.48774733e+00   1.50915554e+00   1.50915554e+00   1.57138719e+00
   1.57138719e+00   1.62370816e+00   1.64654394e+00   1.64654394e+00
   1.67780615e+00   1.71096941e+00   1.71096941e+00   1.76283013e+00
   1.76283013e+00   1.79796258e+00   1.79796258e+00   1.92308942e+00
   1.92308942e+00   2.01237231e+00   2.28048318e+00   2.41981253e+00
   2.41981253e+00   2.60928481e+00   6.08457552e+00   6.10383643e+00
   6.10383643e+00   6.11189608e+00   6.11189608e+00   6.15365770e+00
   6.15365770e+00   6.27743244e+00   6.27743244e+00   6.52247341e+00
   7.83277081e+00   7.83277081e+00   7.90537772e+00   7.90537772e+00
   7.98218029e+00   8.31008036e+00   1.33775495e+01   1.53473426e+01]
E_coul = 323.495804414508
cycle= 1 E= -681.471506433055  delta_E= 0.00603  |g|= 0.148  |ddm|= 1.48
    CPU time for cycle= 1      0.04 sec, wall time      0.04 sec
diis-norm(errvec)=0.319221
diis-c [-0.10190227  1.        ]
  HOMO = -0.381869638167318  LUMO = 0.0113368641532895
  mo_energy =
[ -8.00129609e+01  -8.00129493e+01  -7.54488872e+00  -7.54419771e+00
  -5.43702878e+00  -5.43561826e+00  -5.43561826e+00  -5.43536907e+00
  -5.43536907e+00  -5.43470117e+00  -9.17371317e-01  -6.17390403e-01
  -4.11018008e-01  -3.81869638e-01  -3.81869638e-01   1.13368642e-02
   1.13368642e-02   1.53336297e-01   2.67154328e-01   2.98902399e-01
   2.98902399e-01   3.58495650e-01   3.62205511e-01   3.62205511e-01
   3.80585031e-01   4.08096511e-01   4.08096511e-01   4.31685097e-01
   4.31685097e-01   5.35492584e-01   5.35492584e-01   6.40546139e-01
   7.39110271e-01   7.62233235e-01   7.62233235e-01   1.00269719e+00
   1.29267557e+00   1.31105867e+00   1.31105867e+00   1.40317505e+00
   1.40317505e+00   1.43660055e+00   1.43660055e+00   1.47620474e+00
   1.47620474e+00   1.50163891e+00   1.50163891e+00   1.57049845e+00
   1.57049845e+00   1.62064525e+00   1.63808518e+00   1.63808518e+00
   1.66716726e+00   1.69694756e+00   1.69694756e+00   1.75470110e+00
   1.75470110e+00   1.80278355e+00   1.80278355e+00   1.92194451e+00
   1.92194451e+00   2.02359961e+00   2.27583262e+00   2.42076159e+00
   2.42076159e+00   2.62199907e+00   6.06327502e+00   6.07496437e+00
   6.07496437e+00   6.07835146e+00   6.07835146e+00   6.11710697e+00
   6.11710697e+00   6.25428638e+00   6.25428638e+00   6.49879319e+00
   7.79296845e+00   7.79296845e+00   7.86557672e+00   7.86557672e+00
   7.95268514e+00   8.28913153e+00   1.33444423e+01   1.53173096e+01]
E_coul = 324.453219302309
cycle= 2 E= -681.479143724818  delta_E= -0.00764  |g|= 0.0468  |ddm|= 0.166
    CPU time for cycle= 2      0.04 sec, wall time      0.04 sec
diis-norm(errvec)=0.0948534
diis-c [-0.00863059 -0.06688492  1.06688492]
  HOMO = -0.366498238945389  LUMO = 0.0243940627723216
  mo_energy =
[ -7.99549746e+01  -7.99549630e+01  -7.50533598e+00  -7.50462638e+00
  -5.39707316e+00  -5.39591317e+00  -5.39591317e+00  -5.39565865e+00
  -5.39565865e+00  -5.39468326e+00  -8.94806228e-01  -6.03987794e-01
  -4.01821112e-01  -3.66498239e-01  -3.66498239e-01   2.43940628e-02
   2.43940628e-02   1.61232475e-01   2.76148142e-01   3.07083199e-01
   3.07083199e-01   3.68841936e-01   3.74654272e-01   3.74654272e-01
   3.86881338e-01   4.15423818e-01   4.15423818e-01   4.42820572e-01
   4.42820572e-01   5.46267592e-01   5.46267592e-01   6.49720563e-01
   7.52245879e-01   7.73827072e-01   7.73827072e-01   1.01657597e+00
   1.31265767e+00   1.33082725e+00   1.33082725e+00   1.42084119e+00
   1.42084119e+00   1.45384396e+00   1.45384396e+00   1.49434488e+00
   1.49434488e+00   1.51553906e+00   1.51553906e+00   1.58977926e+00
   1.58977926e+00   1.63970853e+00   1.65133995e+00   1.65133995e+00
   1.68245584e+00   1.71295231e+00   1.71295231e+00   1.77243647e+00
   1.77243647e+00   1.82305263e+00   1.82305263e+00   1.93689601e+00
   1.93689601e+00   2.04516454e+00   2.29190448e+00   2.43658361e+00
   2.43658361e+00   2.64467808e+00   6.09661149e+00   6.10529679e+00
   6.10529679e+00   6.11082321e+00   6.11082321e+00   6.14733421e+00
   6.14733421e+00   6.28700667e+00   6.28700667e+00   6.53126451e+00
   7.82593072e+00   7.82593072e+00   7.89850887e+00   7.89850887e+00
   7.98685921e+00   8.32512118e+00   1.33784974e+01   1.53520321e+01]
E_coul = 324.193040501104
cycle= 3 E= -681.479928289357  delta_E= -0.000785  |g|= 0.0172  |ddm|= 0.0764
    CPU time for cycle= 3      0.04 sec, wall time      0.04 sec
diis-norm(errvec)=0.040513
diis-c [ -7.32736371e-04  -9.77174983e-02   1.87423090e-01   9.10294408e-01]
  HOMO = -0.369292685888332  LUMO = 0.0234328520250813
  mo_energy =
[ -7.99674386e+01  -7.99674270e+01  -7.51302125e+00  -7.51231351e+00
  -5.40528583e+00  -5.40396389e+00  -5.40396389e+00  -5.40370680e+00
  -5.40370680e+00  -5.40289733e+00  -8.98849521e-01  -6.05251815e-01
  -4.05800438e-01  -3.69292686e-01  -3.69292686e-01   2.34328520e-02
   2.34328520e-02   1.61444877e-01   2.74231146e-01   3.05402751e-01
   3.05402751e-01   3.67516561e-01   3.72260677e-01   3.72260677e-01
   3.85779713e-01   4.14472375e-01   4.14472375e-01   4.41531202e-01
   4.41531202e-01   5.44571512e-01   5.44571512e-01   6.48597504e-01
   7.50997519e-01   7.72386064e-01   7.72386064e-01   1.01453867e+00
   1.30889877e+00   1.32719054e+00   1.32719054e+00   1.41728322e+00
   1.41728322e+00   1.45102068e+00   1.45102068e+00   1.49064530e+00
   1.49064530e+00   1.51267617e+00   1.51267617e+00   1.58691648e+00
   1.58691648e+00   1.63768343e+00   1.64862992e+00   1.64862992e+00
   1.68160062e+00   1.71068102e+00   1.71068102e+00   1.76922213e+00
   1.76922213e+00   1.81997512e+00   1.81997512e+00   1.93475971e+00
   1.93475971e+00   2.04117637e+00   2.29086068e+00   2.43479125e+00
   2.43479125e+00   2.64120505e+00   6.09073943e+00   6.09886497e+00
   6.09886497e+00   6.10492149e+00   6.10492149e+00   6.14092147e+00
   6.14092147e+00   6.28102292e+00   6.28102292e+00   6.52580711e+00
   7.81926535e+00   7.81926535e+00   7.89181557e+00   7.89181557e+00
   7.98068654e+00   8.31809144e+00   1.33721576e+01   1.53457648e+01]
E_coul = 324.258157227998
cycle= 4 E= -681.480017200651  delta_E= -8.89e-05  |g|= 0.00285  |ddm|= 0.0174
    CPU time for cycle= 4      0.04 sec, wall time      0.04 sec
diis-norm(errvec)=0.00618125
diis-c [ -1.10503361e-05  -2.64880262e-04  -2.60069617e-02  -1.26156648e-01
   1.15242849e+00]
  HOMO = -0.369783539582579  LUMO = 0.0231334311182328
  mo_energy =
[ -7.99702873e+01  -7.99702757e+01  -7.51490301e+00  -7.51419572e+00
  -5.40724056e+00  -5.40593722e+00  -5.40593722e+00  -5.40567943e+00
  -5.40567943e+00  -5.40485286e+00  -8.99301524e-01  -6.05702353e-01
  -4.06770615e-01  -3.69783540e-01  -3.69783540e-01   2.31334311e-02
   2.31334311e-02   1.61422125e-01   2.73941517e-01   3.05127253e-01
   3.05127253e-01   3.66976122e-01   3.71781336e-01   3.71781336e-01
   3.85344848e-01   4.14228237e-01   4.14228237e-01   4.41067261e-01
   4.41067261e-01   5.44104566e-01   5.44104566e-01   6.48335934e-01
   7.50591975e-01   7.71970206e-01   7.71970206e-01   1.01415092e+00
   1.30839263e+00   1.32659049e+00   1.32659049e+00   1.41663223e+00
   1.41663223e+00   1.45018678e+00   1.45018678e+00   1.48973508e+00
   1.48973508e+00   1.51200378e+00   1.51200378e+00   1.58616022e+00
   1.58616022e+00   1.63698351e+00   1.64793439e+00   1.64793439e+00
   1.68093803e+00   1.70991390e+00   1.70991390e+00   1.76844969e+00
   1.76844969e+00   1.81930360e+00   1.81930360e+00   1.93417122e+00
   1.93417122e+00   2.04049593e+00   2.29032295e+00   2.43425982e+00
   2.43425982e+00   2.64057225e+00   6.08934579e+00   6.09722716e+00
   6.09722716e+00   6.10346760e+00   6.10346760e+00   6.13928538e+00
   6.13928538e+00   6.27957122e+00   6.27957122e+00   6.52438114e+00
   7.81761890e+00   7.81761890e+00   7.89016854e+00   7.89016854e+00
   7.97916021e+00   8.31662083e+00   1.33706287e+01   1.53442301e+01]
E_coul = 324.26385820191
cycle= 5 E= -681.480021124033  delta_E= -3.92e-06  |g|= 0.000577  |ddm|= 0.00499
    CPU time for cycle= 5      0.05 sec, wall time      0.04 sec
diis-norm(errvec)=0.00126691
diis-c [ -7.33437194e-07   3.62312832e-03  -3.52143427e-03  -2.82678924e-02
  -5.58501565e-02   1.08401635e+00]
  HOMO = -0.369855957134014  LUMO = 0.0231333533945838
  mo_energy =
[ -7.99700408e+01  -7.99700292e+01  -7.51486064e+00  -7.51415318e+00
  -5.40718618e+00  -5.40589186e+00  -5.40589186e+00  -5.40563393e+00
  -5.40563393e+00  -5.40479843e+00  -8.99371318e-01  -6.05694910e-01
  -4.06807175e-01  -3.69855957e-01  -3.69855957e-01   2.31333534e-02
   2.31333534e-02   1.61431417e-01   2.73930261e-01   3.05083207e-01
   3.05083207e-01   3.66945645e-01   3.71726109e-01   3.71726109e-01
   3.85332870e-01   4.14211857e-01   4.14211857e-01   4.41055376e-01
   4.41055376e-01   5.44071402e-01   5.44071402e-01   6.48321516e-01
   7.50594450e-01   7.71949919e-01   7.71949919e-01   1.01413439e+00
   1.30831867e+00   1.32651903e+00   1.32651903e+00   1.41655215e+00
   1.41655215e+00   1.45015199e+00   1.45015199e+00   1.48967471e+00
   1.48967471e+00   1.51193667e+00   1.51193667e+00   1.58613375e+00
   1.58613375e+00   1.63699367e+00   1.64787201e+00   1.64787201e+00
   1.68098370e+00   1.70989776e+00   1.70989776e+00   1.76840254e+00
   1.76840254e+00   1.81926269e+00   1.81926269e+00   1.93413646e+00
   1.93413646e+00   2.04043109e+00   2.29036176e+00   2.43424913e+00
   2.43424913e+00   2.64052499e+00   6.08934023e+00   6.09720275e+00
   6.09720275e+00   6.10346112e+00   6.10346112e+00   6.13926080e+00
   6.13926080e+00   6.27955923e+00   6.27955923e+00   6.52438817e+00
   7.81763019e+00   7.81763019e+00   7.89017810e+00   7.89017810e+00
   7.97919654e+00   8.31662059e+00   1.33706457e+01   1.53442477e+01]
E_coul = 324.26392964262
cycle= 6 E= -681.480021235308  delta_E= -1.11e-07  |g|= 0.000116  |ddm|= 0.000764
    CPU time for cycle= 6      0.04 sec, wall time      0.04 sec
diis-norm(errvec)=0.000353185
diis-c [ -4.14573858e-08  -6.72066521e-04   1.56820098e-03   1.80948685e-02
  -6.94806190e-02  -2.72391297e-01   1.32288091e+00]
  HOMO = -0.36983027310204  LUMO = 0.0231665359420544
  mo_energy =
[ -7.99700302e+01  -7.99700186e+01  -7.51481181e+00  -7.51410441e+00
  -5.40713742e+00  -5.40584460e+00  -5.40584460e+00  -5.40558668e+00
  -5.40558668e+00  -5.40474987e+00  -8.99322220e-01  -6.05669469e-01
  -4.06767507e-01  -3.69830273e-01  -3.69830273e-01   2.31665359e-02
   2.31665359e-02   1.61441810e-01   2.73967469e-01   3.05098389e-01
   3.05098389e-01   3.66964739e-01   3.71758175e-01   3.71758175e-01
   3.85346961e-01   4.14226323e-01   4.14226323e-01   4.41082565e-01
   4.41082565e-01   5.44099433e-01   5.44099433e-01   6.48341061e-01
   7.50626631e-01   7.71976659e-01   7.71976659e-01   1.01416730e+00
   1.30836315e+00   1.32656120e+00   1.32656120e+00   1.41659115e+00
   1.41659115e+00   1.45019457e+00   1.45019457e+00   1.48971582e+00
   1.48971582e+00   1.51197323e+00   1.51197323e+00   1.58617458e+00
   1.58617458e+00   1.63703837e+00   1.64790710e+00   1.64790710e+00
   1.68102075e+00   1.70993239e+00   1.70993239e+00   1.76843942e+00
   1.76843942e+00   1.81931042e+00   1.81931042e+00   1.93417492e+00
   1.93417492e+00   2.04047217e+00   2.29039883e+00   2.43428939e+00
   2.43428939e+00   2.64057350e+00   6.08939378e+00   6.09725722e+00
   6.09725722e+00   6.10351556e+00   6.10351556e+00   6.13931508e+00
   6.13931508e+00   6.27961451e+00   6.27961451e+00   6.52444281e+00
   7.81767707e+00   7.81767707e+00   7.89022470e+00   7.89022470e+00
   7.97924533e+00   8.31666789e+00   1.33706932e+01   1.53442962e+01]
E_coul = 324.263781829496
cycle= 7 E= -681.480021247465  delta_E= -1.22e-08  |g|= 2.19e-05  |ddm|= 0.000295
    CPU time for cycle= 7      0.04 sec, wall time      0.04 sec
diis-norm(errvec)=5.15253e-05
diis-c [ -5.50523155e-10  -1.51347192e-04   8.30960668e-05   8.60010535e-05
   9.05955238e-03  -2.67200163e-02  -1.32210676e-01   1.14985339e+00]
  HOMO = -0.369833123775371  LUMO = 0.0231657698947515
  mo_energy =
[ -7.99700244e+01  -7.99700128e+01  -7.51481518e+00  -7.51410778e+00
  -5.40714072e+00  -5.40584727e+00  -5.40584727e+00  -5.40558936e+00
  -5.40558936e+00  -5.40475316e+00  -8.99324987e-01  -6.05671974e-01
  -4.06766450e-01  -3.69833124e-01  -3.69833124e-01   2.31657699e-02
   2.31657699e-02   1.61439538e-01   2.73968682e-01   3.05096601e-01
   3.05096601e-01   3.66962647e-01   3.71757371e-01   3.71757371e-01
   3.85345902e-01   4.14225170e-01   4.14225170e-01   4.41080553e-01
   4.41080553e-01   5.44098496e-01   5.44098496e-01   6.48339909e-01
   7.50624444e-01   7.71974647e-01   7.71974647e-01   1.01416600e+00
   1.30836084e+00   1.32655838e+00   1.32655838e+00   1.41658896e+00
   1.41658896e+00   1.45019187e+00   1.45019187e+00   1.48971323e+00
   1.48971323e+00   1.51197215e+00   1.51197215e+00   1.58617075e+00
   1.58617075e+00   1.63703432e+00   1.64790598e+00   1.64790598e+00
   1.68101729e+00   1.70992963e+00   1.70992963e+00   1.76843705e+00
   1.76843705e+00   1.81930768e+00   1.81930768e+00   1.93417293e+00
   1.93417293e+00   2.04046898e+00   2.29039520e+00   2.43428689e+00
   2.43428689e+00   2.64057009e+00   6.08938821e+00   6.09725353e+00
   6.09725353e+00   6.10351052e+00   6.10351052e+00   6.13931140e+00
   6.13931140e+00   6.27960952e+00   6.27960952e+00   6.52443729e+00
   7.81767448e+00   7.81767448e+00   7.89022211e+00   7.89022211e+00
   7.97924159e+00   8.31666389e+00   1.33706896e+01   1.53442921e+01]
E_coul = 324.263788752451
cycle= 8 E= -681.480021247775  delta_E= -3.1e-10  |g|= 3.67e-06  |ddm|= 4.45e-05
    CPU time for cycle= 8      0.04 sec, wall time      0.04 sec
  HOMO = -0.369833813941115  LUMO = 0.0231652254024947
  mo_energy =
[ -7.99700272e+01  -7.99700156e+01  -7.51481701e+00  -7.51410962e+00
  -5.40714252e+00  -5.40584911e+00  -5.40584911e+00  -5.40559120e+00
  -5.40559120e+00  -5.40475495e+00  -8.99325804e-01  -6.05672380e-01
  -4.06766668e-01  -3.69833814e-01  -3.69833814e-01   2.31652254e-02
   2.31652254e-02   1.61439207e-01   2.73968364e-01   3.05096121e-01
   3.05096121e-01   3.66962259e-01   3.71756808e-01   3.71756808e-01
   3.85345704e-01   4.14224805e-01   4.14224805e-01   4.41079973e-01
   4.41079973e-01   5.44097943e-01   5.44097943e-01   6.48339502e-01
   7.50623866e-01   7.71974108e-01   7.71974108e-01   1.01416562e+00
   1.30836023e+00   1.32655770e+00   1.32655770e+00   1.41658825e+00
   1.41658825e+00   1.45019098e+00   1.45019098e+00   1.48971236e+00
   1.48971236e+00   1.51197145e+00   1.51197145e+00   1.58616994e+00
   1.58616994e+00   1.63703346e+00   1.64790527e+00   1.64790527e+00
   1.68101654e+00   1.70992875e+00   1.70992875e+00   1.76843620e+00
   1.76843620e+00   1.81930685e+00   1.81930685e+00   1.93417221e+00
   1.93417221e+00   2.04046828e+00   2.29039452e+00   2.43428619e+00
   2.43428619e+00   2.64056931e+00   6.08938678e+00   6.09725210e+00
   6.09725210e+00   6.10350908e+00   6.10350908e+00   6.13930998e+00
   6.13930998e+00   6.27960809e+00   6.27960809e+00   6.52443581e+00
   7.81767293e+00   7.81767293e+00   7.89022057e+00   7.89022057e+00
   7.97924009e+00   8.31666245e+00   1.33706880e+01   1.53442906e+01]
E_coul = 324.263794820313
Extra cycle  E= -681.480021247781  delta_E= -6.03e-12  |g|= 1.16e-06  |ddm|= 6.81e-06
    CPU time for scf_cycle      0.90 sec, wall time      0.93 sec
    CPU time for SCF      0.90 sec, wall time      1.03 sec
converged SCF energy = -681.480021247781
RHF E = -681.480021248
RHF eps = [ -7.99700272e+01  -7.99700156e+01  -7.51481701e+00  -7.51410962e+00
  -5.40714252e+00  -5.40584911e+00  -5.40584911e+00  -5.40559120e+00
  -5.40559120e+00  -5.40475495e+00  -8.99325804e-01  -6.05672380e-01
  -4.06766668e-01  -3.69833814e-01  -3.69833814e-01   2.31652254e-02
   2.31652254e-02   1.61439207e-01   2.73968364e-01   3.05096121e-01
   3.05096121e-01   3.66962259e-01   3.71756808e-01   3.71756808e-01
   3.85345704e-01   4.14224805e-01   4.14224805e-01   4.41079973e-01
   4.41079973e-01   5.44097943e-01   5.44097943e-01   6.48339502e-01
   7.50623866e-01   7.71974108e-01   7.71974108e-01   1.01416562e+00
   1.30836023e+00   1.32655770e+00   1.32655770e+00   1.41658825e+00
   1.41658825e+00   1.45019098e+00   1.45019098e+00   1.48971236e+00
   1.48971236e+00   1.51197145e+00   1.51197145e+00   1.58616994e+00
   1.58616994e+00   1.63703346e+00   1.64790527e+00   1.64790527e+00
   1.68101654e+00   1.70992875e+00   1.70992875e+00   1.76843620e+00
   1.76843620e+00   1.81930685e+00   1.81930685e+00   1.93417221e+00
   1.93417221e+00   2.04046828e+00   2.29039452e+00   2.43428619e+00
   2.43428619e+00   2.64056931e+00   6.08938678e+00   6.09725210e+00
   6.09725210e+00   6.10350908e+00   6.10350908e+00   6.13930998e+00
   6.13930998e+00   6.27960809e+00   6.27960809e+00   6.52443581e+00
   7.81767293e+00   7.81767293e+00   7.89022057e+00   7.89022057e+00
   7.97924009e+00   8.31666245e+00   1.33706880e+01   1.53442906e+01]
    CPU time for CCSD integral transformation      5.35 sec, wall time      5.34 sec

******** <class 'pyscf.cc.rccsd.RCCSD'> flags ********
CCSD nocc = 5, nvir = 69
frozen orbitals [0, 1, 2, 3, 4, 5, 6, 7, 8, 9]
max_cycle = 200
direct = 0
conv_tol = 1e-07
conv_tol_normt = 1e-05
diis_space = 6
diis_start_cycle = 0
diis_start_energy_diff = 1e+09
max_memory 4000 MB (current use 186 MB)
Init t2, MP2 energy = -0.27877673992701
    CPU time for init mp2      0.00 sec, wall time      0.00 sec
    CPU time for vvvv-tau      0.00 sec, wall time      0.00 sec
    CPU time for vvvv [0:69]      0.07 sec, wall time      0.06 sec
    CPU time for vvvv      0.43 sec, wall time      0.43 sec
    CPU time for woooo      0.00 sec, wall time      0.00 sec
max_memory 3808 MB,  nocc,nvir = 5,69  blksize = 5,69
    CPU time for ovvv [0:5]      0.11 sec, wall time      0.11 sec
    CPU time for wOVov [0:5]      0.10 sec, wall time      0.10 sec
    CPU time for woVoV [0:5]      0.05 sec, wall time      0.05 sec
    CPU time for contract occ [0:5]      0.30 sec, wall time      0.29 sec
    CPU time for contract loop      0.73 sec, wall time      0.72 sec
    CPU time for update t1 t2      0.74 sec, wall time      0.74 sec
istep = 0  E(CCSD) = -0.281664949793013  dE = -0.28166495  norm(t1,t2) = 0.105137
    CPU time for CCSD iter      0.74 sec, wall time      0.74 sec
    CPU time for vvvv-tau      0.00 sec, wall time      0.00 sec
    CPU time for vvvv [0:69]      0.06 sec, wall time      0.06 sec
    CPU time for vvvv      0.44 sec, wall time      0.43 sec
    CPU time for woooo      0.00 sec, wall time      0.00 sec
max_memory 3808 MB,  nocc,nvir = 5,69  blksize = 5,69
    CPU time for ovvv [0:5]      0.10 sec, wall time      0.10 sec
    CPU time for wOVov [0:5]      0.10 sec, wall time      0.10 sec
    CPU time for woVoV [0:5]      0.04 sec, wall time      0.05 sec
    CPU time for contract occ [0:5]      0.28 sec, wall time      0.29 sec
    CPU time for contract loop      0.72 sec, wall time      0.72 sec
    CPU time for update t1 t2      0.73 sec, wall time      0.73 sec
DIIS for step 1
istep = 1  E(CCSD) = -0.29345964821971  dE = -0.0117946984  norm(t1,t2) = 0.0355371
    CPU time for CCSD iter      0.74 sec, wall time      0.74 sec
    CPU time for vvvv-tau      0.00 sec, wall time      0.00 sec
    CPU time for vvvv [0:69]      0.06 sec, wall time      0.05 sec
    CPU time for vvvv      0.43 sec, wall time      0.43 sec
    CPU time for woooo      0.00 sec, wall time      0.00 sec
max_memory 3809 MB,  nocc,nvir = 5,69  blksize = 5,69
    CPU time for ovvv [0:5]      0.11 sec, wall time      0.11 sec
    CPU time for wOVov [0:5]      0.10 sec, wall time      0.10 sec
    CPU time for woVoV [0:5]      0.04 sec, wall time      0.05 sec
    CPU time for contract occ [0:5]      0.29 sec, wall time      0.29 sec
    CPU time for contract loop      0.72 sec, wall time      0.72 sec
    CPU time for update t1 t2      0.73 sec, wall time      0.73 sec
diis-c [ -1.13645573e-04   1.00000000e+00]
DIIS for step 2
istep = 2  E(CCSD) = -0.293940141148675  dE = -0.000480492929  norm(t1,t2) = 0.0166541
    CPU time for CCSD iter      0.74 sec, wall time      0.74 sec
    CPU time for vvvv-tau      0.00 sec, wall time      0.00 sec
    CPU time for vvvv [0:69]      0.06 sec, wall time      0.05 sec
    CPU time for vvvv      0.43 sec, wall time      0.43 sec
    CPU time for woooo      0.00 sec, wall time      0.00 sec
max_memory 3808 MB,  nocc,nvir = 5,69  blksize = 5,69
    CPU time for ovvv [0:5]      0.11 sec, wall time      0.11 sec
    CPU time for wOVov [0:5]      0.10 sec, wall time      0.10 sec
    CPU time for woVoV [0:5]      0.05 sec, wall time      0.05 sec
    CPU time for contract occ [0:5]      0.30 sec, wall time      0.29 sec
    CPU time for contract loop      0.73 sec, wall time      0.72 sec
    CPU time for update t1 t2      0.74 sec, wall time      0.74 sec
diis-c [ -3.04063601e-05  -3.69818950e-01   1.36981895e+00]
DIIS for step 3
istep = 3  E(CCSD) = -0.295782439002627  dE = -0.00184229785  norm(t1,t2) = 0.00807989
    CPU time for CCSD iter      0.74 sec, wall time      0.74 sec
    CPU time for vvvv-tau      0.00 sec, wall time      0.00 sec
    CPU time for vvvv [0:69]      0.05 sec, wall time      0.05 sec
    CPU time for vvvv      0.43 sec, wall time      0.43 sec
    CPU time for woooo      0.00 sec, wall time      0.00 sec
max_memory 3807 MB,  nocc,nvir = 5,69  blksize = 5,69
    CPU time for ovvv [0:5]      0.11 sec, wall time      0.11 sec
    CPU time for wOVov [0:5]      0.10 sec, wall time      0.10 sec
    CPU time for woVoV [0:5]      0.04 sec, wall time      0.05 sec
    CPU time for contract occ [0:5]      0.29 sec, wall time      0.29 sec
    CPU time for contract loop      0.72 sec, wall time      0.73 sec
    CPU time for update t1 t2      0.74 sec, wall time      0.74 sec
diis-c [ -8.76520139e-07  -2.26429762e-01   2.39031573e-02   1.20252660e+00]
DIIS for step 4
istep = 4  E(CCSD) = -0.295950904342188  dE = -0.00016846534  norm(t1,t2) = 0.00326083
    CPU time for CCSD iter      0.75 sec, wall time      0.75 sec
    CPU time for vvvv-tau      0.00 sec, wall time      0.00 sec
    CPU time for vvvv [0:69]      0.05 sec, wall time      0.05 sec
    CPU time for vvvv      0.43 sec, wall time      0.43 sec
    CPU time for woooo      0.00 sec, wall time      0.00 sec
max_memory 3806 MB,  nocc,nvir = 5,69  blksize = 5,69
    CPU time for ovvv [0:5]      0.10 sec, wall time      0.10 sec
    CPU time for wOVov [0:5]      0.10 sec, wall time      0.10 sec
    CPU time for woVoV [0:5]      0.05 sec, wall time      0.05 sec
    CPU time for contract occ [0:5]      0.29 sec, wall time      0.29 sec
    CPU time for contract loop      0.72 sec, wall time      0.72 sec
    CPU time for update t1 t2      0.73 sec, wall time      0.74 sec
diis-c [ -3.88663323e-08   1.74533378e-01  -1.36423133e-01  -6.54936994e-01
   1.61682675e+00]
DIIS for step 5
istep = 5  E(CCSD) = -0.295890645226622  dE = 6.02591156e-05  norm(t1,t2) = 0.000673861
    CPU time for CCSD iter      0.74 sec, wall time      0.74 sec
    CPU time for vvvv-tau      0.00 sec, wall time      0.00 sec
    CPU time for vvvv [0:69]      0.05 sec, wall time      0.06 sec
    CPU time for vvvv      0.44 sec, wall time      0.44 sec
    CPU time for woooo      0.00 sec, wall time      0.00 sec
max_memory 3805 MB,  nocc,nvir = 5,69  blksize = 5,69
    CPU time for ovvv [0:5]      0.11 sec, wall time      0.11 sec
    CPU time for wOVov [0:5]      0.09 sec, wall time      0.10 sec
    CPU time for woVoV [0:5]      0.05 sec, wall time      0.05 sec
    CPU time for contract occ [0:5]      0.29 sec, wall time      0.29 sec
    CPU time for contract loop      0.73 sec, wall time      0.73 sec
    CPU time for update t1 t2      0.74 sec, wall time      0.75 sec
diis-c [ -5.81843371e-09  -3.45880423e-03   2.46225144e-03   1.22610604e-02
  -1.72230427e-01   1.16096592e+00]
DIIS for step 6
istep = 6  E(CCSD) = -0.295902952937513  dE = -1.23077109e-05  norm(t1,t2) = 0.00013604
    CPU time for CCSD iter      0.74 sec, wall time      0.75 sec
    CPU time for vvvv-tau      0.00 sec, wall time      0.00 sec
    CPU time for vvvv [0:69]      0.06 sec, wall time      0.05 sec
    CPU time for vvvv      0.44 sec, wall time      0.43 sec
    CPU time for woooo      0.00 sec, wall time      0.00 sec
max_memory 3804 MB,  nocc,nvir = 5,69  blksize = 5,69
    CPU time for ovvv [0:5]      0.11 sec, wall time      0.11 sec
    CPU time for wOVov [0:5]      0.09 sec, wall time      0.10 sec
    CPU time for woVoV [0:5]      0.05 sec, wall time      0.05 sec
    CPU time for contract occ [0:5]      0.29 sec, wall time      0.29 sec
    CPU time for contract loop      0.74 sec, wall time      0.73 sec
    CPU time for update t1 t2      0.75 sec, wall time      0.74 sec
diis-c [ -2.16766632e-10  -2.77430639e-02   1.94008874e-02   1.13451914e-01
  -2.29140965e-01  -1.91692224e-01   1.31572345e+00]
DIIS for step 7
istep = 7  E(CCSD) = -0.295906329923231  dE = -3.37698572e-06  norm(t1,t2) = 4.96435e-05
    CPU time for CCSD iter      0.75 sec, wall time      0.74 sec
    CPU time for vvvv-tau      0.00 sec, wall time      0.00 sec
    CPU time for vvvv [0:69]      0.05 sec, wall time      0.05 sec
    CPU time for vvvv      0.44 sec, wall time      0.44 sec
    CPU time for woooo      0.00 sec, wall time      0.00 sec
max_memory 3803 MB,  nocc,nvir = 5,69  blksize = 5,69
    CPU time for ovvv [0:5]      0.11 sec, wall time      0.10 sec
    CPU time for wOVov [0:5]      0.09 sec, wall time      0.10 sec
    CPU time for woVoV [0:5]      0.05 sec, wall time      0.05 sec
    CPU time for contract occ [0:5]      0.29 sec, wall time      0.29 sec
    CPU time for contract loop      0.73 sec, wall time      0.73 sec
    CPU time for update t1 t2      0.74 sec, wall time      0.74 sec
diis-c [ -3.39037132e-11   1.09199121e+00  -5.48964677e-04   1.33778492e-03
   1.27116133e-03  -2.33729914e-02  -7.06782020e-02]
DIIS for step 8
istep = 8  E(CCSD) = -0.295906364550634  dE = -3.46274027e-08  norm(t1,t2) = 1.13155e-05
    CPU time for CCSD iter      0.75 sec, wall time      0.74 sec
    CPU time for vvvv-tau      0.00 sec, wall time      0.00 sec
    CPU time for vvvv [0:69]      0.06 sec, wall time      0.05 sec
    CPU time for vvvv      0.43 sec, wall time      0.43 sec
    CPU time for woooo      0.00 sec, wall time      0.00 sec
max_memory 3803 MB,  nocc,nvir = 5,69  blksize = 5,69
    CPU time for ovvv [0:5]      0.11 sec, wall time      0.11 sec
    CPU time for wOVov [0:5]      0.09 sec, wall time      0.10 sec
    CPU time for woVoV [0:5]      0.06 sec, wall time      0.05 sec
    CPU time for contract occ [0:5]      0.30 sec, wall time      0.29 sec
    CPU time for contract loop      0.73 sec, wall time      0.73 sec
    CPU time for update t1 t2      0.74 sec, wall time      0.74 sec
diis-c [ -1.35294553e-12  -5.96863952e-01   1.59121668e+00  -9.37548410e-05
  -1.11065661e-03   1.91251169e-02  -1.22734296e-02]
DIIS for step 9
istep = 9  E(CCSD) = -0.295906296988267  dE = 6.75623668e-08  norm(t1,t2) = 4.30994e-06
    CPU time for CCSD iter      0.75 sec, wall time      0.75 sec
    CPU time for CCSD      7.44 sec, wall time      7.43 sec
CCSD converged
E(CCSD) = -681.7759275447693  E_corr = -0.2959062969882673
    CPU time for EOM-CCSD shared one-electron intermediates      0.01 sec, wall time      0.01 sec
    CPU time for EOM-CCSD shared two-electron intermediates      0.05 sec, wall time      0.05 sec
    CPU time for EOM-CCSD IP intermediates      0.07 sec, wall time      0.06 sec
tol 1e-07  toloose 0.000316228
max_cycle 200  max_space 215  max_memory 2000  incore True
davidson 0 5  |r|= 0.266  e= [ 0.43639217  0.43639217  0.46221994  0.65589434  0.93372273]  max|de|= 0.934  lindep=    1
davidson 1 10  |r|= 0.107  e= [ 0.38922949  0.38922949  0.3944976   0.54747732  0.7422824 ]  max|de|= -0.191  lindep= 0.965
davidson 2 14  |r|= 0.0383  e= [ 0.38919972  0.3892499   0.39490116  0.54479771  0.72728118]  max|de|= -0.015  lindep= 0.912
davidson 3 19  |r|= 0.0171  e= [ 0.38933851  0.3892203   0.39499528  0.54381236  0.72408089]  max|de|= -0.0032  lindep= 0.948
davidson 4 24  |r|= 0.00609  e= [ 0.3893283   0.38933856  0.39499665  0.54333821  0.72356533]  max|de|= -0.000516  lindep= 0.96
davidson 5 29  |r|= 0.00174  e= [ 0.38932769  0.38932833  0.39499635  0.54338719  0.72373422]  max|de|= 0.000169  lindep= 0.961
davidson 6 34  |r|= 0.000727  e= [ 0.38932754  0.3893277   0.3949956   0.54340205  0.72374102]  max|de|= 1.49e-05  lindep= 0.935
root 0 converged  |r|= 1.28e-06  e= 0.389327515562  max|de|= -2.11e-08
root 2 converged  |r|= 9.25e-07  e= 0.394995593586  max|de|= -1.04e-08
davidson 7 39  |r|= 0.00016  e= [ 0.38932752  0.38932754  0.39499559  0.5433984   0.72372663]  max|de|= -1.44e-05  lindep= 0.955
davidson 8 42  |r|= 5.14e-05  e= [ 0.38932752  0.38932752  0.3949956   0.54339605  0.72372612]  max|de|= -2.35e-06  lindep= 0.927
davidson 9 44  |r|= 2.09e-05  e= [ 0.38932752  0.38932752  0.39499561  0.54339546  0.7237275 ]  max|de|= 1.38e-06  lindep= 0.944
root 3 converged  |r|= 1.76e-06  e= 0.543395465579  max|de|= 1.48e-09
root 4 converged  |r|= 1.28e-05  e= 0.723727541016  max|de|= 3.99e-08
converge 10 46  |r|= 1.28e-05  e= [ 0.38932752  0.38932752  0.39499561  0.54339547  0.72372754]  max|de|= 3.99e-08
IP root 0 E = 0.3893275162297157  qpwt = 0.799626  conv = True
IP root 1 E = 0.3893275162297157  qpwt = 0.799626  conv = True
IP root 2 E = 0.3949956110983739  qpwt = 0.952094  conv = True
IP root 3 E = 0.5433954655794956  qpwt = 0.780496  conv = True
IP root 4 E = 0.7237275410161746  qpwt = 0.597307  conv = True
    CPU time for IP-CCSD      0.45 sec, wall time      0.46 sec
    CPU time for EOM-CCSD shared one-electron intermediates      0.02 sec, wall time      0.01 sec
    CPU time for EOM-CCSD EA intermediates      4.21 sec, wall time      4.22 sec
tol 1e-07  toloose 0.000316228
max_cycle 200  max_space 236  max_memory 2000  incore True
davidson 0 12  |r|= 0.286  e= [ 0.06266116  0.06266116  0.17162334  0.28729783  0.31655529  0.31655529
  0.38855916  0.38888848  0.38888848  0.39756421  0.42577214  0.42577214]  max|de|= 0.426  lindep=    1
davidson 1 24  |r|= 0.0765  e= [-0.00419372 -0.00419372  0.12911186  0.23395793  0.27003342  0.27003342
  0.3082725   0.30939298  0.30928391  0.33260095  0.36852142  0.36852142]  max|de|= -0.0803  lindep= 0.928
davidson 2 33  |r|= 0.0796  e= [-0.0035902  -0.00423125  0.12746526  0.23143098  0.27003342  0.2664303
  0.30474021  0.29995016  0.29966203  0.32860461  0.36846035  0.36111212]  max|de|= -0.00962  lindep= 0.801
davidson 3 45  |r|= 0.124  e= [-0.00362807 -0.00359383  0.1275165   0.23142879  0.26642833  0.26380828
  0.30479354  0.32612383  0.32577279  0.32834723  0.3610686   0.36043935]  max|de|= 0.0262  lindep= 0.845
davidson 4 57  |r|= 0.214  e= [-0.00365054 -0.0036268   0.12749888  0.23137901  0.26380579  0.25654333
  0.30483618  0.3176769   0.31762592  0.32609263  0.36043908  0.36043908]  max|de|= -0.00845  lindep= 0.82
davidson 5 68  |r|= 0.0579  e= [-0.00364814 -0.00365057  0.12750716  0.23140277  0.25653575  0.26988848
  0.30483511  0.31562354  0.31558775  0.32845031  0.36042884  0.3604641 ]  max|de|= 0.0133  lindep= 0.835
davidson 6 80  |r|= 0.0421  e= [-0.00364803 -0.00364803  0.12750788  0.23138351  0.26988612  0.26618797
  0.30481876  0.31399829  0.31387635  0.3285192   0.36051881  0.36051881]  max|de|= 0.0134  lindep= 0.842
root 0 converged  |r|= 3.26e-06  e= -0.00364797328526  max|de|= 5.8e-08
root 1 converged  |r|= 1.54e-05  e= -0.00364811820733  max|de|= -8.7e-08
root 6 converged  |r|= 0.000192  e= 0.304818778612  max|de|= 1.91e-08
davidson 7 90  |r|= 0.0255  e= [-0.00364797 -0.00364812  0.12750738  0.23138144  0.26618632  0.26415599
  0.30481878  0.31311282  0.31298862  0.32835914  0.36051174  0.36051954]  max|de|= -0.0037  lindep= 0.81
root 2 converged  |r|= 1.14e-06  e= 0.127507426799  max|de|= 4.4e-08
davidson 8 99  |r|= 0.0423  e= [-0.00364797 -0.00364811  0.12750743  0.23138483  0.26415568  0.25966121
  0.30481897  0.31302756  0.31294648  0.32829721  0.36051751  0.3605124 ]  max|de|= -0.00449  lindep= 0.811
root 6 converged  |r|= 5.5e-05  e= 0.304819034114  max|de|= 6.25e-08
davidson 9 108  |r|= 0.0835  e= [-0.00364797 -0.00364811  0.12750742  0.23138598  0.27954667  0.27367235
  0.30481903  0.31306037  0.31300283  0.32829185  0.3605143   0.3605143 ]  max|de|= 0.0154  lindep= 0.849
root 3 converged  |r|= 3.91e-06  e= 0.231385996435  max|de|= 1.45e-08
davidson 10 115  |r|= 0.028  e= [-0.00364797 -0.00364811  0.12750742  0.231386    0.2590651   0.27135556
  0.30481903  0.31304427  0.31301331  0.32829421  0.36051058  0.36051554]  max|de|= -0.0205  lindep= 0.813
davidson 11 122  |r|= 0.026  e= [-0.00364797 -0.00364811  0.12750742  0.23138603  0.27111406  0.27042436
  0.30481903  0.31302209  0.3130142   0.32830044  0.36051012  0.36050787]  max|de|= 0.012  lindep= 0.821
davidson 12 129  |r|= 0.0148  e= [-0.00364797 -0.00364811  0.12750742  0.23138603  0.27035953  0.27002056
  0.30481903  0.31302097  0.31301927  0.32830227  0.36050818  0.36050749]  max|de|= -0.000755  lindep= 0.819
davidson 13 136  |r|= 0.0803  e= [-0.00364798 -0.00364811  0.12750742  0.23138603  0.26998754  0.27252902
  0.30481903  0.31301971  0.31301948  0.32830112  0.36050724  0.36050724]  max|de|= 0.00251  lindep= 0.79
root 8 converged  |r|= 1.31e-05  e= 0.313019407742  max|de|= -6.77e-08
root 10 converged  |r|= 7.54e-06  e= 0.360507223589  max|de|= -1.95e-08
root 11 converged  |r|= 7.54e-06  e= 0.360507223589  max|de|= -1.95e-08
davidson 14 142  |r|= 0.052  e= [-0.00364798 -0.00364812  0.12750742  0.23138603  0.27200337  0.27076531
  0.30481903  0.31301945  0.31301941  0.32830322  0.36050722  0.36050722]  max|de|= 0.00202  lindep= 0.798
davidson 15 146  |r|= 0.00862  e= [-0.00364798 -0.00364812  0.12750742  0.23138604  0.2707257   0.27061662
  0.30481903  0.31301955  0.31301941  0.32830131  0.36050722  0.36050722]  max|de|= -0.00128  lindep= 0.797
root 7 converged  |r|= 5.47e-07  e= 0.313019579031  max|de|= 2.5e-08
davidson 16 150  |r|= 0.00341  e= [-0.00364798 -0.00364812  0.12750742  0.23138604  0.27062017  0.2705776
  0.30481903  0.31301958  0.31301941  0.32830062  0.36050722  0.36050722]  max|de|= -0.000106  lindep= 0.829
davidson 17 153  |r|= 0.00156  e= [-0.00364798 -0.00364812  0.12750742  0.23138604  0.27058495  0.27058116
  0.30481903  0.31301958  0.31301941  0.32830098  0.36050722  0.36050722]  max|de|= -3.52e-05  lindep= 0.815
davidson 18 156  |r|= 0.000685  e= [-0.00364798 -0.00364812  0.12750742  0.23138604  0.27057993  0.27058645
  0.30481903  0.31301958  0.31301941  0.32830116  0.36050722  0.36050722]  max|de|= 5.29e-06  lindep= 0.854
root 9 converged  |r|= 3.17e-06  e= 0.328301138219  max|de|= -1.84e-08
davidson 19 159  |r|= 0.000283  e= [-0.00364798 -0.00364812  0.12750742  0.23138604  0.2705874   0.27059076
  0.30481903  0.31301958  0.31301941  0.32830114  0.36050722  0.36050722]  max|de|= 7.47e-06  lindep= 0.894
davidson 20 161  |r|= 9.86e-05  e= [-0.00364798 -0.00364812  0.12750742  0.23138604  0.27059085  0.27059042
  0.30481903  0.31301958  0.31301941  0.32830114  0.36050722  0.36050722]  max|de|= 3.45e-06  lindep= 0.852
root 5 converged  |r|= 2.08e-05  e= 0.270590441465  max|de|= 2.51e-08
davidson 21 163  |r|= 5.5e-05  e= [-0.00364798 -0.00364812  0.12750742  0.23138604  0.27059042  0.27059044
  0.30481903  0.31301958  0.31301941  0.32830114  0.36050722  0.36050722]  max|de|= -4.35e-07  lindep= 0.855
root 4 converged  |r|= 1.74e-05  e= 0.270590422894  max|de|= 4.34e-09
converge 22 164  |r|= 5.5e-05  e= [-0.00364798 -0.00364812  0.12750742  0.23138604  0.27059042  0.27059044
  0.30481903  0.31301958  0.31301941  0.32830114  0.36050722  0.36050722]  max|de|= 4.34e-09
EA root 0 E = -0.00364797555302857  qpwt = 0.962987  conv = True
EA root 1 E = -0.003648119567210156  qpwt = 0.962987  conv = True
EA root 2 E = 0.127507424300498  qpwt = 0.97239  conv = True
EA root 3 E = 0.2313860355602682  qpwt = 0.9486  conv = True
EA root 4 E = 0.2705904228940508  qpwt = 0.619922  conv = True
EA root 5 E = 0.270590441465273  qpwt = 0.619916  conv = True
EA root 6 E = 0.3048190341144605  qpwt = 0.934623  conv = True
EA root 7 E = 0.3130195790306199  qpwt = 0.805596  conv = True
EA root 8 E = 0.3130194077389669  qpwt = 0.805594  conv = True
EA root 9 E = 0.3283011382186973  qpwt = 0.858271  conv = True
EA root 10 E = 0.3605072235891131  qpwt = 0.660745  conv = True
EA root 11 E = 0.3605072235891131  qpwt = 0.660745  conv = True
    CPU time for EA-CCSD     76.15 sec, wall time     76.17 sec
