

******** <class 'pyscf.scf.hf.RHF'> flags ********
method = RHF
initial guess = minao
damping factor = 0
level shift factor = 0
Do DIIS = True
DIIS start cycle = 1
DIIS space = 8
SCF tol = 1e-09
SCF gradient tol = None
max. SCF cycles = 50
direct_scf = True
direct_scf_tol = 1e-13
chkfile to save SCF result = /tmp/tmpASScLe
max_memory 4000 MB (current use 39 MB)
Set gradient conv threshold to 3.16228e-05
Nelec from initial guess = 17.9992
cond(S) = 60.9559639158
E_coul = 202.931511759275
init E= -526.775584574737
    CPU time for initialize scf      0.09 sec, wall time      0.50 sec
  HOMO = -0.557830651435961  LUMO = 0.57707562206255
  mo_energy =
[-118.43724276  -12.21509432   -9.45674963   -9.45674963   -9.45674963
   -1.24055299   -0.55783065   -0.55783065   -0.55783065    0.57707562
    0.57707562    0.57707562    0.72215694    0.72215694    0.72215694
    0.72215694    0.72215694    0.86234278    2.41193514    2.41193514
    2.41193514    2.41193514    2.41193514    2.95980386    2.95980386
    2.95980386    2.95980386    2.95980386    2.95980386    2.95980386
    3.01484351    3.01484351    3.01484351   10.24637035   10.24637035
   10.24637035   10.24637035   10.24637035   13.63904565   13.63904565
   13.63904565   32.34198723]
E_coul = 201.006082631599
cycle= 1 E= -526.802117777635  delta_E= -0.0265  |g|= 0.095  |ddm|= 0.241
    CPU time for cycle= 1      0.00 sec, wall time      0.01 sec
diis-norm(errvec)=0.111856
diis-c [-0.01251171  1.        ]
  HOMO = -0.597969200054039  LUMO = 0.56292176440823
  mo_energy =
[-118.65641821  -12.35283736   -9.60299526   -9.60299526   -9.60299526
   -1.2862801    -0.5979692    -0.5979692    -0.5979692     0.56292176
    0.56292176    0.56292176    0.68535898    0.68535898    0.68535898
    0.68535898    0.68535898    0.83097958    2.35229108    2.35229108
    2.35229108    2.35229108    2.35229108    2.91552692    2.91552692
    2.91552692    2.91552692    2.91552692    2.91552692    2.91552692
    2.96068531    2.96068531    2.96068531   10.13677961   10.13677961
   10.13677961   10.13677961   10.13677961   13.52066919   13.52066919
   13.52066919   32.22727076]
E_coul = 201.546517121826
cycle= 2 E= -526.802707652585  delta_E= -0.00059  |g|= 0.0278  |ddm|= 0.0521
    CPU time for cycle= 2      0.01 sec, wall time      0.01 sec
diis-norm(errvec)=0.0303174
diis-c [ -8.32534746e-06   2.12536249e-01   7.87463751e-01]
  HOMO = -0.589676577518028  LUMO = 0.565873150164159
  mo_energy =
[-118.60674673  -12.32149211   -9.57064453   -9.57064453   -9.57064453
   -1.27636983   -0.58967658   -0.58967658   -0.58967658    0.56587315
    0.56587315    0.56587315    0.69302083    0.69302083    0.69302083
    0.69302083    0.69302083    0.83776705    2.36500855    2.36500855
    2.36500855    2.36500855    2.36500855    2.92463603    2.92463603
    2.92463603    2.92463603    2.92463603    2.92463603    2.92463603
    2.97209985    2.97209985    2.97209985   10.16085514   10.16085514
   10.16085514   10.16085514   10.16085514   13.54658605   13.54658605
   13.54658605   32.25327061]
E_coul = 201.422442323679
cycle= 3 E= -526.802760295636  delta_E= -5.26e-05  |g|= 0.000541  |ddm|= 0.0138
    CPU time for cycle= 3      0.00 sec, wall time      0.01 sec
diis-norm(errvec)=0.000640055
diis-c [ -5.24749227e-08  -1.68511863e-02  -4.22317196e-02   1.05908291e+00]
  HOMO = -0.58991159047387  LUMO = 0.565788730610909
  mo_energy =
[-118.60741118  -12.32196448   -9.57119932   -9.57119932   -9.57119932
   -1.27656105   -0.58991159   -0.58991159   -0.58991159    0.56578873
    0.56578873    0.56578873    0.69280928    0.69280928    0.69280928
    0.69280928    0.69280928    0.83763356    2.36471276    2.36471276
    2.36471276    2.36471276    2.36471276    2.92437886    2.92437886
    2.92437886    2.92437886    2.92437886    2.92437886    2.92437886
    2.97182024    2.97182024    2.97182024   10.1604005    10.1604005
   10.1604005    10.1604005    10.1604005    13.54610792   13.54610792
   13.54610792   32.25285905]
E_coul = 201.424081712712
cycle= 4 E= -526.8027603321  delta_E= -3.65e-08  |g|= 4.01e-05  |ddm|= 0.000472
    CPU time for cycle= 4      0.02 sec, wall time      0.01 sec
diis-norm(errvec)=3.72972e-05
diis-c [ -2.60320709e-10   1.39456775e-03   3.49705300e-03  -1.29271950e-01
   1.12438033e+00]
  HOMO = -0.589914864766627  LUMO = 0.565787808224271
  mo_energy =
[-118.60742735  -12.32196753   -9.57120567   -9.57120567   -9.57120567
   -1.27655435   -0.58991486   -0.58991486   -0.58991486    0.56578781
    0.56578781    0.56578781    0.69280827    0.69280827    0.69280827
    0.69280827    0.69280827    0.83763861    2.36471136    2.36471136
    2.36471136    2.36471136    2.36471136    2.9243778     2.9243778
    2.9243778     2.9243778     2.9243778     2.9243778     2.9243778
    2.97181771    2.97181771    2.97181771   10.16039749   10.16039749
   10.16039749   10.16039749   10.16039749   13.54610271   13.54610271
   13.54610271   32.25285794]
E_coul = 201.424085721426
cycle= 5 E= -526.802760332521  delta_E= -4.21e-10  |g|= 3.97e-06  |ddm|= 8.47e-05
    CPU time for cycle= 5      0.01 sec, wall time      0.01 sec
  HOMO = -0.5899161333737  LUMO = 0.565787541041988
  mo_energy =
[-118.60743215  -12.32197161   -9.57121003   -9.57121003   -9.57121003
   -1.27655505   -0.58991613   -0.58991613   -0.58991613    0.56578754
    0.56578754    0.56578754    0.69280734    0.69280734    0.69280734
    0.69280734    0.69280734    0.8376384     2.36470959    2.36470959
    2.36470959    2.36470959    2.36470959    2.92437673    2.92437673
    2.92437673    2.92437673    2.92437673    2.92437673    2.92437673
    2.97181622    2.97181622    2.97181622   10.16039395   10.16039395
   10.16039395   10.16039395   10.16039395   13.54609922   13.54609922
   13.54609922   32.25285462]
    CPU time for scf_cycle      0.13 sec, wall time      0.54 sec
    CPU time for SCF      0.13 sec, wall time      0.54 sec
converged SCF energy = -526.802760332521
RHF E = -526.802760333
RHF eps = [-118.60743215  -12.32197161   -9.57121003   -9.57121003   -9.57121003
   -1.27655505   -0.58991613   -0.58991613   -0.58991613    0.56578754
    0.56578754    0.56578754    0.69280734    0.69280734    0.69280734
    0.69280734    0.69280734    0.8376384     2.36470959    2.36470959
    2.36470959    2.36470959    2.36470959    2.92437673    2.92437673
    2.92437673    2.92437673    2.92437673    2.92437673    2.92437673
    2.97181622    2.97181622    2.97181622   10.16039395   10.16039395
   10.16039395   10.16039395   10.16039395   13.54609922   13.54609922
   13.54609922   32.25285462]
    CPU time for CCSD integral transformation      0.25 sec, wall time      0.40 sec

******** <class 'pyscf.cc.linrccsd.LinRCCSD'> flags ********
CCSD nocc = 4, nvir = 33
frozen orbitals [0, 1, 2, 3, 4]
max_cycle = 50
direct = 0
conv_tol = 1e-07
conv_tol_normt = 1e-05
diis_space = 6
diis_start_cycle = 0
diis_start_energy_diff = 1e+09
Init t2, MP2 energy = -0.207267526452336
    CPU time for init mp2      0.00 sec, wall time      0.00 sec
    CPU time for update t1 t2      0.01 sec, wall time      0.01 sec
istep = 0  E(CCSD) = -0.226459423755295  dE = -0.226459424  norm(t1,t2) = 0.0372683
    CPU time for CCSD iter      0.01 sec, wall time      0.01 sec
    CPU time for update t1 t2      0.02 sec, wall time      0.01 sec
DIIS for step 1
istep = 1  E(CCSD) = -0.230582054749366  dE = -0.00412263099  norm(t1,t2) = 0.00947095
    CPU time for CCSD iter      0.02 sec, wall time      0.01 sec
    CPU time for update t1 t2      0.01 sec, wall time      0.01 sec
diis-c [ -9.73839599e-06   1.00000000e+00]
DIIS for step 2
istep = 2  E(CCSD) = -0.23156291879707  dE = -0.000980864048  norm(t1,t2) = 0.00332212
    CPU time for CCSD iter      0.01 sec, wall time      0.01 sec
    CPU time for update t1 t2      0.01 sec, wall time      0.01 sec
diis-c [ -9.89338072e-08  -6.03363528e-01   1.60336353e+00]
DIIS for step 3
istep = 3  E(CCSD) = -0.23201504886207  dE = -0.000452130065  norm(t1,t2) = 0.00127765
    CPU time for CCSD iter      0.01 sec, wall time      0.01 sec
    CPU time for update t1 t2      0.02 sec, wall time      0.01 sec
diis-c [ -1.33941869e-09   2.26736406e-01  -6.44406751e-01   1.41767035e+00]
DIIS for step 4
istep = 4  E(CCSD) = -0.231987262620346  dE = 2.77862417e-05  norm(t1,t2) = 0.000123613
    CPU time for CCSD iter      0.02 sec, wall time      0.01 sec
    CPU time for update t1 t2      0.01 sec, wall time      0.01 sec
diis-c [ -7.36303796e-11  -3.17457771e-02   9.27315606e-02  -2.44071881e-01
   1.18308610e+00]
DIIS for step 5
istep = 5  E(CCSD) = -0.23198799745735  dE = -7.34837003e-07  norm(t1,t2) = 1.31508e-05
    CPU time for CCSD iter      0.01 sec, wall time      0.01 sec
    CPU time for update t1 t2      0.01 sec, wall time      0.01 sec
diis-c [ -2.39880338e-12  -1.28143651e-02   3.62076744e-02  -7.29175265e-02
  -1.15675033e-01   1.16519925e+00]
DIIS for step 6
istep = 6  E(CCSD) = -0.231988295450542  dE = -2.97993192e-07  norm(t1,t2) = 4.0331e-06
    CPU time for CCSD iter      0.01 sec, wall time      0.01 sec
    CPU time for update t1 t2      0.02 sec, wall time      0.01 sec
diis-c [ -3.73034936e-14   4.74129907e-03  -1.35004148e-02   2.78088631e-02
   2.28528148e-02  -4.29430192e-01   1.38752763e+00]
DIIS for step 7
istep = 7  E(CCSD) = -0.231988247018572  dE = 4.84319696e-08  norm(t1,t2) = 6.76763e-07
    CPU time for CCSD iter      0.02 sec, wall time      0.01 sec
    CPU time for CCSD      0.11 sec, wall time      0.11 sec
CCSD converged
E(linCCSD) = -527.0347485795394  E_corr = -0.231988247018572
    CPU time for EOM-CCSD shared one-electron intermediates      0.00 sec, wall time      0.00 sec
    CPU time for EOM-CCSD shared two-electron intermediates      0.01 sec, wall time      0.00 sec
    CPU time for EOM-CCSD IP intermediates      0.00 sec, wall time      0.01 sec
tol 1e-07  toloose 0.000316228
max_cycle 50  max_space 38  max_memory 2000  incore True
davidson 0 6  |r|= 0.38  e= [  0.65235848   0.65235697   0.65235848   1.31158533  32.74443807
  14.0583971 ]  max|de|= 32.7  lindep=    1
davidson 1 12  |r|= 0.234  e= [  0.57593176   0.57595032   0.57593176   1.10422357  32.72199595
  14.08232606]  max|de|= -0.207  lindep= 0.944
davidson 2 17  |r|= 0.18  e= [  0.57592409   0.57620732   0.57620234   1.08884398  32.72346822
  14.03324366]  max|de|= -0.0491  lindep= 0.965
davidson 3 23  |r|= 0.172  e= [  0.57620082   0.5763734    0.57637318   1.08900225  32.72346802
  14.08572181]  max|de|= 0.0525  lindep= 0.379
root 4 converged  |r|= 5.18e-06  e= 32.7234680218  max|de|= 1.19e-09
davidson 4 29  |r|= 0.0629  e= [  0.57637289   0.57638554   0.57638554   1.08908761  32.72346802
  14.08288342]  max|de|= -0.00284  lindep= 0.578
davidson 5 33  |r|= 0.195  e= [  0.57638554   0.57638652   0.57638652   1.08908386  32.72346802
  14.03286504]  max|de|= -0.05  lindep= 0.149
root 0 converged  |r|= 3.31e-05  e= 0.576385538008  max|de|= -1.91e-09
root 1 converged  |r|= 3.63e-06  e= 0.576386523886  max|de|= -6.66e-16
root 2 converged  |r|= 3.63e-06  e= 0.576386523886  max|de|= -6.66e-16
root 3 converged  |r|= 0.000198  e= 1.0890838625  max|de|= 2.44e-15
root 4 converged  |r|= 5.18e-06  e= 32.7234680218  max|de|= 6.39e-14
davidson 6 5  |r|= 0.195  e= [  0.57638554   0.57638652   0.57638652   1.08908386  32.72346802
  14.03286504]  max|de|= -1.91e-09  lindep= 0.991
davidson 7 6  |r|= 0.209  e= [  0.57638554   0.57638652   0.57638652   1.08908386  32.72346802
  14.03286093]  max|de|= -4.11e-06  lindep= 0.245
davidson 8 7  |r|=  0.2  e= [  0.57638554   0.57638652   0.57638652   1.08908386  32.72346802
  14.03227659]  max|de|= -0.000584  lindep= 0.709
davidson 9 8  |r|= 0.171  e= [  0.57638554   0.57638652   0.57638652   1.08908386  32.72346802
  14.01216399]  max|de|= -0.0201  lindep=    1
davidson 10 9  |r|= 0.179  e= [  0.57638554   0.57638652   0.57638652   1.08908386  32.72346802
  14.02406956]  max|de|= 0.0119  lindep= 0.994
davidson 11 10  |r|= 0.202  e= [  0.57638554   0.57638652   0.57638652   1.08908386  32.72346802
  14.0263336 ]  max|de|= 0.00226  lindep= 0.967
davidson 12 11  |r|=  0.2  e= [  0.57638554   0.57638652   0.57638652   1.08908386  32.72346802
  14.02635941]  max|de|= 2.58e-05  lindep= 0.0905
davidson 13 12  |r|= 0.171  e= [  0.57638554   0.57638652   0.57638652   1.08908386  32.72346802
  14.02503557]  max|de|= -0.00132  lindep= 0.206
davidson 14 13  |r|= 0.21  e= [  0.57638554   0.57638652   0.57638652   1.08908386  32.72346802
  14.04595426]  max|de|= 0.0209  lindep= 0.916
davidson 15 14  |r|= 0.185  e= [  0.57638554   0.57638652   0.57638652   1.08908386  32.72346802
  14.02468951]  max|de|= -0.0213  lindep= 0.322
davidson 16 15  |r|= 0.193  e= [  0.57638554   0.57638652   0.57638652   1.08908386  32.72346802
  14.05127592]  max|de|= 0.0266  lindep= 0.906
davidson 17 16  |r|= 0.182  e= [  0.57638554   0.57638652   0.57638652   1.08908386  32.72346802
  14.04997861]  max|de|= -0.0013  lindep= 0.612
davidson 18 17  |r|= 0.148  e= [  0.57638554   0.57638652   0.57638652   1.08908386  32.72346802
  14.05236073]  max|de|= 0.00238  lindep= 0.775
davidson 19 18  |r|= 0.135  e= [  0.57638554   0.57638652   0.57638652   1.08908386  32.72346802
  14.05876248]  max|de|= 0.0064  lindep= 0.708
davidson 20 19  |r|= 0.162  e= [  0.57638554   0.57638652   0.57638652   1.08908386  32.72346802
  14.09364102]  max|de|= 0.0349  lindep= 0.897
davidson 21 20  |r|= 0.248  e= [  0.57638554   0.57638652   0.57638652   1.08908386  32.72346802
  14.0384256 ]  max|de|= -0.0552  lindep= 0.149
davidson 22 21  |r|= 0.172  e= [  0.57638554   0.57638652   0.57638652   1.08908386  32.72346802
  14.05441309]  max|de|= 0.016  lindep= 0.54
davidson 23 22  |r|= 0.133  e= [  0.57638554   0.57638652   0.57638652   1.08908386  32.72346802
  14.06449126]  max|de|= 0.0101  lindep= 0.681
davidson 24 23  |r|= 0.103  e= [  0.57638554   0.57638652   0.57638652   1.08908386  32.72346802
  14.06062627]  max|de|= -0.00386  lindep= 0.299
davidson 25 24  |r|= 0.105  e= [  0.57638554   0.57638652   0.57638652   1.08908386  32.72346802
  14.06080003]  max|de|= 0.000174  lindep= 0.0688
davidson 26 25  |r|= 0.126  e= [  0.57638554   0.57638652   0.57638652   1.08908386  32.72346802
  14.05982123]  max|de|= -0.000979  lindep= 0.231
davidson 27 26  |r|= 0.0405  e= [  0.57638554   0.57638652   0.57638652   1.08908386  32.72346802
  14.06215725]  max|de|= 0.00234  lindep= 0.206
davidson 28 27  |r|= 0.0122  e= [  0.57638554   0.57638652   0.57638652   1.08908386  32.72346802
  14.06265349]  max|de|= 0.000496  lindep= 0.315
davidson 29 28  |r|= 0.00317  e= [  0.57638554   0.57638652   0.57638652   1.08908386  32.72346802
  14.06262529]  max|de|= -2.82e-05  lindep= 0.374
davidson 30 29  |r|= 0.00273  e= [  0.57638554   0.57638652   0.57638652   1.08908386  32.72346802
  14.06262354]  max|de|= -1.75e-06  lindep= 0.0642
davidson 31 30  |r|= 0.0027  e= [  0.57638554   0.57638652   0.57638652   1.08908386  32.72346802
  14.0626232 ]  max|de|= -3.41e-07  lindep= 0.00227
davidson 32 31  |r|= 0.0135  e= [  0.57638554   0.57638652   0.57638652   1.08908386  32.72346802
  14.06265133]  max|de|= 2.81e-05  lindep= 0.175
davidson 33 32  |r|= 0.000702  e= [  0.57638554   0.57638652   0.57638652   1.08908386  32.72346802
  14.06261959]  max|de|= -3.17e-05  lindep= 0.262
davidson 34 33  |r|= 0.000484  e= [  0.57638554   0.57638652   0.57638652   1.08908386  32.72346802
  14.06261941]  max|de|= -1.8e-07  lindep= 0.0481
root 0 converged  |r|= 3.15e-05  e= 0.576385538974  max|de|= 1.78e-15
root 1 converged  |r|= 3.29e-06  e= 0.576386523769  max|de|= -2.11e-15
root 2 converged  |r|= 3.29e-06  e= 0.576386523769  max|de|= -2.11e-15
root 3 converged  |r|= 0.000198  e= 1.0890838625  max|de|= -3.11e-15
root 4 converged  |r|= 5.18e-06  e= 32.7234680218  max|de|= -7.11e-15
davidson 35 5  |r|= 0.000484  e= [  0.57638554   0.57638652   0.57638652   1.08908386  32.72346802
  14.06261941]  max|de|= 2.66e-14  lindep= 0.985
davidson 36 6  |r|= 0.000781  e= [  0.57638554   0.57638652   0.57638652   1.08908386  32.72346802
  14.06261986]  max|de|= 4.52e-07  lindep= 0.941
davidson 37 7  |r|= 0.000441  e= [  0.57638554   0.57638652   0.57638652   1.08908386  32.72346802
  14.06261936]  max|de|= -4.98e-07  lindep= 0.665
davidson 38 8  |r|= 0.000884  e= [  0.57638554   0.57638652   0.57638652   1.08908386  32.72346802
  14.06261962]  max|de|= 2.54e-07  lindep= 0.375
davidson 39 9  |r|= 0.000235  e= [  0.57638554   0.57638652   0.57638652   1.08908386  32.72346802
  14.06261892]  max|de|= -6.94e-07  lindep= 0.828
davidson 40 10  |r|= 0.00136  e= [  0.57638554   0.57638652   0.57638652   1.08908386  32.72346802
  14.06262089]  max|de|= 1.97e-06  lindep= 0.611
davidson 41 11  |r|= 0.000254  e= [  0.57638554   0.57638652   0.57638652   1.08908386  32.72346802
  14.06261959]  max|de|= -1.3e-06  lindep= 0.75
davidson 42 12  |r|= 0.181  e= [  0.57638554   0.57638652   0.57638652   1.08908386  32.72346802
  14.08181192]  max|de|= 0.0192  lindep= 0.919
davidson 43 13  |r|= 0.197  e= [  0.57638554   0.57638652   0.57638652   1.08908386  32.72346802
  14.08177549]  max|de|= -3.64e-05  lindep= 0.0454
davidson 44 14  |r|= 0.0696  e= [  0.57638554   0.57638652   0.57638652   1.08908386  32.72346802
  14.08050987]  max|de|= -0.00127  lindep= 0.282
davidson 45 15  |r|= 0.000784  e= [  0.57638554   0.57638652   0.57638652   1.08908386  32.72346802
  14.0626194 ]  max|de|= -0.0179  lindep= 0.347
davidson 46 16  |r|= 0.000292  e= [  0.57638554   0.57638652   0.57638652   1.08908386  32.72346802
  14.06261867]  max|de|= -7.24e-07  lindep= 0.618
davidson 47 17  |r|= 0.000121  e= [  0.57638554   0.57638652   0.57638652   1.08908386  32.72346802
  14.06261904]  max|de|= 3.67e-07  lindep= 0.671
davidson 48 18  |r|= 0.0102  e= [  0.57638554   0.57638652   0.57638652   1.08908386  32.72346802
  14.06261087]  max|de|= -8.18e-06  lindep= 0.505
davidson 49 19  |r|= 0.000105  e= [  0.57638554   0.57638652   0.57638652   1.08908386  32.72346802
  14.06261867]  max|de|= 7.81e-06  lindep= 0.511
IP root 0 E = 0.5763855391285693  qpwt = 0.968053
IP root 1 E = 0.5763865235770174  qpwt = 0.968053
IP root 2 E = 0.5763865235770174  qpwt = 0.968053
IP root 3 E = 1.089083862495015  qpwt = 0.768004
IP root 4 E = 32.72346802178582  qpwt = 1.24937e-17
IP root 5 E = 14.0626186738066  qpwt = 9.70445e-14
    CPU time for IP-CCSD      0.32 sec, wall time      0.32 sec
    CPU time for EOM-CCSD shared one-electron intermediates      0.00 sec, wall time      0.00 sec
    CPU time for EOM-CCSD EA intermediates      0.14 sec, wall time      0.14 sec
tol 1e-07  toloose 0.000316228
max_cycle 50  max_space 38  max_memory 2000  incore True
davidson 0 6  |r|= 0.361  e= [ 0.5767141   0.5767141   0.5767141   0.72037469  0.72037469  0.72037469]  max|de|= 0.72  lindep=    1
davidson 1 12  |r|= 0.0726  e= [ 0.54222449  0.54224028  0.54222449  0.63275988  0.63279348  0.63277056]  max|de|= -0.0876  lindep= 0.985
davidson 2 17  |r|= 0.0462  e= [ 0.5422277   0.54173962  0.54174027  0.63299623  0.6330064   0.63299623]  max|de|= -0.000501  lindep= 0.95
davidson 3 22  |r|= 0.0124  e= [ 0.54174022  0.5417558   0.54175542  0.63299658  0.63291457  0.63299658]  max|de|= -0.000487  lindep= 0.953
davidson 4 27  |r|= 0.00137  e= [ 0.54175552  0.54174979  0.54174977  0.63291425  0.63292455  0.63291425]  max|de|= -8.23e-05  lindep= 0.689
davidson 5 32  |r|= 0.00136  e= [ 0.54174977  0.54175084  0.54175084  0.63292259  0.63292499  0.63291408]  max|de|= 8.34e-06  lindep= 0.568
root 1 converged  |r|= 7.86e-06  e= 0.541750836999  max|de|= 1.43e-10
root 2 converged  |r|= 1.15e-06  e= 0.541750922707  max|de|= 8.59e-08
davidson 6 37  |r|= 3.1e-05  e= [ 0.54175084  0.54175084  0.54175092  0.6329251   0.63292533  0.63292533]  max|de|= 1.12e-05  lindep= 0.888
root 0 converged  |r|= 8.99e-06  e= 0.54175083694  max|de|= -5.92e-11
root 1 converged  |r|= 1.15e-06  e= 0.541750922707  max|de|= 8.57e-08
root 2 converged  |r|= 1.15e-06  e= 0.541750922707  max|de|= -1.11e-15
root 3 converged  |r|= 2.83e-05  e= 0.632925098998  max|de|= 2.89e-15
root 4 converged  |r|= 2.02e-05  e= 0.63292527871  max|de|= -5.13e-08
davidson 7 4  |r|= 2.83e-05  e= [ 0.54175084  0.54175092  0.54175092  0.6329251   0.63292528  0.6329251 ]  max|de|= -2.31e-07  lindep=    1
davidson 8 5  |r|= 8.99e-06  e= [ 0.54175092  0.54175092  0.63292573  0.63292531  0.63292573  0.54175084]  max|de|= 0.0912  lindep=    1
root 5 converged  |r|= 1.05e-06  e= 0.541750923279  max|de|= 8.63e-08
converge 9 6  |r|= 1.05e-06  e= [ 0.54175092  0.54175092  0.63292573  0.63292531  0.63292573  0.54175092]  max|de|= 8.63e-08
EA root 0 E = 0.5417509232793186  qpwt = 0.741295
EA root 1 E = 0.5417509232793186  qpwt = 0.741295
EA root 2 E = 0.6329257279867757  qpwt = 0.968726
EA root 3 E = 0.632925305024637  qpwt = 0.968726
EA root 4 E = 0.6329257279867757  qpwt = 0.968726
EA root 5 E = 0.5417509232793186  qpwt = 0.741295
    CPU time for EA-CCSD      0.90 sec, wall time      0.90 sec
