

******** <class 'pyscf.scf.hf.RHF'> flags ********
method = RHF
initial guess = minao
damping factor = 0
level shift factor = 0
Do DIIS = True
DIIS start cycle = 1
DIIS space = 8
SCF tol = 1e-09
SCF gradient tol = None
max. SCF cycles = 50
direct_scf = True
direct_scf_tol = 1e-13
chkfile to save SCF result = /tmp/tmpOrU9wm
max_memory 4000 MB (current use 39 MB)
Set gradient conv threshold to 3.16228e-05
Nelec from initial guess = 35.988
cond(S) = 996.227268075
E_coul = 916.906874633831
init E= -2234.93735009649
    CPU time for initialize scf      1.08 sec, wall time      1.08 sec
  HOMO = -0.30301339649752  LUMO = 0.084557851546387
  mo_energy =
[ -4.32433506e+02  -5.62350172e+01  -5.00641530e+01  -5.00641530e+01
  -5.00641045e+01  -8.03217920e+00  -5.87018876e+00  -5.87018836e+00
  -5.86974998e+00  -2.09923844e+00  -2.09923827e+00  -2.09609199e+00
  -2.09609184e+00  -2.09587315e+00  -9.51607626e-01  -4.40567908e-01
  -4.40553148e-01  -3.03013396e-01   8.45578515e-02   8.45667837e-02
   1.00918245e-01   2.99237082e-01   2.99240266e-01   3.20801629e-01
   3.22912020e-01   3.22913961e-01   4.06310748e-01   4.84944134e-01
   4.97071463e-01   4.97072710e-01   6.36065893e-01   6.36080605e-01
   6.66793199e-01   8.75950780e-01   9.06367249e-01   9.06383174e-01
   1.07901606e+00   1.07902904e+00   1.14068557e+00   1.19574296e+00
   1.19574597e+00   1.24654223e+00   1.24654456e+00   1.26091079e+00
   1.38844080e+00   1.42466255e+00   1.58581289e+00   1.58582572e+00
   1.62057229e+00   1.70731379e+00   1.70733594e+00   1.84711504e+00
   1.89225135e+00   1.89227131e+00   2.60960249e+00   2.69999429e+00
   2.70000043e+00   2.98695586e+00   2.98697364e+00   3.00873734e+00
   3.36400847e+00   3.36401307e+00   3.39193560e+00   3.40846897e+00
   3.40846934e+00   3.41923137e+00   3.44774414e+00   3.44774858e+00
   3.64809391e+00   3.66819310e+00   3.66819956e+00   3.76463459e+00
   3.80472878e+00   3.80474980e+00   3.92196486e+00   4.05058293e+00
   4.05058410e+00   4.10466064e+00   4.12721302e+00   4.18240617e+00
   4.18241896e+00   4.46060157e+00   4.52202309e+00   4.52207814e+00
   4.59729018e+00   4.59730953e+00   4.61342689e+00   5.09737605e+00
   5.09737682e+00   7.38512634e+00]
E_coul = 914.494991461943
cycle= 1 E= -2235.91635123079  delta_E= -0.979  |g|= 0.216  |ddm|= 1.32
    CPU time for cycle= 1      0.05 sec, wall time      0.05 sec
diis-norm(errvec)=0.532924
diis-c [-0.28400765  1.        ]
  HOMO = -0.38390518341217  LUMO = 0.126232873699946
  mo_energy =
[ -4.32648838e+02  -5.63694627e+01  -5.02146068e+01  -5.02146067e+01
  -5.02142352e+01  -8.06115800e+00  -5.91355756e+00  -5.91355747e+00
  -5.91044741e+00  -2.14362872e+00  -2.14362859e+00  -2.14017152e+00
  -2.14017133e+00  -2.13783084e+00  -8.52265804e-01  -5.07798659e-01
  -5.07787192e-01  -3.83905183e-01   1.26232874e-01   1.32022361e-01
   1.32028798e-01   2.98256691e-01   2.98259823e-01   3.32035539e-01
   3.34802335e-01   3.34804513e-01   4.24629525e-01   5.15668260e-01
   5.15669838e-01   5.24697489e-01   6.57709802e-01   6.57724285e-01
   6.80015263e-01   8.80200630e-01   9.15622225e-01   9.15638884e-01
   1.08353394e+00   1.08354654e+00   1.15329767e+00   1.20715035e+00
   1.20715388e+00   1.26236793e+00   1.26237019e+00   1.27996965e+00
   1.40985843e+00   1.44048496e+00   1.60810659e+00   1.60811929e+00
   1.63874774e+00   1.72955492e+00   1.72957735e+00   1.86743117e+00
   1.90720579e+00   1.90722618e+00   2.62366162e+00   2.71345775e+00
   2.71346373e+00   2.99507454e+00   2.99509188e+00   3.02427078e+00
   3.36936568e+00   3.36937058e+00   3.40066638e+00   3.42031740e+00
   3.42031748e+00   3.43210013e+00   3.45696395e+00   3.45696923e+00
   3.66024133e+00   3.68204859e+00   3.68205770e+00   3.78132619e+00
   3.81145332e+00   3.81147673e+00   3.93787015e+00   4.06180323e+00
   4.06180366e+00   4.12236305e+00   4.13076242e+00   4.18852325e+00
   4.18853636e+00   4.46481945e+00   4.53039068e+00   4.53044928e+00
   4.60918958e+00   4.60921106e+00   4.61718774e+00   5.10854871e+00
   5.10854933e+00   7.37763837e+00]
E_coul = 916.90360995562
cycle= 2 E= -2235.92932362332  delta_E= -0.013  |g|= 0.106  |ddm|= 0.183
    CPU time for cycle= 2      0.06 sec, wall time      0.05 sec
diis-norm(errvec)=0.186521
diis-c [-0.03388799  0.05665544  0.94334456]
  HOMO = -0.378618517530942  LUMO = 0.135722736627132
  mo_energy =
[ -4.32528856e+02  -5.62610642e+01  -5.01046262e+01  -5.01046261e+01
  -5.01041285e+01  -7.99926177e+00  -5.85385031e+00  -5.85385030e+00
  -5.85065975e+00  -2.08747954e+00  -2.08747944e+00  -2.08356215e+00
  -2.08356208e+00  -2.08090173e+00  -8.31892985e-01  -4.94097094e-01
  -4.94085992e-01  -3.78618518e-01   1.35722737e-01   1.41396409e-01
   1.41402513e-01   3.04301183e-01   3.04304380e-01   3.42923860e-01
   3.43574682e-01   3.43576489e-01   4.27023039e-01   5.22791794e-01
   5.22793424e-01   5.41552174e-01   6.64606495e-01   6.64621223e-01
   6.89484986e-01   8.96320945e-01   9.29226696e-01   9.29243083e-01
   1.09831325e+00   1.09832610e+00   1.16558547e+00   1.21827210e+00
   1.21827557e+00   1.27412534e+00   1.27412755e+00   1.29350896e+00
   1.42538735e+00   1.45398597e+00   1.61590803e+00   1.61592103e+00
   1.64838071e+00   1.74317909e+00   1.74320184e+00   1.87865822e+00
   1.92489592e+00   1.92491640e+00   2.64626047e+00   2.73881159e+00
   2.73881712e+00   3.01860805e+00   3.01862525e+00   3.04694708e+00
   3.39509300e+00   3.39509764e+00   3.42778802e+00   3.44525865e+00
   3.44525880e+00   3.45980494e+00   3.48250236e+00   3.48250744e+00
   3.68408553e+00   3.71006339e+00   3.71007195e+00   3.80612983e+00
   3.83786003e+00   3.83788311e+00   3.97106599e+00   4.09070368e+00
   4.09070447e+00   4.15238571e+00   4.15676810e+00   4.21503738e+00
   4.21505039e+00   4.49101929e+00   4.55466186e+00   4.55471961e+00
   4.63788455e+00   4.63790443e+00   4.64463224e+00   5.13577270e+00
   5.13577295e+00   7.41803972e+00]
E_coul = 915.645342615749
cycle= 3 E= -2235.93089444833  delta_E= -0.00157  |g|= 0.05  |ddm|= 0.0872
    CPU time for cycle= 3      0.05 sec, wall time      0.05 sec
diis-norm(errvec)=0.0844072
diis-c [-0.00241959 -0.12735232  0.13799853  0.98935379]
  HOMO = -0.380815511745474  LUMO = 0.136564842814094
  mo_energy =
[ -4.32576341e+02  -5.63008727e+01  -5.01458467e+01  -5.01458466e+01
  -5.01452412e+01  -8.02010375e+00  -5.87490804e+00  -5.87490798e+00
  -5.87160862e+00  -2.10810237e+00  -2.10810228e+00  -2.10387504e+00
  -2.10387503e+00  -2.10107951e+00  -8.31687170e-01  -4.95336976e-01
  -4.95325891e-01  -3.80815512e-01   1.36564843e-01   1.42590873e-01
   1.42596964e-01   3.04344340e-01   3.04347541e-01   3.43364598e-01
   3.44240664e-01   3.44242370e-01   4.26664353e-01   5.22379380e-01
   5.22381068e-01   5.42425117e-01   6.65135570e-01   6.65150340e-01
   6.88835488e-01   8.98300613e-01   9.30775029e-01   9.30791342e-01
   1.09976123e+00   1.09977408e+00   1.16633121e+00   1.21822085e+00
   1.21822427e+00   1.27268959e+00   1.27269179e+00   1.29245976e+00
   1.42564823e+00   1.45456675e+00   1.61506124e+00   1.61507426e+00
   1.64729027e+00   1.74286738e+00   1.74289022e+00   1.87717514e+00
   1.92381536e+00   1.92383574e+00   2.64269847e+00   2.73956857e+00
   2.73957349e+00   3.01732744e+00   3.01734415e+00   3.04939392e+00
   3.39160403e+00   3.39160824e+00   3.42177244e+00   3.44792490e+00
   3.44792495e+00   3.46462122e+00   3.48414620e+00   3.48415161e+00
   3.68862500e+00   3.71145179e+00   3.71146179e+00   3.81091707e+00
   3.83842138e+00   3.83844590e+00   3.97548277e+00   4.09637156e+00
   4.09637223e+00   4.15760530e+00   4.16307490e+00   4.22117357e+00
   4.22118650e+00   4.49507357e+00   4.55881923e+00   4.55887693e+00
   4.64238704e+00   4.64240709e+00   4.64874275e+00   5.13986995e+00
   5.13987018e+00   7.40736882e+00]
E_coul = 916.145686562238
cycle= 4 E= -2235.93124462667  delta_E= -0.00035  |g|= 0.0096  |ddm|= 0.0383
    CPU time for cycle= 4      0.05 sec, wall time      0.05 sec
diis-norm(errvec)=0.0176427
diis-c [ -1.33415837e-04  -2.40006608e-02  -3.74343875e-02   1.55967498e-01
   9.05467550e-01]
  HOMO = -0.380245681378526  LUMO = 0.13620483340164
  mo_energy =
[ -4.32569084e+02  -5.62947413e+01  -5.01395409e+01  -5.01395409e+01
  -5.01388886e+01  -8.01711943e+00  -5.87200664e+00  -5.87200658e+00
  -5.86856787e+00  -2.10541595e+00  -2.10541586e+00  -2.10100825e+00
  -2.10100824e+00  -2.09814446e+00  -8.31994950e-01  -4.96137268e-01
  -4.96126146e-01  -3.80245681e-01   1.36204833e-01   1.42851680e-01
   1.42857783e-01   3.03862853e-01   3.03866039e-01   3.43060460e-01
   3.44310392e-01   3.44312114e-01   4.27352948e-01   5.22707742e-01
   5.22709439e-01   5.41682010e-01   6.65140579e-01   6.65155322e-01
   6.88683993e-01   8.97197428e-01   9.30022745e-01   9.30039068e-01
   1.09893573e+00   1.09894858e+00   1.16588027e+00   1.21814340e+00
   1.21814687e+00   1.27289205e+00   1.27289424e+00   1.29253841e+00
   1.42542655e+00   1.45422222e+00   1.61561735e+00   1.61563032e+00
   1.64727826e+00   1.74268902e+00   1.74271187e+00   1.87732002e+00
   1.92352036e+00   1.92354077e+00   2.64351243e+00   2.73946467e+00
   2.73946970e+00   3.01732685e+00   3.01734367e+00   3.04915748e+00
   3.39186555e+00   3.39186983e+00   3.42256449e+00   3.44708154e+00
   3.44708157e+00   3.46302711e+00   3.48333614e+00   3.48334149e+00
   3.68752025e+00   3.71056922e+00   3.71057908e+00   3.80991256e+00
   3.83812426e+00   3.83814864e+00   3.97424708e+00   4.09514282e+00
   4.09514348e+00   4.15642550e+00   4.16187735e+00   4.21994573e+00
   4.21995865e+00   4.49384124e+00   4.55773641e+00   4.55779428e+00
   4.64131116e+00   4.64133143e+00   4.64778015e+00   5.13879405e+00
   5.13879423e+00   7.40864806e+00]
E_coul = 916.055286845061
cycle= 5 E= -2235.93126285974  delta_E= -1.82e-05  |g|= 0.00133  |ddm|= 0.00948
    CPU time for cycle= 5      0.05 sec, wall time      0.05 sec
diis-norm(errvec)=0.00359523
diis-c [ -3.89265632e-06   9.01767710e-03   3.54871221e-03  -7.68227130e-02
  -2.08702109e-01   1.27295843e+00]
  HOMO = -0.380581289176101  LUMO = 0.136069970294731
  mo_energy =
[ -4.32569807e+02  -5.62955283e+01  -5.01403132e+01  -5.01403131e+01
  -5.01396378e+01  -8.01786132e+00  -5.87273609e+00  -5.87273604e+00
  -5.86921477e+00  -2.10616089e+00  -2.10616081e+00  -2.10166167e+00
  -2.10166166e+00  -2.09874963e+00  -8.32243410e-01  -4.96288446e-01
  -4.96277313e-01  -3.80581289e-01   1.36069970e-01   1.42682473e-01
   1.42688573e-01   3.03765549e-01   3.03768743e-01   3.42959188e-01
   3.44137318e-01   3.44139036e-01   4.27276990e-01   5.22513673e-01
   5.22515365e-01   5.41461104e-01   6.64968289e-01   6.64983028e-01
   6.88466628e-01   8.97011846e-01   9.29908929e-01   9.29925257e-01
   1.09880041e+00   1.09881325e+00   1.16573546e+00   1.21795048e+00
   1.21795393e+00   1.27252974e+00   1.27253192e+00   1.29231374e+00
   1.42523924e+00   1.45397689e+00   1.61529614e+00   1.61530911e+00
   1.64679829e+00   1.74246105e+00   1.74248391e+00   1.87694750e+00
   1.92323610e+00   1.92325652e+00   2.64318817e+00   2.73919106e+00
   2.73919610e+00   3.01700340e+00   3.01702019e+00   3.04898722e+00
   3.39142891e+00   3.39143318e+00   3.42223285e+00   3.44691324e+00
   3.44691328e+00   3.46297473e+00   3.48316053e+00   3.48316591e+00
   3.68739949e+00   3.71036480e+00   3.71037469e+00   3.80970830e+00
   3.83784411e+00   3.83786851e+00   3.97413445e+00   4.09506641e+00
   4.09506705e+00   4.15631071e+00   4.16185262e+00   4.21991701e+00
   4.21992994e+00   4.49380310e+00   4.55762730e+00   4.55768513e+00
   4.64118731e+00   4.64120757e+00   4.64771177e+00   5.13868662e+00
   5.13868676e+00   7.40810084e+00]
E_coul = 916.059755112986
cycle= 6 E= -2235.93126411961  delta_E= -1.26e-06  |g|= 0.000163  |ddm|= 0.00413
    CPU time for cycle= 6      0.05 sec, wall time      0.05 sec
diis-norm(errvec)=0.000484477
diis-c [ -5.85676650e-08  -9.74555671e-04   4.45518135e-04   9.27087786e-03
   8.89075847e-03  -2.13336658e-01   1.19570406e+00]
  HOMO = -0.380545821986149  LUMO = 0.136072073165959
  mo_energy =
[ -4.32569773e+02  -5.62954698e+01  -5.01402611e+01  -5.01402611e+01
  -5.01395810e+01  -8.01775572e+00  -5.87263220e+00  -5.87263215e+00
  -5.86911042e+00  -2.10606097e+00  -2.10606088e+00  -2.10155802e+00
  -2.10155801e+00  -2.09864259e+00  -8.32214532e-01  -4.96254533e-01
  -4.96243405e-01  -3.80545822e-01   1.36072073e-01   1.42718113e-01
   1.42724212e-01   3.03778093e-01   3.03781284e-01   3.42984375e-01
   3.44168652e-01   3.44170369e-01   4.27300850e-01   5.22546810e-01
   5.22548502e-01   5.41479688e-01   6.64993832e-01   6.65008569e-01
   6.88492025e-01   8.97029769e-01   9.29927752e-01   9.29944073e-01
   1.09882210e+00   1.09883495e+00   1.16575542e+00   1.21798249e+00
   1.21798595e+00   1.27258147e+00   1.27258365e+00   1.29236018e+00
   1.42528690e+00   1.45401853e+00   1.61534740e+00   1.61536036e+00
   1.64685177e+00   1.74251348e+00   1.74253635e+00   1.87700170e+00
   1.92329133e+00   1.92331174e+00   2.64325377e+00   2.73924153e+00
   2.73924656e+00   3.01705266e+00   3.01706945e+00   3.04902385e+00
   3.39149456e+00   3.39149883e+00   3.42231410e+00   3.44694820e+00
   3.44694824e+00   3.46299880e+00   3.48319659e+00   3.48320196e+00
   3.68742228e+00   3.71041292e+00   3.71042281e+00   3.80974545e+00
   3.83789615e+00   3.83792055e+00   3.97418386e+00   4.09509553e+00
   4.09509618e+00   4.15634655e+00   4.16187375e+00   4.21993763e+00
   4.21995055e+00   4.49382728e+00   4.55765949e+00   4.55771733e+00
   4.64122970e+00   4.64124997e+00   4.64774870e+00   5.13872864e+00
   5.13872879e+00   7.40818779e+00]
E_coul = 916.059191042445
cycle= 7 E= -2235.9312641412  delta_E= -2.16e-08  |g|= 2.48e-05  |ddm|= 0.000569
    CPU time for cycle= 7      0.05 sec, wall time      0.05 sec
diis-norm(errvec)=5.76387e-05
diis-c [ -1.50816892e-09  -1.65770202e-04  -2.57925799e-05   1.26108936e-03
   2.90162487e-03  -1.41528435e-02  -5.78553691e-02   1.06803706e+00]
  HOMO = -0.380555562492491  LUMO = 0.136069582871924
  mo_energy =
[ -4.32569771e+02  -5.62954721e+01  -5.01402630e+01  -5.01402629e+01
  -5.01395825e+01  -8.01777091e+00  -5.87264799e+00  -5.87264794e+00
  -5.86912580e+00  -2.10607739e+00  -2.10607730e+00  -2.10157410e+00
  -2.10157409e+00  -2.09865814e+00  -8.32222662e-01  -4.96258383e-01
  -4.96247254e-01  -3.80555562e-01   1.36069583e-01   1.42713357e-01
   1.42719455e-01   3.03776871e-01   3.03780062e-01   3.42980539e-01
   3.44163839e-01   3.44165555e-01   4.27296042e-01   5.22542149e-01
   5.22543842e-01   5.41474978e-01   6.64989727e-01   6.65004464e-01
   6.88486894e-01   8.97027767e-01   9.29924628e-01   9.29940950e-01
   1.09882019e+00   1.09883304e+00   1.16575130e+00   1.21797711e+00
   1.21798057e+00   1.27257254e+00   1.27257473e+00   1.29235183e+00
   1.42527939e+00   1.45401245e+00   1.61533887e+00   1.61535183e+00
   1.64684117e+00   1.74250475e+00   1.74252761e+00   1.87699126e+00
   1.92328263e+00   1.92330304e+00   2.64324376e+00   2.73923574e+00
   2.73924078e+00   3.01704579e+00   3.01706258e+00   3.04902083e+00
   3.39148385e+00   3.39148812e+00   3.42230133e+00   3.44694478e+00
   3.44694482e+00   3.46299802e+00   3.48319269e+00   3.48319807e+00
   3.68742117e+00   3.71040684e+00   3.71041673e+00   3.80974249e+00
   3.83789026e+00   3.83791466e+00   3.97418030e+00   4.09509522e+00
   4.09509587e+00   4.15634419e+00   4.16187583e+00   4.21993897e+00
   4.21995189e+00   4.49382661e+00   4.55765796e+00   4.55771580e+00
   4.64122704e+00   4.64124730e+00   4.64774763e+00   5.13872566e+00
   5.13872581e+00   7.40817438e+00]
E_coul = 916.059201645415
cycle= 8 E= -2235.93126414152  delta_E= -3.15e-10  |g|= 4.89e-06  |ddm|= 5.74e-05
    CPU time for cycle= 8      0.06 sec, wall time      0.05 sec
  HOMO = -0.380554638165014  LUMO = 0.136069709968781
  mo_energy =
[ -4.32569772e+02  -5.62954725e+01  -5.01402635e+01  -5.01402635e+01
  -5.01395830e+01  -8.01776968e+00  -5.87264684e+00  -5.87264679e+00
  -5.86912447e+00  -2.10607624e+00  -2.10607615e+00  -2.10157280e+00
  -2.10157279e+00  -2.09865673e+00  -8.32221775e-01  -4.96257753e-01
  -4.96246625e-01  -3.80554638e-01   1.36069710e-01   1.42713855e-01
   1.42719953e-01   3.03776773e-01   3.03779964e-01   3.42981146e-01
   3.44164402e-01   3.44166119e-01   4.27296760e-01   5.22542877e-01
   5.22544570e-01   5.41475203e-01   6.64990262e-01   6.65004999e-01
   6.88487580e-01   8.97027650e-01   9.29924729e-01   9.29941050e-01
   1.09882010e+00   1.09883294e+00   1.16575151e+00   1.21797757e+00
   1.21798103e+00   1.27257358e+00   1.27257576e+00   1.29235284e+00
   1.42528030e+00   1.45401299e+00   1.61534000e+00   1.61535296e+00
   1.64684223e+00   1.74250585e+00   1.74252872e+00   1.87699244e+00
   1.92328346e+00   1.92330387e+00   2.64324495e+00   2.73923603e+00
   2.73924107e+00   3.01704625e+00   3.01706304e+00   3.04902086e+00
   3.39148466e+00   3.39148893e+00   3.42230285e+00   3.44694473e+00
   3.44694477e+00   3.46299763e+00   3.48319271e+00   3.48319808e+00
   3.68742075e+00   3.71040708e+00   3.71041697e+00   3.80974225e+00
   3.83789041e+00   3.83791481e+00   3.97418012e+00   4.09509465e+00
   4.09509529e+00   4.15634383e+00   4.16187498e+00   4.21993816e+00
   4.21995108e+00   4.49382607e+00   4.55765766e+00   4.55771550e+00
   4.64122678e+00   4.64124705e+00   4.64774719e+00   5.13872543e+00
   5.13872558e+00   7.40817560e+00]
    CPU time for scf_cycle      1.50 sec, wall time      1.50 sec
    CPU time for SCF      1.50 sec, wall time      1.50 sec
converged SCF energy = -2235.93126414152
RHF E = -2235.93126414
RHF eps = [ -4.32569772e+02  -5.62954725e+01  -5.01402635e+01  -5.01402635e+01
  -5.01395830e+01  -8.01776968e+00  -5.87264684e+00  -5.87264679e+00
  -5.86912447e+00  -2.10607624e+00  -2.10607615e+00  -2.10157280e+00
  -2.10157279e+00  -2.09865673e+00  -8.32221775e-01  -4.96257753e-01
  -4.96246625e-01  -3.80554638e-01   1.36069710e-01   1.42713855e-01
   1.42719953e-01   3.03776773e-01   3.03779964e-01   3.42981146e-01
   3.44164402e-01   3.44166119e-01   4.27296760e-01   5.22542877e-01
   5.22544570e-01   5.41475203e-01   6.64990262e-01   6.65004999e-01
   6.88487580e-01   8.97027650e-01   9.29924729e-01   9.29941050e-01
   1.09882010e+00   1.09883294e+00   1.16575151e+00   1.21797757e+00
   1.21798103e+00   1.27257358e+00   1.27257576e+00   1.29235284e+00
   1.42528030e+00   1.45401299e+00   1.61534000e+00   1.61535296e+00
   1.64684223e+00   1.74250585e+00   1.74252872e+00   1.87699244e+00
   1.92328346e+00   1.92330387e+00   2.64324495e+00   2.73923603e+00
   2.73924107e+00   3.01704625e+00   3.01706304e+00   3.04902086e+00
   3.39148466e+00   3.39148893e+00   3.42230285e+00   3.44694473e+00
   3.44694477e+00   3.46299763e+00   3.48319271e+00   3.48319808e+00
   3.68742075e+00   3.71040708e+00   3.71041697e+00   3.80974225e+00
   3.83789041e+00   3.83791481e+00   3.97418012e+00   4.09509465e+00
   4.09509529e+00   4.15634383e+00   4.16187498e+00   4.21993816e+00
   4.21995108e+00   4.49382607e+00   4.55765766e+00   4.55771550e+00
   4.64122678e+00   4.64124705e+00   4.64774719e+00   5.13872543e+00
   5.13872558e+00   7.40817560e+00]
    CPU time for CCSD integral transformation      5.46 sec, wall time      5.48 sec

******** <class 'pyscf.cc.linrccsd.LinRCCSD'> flags ********
CCSD nocc = 9, nvir = 72
frozen orbitals [0, 1, 2, 3, 4, 5, 6, 7, 8]
max_cycle = 50
direct = 0
conv_tol = 1e-07
conv_tol_normt = 1e-05
diis_space = 6
diis_start_cycle = 0
diis_start_energy_diff = 1e+09
Init t2, MP2 energy = -0.28704685798217
    CPU time for init mp2      0.01 sec, wall time      0.01 sec
    CPU time for update t1 t2      0.55 sec, wall time      0.56 sec
istep = 0  E(CCSD) = -0.297383185178909  dE = -0.297383185  norm(t1,t2) = 0.0869337
    CPU time for CCSD iter      0.55 sec, wall time      0.56 sec
    CPU time for update t1 t2      0.54 sec, wall time      0.54 sec
DIIS for step 1
istep = 1  E(CCSD) = -0.309674501485557  dE = -0.0122913163  norm(t1,t2) = 0.033822
    CPU time for CCSD iter      0.54 sec, wall time      0.54 sec
    CPU time for update t1 t2      0.54 sec, wall time      0.53 sec
diis-c [ -1.61750691e-04   1.00000000e+00]
DIIS for step 2
istep = 2  E(CCSD) = -0.311353464857687  dE = -0.00167896337  norm(t1,t2) = 0.0176338
    CPU time for CCSD iter      0.54 sec, wall time      0.54 sec
    CPU time for update t1 t2      0.54 sec, wall time      0.54 sec
diis-c [ -1.63636032e-05  -9.74278154e-01   1.97427815e+00]
DIIS for step 3
istep = 3  E(CCSD) = -0.314197824572694  dE = -0.00284435972  norm(t1,t2) = 0.0100507
    CPU time for CCSD iter      0.55 sec, wall time      0.54 sec
    CPU time for update t1 t2      0.53 sec, wall time      0.54 sec
diis-c [ -2.93160302e-06  -1.38929242e-01   9.35395195e-02   1.04538972e+00]
DIIS for step 4
istep = 4  E(CCSD) = -0.313922869590163  dE = 0.000274954983  norm(t1,t2) = 0.00286419
    CPU time for CCSD iter      0.54 sec, wall time      0.54 sec
    CPU time for update t1 t2      0.53 sec, wall time      0.53 sec
diis-c [ -1.91245620e-07   2.65528875e-01  -4.45345749e-01  -5.50947340e-01
   1.73076421e+00]
DIIS for step 5
istep = 5  E(CCSD) = -0.313855489167777  dE = 6.73804224e-05  norm(t1,t2) = 0.00131596
    CPU time for CCSD iter      0.54 sec, wall time      0.54 sec
    CPU time for update t1 t2      0.54 sec, wall time      0.54 sec
diis-c [ -2.68885597e-08  -1.53768714e-01   2.67579371e-01   2.71778204e-01
  -1.04927068e+00   1.66368182e+00]
DIIS for step 6
istep = 6  E(CCSD) = -0.313890516072378  dE = -3.50269046e-05  norm(t1,t2) = 0.000334073
    CPU time for CCSD iter      0.55 sec, wall time      0.55 sec
    CPU time for update t1 t2      0.54 sec, wall time      0.54 sec
diis-c [ -3.80907397e-09  -1.28179815e-02   2.00849882e-02   2.90554263e-02
  -7.28682258e-02  -2.61954782e-01   1.29850058e+00]
DIIS for step 7
istep = 7  E(CCSD) = -0.313886310698997  dE = 4.20537338e-06  norm(t1,t2) = 0.000116122
    CPU time for CCSD iter      0.55 sec, wall time      0.55 sec
    CPU time for update t1 t2      0.54 sec, wall time      0.54 sec
diis-c [ -7.38512085e-10   1.28497203e+00  -3.13419679e-04   7.64597853e-04
   8.14337010e-03  -7.27038002e-03  -2.86296197e-01]
DIIS for step 8
istep = 8  E(CCSD) = -0.31388740933472  dE = -1.09863572e-06  norm(t1,t2) = 4.49e-05
    CPU time for CCSD iter      0.55 sec, wall time      0.55 sec
    CPU time for update t1 t2      0.53 sec, wall time      0.53 sec
diis-c [ -4.32724134e-11  -3.14162251e-01   1.42075104e+00  -3.59911015e-04
  -3.27994516e-03   5.80443599e-02  -1.60993293e-01]
DIIS for step 9
istep = 9  E(CCSD) = -0.313885064670596  dE = 2.34466412e-06  norm(t1,t2) = 1.76178e-05
    CPU time for CCSD iter      0.54 sec, wall time      0.54 sec
    CPU time for update t1 t2      0.53 sec, wall time      0.53 sec
diis-c [ -4.32881508e-12   3.68870768e-02  -5.59049388e-01   1.45360180e+00
   1.23884796e-03  -2.64353242e-02   9.37569856e-02]
DIIS for step 10
istep = 10  E(CCSD) = -0.313885266846768  dE = -2.02176172e-07  norm(t1,t2) = 4.30455e-06
    CPU time for CCSD iter      0.54 sec, wall time      0.54 sec
    CPU time for update t1 t2      0.53 sec, wall time      0.53 sec
diis-c [ -6.40515418e-13   4.50698704e-03  -5.04996238e-02  -1.07806954e-01
   1.14752260e+00  -2.12220438e-03   8.39919198e-03]
DIIS for step 11
istep = 11  E(CCSD) = -0.31388510355559  dE = 1.63291178e-07  norm(t1,t2) = 1.34814e-06
    CPU time for CCSD iter      0.54 sec, wall time      0.54 sec
    CPU time for update t1 t2      0.53 sec, wall time      0.53 sec
diis-c [ -1.02418074e-13  -4.17837429e-03   2.12918167e-02  -7.52247201e-02
  -6.54560454e-02   1.12375580e+00  -1.88476667e-04]
DIIS for step 12
istep = 12  E(CCSD) = -0.313885130057201  dE = -2.65016112e-08  norm(t1,t2) = 5.26102e-07
    CPU time for CCSD iter      0.54 sec, wall time      0.54 sec
    CPU time for CCSD      7.07 sec, wall time      7.08 sec
CCSD converged
E(linCCSD) = -2236.245149271576  E_corr = -0.3138851300572011
    CPU time for EOM-CCSD shared one-electron intermediates      0.05 sec, wall time      0.04 sec
    CPU time for EOM-CCSD shared two-electron intermediates      0.15 sec, wall time      0.15 sec
    CPU time for EOM-CCSD IP intermediates      0.21 sec, wall time      0.21 sec
tol 1e-07  toloose 0.000316228
max_cycle 50  max_space 38  max_memory 2000  incore True
davidson 0 6  |r|= 0.69  e= [ 0.43347323  0.54771344  0.54772411  0.87195386  2.12463525  2.12737613]  max|de|= 2.13  lindep=    1
davidson 1 12  |r|= 0.476  e= [ 0.38586785  0.48757313  0.48760294  0.75653386  2.01751235  2.06314022]  max|de|= -0.115  lindep= 0.878
davidson 2 18  |r|= 0.706  e= [ 0.38568813  0.48666377  0.48666857  0.73218642  1.92615661  2.20983927]  max|de|= 0.147  lindep= 0.761
davidson 3 24  |r|= 0.384  e= [ 0.385859    0.4868546   0.48686052  0.73101506  1.92090325  1.98936219]  max|de|= -0.22  lindep= 0.967
davidson 4 30  |r|= 1.05  e= [ 0.38586155  0.48682975  0.48683793  0.7309229   2.44237443  1.92993303]  max|de|= 0.521  lindep= 0.728
davidson 5 36  |r|= 0.233  e= [ 0.38586253  0.48683021  0.48683947  0.73091946  1.90909249  1.9183128 ]  max|de|= -0.533  lindep= 0.917
root 0 converged  |r|= 4.83e-05  e= 0.385862532666  max|de|= -1.55e-15
root 1 converged  |r|= 0.000105  e= 0.486830213203  max|de|= -1.55e-15
root 2 converged  |r|= 8.9e-05  e= 0.486839471832  max|de|= -1.22e-15
davidson 6 6  |r|= 0.233  e= [ 0.38586253  0.48683021  0.48683947  0.73091946  1.90909249  1.9183128 ]  max|de|= -1.55e-15  lindep=    1
davidson 7 9  |r|= 0.223  e= [ 0.38586255  0.48683022  0.48683955  0.73090816  1.8997074   1.90762219]  max|de|= -0.0107  lindep= 0.979
davidson 8 12  |r|= 0.218  e= [ 0.38586256  0.48683021  0.48683956  0.73090555  1.90512342  1.94657158]  max|de|= 0.0389  lindep= 0.782
davidson 9 15  |r|= 0.274  e= [ 0.38586251  0.48683021  0.48683957  0.73090485  1.90382611  1.92278931]  max|de|= -0.0238  lindep= 0.139
davidson 10 18  |r|= 0.258  e= [ 0.38586248  0.48683019  0.48683958  0.7309053   1.88737717  1.92396974]  max|de|= -0.0164  lindep= 0.638
davidson 11 21  |r|= 0.217  e= [ 0.38586249  0.48683019  0.48683956  0.73090442  1.87933527  1.92352867]  max|de|= -0.00804  lindep= 0.834
davidson 12 24  |r|= 0.234  e= [ 0.3858625   0.48683019  0.48683953  0.73090407  1.88767174  1.92655285]  max|de|= 0.00834  lindep= 0.849
davidson 13 27  |r|= 0.242  e= [ 0.38586231  0.48683019  0.48683947  0.73090431  1.88231137  1.92594142]  max|de|= -0.00536  lindep= 0.561
root 3 converged  |r|= 2.54e-06  e= 0.730904296954  max|de|= -1.66e-08
davidson 14 30  |r|= 0.238  e= [ 0.38586232  0.48683019  0.48683964  0.7309043   1.88768145  1.92592439]  max|de|= 0.00537  lindep= 0.218
davidson 15 32  |r|= 0.239  e= [ 0.38586232  0.48683025  0.48683964  0.7309043   1.88793614  1.92589813]  max|de|= 0.000255  lindep= 0.115
davidson 16 34  |r|= 0.235  e= [ 0.38586232  0.48683027  0.48683964  0.7309043   1.88768687  1.9255694 ]  max|de|= -0.000329  lindep= 0.0547
root 0 converged  |r|= 4.01e-05  e= 0.385862315902  max|de|= -1.55e-15
root 1 converged  |r|= 0.000104  e= 0.486830266139  max|de|= 8.33e-16
root 2 converged  |r|= 8.5e-05  e= 0.486839637071  max|de|= 5.55e-16
root 3 converged  |r|= 2.54e-06  e= 0.730904296964  max|de|= -2.55e-15
davidson 17 6  |r|= 0.235  e= [ 0.38586232  0.48683027  0.48683964  0.7309043   1.88768687  1.9255694 ]  max|de|= 2.89e-15  lindep= 0.977
davidson 18 8  |r|= 0.229  e= [ 0.38586232  0.48683026  0.48683964  0.7309043   1.88748797  1.92608245]  max|de|= 0.000513  lindep= 0.57
davidson 19 10  |r|= 0.236  e= [ 0.38586232  0.48683027  0.48683964  0.7309043   1.88754574  1.92620712]  max|de|= 0.000125  lindep= 0.0673
davidson 20 12  |r|= 0.232  e= [ 0.38586232  0.48683027  0.48683964  0.7309043   1.8900679   1.92622172]  max|de|= 0.00252  lindep= 0.774
davidson 21 14  |r|= 0.242  e= [ 0.38586232  0.48683027  0.48683964  0.7309043   1.88676382  1.92627325]  max|de|= -0.0033  lindep= 0.746
davidson 22 16  |r|= 0.237  e= [ 0.38586232  0.48683027  0.48683964  0.7309043   1.88777189  1.92578661]  max|de|= 0.00101  lindep= 0.831
davidson 23 18  |r|= 0.163  e= [ 0.38586232  0.48683026  0.48683965  0.7309043   1.8860212   1.92722457]  max|de|= -0.00175  lindep= 0.385
davidson 24 20  |r|= 0.198  e= [ 0.38586232  0.48683027  0.48683965  0.7309043   1.88864489  1.92061384]  max|de|= -0.00661  lindep= 0.22
davidson 25 22  |r|= 0.204  e= [ 0.38586232  0.48683028  0.48683964  0.7309043   1.88826391  1.91632865]  max|de|= -0.00429  lindep= 0.284
davidson 26 24  |r|= 0.223  e= [ 0.38586232  0.48683029  0.48683965  0.7309043   1.85144373  1.90966194]  max|de|= -0.0368  lindep= 0.863
davidson 27 26  |r|= 0.205  e= [ 0.38586232  0.48683028  0.48683965  0.7309043   1.88912421  1.91452229]  max|de|= 0.0377  lindep= 0.49
davidson 28 28  |r|= 0.243  e= [ 0.38586232  0.48683028  0.48683965  0.7309043   1.88238636  1.93887743]  max|de|= 0.0244  lindep= 0.693
davidson 29 30  |r|= 0.232  e= [ 0.38586232  0.4868303   0.48683963  0.7309043   1.88747112  1.94480895]  max|de|= 0.00593  lindep= 0.69
davidson 30 32  |r|= 0.233  e= [ 0.38586232  0.48683027  0.48683965  0.7309043   1.88683251  1.90908577]  max|de|= -0.0357  lindep= 0.424
davidson 31 34  |r|= 0.229  e= [ 0.38586232  0.48683032  0.48683963  0.7309043   1.88469327  1.94363105]  max|de|= 0.0345  lindep= 0.392
root 0 converged  |r|= 4e-05  e= 0.385862319326  max|de|= -2.78e-16
root 1 converged  |r|= 0.000103  e= 0.486830318788  max|de|= -3.33e-16
root 2 converged  |r|= 8.43e-05  e= 0.486839633601  max|de|= -3.33e-16
root 3 converged  |r|= 2.53e-06  e= 0.730904296487  max|de|= 4.44e-16
davidson 32 6  |r|= 0.229  e= [ 0.38586232  0.48683032  0.48683963  0.7309043   1.88469327  1.94363105]  max|de|= 2.66e-15  lindep= 0.999
davidson 33 8  |r|= 0.247  e= [ 0.38586232  0.48683029  0.48683963  0.7309043   1.88256944  1.94298257]  max|de|= -0.00212  lindep= 0.162
davidson 34 10  |r|= 0.233  e= [ 0.38586232  0.48683027  0.48683963  0.7309043   1.88367806  1.93074699]  max|de|= -0.0122  lindep= 0.811
davidson 35 12  |r|= 0.217  e= [ 0.38586232  0.48683028  0.48683963  0.7309043   1.88179295  1.93558617]  max|de|= 0.00484  lindep= 0.695
davidson 36 14  |r|= 0.252  e= [ 0.38586232  0.48683029  0.48683961  0.7309043   1.88001752  1.92474514]  max|de|= -0.0108  lindep= 0.653
davidson 37 16  |r|= 0.234  e= [ 0.38586232  0.4868303   0.48683963  0.7309043   1.88227638  1.92119318]  max|de|= -0.00355  lindep= 0.42
davidson 38 18  |r|= 0.247  e= [ 0.38586232  0.4868303   0.48683963  0.7309043   1.87828481  1.92543353]  max|de|= 0.00424  lindep= 0.799
davidson 39 20  |r|= 0.228  e= [ 0.38586232  0.4868303   0.48683963  0.7309043   1.88130376  1.93118213]  max|de|= 0.00575  lindep= 0.412
davidson 40 22  |r|= 0.222  e= [ 0.38586232  0.4868303   0.48683963  0.7309043   1.88117433  1.92731515]  max|de|= -0.00387  lindep= 0.402
davidson 41 24  |r|= 0.204  e= [ 0.38586232  0.4868303   0.48683964  0.7309043   1.88228378  1.9199933 ]  max|de|= -0.00732  lindep= 0.593
davidson 42 26  |r|= 0.197  e= [ 0.38586232  0.48683029  0.48683964  0.7309043   1.87989664  1.92167394]  max|de|= -0.00239  lindep= 0.304
davidson 43 28  |r|= 0.205  e= [ 0.38586232  0.48683026  0.48683966  0.7309043   1.87980705  1.92197981]  max|de|= 0.000306  lindep= 0.387
davidson 44 30  |r|= 0.253  e= [ 0.38586232  0.48683026  0.48683966  0.7309043   1.87973789  1.92379946]  max|de|= 0.00182  lindep= 0.276
davidson 45 32  |r|= 0.22  e= [ 0.38586232  0.48683024  0.48683969  0.7309043   1.8793004   1.93282379]  max|de|= 0.00902  lindep= 0.463
davidson 46 34  |r|= 0.25  e= [ 0.38586232  0.48683024  0.48683971  0.7309043   1.87914243  1.93894387]  max|de|= 0.00612  lindep= 0.113
root 0 converged  |r|= 3.98e-05  e= 0.385862317475  max|de|= -9.99e-16
root 1 converged  |r|= 0.000102  e= 0.48683024428  max|de|= 6.11e-16
root 2 converged  |r|= 8.36e-05  e= 0.486839710202  max|de|= 3.89e-16
root 3 converged  |r|= 2.52e-06  e= 0.730904296386  max|de|= -3.33e-16
davidson 47 6  |r|= 0.25  e= [ 0.38586232  0.48683024  0.48683971  0.7309043   1.87914243  1.93894387]  max|de|= -2.22e-15  lindep= 0.95
davidson 48 8  |r|= 0.233  e= [ 0.38586232  0.48683025  0.48683971  0.7309043   1.8788774   1.93861479]  max|de|= -0.000329  lindep= 0.197
davidson 49 10  |r|= 0.271  e= [ 0.38586232  0.48683025  0.48683971  0.7309043   1.87881972  1.9421933 ]  max|de|= 0.00358  lindep= 0.114
IP root 0 E = 0.3858623179738197  qpwt = 0.965678
IP root 1 E = 0.4868302481723598  qpwt = 0.951481
IP root 2 E = 0.4868397131561535  qpwt = 0.951481
IP root 3 E = 0.7309042965881203  qpwt = 0.67366
IP root 4 E = 1.878819717754396  qpwt = 0.180631
IP root 5 E = 1.942193304315524  qpwt = 0.054625
    CPU time for IP-CCSD      2.67 sec, wall time      2.67 sec
    CPU time for EOM-CCSD shared one-electron intermediates      0.04 sec, wall time      0.04 sec
    CPU time for EOM-CCSD EA intermediates      3.86 sec, wall time      3.86 sec
tol 1e-07  toloose 0.000316228
max_cycle 50  max_space 38  max_memory 2000  incore True
davidson 0 6  |r|= 0.242  e= [ 0.14273377  0.16196257  0.1619676   0.31158342  0.31158641  0.35730221]  max|de|= 0.357  lindep=    1
davidson 1 12  |r|= 0.0438  e= [ 0.10797422  0.11489768  0.11490058  0.27514215  0.2751128   0.30957326]  max|de|= -0.0477  lindep= 0.973
davidson 2 18  |r|= 0.014  e= [ 0.10566087  0.1124093   0.11241263  0.27407417  0.27407341  0.30838081]  max|de|= -0.00249  lindep= 0.889
davidson 3 24  |r|= 0.00368  e= [ 0.10579217  0.11259203  0.11259874  0.27412417  0.2741263   0.30851303]  max|de|= 0.000186  lindep= 0.825
davidson 4 30  |r|= 0.00198  e= [ 0.10578701  0.11255669  0.11256297  0.27413624  0.27413818  0.30848922]  max|de|= -3.58e-05  lindep= 0.75
davidson 5 36  |r|= 0.00125  e= [ 0.10578899  0.11255938  0.11256539  0.27414759  0.27415003  0.30847251]  max|de|= -1.67e-05  lindep= 0.617
root 0 converged  |r|= 0.000142  e= 0.105788992887  max|de|= 2.08e-16
root 1 converged  |r|= 8.58e-05  e= 0.112559375504  max|de|= 6.52e-16
root 2 converged  |r|= 8.64e-05  e= 0.112565391237  max|de|= -2.78e-16
davidson 6 6  |r|= 0.00125  e= [ 0.10578899  0.11255938  0.11256539  0.27414759  0.27415003  0.30847251]  max|de|= -2.61e-15  lindep=    1
davidson 7 9  |r|= 0.000649  e= [ 0.1057894   0.11255929  0.11256547  0.2741362   0.27414464  0.3084737 ]  max|de|= -1.14e-05  lindep= 0.407
davidson 8 12  |r|= 0.000515  e= [ 0.10578939  0.11255938  0.11256549  0.27413507  0.27412926  0.30847289]  max|de|= -1.54e-05  lindep= 0.21
davidson 9 15  |r|= 0.000261  e= [ 0.10578949  0.11255937  0.11256548  0.27412538  0.27413058  0.30847028]  max|de|= -9.69e-06  lindep= 0.737
davidson 10 18  |r|= 0.000252  e= [ 0.10578949  0.11255935  0.11256533  0.27413069  0.27413323  0.30847431]  max|de|= 5.31e-06  lindep= 0.399
davidson 11 21  |r|= 8.77e-05  e= [ 0.1057895   0.11255936  0.11256542  0.27413115  0.27413466  0.30846959]  max|de|= -4.72e-06  lindep= 0.821
root 3 converged  |r|= 6.46e-06  e= 0.274131053494  max|de|= -9.39e-08
davidson 12 24  |r|= 2.35e-05  e= [ 0.10578939  0.11255928  0.11256531  0.27413105  0.27413421  0.30847143]  max|de|= 1.84e-06  lindep= 0.696
davidson 13 26  |r|= 6.94e-06  e= [ 0.10578931  0.11255929  0.11256538  0.27413107  0.27413451  0.30847126]  max|de|= 2.94e-07  lindep= 0.177
root 4 converged  |r|= 6.86e-07  e= 0.274134412121  max|de|= -9.39e-08
root 5 converged  |r|= 4.78e-06  e= 0.308471340777  max|de|= 8.3e-08
converge 14 28  |r|= 4.78e-06  e= [ 0.10578938  0.11255946  0.11256537  0.27413107  0.27413441  0.30847134]  max|de|= 1.75e-07
EA root 0 E = 0.1057893779030571  qpwt = 0.98176
EA root 1 E = 0.1125594643723629  qpwt = 0.974506
EA root 2 E = 0.1125653684613104  qpwt = 0.974506
EA root 3 E = 0.2741310672670199  qpwt = 0.963151
EA root 4 E = 0.2741344121213553  qpwt = 0.96315
EA root 5 E = 0.3084713407773627  qpwt = 0.974407
    CPU time for EA-CCSD     16.76 sec, wall time     16.76 sec
