

******** <class 'pyscf.scf.hf.RHF'> flags ********
method = RHF
initial guess = minao
damping factor = 0
level shift factor = 0
Do DIIS = True
DIIS start cycle = 1
DIIS space = 8
SCF tol = 1e-09
SCF gradient tol = None
max. SCF cycles = 50
direct_scf = True
direct_scf_tol = 1e-13
chkfile to save SCF result = /tmp/tmpKv3LLJ
max_memory 4000 MB (current use 39 MB)
Set gradient conv threshold to 3.16228e-05
Nelec from initial guess = 7.99961
cond(S) = 1928.96575932
E_coul = 14.9153298674311
init E= -26.1175490901535
    CPU time for initialize scf      0.26 sec, wall time      0.26 sec
  HOMO = -0.379711514538636  LUMO = -0.0256933604841029
  mo_energy =
[ -7.67386101  -0.88806526  -0.37971265  -0.37971151  -0.02569336
   0.1279987    0.16304603   0.16304723   0.21655548   0.24867489
   0.25048139   0.25048243   0.51195976   0.51196056   0.52476158
   0.52476281   0.54911212   0.73002107   0.75542953   0.844911
   0.84492041   0.90536282   0.9053629    0.90983113   1.09203672
   1.11404793   1.11405346   1.12857609   1.40299027   1.40300452
   1.58415566   1.61752294   1.61752418   1.97332477   1.97332606
   2.07837108   2.11872127   2.11872892   2.2278618    2.23094926
   2.23096761   2.37095667   2.42017053   2.44033882   2.44034723
   3.08505948   3.08507225   3.26265142   3.4170283    3.73113579
   3.73114188   3.81665356   3.81668351   3.98461472   4.01132427
   4.06088509   4.13555192   4.13558251   4.20577481   4.20577952
   4.32373643   4.51603447   4.51603803   4.70797834   4.70800903
   4.8183054    4.81834161   4.83004775   5.06052457   5.06054627
   5.36079479   5.72336107  16.3704252 ]
E_coul = 14.9585515680605
cycle= 1 E= -26.3844912117122  delta_E= -0.267  |g|= 0.185  |ddm|= 1.06
    CPU time for cycle= 1      0.02 sec, wall time      0.03 sec
diis-norm(errvec)=0.678421
diis-c [-0.46025494  1.        ]
  HOMO = -0.51412698150313  LUMO = 0.0369472929707865
  mo_energy =
[ -7.67773457  -0.73386188  -0.51412773  -0.51412698   0.03694729
   0.13227383   0.16626573   0.16626667   0.24520097   0.26340793
   0.26340858   0.26589065   0.51225945   0.51226035   0.54597206
   0.54597325   0.57074359   0.75532051   0.76782352   0.86418776
   0.86419398   0.90879799   0.90880107   0.93443514   1.10746734
   1.12141035   1.12638166   1.12638651   1.42381415   1.42382872
   1.6069306    1.64354609   1.64354757   1.9790434    1.97904408
   2.10157739   2.12619844   2.12620473   2.21627981   2.24144055
   2.24145909   2.40673484   2.43340295   2.45522141   2.45523043
   3.14219977   3.14221551   3.30939973   3.46360656   3.77273494
   3.77274276   3.86288279   3.86291376   4.03467256   4.06768114
   4.11138212   4.19970995   4.19974234   4.25536003   4.2553629
   4.36155118   4.56964038   4.56964268   4.74187816   4.74191056
   4.86199311   4.86203132   4.88936296   5.11250377   5.11252427
   5.40982587   5.77931929  16.36141534]
E_coul = 15.2394272222535
cycle= 2 E= -26.3996956586368  delta_E= -0.0152  |g|= 0.046  |ddm|= 0.194
    CPU time for cycle= 2      0.03 sec, wall time      0.03 sec
diis-norm(errvec)=0.178897
diis-c [-0.02534398 -0.14122741  1.14122741]
  HOMO = -0.493933418000159  LUMO = 0.0569698494546722
  mo_energy =
[ -7.59186316  -0.70138854  -0.4939339   -0.49393342   0.05696985
   0.13757221   0.16971089   0.16971165   0.25649329   0.27286789
   0.27286828   0.28774916   0.52837133   0.52837225   0.56166876
   0.56166974   0.58603891   0.77157115   0.78697431   0.88774621
   0.88775208   0.92007411   0.92007733   0.94617165   1.12524435
   1.13850698   1.13851174   1.15774767   1.43473615   1.43475117
   1.63004114   1.66965242   1.66965443   2.01926707   2.01926768
   2.13396525   2.15762387   2.15762988   2.24417429   2.27142565
   2.27144427   2.4377763    2.47045089   2.49519673   2.49520618
   3.16302993   3.16304588   3.33043272   3.48352877   3.79177158
   3.79177978   3.88407521   3.88410662   4.05196771   4.09536809
   4.12461433   4.22832906   4.22836159   4.2726271    4.27262996
   4.37899307   4.59103164   4.59103259   4.76702446   4.7670576
   4.88736601   4.88740456   4.92471557   5.14471348   5.14473246
   5.43576163   5.80648632  16.44000621]
E_coul = 15.2067696236338
cycle= 3 E= -26.4006541338248  delta_E= -0.000958  |g|= 0.00846  |ddm|= 0.0711
    CPU time for cycle= 3      0.03 sec, wall time      0.03 sec
diis-norm(errvec)=0.0306911
diis-c [ -1.26730641e-04  -3.54200845e-02  -5.33032942e-02   1.08872338e+00]
  HOMO = -0.49849706109218  LUMO = 0.0540609182129845
  mo_energy =
[ -7.61218196  -0.70454323  -0.49849764  -0.49849706   0.05406092
   0.13711091   0.1693615    0.16936227   0.25603848   0.27183128
   0.27183163   0.28397623   0.52580283   0.52580371   0.55958585
   0.55958687   0.58372614   0.77034804   0.78442402   0.88337209
   0.88337786   0.91876355   0.91876678   0.9456386    1.12383116
   1.13744734   1.13745219   1.14896076   1.43405163   1.43406646
   1.62676884   1.66537654   1.66537836   2.01162339   2.01162395
   2.12867143   2.15196487   2.15197086   2.23864759   2.26635729
   2.26637588   2.43344174   2.46388387   2.48779949   2.48780884
   3.16234249   3.16235828   3.32938031   3.48261954   3.79089958
   3.79090757   3.88290094   3.8829322    4.05161587   4.09344696
   4.12521132   4.226216     4.22624845   4.27266419   4.27266718
   4.37812708   4.58997592   4.58997719   4.76433231   4.76436519
   4.88469124   4.88472959   4.92088352   5.14096556   5.14098484
   5.4333921    5.80428024  16.4215758 ]
E_coul = 15.2165247238545
cycle= 4 E= -26.4006922218733  delta_E= -3.81e-05  |g|= 0.000704  |ddm|= 0.0147
    CPU time for cycle= 4      0.02 sec, wall time      0.03 sec
diis-norm(errvec)=0.00269481
diis-c [ -1.61148527e-06   9.57865850e-03  -4.58384170e-04  -2.26458657e-01
   1.21733838e+00]
  HOMO = -0.49839674459607  LUMO = 0.0541204394018103
  mo_energy =
[ -7.61133762  -0.70427656  -0.49839731  -0.49839674   0.05412044
   0.13714803   0.1693633    0.16936406   0.25606173   0.2718248
   0.27182515   0.28409981   0.52584375   0.52584463   0.55960382
   0.55960485   0.5837362    0.77036479   0.78453936   0.88343145
   0.88343723   0.91876773   0.91877095   0.94564596   1.12383435
   1.13744673   1.13745158   1.14923203   1.43406174   1.43407657
   1.6268428    1.66547943   1.66548126   2.01180285   2.01180341
   2.12879707   2.15207931   2.15208531   2.23875206   2.26644965
   2.26646825   2.43352908   2.46405703   2.48797602   2.48798537
   3.16228183   3.16229763   3.32931585   3.48257865   3.79084988
   3.79085788   3.88285932   3.88289059   4.05157264   4.09339428
   4.12513762   4.22619286   4.22622531   4.27257317   4.27257616
   4.37808622   4.58994208   4.58994334   4.76432697   4.76435986
   4.88472643   4.88476479   4.92092369   5.14101426   5.14103353
   5.43339096   5.80426204  16.42235391]
E_coul = 15.216148015418
cycle= 5 E= -26.4006925187816  delta_E= -2.97e-07  |g|= 8.9e-05  |ddm|= 0.00138
    CPU time for cycle= 5      0.03 sec, wall time      0.03 sec
diis-norm(errvec)=0.000347297
diis-c [ -3.32009992e-08  -1.60253010e-03   9.80257643e-04   3.21601854e-02
  -2.75726322e-01   1.24418841e+00]
  HOMO = -0.498407287637628  LUMO = 0.0541223060209429
  mo_energy =
[ -7.61137303  -0.70427876  -0.49840786  -0.49840729   0.05412231
   0.13715293   0.16936613   0.16936689   0.25606851   0.27182372
   0.27182406   0.2841067    0.52584816   0.52584904   0.55960309
   0.55960411   0.58374281   0.77037146   0.78455032   0.88343644
   0.88344221   0.91877159   0.91877481   0.94564921   1.12383367
   1.13744817   1.13745302   1.14923443   1.43406495   1.43407978
   1.62684302   1.66547528   1.6654771    2.01181196   2.01181251
   2.1288076    2.15208932   2.15209531   2.238762     2.26645741
   2.26647601   2.43353745   2.46406596   2.4879815    2.48799085
   3.16227753   3.16229333   3.32930919   3.48257616   3.7908454
   3.7908534    3.88285588   3.88288714   4.05156873   4.09338966
   4.12512846   4.22618983   4.22622229   4.27256344   4.27256643
   4.3780764    4.58993415   4.58993542   4.76432268   4.76435557
   4.88471678   4.88475514   4.92092009   5.14101098   5.14103024
   5.43338323   5.80426241  16.42231746]
E_coul = 15.216171298005
cycle= 6 E= -26.4006925247422  delta_E= -5.96e-09  |g|= 1.26e-05  |ddm|= 0.000214
    CPU time for cycle= 6      0.03 sec, wall time      0.03 sec
diis-norm(errvec)=5.10685e-05
diis-c [ -1.80957693e-10   2.27209506e-04  -1.80722787e-04  -3.93404294e-03
   4.98202998e-02  -3.53927955e-01   1.30799521e+00]
  HOMO = -0.49840647630442  LUMO = 0.0541212887000548
  mo_energy =
[ -7.61137333  -0.70428005  -0.49840705  -0.49840648   0.05412129
   0.13715236   0.16936563   0.16936639   0.25606667   0.27182114
   0.27182148   0.28410572   0.52584665   0.52584753   0.55960099
   0.55960202   0.5837411    0.77036979   0.78454888   0.8834339
   0.88343967   0.91877012   0.91877334   0.94564725   1.1238313
   1.13744624   1.13745109   1.14923323   1.43406314   1.43407797
   1.62683987   1.66547201   1.66547383   2.01180962   2.01181018
   2.12880529   2.15208716   2.15209316   2.23876044   2.26645501
   2.26647361   2.43353454   2.46406366   2.48797882   2.48798818
   3.1622727    3.1622885    3.32930428   3.48257192   3.79084104
   3.79084903   3.88285141   3.88288268   4.05156424   4.09338442
   4.1251235    4.2261846    4.22621705   4.27255822   4.2725612
   4.37807165   4.58992908   4.58993035   4.76431826   4.76435115
   4.88471198   4.88475034   4.92091491   5.14100616   5.14102543
   5.43337807   5.80425781  16.42231748]
E_coul = 15.2161734059708
cycle= 7 E= -26.4006925248683  delta_E= -1.26e-10  |g|= 1.03e-06  |ddm|= 3.33e-05
    CPU time for cycle= 7      0.03 sec, wall time      0.03 sec
  HOMO = -0.4984064459923  LUMO = 0.0541214986787619
  mo_energy =
[ -7.61137275  -0.70428011  -0.49840702  -0.49840645   0.0541215
   0.13715239   0.16936571   0.16936647   0.25606685   0.27182131
   0.27182166   0.28410589   0.5258468    0.52584768   0.55960116
   0.55960218   0.58374131   0.77036998   0.78454905   0.88343427
   0.88344004   0.91877026   0.91877348   0.94564742   1.12383144
   1.13744638   1.13745123   1.14923355   1.4340633    1.43407813
   1.62684011   1.6654723    1.66547412   2.01181001   2.01181057
   2.12880565   2.15208749   2.15209348   2.23876069   2.26645533
   2.26647392   2.43353491   2.464064     2.48797924   2.4879886
   3.16227297   3.16228877   3.32930452   3.48257218   3.79084128
   3.79084928   3.88285168   3.88288295   4.05156449   4.09338473
   4.1251237    4.22618494   4.22621739   4.27255844   4.27256142
   4.37807186   4.58992934   4.58993061   4.76431853   4.76435141
   4.88471226   4.88475061   4.92091528   5.14100652   5.14102579
   5.43337835   5.80425813  16.42231804]
    CPU time for scf_cycle      0.45 sec, wall time      0.46 sec
    CPU time for SCF      0.45 sec, wall time      0.46 sec
converged SCF energy = -26.4006925248683
RHF E = -26.4006925249
RHF eps = [ -7.61137275  -0.70428011  -0.49840702  -0.49840645   0.0541215
   0.13715239   0.16936571   0.16936647   0.25606685   0.27182131
   0.27182166   0.28410589   0.5258468    0.52584768   0.55960116
   0.55960218   0.58374131   0.77036998   0.78454905   0.88343427
   0.88344004   0.91877026   0.91877348   0.94564742   1.12383144
   1.13744638   1.13745123   1.14923355   1.4340633    1.43407813
   1.62684011   1.6654723    1.66547412   2.01181001   2.01181057
   2.12880565   2.15208749   2.15209348   2.23876069   2.26645533
   2.26647392   2.43353491   2.464064     2.48797924   2.4879886
   3.16227297   3.16228877   3.32930452   3.48257218   3.79084128
   3.79084928   3.88285168   3.88288295   4.05156449   4.09338473
   4.1251237    4.22618494   4.22621739   4.27255844   4.27256142
   4.37807186   4.58992934   4.58993061   4.76431853   4.76435141
   4.88471226   4.88475061   4.92091528   5.14100652   5.14102579
   5.43337835   5.80425813  16.42231804]
    CPU time for CCSD integral transformation      2.33 sec, wall time      2.32 sec

******** <class 'pyscf.cc.linrccsd.LinRCCSD'> flags ********
CCSD nocc = 3, nvir = 69
frozen orbitals [0]
max_cycle = 50
direct = 0
conv_tol = 1e-07
conv_tol_normt = 1e-05
diis_space = 6
diis_start_cycle = 0
diis_start_energy_diff = 1e+09
Init t2, MP2 energy = -0.113289272692762
    CPU time for init mp2      0.01 sec, wall time      0.00 sec
    CPU time for update t1 t2      0.10 sec, wall time      0.10 sec
istep = 0  E(CCSD) = -0.131500685986379  dE = -0.131500686  norm(t1,t2) = 0.0527387
    CPU time for CCSD iter      0.10 sec, wall time      0.10 sec
    CPU time for update t1 t2      0.09 sec, wall time      0.10 sec
DIIS for step 1
istep = 1  E(CCSD) = -0.1365330952363  dE = -0.00503240925  norm(t1,t2) = 0.0188844
    CPU time for CCSD iter      0.09 sec, wall time      0.10 sec
    CPU time for update t1 t2      0.10 sec, wall time      0.10 sec
diis-c [ -4.08731955e-05   1.00000000e+00]
DIIS for step 2
istep = 2  E(CCSD) = -0.138139943246674  dE = -0.00160684801  norm(t1,t2) = 0.00804367
    CPU time for CCSD iter      0.10 sec, wall time      0.10 sec
    CPU time for update t1 t2      0.10 sec, wall time      0.10 sec
diis-c [ -6.26111592e-07  -7.48498217e-01   1.74849822e+00]
DIIS for step 3
istep = 3  E(CCSD) = -0.139158495474971  dE = -0.00101855223  norm(t1,t2) = 0.00364935
    CPU time for CCSD iter      0.10 sec, wall time      0.10 sec
    CPU time for update t1 t2      0.10 sec, wall time      0.10 sec
diis-c [ -3.74324632e-08   4.46646185e-01  -1.08266141e+00   1.63601523e+00]
DIIS for step 4
istep = 4  E(CCSD) = -0.139110137396859  dE = 4.83580781e-05  norm(t1,t2) = 0.000492892
    CPU time for CCSD iter      0.11 sec, wall time      0.10 sec
    CPU time for update t1 t2      0.10 sec, wall time      0.10 sec
diis-c [ -5.43027281e-09  -9.85114876e-02   2.42260491e-01  -4.88588100e-01
   1.34483910e+00]
DIIS for step 5
istep = 5  E(CCSD) = -0.139113684643818  dE = -3.54724696e-06  norm(t1,t2) = 0.000114863
    CPU time for CCSD iter      0.10 sec, wall time      0.10 sec
    CPU time for update t1 t2      0.10 sec, wall time      0.10 sec
diis-c [ -4.03745426e-10  -6.07752287e-02   1.47187018e-01  -1.99001201e-01
  -2.02477290e-01   1.31506670e+00]
DIIS for step 6
istep = 6  E(CCSD) = -0.139115649134658  dE = -1.96449084e-06  norm(t1,t2) = 4.05232e-05
    CPU time for CCSD iter      0.11 sec, wall time      0.10 sec
    CPU time for update t1 t2      0.09 sec, wall time      0.10 sec
diis-c [ -1.96715422e-11   4.05668162e-02  -9.87624123e-02   1.46618655e-01
   1.31286474e-02  -7.36392706e-01   1.63484100e+00]
DIIS for step 7
istep = 7  E(CCSD) = -0.139115286525718  dE = 3.6260894e-07  norm(t1,t2) = 1.13332e-05
    CPU time for CCSD iter      0.10 sec, wall time      0.10 sec
    CPU time for update t1 t2      0.09 sec, wall time      0.10 sec
diis-c [ -2.39686049e-12   1.15762369e+00   1.03258228e-04  -1.34563069e-03
   8.03045551e-03   3.04518582e-03  -1.67456963e-01]
DIIS for step 8
istep = 8  E(CCSD) = -0.139115266002506  dE = 2.05232126e-08  norm(t1,t2) = 2.60075e-06
    CPU time for CCSD iter      0.10 sec, wall time      0.10 sec
    CPU time for CCSD      0.91 sec, wall time      0.91 sec
CCSD converged
E(linCCSD) = -26.53980779087079  E_corr = -0.1391152660025056
    CPU time for EOM-CCSD shared one-electron intermediates      0.01 sec, wall time      0.01 sec
    CPU time for EOM-CCSD shared two-electron intermediates      0.01 sec, wall time      0.01 sec
    CPU time for EOM-CCSD IP intermediates      0.01 sec, wall time      0.02 sec
tol 1e-07  toloose 0.000316228
max_cycle 50  max_space 32  max_memory 2000  incore True
davidson 0 4  |r|= 0.211  e= [  0.54477713   0.54477762   0.74453059  16.94748808]  max|de|= 16.9  lindep=    1
davidson 1 8  |r|= 0.171  e= [  0.4917225    0.49171413   0.67782793  16.98599599]  max|de|= -0.0667  lindep= 0.979
davidson 2 12  |r|= 0.14  e= [  0.49070681   0.49071315   0.6756917   16.90897766]  max|de|= -0.077  lindep= 0.98
davidson 3 16  |r|= 0.0456  e= [  0.49076289   0.49076387   0.67575254  16.86769003]  max|de|= -0.0413  lindep= 0.947
davidson 4 20  |r|= 0.00166  e= [  0.49075799   0.49075607   0.6757407   16.86788731]  max|de|= 0.000197  lindep= 0.448
davidson 5 24  |r|= 0.000435  e= [  0.49075453   0.49075369   0.67573462  16.86792128]  max|de|= 3.4e-05  lindep= 0.726
davidson 6 28  |r|= 6.31e-05  e= [  0.49075509   0.4907549    0.67573795  16.86792096]  max|de|= 3.33e-06  lindep= 0.969
root 3 converged  |r|= 1.71e-07  e= 16.8679209551  max|de|= -3.8e-10
davidson 7 32  |r|= 1.29e-05  e= [  0.49075554   0.49075544   0.67573918  16.86792096]  max|de|= 1.23e-06  lindep= 0.953
root 0 converged  |r|= 2.69e-06  e= 0.490755544652  max|de|= 5.16e-15
root 1 converged  |r|= 3.17e-06  e= 0.49075543537  max|de|= -8.88e-16
root 2 converged  |r|= 1.29e-05  e= 0.67573917949  max|de|= -4.44e-16
root 3 converged  |r|= 1.71e-07  e= 16.8679209551  max|de|= -3.55e-15
converge 8 4  |r|= 1.29e-05  e= [  0.49075554   0.49075544   0.67573918  16.86792096]  max|de|= 5.16e-15
IP root 0 E = 0.4907555446516234  qpwt = 0.962491
IP root 1 E = 0.490755435369608  qpwt = 0.962491
IP root 2 E = 0.6757391794900472  qpwt = 0.923629
IP root 3 E = 16.86792095512049  qpwt = 9.88598e-10
    CPU time for IP-CCSD      0.14 sec, wall time      0.14 sec
    CPU time for EOM-CCSD shared one-electron intermediates      0.01 sec, wall time      0.01 sec
    CPU time for EOM-CCSD EA intermediates      1.45 sec, wall time      1.46 sec
tol 1e-07  toloose 0.000316228
max_cycle 50  max_space 38  max_memory 2000  incore True
davidson 0 6  |r|= 0.203  e= [ 0.06191226  0.13950913  0.17173186  0.17173245  0.26101582  0.27843569]  max|de|= 0.278  lindep=    1
davidson 1 12  |r|= 0.0464  e= [ 0.01966831  0.12413798  0.15967137  0.15967331  0.23091834  0.2472732 ]  max|de|= -0.0422  lindep= 0.996
davidson 2 18  |r|= 0.0212  e= [ 0.01273094  0.12343162  0.15896528  0.15895034  0.22751347  0.24449807]  max|de|= -0.00694  lindep= 0.979
davidson 3 24  |r|= 0.00413  e= [ 0.01275324  0.12347988  0.15900758  0.15900962  0.22780234  0.2446514 ]  max|de|= 0.000289  lindep= 0.963
davidson 4 30  |r|= 0.00108  e= [ 0.01282421  0.1234892   0.15902063  0.15901749  0.22782431  0.24465514]  max|de|= 7.1e-05  lindep= 0.715
root 3 converged  |r|= 6.92e-05  e= 0.159017581313  max|de|= 8.87e-08
davidson 5 36  |r|= 0.000519  e= [ 0.01282525  0.12348846  0.15901855  0.15901758  0.22782518  0.24465775]  max|de|= 2.61e-06  lindep= 0.682
root 0 converged  |r|= 9.75e-05  e= 0.0128252456833  max|de|= 7.29e-16
root 1 converged  |r|= 2.73e-05  e= 0.123488457975  max|de|= 1.39e-16
root 2 converged  |r|= 0.000187  e= 0.159018549025  max|de|= 8.33e-17
root 3 converged  |r|= 6.92e-05  e= 0.159017581313  max|de|= 5.27e-16
root 4 converged  |r|= 0.000201  e= 0.227825180859  max|de|= 1.39e-16
davidson 6 6  |r|= 0.000519  e= [ 0.01282525  0.12348846  0.15901855  0.15901758  0.22782518  0.24465775]  max|de|= 7.29e-16  lindep=    1
davidson 7 7  |r|= 0.000187  e= [ 0.01282525  0.12348846  0.15901855  0.15901778  0.22782518  0.24465709]  max|de|= -6.62e-07  lindep= 0.825
davidson 8 8  |r|= 0.000104  e= [ 0.01282525  0.12348846  0.15901855  0.15901777  0.22782518  0.2446557 ]  max|de|= -1.39e-06  lindep= 0.897
davidson 9 9  |r|= 3.19e-05  e= [ 0.01282525  0.12348846  0.15901855  0.15901777  0.22782518  0.24465666]  max|de|= 9.57e-07  lindep= 0.699
davidson 10 10  |r|= 7.92e-06  e= [ 0.01282525  0.12348846  0.15901855  0.15901773  0.22782518  0.24465685]  max|de|= 1.94e-07  lindep= 0.957
davidson 11 11  |r|= 2.27e-06  e= [ 0.01282525  0.12348846  0.15901855  0.15901773  0.22782518  0.24465709]  max|de|= 2.45e-07  lindep= 0.453
davidson 12 12  |r|= 5.81e-07  e= [ 0.01282525  0.12348846  0.15901855  0.15901778  0.22782518  0.24465698]  max|de|= -1.19e-07  lindep= 0.485
root 5 converged  |r|= 1.48e-07  e= 0.244657000386  max|de|= 2.42e-08
converge 13 13  |r|= 1.48e-07  e= [ 0.01282525  0.12348846  0.15901855  0.15901781  0.22782518  0.244657  ]  max|de|= 3.19e-08
EA root 0 E = 0.01282524568332353  qpwt = 0.972243
EA root 1 E = 0.1234884579752069  qpwt = 0.990353
EA root 2 E = 0.1590185490247635  qpwt = 0.992325
EA root 3 E = 0.1590178136094256  qpwt = 0.992324
EA root 4 E = 0.2278251808590115  qpwt = 0.972755
EA root 5 E = 0.2446570003855856  qpwt = 0.977575
    CPU time for EA-CCSD      6.06 sec, wall time      6.07 sec
