

******** <class 'pyscf.scf.hf.RHF'> flags ********
method = RHF
initial guess = minao
damping factor = 0
level shift factor = 0
Do DIIS = True
DIIS start cycle = 1
DIIS space = 8
SCF tol = 1e-09
SCF gradient tol = None
max. SCF cycles = 50
direct_scf = True
direct_scf_tol = 1e-13
chkfile to save SCF result = /tmp/tmp8NSc4o
max_memory 4000 MB (current use 39 MB)
Set gradient conv threshold to 3.16228e-05
Nelec from initial guess = 35.9987
cond(S) = 149756.037327
E_coul = 213.749625270446
init E= -194.482770095464
    CPU time for initialize scf     24.27 sec, wall time     24.63 sec
  HOMO = -0.252716510813247  LUMO = -0.0219717572508711
  mo_energy =
[ -1.14745369e+01  -1.14701213e+01  -1.14681383e+01  -1.14660306e+01
  -1.14651602e+01  -1.76477140e+00  -1.27298881e+00  -1.24877493e+00
  -8.36040242e-01  -7.82585679e-01  -7.12814387e-01  -5.85485438e-01
  -4.82529744e-01  -4.45558925e-01  -4.24626992e-01  -4.20807079e-01
  -3.72890973e-01  -2.52716511e-01  -2.19717573e-02   9.42476536e-02
   1.08530851e-01   1.39037357e-01   1.61772770e-01   1.67266608e-01
   1.67888027e-01   1.79909717e-01   2.13434005e-01   2.23361474e-01
   2.76751259e-01   2.81234343e-01   2.87113761e-01   3.13653066e-01
   3.38852848e-01   3.42131474e-01   3.47064676e-01   4.13453870e-01
   4.30379847e-01   4.32573031e-01   4.38482277e-01   4.40857999e-01
   4.45124757e-01   4.70561897e-01   4.87279422e-01   4.94929675e-01
   5.04052743e-01   5.13695759e-01   5.25273279e-01   5.28370810e-01
   5.42080720e-01   5.55965734e-01   6.27000589e-01   6.36967522e-01
   6.97170433e-01   7.09270616e-01   7.14900118e-01   7.32612833e-01
   7.34100215e-01   7.98371269e-01   8.23144747e-01   8.52762839e-01
   8.59205470e-01   9.47027182e-01   1.02821659e+00   1.03562178e+00
   1.05871143e+00   1.05982447e+00   1.07121664e+00   1.09163590e+00
   1.10924872e+00   1.12638645e+00   1.15052455e+00   1.15223722e+00
   1.16690277e+00   1.21235769e+00   1.24402291e+00   1.24898304e+00
   1.25794154e+00   1.30007802e+00   1.31613072e+00   1.35569288e+00
   1.35843387e+00   1.37004133e+00   1.41671174e+00   1.42521181e+00
   1.42628764e+00   1.43987608e+00   1.47598454e+00   1.50400506e+00
   1.54414363e+00   1.58191148e+00   1.58598513e+00   1.60789932e+00
   1.61456624e+00   1.62738223e+00   1.66449401e+00   1.66677989e+00
   1.69715502e+00   1.71422705e+00   1.75457124e+00   1.81009656e+00
   1.81348320e+00   1.86766434e+00   1.90957530e+00   1.94932766e+00
   1.96793112e+00   1.98740500e+00   2.03241151e+00   2.10928545e+00
   2.11911306e+00   2.14871140e+00   2.26177421e+00   2.26843153e+00
   2.30979668e+00   2.34917147e+00   2.37467912e+00   2.57589250e+00
   2.58939623e+00   2.65761478e+00   2.65805378e+00   2.71530334e+00
   2.77490841e+00   2.77863173e+00   2.78806053e+00   2.81899831e+00
   2.84375286e+00   2.90382455e+00   2.91762276e+00   2.94875470e+00
   2.98375034e+00   2.98473456e+00   2.98998139e+00   2.99504206e+00
   3.04052993e+00   3.04707689e+00   3.11396022e+00   3.13887044e+00
   3.17414703e+00   3.19135058e+00   3.20706984e+00   3.22712758e+00
   3.22787753e+00   3.24086376e+00   3.26125613e+00   3.28684861e+00
   3.35031144e+00   3.36548254e+00   3.38116032e+00   3.38269734e+00
   3.40519530e+00   3.41600932e+00   3.44024232e+00   3.45024970e+00
   3.48775865e+00   3.49016175e+00   3.51126276e+00   3.51747914e+00
   3.56779326e+00   3.58464503e+00   3.61747152e+00   3.62832477e+00
   3.65898756e+00   3.68732566e+00   3.73591897e+00   3.74333064e+00
   3.79728152e+00   3.85077938e+00   3.85829984e+00   3.89467661e+00
   3.89639331e+00   3.91156853e+00   3.91497217e+00   3.95871452e+00
   4.00482954e+00   4.00754958e+00   4.05687748e+00   4.07308511e+00
   4.07927816e+00   4.08000672e+00   4.13664485e+00   4.14288559e+00
   4.15508453e+00   4.19359987e+00   4.19604320e+00   4.25726207e+00
   4.25804341e+00   4.33112496e+00   4.36391711e+00   4.40450729e+00
   4.41158483e+00   4.43936159e+00   4.44210662e+00   4.46702149e+00
   4.50018234e+00   4.50685798e+00   4.53987687e+00   4.55125668e+00
   4.61207452e+00   4.61853576e+00   4.65952553e+00   4.67183443e+00
   4.69686930e+00   4.70837358e+00   4.71673450e+00   4.85742861e+00
   4.88964686e+00   4.90266768e+00   4.93957886e+00   4.94095475e+00
   4.95467146e+00   5.04207350e+00   5.06692258e+00   5.12853010e+00
   5.20280146e+00   5.22492117e+00   5.24871570e+00   5.29885647e+00
   5.33951939e+00   5.36687679e+00   5.38070646e+00   5.41499654e+00
   5.45904501e+00   5.52213551e+00   5.60670138e+00   5.61404529e+00
   5.63659878e+00   5.65432230e+00   5.71801951e+00   5.76905465e+00
   5.91283298e+00   5.91596938e+00   6.00044824e+00   6.13683830e+00
   6.17808797e+00   6.61253266e+00   2.33216148e+01   2.38151530e+01
   2.42588171e+01   2.43662374e+01   2.45604364e+01]
E_coul = 220.881652624561
cycle= 1 E= -192.802636419841  delta_E= 1.68  |g|= 0.412  |ddm|= 2.42
    CPU time for cycle= 1      2.00 sec, wall time      2.01 sec
diis-norm(errvec)=1.58912
diis-c [-2.52529875  1.        ]
  HOMO = -0.283828656093737  LUMO = 0.129573322257554
  mo_energy =
[-11.21842344 -11.17778508 -11.17678061 -11.16735864 -11.16652889
  -1.11733369  -0.94076624  -0.93805538  -0.7408915   -0.708125
  -0.67361976  -0.59344011  -0.52578225  -0.49285469  -0.47648362
  -0.47322244  -0.39072188  -0.28382866   0.12957332   0.14913734
   0.18329581   0.18990159   0.20496722   0.20731196   0.20920912
   0.2291492    0.2591903    0.29143356   0.32042821   0.32398859
   0.34178457   0.36742254   0.36918065   0.38913675   0.39095517
   0.46326375   0.48882758   0.49294346   0.49473764   0.51892458
   0.53073326   0.53799361   0.55938135   0.57467089   0.57723253
   0.57974922   0.58356102   0.59604594   0.62824807   0.65343437
   0.73636419   0.74597616   0.75313149   0.7833164    0.78671729
   0.79258351   0.83772568   0.86633918   0.89975976   0.91402242
   0.9375751    1.02150385   1.10883136   1.11314795   1.11980294
   1.1485564    1.15468805   1.15754761   1.16782995   1.1976479
   1.20640265   1.21373993   1.22326375   1.29278445   1.32000335
   1.32418625   1.33356971   1.37484545   1.41854638   1.42533366
   1.42736133   1.46291589   1.4645292    1.49374309   1.51176583
   1.53208384   1.55345516   1.56823977   1.6190061    1.65480393
   1.66239439   1.67623796   1.68055327   1.74122113   1.75076736
   1.75803861   1.79686414   1.81453569   1.87780095   1.88903088
   1.89786254   1.94792705   2.02588458   2.02624541   2.04255031
   2.09288253   2.11838213   2.23773208   2.24448015   2.24593472
   2.36715982   2.40045995   2.45864289   2.47935133   2.51485904
   2.72179026   2.72638596   2.78096928   2.79850784   2.8167301
   2.89500902   2.90847152   2.93456884   2.94012781   2.96119965
   2.98320131   3.0255746    3.07927393   3.08202674   3.09174549
   3.10533271   3.11543239   3.17711812   3.17920921   3.23214295
   3.26564687   3.27016482   3.31283703   3.32660328   3.33348096
   3.36868066   3.369617     3.37138459   3.41738893   3.47758715
   3.48005445   3.49987815   3.50055696   3.51888215   3.52488263
   3.56985354   3.58018369   3.59982819   3.60565051   3.62074013
   3.63390191   3.68447523   3.70466949   3.72029165   3.73821554
   3.76766724   3.77642131   3.84806287   3.85486083   3.93256549
   3.94628393   3.95531398   3.96062331   3.99855696   4.0023703
   4.01116069   4.05560536   4.10123488   4.13168719   4.138575
   4.15792345   4.16340617   4.16809281   4.19897516   4.21062842
   4.2255208    4.23498831   4.27492206   4.31348688   4.33004463
   4.39915134   4.42632509   4.47708379   4.50451137   4.50580654
   4.53980541   4.54867488   4.57641541   4.59032489   4.63224823
   4.70145968   4.70370967   4.7332833    4.74469699   4.75310452
   4.80887516   4.83278148   4.84123169   4.94899948   5.00566728
   5.00993156   5.06543613   5.07027794   5.1005055    5.14819845
   5.16356904   5.23281135   5.31250773   5.31837496   5.33766784
   5.43149109   5.4424456    5.47470439   5.50295331   5.53201796
   5.60082871   5.65456786   5.69444305   5.72034429   5.74251315
   5.74866917   5.84977351   5.86572295   6.01170036   6.0334216
   6.13648122   6.28146775   6.32262895   6.76118459  23.59850619
  24.09302895  24.49202514  24.64629255  24.8407916 ]
E_coul = 219.193122111813
cycle= 2 E= -192.85556278842  delta_E= -0.0529  |g|= 0.145  |ddm|= 0.454
    CPU time for cycle= 2      2.02 sec, wall time      2.01 sec
diis-norm(errvec)=0.559935
diis-c [-0.30061032  0.07080309  0.92919691]
  HOMO = -0.323294330818262  LUMO = 0.105650400008744
  mo_energy =
[-11.25911642 -11.25832949 -11.24995548 -11.24992483 -11.23637387
  -1.1695159   -0.98171211  -0.96566434  -0.764283    -0.73133726
  -0.70276379  -0.6030107   -0.56869551  -0.53658933  -0.51280103
  -0.50753411  -0.42954901  -0.32329433   0.1056504    0.15180415
   0.17940892   0.18930848   0.20421355   0.20722387   0.2074515
   0.20895184   0.25375651   0.29327501   0.3088124    0.31406708
   0.33246655   0.34910969   0.36493872   0.37507338   0.37604727
   0.45174681   0.47640943   0.47951428   0.49260606   0.50367482
   0.50662168   0.52518056   0.5449145    0.56018955   0.56162051
   0.57097659   0.58273332   0.58472615   0.62311865   0.63511875
   0.71406343   0.72448307   0.74322249   0.76950299   0.77463263
   0.78654713   0.81278744   0.85270888   0.87575107   0.90135043
   0.9190422    1.00763226   1.09023781   1.09040838   1.11382288
   1.12447967   1.13358056   1.14682017   1.1512726    1.18540244
   1.19211519   1.20485679   1.2076751    1.27913067   1.30604531
   1.31133365   1.31185848   1.36075941   1.39232835   1.40732075
   1.41028721   1.44249894   1.45844147   1.47715004   1.49063831
   1.5073263    1.53394722   1.55376856   1.60389541   1.63768095
   1.63850378   1.66897574   1.67565292   1.71694853   1.73134106
   1.73688204   1.77462104   1.78702064   1.84565121   1.87350405
   1.87522303   1.93077856   1.99130986   2.00671581   2.03131996
   2.06402125   2.09615309   2.19426764   2.2068162    2.22125131
   2.35251981   2.36419356   2.4145559    2.45501313   2.47251485
   2.68765252   2.68877924   2.75503246   2.75903193   2.80540294
   2.8645636    2.86772546   2.89598489   2.90665293   2.92911484
   2.9750155    3.00869077   3.04945741   3.06312382   3.07047207
   3.08050144   3.08807119   3.13910812   3.14599603   3.20812167
   3.23311484   3.25218769   3.28974459   3.2991347    3.31541292
   3.32805092   3.34351939   3.35119318   3.38456364   3.4525021
   3.46205569   3.47269916   3.47310123   3.49439606   3.49575115
   3.5408482    3.54536082   3.57650464   3.58273847   3.59078578
   3.60810401   3.66416726   3.67897949   3.70785781   3.71853166
   3.7538732    3.76001258   3.82258877   3.82866828   3.89693354
   3.9331176    3.93512479   3.96082891   3.98287976   3.98452768
   3.99513688   4.04135577   4.08563333   4.11217302   4.13845514
   4.14922622   4.15181128   4.15563578   4.20257164   4.20901543
   4.21360908   4.24278101   4.27144009   4.31915392   4.33150128
   4.40373051   4.4312995    4.47394873   4.48856467   4.50212632
   4.50637165   4.53643108   4.57190398   4.57302123   4.6229959
   4.66625474   4.69017725   4.6995799    4.73300622   4.74784216
   4.78517814   4.80708148   4.81206003   4.93254096   4.98735317
   4.99093556   5.03905153   5.05296049   5.0568201    5.12530083
   5.15286454   5.21850348   5.30108845   5.30816747   5.33093059
   5.41051425   5.42328954   5.46367381   5.48206764   5.50945873
   5.57187751   5.6274835    5.69606534   5.70307658   5.73409606
   5.74103452   5.82461251   5.86798916   6.01755296   6.02013835
   6.10551638   6.24497336   6.2930035    6.72801372  23.52158269
  24.01568768  24.47391709  24.56918201  24.76297955]
E_coul = 220.190119172458
cycle= 3 E= -192.861784812522  delta_E= -0.00622  |g|= 0.0604  |ddm|= 0.206
    CPU time for cycle= 3      2.01 sec, wall time      2.01 sec
diis-norm(errvec)=0.229794
diis-c [-0.00724876 -0.1170839   0.18465762  0.93242628]
  HOMO = -0.308110284879705  LUMO = 0.119516559751637
  mo_energy =
[-11.22798412 -11.22556521 -11.22520038 -11.22126338 -11.22047716
  -1.14732769  -0.96319445  -0.95122912  -0.75208485  -0.72010443
  -0.6908511   -0.59587946  -0.55680324  -0.52385036  -0.50201571
  -0.4992601   -0.41437743  -0.30811028   0.11951656   0.15379306
   0.18270172   0.19059583   0.20646456   0.21025025   0.21077922
   0.21858123   0.25774346   0.29452679   0.31331131   0.3213369
   0.33773596   0.35660067   0.36765694   0.3793797    0.38188411
   0.45691415   0.48338692   0.48407622   0.49466956   0.512138
   0.51721177   0.53082881   0.55135586   0.56844099   0.57046479
   0.57911865   0.5857945    0.59077284   0.6296652    0.64329578
   0.72448988   0.73845662   0.7479459    0.77959301   0.77972142
   0.79072011   0.82437326   0.85956336   0.88563191   0.90780483
   0.92765822   1.01564942   1.09873655   1.099111     1.11909826
   1.13442275   1.14382396   1.15576042   1.15596447   1.19423139
   1.19742938   1.21209903   1.21252852   1.28667554   1.31358231
   1.31685137   1.320604     1.36811196   1.40361412   1.41467555
   1.41885696   1.45245701   1.46264826   1.48509776   1.49936457
   1.51845869   1.54195274   1.56057569   1.61172011   1.64676781
   1.64741769   1.67421496   1.68179335   1.72858068   1.74169716
   1.74555801   1.7897191    1.79385626   1.86113288   1.87994672
   1.88345651   1.93906616   2.00371468   2.01601897   2.03773076
   2.07598916   2.10551855   2.20962453   2.22056456   2.2308116
   2.36042869   2.37843333   2.43170775   2.46564851   2.48943689
   2.70157819   2.70423613   2.76960089   2.77427972   2.81612905
   2.87779786   2.88550613   2.91269101   2.9212466    2.94183433
   2.98420677   3.0188275    3.06320899   3.07428388   3.08346812
   3.09540405   3.09850007   3.15491613   3.15993285   3.22073885
   3.24787885   3.26272665   3.30207228   3.31399055   3.32533023
   3.34382316   3.35579465   3.36103591   3.39970158   3.46505207
   3.47230068   3.48680623   3.48789331   3.50726485   3.50879688
   3.55302265   3.561351     3.58939582   3.59901292   3.59985005
   3.62104962   3.67600935   3.69205422   3.71744699   3.73140213
   3.76614709   3.76752758   3.83502818   3.84248996   3.91325385
   3.94354438   3.94922171   3.967523     3.99319396   3.9975297
   4.00372657   4.05346051   4.09623885   4.12686624   4.14470381
   4.15832187   4.16212528   4.16479504   4.20993462   4.21642355
   4.2232856    4.24780321   4.2792883    4.32552388   4.33921615
   4.41147509   4.43816534   4.48189694   4.50001755   4.50907789
   4.52050339   4.54681937   4.58150374   4.58463697   4.63389414
   4.6827038    4.70027753   4.7128273    4.74314973   4.75562965
   4.79787573   4.81938955   4.82701493   4.94422842   4.99863352
   5.00289285   5.05237234   5.06503693   5.07578059   5.13759902
   5.16321201   5.2309715    5.31340938   5.31783193   5.3406313
   5.42638315   5.4328046    5.47375293   5.49564727   5.52502382
   5.58730853   5.64236999   5.70452966   5.71479608   5.74576207
   5.74958868   5.83881886   5.87614657   6.02676963   6.03018485
   6.12361795   6.26275284   6.30945216   6.7452208   23.55094515
  24.04529678  24.48305554  24.59879984  24.79310388]
E_coul = 219.877742998675
cycle= 4 E= -192.863009938072  delta_E= -0.00123  |g|= 0.00837  |ddm|= 0.0864
    CPU time for cycle= 4      2.01 sec, wall time      2.01 sec
diis-norm(errvec)=0.0304299
diis-c [ -7.67516082e-04   1.58851202e-03  -2.68268394e-02  -3.37043566e-02
   1.05894268e+00]
  HOMO = -0.308214808432715  LUMO = 0.11943649224423
  mo_energy =
[-11.22936175 -11.2273654  -11.22660443 -11.22315341 -11.22285778
  -1.14793993  -0.96322626  -0.95215768  -0.75296233  -0.72077055
  -0.69157132  -0.59601688  -0.55773559  -0.52534201  -0.50351335
  -0.49961464  -0.41523683  -0.30821481   0.11943649   0.1538248
   0.18235656   0.19059471   0.20637752   0.20991795   0.21090997
   0.21806169   0.25772409   0.29444242   0.31248664   0.32113525
   0.33740444   0.3562935    0.36755215   0.37937479   0.38218668
   0.45685709   0.48325228   0.48428832   0.49437947   0.51168111
   0.51664414   0.53044797   0.55114488   0.56807574   0.57014772
   0.57821026   0.58569842   0.590505     0.62966272   0.64299185
   0.72353926   0.73763783   0.74804658   0.77893135   0.77940578
   0.79063746   0.82360288   0.85904296   0.88466314   0.90755042
   0.92705175   1.01527458   1.09825169   1.0987632    1.11879607
   1.13384155   1.1429101    1.15499262   1.15606133   1.19374348
   1.1970974    1.21195436   1.21228777   1.28610131   1.31313555
   1.31657589   1.31961303   1.3674453    1.40301425   1.4146347
   1.41842762   1.45215247   1.46238073   1.48422121   1.49901755
   1.51769799   1.54156622   1.56029631   1.611621     1.64619986
   1.64657534   1.67398777   1.68142325   1.72834894   1.74043305
   1.7456526    1.78809895   1.79420391   1.86067632   1.87901709
   1.88351243   1.93799529   2.00383178   2.01474516   2.03716549
   2.07496739   2.10457582   2.20863213   2.22023054   2.23066294
   2.36016894   2.37756656   2.43099485   2.46540015   2.48785838
   2.70089908   2.70358748   2.76896449   2.77358979   2.81527702
   2.87724141   2.88405202   2.91236504   2.91985521   2.94170742
   2.98364997   3.01834482   3.06306331   3.0736004    3.08236328
   3.09453059   3.09820966   3.15451938   3.15943712   3.22009892
   3.24668778   3.26191318   3.30221414   3.31253906   3.32493161
   3.34313228   3.35522342   3.36052195   3.39846957   3.46433781
   3.47243295   3.48518941   3.48599609   3.50562946   3.50887985
   3.55265057   3.55987316   3.58940576   3.59795479   3.59917171
   3.62054017   3.67507889   3.69192911   3.71675794   3.73028919
   3.76561459   3.76752013   3.83486941   3.84133078   3.91228267
   3.9430515    3.94846926   3.96710996   3.99207917   3.99673291
   4.00348564   4.05258143   4.095404     4.12557292   4.14462644
   4.15832612   4.16166878   4.16424144   4.20883854   4.21590951
   4.22284202   4.24756781   4.27901724   4.32566186   4.33901515
   4.41129423   4.43801243   4.48167194   4.49899755   4.50904401
   4.51900367   4.54611033   4.58090875   4.58293073   4.63370783
   4.68178662   4.69927894   4.7121967    4.74252006   4.75562164
   4.79703229   4.81882519   4.82623481   4.94318929   4.99789902
   5.00292307   5.05193273   5.06434991   5.07448522   5.13709013
   5.16292936   5.22998417   5.31286496   5.317592     5.34008227
   5.42566849   5.43212323   5.47370004   5.49496135   5.5229011
   5.58646725   5.64133238   5.70424437   5.71389578   5.74562334
   5.74951323   5.83857937   5.87599569   6.02637698   6.02972821
   6.12131272   6.26170637   6.30848193   6.74396917  23.54932991
  24.04363136  24.48170285  24.59684518  24.79109428]
E_coul = 219.880397963942
cycle= 5 E= -192.863051424332  delta_E= -4.15e-05  |g|= 0.0042  |ddm|= 0.0225
    CPU time for cycle= 5      2.00 sec, wall time      2.01 sec
diis-norm(errvec)=0.015718
diis-c [ -9.81555072e-05   1.37577520e-02  -2.89010285e-02  -1.13356673e-01
   3.03051264e-01   8.25448686e-01]
  HOMO = -0.308498891525242  LUMO = 0.119469766717185
  mo_energy =
[-11.23000702 -11.22629403 -11.22590273 -11.22460062 -11.22417716
  -1.14816155  -0.96355579  -0.95224758  -0.75308483  -0.72094049
  -0.69170013  -0.59643621  -0.55789103  -0.52550841  -0.50361375
  -0.50034575  -0.41511365  -0.30849889   0.11946977   0.15367037
   0.18244174   0.19046832   0.20630023   0.21000087   0.21072119
   0.2181138    0.25755394   0.29412227   0.31268102   0.32112892
   0.33734806   0.35652485   0.36741865   0.379258     0.38211365
   0.45671089   0.48318954   0.48408967   0.49432531   0.51156059
   0.5167629    0.53050936   0.55104036   0.56783249   0.56996899
   0.57840607   0.58547846   0.59021107   0.62928142   0.64274751
   0.72351294   0.73758151   0.74768673   0.77898427   0.77931359
   0.79039453   0.82343118   0.85899952   0.88483331   0.90740059
   0.92695148   1.01503218   1.09817943   1.09860273   1.11869179
   1.13365436   1.14282626   1.15502654   1.15570742   1.19373293
   1.1969695    1.21177248   1.2120645    1.28599104   1.31298357
   1.31632745   1.31955308   1.3673668    1.40284869   1.41439374
   1.41831374   1.45203985   1.46219538   1.48413718   1.49879978
   1.51763796   1.54138844   1.56002937   1.61136759   1.64619652
   1.64649183   1.67355796   1.68127271   1.72807344   1.74069554
   1.74535825   1.78847462   1.793601     1.86046146   1.87894926
   1.88317229   1.9380607    2.00338612   2.01495149   2.03685098
   2.07508168   2.1045834    2.20867406   2.22004202   2.23043076
   2.359637     2.37735949   2.43068131   2.46483886   2.48803613
   2.70063267   2.70315288   2.76883715   2.77334992   2.8152705
   2.87698115   2.8842106    2.91201898   2.91997807   2.94130198
   2.98344523   3.01802242   3.06257157   3.07347092   3.08245622
   3.09438104   3.09781002   3.15417857   3.15903444   3.21986138
   3.24660387   3.26184047   3.30167201   3.31265848   3.3245651
   3.34299889   3.35489955   3.36022706   3.3985458    3.46406426
   3.47181225   3.48530864   3.48637676   3.50598825   3.50831007
   3.55213399   3.56007138   3.58890573   3.59792657   3.59906226
   3.62019756   3.67491129   3.69148384   3.71661813   3.73022623
   3.7652541    3.76705192   3.83445891   3.84132868   3.91222781
   3.9428722    3.94834492   3.9669638    3.99215329   3.99655408
   4.0030757    4.05252465   4.09535155   4.1256612    4.14438366
   4.15778557   4.16138272   4.1639587    4.20910647   4.21574488
   4.22260026   4.24732851   4.27873848   4.32532401   4.3387365
   4.41104852   4.43766493   4.48138442   4.49911069   4.50867645
   4.51929192   4.54601972   4.58082373   4.58330384   4.63343113
   4.68155807   4.69924457   4.71199573   4.74233662   4.75512785
   4.79698605   4.81857437   4.82604224   4.94320991   4.99779636
   5.00237154   5.0516172    5.06409142   5.07448016   5.13675168
   5.16252975   5.22994611   5.31259991   5.31731948   5.3398519
   5.42546381   5.43189079   5.47311307   5.49470169   5.52336047
   5.58625693   5.6411954    5.70388377   5.71382187   5.74504435
   5.74909768   5.83804027   5.87558744   6.02601193   6.02936824
   6.12178204   6.2615338    6.30832991   6.74396433  23.54900649
  24.04331669  24.481084    24.59665653  24.79093391]
E_coul = 219.882561306602
cycle= 6 E= -192.863059784988  delta_E= -8.36e-06  |g|= 0.0011  |ddm|= 0.00647
    CPU time for cycle= 6      2.02 sec, wall time      2.01 sec
diis-norm(errvec)=0.00418744
diis-c [ -7.48530537e-06  -1.06635719e-03   4.23939017e-03   1.33495867e-02
  -1.54388429e-01  -7.47148007e-02   1.21258061e+00]
  HOMO = -0.308499202028874  LUMO = 0.119626164294718
  mo_energy =
[-11.22938453 -11.22616729 -11.22567522 -11.22431277 -11.22397373
  -1.14807231  -0.96350647  -0.95209076  -0.75303197  -0.72090434
  -0.69165886  -0.59618414  -0.55785376  -0.52543436  -0.50350087
  -0.50014145  -0.41506234  -0.3084992    0.11962616   0.15374611
   0.18242169   0.19047054   0.20630136   0.20996368   0.21082855
   0.2181296    0.25761707   0.29422644   0.31263011   0.32114759
   0.33737848   0.3565097    0.3674919    0.37927393   0.38214206
   0.45675189   0.48320459   0.48416384   0.49434653   0.51160046
   0.51676371   0.53049519   0.55104844   0.56791105   0.57003869
   0.57835383   0.58563156   0.59030454   0.62951055   0.64280419
   0.72355645   0.73763247   0.74788022   0.77899358   0.77932157
   0.79054059   0.82348354   0.85901796   0.8847936    0.90740673
   0.92699149   1.01516491   1.09820648   1.09865872   1.11874489
   1.13369891   1.14286717   1.15509253   1.15581422   1.19373556
   1.1970782    1.21181244   1.21211482   1.28607635   1.31306106
   1.31638799   1.31960388   1.36743081   1.40292827   1.41445334
   1.41840292   1.45207243   1.4622677    1.48419729   1.49887575
   1.51766614   1.54141768   1.56010513   1.61147918   1.64624042
   1.646525     1.67369669   1.68140802   1.72823673   1.74064116
   1.74544614   1.78849042   1.793746     1.86054514   1.87910463
   1.88322618   1.93810156   2.00350874   2.01490476   2.03698069
   2.0750815    2.10459038   2.20869961   2.22008578   2.23047908
   2.35988007   2.37745477   2.43077748   2.46505792   2.48803964
   2.70074907   2.70334412   2.7689647    2.77343824   2.81534668
   2.87706336   2.88425515   2.91209599   2.92001429   2.94148213
   2.98358626   3.01818617   3.06276533   3.07349185   3.08244065
   3.09449285   3.097966     3.15426927   3.15922298   3.21993765
   3.24671608   3.26185586   3.30180573   3.31270519   3.32476747
   3.34304207   3.35502294   3.36042852   3.39859929   3.46419705
   3.47207273   3.48538715   3.48634751   3.50593202   3.50842757
   3.55230782   3.56006979   3.58900662   3.59798415   3.59912337
   3.62032819   3.67497806   3.6916476    3.71677651   3.73032141
   3.76542715   3.76716064   3.83453861   3.84138692   3.91225201
   3.94300042   3.94837671   3.96714443   3.99215369   3.99664995
   4.00318497   4.05262473   4.09542697   4.12572772   4.14459853
   4.1579047    4.16151739   4.1640932    4.20902232   4.21579372
   4.22268698   4.24732604   4.27891301   4.32551744   4.33895569
   4.41123152   4.43781019   4.48153521   4.49910971   4.50879691
   4.51922586   4.54606728   4.5809502    4.58323373   4.6336254
   4.68167486   4.69930529   4.71211567   4.7424151    4.75527062
   4.79698357   4.81870957   4.82614775   4.94321316   4.99784328
   5.00260333   5.0517804    5.06428377   5.07454717   5.13679064
   5.16276221   5.2300003    5.31280664   5.31754001   5.34002983
   5.42552161   5.43208067   5.47330283   5.4947846    5.52329987
   5.58635296   5.64128609   5.70417166   5.71393728   5.74520514
   5.74940494   5.83816779   5.87593977   6.02642915   6.02957977
   6.12174338   6.26159004   6.30837039   6.7439839   23.54921797
  24.04352867  24.48166988  24.5968533   24.79112119]
E_coul = 219.88075661797
cycle= 7 E= -192.863060885851  delta_E= -1.1e-06  |g|= 0.000316  |ddm|= 0.00323
    CPU time for cycle= 7      2.03 sec, wall time      2.03 sec
diis-norm(errvec)=0.00123673
diis-c [ -5.65785643e-07  -1.44055197e-03   3.03949856e-03   1.32448061e-02
  -4.53561306e-02  -9.21421167e-02   1.72795891e-01   9.49858604e-01]
  HOMO = -0.308531906948513  LUMO = 0.119624587025591
  mo_energy =
[-11.22973239 -11.22617767 -11.2256882  -11.22433102 -11.2239893
  -1.14812421  -0.96352053  -0.95217045  -0.75306348  -0.72092781
  -0.69167544  -0.5962806   -0.5578479   -0.52545618  -0.50354409
  -0.50020174  -0.41508433  -0.30853191   0.11962459   0.15372618
   0.18242136   0.19047237   0.20629872   0.20996612   0.21080205
   0.21811825   0.25759815   0.2941996    0.31262896   0.32113979
   0.3373624    0.35650443   0.36747645   0.37926674   0.38213618
   0.45673224   0.48319615   0.48414547   0.49434035   0.51157991
   0.51675514   0.53048974   0.55103952   0.56787869   0.57001389
   0.5783559    0.58558464   0.59027665   0.62943768   0.64278467
   0.72353287   0.7376126    0.74783824   0.77898121   0.77931778
   0.79050629   0.82347348   0.85900619   0.88479229   0.90740622
   0.92697782   1.0151308    1.09818501   1.0986375    1.11873375
   1.13368096   1.14285359   1.15505931   1.15579093   1.1937308
   1.19704962   1.21180123   1.21209982   1.28604452   1.31302992
   1.31637025   1.31958098   1.36741991   1.4029054    1.4144378
   1.41837145   1.45206569   1.46225633   1.48416979   1.49884798
   1.51764773   1.54141087   1.56007018   1.61144832   1.64621672
   1.64649952   1.67366435   1.68137419   1.72818624   1.74064626
   1.74543405   1.78846893   1.79372828   1.86052225   1.87905475
   1.88321833   1.93806484   2.00348352   2.01490856   2.0369297
   2.07508062   2.10458171   2.20867544   2.2200782    2.23047386
   2.35979072   2.3774291    2.43074937   2.46497705   2.48802113
   2.70070363   2.7032655    2.76893539   2.77340408   2.81531927
   2.87704009   2.88421586   2.91207078   2.91999445   2.94143471
   2.98355477   3.01813843   3.06270944   3.07348087   3.08243942
   3.09444214   3.09792376   3.15424641   3.15915754   3.21992621
   3.2466723    3.26184717   3.30179329   3.31266859   3.32472114
   3.34302491   3.35498621   3.36036849   3.39857054   3.46415148
   3.4720105    3.48534754   3.48634549   3.50593764   3.50841112
   3.55225474   3.56005238   3.58898787   3.59795049   3.59911513
   3.62028551   3.6749672    3.69161478   3.7167359    3.73029807
   3.76536011   3.7671369    3.83452885   3.8413551    3.91223473
   3.94296565   3.94836117   3.96710799   3.99213897   3.99661965
   4.00315952   4.05259731   4.09539846   4.12570207   4.14457133
   4.15788315   4.16148054   4.16405473   4.20903474   4.21579007
   4.22266307   4.24733244   4.2788788    4.32549187   4.33891399
   4.41120389   4.43778641   4.48150791   4.49911013   4.50878011
   4.51922506   4.54605848   4.58092586   4.58323601   4.63359072
   4.68164028   4.69927854   4.71208765   4.74239082   4.75524397
   4.79698622   4.81867472   4.82612799   4.94321417   4.99783183
   5.00254531   5.05173607   5.06422331   5.07451287   5.13678813
   5.16269846   5.22998633   5.3127609    5.31749787   5.33998644
   5.42551243   5.43202556   5.4732557    5.49477303   5.52331077
   5.58633497   5.6412596    5.7041073    5.71390442   5.7451792
   5.7493318    5.83814595   5.87584923   6.02631185   6.02952484
   6.12174202   6.26157525   6.30836514   6.74397772  23.54920355
  24.04351415  24.48134981  24.59683414  24.79110856]
E_coul = 219.881773056102
cycle= 8 E= -192.863060943615  delta_E= -5.78e-08  |g|= 7.68e-05  |ddm|= 0.000761
    CPU time for cycle= 8      2.00 sec, wall time      2.01 sec
diis-norm(errvec)=0.000274812
diis-c [ -3.92789827e-08  -6.29859998e-06  -1.27064937e-04  -2.15802249e-04
   8.96824721e-03  -2.54431347e-03  -7.36178839e-02   6.01759463e-02
   1.00736717e+00]
  HOMO = -0.308545368039859  LUMO = 0.119622128642096
  mo_energy =
[-11.22966935 -11.22620385 -11.22571962 -11.22436736 -11.2240224
  -1.14812516  -0.96352659  -0.95216503  -0.75306625  -0.72092919
  -0.69167697  -0.59627139  -0.55785228  -0.52545814  -0.5035389
  -0.50019691  -0.41508606  -0.30854537   0.11962213   0.15372578
   0.18242192   0.19047182   0.20629842   0.20996624   0.21080232
   0.21811445   0.2575984    0.29419935   0.31262951   0.3211386
   0.33736157   0.35650275   0.36747621   0.37926744   0.38213241
   0.45673125   0.48319503   0.48414306   0.49434015   0.51157997
   0.51674986   0.5304891    0.55103837   0.56787931   0.57001467
   0.57835307   0.58558789   0.59027585   0.62944444   0.64278348
   0.72353133   0.73761005   0.74783978   0.77898041   0.77931589
   0.79050636   0.82346858   0.85900529   0.88478945   0.90740349
   0.926976     1.01513296   1.09818681   1.0986366    1.11873303
   1.13367946   1.14285073   1.15506288   1.15579015   1.19372837
   1.19704885   1.21180019   1.21209866   1.2860468    1.31302924
   1.31637107   1.319578     1.36741691   1.40290278   1.41443644
   1.41837292   1.45206648   1.46225515   1.48416886   1.49884717
   1.51764563   1.54140871   1.56007188   1.61144816   1.64621683
   1.64649991   1.67366092   1.68137469   1.72818628   1.74064304
   1.74543088   1.78846688   1.79372143   1.86051436   1.87905768
   1.88321373   1.93806743   2.00347689   2.01490539   2.03693053
   2.07507826   2.10458001   2.20867121   2.22007411   2.23047135
   2.35979849   2.37742275   2.4307443    2.46498211   2.48801583
   2.70070388   2.70326985   2.76893364   2.77340214   2.81532136
   2.87703773   2.88421559   2.91206763   2.919992     2.94143644
   2.98355302   3.01813884   3.06271099   3.07347804   3.08243648
   3.09444511   3.09792417   3.15424368   3.15915885   3.21991978
   3.2466689    3.26184452   3.30178517   3.31266773   3.3247206
   3.3430204    3.35498586   3.36037148   3.3985698    3.46415218
   3.47201075   3.48534711   3.48634157   3.50593428   3.508404     3.5522517
   3.56005153   3.58898278   3.59794973   3.599111     3.62028601
   3.67496118   3.69161244   3.71673637   3.73029439   3.76536632
   3.76713531   3.83452394   3.84135645   3.91223347   3.94296712
   3.948358     3.9671105    3.99213926   3.99661835   4.00315751
   4.05259816   4.09539994   4.12570023   4.14456921   4.15787835
   4.16148081   4.16405536   4.20903663   4.21578769   4.22266305
   4.24733011   4.2788784    4.32549083   4.3389149    4.41120337
   4.43778491   4.48150782   4.49910647   4.50877753   4.51922319
   4.54605615   4.58092538   4.58323448   4.63358909   4.68163488
   4.6992782    4.71208403   4.74239069   4.75524132   4.79698157
   4.81867373   4.82612171   4.94321078   4.99782919   5.00254584
   5.0517363    5.06422624   5.07451026   5.13678045   5.16270426
   5.22998417   5.31275964   5.3175       5.33998727   5.42550608
   5.43202865   5.47325446   5.494766     5.52330545   5.58632798
   5.64125358   5.70411102   5.7139057    5.74517148   5.74933912
   5.83813809   5.875859     6.02632777   6.02952725   6.121737
   6.26156807   6.30835799   6.74397106  23.54917349  24.04348367
  24.48140723  24.59680645  24.79107916]
E_coul = 219.88181190688
cycle= 9 E= -192.863060947061  delta_E= -3.45e-09  |g|= 1.97e-05  |ddm|= 0.00019
    CPU time for cycle= 9      2.03 sec, wall time      2.03 sec
diis-norm(errvec)=7.52934e-05
diis-c [ -2.84282836e-09   1.21032207e+00   5.13014418e-05  -1.32200181e-04
  -7.92754643e-04   2.39739564e-03   8.13494242e-03  -4.05100606e-02
  -1.79470696e-01]
  HOMO = -0.308544796252514  LUMO = 0.119625439089262
  mo_energy =
[-11.22967128 -11.226195   -11.2257101  -11.22435696 -11.22401281
  -1.14812121  -0.96352203  -0.952162    -0.75306225  -0.7209256
  -0.69167383  -0.59627043  -0.55784845  -0.52545338  -0.50353611
  -0.50019302  -0.41508373  -0.3085448    0.11962544   0.1537268
   0.18242237   0.19047276   0.20629933   0.20996676   0.21080293
   0.2181165    0.25759964   0.29420121   0.31263032   0.32113951
   0.33736277   0.35650278   0.36747737   0.37926883   0.38213245
   0.45673204   0.48319585   0.48414441   0.49434105   0.51158144
   0.51675126   0.5304898    0.55103976   0.56788115   0.5700166
   0.57835453   0.58558893   0.59027806   0.62944507   0.64278573
   0.72353373   0.73761264   0.74784154   0.77898222   0.7793171
   0.79050772   0.82347206   0.85900658   0.88479141   0.90740518
   0.9269779    1.0151348    1.09818785   1.09863861   1.11873429
   1.1336816    1.14285353   1.15506411   1.15579181   1.19373021
   1.19705029   1.21180186   1.21210045   1.28604851   1.31303131
   1.31637286   1.31958097   1.3674194    1.4029056    1.4144384
   1.41837441   1.45206838   1.4622571    1.48417133   1.49884941
   1.51764809   1.54141115   1.56007366   1.61144993   1.64621854
   1.64650159   1.67366411   1.68137642   1.72818837   1.74064505
   1.74543338   1.7884696    1.79372468   1.86051812   1.87905969
   1.88321645   1.93806915   2.00348059   2.0149076    2.03693304
   2.07508077   2.1045825    2.20867443   2.22007756   2.23047392
   2.35980077   2.3774267    2.43074826   2.46498509   2.48801938
   2.7007072    2.70327281   2.76893658   2.77340557   2.81532287
   2.87704086   2.8842184    2.91207145   2.91999481   2.94143905
   2.98355542   3.01814157   3.06271417   3.07348033   3.08243872
   3.09444742   3.09792691   3.15424706   3.15916206   3.21992328
   3.24667251   3.26184674   3.30178902   3.31267083   3.32472318
   3.34302424   3.35498902   3.36037406   3.39857266   3.46415522
   3.47201378   3.48535007   3.48634397   3.50593657   3.50840777
   3.55225565   3.56005407   3.58898607   3.59795238   3.59911365
   3.62028865   3.67496474   3.69161558   3.71673869   3.73029749
   3.76536836   3.76713765   3.83452709   3.84135859   3.91223618
   3.9429689    3.94836067   3.96711177   3.99214111   3.9966212
   4.0031601    4.05259991   4.09540198   4.12570287   4.14457108
   4.15788189   4.16148305   4.16405751   4.20903653   4.21578973
   4.22266543   4.24733158   4.27888051   4.3254925    4.33891673
   4.41120494   4.437787     4.48150972   4.49910908   4.50878      4.51922534
   4.54605828   4.58092711   4.5832361    4.63359161   4.68163898
   4.69928057   4.71208772   4.74239258   4.7552441    4.7969844
   4.81867704   4.82612546   4.94321299   4.99783189   5.0025486
   5.0517394    5.06422881   5.07451389   5.13678404   5.16270589
   5.22998642   5.31276249   5.31750177   5.33998944   5.42550959
   5.43203071   5.4732575    5.49476944   5.52330769   5.58633174
   5.64125711   5.70411285   5.713908     5.74517515   5.74934051
   5.83814163   5.87586022   6.02632861   6.02952946   6.12173967
   6.26157165   6.30836142   6.7439746   23.54918259  24.04349285
  24.48140563  24.59681523  24.79108813]
E_coul = 219.881773502209
cycle= 10 E= -192.863060947321  delta_E= -2.6e-10  |g|= 4.14e-06  |ddm|= 4.92e-05
    CPU time for cycle= 10      2.02 sec, wall time      2.02 sec
  HOMO = -0.308545584751226  LUMO = 0.11962511388205
  mo_energy =
[-11.22966999 -11.22619643 -11.22571175 -11.22435903 -11.2240144
  -1.14812129  -0.96352229  -0.95216208  -0.75306261  -0.72092585
  -0.69167402  -0.59627053  -0.55784877  -0.5254538   -0.50353627
  -0.50019326  -0.41508407  -0.30854558   0.11962511   0.15372676
   0.18242241   0.19047279   0.20629936   0.20996683   0.21080288
   0.21811624   0.2575996    0.29420108   0.31263027   0.32113945
   0.33736266   0.35650262   0.36747727   0.37926883   0.38213219
   0.45673194   0.48319573   0.48414421   0.49434099   0.51158139
   0.51675093   0.5304897    0.55103973   0.56788106   0.57001657
   0.5783544    0.58558886   0.59027786   0.62944507   0.64278557
   0.72353353   0.73761241   0.74784132   0.7789821    0.779317
   0.79050754   0.82347168   0.85900647   0.88479119   0.90740503
   0.92697775   1.01513474   1.09818788   1.09863844   1.11873415
   1.13368146   1.14285329   1.15506413   1.15579169   1.19373002
   1.19705008   1.21180175   1.21210031   1.28604845   1.31303107
   1.31637275   1.31958062   1.36741911   1.40290537   1.41443827
   1.41837436   1.4520684    1.46225695   1.48417113   1.49884919
   1.51764794   1.54141103   1.56007366   1.61144976   1.64621843
   1.6465015    1.67366374   1.68137625   1.72818812   1.7406449
   1.74543304   1.78846936   1.79372427   1.86051759   1.87905955
   1.88321615   1.93806907   2.00348011   2.01490737   2.03693279
   2.07508058   2.10458232   2.20867411   2.22007731   2.23047369
   2.35980064   2.37742624   2.43074798   2.46498489   2.48801901
   2.70070702   2.70327272   2.76893632   2.77340534   2.81532283
   2.87704062   2.88421823   2.9120712    2.91999452   2.94143897
   2.98355515   3.0181413    3.06271398   3.07348018   3.08243858
   3.09444738   3.09792668   3.15424687   3.15916181   3.21992283
   3.24667202   3.26184651   3.30178847   3.31267055   3.32472281
   3.34302388   3.35498876   3.36037381   3.39857242   3.46415497
   3.47201339   3.48534975   3.48634363   3.50593629   3.50840737
   3.55225513   3.56005396   3.58898578   3.59795225   3.5991133
   3.62028849   3.67496424   3.6916153    3.71673839   3.73029709
   3.76536844   3.76713747   3.83452685   3.84135856   3.91223612
   3.94296881   3.94836053   3.96711165   3.992141     3.99662103
   4.00315993   4.05259982   4.09540188   4.12570259   4.14457071
   4.15788155   4.16148285   4.16405738   4.20903674   4.21578957
   4.22266531   4.24733162   4.27888024   4.32549229   4.3389165
   4.41120475   4.43778684   4.48150963   4.4991088    4.50877981
   4.51922528   4.54605816   4.58092689   4.58323606   4.63359131
   4.68163853   4.69928041   4.71208734   4.74239251   4.75524388
   4.79698418   4.81867675   4.82612504   4.94321282   4.99783166
   5.00254837   5.05173917   5.06422863   5.07451364   5.13678368
   5.16270586   5.22998626   5.31276213   5.31750157   5.33998921
   5.42550925   5.4320305    5.47325723   5.49476904   5.52330744
   5.58633127   5.64125665   5.70411258   5.71390783   5.74517462
   5.74934044   5.83814119   5.8758601    6.02632855   6.02952929
   6.12173939   6.26157129   6.30836108   6.74397423  23.549181
  24.04349124  24.4814068   24.59681374  24.79108659]
    CPU time for scf_cycle     44.46 sec, wall time     44.83 sec
    CPU time for SCF     44.46 sec, wall time     44.83 sec
converged SCF energy = -192.863060947321
RHF E = -192.863060947
RHF eps = [-11.22966999 -11.22619643 -11.22571175 -11.22435903 -11.2240144
  -1.14812129  -0.96352229  -0.95216208  -0.75306261  -0.72092585
  -0.69167402  -0.59627053  -0.55784877  -0.5254538   -0.50353627
  -0.50019326  -0.41508407  -0.30854558   0.11962511   0.15372676
   0.18242241   0.19047279   0.20629936   0.20996683   0.21080288
   0.21811624   0.2575996    0.29420108   0.31263027   0.32113945
   0.33736266   0.35650262   0.36747727   0.37926883   0.38213219
   0.45673194   0.48319573   0.48414421   0.49434099   0.51158139
   0.51675093   0.5304897    0.55103973   0.56788106   0.57001657
   0.5783544    0.58558886   0.59027786   0.62944507   0.64278557
   0.72353353   0.73761241   0.74784132   0.7789821    0.779317
   0.79050754   0.82347168   0.85900647   0.88479119   0.90740503
   0.92697775   1.01513474   1.09818788   1.09863844   1.11873415
   1.13368146   1.14285329   1.15506413   1.15579169   1.19373002
   1.19705008   1.21180175   1.21210031   1.28604845   1.31303107
   1.31637275   1.31958062   1.36741911   1.40290537   1.41443827
   1.41837436   1.4520684    1.46225695   1.48417113   1.49884919
   1.51764794   1.54141103   1.56007366   1.61144976   1.64621843
   1.6465015    1.67366374   1.68137625   1.72818812   1.7406449
   1.74543304   1.78846936   1.79372427   1.86051759   1.87905955
   1.88321615   1.93806907   2.00348011   2.01490737   2.03693279
   2.07508058   2.10458232   2.20867411   2.22007731   2.23047369
   2.35980064   2.37742624   2.43074798   2.46498489   2.48801901
   2.70070702   2.70327272   2.76893632   2.77340534   2.81532283
   2.87704062   2.88421823   2.9120712    2.91999452   2.94143897
   2.98355515   3.0181413    3.06271398   3.07348018   3.08243858
   3.09444738   3.09792668   3.15424687   3.15916181   3.21992283
   3.24667202   3.26184651   3.30178847   3.31267055   3.32472281
   3.34302388   3.35498876   3.36037381   3.39857242   3.46415497
   3.47201339   3.48534975   3.48634363   3.50593629   3.50840737
   3.55225513   3.56005396   3.58898578   3.59795225   3.5991133
   3.62028849   3.67496424   3.6916153    3.71673839   3.73029709
   3.76536844   3.76713747   3.83452685   3.84135856   3.91223612
   3.94296881   3.94836053   3.96711165   3.992141     3.99662103
   4.00315993   4.05259982   4.09540188   4.12570259   4.14457071
   4.15788155   4.16148285   4.16405738   4.20903674   4.21578957
   4.22266531   4.24733162   4.27888024   4.32549229   4.3389165
   4.41120475   4.43778684   4.48150963   4.4991088    4.50877981
   4.51922528   4.54605816   4.58092689   4.58323606   4.63359131
   4.68163853   4.69928041   4.71208734   4.74239251   4.75524388
   4.79698418   4.81867675   4.82612504   4.94321282   4.99783166
   5.00254837   5.05173917   5.06422863   5.07451364   5.13678368
   5.16270586   5.22998626   5.31276213   5.31750157   5.33998921
   5.42550925   5.4320305    5.47325723   5.49476904   5.52330744
   5.58633127   5.64125665   5.70411258   5.71390783   5.74517462
   5.74934044   5.83814119   5.8758601    6.02632855   6.02952929
   6.12173939   6.26157129   6.30836108   6.74397423  23.549181
  24.04349124  24.4814068   24.59681374  24.79108659]
    CPU time for transforming oopq     57.79 sec, wall time     64.38 sec
    CPU time for transforming ovpq     66.89 sec, wall time     66.91 sec
MO integrals cint2e_sph are saved in <HDF5 file "tmpUkwhWR" (mode r+)>/eri_mo
num. MO ints = 2.3854433e+09, required disk 19083.546 MB
step1: tmpfile /tmp/tmpNF2Lal  11206.079 MB
step1: (ij,kl) = (48841,28680), mem cache 4000 MB, iobuf 800 MB
    CPU time for Initializing ao2mo.outcore.half_e1      0.04 sec, wall time      0.05 sec
step 1 [1/15], AO [0:287], len(buf) = 2047
      fill iobuf micro [1/1], AO [0:287], len(aobuf) = 2047
    CPU time for gen AO/transform MO [1/15]      9.57 sec, wall time      9.56 sec
step 1 [2/15], AO [287:548], len(buf) = 2044
      fill iobuf micro [1/1], AO [287:548], len(aobuf) = 2044
    CPU time for gen AO/transform MO [2/15]     10.09 sec, wall time     10.10 sec
step 1 [3/15], AO [548:889], len(buf) = 2037
      fill iobuf micro [1/1], AO [548:889], len(aobuf) = 2037
    CPU time for gen AO/transform MO [3/15]     10.51 sec, wall time     10.50 sec
step 1 [4/15], AO [889:1147], len(buf) = 2045
      fill iobuf micro [1/1], AO [889:1147], len(aobuf) = 2045
    CPU time for gen AO/transform MO [4/15]      9.98 sec, wall time     10.00 sec
step 1 [5/15], AO [1147:1423], len(buf) = 2043
      fill iobuf micro [1/1], AO [1147:1423], len(aobuf) = 2043
    CPU time for gen AO/transform MO [5/15]     10.20 sec, wall time     10.19 sec
step 1 [6/15], AO [1423:1604], len(buf) = 2044
      fill iobuf micro [1/1], AO [1423:1604], len(aobuf) = 2044
    CPU time for gen AO/transform MO [6/15]      9.68 sec, wall time      9.69 sec
step 1 [7/15], AO [1604:1885], len(buf) = 2045
      fill iobuf micro [1/1], AO [1604:1885], len(aobuf) = 2045
    CPU time for gen AO/transform MO [7/15]      9.26 sec, wall time      9.27 sec
step 1 [8/15], AO [1885:2242], len(buf) = 2031
      fill iobuf micro [1/1], AO [1885:2242], len(aobuf) = 2031
    CPU time for gen AO/transform MO [8/15]      9.67 sec, wall time      9.67 sec
step 1 [9/15], AO [2242:2608], len(buf) = 2033
      fill iobuf micro [1/1], AO [2242:2608], len(aobuf) = 2033
    CPU time for gen AO/transform MO [9/15]      9.59 sec, wall time      9.59 sec
step 1 [10/15], AO [2608:2966], len(buf) = 2043
      fill iobuf micro [1/1], AO [2608:2966], len(aobuf) = 2043
    CPU time for gen AO/transform MO [10/15]      9.67 sec, wall time      9.67 sec
step 1 [11/15], AO [2966:3193], len(buf) = 2047
      fill iobuf micro [1/1], AO [2966:3193], len(aobuf) = 2047
    CPU time for gen AO/transform MO [11/15]      9.11 sec, wall time      9.12 sec
step 1 [12/15], AO [3193:3587], len(buf) = 2046
      fill iobuf micro [1/1], AO [3193:3587], len(aobuf) = 2046
    CPU time for gen AO/transform MO [12/15]      9.65 sec, wall time      9.65 sec
step 1 [13/15], AO [3587:3970], len(buf) = 2045
      fill iobuf micro [1/1], AO [3587:3970], len(aobuf) = 2045
    CPU time for gen AO/transform MO [13/15]      9.80 sec, wall time      9.80 sec
step 1 [14/15], AO [3970:4179], len(buf) = 2045
      fill iobuf micro [1/1], AO [3970:4179], len(aobuf) = 2045
    CPU time for gen AO/transform MO [14/15]      9.00 sec, wall time      9.01 sec
step 1 [15/15], AO [4179:4186], len(buf) = 85
      fill iobuf micro [1/1], AO [4179:4186], len(aobuf) = 85
    CPU time for gen AO/transform MO [15/15]      0.78 sec, wall time      0.79 sec
    CPU time for AO->MO transformation for cint2e_sph 1 pass    137.61 sec, wall time    137.67 sec
step2: kl-pair (ao 28680, mo 48841), mem 220.2624 MB, ioblock 375.09888 MB
step 2 [1/51], [0,0:960], row = 960
step 2 [1/51] CPU time:      2.74, Wall time:      2.74
step 2 [2/51], [0,960:1920], row = 960
step 2 [2/51] CPU time:      2.81, Wall time:      2.81
step 2 [3/51], [0,1920:2880], row = 960
step 2 [3/51] CPU time:      2.76, Wall time:      2.77
step 2 [4/51], [0,2880:3840], row = 960
step 2 [4/51] CPU time:      2.90, Wall time:      2.89
step 2 [5/51], [0,3840:4800], row = 960
step 2 [5/51] CPU time:      2.83, Wall time:      2.84
step 2 [6/51], [0,4800:5760], row = 960
step 2 [6/51] CPU time:      2.84, Wall time:      2.83
step 2 [7/51], [0,5760:6720], row = 960
step 2 [7/51] CPU time:      2.90, Wall time:      2.90
step 2 [8/51], [0,6720:7680], row = 960
step 2 [8/51] CPU time:      2.83, Wall time:      2.84
step 2 [9/51], [0,7680:8640], row = 960
step 2 [9/51] CPU time:      2.85, Wall time:      2.85
step 2 [10/51], [0,8640:9600], row = 960
step 2 [10/51] CPU time:      2.91, Wall time:      2.91
step 2 [11/51], [0,9600:10560], row = 960
step 2 [11/51] CPU time:      2.96, Wall time:      2.97
step 2 [12/51], [0,10560:11520], row = 960
step 2 [12/51] CPU time:      2.83, Wall time:      2.84
step 2 [13/51], [0,11520:12480], row = 960
step 2 [13/51] CPU time:      2.91, Wall time:      2.91
step 2 [14/51], [0,12480:13440], row = 960
step 2 [14/51] CPU time:      2.83, Wall time:      2.83
step 2 [15/51], [0,13440:14400], row = 960
step 2 [15/51] CPU time:      2.84, Wall time:      2.83
step 2 [16/51], [0,14400:15360], row = 960
step 2 [16/51] CPU time:      2.90, Wall time:      2.90
step 2 [17/51], [0,15360:16320], row = 960
step 2 [17/51] CPU time:      2.83, Wall time:      3.00
step 2 [18/51], [0,16320:17280], row = 960
step 2 [18/51] CPU time:      2.84, Wall time:      2.84
step 2 [19/51], [0,17280:18240], row = 960
step 2 [19/51] CPU time:      2.92, Wall time:      2.91
step 2 [20/51], [0,18240:19200], row = 960
step 2 [20/51] CPU time:      2.78, Wall time:      2.79
step 2 [21/51], [0,19200:20160], row = 960
step 2 [21/51] CPU time:      2.77, Wall time:      2.77
step 2 [22/51], [0,20160:21120], row = 960
step 2 [22/51] CPU time:      2.97, Wall time:      3.13
step 2 [23/51], [0,21120:22080], row = 960
step 2 [23/51] CPU time:      2.83, Wall time:      2.91
step 2 [24/51], [0,22080:23040], row = 960
step 2 [24/51] CPU time:      2.80, Wall time:      2.80
step 2 [25/51], [0,23040:24000], row = 960
step 2 [25/51] CPU time:      2.84, Wall time:      2.84
step 2 [26/51], [0,24000:24960], row = 960
step 2 [26/51] CPU time:      2.81, Wall time:      3.22
step 2 [27/51], [0,24960:25920], row = 960
step 2 [27/51] CPU time:      2.85, Wall time:      3.59
step 2 [28/51], [0,25920:26880], row = 960
step 2 [28/51] CPU time:      2.95, Wall time:      4.69
step 2 [29/51], [0,26880:27840], row = 960
step 2 [29/51] CPU time:      2.84, Wall time:      3.68
step 2 [30/51], [0,27840:28800], row = 960
step 2 [30/51] CPU time:      2.89, Wall time:      4.25
step 2 [31/51], [0,28800:29760], row = 960
step 2 [31/51] CPU time:      3.02, Wall time:      5.25
step 2 [32/51], [0,29760:30720], row = 960
step 2 [32/51] CPU time:      2.84, Wall time:      4.38
step 2 [33/51], [0,30720:31680], row = 960
step 2 [33/51] CPU time:      3.02, Wall time:      5.42
step 2 [34/51], [0,31680:32640], row = 960
step 2 [34/51] CPU time:      2.93, Wall time:      5.01
step 2 [35/51], [0,32640:33600], row = 960
step 2 [35/51] CPU time:      2.88, Wall time:      4.69
step 2 [36/51], [0,33600:34560], row = 960
step 2 [36/51] CPU time:      3.49, Wall time:      8.46
step 2 [37/51], [0,34560:35520], row = 960
step 2 [37/51] CPU time:      2.88, Wall time:      5.03
step 2 [38/51], [0,35520:36480], row = 960
step 2 [38/51] CPU time:      3.04, Wall time:      6.24
step 2 [39/51], [0,36480:37440], row = 960
step 2 [39/51] CPU time:      2.91, Wall time:      5.50
step 2 [40/51], [0,37440:38400], row = 960
step 2 [40/51] CPU time:      2.91, Wall time:      5.72
step 2 [41/51], [0,38400:39360], row = 960
step 2 [41/51] CPU time:      3.03, Wall time:      6.76
step 2 [42/51], [0,39360:40320], row = 960
step 2 [42/51] CPU time:      2.94, Wall time:      6.09
step 2 [43/51], [0,40320:41280], row = 960
step 2 [43/51] CPU time:      2.94, Wall time:      6.13
step 2 [44/51], [0,41280:42240], row = 960
step 2 [44/51] CPU time:      3.06, Wall time:      8.06
step 2 [45/51], [0,42240:43200], row = 960
step 2 [45/51] CPU time:      2.93, Wall time:      6.20
step 2 [46/51], [0,43200:44160], row = 960
step 2 [46/51] CPU time:      2.99, Wall time:      6.21
step 2 [47/51], [0,44160:45120], row = 960
step 2 [47/51] CPU time:      3.08, Wall time:      7.05
step 2 [48/51], [0,45120:46080], row = 960
step 2 [48/51] CPU time:      2.96, Wall time:      6.14
step 2 [49/51], [0,46080:47040], row = 960
step 2 [49/51] CPU time:      2.96, Wall time:      6.28
step 2 [50/51], [0,47040:48000], row = 960
step 2 [50/51] CPU time:      2.52, Wall time:      4.35
step 2 [51/51], [0,48000:48841], row = 841
step 2 [51/51] CPU time:      2.62, Wall time:      5.77
    CPU time for AO->MO transformation for cint2e_sph 2 pass    147.77 sec, wall time    216.29 sec
    CPU time for AO->MO transformation for cint2e_sph     285.38 sec, wall time    353.96 sec
    CPU time for transforming vvvv    343.83 sec, wall time    721.13 sec
    CPU time for CCSD integral transformation    470.60 sec, wall time    854.51 sec

******** <class 'pyscf.cc.linrccsd.LinRCCSD'> flags ********
CCSD nocc = 13, nvir = 221
frozen orbitals [0, 1, 2, 3, 4]
max_cycle = 50
direct = 0
conv_tol = 1e-07
conv_tol_normt = 1e-05
diis_space = 6
diis_start_cycle = 0
diis_start_energy_diff = 1e+09
Init t2, MP2 energy = -0.802990027736169
    CPU time for init mp2      0.26 sec, wall time      1.67 sec
    CPU time for update t1 t2     87.40 sec, wall time    259.98 sec
istep = 0  E(CCSD) = -0.834042113910601  dE = -0.834042114  norm(t1,t2) = 0.120552
    CPU time for CCSD iter     87.65 sec, wall time    260.23 sec
    CPU time for update t1 t2     86.56 sec, wall time    187.15 sec
DIIS for step 1
istep = 1  E(CCSD) = -0.859201188978463  dE = -0.0251590751  norm(t1,t2) = 0.0476823
    CPU time for CCSD iter     86.85 sec, wall time    187.44 sec
    CPU time for update t1 t2     86.24 sec, wall time    172.12 sec
diis-c [ -5.05995235e-04   1.00000000e+00]
DIIS for step 2
istep = 2  E(CCSD) = -0.864248186866598  dE = -0.00504699789  norm(t1,t2) = 0.0298198
    CPU time for CCSD iter     86.62 sec, wall time    172.51 sec
    CPU time for update t1 t2     86.34 sec, wall time    161.88 sec
diis-c [ -9.95921352e-05  -1.19892153e+00   2.19892153e+00]
DIIS for step 3
istep = 3  E(CCSD) = -0.871301854250244  dE = -0.00705366738  norm(t1,t2) = 0.018761
    CPU time for CCSD iter     86.78 sec, wall time    162.32 sec
    CPU time for update t1 t2     86.61 sec, wall time    150.55 sec
diis-c [ -2.81208989e-05  -2.68232177e-01   1.60637097e-01   1.10759508e+00]
DIIS for step 4
istep = 4  E(CCSD) = -0.871640769331218  dE = -0.000338915081  norm(t1,t2) = 0.00855672
    CPU time for CCSD iter     87.10 sec, wall time    151.03 sec
    CPU time for update t1 t2     85.60 sec, wall time    113.58 sec
diis-c [ -5.75449250e-06   5.25845430e-01  -7.12713062e-01  -8.60293218e-01
   2.04716085e+00]
DIIS for step 5
istep = 5  E(CCSD) = -0.87099080796579  dE = 0.000649961365  norm(t1,t2) = 0.0046642
    CPU time for CCSD iter     86.14 sec, wall time    114.13 sec
    CPU time for update t1 t2     83.94 sec, wall time    103.43 sec
diis-c [ -2.31486648e-06  -2.81161174e-01   4.29241493e-01   2.37480527e-01
  -1.11588803e+00   1.73032719e+00]
DIIS for step 6
istep = 6  E(CCSD) = -0.871249910548161  dE = -0.000259102582  norm(t1,t2) = 0.00252342
    CPU time for CCSD iter     84.53 sec, wall time    104.02 sec
    CPU time for update t1 t2     82.04 sec, wall time     83.75 sec
diis-c [ -5.66104872e-07  -1.87996518e-01   2.72919644e-01   2.52441542e-01
  -6.13743894e-01  -4.48030772e-01   1.72441000e+00]
DIIS for step 7
istep = 7  E(CCSD) = -0.871285805649979  dE = -3.58951018e-05  norm(t1,t2) = 0.00152013
    CPU time for CCSD iter     82.68 sec, wall time     84.39 sec
    CPU time for update t1 t2     82.01 sec, wall time     83.95 sec
diis-c [ -2.32945407e-07   1.24971551e+00   2.69267335e-03  -4.01510945e-02
   1.14452729e-01  -2.35139114e-01  -9.15707057e-02]
DIIS for step 8
istep = 8  E(CCSD) = -0.871296303009124  dE = -1.04973591e-05  norm(t1,t2) = 0.000778626
    CPU time for CCSD iter     82.68 sec, wall time     84.62 sec
    CPU time for update t1 t2     81.91 sec, wall time     84.24 sec
diis-c [ -4.40904460e-08  -1.19733748e+00   2.23326330e+00  -2.10492237e-02
  -1.09185106e-03   2.67585009e-01  -2.81369754e-01]
DIIS for step 9
istep = 9  E(CCSD) = -0.871283056497534  dE = 1.32465116e-05  norm(t1,t2) = 0.000475406
    CPU time for CCSD iter     82.58 sec, wall time     84.91 sec
    CPU time for update t1 t2     82.06 sec, wall time     83.99 sec
diis-c [ -1.16370329e-08  -7.66914176e-02  -2.11392726e-01   1.23994212e+00
   3.75030050e-03  -3.14233979e-02   7.58151197e-02]
DIIS for step 10
istep = 10  E(CCSD) = -0.871279672761696  dE = 3.38373584e-06  norm(t1,t2) = 0.00018113
    CPU time for CCSD iter     82.72 sec, wall time     84.65 sec
    CPU time for update t1 t2     82.09 sec, wall time     86.01 sec
diis-c [ -2.33327183e-09   1.91988862e-01  -2.95758009e-01  -5.08967019e-01
   1.62253073e+00  -1.68008537e-02   7.00628973e-03]
DIIS for step 11
istep = 11  E(CCSD) = -0.871278225188784  dE = 1.44757291e-06  norm(t1,t2) = 9.46239e-05
    CPU time for CCSD iter     82.75 sec, wall time     86.67 sec
    CPU time for update t1 t2     82.03 sec, wall time     85.19 sec
diis-c [ -6.23983698e-10   1.49378410e-02   4.72377589e-02  -2.06983381e-01
   5.29846111e-02   1.09891661e+00  -7.09344215e-03]
DIIS for step 12
istep = 12  E(CCSD) = -0.871274179949359  dE = 4.04523942e-06  norm(t1,t2) = 3.78605e-05
    CPU time for CCSD iter     82.71 sec, wall time     85.86 sec
    CPU time for update t1 t2     82.22 sec, wall time     84.65 sec
diis-c [ -1.97534017e-10  -5.86259506e-03  -1.82765528e-02   9.47307118e-02
  -9.79787677e-02  -7.25845515e-01   1.75323272e+00]
DIIS for step 13
istep = 13  E(CCSD) = -0.871271440799544  dE = 2.73914982e-06  norm(t1,t2) = 2.25209e-05
    CPU time for CCSD iter     82.87 sec, wall time     85.30 sec
    CPU time for update t1 t2     82.14 sec, wall time     84.13 sec
diis-c [ -6.88042401e-11   1.31085288e+00  -2.76397511e-03   3.02765625e-02
   3.23162494e-02  -2.37851527e-01  -1.32830190e-01]
DIIS for step 14
istep = 14  E(CCSD) = -0.87127050034811  dE = 9.40451434e-07  norm(t1,t2) = 1.35611e-05
    CPU time for CCSD iter     82.82 sec, wall time     84.80 sec
    CPU time for update t1 t2     82.22 sec, wall time     83.99 sec
diis-c [ -2.23794594e-11  -1.04722772e+00   1.95293546e+00  -3.31538377e-02
   2.88172951e-03   2.05294026e-01  -8.07296595e-02]
DIIS for step 15
istep = 15  E(CCSD) = -0.871270419917643  dE = 8.04304667e-08  norm(t1,t2) = 7.49982e-06
    CPU time for CCSD iter     82.89 sec, wall time     84.67 sec
    CPU time for CCSD   1350.37 sec, wall time   1917.56 sec
CCSD converged
E(linCCSD) = -193.7343313672387  E_corr = -0.8712704199176429
    CPU time for EOM-CCSD shared one-electron intermediates      6.44 sec, wall time      6.44 sec
    CPU time for EOM-CCSD shared two-electron intermediates     14.13 sec, wall time     14.15 sec
    CPU time for EOM-CCSD IP intermediates     18.20 sec, wall time     18.22 sec
tol 1e-07  toloose 0.000316228
max_cycle 50  max_space 38  max_memory 2000  incore True
davidson 0 6  |r|= 0.303  e= [ 0.40257951  0.49471671  0.57097087  0.56987859  0.59480546  0.62046406]  max|de|= 0.62  lindep=    1
davidson 1 12  |r|= 0.0697  e= [ 0.32893118  0.41237244  0.46516924  0.46625117  0.48372394  0.5129713 ]  max|de|= -0.111  lindep= 0.959
davidson 2 18  |r|= 0.0172  e= [ 0.32816269  0.41066757  0.46367951  0.46449343  0.4818826   0.51090481]  max|de|= -0.00207  lindep= 0.905
davidson 3 24  |r|= 0.00541  e= [ 0.32851554  0.41111208  0.46402477  0.46476025  0.48222477  0.51112538]  max|de|= 0.000445  lindep= 0.821
davidson 4 30  |r|= 0.00231  e= [ 0.32854098  0.41120596  0.46402957  0.4647266   0.48225046  0.51105115]  max|de|= 9.39e-05  lindep= 0.911
davidson 5 36  |r|= 0.000827  e= [ 0.32853903  0.41120121  0.46398837  0.46469292  0.48219128  0.51101358]  max|de|= -5.92e-05  lindep= 0.899
root 0 converged  |r|= 0.000182  e= 0.328539026166  max|de|= -1.5e-15
davidson 6 6  |r|= 0.000827  e= [ 0.32853903  0.41120121  0.46398837  0.46469292  0.48219128  0.51101358]  max|de|= -3.28e-15  lindep=    1
davidson 7 11  |r|= 0.000273  e= [ 0.32853903  0.4112008   0.46399069  0.4646961   0.48219079  0.51101623]  max|de|= 3.19e-06  lindep= 0.952
root 3 converged  |r|= 7.13e-05  e= 0.464696031979  max|de|= -7.16e-08
davidson 8 16  |r|= 0.000114  e= [ 0.32853903  0.41119944  0.46398996  0.46469603  0.48218851  0.51101835]  max|de|= -2.28e-06  lindep= 0.785
davidson 9 20  |r|= 4.08e-05  e= [ 0.32853903  0.41120032  0.46398595  0.46469473  0.4821844   0.51101432]  max|de|= -4.11e-06  lindep= 0.609
davidson 10 24  |r|= 1.88e-05  e= [ 0.32853903  0.41120005  0.46398834  0.46469594  0.48218708  0.51101565]  max|de|= 2.68e-06  lindep= 0.321
davidson 11 28  |r|= 8.72e-06  e= [ 0.32853904  0.41120019  0.46398804  0.4646955   0.48218612  0.51101613]  max|de|= -9.59e-07  lindep= 0.091
root 1 converged  |r|= 2.88e-06  e= 0.411200199386  max|de|= 6.87e-09
root 2 converged  |r|= 7.57e-07  e= 0.463988097766  max|de|= 5.98e-08
davidson 12 32  |r|= 4.24e-06  e= [ 0.32853902  0.4112002   0.4639881   0.46469593  0.48218626  0.5110159 ]  max|de|= 4.29e-07  lindep= 0.269
root 5 converged  |r|= 1.32e-06  e= 0.511015929725  max|de|= 3.31e-08
davidson 13 34  |r|= 1.32e-06  e= [ 0.32853902  0.41120019  0.4639881   0.46469643  0.48218643  0.51101593]  max|de|= 5.07e-07  lindep= 0.798
root 0 converged  |r|= 0.000182  e= 0.32853901973  max|de|= -1.83e-15
root 1 converged  |r|= 2.91e-06  e= 0.411200191831  max|de|= -2.66e-15
root 2 converged  |r|= 6.48e-07  e= 0.463988098913  max|de|= 5.55e-16
root 3 converged  |r|= 5.94e-05  e= 0.46469643477  max|de|= -2.22e-15
root 4 converged  |r|= 8.23e-07  e= 0.482186433858  max|de|= 3.39e-15
root 5 converged  |r|= 1.32e-06  e= 0.511015929725  max|de|= -3.77e-15
converge 14 6  |r|= 0.000182  e= [ 0.32853902  0.41120019  0.4639881   0.46469643  0.48218643  0.51101593]  max|de|= -3.77e-15
IP root 0 E = 0.3285390197300964  qpwt = 0.963918
IP root 1 E = 0.4112001918312987  qpwt = 0.953381
IP root 2 E = 0.4639880989125368  qpwt = 0.956269
IP root 3 E = 0.4646964347696336  qpwt = 0.95625
IP root 4 E = 0.4821864338584105  qpwt = 0.953807
IP root 5 E = 0.511015929725082  qpwt = 0.952651
    CPU time for IP-CCSD     91.75 sec, wall time     91.89 sec
    CPU time for EOM-CCSD shared one-electron intermediates      6.37 sec, wall time      6.39 sec
    CPU time for EOM-CCSD EA intermediates   1011.06 sec, wall time   1274.27 sec
tol 1e-07  toloose 0.000316228
max_cycle 50  max_space 38  max_memory 2000  incore True
davidson 0 6  |r|= 0.378  e= [ 0.16989479  0.16111395  0.19111814  0.19822086  0.21371219  0.21696047]  max|de|= 0.217  lindep=    1
davidson 1 12  |r|= 0.0781  e= [ 0.07967348  0.12457332  0.15398501  0.16449129  0.17897563  0.18340904]  max|de|= -0.0902  lindep= 0.967
davidson 2 18  |r|= 0.0302  e= [ 0.07226765  0.12126101  0.150194    0.16106788  0.1749177   0.17897688]  max|de|= -0.00741  lindep= 0.974
davidson 3 24  |r|= 0.00844  e= [ 0.07247536  0.12116844  0.1501228   0.16097701  0.17471954  0.17875843]  max|de|= -0.000218  lindep= 0.602
davidson 4 30  |r|= 0.00442  e= [ 0.07231807  0.1211858   0.15012954  0.16097982  0.17471096  0.17872473]  max|de|= -0.000157  lindep= 0.679
davidson 5 36  |r|= 0.002  e= [ 0.07234319  0.12118276  0.15013197  0.16098833  0.17470195  0.17873135]  max|de|= 2.51e-05  lindep= 0.596
davidson 6 6  |r|= 0.002  e= [ 0.07234319  0.12118276  0.15013197  0.16098833  0.17470195  0.17873135]  max|de|= -3.66e-15  lindep=    1
root 1 converged  |r|= 0.000143  e= 0.121182695289  max|de|= -6e-08
davidson 7 12  |r|= 0.00118  e= [ 0.07235004  0.1211827   0.15013219  0.16098795  0.1746915   0.17871829]  max|de|= -1.31e-05  lindep= 0.835
davidson 8 17  |r|= 0.000807  e= [ 0.07234951  0.12118274  0.15013046  0.16098123  0.17466762  0.1787096 ]  max|de|= -2.39e-05  lindep= 0.153
davidson 9 22  |r|= 0.000783  e= [ 0.07234935  0.12118246  0.15013066  0.16098148  0.17467647  0.1787079 ]  max|de|= 8.85e-06  lindep= 0.0384
davidson 10 27  |r|= 0.00225  e= [ 0.07234958  0.12118244  0.15013184  0.16098357  0.17465342  0.17871976]  max|de|= -2.3e-05  lindep= 0.457
root 0 converged  |r|= 1.19e-06  e= 0.0723496347501  max|de|= 5.65e-08
davidson 11 32  |r|= 0.00396  e= [ 0.07234963  0.12118253  0.15013113  0.16098492  0.17468189  0.17867379]  max|de|= -4.6e-05  lindep= 0.392
davidson 12 36  |r|= 0.00494  e= [ 0.07234963  0.12118255  0.15013081  0.16098479  0.17468226  0.17872642]  max|de|= 5.26e-05  lindep= 0.267
root 0 converged  |r|= 1.08e-06  e= 0.0723496261004  max|de|= 2.51e-15
root 1 converged  |r|= 0.000109  e= 0.121182550963  max|de|= 7.08e-16
root 2 converged  |r|= 2e-05  e= 0.150130812964  max|de|= -1.55e-15
root 3 converged  |r|= 7.25e-05  e= 0.160984794082  max|de|= -5.27e-16
root 4 converged  |r|= 0.000136  e= 0.174682264896  max|de|= 5.83e-16
davidson 13 6  |r|= 0.00494  e= [ 0.07234963  0.12118255  0.15013081  0.16098479  0.17468226  0.17872642]  max|de|= 4.69e-15  lindep= 0.329
davidson 14 7  |r|= 0.00228  e= [ 0.07234963  0.12118254  0.15013061  0.16098479  0.17468295  0.17871826]  max|de|= -8.16e-06  lindep= 0.291
davidson 15 8  |r|= 0.00226  e= [ 0.07234963  0.12118254  0.15013075  0.1609848   0.17468283  0.1787183 ]  max|de|= 1.34e-07  lindep= 0.136
davidson 16 9  |r|= 0.00123  e= [ 0.07234962  0.12118255  0.15013083  0.16098481  0.17468276  0.17871676]  max|de|= -1.54e-06  lindep= 0.481
davidson 17 10  |r|= 0.00056  e= [ 0.07234963  0.12118255  0.15013083  0.16098481  0.17468198  0.17872227]  max|de|= 5.51e-06  lindep= 0.681
davidson 18 11  |r|= 0.000427  e= [ 0.07234963  0.12118256  0.15013084  0.16098481  0.1746821   0.17872293]  max|de|= 6.64e-07  lindep= 0.511
davidson 19 12  |r|= 0.00053  e= [ 0.07234963  0.12118254  0.15013084  0.1609848   0.17468208  0.17871994]  max|de|= -2.99e-06  lindep= 0.436
davidson 20 13  |r|= 0.00111  e= [ 0.07234963  0.12118254  0.15013083  0.16098479  0.17468207  0.17871276]  max|de|= -7.17e-06  lindep= 0.241
davidson 21 14  |r|= 0.00256  e= [ 0.07234963  0.12118263  0.15013083  0.16098478  0.17468208  0.17870564]  max|de|= -7.12e-06  lindep= 0.147
davidson 22 15  |r|= 0.00244  e= [ 0.07234963  0.12118237  0.15013083  0.16098472  0.17468214  0.17871108]  max|de|= 5.44e-06  lindep= 0.0266
davidson 23 16  |r|= 0.00217  e= [ 0.07234963  0.12118315  0.15013083  0.16098473  0.17468213  0.17870987]  max|de|= -1.21e-06  lindep= 0.121
davidson 24 17  |r|= 0.0119  e= [ 0.07234963  0.12118324  0.15013083  0.16098473  0.17468211  0.17873191]  max|de|= 2.2e-05  lindep= 0.25
davidson 25 18  |r|= 0.00127  e= [ 0.07234963  0.12118295  0.15013083  0.16098474  0.17468225  0.17872569]  max|de|= -6.22e-06  lindep= 0.455
davidson 26 19  |r|= 0.002  e= [ 0.07234963  0.12118299  0.15013083  0.16098477  0.1746822   0.17874392]  max|de|= 1.82e-05  lindep= 0.379
davidson 27 20  |r|= 0.000572  e= [ 0.07234963  0.12118293  0.15013083  0.16098475  0.17468225  0.17872624]  max|de|= -1.77e-05  lindep= 0.398
davidson 28 21  |r|= 0.00188  e= [ 0.07234963  0.1211828   0.15013083  0.16098472  0.17468234  0.17873662]  max|de|= 1.04e-05  lindep= 0.433
davidson 29 22  |r|= 0.00329  e= [ 0.07234963  0.12118277  0.15013083  0.16098457  0.1747004   0.17872211]  max|de|= 1.81e-05  lindep= 0.471
davidson 30 23  |r|= 0.000674  e= [ 0.07234963  0.12118267  0.15013082  0.16098461  0.17468179  0.17873135]  max|de|= -1.86e-05  lindep= 0.691
davidson 31 24  |r|= 0.000278  e= [ 0.07234963  0.12118263  0.15013082  0.16098079  0.17468296  0.17873242]  max|de|= -3.82e-06  lindep= 0.586
davidson 32 25  |r|= 0.000121  e= [ 0.07234963  0.12118265  0.15013082  0.16098562  0.17468252  0.17873149]  max|de|= 4.83e-06  lindep= 0.477
davidson 33 26  |r|= 6.35e-05  e= [ 0.07234963  0.12118265  0.15013082  0.16098425  0.17468281  0.17873065]  max|de|= -1.38e-06  lindep= 0.448
davidson 34 27  |r|= 3.58e-05  e= [ 0.07234963  0.12118265  0.15013082  0.16098541  0.17468314  0.17873049]  max|de|= 1.16e-06  lindep= 0.471
davidson 35 28  |r|= 1.73e-05  e= [ 0.07234963  0.12118264  0.15013082  0.16098471  0.1746826   0.178731  ]  max|de|= -7.03e-07  lindep= 0.591
davidson 36 29  |r|= 7.99e-06  e= [ 0.07234963  0.12118265  0.15013082  0.16098471  0.17468263  0.17873089]  max|de|= -1.16e-07  lindep= 0.697
root 5 converged  |r|= 3.57e-06  e= 0.178730887568  max|de|= 2.06e-09
converge 37 30  |r|= 3.57e-06  e= [ 0.07234963  0.12118263  0.15013081  0.16098484  0.17468255  0.17873089]  max|de|= 1.28e-07
EA root 0 E = 0.07234962575121644  qpwt = 0.960028
EA root 1 E = 0.1211826327583265  qpwt = 0.981923
EA root 2 E = 0.1501308118037816  qpwt = 0.980945
EA root 3 E = 0.1609848365144598  qpwt = 0.981053
EA root 4 E = 0.1746825489910722  qpwt = 0.980137
EA root 5 E = 0.1787308875682134  qpwt = 0.980346
    CPU time for EA-CCSD   3620.06 sec, wall time   4219.93 sec
