

******** <class 'pyscf.scf.hf.RHF'> flags ********
method = RHF
initial guess = minao
damping factor = 0
level shift factor = 0
Do DIIS = True
DIIS start cycle = 1
DIIS space = 8
SCF tol = 1e-09
SCF gradient tol = None
max. SCF cycles = 50
direct_scf = True
direct_scf_tol = 1e-13
chkfile to save SCF result = /tmp/tmp7Bl65I
max_memory 4000 MB (current use 39 MB)
Set gradient conv threshold to 3.16228e-05
Nelec from initial guess = 33.9944
cond(S) = 442.330124008
E_coul = 427.45404155706
init E= -919.08061371217
    CPU time for initialize scf      0.48 sec, wall time      0.48 sec
  HOMO = -0.355914606440215  LUMO = -0.117832155498929
  mo_energy =
[-104.85271386 -104.85269624  -10.61626565  -10.61531432   -8.07474177
   -8.07411634   -8.07267187   -8.07267187   -8.072595     -8.072595
   -1.33424951   -0.99928262   -0.61487601   -0.54302226   -0.54302226
   -0.35591461   -0.35591461   -0.11783216    0.39100794    0.40767115
    0.45088906    0.45088906    0.48010318    0.48010318    0.50888441
    0.50888441    0.53463146    0.53463146    0.59997364    0.64963851
    0.64963851    0.80567772    0.84080723    0.86100334    0.86100334
    1.30820333    1.96139274    1.96139274    2.01316847    2.04203111
    2.04203111    2.04733978    2.04733978    2.10609898    2.11893511
    2.11893511    2.12175273    2.12175273    2.22300154    2.22300154
    2.33156235    2.33156235    2.37560732    2.37560732    2.47036156
    2.47036156    2.48762035    2.50458305    2.50458305    2.51906965
    2.53430955    2.53430955    2.71063235    3.08268391    3.08268391
    4.11171588    8.56413862    8.56413862    8.60817284    8.60817284
    8.6121318     8.6121318     8.66250489    8.68448754    8.68448754
    8.79168846   11.37997525   11.37997525   11.45994367   11.45994367
   11.55823748   11.9515324    24.60903961   25.26690835]
E_coul = 425.621678773831
cycle= 1 E= -918.965059329311  delta_E= 0.116  |g|= 0.28  |ddm|= 1.29
    CPU time for cycle= 1      0.05 sec, wall time      0.04 sec
diis-norm(errvec)=0.715401
diis-c [-0.51179869  1.        ]
  HOMO = -0.464146274003766  LUMO = 0.0108310442754164
  mo_energy =
[ -1.04960628e+02  -1.04960625e+02  -1.06739237e+01  -1.06737560e+01
  -8.14275865e+00  -8.14250818e+00  -8.13766287e+00  -8.13766287e+00
  -8.13765198e+00  -8.13765198e+00  -1.25996323e+00  -1.03704247e+00
  -6.23975564e-01  -5.97885921e-01  -5.97885921e-01  -4.64146274e-01
  -4.64146274e-01   1.08310443e-02   3.66321158e-01   4.13480886e-01
   4.27652239e-01   4.27652239e-01   4.66546418e-01   4.66546418e-01
   5.03526323e-01   5.03526323e-01   5.19635912e-01   5.19635912e-01
   5.97379901e-01   6.35331917e-01   6.35331917e-01   7.91057075e-01
   8.31520042e-01   8.50534877e-01   8.50534877e-01   1.29299331e+00
   1.95018286e+00   1.95018286e+00   1.96987880e+00   2.00429889e+00
   2.00429889e+00   2.03429020e+00   2.03429020e+00   2.07544134e+00
   2.08283196e+00   2.08283196e+00   2.08572342e+00   2.08572342e+00
   2.19958100e+00   2.19958100e+00   2.33107424e+00   2.33107424e+00
   2.37547895e+00   2.37547895e+00   2.45718568e+00   2.45718568e+00
   2.46440238e+00   2.48888404e+00   2.49498631e+00   2.49498631e+00
   2.51797001e+00   2.51797001e+00   2.65354340e+00   3.05226988e+00
   3.05226988e+00   4.06667267e+00   8.52958656e+00   8.52958656e+00
   8.55783875e+00   8.55783875e+00   8.57429710e+00   8.57429710e+00
   8.60299256e+00   8.63145951e+00   8.63145951e+00   8.73482562e+00
   1.13322873e+01   1.13322873e+01   1.14131002e+01   1.14131002e+01
   1.14914633e+01   1.18896893e+01   2.45581961e+01   2.52174019e+01]
E_coul = 427.759663670845
cycle= 2 E= -918.980002204135  delta_E= -0.0149  |g|= 0.136  |ddm|= 0.225
    CPU time for cycle= 2      0.04 sec, wall time      0.04 sec
diis-norm(errvec)=0.312566
diis-c [-0.03021678  0.27237271  0.72762729]
  HOMO = -0.441587550595574  LUMO = 0.0396239389501258
  mo_energy =
[ -1.04892395e+02  -1.04892393e+02  -1.06185073e+01  -1.06183413e+01
  -8.08571825e+00  -8.08545428e+00  -8.08233574e+00  -8.08233574e+00
  -8.08232745e+00  -8.08232745e+00  -1.21718478e+00  -1.01501657e+00
  -5.95985144e-01  -5.68687767e-01  -5.68687767e-01  -4.41587551e-01
  -4.41587551e-01   3.96239390e-02   3.86700833e-01   4.17317804e-01
   4.51589875e-01   4.51589875e-01   4.84262355e-01   4.84262355e-01
   5.14660975e-01   5.14660975e-01   5.45724261e-01   5.45724261e-01
   6.07339066e-01   6.57945345e-01   6.57945345e-01   8.24227834e-01
   8.56328956e-01   8.71895072e-01   8.71895072e-01   1.31234070e+00
   1.98183512e+00   1.98183512e+00   2.00390976e+00   2.04183188e+00
   2.04183188e+00   2.06687475e+00   2.06687475e+00   2.09699087e+00
   2.11607629e+00   2.11607629e+00   2.12161985e+00   2.12161985e+00
   2.23070768e+00   2.23070768e+00   2.35830454e+00   2.35830454e+00
   2.40232390e+00   2.40232390e+00   2.48334255e+00   2.48334255e+00
   2.48725027e+00   2.51807659e+00   2.51807659e+00   2.52126018e+00
   2.54608568e+00   2.54608568e+00   2.70420163e+00   3.08507351e+00
   3.08507351e+00   4.10368688e+00   8.57742886e+00   8.57742886e+00
   8.60632954e+00   8.60632954e+00   8.62163742e+00   8.62163742e+00
   8.65091342e+00   8.67889570e+00   8.67889570e+00   8.78060332e+00
   1.13804462e+01   1.13804462e+01   1.14610562e+01   1.14610562e+01
   1.15437322e+01   1.19396996e+01   2.46077117e+01   2.52662432e+01]
E_coul = 427.128182482062
cycle= 3 E= -918.982791523387  delta_E= -0.00279  |g|= 0.0207  |ddm|= 0.0747
    CPU time for cycle= 3      0.04 sec, wall time      0.04 sec
diis-norm(errvec)=0.0576433
diis-c [ -1.14716521e-03  -1.03125185e-01  -1.07848777e-01   1.21097396e+00]
  HOMO = -0.441345256534989  LUMO = 0.0438441508528916
  mo_energy =
[ -1.04891439e+02  -1.04891436e+02  -1.06167067e+01  -1.06165403e+01
  -8.08346552e+00  -8.08319581e+00  -8.08107426e+00  -8.08107426e+00
  -8.08106717e+00  -8.08106717e+00  -1.21672961e+00  -1.01305457e+00
  -5.95600823e-01  -5.68123749e-01  -5.68123749e-01  -4.41345257e-01
  -4.41345257e-01   4.38441509e-02   3.86395746e-01   4.19667026e-01
   4.52230905e-01   4.52230905e-01   4.84432190e-01   4.84432190e-01
   5.15449631e-01   5.15449631e-01   5.46302908e-01   5.46302908e-01
   6.09906485e-01   6.58764394e-01   6.58764394e-01   8.25191844e-01
   8.57477224e-01   8.73606182e-01   8.73606182e-01   1.31359253e+00
   1.98315129e+00   1.98315129e+00   2.00529267e+00   2.04322047e+00
   2.04322047e+00   2.06804065e+00   2.06804065e+00   2.09968652e+00
   2.11786099e+00   2.11786099e+00   2.12300382e+00   2.12300382e+00
   2.23210885e+00   2.23210885e+00   2.35931576e+00   2.35931576e+00
   2.40335374e+00   2.40335374e+00   2.48454308e+00   2.48454308e+00
   2.49012063e+00   2.51965351e+00   2.51965351e+00   2.52310326e+00
   2.54756461e+00   2.54756461e+00   2.70577498e+00   3.08644221e+00
   3.08644221e+00   4.10563639e+00   8.57910074e+00   8.57910074e+00
   8.60814442e+00   8.60814442e+00   8.62336255e+00   8.62336255e+00
   8.65296451e+00   8.68079714e+00   8.68079714e+00   8.78266294e+00
   1.13817852e+01   1.13817852e+01   1.14623759e+01   1.14623759e+01
   1.15459886e+01   1.19418847e+01   2.46094250e+01   2.52680835e+01]
E_coul = 427.138363790804
cycle= 4 E= -918.982995094268  delta_E= -0.000204  |g|= 0.00418  |ddm|= 0.0205
    CPU time for cycle= 4      0.04 sec, wall time      0.04 sec
diis-norm(errvec)=0.0112877
diis-c [ -2.31308304e-05   4.54718780e-03   3.29798088e-03  -2.61288298e-01
   1.25344313e+00]
  HOMO = -0.442575108966975  LUMO = 0.0430282703692203
  mo_energy =
[ -1.04895065e+02  -1.04895063e+02  -1.06196216e+01  -1.06194542e+01
  -8.08657364e+00  -8.08630245e+00  -8.08397797e+00  -8.08397797e+00
  -8.08397102e+00  -8.08397102e+00  -1.21827086e+00  -1.01423155e+00
  -5.97200633e-01  -5.69151399e-01  -5.69151399e-01  -4.42575109e-01
  -4.42575109e-01   4.30282704e-02   3.85095785e-01   4.19214174e-01
   4.51557172e-01   4.51557172e-01   4.83364383e-01   4.83364383e-01
   5.15128456e-01   5.15128456e-01   5.45302464e-01   5.45302464e-01
   6.09275485e-01   6.57784016e-01   6.57784016e-01   8.23837938e-01
   8.56142061e-01   8.72453171e-01   8.72453171e-01   1.31229720e+00
   1.98167592e+00   1.98167592e+00   2.00362437e+00   2.04150441e+00
   2.04150441e+00   2.06667624e+00   2.06667624e+00   2.09798413e+00
   2.11618876e+00   2.11618876e+00   2.12139339e+00   2.12139339e+00
   2.23080625e+00   2.23080625e+00   2.35828737e+00   2.35828737e+00
   2.40233173e+00   2.40233173e+00   2.48329407e+00   2.48329407e+00
   2.48850494e+00   2.51843877e+00   2.51843877e+00   2.52150610e+00
   2.54620905e+00   2.54620905e+00   2.70363528e+00   3.08476647e+00
   3.08476647e+00   4.10377347e+00   8.57673215e+00   8.57673215e+00
   8.60556106e+00   8.60556106e+00   8.62101357e+00   8.62101357e+00
   8.65032120e+00   8.67823998e+00   8.67823998e+00   8.78004765e+00
   1.13793528e+01   1.13793528e+01   1.14599561e+01   1.14599561e+01
   1.15432140e+01   1.19391776e+01   2.46068660e+01   2.52655541e+01]
E_coul = 427.158094909516
cycle= 5 E= -918.983003902968  delta_E= -8.81e-06  |g|= 0.000783  |ddm|= 0.00423
    CPU time for cycle= 5      0.04 sec, wall time      0.04 sec
diis-norm(errvec)=0.00125568
diis-c [ -7.72846167e-07   2.05948867e-03   1.65099106e-04  -2.60764036e-02
   4.10949751e-02   9.82756841e-01]
  HOMO = -0.442380739137162  LUMO = 0.0432146242812219
  mo_energy =
[ -1.04894022e+02  -1.04894019e+02  -1.06189129e+01  -1.06187454e+01
  -8.08585851e+00  -8.08558712e+00  -8.08323018e+00  -8.08323018e+00
  -8.08322321e+00  -8.08322321e+00  -1.21803530e+00  -1.01401541e+00
  -5.96988610e-01  -5.68929410e-01  -5.68929410e-01  -4.42380739e-01
  -4.42380739e-01   4.32146243e-02   3.85175249e-01   4.19286503e-01
   4.51693284e-01   4.51693284e-01   4.83511734e-01   4.83511734e-01
   5.15206332e-01   5.15206332e-01   5.45474053e-01   5.45474053e-01
   6.09399764e-01   6.57965170e-01   6.57965170e-01   8.24016854e-01
   8.56332216e-01   8.72642952e-01   8.72642952e-01   1.31247361e+00
   1.98198423e+00   1.98198423e+00   2.00385024e+00   2.04179396e+00
   2.04179396e+00   2.06697351e+00   2.06697351e+00   2.09825574e+00
   2.11642582e+00   2.11642582e+00   2.12166764e+00   2.12166764e+00
   2.23101683e+00   2.23101683e+00   2.35849769e+00   2.35849769e+00
   2.40254236e+00   2.40254236e+00   2.48356164e+00   2.48356164e+00
   2.48875297e+00   2.51870480e+00   2.51870480e+00   2.52174101e+00
   2.54642164e+00   2.54642164e+00   2.70395383e+00   3.08499786e+00
   3.08499786e+00   4.10402885e+00   8.57729767e+00   8.57729767e+00
   8.60612407e+00   8.60612407e+00   8.62157705e+00   8.62157705e+00
   8.65088468e+00   8.67879947e+00   8.67879947e+00   8.78060298e+00
   1.13799542e+01   1.13799542e+01   1.14605564e+01   1.14605564e+01
   1.15437976e+01   1.19397549e+01   2.46074553e+01   2.52661428e+01]
E_coul = 427.152840124719
cycle= 6 E= -918.983004006773  delta_E= -1.04e-07  |g|= 0.000141  |ddm|= 0.000544
    CPU time for cycle= 6      0.04 sec, wall time      0.04 sec
diis-norm(errvec)=0.000230235
diis-c [ -1.84231883e-08  -1.13273916e-04  -3.33143838e-04   9.19445694e-03
  -4.31477318e-02  -1.96692679e-03   1.03636662e+00]
  HOMO = -0.442394956831484  LUMO = 0.0431927228579133
  mo_energy =
[ -1.04894153e+02  -1.04894151e+02  -1.06189782e+01  -1.06188107e+01
  -8.08592748e+00  -8.08565615e+00  -8.08329654e+00  -8.08329654e+00
  -8.08328959e+00  -8.08328959e+00  -1.21805317e+00  -1.01404057e+00
  -5.97005278e-01  -5.68935230e-01  -5.68935230e-01  -4.42394957e-01
  -4.42394957e-01   4.31927229e-02   3.85166632e-01   4.19271303e-01
   4.51692308e-01   4.51692308e-01   4.83503753e-01   4.83503753e-01
   5.15201203e-01   5.15201203e-01   5.45462081e-01   5.45462081e-01
   6.09382401e-01   6.57950809e-01   6.57950809e-01   8.23999754e-01
   8.56317977e-01   8.72627676e-01   8.72627676e-01   1.31245765e+00
   1.98196133e+00   1.98196133e+00   2.00383682e+00   2.04177589e+00
   2.04177589e+00   2.06695231e+00   2.06695231e+00   2.09823346e+00
   2.11641168e+00   2.11641168e+00   2.12165035e+00   2.12165035e+00
   2.23100374e+00   2.23100374e+00   2.35848149e+00   2.35848149e+00
   2.40252582e+00   2.40252582e+00   2.48354265e+00   2.48354265e+00
   2.48872893e+00   2.51868406e+00   2.51868406e+00   2.52172378e+00
   2.54640557e+00   2.54640557e+00   2.70393891e+00   3.08498236e+00
   3.08498236e+00   4.10401180e+00   8.57725086e+00   8.57725086e+00
   8.60608216e+00   8.60608216e+00   8.62153019e+00   8.62153019e+00
   8.65084423e+00   8.67875743e+00   8.67875743e+00   8.78056213e+00
   1.13799019e+01   1.13799019e+01   1.14605040e+01   1.14605040e+01
   1.15437464e+01   1.19397034e+01   2.46074027e+01   2.52660903e+01]
E_coul = 427.153131453378
cycle= 7 E= -918.983004010811  delta_E= -4.04e-09  |g|= 1.74e-05  |ddm|= 0.000145
    CPU time for cycle= 7      0.04 sec, wall time      0.04 sec
diis-norm(errvec)=3.25537e-05
diis-c [ -3.42613715e-10  -5.14913568e-05  -2.86674995e-05   2.22581456e-04
   1.29242200e-03  -1.99134862e-02  -1.08409596e-01   1.12688824e+00]
  HOMO = -0.442398051089791  LUMO = 0.0431880501881092
  mo_energy =
[ -1.04894151e+02  -1.04894148e+02  -1.06189826e+01  -1.06188151e+01
  -8.08593108e+00  -8.08565975e+00  -8.08330054e+00  -8.08330054e+00
  -8.08329359e+00  -8.08329359e+00  -1.21805788e+00  -1.01404557e+00
  -5.97007507e-01  -5.68937220e-01  -5.68937220e-01  -4.42398051e-01
  -4.42398051e-01   4.31880502e-02   3.85164600e-01   4.19269223e-01
   4.51691064e-01   4.51691064e-01   4.83501601e-01   4.83501601e-01
   5.15200092e-01   5.15200092e-01   5.45458870e-01   5.45458870e-01
   6.09379396e-01   6.57947347e-01   6.57947347e-01   8.23995799e-01
   8.56314653e-01   8.72624266e-01   8.72624266e-01   1.31245485e+00
   1.98195662e+00   1.98195662e+00   2.00383363e+00   2.04177198e+00
   2.04177198e+00   2.06694800e+00   2.06694800e+00   2.09822966e+00
   2.11640792e+00   2.11640792e+00   2.12164668e+00   2.12164668e+00
   2.23100020e+00   2.23100020e+00   2.35847739e+00   2.35847739e+00
   2.40252168e+00   2.40252168e+00   2.48353903e+00   2.48353903e+00
   2.48872511e+00   2.51868033e+00   2.51868033e+00   2.52172008e+00
   2.54640148e+00   2.54640148e+00   2.70393483e+00   3.08497830e+00
   3.08497830e+00   4.10400804e+00   8.57724527e+00   8.57724527e+00
   8.60607722e+00   8.60607722e+00   8.62152461e+00   8.62152461e+00
   8.65083953e+00   8.67875251e+00   8.67875251e+00   8.78055740e+00
   1.13798977e+01   1.13798977e+01   1.14604998e+01   1.14604998e+01
   1.15437428e+01   1.19396998e+01   2.46073980e+01   2.52660856e+01]
E_coul = 427.153145551902
cycle= 8 E= -918.983004010931  delta_E= -1.2e-10  |g|= 3.23e-06  |ddm|= 2.99e-05
    CPU time for cycle= 8      0.04 sec, wall time      0.04 sec
  HOMO = -0.44239738488176  LUMO = 0.0431885602354322
  mo_energy =
[ -1.04894150e+02  -1.04894147e+02  -1.06189810e+01  -1.06188135e+01
  -8.08592934e+00  -8.08565801e+00  -8.08329885e+00  -8.08329885e+00
  -8.08329190e+00  -8.08329190e+00  -1.21805691e+00  -1.01404498e+00
  -5.97006312e-01  -5.68936399e-01  -5.68936399e-01  -4.42397385e-01
  -4.42397385e-01   4.31885602e-02   3.85165068e-01   4.19269409e-01
   4.51691604e-01   4.51691604e-01   4.83502164e-01   4.83502164e-01
   5.15200405e-01   5.15200405e-01   5.45459636e-01   5.45459636e-01
   6.09379742e-01   6.57948066e-01   6.57948066e-01   8.23996551e-01
   8.56315259e-01   8.72624894e-01   8.72624894e-01   1.31245545e+00
   1.98195771e+00   1.98195771e+00   2.00383451e+00   2.04177303e+00
   2.04177303e+00   2.06694911e+00   2.06694911e+00   2.09823034e+00
   2.11640876e+00   2.11640876e+00   2.12164770e+00   2.12164770e+00
   2.23100107e+00   2.23100107e+00   2.35847830e+00   2.35847830e+00
   2.40252259e+00   2.40252259e+00   2.48353991e+00   2.48353991e+00
   2.48872576e+00   2.51868115e+00   2.51868115e+00   2.52172094e+00
   2.54640229e+00   2.54640229e+00   2.70393603e+00   3.08497914e+00
   3.08497914e+00   4.10400894e+00   8.57724691e+00   8.57724691e+00
   8.60607874e+00   8.60607874e+00   8.62152623e+00   8.62152623e+00
   8.65084100e+00   8.67875401e+00   8.67875401e+00   8.78055882e+00
   1.13798992e+01   1.13798992e+01   1.14605013e+01   1.14605013e+01
   1.15437442e+01   1.19397012e+01   2.46073995e+01   2.52660871e+01]
    CPU time for scf_cycle      0.82 sec, wall time      0.82 sec
    CPU time for SCF      0.82 sec, wall time      0.82 sec
converged SCF energy = -918.983004010931
RHF E = -918.983004011
RHF eps = [ -1.04894150e+02  -1.04894147e+02  -1.06189810e+01  -1.06188135e+01
  -8.08592934e+00  -8.08565801e+00  -8.08329885e+00  -8.08329885e+00
  -8.08329190e+00  -8.08329190e+00  -1.21805691e+00  -1.01404498e+00
  -5.97006312e-01  -5.68936399e-01  -5.68936399e-01  -4.42397385e-01
  -4.42397385e-01   4.31885602e-02   3.85165068e-01   4.19269409e-01
   4.51691604e-01   4.51691604e-01   4.83502164e-01   4.83502164e-01
   5.15200405e-01   5.15200405e-01   5.45459636e-01   5.45459636e-01
   6.09379742e-01   6.57948066e-01   6.57948066e-01   8.23996551e-01
   8.56315259e-01   8.72624894e-01   8.72624894e-01   1.31245545e+00
   1.98195771e+00   1.98195771e+00   2.00383451e+00   2.04177303e+00
   2.04177303e+00   2.06694911e+00   2.06694911e+00   2.09823034e+00
   2.11640876e+00   2.11640876e+00   2.12164770e+00   2.12164770e+00
   2.23100107e+00   2.23100107e+00   2.35847830e+00   2.35847830e+00
   2.40252259e+00   2.40252259e+00   2.48353991e+00   2.48353991e+00
   2.48872576e+00   2.51868115e+00   2.51868115e+00   2.52172094e+00
   2.54640229e+00   2.54640229e+00   2.70393603e+00   3.08497914e+00
   3.08497914e+00   4.10400894e+00   8.57724691e+00   8.57724691e+00
   8.60607874e+00   8.60607874e+00   8.62152623e+00   8.62152623e+00
   8.65084100e+00   8.67875401e+00   8.67875401e+00   8.78055882e+00
   1.13798992e+01   1.13798992e+01   1.14605013e+01   1.14605013e+01
   1.15437442e+01   1.19397012e+01   2.46073995e+01   2.52660871e+01]
    CPU time for CCSD integral transformation      3.29 sec, wall time      3.29 sec

******** <class 'pyscf.cc.linrccsd.LinRCCSD'> flags ********
CCSD nocc = 7, nvir = 67
frozen orbitals [0, 1, 2, 3, 4, 5, 6, 7, 8, 9]
max_cycle = 50
direct = 0
conv_tol = 1e-07
conv_tol_normt = 1e-05
diis_space = 6
diis_start_cycle = 0
diis_start_energy_diff = 1e+09
Init t2, MP2 energy = -0.379441094473123
    CPU time for init mp2      0.00 sec, wall time      0.00 sec
    CPU time for update t1 t2      0.29 sec, wall time      0.30 sec
istep = 0  E(CCSD) = -0.413422233565165  dE = -0.413422234  norm(t1,t2) = 0.0811363
    CPU time for CCSD iter      0.29 sec, wall time      0.30 sec
    CPU time for update t1 t2      0.29 sec, wall time      0.28 sec
DIIS for step 1
istep = 1  E(CCSD) = -0.425197417235844  dE = -0.0117751837  norm(t1,t2) = 0.0306214
    CPU time for CCSD iter      0.29 sec, wall time      0.28 sec
    CPU time for update t1 t2      0.29 sec, wall time      0.29 sec
diis-c [ -1.46803136e-04   1.00000000e+00]
DIIS for step 2
istep = 2  E(CCSD) = -0.42849384214453  dE = -0.00329642491  norm(t1,t2) = 0.0155896
    CPU time for CCSD iter      0.29 sec, wall time      0.29 sec
    CPU time for update t1 t2      0.29 sec, wall time      0.30 sec
diis-c [ -1.09569471e-05  -1.02696328e+00   2.02696328e+00]
DIIS for step 3
istep = 3  E(CCSD) = -0.431346934269347  dE = -0.00285309212  norm(t1,t2) = 0.00850214
    CPU time for CCSD iter      0.31 sec, wall time      0.30 sec
    CPU time for update t1 t2      0.27 sec, wall time      0.28 sec
diis-c [ -2.86845102e-06   1.19156437e-01  -3.38630448e-01   1.21947401e+00]
DIIS for step 4
istep = 4  E(CCSD) = -0.431189680840937  dE = 0.000157253428  norm(t1,t2) = 0.00224933
    CPU time for CCSD iter      0.28 sec, wall time      0.29 sec
    CPU time for update t1 t2      0.28 sec, wall time      0.28 sec
diis-c [ -5.36447895e-07   2.79759916e-01  -5.26164989e-01  -4.27547756e-01
   1.67395283e+00]
DIIS for step 5
istep = 5  E(CCSD) = -0.43108005802369  dE = 0.000109622817  norm(t1,t2) = 0.00123535
    CPU time for CCSD iter      0.29 sec, wall time      0.29 sec
    CPU time for update t1 t2      0.28 sec, wall time      0.28 sec
diis-c [ -5.30167285e-08  -3.22993555e-01   6.37123530e-01   1.76819489e-01
  -1.76504055e+00   2.27409108e+00]
DIIS for step 6
istep = 6  E(CCSD) = -0.431142365309239  dE = -6.23072855e-05  norm(t1,t2) = 0.000537723
    CPU time for CCSD iter      0.28 sec, wall time      0.29 sec
    CPU time for update t1 t2      0.30 sec, wall time      0.29 sec
diis-c [ -8.69999137e-09   1.00330825e-01  -2.00302014e-01  -3.72316725e-02
   5.62554655e-01  -9.34340278e-01   1.50898848e+00]
DIIS for step 7
istep = 7  E(CCSD) = -0.431132395236229  dE = 9.97007301e-06  norm(t1,t2) = 0.000153918
    CPU time for CCSD iter      0.30 sec, wall time      0.29 sec
    CPU time for update t1 t2      0.29 sec, wall time      0.28 sec
diis-c [ -1.19111487e-09   1.30564405e+00  -1.42572844e-04  -5.54143136e-03
   1.17604656e-02   1.05690262e-02  -3.22289538e-01]
DIIS for step 8
istep = 8  E(CCSD) = -0.43113219468753  dE = 2.00548698e-07  norm(t1,t2) = 5.65573e-05
    CPU time for CCSD iter      0.29 sec, wall time      0.29 sec
    CPU time for update t1 t2      0.28 sec, wall time      0.28 sec
diis-c [ -2.01379691e-10  -3.06637117e-02   1.13491889e+00  -8.69644890e-04
  -2.85432291e-03   2.46272723e-02  -1.25158480e-01]
DIIS for step 9
istep = 9  E(CCSD) = -0.43113121730346  dE = 9.7738407e-07  norm(t1,t2) = 2.3986e-05
    CPU time for CCSD iter      0.29 sec, wall time      0.29 sec
    CPU time for update t1 t2      0.29 sec, wall time      0.28 sec
diis-c [ -2.31749342e-11  -1.89248977e-01  -7.34130623e-01   1.80907100e+00
   2.15304770e-03  -1.71438590e-02   1.29299416e-01]
DIIS for step 10
istep = 10  E(CCSD) = -0.431131751221715  dE = -5.33918255e-07  norm(t1,t2) = 1.14923e-05
    CPU time for CCSD iter      0.29 sec, wall time      0.29 sec
    CPU time for update t1 t2      0.29 sec, wall time      0.29 sec
diis-c [ -3.16152660e-12   5.84361204e-02   1.07428035e-01  -5.33342359e-01
   1.39357010e+00   2.57858998e-03  -2.86704857e-02]
DIIS for step 11
istep = 11  E(CCSD) = -0.431131432953255  dE = 3.18268459e-07  norm(t1,t2) = 3.22614e-06
    CPU time for CCSD iter      0.30 sec, wall time      0.29 sec
    CPU time for update t1 t2      0.28 sec, wall time      0.28 sec
diis-c [ -3.73312492e-13   1.11800825e-02   2.36814755e-02  -8.51993504e-02
  -9.36299184e-02   1.14764714e+00  -3.67942535e-03]
DIIS for step 12
istep = 12  E(CCSD) = -0.431131385997902  dE = 4.69553539e-08  norm(t1,t2) = 1.03926e-06
    CPU time for CCSD iter      0.28 sec, wall time      0.29 sec
    CPU time for CCSD      3.78 sec, wall time      3.79 sec
CCSD converged
E(linCCSD) = -919.4141353969291  E_corr = -0.4311313859979016
    CPU time for EOM-CCSD shared one-electron intermediates      0.03 sec, wall time      0.03 sec
    CPU time for EOM-CCSD shared two-electron intermediates      0.07 sec, wall time      0.07 sec
    CPU time for EOM-CCSD IP intermediates      0.09 sec, wall time      0.09 sec
tol 1e-07  toloose 0.000316228
max_cycle 50  max_space 38  max_memory 2000  incore True
davidson 0 6  |r|= 0.33  e= [ 0.50775626  0.50775626  0.62625954  0.62625954  0.67593967  1.06008714]  max|de|= 1.06  lindep=    1
davidson 1 12  |r|= 0.275  e= [ 0.42496221  0.42496221  0.53375885  0.53375885  0.59407779  1.0267351 ]  max|de|= -0.0925  lindep= 0.539
davidson 2 16  |r|= 0.148  e= [ 0.42496234  0.42462453  0.53250116  0.53375886  0.59202178  0.88095631]  max|de|= -0.146  lindep= 0.863
davidson 3 22  |r|= 0.212  e= [ 0.42462467  0.42478285  0.53274916  0.53250118  0.59284136  0.86130924]  max|de|= -0.0196  lindep= 0.199
davidson 4 28  |r|= 0.0263  e= [ 0.42478285  0.42479623  0.53274707  0.53274916  0.59281482  0.86769834]  max|de|= 0.00639  lindep= 0.745
davidson 5 34  |r|= 0.0207  e= [ 0.42479624  0.42479583  0.53274287  0.53274707  0.59275741  0.86714056]  max|de|= -0.000558  lindep= 0.111
root 1 converged  |r|= 6.59e-05  e= 0.424795829613  max|de|= 1.17e-15
root 2 converged  |r|= 0.000155  e= 0.532742869663  max|de|= 2.33e-15
davidson 6 6  |r|= 0.0207  e= [ 0.42479624  0.42479583  0.53274287  0.53274707  0.59275741  0.86714056]  max|de|= -2.66e-15  lindep= 0.998
root 0 converged  |r|= 7.46e-05  e= 0.424796181896  max|de|= -5.52e-08
davidson 7 10  |r|= 0.0157  e= [ 0.42479618  0.42479585  0.53274287  0.53274625  0.59276094  0.86712225]  max|de|= -1.83e-05  lindep= 0.169
davidson 8 13  |r|= 0.00945  e= [ 0.42479618  0.42479585  0.53274287  0.53273593  0.59275911  0.86725452]  max|de|= 0.000132  lindep= 0.255
davidson 9 16  |r|= 0.00407  e= [ 0.42479618  0.42479585  0.53274287  0.53274085  0.5927589   0.86698932]  max|de|= -0.000265  lindep= 0.547
davidson 10 19  |r|= 0.00174  e= [ 0.42479618  0.42479585  0.53274287  0.53273986  0.5927592   0.8671611 ]  max|de|= 0.000172  lindep= 0.711
root 4 converged  |r|= 1.04e-06  e= 0.592759247772  max|de|= 4.87e-08
davidson 11 22  |r|= 0.00051  e= [ 0.42479618  0.42479585  0.53274287  0.53274007  0.59275925  0.86704265]  max|de|= -0.000118  lindep= 0.836
root 3 converged  |r|= 1.15e-07  e= 0.532740074213  max|de|= 3.41e-09
davidson 12 24  |r|= 0.00013  e= [ 0.42479618  0.42479585  0.53274287  0.53274007  0.59275925  0.867074  ]  max|de|= 3.13e-05  lindep= 0.925
davidson 13 25  |r|= 3.9e-05  e= [ 0.42479618  0.42479585  0.53274287  0.53274007  0.59275925  0.86707199]  max|de|= -2.01e-06  lindep= 0.953
davidson 14 26  |r|= 1.36e-05  e= [ 0.42479618  0.42479585  0.53274287  0.53274007  0.59275925  0.86707233]  max|de|= 3.34e-07  lindep= 0.987
davidson 15 27  |r|= 9.8e-06  e= [ 0.42479618  0.42479585  0.53274287  0.53274007  0.59275925  0.86707221]  max|de|= -1.16e-07  lindep= 0.943
davidson 16 28  |r|= 3.72e-05  e= [ 0.42479618  0.42479585  0.53274287  0.53274007  0.59275925  0.86707245]  max|de|= 2.37e-07  lindep= 0.142
davidson 17 29  |r|= 2.16e-06  e= [ 0.42479618  0.42479585  0.53274287  0.53274007  0.59275925  0.86707224]  max|de|= -2.08e-07  lindep= 0.904
root 5 converged  |r|= 6.14e-07  e= 0.86707224192  max|de|= 3.52e-09
converge 18 30  |r|= 6.14e-07  e= [ 0.42479618  0.42479585  0.53274287  0.53274007  0.59275925  0.86707224]  max|de|= 3.52e-09
IP root 0 E = 0.4247961818962083  qpwt = 0.960953
IP root 1 E = 0.4247958495778813  qpwt = 0.960949
IP root 2 E = 0.5327428702332639  qpwt = 0.944302
IP root 3 E = 0.5327400742134037  qpwt = 0.944297
IP root 4 E = 0.5927592477716026  qpwt = 0.956071
IP root 5 E = 0.8670722419202577  qpwt = 0.746986
    CPU time for IP-CCSD      0.69 sec, wall time      0.68 sec
    CPU time for EOM-CCSD shared one-electron intermediates      0.03 sec, wall time      0.03 sec
    CPU time for EOM-CCSD EA intermediates      2.37 sec, wall time      2.37 sec
tol 1e-07  toloose 0.000316228
max_cycle 50  max_space 38  max_memory 2000  incore True
davidson 0 6  |r|= 0.365  e= [ 0.09215058  0.40234984  0.43469659  0.46601338  0.46786611  0.51067877]  max|de|= 0.511  lindep=    1
davidson 1 12  |r|= 0.19  e= [-0.0022299   0.3426095   0.37121984  0.4080068   0.4396512   0.44883183]  max|de|= -0.0944  lindep= 0.472
davidson 2 18  |r|= 0.0605  e= [-0.002075    0.3366555   0.36950667  0.39511395  0.40488507  0.43688157]  max|de|= -0.0348  lindep= 0.588
davidson 3 24  |r|= 0.0518  e= [-0.00191989  0.33645184  0.36974215  0.39434251  0.39961162  0.43401415]  max|de|= -0.00527  lindep= 0.714
davidson 4 30  |r|= 0.0412  e= [-0.00196722  0.33631708  0.36979346  0.39431982  0.39560749  0.44281179]  max|de|= 0.0088  lindep= 0.611
davidson 5 36  |r|= 0.0166  e= [-0.00197073  0.33628584  0.36978299  0.39432332  0.39497492  0.4423951 ]  max|de|= -0.000633  lindep= 0.919
root 0 converged  |r|= 0.000109  e= -0.00197073394921  max|de|= -1.44e-15
root 2 converged  |r|= 0.000304  e= 0.369782992275  max|de|= -1.5e-15
root 3 converged  |r|= 0.000301  e= 0.394323318951  max|de|= 8.33e-16
davidson 6 6  |r|= 0.0166  e= [-0.00197073  0.33628584  0.36978299  0.39432332  0.39497492  0.4423951 ]  max|de|= 2.39e-15  lindep= 0.986
davidson 7 9  |r|= 0.00385  e= [-0.00197073  0.33627943  0.36978299  0.39432342  0.39424422  0.44238476]  max|de|= -0.000731  lindep= 0.96
davidson 8 12  |r|= 0.00321  e= [-0.00197073  0.33627425  0.36978299  0.39432354  0.39440292  0.44238265]  max|de|= 0.000159  lindep= 0.87
davidson 9 15  |r|= 0.00176  e= [-0.00197073  0.33627821  0.36978299  0.39432293  0.39431339  0.44238599]  max|de|= -8.95e-05  lindep= 0.656
davidson 10 18  |r|= 0.000933  e= [-0.00197073  0.33627556  0.36978299  0.39432291  0.39434072  0.44238525]  max|de|= 2.73e-05  lindep= 0.446
davidson 11 21  |r|= 0.0025  e= [-0.00197073  0.33627669  0.36978299  0.39432282  0.3943339   0.44237039]  max|de|= -1.49e-05  lindep= 0.41
root 1 converged  |r|= 1.93e-06  e= 0.336276666124  max|de|= -2.57e-08
davidson 12 24  |r|= 0.000256  e= [-0.00197073  0.33627667  0.36978299  0.39432246  0.3943269   0.44238962]  max|de|= 1.92e-05  lindep= 0.41
davidson 13 26  |r|= 7.29e-05  e= [-0.00197073  0.33627667  0.36978299  0.39432236  0.39432898  0.44238843]  max|de|= 2.08e-06  lindep= 0.438
davidson 14 28  |r|= 2.48e-05  e= [-0.00197073  0.33627667  0.36978299  0.39432065  0.39432721  0.44238867]  max|de|= -1.77e-06  lindep= 0.333
root 4 converged  |r|= 4.65e-06  e= 0.394327291824  max|de|= 7.77e-08
davidson 15 30  |r|= 7.28e-06  e= [-0.00197073  0.33627667  0.36978299  0.39432446  0.39432729  0.44238844]  max|de|= 3.8e-06  lindep= 0.36
davidson 16 31  |r|= 1.62e-06  e= [-0.00197073  0.33627667  0.36978299  0.39432437  0.39432729  0.44238829]  max|de|= -1.45e-07  lindep= 0.577
root 5 converged  |r|= 3.68e-07  e= 0.442388327545  max|de|= 3.7e-08
converge 17 32  |r|= 3.68e-07  e= [-0.00197073  0.33627667  0.36978299  0.39432424  0.3943273   0.44238833]  max|de|= -1.28e-07
EA root 0 E = -0.001970733949151765  qpwt = 0.966293
EA root 1 E = 0.3362766661242906  qpwt = 0.952524
EA root 2 E = 0.3697829922755634  qpwt = 0.963688
EA root 3 E = 0.3943242421779515  qpwt = 0.916672
EA root 4 E = 0.3943272963205706  qpwt = 0.916639
EA root 5 E = 0.4423883275450743  qpwt = 0.893732
    CPU time for EA-CCSD     12.36 sec, wall time     12.37 sec
