

******** <class 'pyscf.scf.hf.RHF'> flags ********
method = RHF
initial guess = minao
damping factor = 0
level shift factor = 0
Do DIIS = True
DIIS start cycle = 1
DIIS space = 8
SCF tol = 1e-09
SCF gradient tol = None
max. SCF cycles = 50
direct_scf = True
direct_scf_tol = 1e-13
chkfile to save SCF result = /tmp/tmpngkyb0
max_memory 4000 MB (current use 39 MB)
Set gradient conv threshold to 3.16228e-05
Nelec from initial guess = 47.9927
cond(S) = 305.24810605
E_coul = 1066.71980365248
init E= -2382.21374095134
    CPU time for initialize scf      1.09 sec, wall time      1.10 sec
  HOMO = -0.272945758463226  LUMO = 0.0241645316719603
  mo_energy =
[ -3.78583351e+02  -1.04858161e+02  -4.80156301e+01  -4.23286721e+01
  -4.23285180e+01  -4.23285180e+01  -1.06210835e+01  -8.07968128e+00
  -8.07815012e+00  -8.07815012e+00  -6.32431930e+00  -4.40696276e+00
  -4.40363217e+00  -4.40363217e+00  -1.18333223e+00  -1.11514781e+00
  -1.11514781e+00  -1.11208042e+00  -1.11208042e+00  -1.09310935e+00
  -5.88375099e-01  -4.61184215e-01  -4.61184215e-01  -2.72945758e-01
   2.41645317e-02   2.41645317e-02   1.05126414e-01   2.77509009e-01
   2.92028472e-01   2.92028472e-01   3.20348050e-01   3.20348050e-01
   3.23318104e-01   3.91039004e-01   3.91989771e-01   3.91989771e-01
   4.98033455e-01   4.98033455e-01   5.29676816e-01   5.97454719e-01
   5.97454719e-01   6.94185047e-01   6.94185047e-01   7.58072075e-01
   1.00289909e+00   1.00289909e+00   1.03638080e+00   1.03638080e+00
   1.12277026e+00   1.13879189e+00   1.13879189e+00   1.14994690e+00
   1.14994690e+00   1.22983468e+00   1.32684003e+00   1.32684003e+00
   1.36608217e+00   2.03064513e+00   2.03064513e+00   2.11625669e+00
   2.11625669e+00   2.16301282e+00   2.34965778e+00   2.34965778e+00
   2.38063404e+00   2.38063404e+00   2.43418271e+00   2.50191345e+00
   2.50191345e+00   2.55471711e+00   2.55471711e+00   2.61002962e+00
   2.62842868e+00   2.62842868e+00   2.75716132e+00   2.75716132e+00
   3.03520409e+00   3.75028970e+00   3.75028970e+00   4.06168690e+00
   5.28208383e+00   8.58807284e+00   8.58807284e+00   8.67175223e+00
   8.67175223e+00   8.72701753e+00   1.14361950e+01   1.14361950e+01
   1.17089643e+01   2.54819987e+01]
E_coul = 1062.7353508813
cycle= 1 E= -2382.79559213122  delta_E= -0.582  |g|= 0.36  |ddm|= 1.11
    CPU time for cycle= 1      0.05 sec, wall time      0.05 sec
diis-norm(errvec)=0.713066
diis-c [-0.50846243  1.        ]
  HOMO = -0.348069195942502  LUMO = 0.0155318646212734
  mo_energy =
[ -3.79008961e+02  -1.04616502e+02  -4.83477263e+01  -4.26752137e+01
  -4.26752137e+01  -4.26749134e+01  -1.03712235e+01  -7.83567881e+00
  -7.83397902e+00  -7.83397902e+00  -6.52335320e+00  -4.60902327e+00
  -4.60902327e+00  -4.60661936e+00  -1.31295535e+00  -1.31274741e+00
  -1.31274741e+00  -1.30964002e+00  -1.30964002e+00  -9.78966699e-01
  -5.16903666e-01  -3.81711119e-01  -3.81711119e-01  -3.48069196e-01
   1.55318646e-02   1.55318646e-02   1.08413461e-01   2.59645511e-01
   2.59645511e-01   2.60587173e-01   3.08010219e-01   3.08010219e-01
   3.16451522e-01   3.49451086e-01   3.49451086e-01   4.07436573e-01
   5.67457385e-01   5.78610782e-01   5.78610782e-01   7.15781592e-01
   7.15781592e-01   7.71574211e-01   7.71574211e-01   8.30671450e-01
   9.30824400e-01   9.30824400e-01   9.93117797e-01   9.93117797e-01
   1.06168104e+00   1.06168104e+00   1.10287428e+00   1.10287428e+00
   1.12588709e+00   1.28661131e+00   1.31629237e+00   1.31629237e+00
   1.36823135e+00   2.21042385e+00   2.21042385e+00   2.28363648e+00
   2.28363648e+00   2.32239616e+00   2.45148241e+00   2.47453792e+00
   2.47453792e+00   2.51391290e+00   2.51391290e+00   2.51549684e+00
   2.51549684e+00   2.57008035e+00   2.57008035e+00   2.68415087e+00
   2.68415087e+00   2.69041165e+00   2.81142466e+00   2.81142466e+00
   3.09603030e+00   3.60256786e+00   3.60256786e+00   3.92017515e+00
   5.17138787e+00   8.81957286e+00   8.81957286e+00   8.90051529e+00
   8.90051529e+00   8.95573235e+00   1.16622914e+01   1.16622914e+01
   1.19288850e+01   2.57108675e+01]
E_coul = 1065.48432486337
cycle= 2 E= -2382.82437922163  delta_E= -0.0288  |g|= 0.27  |ddm|= 0.534
    CPU time for cycle= 2      0.06 sec, wall time      0.05 sec
diis-norm(errvec)=0.405848
diis-c [-0.02195297  0.35136471  0.64863529]
  HOMO = -0.350565925661248  LUMO = 0.0323657647455919
  mo_energy =
[ -3.78812685e+02  -1.04795357e+02  -4.81699081e+01  -4.24948588e+01
  -4.24948588e+01  -4.24941560e+01  -1.05184139e+01  -7.98508408e+00
  -7.98406021e+00  -7.98406021e+00  -6.41063834e+00  -4.49969745e+00
  -4.49969745e+00  -4.49657022e+00  -1.21367622e+00  -1.21191967e+00
  -1.21191967e+00  -1.20823947e+00  -1.20823947e+00  -1.03802295e+00
  -5.37180374e-01  -4.35804934e-01  -4.35804934e-01  -3.50565926e-01
   3.23657647e-02   3.23657647e-02   1.18731405e-01   2.72390244e-01
   2.72390244e-01   2.76199452e-01   3.16029043e-01   3.16029043e-01
   3.17579120e-01   3.70284346e-01   3.70284346e-01   4.03386197e-01
   5.46567257e-01   5.46567257e-01   5.52686310e-01   6.64939173e-01
   6.64939173e-01   7.37246997e-01   7.37246997e-01   7.99729664e-01
   9.58153246e-01   9.58153246e-01   1.01451757e+00   1.01451757e+00
   1.08811180e+00   1.08811180e+00   1.12207737e+00   1.12207737e+00
   1.13156394e+00   1.26072798e+00   1.32069904e+00   1.32069904e+00
   1.36479852e+00   2.12550043e+00   2.12550043e+00   2.20744473e+00
   2.20744473e+00   2.24931815e+00   2.44503416e+00   2.44503416e+00
   2.45755379e+00   2.45755379e+00   2.46355009e+00   2.53933015e+00
   2.53933015e+00   2.57057052e+00   2.57057052e+00   2.60535503e+00
   2.60535503e+00   2.63418180e+00   2.77691321e+00   2.77691321e+00
   3.07049865e+00   3.67486192e+00   3.67486192e+00   3.99855973e+00
   5.22853653e+00   8.69112604e+00   8.69112604e+00   8.77304599e+00
   8.77304599e+00   8.82766985e+00   1.15323020e+01   1.15323020e+01
   1.18024304e+01   2.55817065e+01]
E_coul = 1063.73057647661
cycle= 3 E= -2382.83299247538  delta_E= -0.00861  |g|= 0.045  |ddm|= 0.178
    CPU time for cycle= 3      0.05 sec, wall time      0.05 sec
diis-norm(errvec)=0.0657923
diis-c [-0.00310229  0.00629867  0.08820436  0.90549697]
  HOMO = -0.350425578935145  LUMO = 0.0351991776931314
  mo_energy =
[ -3.78845928e+02  -1.04804639e+02  -4.81959116e+01  -4.25221803e+01
  -4.25221803e+01  -4.25211799e+01  -1.05323320e+01  -7.99877944e+00
  -7.99805289e+00  -7.99805289e+00  -6.41949220e+00  -4.50861921e+00
  -4.50861921e+00  -4.50520042e+00  -1.22114382e+00  -1.21998315e+00
  -1.21998315e+00  -1.21591978e+00  -1.21591978e+00  -1.04883438e+00
  -5.43614917e-01  -4.46197341e-01  -4.46197341e-01  -3.50425579e-01
   3.51991777e-02   3.51991777e-02   1.21773375e-01   2.74226581e-01
   2.74226581e-01   2.77782689e-01   3.17527954e-01   3.17527954e-01
   3.18358371e-01   3.72225965e-01   3.72225965e-01   4.01218742e-01
   5.39563230e-01   5.39563230e-01   5.50457771e-01   6.55452258e-01
   6.55452258e-01   7.30711961e-01   7.30711961e-01   7.93950718e-01
   9.60530368e-01   9.60530368e-01   1.01764197e+00   1.01764197e+00
   1.09154197e+00   1.09154197e+00   1.12551460e+00   1.12551460e+00
   1.13323336e+00   1.25641467e+00   1.32206683e+00   1.32206683e+00
   1.36298435e+00   2.11290034e+00   2.11290034e+00   2.19550767e+00
   2.19550767e+00   2.23768869e+00   2.43289329e+00   2.43289329e+00
   2.44783518e+00   2.44783518e+00   2.45944851e+00   2.53584290e+00
   2.53584290e+00   2.56894656e+00   2.56894656e+00   2.59386454e+00
   2.59386454e+00   2.62684882e+00   2.77115680e+00   2.77115680e+00
   3.06258391e+00   3.67111786e+00   3.67111786e+00   3.99878769e+00
   5.22185732e+00   8.67658424e+00   8.67658424e+00   8.75863275e+00
   8.75863275e+00   8.81319929e+00   1.15185692e+01   1.15185692e+01
   1.17892396e+01   2.55681599e+01]
E_coul = 1064.20697410738
cycle= 4 E= -2382.83338621652  delta_E= -0.000394  |g|= 0.017  |ddm|= 0.0538
    CPU time for cycle= 4      0.05 sec, wall time      0.05 sec
diis-norm(errvec)=0.026005
diis-c [ -3.50003897e-04  -4.08262756e-02  -5.00808170e-02   1.85858649e-01
   9.05048443e-01]
  HOMO = -0.349590720956869  LUMO = 0.0356690810463819
  mo_energy =
[ -3.78836398e+02  -1.04794802e+02  -4.81873200e+01  -4.25135568e+01
  -4.25135568e+01  -4.25124061e+01  -1.05254588e+01  -7.99168252e+00
  -7.99104792e+00  -7.99104792e+00  -6.41527119e+00  -4.50483630e+00
  -4.50483630e+00  -4.50126154e+00  -1.21782903e+00  -1.21687322e+00
  -1.21687322e+00  -1.21261445e+00  -1.21261445e+00  -1.04744639e+00
  -5.42779999e-01  -4.45622911e-01  -4.45622911e-01  -3.49590721e-01
   3.56690810e-02   3.56690810e-02   1.22945183e-01   2.74313964e-01
   2.74313964e-01   2.78623989e-01   3.18173106e-01   3.18173106e-01
   3.18908290e-01   3.72454307e-01   3.72454307e-01   4.01834699e-01
   5.39418642e-01   5.39418642e-01   5.50910772e-01   6.56179429e-01
   6.56179429e-01   7.31342455e-01   7.31342455e-01   7.95038726e-01
   9.60468422e-01   9.60468422e-01   1.01852276e+00   1.01852276e+00
   1.09126377e+00   1.09126377e+00   1.12593112e+00   1.12593112e+00
   1.13468538e+00   1.25755654e+00   1.32288875e+00   1.32288875e+00
   1.36341350e+00   2.11528254e+00   2.11528254e+00   2.19750188e+00
   2.19750188e+00   2.23964202e+00   2.43420715e+00   2.43420715e+00
   2.44912928e+00   2.44912928e+00   2.46113484e+00   2.53721687e+00
   2.53721687e+00   2.56976101e+00   2.56976101e+00   2.59588028e+00
   2.59588028e+00   2.62915066e+00   2.77279780e+00   2.77279780e+00
   3.06418939e+00   3.67309718e+00   3.67309718e+00   4.00215887e+00
   5.22352710e+00   8.68194018e+00   8.68194018e+00   8.76392883e+00
   8.76392883e+00   8.81852261e+00   1.15241126e+01   1.15241126e+01
   1.17947868e+01   2.55737753e+01]
E_coul = 1064.03227898076
cycle= 5 E= -2382.83346640365  delta_E= -8.02e-05  |g|= 0.00409  |ddm|= 0.0275
    CPU time for cycle= 5      0.05 sec, wall time      0.05 sec
diis-norm(errvec)=0.00750598
diis-c [ -2.19947719e-05  -1.33506124e-03   1.79763920e-04  -9.16342677e-02
  -6.43362674e-02   1.15712583e+00]
  HOMO = -0.349657391265208  LUMO = 0.0354478854401084
  mo_energy =
[ -3.78838632e+02  -1.04797259e+02  -4.81893733e+01  -4.25156790e+01
  -4.25156790e+01  -4.25144625e+01  -1.05263303e+01  -7.99263478e+00
  -7.99200549e+00  -7.99200549e+00  -6.41685881e+00  -4.50649013e+00
  -4.50649013e+00  -4.50284563e+00  -1.21927991e+00  -1.21848729e+00
  -1.21848729e+00  -1.21413457e+00  -1.21413457e+00  -1.04764789e+00
  -5.43047889e-01  -4.45920526e-01  -4.45920526e-01  -3.49657391e-01
   3.54478854e-02   3.54478854e-02   1.22973958e-01   2.74139990e-01
   2.74139990e-01   2.78549511e-01   3.18070925e-01   3.18070925e-01
   3.18781009e-01   3.72132128e-01   3.72132128e-01   4.01591786e-01
   5.39196421e-01   5.39196421e-01   5.50744365e-01   6.56000633e-01
   6.56000633e-01   7.31070866e-01   7.31070866e-01   7.94820854e-01
   9.59940674e-01   9.59940674e-01   1.01822248e+00   1.01822248e+00
   1.09068917e+00   1.09068917e+00   1.12555950e+00   1.12555950e+00
   1.13453645e+00   1.25730880e+00   1.32260193e+00   1.32260193e+00
   1.36298364e+00   2.11515334e+00   2.11515334e+00   2.19728471e+00
   2.19728471e+00   2.23937488e+00   2.43417511e+00   2.43417511e+00
   2.44890563e+00   2.44890563e+00   2.46068801e+00   2.53661272e+00
   2.53661272e+00   2.56890592e+00   2.56890592e+00   2.59570885e+00
   2.59570885e+00   2.62880172e+00   2.77242185e+00   2.77242185e+00
   3.06371635e+00   3.67183922e+00   3.67183922e+00   4.00117494e+00
   5.22238241e+00   8.68153200e+00   8.68153200e+00   8.76344222e+00
   8.76344222e+00   8.81801534e+00   1.15234523e+01   1.15234523e+01
   1.17940718e+01   2.55731340e+01]
E_coul = 1064.04847431368
cycle= 6 E= -2382.83347532327  delta_E= -8.92e-06  |g|= 0.000825  |ddm|= 0.0107
    CPU time for cycle= 6      0.05 sec, wall time      0.05 sec
diis-norm(errvec)=0.00196724
diis-c [ -1.59854651e-06   3.15236491e-03   4.25983322e-03   1.45365317e-02
  -3.28094101e-02  -3.63534010e-01   1.37439469e+00]
  HOMO = -0.349624962788668  LUMO = 0.0353760471489647
  mo_energy =
[ -3.78838840e+02  -1.04796739e+02  -4.81895926e+01  -4.25159024e+01
  -4.25159024e+01  -4.25146738e+01  -1.05261910e+01  -7.99248691e+00
  -7.99184809e+00  -7.99184809e+00  -6.41708329e+00  -4.50672638e+00
  -4.50672638e+00  -4.50305841e+00  -1.21947398e+00  -1.21872485e+00
  -1.21872485e+00  -1.21433904e+00  -1.21433904e+00  -1.04765244e+00
  -5.43087691e-01  -4.45982231e-01  -4.45982231e-01  -3.49624963e-01
   3.53760471e-02   3.53760471e-02   1.22942111e-01   2.74079780e-01
   2.74079780e-01   2.78500175e-01   3.18021274e-01   3.18021274e-01
   3.18744562e-01   3.72050755e-01   3.72050755e-01   4.01536519e-01
   5.39196307e-01   5.39196307e-01   5.50724398e-01   6.55989844e-01
   6.55989844e-01   7.31023942e-01   7.31023942e-01   7.94793115e-01
   9.59805914e-01   9.59805914e-01   1.01813449e+00   1.01813449e+00
   1.09053161e+00   1.09053161e+00   1.12544843e+00   1.12544843e+00
   1.13449270e+00   1.25726469e+00   1.32251742e+00   1.32251742e+00
   1.36288692e+00   2.11518409e+00   2.11518409e+00   2.19724767e+00
   2.19724767e+00   2.23931292e+00   2.43421983e+00   2.43421983e+00
   2.44887079e+00   2.44887079e+00   2.46059748e+00   2.53651400e+00
   2.53651400e+00   2.56873733e+00   2.56873733e+00   2.59572514e+00
   2.59572514e+00   2.62875540e+00   2.77233808e+00   2.77233808e+00
   3.06362840e+00   3.67163154e+00   3.67163154e+00   4.00100841e+00
   5.22221109e+00   8.68161954e+00   8.68161954e+00   8.76347030e+00
   8.76347030e+00   8.81802776e+00   1.15235739e+01   1.15235739e+01
   1.17941434e+01   2.55732260e+01]
E_coul = 1064.04808441613
cycle= 7 E= -2382.83347597979  delta_E= -6.57e-07  |g|= 0.000201  |ddm|= 0.00227
    CPU time for cycle= 7      0.05 sec, wall time      0.05 sec
diis-norm(errvec)=0.000481188
diis-c [ -3.41135127e-08  -4.95605265e-04  -1.35904426e-03   2.66158205e-03
   1.39736654e-02   6.65427444e-03  -3.60388510e-01   1.33895364e+00]
  HOMO = -0.349584667799274  LUMO = 0.0354022330771825
  mo_energy =
[ -3.78838794e+02  -1.04796855e+02  -4.81895357e+01  -4.25158471e+01
  -4.25158471e+01  -4.25146182e+01  -1.05262301e+01  -7.99252790e+00
  -7.99189081e+00  -7.99189081e+00  -6.41700045e+00  -4.50664331e+00
  -4.50664331e+00  -4.50297320e+00  -1.21939097e+00  -1.21864702e+00
  -1.21864702e+00  -1.21425535e+00  -1.21425535e+00  -1.04766099e+00
  -5.43078872e-01  -4.46010670e-01  -4.46010670e-01  -3.49584668e-01
   3.54022331e-02   3.54022331e-02   1.22963500e-01   2.74097177e-01
   2.74097177e-01   2.78517697e-01   3.18037194e-01   3.18037194e-01
   3.18760008e-01   3.72078630e-01   3.72078630e-01   4.01541479e-01
   5.39190489e-01   5.39190489e-01   5.50742308e-01   6.55982431e-01
   6.55982431e-01   7.31024134e-01   7.31024134e-01   7.94801699e-01
   9.59842603e-01   9.59842603e-01   1.01817211e+00   1.01817211e+00
   1.09057070e+00   1.09057070e+00   1.12548774e+00   1.12548774e+00
   1.13452225e+00   1.25727386e+00   1.32255176e+00   1.32255176e+00
   1.36291847e+00   2.11517904e+00   2.11517904e+00   2.19722994e+00
   2.19722994e+00   2.23929372e+00   2.43421705e+00   2.43421705e+00
   2.44887099e+00   2.44887099e+00   2.46062213e+00   2.53655264e+00
   2.53655264e+00   2.56878548e+00   2.56878548e+00   2.59571724e+00
   2.59571724e+00   2.62876391e+00   2.77235105e+00   2.77235105e+00
   3.06365108e+00   3.67170352e+00   3.67170352e+00   4.00108252e+00
   5.22227746e+00   8.68160843e+00   8.68160843e+00   8.76344286e+00
   8.76344286e+00   8.81799536e+00   1.15235433e+01   1.15235433e+01
   1.17941063e+01   2.55731948e+01]
E_coul = 1064.04867972395
cycle= 8 E= -2382.83347601238  delta_E= -3.26e-08  |g|= 4.27e-05  |ddm|= 0.00045
    CPU time for cycle= 8      0.05 sec, wall time      0.05 sec
diis-norm(errvec)=7.68803e-05
diis-c [ -1.24505309e-09   6.70395681e-05   1.24901965e-04  -5.37174218e-04
  -3.13632386e-03   7.47725819e-03   4.86005675e-02  -2.79606481e-01
   1.22701021e+00]
  HOMO = -0.349581758871126  LUMO = 0.0354034874299173
  mo_energy =
[ -3.78838764e+02  -1.04796847e+02  -4.81895121e+01  -4.25158223e+01
  -4.25158223e+01  -4.25145939e+01  -1.05262282e+01  -7.99252525e+00
  -7.99188859e+00  -7.99188859e+00  -6.41698697e+00  -4.50662901e+00
  -4.50662901e+00  -4.50296009e+00  -1.21937784e+00  -1.21863298e+00
  -1.21863298e+00  -1.21424224e+00  -1.21424224e+00  -1.04765927e+00
  -5.43074156e-01  -4.46008603e-01  -4.46008603e-01  -3.49581759e-01
   3.54034874e-02   3.54034874e-02   1.22962775e-01   2.74098641e-01
   2.74098641e-01   2.78518616e-01   3.18037419e-01   3.18037419e-01
   3.18761409e-01   3.72080767e-01   3.72080767e-01   4.01540995e-01
   5.39192300e-01   5.39192300e-01   5.50743747e-01   6.55984299e-01
   6.55984299e-01   7.31025739e-01   7.31025739e-01   7.94804154e-01
   9.59846972e-01   9.59846972e-01   1.01817396e+00   1.01817396e+00
   1.09057536e+00   1.09057536e+00   1.12549023e+00   1.12549023e+00
   1.13452263e+00   1.25727520e+00   1.32255369e+00   1.32255369e+00
   1.36292221e+00   2.11518051e+00   2.11518051e+00   2.19723125e+00
   2.19723125e+00   2.23929515e+00   2.43421881e+00   2.43421881e+00
   2.44887346e+00   2.44887346e+00   2.46062534e+00   2.53655716e+00
   2.53655716e+00   2.56879254e+00   2.56879254e+00   2.59571878e+00
   2.59571878e+00   2.62876677e+00   2.77235351e+00   2.77235351e+00
   3.06365540e+00   3.67171400e+00   3.67171400e+00   4.00108839e+00
   5.22228819e+00   8.68161046e+00   8.68161046e+00   8.76344356e+00
   8.76344356e+00   8.81799563e+00   1.15235453e+01   1.15235453e+01
   1.17941082e+01   2.55731962e+01]
E_coul = 1064.04848150013
cycle= 9 E= -2382.83347601296  delta_E= -5.8e-10  |g|= 5.36e-06  |ddm|= 7.76e-05
    CPU time for cycle= 9      0.06 sec, wall time      0.05 sec
  HOMO = -0.34958201149042  LUMO = 0.0354035410165336
  mo_energy =
[ -3.78838763e+02  -1.04796849e+02  -4.81895111e+01  -4.25158213e+01
  -4.25158213e+01  -4.25145930e+01  -1.05262296e+01  -7.99252670e+00
  -7.99188999e+00  -7.99188999e+00  -6.41698641e+00  -4.50662841e+00
  -4.50662841e+00  -4.50295947e+00  -1.21937710e+00  -1.21863230e+00
  -1.21863230e+00  -1.21424156e+00  -1.21424156e+00  -1.04765962e+00
  -5.43074361e-01  -4.46008872e-01  -4.46008872e-01  -3.49582011e-01
   3.54035410e-02   3.54035410e-02   1.22962873e-01   2.74098664e-01
   2.74098664e-01   2.78518692e-01   3.18037429e-01   3.18037429e-01
   3.18761633e-01   3.72080892e-01   3.72080892e-01   4.01540880e-01
   5.39192324e-01   5.39192324e-01   5.50743685e-01   6.55984179e-01
   6.55984179e-01   7.31025517e-01   7.31025517e-01   7.94804068e-01
   9.59847128e-01   9.59847128e-01   1.01817413e+00   1.01817413e+00
   1.09057555e+00   1.09057555e+00   1.12549039e+00   1.12549039e+00
   1.13452276e+00   1.25727507e+00   1.32255377e+00   1.32255377e+00
   1.36292216e+00   2.11518016e+00   2.11518016e+00   2.19723097e+00
   2.19723097e+00   2.23929481e+00   2.43421866e+00   2.43421866e+00
   2.44887325e+00   2.44887325e+00   2.46062529e+00   2.53655723e+00
   2.53655723e+00   2.56879282e+00   2.56879282e+00   2.59571829e+00
   2.59571829e+00   2.62876650e+00   2.77235345e+00   2.77235345e+00
   3.06365520e+00   3.67171440e+00   3.67171440e+00   4.00108901e+00
   5.22228831e+00   8.68160951e+00   8.68160951e+00   8.76344250e+00
   8.76344250e+00   8.81799450e+00   1.15235443e+01   1.15235443e+01
   1.17941071e+01   2.55731951e+01]
    CPU time for scf_cycle      1.56 sec, wall time      1.57 sec
    CPU time for SCF      1.56 sec, wall time      1.57 sec
converged SCF energy = -2382.83347601296
RHF E = -2382.83347601
RHF eps = [ -3.78838763e+02  -1.04796849e+02  -4.81895111e+01  -4.25158213e+01
  -4.25158213e+01  -4.25145930e+01  -1.05262296e+01  -7.99252670e+00
  -7.99188999e+00  -7.99188999e+00  -6.41698641e+00  -4.50662841e+00
  -4.50662841e+00  -4.50295947e+00  -1.21937710e+00  -1.21863230e+00
  -1.21863230e+00  -1.21424156e+00  -1.21424156e+00  -1.04765962e+00
  -5.43074361e-01  -4.46008872e-01  -4.46008872e-01  -3.49582011e-01
   3.54035410e-02   3.54035410e-02   1.22962873e-01   2.74098664e-01
   2.74098664e-01   2.78518692e-01   3.18037429e-01   3.18037429e-01
   3.18761633e-01   3.72080892e-01   3.72080892e-01   4.01540880e-01
   5.39192324e-01   5.39192324e-01   5.50743685e-01   6.55984179e-01
   6.55984179e-01   7.31025517e-01   7.31025517e-01   7.94804068e-01
   9.59847128e-01   9.59847128e-01   1.01817413e+00   1.01817413e+00
   1.09057555e+00   1.09057555e+00   1.12549039e+00   1.12549039e+00
   1.13452276e+00   1.25727507e+00   1.32255377e+00   1.32255377e+00
   1.36292216e+00   2.11518016e+00   2.11518016e+00   2.19723097e+00
   2.19723097e+00   2.23929481e+00   2.43421866e+00   2.43421866e+00
   2.44887325e+00   2.44887325e+00   2.46062529e+00   2.53655723e+00
   2.53655723e+00   2.56879282e+00   2.56879282e+00   2.59571829e+00
   2.59571829e+00   2.62876650e+00   2.77235345e+00   2.77235345e+00
   3.06365520e+00   3.67171440e+00   3.67171440e+00   4.00108901e+00
   5.22228831e+00   8.68160951e+00   8.68160951e+00   8.76344250e+00
   8.76344250e+00   8.81799450e+00   1.15235443e+01   1.15235443e+01
   1.17941071e+01   2.55731951e+01]
    CPU time for CCSD integral transformation      4.82 sec, wall time      4.83 sec

******** <class 'pyscf.cc.linrccsd.LinRCCSD'> flags ********
CCSD nocc = 10, nvir = 66
frozen orbitals [0, 1, 2, 3, 4, 5, 6, 7, 8, 9, 10, 11, 12, 13]
max_cycle = 50
direct = 0
conv_tol = 1e-07
conv_tol_normt = 1e-05
diis_space = 6
diis_start_cycle = 0
diis_start_energy_diff = 1e+09
Init t2, MP2 energy = -0.384380318014488
    CPU time for init mp2      0.00 sec, wall time      0.01 sec
    CPU time for update t1 t2      0.51 sec, wall time      0.50 sec
istep = 0  E(CCSD) = -0.391807089178583  dE = -0.391807089  norm(t1,t2) = 0.109293
    CPU time for CCSD iter      0.51 sec, wall time      0.51 sec
    CPU time for update t1 t2      0.49 sec, wall time      0.49 sec
DIIS for step 1
istep = 1  E(CCSD) = -0.40943783266759  dE = -0.0176307435  norm(t1,t2) = 0.0447835
    CPU time for CCSD iter      0.49 sec, wall time      0.49 sec
    CPU time for update t1 t2      0.48 sec, wall time      0.49 sec
diis-c [ -3.22091145e-04   1.00000000e+00]
DIIS for step 2
istep = 2  E(CCSD) = -0.409753582203145  dE = -0.000315749536  norm(t1,t2) = 0.0250808
    CPU time for CCSD iter      0.49 sec, wall time      0.49 sec
    CPU time for update t1 t2      0.49 sec, wall time      0.49 sec
diis-c [ -8.40330209e-05  -4.02114786e-01   1.40211479e+00]
DIIS for step 3
istep = 3  E(CCSD) = -0.413399356409233  dE = -0.00364577421  norm(t1,t2) = 0.014061
    CPU time for CCSD iter      0.50 sec, wall time      0.50 sec
    CPU time for update t1 t2      0.49 sec, wall time      0.49 sec
diis-c [ -7.02551248e-06  -3.83983824e-01   1.52783600e-01   1.23120022e+00]
DIIS for step 4
istep = 4  E(CCSD) = -0.413819301178756  dE = -0.00041994477  norm(t1,t2) = 0.00747172
    CPU time for CCSD iter      0.50 sec, wall time      0.50 sec
    CPU time for update t1 t2      0.48 sec, wall time      0.49 sec
diis-c [ -1.34297776e-06   4.23467504e-01  -2.53143094e-01  -1.29596248e+00
   2.12563807e+00]
DIIS for step 5
istep = 5  E(CCSD) = -0.413591029255533  dE = 0.000228271923  norm(t1,t2) = 0.00243671
    CPU time for CCSD iter      0.49 sec, wall time      0.50 sec
    CPU time for update t1 t2      0.49 sec, wall time      0.49 sec
diis-c [ -3.23016021e-07  -1.85555568e-02   2.79440184e-02   4.32500098e-02
  -3.56832380e-01   1.30419391e+00]
DIIS for step 6
istep = 6  E(CCSD) = -0.413647775986289  dE = -5.67467308e-05  norm(t1,t2) = 0.000939782
    CPU time for CCSD iter      0.50 sec, wall time      0.50 sec
    CPU time for update t1 t2      0.50 sec, wall time      0.50 sec
diis-c [ -3.19349822e-08  -1.55264285e-01   9.21632020e-02   4.65529718e-01
  -7.18966820e-01  -3.07306175e-01   1.62384436e+00]
DIIS for step 7
istep = 7  E(CCSD) = -0.413688387998903  dE = -4.06120126e-05  norm(t1,t2) = 0.000512709
    CPU time for CCSD iter      0.51 sec, wall time      0.51 sec
    CPU time for update t1 t2      0.49 sec, wall time      0.49 sec
diis-c [ -5.41468884e-09   1.15849222e+00  -7.87474535e-04  -8.14804044e-04
   2.60803892e-02  -4.12852488e-02  -1.41685078e-01]
DIIS for step 8
istep = 8  E(CCSD) = -0.413682276486807  dE = 6.1115121e-06  norm(t1,t2) = 0.000120718
    CPU time for CCSD iter      0.50 sec, wall time      0.50 sec
    CPU time for update t1 t2      0.48 sec, wall time      0.49 sec
diis-c [ -5.36006184e-10  -5.62086523e-01   1.55267681e+00   4.31866573e-04
  -9.64453796e-03   4.48081205e-02  -2.61857361e-02]
DIIS for step 9
istep = 9  E(CCSD) = -0.41367943940975  dE = 2.83707706e-06  norm(t1,t2) = 5.058e-05
    CPU time for CCSD iter      0.49 sec, wall time      0.50 sec
    CPU time for update t1 t2      0.49 sec, wall time      0.48 sec
diis-c [ -7.97046318e-11  -1.46763178e-01   1.32960138e-01   9.98838636e-01
  -2.46704699e-03   7.84070895e-03   9.59074136e-03]
DIIS for step 10
istep = 10  E(CCSD) = -0.413678202537611  dE = 1.23687214e-06  norm(t1,t2) = 1.46392e-05
    CPU time for CCSD iter      0.50 sec, wall time      0.49 sec
    CPU time for update t1 t2      0.48 sec, wall time      0.48 sec
diis-c [ -1.05911113e-11   7.80884644e-02  -1.86056151e-01  -2.74984950e-01
   1.38418022e+00  -4.38858755e-03   3.16099865e-03]
DIIS for step 11
istep = 11  E(CCSD) = -0.413678298230363  dE = -9.56927521e-08  norm(t1,t2) = 6.10729e-06
    CPU time for CCSD iter      0.50 sec, wall time      0.50 sec
    CPU time for CCSD      5.98 sec, wall time      5.97 sec
CCSD converged
E(linCCSD) = -2383.247154311187  E_corr = -0.4136782982303633
    CPU time for EOM-CCSD shared one-electron intermediates      0.04 sec, wall time      0.04 sec
    CPU time for EOM-CCSD shared two-electron intermediates      0.16 sec, wall time      0.15 sec
    CPU time for EOM-CCSD IP intermediates      0.21 sec, wall time      0.22 sec
tol 1e-07  toloose 0.000316228
max_cycle 50  max_space 38  max_memory 2000  incore True
davidson 0 6  |r|= 0.575  e= [ 0.40731684  0.51053794  0.51053846  0.60398235  1.08861094  1.25407079]  max|de|= 1.25  lindep=    1
davidson 1 12  |r|= 0.224  e= [ 0.36385311  0.42484265  0.42484265  0.5252675   0.92279046  1.04043932]  max|de|= -0.214  lindep= 0.691
davidson 2 17  |r|= 0.435  e= [ 0.3636618   0.42451958  0.4248432   0.5206964   1.41024227  1.02586325]  max|de|= 0.487  lindep= 0.937
davidson 3 23  |r|= 0.178  e= [ 0.36372096  0.4247665   0.42452065  0.52116247  0.89088285  1.02458784]  max|de|= -0.519  lindep= 0.414
davidson 4 29  |r|= 0.217  e= [ 0.36372175  0.42479001  0.4247677   0.52119653  0.92627148  1.02682752]  max|de|= 0.0354  lindep= 0.274
davidson 5 35  |r|= 0.111  e= [ 0.36371858  0.42478232  0.42478998  0.52117511  0.89096302  1.02758507]  max|de|= -0.0353  lindep= 0.625
root 0 converged  |r|= 0.000138  e= 0.363718576947  max|de|= -2.05e-15
root 1 converged  |r|= 0.00015  e= 0.424782319  max|de|= 8.33e-16
root 3 converged  |r|= 0.000309  e= 0.521175107054  max|de|= -5.55e-16
davidson 6 6  |r|= 0.111  e= [ 0.36371858  0.42478232  0.42478998  0.52117511  0.89096302  1.02758507]  max|de|= -2.05e-15  lindep= 0.992
davidson 7 9  |r|= 0.0955  e= [ 0.36371876  0.42478215  0.42478215  0.52117503  0.89205373  1.03008855]  max|de|= 0.0025  lindep= 0.361
davidson 8 12  |r|= 0.148  e= [ 0.36371868  0.4247792   0.42478196  0.52117504  0.8878486   1.0218903 ]  max|de|= -0.0082  lindep= 0.191
davidson 9 15  |r|= 0.111  e= [ 0.36371869  0.42477956  0.42477776  0.52117539  0.87139134  1.02955196]  max|de|= -0.0165  lindep= 0.627
davidson 10 18  |r|= 0.0713  e= [ 0.36371869  0.42477946  0.42477918  0.52117557  0.86719602  1.02808508]  max|de|= -0.0042  lindep= 0.302
davidson 11 21  |r|= 0.126  e= [ 0.36371868  0.42477895  0.42477942  0.52117562  0.86439838  1.02862146]  max|de|= -0.0028  lindep= 0.232
davidson 12 24  |r|= 0.0583  e= [ 0.36371866  0.42477901  0.42477901  0.52117669  0.86573869  1.02875278]  max|de|= 0.00134  lindep= 0.138
root 2 converged  |r|= 1.24e-06  e= 0.42477906069  max|de|= 5.04e-08
davidson 13 27  |r|= 0.0629  e= [ 0.36371869  0.42477906  0.42477906  0.52117654  0.86544056  1.02964526]  max|de|= 0.000892  lindep= 0.228
davidson 14 29  |r|= 0.0728  e= [ 0.36371869  0.42477906  0.42477906  0.52117674  0.86358786  1.02896876]  max|de|= -0.00185  lindep= 0.149
davidson 15 31  |r|= 0.0621  e= [ 0.36371871  0.42477906  0.42477906  0.52117713  0.86338266  1.02901844]  max|de|= -0.000205  lindep= 0.148
davidson 16 33  |r|= 0.134  e= [ 0.36371877  0.42477906  0.42477906  0.52117764  0.86436871  1.02867219]  max|de|= 0.000986  lindep= 0.247
root 0 converged  |r|= 0.000135  e= 0.363718772104  max|de|= -8.88e-16
root 1 converged  |r|= 1.24e-06  e= 0.424779062908  max|de|= -4.85e-10
root 2 converged  |r|= 1.24e-06  e= 0.424779062908  max|de|= -4.85e-10
root 3 converged  |r|= 0.000279  e= 0.521177635481  max|de|= -1.89e-15
davidson 17 5  |r|= 0.134  e= [ 0.36371877  0.42477906  0.42477906  0.52117764  0.86436871  1.02867219]  max|de|= -4.85e-10  lindep= 0.926
davidson 18 7  |r|= 0.142  e= [ 0.36371877  0.42477906  0.42477906  0.5211776   0.86417255  1.03052163]  max|de|= 0.00185  lindep= 0.303
davidson 19 9  |r|= 0.167  e= [ 0.36371877  0.42477906  0.42477906  0.52117763  0.8647399   1.03596925]  max|de|= 0.00545  lindep= 0.441
davidson 20 11  |r|= 0.136  e= [ 0.36371872  0.42477906  0.42477906  0.52117763  0.86402769  1.02636597]  max|de|= -0.0096  lindep= 0.345
davidson 21 13  |r|= 0.135  e= [ 0.36371872  0.42477906  0.42477906  0.52117761  0.8640832   1.02365918]  max|de|= -0.00271  lindep= 0.303
davidson 22 15  |r|= 0.0993  e= [ 0.36371872  0.42477906  0.42477906  0.52117761  0.86409097  1.02145891]  max|de|= -0.0022  lindep= 0.348
davidson 23 17  |r|= 0.11  e= [ 0.36371874  0.42477906  0.42477906  0.52117744  0.86407728  1.01992972]  max|de|= -0.00153  lindep= 0.259
davidson 24 19  |r|= 0.204  e= [ 0.36371883  0.42477906  0.52117706  0.86407455  0.79209002  1.02744647]  max|de|= 0.343  lindep= 0.896
davidson 25 21  |r|= 0.34  e= [ 0.36371883  0.42477906  0.521177    0.86407277  1.08194054  1.02245568]  max|de|= 0.29  lindep= 0.269
davidson 26 23  |r|= 0.319  e= [ 0.36371889  0.42477906  0.52117693  0.86393958  1.10347762  1.02111358]  max|de|= 0.0215  lindep= 0.187
davidson 27 25  |r|= 0.305  e= [ 0.36371878  0.42477906  0.52117715  0.86405821  1.16229292  1.02103772]  max|de|= 0.0588  lindep= 0.161
davidson 28 27  |r|= 0.272  e= [ 0.36371875  0.42477906  0.52117712  0.86406797  1.06465825  1.02324616]  max|de|= -0.0976  lindep= 0.358
davidson 29 29  |r|= 0.222  e= [ 0.36371879  0.42477906  0.52117734  0.86409239  0.91888714  1.02017774]  max|de|= -0.146  lindep= 0.378
davidson 30 31  |r|= 0.221  e= [ 0.36371893  0.42477906  0.52117696  0.8641081   0.88659259  1.01951225]  max|de|= -0.0323  lindep= 0.164
davidson 31 33  |r|= 0.258  e= [ 0.36371904  0.42477906  0.52117693  0.8640307   0.89441367  1.02018123]  max|de|= 0.00782  lindep= 0.105
root 0 converged  |r|= 0.000134  e= 0.363719039751  max|de|= -4.44e-16
davidson 32 6  |r|= 0.258  e= [ 0.36371904  0.89441367  0.42477906  0.52117693  0.8640307   1.02018123]  max|de|= 0.47  lindep= 0.709
root 2 converged  |r|= 3.27e-07  e= 0.424779092621  max|de|= 3.38e-08
davidson 33 11  |r|= 0.395  e= [ 0.36371867  0.95415579  0.42477909  0.5211739   0.8642209   1.02938198]  max|de|= 0.0597  lindep= 0.528
davidson 34 15  |r|= 0.385  e= [ 0.36371857  0.6075288   0.42477909  0.52117352  0.86407874  1.02654921]  max|de|= -0.347  lindep= 0.115
davidson 35 19  |r|= 0.189  e= [ 0.36371832  0.44042249  0.42477909  0.52117096  0.86406191  1.01926699]  max|de|= -0.167  lindep= 0.315
davidson 36 23  |r|= 0.532  e= [ 0.36371851  1.53883626  0.42477914  0.5211728   0.86395351  1.05131785]  max|de|=  1.1  lindep= 0.094
davidson 37 27  |r|= 0.252  e= [ 0.36371849  0.42493593  0.4247791   0.52117327  0.864138    1.07550694]  max|de|= -1.11  lindep= 0.174
davidson 38 31  |r|= 0.201  e= [ 0.36371859  0.42486255  0.42477909  0.52117308  0.86371447  1.01981957]  max|de|= -0.0557  lindep= 0.0767
root 3 converged  |r|= 1.45e-06  e= 0.521173073506  max|de|= -2.66e-09
davidson 39 35  |r|= 0.195  e= [ 0.36371837  0.42485934  0.42477909  0.52117307  0.86360424  1.0274752 ]  max|de|= 0.00766  lindep= 0.0211
root 0 converged  |r|= 0.000126  e= 0.363718366453  max|de|= -1.72e-15
root 2 converged  |r|= 9.06e-07  e= 0.424779092244  max|de|= 2.39e-15
root 3 converged  |r|= 1.45e-06  e= 0.521173073506  max|de|= -7.77e-16
davidson 40 6  |r|= 0.195  e= [ 0.36371837  0.42485934  0.42477909  0.52117307  0.86360424  1.0274752 ]  max|de|= 2.39e-15  lindep= 0.138
davidson 41 9  |r|= 0.14  e= [ 0.36371827  0.42485103  0.42477909  0.52117308  0.86238407  1.02155499]  max|de|= -0.00592  lindep= 0.0186
davidson 42 12  |r|= 0.304  e= [ 0.36371878  0.42481562  0.42477909  0.52117308  0.86373922  1.01496173]  max|de|= -0.00659  lindep= 0.209
davidson 43 15  |r|= 0.181  e= [ 0.36371874  0.42476325  0.42477909  0.52117308  0.86331476  1.01613709]  max|de|= 0.00118  lindep= 0.408
davidson 44 18  |r|= 0.196  e= [ 0.36371886  0.42478839  0.42477907  0.52117308  0.86418317  1.01103761]  max|de|= -0.0051  lindep= 0.16
davidson 45 21  |r|= 0.231  e= [ 0.36371885  0.42477429  0.42477908  0.52117308  0.86278295  1.03423756]  max|de|= 0.0232  lindep= 0.121
davidson 46 24  |r|= 0.142  e= [ 0.36371891  0.42478058  0.42477908  0.52117308  0.86290021  1.00028192]  max|de|= -0.034  lindep= 0.0224
davidson 47 27  |r|= 0.26  e= [ 0.36371892  0.42477884  0.42477908  0.52117307  0.8651078   1.1190345 ]  max|de|= 0.119  lindep= 0.561
davidson 48 30  |r|= 0.233  e= [ 0.36371878  0.4247791   0.42477908  0.52117308  0.86499676  1.04107638]  max|de|= -0.078  lindep= 0.204
root 1 converged  |r|= 6.75e-07  e= 0.424779083589  max|de|= -1.86e-08
davidson 49 33  |r|= 0.277  e= [ 0.36371881  0.42477908  0.42477908  0.52117307  0.8642785   1.05055396]  max|de|= 0.00948  lindep= 0.447
IP root 0 E = 0.3637188082807694  qpwt = 0.967473
IP root 1 E = 0.4247790835894558  qpwt = 0.867957
IP root 2 E = 0.4247790835894558  qpwt = 0.867957
IP root 3 E = 0.521173073683773  qpwt = 0.908703
IP root 4 E = 0.8642784994539018  qpwt = 0.687142
IP root 5 E = 1.05055395731262  qpwt = 0.0650114
    CPU time for IP-CCSD      2.88 sec, wall time      2.89 sec
    CPU time for EOM-CCSD shared one-electron intermediates      0.04 sec, wall time      0.04 sec
    CPU time for EOM-CCSD EA intermediates      3.07 sec, wall time      3.07 sec
tol 1e-07  toloose 0.000316228
max_cycle 50  max_space 38  max_memory 2000  incore True
davidson 0 6  |r|= 0.216  e= [ 0.05341111  0.05341111  0.13404303  0.28021446  0.28021446  0.2877293 ]  max|de|= 0.288  lindep=    1
davidson 1 12  |r|= 0.156  e= [ 0.01437984  0.01437984  0.09563391  0.31172097  0.30598872  0.26705316]  max|de|= -0.039  lindep= 0.328
davidson 2 17  |r|= 0.0441  e= [ 0.01239836  0.01437985  0.09301415  0.27717789  0.2774161   0.24034326]  max|de|= -0.0345  lindep= 0.513
davidson 3 23  |r|= 0.0331  e= [ 0.01247018  0.01239836  0.09314622  0.27478078  0.27474711  0.2357514 ]  max|de|= -0.00459  lindep= 0.0902
davidson 4 29  |r|= 0.038  e= [ 0.01246856  0.01247017  0.09314372  0.27502823  0.27499578  0.23033805]  max|de|= -0.00541  lindep= 0.263
davidson 5 35  |r|= 0.0276  e= [ 0.01246567  0.01246856  0.09313714  0.27493805  0.2749442   0.24597345]  max|de|= 0.0156  lindep= 0.346
root 0 converged  |r|= 9.76e-05  e= 0.0124656667161  max|de|= -1.93e-16
root 2 converged  |r|= 0.000211  e= 0.0931371397422  max|de|= -2.5e-16
davidson 6 6  |r|= 0.0276  e= [ 0.01246567  0.01246856  0.09313714  0.27493805  0.2749442   0.24597345]  max|de|= -5e-16  lindep= 0.879
davidson 7 10  |r|= 0.0152  e= [ 0.01246567  0.01246516  0.09313759  0.27494944  0.27492765  0.24565227]  max|de|= -0.000321  lindep= 0.221
davidson 8 14  |r|= 0.0106  e= [ 0.01246567  0.01246542  0.09313754  0.27494988  0.27494705  0.24505925]  max|de|= -0.000593  lindep= 0.144
davidson 9 18  |r|= 0.00753  e= [ 0.01246567  0.01246515  0.09313752  0.27495744  0.27495238  0.24492542]  max|de|= -0.000134  lindep= 0.14
davidson 10 22  |r|= 0.0526  e= [ 0.01246569  0.0124653   0.09313742  0.27494034  0.27494243  0.24759025]  max|de|= 0.00266  lindep= 0.337
root 1 converged  |r|= 5.37e-07  e= 0.0124652334956  max|de|= -6.41e-08
davidson 11 26  |r|= 0.0124  e= [ 0.01246578  0.01246523  0.09313741  0.27494782  0.27494753  0.24531538]  max|de|= -0.00227  lindep= 0.485
davidson 12 29  |r|= 0.00357  e= [ 0.01246578  0.01246523  0.09313745  0.27494648  0.27494642  0.24481599]  max|de|= -0.000499  lindep= 0.703
root 3 converged  |r|= 2.11e-06  e= 0.274946484495  max|de|= 5.68e-09
root 4 converged  |r|= 1.89e-06  e= 0.274946468641  max|de|= 4.89e-08
davidson 13 32  |r|= 0.00182  e= [ 0.01246578  0.01246523  0.09313735  0.27494648  0.27494647  0.24492839]  max|de|= 0.000112  lindep= 0.678
davidson 14 33  |r|= 0.000604  e= [ 0.01246578  0.01246523  0.0931379   0.27494648  0.27494647  0.24489794]  max|de|= -3.04e-05  lindep= 0.843
root 0 converged  |r|= 1.58e-05  e= 0.0124657821571  max|de|= -1.11e-16
root 1 converged  |r|= 5.37e-07  e= 0.0124652334956  max|de|= 7.48e-16
root 2 converged  |r|= 0.000179  e= 0.0931378963742  max|de|= -2.64e-16
root 3 converged  |r|= 2.11e-06  e= 0.274946484495  max|de|= 1.11e-16
root 4 converged  |r|= 1.89e-06  e= 0.274946468641  max|de|= -5.55e-16
davidson 15 6  |r|= 0.000604  e= [ 0.01246578  0.01246523  0.0931379   0.27494648  0.27494647  0.24489794]  max|de|= 7.48e-16  lindep= 0.902
davidson 16 7  |r|= 0.000217  e= [ 0.01246578  0.01246523  0.09313649  0.27494648  0.27494647  0.24491314]  max|de|= 1.52e-05  lindep= 0.967
davidson 17 8  |r|= 0.000135  e= [ 0.01246578  0.01246523  0.09313617  0.27494648  0.27494647  0.24491058]  max|de|= -2.56e-06  lindep= 0.948
root 5 converged  |r|= 6.46e-05  e= 0.244910566676  max|de|= -1.14e-08
converge 18 9  |r|= 6.46e-05  e= [ 0.01246578  0.01246523  0.09313636  0.27494648  0.27494647  0.24491057]  max|de|= 1.97e-07
EA root 0 E = 0.01246578215709668  qpwt = 0.972172
EA root 1 E = 0.01246523349558003  qpwt = 0.97217
EA root 2 E = 0.09313636289471106  qpwt = 0.97302
EA root 3 E = 0.2749464844950583  qpwt = 0.70088
EA root 4 E = 0.2749464686410816  qpwt = 0.70088
EA root 5 E = 0.2449105666762108  qpwt = 0.757526
    CPU time for EA-CCSD     15.84 sec, wall time     15.85 sec
