

******** <class 'pyscf.scf.hf.RHF'> flags ********
method = RHF
initial guess = minao
damping factor = 0
level shift factor = 0
Do DIIS = True
DIIS start cycle = 1
DIIS space = 8
SCF tol = 1e-09
SCF gradient tol = None
max. SCF cycles = 50
direct_scf = True
direct_scf_tol = 1e-13
chkfile to save SCF result = /tmp/tmpuAwkiE
max_memory 4000 MB (current use 39 MB)
Set gradient conv threshold to 3.16228e-05
Nelec from initial guess = 1.99955
cond(S) = 2635.98667195
E_coul = 0.715825457804209
init E= -0.813071926370864
    CPU time for initialize scf      0.05 sec, wall time      0.45 sec
  HOMO = -0.554264067302797  LUMO = 0.135699438576271
  mo_energy =
[-0.55426407  0.13569944  0.30194821  0.59456139  0.66761582  0.66761582
  1.08323152  1.1024297   1.1024297   1.52207976  2.3021635   2.3700567
  3.12782087  3.12782087  3.34977704  3.34977704  3.64204985  3.86728576
  3.86728576  4.04720556  4.04720556  4.08282653  4.08282653  4.62110376
  5.6791327   5.6791327   5.76030792  6.90540836]
E_coul = 0.642998096605602
cycle= 1 E= -1.13200668259769  delta_E= -0.319  |g|= 0.0447  |ddm|= 0.472
    CPU time for cycle= 1      0.01 sec, wall time      0.00 sec
diis-norm(errvec)=0.169746
diis-c [-0.02881364  1.        ]
  HOMO = -0.601756905486071  LUMO = 0.164075578670255
  mo_energy =
[-0.60175691  0.16407558  0.30469467  0.63908717  0.6843469   0.6843469
  1.09155969  1.11469327  1.11469327  1.52582675  2.33591126  2.40437994
  3.1624661   3.1624661   3.39553109  3.39553109  3.66295901  3.88389742
  3.88389742  4.07292435  4.07292435  4.10269399  4.10269399  4.63834468
  5.7133554   5.7133554   5.79434044  6.9528585 ]
E_coul = 0.655556948203292
cycle= 2 E= -1.13292806965728  delta_E= -0.000921  |g|= 0.00708  |ddm|= 0.0316
    CPU time for cycle= 2      0.00 sec, wall time      0.00 sec
diis-norm(errvec)=0.0230028
diis-c [ -7.33064266e-05  -1.44081709e-01   1.14408171e+00]
  HOMO = -0.59466418591448  LUMO = 0.167313044468874
  mo_energy =
[-0.59466419  0.16731304  0.30662389  0.64548803  0.69208005  0.69208005
  1.09625256  1.11953057  1.11953057  1.52855988  2.34645664  2.41721656
  3.17454131  3.17454131  3.41110301  3.41110301  3.67415583  3.89341937
  3.89341937  4.08314098  4.08314098  4.11296551  4.11296551  4.64825352
  5.7266104   5.7266104   5.80807666  6.97085194]
E_coul = 0.657974071612071
cycle= 3 E= -1.13295869532686  delta_E= -3.06e-05  |g|= 0.000783  |ddm|= 0.00823
    CPU time for cycle= 3      0.01 sec, wall time      0.00 sec
diis-norm(errvec)=0.00163323
diis-c [ -5.56541008e-08   2.90238275e-02  -2.53141080e-01   1.22411725e+00]
  HOMO = -0.594259627247716  LUMO = 0.167542428018566
  mo_energy =
[-0.59425963  0.16754243  0.30672324  0.64582158  0.69253508  0.69253508
  1.09658214  1.11987237  1.11987237  1.52878489  2.34703583  2.41793162
  3.17523447  3.17523447  3.41187863  3.41187863  3.67479285  3.89400172
  3.89400172  4.08378113  4.08378113  4.11360779  4.11360779  4.64886221
  5.72734163  5.72734163  5.80879581  6.97171399]
E_coul = 0.658168486294375
cycle= 4 E= -1.13295899532651  delta_E= -3e-07  |g|= 3e-05  |ddm|= 0.00112
    CPU time for cycle= 4      0.00 sec, wall time      0.00 sec
diis-norm(errvec)=5.95148e-05
diis-c [ -8.73943418e-11  -8.75196537e-03   7.75482911e-02  -3.81380930e-01
   1.31258460e+00]
  HOMO = -0.594251390495084  LUMO = 0.167550772784875
  mo_energy =
[-0.59425139  0.16755077  0.30673095  0.64583344  0.692551    0.692551
  1.09659951  1.11988545  1.11988545  1.52879566  2.3470618   2.41795567
  3.17525755  3.17525755  3.41190582  3.41190582  3.67482196  3.8940268
  3.8940268   4.08380425  4.08380425  4.1136338   4.1136338   4.64888859
  5.72737006  5.72737006  5.80882547  6.97174833]
E_coul = 0.658173194964162
cycle= 5 E= -1.13295899578117  delta_E= -4.55e-10  |g|= 1.21e-06  |ddm|= 5.33e-05
    CPU time for cycle= 5      0.00 sec, wall time      0.00 sec
  HOMO = -0.594250644069661  LUMO = 0.167550485340574
  mo_energy =
[-0.59425064  0.16755049  0.30672989  0.645833    0.69255044  0.69255044
  1.09659871  1.11988489  1.11988489  1.5287952   2.34706082  2.41795458
  3.17525657  3.17525657  3.41190471  3.41190471  3.67482095  3.8940259
  3.8940259   4.08380328  4.08380328  4.11363282  4.11363282  4.64888765
  5.727369    5.727369    5.80882444  6.97174721]
    CPU time for scf_cycle      0.08 sec, wall time      0.47 sec
    CPU time for SCF      0.08 sec, wall time      0.47 sec
converged SCF energy = -1.13295899578117
RHF E = -1.13295899578
RHF eps = [-0.59425064  0.16755049  0.30672989  0.645833    0.69255044  0.69255044
  1.09659871  1.11988489  1.11988489  1.5287952   2.34706082  2.41795458
  3.17525657  3.17525657  3.41190471  3.41190471  3.67482095  3.8940259
  3.8940259   4.08380328  4.08380328  4.11363282  4.11363282  4.64888765
  5.727369    5.727369    5.80882444  6.97174721]
    CPU time for CCSD integral transformation      0.09 sec, wall time      0.26 sec

******** <class 'pyscf.cc.linrccsd.LinRCCSD'> flags ********
CCSD nocc = 1, nvir = 27
max_cycle = 50
direct = 0
conv_tol = 1e-07
conv_tol_normt = 1e-05
diis_space = 6
diis_start_cycle = 0
diis_start_energy_diff = 1e+09
Init t2, MP2 energy = -0.0316813762297753
    CPU time for init mp2      0.00 sec, wall time      0.00 sec
    CPU time for update t1 t2      0.00 sec, wall time      0.00 sec
istep = 0  E(CCSD) = -0.0373059593956254  dE = -0.0373059594  norm(t1,t2) = 0.0310076
    CPU time for CCSD iter      0.00 sec, wall time      0.01 sec
    CPU time for update t1 t2      0.00 sec, wall time      0.00 sec
DIIS for step 1
istep = 1  E(CCSD) = -0.0390960702638412  dE = -0.00179011087  norm(t1,t2) = 0.0114615
    CPU time for CCSD iter      0.01 sec, wall time      0.00 sec
    CPU time for update t1 t2      0.00 sec, wall time      0.00 sec
diis-c [ -1.58965284e-05   1.00000000e+00]
DIIS for step 2
istep = 2  E(CCSD) = -0.0397249456152184  dE = -0.000628875351  norm(t1,t2) = 0.00470795
    CPU time for CCSD iter      0.00 sec, wall time      0.01 sec
    CPU time for update t1 t2      0.00 sec, wall time      0.00 sec
diis-c [ -1.44012869e-07  -7.19160464e-01   1.71916046e+00]
DIIS for step 3
istep = 3  E(CCSD) = -0.0401298132273044  dE = -0.000404867612  norm(t1,t2) = 0.00203824
    CPU time for CCSD iter      0.01 sec, wall time      0.01 sec
    CPU time for update t1 t2      0.00 sec, wall time      0.00 sec
diis-c [ -6.26497076e-10   3.61144592e-01  -8.85483281e-01   1.52433869e+00]
DIIS for step 4
istep = 4  E(CCSD) = -0.0401171453668444  dE = 1.26678605e-05  norm(t1,t2) = 0.00016929
    CPU time for CCSD iter      0.00 sec, wall time      0.01 sec
    CPU time for update t1 t2      0.01 sec, wall time      0.00 sec
diis-c [ -1.21493093e-11  -1.36489671e-01   3.35484142e-01  -5.90935036e-01
   1.39194057e+00]
DIIS for step 5
istep = 5  E(CCSD) = -0.040117330704238  dE = -1.85337394e-07  norm(t1,t2) = 1.11657e-05
    CPU time for CCSD iter      0.01 sec, wall time      0.01 sec
    CPU time for update t1 t2      0.00 sec, wall time      0.00 sec
diis-c [ -1.74249504e-13   5.70674068e-02  -1.40385043e-01   2.48024368e-01
  -6.40669445e-01   1.47596271e+00]
DIIS for step 6
istep = 6  E(CCSD) = -0.0401173704138577  dE = -3.97096197e-08  norm(t1,t2) = 1.72937e-06
    CPU time for CCSD iter      0.00 sec, wall time      0.01 sec
    CPU time for CCSD      0.03 sec, wall time      0.04 sec
CCSD converged
E(linCCSD) = -1.173076366195025  E_corr = -0.0401173704138577
    CPU time for EOM-CCSD shared one-electron intermediates      0.00 sec, wall time      0.00 sec
    CPU time for EOM-CCSD shared two-electron intermediates      0.00 sec, wall time      0.00 sec
    CPU time for EOM-CCSD IP intermediates      0.01 sec, wall time      0.00 sec
tol 1e-07  toloose 0.000316228
max_cycle 50  max_space 23  max_memory 2000  incore True
davidson 0 1  |r|= 0.175  e= [ 0.63330827]  max|de|= 0.633  lindep=    1
davidson 1 2  |r|= 0.0235  e= [ 0.60369457]  max|de|= -0.0296  lindep= 0.94
davidson 2 3  |r|= 0.00187  e= [ 0.60348155]  max|de|= -0.000213  lindep= 0.983
davidson 3 4  |r|= 7.54e-05  e= [ 0.60348425]  max|de|= 2.7e-06  lindep= 0.97
davidson 4 5  |r|= 2.32e-06  e= [ 0.60348449]  max|de|= 2.45e-07  lindep=  0.9
root 0 converged  |r|= 1.22e-15  e= 0.603484497266  max|de|= 2.42e-09
converge 5 6  |r|= 1.22e-15  e= [ 0.6034845]  max|de|= 2.42e-09
IP root 0 E = 0.6034844972657715  qpwt = 0.970694
    CPU time for IP-CCSD      0.02 sec, wall time      0.02 sec
    CPU time for EOM-CCSD shared one-electron intermediates      0.00 sec, wall time      0.00 sec
    CPU time for EOM-CCSD EA intermediates      0.07 sec, wall time      0.07 sec
tol 1e-07  toloose 0.000316228
max_cycle 50  max_space 38  max_memory 2000  incore True
davidson 0 6  |r|= 0.287  e= [ 0.17276152  0.31053875  0.65657991  0.69795867  0.69795867  1.0989958 ]  max|de|=  1.1  lindep=    1
davidson 1 12  |r|= 0.172  e= [ 0.15557616  0.29635103  0.59410809  0.65465381  0.65465381  1.056258  ]  max|de|= -0.0625  lindep= 0.874
davidson 2 18  |r|= 0.211  e= [ 0.15535649  0.29608726  0.58975922  0.65544078  0.65544078  1.05383664]  max|de|= -0.00435  lindep= 0.566
davidson 3 24  |r|= 0.0768  e= [ 0.15539032  0.29607296  0.59002011  0.65536776  0.65536776  1.05052216]  max|de|= -0.00331  lindep= 0.185
davidson 4 30  |r|= 0.212  e= [ 0.1553871   0.29607449  0.59000201  0.65538467  0.65538467  1.02565305]  max|de|= -0.0249  lindep= 0.414
davidson 5 36  |r|= 0.285  e= [ 0.15538721  0.29607428  0.590006    0.65538368  0.65538368  1.1698501 ]  max|de|= 0.144  lindep= 0.455
root 0 converged  |r|= 8.93e-07  e= 0.155387206717  max|de|= 1.19e-15
root 1 converged  |r|= 4.05e-06  e= 0.296074283583  max|de|= -7.77e-16
root 2 converged  |r|= 2.72e-05  e= 0.590005995518  max|de|= 8.88e-16
root 3 converged  |r|= 2.92e-06  e= 0.655383679106  max|de|= -7.77e-16
root 4 converged  |r|= 2.92e-06  e= 0.655383679106  max|de|= 1.11e-16
davidson 6 6  |r|= 0.285  e= [ 0.15538721  0.29607428  0.590006    0.65538368  0.65538368  1.1698501 ]  max|de|= 1.19e-15  lindep= 0.809
davidson 7 7  |r|= 0.0583  e= [ 0.15538721  0.29607429  0.590006    0.65538368  0.65538368  1.12990722]  max|de|= -0.0399  lindep= 0.586
davidson 8 8  |r|= 0.221  e= [ 0.15538721  0.29607428  0.590006    0.65538368  0.65538368  1.08165783]  max|de|= -0.0482  lindep= 0.548
davidson 9 9  |r|= 0.127  e= [ 0.15538721  0.29607428  0.590006    0.65538368  0.65538368  1.04595285]  max|de|= -0.0357  lindep= 0.928
davidson 10 10  |r|= 0.116  e= [ 0.15538721  0.29607429  0.590006    0.65538368  0.65538368  1.05653214]  max|de|= 0.0106  lindep= 0.642
davidson 11 11  |r|= 0.127  e= [ 0.15538721  0.29607429  0.590006    0.65538368  0.65538368  1.05631447]  max|de|= -0.000218  lindep= 0.0196
davidson 12 12  |r|= 0.183  e= [ 0.15538721  0.29607429  0.590006    0.65538368  0.65538368  1.03074863]  max|de|= -0.0256  lindep= 0.155
davidson 13 13  |r|= 0.0657  e= [ 0.15538721  0.29607429  0.590006    0.65538368  0.65538368  1.13719834]  max|de|= 0.106  lindep= 0.341
davidson 14 14  |r|= 0.0362  e= [ 0.15538721  0.29607429  0.590006    0.65538368  0.65538368  1.13608432]  max|de|= -0.00111  lindep= 0.0887
davidson 15 15  |r|= 0.00652  e= [ 0.15538721  0.29607429  0.590006    0.65538368  0.65538368  1.06152442]  max|de|= -0.0746  lindep= 0.683
davidson 16 16  |r|= 0.00142  e= [ 0.15538721  0.29607429  0.590006    0.65538368  0.65538368  1.06149616]  max|de|= -2.83e-05  lindep= 0.386
davidson 17 17  |r|= 0.000178  e= [ 0.15538721  0.29607429  0.590006    0.65538368  0.65538368  1.06150183]  max|de|= 5.66e-06  lindep= 0.92
davidson 18 18  |r|= 3.2e-05  e= [ 0.15538721  0.29607429  0.590006    0.65538368  0.65538368  1.06150266]  max|de|= 8.3e-07  lindep= 0.417
root 5 converged  |r|= 4.23e-06  e= 1.06150264994  max|de|= -5.7e-09
converge 19 19  |r|= 4.23e-06  e= [ 0.15538721  0.29607429  0.590006    0.65538368  0.65538368  1.06150265]  max|de|= -5.7e-09
EA root 0 E = 0.1553872067174358  qpwt = 0.992346
EA root 1 E = 0.2960742908322923  qpwt = 0.988125
EA root 2 E = 0.5900059955177605  qpwt = 0.818839
EA root 3 E = 0.6553836791058703  qpwt = 0.974039
EA root 4 E = 0.6553836791058698  qpwt = 0.974039
EA root 5 E = 1.061502649936327  qpwt = 0.438946
    CPU time for EA-CCSD      0.58 sec, wall time      0.59 sec
