

******** <class 'pyscf.scf.hf.RHF'> flags ********
method = RHF
initial guess = minao
damping factor = 0
level shift factor = 0
Do DIIS = True
DIIS start cycle = 1
DIIS space = 8
SCF tol = 1e-09
SCF gradient tol = None
max. SCF cycles = 50
direct_scf = True
direct_scf_tol = 1e-13
chkfile to save SCF result = /tmp/tmpmVIunP
max_memory 4000 MB (current use 39 MB)
Set gradient conv threshold to 3.16228e-05
Nelec from initial guess = 17.996
cond(S) = 2433.16705878
E_coul = 92.2662784752225
init E= -150.709251640361
    CPU time for initialize scf      0.62 sec, wall time      0.62 sec
  HOMO = -0.367625889351877  LUMO = -0.0474365844018163
  mo_energy =
[-20.75199165 -20.75064141  -1.76447574  -1.33134408  -0.71341561
  -0.70800899  -0.60611239  -0.43849134  -0.36762589  -0.04743658
   0.08917053   0.15219997   0.47815337   0.49486485   0.50652066
   0.53090179   0.57341283   0.59930816   0.62169044   0.64419935
   0.72258238   0.78478499   0.88563426   0.90335054   0.96007779
   1.05898095   1.38776999   1.41470859   1.63060107   1.74739453
   1.87740538   1.97098291   1.98533558   1.998485     2.04605851
   2.20134952   2.21372294   2.26986334   2.60939383   2.6184498
   2.81760916   2.87012387   2.91305612   3.0148947    3.02648272
   3.46809979   3.49005929   3.59822216   3.61509595   3.63570915
   3.67208608   3.79314297   3.85025116   3.93394467   4.10267802
   4.23548535   4.34988652   4.35569334   4.40638961   4.50043704
   4.56463241   4.58048717   5.14378526   5.15841655   5.2528894
   5.32481944   5.45350448   5.72229327   5.86085311   6.15853624
   6.18675213   6.4883682    6.69503652   6.76101797   6.77375013
   6.81299843   6.94770862   6.98992332   7.01382662   7.07423375
   7.10838196   7.25463019   7.30171575   7.45197437   7.69833705
   7.76882911   7.85844721   8.41110596  44.69109371  45.21102362]
E_coul = 93.7619675825993
cycle= 1 E= -150.81395204324  delta_E= -0.105  |g|= 0.369  |ddm|=  1.4
    CPU time for cycle= 1      0.05 sec, wall time      0.05 sec
diis-norm(errvec)=1.07956
diis-c [-1.16544052  1.        ]
  HOMO = -0.476260083275379  LUMO = 0.124850527262242
  mo_energy =
[-20.59709517 -20.59681136  -1.47838954  -1.22315333  -0.71958066
  -0.70322266  -0.59971159  -0.5218921   -0.47626008   0.12485053
   0.1452173    0.24331132   0.5262685    0.53122361   0.55468937
   0.57989727   0.61176167   0.63557208   0.66809384   0.69433762
   0.74822745   0.80969457   0.87816391   0.92028488   0.95117129
   1.06287526   1.3913617    1.40494912   1.66102487   1.77523222
   1.93475746   2.02270039   2.04585265   2.04723052   2.10776316
   2.27113131   2.29699067   2.34189245   2.65169795   2.67218844
   2.90929531   2.96542378   3.00517154   3.14328786   3.14406503
   3.44074391   3.46632881   3.5778611    3.58507201   3.63087565
   3.64897929   3.79893684   3.81591475   3.89253894   4.07955245
   4.21335785   4.32278092   4.32338892   4.39565375   4.51000488
   4.59740155   4.6334892    5.1647817    5.16956911   5.34514513
   5.39244002   5.54602304   5.80926051   5.95030559   6.24891343
   6.27190155   6.57614323   6.79932983   6.86799871   6.89195549
   6.92539889   7.0375314    7.09676792   7.1032463    7.17752407
   7.24260352   7.37721491   7.40971947   7.55488317   7.75422143
   7.87152349   7.92452213   8.51263999  44.83559808  45.35722122]
E_coul = 93.4112133888699
cycle= 2 E= -150.839298621967  delta_E= -0.0253  |g|= 0.0809  |ddm|= 0.278
    CPU time for cycle= 2      0.05 sec, wall time      0.05 sec
diis-norm(errvec)=0.208841
diis-c [-0.03529674  0.07901098  0.92098902]
  HOMO = -0.491903705668288  LUMO = 0.132672279976756
  mo_energy =
[-20.64694925 -20.64668637  -1.4807681   -1.22831493  -0.72854756
  -0.70663361  -0.61094486  -0.53697159  -0.49190371   0.13267228
   0.15085553   0.23907995   0.52636832   0.53276925   0.54729241
   0.58610763   0.60996161   0.63404944   0.66793491   0.69358797
   0.75346284   0.81457936   0.89015728   0.92394363   0.96308839
   1.07105637   1.40092183   1.41710933   1.66522265   1.77917828
   1.93266834   2.02458099   2.04317392   2.04508516   2.10248759
   2.26741755   2.2888391    2.33564595   2.65901547   2.66857128
   2.89385086   2.95543695   2.9911461    3.11375883   3.11843993
   3.4669933    3.49093866   3.60358134   3.61184167   3.65001416
   3.67181787   3.81750987   3.84776404   3.92554842   4.10469767
   4.23602808   4.34404233   4.34784306   4.41413223   4.52259041
   4.60909967   4.63508261   5.18483085   5.18504954   5.33802565
   5.39145776   5.53956196   5.8029475    5.94442107   6.24114015
   6.26511489   6.56889592   6.78686959   6.85403524   6.87891587
   6.91439924   7.02681636   7.08452276   7.09700956   7.16211432
   7.2202406    7.3580516    7.39450609   7.54128752   7.76286671
   7.85717378   7.92716358   8.49460329  44.78868955  45.3096819 ]
E_coul = 93.6472156529421
cycle= 3 E= -150.840454061837  delta_E= -0.00116  |g|= 0.0231  |ddm|= 0.0497
    CPU time for cycle= 3      0.05 sec, wall time      0.05 sec
diis-norm(errvec)=0.0591039
diis-c [-0.00283755 -0.02446136 -0.00168351  1.02614487]
  HOMO = -0.484830708137952  LUMO = 0.134130080247944
  mo_energy =
[-20.62365534 -20.62339043  -1.47185063  -1.21950154  -0.72109893
  -0.6984835   -0.60213085  -0.52993318  -0.48483071   0.13413008
   0.15326988   0.24742353   0.52894087   0.53521454   0.54961348
   0.59024441   0.61244729   0.63600569   0.67112343   0.69761537
   0.75589857   0.81717979   0.89267267   0.92657224   0.96538861
   1.07372909   1.40437209   1.42005204   1.67035809   1.78458144
   1.93837307   2.02919067   2.0484107    2.04993262   2.10721376
   2.27370035   2.29476772   2.34167826   2.66529741   2.67578434
   2.90283457   2.9669847    2.99952228   3.12335898   3.12693525
   3.47097767   3.49517858   3.60813606   3.61576578   3.65616231
   3.67771555   3.82368557   3.85240346   3.92986939   4.10970014
   4.24047243   4.34890464   4.35205457   4.41919754   4.52870516
   4.61576772   4.64352841   5.19170699   5.19221471   5.34623343
   5.39970995   5.54787792   5.81128471   5.95283989   6.25116194
   6.27491662   6.57949401   6.79867322   6.86633507   6.89078196
   6.92603109   7.03610486   7.09325017   7.10534789   7.17258073
   7.23221519   7.36863617   7.40523808   7.55270604   7.77177691
   7.86919119   7.93613593   8.5054784   44.81080446  45.33175599]
E_coul = 93.5523025914876
cycle= 4 E= -150.84059212098  delta_E= -0.000138  |g|= 0.00884  |ddm|= 0.0211
    CPU time for cycle= 4      0.05 sec, wall time      0.05 sec
diis-norm(errvec)=0.0231506
diis-c [ -2.18545042e-04  -1.15706877e-02  -7.21282572e-02   2.11007991e-01
   8.72690954e-01]
  HOMO = -0.487812873360125  LUMO = 0.133945160270522
  mo_energy =
[-20.63068751 -20.63042339  -1.4748322   -1.22176223  -0.72334906
  -0.70065905  -0.60495076  -0.53276655  -0.48781287   0.13394516
   0.15256063   0.24564357   0.52820735   0.5345157    0.5486936
   0.58912109   0.61163781   0.63515048   0.67066919   0.69688246
   0.75494498   0.81646379   0.89214461   0.92589139   0.96497154
   1.07316401   1.4036177    1.41948069   1.66871956   1.78292585
   1.93666542   2.02792253   2.04677651   2.04842964   2.10569704
   2.27190528   2.29305377   2.34010026   2.6640057    2.67416569
   2.89984754   2.96336128   2.99658626   3.12081581   3.12455181
   3.47047273   3.49457228   3.60730313   3.61524871   3.65524686
   3.67691199   3.82249367   3.85214053   3.92978348   4.10936939
   4.23984526   4.34831041   4.3514688    4.41832163   4.52743657
   4.61432929   4.64096067   5.19031425   5.19058795   5.34369391
   5.39718389   5.54540599   5.80873516   5.95021723   6.24784336
   6.2717897    6.57620169   6.79515607   6.86257436   6.8872123
   6.92248318   7.03335279   7.09083008   7.10296728   7.16955778
   7.22860991   7.36555608   7.40215229   7.54927921   7.76974332
   7.86563648   7.93406759   8.50218957  44.80414177  45.32511889]
E_coul = 93.5854073037812
cycle= 5 E= -150.840614083018  delta_E= -2.2e-05  |g|= 0.002  |ddm|= 0.00658
    CPU time for cycle= 5      0.07 sec, wall time      0.05 sec
diis-norm(errvec)=0.00568946
diis-c [ -1.59137713e-05   3.36641665e-03   7.78804790e-03  -1.03090950e-01
  -1.44478524e-01   1.23641501e+00]
  HOMO = -0.487831071218928  LUMO = 0.133978662713212
  mo_energy =
[-20.6303737  -20.63010967  -1.47461896  -1.221599    -0.72318057
  -0.7003353   -0.60492594  -0.53276832  -0.48783107   0.13397866
   0.15248959   0.2458979    0.52823238   0.53446917   0.54870745
   0.58909042   0.61164106   0.63513176   0.67072415   0.69695397
   0.7550188    0.816521     0.89214267   0.92593965   0.96496648
   1.07315943   1.40366278   1.41950518   1.66883649   1.78300229
   1.93671705   2.0279838    2.04685029   2.04848854   2.10577591
   2.27196007   2.29311742   2.34015259   2.66403745   2.67423105
   2.89992777   2.96359746   2.99673998   3.12087615   3.12467612
   3.47045705   3.4945491    3.60732121   3.61523897   3.65524788
   3.6769324    3.82249779   3.85209658   3.9297322    4.10929283
   4.23983081   4.34829679   4.35149811   4.41832445   4.52747964
   4.61437901   4.64111726   5.1903313    5.19062832   5.34386878
   5.39738606   5.54558803   5.80889021   5.95037956   6.24811117
   6.27198074   6.57644861   6.7953363    6.86273308   6.88735543
   6.92262417   7.03345619   7.09094801   7.1030985    7.16967995
   7.22879029   7.3657143    7.40229189   7.54941098   7.76980538
   7.86579284   7.93410673   8.50233391  44.8044342   45.32540101]
E_coul = 93.5826065679086
cycle= 6 E= -150.840617034463  delta_E= -2.95e-06  |g|= 0.000667  |ddm|= 0.00295
    CPU time for cycle= 6      0.05 sec, wall time      0.05 sec
diis-norm(errvec)=0.00179136
diis-c [ -1.68870712e-06   5.14742116e-05   2.79358513e-03   7.87903706e-03
  -2.98374470e-02  -2.98507368e-01   1.31762072e+00]
  HOMO = -0.487871803556469  LUMO = 0.133982661145385
  mo_energy =
[-20.63037192 -20.63010788  -1.47464921  -1.22158132  -0.72320532
  -0.70026196  -0.60503282  -0.53283254  -0.4878718    0.13398266
   0.15245751   0.24591425   0.52821051   0.53444879   0.54868256
   0.58905439   0.6116186    0.63510322   0.67074606   0.69697538
   0.75499454   0.8165139    0.89213649   0.92593132   0.96496635
   1.07315286   1.40366018   1.41950969   1.66881702   1.78296785
   1.93670235   2.02795768   2.0468115    2.04846444   2.10574827
   2.27193511   2.29309876   2.34013521   2.66403665   2.67423568
   2.89989884   2.96355904   2.9967042    3.12084213   3.12463957
   3.47047108   3.49455495   3.60732581   3.61524647   3.65526099
   3.67695153   3.82249545   3.85211382   3.92975041   4.10930663
   4.23983181   4.34830735   4.35151432   4.41832408   4.52747662
   4.61437384   4.64109625   5.19034238   5.19062919   5.34383341
   5.3973616    5.54556622   5.80885949   5.95034117   6.24805697
   6.2719309    6.57641541   6.79532364   6.86270844   6.8873303
   6.92261088   7.03340154   7.09089228   7.10305972   7.16964977
   7.2287583    7.36568607   7.40226459   7.54935431   7.76979754
   7.86576316   7.93409481   8.50231665  44.80443242  45.32540103]
E_coul = 93.5825065252988
cycle= 7 E= -150.840617470957  delta_E= -4.36e-07  |g|= 0.000275  |ddm|= 0.00127
    CPU time for cycle= 7      0.05 sec, wall time      0.05 sec
diis-norm(errvec)=0.000701056
diis-c [ -2.47949215e-07  -3.44766008e-04  -2.37339624e-03   7.03980678e-03
   2.47416667e-02   3.85302665e-02  -6.41387056e-01   1.57379348e+00]
  HOMO = -0.48786851246573  LUMO = 0.133983791877487
  mo_energy =
[-20.63038763 -20.63012362  -1.47465201  -1.22158762  -0.72320639
  -0.70022805  -0.60509067  -0.53282452  -0.48786851   0.13398379
   0.1524525    0.24592381   0.5282094    0.53444917   0.54868119
   0.58904737   0.61161673   0.63510086   0.67074714   0.69697448
   0.75499527   0.81651878   0.8921359    0.92593264   0.9649675
   1.07315156   1.40366038   1.41951131   1.66882004   1.78296372
   1.93669962   2.02795793   2.04680849   2.04846447   2.10574765
   2.27192912   2.29309685   2.34013479   2.66403568   2.67423661
   2.89989112   2.96355742   2.99670424   3.12083042   3.12463677
   3.47047544   3.4945562    3.60732722   3.61525038   3.6552592
   3.67695269   3.82249289   3.85211521   3.92975171   4.10930626
   4.23982867   4.34830933   4.35152078   4.41832093   4.527477
   4.61437031   4.64109472   5.1903415    5.19062689   5.34382771
   5.39735904   5.54556792   5.80886103   5.95033715   6.24804899
   6.27192403   6.57641271   6.79531675   6.86270027   6.88731899
   6.92260647   7.03339367   7.09088707   7.10306089   7.1696444
   7.22875035   7.36568205   7.40226619   7.54934579   7.76979561
   7.86576135   7.93409439   8.50231896  44.8044179   45.32538681]
E_coul = 93.5825392796544
cycle= 8 E= -150.840617566785  delta_E= -9.58e-08  |g|= 0.000111  |ddm|= 0.00066
    CPU time for cycle= 8      0.05 sec, wall time      0.05 sec
diis-norm(errvec)=0.000293258
diis-c [ -2.31788816e-08   1.47971229e-04   5.22804996e-04  -4.10291754e-03
  -9.11377082e-03   2.51063829e-02   1.50652835e-01  -9.66547871e-01
   1.80333457e+00]
  HOMO = -0.487864601489589  LUMO = 0.133983715575704
  mo_energy =
[-20.63038913 -20.63012512  -1.47465288  -1.22158584  -0.72320792
  -0.70021617  -0.605122    -0.53280837  -0.4878646    0.13398372
   0.15245228   0.24592594   0.52821009   0.53444923   0.5486805
   0.58904756   0.61161743   0.63510208   0.67074923   0.69697258
   0.75499421   0.81652073   0.89213417   0.92593246   0.96496686
   1.07315002   1.40365899   1.4195105    1.66882113   1.78295814
   1.93669929   2.02795799   2.04680666   2.04846456   2.10574788
   2.27192912   2.29309999   2.34013643   2.66403467   2.67423822
   2.89989046   2.96355396   2.99670891   3.12082671   3.12463971
   3.47047613   3.49455433   3.60732592   3.61524999   3.65525766
   3.67695132   3.82249033   3.85211419   3.92974988   4.10930546
   4.23982519   4.3483087    4.35152285   4.41831788   4.52747689
   4.61436718   4.64109404   5.19034162   5.19062656   5.3438266
   5.39735918   5.54557003   5.80886278   5.9503357    6.2480448
   6.27191943   6.57641212   6.79531597   6.86269814   6.88731696
   6.9226102    7.03338997   7.09088434   7.10306315   7.16964365
   7.22875052   7.36568271   7.4022681    7.54934161   7.76979597
   7.86576199   7.93409531   8.50232239  44.80441625  45.32538565]
E_coul = 93.5825652031754
cycle= 9 E= -150.840617585429  delta_E= -1.86e-08  |g|= 2.58e-05  |ddm|= 0.000369
    CPU time for cycle= 9      0.05 sec, wall time      0.05 sec
diis-norm(errvec)=6.92915e-05
diis-c [ -2.14710449e-09   1.32814998e+00   2.34686194e-05   6.07451152e-04
   2.62385508e-04  -1.53012516e-02   4.53681100e-02   8.13903351e-02
  -4.40500479e-01]
  HOMO = -0.48786692085678  LUMO = 0.133983166201518
  mo_energy =
[-20.63039433 -20.63013032  -1.47465388  -1.2215878   -0.72320939
  -0.7002177   -0.60512724  -0.53280585  -0.48786692   0.13398317
   0.15245178   0.24592319   0.52821063   0.53444884   0.54868022
   0.58904755   0.61161709   0.63510112   0.67074819   0.69697102
   0.75499402   0.81652088   0.89213355   0.92593172   0.96496592
   1.07314916   1.40365792   1.41950956   1.66882082   1.78295756
   1.93669803   2.02795715   2.04680586   2.04846395   2.10574695
   2.27192771   2.29309845   2.34013498   2.66403334   2.67423635
   2.89988822   2.96355308   2.99670702   3.12082497   3.12463801
   3.47047487   3.49455297   3.60732451   3.61524875   3.6552557
   3.67694975   3.82248888   3.85211272   3.92974842   4.1093041
   4.23982349   4.34830764   4.35152192   4.4183162    4.52747552
   4.61436557   4.64109265   5.19033988   5.19062478   5.34382491
   5.39735793   5.54556875   5.80886182   5.95033417   6.24804417
   6.2719186    6.57641084   6.79531326   6.86269529   6.8873142
   6.92260798   7.03338782   7.09088347   7.10306259   7.16964157
   7.22874796   7.36567965   7.4022661    7.54934033   7.76979407
   7.86575984   7.93409342   8.50231963  44.80441141  45.32538068]
E_coul = 93.5825766329394
cycle= 10 E= -150.840617586054  delta_E= -6.25e-10  |g|= 6.84e-06  |ddm|= 5.39e-05
    CPU time for cycle= 10      0.06 sec, wall time      0.05 sec
  HOMO = -0.487866676911404  LUMO = 0.133983387944807
  mo_energy =
[-20.63039207 -20.63012806  -1.47465305  -1.22158703  -0.72320855
  -0.70021701  -0.60512694  -0.53280452  -0.48786668   0.13398339
   0.15245203   0.24592354   0.52821078   0.53444902   0.54868021
   0.58904818   0.61161725   0.6351012    0.67074851   0.69697121
   0.7549943    0.81652116   0.89213385   0.92593196   0.96496625
   1.07314947   1.40365835   1.41950996   1.66882136   1.78295803
   1.93669849   2.02795754   2.04680628   2.04846427   2.10574726
   2.27192822   2.29309881   2.34013536   2.66403392   2.67423695
   2.89988879   2.96355403   2.99670802   3.12082526   3.12463882
   3.47047545   3.49455349   3.60732517   3.61524935   3.65525641
   3.67695048   3.82248952   3.85211335   3.929749     4.10930469
   4.23982399   4.3483082    4.35152257   4.41831673   4.52747618
   4.61436613   4.64109339   5.19034065   5.19062551   5.34382552
   5.39735871   5.54556938   5.80886251   5.95033484   6.24804512
   6.27191943   6.57641189   6.79531411   6.86269628   6.88731515
   6.92260906   7.03338863   7.09088416   7.10306345   7.16964231
   7.22874886   7.36568036   7.40226693   7.54934136   7.76979489
   7.8657609    7.93409415   8.50232035  44.80441354  45.32538279]
    CPU time for scf_cycle      1.15 sec, wall time      1.16 sec
    CPU time for SCF      1.15 sec, wall time      1.16 sec
converged SCF energy = -150.840617586054
RHF E = -150.840617586
RHF eps = [-20.63039207 -20.63012806  -1.47465305  -1.22158703  -0.72320855
  -0.70021701  -0.60512694  -0.53280452  -0.48786668   0.13398339
   0.15245203   0.24592354   0.52821078   0.53444902   0.54868021
   0.58904818   0.61161725   0.6351012    0.67074851   0.69697121
   0.7549943    0.81652116   0.89213385   0.92593196   0.96496625
   1.07314947   1.40365835   1.41950996   1.66882136   1.78295803
   1.93669849   2.02795754   2.04680628   2.04846427   2.10574726
   2.27192822   2.29309881   2.34013536   2.66403392   2.67423695
   2.89988879   2.96355403   2.99670802   3.12082526   3.12463882
   3.47047545   3.49455349   3.60732517   3.61524935   3.65525641
   3.67695048   3.82248952   3.85211335   3.929749     4.10930469
   4.23982399   4.3483082    4.35152257   4.41831673   4.52747618
   4.61436613   4.64109339   5.19034065   5.19062551   5.34382552
   5.39735871   5.54556938   5.80886251   5.95033484   6.24804512
   6.27191943   6.57641189   6.79531411   6.86269628   6.88731515
   6.92260906   7.03338863   7.09088416   7.10306345   7.16964231
   7.22874886   7.36568036   7.40226693   7.54934136   7.76979489
   7.8657609    7.93409415   8.50232035  44.80441354  45.32538279]
    CPU time for CCSD integral transformation      5.43 sec, wall time      5.43 sec

******** <class 'pyscf.cc.linrccsd.LinRCCSD'> flags ********
CCSD nocc = 7, nvir = 81
frozen orbitals [0, 1]
max_cycle = 50
direct = 0
conv_tol = 1e-07
conv_tol_normt = 1e-05
diis_space = 6
diis_start_cycle = 0
diis_start_energy_diff = 1e+09
Init t2, MP2 energy = -0.496851356132857
    CPU time for init mp2      0.00 sec, wall time      0.01 sec
    CPU time for update t1 t2      0.57 sec, wall time      0.56 sec
istep = 0  E(CCSD) = -0.49959111401991  dE = -0.499591114  norm(t1,t2) = 0.0787265
    CPU time for CCSD iter      0.57 sec, wall time      0.57 sec
    CPU time for update t1 t2      0.54 sec, wall time      0.54 sec
DIIS for step 1
istep = 1  E(CCSD) = -0.515875126582006  dE = -0.0162840126  norm(t1,t2) = 0.0327854
    CPU time for CCSD iter      0.54 sec, wall time      0.54 sec
    CPU time for update t1 t2      0.55 sec, wall time      0.54 sec
diis-c [ -1.64116599e-04   1.00000000e+00]
DIIS for step 2
istep = 2  E(CCSD) = -0.517562888346201  dE = -0.00168776176  norm(t1,t2) = 0.0174838
    CPU time for CCSD iter      0.55 sec, wall time      0.55 sec
    CPU time for update t1 t2      0.55 sec, wall time      0.54 sec
diis-c [ -3.05298276e-05  -9.85208319e-01   1.98520832e+00]
DIIS for step 3
istep = 3  E(CCSD) = -0.521415116436956  dE = -0.00385222809  norm(t1,t2) = 0.0104551
    CPU time for CCSD iter      0.55 sec, wall time      0.55 sec
    CPU time for update t1 t2      0.54 sec, wall time      0.54 sec
diis-c [ -5.15580618e-06  -2.41476893e-01   2.32737467e-01   1.00873943e+00]
DIIS for step 4
istep = 4  E(CCSD) = -0.521295612677303  dE = 0.00011950376  norm(t1,t2) = 0.0038042
    CPU time for CCSD iter      0.55 sec, wall time      0.55 sec
    CPU time for update t1 t2      0.54 sec, wall time      0.54 sec
diis-c [ -1.07929237e-06   3.82393104e-01  -5.17542353e-01  -1.14622108e+00
   2.28137033e+00]
DIIS for step 5
istep = 5  E(CCSD) = -0.521168953559778  dE = 0.000126659118  norm(t1,t2) = 0.0022235
    CPU time for CCSD iter      0.55 sec, wall time      0.55 sec
    CPU time for update t1 t2      0.54 sec, wall time      0.54 sec
diis-c [ -4.95866785e-07  -2.03280507e-01   3.05243057e-01   4.33759802e-01
  -1.27182787e+00   1.73610552e+00]
DIIS for step 6
istep = 6  E(CCSD) = -0.521257750303025  dE = -8.87967432e-05  norm(t1,t2) = 0.00109833
    CPU time for CCSD iter      0.55 sec, wall time      0.55 sec
    CPU time for update t1 t2      0.54 sec, wall time      0.55 sec
diis-c [ -2.58953141e-07  -1.05673023e-01   1.52909010e-01   2.85404574e-01
  -5.26421112e-01  -3.93529819e-01   1.58731037e+00]
DIIS for step 7
istep = 7  E(CCSD) = -0.521251136840701  dE = 6.61346232e-06  norm(t1,t2) = 0.000765919
    CPU time for CCSD iter      0.55 sec, wall time      0.56 sec
    CPU time for update t1 t2      0.54 sec, wall time      0.54 sec
diis-c [ -1.94773792e-07   1.53838488e+00  -4.82055837e-03  -8.83764368e-03
   4.84942576e-02  -2.39851843e-02  -5.49235749e-01]
DIIS for step 8
istep = 8  E(CCSD) = -0.521259014239829  dE = -7.87739913e-06  norm(t1,t2) = 0.000606902
    CPU time for CCSD iter      0.55 sec, wall time      0.55 sec
    CPU time for update t1 t2      0.54 sec, wall time      0.54 sec
diis-c [ -8.86094109e-08  -3.12335787e+00   4.27636833e+00   4.57246636e-03
  -1.24264988e-01   8.34756954e-01  -8.68074896e-01]
DIIS for step 9
istep = 9  E(CCSD) = -0.521242279562821  dE = 1.6734677e-05  norm(t1,t2) = 0.000529186
    CPU time for CCSD iter      0.55 sec, wall time      0.55 sec
    CPU time for update t1 t2      0.54 sec, wall time      0.54 sec
diis-c [ -2.71621499e-08   1.71680222e+00  -3.46887221e+00   2.35398277e+00
   8.24383287e-02  -6.19899631e-01   9.35548518e-01]
DIIS for step 10
istep = 10  E(CCSD) = -0.52125754091615  dE = -1.52613533e-05  norm(t1,t2) = 0.000316193
    CPU time for CCSD iter      0.54 sec, wall time      0.55 sec
    CPU time for update t1 t2      0.54 sec, wall time      0.54 sec
diis-c [ -5.23490618e-09   6.63386828e-01  -7.62917404e-01  -2.42189810e-01
   1.41321116e+00  -8.12210803e-02   9.73030935e-03]
DIIS for step 11
istep = 11  E(CCSD) = -0.521255905482487  dE = 1.63543366e-06  norm(t1,t2) = 0.000143147
    CPU time for CCSD iter      0.55 sec, wall time      0.55 sec
    CPU time for update t1 t2      0.54 sec, wall time      0.54 sec
diis-c [ -1.23381888e-09   5.41828966e-02   4.63465748e-02  -2.14817384e-01
   1.42200747e-02   1.11943214e+00  -1.93643021e-02]
DIIS for step 12
istep = 12  E(CCSD) = -0.521254834034218  dE = 1.07144827e-06  norm(t1,t2) = 5.82575e-05
    CPU time for CCSD iter      0.55 sec, wall time      0.55 sec
    CPU time for update t1 t2      0.54 sec, wall time      0.54 sec
diis-c [ -2.30402225e-10  -5.17484053e-03  -3.96673199e-02   1.56868547e-01
  -1.59545334e-01  -7.17491991e-01   1.76501094e+00]
DIIS for step 13
istep = 13  E(CCSD) = -0.521252705779226  dE = 2.12825499e-06  norm(t1,t2) = 2.98e-05
    CPU time for CCSD iter      0.55 sec, wall time      0.55 sec
    CPU time for update t1 t2      0.53 sec, wall time      0.54 sec
diis-c [ -5.62602187e-11   1.28162230e+00  -4.17167132e-03  -7.50719516e-03
   7.50940941e-02  -1.40511462e-01  -2.04526070e-01]
DIIS for step 14
istep = 14  E(CCSD) = -0.521252555740233  dE = 1.50038992e-07  norm(t1,t2) = 1.30665e-05
    CPU time for CCSD iter      0.54 sec, wall time      0.55 sec
    CPU time for update t1 t2      0.55 sec, wall time      0.54 sec
diis-c [ -1.30111477e-11  -3.38196907e-01   1.41118709e+00  -1.92724711e-02
   5.19756369e-02   1.83489028e-02  -1.24042251e-01]
DIIS for step 15
istep = 15  E(CCSD) = -0.521252590254221  dE = -3.45139879e-08  norm(t1,t2) = 6.77709e-06
    CPU time for CCSD iter      0.56 sec, wall time      0.55 sec
    CPU time for CCSD      8.80 sec, wall time      8.80 sec
CCSD converged
E(linCCSD) = -151.3618701763085  E_corr = -0.5212525902542211
    CPU time for EOM-CCSD shared one-electron intermediates      0.04 sec, wall time      0.04 sec
    CPU time for EOM-CCSD shared two-electron intermediates      0.12 sec, wall time      0.12 sec
    CPU time for EOM-CCSD IP intermediates      0.16 sec, wall time      0.15 sec
tol 1e-07  toloose 0.000316228
max_cycle 50  max_space 38  max_memory 2000  incore True
davidson 0 6  |r|= 0.46  e= [ 0.5666182   0.61595417  0.70467904  0.78778504  0.79440686  1.2819216 ]  max|de|= 1.28  lindep=    1
davidson 1 12  |r|= 0.341  e= [ 0.42230785  0.47615106  0.57136374  0.67217221  0.65504032  1.23483024]  max|de|= -0.144  lindep= 0.699
davidson 2 18  |r|= 0.199  e= [ 0.42197221  0.47557582  0.57102502  0.67050955  0.65300754  1.13402499]  max|de|= -0.101  lindep= 0.95
davidson 3 24  |r|= 0.217  e= [ 0.42246053  0.47607081  0.57139474  0.67109805  0.65358613  1.10254235]  max|de|= -0.0315  lindep= 0.569
davidson 4 30  |r|= 0.182  e= [ 0.42257781  0.47612301  0.57140194  0.67114683  0.65357211  1.06214125]  max|de|= -0.0404  lindep= 0.699
davidson 5 36  |r|= 0.132  e= [ 0.42257589  0.47613168  0.57141341  0.67109584  0.65358115  1.09759508]  max|de|= 0.0355  lindep= 0.334
davidson 6 6  |r|= 0.132  e= [ 0.42257589  0.47613168  0.57141341  0.67109584  0.65358115  1.09759508]  max|de|= 3.44e-15  lindep= 0.998
davidson 7 12  |r|= 0.18  e= [ 0.42257396  0.4761302   0.57142524  0.67111188  0.65358395  1.10719232]  max|de|= 0.0096  lindep= 0.232
davidson 8 18  |r|=  0.2  e= [ 0.42257651  0.47613406  0.57142941  0.67111168  0.65359052  1.09379985]  max|de|= -0.0134  lindep= 0.531
davidson 9 24  |r|= 0.0938  e= [ 0.4225744   0.47613221  0.57143101  0.67110715  0.65358228  1.08574227]  max|de|= -0.00806  lindep= 0.441
davidson 10 30  |r|= 0.0776  e= [ 0.42257528  0.47613299  0.57143043  0.6711118   0.65358714  1.07296028]  max|de|= -0.0128  lindep= 0.543
root 1 converged  |r|= 9.96e-07  e= 0.476133010247  max|de|= 2.04e-08
davidson 11 36  |r|= 0.134  e= [ 0.4225751   0.47613301  0.57142983  0.67110981  0.65358427  1.05398495]  max|de|= -0.019  lindep= 0.621
root 0 converged  |r|= 8.28e-07  e= 0.422575100215  max|de|= -2.22e-15
root 1 converged  |r|= 9.96e-07  e= 0.476133010247  max|de|= 1.33e-15
root 2 converged  |r|= 5.23e-06  e= 0.571429830917  max|de|=    0
root 3 converged  |r|= 1.42e-05  e= 0.671109813261  max|de|= -4.44e-16
root 4 converged  |r|= 1.75e-05  e= 0.65358427141  max|de|= 4.66e-15
davidson 12 6  |r|= 0.134  e= [ 0.4225751   0.47613301  0.57142983  0.67110981  0.65358427  1.05398495]  max|de|= 4.66e-15  lindep= 0.987
davidson 13 7  |r|= 0.0769  e= [ 0.4225751   0.47613301  0.57142983  0.67110981  0.65358444  1.03935558]  max|de|= -0.0146  lindep= 0.989
davidson 14 8  |r|= 0.436  e= [ 0.4225751   0.47613301  0.57142983  0.67110981  0.65358447  1.21026402]  max|de|= 0.171  lindep= 0.752
davidson 15 9  |r|= 0.423  e= [ 0.4225751   0.47613301  0.57142983  0.67110981  0.65358448  1.21622976]  max|de|= 0.00597  lindep= 0.163
davidson 16 10  |r|= 0.362  e= [ 0.4225751   0.47613301  0.57142983  0.67110981  0.65358445  1.17396127]  max|de|= -0.0423  lindep= 0.774
davidson 17 11  |r|= 0.217  e= [ 0.4225751   0.47613301  0.57142983  0.67110981  0.65358447  1.10531916]  max|de|= -0.0686  lindep= 0.915
davidson 18 12  |r|= 0.288  e= [ 0.4225751   0.47613301  0.57142983  0.67110981  0.65358447  1.13154282]  max|de|= 0.0262  lindep= 0.906
davidson 19 13  |r|= 0.173  e= [ 0.4225751   0.47613301  0.57142983  0.67110981  0.65358452  1.09583356]  max|de|= -0.0357  lindep= 0.797
davidson 20 14  |r|= 0.0844  e= [ 0.4225751   0.47613301  0.57142983  0.67110981  0.65358464  1.06515435]  max|de|= -0.0307  lindep= 0.931
davidson 21 15  |r|= 0.0847  e= [ 0.4225751   0.47613301  0.57142983  0.67110981  0.65358454  1.05809442]  max|de|= -0.00706  lindep= 0.925
davidson 22 16  |r|= 0.162  e= [ 0.4225751   0.47613301  0.57142983  0.67110981  0.65358462  1.09999666]  max|de|= 0.0419  lindep= 0.939
davidson 23 17  |r|= 0.0631  e= [ 0.4225751   0.47613301  0.57142983  0.67110982  0.6535846   1.08153907]  max|de|= -0.0185  lindep= 0.973
davidson 24 18  |r|= 0.0688  e= [ 0.42257511  0.47613301  0.57142983  0.67110981  0.6535846   1.07733009]  max|de|= -0.00421  lindep= 0.952
davidson 25 19  |r|= 0.125  e= [ 0.42257511  0.47613301  0.57142982  0.67110982  0.65358461  1.08770547]  max|de|= 0.0104  lindep= 0.665
davidson 26 20  |r|= 0.035  e= [ 0.42257511  0.47613301  0.57142983  0.67110981  0.6535846   1.08005858]  max|de|= -0.00765  lindep= 0.899
davidson 27 21  |r|= 0.0286  e= [ 0.42257511  0.47613301  0.57142983  0.67110981  0.65358465  1.07701082]  max|de|= -0.00305  lindep= 0.81
davidson 28 22  |r|= 0.0766  e= [ 0.42257511  0.47613301  0.57142984  0.6711098   0.65358478  1.06957479]  max|de|= -0.00744  lindep= 0.872
davidson 29 23  |r|= 0.0364  e= [ 0.42257511  0.47613301  0.57142984  0.67110981  0.65358478  1.07656596]  max|de|= 0.00699  lindep= 0.733
davidson 30 24  |r|= 0.0239  e= [ 0.42257511  0.47613301  0.57142984  0.67110981  0.65358479  1.07517945]  max|de|= -0.00139  lindep= 0.861
davidson 31 25  |r|= 0.0236  e= [ 0.42257511  0.47613301  0.57142984  0.67110981  0.65358495  1.07316005]  max|de|= -0.00202  lindep= 0.878
davidson 32 26  |r|= 0.0496  e= [ 0.42257511  0.47613301  0.57142984  0.67110981  0.65358496  1.07028836]  max|de|= -0.00287  lindep= 0.896
davidson 33 27  |r|= 0.0536  e= [ 0.42257511  0.47613301  0.57142983  0.67110983  0.65358497  1.07692782]  max|de|= 0.00664  lindep= 0.878
davidson 34 28  |r|= 0.0282  e= [ 0.42257511  0.47613301  0.57142982  0.67110986  0.65358497  1.07486155]  max|de|= -0.00207  lindep= 0.838
davidson 35 29  |r|= 0.0367  e= [ 0.42257511  0.47613301  0.57142981  0.67110987  0.65358496  1.07251157]  max|de|= -0.00235  lindep= 0.885
davidson 36 30  |r|= 0.0531  e= [ 0.42257511  0.47613301  0.5714298   0.67110988  0.65358496  1.0669246 ]  max|de|= -0.00559  lindep= 0.929
davidson 37 31  |r|= 0.0303  e= [ 0.42257511  0.47613301  0.5714298   0.67110988  0.65358496  1.0820245 ]  max|de|= 0.0151  lindep= 0.923
davidson 38 32  |r|= 0.0157  e= [ 0.42257511  0.47613301  0.5714298   0.67110989  0.65358496  1.08073517]  max|de|= -0.00129  lindep= 0.882
davidson 39 33  |r|= 0.00726  e= [ 0.42257511  0.47613301  0.5714298   0.67110989  0.65358495  1.08087092]  max|de|= 0.000136  lindep= 0.91
root 0 converged  |r|= 7.38e-07  e= 0.422575107127  max|de|= -5.55e-16
root 1 converged  |r|= 9.77e-07  e= 0.476133005475  max|de|= -4.44e-16
root 2 converged  |r|= 5.07e-06  e= 0.571429801172  max|de|= 1.33e-15
root 3 converged  |r|= 1.41e-05  e= 0.67110988533  max|de|= -1.78e-15
root 4 converged  |r|= 1.44e-05  e= 0.653584952455  max|de|= -2.78e-15
davidson 40 6  |r|= 0.00726  e= [ 0.42257511  0.47613301  0.5714298   0.67110989  0.65358495  1.08087092]  max|de|= -2.89e-15  lindep= 0.995
davidson 41 7  |r|= 0.00329  e= [ 0.42257511  0.47613301  0.5714298   0.67110989  0.65358501  1.08089699]  max|de|= 2.61e-05  lindep= 0.988
davidson 42 8  |r|= 0.00332  e= [ 0.42257511  0.47613301  0.5714298   0.67110988  0.653585    1.08091593]  max|de|= 1.89e-05  lindep= 0.96
davidson 43 9  |r|= 0.0107  e= [ 0.42257511  0.47613301  0.5714298   0.67110988  0.653585    1.08086814]  max|de|= -4.78e-05  lindep= 0.985
davidson 44 10  |r|= 0.00368  e= [ 0.42257511  0.47613301  0.5714298   0.67110988  0.653585    1.08093519]  max|de|= 6.7e-05  lindep= 0.421
davidson 45 11  |r|= 0.00238  e= [ 0.42257511  0.47613301  0.5714298   0.67110988  0.653585    1.08094279]  max|de|= 7.6e-06  lindep= 0.915
davidson 46 12  |r|= 0.0046  e= [ 0.42257511  0.47613301  0.5714298   0.67110988  0.653585    1.08090968]  max|de|= -3.31e-05  lindep= 0.915
davidson 47 13  |r|= 0.00579  e= [ 0.42257511  0.476133    0.5714298   0.67110987  0.653585    1.08087423]  max|de|= -3.55e-05  lindep= 0.945
davidson 48 14  |r|= 0.00322  e= [ 0.42257511  0.476133    0.57142979  0.67110987  0.65358501  1.08090306]  max|de|= 2.88e-05  lindep= 0.895
davidson 49 15  |r|= 0.0122  e= [ 0.42257511  0.47613301  0.5714298   0.67110987  0.65358502  1.08103832]  max|de|= 0.000135  lindep= 0.735
IP root 0 E = 0.4225751063102643  qpwt = 0.949916
IP root 1 E = 0.4761330051395997  qpwt = 0.948987
IP root 2 E = 0.5714297990908308  qpwt = 0.947545
IP root 3 E = 0.6711098730586357  qpwt = 0.956894
IP root 4 E = 0.6535850175053813  qpwt = 0.9347
IP root 5 E = 1.081038322130673  qpwt = 0.46819
    CPU time for IP-CCSD      1.56 sec, wall time      1.57 sec
    CPU time for EOM-CCSD shared one-electron intermediates      0.04 sec, wall time      0.04 sec
    CPU time for EOM-CCSD EA intermediates      4.86 sec, wall time      4.87 sec
tol 1e-07  toloose 0.000316228
max_cycle 50  max_space 38  max_memory 2000  incore True
davidson 0 6  |r|= 0.535  e= [ 0.14234065  0.16784587  0.30197521  0.54014612  0.54317156  0.56688673]  max|de|= 0.567  lindep=    1
davidson 1 12  |r|= 0.103  e= [ 0.1137769   0.12146824  0.19033745  0.49446672  0.49415251  0.5160101 ]  max|de|= -0.112  lindep= 0.88
davidson 2 18  |r|= 0.0599  e= [ 0.11164105  0.11473122  0.18226021  0.48799761  0.48914155  0.5073103 ]  max|de|= -0.0087  lindep= 0.83
davidson 3 24  |r|= 0.224  e= [ 0.11160754  0.11482916  0.18232958  0.48719472  0.4888105   0.52830228]  max|de|= 0.021  lindep= 0.497
davidson 4 30  |r|= 0.0327  e= [ 0.11162558  0.11479517  0.18231189  0.48644408  0.48856211  0.51127228]  max|de|= -0.017  lindep= 0.649
davidson 5 36  |r|= 0.0137  e= [ 0.11162857  0.11481295  0.1823344   0.48600895  0.48826637  0.5106767 ]  max|de|= -0.000596  lindep= 0.833
root 0 converged  |r|= 0.000146  e= 0.111628572778  max|de|= -6.38e-16
root 1 converged  |r|= 0.000226  e= 0.114812945588  max|de|= -2.08e-16
root 2 converged  |r|= 0.000236  e= 0.182334398455  max|de|= 9.71e-16
davidson 6 6  |r|= 0.0137  e= [ 0.11162857  0.11481295  0.1823344   0.48600895  0.48826637  0.5106767 ]  max|de|= 1.72e-15  lindep=    1
davidson 7 9  |r|= 0.00641  e= [ 0.11162938  0.11481287  0.18233474  0.48607116  0.48830941  0.51052657]  max|de|= -0.00015  lindep= 0.918
davidson 8 12  |r|= 0.00666  e= [ 0.11162935  0.11481287  0.18233472  0.48596122  0.48819494  0.51049037]  max|de|= -0.000114  lindep= 0.845
davidson 9 15  |r|= 0.0172  e= [ 0.11162924  0.11481281  0.18233483  0.48577943  0.48821453  0.51053778]  max|de|= -0.000182  lindep= 0.725
davidson 10 18  |r|= 0.0272  e= [ 0.11162924  0.11481265  0.18233471  0.48599164  0.4882518   0.51050211]  max|de|= 0.000212  lindep= 0.72
davidson 11 21  |r|= 0.00682  e= [ 0.11162926  0.11481264  0.18233471  0.48592048  0.48822204  0.51049337]  max|de|= -7.12e-05  lindep= 0.839
davidson 12 24  |r|= 0.00409  e= [ 0.1116295   0.11481291  0.18233471  0.48613015  0.48823677  0.51045335]  max|de|= 0.00021  lindep= 0.726
davidson 13 27  |r|= 0.00462  e= [ 0.11162955  0.1148129   0.18233481  0.48601719  0.48823662  0.5103176 ]  max|de|= -0.000136  lindep= 0.696
davidson 14 30  |r|= 0.00757  e= [ 0.11162952  0.11481266  0.18233453  0.4859932   0.48822308  0.51052652]  max|de|= 0.000209  lindep= 0.705
davidson 15 33  |r|= 0.00191  e= [ 0.11162934  0.11481276  0.18233414  0.48606238  0.48824279  0.51049609]  max|de|= 6.92e-05  lindep= 0.53
root 0 converged  |r|= 0.000128  e= 0.11162933859  max|de|= -5.55e-17
root 1 converged  |r|= 0.000219  e= 0.114812756083  max|de|= -1.67e-16
root 2 converged  |r|= 0.000228  e= 0.182334140648  max|de|= 3.61e-16
davidson 16 6  |r|= 0.00191  e= [ 0.11162934  0.11481276  0.18233414  0.48606238  0.48824279  0.51049609]  max|de|= 1.33e-15  lindep= 0.667
davidson 17 9  |r|= 0.00104  e= [ 0.11162898  0.11481277  0.18233554  0.48601025  0.48822194  0.51048259]  max|de|= -5.21e-05  lindep= 0.775
davidson 18 12  |r|= 0.000866  e= [ 0.11162897  0.11481267  0.18233555  0.48602444  0.48822948  0.51049272]  max|de|= 1.42e-05  lindep= 0.799
davidson 19 15  |r|= 0.00132  e= [ 0.11162891  0.11481328  0.18233597  0.48602997  0.48823186  0.51051849]  max|de|= 2.58e-05  lindep= 0.854
davidson 20 18  |r|= 0.00428  e= [ 0.11162894  0.11481327  0.18233593  0.48602326  0.48822517  0.51043165]  max|de|= -8.68e-05  lindep= 0.755
davidson 21 21  |r|= 0.00133  e= [ 0.11162888  0.11481331  0.18233593  0.48602512  0.4882312   0.51052807]  max|de|= 9.64e-05  lindep= 0.673
davidson 22 24  |r|= 0.0257  e= [ 0.11162893  0.1148133   0.18233595  0.48602836  0.48822655  0.51122125]  max|de|= 0.000693  lindep= 0.754
root 4 converged  |r|= 0.00026  e= 0.488226649776  max|de|= 9.72e-08
davidson 23 27  |r|= 0.000917  e= [ 0.11162895  0.1148133   0.18233595  0.4860274   0.48822665  0.51045164]  max|de|= -0.00077  lindep= 0.816
davidson 24 29  |r|= 0.000429  e= [ 0.11162888  0.11481338  0.18233594  0.48602621  0.48822618  0.51047687]  max|de|= 2.52e-05  lindep= 0.785
davidson 25 31  |r|= 0.000371  e= [ 0.11162879  0.11481379  0.18233592  0.48602955  0.48822853  0.51048559]  max|de|= 8.72e-06  lindep= 0.725
davidson 26 33  |r|= 0.000373  e= [ 0.11162886  0.1148138   0.18233577  0.48603112  0.48822964  0.51047389]  max|de|= -1.17e-05  lindep= 0.773
root 0 converged  |r|= 0.000119  e= 0.111628857977  max|de|= 1.25e-16
root 1 converged  |r|= 0.000216  e= 0.114813798923  max|de|= -5e-16
root 2 converged  |r|= 0.000225  e= 0.18233576594  max|de|= -3.03e-15
root 4 converged  |r|= 0.000171  e= 0.488229641967  max|de|= -1.22e-15
davidson 27 6  |r|= 0.000373  e= [ 0.11162886  0.1148138   0.18233577  0.48603112  0.48822964  0.51047389]  max|de|= -3.03e-15  lindep= 0.948
davidson 28 8  |r|= 0.000224  e= [ 0.11162878  0.11481409  0.18233589  0.48602305  0.48822863  0.51048626]  max|de|= 1.24e-05  lindep= 0.936
davidson 29 10  |r|= 0.000493  e= [ 0.11162878  0.11481445  0.18233604  0.48602713  0.48822888  0.51048175]  max|de|= -4.52e-06  lindep= 0.773
davidson 30 12  |r|= 0.00767  e= [ 0.11162875  0.11481431  0.18233602  0.48601688  0.48822872  0.5104782 ]  max|de|= -1.02e-05  lindep= 0.894
davidson 31 14  |r|= 0.000875  e= [ 0.11162875  0.1148141   0.18233599  0.48602197  0.48822819  0.51047798]  max|de|= 5.09e-06  lindep= 0.776
davidson 32 16  |r|= 0.000284  e= [ 0.11162875  0.11481408  0.18233601  0.48602339  0.48822836  0.51047952]  max|de|= 1.55e-06  lindep= 0.736
davidson 33 18  |r|= 0.000197  e= [ 0.11162874  0.11481408  0.18233601  0.48602857  0.48822878  0.51048492]  max|de|= 5.39e-06  lindep= 0.795
davidson 34 20  |r|= 0.000135  e= [ 0.11162877  0.11481416  0.182336    0.48602692  0.48822891  0.51048117]  max|de|= -3.75e-06  lindep= 0.876
davidson 35 22  |r|= 8.23e-05  e= [ 0.11162874  0.1148142   0.18233615  0.48602577  0.48822893  0.51048151]  max|de|= -1.15e-06  lindep= 0.76
davidson 36 24  |r|= 5.97e-05  e= [ 0.11162884  0.11481365  0.18233605  0.48602751  0.48822859  0.51048245]  max|de|= 1.75e-06  lindep= 0.677
davidson 37 26  |r|= 3.79e-05  e= [ 0.11162886  0.11481359  0.18233615  0.48602832  0.4882285   0.51048234]  max|de|= 8.1e-07  lindep= 0.64
davidson 38 28  |r|= 2.75e-05  e= [ 0.11162891  0.11481356  0.18233605  0.48602652  0.48822832  0.51048181]  max|de|= -1.8e-06  lindep= 0.541
root 5 converged  |r|= 4.45e-05  e= 0.510481792427  max|de|= -2.24e-08
davidson 39 30  |r|= 4.45e-05  e= [ 0.11162889  0.11481361  0.1823363   0.48602781  0.48822855  0.51048179]  max|de|= 1.29e-06  lindep= 0.901
davidson 40 31  |r|= 4.58e-06  e= [ 0.11162889  0.11481362  0.18233605  0.48602743  0.48822855  0.5104818 ]  max|de|= -3.82e-07  lindep= 0.863
root 3 converged  |r|= 2.15e-06  e= 0.486027441966  max|de|= 1.09e-08
converge 41 32  |r|= 2.15e-06  e= [ 0.11162889  0.11481389  0.18233641  0.48602744  0.48822854  0.5104818 ]  max|de|= 3.66e-07
EA root 0 E = 0.1116288907094668  qpwt = 0.989665
EA root 1 E = 0.1148138900958762  qpwt = 0.973621
EA root 2 E = 0.1823364134899449  qpwt = 0.968438
EA root 3 E = 0.4860274419660184  qpwt = 0.957441
EA root 4 E = 0.4882285382371034  qpwt = 0.966156
EA root 5 E = 0.5104818043314876  qpwt = 0.968597
    CPU time for EA-CCSD     41.39 sec, wall time     41.42 sec
