

******** <class 'pyscf.scf.hf.RHF'> flags ********
method = RHF
initial guess = minao
damping factor = 0
level shift factor = 0
Do DIIS = True
DIIS start cycle = 1
DIIS space = 8
SCF tol = 1e-09
SCF gradient tol = None
max. SCF cycles = 50
direct_scf = True
direct_scf_tol = 1e-13
chkfile to save SCF result = /tmp/tmpbeSPRL
max_memory 4000 MB (current use 39 MB)
Set gradient conv threshold to 3.16228e-05
Nelec from initial guess = 65.997
cond(S) = 4009.64643965
E_coul = 635.307838604558
init E= -971.164340078702
    CPU time for initialize scf     10.20 sec, wall time     10.60 sec
  HOMO = -0.118443249367207  LUMO = -0.0282942986612456
  mo_energy =
[ -4.04694582e+01  -4.04621898e+01  -4.04621885e+01  -4.04621885e+01
  -4.04621840e+01  -4.04621840e+01  -2.80901818e+00  -2.79952139e+00
  -2.79832273e+00  -2.79832273e+00  -2.79828044e+00  -2.79828044e+00
  -1.52572102e+00  -1.52572102e+00  -1.52475761e+00  -1.51797530e+00
  -1.51737802e+00  -1.51737802e+00  -1.51732841e+00  -1.51732841e+00
  -1.51692871e+00  -1.51692871e+00  -1.51665966e+00  -1.51665966e+00
  -1.51636704e+00  -1.51635745e+00  -1.51624713e+00  -1.51624713e+00
  -1.51613756e+00  -1.51613756e+00  -2.76106683e-01  -1.18443252e-01
  -1.18443249e-01  -2.82942987e-02  -1.40238426e-02  -1.40238422e-02
   4.99237446e-03   3.52570534e-02   3.52570538e-02   4.44009700e-02
   4.44009703e-02   5.45199647e-02   5.45199647e-02   5.45766802e-02
   6.64093054e-02   8.19343878e-02   8.19343879e-02   8.76457907e-02
   8.76457908e-02   8.92888978e-02   8.92888979e-02   9.93638451e-02
   1.07993951e-01   1.07993951e-01   1.26541254e-01   1.31915634e-01
   1.31915635e-01   1.37046069e-01   1.37046069e-01   1.42565157e-01
   1.76214104e-01   1.76214105e-01   1.92593139e-01   1.92593139e-01
   2.20449253e-01   2.21131890e-01   2.21131891e-01   2.28184588e-01
   2.30913745e-01   2.30913745e-01   2.55564774e-01   2.55564775e-01
   2.59772777e-01   2.61933045e-01   2.61933045e-01   2.97078942e-01
   2.97078943e-01   2.98550893e-01   2.98550893e-01   3.04357427e-01
   3.21335029e-01   3.29384825e-01   3.35396105e-01   3.35396106e-01
   3.45042659e-01   3.45042659e-01   3.47452899e-01   3.47452900e-01
   3.60149774e-01   3.60149776e-01   3.75859982e-01   3.75859983e-01
   4.03640594e-01   4.03640595e-01   4.17814641e-01   4.41913599e-01
   4.47638647e-01   4.47638648e-01   4.67161958e-01   4.67161959e-01
   5.03094074e-01   5.10066361e-01   5.10066366e-01   5.31104397e-01
   5.31104397e-01   6.01188605e-01   6.02218807e-01   6.02218809e-01
   1.23173909e+00   1.23173909e+00   1.23223603e+00   1.23223603e+00
   1.23717528e+00   1.23717528e+00   1.24293877e+00   1.24293877e+00
   1.25049493e+00   1.25049494e+00   1.25261153e+00   1.25261153e+00
   1.25350587e+00   1.25350587e+00   1.25394265e+00   1.25638153e+00
   1.26102651e+00   1.26911963e+00   1.27260194e+00   1.27368859e+00
   1.27368859e+00   1.29324240e+00   1.30584511e+00   1.30584511e+00
   1.32265072e+00   1.32265072e+00   1.32606786e+00   1.32606786e+00
   1.33432905e+00   1.33432905e+00   1.46883827e+00   1.47040226e+00
   1.47040226e+00   1.50080851e+00   1.50080851e+00   1.53183601e+00
   1.53276768e+00   1.53276768e+00   1.55269707e+00   1.55269707e+00
   1.55476433e+00   1.60602613e+00   1.60602613e+00   1.60829675e+00
   1.60829675e+00   1.72625918e+00   1.73330562e+00   1.73330562e+00
   3.83545345e+00   4.17079905e+00   4.17079906e+00   4.22707284e+00
   4.22707284e+00   4.36483320e+00   6.18273158e+00   6.18273158e+00
   6.18521522e+00   6.18521522e+00   6.18944750e+00   6.18944750e+00
   6.18948547e+00   6.18948547e+00   6.19086008e+00   6.19086008e+00
   6.19176947e+00   6.19434382e+00   6.19434382e+00   6.19523017e+00
   6.19523017e+00   6.19613596e+00   6.20095941e+00   6.20125421e+00
   6.20172184e+00   6.20208639e+00   6.20208639e+00   6.21350747e+00
   6.22128310e+00   6.22128311e+00   6.23290433e+00   6.23290433e+00
   6.23372143e+00   6.23372143e+00   6.24001338e+00   6.24001338e+00]
E_coul = 635.877396955629
cycle= 1 E= -971.121366194152  delta_E= 0.043  |g|= 0.0885  |ddm|= 1.63
    CPU time for cycle= 1      0.89 sec, wall time      0.88 sec
diis-norm(errvec)=0.214218
diis-c [-0.04588949  1.        ]
  HOMO = -0.150688929547647  LUMO = 0.00120061771977839
  mo_energy =
[ -4.04774545e+01  -4.04679679e+01  -4.04679679e+01  -4.04679664e+01
  -4.04679664e+01  -4.04679624e+01  -2.79209973e+00  -2.78456151e+00
  -2.78455250e+00  -2.78455250e+00  -2.78453742e+00  -2.78453742e+00
  -1.51343256e+00  -1.51343256e+00  -1.51321711e+00  -1.50533971e+00
  -1.50524161e+00  -1.50524161e+00  -1.50517059e+00  -1.50517059e+00
  -1.50507856e+00  -1.50505463e+00  -1.50505463e+00  -1.50503988e+00
  -1.50503988e+00  -1.50481735e+00  -1.50481735e+00  -1.50469911e+00
  -1.50469911e+00  -1.50456220e+00  -2.29977904e-01  -1.50688931e-01
  -1.50688930e-01   1.20061772e-03   4.67418059e-03   4.67418080e-03
   1.92932072e-02   4.19181179e-02   4.19181185e-02   4.95264488e-02
   4.95264492e-02   5.93481819e-02   5.93481819e-02   6.19432602e-02
   7.60956848e-02   8.69852295e-02   8.69852297e-02   9.53679208e-02
   9.53679210e-02   9.55074514e-02   9.55074515e-02   1.11542651e-01
   1.11542651e-01   1.12113301e-01   1.39200225e-01   1.39200226e-01
   1.43463809e-01   1.44283834e-01   1.47116661e-01   1.47116662e-01
   1.92160744e-01   1.92160745e-01   2.06159215e-01   2.06159215e-01
   2.34689051e-01   2.36096142e-01   2.36096143e-01   2.42771491e-01
   2.47789725e-01   2.47789725e-01   2.69115502e-01   2.69115504e-01
   2.72580624e-01   2.73409568e-01   2.73409568e-01   3.08016290e-01
   3.08016290e-01   3.12296739e-01   3.12296739e-01   3.16825282e-01
   3.28478966e-01   3.40337781e-01   3.50741770e-01   3.50741771e-01
   3.55772303e-01   3.55772304e-01   3.59292561e-01   3.59292561e-01
   3.72348165e-01   3.72348166e-01   3.92503043e-01   3.92503043e-01
   4.17911936e-01   4.17911937e-01   4.29832247e-01   4.72465471e-01
   4.74506075e-01   4.74506076e-01   4.81396493e-01   4.81396495e-01
   5.25635197e-01   5.33502156e-01   5.33502160e-01   5.49767729e-01
   5.49767729e-01   6.23658533e-01   6.32679140e-01   6.32679143e-01
   1.25095045e+00   1.25095045e+00   1.25442159e+00   1.25442159e+00
   1.25558048e+00   1.25558048e+00   1.26222267e+00   1.26222267e+00
   1.26990278e+00   1.26990278e+00   1.27132354e+00   1.27132354e+00
   1.27150071e+00   1.27203255e+00   1.27203255e+00   1.27308097e+00
   1.27788932e+00   1.28771792e+00   1.29092986e+00   1.29120432e+00
   1.29120432e+00   1.31346117e+00   1.32138705e+00   1.32138705e+00
   1.33564867e+00   1.33564867e+00   1.34298609e+00   1.34298609e+00
   1.34883999e+00   1.34883999e+00   1.48515230e+00   1.48606171e+00
   1.48606171e+00   1.51906522e+00   1.51906522e+00   1.55040784e+00
   1.55579799e+00   1.55579799e+00   1.57167287e+00   1.57288808e+00
   1.57288808e+00   1.62434596e+00   1.62434597e+00   1.62618156e+00
   1.62618156e+00   1.74505190e+00   1.75856241e+00   1.75856241e+00
   3.84961614e+00   4.18584853e+00   4.18584854e+00   4.24283689e+00
   4.24283689e+00   4.38157577e+00   6.19441552e+00   6.19441552e+00
   6.19709761e+00   6.19709761e+00   6.20112676e+00   6.20112676e+00
   6.20117703e+00   6.20117703e+00   6.20257851e+00   6.20257851e+00
   6.20327926e+00   6.20596195e+00   6.20596195e+00   6.20711945e+00
   6.20711945e+00   6.20763402e+00   6.21268556e+00   6.21299416e+00
   6.21384852e+00   6.21384852e+00   6.21385070e+00   6.22501213e+00
   6.23330261e+00   6.23330261e+00   6.24496165e+00   6.24496165e+00
   6.24594145e+00   6.24594145e+00   6.25159930e+00   6.25159930e+00]
E_coul = 636.434101262125
cycle= 2 E= -971.125945400949  delta_E= -0.00458  |g|= 0.0272  |ddm|= 0.277
    CPU time for cycle= 2      0.89 sec, wall time      0.89 sec
diis-norm(errvec)=0.0779065
diis-c [-0.00516027 -0.17564679  1.17564679]
  HOMO = -0.14958687955869  LUMO = 0.00484210537887176
  mo_energy =
[ -4.04526546e+01  -4.04526546e+01  -4.04526531e+01  -4.04526531e+01
  -4.04526490e+01  -4.04489084e+01  -2.77684828e+00  -2.77683708e+00
  -2.77683707e+00  -2.77682201e+00  -2.77682201e+00  -2.77586701e+00
  -1.49823680e+00  -1.49823680e+00  -1.49810335e+00  -1.49759015e+00
  -1.49759015e+00  -1.49751429e+00  -1.49750620e+00  -1.49750620e+00
  -1.49739348e+00  -1.49739348e+00  -1.49735432e+00  -1.49735432e+00
  -1.49725542e+00  -1.49713459e+00  -1.49713459e+00  -1.49707311e+00
  -1.49707311e+00  -1.49696606e+00  -2.26510964e-01  -1.49586881e-01
  -1.49586880e-01   4.84210538e-03   6.63069929e-03   6.63069948e-03
   2.18875779e-02   4.25041585e-02   4.25041589e-02   5.11693531e-02
   5.11693534e-02   5.98951449e-02   5.98951450e-02   6.46547428e-02
   7.83027004e-02   8.79661756e-02   8.79661758e-02   9.55434849e-02
   9.55434850e-02   9.68380559e-02   9.68380559e-02   1.12234756e-01
   1.12234756e-01   1.13973773e-01   1.42420600e-01   1.42420600e-01
   1.43518034e-01   1.47233523e-01   1.48436947e-01   1.48436948e-01
   1.95393399e-01   1.95393400e-01   2.08054440e-01   2.08054441e-01
   2.38278503e-01   2.38393765e-01   2.38393766e-01   2.45946712e-01
   2.50386275e-01   2.50386275e-01   2.71290726e-01   2.71290728e-01
   2.75521341e-01   2.75637297e-01   2.75637297e-01   3.09694424e-01
   3.09694425e-01   3.14524961e-01   3.14524962e-01   3.19794772e-01
   3.29971671e-01   3.41665175e-01   3.53222598e-01   3.53222600e-01
   3.58378318e-01   3.58378319e-01   3.61196672e-01   3.61196672e-01
   3.74691216e-01   3.74691217e-01   3.95158749e-01   3.95158749e-01
   4.22796649e-01   4.22796651e-01   4.32051765e-01   4.75060778e-01
   4.76809916e-01   4.76809917e-01   4.83918160e-01   4.83918162e-01
   5.31675760e-01   5.36447751e-01   5.36447755e-01   5.56426715e-01
   5.56426715e-01   6.26807891e-01   6.38004616e-01   6.38004619e-01
   1.25489029e+00   1.25489029e+00   1.25912102e+00   1.25912102e+00
   1.25964808e+00   1.25964808e+00   1.26618137e+00   1.26618137e+00
   1.27376582e+00   1.27376582e+00   1.27457878e+00   1.27457878e+00
   1.27535001e+00   1.27656887e+00   1.27728621e+00   1.27728621e+00
   1.28293767e+00   1.29144494e+00   1.29467502e+00   1.29491248e+00
   1.29491248e+00   1.31944470e+00   1.32623661e+00   1.32623661e+00
   1.34282243e+00   1.34282243e+00   1.34920603e+00   1.34920603e+00
   1.35343275e+00   1.35343275e+00   1.49033826e+00   1.49062084e+00
   1.49062084e+00   1.52385044e+00   1.52385044e+00   1.55999450e+00
   1.56092425e+00   1.56092425e+00   1.57728232e+00   1.57790895e+00
   1.57790895e+00   1.62948208e+00   1.62948208e+00   1.63133617e+00
   1.63133617e+00   1.75012627e+00   1.76860204e+00   1.76860204e+00
   3.85778721e+00   4.19258362e+00   4.19258363e+00   4.24949227e+00
   4.24949228e+00   4.39428237e+00   6.20186580e+00   6.20186580e+00
   6.20673793e+00   6.20673793e+00   6.20844494e+00   6.20844494e+00
   6.20994781e+00   6.20994781e+00   6.21000553e+00   6.21000553e+00
   6.21258047e+00   6.21373961e+00   6.21373961e+00   6.21637480e+00
   6.21637480e+00   6.21696808e+00   6.22022707e+00   6.22038789e+00
   6.22116762e+00   6.22174005e+00   6.22174005e+00   6.23584523e+00
   6.24081871e+00   6.24081871e+00   6.25318030e+00   6.25318030e+00
   6.25654995e+00   6.25654995e+00   6.26384239e+00   6.26384239e+00]
E_coul = 636.383674773714
cycle= 3 E= -971.126713356371  delta_E= -0.000768  |g|= 0.0101  |ddm|= 0.124
    CPU time for cycle= 3      0.88 sec, wall time      0.89 sec
diis-norm(errvec)=0.0287655
diis-c [ -3.32075313e-04  -8.92956142e-02  -1.40010407e-01   1.22930602e+00]
  HOMO = -0.14937708560492  LUMO = 0.0060104223505202
  mo_energy =
[ -4.04599772e+01  -4.04564939e+01  -4.04564939e+01  -4.04564924e+01
  -4.04564923e+01  -4.04564883e+01  -2.78084042e+00  -2.77712833e+00
  -2.77711926e+00  -2.77711926e+00  -2.77710430e+00  -2.77710430e+00
  -1.50296124e+00  -1.50296124e+00  -1.50266643e+00  -1.49812250e+00
  -1.49800729e+00  -1.49800729e+00  -1.49790179e+00  -1.49790179e+00
  -1.49780493e+00  -1.49775148e+00  -1.49775148e+00  -1.49772456e+00
  -1.49772456e+00  -1.49763545e+00  -1.49763545e+00  -1.49741980e+00
  -1.49741980e+00  -1.49726088e+00  -2.25219807e-01  -1.49377087e-01
  -1.49377086e-01   6.01042235e-03   7.40309175e-03   7.40309194e-03
   2.27229234e-02   4.28497063e-02   4.28497067e-02   5.14510660e-02
   5.14510663e-02   6.01975308e-02   6.01975308e-02   6.47417330e-02
   7.88227422e-02   8.83626759e-02   8.83626761e-02   9.60804922e-02
   9.60804923e-02   9.72937419e-02   9.72937419e-02   1.12511777e-01
   1.12511777e-01   1.14802212e-01   1.42556974e-01   1.42556975e-01
   1.43621125e-01   1.48253556e-01   1.48939666e-01   1.48939666e-01
   1.95929830e-01   1.95929831e-01   2.08917029e-01   2.08917029e-01
   2.38818584e-01   2.39256926e-01   2.39256927e-01   2.46348219e-01
   2.51502379e-01   2.51502379e-01   2.72255837e-01   2.72255839e-01
   2.75999829e-01   2.76480143e-01   2.76480143e-01   3.10398149e-01
   3.10398149e-01   3.15226196e-01   3.15226197e-01   3.20460424e-01
   3.30678659e-01   3.42479700e-01   3.54018405e-01   3.54018406e-01
   3.58836558e-01   3.58836559e-01   3.62186135e-01   3.62186135e-01
   3.75692275e-01   3.75692276e-01   3.96059511e-01   3.96059511e-01
   4.23058073e-01   4.23058075e-01   4.33085438e-01   4.76024819e-01
   4.78043872e-01   4.78043872e-01   4.85105932e-01   4.85105934e-01
   5.31983345e-01   5.37874884e-01   5.37874889e-01   5.56675653e-01
   5.56675653e-01   6.28315844e-01   6.38709108e-01   6.38709111e-01
   1.25618296e+00   1.25618296e+00   1.26002936e+00   1.26002936e+00
   1.26044688e+00   1.26044689e+00   1.26729252e+00   1.26729252e+00
   1.27506386e+00   1.27506386e+00   1.27566332e+00   1.27566332e+00
   1.27613374e+00   1.27773408e+00   1.27777235e+00   1.27777235e+00
   1.28304328e+00   1.29276424e+00   1.29579516e+00   1.29579516e+00
   1.29600543e+00   1.31888175e+00   1.32687321e+00   1.32687321e+00
   1.34198494e+00   1.34198494e+00   1.34925916e+00   1.34925916e+00
   1.35379389e+00   1.35379389e+00   1.49098250e+00   1.49138402e+00
   1.49138402e+00   1.52472646e+00   1.52472646e+00   1.55794620e+00
   1.56215692e+00   1.56215692e+00   1.57751394e+00   1.57860760e+00
   1.57860760e+00   1.63042966e+00   1.63042967e+00   1.63191533e+00
   1.63191533e+00   1.75110734e+00   1.76668494e+00   1.76668494e+00
   3.85716063e+00   4.19271158e+00   4.19271159e+00   4.24966733e+00
   4.24966733e+00   4.39121429e+00   6.20166428e+00   6.20166428e+00
   6.20525644e+00   6.20525644e+00   6.20826221e+00   6.20826221e+00
   6.20909164e+00   6.20909164e+00   6.20971747e+00   6.20971747e+00
   6.21148164e+00   6.21323425e+00   6.21323425e+00   6.21511451e+00
   6.21511451e+00   6.21532427e+00   6.21996373e+00   6.22021708e+00
   6.22099841e+00   6.22110236e+00   6.22110236e+00   6.23329813e+00
   6.24056014e+00   6.24056014e+00   6.25297310e+00   6.25297310e+00
   6.25392140e+00   6.25392140e+00   6.26062919e+00   6.26062919e+00]
E_coul = 636.472760634118
cycle= 4 E= -971.126820995869  delta_E= -0.000108  |g|= 0.00257  |ddm|= 0.0538
    CPU time for cycle= 4      0.88 sec, wall time      0.89 sec
diis-norm(errvec)=0.0067635
diis-c [ -2.17859777e-05   2.81299852e-02  -7.35576108e-02  -1.21532848e-01
   1.16696047e+00]
  HOMO = -0.149440552821739  LUMO = 0.00606083945232673
  mo_energy =
[ -4.04578162e+01  -4.04548629e+01  -4.04548629e+01  -4.04548614e+01
  -4.04548613e+01  -4.04548573e+01  -2.78063883e+00  -2.77648817e+00
  -2.77647903e+00  -2.77647903e+00  -2.77646398e+00  -2.77646398e+00
  -1.50279732e+00  -1.50279732e+00  -1.50248044e+00  -1.49747509e+00
  -1.49736108e+00  -1.49736108e+00  -1.49725063e+00  -1.49725063e+00
  -1.49714439e+00  -1.49709227e+00  -1.49709227e+00  -1.49707440e+00
  -1.49707440e+00  -1.49697259e+00  -1.49697259e+00  -1.49676622e+00
  -1.49676622e+00  -1.49660705e+00  -2.25033328e-01  -1.49440554e-01
  -1.49440553e-01   6.06083945e-03   7.44467825e-03   7.44467844e-03
   2.27389769e-02   4.28118636e-02   4.28118640e-02   5.14573013e-02
   5.14573017e-02   6.02183318e-02   6.02183318e-02   6.46451298e-02
   7.87987173e-02   8.83776383e-02   8.83776385e-02   9.61091469e-02
   9.61091470e-02   9.73147937e-02   9.73147938e-02   1.12524562e-01
   1.12524562e-01   1.14797230e-01   1.42463725e-01   1.42463725e-01
   1.43637777e-01   1.48257961e-01   1.48935057e-01   1.48935058e-01
   1.95841607e-01   1.95841608e-01   2.08959798e-01   2.08959798e-01
   2.38709834e-01   2.39287180e-01   2.39287181e-01   2.46233103e-01
   2.51513141e-01   2.51513141e-01   2.72292592e-01   2.72292593e-01
   2.75918317e-01   2.76523275e-01   2.76523275e-01   3.10380367e-01
   3.10380367e-01   3.15217256e-01   3.15217256e-01   3.20384418e-01
   3.30744729e-01   3.42513185e-01   3.53975211e-01   3.53975212e-01
   3.58763604e-01   3.58763605e-01   3.62201619e-01   3.62201619e-01
   3.75761989e-01   3.75761990e-01   3.96001900e-01   3.96001900e-01
   4.22859755e-01   4.22859756e-01   4.33154436e-01   4.75862466e-01
   4.78029110e-01   4.78029110e-01   4.85173593e-01   4.85173595e-01
   5.31761022e-01   5.37899784e-01   5.37899788e-01   5.56438990e-01
   5.56438990e-01   6.28401197e-01   6.38545372e-01   6.38545375e-01
   1.25633617e+00   1.25633617e+00   1.25993738e+00   1.25993738e+00
   1.26060947e+00   1.26060947e+00   1.26741573e+00   1.26741573e+00
   1.27522180e+00   1.27522180e+00   1.27579640e+00   1.27579640e+00
   1.27618249e+00   1.27772514e+00   1.27772514e+00   1.27788310e+00
   1.28293971e+00   1.29293487e+00   1.29587804e+00   1.29587804e+00
   1.29618813e+00   1.31858691e+00   1.32689536e+00   1.32689537e+00
   1.34174997e+00   1.34174997e+00   1.34910438e+00   1.34910438e+00
   1.35381754e+00   1.35381754e+00   1.49128833e+00   1.49170417e+00
   1.49170417e+00   1.52504721e+00   1.52504721e+00   1.55770374e+00
   1.56248450e+00   1.56248451e+00   1.57770723e+00   1.57884266e+00
   1.57884266e+00   1.63074714e+00   1.63074715e+00   1.63214200e+00
   1.63214200e+00   1.75143391e+00   1.76642365e+00   1.76642365e+00
   3.85758577e+00   4.19322395e+00   4.19322396e+00   4.25018132e+00
   4.25018132e+00   4.39134524e+00   6.20228227e+00   6.20228227e+00
   6.20571590e+00   6.20571590e+00   6.20888340e+00   6.20888340e+00
   6.20960737e+00   6.20960737e+00   6.21032961e+00   6.21032961e+00
   6.21194233e+00   6.21382316e+00   6.21382316e+00   6.21561475e+00
   6.21561475e+00   6.21580764e+00   6.22057604e+00   6.22083823e+00
   6.22161471e+00   6.22167845e+00   6.22167845e+00   6.23369300e+00
   6.24116507e+00   6.24116508e+00   6.25356432e+00   6.25356432e+00
   6.25430441e+00   6.25430441e+00   6.26092801e+00   6.26092801e+00]
E_coul = 636.454302575751
cycle= 5 E= -971.126825434173  delta_E= -4.44e-06  |g|= 0.00065  |ddm|= 0.00775
    CPU time for cycle= 5      0.88 sec, wall time      0.88 sec
diis-norm(errvec)=0.00179435
diis-c [ -1.26222172e-06   8.26886616e-03   1.00757405e-02  -8.36418646e-02
  -7.91780552e-02   1.14447531e+00]
  HOMO = -0.149516753821442  LUMO = 0.0060397503196972
  mo_energy =
[ -4.04586554e+01  -4.04552265e+01  -4.04552265e+01  -4.04552250e+01
  -4.04552250e+01  -4.04552210e+01  -2.78105450e+00  -2.77666286e+00
  -2.77665370e+00  -2.77665370e+00  -2.77663865e+00  -2.77663865e+00
  -1.50321558e+00  -1.50321558e+00  -1.50290626e+00  -1.49764564e+00
  -1.49753287e+00  -1.49753287e+00  -1.49742154e+00  -1.49742154e+00
  -1.49731473e+00  -1.49726270e+00  -1.49726270e+00  -1.49724416e+00
  -1.49724416e+00  -1.49714373e+00  -1.49714373e+00  -1.49693838e+00
  -1.49693838e+00  -1.49677940e+00  -2.25066886e-01  -1.49516755e-01
  -1.49516754e-01   6.03975032e-03   7.41939504e-03   7.41939522e-03
   2.27053261e-02   4.27800990e-02   4.27800994e-02   5.14557127e-02
   5.14557131e-02   6.02104480e-02   6.02104480e-02   6.46356851e-02
   7.87778570e-02   8.83664766e-02   8.83664768e-02   9.60890994e-02
   9.60890995e-02   9.73008708e-02   9.73008708e-02   1.12518790e-01
   1.12518790e-01   1.14757990e-01   1.42450435e-01   1.42450436e-01
   1.43638059e-01   1.48205815e-01   1.48900451e-01   1.48900451e-01
   1.95788617e-01   1.95788618e-01   2.08921482e-01   2.08921482e-01
   2.38662423e-01   2.39250037e-01   2.39250038e-01   2.46187843e-01
   2.51463186e-01   2.51463186e-01   2.72252367e-01   2.72252368e-01
   2.75878542e-01   2.76496362e-01   2.76496362e-01   3.10341680e-01
   3.10341680e-01   3.15177160e-01   3.15177161e-01   3.20335986e-01
   3.30725631e-01   3.42482278e-01   3.53926137e-01   3.53926138e-01
   3.58729412e-01   3.58729413e-01   3.62157109e-01   3.62157109e-01
   3.75740367e-01   3.75740368e-01   3.95946190e-01   3.95946191e-01
   4.22809763e-01   4.22809764e-01   4.33131803e-01   4.75747343e-01
   4.77953810e-01   4.77953811e-01   4.85121015e-01   4.85121017e-01
   5.31658585e-01   5.37819595e-01   5.37819599e-01   5.56381950e-01
   5.56381951e-01   6.28335227e-01   6.38429061e-01   6.38429064e-01
   1.25626249e+00   1.25626249e+00   1.25981833e+00   1.25981833e+00
   1.26053813e+00   1.26053813e+00   1.26734174e+00   1.26734174e+00
   1.27514794e+00   1.27514794e+00   1.27572498e+00   1.27572499e+00
   1.27610049e+00   1.27762490e+00   1.27762490e+00   1.27781230e+00
   1.28283753e+00   1.29286040e+00   1.29579973e+00   1.29579973e+00
   1.29612188e+00   1.31843780e+00   1.32680665e+00   1.32680665e+00
   1.34163955e+00   1.34163955e+00   1.34899174e+00   1.34899174e+00
   1.35373589e+00   1.35373589e+00   1.49118951e+00   1.49160448e+00
   1.49160448e+00   1.52494212e+00   1.52494212e+00   1.55745990e+00
   1.56236513e+00   1.56236514e+00   1.57758135e+00   1.57872242e+00
   1.57872243e+00   1.63063838e+00   1.63063839e+00   1.63202917e+00
   1.63202917e+00   1.75132706e+00   1.76616325e+00   1.76616325e+00
   3.85739356e+00   4.19306994e+00   4.19306995e+00   4.25002416e+00
   4.25002417e+00   4.39102331e+00   6.20211671e+00   6.20211671e+00
   6.20547551e+00   6.20547551e+00   6.20871962e+00   6.20871962e+00
   6.20939519e+00   6.20939519e+00   6.21016448e+00   6.21016448e+00
   6.21169957e+00   6.21364625e+00   6.21364625e+00   6.21539730e+00
   6.21539730e+00   6.21558339e+00   6.22040934e+00   6.22067503e+00
   6.22144829e+00   6.22149591e+00   6.22149591e+00   6.23342761e+00
   6.24099472e+00   6.24099472e+00   6.25338232e+00   6.25338232e+00
   6.25403899e+00   6.25403899e+00   6.26061656e+00   6.26061656e+00]
E_coul = 636.458232511323
cycle= 6 E= -971.126825741277  delta_E= -3.07e-07  |g|= 0.000136  |ddm|= 0.00236
    CPU time for cycle= 6      0.89 sec, wall time      0.89 sec
diis-norm(errvec)=0.000352429
diis-c [ -5.48081408e-08  -1.42107775e-03   1.98278900e-03   9.93382438e-03
  -5.84967016e-02  -5.77677242e-02   1.10576889e+00]
  HOMO = -0.149507543681762  LUMO = 0.00605908365100377
  mo_energy =
[ -4.04584685e+01  -4.04551481e+01  -4.04551481e+01  -4.04551466e+01
  -4.04551466e+01  -4.04551425e+01  -2.78094681e+00  -2.77661901e+00
  -2.77660986e+00  -2.77660986e+00  -2.77659482e+00  -2.77659482e+00
  -1.50310911e+00  -1.50310911e+00  -1.50280166e+00  -1.49760016e+00
  -1.49748736e+00  -1.49748736e+00  -1.49737746e+00  -1.49737746e+00
  -1.49727199e+00  -1.49721983e+00  -1.49721983e+00  -1.49719994e+00
  -1.49719994e+00  -1.49710086e+00  -1.49710086e+00  -1.49689500e+00
  -1.49689500e+00  -1.49673614e+00  -2.25045397e-01  -1.49507545e-01
  -1.49507544e-01   6.05908365e-03   7.42848214e-03   7.42848232e-03
   2.27176993e-02   4.27893993e-02   4.27893997e-02   5.14650959e-02
   5.14650963e-02   6.02173430e-02   6.02173430e-02   6.46509174e-02
   7.87900689e-02   8.83727659e-02   8.83727661e-02   9.60963217e-02
   9.60963218e-02   9.73046456e-02   9.73046456e-02   1.12522640e-01
   1.12522640e-01   1.14774908e-01   1.42465105e-01   1.42465106e-01
   1.43638592e-01   1.48227438e-01   1.48910254e-01   1.48910254e-01
   1.95808129e-01   1.95808130e-01   2.08932727e-01   2.08932727e-01
   2.38685205e-01   2.39265517e-01   2.39265518e-01   2.46213428e-01
   2.51479854e-01   2.51479854e-01   2.72264245e-01   2.72264246e-01
   2.75900055e-01   2.76508620e-01   2.76508620e-01   3.10358454e-01
   3.10358455e-01   3.15192407e-01   3.15192407e-01   3.20355249e-01
   3.30731857e-01   3.42498042e-01   3.53946259e-01   3.53946260e-01
   3.58744984e-01   3.58744985e-01   3.62173195e-01   3.62173195e-01
   3.75751881e-01   3.75751882e-01   3.95968981e-01   3.95968981e-01
   4.22835786e-01   4.22835787e-01   4.33142816e-01   4.75784791e-01
   4.77977899e-01   4.77977899e-01   4.85137398e-01   4.85137400e-01
   5.31696887e-01   5.37841064e-01   5.37841068e-01   5.56412128e-01
   5.56412128e-01   6.28354312e-01   6.38466132e-01   6.38466135e-01
   1.25628704e+00   1.25628704e+00   1.25985565e+00   1.25985565e+00
   1.26056174e+00   1.26056174e+00   1.26736879e+00   1.26736879e+00
   1.27517300e+00   1.27517300e+00   1.27575073e+00   1.27575073e+00
   1.27613042e+00   1.27765749e+00   1.27765749e+00   1.27783428e+00
   1.28287351e+00   1.29288419e+00   1.29582793e+00   1.29582793e+00
   1.29614407e+00   1.31848370e+00   1.32683531e+00   1.32683531e+00
   1.34168075e+00   1.34168075e+00   1.34903027e+00   1.34903027e+00
   1.35376300e+00   1.35376300e+00   1.49122063e+00   1.49163488e+00
   1.49163488e+00   1.52497332e+00   1.52497332e+00   1.55752817e+00
   1.56239534e+00   1.56239535e+00   1.57761846e+00   1.57875685e+00
   1.57875685e+00   1.63066722e+00   1.63066723e+00   1.63206294e+00
   1.63206294e+00   1.75135530e+00   1.76623468e+00   1.76623468e+00
   3.85744335e+00   4.19310904e+00   4.19310905e+00   4.25006375e+00
   4.25006375e+00   4.39110851e+00   6.20215942e+00   6.20215942e+00
   6.20553727e+00   6.20553727e+00   6.20876203e+00   6.20876203e+00
   6.20945079e+00   6.20945079e+00   6.21020751e+00   6.21020751e+00
   6.21176254e+00   6.21369224e+00   6.21369224e+00   6.21545338e+00
   6.21545338e+00   6.21564148e+00   6.22045213e+00   6.22071708e+00
   6.22149073e+00   6.22154348e+00   6.22154348e+00   6.23349582e+00
   6.24103827e+00   6.24103828e+00   6.25342936e+00   6.25342936e+00
   6.25410698e+00   6.25410698e+00   6.26069651e+00   6.26069651e+00]
E_coul = 636.45731573896
cycle= 7 E= -971.12682575566  delta_E= -1.44e-08  |g|= 2.29e-05  |ddm|= 0.000543
    CPU time for cycle= 7      0.89 sec, wall time      0.88 sec
diis-norm(errvec)=7.61693e-05
diis-c [ -1.95455993e-09  -9.70871520e-06  -1.19883105e-03   2.56922074e-03
   1.49103541e-02  -5.21546968e-02  -1.42485797e-01   1.17836946e+00]
  HOMO = -0.149508874820421  LUMO = 0.0060587402275663
  mo_energy =
[ -4.04584833e+01  -4.04551517e+01  -4.04551517e+01  -4.04551501e+01
  -4.04551501e+01  -4.04551461e+01  -2.78095466e+00  -2.77662114e+00
  -2.77661199e+00  -2.77661199e+00  -2.77659695e+00  -2.77659695e+00
  -1.50311696e+00  -1.50311696e+00  -1.50280954e+00  -1.49760241e+00
  -1.49748962e+00  -1.49748962e+00  -1.49737956e+00  -1.49737956e+00
  -1.49727444e+00  -1.49722226e+00  -1.49722226e+00  -1.49720206e+00
  -1.49720206e+00  -1.49710332e+00  -1.49710332e+00  -1.49689708e+00
  -1.49689708e+00  -1.49673819e+00  -2.25048109e-01  -1.49508876e-01
  -1.49508875e-01   6.05874023e-03   7.42774740e-03   7.42774758e-03
   2.27155785e-02   4.27882937e-02   4.27882941e-02   5.14650131e-02
   5.14650134e-02   6.02175657e-02   6.02175657e-02   6.46507427e-02
   7.87893363e-02   8.83724147e-02   8.83724149e-02   9.60956248e-02
   9.60956249e-02   9.73040633e-02   9.73040634e-02   1.12522650e-01
   1.12522650e-01   1.14773312e-01   1.42464591e-01   1.42464592e-01
   1.43638961e-01   1.48225600e-01   1.48909323e-01   1.48909324e-01
   1.95806368e-01   1.95806369e-01   2.08931396e-01   2.08931396e-01
   2.38683871e-01   2.39263992e-01   2.39263993e-01   2.46212718e-01
   2.51477844e-01   2.51477844e-01   2.72262839e-01   2.72262840e-01
   2.75899273e-01   2.76507898e-01   2.76507898e-01   3.10357918e-01
   3.10357918e-01   3.15191558e-01   3.15191558e-01   3.20354347e-01
   3.30731800e-01   3.42497439e-01   3.53945048e-01   3.53945049e-01
   3.58744797e-01   3.58744798e-01   3.62171967e-01   3.62171967e-01
   3.75750835e-01   3.75750836e-01   3.95967523e-01   3.95967524e-01
   4.22834756e-01   4.22834757e-01   4.33141738e-01   4.75781274e-01
   4.77975567e-01   4.77975568e-01   4.85135703e-01   4.85135705e-01
   5.31694245e-01   5.37838271e-01   5.37838275e-01   5.56410482e-01
   5.56410482e-01   6.28351770e-01   6.38462318e-01   6.38462320e-01
   1.25628513e+00   1.25628513e+00   1.25985320e+00   1.25985320e+00
   1.26056006e+00   1.26056006e+00   1.26736708e+00   1.26736708e+00
   1.27517127e+00   1.27517127e+00   1.27574949e+00   1.27574949e+00
   1.27612941e+00   1.27765568e+00   1.27765568e+00   1.27783322e+00
   1.28287203e+00   1.29288219e+00   1.29582679e+00   1.29582679e+00
   1.29614224e+00   1.31848099e+00   1.32683387e+00   1.32683387e+00
   1.34167957e+00   1.34167957e+00   1.34902864e+00   1.34902864e+00
   1.35376210e+00   1.35376210e+00   1.49121847e+00   1.49163289e+00
   1.49163289e+00   1.52497089e+00   1.52497089e+00   1.55752351e+00
   1.56239205e+00   1.56239205e+00   1.57761641e+00   1.57875452e+00
   1.57875453e+00   1.63066484e+00   1.63066484e+00   1.63206100e+00
   1.63206100e+00   1.75135276e+00   1.76622897e+00   1.76622897e+00
   3.85744029e+00   4.19310661e+00   4.19310662e+00   4.25006121e+00
   4.25006121e+00   4.39110231e+00   6.20215717e+00   6.20215717e+00
   6.20553337e+00   6.20553337e+00   6.20875986e+00   6.20875986e+00
   6.20944751e+00   6.20944751e+00   6.21020533e+00   6.21020533e+00
   6.21175862e+00   6.21368979e+00   6.21368979e+00   6.21544994e+00
   6.21544994e+00   6.21563801e+00   6.22044985e+00   6.22071488e+00
   6.22148852e+00   6.22154094e+00   6.22154094e+00   6.23349141e+00
   6.24103595e+00   6.24103595e+00   6.25342676e+00   6.25342676e+00
   6.25410248e+00   6.25410248e+00   6.26069102e+00   6.26069102e+00]
E_coul = 636.457473918326
cycle= 8 E= -971.126825756321  delta_E= -6.61e-10  |g|= 4.04e-06  |ddm|= 0.000202
    CPU time for cycle= 8      0.88 sec, wall time      0.89 sec
  HOMO = -0.149508058614338  LUMO = 0.00605923908886534
  mo_energy =
[ -4.04584804e+01  -4.04551514e+01  -4.04551514e+01  -4.04551499e+01
  -4.04551499e+01  -4.04551459e+01  -2.78095239e+00  -2.77662050e+00
  -2.77661135e+00  -2.77661135e+00  -2.77659630e+00  -2.77659630e+00
  -1.50311477e+00  -1.50311477e+00  -1.50280723e+00  -1.49760174e+00
  -1.49748894e+00  -1.49748894e+00  -1.49737888e+00  -1.49737888e+00
  -1.49727378e+00  -1.49722160e+00  -1.49722160e+00  -1.49720139e+00
  -1.49720139e+00  -1.49710265e+00  -1.49710265e+00  -1.49689638e+00
  -1.49689638e+00  -1.49673749e+00  -2.25047340e-01  -1.49508060e-01
  -1.49508059e-01   6.05923909e-03   7.42805453e-03   7.42805471e-03
   2.27158779e-02   4.27885074e-02   4.27885078e-02   5.14653288e-02
   5.14653291e-02   6.02177977e-02   6.02177977e-02   6.46510169e-02
   7.87895943e-02   8.83725591e-02   8.83725593e-02   9.60957349e-02
   9.60957351e-02   9.73041583e-02   9.73041583e-02   1.12522753e-01
   1.12522753e-01   1.14773730e-01   1.42464972e-01   1.42464972e-01
   1.43639016e-01   1.48226251e-01   1.48909717e-01   1.48909717e-01
   1.95807022e-01   1.95807023e-01   2.08931839e-01   2.08931839e-01
   2.38684426e-01   2.39264510e-01   2.39264511e-01   2.46213320e-01
   2.51478395e-01   2.51478395e-01   2.72263265e-01   2.72263266e-01
   2.75899943e-01   2.76508256e-01   2.76508256e-01   3.10358395e-01
   3.10358396e-01   3.15192090e-01   3.15192090e-01   3.20354819e-01
   3.30732028e-01   3.42497860e-01   3.53945698e-01   3.53945699e-01
   3.58745210e-01   3.58745211e-01   3.62172540e-01   3.62172540e-01
   3.75751202e-01   3.75751204e-01   3.95968201e-01   3.95968201e-01
   4.22835505e-01   4.22835506e-01   4.33142058e-01   4.75782601e-01
   4.77976456e-01   4.77976456e-01   4.85136277e-01   4.85136279e-01
   5.31695417e-01   5.37839084e-01   5.37839088e-01   5.56411452e-01
   5.56411452e-01   6.28352491e-01   6.38463664e-01   6.38463667e-01
   1.25628585e+00   1.25628585e+00   1.25985436e+00   1.25985436e+00
   1.26056078e+00   1.26056078e+00   1.26736786e+00   1.26736786e+00
   1.27517203e+00   1.27517203e+00   1.27575024e+00   1.27575024e+00
   1.27613029e+00   1.27765666e+00   1.27765666e+00   1.27783394e+00
   1.28287308e+00   1.29288287e+00   1.29582763e+00   1.29582763e+00
   1.29614290e+00   1.31848232e+00   1.32683468e+00   1.32683468e+00
   1.34168068e+00   1.34168068e+00   1.34902970e+00   1.34902970e+00
   1.35376289e+00   1.35376289e+00   1.49121924e+00   1.49163359e+00
   1.49163359e+00   1.52497164e+00   1.52497164e+00   1.55752532e+00
   1.56239291e+00   1.56239291e+00   1.57761734e+00   1.57875543e+00
   1.57875543e+00   1.63066558e+00   1.63066559e+00   1.63206188e+00
   1.63206188e+00   1.75135346e+00   1.76623088e+00   1.76623088e+00
   3.85744124e+00   4.19310734e+00   4.19310735e+00   4.25006195e+00
   4.25006196e+00   4.39110419e+00   6.20215783e+00   6.20215783e+00
   6.20553454e+00   6.20553454e+00   6.20876051e+00   6.20876051e+00
   6.20944850e+00   6.20944850e+00   6.21020601e+00   6.21020601e+00
   6.21175981e+00   6.21369054e+00   6.21369054e+00   6.21545095e+00
   6.21545095e+00   6.21563907e+00   6.22045052e+00   6.22071552e+00
   6.22148920e+00   6.22154174e+00   6.22154174e+00   6.23349273e+00
   6.24103666e+00   6.24103666e+00   6.25342755e+00   6.25342755e+00
   6.25410381e+00   6.25410381e+00   6.26069264e+00   6.26069264e+00]
    CPU time for scf_cycle     17.31 sec, wall time     17.71 sec
    CPU time for SCF     17.31 sec, wall time     17.72 sec
converged SCF energy = -971.126825756321
RHF E = -971.126825756
RHF eps = [ -4.04584804e+01  -4.04551514e+01  -4.04551514e+01  -4.04551499e+01
  -4.04551499e+01  -4.04551459e+01  -2.78095239e+00  -2.77662050e+00
  -2.77661135e+00  -2.77661135e+00  -2.77659630e+00  -2.77659630e+00
  -1.50311477e+00  -1.50311477e+00  -1.50280723e+00  -1.49760174e+00
  -1.49748894e+00  -1.49748894e+00  -1.49737888e+00  -1.49737888e+00
  -1.49727378e+00  -1.49722160e+00  -1.49722160e+00  -1.49720139e+00
  -1.49720139e+00  -1.49710265e+00  -1.49710265e+00  -1.49689638e+00
  -1.49689638e+00  -1.49673749e+00  -2.25047340e-01  -1.49508060e-01
  -1.49508059e-01   6.05923909e-03   7.42805453e-03   7.42805471e-03
   2.27158779e-02   4.27885074e-02   4.27885078e-02   5.14653288e-02
   5.14653291e-02   6.02177977e-02   6.02177977e-02   6.46510169e-02
   7.87895943e-02   8.83725591e-02   8.83725593e-02   9.60957349e-02
   9.60957351e-02   9.73041583e-02   9.73041583e-02   1.12522753e-01
   1.12522753e-01   1.14773730e-01   1.42464972e-01   1.42464972e-01
   1.43639016e-01   1.48226251e-01   1.48909717e-01   1.48909717e-01
   1.95807022e-01   1.95807023e-01   2.08931839e-01   2.08931839e-01
   2.38684426e-01   2.39264510e-01   2.39264511e-01   2.46213320e-01
   2.51478395e-01   2.51478395e-01   2.72263265e-01   2.72263266e-01
   2.75899943e-01   2.76508256e-01   2.76508256e-01   3.10358395e-01
   3.10358396e-01   3.15192090e-01   3.15192090e-01   3.20354819e-01
   3.30732028e-01   3.42497860e-01   3.53945698e-01   3.53945699e-01
   3.58745210e-01   3.58745211e-01   3.62172540e-01   3.62172540e-01
   3.75751202e-01   3.75751204e-01   3.95968201e-01   3.95968201e-01
   4.22835505e-01   4.22835506e-01   4.33142058e-01   4.75782601e-01
   4.77976456e-01   4.77976456e-01   4.85136277e-01   4.85136279e-01
   5.31695417e-01   5.37839084e-01   5.37839088e-01   5.56411452e-01
   5.56411452e-01   6.28352491e-01   6.38463664e-01   6.38463667e-01
   1.25628585e+00   1.25628585e+00   1.25985436e+00   1.25985436e+00
   1.26056078e+00   1.26056078e+00   1.26736786e+00   1.26736786e+00
   1.27517203e+00   1.27517203e+00   1.27575024e+00   1.27575024e+00
   1.27613029e+00   1.27765666e+00   1.27765666e+00   1.27783394e+00
   1.28287308e+00   1.29288287e+00   1.29582763e+00   1.29582763e+00
   1.29614290e+00   1.31848232e+00   1.32683468e+00   1.32683468e+00
   1.34168068e+00   1.34168068e+00   1.34902970e+00   1.34902970e+00
   1.35376289e+00   1.35376289e+00   1.49121924e+00   1.49163359e+00
   1.49163359e+00   1.52497164e+00   1.52497164e+00   1.55752532e+00
   1.56239291e+00   1.56239291e+00   1.57761734e+00   1.57875543e+00
   1.57875543e+00   1.63066558e+00   1.63066559e+00   1.63206188e+00
   1.63206188e+00   1.75135346e+00   1.76623088e+00   1.76623088e+00
   3.85744124e+00   4.19310734e+00   4.19310735e+00   4.25006195e+00
   4.25006196e+00   4.39110419e+00   6.20215783e+00   6.20215783e+00
   6.20553454e+00   6.20553454e+00   6.20876051e+00   6.20876051e+00
   6.20944850e+00   6.20944850e+00   6.21020601e+00   6.21020601e+00
   6.21175981e+00   6.21369054e+00   6.21369054e+00   6.21545095e+00
   6.21545095e+00   6.21563907e+00   6.22045052e+00   6.22071552e+00
   6.22148920e+00   6.22154174e+00   6.22154174e+00   6.23349273e+00
   6.24103666e+00   6.24103666e+00   6.25342755e+00   6.25342755e+00
   6.25410381e+00   6.25410381e+00   6.26069264e+00   6.26069264e+00]
    CPU time for transforming oopq     28.32 sec, wall time     28.44 sec
    CPU time for transforming ovpq     34.61 sec, wall time     34.87 sec
MO integrals cint2e_sph are saved in <HDF5 file "tmpEy8Vyu" (mode r+)>/eri_mo
num. MO ints = 6.3912896e+08, required disk 5113.0317 MB
step1: tmpfile /tmp/tmp5Z9ZtO  3747.2509 MB
step1: (ij,kl) = (25281,18528), mem cache 4000 MB, iobuf 800 MB
    CPU time for Initializing ao2mo.outcore.half_e1      0.03 sec, wall time      0.03 sec
step 1 [1/5], AO [0:613], len(buf) = 3941
      fill iobuf micro [1/1], AO [0:613], len(aobuf) = 3941
    CPU time for gen AO/transform MO [1/5]      9.46 sec, wall time      9.46 sec
step 1 [2/5], AO [613:1150], len(buf) = 3955
      fill iobuf micro [1/1], AO [613:1150], len(aobuf) = 3955
    CPU time for gen AO/transform MO [2/5]      9.74 sec, wall time      9.74 sec
step 1 [3/5], AO [1150:1753], len(buf) = 3949
      fill iobuf micro [1/1], AO [1150:1753], len(aobuf) = 3949
    CPU time for gen AO/transform MO [3/5]      9.58 sec, wall time      9.59 sec
step 1 [4/5], AO [1753:2421], len(buf) = 3948
      fill iobuf micro [1/1], AO [1753:2421], len(aobuf) = 3948
    CPU time for gen AO/transform MO [4/5]     10.57 sec, wall time     10.57 sec
step 1 [5/5], AO [2421:2628], len(buf) = 2735
      fill iobuf micro [1/1], AO [2421:2628], len(aobuf) = 2735
    CPU time for gen AO/transform MO [5/5]      6.55 sec, wall time      6.56 sec
    CPU time for AO->MO transformation for cint2e_sph 1 pass     46.83 sec, wall time     46.86 sec
step2: kl-pair (ao 18528, mo 25281), mem 284.59008 MB, ioblock 388.31616 MB
step 2 [1/14], [0,0:1920], row = 1920
step 2 [1/14] CPU time:      2.71, Wall time:      2.71
step 2 [2/14], [0,1920:3840], row = 1920
step 2 [2/14] CPU time:      2.68, Wall time:      2.68
step 2 [3/14], [0,3840:5760], row = 1920
step 2 [3/14] CPU time:      2.69, Wall time:      2.69
step 2 [4/14], [0,5760:7680], row = 1920
step 2 [4/14] CPU time:      2.69, Wall time:      2.70
step 2 [5/14], [0,7680:9600], row = 1920
step 2 [5/14] CPU time:      2.76, Wall time:      2.76
step 2 [6/14], [0,9600:11520], row = 1920
step 2 [6/14] CPU time:      2.80, Wall time:      2.80
step 2 [7/14], [0,11520:13440], row = 1920
step 2 [7/14] CPU time:      2.79, Wall time:      2.79
step 2 [8/14], [0,13440:15360], row = 1920
step 2 [8/14] CPU time:      2.79, Wall time:      2.78
step 2 [9/14], [0,15360:17280], row = 1920
step 2 [9/14] CPU time:      2.80, Wall time:      2.81
step 2 [10/14], [0,17280:19200], row = 1920
step 2 [10/14] CPU time:      2.77, Wall time:      2.78
step 2 [11/14], [0,19200:21120], row = 1920
step 2 [11/14] CPU time:      2.87, Wall time:      2.86
step 2 [12/14], [0,21120:23040], row = 1920
step 2 [12/14] CPU time:      2.78, Wall time:      3.01
step 2 [13/14], [0,23040:24960], row = 1920
step 2 [13/14] CPU time:      2.57, Wall time:      2.57
step 2 [14/14], [0,24960:25281], row = 321
step 2 [14/14] CPU time:      0.87, Wall time:      3.27
    CPU time for AO->MO transformation for cint2e_sph 2 pass     36.69 sec, wall time     39.39 sec
    CPU time for AO->MO transformation for cint2e_sph      83.52 sec, wall time     86.24 sec
    CPU time for transforming vvvv     97.63 sec, wall time    151.68 sec
    CPU time for CCSD integral transformation    161.67 sec, wall time    216.09 sec

******** <class 'pyscf.cc.linrccsd.LinRCCSD'> flags ********
CCSD nocc = 27, nvir = 159
frozen orbitals [0, 1, 2, 3, 4, 5]
max_cycle = 50
direct = 0
conv_tol = 1e-07
conv_tol_normt = 1e-05
diis_space = 6
diis_start_cycle = 0
diis_start_energy_diff = 1e+09
Init t2, MP2 energy = -1.07190113616368
    CPU time for init mp2      0.57 sec, wall time      0.71 sec
    CPU time for update t1 t2     91.81 sec, wall time     91.86 sec
istep = 0  E(CCSD) = -1.11063708179413  dE = -1.11063708  norm(t1,t2) = 0.165811
    CPU time for CCSD iter     92.30 sec, wall time     92.36 sec
    CPU time for update t1 t2     90.70 sec, wall time     90.74 sec
DIIS for step 1
istep = 1  E(CCSD) = -1.13054953875079  dE = -0.019912457  norm(t1,t2) = 0.0821323
    CPU time for CCSD iter     91.27 sec, wall time     91.32 sec
    CPU time for update t1 t2     91.09 sec, wall time     91.13 sec
diis-c [-0.00193845  1.        ]
DIIS for step 2
istep = 2  E(CCSD) = -1.13470533034154  dE = -0.00415579159  norm(t1,t2) = 0.054473
    CPU time for CCSD iter     92.37 sec, wall time     92.40 sec
    CPU time for update t1 t2     91.76 sec, wall time     91.86 sec
diis-c [ -3.49491719e-04  -1.78895013e+00   2.78895013e+00]
DIIS for step 3
istep = 3  E(CCSD) = -1.14272491562929  dE = -0.00801958529  norm(t1,t2) = 0.0388774
    CPU time for CCSD iter     93.29 sec, wall time     93.40 sec
    CPU time for update t1 t2     92.51 sec, wall time     92.56 sec
diis-c [ -1.41941627e-04  -2.18871386e-01   1.44152455e-01   1.07471893e+00]
DIIS for step 4
istep = 4  E(CCSD) = -1.14263363916815  dE = 9.12764611e-05  norm(t1,t2) = 0.0171095
    CPU time for CCSD iter     94.44 sec, wall time     94.50 sec
    CPU time for update t1 t2     92.99 sec, wall time     93.04 sec
diis-c [ -4.82186306e-05   1.01673217e+00  -1.48543561e+00  -6.73770541e-01
   2.14247399e+00]
DIIS for step 5
istep = 5  E(CCSD) = -1.14217176644056  dE = 0.000461872728  norm(t1,t2) = 0.012445
    CPU time for CCSD iter     95.39 sec, wall time     95.44 sec
    CPU time for update t1 t2     93.99 sec, wall time     94.03 sec
diis-c [ -2.69616096e-05  -8.21440955e-01   1.24841942e+00   3.25576676e-01
  -1.85609236e+00   2.10353722e+00]
DIIS for step 6
istep = 6  E(CCSD) = -1.14287222733445  dE = -0.000700460894  norm(t1,t2) = 0.00816728
    CPU time for CCSD iter     96.75 sec, wall time     96.80 sec
    CPU time for update t1 t2     94.87 sec, wall time     94.91 sec
diis-c [ -1.28684882e-05  -4.16509432e-01   5.96730480e-01   3.22023227e-01
  -8.21662198e-01  -6.67840186e-01   1.98725811e+00]
DIIS for step 7
istep = 7  E(CCSD) = -1.14289308260264  dE = -2.08552682e-05  norm(t1,t2) = 0.00607987
    CPU time for CCSD iter     97.99 sec, wall time     98.04 sec
    CPU time for update t1 t2     94.75 sec, wall time     94.79 sec
diis-c [ -6.15902673e-06   1.75397078e+00  -6.28943440e-03  -4.26169428e-02
   1.09878836e-01   8.08102105e-02  -8.95753450e-01]
DIIS for step 8
istep = 8  E(CCSD) = -1.14301459359984  dE = -0.000121510997  norm(t1,t2) = 0.00399221
    CPU time for CCSD iter     97.70 sec, wall time     97.75 sec
    CPU time for update t1 t2     93.98 sec, wall time     94.02 sec
diis-c [ -1.81097154e-06  -1.06257420e+00   2.16606965e+00  -2.99309330e-02
  -3.66702045e-02   5.78619718e-01  -6.15514030e-01]
DIIS for step 9
istep = 9  E(CCSD) = -1.14292700013978  dE = 8.75934601e-05  norm(t1,t2) = 0.00262473
    CPU time for CCSD iter     96.86 sec, wall time     96.91 sec
    CPU time for update t1 t2     93.41 sec, wall time     93.46 sec
diis-c [ -8.31364247e-07   3.70181827e-01  -1.28854739e+00   1.77307619e+00
   4.30597763e-02  -3.44497566e-01   4.46727162e-01]
DIIS for step 10
istep = 10  E(CCSD) = -1.14296225359836  dE = -3.52534586e-05  norm(t1,t2) = 0.0014333
    CPU time for CCSD iter     96.26 sec, wall time     96.32 sec
    CPU time for update t1 t2     93.24 sec, wall time     93.28 sec
diis-c [ -4.10862018e-07   2.38560022e-01  -3.74139830e-01  -4.34786555e-01
   1.58384793e+00  -5.57408939e-02   4.22593264e-02]
DIIS for step 11
istep = 11  E(CCSD) = -1.1429751667645  dE = -1.29131661e-05  norm(t1,t2) = 0.000996284
    CPU time for CCSD iter     96.03 sec, wall time     96.08 sec
    CPU time for update t1 t2     92.97 sec, wall time     93.02 sec
diis-c [ -2.08573030e-07   1.47336860e-02   1.35257694e-01  -4.85897864e-01
   5.04863665e-02   1.31128992e+00  -2.58698003e-02]
DIIS for step 12
istep = 12  E(CCSD) = -1.14296079483011  dE = 1.43719344e-05  norm(t1,t2) = 0.000698342
    CPU time for CCSD iter     95.74 sec, wall time     95.80 sec
    CPU time for update t1 t2     92.90 sec, wall time     92.94 sec
diis-c [ -7.97182168e-08  -1.81422785e-02  -2.72922359e-02   5.73224477e-01
  -8.08522227e-01  -1.00469572e+00   2.28542799e+00]
DIIS for step 13
istep = 13  E(CCSD) = -1.14294391089215  dE = 1.6883938e-05  norm(t1,t2) = 0.000496818
    CPU time for CCSD iter     95.64 sec, wall time     95.69 sec
    CPU time for update t1 t2     92.87 sec, wall time     92.92 sec
diis-c [ -3.17136793e-08   1.49874376e+00  -1.49187801e-02   3.43833961e-02
   8.30865397e-02  -1.76437298e-01  -4.24857619e-01]
DIIS for step 14
istep = 14  E(CCSD) = -1.1429396252439  dE = 4.28564825e-06  norm(t1,t2) = 0.000283137
    CPU time for CCSD iter     95.58 sec, wall time     95.64 sec
    CPU time for update t1 t2     92.84 sec, wall time     92.89 sec
diis-c [ -1.34580957e-08  -4.69984277e-01   1.59211195e+00  -9.99972839e-02
   1.38643847e-01   2.68820941e-01  -4.29595174e-01]
DIIS for step 15
istep = 15  E(CCSD) = -1.1429436349645  dE = -4.0097206e-06  norm(t1,t2) = 0.000180575
    CPU time for CCSD iter     95.53 sec, wall time     95.59 sec
    CPU time for update t1 t2     92.85 sec, wall time     92.89 sec
diis-c [ -7.94890573e-09  -2.82990993e-01  -1.53340867e-01   1.33162552e+00
  -1.66806219e-02   2.38643757e-02   9.75225866e-02]
DIIS for step 16
istep = 16  E(CCSD) = -1.14294519650808  dE = -1.56154358e-06  norm(t1,t2) = 0.000131369
    CPU time for CCSD iter     95.57 sec, wall time     95.62 sec
    CPU time for update t1 t2     92.79 sec, wall time     92.84 sec
diis-c [ -4.58033295e-09   3.60501747e-01   5.69243776e-02  -1.84178965e+00
   2.54411504e+00   3.79948241e-03  -1.23550993e-01]
DIIS for step 17
istep = 17  E(CCSD) = -1.14294427244059  dE = 9.24067491e-07  norm(t1,t2) = 0.000107177
    CPU time for CCSD iter     95.49 sec, wall time     95.54 sec
    CPU time for update t1 t2     92.77 sec, wall time     92.81 sec
diis-c [ -2.67590231e-09   8.46290699e-02   2.75783067e-01  -8.72656653e-01
   3.83458220e-02   1.52189115e+00  -4.79924586e-02]
DIIS for step 18
istep = 18  E(CCSD) = -1.14294349266997  dE = 7.7977062e-07  norm(t1,t2) = 8.10055e-05
    CPU time for CCSD iter     95.47 sec, wall time     95.52 sec
    CPU time for update t1 t2     92.76 sec, wall time     92.81 sec
diis-c [ -1.61187555e-09  -4.03254136e-02   3.09942979e-02   4.28363015e-01
  -6.74164852e-01  -3.69330061e-01   1.62446301e+00]
DIIS for step 19
istep = 19  E(CCSD) = -1.14294210085244  dE = 1.39181753e-06  norm(t1,t2) = 6.1109e-05
    CPU time for CCSD iter     95.47 sec, wall time     95.52 sec
    CPU time for update t1 t2     92.78 sec, wall time     92.82 sec
diis-c [ -8.03513200e-10   2.09996154e+00  -3.37798242e-02  -2.73607417e-02
   5.11994028e-01  -7.40100449e-01  -8.10714553e-01]
DIIS for step 20
istep = 20  E(CCSD) = -1.14294079768526  dE = 1.30316719e-06  norm(t1,t2) = 4.66129e-05
    CPU time for CCSD iter     95.43 sec, wall time     95.48 sec
    CPU time for update t1 t2     93.02 sec, wall time     93.06 sec
diis-c [ -4.72477668e-10  -6.97115846e-01   1.64126895e+00  -4.75257700e-02
   2.03961672e-02   1.95992894e-01  -1.13016399e-01]
DIIS for step 21
istep = 21  E(CCSD) = -1.14294037696485  dE = 4.20720409e-07  norm(t1,t2) = 3.28069e-05
    CPU time for CCSD iter     95.73 sec, wall time     95.78 sec
    CPU time for update t1 t2     92.81 sec, wall time     92.85 sec
diis-c [ -2.65290817e-10  -7.03500572e-01  -5.78034676e-01   1.83696726e+00
  -1.32426277e-01   1.98916201e-01   3.78078064e-01]
DIIS for step 22
istep = 22  E(CCSD) = -1.14294005578925  dE = 3.21175601e-07  norm(t1,t2) = 2.5275e-05
    CPU time for CCSD iter     95.53 sec, wall time     95.57 sec
    CPU time for update t1 t2     92.77 sec, wall time     92.83 sec
diis-c [ -1.57602015e-10   3.11487884e-01  -5.00716512e-01  -4.00795023e-01
   1.65632516e+00  -6.10638581e-02  -5.23765284e-03]
DIIS for step 23
istep = 23  E(CCSD) = -1.142939868656  dE = 1.87133251e-07  norm(t1,t2) = 1.91337e-05
    CPU time for CCSD iter     95.49 sec, wall time     95.55 sec
    CPU time for update t1 t2     92.82 sec, wall time     92.86 sec
diis-c [ -7.65995323e-11  -3.71222769e-02   5.84372077e-01  -4.61812478e-01
  -1.32747036e+00   2.30548723e+00  -6.34541968e-02]
DIIS for step 24
istep = 24  E(CCSD) = -1.1429395729275  dE = 2.957285e-07  norm(t1,t2) = 1.44143e-05
    CPU time for CCSD iter     95.53 sec, wall time     95.57 sec
    CPU time for update t1 t2     92.83 sec, wall time     92.88 sec
diis-c [ -3.99415501e-11  -2.10712719e-02   1.15386496e-02   1.81827115e-01
  -3.45651177e-01  -3.10248263e-01   1.48360495e+00]
DIIS for step 25
istep = 25  E(CCSD) = -1.14293946183582  dE = 1.11091673e-07  norm(t1,t2) = 9.63124e-06
    CPU time for CCSD iter     95.55 sec, wall time     95.60 sec
    CPU time for update t1 t2     92.86 sec, wall time     92.91 sec
diis-c [ -1.91548999e-11   1.75408150e+00  -6.79762616e-02  -2.05259146e-02
   5.28205698e-01  -6.05396625e-01  -5.88388394e-01]
DIIS for step 26
istep = 26  E(CCSD) = -1.14293942772548  dE = 3.41103488e-08  norm(t1,t2) = 6.90044e-06
    CPU time for CCSD iter     95.58 sec, wall time     95.63 sec
    CPU time for CCSD   2573.98 sec, wall time   2575.42 sec
CCSD converged
E(linCCSD) = -972.2697651840464  E_corr = -1.142939427725476
    CPU time for EOM-CCSD shared one-electron intermediates      7.49 sec, wall time      7.50 sec
    CPU time for EOM-CCSD shared two-electron intermediates     34.29 sec, wall time     34.32 sec
    CPU time for EOM-CCSD IP intermediates     50.39 sec, wall time     50.41 sec
tol 1e-07  toloose 0.000316228
max_cycle 50  max_space 38  max_memory 2000  incore True
davidson 0 6  |r|= 0.636  e= [ 0.19207501  0.19207501  0.26146819  1.55282334  1.55295986  1.55295986]  max|de|= 1.55  lindep=    1
davidson 1 12  |r|= 0.134  e= [ 0.16999327  0.16999369  0.21982039  1.349611    1.35131245  1.35131458]  max|de|= -0.203  lindep= 0.855
davidson 2 18  |r|= 0.038  e= [ 0.16888932  0.16888968  0.21700448  1.34512054  1.34499749  1.34499849]  max|de|= -0.00632  lindep= 0.937
davidson 3 24  |r|= 0.0117  e= [ 0.16904205  0.16904231  0.21716651  1.34567297  1.34575442  1.34575593]  max|de|= 0.000757  lindep= 0.895
davidson 4 30  |r|= 0.00583  e= [ 0.16902573  0.16902575  0.21718032  1.34548145  1.34584953  1.34584962]  max|de|= -0.000192  lindep= 0.895
davidson 5 36  |r|= 0.00198  e= [ 0.16901673  0.16901674  0.2171867   1.34539174  1.34566025  1.3456599 ]  max|de|= -0.00019  lindep= 0.917
root 0 converged  |r|= 0.000196  e= 0.169016732639  max|de|= -6.94e-16
root 1 converged  |r|= 0.000197  e= 0.169016739181  max|de|= -1.61e-15
root 2 converged  |r|= 0.000186  e= 0.217186702181  max|de|= -1.67e-16
davidson 6 6  |r|= 0.00198  e= [ 0.16901673  0.16901674  0.2171867   1.34539174  1.34566025  1.3456599 ]  max|de|= -9.33e-15  lindep=    1
davidson 7 9  |r|= 0.00158  e= [ 0.1690167   0.16901672  0.2171867   1.34538633  1.34564162  1.34564116]  max|de|= -1.87e-05  lindep= 0.92
davidson 8 12  |r|= 0.00134  e= [ 0.16901671  0.16901673  0.2171867   1.34539499  1.34563585  1.34563694]  max|de|= 8.66e-06  lindep= 0.875
davidson 9 15  |r|= 0.00242  e= [ 0.16901671  0.16901674  0.2171867   1.34539993  1.34564995  1.34565013]  max|de|= 1.41e-05  lindep= 0.946
davidson 10 18  |r|= 0.0356  e= [ 0.16901671  0.16901674  0.2171867   1.34539577  1.34551038  1.3455453 ]  max|de|= -0.00014  lindep= 0.919
davidson 11 21  |r|= 0.0017  e= [ 0.16901671  0.16901674  0.2171867   1.34539728  1.34563034  1.34562804]  max|de|= 0.00012  lindep= 0.83
davidson 12 24  |r|= 0.00136  e= [ 0.16901671  0.16901672  0.2171867   1.34539654  1.34569069  1.34569724]  max|de|= 6.92e-05  lindep= 0.876
davidson 13 27  |r|= 0.000624  e= [ 0.16901675  0.16901678  0.2171867   1.3453963   1.34567596  1.34566342]  max|de|= -3.38e-05  lindep= 0.703
davidson 14 30  |r|= 0.00125  e= [ 0.16901675  0.16901679  0.2171867   1.34539665  1.34560614  1.34562436]  max|de|= -6.98e-05  lindep= 0.797
davidson 15 33  |r|= 0.00289  e= [ 0.16901674  0.16901679  0.2171867   1.34539571  1.3456186   1.34556848]  max|de|= -5.59e-05  lindep= 0.894
root 0 converged  |r|= 0.00019  e= 0.16901674187  max|de|= -8.05e-16
root 1 converged  |r|= 0.000195  e= 0.16901678719  max|de|= 2.16e-15
root 2 converged  |r|= 0.000186  e= 0.217186702437  max|de|= -1.5e-15
root 3 converged  |r|= 1.67e-05  e= 1.34539570765  max|de|= 6.44e-15
davidson 16 6  |r|= 0.00289  e= [ 0.16901674  0.16901679  0.2171867   1.34539571  1.3456186   1.34556848]  max|de|= -7.99e-15  lindep= 0.953
davidson 17 8  |r|= 0.000975  e= [ 0.16901674  0.16901678  0.2171867   1.34539678  1.3455775   1.34561368]  max|de|= 4.52e-05  lindep= 0.951
davidson 18 10  |r|= 0.000553  e= [ 0.16901674  0.16901678  0.2171867   1.34539633  1.34568446  1.34565946]  max|de|= 0.000107  lindep= 0.975
davidson 19 12  |r|= 0.000588  e= [ 0.16901674  0.16901678  0.2171867   1.34539639  1.34562964  1.34565308]  max|de|= -5.48e-05  lindep= 0.96
davidson 20 14  |r|= 0.00106  e= [ 0.16901674  0.16901679  0.2171867   1.3453967   1.34559408  1.34561353]  max|de|= -3.95e-05  lindep= 0.912
davidson 21 16  |r|= 0.00193  e= [ 0.16901674  0.16901678  0.2171867   1.34539605  1.3456924   1.34560709]  max|de|= 9.83e-05  lindep= 0.899
davidson 22 18  |r|= 0.0054  e= [ 0.16901674  0.16901678  0.2171867   1.34539702  1.34553186  1.34576958]  max|de|= 0.000162  lindep= 0.845
davidson 23 20  |r|= 0.00245  e= [ 0.16901674  0.16901679  0.2171867   1.34539436  1.34548549  1.34549199]  max|de|= -0.000278  lindep= 0.956
davidson 24 22  |r|= 0.0059  e= [ 0.16901674  0.16901678  0.2171867   1.34539639  1.34594188  1.34591044]  max|de|= 0.000456  lindep= 0.873
davidson 25 24  |r|= 0.00327  e= [ 0.16901674  0.16901679  0.2171867   1.34539606  1.34584016  1.34566768]  max|de|= -0.000243  lindep= 0.808
davidson 26 26  |r|= 0.00315  e= [ 0.16901674  0.16901678  0.2171867   1.34539661  1.34541072  1.34562305]  max|de|= -0.000429  lindep= 0.851
davidson 27 28  |r|= 0.0132  e= [ 0.16901674  0.16901678  0.2171867   1.34539546  1.34560515  1.34656653]  max|de|= 0.000943  lindep= 0.861
davidson 28 30  |r|= 0.00074  e= [ 0.16901673  0.16901678  0.2171867   1.34539644  1.34560028  1.34559738]  max|de|= -0.000969  lindep= 0.81
davidson 29 32  |r|= 0.000569  e= [ 0.16901673  0.16901678  0.2171867   1.34539651  1.34561501  1.34562399]  max|de|= 2.66e-05  lindep= 0.792
davidson 30 34  |r|= 0.000129  e= [ 0.16901673  0.16901677  0.2171867   1.34539647  1.34563322  1.34563443]  max|de|= 1.82e-05  lindep= 0.881
root 0 converged  |r|= 0.00019  e= 0.169016732468  max|de|= 1.39e-16
root 1 converged  |r|= 0.000193  e= 0.169016765925  max|de|= -2.05e-15
root 2 converged  |r|= 0.000186  e= 0.217186702645  max|de|= 1.39e-15
root 3 converged  |r|= 2.31e-06  e= 1.34539646542  max|de|= -1.78e-15
root 4 converged  |r|= 0.00012  e= 1.34563321665  max|de|= -4.22e-15
root 5 converged  |r|= 0.000129  e= 1.3456344292  max|de|= -9.77e-15
converge 31 6  |r|= 0.000193  e= [ 0.16901673  0.16901677  0.2171867   1.34539647  1.34563322  1.34563443]  max|de|= -9.77e-15
IP root 0 E = 0.1690167324682395  qpwt = 0.935644
IP root 1 E = 0.1690167659250612  qpwt = 0.935644
IP root 2 E = 0.2171867026446668  qpwt = 0.826776
IP root 3 E = 1.345396465415528  qpwt = 0.906749
IP root 4 E = 1.345633216651144  qpwt = 0.906771
IP root 5 E = 1.345634429196789  qpwt = 0.906772
    CPU time for IP-CCSD    273.15 sec, wall time    273.42 sec
    CPU time for EOM-CCSD shared one-electron intermediates      7.59 sec, wall time      7.60 sec
    CPU time for EOM-CCSD EA intermediates    752.62 sec, wall time    756.36 sec
tol 1e-07  toloose 0.000316228
max_cycle 50  max_space 38  max_memory 2000  incore True
davidson 0 6  |r|= 0.13  e= [ 0.01670133  0.02250584  0.02250584  0.03192128  0.05076598  0.05076598]  max|de|= 0.0508  lindep=    1
davidson 1 12  |r|= 0.0359  e= [-0.00968587 -0.00357606 -0.00359386  0.00349139  0.02633044  0.02632935]  max|de|= -0.0284  lindep= 0.922
davidson 2 18  |r|= 0.0191  e= [-0.01354223 -0.00769298 -0.00769374  0.00084421  0.0220084   0.0220086 ]  max|de|= -0.00432  lindep= 0.968
davidson 3 24  |r|= 0.00869  e= [-0.01348208 -0.00749675 -0.00749866  0.00090361  0.02129991  0.02129941]  max|de|= -0.000709  lindep= 0.805
davidson 4 30  |r|= 0.00504  e= [-0.01351213 -0.00743147 -0.00743147  0.00084127  0.02124337  0.02124308]  max|de|= 6.72e-05  lindep= 0.941
davidson 5 36  |r|= 0.00332  e= [-0.01350943 -0.00745223 -0.00745223  0.00085242  0.02114054  0.02114072]  max|de|= -0.000103  lindep= 0.713
davidson 6 6  |r|= 0.00332  e= [-0.01350943 -0.00745223 -0.00745223  0.00085242  0.02114054  0.02114072]  max|de|= -3.05e-15  lindep= 0.998
davidson 7 12  |r|= 0.00198  e= [-0.01351609 -0.00745492 -0.00745471  0.00084771  0.02110224  0.02110212]  max|de|= -3.86e-05  lindep= 0.883
root 1 converged  |r|= 0.000151  e= -0.00745496689708  max|de|= -4.52e-08
davidson 8 18  |r|= 0.00206  e= [-0.01351682 -0.00745497 -0.00745515  0.00084716  0.02102297  0.02102291]  max|de|= -7.93e-05  lindep= 0.749
root 3 converged  |r|= 1.83e-05  e= 0.000847158841398  max|de|= -5.63e-09
davidson 9 23  |r|= 0.0011  e= [-0.0135165  -0.00745497 -0.00745588  0.00084716  0.02099786  0.02099787]  max|de|= -2.51e-05  lindep= 0.583
davidson 10 27  |r|= 0.000881  e= [-0.01351663 -0.00745502 -0.00745392  0.00084731  0.02104494  0.02104292]  max|de|= 4.71e-05  lindep= 0.265
davidson 11 31  |r|= 0.000708  e= [-0.01351632 -0.00745522 -0.00745409  0.00084731  0.02105672  0.02105694]  max|de|= 1.4e-05  lindep= 0.315
root 2 converged  |r|= 1.64e-06  e= -0.00745414976619  max|de|= -5.81e-08
davidson 12 35  |r|= 0.000204  e= [-0.01351652 -0.00745522 -0.00745415  0.00084724  0.02102361  0.02102361]  max|de|= -3.33e-05  lindep= 0.678
root 0 converged  |r|= 9.06e-07  e= -0.013516516436  max|de|= 4.91e-15
root 1 converged  |r|= 0.000151  e= -0.00745521786192  max|de|= 2.63e-16
root 2 converged  |r|= 1.64e-06  e= -0.00745414976619  max|de|= 1.35e-15
root 3 converged  |r|= 1.47e-05  e= 0.000847241023511  max|de|= 4.64e-15
root 4 converged  |r|= 0.000204  e= 0.0210236112832  max|de|= 6.14e-16
root 5 converged  |r|= 0.000203  e= 0.0210236119757  max|de|= -8.19e-16
converge 13 6  |r|= 0.000204  e= [-0.01351652 -0.00745522 -0.00745415  0.00084724  0.02102361  0.02102361]  max|de|= 4.91e-15
EA root 0 E = -0.01351651643600974  qpwt = 0.94373
EA root 1 E = -0.007455217861916865  qpwt = 0.934264
EA root 2 E = -0.007454149766189985  qpwt = 0.934258
EA root 3 E = 0.0008472410235111602  qpwt = 0.938224
EA root 4 E = 0.02102361128318894  qpwt = 0.910861
EA root 5 E = 0.02102361197568155  qpwt = 0.910861
    CPU time for EA-CCSD   2167.14 sec, wall time   2172.18 sec
