

******** <class 'pyscf.scf.hf.RHF'> flags ********
method = RHF
initial guess = minao
damping factor = 0
level shift factor = 0
Do DIIS = True
DIIS start cycle = 1
DIIS space = 8
SCF tol = 1e-09
SCF gradient tol = None
max. SCF cycles = 50
direct_scf = True
direct_scf_tol = 1e-13
chkfile to save SCF result = /tmp/tmpQc4sAi
max_memory 4000 MB (current use 39 MB)
Set gradient conv threshold to 3.16228e-05
Nelec from initial guess = 13.9996
cond(S) = 49289.4839633
E_coul = 54.9461734129809
init E= -92.9815799805506
    CPU time for initialize scf      0.37 sec, wall time      0.37 sec
  HOMO = -0.42104042969405  LUMO = 0.0564815946257205
  mo_energy =
[-15.63687565 -11.45937089  -1.53156976  -0.79041987  -0.44756642
  -0.42104043  -0.42104043   0.05648159   0.05648159   0.14846404
   0.17916411   0.32800334   0.32800334   0.3640184    0.46682785
   0.49562848   0.53967063   0.53967063   0.74196227   0.80158311
   0.80158311   0.87368828   0.87368828   0.97028488   1.34355477
   1.36779189   1.36779189   1.37200467   1.37200467   1.51374979
   1.61013728   1.61013728   1.72024383   1.84751608   1.84751608
   2.02366457   2.37120853   2.56750572   2.66929523   2.66929523
   2.72831154   2.90168558   2.90168558   2.90731106   2.90731106
   3.00642108   3.00642108   3.19126099   3.19126099   3.45225178
   3.45225178   3.46372012   3.61058748   3.8462643    3.8462643
   4.26699084   4.26699084   4.332717     4.332717     4.57018162
   4.86145593   4.86145593   4.87387463   4.87387463   4.98506957
   4.98506957   5.16683952   5.30187505   5.64558073   5.64558073
   6.04488542   6.04488542   6.23349365   6.80274707  24.07321536
  33.3063565 ]
E_coul = 55.8618233963453
cycle= 1 E= -92.8746258273448  delta_E= 0.107  |g|= 0.336  |ddm|= 1.35
    CPU time for cycle= 1      0.03 sec, wall time      0.03 sec
diis-norm(errvec)=1.12856
diis-c [-1.27365498  1.        ]
  HOMO = -0.492842489352906  LUMO = 0.117123789033727
  mo_energy =
[-15.47865479 -11.40628272  -1.22745033  -0.87622565  -0.51757029
  -0.49284249  -0.49284249   0.11712379   0.14153206   0.14153206
   0.18460336   0.32950533   0.32950533   0.36644508   0.48406492
   0.50885871   0.61350708   0.61350708   0.78605808   0.78605808
   0.78676261   0.82125252   0.82125252   0.9936978    1.35553647
   1.35553647   1.40496175   1.45085603   1.45085603   1.49983577
   1.60804202   1.60804202   1.6602175    1.92988562   1.92988562
   2.11584512   2.39732275   2.61013124   2.68547814   2.76773393
   2.76773393   2.87926655   2.87926655   2.88056046   2.88056046
   2.96542831   2.96542831   3.16543187   3.16543187   3.46617818
   3.46617818   3.47540268   3.61969175   3.78054167   3.78054167
   4.24262129   4.24262129   4.3891684    4.3891684    4.57143454
   4.8945721    4.8945721    4.98292349   4.98292349   5.10000114
   5.10000114   5.19558246   5.33335203   5.72516696   5.72516696
   6.1169088    6.1169088    6.27970135   6.87922215  24.11321337
  33.45103609]
E_coul = 55.5945215619276
cycle= 2 E= -92.8945342749855  delta_E= -0.0199  |g|= 0.285  |ddm|= 0.299
    CPU time for cycle= 2      0.03 sec, wall time      0.03 sec
diis-norm(errvec)=0.819229
diis-c [-0.18421016  0.40067445  0.59932555]
  HOMO = -0.503092961260855  LUMO = 0.145951236151511
  mo_energy =
[-15.63726669 -11.27931003  -1.24490588  -0.81712048  -0.58418823
  -0.50309296  -0.50309296   0.14595124   0.14675673   0.14675673
   0.18896696   0.34657026   0.34657026   0.36887893   0.48864607
   0.5215704    0.58801659   0.58801659   0.77023368   0.80903126
   0.80903126   0.85392834   0.85392834   1.00454456   1.36740119
   1.36740119   1.3953882    1.41500716   1.41500716   1.52709806
   1.66064704   1.66064704   1.7137315    1.89381278   1.89381278
   2.09508535   2.38740458   2.58729706   2.70318828   2.70318828
   2.70550706   2.9225186    2.9225186    2.92925561   2.92925561
   3.03113035   3.03113035   3.23112081   3.23112081   3.49164617
   3.49164617   3.51675889   3.63752467   3.82493696   3.82493696
   4.28701132   4.28701132   4.31634413   4.31634413   4.58108818
   4.89861667   4.89861667   4.90782888   4.90782888   5.03643045
   5.03643045   5.20861078   5.32210665   5.6913671    5.6913671
   6.09947084   6.09947084   6.28065644   6.88263842  24.23168415
  33.30002427]
E_coul = 55.8763377199233
cycle= 3 E= -92.9105786927601  delta_E= -0.016  |g|= 0.0551  |ddm|= 0.155
    CPU time for cycle= 3      0.03 sec, wall time      0.03 sec
diis-norm(errvec)=0.165322
diis-c [-0.00668546 -0.11309984  0.04672028  1.06637956]
  HOMO = -0.494416958243319  LUMO = 0.150934148155111
  mo_energy =
[-15.58834303 -11.28672239  -1.23243027  -0.81126619  -0.57698272
  -0.49441696  -0.49441696   0.15093415   0.15511429   0.15511429
   0.19074432   0.34813944   0.34813944   0.37028847   0.4894937
   0.53032504   0.59394292   0.59394292   0.77319852   0.81078933
   0.81078933   0.86132433   0.86132433   1.01223715   1.37360632
   1.37360632   1.40004579   1.42143127   1.42143127   1.53287915
   1.66028501   1.66028501   1.72030043   1.90152035   1.90152035
   2.10344392   2.39385736   2.59957517   2.71770405   2.72057293
   2.72057293   2.92932582   2.92932582   2.92992526   2.92992526
   3.03917736   3.03917736   3.23143243   3.23143243   3.50213443
   3.50213443   3.52669671   3.64783624   3.83629544   3.83629544
   4.30152312   4.30152312   4.3282518    4.3282518    4.59756351
   4.91436828   4.91436828   4.92778502   4.92778502   5.04899647
   5.04899647   5.2243395    5.33694535   5.7055075    5.7055075
   6.11343884   6.11343884   6.29803842   6.89880232  24.22622061
  33.34585015]
E_coul = 55.7882610021715
cycle= 4 E= -92.911570139649  delta_E= -0.000991  |g|= 0.0107  |ddm|= 0.0448
    CPU time for cycle= 4      0.03 sec, wall time      0.03 sec
diis-norm(errvec)=0.0290971
diis-c [ -4.25245206e-04  -1.14636305e-02  -3.29634849e-02  -1.15503543e-02
   1.05597747e+00]
  HOMO = -0.497425289376165  LUMO = 0.150467206437679
  mo_energy =
[-15.59991221 -11.2934535   -1.23717097  -0.81331909  -0.58172322
  -0.49742529  -0.49742529   0.15046721   0.15340269   0.15340269
   0.19004254   0.34696219   0.34696219   0.36983756   0.48900345
   0.52879754   0.5924803    0.5924803    0.77204043   0.8089714
   0.8089714    0.86004547   0.86004547   1.00948859   1.37202776
   1.37202776   1.39790977   1.41917009   1.41917009   1.53087095
   1.65742309   1.65742309   1.71844405   1.89916587   1.89916587
   2.09987022   2.39211348   2.59690456   2.7161557    2.7161557
   2.71619483   2.92680844   2.92680844   2.92734587   2.92734587
   3.03621139   3.03621139   3.22808952   3.22808952   3.49883572
   3.49883572   3.52338498   3.64430746   3.83429437   3.83429437
   4.29997977   4.29997977   4.32394784   4.32394784   4.59388519
   4.91098958   4.91098958   4.9219167    4.9219167    5.04542195
   5.04542195   5.22015794   5.33426199   5.70214909   5.70214909
   6.10895445   6.10895445   6.29368697   6.89421364  24.21993263
  33.33500697]
E_coul = 55.8102637204301
cycle= 5 E= -92.9116153553319  delta_E= -4.52e-05  |g|= 0.00299  |ddm|= 0.0123
    CPU time for cycle= 5      0.03 sec, wall time      0.03 sec
diis-norm(errvec)=0.00827033
diis-c [ -3.83001513e-05   7.90978281e-03  -4.85484047e-03  -6.79705763e-02
  -1.75978676e-02   1.08251350e+00]
  HOMO = -0.496550601424283  LUMO = 0.150400720178379
  mo_energy =
[-15.59881792 -11.29076394  -1.23604468  -0.81282475  -0.58158272
  -0.4965506   -0.4965506    0.15040072   0.15382627   0.15382627
   0.19019159   0.3473607    0.3473607    0.36986399   0.48906021
   0.52897267   0.59278681   0.59278681   0.77217425   0.8094987
   0.8094987    0.86012686   0.86012686   1.00984629   1.3722437
   1.3722437    1.39847828   1.41944261   1.41944261   1.53134313
   1.658507     1.658507     1.71874467   1.89953261   1.89953261
   2.10058752   2.39228347   2.59712302   2.71607546   2.71663764
   2.71663764   2.92778441   2.92778441   2.92786729   2.92786729
   3.03688627   3.03688627   3.22933783   3.22933783   3.49946856
   3.49946856   3.52403428   3.64494238   3.83432597   3.83432597
   4.29963635   4.29963635   4.32421142   4.32421142   4.59420948
   4.91131912   4.91131912   4.92247157   4.92247157   5.04583805
   5.04583805   5.22072196   5.33446196   5.70265117   5.70265117
   6.10975004   6.10975004   6.29439011   6.89516499  24.22238024
  33.33602665]
E_coul = 55.8052693215192
cycle= 6 E= -92.9116195962716  delta_E= -4.24e-06  |g|= 0.000756  |ddm|= 0.00352
    CPU time for cycle= 6      0.03 sec, wall time      0.03 sec
diis-norm(errvec)=0.00221509
diis-c [ -7.68779757e-07  -6.99256742e-04   3.54421739e-03   1.70072197e-02
  -8.97271361e-02  -2.51254921e-01   1.32112988e+00]
  HOMO = -0.496633433888077  LUMO = 0.150441833682612
  mo_energy =
[-15.59892168 -11.29094815  -1.23623713  -0.81275223  -0.58185333
  -0.49663343  -0.49663343   0.15044183   0.15381093   0.15381093
   0.1901761    0.3473354    0.3473354    0.36985417   0.48899321
   0.52898511   0.59271298   0.59271298   0.77208542   0.80947807
   0.80947807   0.86018161   0.86018161   1.00980534   1.37223255
   1.37223255   1.39836722   1.41929022   1.41929022   1.5313579
   1.65846321   1.65846321   1.71878314   1.8994052    1.8994052
   2.10044183   2.39220724   2.59701797   2.71611997   2.71648926
   2.71648926   2.92780573   2.92780573   2.92786257   2.92786257
   3.0369362    3.0369362    3.22933248   3.22933248   3.49938943
   3.49938943   3.52394809   3.64488846   3.83435075   3.83435075
   4.29965569   4.29965569   4.32392722   4.32392722   4.59413729
   4.91125965   4.91125965   4.92222747   4.92222747   5.045642     5.045642
   5.22063888   5.33438378   5.70253061   5.70253061   6.10961275
   6.10961275   6.29430806   6.89504254  24.22221808  33.33591753]
E_coul = 55.8055956099747
cycle= 7 E= -92.9116199077069  delta_E= -3.11e-07  |g|= 8.99e-05  |ddm|= 0.00112
    CPU time for cycle= 7      0.03 sec, wall time      0.03 sec
diis-norm(errvec)=0.000261367
diis-c [ -1.29362233e-08  -9.16799649e-05  -6.19198161e-04  -5.80001427e-04
   1.44452791e-02   3.30595822e-02  -2.49347257e-01   1.20313327e+00]
  HOMO = -0.4966422591291  LUMO = 0.150449573336068
  mo_energy =
[-15.59898352 -11.2909638   -1.23625796  -0.81274946  -0.58187511
  -0.49664226  -0.49664226   0.15044957   0.15380614   0.15380614
   0.19017424   0.34733413   0.34733413   0.36985357   0.48898663
   0.52898819   0.5927021    0.5927021    0.77207637   0.80948026
   0.80948026   0.86018846   0.86018846   1.00980514   1.37223409
   1.37223409   1.39835974   1.41927736   1.41927736   1.53136074
   1.65846248   1.65846248   1.71878643   1.89938999   1.89938999
   2.100427     2.3921988    2.59700217   2.71612466   2.71646756
   2.71646756   2.92781178   2.92781178   2.92786619   2.92786619
   3.03693735   3.03693735   3.22933434   3.22933434   3.49938914
   3.49938914   3.52394765   3.64488423   3.83435823   3.83435823
   4.29966396   4.29966396   4.32390463   4.32390463   4.59413148
   4.91124844   4.91124844   4.92220344   4.92220344   5.04561978
   5.04561978   5.22062894   5.33437077   5.70251272   5.70251272
   6.10960361   6.10960361   6.29429655   6.89502904  24.22220536
  33.33585678]
E_coul = 55.8056940412796
cycle= 8 E= -92.9116199101576  delta_E= -2.45e-09  |g|= 9.6e-06  |ddm|= 0.000112
    CPU time for cycle= 8      0.03 sec, wall time      0.03 sec
diis-norm(errvec)=2.78169e-05
diis-c [ -1.52987845e-10   1.80288862e-05  -3.31249606e-06  -1.44726956e-04
  -2.44812217e-04   1.51057655e-04   7.75969814e-03  -1.39652361e-01
   1.13211643e+00]
  HOMO = -0.496640831033063  LUMO = 0.150449841125829
  mo_energy =
[-15.59898197 -11.29095675  -1.23625818  -0.81274756  -0.58187277
  -0.49664083  -0.49664083   0.15044984   0.15380655   0.15380655
   0.19017407   0.34733474   0.34733474   0.36985393   0.48898713
   0.52898853   0.59270212   0.59270212   0.77207632   0.80948102
   0.80948102   0.86018896   0.86018896   1.00980575   1.3722346
   1.3722346    1.39836043   1.41927756   1.41927756   1.5313615
   1.65846462   1.65846462   1.7187878    1.89939091   1.89939091
   2.10042855   2.3921993    2.59700258   2.71612504   2.71646773
   2.71646773   2.92781351   2.92781351   2.92786721   2.92786721
   3.03693926   3.03693926   3.22933695   3.22933695   3.4993899
   3.4993899    3.52394858   3.64488519   3.83435876   3.83435876
   4.29966388   4.29966388   4.32390463   4.32390463   4.59413188
   4.91124949   4.91124949   4.92220348   4.92220348   5.04562066
   5.04562066   5.2206302    5.33437162   5.70251396   5.70251396
   6.10960445   6.10960445   6.29429776   6.89503056  24.22221185
  33.33585854]
E_coul = 55.8056923179827
cycle= 9 E= -92.9116199101876  delta_E= -3e-11  |g|= 1.28e-06  |ddm|= 2.02e-05
    CPU time for cycle= 9      0.03 sec, wall time      0.03 sec
  HOMO = -0.496641261153996  LUMO = 0.150449825025635
  mo_energy =
[-15.59898345 -11.29095742  -1.23625875  -0.81274777  -0.58187328
  -0.49664126  -0.49664126   0.15044983   0.15380631   0.15380631
   0.19017398   0.34733463   0.34733463   0.36985389   0.48898705
   0.52898839   0.59270186   0.59270186   0.77207612   0.80948086
   0.80948086   0.86018882   0.86018882   1.00980548   1.37223441
   1.37223441   1.39836016   1.41927723   1.41927723   1.53136132
   1.65846437   1.65846437   1.71878766   1.89939052   1.89939052
   2.10042812   2.39219901   2.59700212   2.71612487   2.71646711
   2.71646711   2.92781333   2.92781333   2.92786698   2.92786698
   3.03693901   3.03693901   3.2293367    3.2293367    3.49938959
   3.49938959   3.52394827   3.64488485   3.83435857   3.83435857
   4.29966372   4.29966372   4.32390405   4.32390405   4.59413146
   4.91124901   4.91124901   4.92220276   4.92220276   5.04562004
   5.04562004   5.22062975   5.33437115   5.70251339   5.70251339
   6.10960396   6.10960396   6.29429725   6.89503     24.22221119
  33.33585713]
    CPU time for scf_cycle      0.64 sec, wall time      0.65 sec
    CPU time for SCF      0.64 sec, wall time      0.65 sec
converged SCF energy = -92.9116199101876
RHF E = -92.9116199102
RHF eps = [-15.59898345 -11.29095742  -1.23625875  -0.81274777  -0.58187328
  -0.49664126  -0.49664126   0.15044983   0.15380631   0.15380631
   0.19017398   0.34733463   0.34733463   0.36985389   0.48898705
   0.52898839   0.59270186   0.59270186   0.77207612   0.80948086
   0.80948086   0.86018882   0.86018882   1.00980548   1.37223441
   1.37223441   1.39836016   1.41927723   1.41927723   1.53136132
   1.65846437   1.65846437   1.71878766   1.89939052   1.89939052
   2.10042812   2.39219901   2.59700212   2.71612487   2.71646711
   2.71646711   2.92781333   2.92781333   2.92786698   2.92786698
   3.03693901   3.03693901   3.2293367    3.2293367    3.49938959
   3.49938959   3.52394827   3.64488485   3.83435857   3.83435857
   4.29966372   4.29966372   4.32390405   4.32390405   4.59413146
   4.91124901   4.91124901   4.92220276   4.92220276   5.04562004
   5.04562004   5.22062975   5.33437115   5.70251339   5.70251339
   6.10960396   6.10960396   6.29429725   6.89503     24.22221119
  33.33585713]
    CPU time for CCSD integral transformation      2.78 sec, wall time      2.78 sec

******** <class 'pyscf.cc.linrccsd.LinRCCSD'> flags ********
CCSD nocc = 5, nvir = 69
frozen orbitals [0, 1]
max_cycle = 50
direct = 0
conv_tol = 1e-07
conv_tol_normt = 1e-05
diis_space = 6
diis_start_cycle = 0
diis_start_energy_diff = 1e+09
Init t2, MP2 energy = -0.343966756649703
    CPU time for init mp2      0.01 sec, wall time      0.00 sec
    CPU time for update t1 t2      0.19 sec, wall time      0.18 sec
istep = 0  E(CCSD) = -0.343554625338319  dE = -0.343554625  norm(t1,t2) = 0.0871507
    CPU time for CCSD iter      0.19 sec, wall time      0.19 sec
    CPU time for update t1 t2      0.17 sec, wall time      0.18 sec
DIIS for step 1
istep = 1  E(CCSD) = -0.358901909452074  dE = -0.0153472841  norm(t1,t2) = 0.0353535
    CPU time for CCSD iter      0.17 sec, wall time      0.18 sec
    CPU time for update t1 t2      0.18 sec, wall time      0.18 sec
diis-c [ -2.07099959e-04   1.00000000e+00]
DIIS for step 2
istep = 2  E(CCSD) = -0.360000693085491  dE = -0.00109878363  norm(t1,t2) = 0.0195511
    CPU time for CCSD iter      0.18 sec, wall time      0.18 sec
    CPU time for update t1 t2      0.18 sec, wall time      0.18 sec
diis-c [ -6.24485357e-05  -7.79267659e-01   1.77926766e+00]
DIIS for step 3
istep = 3  E(CCSD) = -0.363573167481432  dE = -0.0035724744  norm(t1,t2) = 0.0116438
    CPU time for CCSD iter      0.18 sec, wall time      0.18 sec
    CPU time for update t1 t2      0.19 sec, wall time      0.18 sec
diis-c [ -4.83037773e-06  -3.03711029e-01   9.12257200e-02   1.21248531e+00]
DIIS for step 4
istep = 4  E(CCSD) = -0.3639612719231  dE = -0.000388104442  norm(t1,t2) = 0.00495164
    CPU time for CCSD iter      0.19 sec, wall time      0.18 sec
    CPU time for update t1 t2      0.18 sec, wall time      0.18 sec
diis-c [ -5.39415401e-07   2.95377639e-01  -3.10639869e-01  -6.48784028e-01
   1.66404626e+00]
DIIS for step 5
istep = 5  E(CCSD) = -0.363821631004483  dE = 0.000139640919  norm(t1,t2) = 0.00156125
    CPU time for CCSD iter      0.18 sec, wall time      0.18 sec
    CPU time for update t1 t2      0.18 sec, wall time      0.18 sec
diis-c [ -9.15423129e-08   7.40480794e-02  -6.93274728e-02  -2.00564358e-01
   1.98001554e-01   9.97842198e-01]
DIIS for step 6
istep = 6  E(CCSD) = -0.363880854251133  dE = -5.92232467e-05  norm(t1,t2) = 0.000544021
    CPU time for CCSD iter      0.18 sec, wall time      0.18 sec
    CPU time for update t1 t2      0.18 sec, wall time      0.18 sec
diis-c [ -4.63899522e-09  -8.74555621e-02   8.52533197e-02   2.26986508e-01
  -4.06399441e-01  -4.49064543e-01   1.63067972e+00]
DIIS for step 7
istep = 7  E(CCSD) = -0.363899075399754  dE = -1.82211486e-05  norm(t1,t2) = 0.000204922
    CPU time for CCSD iter      0.18 sec, wall time      0.18 sec
    CPU time for update t1 t2      0.19 sec, wall time      0.18 sec
diis-c [ -7.11133930e-10   1.06894788e+00  -3.74269440e-04   1.42124912e-03
   7.10331661e-03  -1.89334938e-02  -5.81646818e-02]
DIIS for step 8
istep = 8  E(CCSD) = -0.363895627345852  dE = 3.4480539e-06  norm(t1,t2) = 3.91038e-05
    CPU time for CCSD iter      0.19 sec, wall time      0.19 sec
    CPU time for update t1 t2      0.18 sec, wall time      0.18 sec
diis-c [ -1.11936765e-10  -7.95797759e-02   1.11420345e+00  -6.17621661e-04
   2.29194050e-04   2.36921309e-03  -3.66044612e-02]
DIIS for step 9
istep = 9  E(CCSD) = -0.363895848317061  dE = -2.20971209e-07  norm(t1,t2) = 1.57702e-05
    CPU time for CCSD iter      0.19 sec, wall time      0.19 sec
    CPU time for update t1 t2      0.18 sec, wall time      0.18 sec
diis-c [ -6.31616981e-12  -2.15664805e-01  -1.18065195e-02   1.20914875e+00
  -1.14590855e-03   5.00537504e-03   1.44631063e-02]
DIIS for step 10
istep = 10  E(CCSD) = -0.363895049692371  dE = 7.9862469e-07  norm(t1,t2) = 7.31267e-06
    CPU time for CCSD iter      0.18 sec, wall time      0.19 sec
    CPU time for update t1 t2      0.18 sec, wall time      0.18 sec
diis-c [ -8.18456414e-13   3.83192358e-02  -2.46524722e-02  -2.49753394e-01
   1.23838677e+00  -5.90301452e-04  -1.70983629e-03]
DIIS for step 11
istep = 11  E(CCSD) = -0.363895227826458  dE = -1.78134087e-07  norm(t1,t2) = 1.4592e-06
    CPU time for CCSD iter      0.18 sec, wall time      0.18 sec
    CPU time for update t1 t2      0.19 sec, wall time      0.18 sec
diis-c [ -1.03944631e-13   1.93441831e-02   9.95866046e-03  -1.39343352e-01
  -2.54859701e-02   1.13720773e+00  -1.68125074e-03]
DIIS for step 12
istep = 12  E(CCSD) = -0.363895240235441  dE = -1.24089831e-08  norm(t1,t2) = 6.27368e-07
    CPU time for CCSD iter      0.19 sec, wall time      0.18 sec
    CPU time for CCSD      2.38 sec, wall time      2.38 sec
CCSD converged
E(linCCSD) = -93.27551515042303  E_corr = -0.3638952402354408
    CPU time for EOM-CCSD shared one-electron intermediates      0.02 sec, wall time      0.02 sec
    CPU time for EOM-CCSD shared two-electron intermediates      0.03 sec, wall time      0.03 sec
    CPU time for EOM-CCSD IP intermediates      0.05 sec, wall time      0.04 sec
tol 1e-07  toloose 0.000316228
max_cycle 50  max_space 38  max_memory 2000  incore True
davidson 0 6  |r|=  0.4  e= [  0.58605538   0.58605538   0.64541519   0.85708681   1.28077536
  33.71512971]  max|de|= 33.7  lindep=    1
davidson 1 12  |r|= 0.391  e= [  0.51671789   0.51671789   0.51328751   0.7578128    1.26508691
  33.72753736]  max|de|= -0.132  lindep= 0.448
davidson 2 17  |r|=  0.2  e= [  0.51612886   0.51672168   0.51407983   0.75877657   1.14244557
  33.70272201]  max|de|= -0.123  lindep= 0.818
davidson 3 23  |r|= 0.178  e= [  0.51645041   0.51613298   0.51480965   0.75892649   1.06812757
  33.70303486]  max|de|= -0.0743  lindep= 0.851
root 5 converged  |r|= 5.19e-06  e= 33.7030348512  max|de|= -1.23e-08
davidson 4 29  |r|= 0.171  e= [  0.51643921   0.51644902   0.51491508   0.75895693   1.12189552
  33.70303485]  max|de|= 0.0538  lindep= 0.615
davidson 5 34  |r|= 0.0497  e= [  0.51643482   0.51643807   0.51491238   0.7589514    1.09012239
  33.70303485]  max|de|= -0.0318  lindep= 0.904
root 0 converged  |r|= 0.000163  e= 0.516434816299  max|de|= -5.77e-15
root 2 converged  |r|= 0.000141  e= 0.514912378507  max|de|= -1.89e-15
root 3 converged  |r|= 0.000232  e= 0.758951397989  max|de|= -2e-15
root 5 converged  |r|= 5.19e-06  e= 33.7030348512  max|de|= 6.39e-14
davidson 6 6  |r|= 0.0497  e= [  0.51643482   0.51643807   0.51491238   0.7589514    1.09012239
  33.70303485]  max|de|= 6.39e-14  lindep=    1
davidson 7 8  |r|= 0.0174  e= [  0.51643475   0.51643632   0.51491184   0.75895138   1.08970416
  33.70303485]  max|de|= -0.000418  lindep= 0.941
davidson 8 10  |r|= 0.0139  e= [  0.51643474   0.51643363   0.51491319   0.75895248   1.08820864
  33.70303485]  max|de|= -0.0015  lindep= 0.907
davidson 9 12  |r|= 0.0112  e= [  0.51643632   0.51643499   0.51491464   0.75895256   1.08886575
  33.70303485]  max|de|= 0.000657  lindep= 0.842
davidson 10 14  |r|= 0.121  e= [  0.5164365    0.51643578   0.51491269   0.75895197   1.09170094
  33.70303485]  max|de|= 0.00284  lindep= 0.84
davidson 11 16  |r|= 0.0109  e= [  0.51643648   0.516436     0.51491236   0.75895182   1.0881782
  33.70303485]  max|de|= -0.00352  lindep= 0.817
root 1 converged  |r|= 4.55e-06  e= 0.516436074594  max|de|= 7.87e-08
davidson 12 18  |r|= 0.00589  e= [  0.51643607   0.51643607   0.51491276   0.75895175   1.08836091
  33.70303485]  max|de|= 0.000183  lindep= 0.837
davidson 13 19  |r|= 0.0182  e= [  0.51643607   0.51643607   0.51491504   0.75895251   1.0881006
  33.70303485]  max|de|= -0.00026  lindep= 0.851
davidson 14 20  |r|= 0.0319  e= [  0.51643607   0.51643607   0.51491414   0.75895224   1.08925464
  33.70303485]  max|de|= 0.00115  lindep= 0.674
davidson 15 21  |r|= 0.00955  e= [  0.51643606   0.51643606   0.51491399   0.75895224   1.08880197
  33.70303485]  max|de|= -0.000453  lindep= 0.643
davidson 16 22  |r|= 0.0029  e= [  0.51643606   0.51643606   0.51491411   0.75895222   1.08853743
  33.70303485]  max|de|= -0.000265  lindep= 0.867
davidson 17 23  |r|= 0.00185  e= [  0.51643611   0.51643611   0.51491386   0.75895248   1.08845097
  33.70303485]  max|de|= -8.65e-05  lindep= 0.79
davidson 18 24  |r|= 0.00209  e= [  0.51643627   0.51643607   0.51491385   0.75895257   1.08840689
  33.70303485]  max|de|= -4.41e-05  lindep= 0.652
davidson 19 25  |r|= 0.000889  e= [  0.51643654   0.51643599   0.51491384   0.75895235   1.08852687
  33.70303485]  max|de|= 0.00012  lindep= 0.669
davidson 20 26  |r|= 0.000682  e= [  0.51643634   0.516436     0.51491383   0.75895201   1.08857029
  33.70303485]  max|de|= 4.34e-05  lindep= 0.739
davidson 21 27  |r|= 0.00068  e= [  0.51643633   0.516436     0.51491382   0.75895249   1.08856461
  33.70303485]  max|de|= -5.68e-06  lindep= 0.737
davidson 22 28  |r|= 0.000863  e= [  0.51643629   0.516436     0.51491381   0.75895286   1.08853814
  33.70303485]  max|de|= -2.65e-05  lindep= 0.663
davidson 23 29  |r|= 0.00112  e= [  0.51643628   0.516436     0.51491373   0.75895292   1.08855909
  33.70303485]  max|de|= 2.1e-05  lindep= 0.666
davidson 24 30  |r|= 0.000413  e= [  0.51643624   0.516436     0.51491328   0.75895288   1.08854006
  33.70303485]  max|de|= -1.9e-05  lindep= 0.798
davidson 25 31  |r|= 0.000271  e= [  0.51643624   0.51643601   0.51491282   0.75895309   1.0885491
  33.70303485]  max|de|= 9.04e-06  lindep= 0.824
davidson 26 32  |r|= 0.000191  e= [  0.51643623   0.51643601   0.51491275   0.75895325   1.08853046
  33.70303485]  max|de|= -1.86e-05  lindep= 0.817
davidson 27 33  |r|= 0.00227  e= [  0.51643617   0.51643603   0.51491273   0.75895326   1.088605
  33.70303485]  max|de|= 7.45e-05  lindep= 0.844
root 0 converged  |r|= 9.68e-06  e= 0.516436166081  max|de|= 1.54e-14
root 1 converged  |r|= 4.36e-06  e= 0.516436025513  max|de|= -1.82e-14
root 2 converged  |r|= 0.000124  e= 0.514912733674  max|de|= 7.77e-16
root 3 converged  |r|= 0.000194  e= 0.758953258365  max|de|= -2.55e-15
root 5 converged  |r|= 5.25e-06  e= 33.7030348512  max|de|= -6.39e-14
davidson 28 6  |r|= 0.00227  e= [  0.51643617   0.51643603   0.51491273   0.75895326   1.088605
  33.70303485]  max|de|= -6.39e-14  lindep=    1
davidson 29 7  |r|= 0.00239  e= [  0.51643615   0.51643603   0.51491274   0.75895331   1.08848347
  33.70303485]  max|de|= -0.000122  lindep= 0.998
davidson 30 8  |r|= 0.00331  e= [  0.5164361    0.51643607   0.5149127    0.75895331   1.08865666
  33.70303485]  max|de|= 0.000173  lindep= 0.974
davidson 31 9  |r|= 0.00172  e= [  0.5164361    0.51643606   0.51491268   0.75895325   1.08853999
  33.70303485]  max|de|= -0.000117  lindep= 0.83
davidson 32 10  |r|= 0.0512  e= [  0.51643613   0.51643604   0.51491258   0.75895323   1.09078034
  33.70303485]  max|de|= 0.00224  lindep= 0.737
davidson 33 11  |r|= 0.00159  e= [  0.51643615   0.51643602   0.51491252   0.7589531    1.08853733
  33.70303485]  max|de|= -0.00224  lindep= 0.895
davidson 34 12  |r|= 0.00186  e= [  0.51643614   0.51643602   0.51491244   0.75895305   1.08846633
  33.70303485]  max|de|= -7.1e-05  lindep= 0.822
davidson 35 13  |r|= 0.00338  e= [  0.51643624   0.51643598   0.51491234   0.75895285   1.08844045
  33.70303485]  max|de|= -2.59e-05  lindep= 0.738
davidson 36 14  |r|= 0.00135  e= [  0.51643627   0.51643597   0.51491234   0.75895281   1.08852609
  33.70303485]  max|de|= 8.56e-05  lindep= 0.772
davidson 37 15  |r|= 0.00321  e= [  0.51643627   0.51643597   0.51491222   0.75895282   1.08840342
  33.70303485]  max|de|= -0.000123  lindep= 0.872
davidson 38 16  |r|= 0.000897  e= [  0.51643628   0.51643597   0.51491199   0.75895277   1.08857849
  33.70303485]  max|de|= 0.000175  lindep= 0.635
davidson 39 17  |r|= 0.000452  e= [  0.51643627   0.51643598   0.51491182   0.75895271   1.08853203
  33.70303485]  max|de|= -4.65e-05  lindep= 0.771
davidson 40 18  |r|= 0.000387  e= [  0.51643629   0.51643598   0.5149118    0.75895259   1.08852836
  33.70303485]  max|de|= -3.67e-06  lindep= 0.775
davidson 41 19  |r|= 0.00351  e= [  0.51643629   0.51643597   0.51491177   0.75895241   1.08867195
  33.70303485]  max|de|= 0.000144  lindep= 0.804
davidson 42 20  |r|= 0.000335  e= [  0.51643629   0.51643597   0.51491149   0.75895191   1.08854342
  33.70303485]  max|de|= -0.000129  lindep= 0.706
davidson 43 21  |r|= 0.000297  e= [  0.51643629   0.51643597   0.51491157   0.75895193   1.08855074
  33.70303485]  max|de|= 7.32e-06  lindep= 0.798
davidson 44 22  |r|= 0.000849  e= [  0.51643626   0.51643598   0.51491143   0.75895118   1.08851196
  33.70303485]  max|de|= -3.88e-05  lindep= 0.787
davidson 45 23  |r|= 0.000889  e= [  0.51643626   0.51643598   0.51491142   0.75895113   1.08855985
  33.70303485]  max|de|= 4.79e-05  lindep= 0.752
davidson 46 24  |r|= 0.000459  e= [  0.51643634   0.51643596   0.51491166   0.75895106   1.08853108
  33.70303485]  max|de|= -2.88e-05  lindep= 0.645
davidson 47 25  |r|= 0.000322  e= [  0.51643638   0.51643596   0.51491167   0.75895103   1.08852994
  33.70303485]  max|de|= -1.15e-06  lindep= 0.725
davidson 48 26  |r|= 0.000311  e= [  0.51643641   0.51643596   0.51491165   0.75895101   1.08853462
  33.70303485]  max|de|= 4.68e-06  lindep= 0.771
davidson 49 27  |r|= 0.000682  e= [  0.51643641   0.51643596   0.51491179   0.75895101   1.08855827
  33.70303485]  max|de|= 2.37e-05  lindep= 0.759
IP root 0 E = 0.5164364055497825  qpwt = 0.967051
IP root 1 E = 0.5164359604767554  qpwt = 0.96705
IP root 2 E = 0.5149117866150329  qpwt = 0.931277
IP root 3 E = 0.7589510104947554  qpwt = 0.928551
IP root 4 E = 1.088558270643784  qpwt = 0.527432
IP root 5 E = 33.7030348511927  qpwt = 4.74776e-22
    CPU time for IP-CCSD      0.71 sec, wall time      0.71 sec
    CPU time for EOM-CCSD shared one-electron intermediates      0.02 sec, wall time      0.02 sec
    CPU time for EOM-CCSD EA intermediates      1.98 sec, wall time      1.98 sec
tol 1e-07  toloose 0.000316228
max_cycle 50  max_space 38  max_memory 2000  incore True
davidson 0 6  |r|= 0.329  e= [ 0.1615195   0.19280965  0.19280965  0.19779603  0.36517305  0.36517305]  max|de|= 0.365  lindep=    1
davidson 1 12  |r|= 0.0485  e= [ 0.13170836  0.12704538  0.12704538  0.16947572  0.31347911  0.31347911]  max|de|= -0.0658  lindep= 0.982
davidson 2 16  |r|= 0.0668  e= [ 0.12852779  0.12486844  0.12176797  0.16784421  0.31015024  0.31247785]  max|de|= -0.00528  lindep= 0.923
davidson 3 22  |r|= 0.019  e= [ 0.12846346  0.12188234  0.12198453  0.16789546  0.31043718  0.3100333 ]  max|de|= -0.00299  lindep= 0.927
davidson 4 28  |r|= 0.0048  e= [ 0.12848932  0.12193554  0.12186545  0.16788975  0.3102758   0.31032143]  max|de|= 0.000288  lindep= 0.893
davidson 5 34  |r|= 0.00103  e= [ 0.12849799  0.12186558  0.12189748  0.16789087  0.31028725  0.31027657]  max|de|= -7e-05  lindep= 0.88
root 0 converged  |r|= 0.000189  e= 0.128497990089  max|de|= -7.77e-16
root 2 converged  |r|= 0.000222  e= 0.121897481703  max|de|= 1.97e-15
root 3 converged  |r|= 0.00015  e= 0.167890868586  max|de|= 6.38e-16
davidson 6 6  |r|= 0.00103  e= [ 0.12849799  0.12186558  0.12189748  0.16789087  0.31028725  0.31027657]  max|de|= 1.97e-15  lindep=    1
davidson 7 9  |r|= 0.000242  e= [ 0.12849799  0.12190289  0.12189911  0.16789087  0.3102866   0.31029052]  max|de|= 3.73e-05  lindep= 0.958
davidson 8 12  |r|= 0.000169  e= [ 0.12849799  0.12189932  0.12189677  0.16789087  0.31028862  0.31028467]  max|de|= -5.85e-06  lindep= 0.788
davidson 9 15  |r|= 3.6e-05  e= [ 0.12849799  0.12189701  0.12189701  0.16789087  0.31028773  0.31028958]  max|de|= 4.91e-06  lindep= 0.595
davidson 10 18  |r|= 2.46e-05  e= [ 0.12849799  0.12189764  0.12189764  0.16789087  0.31028802  0.31028772]  max|de|= -1.86e-06  lindep= 0.395
davidson 11 21  |r|= 2.26e-05  e= [ 0.12849799  0.12189675  0.12189774  0.16789087  0.31028792  0.31028799]  max|de|= -8.94e-07  lindep= 0.669
root 4 converged  |r|= 6.18e-07  e= 0.310287966275  max|de|= 4.4e-08
root 5 converged  |r|= 1.71e-06  e= 0.310287921025  max|de|= -7.11e-08
davidson 12 24  |r|= 4.79e-06  e= [ 0.12849799  0.12189798  0.12189777  0.16789087  0.31028797  0.31028792]  max|de|= 1.23e-06  lindep= 0.676
davidson 13 25  |r|= 1.02e-06  e= [ 0.12849799  0.1218977   0.12189777  0.16789087  0.31028797  0.31028793]  max|de|= -2.8e-07  lindep= 0.854
root 1 converged  |r|= 3.53e-07  e= 0.121897725652  max|de|= 2.77e-08
converge 14 26  |r|= 3.53e-07  e= [ 0.12849799  0.12189773  0.12189778  0.16789087  0.31028797  0.31028793]  max|de|= 2.77e-08
EA root 0 E = 0.1284979900890533  qpwt = 0.984062
EA root 1 E = 0.1218977256519451  qpwt = 0.968373
EA root 2 E = 0.1218977797750747  qpwt = 0.968373
EA root 3 E = 0.1678908685862967  qpwt = 0.988497
EA root 4 E = 0.3102879657759709  qpwt = 0.970333
EA root 5 E = 0.3102879336023936  qpwt = 0.970333
    CPU time for EA-CCSD      9.04 sec, wall time      9.05 sec
