

******** <class 'pyscf.scf.hf.RHF'> flags ********
method = RHF
initial guess = minao
damping factor = 0
level shift factor = 0
Do DIIS = True
DIIS start cycle = 1
DIIS space = 8
SCF tol = 1e-09
SCF gradient tol = None
max. SCF cycles = 50
direct_scf = True
direct_scf_tol = 1e-13
chkfile to save SCF result = /tmp/tmpwj7s5B
max_memory 4000 MB (current use 39 MB)
Set gradient conv threshold to 3.16228e-05
Nelec from initial guess = 29.9966
cond(S) = 7147.62199054
E_coul = 270.214228065103
init E= -510.893063794879
    CPU time for initialize scf      1.16 sec, wall time      1.18 sec
  HOMO = -0.350568707854862  LUMO = 0.0352383078592762
  mo_energy =
[ -9.19668510e+01  -2.07945067e+01  -1.14779072e+01  -9.01444761e+00
  -6.68584310e+00  -6.67902499e+00  -6.67902499e+00  -1.79161172e+00
  -1.20684322e+00  -7.40825945e-01  -6.08349044e-01  -6.08349044e-01
  -5.49529228e-01  -3.50568708e-01  -3.50568708e-01   3.52383079e-02
   3.52383079e-02   1.03574857e-01   1.95693347e-01   2.41155541e-01
   3.24581104e-01   3.24581104e-01   3.97980279e-01   4.26057861e-01
   4.26057861e-01   4.88404556e-01   4.88404556e-01   5.05332404e-01
   6.13391959e-01   6.13391959e-01   6.82719741e-01   6.92227268e-01
   6.92227268e-01   8.50118002e-01   8.50118002e-01   8.74309137e-01
   9.63020909e-01   1.10488211e+00   1.30139768e+00   1.30139768e+00
   1.38723272e+00   1.58893023e+00   1.65822700e+00   1.65822700e+00
   1.67997675e+00   1.67997675e+00   1.71104776e+00   1.71104776e+00
   1.72953367e+00   1.72953367e+00   1.79320450e+00   1.89270724e+00
   1.89270724e+00   2.03071321e+00   2.03071321e+00   2.05619948e+00
   2.05619948e+00   2.06327491e+00   2.20888582e+00   2.20888582e+00
   2.53806348e+00   2.54512411e+00   2.54512411e+00   2.58574003e+00
   2.91463720e+00   2.91463720e+00   2.95177615e+00   3.19228688e+00
   3.19228688e+00   3.21163694e+00   3.21163694e+00   3.27452863e+00
   3.27452863e+00   3.29923046e+00   3.50889989e+00   3.50889989e+00
   3.67399362e+00   4.10809222e+00   4.10809222e+00   4.22715619e+00
   5.05362302e+00   5.44427009e+00   5.44427009e+00   5.84160233e+00
   5.84160233e+00   6.64678473e+00   6.64678473e+00   6.64779675e+00
   6.64779675e+00   6.83150027e+00   7.11593620e+00   7.11593620e+00
   7.18130206e+00   7.18130206e+00   7.37580710e+00   7.47891915e+00
   7.47891915e+00   7.70212340e+00   9.55257774e+00   9.55257774e+00
   1.00721836e+01   2.16480895e+01   2.36983389e+01   4.52444043e+01]
E_coul = 270.479183425999
cycle= 1 E= -510.26532724127  delta_E= 0.628  |g|= 0.574  |ddm|= 1.76
    CPU time for cycle= 1      0.08 sec, wall time      0.08 sec
diis-norm(errvec)=1.61772
diis-c [-2.61701094  1.        ]
  HOMO = -0.444193482410252  LUMO = 0.0641824715638734
  mo_energy =
[ -9.20292335e+01  -2.04731379e+01  -1.16822570e+01  -9.03366757e+00
  -6.71648081e+00  -6.71099548e+00  -6.71099548e+00  -1.50901681e+00
  -1.17554363e+00  -7.37899012e-01  -6.70351031e-01  -6.70351031e-01
  -6.54352943e-01  -4.44193482e-01  -4.44193482e-01   6.41824716e-02
   6.41824716e-02   1.30671582e-01   1.83288252e-01   2.48729289e-01
   2.89530084e-01   2.89530084e-01   4.15221124e-01   4.15221124e-01
   4.16221548e-01   4.56344273e-01   4.56344273e-01   5.39094453e-01
   6.26800455e-01   6.26800455e-01   6.88968115e-01   7.15001702e-01
   7.15001702e-01   7.88130321e-01   7.88130321e-01   8.84355670e-01
   1.01118103e+00   1.06820056e+00   1.28251589e+00   1.28251589e+00
   1.36186659e+00   1.53610883e+00   1.53610883e+00   1.57247732e+00
   1.69660023e+00   1.69660023e+00   1.70834530e+00   1.70834530e+00
   1.72482268e+00   1.72482268e+00   1.76603150e+00   1.88517838e+00
   1.88517838e+00   2.03952705e+00   2.03952705e+00   2.05300095e+00
   2.05300095e+00   2.05451654e+00   2.26233584e+00   2.26233584e+00
   2.54786097e+00   2.55899969e+00   2.55899969e+00   2.61462516e+00
   2.77489101e+00   2.77489101e+00   2.90988156e+00   3.04494314e+00
   3.04494314e+00   3.18508501e+00   3.18508501e+00   3.20168188e+00
   3.20168188e+00   3.46006296e+00   3.53663938e+00   3.53663938e+00
   3.62231885e+00   4.05966017e+00   4.05966017e+00   4.17801125e+00
   5.09637755e+00   5.59330761e+00   5.59330761e+00   5.96521813e+00
   5.96521813e+00   6.73024145e+00   6.73024145e+00   6.85366538e+00
   6.85366538e+00   6.92698805e+00   7.16587177e+00   7.16587177e+00
   7.31350693e+00   7.31350693e+00   7.46826360e+00   7.46826360e+00
   7.47028226e+00   7.76799583e+00   9.52833495e+00   9.52833495e+00
   1.00421197e+01   2.16098629e+01   2.35142412e+01   4.55420434e+01]
E_coul = 271.41382113151
cycle= 2 E= -510.296835691226  delta_E= -0.0315  |g|= 0.484  |ddm|= 0.487
    CPU time for cycle= 2      0.08 sec, wall time      0.08 sec
diis-norm(errvec)=1.27895
diis-c [-0.14542336  0.4370994   0.5629006 ]
  HOMO = -0.425220795471582  LUMO = 0.104985476506901
  mo_energy =
[-91.99910817 -20.68921401 -11.43555076  -9.00311082  -6.68480905
  -6.68162943  -6.68162943  -1.51550016  -1.09326687  -0.78387633
  -0.66666232  -0.66666232  -0.63689483  -0.4252208   -0.4252208
   0.10498548   0.10498548   0.15193959   0.21189909   0.25161233
   0.3184421    0.3184421    0.43231121   0.43328824   0.43328824
   0.48845543   0.48845543   0.53675654   0.64319411   0.64319411
   0.7057524    0.7057524    0.70841521   0.83904127   0.83904127
   0.89338168   0.99061994   1.12967618   1.31302101   1.31302101
   1.41681241   1.59829062   1.6483913    1.6483913    1.70947923
   1.70947923   1.73083406   1.73083406   1.74667416   1.74667416
   1.80310739   1.90947446   1.90947446   2.04907074   2.04907074
   2.06683855   2.06683855   2.08426272   2.24986997   2.24986997
   2.56601786   2.56601786   2.57108808   2.6016477    2.87933501
   2.87933501   2.96579907   3.18323508   3.18323508   3.22669465
   3.22669465   3.27668491   3.27668491   3.3708371    3.54085583
   3.54085583   3.70002067   4.12595738   4.12595738   4.2507599
   5.10941544   5.51934946   5.51934946   5.91417088   5.91417088
   6.71136808   6.71136808   6.73867739   6.73867739   6.91029011
   7.19281257   7.19281257   7.21148033   7.21148033   7.44212868
   7.49325171   7.49325171   7.74445438   9.55672603   9.55672603
  10.07698648  21.65707234  23.7305943   45.33845622]
E_coul = 271.327976882183
cycle= 3 E= -510.338682153826  delta_E= -0.0418  |g|= 0.0535  |ddm|= 0.219
    CPU time for cycle= 3      0.09 sec, wall time      0.09 sec
diis-norm(errvec)=0.130994
diis-c [-0.01010678 -0.03771641  0.0211804   1.01653601]
  HOMO = -0.419620428868773  LUMO = 0.11503074784782
  mo_energy =
[-91.9885916  -20.63559349 -11.42363748  -8.99591351  -6.67742006
  -6.67492779  -6.67492779  -1.49388433  -1.08855448  -0.76865868
  -0.65167366  -0.65167366  -0.63546322  -0.41962043  -0.41962043
   0.11503075   0.11503075   0.15606067   0.21419743   0.25397323
   0.32048842   0.32048842   0.43560945   0.43560945   0.43712175
   0.49074564   0.49074564   0.54147824   0.65026012   0.65026012
   0.70963369   0.70963369   0.71425421   0.84361085   0.84361085
   0.8980874    0.99641579   1.13524449   1.32045778   1.32045778
   1.42826192   1.60481688   1.6551491    1.6551491    1.7173967
   1.7173967    1.73687473   1.73687473   1.75124847   1.75124847
   1.80795755   1.91206219   1.91206219   2.0549386    2.0549386
   2.07066834   2.07066834   2.0911199    2.25997696   2.25997696
   2.57456158   2.57456158   2.57772813   2.61151732   2.88421392
   2.88421392   2.97292888   3.19029944   3.19029944   3.2435051
   3.2435051    3.28554197   3.28554197   3.38880137   3.55578758
   3.55578758   3.71353157   4.13712698   4.13712698   4.26469934
   5.13064472   5.53978871   5.53978871   5.93573842   5.93573842
   6.73329148   6.73329148   6.76704892   6.76704892   6.93577765
   7.1981345    7.1981345    7.23736062   7.23736062   7.46050298
   7.50116459   7.50116459   7.75995509   9.5624013    9.5624013
  10.08401602  21.66420704  23.74182681  45.38918425]
E_coul = 271.198975351933
cycle= 4 E= -510.339379916938  delta_E= -0.000698  |g|= 0.0235  |ddm|= 0.0505
    CPU time for cycle= 4      0.08 sec, wall time      0.08 sec
diis-norm(errvec)=0.060899
diis-c [-0.00108574 -0.05397873 -0.04601542  0.3116573   0.78833685]
  HOMO = -0.419766237010483  LUMO = 0.112644826749209
  mo_energy =
[-91.98362438 -20.65633433 -11.4351986   -8.99111741  -6.67279745
  -6.67024157  -6.67024157  -1.50472982  -1.08995673  -0.77773031
  -0.65945251  -0.65945251  -0.63580915  -0.41976624  -0.41976624
   0.11264483   0.11264483   0.15527569   0.21470318   0.25406479
   0.31861254   0.31861254   0.43608489   0.43641567   0.43641567
   0.4923353    0.4923353    0.53845189   0.64907312   0.64907312
   0.70791352   0.70791352   0.71267399   0.83999715   0.83999715
   0.89843669   0.99302333   1.13350025   1.31697052   1.31697052
   1.42197741   1.60063254   1.64909262   1.64909262   1.71580821
   1.71580821   1.73691102   1.73691102   1.75280532   1.75280532
   1.80971231   1.91533128   1.91533128   2.05486663   2.05486663
   2.07425566   2.07425566   2.08964121   2.25564658   2.25564658
   2.57257852   2.57257852   2.57761269   2.60735296   2.87777456
   2.87777456   2.97187033   3.18284876   3.18284876   3.23505346
   3.23505346   3.27958823   3.27958823   3.37993077   3.548891     3.548891
   3.70680996   4.13097484   4.13097484   4.25714304   5.1214321
   5.52954926   5.52954926   5.92562369   5.92562369   6.7246346
   6.7246346    6.75443714   6.75443714   6.92520215   7.20254208
   7.20254208   7.2259443    7.2259443    7.45561966   7.5032043
   7.5032043    7.75679319   9.5667161    9.5667161   10.08775186
  21.66729385  23.73193122  45.36945668]
E_coul = 271.226158514409
cycle= 5 E= -510.339512100195  delta_E= -0.000132  |g|= 0.00508  |ddm|= 0.0185
    CPU time for cycle= 5      0.09 sec, wall time      0.09 sec
diis-norm(errvec)=0.012558
diis-c [ -8.77238132e-05  -3.68069878e-03  -7.12159590e-03  -5.00410545e-02
   8.79854413e-02   9.72857908e-01]
  HOMO = -0.420702107230784  LUMO = 0.112285442978906
  mo_energy =
[-91.98964018 -20.65507123 -11.43492683  -8.9955192   -6.6773671
  -6.6747546   -6.6747546   -1.50421601  -1.09090633  -0.77733445
  -0.6588881   -0.6588881   -0.63743093  -0.42070211  -0.42070211
   0.11228544   0.11228544   0.15505271   0.2139004    0.25364033
   0.31858922   0.31858922   0.4355803    0.4358995    0.4358995
   0.49120944   0.49120944   0.53875372   0.64849982   0.64849982
   0.70769861   0.70769861   0.7120514    0.83970101   0.83970101
   0.89757231   0.99312894   1.13245449   1.31661847   1.31661847
   1.42186585   1.60039506   1.6489915    1.6489915    1.71503554
   1.71503554   1.73561366   1.73561366   1.75103677   1.75103677
   1.80775069   1.91386701   1.91386701   2.05383417   2.05383417
   2.07235486   2.07235486   2.08870755   2.25549056   2.25549056
   2.57178434   2.57178434   2.57644549   2.60708972   2.8775553
   2.8775553    2.97043399   3.18274462   3.18274462   3.23529222
   3.23529222   3.27930891   3.27930891   3.38076102   3.54880751
   3.54880751   3.70663836   4.13066861   4.13066861   4.25697598
   5.12136779   5.53018374   5.53018374   5.92619922   5.92619922
   6.72447236   6.72447236   6.75533682   6.75533682   6.92548605
   7.1989921    7.1989921    7.22698889   7.22698889   7.45464039
   7.50019232   7.50019232   7.75536064   9.56300567   9.56300567
  10.08401118  21.66384316  23.73191472  45.37067846]
E_coul = 271.233186323192
cycle= 6 E= -510.339524042558  delta_E= -1.19e-05  |g|= 0.00193  |ddm|= 0.00582
    CPU time for cycle= 6      0.08 sec, wall time      0.08 sec
diis-norm(errvec)=0.00484194
diis-c [ -9.39047597e-06   6.05698996e-03   6.10264579e-03  -1.38204668e-02
  -1.18206553e-01  -1.49165265e-01   1.26903265e+00]
  HOMO = -0.420471588156295  LUMO = 0.112316567794351
  mo_energy =
[-91.98768917 -20.65546282 -11.43497628  -8.99425951  -6.67609293
  -6.67344007  -6.67344007  -1.50452842  -1.0906988   -0.77776356
  -0.65907041  -0.65907041  -0.63716862  -0.42047159  -0.42047159
   0.11231657   0.11231657   0.15503737   0.21394391   0.25371991
   0.31852634   0.31852634   0.43560184   0.43605685   0.43605685
   0.49152314   0.49152314   0.53858759   0.64858954   0.64858954
   0.70766053   0.70766053   0.71208807   0.83957792   0.83957792
   0.89771151   0.99293849   1.13253541   1.31654969   1.31654969
   1.42171316   1.6002341    1.64884745   1.64884745   1.71514225
   1.71514225   1.73595992   1.73595992   1.751439     1.751439
   1.80813079   1.91439433   1.91439433   2.05401896   2.05401896
   2.0729041    2.0729041    2.08879681   2.25534578   2.25534578
   2.57185982   2.57185982   2.57662113   2.60697484   2.87731125
   2.87731125   2.97061596   3.18254083   3.18254083   3.23506197
   3.23506197   3.2791156    3.2791156    3.38034989   3.54864041
   3.54864041   3.70652872   4.13050063   4.13050063   4.25675366
   5.1211689    5.52967051   5.52967051   5.92577013   5.92577013
   6.72429575   6.72429575   6.75485002   6.75485002   6.92520191
   7.20005201   7.20005201   7.22655987   7.22655987   7.4548082
   7.50092764   7.50092764   7.75566226   9.56410451   9.56410451
  10.08497839  21.66478847  23.73192316  45.37028112]
E_coul = 271.229278942257
cycle= 7 E= -510.339526002916  delta_E= -1.96e-06  |g|= 0.000496  |ddm|= 0.00278
    CPU time for cycle= 7      0.08 sec, wall time      0.08 sec
diis-norm(errvec)=0.00121022
diis-c [ -5.16089986e-07   5.56360109e-05  -7.36195213e-05   4.14214553e-03
  -3.19904088e-03  -6.05704800e-02  -1.33700175e-01   1.19334553e+00]
  HOMO = -0.420504281993078  LUMO = 0.112315289468085
  mo_energy =
[-91.98813274 -20.65566338 -11.43493768  -8.99446763  -6.67630779
  -6.67365564  -6.67365564  -1.50461029  -1.09075746  -0.77788546
  -0.65912933  -0.65912933  -0.63720285  -0.42050428  -0.42050428
   0.11231529   0.11231529   0.15502094   0.213929     0.25371929
   0.3185244    0.3185244    0.43557767   0.43605835   0.43605835
   0.49152195   0.49152195   0.53855693   0.64857825   0.64857825
   0.70763066   0.70763066   0.71207013   0.83956705   0.83956705
   0.89769429   0.99288653   1.13250598   1.3165301    1.3165301
   1.42169438   1.6002016    1.64885833   1.64885833   1.71509842
   1.71509842   1.73592979   1.73592979   1.75138263   1.75138263
   1.80808114   1.91441142   1.91441142   2.05399516   2.05399516
   2.07288517   2.07288517   2.08874845   2.2552845    2.2552845
   2.57181423   2.57181423   2.57659422   2.60690617   2.87731786
   2.87731786   2.97056861   3.18255701   3.18255701   3.23501532
   3.23501532   3.27909765   3.27909765   3.3802285    3.54858924
   3.54858924   3.70649071   4.13046374   4.13046374   4.25672913
   5.12108871   5.52955658   5.52955658   5.92568118   5.92568118
   6.72421111   6.72421111   6.75471092   6.75471092   6.92512846
   7.19994824   7.19994824   7.22643733   7.22643733   7.45468169
   7.50080605   7.50080605   7.75554732   9.56395561   9.56395561
  10.084809    21.66463732  23.73194385  45.37008874]
E_coul = 271.230524089084
cycle= 8 E= -510.339526153363  delta_E= -1.5e-07  |g|= 0.000122  |ddm|= 0.000911
    CPU time for cycle= 8      0.10 sec, wall time      0.09 sec
diis-norm(errvec)=0.000303676
diis-c [ -1.47909375e-08  -4.97658702e-04  -5.36884723e-04   1.37733810e-03
   8.40494385e-03   1.99534217e-02  -9.50615255e-02  -9.45892584e-02
   1.16094962e+00]
  HOMO = -0.42048276159842  LUMO = 0.112326921724744
  mo_energy =
[-91.98800069 -20.65568254 -11.43492781  -8.99438244  -6.67621812
  -6.67356703  -6.67356703  -1.50463112  -1.09072712  -0.77789624
  -0.65913448  -0.65913448  -0.63717449  -0.42048276  -0.42048276
   0.11232692   0.11232692   0.15502462   0.21393962   0.2537292
   0.31852803   0.31852803   0.43558923   0.43607111   0.43607111
   0.49155159   0.49155159   0.53855507   0.64859083   0.64859083
   0.7076337    0.7076337    0.71207923   0.83957412   0.83957412
   0.89770617   0.99288218   1.13252654   1.31653714   1.31653714
   1.42169935   1.60020353   1.648867     1.648867     1.71511347
   1.71511347   1.73596309   1.73596309   1.75142073   1.75142073
   1.80811123   1.91445319   1.91445319   2.05401582   2.05401582
   2.07292155   2.07292155   2.08876809   2.25528572   2.25528572
   2.57182859   2.57182859   2.57660866   2.60690874   2.8773279
   2.8773279    2.97059286   3.18256921   3.18256921   3.23501616
   3.23501616   3.27910584   3.27910584   3.38021445   3.54859314
   3.54859314   3.70650324   4.1304719    4.1304719    4.25672886
   5.12109111   5.52953575   5.52953575   5.92566558   5.92566558
   6.72421032   6.72421032   6.75469046   6.75469046   6.92511909
   7.20002329   7.20002329   7.22642121   7.22642121   7.45470031
   7.50086019   7.50086019   7.75557323   9.56403219   9.56403219
  10.08487933  21.66470408  23.73195873  45.37007047]
E_coul = 271.230340863923
cycle= 9 E= -510.33952615935  delta_E= -5.99e-09  |g|= 1.36e-05  |ddm|= 0.000191
    CPU time for cycle= 9      0.08 sec, wall time      0.09 sec
diis-norm(errvec)=3.34176e-05
diis-c [ -5.37663691e-10   1.01699734e+00   2.76305489e-06  -1.12190584e-04
  -1.57944235e-04   2.26206780e-03   4.04108143e-03  -3.33591881e-02
   1.03260749e-02]
  HOMO = -0.420485310087442  LUMO = 0.112323896767223
  mo_energy =
[-91.98800678 -20.65568674 -11.43492735  -8.99438839  -6.67622424
  -6.67357292  -6.67357292  -1.50463293  -1.0907302   -0.77789613
  -0.65913498  -0.65913498  -0.63717545  -0.42048531  -0.42048531
   0.1123239    0.1123239    0.15502319   0.21393852   0.2537285
   0.31852644   0.31852644   0.43558818   0.43607034   0.43607034
   0.49154972   0.49154972   0.53855383   0.64858885   0.64858885
   0.70763253   0.70763253   0.71207731   0.83957195   0.83957195
   0.89770515   0.99288123   1.13252342   1.31653467   1.31653467
   1.42169667   1.6002015    1.64886497   1.64886497   1.71511133
   1.71511133   1.7359604    1.7359604    1.75141683   1.75141683
   1.80810823   1.91445145   1.91445145   2.05401367   2.05401367
   2.07291958   2.07291958   2.08876513   2.25528382   2.25528382
   2.57182618   2.57182618   2.57660714   2.6069068    2.87732482
   2.87732482   2.97058946   3.18256639   3.18256639   3.2350131
   3.2350131    3.2791028    3.2791028    3.38021259   3.54859009
   3.54859009   3.70649905   4.1304687    4.1304687    4.25672671
   5.12108725   5.52953397   5.52953397   5.92566359   5.92566359
   6.72420776   6.72420776   6.75468801   6.75468801   6.9251173
   7.20001856   7.20001856   7.22641862   7.22641862   7.45469641
   7.50085526   7.50085526   7.75556933   9.5640273    9.5640273
  10.08487375  21.66469901  23.73195843  45.3700664 ]
E_coul = 271.230373901058
cycle= 10 E= -510.339526159416  delta_E= -6.62e-11  |g|= 3.28e-06  |ddm|= 1.97e-05
    CPU time for cycle= 10      0.09 sec, wall time      0.08 sec
  HOMO = -0.420485424797071  LUMO = 0.112323678345741
  mo_energy =
[-91.9880068  -20.65568703 -11.4349284   -8.99438791  -6.67622384
  -6.67357244  -6.67357244  -1.50463319  -1.09073028  -0.77789593
  -0.65913521  -0.65913521  -0.6371755   -0.42048542  -0.42048542
   0.11232368   0.11232368   0.15502311   0.21393844   0.25372853
   0.31852628   0.31852628   0.43558827   0.43607032   0.43607032
   0.49154978   0.49154978   0.53855383   0.64858879   0.64858879
   0.70763261   0.70763261   0.71207722   0.83957163   0.83957163
   0.89770512   0.99288137   1.13252314   1.31653443   1.31653443
   1.42169626   1.60020134   1.64886439   1.64886439   1.71511149
   1.71511149   1.73596062   1.73596062   1.751417     1.751417
   1.80810827   1.91445171   1.91445171   2.05401374   2.05401374
   2.0729198    2.0729198    2.0887651    2.25528384   2.25528384
   2.57182616   2.57182616   2.57660702   2.60690674   2.87732409
   2.87732409   2.97058928   3.18256561   3.18256561   3.23501273
   3.23501273   3.27910234   3.27910234   3.38021268   3.54858982
   3.54858982   3.70649865   4.13046834   4.13046834   4.25672627
   5.12108699   5.52953417   5.52953417   5.92566357   5.92566357
   6.72420769   6.72420769   6.75468809   6.75468809   6.92511713
   7.20001914   7.20001914   7.22641852   7.22641852   7.45469649
   7.50085558   7.50085558   7.75556941   9.56402774   9.56402774
  10.08487404  21.66469932  23.7319575   45.37006613]
    CPU time for scf_cycle      2.02 sec, wall time      2.03 sec
    CPU time for SCF      2.02 sec, wall time      2.03 sec
converged SCF energy = -510.339526159416
RHF E = -510.339526159
RHF eps = [-91.9880068  -20.65568703 -11.4349284   -8.99438791  -6.67622384
  -6.67357244  -6.67357244  -1.50463319  -1.09073028  -0.77789593
  -0.65913521  -0.65913521  -0.6371755   -0.42048542  -0.42048542
   0.11232368   0.11232368   0.15502311   0.21393844   0.25372853
   0.31852628   0.31852628   0.43558827   0.43607032   0.43607032
   0.49154978   0.49154978   0.53855383   0.64858879   0.64858879
   0.70763261   0.70763261   0.71207722   0.83957163   0.83957163
   0.89770512   0.99288137   1.13252314   1.31653443   1.31653443
   1.42169626   1.60020134   1.64886439   1.64886439   1.71511149
   1.71511149   1.73596062   1.73596062   1.751417     1.751417
   1.80810827   1.91445171   1.91445171   2.05401374   2.05401374
   2.0729198    2.0729198    2.0887651    2.25528384   2.25528384
   2.57182616   2.57182616   2.57660702   2.60690674   2.87732409
   2.87732409   2.97058928   3.18256561   3.18256561   3.23501273
   3.23501273   3.27910234   3.27910234   3.38021268   3.54858982
   3.54858982   3.70649865   4.13046834   4.13046834   4.25672627
   5.12108699   5.52953417   5.52953417   5.92566357   5.92566357
   6.72420769   6.72420769   6.75468809   6.75468809   6.92511713
   7.20001914   7.20001914   7.22641852   7.22641852   7.45469649
   7.50085558   7.50085558   7.75556941   9.56402774   9.56402774
  10.08487404  21.66469932  23.7319575   45.37006613]
    CPU time for CCSD integral transformation      8.90 sec, wall time      8.92 sec

******** <class 'pyscf.cc.linrccsd.LinRCCSD'> flags ********
CCSD nocc = 8, nvir = 89
frozen orbitals [0, 1, 2, 3, 4, 5, 6]
max_cycle = 50
direct = 0
conv_tol = 1e-07
conv_tol_normt = 1e-05
diis_space = 6
diis_start_cycle = 0
diis_start_energy_diff = 1e+09
Init t2, MP2 energy = -0.54460409396381
    CPU time for init mp2      0.01 sec, wall time      0.01 sec
    CPU time for update t1 t2      0.94 sec, wall time      0.94 sec
istep = 0  E(CCSD) = -0.54359221885332  dE = -0.543592219  norm(t1,t2) = 0.129113
    CPU time for CCSD iter      0.94 sec, wall time      0.95 sec
    CPU time for update t1 t2      0.94 sec, wall time      0.94 sec
DIIS for step 1
istep = 1  E(CCSD) = -0.568858869370397  dE = -0.0252666505  norm(t1,t2) = 0.0518769
    CPU time for CCSD iter      0.94 sec, wall time      0.94 sec
    CPU time for update t1 t2      0.94 sec, wall time      0.94 sec
diis-c [ -5.62265802e-04   1.00000000e+00]
DIIS for step 2
istep = 2  E(CCSD) = -0.568417649829606  dE = 0.000441219541  norm(t1,t2) = 0.0320022
    CPU time for CCSD iter      0.95 sec, wall time      0.94 sec
    CPU time for update t1 t2      0.94 sec, wall time      0.94 sec
diis-c [ -1.62265770e-04   9.09445477e-02   9.09055452e-01]
DIIS for step 3
istep = 3  E(CCSD) = -0.572261835374494  dE = -0.00384418554  norm(t1,t2) = 0.01744
    CPU time for CCSD iter      0.95 sec, wall time      0.95 sec
    CPU time for update t1 t2      0.94 sec, wall time      0.94 sec
diis-c [ -1.26182417e-05  -5.50942896e-01  -4.15430445e-01   1.96637334e+00]
DIIS for step 4
istep = 4  E(CCSD) = -0.575317021122737  dE = -0.00305518575  norm(t1,t2) = 0.0120975
    CPU time for CCSD iter      0.94 sec, wall time      0.95 sec
    CPU time for update t1 t2      0.95 sec, wall time      0.94 sec
diis-c [ -4.66405971e-06   7.50022452e-02   3.14471269e-02  -3.16418093e-01
   1.20996872e+00]
DIIS for step 5
istep = 5  E(CCSD) = -0.57503515785815  dE = 0.000281863265  norm(t1,t2) = 0.00321423
    CPU time for CCSD iter      0.96 sec, wall time      0.95 sec
    CPU time for update t1 t2      0.94 sec, wall time      0.94 sec
diis-c [ -5.17158129e-07   1.88521605e-01   1.42405582e-01  -6.86895509e-01
   1.17037579e-02   1.34426456e+00]
DIIS for step 6
istep = 6  E(CCSD) = -0.574920407781881  dE = 0.000114750076  norm(t1,t2) = 0.00160621
    CPU time for CCSD iter      0.95 sec, wall time      0.95 sec
    CPU time for update t1 t2      0.94 sec, wall time      0.94 sec
diis-c [ -1.22743342e-07  -1.10221548e-01  -8.53531228e-02   4.10636156e-01
  -2.94767219e-01  -3.96232516e-01   1.47593825e+00]
DIIS for step 7
istep = 7  E(CCSD) = -0.575013747348636  dE = -9.33395668e-05  norm(t1,t2) = 0.00068527
    CPU time for CCSD iter      0.96 sec, wall time      0.96 sec
    CPU time for update t1 t2      0.93 sec, wall time      0.94 sec
diis-c [ -2.87733716e-08   1.51877666e+00  -1.27142427e-03   1.07542595e-02
   6.85179215e-03   1.64248917e-03  -5.36753780e-01]
DIIS for step 8
istep = 8  E(CCSD) = -0.574971735008755  dE = 4.20123399e-05  norm(t1,t2) = 0.000324391
    CPU time for CCSD iter      0.96 sec, wall time      0.95 sec
    CPU time for update t1 t2      0.93 sec, wall time      0.94 sec
diis-c [ -7.66951774e-09  -1.87165245e-02   1.17735747e+00  -2.43908154e-03
   1.46716925e-03   4.32800171e-02  -2.00949048e-01]
DIIS for step 9
istep = 9  E(CCSD) = -0.574992596791658  dE = -2.08617829e-05  norm(t1,t2) = 0.000155372
    CPU time for CCSD iter      0.94 sec, wall time      0.95 sec
    CPU time for update t1 t2      0.96 sec, wall time      0.96 sec
diis-c [ -9.59305191e-10  -2.87371642e-01  -6.64884394e-01   1.78565153e+00
  -2.12817668e-02   1.87652603e-02   1.69121018e-01]
DIIS for step 10
istep = 10  E(CCSD) = -0.574982352685039  dE = 1.02441066e-05  norm(t1,t2) = 7.89066e-05
    CPU time for CCSD iter      0.97 sec, wall time      0.97 sec
    CPU time for update t1 t2      0.95 sec, wall time      0.95 sec
diis-c [ -2.64014921e-10  -2.29746094e-02  -1.27694548e-01   3.73413220e-02
   1.09913544e+00   1.10002215e-03   1.30923718e-02]
DIIS for step 11
istep = 11  E(CCSD) = -0.574984953800229  dE = -2.60111519e-06  norm(t1,t2) = 2.78676e-05
    CPU time for CCSD iter      0.98 sec, wall time      0.97 sec
    CPU time for update t1 t2      0.92 sec, wall time      0.94 sec
diis-c [ -4.95988250e-11   4.09981825e-02   1.06853923e-01  -2.84394963e-01
   1.51218618e-02   1.13745193e+00  -1.60309352e-02]
DIIS for step 12
istep = 12  E(CCSD) = -0.574984507025608  dE = 4.46774621e-07  norm(t1,t2) = 1.22744e-05
    CPU time for CCSD iter      0.94 sec, wall time      0.95 sec
    CPU time for update t1 t2      0.94 sec, wall time      0.94 sec
diis-c [ -8.82546813e-12  -1.12656902e-02   1.95687842e-02  -2.15500321e-03
  -2.03376135e-01  -1.05719252e-01   1.30294730e+00]
DIIS for step 13
istep = 13  E(CCSD) = -0.574984358273249  dE = 1.48752359e-07  norm(t1,t2) = 6.4485e-06
    CPU time for CCSD iter      0.95 sec, wall time      0.96 sec
    CPU time for update t1 t2      0.94 sec, wall time      0.93 sec
diis-c [ -2.26546559e-12   1.03271896e+00   6.98014001e-03   7.81715398e-03
  -2.32719071e-02  -5.44657491e-02   3.02214031e-02]
DIIS for step 14
istep = 14  E(CCSD) = -0.574984318000869  dE = 4.02723807e-08  norm(t1,t2) = 2.56939e-06
    CPU time for CCSD iter      0.95 sec, wall time      0.95 sec
    CPU time for CCSD     14.28 sec, wall time     14.29 sec
CCSD converged
E(linCCSD) = -510.9145104774173  E_corr = -0.5749843180008687
    CPU time for EOM-CCSD shared one-electron intermediates      0.10 sec, wall time      0.10 sec
    CPU time for EOM-CCSD shared two-electron intermediates      0.23 sec, wall time      0.23 sec
    CPU time for EOM-CCSD IP intermediates      0.30 sec, wall time      0.31 sec
tol 1e-07  toloose 0.000316228
max_cycle 50  max_space 38  max_memory 2000  incore True
davidson 0 6  |r|= 0.415  e= [ 0.49365533  0.49365533  0.69840843  0.73881781  0.73881781  0.85327664]  max|de|= 0.853  lindep=    1
davidson 1 12  |r|= 0.137  e= [ 0.41952876  0.41952876  0.59838106  0.60611811  0.60611811  0.68524559]  max|de|= -0.168  lindep= 0.919
davidson 2 16  |r|= 0.127  e= [ 0.41952843  0.41856573  0.59587157  0.6061001   0.59502744  0.67770834]  max|de|= -0.0111  lindep= 0.921
davidson 3 22  |r|= 0.0257  e= [ 0.41856698  0.41895948  0.59634919  0.59502999  0.59635061  0.67891811]  max|de|= -0.0111  lindep= 0.935
davidson 4 28  |r|= 0.00665  e= [ 0.41895946  0.41902159  0.5963414   0.5963628   0.59650937  0.67912057]  max|de|= 0.00133  lindep= 0.893
davidson 5 34  |r|= 0.00214  e= [ 0.41902115  0.41902364  0.59631592  0.59651367  0.59651367  0.67910803]  max|de|= 0.000151  lindep= 0.942
root 1 converged  |r|= 0.000137  e= 0.419023639353  max|de|=    0
davidson 6 5  |r|= 0.00224  e= [ 0.41902115  0.41902364  0.59631592  0.59651342  0.59651342  0.67910803]  max|de|= -2.45e-07  lindep= 0.999
davidson 7 9  |r|= 0.000614  e= [ 0.4190227   0.41902355  0.59631529  0.59650057  0.59650057  0.6791066 ]  max|de|= -1.28e-05  lindep= 0.964
davidson 8 13  |r|= 0.000285  e= [ 0.41902061  0.4190235   0.59631568  0.59649148  0.59649148  0.6790985 ]  max|de|= -9.1e-06  lindep= 0.873
davidson 9 17  |r|= 0.728  e= [ 0.41902263  0.41902374  0.59631361  0.59649841  1.29668145  0.67910189]  max|de|=  0.7  lindep= 0.651
davidson 10 22  |r|= 0.59  e= [ 0.41902234  0.41902345  0.59631472  0.5965054   1.07275793  0.67910063]  max|de|= -0.224  lindep= 0.368
davidson 11 27  |r|= 0.443  e= [ 0.41902248  0.41902359  0.59631446  0.59650407  1.26050121  0.67910136]  max|de|= 0.188  lindep= 0.362
root 2 converged  |r|= 4.56e-07  e= 0.596314511667  max|de|= 5.25e-08
davidson 12 32  |r|= 5.72e-05  e= [ 0.41902356  0.41902245  0.59631451  0.59650422  0.59650422  0.67910113]  max|de|= -0.664  lindep= 0.598
root 3 converged  |r|= 1.11e-06  e= 0.596504226395  max|de|= 2.24e-09
root 4 converged  |r|= 1.11e-06  e= 0.596504226395  max|de|= 2.24e-09
root 5 converged  |r|= 5.67e-07  e= 0.679101191473  max|de|= 6.12e-08
davidson 13 35  |r|= 7.34e-06  e= [ 0.41902228  0.41902244  0.59631451  0.59650423  0.59650423  0.67910119]  max|de|= -1.29e-06  lindep= 0.871
root 2 converged  |r|= 3.65e-07  e= 0.596314511572  max|de|= -2.22e-16
root 3 converged  |r|= 1.11e-06  e= 0.596504226395  max|de|= 1.44e-15
root 4 converged  |r|= 1.11e-06  e= 0.596504226395  max|de|= 1.44e-15
root 5 converged  |r|= 5.67e-07  e= 0.679101191473  max|de|= 2.22e-16
davidson 14 5  |r|= 7.34e-06  e= [ 0.41902244  0.41902228  0.59631451  0.59650423  0.59650423  0.67910119]  max|de|= -1.64e-07  lindep= 0.906
root 0 converged  |r|= 1.19e-07  e= 0.419022446384  max|de|= 4.29e-09
davidson 15 7  |r|= 2.7e-06  e= [ 0.41902245  0.41902251  0.59631451  0.59650423  0.59650423  0.67910119]  max|de|= 2.32e-07  lindep= 0.818
root 1 converged  |r|= 7.02e-07  e= 0.419022431576  max|de|= -7.91e-08
converge 16 8  |r|= 7.02e-07  e= [ 0.41902245  0.41902243  0.59631451  0.59650423  0.59650423  0.67910119]  max|de|= -7.91e-08
IP root 0 E = 0.4190224477420388  qpwt = 0.957261
IP root 1 E = 0.4190224315764621  qpwt = 0.957261
IP root 2 E = 0.5963145115715921  qpwt = 0.933381
IP root 3 E = 0.5965042286864422  qpwt = 0.888775
IP root 4 E = 0.5965042286864422  qpwt = 0.888775
IP root 5 E = 0.679101191473404  qpwt = 0.907339
    CPU time for IP-CCSD      1.73 sec, wall time      1.74 sec
    CPU time for EOM-CCSD shared one-electron intermediates      0.12 sec, wall time      0.11 sec
    CPU time for EOM-CCSD EA intermediates     10.12 sec, wall time     10.14 sec
tol 1e-07  toloose 0.000316228
max_cycle 50  max_space 38  max_memory 2000  incore True
davidson 0 6  |r|= 0.418  e= [ 0.1758565   0.17606826  0.16750392  0.23110741  0.27225157  0.3297617 ]  max|de|= 0.33  lindep=    1
davidson 1 12  |r|= 0.093  e= [ 0.08167627  0.083819    0.12213465  0.18257057  0.22397421  0.28874689]  max|de|= -0.0942  lindep= 0.951
davidson 2 18  |r|= 0.0317  e= [ 0.07509641  0.07522658  0.11728974  0.17885398  0.22094932  0.28655413]  max|de|= -0.00859  lindep= 0.962
davidson 3 24  |r|= 0.00752  e= [ 0.07540485  0.07540485  0.11704998  0.17873505  0.22089058  0.286728  ]  max|de|= 0.000308  lindep= 0.868
davidson 4 29  |r|= 0.00613  e= [ 0.07537776  0.07526459  0.11696231  0.17862194  0.22080821  0.28670134]  max|de|= -0.00014  lindep= 0.897
davidson 5 35  |r|= 0.000684  e= [ 0.07524723  0.07525343  0.11696798  0.17862777  0.22081054  0.28669458]  max|de|= -0.000131  lindep= 0.882
davidson 6 6  |r|= 0.000684  e= [ 0.07524723  0.07525343  0.11696798  0.17862777  0.22081054  0.28669458]  max|de|= -2.25e-15  lindep= 0.999
davidson 7 12  |r|= 0.000377  e= [ 0.07526729  0.07526292  0.11696283  0.17862648  0.22080832  0.28669869]  max|de|= 2.01e-05  lindep= 0.666
davidson 8 18  |r|= 0.000109  e= [ 0.07525858  0.07526189  0.11696413  0.17862845  0.22081006  0.28669774]  max|de|= -8.71e-06  lindep= 0.146
davidson 9 24  |r|= 3.43e-05  e= [ 0.07526237  0.07526081  0.11696319  0.17862704  0.22080851  0.28669616]  max|de|= 3.79e-06  lindep= 0.023
davidson 10 30  |r|= 1.67e-05  e= [ 0.0752606   0.07526119  0.11696346  0.17862751  0.22080869  0.28669661]  max|de|= -1.76e-06  lindep= 0.191
root 1 converged  |r|= 4.92e-07  e= 0.0752610921472  max|de|= -9.99e-08
root 2 converged  |r|= 3.56e-07  e= 0.116963481691  max|de|= 2e-08
root 3 converged  |r|= 6.97e-06  e= 0.178627487408  max|de|= -2.33e-08
root 4 converged  |r|= 1.57e-06  e= 0.220808685092  max|de|= -3.86e-09
root 5 converged  |r|= 5.9e-06  e= 0.286696644773  max|de|= 3.74e-08
davidson 11 36  |r|= 6.97e-06  e= [ 0.07526114  0.07526109  0.11696348  0.17862749  0.22080869  0.28669664]  max|de|= 5.38e-07  lindep= 0.912
root 0 converged  |r|= 1.51e-06  e= 0.075261138311  max|de|= 9.44e-16
root 1 converged  |r|= 4.92e-07  e= 0.0752610921472  max|de|= -3.75e-16
root 2 converged  |r|= 3.56e-07  e= 0.116963481691  max|de|= -1.94e-16
root 3 converged  |r|= 6.97e-06  e= 0.178627487408  max|de|= -2.14e-15
root 4 converged  |r|= 1.57e-06  e= 0.220808685092  max|de|= -2.78e-16
root 5 converged  |r|= 5.9e-06  e= 0.286696644773  max|de|= -3.89e-16
converge 12 6  |r|= 6.97e-06  e= [ 0.07526114  0.07526109  0.11696348  0.17862749  0.22080869  0.28669664]  max|de|= -2.14e-15
EA root 0 E = 0.07526113831095184  qpwt = 0.961113
EA root 1 E = 0.07526109214715801  qpwt = 0.961113
EA root 2 E = 0.1169634816908645  qpwt = 0.978338
EA root 3 E = 0.1786274874081295  qpwt = 0.973165
EA root 4 E = 0.220808685091624  qpwt = 0.979629
EA root 5 E = 0.2866966447731137  qpwt = 0.977278
    CPU time for EA-CCSD     43.14 sec, wall time     43.18 sec
