

******** <class 'pyscf.scf.hf.RHF'> flags ********
method = RHF
initial guess = minao
damping factor = 0
level shift factor = 0
Do DIIS = True
DIIS start cycle = 1
DIIS space = 8
SCF tol = 1e-09
SCF gradient tol = None
max. SCF cycles = 50
direct_scf = True
direct_scf_tol = 1e-13
chkfile to save SCF result = /tmp/tmpv6Jmlr
max_memory 4000 MB (current use 39 MB)
Set gradient conv threshold to 3.16228e-05
Nelec from initial guess = 33.9985
cond(S) = 2610.56097161
E_coul = 314.589974669359
init E= -580.883000038046
    CPU time for initialize scf      5.19 sec, wall time      5.46 sec
  HOMO = -0.299210600409713  LUMO = 0.0825747714379872
  mo_energy =
[-68.73410373 -68.73410292  -6.12862542  -6.12724791  -4.21495654
  -4.21495345  -4.21488518  -4.21471208  -4.21470901  -4.21346437
  -0.92617452  -0.74706758  -0.4306336   -0.43059493  -0.37558718
  -0.37554572  -0.2992106    0.08257477   0.08593947   0.08595429
   0.1015756    0.13272659   0.13274702   0.15375132   0.23001693
   0.25139389   0.2514019    0.28518552   0.28519168   0.28605286
   0.3132282    0.31323763   0.40112714   0.4084515    0.40846676
   0.41291686   0.41291847   0.44524519   0.47951964   0.49756847
   0.49758131   0.56294763   0.62353984   0.623582     0.62884775
   0.73760928   0.81332304   0.8133996    0.82100969   0.8271398
   0.9257427    0.92578844   0.93952942   0.93956846   0.98360704
   1.03116808   1.04678407   1.04682241   1.08174476   1.08175971
   1.15516021   1.15518641   1.20050123   1.21470924   1.24136219
   1.24138877   1.28334304   1.28338464   1.30698596   1.30699325
   1.3825886    1.42079977   1.45333008   1.45336777   1.46106164
   1.46429703   1.4643068    1.48206218   1.58612338   1.58614694
   1.60009637   1.60016368   1.61242748   1.62926279   1.67794152
   1.69569954   1.69583799   1.71139468   1.76090642   1.76091115
   1.87266097   1.87271928   1.89654787   1.89659819   2.00317025
   2.12219164   2.82779504   2.92614501   2.97580526   2.97580716
   3.08013719   3.08014964   3.39023666   3.39130845   3.42927111
   3.42930138   3.45810398   3.45811804   3.55344019   3.5534454
   3.59137845   3.59998305   3.60002252   3.62331027   3.73132224
   3.73142588   3.73710052   3.73715897   3.78510472   3.81633569
   3.84802974   3.84806437   3.88813732   3.91185456   3.91198713
   3.94301503   3.95028576   3.99990839   4.07124948   4.07148401
   4.07610874   4.0762831    4.11339117   4.16945431   4.16954066
   4.24110289   4.24244628   4.25060311   4.25072414   4.28384939
   4.39266939   4.39271224   4.41083548   4.41089263   4.6751976
   4.69545007   4.81413938   4.81445733   4.82815334   4.82845199
   4.9659767    5.05248692   5.0525155    5.05740569   5.05743786
   5.4708458    5.63967932   5.6398712    5.70591033   5.70614155
   6.99734379   7.05654229   7.26968001   7.2699187    7.32290335
   7.32314247  12.47242065  12.64453364]
E_coul = 313.084872824043
cycle= 1 E= -581.330046586077  delta_E= -0.447  |g|= 0.245  |ddm|= 1.84
    CPU time for cycle= 1      0.50 sec, wall time      0.50 sec
diis-norm(errvec)=0.85263
diis-c [-0.72697718  1.        ]
  HOMO = -0.423222015934527  LUMO = 0.103750724889448
  mo_energy =
[-68.83025296 -68.83025075  -6.17047487  -6.17032774  -4.27534662
  -4.27468741  -4.27468605  -4.2746565   -4.27460638  -4.27460501
  -0.78634824  -0.70024047  -0.51478838  -0.51474913  -0.48367344
  -0.48362984  -0.42322202   0.10375072   0.10655745   0.10656472
   0.12385818   0.14495198   0.14496541   0.18489315   0.22564791
   0.24588882   0.24589572   0.2840361    0.28404245   0.30070224
   0.30867481   0.30868399   0.41136188   0.41137382   0.4171769
   0.41717748   0.42054551   0.44812496   0.49909007   0.49909964
   0.50565258   0.56642279   0.6343827    0.63442221   0.64079561
   0.73739507   0.82501014   0.82508406   0.82726518   0.83406914
   0.93294672   0.93299501   0.94223194   0.94227392   0.97980367
   1.0367323    1.0438381    1.0438734    1.07697468   1.07698636
   1.14729821   1.14732235   1.19941825   1.20780154   1.23370196
   1.23372953   1.28159636   1.28163691   1.31247475   1.31248182
   1.3763566    1.42278583   1.4412987    1.4413415    1.45879858
   1.45881219   1.4588861    1.47563028   1.58385083   1.58387402
   1.59362744   1.59368709   1.60628992   1.62459243   1.67160906
   1.6980857    1.69822227   1.70715047   1.75636949   1.75636999
   1.871309     1.87137589   1.89563933   1.89569271   1.98890231
   2.10926637   2.85877264   2.95671578   3.0036622    3.00367549
   3.10811572   3.10811655   3.41818      3.41920803   3.45599577
   3.45602171   3.48499919   3.48500855   3.57794132   3.57794368
   3.61869331   3.62441143   3.62445486   3.65104784   3.758643
   3.75875365   3.75992637   3.75998201   3.81316758   3.84504112
   3.87722167   3.87725683   3.92024963   3.93637222   3.93650794
   3.97679597   3.98014267   4.02711159   4.09370929   4.09396325
   4.10123913   4.10143049   4.13626203   4.1935402    4.19362493
   4.26266353   4.26623986   4.2664086    4.26653244   4.30640238
   4.41669434   4.4167338    4.43299943   4.43305991   4.69026262
   4.71728626   4.82836584   4.82868707   4.84643601   4.84674163
   4.93586129   5.02287835   5.02290564   5.02945216   5.02948264
   5.43696741   5.61095781   5.6111552    5.67544449   5.67568108
   6.95052673   7.00928647   7.23474266   7.23498832   7.28839714
   7.28864299  12.4330321   12.60497496]
E_coul = 314.605973738058
cycle= 2 E= -581.361464231123  delta_E= -0.0314  |g|= 0.0754  |ddm|= 0.274
    CPU time for cycle= 2      0.50 sec, wall time      0.50 sec
diis-norm(errvec)=0.259589
diis-c [-0.05109513 -0.18378618  1.18378618]
  HOMO = -0.395687150301445  LUMO = 0.119846612756864
  mo_energy =
[-68.73945762 -68.73945533  -6.10077613  -6.10061986  -4.20643129
  -4.20611378  -4.2061125   -4.20603104  -4.20602977  -4.20567695
  -0.75118649  -0.67281835  -0.49507141  -0.49503447  -0.46735536
  -0.4673147   -0.39568715   0.11984661   0.13183466   0.13184047
   0.13915106   0.15987076   0.15988248   0.19982184   0.23339048
   0.25933614   0.25934095   0.29284154   0.2928486    0.32491167
   0.3283507    0.32835774   0.42992309   0.42993503   0.43296916
   0.43296965   0.43782348   0.46464832   0.52298083   0.52298836
   0.52539207   0.57868761   0.6534345    0.65347444   0.66466519
   0.75815199   0.84389393   0.84396827   0.84478674   0.85093784
   0.95189795   0.95194549   0.965105     0.96514733   1.0032045
   1.05786861   1.06479945   1.06483484   1.10481952   1.10483479
   1.18014973   1.18017554   1.22553471   1.23828377   1.26872958
   1.26875569   1.30500791   1.30505217   1.32818924   1.32819475
   1.40422779   1.44521009   1.47365215   1.47369158   1.48358579
   1.48524784   1.48525938   1.50298288   1.61029461   1.61031805
   1.62478911   1.62485186   1.63491244   1.65192071   1.70286417
   1.72541045   1.7255496    1.74291016   1.78481747   1.78481862
   1.90389427   1.90396181   1.92493139   1.92498777   2.03156248
   2.13954929   2.8840845    2.98083537   3.02796998   3.02798871
   3.13212514   3.13212973   3.44111357   3.44205452   3.47885465
   3.47887633   3.50937871   3.50938388   3.60242704   3.60242706
   3.64452341   3.6515437    3.65158959   3.67575224   3.7898479
   3.78996639   3.79057675   3.79063938   3.84176815   3.87320411
   3.90856273   3.90860303   3.95062809   3.96543311   3.96557416
   4.00511197   4.01497407   4.06308951   4.12794688   4.12818322
   4.1327427    4.13292267   4.15566377   4.21712976   4.21723398
   4.28424199   4.28780059   4.29430165   4.29444034   4.32840611
   4.43973803   4.4397789    4.45678747   4.45685104   4.71717356
   4.74138122   4.85677946   4.8571094    4.87285329   4.87316598
   4.98710443   5.07360775   5.07363567   5.07859417   5.07862606
   5.4935124    5.66112646   5.66132042   5.72655725   5.72679019
   7.01068182   7.07006466   7.29024868   7.29049475   7.34379182
   7.34403828  12.4925798   12.6644257 ]
E_coul = 314.210860305003
cycle= 3 E= -581.364858558846  delta_E= -0.00339  |g|= 0.0259  |ddm|= 0.123
    CPU time for cycle= 3      0.51 sec, wall time      0.51 sec
diis-norm(errvec)=0.0739845
diis-c [-0.0016886  -0.08422692  0.04669356  1.03753336]
  HOMO = -0.406348038273079  LUMO = 0.1187721056228
  mo_energy =
[-68.77282639 -68.77282413  -6.12234231  -6.12218874  -4.22889678
  -4.22849672  -4.22849541  -4.22841408  -4.22841277  -4.22814382
  -0.75663852  -0.67580607  -0.49919913  -0.499161    -0.47190546
  -0.47186358  -0.40634804   0.11877211   0.12768414   0.12768935
   0.13730503   0.15801033   0.15802225   0.19918693   0.23199331
   0.25661179   0.25661719   0.29166275   0.29167017   0.32068019
   0.32495022   0.32495746   0.42602481   0.42603659   0.43005267
   0.43005282   0.43427471   0.4621165    0.5186556    0.51866388
   0.52293489   0.57640025   0.65009065   0.65013003   0.66055923
   0.7534672    0.84135932   0.84143306   0.84343037   0.84981139
   0.94983091   0.94987875   0.96160759   0.96164932   0.99837203
   1.05502888   1.06072794   1.06076311   1.09877504   1.09878917
   1.17225824   1.17228321   1.22050913   1.23142798   1.26060483
   1.26063133   1.30063099   1.30067393   1.32657245   1.3265784
   1.39810627   1.44155241   1.46525352   1.46529442   1.47851218
   1.47929836   1.47931109   1.49630418   1.60491857   1.6049415
   1.61770798   1.61776812   1.62823248   1.64555176   1.69546741
   1.72067643   1.72081362   1.73507609   1.77851609   1.77851686
   1.89726499   1.89733321   1.91899328   1.91904917   2.02077742
   2.13181698   2.88560484   2.98264524   3.02927901   3.02929588
   3.1335573    3.13356023   3.44267432   3.44362786   3.48018336
   3.48020695   3.510314     3.51032094   3.6030383    3.60303944
   3.64532588   3.65146014   3.65150473   3.67685096   3.78933366
   3.78944964   3.78963054   3.78969063   3.8419225    3.87352042
   3.90825622   3.90829407   3.95105556   3.9650169    3.96515549
   4.0068177    4.0141889    4.06150243   4.12671242   4.12695638
   4.13268029   4.13286524   4.15823874   4.21886766   4.21896475
   4.28532525   4.29040351   4.29357589   4.29370971   4.33040712
   4.44171688   4.44175662   4.45836859   4.45843076   4.71684064
   4.74286412   4.85591108   4.85623693   4.8730858    4.87339527
   4.97376158   5.06005506   5.06008274   5.06566037   5.0656914
   5.47817728   5.64762055   5.64781621   5.71253522   5.71276995
   6.99230319   7.05152806   7.27452129   7.27476757   7.32814041
   7.32838697  12.47525455  12.64704387]
E_coul = 314.342828058098
cycle= 4 E= -581.365117082992  delta_E= -0.000259  |g|= 0.00415  |ddm|= 0.0255
    CPU time for cycle= 4      0.51 sec, wall time      0.51 sec
diis-norm(errvec)=0.0118885
diis-c [ -8.29855113e-05   1.26562454e-02  -4.28312420e-02  -7.47761470e-02
   1.10495114e+00]
  HOMO = -0.406715354562806  LUMO = 0.118503055265141
  mo_energy =
[-68.77081207 -68.77080982  -6.12241098  -6.12225622  -4.2288275
  -4.22843794  -4.22843663  -4.22835529  -4.22835398  -4.22807025
  -0.75694086  -0.67632922  -0.49957647  -0.49953818  -0.47244732
  -0.47240528  -0.40671535   0.11850306   0.12749886   0.12750399
   0.13692372   0.1577589    0.15777084   0.19876341   0.23156819
   0.25651517   0.25652062   0.29152964   0.29153713   0.32031966
   0.32463275   0.32464      0.42578334   0.42579513   0.42978376
   0.429784     0.43388972   0.46153704   0.51823084   0.5182392
   0.52248301   0.57602959   0.64965545   0.64969474   0.65996784
   0.75288509   0.84087971   0.84095338   0.84296023   0.84935348
   0.94941649   0.94946434   0.96116868   0.96121026   0.9979071
   1.05467894   1.06030353   1.06033874   1.09829651   1.09831066
   1.17167514   1.17170002   1.22013599   1.23063673   1.26000044
   1.26002695   1.30020652   1.3002494    1.32617051   1.32617647
   1.39727159   1.44109693   1.46483391   1.46487479   1.47813424
   1.47895335   1.47896605   1.495872     1.60438136   1.60440432
   1.61724307   1.61730322   1.62764641   1.64504885   1.69501173
   1.7202742    1.7204112    1.73479758   1.77772386   1.77772481
   1.8967008    1.89676892   1.91831854   1.91837434   2.02035955
   2.13087761   2.88521354   2.98222857   3.02887532   3.02889181
   3.13314342   3.133146     3.44216139   3.44311916   3.47977697
   3.47980085   3.5099151    3.50992231   3.60263764   3.60263897
   3.64469708   3.65102747   3.65107188   3.67625283   3.78867041
   3.78878607   3.78897831   3.78903825   3.84140231   3.87301738
   3.90770776   3.90774546   3.9505246    3.96436025   3.9644986
   4.0063443    4.01354991   4.06087682   4.12618917   4.12643349
   4.1321784    4.13236361   4.15801668   4.21854307   4.21863962
   4.2850359    4.29014248   4.29318452   4.29331783   4.33016307
   4.44143434   4.44147409   4.45809823   4.45816023   4.71646236
   4.74253727   4.8555424    4.85586786   4.87273679   4.87304592
   4.97325929   5.05955533   5.05958306   5.06513239   5.0651633
   5.47782698   5.64716364   5.64735928   5.71211306   5.71234778
   6.9921849    7.05143197   7.27414056   7.27438676   7.32775014
   7.32799664  12.47490051  12.64673097]
E_coul = 314.330716944823
cycle= 5 E= -581.365125418003  delta_E= -8.34e-06  |g|= 0.000807  |ddm|= 0.00603
    CPU time for cycle= 5      0.51 sec, wall time      0.51 sec
diis-norm(errvec)=0.00256779
diis-c [ -1.41069828e-06   2.14442895e-03   1.28040596e-03  -2.59655971e-02
  -2.03676383e-01   1.22621715e+00]
  HOMO = -0.406669924451013  LUMO = 0.118552026783795
  mo_energy =
[-68.77095109 -68.77094883  -6.12222989  -6.12207506  -4.22862242
  -4.22823756  -4.22823625  -4.22815493  -4.22815362  -4.2278647
  -0.75687359  -0.67628543  -0.49949123  -0.49945296  -0.47239153
  -0.47234951  -0.40666992   0.11855203   0.12756703   0.12757215
   0.13691838   0.15777915   0.15779109   0.19877597   0.23158516
   0.25655147   0.25655691   0.29155759   0.29156509   0.32037922
   0.32470607   0.3247133    0.42583229   0.42584408   0.42982312
   0.42982335   0.43390192   0.46159133   0.51829763   0.51830598
   0.52250995   0.57603757   0.64968617   0.64972547   0.66002653
   0.75295226   0.84092049   0.84099417   0.84297678   0.84936887
   0.94946176   0.9495096    0.96122433   0.96126591   0.99797439
   1.05471774   1.060361     1.06039621   1.09839047   1.09840462
   1.17179283   1.17181773   1.22022291   1.23078622   1.26013569
   1.26016218   1.3002624    1.30030529   1.32619239   1.32619835
   1.39740361   1.44115692   1.46493427   1.46497512   1.47820153
   1.47903211   1.4790448    1.49592512   1.60447293   1.60449589
   1.61734512   1.61740527   1.62772667   1.64510224   1.69508591
   1.72036642   1.72050343   1.73493121   1.77781841   1.77781933
   1.89682746   1.89689558   1.9184206    1.91847642   2.0205415
   2.13102194   2.88523842   2.98225139   3.02889616   3.02891268
   3.13316718   3.13316978   3.44219281   3.44314971   3.47979368
   3.47981754   3.50993119   3.50993838   3.60266318   3.60266449
   3.64474924   3.65105802   3.65110245   3.6762974    3.78873859
   3.78885429   3.78905721   3.78911719   3.84144645   3.87305102
   3.90775644   3.90779418   3.95055273   3.96442749   3.96456587
   4.00636702   4.01362376   4.06095578   4.12626858   4.12651281
   4.13224396   4.1324291    4.15803849   4.21857867   4.21867531
   4.28506342   4.29016376   4.29325447   4.29338787   4.33019064
   4.44146097   4.44150072   4.4581316    4.45819362   4.71654208
   4.74259058   4.85562419   4.8559497    4.87280217   4.87311133
   4.97349701   5.05976876   5.0597965    5.06533937   5.06537029
   5.47809828   5.64734729   5.6475429    5.71229967   5.71253437
   6.99238637   7.0516416    7.27431294   7.27455915   7.32792119
   7.3281677   12.47507897  12.64690179]
E_coul = 314.329700596207
cycle= 6 E= -581.365125951524  delta_E= -5.34e-07  |g|= 0.000117  |ddm|= 0.00237
    CPU time for cycle= 6      0.50 sec, wall time      0.51 sec
diis-norm(errvec)=0.000305988
diis-c [ -4.21985627e-08  -5.48492980e-04   4.25885523e-04   5.59881776e-03
   6.89923289e-03  -1.73390492e-01   1.16101505e+00]
  HOMO = -0.406687586111369  LUMO = 0.118551469504911
  mo_energy =
[-68.77085672 -68.77085446  -6.12220859  -6.12205376  -4.2285982
  -4.22821199  -4.22821068  -4.22812934  -4.22812803  -4.22784036
  -0.75688758  -0.67629341  -0.49949223  -0.49945395  -0.47239418
  -0.47235216  -0.40668759   0.11855147   0.12756456   0.12756968
   0.13691334   0.15777614   0.15778808   0.19877605   0.23158634
   0.25654693   0.25655238   0.29155799   0.29156549   0.32037325
   0.32470367   0.3247109    0.4258269    0.42583868   0.42981986
   0.4298201    0.43389598   0.46158973   0.51829346   0.51830181
   0.52250828   0.57603433   0.64968187   0.64972117   0.66002573
   0.75294832   0.84092032   0.84099399   0.84297899   0.84937142
   0.94946459   0.94951244   0.96122277   0.96126435   0.99797033
   1.05471685   1.06035748   1.06039269   1.09838606   1.09840022
   1.17178667   1.17181156   1.22021872   1.2307825    1.26012962
   1.26015611   1.30025856   1.30030145   1.32619218   1.32619814
   1.39739864   1.44115599   1.46492786   1.46496872   1.47819732
   1.47902482   1.47903751   1.49591603   1.60446771   1.60449066
   1.6173418    1.61740193   1.62772009   1.64509465   1.69507944
   1.72036636   1.72050336   1.73492802   1.77781182   1.77781274
   1.89682531   1.89689344   1.91841672   1.91847254   2.02053415
   2.1310157    2.88524894   2.98226232   3.02890604   3.02892256
   3.13317721   3.13317982   3.44220268   3.44315954   3.47980208
   3.47982595   3.50993869   3.50994587   3.60267087   3.60267219
   3.64475892   3.65106539   3.65110981   3.67630705   3.788749     3.7888647
   3.78906714   3.78912712   3.84145488   3.87305894   3.90776509
   3.90780282   3.95056161   3.96443614   3.96457452   4.0063789
   4.01363433   4.06096552   4.12627993   4.12652416   4.13225607
   4.13244122   4.15805056   4.21859122   4.21868786   4.28507219
   4.29017607   4.29326502   4.29339841   4.33020229   4.44147341
   4.44151316   4.45814423   4.45820624   4.71655307   4.74260293
   4.85563517   4.85596067   4.87281387   4.87312303   4.97350213
   5.05977299   5.05980074   5.0653435    5.06537442   5.47810093
   5.64735259   5.6475482    5.71230449   5.71253919   6.99240035
   7.05165653   7.27432668   7.27457289   7.32793487   7.32818137
  12.47509046  12.64691325]
E_coul = 314.329539225012
cycle= 7 E= -581.365125960465  delta_E= -8.94e-09  |g|= 2.67e-05  |ddm|= 0.000359
    CPU time for cycle= 7      0.51 sec, wall time      0.51 sec
diis-norm(errvec)=6.40036e-05
diis-c [ -2.92778979e-09  -5.73965786e-05  -4.42177253e-05   7.18366608e-04
   4.62310745e-03  -3.20263892e-02  -1.01849924e-02   1.03697152e+00]
  HOMO = -0.406684709523721  LUMO = 0.118550608414524
  mo_energy =
[-68.77087925 -68.77087699  -6.12221602  -6.1220612   -4.22860591
  -4.22821983  -4.22821853  -4.22813718  -4.22813587  -4.22784808
  -0.75688715  -0.67629417  -0.49949196  -0.49945368  -0.47239463
  -0.47235261  -0.40668471   0.11855061   0.12756614   0.12757126
   0.13691283   0.15777603   0.15778797   0.1987753    0.23158512
   0.25654715   0.25655259   0.29155774   0.29156525   0.32037314
   0.32470382   0.32471105   0.42582737   0.42583915   0.42981985
   0.42982008   0.43389598   0.46158832   0.51829355   0.5183019
   0.52250753   0.57603407   0.64968168   0.64972098   0.66002507
   0.75294721   0.84091958   0.84099325   0.8429788    0.84937114
   0.94946411   0.94951195   0.96122272   0.9612643    0.99797039
   1.05471671   1.06035736   1.06039257   1.09838627   1.09840042
   1.17178692   1.17181181   1.22021896   1.23078085   1.26012964
   1.26015614   1.30025879   1.30030168   1.32619159   1.32619755
   1.39739624   1.44115586   1.46492859   1.46496945   1.47819811
   1.47902594   1.47903864   1.49591746   1.60446756   1.60449052
   1.61734165   1.61740179   1.62771953   1.64509574   1.69507978
   1.72036624   1.72050324   1.7349294    1.77781068   1.7778116
   1.89682513   1.89689326   1.91841607   1.9184719    2.0205353
   2.13101282   2.88524834   2.98226152   3.0289055    3.02892202
   3.13317654   3.13317914   3.44220155   3.44315842   3.47980153
   3.4798254    3.5099383    3.50994549   3.60267036   3.60267167
   3.64475709   3.65106497   3.65110939   3.67630538   3.78874756
   3.78886326   3.78906526   3.78912524   3.84145399   3.87305823
   3.90776439   3.90780212   3.95056132   3.96443442   3.9645728
   4.00637848   4.01363299   4.06096428   4.12627851   4.12652274
   4.13225467   4.13243981   4.15805031   4.21859034   4.21868698
   4.28507211   4.29017534   4.29326376   4.29339714   4.3302017
   4.44147279   4.44151254   4.45814367   4.45820569   4.71655165
   4.74260204   4.85563396   4.85595946   4.87281284   4.873122
   4.97349946   5.0597708    5.05979854   5.06534112   5.06537204
   5.47809944   5.64735059   5.64754621   5.71230271   5.71253741
   6.9923955    7.0516515    7.27432137   7.27456757   7.32792953
   7.32817603  12.47508503  12.64690814]
E_coul = 314.329588595047
cycle= 8 E= -581.365125960781  delta_E= -3.16e-10  |g|= 5.54e-06  |ddm|= 6.06e-05
    CPU time for cycle= 8      0.51 sec, wall time      0.51 sec
  HOMO = -0.406684333824029  LUMO = 0.118550637665411
  mo_energy =
[-68.7708747  -68.77087244  -6.122214    -6.12205918  -4.22860372
  -4.22821775  -4.22821644  -4.2281351   -4.22813379  -4.22784588
  -0.75688698  -0.67629385  -0.49949184  -0.49945356  -0.47239457
  -0.47235255  -0.40668433   0.11855064   0.12756616   0.12757128
   0.1369129    0.15777596   0.1577879    0.1987755    0.23158519
   0.25654709   0.25655253   0.29155773   0.29156523   0.3203733
   0.32470385   0.32471109   0.42582739   0.42583917   0.42981983
   0.42982007   0.43389595   0.46158848   0.51829358   0.51830193
   0.5225076    0.57603411   0.64968168   0.64972098   0.66002522
   0.75294742   0.84091956   0.84099323   0.84297882   0.84937115
   0.94946409   0.94951194   0.96122272   0.9612643    0.99797041
   1.05471668   1.0603574    1.06039261   1.09838642   1.09840058
   1.17178718   1.17181208   1.22021904   1.23078112   1.26012993
   1.26015643   1.30025888   1.30030177   1.32619159   1.32619756
   1.39739658   1.44115591   1.46492886   1.46496972   1.47819818
   1.47902603   1.47903873   1.49591754   1.60446767   1.60449063
   1.61734189   1.61740202   1.62771974   1.64509583   1.69508001
   1.72036638   1.72050337   1.73492966   1.7778108    1.77781173
   1.89682535   1.89689348   1.91841623   1.91847206   2.02053566
   2.13101319   2.88524809   2.98226128   3.02890529   3.02892181
   3.13317633   3.13317893   3.44220139   3.44315826   3.47980134
   3.4798252    3.50993808   3.50994527   3.60267019   3.6026715
   3.64475695   3.65106482   3.65110925   3.67630523   3.78874753
   3.78886323   3.78906527   3.78912525   3.84145383   3.87305802
   3.90776422   3.90780194   3.95056109   3.96443433   3.96457271
   4.00637822   4.0136329    4.06096424   4.12627849   4.12652273
   4.13225457   4.13243972   4.15805011   4.21859017   4.2186868
   4.28507195   4.29017506   4.29326376   4.29339715   4.33020147
   4.44147259   4.44151234   4.45814351   4.45820552   4.71655165
   4.74260187   4.85563398   4.85595948   4.87281277   4.87312193
   4.97350031   5.05977167   5.05979941   5.06534195   5.06537287
   5.4781004    5.64735145   5.64754707   5.71230359   5.71253829
   6.99239702   7.05165306   7.27432269   7.27456889   7.32793085
   7.32817735  12.47508654  12.64690962]
    CPU time for scf_cycle      9.26 sec, wall time      9.54 sec
    CPU time for SCF      9.26 sec, wall time      9.54 sec
converged SCF energy = -581.365125960781
RHF E = -581.365125961
RHF eps = [-68.7708747  -68.77087244  -6.122214    -6.12205918  -4.22860372
  -4.22821775  -4.22821644  -4.2281351   -4.22813379  -4.22784588
  -0.75688698  -0.67629385  -0.49949184  -0.49945356  -0.47239457
  -0.47235255  -0.40668433   0.11855064   0.12756616   0.12757128
   0.1369129    0.15777596   0.1577879    0.1987755    0.23158519
   0.25654709   0.25655253   0.29155773   0.29156523   0.3203733
   0.32470385   0.32471109   0.42582739   0.42583917   0.42981983
   0.42982007   0.43389595   0.46158848   0.51829358   0.51830193
   0.5225076    0.57603411   0.64968168   0.64972098   0.66002522
   0.75294742   0.84091956   0.84099323   0.84297882   0.84937115
   0.94946409   0.94951194   0.96122272   0.9612643    0.99797041
   1.05471668   1.0603574    1.06039261   1.09838642   1.09840058
   1.17178718   1.17181208   1.22021904   1.23078112   1.26012993
   1.26015643   1.30025888   1.30030177   1.32619159   1.32619756
   1.39739658   1.44115591   1.46492886   1.46496972   1.47819818
   1.47902603   1.47903873   1.49591754   1.60446767   1.60449063
   1.61734189   1.61740202   1.62771974   1.64509583   1.69508001
   1.72036638   1.72050337   1.73492966   1.7778108    1.77781173
   1.89682535   1.89689348   1.91841623   1.91847206   2.02053566
   2.13101319   2.88524809   2.98226128   3.02890529   3.02892181
   3.13317633   3.13317893   3.44220139   3.44315826   3.47980134
   3.4798252    3.50993808   3.50994527   3.60267019   3.6026715
   3.64475695   3.65106482   3.65110925   3.67630523   3.78874753
   3.78886323   3.78906527   3.78912525   3.84145383   3.87305802
   3.90776422   3.90780194   3.95056109   3.96443433   3.96457271
   4.00637822   4.0136329    4.06096424   4.12627849   4.12652273
   4.13225457   4.13243972   4.15805011   4.21859017   4.2186868
   4.28507195   4.29017506   4.29326376   4.29339715   4.33020147
   4.44147259   4.44151234   4.45814351   4.45820552   4.71655165
   4.74260187   4.85563398   4.85595948   4.87281277   4.87312193
   4.97350031   5.05977167   5.05979941   5.06534195   5.06537287
   5.4781004    5.64735145   5.64754707   5.71230359   5.71253829
   6.99239702   7.05165306   7.27432269   7.27456889   7.32793085
   7.32817735  12.47508654  12.64690962]
    CPU time for transforming oopq     11.88 sec, wall time     11.98 sec
    CPU time for transforming ovpq     13.07 sec, wall time     13.08 sec
MO integrals cint2e_sph are saved in <HDF5 file "tmp4j2_hP" (mode r+)>/eri_mo
num. MO ints = 5.198856e+08, required disk 4159.0848 MB
step1: tmpfile /tmp/tmpc3FErI  2589.464 MB
step1: (ij,kl) = (22801,14196), mem cache 4000 MB, iobuf 800 MB
    CPU time for Initializing ao2mo.outcore.half_e1      0.02 sec, wall time      0.02 sec
step 1 [1/4], AO [0:563], len(buf) = 4381
      fill iobuf micro [1/1], AO [0:563], len(aobuf) = 4381
    CPU time for gen AO/transform MO [1/4]      7.66 sec, wall time      7.65 sec
step 1 [2/4], AO [563:1272], len(buf) = 4385
      fill iobuf micro [1/1], AO [563:1272], len(aobuf) = 4385
    CPU time for gen AO/transform MO [2/4]      8.23 sec, wall time      8.23 sec
step 1 [3/4], AO [1272:1985], len(buf) = 4384
      fill iobuf micro [1/1], AO [1272:1985], len(aobuf) = 4384
    CPU time for gen AO/transform MO [3/4]      7.87 sec, wall time      7.87 sec
step 1 [4/4], AO [1985:2080], len(buf) = 1046
      fill iobuf micro [1/1], AO [1985:2080], len(aobuf) = 1046
    CPU time for gen AO/transform MO [4/4]      2.62 sec, wall time      2.63 sec
    CPU time for AO->MO transformation for cint2e_sph 1 pass     26.78 sec, wall time     26.80 sec
step2: kl-pair (ao 14196, mo 22801), mem 236.22144 MB, ioblock 379.40864 MB
step 2 [1/11], [0,0:2080], row = 2080
step 2 [1/11] CPU time:      2.31, Wall time:      2.30
step 2 [2/11], [0,2080:4160], row = 2080
step 2 [2/11] CPU time:      2.29, Wall time:      2.30
step 2 [3/11], [0,4160:6240], row = 2080
step 2 [3/11] CPU time:      2.33, Wall time:      2.33
step 2 [4/11], [0,6240:8320], row = 2080
step 2 [4/11] CPU time:      2.36, Wall time:      2.35
step 2 [5/11], [0,8320:10400], row = 2080
step 2 [5/11] CPU time:      2.35, Wall time:      2.36
step 2 [6/11], [0,10400:12480], row = 2080
step 2 [6/11] CPU time:      2.35, Wall time:      2.34
step 2 [7/11], [0,12480:14560], row = 2080
step 2 [7/11] CPU time:      2.35, Wall time:      2.36
step 2 [8/11], [0,14560:16640], row = 2080
step 2 [8/11] CPU time:      2.37, Wall time:      2.37
step 2 [9/11], [0,16640:18720], row = 2080
step 2 [9/11] CPU time:      2.36, Wall time:      2.36
step 2 [10/11], [0,18720:20800], row = 2080
step 2 [10/11] CPU time:      2.34, Wall time:      2.34
step 2 [11/11], [0,20800:22801], row = 2001
step 2 [11/11] CPU time:      2.11, Wall time:      2.17
    CPU time for AO->MO transformation for cint2e_sph 2 pass     25.85 sec, wall time     25.92 sec
    CPU time for AO->MO transformation for cint2e_sph      52.63 sec, wall time     52.72 sec
    CPU time for transforming vvvv     62.29 sec, wall time     71.54 sec
    CPU time for CCSD integral transformation     87.76 sec, wall time     97.12 sec

******** <class 'pyscf.cc.linrccsd.LinRCCSD'> flags ********
CCSD nocc = 7, nvir = 151
frozen orbitals [0, 1, 2, 3, 4, 5, 6, 7, 8, 9]
max_cycle = 50
direct = 0
conv_tol = 1e-07
conv_tol_normt = 1e-05
diis_space = 6
diis_start_cycle = 0
diis_start_energy_diff = 1e+09
Init t2, MP2 energy = -0.265253311932484
    CPU time for init mp2      0.02 sec, wall time      0.03 sec
    CPU time for update t1 t2      7.17 sec, wall time      7.18 sec
istep = 0  E(CCSD) = -0.308181290752386  dE = -0.308181291  norm(t1,t2) = 0.0976255
    CPU time for CCSD iter      7.19 sec, wall time      7.19 sec
    CPU time for update t1 t2      7.13 sec, wall time      7.13 sec
DIIS for step 1
istep = 1  E(CCSD) = -0.321041381162284  dE = -0.0128600904  norm(t1,t2) = 0.0394628
    CPU time for CCSD iter      7.15 sec, wall time      7.15 sec
    CPU time for update t1 t2      7.22 sec, wall time      7.22 sec
diis-c [ -2.02892750e-04   1.00000000e+00]
DIIS for step 2
istep = 2  E(CCSD) = -0.325385412219397  dE = -0.00434403106  norm(t1,t2) = 0.0199161
    CPU time for CCSD iter      7.25 sec, wall time      7.25 sec
    CPU time for update t1 t2      7.23 sec, wall time      7.25 sec
diis-c [ -1.26077219e-05  -1.01089537e+00   2.01089537e+00]
DIIS for step 3
istep = 3  E(CCSD) = -0.328888105227448  dE = -0.00350269301  norm(t1,t2) = 0.0110051
    CPU time for CCSD iter      7.26 sec, wall time      7.28 sec
    CPU time for update t1 t2      7.09 sec, wall time      7.09 sec
diis-c [ -1.51392656e-06   6.99135690e-01  -1.51366307e+00   1.81452738e+00]
DIIS for step 4
istep = 4  E(CCSD) = -0.328680144761775  dE = 0.000207960466  norm(t1,t2) = 0.00281296
    CPU time for CCSD iter      7.12 sec, wall time      7.13 sec
    CPU time for update t1 t2      7.02 sec, wall time      7.03 sec
diis-c [ -1.35524834e-07   1.88357850e-01  -3.86613180e-01   1.92396890e-01
   1.00585844e+00]
DIIS for step 5
istep = 5  E(CCSD) = -0.328660752016949  dE = 1.93927448e-05  norm(t1,t2) = 0.000719157
    CPU time for CCSD iter      7.07 sec, wall time      7.07 sec
    CPU time for update t1 t2      7.07 sec, wall time      7.09 sec
diis-c [ -1.09249202e-08  -1.35004143e-01   2.85687441e-01  -2.48885119e-01
  -3.40227999e-01   1.43842982e+00]
DIIS for step 6
istep = 6  E(CCSD) = -0.32868731028381  dE = -2.65582669e-05  norm(t1,t2) = 0.00023399
    CPU time for CCSD iter      7.12 sec, wall time      7.13 sec
    CPU time for update t1 t2      7.08 sec, wall time      7.09 sec
diis-c [ -1.55189653e-09  -1.85932105e-02   3.82552128e-02  -2.34402591e-02
  -8.74194577e-02   3.84990503e-02   1.05269866e+00]
DIIS for step 7
istep = 7  E(CCSD) = -0.328688530896246  dE = -1.22061244e-06  norm(t1,t2) = 6.63554e-05
    CPU time for CCSD iter      7.13 sec, wall time      7.13 sec
    CPU time for update t1 t2      7.07 sec, wall time      7.09 sec
diis-c [ -3.09238662e-10   1.18858044e+00  -2.31213336e-04   1.34271802e-03
   7.80912174e-03  -4.04686605e-02  -1.57032407e-01]
DIIS for step 8
istep = 8  E(CCSD) = -0.328687983554869  dE = 5.47341377e-07  norm(t1,t2) = 2.75962e-05
    CPU time for CCSD iter      7.11 sec, wall time      7.13 sec
    CPU time for update t1 t2      7.07 sec, wall time      7.08 sec
diis-c [ -2.92566804e-11  -3.61819457e-01   1.50233797e+00  -1.57683992e-03
   5.66471899e-03   2.98165228e-02  -1.74422912e-01]
DIIS for step 9
istep = 9  E(CCSD) = -0.328687180306081  dE = 8.03248788e-07  norm(t1,t2) = 1.30123e-05
    CPU time for CCSD iter      7.12 sec, wall time      7.12 sec
    CPU time for update t1 t2      7.07 sec, wall time      7.08 sec
diis-c [ -4.58547089e-12   2.48572521e-02  -5.15658751e-01   1.42953480e+00
  -1.49419338e-03  -6.39029491e-03   6.91511869e-02]
DIIS for step 10
istep = 10  E(CCSD) = -0.328687088403791  dE = 9.19022896e-08  norm(t1,t2) = 4.0086e-06
    CPU time for CCSD iter      7.11 sec, wall time      7.12 sec
    CPU time for CCSD     78.63 sec, wall time     78.71 sec
CCSD converged
E(linCCSD) = -581.6938130491852  E_corr = -0.3286870884037911
    CPU time for EOM-CCSD shared one-electron intermediates      0.81 sec, wall time      0.82 sec
    CPU time for EOM-CCSD shared two-electron intermediates      1.22 sec, wall time      1.21 sec
    CPU time for EOM-CCSD IP intermediates      1.48 sec, wall time      1.48 sec
tol 1e-07  toloose 0.000316228
max_cycle 50  max_space 38  max_memory 2000  incore True
davidson 0 6  |r|= 0.205  e= [ 0.45774631  0.51857993  0.51862035  0.54508024  0.54511694  0.71652207]  max|de|= 0.717  lindep=    1
davidson 1 12  |r|= 0.0815  e= [ 0.39731775  0.45541297  0.45545243  0.48241358  0.48244418  0.63518017]  max|de|= -0.0813  lindep= 0.974
davidson 2 18  |r|= 0.03  e= [ 0.39619655  0.45199425  0.45205347  0.47885778  0.4789106   0.62616044]  max|de|= -0.00902  lindep= 0.969
davidson 3 24  |r|= 0.0104  e= [ 0.39650158  0.45218734  0.45222593  0.47906406  0.47909838  0.62586429]  max|de|= 0.000305  lindep= 0.964
davidson 4 30  |r|= 0.00367  e= [ 0.39654044  0.45220226  0.45223827  0.47909     0.47912238  0.625921  ]  max|de|= 5.67e-05  lindep= 0.954
davidson 5 36  |r|= 0.00104  e= [ 0.39654065  0.45219496  0.45222993  0.47908139  0.47911259  0.62590117]  max|de|= -1.98e-05  lindep= 0.954
root 0 converged  |r|= 0.000161  e= 0.39654064778  max|de|= -1.67e-15
root 1 converged  |r|= 0.000255  e= 0.452194957694  max|de|= -5e-16
root 2 converged  |r|= 0.000254  e= 0.452229926507  max|de|= 1.11e-16
davidson 6 6  |r|= 0.00104  e= [ 0.39654065  0.45219496  0.45222993  0.47908139  0.47911259  0.62590117]  max|de|= -1.67e-15  lindep=    1
davidson 7 9  |r|= 0.000361  e= [ 0.39654065  0.45219496  0.45222993  0.47908532  0.47911575  0.62589904]  max|de|= 3.93e-06  lindep= 0.977
davidson 8 12  |r|= 0.000181  e= [ 0.39654065  0.45219496  0.45222993  0.47908612  0.47911637  0.62589942]  max|de|= 8.04e-07  lindep= 0.939
davidson 9 15  |r|= 5.58e-05  e= [ 0.39654065  0.45219496  0.45222993  0.47908683  0.47911702  0.62590128]  max|de|= 1.86e-06  lindep= 0.902
root 3 converged  |r|= 2.29e-06  e= 0.479086895398  max|de|= 6.87e-08
davidson 10 18  |r|= 1.82e-05  e= [ 0.39654065  0.45219496  0.45222993  0.4790869   0.47911714  0.6259018 ]  max|de|= 5.19e-07  lindep= 0.87
root 4 converged  |r|= 5.3e-07  e= 0.479117167369  max|de|= 2.9e-08
davidson 11 20  |r|= 6.22e-06  e= [ 0.39654065  0.45219496  0.45222993  0.47908689  0.47911717  0.62590156]  max|de|= -2.39e-07  lindep= 0.69
davidson 12 21  |r|= 2.67e-06  e= [ 0.39654065  0.45219496  0.45222993  0.47908689  0.47911717  0.62590126]  max|de|= -3.02e-07  lindep= 0.581
davidson 13 22  |r|= 1.26e-06  e= [ 0.39654065  0.45219496  0.45222993  0.47908689  0.47911717  0.62590137]  max|de|= 1.1e-07  lindep= 0.583
root 5 converged  |r|= 4.67e-07  e= 0.625901338689  max|de|= -3.31e-08
converge 14 23  |r|= 4.67e-07  e= [ 0.39654065  0.45219496  0.45222993  0.47908689  0.47911717  0.62590134]  max|de|= -3.31e-08
IP root 0 E = 0.3965406477797135  qpwt = 0.955199
IP root 1 E = 0.4521949576935244  qpwt = 0.943291
IP root 2 E = 0.4522299265066957  qpwt = 0.943293
IP root 3 E = 0.479086890640964  qpwt = 0.938838
IP root 4 E = 0.4791171673689911  qpwt = 0.938839
IP root 5 E = 0.6259013386889646  qpwt = 0.85896
    CPU time for IP-CCSD      7.62 sec, wall time      7.63 sec
    CPU time for EOM-CCSD shared one-electron intermediates      0.81 sec, wall time      0.81 sec
    CPU time for EOM-CCSD EA intermediates    133.02 sec, wall time    133.75 sec
tol 1e-07  toloose 0.000316228
max_cycle 50  max_space 38  max_memory 2000  incore True
davidson 0 6  |r|= 0.243  e= [ 0.126098    0.14356417  0.14356758  0.14549727  0.16502899  0.16503999]  max|de|= 0.165  lindep=    1
davidson 1 12  |r|= 0.0478  e= [ 0.09053101  0.08988343  0.08989331  0.10521618  0.12756675  0.12757411]  max|de|= -0.0537  lindep= 0.983
davidson 2 18  |r|= 0.0243  e= [ 0.08438536  0.08515824  0.08516598  0.10154623  0.12308194  0.12309753]  max|de|= -0.00615  lindep= 0.979
davidson 3 24  |r|= 0.00648  e= [ 0.08430319  0.08518472  0.08519221  0.10177838  0.12318983  0.12320343]  max|de|= 0.000232  lindep= 0.913
davidson 4 30  |r|= 0.00216  e= [ 0.08432039  0.08518317  0.08518979  0.10176747  0.1232007   0.12321438]  max|de|= 1.72e-05  lindep= 0.981
davidson 5 36  |r|= 0.000563  e= [ 0.0843136   0.0851513   0.0851581   0.10176892  0.12319596  0.12320998]  max|de|= -3.19e-05  lindep= 0.813
davidson 6 6  |r|= 0.000563  e= [ 0.0843136   0.0851513   0.0851581   0.10176892  0.12319596  0.12320998]  max|de|= -8.33e-16  lindep=    1
root 1 converged  |r|= 0.000158  e= 0.085151333576  max|de|= 3.08e-08
root 2 converged  |r|= 0.000158  e= 0.0851581531523  max|de|= 4.97e-08
davidson 7 12  |r|= 0.000434  e= [ 0.0843095   0.08515133  0.08515815  0.10176833  0.12319552  0.1232096 ]  max|de|= -4.1e-06  lindep= 0.967
davidson 8 16  |r|= 0.000196  e= [ 0.08430539  0.08515133  0.08515815  0.10176732  0.12319353  0.12320762]  max|de|= -4.11e-06  lindep= 0.724
davidson 9 20  |r|= 5.81e-05  e= [ 0.08430679  0.08515133  0.08515815  0.10176768  0.1231939   0.12320801]  max|de|= 1.4e-06  lindep= 0.462
root 3 converged  |r|= 2.66e-06  e= 0.101767607246  max|de|= -7.2e-08
root 4 converged  |r|= 4.82e-06  e= 0.123193982397  max|de|= 8.11e-08
root 5 converged  |r|= 3.4e-06  e= 0.123208093122  max|de|= 8.51e-08
davidson 10 24  |r|= 1.33e-05  e= [ 0.08430739  0.08515133  0.08515815  0.10176761  0.12319398  0.12320809]  max|de|= 6.05e-07  lindep= 0.881
davidson 11 25  |r|= 3.05e-06  e= [ 0.08430764  0.08515133  0.08515815  0.10176761  0.12319398  0.12320809]  max|de|= 2.46e-07  lindep= 0.551
davidson 12 26  |r|= 9.56e-07  e= [ 0.08430744  0.08515133  0.08515815  0.10176761  0.12319399  0.12320809]  max|de|= -1.97e-07  lindep= 0.582
root 0 converged  |r|= 2.63e-07  e= 0.0843074953184  max|de|= 5.35e-08
converge 13 27  |r|= 2.63e-07  e= [ 0.0843075   0.08515133  0.08515815  0.10176761  0.12319399  0.12320809]  max|de|= 5.35e-08
EA root 0 E = 0.08430749531835963  qpwt = 0.975835
EA root 1 E = 0.08515133386843421  qpwt = 0.966777
EA root 2 E = 0.08515815315231366  qpwt = 0.966779
EA root 3 E = 0.1017676072492343  qpwt = 0.97515
EA root 4 E = 0.1231939928716232  qpwt = 0.97505
EA root 5 E = 0.1232080931220115  qpwt = 0.975052
    CPU time for EA-CCSD    430.98 sec, wall time    431.97 sec
