

******** <class 'pyscf.scf.hf.RHF'> flags ********
method = RHF
initial guess = minao
damping factor = 0
level shift factor = 0
Do DIIS = True
DIIS start cycle = 1
DIIS space = 8
SCF tol = 1e-09
SCF gradient tol = None
max. SCF cycles = 50
direct_scf = True
direct_scf_tol = 1e-13
chkfile to save SCF result = /tmp/tmp8iTlAJ
max_memory 4000 MB (current use 39 MB)
Set gradient conv threshold to 3.16228e-05
Nelec from initial guess = 17.999
cond(S) = 1088.26416947
E_coul = 133.218560014848
init E= -290.846801092992
    CPU time for initialize scf      0.74 sec, wall time      0.74 sec
  HOMO = -0.403389568100638  LUMO = 0.109678310290199
  mo_energy =
[-68.73352485  -6.12810536  -4.21432112  -4.21432112  -4.21432112
  -0.86156866  -0.40338957  -0.40338957  -0.40338957   0.10967831
   0.10967831   0.10967831   0.12652459   0.26906818   0.26906818
   0.26906818   0.3113059    0.3113059    0.38961016   0.39818107
   0.39818107   0.39818107   0.5099621    0.6961576    0.6961576
   0.6961576    0.82486403   0.82486403   0.82486403   0.96727494
   0.96727494   0.96727494   1.10840981   1.10840981   1.1400603
   1.1400603    1.1400603    1.32217468   1.32217468   1.37266981
   1.45711868   1.45711868   1.45711868   1.56655534   1.56655534
   1.56655534   1.60467932   1.61144554   1.61144554   1.61144554
   1.85714476   1.85714476   1.85714476   2.85116349   2.94315951
   2.94315951   2.94315951   3.38804723   3.38804723   3.38804723
   3.43071435   3.43071435   3.59814723   3.59814723   3.59814723
   3.7080669    3.7080669    3.79408185   3.79408185   3.79408185
   3.90910938   3.92939875   3.92939875   3.92939875   4.08927656
   4.08927656   4.08927656   4.18351338   4.18351338   4.18351338
   4.29703751   4.29703751   4.29703751   4.38028679   4.38028679
   4.67674566   4.84984576   4.84984576   4.84984576   5.10428534
   5.10428534   5.74373301   5.74373301   5.74373301   7.29417957
   7.29417957   7.29417957  12.89585171]
E_coul = 132.523049025105
cycle= 1 E= -291.240401939227  delta_E= -0.394  |g|= 0.181  |ddm|= 1.35
    CPU time for cycle= 1      0.07 sec, wall time      0.07 sec
diis-norm(errvec)=0.634907
diis-c [-0.40310678  1.        ]
  HOMO = -0.498024483679801  LUMO = 0.132155574802197
  mo_energy =
[-68.82250981  -6.16269577  -4.26725183  -4.26725183  -4.26725183
  -0.75363899  -0.49802448  -0.49802448  -0.49802448   0.13215557
   0.13215557   0.13215557   0.15642831   0.2710531    0.2710531
   0.2710531    0.3136083    0.3136083    0.40783372   0.40783372
   0.40783372   0.41373438   0.53589201   0.71133709   0.71133709
   0.71133709   0.83365694   0.83365694   0.83365694   0.97458895
   0.97458895   0.97458895   1.10503643   1.10503643   1.14430154
   1.14430154   1.14430154   1.33360733   1.33360733   1.3784027
   1.45312897   1.45312897   1.45312897   1.56767553   1.56767553
   1.56767553   1.60616898   1.61443248   1.61443248   1.61443248
   1.86319164   1.86319164   1.86319164   2.88569376   2.9755112
   2.9755112    2.9755112    3.41795915   3.41795915   3.41795915
   3.45972709   3.45972709   3.62700384   3.62700384   3.62700384
   3.73133253   3.73133253   3.82635092   3.82635092   3.82635092
   3.94480555   3.96679993   3.96679993   3.96679993   4.11675172
   4.11675172   4.11675172   4.20766105   4.20766105   4.20766105
   4.31859501   4.31859501   4.31859501   4.40627628   4.40627628
   4.70158619   4.87181351   4.87181351   4.87181351   5.08293766
   5.08293766   5.72071136   5.72071136   5.72071136   7.26541896
   7.26541896   7.26541896  12.86259373]
E_coul = 133.172657882319
cycle= 2 E= -291.256788931413  delta_E= -0.0164  |g|= 0.0515  |ddm|= 0.179
    CPU time for cycle= 2      0.07 sec, wall time      0.07 sec
diis-norm(errvec)=0.179174
diis-c [-0.01860242 -0.23059207  1.23059207]
  HOMO = -0.482657873018127  LUMO = 0.14457219409735
  mo_energy =
[-68.73996515  -6.1015502   -4.20714716  -4.20714716  -4.20714716
  -0.72675585  -0.48265787  -0.48265787  -0.48265787   0.14457219
   0.14457219   0.14457219   0.16904168   0.28004877   0.28004877
   0.28004877   0.33228341   0.33228341   0.42101818   0.42101818
   0.42101818   0.42461842   0.55385998   0.7261332    0.7261332
   0.7261332    0.84985014   0.84985014   0.84985014   0.99108085
   0.99108085   0.99108085   1.13252172   1.13252172   1.16420308
   1.16420308   1.16420308   1.34967112   1.34967112   1.39608856
   1.47680636   1.47680636   1.47680636   1.58814956   1.58814956
   1.58814956   1.62974217   1.63780037   1.63780037   1.63780037
   1.88954707   1.88954707   1.88954707   2.91063519   3.00002473
   3.00002473   3.00002473   3.44207187   3.44207187   3.44207187
   3.48246418   3.48246418   3.65422999   3.65422999   3.65422999
   3.76554785   3.76554785   3.85369064   3.85369064   3.85369064
   3.97924499   3.99594048   3.99594048   3.99594048   4.14926825
   4.14926825   4.14926825   4.22832897   4.22832897   4.22832897
   4.34510738   4.34510738   4.34510738   4.43086439   4.43086439
   4.72653763   4.89771379   4.89771379   4.89771379   5.12536099
   5.12536099   5.76382912   5.76382912   5.76382912   7.31459668
   7.31459668   7.31459668  12.91433107]
E_coul = 133.022348551191
cycle= 3 E= -291.258401052237  delta_E= -0.00161  |g|= 0.0164  |ddm|= 0.0841
    CPU time for cycle= 3      0.06 sec, wall time      0.07 sec
diis-norm(errvec)=0.041349
diis-c [ -5.88661206e-04  -5.62723887e-02   3.10195942e-03   1.05317043e+00]
  HOMO = -0.486513151551844  LUMO = 0.143224278364457
  mo_energy =
[-68.77431274  -6.12263189  -4.22900768  -4.22900768  -4.22900768
  -0.72976579  -0.48651315  -0.48651315  -0.48651315   0.14322428
   0.14322428   0.14322428   0.16820619   0.27886745   0.27886745
   0.27886745   0.32968378   0.32968378   0.41875185   0.41875185
   0.41875185   0.42307345   0.55163559   0.72385943   0.72385943
   0.72385943   0.84840045   0.84840045   0.84840045   0.98879908
   0.98879908   0.98879908   1.12585998   1.12585998   1.16057946
   1.16057946   1.16057946   1.3482316    1.3482316    1.39328297
   1.47096975   1.47096975   1.47096975   1.58376374   1.58376374
   1.58376374   1.62460568   1.63305208   1.63305208   1.63305208
   1.88435159   1.88435159   1.88435159   2.91123952   3.00043262
   3.00043262   3.00043262   3.44213855   3.44213855   3.44213855
   3.48284134   3.48284134   3.65328071   3.65328071   3.65328071
   3.7619384    3.7619384    3.85331737   3.85331737   3.85331737
   3.97740883   3.99613065   3.99613065   3.99613065   4.14742125
   4.14742125   4.14742125   4.22907105   4.22907105   4.22907105
   4.3440378    4.3440378    4.3440378    4.43119946   4.43119946
   4.72667131   4.89699915   4.89699915   4.89699915   5.11323088
   5.11323088   5.75119669   5.75119669   5.75119669   7.2992765
   7.2992765    7.2992765   12.89757106]
E_coul = 133.071554789268
cycle= 4 E= -291.258475528502  delta_E= -7.45e-05  |g|= 0.00291  |ddm|= 0.0132
    CPU time for cycle= 4      0.07 sec, wall time      0.07 sec
diis-norm(errvec)=0.00631352
diis-c [ -2.78262669e-05   7.70717974e-03  -3.24163830e-02  -1.93798127e-02
   1.04408902e+00]
  HOMO = -0.486726429962875  LUMO = 0.143058694239366
  mo_energy =
[-68.77038638  -6.12171519  -4.22792596  -4.22792596  -4.22792596
  -0.72996903  -0.48672643  -0.48672643  -0.48672643   0.14305869
   0.14305869   0.14305869   0.16805133   0.27878933   0.27878933
   0.27878933   0.32947214   0.32947214   0.41858531   0.41858531
   0.41858531   0.42284307   0.55141569   0.72362313   0.72362313
   0.72362313   0.84815225   0.84815225   0.84815225   0.98858938
   0.98858938   0.98858938   1.12551383   1.12551383   1.16031476
   1.16031476   1.16031476   1.34805345   1.34805345   1.39302244
   1.4706711    1.4706711    1.4706711    1.58340094   1.58340094
   1.58340094   1.6243686    1.63281005   1.63281005   1.63281005
   1.88408302   1.88408302   1.88408302   2.91103263   3.00022796
   3.00022796   3.00022796   3.4419156    3.4419156    3.4419156
   3.48264037   3.48264037   3.65304817   3.65304817   3.65304817
   3.7617201    3.7617201    3.85308364   3.85308364   3.85308364
   3.97713241   3.9958594    3.9958594    3.9958594    4.1472685
   4.1472685    4.1472685    4.22893153   4.22893153   4.22893153
   4.34393679   4.34393679   4.34393679   4.43108697   4.43108697
   4.72655823   4.89690143   4.89690143   4.89690143   5.11324962
   5.11324962   5.75126135   5.75126135   5.75126135   7.29973224
   7.29973224   7.29973224  12.898056  ]
E_coul = 133.064539263096
cycle= 5 E= -291.258477537132  delta_E= -2.01e-06  |g|= 0.000504  |ddm|= 0.00326
    CPU time for cycle= 5      0.07 sec, wall time      0.07 sec
diis-norm(errvec)=0.0013629
diis-c [ -3.19195800e-07   1.83442191e-03   2.54500019e-03  -4.46375656e-02
  -1.42241605e-01   1.18249975e+00]
  HOMO = -0.486683869083822  LUMO = 0.143080615361292
  mo_energy =
[-68.77080043  -6.12169979  -4.22789711  -4.22789711  -4.22789711
  -0.72994047  -0.48668387  -0.48668387  -0.48668387   0.14308062
   0.14308062   0.14308062   0.16803886   0.27880895   0.27880895
   0.27880895   0.32952501   0.32952501   0.4186195    0.4186195
   0.4186195    0.42284792   0.5514245    0.72364264   0.72364264
   0.72364264   0.8481698    0.8481698    0.8481698    0.98862349
   0.98862349   0.98862349   1.12559472   1.12559472   1.16036078
   1.16036078   1.16036078   1.34807931   1.34807931   1.3930669
   1.47072704   1.47072704   1.47072704   1.58344987   1.58344987
   1.58344987   1.62441068   1.63286808   1.63286808   1.63286808
   1.88415843   1.88415843   1.88415843   2.91106182   3.00025562
   3.00025562   3.00025562   3.4419462    3.4419462    3.4419462
   3.4826664    3.4826664    3.65309086   3.65309086   3.65309086
   3.76179012   3.76179012   3.8531233    3.8531233    3.8531233
   3.97719885   3.99589636   3.99589636   3.99589636   4.14732856
   4.14732856   4.14732856   4.22896212   4.22896212   4.22896212
   4.34398225   4.34398225   4.34398225   4.43112022   4.43112022
   4.72660583   4.89695294   4.89695294   4.89695294   5.11335832
   5.11335832   5.75136047   5.75136047   5.75136047   7.29978985
   7.29978985   7.29978985  12.89810031]
E_coul = 133.064782751874
cycle= 6 E= -291.258477655998  delta_E= -1.19e-07  |g|= 4.13e-05  |ddm|= 0.00125
    CPU time for cycle= 6      0.07 sec, wall time      0.07 sec
diis-norm(errvec)=0.000114736
diis-c [ -1.43244558e-09  -4.33045743e-04  -1.25294726e-04   8.28844094e-03
   7.39430643e-03  -1.90188637e-01   1.17506423e+00]
  HOMO = -0.486685925973987  LUMO = 0.143081749299263
  mo_energy =
[-68.77077011  -6.1217024   -4.22789774  -4.22789774  -4.22789774
  -0.72994748  -0.48668593  -0.48668593  -0.48668593   0.14308175
   0.14308175   0.14308175   0.16803664   0.27880912   0.27880912
   0.27880912   0.32952532   0.32952532   0.41861896   0.41861896
   0.41861896   0.4228478    0.55142416   0.72364224   0.72364224
   0.72364224   0.84817172   0.84817172   0.84817172   0.98862583
   0.98862583   0.98862583   1.12558945   1.12558945   1.16035978
   1.16035978   1.16035978   1.3480812    1.3480812    1.39306746
   1.47072281   1.47072281   1.47072281   1.58344729   1.58344729
   1.58344729   1.62440774   1.63286676   1.63286676   1.63286676
   1.8841576    1.8841576    1.8841576    2.91107111   3.00026428
   3.00026428   3.00026428   3.44195352   3.44195352   3.44195352
   3.48267392   3.48267392   3.65309757   3.65309757   3.65309757
   3.76179486   3.76179486   3.85313126   3.85313126   3.85313126
   3.97720657   3.99590589   3.99590589   3.99590589   4.1473368
   4.1473368    4.1473368    4.22897059   4.22897059   4.22897059
   4.34399015   4.34399015   4.34399015   4.43112979   4.43112979
   4.7266154    4.89696153   4.89696153   4.89696153   5.11335389
   5.11335389   5.75135649   5.75135649   5.75135649   7.29978881
   7.29978881   7.29978881  12.89809636]
E_coul = 133.064768312471
cycle= 7 E= -291.258477656991  delta_E= -9.93e-10  |g|= 3.21e-06  |ddm|= 0.000144
    CPU time for cycle= 7      0.07 sec, wall time      0.07 sec
  HOMO = -0.486684964210688  LUMO = 0.143081813238841
  mo_energy =
[-68.77076964  -6.12170061  -4.22789587  -4.22789587  -4.22789587
  -0.72994685  -0.48668496  -0.48668496  -0.48668496   0.14308181
   0.14308181   0.14308181   0.16803654   0.27880918   0.27880918
   0.27880918   0.32952573   0.32952573   0.41861916   0.41861916
   0.41861916   0.42284775   0.55142431   0.72364242   0.72364242
   0.72364242   0.8481718    0.8481718    0.8481718    0.98862599
   0.98862599   0.98862599   1.12559027   1.12559027   1.16036018
   1.16036018   1.16036018   1.34808133   1.34808133   1.39306773
   1.47072346   1.47072346   1.47072346   1.58344777   1.58344777
   1.58344777   1.62440826   1.63286731   1.63286731   1.63286731
   1.88415822   1.88415822   1.88415822   2.91107092   3.00026412
   3.00026412   3.00026412   3.44195344   3.44195344   3.44195344
   3.48267381   3.48267381   3.65309761   3.65309761   3.65309761
   3.76179523   3.76179523   3.85313121   3.85313121   3.85313121
   3.9772067    3.99590574   3.99590574   3.99590574   4.14733694
   4.14733694   4.14733694   4.22897046   4.22897046   4.22897046
   4.34399022   4.34399022   4.34399022   4.43112968   4.43112968
   4.72661535   4.89696158   4.89696158   4.89696158   5.11335532
   5.11335532   5.7513579    5.7513579    5.7513579    7.29979021
   7.29979021   7.29979021  12.89809792]
    CPU time for scf_cycle      1.23 sec, wall time      1.23 sec
    CPU time for SCF      1.23 sec, wall time      1.23 sec
converged SCF energy = -291.258477656991
RHF E = -291.258477657
RHF eps = [-68.77076964  -6.12170061  -4.22789587  -4.22789587  -4.22789587
  -0.72994685  -0.48668496  -0.48668496  -0.48668496   0.14308181
   0.14308181   0.14308181   0.16803654   0.27880918   0.27880918
   0.27880918   0.32952573   0.32952573   0.41861916   0.41861916
   0.41861916   0.42284775   0.55142431   0.72364242   0.72364242
   0.72364242   0.8481718    0.8481718    0.8481718    0.98862599
   0.98862599   0.98862599   1.12559027   1.12559027   1.16036018
   1.16036018   1.16036018   1.34808133   1.34808133   1.39306773
   1.47072346   1.47072346   1.47072346   1.58344777   1.58344777
   1.58344777   1.62440826   1.63286731   1.63286731   1.63286731
   1.88415822   1.88415822   1.88415822   2.91107092   3.00026412
   3.00026412   3.00026412   3.44195344   3.44195344   3.44195344
   3.48267381   3.48267381   3.65309761   3.65309761   3.65309761
   3.76179523   3.76179523   3.85313121   3.85313121   3.85313121
   3.9772067    3.99590574   3.99590574   3.99590574   4.14733694
   4.14733694   4.14733694   4.22897046   4.22897046   4.22897046
   4.34399022   4.34399022   4.34399022   4.43112968   4.43112968
   4.72661535   4.89696158   4.89696158   4.89696158   5.11335532
   5.11335532   5.7513579    5.7513579    5.7513579    7.29979021
   7.29979021   7.29979021  12.89809792]
    CPU time for CCSD integral transformation      7.18 sec, wall time      7.18 sec

******** <class 'pyscf.cc.linrccsd.LinRCCSD'> flags ********
CCSD nocc = 4, nvir = 89
frozen orbitals [0, 1, 2, 3, 4]
max_cycle = 50
direct = 0
conv_tol = 1e-07
conv_tol_normt = 1e-05
diis_space = 6
diis_start_cycle = 0
diis_start_energy_diff = 1e+09
Init t2, MP2 energy = -0.143594567926913
    CPU time for init mp2      0.00 sec, wall time      0.00 sec
    CPU time for update t1 t2      0.35 sec, wall time      0.35 sec
istep = 0  E(CCSD) = -0.168113099905142  dE = -0.1681131  norm(t1,t2) = 0.0695712
    CPU time for CCSD iter      0.35 sec, wall time      0.35 sec
    CPU time for update t1 t2      0.33 sec, wall time      0.34 sec
DIIS for step 1
istep = 1  E(CCSD) = -0.175341199839563  dE = -0.00722809993  norm(t1,t2) = 0.0276971
    CPU time for CCSD iter      0.33 sec, wall time      0.34 sec
    CPU time for update t1 t2      0.33 sec, wall time      0.34 sec
diis-c [ -9.36647430e-05   1.00000000e+00]
DIIS for step 2
istep = 2  E(CCSD) = -0.177768866587086  dE = -0.00242766675  norm(t1,t2) = 0.0134263
    CPU time for CCSD iter      0.34 sec, wall time      0.34 sec
    CPU time for update t1 t2      0.33 sec, wall time      0.34 sec
diis-c [ -4.93920807e-06  -9.32156076e-01   1.93215608e+00]
DIIS for step 3
istep = 3  E(CCSD) = -0.179582646295287  dE = -0.00181377971  norm(t1,t2) = 0.00713154
    CPU time for CCSD iter      0.33 sec, wall time      0.34 sec
    CPU time for update t1 t2      0.34 sec, wall time      0.34 sec
diis-c [ -3.00461764e-07   7.57139378e-01  -1.67986818e+00   1.92272880e+00]
DIIS for step 4
istep = 4  E(CCSD) = -0.179463434994394  dE = 0.000119211301  norm(t1,t2) = 0.00169342
    CPU time for CCSD iter      0.35 sec, wall time      0.34 sec
    CPU time for update t1 t2      0.34 sec, wall time      0.34 sec
diis-c [ -3.07160097e-08   4.31017665e-02  -8.77428650e-02  -1.86428995e-02
   1.06328400e+00]
DIIS for step 5
istep = 5  E(CCSD) = -0.179469879202535  dE = -6.44420814e-06  norm(t1,t2) = 0.000283246
    CPU time for CCSD iter      0.34 sec, wall time      0.37 sec
    CPU time for update t1 t2      0.34 sec, wall time      0.34 sec
diis-c [ -1.10747839e-09  -1.02376110e-01   2.25398919e-01  -2.27120497e-01
  -3.00214498e-01   1.40431219e+00]
DIIS for step 6
istep = 6  E(CCSD) = -0.179479073659153  dE = -9.19445662e-06  norm(t1,t2) = 0.000100295
    CPU time for CCSD iter      0.35 sec, wall time      0.35 sec
    CPU time for update t1 t2      0.33 sec, wall time      0.34 sec
diis-c [ -4.24498769e-11   5.11165546e-02  -1.13058269e-01   1.18310681e-01
   1.17017456e-01  -7.23923644e-01   1.55053722e+00]
DIIS for step 7
istep = 7  E(CCSD) = -0.179478294757885  dE = 7.78901268e-07  norm(t1,t2) = 1.82626e-05
    CPU time for CCSD iter      0.33 sec, wall time      0.34 sec
    CPU time for update t1 t2      0.34 sec, wall time      0.34 sec
diis-c [ -4.01045863e-12   1.12392755e+00   1.04807595e-04  -4.26470143e-04
   2.36213141e-03   5.23301537e-03  -1.31201034e-01]
DIIS for step 8
istep = 8  E(CCSD) = -0.179478202881171  dE = 9.18767137e-08  norm(t1,t2) = 3.08376e-06
    CPU time for CCSD iter      0.34 sec, wall time      0.34 sec
    CPU time for CCSD      3.06 sec, wall time      3.09 sec
CCSD converged
E(linCCSD) = -291.437955859872  E_corr = -0.1794782028811712
    CPU time for EOM-CCSD shared one-electron intermediates      0.04 sec, wall time      0.03 sec
    CPU time for EOM-CCSD shared two-electron intermediates      0.04 sec, wall time      0.04 sec
    CPU time for EOM-CCSD IP intermediates      0.06 sec, wall time      0.06 sec
tol 1e-07  toloose 0.000316228
max_cycle 50  max_space 38  max_memory 2000  incore True
davidson 0 6  |r|= 0.202  e= [  0.53123542   0.53123538   0.53123541   0.76678441  13.56704341
   7.97245977]  max|de|= 13.6  lindep=    1
davidson 1 12  |r|= 0.183  e= [  0.47602672   0.47619875   0.47602672   0.68807227  13.56727303
   8.01674674]  max|de|= -0.0787  lindep= 0.0207
davidson 2 17  |r|= 0.194  e= [  0.47603623   0.47372568   0.4736997    0.68055337  13.63584018
   7.92391592]  max|de|= -0.0928  lindep= 0.966
davidson 3 23  |r|= 0.227  e= [  0.47371156   0.47381155   0.47381545   0.6799284   13.52696229
   8.01379275]  max|de|= -0.109  lindep= 0.27
davidson 4 29  |r|= 0.217  e= [  0.47381613   0.47382957   0.47383233   0.67989406  13.53335572
   8.01414335]  max|de|= 0.00639  lindep= 0.0692
davidson 5 35  |r|= 0.149  e= [  0.47382891   0.47382891   0.47383095   0.67986823  13.54393079
   8.02896204]  max|de|= 0.0148  lindep= 0.162
root 0 converged  |r|= 0.000215  e= 0.473828910958  max|de|= -1.33e-15
root 1 converged  |r|= 0.000215  e= 0.473828910958  max|de|= -1.33e-15
root 2 converged  |r|= 0.000301  e= 0.473830951243  max|de|= 9.99e-16
davidson 6 5  |r|= 0.149  e= [  0.47382891   0.47382891   0.47383095   0.67986823  13.54393079
   8.02896204]  max|de|= -2.08e-13  lindep= 0.892
davidson 7 8  |r|= 0.153  e= [  0.47382891   0.47382891   0.47383102   0.67986784  13.52677466
   8.02903006]  max|de|= -0.0172  lindep= 0.158
davidson 8 11  |r|= 0.127  e= [  0.47382891   0.47382891   0.47383103   0.6798692   13.54037214
   8.02793682]  max|de|= 0.0136  lindep= 0.401
davidson 9 14  |r|= 0.121  e= [  0.47382891   0.47382891   0.47383101   0.67986904  13.53322227
   8.02796556]  max|de|= -0.00715  lindep= 0.0415
davidson 10 17  |r|= 0.233  e= [  0.47382891   0.47382891   0.47383103   0.67986916  13.55165743
   8.03154317]  max|de|= 0.0184  lindep= 0.106
davidson 11 20  |r|= 0.216  e= [  0.47382891   0.47382891   0.47383103   0.67986892  13.51442837
   8.03105039]  max|de|= -0.0372  lindep= 0.0253
root 3 converged  |r|= 1.03e-06  e= 0.679868962036  max|de|= 4.64e-08
davidson 12 23  |r|= 0.0831  e= [  0.9950973    0.47382891   0.47383104   0.67986896  13.51455464
   8.0263038 ]  max|de|= 0.521  lindep= 0.323
davidson 13 25  |r|= 0.247  e= [  0.9950973    0.47382891   0.47383104   0.67986896  13.60485098
   7.89474696]  max|de|= -0.132  lindep= 0.122
davidson 14 27  |r|= 0.047  e= [  0.9950836    0.47382891   0.47383104   0.67986896  13.51437256
   8.02631305]  max|de|= 0.132  lindep= 0.272
davidson 15 29  |r|= 0.0483  e= [  0.99508076   0.47382891   0.47383104   0.67986896  13.51438823
   8.02630798]  max|de|= 1.57e-05  lindep= 0.00866
davidson 16 31  |r|= 0.0495  e= [  0.9950704    0.47382891   0.47383104   0.67986896  13.51465892
   8.02644743]  max|de|= 0.000271  lindep= 0.293
davidson 17 33  |r|= 0.00537  e= [  0.99506945   0.47382891   0.47383104   0.67986896  13.51465902
   8.02627978]  max|de|= -0.000168  lindep= 0.151
root 1 converged  |r|= 0.000217  e= 0.473828905918  max|de|= -9.99e-16
root 2 converged  |r|= 0.0003  e= 0.473831041982  max|de|= -6.11e-16
root 3 converged  |r|= 1.03e-06  e= 0.679868962038  max|de|= -9.99e-16
davidson 18 6  |r|= 0.429  e= [  0.99506945   0.47382891   0.47383104   0.67986896  13.51465902
   8.02627978]  max|de|= -1.95e-14  lindep= 0.98
davidson 19 9  |r|= 0.49  e= [  1.18460056   0.47382891   0.47383106   0.67986896  13.51465907
   8.0263021 ]  max|de|= 0.19  lindep= 0.349
davidson 20 12  |r|= 0.389  e= [  1.15265666   0.4738289    0.47383103   0.67986896  13.51465906
   8.0261688 ]  max|de|= -0.0319  lindep= 0.242
davidson 21 15  |r|= 0.366  e= [  1.23452161   0.47382892   0.47383097   0.67986896  13.51465907
   8.02637922]  max|de|= 0.0819  lindep= 0.128
davidson 22 18  |r|= 0.355  e= [  1.23312716   0.47382905   0.47383099   0.67986896  13.51465863
   8.0258376 ]  max|de|= -0.00139  lindep= 0.507
davidson 23 21  |r|= 0.321  e= [  1.15750602   0.47382907   0.47383099   0.67986896  13.51465871
   8.02621611]  max|de|= -0.0756  lindep= 0.111
davidson 24 24  |r|= 0.327  e= [  1.12821653   0.47382908   0.47383125   0.67986896  13.51465878
   8.02458667]  max|de|= -0.0293  lindep=  0.2
davidson 25 27  |r|= 0.314  e= [  1.09823544   0.47382909   0.47383123   0.67986896  13.51394457
   8.02599429]  max|de|= -0.03  lindep= 0.199
davidson 26 30  |r|= 0.297  e= [  1.09958867   0.47382901   0.47383125   0.67986896  13.51465882
   8.02476562]  max|de|= 0.00135  lindep= 0.143
davidson 27 33  |r|= 0.321  e= [  1.27578372   0.47382898   0.47383125   0.67986896  13.6790362
   8.0249659 ]  max|de|= 0.176  lindep= 0.605
root 1 converged  |r|= 0.000208  e= 0.473828981306  max|de|= 2.16e-15
root 2 converged  |r|= 0.000304  e= 0.473831250138  max|de|= 6.66e-16
root 3 converged  |r|= 8.48e-07  e= 0.679868958994  max|de|= 1.33e-15
davidson 28 6  |r|= 0.321  e= [  1.27578372   0.47382898   0.47383125   0.67986896  13.6790362
   8.0249659 ]  max|de|= 1.78e-14  lindep= 0.846
davidson 29 9  |r|= 0.16  e= [  0.67986896   0.47382898   0.47382898   0.47383122  13.60797822
   8.02494945]  max|de|= -0.596  lindep= 0.429
root 0 converged  |r|= 2.73e-07  e= 0.679868951815  max|de|= -7.19e-09
davidson 30 12  |r|= 0.185  e= [  0.67986895   1.21593234   0.47382899   0.47383122  13.51675325
   8.02496219]  max|de|= 0.742  lindep= 0.663
davidson 31 14  |r|= 0.23  e= [  1.21591314   0.47382899   0.47383122   0.67986895  13.61363787
   7.96857213]  max|de|= -0.742  lindep= 0.507
davidson 32 16  |r|= 0.17  e= [  1.21591302   0.47382899   0.47383122   0.67986895  13.50739563
   8.02497722]  max|de|= -0.106  lindep= 0.716
davidson 33 18  |r|= 0.181  e= [  1.21589804   0.47382899   0.47383122   0.67986895  13.6065476
   8.02497273]  max|de|= 0.0992  lindep= 0.334
davidson 34 20  |r|= 0.151  e= [  1.21588927   0.47382899   0.47383122   0.67986895  13.50362773
   8.02498962]  max|de|= -0.103  lindep= 0.679
davidson 35 22  |r|= 0.25  e= [  1.21587297   0.47382899   0.47383122   0.67986895  13.4497494
   7.96730695]  max|de|= -0.0577  lindep= 0.627
davidson 36 24  |r|= 0.181  e= [  1.21586735   0.47382899   0.47383122   0.67986895  13.45487872
   7.93558062]  max|de|= -0.0317  lindep= 0.565
davidson 37 26  |r|= 0.187  e= [  1.21586519   0.47382899   0.47383122   0.67986895  13.45451827
   7.93885909]  max|de|= 0.00328  lindep= 0.312
davidson 38 28  |r|= 0.00321  e= [  1.21586334   0.47382899   0.47383122   0.67986895  13.4545196
   8.02498217]  max|de|= 0.0861  lindep= 0.0526
davidson 39 30  |r|= 0.182  e= [  1.21585919   0.47382899   0.47383122   0.67986895  13.4545512
   7.9282084 ]  max|de|= -0.0968  lindep= 0.674
davidson 40 32  |r|= 0.234  e= [  1.2158593    0.47382899   0.47383122   0.67986895  13.59254095
   7.91015706]  max|de|= 0.138  lindep= 0.106
davidson 41 34  |r|= 0.157  e= [  1.21585338   0.47382899   0.47383122   0.67986895  13.4545504
   7.91141579]  max|de|= -0.138  lindep= 0.333
root 1 converged  |r|= 0.000208  e= 0.473828987193  max|de|= 8.33e-16
root 2 converged  |r|= 0.000305  e= 0.473831224342  max|de|= 3.55e-15
root 3 converged  |r|= 2.73e-07  e= 0.679868951812  max|de|= 1.78e-15
davidson 42 6  |r|= 0.483  e= [  1.21585338   0.47382899   0.47383122   0.67986895  13.4545504
   7.91141579]  max|de|= -1.24e-14  lindep= 0.954
davidson 43 9  |r|= 0.418  e= [  1.16441569   0.473829     0.47383124   0.67986895  13.45455492
   7.91443283]  max|de|= -0.0514  lindep= 0.904
davidson 44 12  |r|= 0.373  e= [  1.19764315   0.473829     0.47383124   0.67986895  13.45455279
   7.90865271]  max|de|= 0.0332  lindep= 0.441
davidson 45 15  |r|= 0.393  e= [  1.14123805   0.47382904   0.47383124   0.67986895  13.45458098
   7.91272704]  max|de|= -0.0564  lindep= 0.636
davidson 46 18  |r|= 0.384  e= [  1.1359168    0.47382905   0.4738314    0.67986895  13.4545568
   7.90836591]  max|de|= -0.00532  lindep= 0.473
davidson 47 21  |r|= 0.331  e= [  1.27491167   0.47382919   0.4738314    0.67986895  13.45455582
   7.9106921 ]  max|de|= 0.139  lindep= 0.533
davidson 48 24  |r|= 0.263  e= [  1.1209563    0.47382918   0.47383141   0.67986895  13.45455544
   7.90941287]  max|de|= -0.154  lindep= 0.182
davidson 49 27  |r|= 0.293  e= [  1.1295379    0.47382919   0.47383142   0.67986895  13.70453511
   7.91254207]  max|de|= 0.25  lindep= 0.487
IP root 0 E = 1.129537895611112  qpwt = 0.0807696
IP root 1 E = 0.4738291912269271  qpwt = 0.950091
IP root 2 E = 0.4738314209664726  qpwt = 0.950095
IP root 3 E = 0.6798689520169571  qpwt = 0.849423
IP root 4 E = 13.70453510652517  qpwt = 2.29869e-08
IP root 5 E = 7.912542069093211  qpwt = 2.68852e-08
    CPU time for IP-CCSD      0.90 sec, wall time      0.89 sec
    CPU time for EOM-CCSD shared one-electron intermediates      0.02 sec, wall time      0.03 sec
    CPU time for EOM-CCSD EA intermediates      4.75 sec, wall time      4.75 sec
tol 1e-07  toloose 0.000316228
max_cycle 50  max_space 38  max_memory 2000  incore True
davidson 0 6  |r|= 0.188  e= [ 0.15114223  0.15112283  0.15114223  0.17481311  0.28446876  0.28446876]  max|de|= 0.284  lindep=    1
davidson 1 11  |r|= 0.0438  e= [ 0.11861544  0.11798328  0.11861544  0.13947549  0.25030871  0.2499709 ]  max|de|= -0.0353  lindep= 0.99
davidson 2 16  |r|= 0.0204  e= [ 0.11463539  0.11440679  0.11463539  0.13660141  0.24837563  0.24822425]  max|de|= -0.00398  lindep= 0.98
davidson 3 21  |r|= 0.00481  e= [ 0.11467958  0.11467575  0.11467958  0.13681187  0.24826374  0.24828053]  max|de|= 0.000269  lindep= 0.865
davidson 4 26  |r|= 0.00414  e= [ 0.11470377  0.11467739  0.11470377  0.13681172  0.2483022   0.24829323]  max|de|= 3.85e-05  lindep= 0.924
davidson 5 31  |r|= 0.000946  e= [ 0.11467843  0.11467692  0.11467843  0.13681027  0.24830255  0.24829935]  max|de|= -2.53e-05  lindep= 0.763
davidson 6 36  |r|= 0.000211  e= [ 0.11467776  0.11467711  0.11467776  0.13680832  0.24829943  0.24829821]  max|de|= -3.12e-06  lindep= 0.877
root 0 converged  |r|= 7.8e-05  e= 0.11467775631  max|de|= 2.78e-17
root 1 converged  |r|= 2.3e-05  e= 0.114677114206  max|de|= 4.58e-16
root 2 converged  |r|= 7.8e-05  e= 0.11467775631  max|de|= 2.78e-17
root 3 converged  |r|= 0.000211  e= 0.136808318115  max|de|= -5.55e-17
root 4 converged  |r|= 0.000111  e= 0.248299434181  max|de|= 9.71e-16
root 5 converged  |r|= 3.83e-05  e= 0.248298210878  max|de|= 5.83e-16
converge 7 5  |r|= 0.000211  e= [ 0.11467776  0.11467711  0.11467776  0.13680832  0.24829943  0.24829821]  max|de|= 9.71e-16
EA root 0 E = 0.1146777563100317  qpwt = 0.979567
EA root 1 E = 0.1146771142059128  qpwt = 0.979568
EA root 2 E = 0.1146777563100317  qpwt = 0.979567
EA root 3 E = 0.1368083181147855  qpwt = 0.978218
EA root 4 E = 0.2482994341814616  qpwt = 0.971879
EA root 5 E = 0.2482982108777366  qpwt = 0.971888
    CPU time for EA-CCSD     14.50 sec, wall time     14.53 sec
