

******** <class 'pyscf.scf.hf.RHF'> flags ********
method = RHF
initial guess = minao
damping factor = 0
level shift factor = 0
Do DIIS = True
DIIS start cycle = 1
DIIS space = 8
SCF tol = 1e-09
SCF gradient tol = None
max. SCF cycles = 50
direct_scf = True
direct_scf_tol = 1e-13
chkfile to save SCF result = /tmp/tmp6AkDtP
max_memory 4000 MB (current use 39 MB)
Set gradient conv threshold to 3.16228e-05
Nelec from initial guess = 17.9992
cond(S) = 60.9559639158
E_coul = 202.931511759275
init E= -526.775584574737
    CPU time for initialize scf      0.08 sec, wall time      0.24 sec
  HOMO = -0.557830651435961  LUMO = 0.57707562206255
  mo_energy =
[-118.43724276  -12.21509432   -9.45674963   -9.45674963   -9.45674963
   -1.24055299   -0.55783065   -0.55783065   -0.55783065    0.57707562
    0.57707562    0.57707562    0.72215694    0.72215694    0.72215694
    0.72215694    0.72215694    0.86234278    2.41193514    2.41193514
    2.41193514    2.41193514    2.41193514    2.95980386    2.95980386
    2.95980386    2.95980386    2.95980386    2.95980386    2.95980386
    3.01484351    3.01484351    3.01484351   10.24637035   10.24637035
   10.24637035   10.24637035   10.24637035   13.63904565   13.63904565
   13.63904565   32.34198723]
E_coul = 201.006082631599
cycle= 1 E= -526.802117777635  delta_E= -0.0265  |g|= 0.095  |ddm|= 0.241
    CPU time for cycle= 1      0.00 sec, wall time      0.01 sec
diis-norm(errvec)=0.111856
diis-c [-0.01251171  1.        ]
  HOMO = -0.597969200054039  LUMO = 0.56292176440823
  mo_energy =
[-118.65641821  -12.35283736   -9.60299526   -9.60299526   -9.60299526
   -1.2862801    -0.5979692    -0.5979692    -0.5979692     0.56292176
    0.56292176    0.56292176    0.68535898    0.68535898    0.68535898
    0.68535898    0.68535898    0.83097958    2.35229108    2.35229108
    2.35229108    2.35229108    2.35229108    2.91552692    2.91552692
    2.91552692    2.91552692    2.91552692    2.91552692    2.91552692
    2.96068531    2.96068531    2.96068531   10.13677961   10.13677961
   10.13677961   10.13677961   10.13677961   13.52066919   13.52066919
   13.52066919   32.22727076]
E_coul = 201.546517121826
cycle= 2 E= -526.802707652585  delta_E= -0.00059  |g|= 0.0278  |ddm|= 0.0521
    CPU time for cycle= 2      0.01 sec, wall time      0.01 sec
diis-norm(errvec)=0.0303174
diis-c [ -8.32534746e-06   2.12536249e-01   7.87463751e-01]
  HOMO = -0.589676577518028  LUMO = 0.565873150164159
  mo_energy =
[-118.60674673  -12.32149211   -9.57064453   -9.57064453   -9.57064453
   -1.27636983   -0.58967658   -0.58967658   -0.58967658    0.56587315
    0.56587315    0.56587315    0.69302083    0.69302083    0.69302083
    0.69302083    0.69302083    0.83776705    2.36500855    2.36500855
    2.36500855    2.36500855    2.36500855    2.92463603    2.92463603
    2.92463603    2.92463603    2.92463603    2.92463603    2.92463603
    2.97209985    2.97209985    2.97209985   10.16085514   10.16085514
   10.16085514   10.16085514   10.16085514   13.54658605   13.54658605
   13.54658605   32.25327061]
E_coul = 201.422442323679
cycle= 3 E= -526.802760295636  delta_E= -5.26e-05  |g|= 0.000541  |ddm|= 0.0138
    CPU time for cycle= 3      0.01 sec, wall time      0.01 sec
diis-norm(errvec)=0.000640055
diis-c [ -5.24749227e-08  -1.68511863e-02  -4.22317196e-02   1.05908291e+00]
  HOMO = -0.58991159047387  LUMO = 0.565788730610909
  mo_energy =
[-118.60741118  -12.32196448   -9.57119932   -9.57119932   -9.57119932
   -1.27656105   -0.58991159   -0.58991159   -0.58991159    0.56578873
    0.56578873    0.56578873    0.69280928    0.69280928    0.69280928
    0.69280928    0.69280928    0.83763356    2.36471276    2.36471276
    2.36471276    2.36471276    2.36471276    2.92437886    2.92437886
    2.92437886    2.92437886    2.92437886    2.92437886    2.92437886
    2.97182024    2.97182024    2.97182024   10.1604005    10.1604005
   10.1604005    10.1604005    10.1604005    13.54610792   13.54610792
   13.54610792   32.25285905]
E_coul = 201.424081712712
cycle= 4 E= -526.8027603321  delta_E= -3.65e-08  |g|= 4.01e-05  |ddm|= 0.000472
    CPU time for cycle= 4      0.01 sec, wall time      0.01 sec
diis-norm(errvec)=3.72972e-05
diis-c [ -2.60320709e-10   1.39456775e-03   3.49705300e-03  -1.29271950e-01
   1.12438033e+00]
  HOMO = -0.589914864766627  LUMO = 0.565787808224271
  mo_energy =
[-118.60742735  -12.32196753   -9.57120567   -9.57120567   -9.57120567
   -1.27655435   -0.58991486   -0.58991486   -0.58991486    0.56578781
    0.56578781    0.56578781    0.69280827    0.69280827    0.69280827
    0.69280827    0.69280827    0.83763861    2.36471136    2.36471136
    2.36471136    2.36471136    2.36471136    2.9243778     2.9243778
    2.9243778     2.9243778     2.9243778     2.9243778     2.9243778
    2.97181771    2.97181771    2.97181771   10.16039749   10.16039749
   10.16039749   10.16039749   10.16039749   13.54610271   13.54610271
   13.54610271   32.25285794]
E_coul = 201.424085721426
cycle= 5 E= -526.802760332521  delta_E= -4.21e-10  |g|= 3.97e-06  |ddm|= 8.47e-05
    CPU time for cycle= 5      0.01 sec, wall time      0.01 sec
  HOMO = -0.5899161333737  LUMO = 0.565787541041988
  mo_energy =
[-118.60743215  -12.32197161   -9.57121003   -9.57121003   -9.57121003
   -1.27655505   -0.58991613   -0.58991613   -0.58991613    0.56578754
    0.56578754    0.56578754    0.69280734    0.69280734    0.69280734
    0.69280734    0.69280734    0.8376384     2.36470959    2.36470959
    2.36470959    2.36470959    2.36470959    2.92437673    2.92437673
    2.92437673    2.92437673    2.92437673    2.92437673    2.92437673
    2.97181622    2.97181622    2.97181622   10.16039395   10.16039395
   10.16039395   10.16039395   10.16039395   13.54609922   13.54609922
   13.54609922   32.25285462]
    CPU time for scf_cycle      0.12 sec, wall time      0.28 sec
    CPU time for SCF      0.12 sec, wall time      0.28 sec
converged SCF energy = -526.802760332521
RHF E = -526.802760333
RHF eps = [-118.60743215  -12.32197161   -9.57121003   -9.57121003   -9.57121003
   -1.27655505   -0.58991613   -0.58991613   -0.58991613    0.56578754
    0.56578754    0.56578754    0.69280734    0.69280734    0.69280734
    0.69280734    0.69280734    0.8376384     2.36470959    2.36470959
    2.36470959    2.36470959    2.36470959    2.92437673    2.92437673
    2.92437673    2.92437673    2.92437673    2.92437673    2.92437673
    2.97181622    2.97181622    2.97181622   10.16039395   10.16039395
   10.16039395   10.16039395   10.16039395   13.54609922   13.54609922
   13.54609922   32.25285462]
    CPU time for CCSD integral transformation      0.26 sec, wall time      0.26 sec

******** <class 'pyscf.cc.linrccsd.LinRCCSD'> flags ********
CCSD nocc = 4, nvir = 33
frozen orbitals [0, 1, 2, 3, 4]
max_cycle = 50
direct = 0
conv_tol = 1e-07
conv_tol_normt = 1e-05
diis_space = 6
diis_start_cycle = 0
diis_start_energy_diff = 1e+09
Init t2, MP2 energy = -0.207267526452336
    CPU time for init mp2      0.00 sec, wall time      0.00 sec
    CPU time for update t1 t2      0.01 sec, wall time      0.01 sec
istep = 0  E(CCSD) = -0.226459423755295  dE = -0.226459424  norm(t1,t2) = 0.0372683
    CPU time for CCSD iter      0.02 sec, wall time      0.02 sec
    CPU time for update t1 t2      0.02 sec, wall time      0.01 sec
DIIS for step 1
istep = 1  E(CCSD) = -0.230582054749366  dE = -0.00412263099  norm(t1,t2) = 0.00947095
    CPU time for CCSD iter      0.02 sec, wall time      0.02 sec
    CPU time for update t1 t2      0.01 sec, wall time      0.01 sec
diis-c [ -9.73839599e-06   1.00000000e+00]
DIIS for step 2
istep = 2  E(CCSD) = -0.23156291879707  dE = -0.000980864048  norm(t1,t2) = 0.00332212
    CPU time for CCSD iter      0.01 sec, wall time      0.02 sec
    CPU time for update t1 t2      0.02 sec, wall time      0.01 sec
diis-c [ -9.89338072e-08  -6.03363528e-01   1.60336353e+00]
DIIS for step 3
istep = 3  E(CCSD) = -0.23201504886207  dE = -0.000452130065  norm(t1,t2) = 0.00127765
    CPU time for CCSD iter      0.02 sec, wall time      0.02 sec
    CPU time for update t1 t2      0.01 sec, wall time      0.02 sec
diis-c [ -1.33941869e-09   2.26736406e-01  -6.44406751e-01   1.41767035e+00]
DIIS for step 4
istep = 4  E(CCSD) = -0.231987262620346  dE = 2.77862417e-05  norm(t1,t2) = 0.000123613
    CPU time for CCSD iter      0.01 sec, wall time      0.02 sec
    CPU time for update t1 t2      0.02 sec, wall time      0.02 sec
diis-c [ -7.36303796e-11  -3.17457771e-02   9.27315606e-02  -2.44071881e-01
   1.18308610e+00]
DIIS for step 5
istep = 5  E(CCSD) = -0.23198799745735  dE = -7.34837003e-07  norm(t1,t2) = 1.31508e-05
    CPU time for CCSD iter      0.02 sec, wall time      0.02 sec
    CPU time for update t1 t2      0.02 sec, wall time      0.02 sec
diis-c [ -2.39880338e-12  -1.28143651e-02   3.62076744e-02  -7.29175265e-02
  -1.15675033e-01   1.16519925e+00]
DIIS for step 6
istep = 6  E(CCSD) = -0.231988295450542  dE = -2.97993192e-07  norm(t1,t2) = 4.0331e-06
    CPU time for CCSD iter      0.02 sec, wall time      0.02 sec
    CPU time for update t1 t2      0.01 sec, wall time      0.02 sec
diis-c [ -3.73034936e-14   4.74129907e-03  -1.35004148e-02   2.78088631e-02
   2.28528148e-02  -4.29430192e-01   1.38752763e+00]
DIIS for step 7
istep = 7  E(CCSD) = -0.231988247018572  dE = 4.84319696e-08  norm(t1,t2) = 6.76763e-07
    CPU time for CCSD iter      0.02 sec, wall time      0.02 sec
    CPU time for CCSD      0.14 sec, wall time      0.13 sec
CCSD converged
E(linCCSD) = -527.0347485795394  E_corr = -0.231988247018572
    CPU time for EOM-CCSD shared one-electron intermediates      0.00 sec, wall time      0.00 sec
    CPU time for EOM-CCSD IP intermediates      0.00 sec, wall time      0.01 sec
tol 1e-07  toloose 0.000316228
max_cycle 50  max_space 38  max_memory 2000  incore True
davidson 0 6  |r|= 0.38  e= [  0.65235848   0.65235704   0.65235848   1.31158544  33.43269204
  14.7259332 ]  max|de|= 33.4  lindep=    1
davidson 1 12  |r|= 0.0332  e= [  0.57901796   0.57901723   0.57901796   1.14932142  33.43268721
  14.72593175]  max|de|= -0.162  lindep= 9.02e-05
root 4 converged  |r|= 3.23e-07  e= 33.4326872061  max|de|= 2.46e-11
root 5 converged  |r|= 1.03e-06  e= 14.7259317499  max|de|= 5.22e-13
davidson 2 18  |r|= 1.75e-05  e= [  0.57908586   0.57908586   0.57908586   1.14787373  33.43268721
  14.72593175]  max|de|= -0.00145  lindep= 0.885
root 0 converged  |r|= 9.39e-08  e= 0.579085856997  max|de|= -3.55e-15
root 1 converged  |r|= 9.37e-08  e= 0.579085857016  max|de|= -2.55e-15
root 2 converged  |r|= 9.41e-08  e= 0.579085856993  max|de|= 2.44e-15
davidson 3 19  |r|= 9.41e-08  e= [  0.57908586   0.57908586   0.57908586   1.1478739   33.43268721
  14.72593175]  max|de|= 1.72e-07  lindep=    1
Linear dependency in trial subspace. |r| for each state [9.3914970334286702e-08, 9.3672232855996172e-08, 9.4078916852327344e-08, 1.4063599860253362e-12, 0, 0]
IP root 0 E = 0.5790858569965458  qpwt = 0.970181
IP root 1 E = 0.5790858570157111  qpwt = 0.970181
IP root 2 E = 0.5790858569926626  qpwt = 0.970181
IP root 3 E = 1.147873898660749  qpwt = 0.874228
IP root 4 E = 33.43268720609172  qpwt = 1.41655e-24
IP root 5 E = 14.7259317498596  qpwt = 9.34506e-19
    CPU time for IP-CCSD      0.03 sec, wall time      0.04 sec
    CPU time for EOM-CCSD shared one-electron intermediates      0.00 sec, wall time      0.00 sec
    CPU time for EOM-CCSD EA intermediates      0.17 sec, wall time      0.17 sec
tol 1e-07  toloose 0.000316228
max_cycle 50  max_space 38  max_memory 2000  incore True
davidson 0 6  |r|= 0.361  e= [ 0.5767141   0.5767141   0.5767141   0.72037469  0.72037469  0.72037469]  max|de|= 0.72  lindep=    1
davidson 1 12  |r|= 0.0496  e= [ 0.54438496  0.54438496  0.54438496  0.64252159  0.64252138  0.64252137]  max|de|= -0.0779  lindep= 0.998
davidson 2 18  |r|= 0.00955  e= [ 0.54388595  0.54388595  0.54388595  0.64107004  0.64107005  0.64107006]  max|de|= -0.00145  lindep= 0.987
davidson 3 24  |r|= 0.000719  e= [ 0.54385949  0.54385949  0.54385949  0.64119336  0.64119439  0.64119445]  max|de|= 0.000124  lindep= 0.893
davidson 4 30  |r|= 0.000242  e= [ 0.54385921  0.54385921  0.54385921  0.64119174  0.64119022  0.64118929]  max|de|= -5.16e-06  lindep= 0.42
root 0 converged  |r|= 8.49e-08  e= 0.543859187791  max|de|= -2.06e-08
root 1 converged  |r|= 8.49e-08  e= 0.543859187791  max|de|= -2.06e-08
root 2 converged  |r|= 8.49e-08  e= 0.543859187791  max|de|= -2.06e-08
davidson 5 36  |r|= 1.3e-05  e= [ 0.54385919  0.54385919  0.54385919  0.64118907  0.64118907  0.64118885]  max|de|= -2.67e-06  lindep= 0.701
root 0 converged  |r|= 8.49e-08  e= 0.543859187791  max|de|= -6.66e-16
root 1 converged  |r|= 8.49e-08  e= 0.543859187791  max|de|= -3.33e-16
root 2 converged  |r|= 8.49e-08  e= 0.543859187791  max|de|= -7.77e-16
root 3 converged  |r|= 1.3e-05  e= 0.64118906728  max|de|= -2e-15
root 4 converged  |r|= 1.29e-05  e= 0.641189066736  max|de|= 3.33e-16
root 5 converged  |r|= 1.45e-06  e= 0.641188848185  max|de|= -2.66e-15
converge 6 6  |r|= 1.3e-05  e= [ 0.54385919  0.54385919  0.54385919  0.64118907  0.64118907  0.64118885]  max|de|= -2.66e-15
EA root 0 E = 0.5438591877909356  qpwt = 0.990652
EA root 1 E = 0.5438591877909396  qpwt = 0.990652
EA root 2 E = 0.5438591877909452  qpwt = 0.990652
EA root 3 E = 0.6411890672797471  qpwt = 0.978354
EA root 4 E = 0.6411890667359613  qpwt = 0.978354
EA root 5 E = 0.6411888481849759  qpwt = 0.978354
    CPU time for EA-CCSD      0.33 sec, wall time      0.32 sec
