

******** <class 'pyscf.scf.hf.RHF'> flags ********
method = RHF
initial guess = minao
damping factor = 0
level shift factor = 0
Do DIIS = True
DIIS start cycle = 1
DIIS space = 8
SCF tol = 1e-09
SCF gradient tol = None
max. SCF cycles = 50
direct_scf = True
direct_scf_tol = 1e-13
chkfile to save SCF result = /tmp/tmpuJxZJs
max_memory 4000 MB (current use 39 MB)
Set gradient conv threshold to 3.16228e-05
Nelec from initial guess = 65.978
cond(S) = 1664.9700205
E_coul = 2037.20747667633
init E= -4466.98065927919
    CPU time for initialize scf      2.56 sec, wall time      2.57 sec
  HOMO = -0.273380655731426  LUMO = -0.0723881375517983
  mo_energy =
[ -4.32441017e+02  -4.32441010e+02  -5.62405659e+01  -5.62405088e+01
  -5.00704805e+01  -5.00704551e+01  -5.00700423e+01  -5.00700423e+01
  -5.00700365e+01  -5.00700365e+01  -8.03534575e+00  -8.03353742e+00
  -5.87930077e+00  -5.87582602e+00  -5.87160336e+00  -5.87160336e+00
  -5.87119742e+00  -5.87119742e+00  -2.11592948e+00  -2.10541009e+00
  -2.10541009e+00  -2.09768369e+00  -2.09768369e+00  -2.09766208e+00
  -2.09766208e+00  -2.09671181e+00  -2.09671181e+00  -2.09495102e+00
  -9.86724809e-01  -5.93378783e-01  -2.85847897e-01  -2.85847897e-01
  -2.73380656e-01  -7.23881376e-02  -7.23881376e-02   1.15284500e-01
   2.82864072e-01   2.99694409e-01   2.99694409e-01   3.21100491e-01
   3.21100491e-01   3.24327487e-01   4.21719765e-01   4.36481395e-01
   4.36481395e-01   4.54342588e-01   4.54342588e-01   4.83517822e-01
   4.83517822e-01   6.14591646e-01   6.14591646e-01   6.19909821e-01
   7.28746469e-01   9.67187455e-01   1.06630472e+00   1.06630472e+00
   1.11721296e+00   1.19295807e+00   1.19295807e+00   1.29057663e+00
   1.29057663e+00   1.29741696e+00   1.29741696e+00   1.37827754e+00
   1.37827754e+00   1.42571045e+00   1.42571045e+00   1.46720513e+00
   1.46720513e+00   1.48727600e+00   1.51493340e+00   1.51493340e+00
   1.66583033e+00   1.66583033e+00   1.76646196e+00   1.95396974e+00
   1.98399850e+00   1.98399850e+00   2.51338645e+00   2.51338645e+00
   2.67643767e+00   2.67643767e+00   2.69494384e+00   3.34924639e+00
   3.40600299e+00   3.40600299e+00   3.46042997e+00   3.46042997e+00
   3.48339008e+00   3.48339008e+00   3.56266405e+00   3.64504694e+00
   3.64504694e+00   3.75540826e+00   5.98716098e+00   6.94067812e+00]
E_coul = 2031.22321613527
cycle= 1 E= -4468.39636267021  delta_E= -1.42  |g|= 0.246  |ddm|= 2.08
    CPU time for cycle= 1      0.07 sec, wall time      0.07 sec
diis-norm(errvec)=0.399378
diis-c [-0.15950264  1.        ]
  HOMO = -0.348347521413343  LUMO = 0.00122500959412188
  mo_energy =
[ -4.32678350e+02  -4.32678341e+02  -5.63973624e+01  -5.63973548e+01
  -5.02423404e+01  -5.02423404e+01  -5.02423348e+01  -5.02423348e+01
  -5.02417015e+01  -5.02416807e+01  -8.08716122e+00  -8.08692214e+00
  -5.93798069e+00  -5.93798069e+00  -5.93780818e+00  -5.93780818e+00
  -5.93660252e+00  -5.93525809e+00  -2.17199733e+00  -2.16829699e+00
  -2.16829699e+00  -2.16743760e+00  -2.16743760e+00  -2.16732357e+00
  -2.16732357e+00  -2.16176133e+00  -2.16176133e+00  -2.15767378e+00
  -8.73738570e-01  -6.18617747e-01  -3.80284073e-01  -3.48347521e-01
  -3.48347521e-01   1.22500959e-03   1.22500959e-03   1.47381679e-01
   2.89977534e-01   3.02423359e-01   3.02423359e-01   3.25283183e-01
   3.25283183e-01   3.31559086e-01   4.20302802e-01   4.45773822e-01
   4.45773822e-01   4.64544007e-01   4.64544007e-01   4.95123442e-01
   4.95123442e-01   6.23522876e-01   6.23522876e-01   6.40571091e-01
   7.44818019e-01   9.73197290e-01   1.08395126e+00   1.08395126e+00
   1.12997095e+00   1.20263041e+00   1.20263041e+00   1.29308061e+00
   1.29308061e+00   1.30382036e+00   1.30382036e+00   1.38146966e+00
   1.38146966e+00   1.43405070e+00   1.43405070e+00   1.47073201e+00
   1.47073201e+00   1.49504684e+00   1.52563182e+00   1.52563182e+00
   1.67843830e+00   1.67843830e+00   1.77831339e+00   1.97705786e+00
   1.99980005e+00   1.99980005e+00   2.49896115e+00   2.49896115e+00
   2.66391336e+00   2.66391336e+00   2.69208751e+00   3.34205416e+00
   3.38532809e+00   3.38532809e+00   3.45340393e+00   3.45340393e+00
   3.46224522e+00   3.46224522e+00   3.55010463e+00   3.63821665e+00
   3.63821665e+00   3.75372973e+00   5.95948359e+00   6.92069112e+00]
E_coul = 2036.40808900508
cycle= 2 E= -4468.40513344881  delta_E= -0.00877  |g|= 0.146  |ddm|= 0.215
    CPU time for cycle= 2      0.07 sec, wall time      0.07 sec
diis-norm(errvec)=0.182921
diis-c [-0.01271463  0.2732228   0.7267772 ]
  HOMO = -0.338380830280505  LUMO = 0.0106540102988223
  mo_energy =
[ -4.32578818e+02  -4.32578810e+02  -5.63075674e+01  -5.63075596e+01
  -5.01512591e+01  -5.01512591e+01  -5.01512534e+01  -5.01512534e+01
  -5.01502763e+01  -5.01502548e+01  -8.03427295e+00  -8.03402527e+00
  -5.88686068e+00  -5.88686068e+00  -5.88668379e+00  -5.88668379e+00
  -5.88477023e+00  -5.88337954e+00  -2.12268909e+00  -2.11990388e+00
  -2.11990388e+00  -2.11889139e+00  -2.11889139e+00  -2.11836700e+00
  -2.11836700e+00  -2.11251015e+00  -2.11251015e+00  -2.10810568e+00
  -8.57579958e-01  -6.06931015e-01  -3.72901768e-01  -3.38380830e-01
  -3.38380830e-01   1.06540103e-02   1.06540103e-02   1.55134503e-01
   2.97096414e-01   3.08937667e-01   3.08937667e-01   3.30822426e-01
   3.30822426e-01   3.36600613e-01   4.24836055e-01   4.50750336e-01
   4.50750336e-01   4.72485303e-01   4.72485303e-01   5.02404415e-01
   5.02404415e-01   6.27734582e-01   6.27734582e-01   6.51963053e-01
   7.53901791e-01   9.79935131e-01   1.09648766e+00   1.09648766e+00
   1.14300107e+00   1.21435169e+00   1.21435169e+00   1.30370739e+00
   1.30370739e+00   1.31327959e+00   1.31327959e+00   1.39083740e+00
   1.39083740e+00   1.44522217e+00   1.44522217e+00   1.47990645e+00
   1.47990645e+00   1.50494632e+00   1.53507202e+00   1.53507202e+00
   1.68883361e+00   1.68883361e+00   1.78863963e+00   1.99630515e+00
   2.01352591e+00   2.01352591e+00   2.52158979e+00   2.52158979e+00
   2.68529224e+00   2.68529224e+00   2.71585553e+00   3.36416931e+00
   3.40759038e+00   3.40759038e+00   3.47750021e+00   3.47750021e+00
   3.48420649e+00   3.48420649e+00   3.57204968e+00   3.66132067e+00
   3.66132067e+00   3.77956003e+00   5.99589911e+00   6.95786005e+00]
E_coul = 2034.28072644557
cycle= 3 E= -4468.40688797004  delta_E= -0.00175  |g|= 0.0276  |ddm|= 0.0901
    CPU time for cycle= 3      0.08 sec, wall time      0.07 sec
diis-norm(errvec)=0.0489565
diis-c [ -2.07922017e-04  -1.69283553e-01  -9.45408422e-02   1.26382440e+00]
  HOMO = -0.338182286299709  LUMO = 0.0124670498755616
  mo_energy =
[ -4.32593264e+02  -4.32593255e+02  -5.63179272e+01  -5.63179195e+01
  -5.01625914e+01  -5.01625914e+01  -5.01625857e+01  -5.01625857e+01
  -5.01612633e+01  -5.01612419e+01  -8.03809783e+00  -8.03785380e+00
  -5.89147067e+00  -5.89147067e+00  -5.89129059e+00  -5.89129059e+00
  -5.88894824e+00  -5.88755480e+00  -2.12681283e+00  -2.12496858e+00
  -2.12496858e+00  -2.12395972e+00  -2.12395972e+00  -2.12282326e+00
  -2.12282326e+00  -2.11698215e+00  -2.11698215e+00  -2.11233350e+00
  -8.56382541e-01  -6.05211911e-01  -3.75724435e-01  -3.38182286e-01
  -3.38182286e-01   1.24670499e-02   1.24670499e-02   1.57693395e-01
   2.97326443e-01   3.09571226e-01   3.09571226e-01   3.30935590e-01
   3.30935590e-01   3.37023585e-01   4.25134279e-01   4.51422518e-01
   4.51422518e-01   4.73761003e-01   4.73761003e-01   5.03039972e-01
   5.03039972e-01   6.28713658e-01   6.28713658e-01   6.53448822e-01
   7.55572522e-01   9.80776558e-01   1.09696029e+00   1.09696029e+00
   1.14357360e+00   1.21471924e+00   1.21471924e+00   1.30395318e+00
   1.30395318e+00   1.31440853e+00   1.31440853e+00   1.39128031e+00
   1.39128031e+00   1.44607621e+00   1.44607621e+00   1.48033345e+00
   1.48033345e+00   1.50647436e+00   1.53670053e+00   1.53670053e+00
   1.69008958e+00   1.69008958e+00   1.79018050e+00   1.99712545e+00
   2.01469900e+00   2.01469900e+00   2.52084858e+00   2.52084858e+00
   2.68488577e+00   2.68488577e+00   2.71621973e+00   3.36469577e+00
   3.40625151e+00   3.40625151e+00   3.47713884e+00   3.47713884e+00
   3.48284890e+00   3.48284890e+00   3.57131579e+00   3.66099676e+00
   3.66099676e+00   3.77913918e+00   5.99443423e+00   6.95640916e+00]
E_coul = 2034.55916036773
cycle= 4 E= -4468.40711812567  delta_E= -0.00023  |g|= 0.00189  |ddm|= 0.0459
    CPU time for cycle= 4      0.06 sec, wall time      0.07 sec
diis-norm(errvec)=0.00349095
diis-c [ -7.68094828e-06   1.33253319e-02  -1.47466958e-03  -1.29221315e-01
   1.11737065e+00]
  HOMO = -0.338836851898307  LUMO = 0.0120035829176894
  mo_energy =
[ -4.32593121e+02  -4.32593112e+02  -5.63183768e+01  -5.63183690e+01
  -5.01629332e+01  -5.01629332e+01  -5.01629275e+01  -5.01629275e+01
  -5.01615834e+01  -5.01615621e+01  -8.03923826e+00  -8.03899316e+00
  -5.89255959e+00  -5.89255959e+00  -5.89237903e+00  -5.89237903e+00
  -5.88997836e+00  -5.88858238e+00  -2.12776622e+00  -2.12600156e+00
  -2.12600156e+00  -2.12499234e+00  -2.12499234e+00  -2.12379950e+00
  -2.12379950e+00  -2.11795549e+00  -2.11795549e+00  -2.11327635e+00
  -8.57215038e-01  -6.05596190e-01  -3.76455258e-01  -3.38836852e-01
  -3.38836852e-01   1.20035829e-02   1.20035829e-02   1.57437963e-01
   2.96808887e-01   3.09056571e-01   3.09056571e-01   3.30503264e-01
   3.30503264e-01   3.36663321e-01   4.24899207e-01   4.51037967e-01
   4.51037967e-01   4.73294569e-01   4.73294569e-01   5.02623592e-01
   5.02623592e-01   6.28450941e-01   6.28450941e-01   6.52876229e-01
   7.55081982e-01   9.80499636e-01   1.09615142e+00   1.09615142e+00
   1.14285234e+00   1.21390235e+00   1.21390235e+00   1.30324162e+00
   1.30324162e+00   1.31372363e+00   1.31372363e+00   1.39043926e+00
   1.39043926e+00   1.44547972e+00   1.44547972e+00   1.47950015e+00
   1.47950015e+00   1.50599213e+00   1.53612412e+00   1.53612412e+00
   1.68932164e+00   1.68932164e+00   1.78959232e+00   1.99608016e+00
   2.01385794e+00   2.01385794e+00   2.51991361e+00   2.51991361e+00
   2.68400550e+00   2.68400550e+00   2.71542975e+00   3.36403646e+00
   3.40527258e+00   3.40527258e+00   3.47622639e+00   3.47622639e+00
   3.48187841e+00   3.48187841e+00   3.57044815e+00   3.66008572e+00
   3.66008572e+00   3.77812066e+00   5.99340698e+00   6.95526421e+00]
E_coul = 2034.55830046543
cycle= 5 E= -4468.4071191104  delta_E= -9.85e-07  |g|= 0.000364  |ddm|= 0.00423
    CPU time for cycle= 5      0.07 sec, wall time      0.07 sec
diis-norm(errvec)=0.00091665
diis-c [ -3.79344288e-07   6.43082388e-03   2.04377242e-03  -4.87506870e-02
   2.07487925e-01   8.32788166e-01]
  HOMO = -0.338740695803027  LUMO = 0.0120665330927859
  mo_energy =
[ -4.32593073e+02  -4.32593065e+02  -5.63183282e+01  -5.63183204e+01
  -5.01628843e+01  -5.01628843e+01  -5.01628787e+01  -5.01628787e+01
  -5.01615336e+01  -5.01615122e+01  -8.03912681e+00  -8.03888175e+00
  -5.89244373e+00  -5.89244373e+00  -5.89226318e+00  -5.89226318e+00
  -5.88985345e+00  -5.88845775e+00  -2.12763156e+00  -2.12587730e+00
  -2.12587730e+00  -2.12486803e+00  -2.12486803e+00  -2.12366939e+00
  -2.12366939e+00  -2.11782637e+00  -2.11782637e+00  -2.11314392e+00
  -8.57060424e-01  -6.05547267e-01  -3.76369048e-01  -3.38740696e-01
  -3.38740696e-01   1.20665331e-02   1.20665331e-02   1.57472734e-01
   2.96893839e-01   3.09123824e-01   3.09123824e-01   3.30555811e-01
   3.30555811e-01   3.36684169e-01   4.24911519e-01   4.51075367e-01
   4.51075367e-01   4.73348956e-01   4.73348956e-01   5.02672350e-01
   5.02672350e-01   6.28474509e-01   6.28474509e-01   6.52966318e-01
   7.55153725e-01   9.80528780e-01   1.09629620e+00   1.09629620e+00
   1.14297913e+00   1.21402537e+00   1.21402537e+00   1.30332414e+00
   1.30332414e+00   1.31379561e+00   1.31379561e+00   1.39053259e+00
   1.39053259e+00   1.44555748e+00   1.44555748e+00   1.47958786e+00
   1.47958786e+00   1.50604305e+00   1.53618886e+00   1.53618886e+00
   1.68941790e+00   1.68941790e+00   1.78966710e+00   1.99626349e+00
   2.01398170e+00   2.01398170e+00   2.52001664e+00   2.52001664e+00
   2.68410065e+00   2.68410065e+00   2.71553808e+00   3.36411964e+00
   3.40538388e+00   3.40538388e+00   3.47635815e+00   3.47635815e+00
   3.48198688e+00   3.48198688e+00   3.57055692e+00   3.66021413e+00
   3.66021413e+00   3.77828334e+00   5.99352040e+00   6.95541234e+00]
E_coul = 2034.55614954208
cycle= 6 E= -4468.40711916262  delta_E= -5.22e-08  |g|= 9.04e-05  |ddm|= 0.000732
    CPU time for cycle= 6      0.07 sec, wall time      0.07 sec
diis-norm(errvec)=0.000221599
diis-c [ -1.72752452e-08  -2.00385609e-03  -7.69570769e-04   1.56445986e-02
  -9.51485845e-02  -2.81337568e-01   1.36361498e+00]
  HOMO = -0.338735744415923  LUMO = 0.0120844926640205
  mo_energy =
[ -4.32593051e+02  -4.32593042e+02  -5.63182999e+01  -5.63182922e+01
  -5.01628581e+01  -5.01628581e+01  -5.01628524e+01  -5.01628524e+01
  -5.01615063e+01  -5.01614850e+01  -8.03909203e+00  -8.03884699e+00
  -5.89241007e+00  -5.89241007e+00  -5.89222951e+00  -5.89222951e+00
  -5.88981950e+00  -5.88842383e+00  -2.12759686e+00  -2.12584330e+00
  -2.12584330e+00  -2.12483397e+00  -2.12483397e+00  -2.12363586e+00
  -2.12363586e+00  -2.11779276e+00  -2.11779276e+00  -2.11310889e+00
  -8.57049368e-01  -6.05533669e-01  -3.76352544e-01  -3.38735744e-01
  -3.38735744e-01   1.20844927e-02   1.20844927e-02   1.57483012e-01
   2.96908575e-01   3.09130183e-01   3.09130183e-01   3.30563235e-01
   3.30563235e-01   3.36692507e-01   4.24923404e-01   4.51082873e-01
   4.51082873e-01   4.73357071e-01   4.73357071e-01   5.02679590e-01
   5.02679590e-01   6.28484104e-01   6.28484104e-01   6.52978445e-01
   7.55166177e-01   9.80549328e-01   1.09630661e+00   1.09630661e+00
   1.14299768e+00   1.21403348e+00   1.21403348e+00   1.30333687e+00
   1.30333687e+00   1.31381427e+00   1.31381427e+00   1.39054581e+00
   1.39054581e+00   1.44557743e+00   1.44557743e+00   1.47960180e+00
   1.47960180e+00   1.50606979e+00   1.53621229e+00   1.53621229e+00
   1.68943604e+00   1.68943604e+00   1.78968916e+00   1.99627572e+00
   2.01399929e+00   2.01399929e+00   2.52003789e+00   2.52003789e+00
   2.68412516e+00   2.68412516e+00   2.71556795e+00   3.36415418e+00
   3.40540641e+00   3.40540641e+00   3.47638288e+00   3.47638288e+00
   3.48200934e+00   3.48200934e+00   3.57057917e+00   3.66023812e+00
   3.66023812e+00   3.77830387e+00   5.99354957e+00   6.95543730e+00]
E_coul = 2034.55589551722
cycle= 7 E= -4468.40711916932  delta_E= -6.7e-09  |g|= 1.58e-05  |ddm|= 0.000307
    CPU time for cycle= 7      0.07 sec, wall time      0.07 sec
diis-norm(errvec)=3.95265e-05
diis-c [ -3.14315463e-10   1.47505943e-04   7.41581239e-05  -1.23276353e-03
   1.40307455e-02   2.18936178e-02  -2.98813554e-01   1.26390029e+00]
  HOMO = -0.338737767054317  LUMO = 0.0120830415300593
  mo_energy =
[ -4.32593052e+02  -4.32593044e+02  -5.63183029e+01  -5.63182951e+01
  -5.01628605e+01  -5.01628605e+01  -5.01628549e+01  -5.01628549e+01
  -5.01615090e+01  -5.01614876e+01  -8.03909842e+00  -8.03885338e+00
  -5.89241612e+00  -5.89241612e+00  -5.89223557e+00  -5.89223557e+00
  -5.88982599e+00  -5.88843032e+00  -2.12760369e+00  -2.12584948e+00
  -2.12584948e+00  -2.12484014e+00  -2.12484014e+00  -2.12364267e+00
  -2.12364267e+00  -2.11779962e+00  -2.11779962e+00  -2.11311577e+00
  -8.57050980e-01  -6.05536576e-01  -3.76352930e-01  -3.38737767e-01
  -3.38737767e-01   1.20830415e-02   1.20830415e-02   1.57479322e-01
   2.96908905e-01   3.09129844e-01   3.09129844e-01   3.30560817e-01
   3.30560817e-01   3.36689676e-01   4.24921161e-01   4.51081888e-01
   4.51081888e-01   4.73355865e-01   4.73355865e-01   5.02677614e-01
   5.02677614e-01   6.28482401e-01   6.28482401e-01   6.52976688e-01
   7.55164116e-01   9.80546567e-01   1.09630471e+00   1.09630471e+00
   1.14299529e+00   1.21403207e+00   1.21403207e+00   1.30333423e+00
   1.30333423e+00   1.31381037e+00   1.31381037e+00   1.39054346e+00
   1.39054346e+00   1.44557380e+00   1.44557380e+00   1.47959927e+00
   1.47959927e+00   1.50606536e+00   1.53620820e+00   1.53620820e+00
   1.68943289e+00   1.68943289e+00   1.78968487e+00   1.99627229e+00
   2.01399559e+00   2.01399559e+00   2.52003370e+00   2.52003370e+00
   2.68412090e+00   2.68412090e+00   2.71556263e+00   3.36414817e+00
   3.40540203e+00   3.40540203e+00   3.47637793e+00   3.47637793e+00
   3.48200500e+00   3.48200500e+00   3.57057468e+00   3.66023375e+00
   3.66023375e+00   3.77829887e+00   5.99354397e+00   6.95543192e+00]
E_coul = 2034.55589747507
cycle= 8 E= -4468.40711916952  delta_E= -1.93e-10  |g|= 2.29e-06  |ddm|= 5.18e-05
    CPU time for cycle= 8      0.07 sec, wall time      0.07 sec
  HOMO = -0.338737658314754  LUMO = 0.0120833053045756
  mo_energy =
[ -4.32593054e+02  -4.32593045e+02  -5.63183036e+01  -5.63182958e+01
  -5.01628613e+01  -5.01628613e+01  -5.01628556e+01  -5.01628556e+01
  -5.01615097e+01  -5.01614884e+01  -8.03909826e+00  -8.03885322e+00
  -5.89241593e+00  -5.89241593e+00  -5.89223538e+00  -5.89223538e+00
  -5.88982577e+00  -5.88843011e+00  -2.12760347e+00  -2.12584926e+00
  -2.12584926e+00  -2.12483993e+00  -2.12483993e+00  -2.12364245e+00
  -2.12364245e+00  -2.11779940e+00  -2.11779940e+00  -2.11311556e+00
  -8.57050675e-01  -6.05536294e-01  -3.76352470e-01  -3.38737658e-01
  -3.38737658e-01   1.20833053e-02   1.20833053e-02   1.57479487e-01
   2.96909189e-01   3.09130018e-01   3.09130018e-01   3.30560981e-01
   3.30560981e-01   3.36689935e-01   4.24921401e-01   4.51082051e-01
   4.51082051e-01   4.73356070e-01   4.73356070e-01   5.02677774e-01
   5.02677774e-01   6.28482585e-01   6.28482585e-01   6.52976935e-01
   7.55164376e-01   9.80546883e-01   1.09630499e+00   1.09630499e+00
   1.14299565e+00   1.21403230e+00   1.21403230e+00   1.30333451e+00
   1.30333451e+00   1.31381076e+00   1.31381076e+00   1.39054380e+00
   1.39054380e+00   1.44557416e+00   1.44557416e+00   1.47959961e+00
   1.47959961e+00   1.50606581e+00   1.53620863e+00   1.53620863e+00
   1.68943329e+00   1.68943329e+00   1.78968529e+00   1.99627264e+00
   2.01399598e+00   2.01399598e+00   2.52003402e+00   2.52003402e+00
   2.68412126e+00   2.68412126e+00   2.71556307e+00   3.36414863e+00
   3.40540238e+00   3.40540238e+00   3.47637832e+00   3.47637832e+00
   3.48200535e+00   3.48200535e+00   3.57057501e+00   3.66023412e+00
   3.66023412e+00   3.77829924e+00   5.99354425e+00   6.95543221e+00]
    CPU time for scf_cycle      3.13 sec, wall time      3.14 sec
    CPU time for SCF      3.14 sec, wall time      3.14 sec
converged SCF energy = -4468.40711916952
RHF E = -4468.40711917
RHF eps = [ -4.32593054e+02  -4.32593045e+02  -5.63183036e+01  -5.63182958e+01
  -5.01628613e+01  -5.01628613e+01  -5.01628556e+01  -5.01628556e+01
  -5.01615097e+01  -5.01614884e+01  -8.03909826e+00  -8.03885322e+00
  -5.89241593e+00  -5.89241593e+00  -5.89223538e+00  -5.89223538e+00
  -5.88982577e+00  -5.88843011e+00  -2.12760347e+00  -2.12584926e+00
  -2.12584926e+00  -2.12483993e+00  -2.12483993e+00  -2.12364245e+00
  -2.12364245e+00  -2.11779940e+00  -2.11779940e+00  -2.11311556e+00
  -8.57050675e-01  -6.05536294e-01  -3.76352470e-01  -3.38737658e-01
  -3.38737658e-01   1.20833053e-02   1.20833053e-02   1.57479487e-01
   2.96909189e-01   3.09130018e-01   3.09130018e-01   3.30560981e-01
   3.30560981e-01   3.36689935e-01   4.24921401e-01   4.51082051e-01
   4.51082051e-01   4.73356070e-01   4.73356070e-01   5.02677774e-01
   5.02677774e-01   6.28482585e-01   6.28482585e-01   6.52976935e-01
   7.55164376e-01   9.80546883e-01   1.09630499e+00   1.09630499e+00
   1.14299565e+00   1.21403230e+00   1.21403230e+00   1.30333451e+00
   1.30333451e+00   1.31381076e+00   1.31381076e+00   1.39054380e+00
   1.39054380e+00   1.44557416e+00   1.44557416e+00   1.47959961e+00
   1.47959961e+00   1.50606581e+00   1.53620863e+00   1.53620863e+00
   1.68943329e+00   1.68943329e+00   1.78968529e+00   1.99627264e+00
   2.01399598e+00   2.01399598e+00   2.52003402e+00   2.52003402e+00
   2.68412126e+00   2.68412126e+00   2.71556307e+00   3.36414863e+00
   3.40540238e+00   3.40540238e+00   3.47637832e+00   3.47637832e+00
   3.48200535e+00   3.48200535e+00   3.57057501e+00   3.66023412e+00
   3.66023412e+00   3.77829924e+00   5.99354425e+00   6.95543221e+00]
    CPU time for CCSD integral transformation      8.46 sec, wall time      8.46 sec

******** <class 'pyscf.cc.linrccsd.LinRCCSD'> flags ********
CCSD nocc = 15, nvir = 63
frozen orbitals [0, 1, 2, 3, 4, 5, 6, 7, 8, 9, 10, 11, 12, 13, 14, 15, 16, 17]
max_cycle = 50
direct = 0
conv_tol = 1e-07
conv_tol_normt = 1e-05
diis_space = 6
diis_start_cycle = 0
diis_start_energy_diff = 1e+09
Init t2, MP2 energy = -0.51172613253845
    CPU time for init mp2      0.02 sec, wall time      0.03 sec
    CPU time for update t1 t2      1.23 sec, wall time      1.23 sec
istep = 0  E(CCSD) = -0.495121599281853  dE = -0.495121599  norm(t1,t2) = 0.128387
    CPU time for CCSD iter      1.24 sec, wall time      1.24 sec
    CPU time for update t1 t2      1.18 sec, wall time      1.19 sec
DIIS for step 1
istep = 1  E(CCSD) = -0.520565371693541  dE = -0.0254437724  norm(t1,t2) = 0.0592623
    CPU time for CCSD iter      1.19 sec, wall time      1.19 sec
    CPU time for update t1 t2      1.19 sec, wall time      1.18 sec
diis-c [ -7.68530142e-04   1.00000000e+00]
DIIS for step 2
istep = 2  E(CCSD) = -0.521173355992918  dE = -0.000607984299  norm(t1,t2) = 0.0363927
    CPU time for CCSD iter      1.20 sec, wall time      1.20 sec
    CPU time for update t1 t2      1.19 sec, wall time      1.19 sec
diis-c [ -3.46489152e-04  -9.48448637e-01   1.94844864e+00]
DIIS for step 3
istep = 3  E(CCSD) = -0.528002633323058  dE = -0.00682927733  norm(t1,t2) = 0.0250491
    CPU time for CCSD iter      1.21 sec, wall time      1.21 sec
    CPU time for update t1 t2      1.19 sec, wall time      1.19 sec
diis-c [ -5.44632931e-05  -3.60099061e-01  -1.06985558e-01   1.46708462e+00]
DIIS for step 4
istep = 4  E(CCSD) = -0.528800232704018  dE = -0.000797599381  norm(t1,t2) = 0.013137
    CPU time for CCSD iter      1.21 sec, wall time      1.22 sec
    CPU time for update t1 t2      1.20 sec, wall time      1.19 sec
diis-c [ -1.02113131e-05   8.12593670e-01  -7.37523822e-01  -1.36301252e+00
   2.28794267e+00]
DIIS for step 5
istep = 5  E(CCSD) = -0.528709477776462  dE = 9.07549276e-05  norm(t1,t2) = 0.00674581
    CPU time for CCSD iter      1.23 sec, wall time      1.22 sec
    CPU time for update t1 t2      1.18 sec, wall time      1.19 sec
diis-c [ -2.46432351e-06  -5.66334465e-01   5.14697692e-01   9.69913599e-01
  -1.87136678e+00   1.95308996e+00]
DIIS for step 6
istep = 6  E(CCSD) = -0.529225588082532  dE = -0.000516110306  norm(t1,t2) = 0.00254649
    CPU time for CCSD iter      1.21 sec, wall time      1.22 sec
    CPU time for update t1 t2      1.19 sec, wall time      1.19 sec
diis-c [ -3.06870604e-07  -2.06624783e-01   1.80059093e-01   3.69935680e-01
  -5.78808536e-01  -6.25693184e-02   1.29800786e+00]
DIIS for step 7
istep = 7  E(CCSD) = -0.529157572204233  dE = 6.80158783e-05  norm(t1,t2) = 0.00108443
    CPU time for CCSD iter      1.23 sec, wall time      1.23 sec
    CPU time for update t1 t2      1.19 sec, wall time      1.18 sec
diis-c [ -6.00373797e-08   1.15999364e+00  -2.01479724e-03  -2.38889198e-03
   2.52173056e-02  -6.39342492e-02  -1.16873006e-01]
DIIS for step 8
istep = 8  E(CCSD) = -0.529176098457337  dE = -1.85262531e-05  norm(t1,t2) = 0.000349081
    CPU time for CCSD iter      1.22 sec, wall time      1.22 sec
    CPU time for update t1 t2      1.18 sec, wall time      1.18 sec
diis-c [ -2.86742066e-09  -5.35391636e-01   1.59560935e+00   4.28407055e-04
  -1.06792709e-02   8.19411156e-02  -1.31907968e-01]
DIIS for step 9
istep = 9  E(CCSD) = -0.529147543813864  dE = 2.85546435e-05  norm(t1,t2) = 0.000146962
    CPU time for CCSD iter      1.22 sec, wall time      1.22 sec
    CPU time for update t1 t2      1.18 sec, wall time      1.18 sec
diis-c [ -4.32049480e-10   1.08334652e-01  -4.32160057e-01   1.30363055e+00
   1.64418168e-03  -1.95970357e-02   3.81477045e-02]
DIIS for step 10
istep = 10  E(CCSD) = -0.529150506479437  dE = -2.96266557e-06  norm(t1,t2) = 3.19843e-05
    CPU time for CCSD iter      1.22 sec, wall time      1.22 sec
    CPU time for update t1 t2      1.17 sec, wall time      1.17 sec
diis-c [ -8.67737548e-11   2.85819848e-02  -8.84854958e-02  -1.07011849e-01
   1.16490070e+00  -1.08654012e-03   3.10119817e-03]
DIIS for step 11
istep = 11  E(CCSD) = -0.52914925771132  dE = 1.24876812e-06  norm(t1,t2) = 1.46235e-05
    CPU time for CCSD iter      1.21 sec, wall time      1.21 sec
    CPU time for update t1 t2      1.17 sec, wall time      1.18 sec
diis-c [ -1.74182890e-11   3.88018415e-03   8.80232418e-03  -9.94918424e-02
  -1.52979277e-01   1.24163678e+00  -1.84816682e-03]
DIIS for step 12
istep = 12  E(CCSD) = -0.529149607810496  dE = -3.50099176e-07  norm(t1,t2) = 6.04281e-06
    CPU time for CCSD iter      1.21 sec, wall time      1.22 sec
    CPU time for update t1 t2      1.18 sec, wall time      1.18 sec
diis-c [ -5.39629452e-12   4.59859266e-04  -7.40078181e-03   1.34054494e-01
  -2.54575737e-01  -5.19904998e-01   1.64736716e+00]
DIIS for step 13
istep = 13  E(CCSD) = -0.529149310323841  dE = 2.97486655e-07  norm(t1,t2) = 3.70797e-06
    CPU time for CCSD iter      1.21 sec, wall time      1.21 sec
    CPU time for update t1 t2      1.18 sec, wall time      1.18 sec
diis-c [ -1.64110392e-12   1.66855100e+00  -1.35529737e-04  -6.00186877e-03
   1.65024440e-02   1.59086614e-01  -8.38002659e-01]
DIIS for step 14
istep = 14  E(CCSD) = -0.529149108129563  dE = 2.02194279e-07  norm(t1,t2) = 1.83716e-06
    CPU time for CCSD iter      1.22 sec, wall time      1.22 sec
    CPU time for update t1 t2      1.17 sec, wall time      1.18 sec
diis-c [ -3.70842246e-13  -3.76880914e-01   1.58963395e+00  -2.65509810e-02
   3.00372998e-02   2.32402389e-01  -4.48641740e-01]
DIIS for step 15
istep = 15  E(CCSD) = -0.529148993523516  dE = 1.14606047e-07  norm(t1,t2) = 1.03682e-06
    CPU time for CCSD iter      1.21 sec, wall time      1.22 sec
    CPU time for update t1 t2      1.18 sec, wall time      1.18 sec
diis-c [ -1.02889919e-13  -2.32334573e-01  -1.25569652e-01   1.26189869e+00
  -7.44019033e-03   8.95984749e-03   9.44858734e-02]
DIIS for step 16
istep = 16  E(CCSD) = -0.529148938619675  dE = 5.4903841e-08  norm(t1,t2) = 4.78438e-07
    CPU time for CCSD iter      1.23 sec, wall time      1.22 sec
    CPU time for CCSD     20.67 sec, wall time     20.67 sec
CCSD converged
E(linCCSD) = -4468.936268108136  E_corr = -0.529148938619675
    CPU time for EOM-CCSD shared one-electron intermediates      0.10 sec, wall time      0.10 sec
    CPU time for EOM-CCSD IP intermediates      0.69 sec, wall time      0.69 sec
tol 1e-07  toloose 0.000316228
max_cycle 50  max_space 38  max_memory 2000  incore True
davidson 0 6  |r|= 0.691  e= [ 0.41270575  0.41270575  0.43496553  0.6598831   0.89567287  2.13767239]  max|de|= 2.14  lindep=    1
davidson 1 12  |r|= 0.156  e= [ 0.37298275  0.37298275  0.37575645  0.56099055  0.7625744   1.84144513]  max|de|= -0.296  lindep= 0.782
davidson 2 18  |r|= 0.0104  e= [ 0.37297291  0.37297291  0.37598366  0.55484539  0.7450529   1.81598687]  max|de|= -0.0255  lindep= 0.859
davidson 3 24  |r|= 0.00293  e= [ 0.37296933  0.37296933  0.37598203  0.55483848  0.74501401  1.81550195]  max|de|= -0.000485  lindep= 0.648
root 3 converged  |r|= 6.09e-11  e= 0.554838499012  max|de|= 2.1e-08
davidson 4 30  |r|= 0.000255  e= [ 0.3729687   0.3729687   0.37596865  0.5548385   0.74502353  1.81555251]  max|de|= 5.06e-05  lindep= 0.511
root 0 converged  |r|= 4.83e-10  e= 0.372968695081  max|de|= 2.78e-16
root 1 converged  |r|= 4.83e-10  e= 0.372968695081  max|de|= 3.33e-16
root 2 converged  |r|= 8.28e-08  e= 0.375968646776  max|de|= -4.99e-10
davidson 5 32  |r|= 3.05e-07  e= [ 0.3729687   0.3729687   0.37596865  0.5548385   0.74502368  1.81554217]  max|de|= -1.03e-05  lindep= 0.736
root 4 converged  |r|= 6.29e-09  e= 0.745023681686  max|de|= -1.11e-16
root 5 converged  |r|= 1.83e-11  e= 1.81554218226  max|de|= 1.56e-08
converge 6 33  |r|= 6.29e-09  e= [ 0.3729687   0.3729687   0.37596865  0.5548385   0.74502368  1.81554218]  max|de|= 1.56e-08
IP root 0 E = 0.3729686950810606  qpwt = 0.974158
IP root 1 E = 0.3729686950810594  qpwt = 0.974158
IP root 2 E = 0.3759686467759235  qpwt = 0.96445
IP root 3 E = 0.5548384990122962  qpwt = 0.851761
IP root 4 E = 0.7450236816861865  qpwt = 0.76477
IP root 5 E = 1.815542182264684  qpwt = 0.893903
    CPU time for IP-CCSD      1.13 sec, wall time      1.13 sec
    CPU time for EOM-CCSD shared one-electron intermediates      0.10 sec, wall time      0.11 sec
    CPU time for EOM-CCSD EA intermediates      5.46 sec, wall time      5.45 sec
tol 1e-07  toloose 0.000316228
max_cycle 50  max_space 38  max_memory 2000  incore True
davidson 0 6  |r|= 0.274  e= [ 0.0611537   0.0611537   0.17459855  0.31267778  0.32429087  0.32429087]  max|de|= 0.324  lindep=    1
davidson 1 12  |r|= 0.0365  e= [-0.00049114 -0.00049114  0.12713384  0.25409969  0.27368832  0.27368832]  max|de|= -0.0616  lindep= 0.856
davidson 2 18  |r|= 0.02  e= [-0.00215443 -0.00215443  0.12269464  0.25270518  0.27138793  0.27138793]  max|de|= -0.00444  lindep= 0.979
davidson 3 24  |r|= 0.00469  e= [-0.00200095 -0.00200095  0.12282788  0.25273688  0.27143154  0.27143154]  max|de|= 0.000153  lindep= 0.663
davidson 4 30  |r|= 0.00178  e= [-0.00201509 -0.00201509  0.1227961   0.25274237  0.27146108  0.27146108]  max|de|= -3.18e-05  lindep= 0.89
davidson 5 36  |r|= 0.000326  e= [-0.00201763 -0.00201763  0.12279341  0.25272784  0.27146072  0.27146072]  max|de|= -1.45e-05  lindep= 0.675
root 0 converged  |r|= 4.29e-05  e= -0.0020176323688  max|de|= -9.71e-16
root 1 converged  |r|= 4.29e-05  e= -0.0020176323688  max|de|= -4.37e-16
root 3 converged  |r|= 0.00031  e= 0.252727840182  max|de|= -2.78e-16
root 4 converged  |r|= 6.35e-06  e= 0.271460719967  max|de|= -3.89e-16
root 5 converged  |r|= 6.35e-06  e= 0.271460719967  max|de|= 2.22e-16
davidson 6 6  |r|= 0.000326  e= [-0.00201763 -0.00201763  0.12279341  0.25272784  0.27146072  0.27146072]  max|de|= -9.71e-16  lindep=    1
davidson 7 7  |r|= 9.25e-05  e= [-0.00201763 -0.00201763  0.12279294  0.25272784  0.27146072  0.27146072]  max|de|= -4.71e-07  lindep= 0.985
davidson 8 8  |r|= 2.26e-05  e= [-0.00201763 -0.00201763  0.12279385  0.25272784  0.27146072  0.27146072]  max|de|= 9.17e-07  lindep= 0.831
davidson 9 9  |r|= 5e-06  e= [-0.00201763 -0.00201763  0.12279323  0.25272784  0.27146072  0.27146072]  max|de|= -6.2e-07  lindep= 0.811
davidson 10 10  |r|= 2.31e-06  e= [-0.00201763 -0.00201763  0.12279363  0.25272784  0.27146072  0.27146072]  max|de|= 4e-07  lindep= 0.41
davidson 11 11  |r|= 6.56e-07  e= [-0.00201763 -0.00201763  0.1227935   0.25272784  0.27146072  0.27146072]  max|de|= -1.34e-07  lindep= 0.714
root 2 converged  |r|= 1.34e-07  e= 0.122793511746  max|de|= 1.11e-08
converge 12 12  |r|= 1.34e-07  e= [-0.00201763 -0.00201763  0.12279351  0.25272784  0.27146072  0.27146072]  max|de|= 1.11e-08
EA root 0 E = -0.002017632368797526  qpwt = 0.97064
EA root 1 E = -0.002017632368804433  qpwt = 0.97064
EA root 2 E = 0.1227935117455894  qpwt = 0.975216
EA root 3 E = 0.2527278401819837  qpwt = 0.961568
EA root 4 E = 0.2714607199667231  qpwt = 0.953456
EA root 5 E = 0.2714607199667426  qpwt = 0.953456
    CPU time for EA-CCSD     11.19 sec, wall time     11.19 sec
