

******** <class 'pyscf.scf.hf.RHF'> flags ********
method = RHF
initial guess = minao
damping factor = 0
level shift factor = 0
Do DIIS = True
DIIS start cycle = 1
DIIS space = 8
SCF tol = 1e-09
SCF gradient tol = None
max. SCF cycles = 50
direct_scf = True
direct_scf_tol = 1e-13
chkfile to save SCF result = /tmp/tmpSpTj8J
max_memory 4000 MB (current use 39 MB)
Set gradient conv threshold to 3.16228e-05
Nelec from initial guess = 11.9988
cond(S) = 760.83087194
E_coul = 44.7888351071202
init E= -89.4024909103796
    CPU time for initialize scf      0.16 sec, wall time      0.25 sec
  HOMO = -0.50318002401179  LUMO = -0.174921370727389
  mo_energy =
[-20.79165687  -4.74191504  -1.49026264  -0.57266472  -0.50318002
  -0.50318002  -0.17492137   0.09206225   0.09393981   0.09393981
   0.14337968   0.34749633   0.34749633   0.44058877   0.49662075
   0.49662075   0.52160936   0.58996803   0.59880458   0.59880458
   0.65249438   0.65249438   0.79415891   1.0798658    1.67798668
   1.67798668   1.90391172   1.90391172   2.13681424   2.84910756
   2.84910756   3.07541823   3.31776084   5.24584      5.35159436
   5.35159436   5.3766206    5.3766206    5.4033408    5.4033408
   5.70988476   5.70988476   6.40168096   6.5622552    6.5622552
   6.72115418   6.72115418   6.83393602   8.23412932  44.4510277 ]
E_coul = 50.0156397492914
cycle= 1 E= -89.2560867658023  delta_E= 0.146  |g|= 0.862  |ddm|= 1.43
    CPU time for cycle= 1      0.01 sec, wall time      0.01 sec
diis-norm(errvec)=1.98182
diis-c [-3.92760351  1.        ]
  HOMO = -0.203258486629945  LUMO = -0.0768974563792681
  mo_energy =
[-19.81035138  -4.8054449   -0.90076916  -0.23176809  -0.20325849
  -0.20325849  -0.07689746   0.07636637   0.09856262   0.09856262
   0.17674537   0.3121191    0.3121191    0.38884218   0.46583001
   0.46583001   0.50333335   0.63986102   0.63986102   0.80611166
   0.8822352    0.8822352    0.98478226   1.27845506   2.08522573
   2.08522573   2.2861009    2.2861009    2.5318544    3.43984255
   3.43984255   3.62800003   3.8265922    5.62999687   5.62999687
   5.73006251   5.92452319   5.92452319   5.94792898   5.94792898
   5.9799429    5.9799429    6.4018398    7.26457615   7.26457615
   7.3637381    7.41374294   7.41374294   8.35621578  45.39005472]
E_coul = 42.7025547179456
cycle= 2 E= -89.1286695358593  delta_E= 0.127  |g|=  1.2  |ddm|= 1.25
    CPU time for cycle= 2      0.01 sec, wall time      0.01 sec
diis-norm(errvec)=2.95783
diis-c [-0.20369094  0.60235532  0.39764468]
  HOMO = -0.399687943061485  LUMO = -0.0689418292541625
  mo_energy =
[-20.4430443   -4.75157485  -1.15688492  -0.42976511  -0.39968794
  -0.39968794  -0.06894183   0.09005731   0.09284342   0.09284342
   0.16439851   0.32841563   0.32841563   0.41084873   0.48060438
   0.48060438   0.51379036   0.62396909   0.62396909   0.70314429
   0.75931848   0.75931848   0.89795405   1.1778694    1.888762     1.888762
   2.0995128    2.0995128    2.33391499   3.10991961   3.10991961
   3.3256501    3.54507344   5.49406612   5.62040213   5.62040213
   5.6576261    5.6576261    5.68582736   5.68582736   5.69832214
   5.69832214   6.40992784   6.87232179   6.87232179   7.0271531
   7.0271531    7.07586531   8.28538932  44.78731499]
E_coul = 47.0578445041463
cycle= 3 E= -89.4363631906312  delta_E= -0.308  |g|= 0.0609  |ddm|= 0.675
    CPU time for cycle= 3      0.01 sec, wall time      0.01 sec
diis-norm(errvec)=0.146395
diis-c [-0.01976238 -0.04835088 -0.02096753  1.0693184 ]
  HOMO = -0.396794521189814  LUMO = -0.0614336978973219
  mo_energy =
[-20.46212472  -4.72380151  -1.15237009  -0.44326145  -0.39679452
  -0.39679452  -0.0614337    0.09099061   0.10035913   0.10035913
   0.16691467   0.33687688   0.33687688   0.41336578   0.48605395
   0.48605395   0.51709038   0.63035598   0.63035598   0.70911748
   0.76850996   0.76850996   0.90744556   1.19205925   1.89961527
   1.89961527   2.1120229    2.1120229    2.34344862   3.11366389
   3.11366389   3.32567142   3.55754635   5.50979864   5.6360816
   5.6360816    5.66851593   5.66851593   5.6919346    5.6919346
   5.72274259   5.72274259   6.43359202   6.87210647   6.87210647
   7.03102506   7.03102506   7.08460282   8.30876124  44.77088089]
E_coul = 47.0328055532581
cycle= 4 E= -89.440021778936  delta_E= -0.00366  |g|= 0.0315  |ddm|= 0.0966
    CPU time for cycle= 4      0.01 sec, wall time      0.01 sec
diis-norm(errvec)=0.0880689
diis-c [-0.00498646 -0.02228913 -0.02273254 -0.60190582  1.6469275 ]
  HOMO = -0.38997249568394  LUMO = -0.0591394027728012
  mo_energy =
[-20.45535115  -4.71654549  -1.15091428  -0.45385628  -0.3899725
  -0.3899725   -0.0591394    0.09162104   0.10239321   0.10239321
   0.16699497   0.33884326   0.33884326   0.41415246   0.48685734
   0.48685734   0.51782836   0.63169522   0.63169522   0.71010655
   0.76991832   0.76991832   0.90775843   1.19350142   1.89980276
   1.89980276   2.11384666   2.11384666   2.34557247   3.11590056
   3.11590056   3.326595     3.56033159   5.51400672   5.63955812
   5.63955812   5.66939443   5.66939443   5.68892097   5.68892097
   5.72928179   5.72928179   6.4400916    6.87153905   6.87153905
   7.03416842   7.03416842   7.08929918   8.31531695  44.77730119]
E_coul = 47.0281504425066
cycle= 5 E= -89.4421619266339  delta_E= -0.00214  |g|= 0.0152  |ddm|= 0.101
    CPU time for cycle= 5      0.01 sec, wall time      0.01 sec
diis-norm(errvec)=0.0420273
diis-c [ -2.29411628e-04   1.14924418e-02   1.98741264e-03   2.11379533e-01
  -1.14684237e+00   1.92198298e+00]
  HOMO = -0.385623132248721  LUMO = -0.060403510471793
  mo_energy =
[-20.45620208  -4.71919058  -1.14987499  -0.46085456  -0.38562313
  -0.38562313  -0.06040351   0.09116009   0.10232689   0.10232689
   0.16660925   0.33779817   0.33779817   0.41265646   0.48544723
   0.48544723   0.51657135   0.63114991   0.63114991   0.71093811
   0.77098861   0.77098861   0.90725778   1.19181027   1.89982695
   1.89982695   2.11417581   2.11417581   2.34622788   3.11665553
   3.11665553   3.32664163   3.55998701   5.51609208   5.64098966
   5.64098966   5.67016065   5.67016065   5.68756221   5.68756221
   5.72735558   5.72735558   6.43839699   6.87082959   6.87082959
   7.03533113   7.03533113   7.09041746   8.3143045   44.77645217]
E_coul = 47.0308573202339
cycle= 6 E= -89.4426525570613  delta_E= -0.000491  |g|= 0.00376  |ddm|= 0.075
    CPU time for cycle= 6      0.01 sec, wall time      0.01 sec
diis-norm(errvec)=0.00910846
diis-c [ -1.23456023e-05   5.28462151e-04  -1.28011317e-03  -3.63390145e-02
   2.73340032e-01  -5.05720073e-01   1.26947071e+00]
  HOMO = -0.386777810861289  LUMO = -0.061094269535694
  mo_energy =
[-20.45802704  -4.72022897  -1.15097906  -0.46096606  -0.38677781
  -0.38677781  -0.06109427   0.09102278   0.10213094   0.10213094
   0.16644516   0.33750837   0.33750837   0.41244008   0.48515606
   0.48515606   0.51631773   0.63086463   0.63086463   0.71046      0.77048094
   0.77048094   0.90669116   1.190916     1.89885641   1.89885641
   2.11316099   2.11316099   2.34519793   3.11544533   3.11544533
   3.32557242   3.55862338   5.51476896   5.63969019   5.63969019
   5.66886433   5.66886433   5.68638829   5.68638829   5.72630311
   5.72630311   6.43745646   6.86940662   6.86940662   7.03378583
   7.03378583   7.08898453   8.31317249  44.77472557]
E_coul = 47.0455915867701
cycle= 7 E= -89.4426569287449  delta_E= -4.37e-06  |g|= 0.00114  |ddm|= 0.00539
    CPU time for cycle= 7      0.01 sec, wall time      0.01 sec
diis-norm(errvec)=0.00265462
diis-c [ -3.33729923e-07  -8.10101574e-04   4.80286988e-04  -1.07246535e-02
   2.38551341e-02  -4.74241249e-02  -3.47811635e-02   1.06940462e+00]
  HOMO = -0.386476613755516  LUMO = -0.0610578671259367
  mo_energy =
[-20.45761586  -4.72016842  -1.1507085   -0.46113613  -0.38647661
  -0.38647661  -0.06105787   0.09101065   0.10216334   0.10216334
   0.16646211   0.33750031   0.33750031   0.4123808    0.48512745
   0.48512745   0.51628764   0.63088791   0.63088791   0.71060314
   0.7706628    0.7706628    0.90679474   1.19102594   1.8990713
   1.8990713    2.11338949   2.11338949   2.34542276   3.11574396
   3.11574396   3.32580883   3.55891607   5.51510778   5.64000773
   5.64000773   5.6691696    5.6691696    5.68660519   5.68660519
   5.72639842   5.72639842   6.43754917   6.86969016   6.86969016
   7.03414167   7.03414167   7.08930924   8.31331836  44.77511952]
E_coul = 47.0415078165926
cycle= 8 E= -89.4426574012944  delta_E= -4.73e-07  |g|= 0.000138  |ddm|= 0.00203
    CPU time for cycle= 8      0.01 sec, wall time      0.01 sec
diis-norm(errvec)=0.00035147
diis-c [ -1.16525284e-08   1.83882574e-04  -4.09167623e-05   2.78732197e-03
  -7.12452086e-03   1.93869439e-02  -3.35840970e-02  -1.70409269e-01
   1.18880066e+00]
  HOMO = -0.386502478538909  LUMO = -0.0610602778124181
  mo_energy =
[-20.45765432  -4.72018057  -1.15073069  -0.46109564  -0.38650248
  -0.38650248  -0.06106028   0.09101126   0.10214922   0.10214922
   0.16646116   0.33749062   0.33749062   0.41238332   0.48512662
   0.48512662   0.51628974   0.63088012   0.63088012   0.71059948
   0.77064809   0.77064809   0.90678483   1.191018     1.89905799
   1.89905799   2.11337254   2.11337254   2.34540768   3.11572002
   3.11572002   3.32579821   3.55888823   5.515074     5.63997874
   5.63997874   5.66914776   5.66914776   5.68660034   5.68660034
   5.72638296   5.72638296   6.43753426   6.86967581   6.86967581
   7.03411177   7.03411177   7.08927875   8.31329521  44.775081  ]
E_coul = 47.0418442825552
cycle= 9 E= -89.4426574275256  delta_E= -2.62e-08  |g|= 2.86e-05  |ddm|= 0.000612
    CPU time for cycle= 9      0.01 sec, wall time      0.01 sec
diis-norm(errvec)=7.35378e-05
diis-c [ -2.80494603e-10   1.24671842e+00   6.50187083e-06  -7.64527109e-04
   2.19524292e-03  -5.82062515e-03   1.47542624e-02  -3.17869722e-03
  -2.53910580e-01]
  HOMO = -0.386497898698108  LUMO = -0.0610577673234119
  mo_energy =
[-20.45765107  -4.7201759   -1.15072769  -0.46110753  -0.3864979
  -0.3864979   -0.06105777   0.0910114    0.10215178   0.10215178
   0.16646158   0.33749144   0.33749144   0.41238251   0.4851263
   0.4851263    0.51628948   0.63088172   0.63088172   0.71060209
   0.77065155   0.77065155   0.90678651   1.19102111   1.89906078
   1.89906078   2.11337644   2.11337644   2.34541117   3.11572387
   3.11572387   3.3257993    3.55889351   5.51508075   5.63998472
   5.63998472   5.66915181   5.66915181   5.68660082   5.68660082
   5.72638762   5.72638762   6.43753891   6.86967704   6.86967704
   7.03411599   7.03411599   7.08928387   8.31330061  44.77508463]
E_coul = 47.0417377437974
cycle= 10 E= -89.4426574283262  delta_E= -8.01e-10  |g|= 7.25e-06  |ddm|= 9.46e-05
    CPU time for cycle= 10      0.02 sec, wall time      0.01 sec
  HOMO = -0.386500755212108  LUMO = -0.0610575229735544
  mo_energy =
[-20.45765812  -4.72017463  -1.15073118  -0.46110914  -0.38650076
  -0.38650076  -0.06105752   0.0910117    0.10215177   0.10215177
   0.16646139   0.33749186   0.33749186   0.41238318   0.4851267
   0.4851267    0.51628998   0.63088173   0.63088173   0.71060038
   0.77064946   0.77064946   0.90678522   1.19102014   1.89905778
   1.89905778   2.11337369   2.11337369   2.34540827   3.1157196
   3.1157196    3.32579527   3.5588902    5.51507724   5.63998133
   5.63998133   5.66914769   5.66914769   5.68659677   5.68659677
   5.72638807   5.72638807   6.43753952   6.86967211   6.86967211
   7.03411104   7.03411104   7.08928007   8.31330035  44.77507781]
    CPU time for scf_cycle      0.27 sec, wall time      0.36 sec
    CPU time for SCF      0.27 sec, wall time      0.36 sec
converged SCF energy = -89.4426574283262
RHF E = -89.4426574283
RHF eps = [-20.45765812  -4.72017463  -1.15073118  -0.46110914  -0.38650076
  -0.38650076  -0.06105752   0.0910117    0.10215177   0.10215177
   0.16646139   0.33749186   0.33749186   0.41238318   0.4851267
   0.4851267    0.51628998   0.63088173   0.63088173   0.71060038
   0.77064946   0.77064946   0.90678522   1.19102014   1.89905778
   1.89905778   2.11337369   2.11337369   2.34540827   3.1157196
   3.1157196    3.32579527   3.5588902    5.51507724   5.63998133
   5.63998133   5.66914769   5.66914769   5.68659677   5.68659677
   5.72638807   5.72638807   6.43753952   6.86967211   6.86967211
   7.03411104   7.03411104   7.08928007   8.31330035  44.77507781]
    CPU time for CCSD integral transformation      0.58 sec, wall time      0.58 sec

******** <class 'pyscf.cc.linrccsd.LinRCCSD'> flags ********
CCSD nocc = 4, nvir = 44
frozen orbitals [0, 1]
max_cycle = 50
direct = 0
conv_tol = 1e-07
conv_tol_normt = 1e-05
diis_space = 6
diis_start_cycle = 0
diis_start_energy_diff = 1e+09
Init t2, MP2 energy = -0.293406926597556
    CPU time for init mp2      0.00 sec, wall time      0.00 sec
    CPU time for update t1 t2      0.04 sec, wall time      0.03 sec
istep = 0  E(CCSD) = -0.274734641363185  dE = -0.274734641  norm(t1,t2) = 0.127711
    CPU time for CCSD iter      0.04 sec, wall time      0.03 sec
    CPU time for update t1 t2      0.03 sec, wall time      0.03 sec
DIIS for step 1
istep = 1  E(CCSD) = -0.293527293192359  dE = -0.0187926518  norm(t1,t2) = 0.0691169
    CPU time for CCSD iter      0.03 sec, wall time      0.03 sec
    CPU time for update t1 t2      0.03 sec, wall time      0.03 sec
diis-c [-0.00233715  1.        ]
DIIS for step 2
istep = 2  E(CCSD) = -0.290046373556836  dE = 0.00348091964  norm(t1,t2) = 0.060739
    CPU time for CCSD iter      0.03 sec, wall time      0.03 sec
    CPU time for update t1 t2      0.04 sec, wall time      0.03 sec
diis-c [-0.00072528  0.29039708  0.70960292]
DIIS for step 3
istep = 3  E(CCSD) = -0.293783107037359  dE = -0.00373673348  norm(t1,t2) = 0.0425085
    CPU time for CCSD iter      0.04 sec, wall time      0.03 sec
    CPU time for update t1 t2      0.03 sec, wall time      0.03 sec
diis-c [ -6.81491353e-04  -2.25422367e-01   1.58267915e-01   1.06715445e+00]
DIIS for step 4
istep = 4  E(CCSD) = -0.29577381679821  dE = -0.00199070976  norm(t1,t2) = 0.0364571
    CPU time for CCSD iter      0.03 sec, wall time      0.03 sec
    CPU time for update t1 t2      0.03 sec, wall time      0.03 sec
diis-c [ -6.81281962e-04  -1.75906353e-01   2.04708202e-01   7.97649171e-01
   1.73548979e-01]
DIIS for step 5
istep = 5  E(CCSD) = -0.295823302729408  dE = -4.94859312e-05  norm(t1,t2) = 0.0360747
    CPU time for CCSD iter      0.03 sec, wall time      0.03 sec
    CPU time for update t1 t2      0.04 sec, wall time      0.03 sec
diis-c [ -2.98171647e-04  -3.79035286e+00  -3.50454037e+00   1.40494453e+01
   1.05441839e+02  -1.11196391e+02]
DIIS for step 6
istep = 6  E(CCSD) = -0.292197668745548  dE = 0.00362563398  norm(t1,t2) = 0.0362066
    CPU time for CCSD iter      0.04 sec, wall time      0.03 sec
    CPU time for update t1 t2      0.03 sec, wall time      0.03 sec
diis-c [ -8.62161015e-05   1.64720569e+00   1.72173537e+00  -6.43781629e+00
  -3.17604439e+01   3.39969894e+01   1.83232978e+00]
DIIS for step 7
istep = 7  E(CCSD) = -0.287122860711298  dE = 0.00507480803  norm(t1,t2) = 0.0187662
    CPU time for CCSD iter      0.03 sec, wall time      0.03 sec
    CPU time for update t1 t2      0.03 sec, wall time      0.03 sec
diis-c [ -1.83525275e-05   1.43487175e+00   4.84962517e-02  -4.82005427e-01
  -9.19922611e+00   9.53562671e+00  -3.37763167e-01]
DIIS for step 8
istep = 8  E(CCSD) = -0.287221431705979  dE = -9.85709947e-05  norm(t1,t2) = 0.00890328
    CPU time for CCSD iter      0.03 sec, wall time      0.03 sec
    CPU time for update t1 t2      0.04 sec, wall time      0.03 sec
diis-c [ -2.88178985e-06   1.51356722e-01   1.09634828e+00   1.04451068e-01
  -2.45176301e+00   2.44281465e+00  -3.43207710e-01]
DIIS for step 9
istep = 9  E(CCSD) = -0.286336793384522  dE = 0.000884638321  norm(t1,t2) = 0.00354663
    CPU time for CCSD iter      0.04 sec, wall time      0.03 sec
    CPU time for update t1 t2      0.03 sec, wall time      0.03 sec
diis-c [ -5.31951182e-07  -1.17839207e-01  -2.84520118e-01   1.30069115e+00
   1.00126905e+00  -1.01568723e+00   1.16086355e-01]
DIIS for step 10
istep = 10  E(CCSD) = -0.286479069409535  dE = -0.000142276025  norm(t1,t2) = 0.00116455
    CPU time for CCSD iter      0.03 sec, wall time      0.03 sec
    CPU time for update t1 t2      0.03 sec, wall time      0.03 sec
diis-c [ -1.20786861e-07  -5.78445565e-02  -3.25301654e-01   3.45926984e-01
   9.79760311e-01  -3.06532389e-02   8.81121544e-02]
DIIS for step 11
istep = 11  E(CCSD) = -0.286401882238954  dE = 7.71871706e-05  norm(t1,t2) = 0.000855957
    CPU time for CCSD iter      0.03 sec, wall time      0.03 sec
    CPU time for update t1 t2      0.04 sec, wall time      0.03 sec
diis-c [ -2.68493142e-08  -9.79257665e-03  -3.79219874e-02  -5.08677471e-02
   3.59393978e-02   1.04889430e+00   1.37486173e-02]
DIIS for step 12
istep = 12  E(CCSD) = -0.286428486013667  dE = -2.66037747e-05  norm(t1,t2) = 0.000308965
    CPU time for CCSD iter      0.04 sec, wall time      0.03 sec
    CPU time for update t1 t2      0.03 sec, wall time      0.03 sec
diis-c [ -5.98006081e-09   1.99723956e-03   1.67135492e-02  -2.41953288e-02
  -1.40267516e-01   2.56964732e-01   8.88787324e-01]
DIIS for step 13
istep = 13  E(CCSD) = -0.286423574581257  dE = 4.91143241e-06  norm(t1,t2) = 0.000154356
    CPU time for CCSD iter      0.03 sec, wall time      0.03 sec
    CPU time for update t1 t2      0.03 sec, wall time      0.03 sec
diis-c [ -9.84574866e-10   1.53781626e+00   9.12249699e-05   3.87218000e-02
  -5.06904237e-02  -1.84110733e-01  -3.41828131e-01]
DIIS for step 14
istep = 14  E(CCSD) = -0.286423603138979  dE = -2.85577216e-08  norm(t1,t2) = 6.98975e-05
    CPU time for CCSD iter      0.03 sec, wall time      0.03 sec
    CPU time for update t1 t2      0.04 sec, wall time      0.03 sec
diis-c [ -2.38592257e-10  -3.49537664e-01   1.32560388e+00  -2.96392463e-03
  -2.14069915e-03   5.61942777e-02  -2.71558752e-02]
DIIS for step 15
istep = 15  E(CCSD) = -0.286420402672041  dE = 3.20046694e-06  norm(t1,t2) = 2.94362e-05
    CPU time for CCSD iter      0.04 sec, wall time      0.03 sec
    CPU time for update t1 t2      0.03 sec, wall time      0.03 sec
diis-c [ -4.87495044e-11  -1.79118920e-01  -9.58970587e-02   1.20859431e+00
  -1.23388304e-03   1.33684216e-02   5.42871295e-02]
DIIS for step 16
istep = 16  E(CCSD) = -0.286420426471858  dE = -2.37998169e-08  norm(t1,t2) = 1.2473e-05
    CPU time for CCSD iter      0.03 sec, wall time      0.03 sec
    CPU time for update t1 t2      0.04 sec, wall time      0.03 sec
diis-c [ -1.09755538e-11   3.61139061e-02  -3.08411511e-01   7.80445982e-02
   1.18239899e+00  -1.65382520e-02   2.83922692e-02]
DIIS for step 17
istep = 17  E(CCSD) = -0.286420480108971  dE = -5.36371126e-08  norm(t1,t2) = 6.66611e-06
    CPU time for CCSD iter      0.04 sec, wall time      0.03 sec
    CPU time for CCSD      0.61 sec, wall time      0.61 sec
CCSD converged
E(linCCSD) = -89.72907790843514  E_corr = -0.2864204801089708
    CPU time for EOM-CCSD shared one-electron intermediates      0.00 sec, wall time      0.00 sec
    CPU time for EOM-CCSD IP intermediates      0.01 sec, wall time      0.01 sec
tol 1e-07  toloose 0.000316228
max_cycle 50  max_space 38  max_memory 2000  incore True
davidson 0 6  |r|= 0.483  e= [  0.46774612   0.46774612   0.55473027   1.20628028  45.54808353
   9.08630705]  max|de|= 45.5  lindep=    1
davidson 1 12  |r|= 0.28  e= [  0.34480205   0.34480205   0.37252799   1.11716699  45.54808317
   9.08629669]  max|de|= -0.182  lindep= 2.43e-06
root 5 converged  |r|= 4.99e-06  e= 9.08629672765  max|de|= 3.78e-08
davidson 2 18  |r|= 0.0979  e= [  0.33917899   0.33917899   0.3626871    1.00668116  45.5480839
   9.08629673]  max|de|= -0.11  lindep= 0.769
davidson 3 23  |r|= 0.038  e= [  0.33919118   0.33919118   0.36280022   0.98306245  45.54808317
   9.08629673]  max|de|= -0.0236  lindep= 0.87
root 0 converged  |r|= 9.35e-10  e= 0.339191181792  max|de|= -3.22e-15
root 1 converged  |r|= 9.35e-10  e= 0.339191181792  max|de|= 4.88e-15
root 4 converged  |r|= 3.32e-08  e= 45.5480831657  max|de|= 2.13e-14
davidson 4 25  |r|= 0.0483  e= [  0.33919118   0.33919118   0.36279812   0.97647235  45.54808317
   9.08629673]  max|de|= -0.00659  lindep= 0.457
root 2 converged  |r|= 1.44e-09  e= 0.362798122284  max|de|= -1.36e-10
davidson 5 26  |r|= 0.00357  e= [  0.33919118   0.33919118   0.36279812   0.9828098   45.5480839
   9.08629673]  max|de|= 0.00634  lindep= 0.138
davidson 6 27  |r|= 0.000124  e= [  0.33919118   0.33919118   0.36279812   0.98310132  45.5480839
   9.08629673]  max|de|= 0.000292  lindep= 0.469
davidson 7 28  |r|= 1.54e-09  e= [  0.33919118   0.33919118   0.36279812   0.98310061  45.5480839
   9.08629673]  max|de|= -7.14e-07  lindep=    1
Linear dependency in trial subspace. |r| for each state [0, 0, 0, 1.5398589609665839e-09, 0, 0]
IP root 0 E = 0.3391911817917717  qpwt = 0.876872
IP root 1 E = 0.3391911817917747  qpwt = 0.876872
IP root 2 E = 0.3627981223231898  qpwt = 0.865674
IP root 3 E = 0.9831006104246086  qpwt = 0.720149
IP root 4 E = 45.54808390284599  qpwt = 1.67729e-08
IP root 5 E = 9.086296727655  qpwt = 3.58467e-17
    CPU time for IP-CCSD      0.07 sec, wall time      0.07 sec
    CPU time for EOM-CCSD shared one-electron intermediates      0.01 sec, wall time      0.00 sec
    CPU time for EOM-CCSD EA intermediates      0.40 sec, wall time      0.41 sec
tol 1e-07  toloose 0.000316228
max_cycle 50  max_space 38  max_memory 2000  incore True
davidson 0 6  |r|= 0.219  e= [-0.06158966  0.09224459  0.12398347  0.12332905  0.16898127  0.34733083]  max|de|= 0.347  lindep=    1
davidson 1 12  |r|= 0.0355  e= [-0.08074473  0.08357863  0.09914327  0.09785476  0.15400088  0.31998517]  max|de|= -0.0273  lindep= 0.588
davidson 2 18  |r|= 0.0133  e= [-0.08120171  0.08326581  0.09709931  0.09711477  0.15328972  0.31815567]  max|de|= -0.00204  lindep= 0.385
davidson 3 24  |r|= 0.00145  e= [-0.08116552  0.08322132  0.09681271  0.0968304   0.1532129   0.31827649]  max|de|= -0.000287  lindep= 0.202
davidson 4 30  |r|= 0.00013  e= [-0.08116284  0.08322251  0.09683571  0.09683382  0.15321353  0.31824468]  max|de|= -3.18e-05  lindep= 0.412
root 1 converged  |r|= 3.18e-06  e= 0.0832225361767  max|de|= 2.46e-08
root 4 converged  |r|= 1.36e-05  e= 0.153213512786  max|de|= -1.5e-08
davidson 5 36  |r|= 1.44e-05  e= [-0.08116257  0.08322254  0.09683374  0.09683355  0.15321351  0.31824441]  max|de|= -1.97e-06  lindep= 0.605
root 0 converged  |r|= 3.88e-06  e= -0.081162567651  max|de|= -2.08e-16
root 1 converged  |r|= 3.18e-06  e= 0.0832225361767  max|de|= -6.11e-16
root 2 converged  |r|= 1.44e-05  e= 0.0968337419888  max|de|= -2.5e-16
root 3 converged  |r|= 4.29e-06  e= 0.0968335496789  max|de|= 3.33e-16
root 4 converged  |r|= 1.36e-05  e= 0.153213512786  max|de|= -2.78e-16
root 5 converged  |r|= 8.87e-06  e= 0.31824440645  max|de|= 1.11e-16
converge 6 6  |r|= 1.44e-05  e= [-0.08116257  0.08322254  0.09683374  0.09683355  0.15321351  0.31824441]  max|de|= -6.11e-16
EA root 0 E = -0.08116256765097868  qpwt = 0.969818
EA root 1 E = 0.08322253617671548  qpwt = 0.987109
EA root 2 E = 0.09683374198879915  qpwt = 0.970408
EA root 3 E = 0.09683354967892731  qpwt = 0.970411
EA root 4 E = 0.1532135127859011  qpwt = 0.987436
EA root 5 E = 0.3182444064500523  qpwt = 0.886742
    CPU time for EA-CCSD      0.70 sec, wall time      0.69 sec
