

******** <class 'pyscf.scf.hf.RHF'> flags ********
method = RHF
initial guess = minao
damping factor = 0
level shift factor = 0
Do DIIS = True
DIIS start cycle = 1
DIIS space = 8
SCF tol = 1e-09
SCF gradient tol = None
max. SCF cycles = 50
direct_scf = True
direct_scf_tol = 1e-13
chkfile to save SCF result = /tmp/tmpzRIfk1
max_memory 4000 MB (current use 39 MB)
Set gradient conv threshold to 3.16228e-05
Nelec from initial guess = 11.9998
cond(S) = 7203.45232378
E_coul = 41.7600300312069
init E= -78.9518004144078
    CPU time for initialize scf      0.23 sec, wall time      0.27 sec
  HOMO = -0.311430146646002  LUMO = -0.188120482098225
  mo_energy =
[-15.61349563  -7.6611767   -1.27942974  -0.46290473  -0.31143015
  -0.31143015  -0.18812048   0.10160503   0.10160503   0.14661364
   0.18737536   0.26141953   0.26141953   0.41482164   0.53530588
   0.53530588   0.5495678    0.5495678    0.55868272   0.62945174
   0.71224815   0.71224815   0.95101413   1.05924438   1.11219432
   1.11219432   1.1820885    1.30779263   1.30779263   1.5984112
   1.5984112    1.86167146   1.93994681   1.93994681   2.05655968
   2.05655968   2.12661809   2.12661809   2.14147908   2.14147908
   2.2865119    2.3852966    2.38959405   2.38959405   2.80294519
   2.80294519   2.83807619   3.4875541    4.2468473    4.2468473
   4.51712277   4.51712277   4.94128545   4.94128545   4.94922856
   4.94922856   5.22556742   5.27480972   5.27480972   5.56372083
  14.52994683  32.90565891]
E_coul = 42.5362148135031
cycle= 1 E= -78.8157286426344  delta_E= 0.136  |g|= 0.514  |ddm|=  1.2
    CPU time for cycle= 1      0.02 sec, wall time      0.02 sec
diis-norm(errvec)=1.56694
diis-c [-2.45531049  1.        ]
  HOMO = -0.380360684925345  LUMO = -0.127548160495184
  mo_energy =
[-15.32515151  -7.92325854  -1.00916784  -0.44546109  -0.38036068
  -0.38036068  -0.12754816   0.09503961   0.09503961   0.10689753
   0.16371145   0.21756853   0.21756853   0.46890933   0.48582349
   0.48582349   0.55604128   0.62280367   0.62280367   0.68579966
   0.68579966   0.72015682   0.79622828   0.99956327   0.99956327
   1.0881306    1.18639408   1.42662579   1.42662579   1.67350206
   1.67350206   1.82592936   1.82592936   1.88943003   1.88943003
   1.89501891   1.97122887   1.97122887   2.09798617   2.09798617
   2.20300589   2.49445063   2.49445063   2.59565049   2.79766961
   2.87213165   2.87213165   3.61155543   4.4835081    4.4835081
   4.71694019   4.71694019   5.11576892   5.11576892   5.20953323
   5.20953323   5.38799707   5.50120919   5.50120919   5.74535914
  14.26029337  33.17975655]
E_coul = 40.15824294244
cycle= 2 E= -78.7272781658109  delta_E= 0.0885  |g|= 0.836  |ddm|= 0.756
    CPU time for cycle= 2      0.01 sec, wall time      0.02 sec
diis-norm(errvec)=2.5188
diis-c [-0.10561557  0.6196931   0.3803069 ]
  HOMO = -0.447697968940298  LUMO = -0.121788533444256
  mo_energy =
[-15.64192576  -7.76877871  -1.09890594  -0.49291493  -0.44769797
  -0.44769797  -0.12178853   0.10072467   0.10072467   0.1463563
   0.16073396   0.24229471   0.24229471   0.44513592   0.52085109
   0.52085109   0.54519888   0.57621546   0.57621546   0.66096376
   0.6824264    0.6824264    0.880459     1.062949     1.062949
   1.06801487   1.17979745   1.3503766    1.3503766    1.62089639
   1.62089639   1.86665498   1.89317517   1.89317517   1.98277411
   1.98277411   2.0339579    2.0339579    2.11291714   2.11291714
   2.2157137    2.40082582   2.40082582   2.42036887   2.80828034
   2.80828034   2.8199698    3.51063725   4.32372879   4.32372879
   4.57671253   4.57671253   4.98088139   4.98088139   5.00333337
   5.00333337   5.2569459    5.31658658   5.31658658   5.58626293
  14.4093419   32.8775629 ]
E_coul = 41.8931609899635
cycle= 3 E= -78.9049157388747  delta_E= -0.178  |g|= 0.0445  |ddm|= 0.432
    CPU time for cycle= 3      0.02 sec, wall time      0.02 sec
diis-norm(errvec)=0.123341
diis-c [-0.01046983  0.08447836  0.06608692  0.84943471]
  HOMO = -0.43594154528707  LUMO = -0.104292235368908
  mo_energy =
[-15.60623427  -7.72634621  -1.08070187  -0.4855433   -0.43594155
  -0.43594155  -0.10429224   0.11044195   0.11044195   0.15032979
   0.16459682   0.25226407   0.25226407   0.44637541   0.52990764
   0.52990764   0.55254389   0.57795087   0.57795087   0.66241171   0.692
   0.692        0.89467514   1.08110358   1.08110358   1.08285965
   1.19448985   1.35928505   1.35928505   1.63186181   1.63186181
   1.87720255   1.91001598   1.91001598   2.0025451    2.0025451
   2.04732715   2.04732715   2.12833843   2.12833843   2.23049126
   2.41768407   2.41768407   2.42648649   2.8249041    2.8249041
   2.84558073   3.53342567   4.33348784   4.33348784   4.59376632
   4.59376632   5.00567829   5.00567829   5.01579624   5.01579624
   5.28406078   5.32846737   5.32846737   5.60307598  14.4482859
  32.91106312]
E_coul = 41.8359329848866
cycle= 4 E= -78.9060422213709  delta_E= -0.00113  |g|= 0.0228  |ddm|= 0.0495
    CPU time for cycle= 4      0.02 sec, wall time      0.02 sec
diis-norm(errvec)=0.0699301
diis-c [-0.00408414 -0.03843605 -0.01543023 -0.19892509  1.25279137]
  HOMO = -0.435321182418056  LUMO = -0.103191891002715
  mo_energy =
[-15.6069653   -7.72304291  -1.08073696  -0.48793098  -0.43532118
  -0.43532118  -0.10319189   0.11158414   0.11158414   0.15041564
   0.16515895   0.2526298    0.2526298    0.44695955   0.5300391
   0.5300391    0.55247298   0.57824759   0.57824759   0.66236585
   0.6921994    0.6921994    0.89568197   1.08219307   1.08219307
   1.08309277   1.19532013   1.35955556   1.35955556   1.63287596
   1.63287596   1.87810589   1.91152671   1.91152671   2.00358145
   2.00358145   2.0466195    2.0466195    2.12930728   2.12930728
   2.22948828   2.41838735   2.41838735   2.42754747   2.82536219
   2.82536219   2.84744764   3.53379923   4.33184845   4.33184845
   4.59367172   4.59367172   5.00615309   5.00615309   5.01521204
   5.01521204   5.28512025   5.33100007   5.33100007   5.60621342
  14.45112599  32.91054867]
E_coul = 41.8659160633944
cycle= 5 E= -78.9069462217277  delta_E= -0.000904  |g|= 0.0193  |ddm|= 0.0471
    CPU time for cycle= 5      0.02 sec, wall time      0.02 sec
diis-norm(errvec)=0.0609045
diis-c [ -1.48240722e-03   4.79858410e-02   4.96241624e-02   1.28340077e-01
  -2.18851555e+00   2.96256547e+00]
  HOMO = -0.428299542099098  LUMO = -0.105429914543917
  mo_energy =
[-15.60113228  -7.72261581  -1.07544241  -0.49084635  -0.42829954
  -0.42829954  -0.10542991   0.11216312   0.11216312   0.14898256
   0.16495009   0.25148491   0.25148491   0.44932453   0.5283417
   0.5283417    0.55122829   0.58172602   0.58172602   0.66434906
   0.69099339   0.69099339   0.89243688   1.08137309   1.08137309
   1.08314965   1.19696344   1.36328685   1.36328685   1.63660143
   1.63660143   1.88034171   1.9104588    1.9104588    2.00039884
   2.00039884   2.04102415   2.04102415   2.12975029   2.12975029
   2.22524396   2.42271945   2.42271945   2.43423133   2.8275789
   2.8275789    2.85024728   3.53762392   4.33481762   4.33481762
   4.59886618   4.59886618   5.01221158   5.01221158   5.02054105
   5.02054105   5.29226038   5.34066415   5.34066415   5.61625921
  14.45053319  32.91649263]
E_coul = 41.87541971678
cycle= 6 E= -78.908131431902  delta_E= -0.00119  |g|= 0.00849  |ddm|= 0.0856
    CPU time for cycle= 6      0.01 sec, wall time      0.02 sec
diis-norm(errvec)=0.0266915
diis-c [ -1.10167665e-04   7.38039566e-03  -1.74711391e-03   8.36211981e-02
   1.98200528e-01  -1.24864185e+00   1.96118685e+00]
  HOMO = -0.424405252519964  LUMO = -0.107200989120579
  mo_energy =
[-15.60023578  -7.72228391  -1.07299166  -0.49592738  -0.42440525
  -0.42440525  -0.10720099   0.11257227   0.11257227   0.14732766
   0.16470024   0.25057841   0.25057841   0.45044664   0.52657018
   0.52657018   0.54995541   0.58423658   0.58423658   0.66561022
   0.6895831    0.6895831    0.88911916   1.0805694    1.0805694
   1.08228454   1.19760888   1.3652833    1.3652833    1.63863205
   1.63863205   1.88105523   1.90906052   1.90906052   1.99732224
   1.99732224   2.03596137   2.03596137   2.12950839   2.12950839
   2.22109432   2.42467105   2.42467105   2.43799028   2.82831629
   2.82831629   2.85172667   3.53901031   4.33550011   4.33550011
   4.60121134   4.60121134   5.0150017    5.0150017    5.02266317
   5.02266317   5.29595459   5.34655482   5.34655482   5.62257053
  14.44995579  32.91772545]
E_coul = 41.8899322083877
cycle= 7 E= -78.9084601094573  delta_E= -0.000329  |g|= 0.00218  |ddm|= 0.0662
    CPU time for cycle= 7      0.02 sec, wall time      0.02 sec
diis-norm(errvec)=0.00698171
diis-c [ -1.17383908e-05   5.24710527e-03   1.68080081e-03   3.05376164e-04
  -6.48641607e-02   2.62093536e-01  -4.92138562e-01   1.28767590e+00]
  HOMO = -0.423790257880622  LUMO = -0.107689515297256
  mo_energy =
[-15.59901199  -7.72136572  -1.07267596  -0.49531351  -0.42379026
  -0.42379026  -0.10768952   0.1126901    0.1126901    0.14740158
   0.16470575   0.25069688   0.25069688   0.45027701   0.52661641
   0.52661641   0.55007223   0.58424426   0.58424426   0.6655227
   0.68973223   0.68973223   0.88945643   1.08086542   1.08086542
   1.08239263   1.19771398   1.36525695   1.36525695   1.63873216
   1.63873216   1.88118777   1.90919957   1.90919957   1.99763709
   1.99763709   2.03625543   2.03625543   2.12963015   2.12963015
   2.22138243   2.42500194   2.42500194   2.43815735   2.8284999
   2.8284999    2.85210079   3.53933021   4.33539457   4.33539457
   4.60132475   4.60132475   5.01537809   5.01537809   5.02286531
   5.02286531   5.29647206   5.34685558   5.34685558   5.62303289
  14.45080261  32.91884869]
E_coul = 41.8941838024304
cycle= 8 E= -78.9084643737783  delta_E= -4.26e-06  |g|= 0.000572  |ddm|= 0.00623
    CPU time for cycle= 8      0.02 sec, wall time      0.02 sec
diis-norm(errvec)=0.00169387
diis-c [ -1.85610076e-07  -2.93867659e-04   1.20377041e-03  -1.22273788e-04
  -5.23635084e-02   7.26732231e-02  -3.69868883e-02  -2.16960543e-01
   1.23285009e+00]
  HOMO = -0.423721449619839  LUMO = -0.107736337863992
  mo_energy =
[-15.59916045  -7.72148586  -1.07263681  -0.49556859  -0.42372145
  -0.42372145  -0.10773634   0.11271072   0.11271072   0.14732214
   0.16469104   0.25065752   0.25065752   0.45032979   0.52652216
   0.52652216   0.54999863   0.58435252   0.58435252   0.66559264
   0.68965537   0.68965537   0.88926584   1.08078689   1.08078689
   1.08234536   1.19772225   1.36535067   1.36535067   1.63880901
   1.63880901   1.88118441   1.9090965    1.9090965    1.99743581
   1.99743581   2.03597921   2.03597921   2.1296049    2.1296049
   2.22116511   2.42504673   2.42504673   2.43828153   2.8285198
   2.8285198    2.85214983   3.53937216   4.33544677   4.33544677
   4.60145301   4.60145301   5.01551923   5.01551923   5.02291395
   5.02291395   5.29663937   5.34703823   5.34703823   5.62323304
  14.45064803  32.91872605]
E_coul = 41.8940300693321
cycle= 9 E= -78.9084647119061  delta_E= -3.38e-07  |g|= 0.00014  |ddm|= 0.00237
    CPU time for cycle= 9      0.02 sec, wall time      0.02 sec
diis-norm(errvec)=0.000435613
diis-c [ -8.58631496e-09   1.13641195e+00  -6.03471637e-05   1.06980207e-03
  -2.58639924e-03  -1.80563291e-03   1.97538293e-02  -5.33307395e-02
  -9.94524632e-02]
  HOMO = -0.423739500395458  LUMO = -0.107732885331144
  mo_energy =
[-15.59917554  -7.72147125  -1.07266791  -0.49554542  -0.4237395
  -0.4237395   -0.10773289   0.11270361   0.11270361   0.14733332
   0.16469273   0.25065801   0.25065801   0.45031748   0.52653036
   0.52653036   0.55000378   0.58433211   0.58433211   0.66557787
   0.68966095   0.68966095   0.88929243   1.08079375   1.08079375
   1.08234389   1.19771385   1.36532544   1.36532544   1.6387874
   1.6387874    1.88117182   1.90910403   1.90910403   1.99745732
   1.99745732   2.03601033   2.03601033   2.12960143   2.12960143
   2.22118784   2.4250249    2.4250249    2.43824179   2.82850755
   2.82850755   2.85214218   3.53935284   4.33541792   4.33541792
   4.60142249   4.60142249   5.01549236   5.01549236   5.02287553
   5.02287553   5.29660992   5.34698092   5.34698092   5.62318025
  14.45066745  32.91870967]
E_coul = 41.8941703937525
cycle= 10 E= -78.9084647232537  delta_E= -1.13e-08  |g|= 9.63e-06  |ddm|= 0.000314
    CPU time for cycle= 10      0.01 sec, wall time      0.02 sec
diis-norm(errvec)=1.90708e-05
diis-c [ -7.06961711e-11  -2.04388328e-01   1.18656442e+00  -9.04167984e-05
   8.96074103e-04  -1.51587720e-03  -7.88157025e-04   9.13360528e-03
   1.01886785e-02]
  HOMO = -0.423741522884478  LUMO = -0.107733594866712
  mo_energy =
[-15.59917469  -7.72147469  -1.0726692   -0.49554628  -0.42374152
  -0.42374152  -0.10773359   0.11270304   0.11270304   0.14733296
   0.16469239   0.25065708   0.25065708   0.4503178    0.52652936
   0.52652936   0.55000328   0.58433183   0.58433183   0.6655774
   0.68966004   0.68966004   0.8892913    1.08079201   1.08079201
   1.0823426    1.19771312   1.3653241    1.3653241    1.63878618
   1.63878618   1.8811708    1.90910253   1.90910253   1.99745585
   1.99745585   2.03600954   2.03600954   2.12959978   2.12959978
   2.22118699   2.42502376   2.42502376   2.43824106   2.82850606
   2.82850606   2.85214006   3.5393513    4.33541629   4.33541629
   4.60142082   4.60142082   5.01549068   5.01549068   5.02287406
   5.02287406   5.29660805   5.34697902   5.34697902   5.62317828
  14.45066448  32.91871033]
E_coul = 41.8941589564367
cycle= 11 E= -78.9084647232913  delta_E= -3.76e-11  |g|= 3.26e-06  |ddm|= 8.01e-05
    CPU time for cycle= 11      0.02 sec, wall time      0.02 sec
  HOMO = -0.423741893068091  LUMO = -0.10773398608941
  mo_energy =
[-15.59917679  -7.72147331  -1.07266987  -0.495546    -0.42374189
  -0.42374189  -0.10773399   0.11270297   0.11270297   0.14733321
   0.16469242   0.25065726   0.25065726   0.4503174    0.52652961
   0.52652961   0.55000343   0.58433127   0.58433127   0.66557687
   0.68966014   0.68966014   0.8892921    1.08079253   1.08079253
   1.08234246   1.19771308   1.36532332   1.36532332   1.63878563
   1.63878563   1.8811705    1.909103     1.909103     1.9974567
   1.9974567    2.03601033   2.03601033   2.12959987   2.12959987
   2.22118743   2.42502293   2.42502293   2.43823969   2.82850567
   2.82850567   2.85214025   3.53935054   4.33541492   4.33541492
   4.60141965   4.60141965   5.01548963   5.01548963   5.02287242
   5.02287242   5.29660705   5.34697755   5.34697755   5.6231771
  14.45066583  32.91870827]
    CPU time for scf_cycle      0.43 sec, wall time      0.48 sec
    CPU time for SCF      0.43 sec, wall time      0.48 sec
converged SCF energy = -78.9084647232913
RHF E = -78.9084647233
RHF eps = [-15.59917679  -7.72147331  -1.07266987  -0.495546    -0.42374189
  -0.42374189  -0.10773399   0.11270297   0.11270297   0.14733321
   0.16469242   0.25065726   0.25065726   0.4503174    0.52652961
   0.52652961   0.55000343   0.58433127   0.58433127   0.66557687
   0.68966014   0.68966014   0.8892921    1.08079253   1.08079253
   1.08234246   1.19771308   1.36532332   1.36532332   1.63878563
   1.63878563   1.8811705    1.909103     1.909103     1.9974567
   1.9974567    2.03601033   2.03601033   2.12959987   2.12959987
   2.22118743   2.42502293   2.42502293   2.43823969   2.82850567
   2.82850567   2.85214025   3.53935054   4.33541492   4.33541492
   4.60141965   4.60141965   5.01548963   5.01548963   5.02287242
   5.02287242   5.29660705   5.34697755   5.34697755   5.6231771
  14.45066583  32.91870827]
    CPU time for CCSD integral transformation      1.35 sec, wall time      1.42 sec

******** <class 'pyscf.cc.linrccsd.LinRCCSD'> flags ********
CCSD nocc = 4, nvir = 56
frozen orbitals [0, 1]
max_cycle = 50
direct = 0
conv_tol = 1e-07
conv_tol_normt = 1e-05
diis_space = 6
diis_start_cycle = 0
diis_start_energy_diff = 1e+09
Init t2, MP2 energy = -0.339424190152494
    CPU time for init mp2      0.00 sec, wall time      0.00 sec
    CPU time for update t1 t2      0.08 sec, wall time      0.07 sec
istep = 0  E(CCSD) = -0.299233767076745  dE = -0.299233767  norm(t1,t2) = 0.222744
    CPU time for CCSD iter      0.09 sec, wall time      0.07 sec
    CPU time for update t1 t2      0.07 sec, wall time      0.07 sec
DIIS for step 1
istep = 1  E(CCSD) = -0.347653891069981  dE = -0.048420124  norm(t1,t2) = 0.164199
    CPU time for CCSD iter      0.07 sec, wall time      0.07 sec
    CPU time for update t1 t2      0.07 sec, wall time      0.07 sec
diis-c [-0.01340404  1.        ]
DIIS for step 2
istep = 2  E(CCSD) = -0.334976703112782  dE = 0.012677188  norm(t1,t2) = 0.150144
    CPU time for CCSD iter      0.07 sec, wall time      0.08 sec
    CPU time for update t1 t2      0.07 sec, wall time      0.07 sec
diis-c [-0.00631284  0.41350278  0.58649722]
DIIS for step 3
istep = 3  E(CCSD) = -0.347837580196539  dE = -0.0128608771  norm(t1,t2) = 0.135313
    CPU time for CCSD iter      0.08 sec, wall time      0.07 sec
    CPU time for update t1 t2      0.07 sec, wall time      0.07 sec
diis-c [-0.00557807  1.63644239  1.8831016  -2.51954399]
DIIS for step 4
istep = 4  E(CCSD) = -0.327461231344001  dE = 0.0203763489  norm(t1,t2) = 0.117786
    CPU time for CCSD iter      0.07 sec, wall time      0.08 sec
    CPU time for update t1 t2      0.08 sec, wall time      0.07 sec
diis-c [-0.00530927  0.52264305  0.61909842 -1.35384682  1.21210535]
DIIS for step 5
istep = 5  E(CCSD) = -0.325801034084452  dE = 0.00166019726  norm(t1,t2) = 0.106044
    CPU time for CCSD iter      0.08 sec, wall time      0.08 sec
    CPU time for update t1 t2      0.07 sec, wall time      0.08 sec
diis-c [ -1.52851108e-03  -3.47540666e+00  -4.04312179e+00   5.39730835e+00
  -4.45904675e+00   7.58026684e+00]
DIIS for step 6
istep = 6  E(CCSD) = -0.320236315817791  dE = 0.00556471827  norm(t1,t2) = 0.0947655
    CPU time for CCSD iter      0.08 sec, wall time      0.08 sec
    CPU time for update t1 t2      0.07 sec, wall time      0.07 sec
diis-c [ -5.13830565e-04   3.88830680e+00   4.32773608e+00  -5.47683577e+00
   3.42697880e+00  -7.47496350e+00   2.30877758e+00]
DIIS for step 7
istep = 7  E(CCSD) = -0.319665938407631  dE = 0.00057037741  norm(t1,t2) = 0.0387772
    CPU time for CCSD iter      0.07 sec, wall time      0.08 sec
    CPU time for update t1 t2      0.08 sec, wall time      0.07 sec
diis-c [ -2.02303579e-04   1.47922397e+00   4.27951335e-02  -1.30547747e-01
   6.27989449e-01  -6.11613178e-01  -4.07847628e-01]
DIIS for step 8
istep = 8  E(CCSD) = -0.321672694226978  dE = -0.00200675582  norm(t1,t2) = 0.0226949
    CPU time for CCSD iter      0.08 sec, wall time      0.08 sec
    CPU time for update t1 t2      0.07 sec, wall time      0.07 sec
diis-c [ -1.16027079e-04   2.38899701e-01   9.48315920e-01  -1.08268286e-01
   2.92871278e-01  -1.55317422e-01  -2.16501191e-01]
DIIS for step 9
istep = 9  E(CCSD) = -0.319824156215311  dE = 0.00184853801  norm(t1,t2) = 0.0138643
    CPU time for CCSD iter      0.07 sec, wall time      0.08 sec
    CPU time for update t1 t2      0.08 sec, wall time      0.07 sec
diis-c [ -6.02473640e-05  -4.21755877e-01  -5.78013427e-01   1.91742306e+00
   1.84810536e-01  -1.94235793e-01   9.17714962e-02]
DIIS for step 10
istep = 10  E(CCSD) = -0.320884843706199  dE = -0.00106068749  norm(t1,t2) = 0.0106552
    CPU time for CCSD iter      0.08 sec, wall time      0.08 sec
    CPU time for update t1 t2      0.08 sec, wall time      0.07 sec
diis-c [ -3.32176504e-05  -4.29465659e-01  -1.05434285e+00   7.72405488e-01
   1.42954371e+00  -5.18478279e-02   3.33707135e-01]
DIIS for step 11
istep = 11  E(CCSD) = -0.319364969165236  dE = 0.00151987454  norm(t1,t2) = 0.0102746
    CPU time for CCSD iter      0.08 sec, wall time      0.08 sec
    CPU time for update t1 t2      0.07 sec, wall time      0.07 sec
diis-c [ -1.57685194e-05   2.56725646e-01   3.00698278e-01  -9.41329584e-01
  -1.55909740e-01   1.61611613e+00  -7.63007294e-02]
DIIS for step 12
istep = 12  E(CCSD) = -0.318778817015153  dE = 0.00058615215  norm(t1,t2) = 0.00562886
    CPU time for CCSD iter      0.07 sec, wall time      0.08 sec
    CPU time for update t1 t2      0.08 sec, wall time      0.07 sec
diis-c [ -8.76049580e-06   4.00907113e-03  -6.34929544e-02   1.50715556e-02
   5.40091213e-01  -1.35742879e+00   1.86174991e+00]
DIIS for step 13
istep = 13  E(CCSD) = -0.319147951485611  dE = -0.00036913447  norm(t1,t2) = 0.00489067
    CPU time for CCSD iter      0.08 sec, wall time      0.08 sec
    CPU time for update t1 t2      0.07 sec, wall time      0.07 sec
diis-c [ -6.91710896e-06   1.01528706e+00  -1.13939373e-01  -3.53607749e-04
   5.24552004e-01  -8.56531703e-01   4.30985624e-01]
DIIS for step 14
istep = 14  E(CCSD) = -0.319287170471462  dE = -0.000139218986  norm(t1,t2) = 0.0044385
    CPU time for CCSD iter      0.08 sec, wall time      0.08 sec
    CPU time for update t1 t2      0.07 sec, wall time      0.07 sec
diis-c [ -6.68807323e-06  -3.02488128e-01   1.15811347e+00  -5.55778202e-02
   2.68604752e-01  -3.95456193e-01   3.26803916e-01]
DIIS for step 15
istep = 15  E(CCSD) = -0.319433255325046  dE = -0.000146084854  norm(t1,t2) = 0.00393873
    CPU time for CCSD iter      0.07 sec, wall time      0.08 sec
    CPU time for update t1 t2      0.08 sec, wall time      0.07 sec
diis-c [ -6.61813043e-06  -4.11629364e-01   2.65812030e+00  -1.24931438e+00
   2.53831884e-01  -3.74516271e-01   1.23507825e-01]
DIIS for step 16
istep = 16  E(CCSD) = -0.319497833279498  dE = -6.45779545e-05  norm(t1,t2) = 0.00398174
    CPU time for CCSD iter      0.08 sec, wall time      0.07 sec
    CPU time for update t1 t2      0.07 sec, wall time      0.07 sec
diis-c [ -5.44538834e-06  -1.42295964e+00   3.72318409e+00  -6.40273092e+00
   4.96875075e+00  -2.46370412e-02   1.58392757e-01]
DIIS for step 17
istep = 17  E(CCSD) = -0.319638972335099  dE = -0.000141139056  norm(t1,t2) = 0.00387051
    CPU time for CCSD iter      0.07 sec, wall time      0.07 sec
    CPU time for update t1 t2      0.08 sec, wall time      0.08 sec
diis-c [ -2.05413439e-06  -2.24915307e+00  -2.38825702e+00   6.12246777e+00
  -7.06721904e+00   5.59278018e+00   9.89381183e-01]
DIIS for step 18
istep = 18  E(CCSD) = -0.320642892107643  dE = -0.00100391977  norm(t1,t2) = 0.0034194
    CPU time for CCSD iter      0.08 sec, wall time      0.08 sec
    CPU time for update t1 t2      0.07 sec, wall time      0.08 sec
diis-c [ -6.53993377e-07   1.87568159e-01   3.60311646e-01   2.14024565e+00
  -3.27468782e+00   2.45179563e-01   1.34138280e+00]
DIIS for step 19
istep = 19  E(CCSD) = -0.320697115519221  dE = -5.42234116e-05  norm(t1,t2) = 0.00142609
    CPU time for CCSD iter      0.08 sec, wall time      0.08 sec
    CPU time for update t1 t2      0.07 sec, wall time      0.08 sec
diis-c [ -1.49889033e-07   1.41389914e+00   1.08797930e-01   1.10171874e-01
  -9.29162377e-02  -1.88816298e-01  -3.51136403e-01]
DIIS for step 20
istep = 20  E(CCSD) = -0.320801669892559  dE = -0.000104554373  norm(t1,t2) = 0.000649624
    CPU time for CCSD iter      0.07 sec, wall time      0.08 sec
    CPU time for update t1 t2      0.08 sec, wall time      0.08 sec
diis-c [ -4.84881697e-08  -1.34745082e-02   1.22191446e+00  -2.35218926e-01
   2.65761806e-01   5.66239452e-02  -2.95606772e-01]
DIIS for step 21
istep = 21  E(CCSD) = -0.320755038631501  dE = 4.66312611e-05  norm(t1,t2) = 0.000387066
    CPU time for CCSD iter      0.08 sec, wall time      0.08 sec
    CPU time for update t1 t2      0.08 sec, wall time      0.08 sec
diis-c [ -1.73049355e-08  -4.21534768e-01  -4.61328210e-01   1.67445266e+00
   5.27386878e-02  -1.08930398e-01   2.64602024e-01]
DIIS for step 22
istep = 22  E(CCSD) = -0.320788541516229  dE = -3.35028847e-05  norm(t1,t2) = 0.000205242
    CPU time for CCSD iter      0.08 sec, wall time      0.08 sec
    CPU time for update t1 t2      0.08 sec, wall time      0.08 sec
diis-c [ -6.13996767e-09   9.25207548e-02   8.80323758e-02  -1.08681385e+00
   1.91858102e+00  -9.13273036e-03  -3.18756980e-03]
DIIS for step 23
istep = 23  E(CCSD) = -0.320834529357337  dE = -4.59878411e-05  norm(t1,t2) = 0.000119863
    CPU time for CCSD iter      0.08 sec, wall time      0.08 sec
    CPU time for update t1 t2      0.08 sec, wall time      0.08 sec
diis-c [ -3.75855014e-09   7.03823072e-02   2.46710543e-02  -5.09014309e-01
   6.85790052e-01   7.52643051e-01  -2.44721561e-02]
DIIS for step 24
istep = 24  E(CCSD) = -0.320842172797629  dE = -7.64344029e-06  norm(t1,t2) = 9.45225e-05
    CPU time for CCSD iter      0.08 sec, wall time      0.08 sec
    CPU time for update t1 t2      0.08 sec, wall time      0.08 sec
diis-c [ -2.77100640e-09   2.26743258e-02  -3.81715690e-02   7.67776727e-02
  -9.96125609e-02  -8.60947185e-01   1.89927932e+00]
DIIS for step 25
istep = 25  E(CCSD) = -0.320850911319876  dE = -8.73852225e-06  norm(t1,t2) = 7.90505e-05
    CPU time for CCSD iter      0.08 sec, wall time      0.08 sec
    CPU time for update t1 t2      0.07 sec, wall time      0.08 sec
diis-c [ -2.61701652e-09   1.45992878e+00  -4.18078930e-02  -2.55221216e-02
   3.18116592e-01  -4.09213491e-01  -3.01501865e-01]
DIIS for step 26
istep = 26  E(CCSD) = -0.320850165423862  dE = 7.45896015e-07  norm(t1,t2) = 7.66219e-05
    CPU time for CCSD iter      0.07 sec, wall time      0.08 sec
    CPU time for update t1 t2      0.08 sec, wall time      0.08 sec
diis-c [ -2.61486993e-09   5.63979260e-01   6.09422466e-01  -1.09603015e-01
   3.24968776e-01  -2.14346337e-01  -1.74421151e-01]
DIIS for step 27
istep = 27  E(CCSD) = -0.320849789003515  dE = 3.76420347e-07  norm(t1,t2) = 7.24186e-05
    CPU time for CCSD iter      0.08 sec, wall time      0.08 sec
    CPU time for update t1 t2      0.08 sec, wall time      0.07 sec
diis-c [ -2.25938721e-09   4.51473300e-01   1.31686198e+01  -1.21585171e+01
   2.32519627e-01  -3.95964871e-01  -2.98130698e-01]
DIIS for step 28
istep = 28  E(CCSD) = -0.3208467661223  dE = 3.02288121e-06  norm(t1,t2) = 7.33647e-05
    CPU time for CCSD iter      0.08 sec, wall time      0.08 sec
    CPU time for update t1 t2      0.07 sec, wall time      0.07 sec
diis-c [ -1.86013471e-09  -1.45767362e+00   1.07737397e+01  -1.11484911e+01
   2.35784570e+00  -1.68192444e-01   6.42771710e-01]
DIIS for step 29
istep = 29  E(CCSD) = -0.320845923933009  dE = 8.42189291e-07  norm(t1,t2) = 6.9073e-05
    CPU time for CCSD iter      0.08 sec, wall time      0.08 sec
    CPU time for update t1 t2      0.07 sec, wall time      0.07 sec
diis-c [ -1.24491023e-09  -8.29276987e-01  -6.84053071e+00   6.76698120e+00
  -9.55154664e-01   2.48246226e+00   3.75518903e-01]
DIIS for step 30
istep = 30  E(CCSD) = -0.320838983809949  dE = 6.94012306e-06  norm(t1,t2) = 5.7665e-05
    CPU time for CCSD iter      0.07 sec, wall time      0.08 sec
    CPU time for update t1 t2      0.07 sec, wall time      0.07 sec
diis-c [ -4.58081323e-10   6.07278616e-01  -1.74852100e+01   1.80795275e+01
  -3.98660401e+00   2.69747546e+00   1.08753240e+00]
DIIS for step 31
istep = 31  E(CCSD) = -0.320832635098383  dE = 6.34871157e-06  norm(t1,t2) = 4.90795e-05
    CPU time for CCSD iter      0.09 sec, wall time      0.08 sec
    CPU time for update t1 t2      0.07 sec, wall time      0.08 sec
diis-c [ -1.07305775e-10   2.07842008e+00   1.74534887e+01  -1.80464647e+01
   3.26586883e+00  -3.02865479e+00  -7.22658101e-01]
DIIS for step 32
istep = 32  E(CCSD) = -0.320833018663404  dE = -3.8356502e-07  norm(t1,t2) = 2.13743e-05
    CPU time for CCSD iter      0.07 sec, wall time      0.08 sec
    CPU time for update t1 t2      0.08 sec, wall time      0.08 sec
diis-c [ -4.34980663e-11   9.80647574e-02   1.08374810e+00   2.57198003e-03
   2.47772585e-01  -3.34047880e-01  -9.81095376e-02]
DIIS for step 33
istep = 33  E(CCSD) = -0.32083157554539  dE = 1.44311801e-06  norm(t1,t2) = 1.06933e-05
    CPU time for CCSD iter      0.08 sec, wall time      0.08 sec
    CPU time for update t1 t2      0.08 sec, wall time      0.08 sec
diis-c [ -1.23841215e-11  -1.30510500e-01  -9.77572935e-03   1.10408934e+00
   2.40726818e-02   1.59543066e-02  -3.83010122e-03]
DIIS for step 34
istep = 34  E(CCSD) = -0.320832347545169  dE = -7.71999779e-07  norm(t1,t2) = 5.14086e-06
    CPU time for CCSD iter      0.08 sec, wall time      0.08 sec
    CPU time for update t1 t2      0.08 sec, wall time      0.08 sec
diis-c [ -3.76632059e-12   7.20537184e-02  -3.79757466e-01   1.40594815e-01
   1.17853751e+00  -1.88376458e-02   7.40906560e-03]
DIIS for step 35
istep = 35  E(CCSD) = -0.32083217264266  dE = 1.7490251e-07  norm(t1,t2) = 4.05259e-06
    CPU time for CCSD iter      0.08 sec, wall time      0.08 sec
    CPU time for update t1 t2      0.08 sec, wall time      0.08 sec
diis-c [ -3.10046433e-12   3.24693785e-02  -1.21250206e-01  -7.37641445e-03
   3.20263259e-01   7.77193175e-01  -1.29919209e-03]
DIIS for step 36
istep = 36  E(CCSD) = -0.320832209817674  dE = -3.7175014e-08  norm(t1,t2) = 2.55167e-06
    CPU time for CCSD iter      0.08 sec, wall time      0.08 sec
    CPU time for CCSD      2.86 sec, wall time      2.85 sec
CCSD converged
E(linCCSD) = -79.229296933109  E_corr = -0.3208322098176738
    CPU time for EOM-CCSD shared one-electron intermediates      0.01 sec, wall time      0.01 sec
    CPU time for EOM-CCSD IP intermediates      0.02 sec, wall time      0.02 sec
tol 1e-07  toloose 0.000316228
max_cycle 50  max_space 38  max_memory 2000  incore True
davidson 0 6  |r|= 0.384  e= [  0.49473742   0.49473742   0.58055108   1.09882581  33.76619473
  15.29814597]  max|de|= 33.8  lindep= 6.38e-05
davidson 1 11  |r|= 0.25  e= [  0.49473742   0.42822858   0.46167893   0.97165546  33.7661946
  15.29814571]  max|de|= -0.127  lindep= 2.39e-06
root 5 converged  |r|= 7.55e-07  e= 15.2981457123  max|de|= 7.89e-11
davidson 2 17  |r|= 0.0475  e= [  0.42822858   0.42826828   0.4552721    0.92476402  33.76619486
  15.29814571]  max|de|= -0.0665  lindep= 0.592
root 1 converged  |r|= 2.93e-08  e= 0.428268292869  max|de|= 1.32e-08
root 4 converged  |r|= 1.03e-07  e= 33.766194862  max|de|= 3.55e-14
davidson 3 21  |r|= 0.00331  e= [  0.42826828   0.42826829   0.45526798   0.92564986  33.76619486
  15.29814623]  max|de|= 0.000886  lindep= 0.863
root 0 converged  |r|= 1.01e-09  e= 0.428268293025  max|de|= 1.32e-08
davidson 4 24  |r|= 0.000209  e= [  0.42826829   0.42826829   0.45526777   0.92541492  33.76619486
  15.29814623]  max|de|= -0.000235  lindep= 0.0445
davidson 5 25  |r|= 1.12e-06  e= [  0.42826829   0.42826829  33.7661946   15.29814571   0.45526777
   0.92542866]  max|de|= -33.3  lindep= 0.000838
root 3 converged  |r|= 3.25e-09  e= 15.2981457123  max|de|= 4.44e-14
davidson 6 27  |r|= 8.45e-08  e= [  0.42826829   0.42826829  33.76619486  15.29814571   0.45526777
   0.92542866]  max|de|= 2.61e-07  lindep=    1
Linear dependency in trial subspace. |r| for each state [0, 0, 8.4489517554720255e-08, 3.2462724642709945e-09, 0, 0]
IP root 0 E = 0.4282682930252366  qpwt = 0.473791
IP root 1 E = 0.4282682930252366  qpwt = 0.473791
IP root 2 E = 33.76619486200701  qpwt = 1.54175e-08
IP root 3 E = 15.29814571226657  qpwt = 3.88865e-21
IP root 4 E = 0.45526776762261  qpwt = 0.887782
IP root 5 E = 0.9254286634987809  qpwt = 0.802773
    CPU time for IP-CCSD      0.09 sec, wall time      0.09 sec
    CPU time for EOM-CCSD shared one-electron intermediates      0.01 sec, wall time      0.01 sec
    CPU time for EOM-CCSD EA intermediates      0.91 sec, wall time      0.91 sec
tol 1e-07  toloose 0.000316228
max_cycle 50  max_space 38  max_memory 2000  incore True
davidson 0 6  |r|= 0.333  e= [-0.08513295  0.14758692  0.15409249  0.1490386   0.16889284  0.27810567]  max|de|= 0.278  lindep=    1
davidson 1 12  |r|= 0.125  e= [-0.14333865  0.10138259  0.1156086   0.12642297  0.14822767  0.23342811]  max|de|= -0.0582  lindep= 0.167
davidson 2 18  |r|= 0.0318  e= [-0.14496175  0.09984036  0.09905852  0.12498474  0.1466327   0.23797407]  max|de|= -0.0166  lindep= 0.781
davidson 3 24  |r|= 0.00837  e= [-0.1448487   0.09955349  0.09921981  0.12492484  0.1465689   0.23771928]  max|de|= -0.000287  lindep= 0.799
davidson 4 30  |r|= 0.00246  e= [-0.14486835  0.09957329  0.09953714  0.12493169  0.14659424  0.23779571]  max|de|= 0.000317  lindep= 0.678
davidson 5 36  |r|= 0.000538  e= [-0.14486784  0.0995713   0.09958626  0.12493401  0.14658718  0.23777789]  max|de|= 4.91e-05  lindep= 0.711
root 0 converged  |r|= 1.53e-05  e= -0.144867839688  max|de|= -1.94e-16
root 1 converged  |r|= 2.27e-05  e= 0.0995712958511  max|de|= -6.94e-17
root 3 converged  |r|= 2.94e-05  e= 0.124934011464  max|de|= -5.97e-16
root 4 converged  |r|= 6.96e-05  e= 0.146587178539  max|de|=    0
root 5 converged  |r|= 6.76e-05  e= 0.237777885594  max|de|= -2.22e-16
davidson 6 6  |r|= 0.000538  e= [-0.14486784  0.0995713   0.09958626  0.12493401  0.14658718  0.23777789]  max|de|= -5.97e-16  lindep= 0.981
davidson 7 7  |r|= 0.000155  e= [-0.14486784  0.0995713   0.09956767  0.12493401  0.14658718  0.23777789]  max|de|= -1.86e-05  lindep= 0.839
davidson 8 8  |r|= 6.5e-05  e= [-0.14486784  0.0995713   0.0995647   0.12493401  0.14658718  0.23777789]  max|de|= -2.96e-06  lindep=  0.8
davidson 9 9  |r|= 2.53e-05  e= [-0.14486784  0.0995713   0.09956903  0.12493401  0.14658718  0.23777789]  max|de|= 4.33e-06  lindep= 0.652
davidson 10 10  |r|= 3.42e-06  e= [-0.14486784  0.0995713   0.09957127  0.12493401  0.14658718  0.23777789]  max|de|= 2.24e-06  lindep= 0.859
davidson 11 11  |r|= 1.44e-06  e= [-0.14486784  0.0995713   0.09957137  0.12493401  0.14658718  0.23777785]  max|de|= 1.03e-07  lindep= 0.921
root 2 converged  |r|= 2.58e-07  e= 0.0995713668011  max|de|= -7.45e-09
converge 12 12  |r|= 2.58e-07  e= [-0.14486784  0.09957126  0.09957137  0.12493401  0.14658718  0.23777731]  max|de|= -5.44e-07
EA root 0 E = -0.1448678396877785  qpwt = 0.949382
EA root 1 E = 0.0995712588179964  qpwt = 0.758257
EA root 2 E = 0.09957136680112653  qpwt = 0.758256
EA root 3 E = 0.1249340114644842  qpwt = 0.974481
EA root 4 E = 0.1465871785385472  qpwt = 0.985871
EA root 5 E = 0.2377773091302025  qpwt = 0.175797
    CPU time for EA-CCSD      1.47 sec, wall time      1.47 sec
