

******** <class 'pyscf.scf.hf.RHF'> flags ********
method = RHF
initial guess = minao
damping factor = 0
level shift factor = 0
Do DIIS = True
DIIS start cycle = 1
DIIS space = 8
SCF tol = 1e-09
SCF gradient tol = None
max. SCF cycles = 50
direct_scf = True
direct_scf_tol = 1e-13
chkfile to save SCF result = /tmp/tmp_zPNJD
max_memory 4000 MB (current use 39 MB)
Set gradient conv threshold to 3.16228e-05
Nelec from initial guess = 53.9931
cond(S) = 198.142872438
E_coul = 1360.62766582321
init E= -3170.36968987835
    CPU time for initialize scf      1.20 sec, wall time      1.30 sec
  HOMO = -0.406235786706397  LUMO = -0.0467426107147358
  mo_energy =
[ -4.89907773e+02  -1.33501817e+02  -6.51219053e+01  -5.84610386e+01
  -5.84609250e+01  -5.84609250e+01  -1.44696630e+01  -1.14971282e+01
  -1.14970898e+01  -1.14970898e+01  -9.85744799e+00  -7.45405765e+00
  -7.45285823e+00  -7.45285823e+00  -3.18999353e+00  -3.18963020e+00
  -3.18963020e+00  -3.18871839e+00  -3.18871839e+00  -1.74725688e+00
  -1.04226603e+00  -9.49092036e-01  -9.49092036e-01  -9.41568196e-01
  -4.09492522e-01  -4.06235787e-01  -4.06235787e-01  -4.67426107e-02
   7.07323210e-02   7.07323210e-02   7.60173190e-02   9.00693484e-02
   1.36631424e-01   1.36631424e-01   1.53948869e-01   1.53948869e-01
   1.76594940e-01   3.44893686e-01   3.46906906e-01   3.46906906e-01
   3.97396137e-01   3.97396137e-01   4.16033769e-01   4.16033769e-01
   4.21510511e-01   4.39045162e-01   4.39045162e-01   4.84602228e-01
   5.14828322e-01   5.14828322e-01   8.19951744e-01   8.19951744e-01
   8.33563281e-01   1.05513079e+00   1.20160554e+00   1.40526366e+00
   1.40526366e+00   1.40611101e+00   1.40611101e+00   1.43956738e+00
   1.56066565e+00   1.56066565e+00   1.59877528e+00   1.59877528e+00
   1.65720269e+00   1.76469231e+00   1.76469231e+00   1.76770876e+00
   1.76770876e+00   1.80837487e+00   1.80837487e+00   1.87902444e+00
   1.89500047e+00   1.89500047e+00   2.01169953e+00   4.40214626e+00
   4.40214626e+00   4.44017546e+00   4.44017546e+00   4.47904894e+00
   7.82602350e+00]
E_coul = 1368.15056846127
cycle= 1 E= -3171.63447911983  delta_E= -1.26  |g|= 0.255  |ddm|= 1.11
    CPU time for cycle= 1      0.03 sec, wall time      0.04 sec
diis-norm(errvec)=0.441472
diis-c [-0.19489727  1.        ]
  HOMO = -0.257324488559843  LUMO = -0.0150446973496711
  mo_energy =
[ -4.89746077e+02  -1.33562920e+02  -6.48983639e+01  -5.82513131e+01
  -5.82512443e+01  -5.82512443e+01  -1.45177709e+01  -1.15476964e+01
  -1.15476964e+01  -1.15471633e+01  -9.57442273e+00  -7.18199330e+00
  -7.18126697e+00  -7.18126697e+00  -2.92122236e+00  -2.92098292e+00
  -2.92098292e+00  -2.92042014e+00  -2.92042014e+00  -1.77358079e+00
  -9.81085674e-01  -9.81085674e-01  -9.79926765e-01  -7.92730193e-01
  -2.65951757e-01  -2.57324489e-01  -2.57324489e-01  -1.50446973e-02
   5.26542179e-02   5.26542179e-02   6.51131306e-02   9.09655677e-02
   1.23082884e-01   1.23082884e-01   1.61924181e-01   1.61924181e-01
   2.25350148e-01   3.69879155e-01   3.69879155e-01   3.70302921e-01
   3.70302921e-01   3.78016155e-01   5.15504758e-01   5.25424004e-01
   5.25424004e-01   5.96283529e-01   6.02227335e-01   6.02227335e-01
   6.34603489e-01   6.34603489e-01   8.09682353e-01   8.09682353e-01
   8.92406224e-01   1.11467030e+00   1.27806230e+00   1.37415255e+00
   1.37415255e+00   1.39197252e+00   1.39197252e+00   1.45622034e+00
   1.77820360e+00   1.77820360e+00   1.81165560e+00   1.81165560e+00
   1.85786170e+00   2.00108101e+00   2.00108101e+00   2.00502981e+00
   2.00502981e+00   2.03353864e+00   2.03353864e+00   2.10087890e+00
   2.11427893e+00   2.11427893e+00   2.20485442e+00   4.65533912e+00
   4.65533912e+00   4.69236895e+00   4.69236895e+00   4.73131055e+00
   8.09694458e+00]
E_coul = 1362.83866255743
cycle= 2 E= -3171.65898593309  delta_E= -0.0245  |g|= 0.11  |ddm|= 0.501
    CPU time for cycle= 2      0.04 sec, wall time      0.04 sec
diis-norm(errvec)=0.174298
diis-c [-0.01664459  0.21727411  0.78272589]
  HOMO = -0.310718721398863  LUMO = -0.00981813769331876
  mo_energy =
[ -4.89909609e+02  -1.33538854e+02  -6.50501981e+01  -5.84049612e+01
  -5.84049354e+01  -5.84049354e+01  -1.44966121e+01  -1.15262634e+01
  -1.15262634e+01  -1.15259747e+01  -9.71119828e+00  -7.31897861e+00
  -7.31848799e+00  -7.31848799e+00  -3.05904129e+00  -3.05887240e+00
  -3.05887240e+00  -3.05852977e+00  -3.05852977e+00  -1.75866558e+00
  -9.69977933e-01  -9.67281807e-01  -9.67281807e-01  -8.55976718e-01
  -3.20729434e-01  -3.10718721e-01  -3.10718721e-01  -9.81813769e-03
   5.84408935e-02   5.84408935e-02   6.96412701e-02   9.44740939e-02
   1.26930617e-01   1.26930617e-01   1.61842454e-01   1.61842454e-01
   2.15390507e-01   3.73924238e-01   3.73924238e-01   3.79325531e-01
   3.79325531e-01   3.81139312e-01   4.92228379e-01   5.00410359e-01
   5.00410359e-01   5.61835143e-01   5.61835143e-01   5.63412699e-01
   6.03834739e-01   6.03834739e-01   8.14315335e-01   8.14315335e-01
   8.88074342e-01   1.09632264e+00   1.25671499e+00   1.38708318e+00
   1.38708318e+00   1.40126077e+00   1.40126077e+00   1.45490705e+00
   1.71343240e+00   1.71343240e+00   1.74980069e+00   1.74980069e+00
   1.79997178e+00   1.93063124e+00   1.93063124e+00   1.93449212e+00
   1.93449212e+00   1.96422679e+00   1.96422679e+00   2.02825619e+00
   2.04276952e+00   2.04276952e+00   2.14300322e+00   4.55777698e+00
   4.55777698e+00   4.59559852e+00   4.59559852e+00   4.63443477e+00
   7.98326077e+00]
E_coul = 1364.63397465197
cycle= 3 E= -3171.66086904582  delta_E= -0.00188  |g|= 0.0334  |ddm|= 0.106
    CPU time for cycle= 3      0.04 sec, wall time      0.04 sec
diis-norm(errvec)=0.0382151
diis-c [ -4.74044870e-04   1.67875478e-02   1.62658846e-01   8.20553606e-01]
  HOMO = -0.312995256189874  LUMO = -0.00886590469745116
  mo_energy =
[ -4.89882054e+02  -1.33538766e+02  -6.50261217e+01  -5.83803016e+01
  -5.83803016e+01  -5.83802916e+01  -1.44960611e+01  -1.15257678e+01
  -1.15257678e+01  -1.15255483e+01  -9.70156625e+00  -7.30961049e+00
  -7.30928312e+00  -7.30928312e+00  -3.05024406e+00  -3.05012254e+00
  -3.05012254e+00  -3.04992472e+00  -3.04992472e+00  -1.75720367e+00
  -9.68954973e-01  -9.65968569e-01  -9.65968569e-01  -8.57838779e-01
  -3.23485377e-01  -3.12995256e-01  -3.12995256e-01  -8.86590470e-03
   5.94648625e-02   5.94648625e-02   7.04941332e-02   9.52027914e-02
   1.27585440e-01   1.27585440e-01   1.62286331e-01   1.62286331e-01
   2.14811704e-01   3.74627088e-01   3.74627088e-01   3.80502594e-01
   3.80502594e-01   3.81760409e-01   4.90970954e-01   4.98881913e-01
   4.98881913e-01   5.59327263e-01   5.59327263e-01   5.61678757e-01
   6.02333983e-01   6.02333983e-01   8.15298340e-01   8.15298340e-01
   8.88698751e-01   1.09667912e+00   1.25617526e+00   1.38838384e+00
   1.38838384e+00   1.40230990e+00   1.40230990e+00   1.45534600e+00
   1.71089516e+00   1.71089516e+00   1.74754231e+00   1.74754231e+00
   1.79767816e+00   1.92705433e+00   1.92705433e+00   1.93066243e+00
   1.93066243e+00   1.96097236e+00   1.96097236e+00   2.02637380e+00
   2.04156085e+00   2.04156085e+00   2.14122714e+00   4.55776369e+00
   4.55776369e+00   4.59588824e+00   4.59588824e+00   4.63474249e+00
   7.98742300e+00]
E_coul = 1364.33243098044
cycle= 4 E= -3171.66095983953  delta_E= -9.08e-05  |g|= 0.00456  |ddm|= 0.0186
    CPU time for cycle= 4      0.04 sec, wall time      0.04 sec
diis-norm(errvec)=0.00732263
diis-c [ -1.25032814e-05  -1.51525659e-02  -4.74449784e-02  -5.18647129e-02
   1.11446226e+00]
  HOMO = -0.313331327028925  LUMO = -0.00854041020579267
  mo_energy =
[ -4.89886848e+02  -1.33539228e+02  -6.50298100e+01  -5.83842243e+01
  -5.83842243e+01  -5.83841874e+01  -1.44962592e+01  -1.15259960e+01
  -1.15259960e+01  -1.15258055e+01  -9.70292696e+00  -7.31103997e+00
  -7.31081065e+00  -7.31081065e+00  -3.05174096e+00  -3.05165223e+00
  -3.05165223e+00  -3.05154994e+00  -3.05154994e+00  -1.75680137e+00
  -9.68640307e-01  -9.65613658e-01  -9.65613658e-01  -8.58161398e-01
  -3.24172371e-01  -3.13331327e-01  -3.13331327e-01  -8.54041021e-03
   5.98259387e-02   5.98259387e-02   7.07665905e-02   9.54936932e-02
   1.27845989e-01   1.27845989e-01   1.62503095e-01   1.62503095e-01
   2.14726142e-01   3.74933941e-01   3.74933941e-01   3.80906083e-01
   3.80906083e-01   3.82031476e-01   4.90655319e-01   4.98524284e-01
   4.98524284e-01   5.58900067e-01   5.58900067e-01   5.61492671e-01
   6.02166290e-01   6.02166290e-01   8.15672301e-01   8.15672301e-01
   8.88834236e-01   1.09677607e+00   1.25622672e+00   1.38874992e+00
   1.38874992e+00   1.40263302e+00   1.40263302e+00   1.45561970e+00
   1.71036497e+00   1.71036497e+00   1.74712370e+00   1.74712370e+00
   1.79728488e+00   1.92668910e+00   1.92668910e+00   1.93013023e+00
   1.93013023e+00   1.96075218e+00   1.96075218e+00   2.02603507e+00
   2.04096588e+00   2.04096588e+00   2.14104853e+00   4.55695461e+00
   4.55695461e+00   4.59526690e+00   4.59526690e+00   4.63415636e+00
   7.98653278e+00]
E_coul = 1364.36090676117
cycle= 5 E= -3171.66096810246  delta_E= -8.26e-06  |g|= 0.000898  |ddm|= 0.0079
    CPU time for cycle= 5      0.04 sec, wall time      0.04 sec
diis-norm(errvec)=0.0015936
diis-c [ -6.26278368e-07   2.68879560e-03   1.03367684e-02  -2.50033013e-02
  -2.18799330e-01   1.23077707e+00]
  HOMO = -0.313051913798398  LUMO = -0.00850793307464182
  mo_energy =
[ -4.89885859e+02  -1.33538971e+02  -6.50289901e+01  -5.83833739e+01
  -5.83833739e+01  -5.83833284e+01  -1.44960652e+01  -1.15257965e+01
  -1.15257965e+01  -1.15256066e+01  -9.70232650e+00  -7.31040729e+00
  -7.31019361e+00  -7.31019361e+00  -3.05108891e+00  -3.05100772e+00
  -3.05100772e+00  -3.05092748e+00  -3.05092748e+00  -1.75669478e+00
  -9.68521781e-01  -9.65519412e-01  -9.65519412e-01  -8.57891268e-01
  -3.24041008e-01  -3.13051914e-01  -3.13051914e-01  -8.50793307e-03
   5.98589690e-02   5.98589690e-02   7.07949278e-02   9.55272287e-02
   1.27874240e-01   1.27874240e-01   1.62544338e-01   1.62544338e-01
   2.14769495e-01   3.75006495e-01   3.75006495e-01   3.80960660e-01
   3.80960660e-01   3.82102767e-01   4.90696326e-01   4.98604162e-01
   4.98604162e-01   5.59061534e-01   5.59061534e-01   5.61625599e-01
   6.02307186e-01   6.02307186e-01   8.15752563e-01   8.15752563e-01
   8.88974195e-01   1.09693637e+00   1.25635736e+00   1.38883468e+00
   1.38883468e+00   1.40273015e+00   1.40273015e+00   1.45571930e+00
   1.71062308e+00   1.71062308e+00   1.74739388e+00   1.74739388e+00
   1.79755500e+00   1.92697677e+00   1.92697677e+00   1.93039805e+00
   1.93039805e+00   1.96103936e+00   1.96103936e+00   2.02631119e+00
   2.04125295e+00   2.04125295e+00   2.14131423e+00   4.55735338e+00
   4.55735338e+00   4.59569584e+00   4.59569584e+00   4.63459012e+00
   7.98702366e+00]
E_coul = 1364.35282307597
cycle= 6 E= -3171.66096854613  delta_E= -4.44e-07  |g|= 0.000135  |ddm|= 0.00213
    CPU time for cycle= 6      0.04 sec, wall time      0.04 sec
diis-norm(errvec)=0.000283151
diis-c [ -4.32288363e-08   3.10280030e-04   1.06057409e-03   5.92872233e-03
  -2.80797497e-02  -1.58855358e-01   1.17963553e+00]
  HOMO = -0.313044994445949  LUMO = -0.0085188999400533
  mo_energy =
[ -4.89885843e+02  -1.33539063e+02  -6.50289824e+01  -5.83833649e+01
  -5.83833649e+01  -5.83833174e+01  -1.44961380e+01  -1.15258718e+01
  -1.15258718e+01  -1.15256812e+01  -9.70234834e+00  -7.31042338e+00
  -7.31021554e+00  -7.31021554e+00  -3.05110179e+00  -3.05102355e+00
  -3.05102355e+00  -3.05095185e+00  -3.05095185e+00  -1.75673822e+00
  -9.68563531e-01  -9.65560604e-01  -9.65560604e-01  -8.57900273e-01
  -3.24068096e-01  -3.13044994e-01  -3.13044994e-01  -8.51889994e-03
   5.98471439e-02   5.98471439e-02   7.07836571e-02   9.55174792e-02
   1.27865032e-01   1.27865032e-01   1.62541590e-01   1.62541590e-01
   2.14770179e-01   3.74985493e-01   3.74985493e-01   3.80936653e-01
   3.80936653e-01   3.82083070e-01   4.90696315e-01   4.98616325e-01
   4.98616325e-01   5.59064245e-01   5.59064245e-01   5.61627661e-01
   6.02307742e-01   6.02307742e-01   8.15727525e-01   8.15727525e-01
   8.88946779e-01   1.09691583e+00   1.25634414e+00   1.38879744e+00
   1.38879744e+00   1.40269433e+00   1.40269433e+00   1.45569214e+00
   1.71061995e+00   1.71061995e+00   1.74738687e+00   1.74738687e+00
   1.79754338e+00   1.92697331e+00   1.92697331e+00   1.93038748e+00
   1.93038748e+00   1.96104229e+00   1.96104229e+00   2.02632207e+00
   2.04125267e+00   2.04125267e+00   2.14130908e+00   4.55733423e+00
   4.55733423e+00   4.59568649e+00   4.59568649e+00   4.63458475e+00
   7.98700631e+00]
E_coul = 1364.35304262754
cycle= 7 E= -3171.66096856795  delta_E= -2.18e-08  |g|= 4.28e-05  |ddm|= 0.000531
    CPU time for cycle= 7      0.04 sec, wall time      0.04 sec
diis-norm(errvec)=8.15266e-05
diis-c [ -2.23029420e-09  -2.88320324e-04  -1.18701664e-03   1.14433586e-03
   2.21607228e-02  -6.43177886e-02  -1.77642239e-01   1.22013031e+00]
  HOMO = -0.313041767024375  LUMO = -0.00852061052231757
  mo_energy =
[ -4.89885868e+02  -1.33539055e+02  -6.50289989e+01  -5.83833833e+01
  -5.83833833e+01  -5.83833354e+01  -1.44961323e+01  -1.15258662e+01
  -1.15258662e+01  -1.15256753e+01  -9.70235131e+00  -7.31042656e+00
  -7.31022035e+00  -7.31022035e+00  -3.05110508e+00  -3.05102770e+00
  -3.05102770e+00  -3.05095844e+00  -3.05095844e+00  -1.75673753e+00
  -9.68563579e-01  -9.65560648e-01  -9.65560648e-01  -8.57899650e-01
  -3.24072189e-01  -3.13041767e-01  -3.13041767e-01  -8.52061052e-03
   5.98455620e-02   5.98455620e-02   7.07820496e-02   9.55167616e-02
   1.27864297e-01   1.27864297e-01   1.62542536e-01   1.62542536e-01
   2.14770438e-01   3.74985375e-01   3.74985375e-01   3.80935687e-01
   3.80935687e-01   3.82082441e-01   4.90695592e-01   4.98618405e-01
   4.98618405e-01   5.59064621e-01   5.59064621e-01   5.61629174e-01
   6.02308839e-01   6.02308839e-01   8.15726976e-01   8.15726976e-01
   8.88946172e-01   1.09691590e+00   1.25634519e+00   1.38879756e+00
   1.38879756e+00   1.40269473e+00   1.40269473e+00   1.45569262e+00
   1.71062097e+00   1.71062097e+00   1.74738983e+00   1.74738983e+00
   1.79754826e+00   1.92697406e+00   1.92697406e+00   1.93038684e+00
   1.93038684e+00   1.96104284e+00   1.96104284e+00   2.02632014e+00
   2.04125251e+00   2.04125251e+00   2.14131008e+00   4.55733184e+00
   4.55733184e+00   4.59568697e+00   4.59568697e+00   4.63458596e+00
   7.98700520e+00]
E_coul = 1364.35310415872
cycle= 8 E= -3171.66096856918  delta_E= -1.23e-09  |g|= 7.54e-06  |ddm|= 0.000134
    CPU time for cycle= 8      0.04 sec, wall time      0.04 sec
diis-norm(errvec)=1.51061e-05
diis-c [ -1.26710309e-10  -2.11404311e-05  -9.99640344e-05  -2.10296664e-04
   2.42819000e-03   3.32512766e-03  -5.95101576e-02   3.57001137e-02
   1.01838813e+00]
  HOMO = -0.313041830417869  LUMO = -0.0085209803248295
  mo_energy =
[ -4.89885869e+02  -1.33539055e+02  -6.50289998e+01  -5.83833842e+01
  -5.83833842e+01  -5.83833362e+01  -1.44961327e+01  -1.15258666e+01
  -1.15258666e+01  -1.15256757e+01  -9.70235213e+00  -7.31042725e+00
  -7.31022115e+00  -7.31022115e+00  -3.05110573e+00  -3.05102842e+00
  -3.05102842e+00  -3.05095935e+00  -3.05095935e+00  -1.75673868e+00
  -9.68565016e-01  -9.65561862e-01  -9.65561862e-01  -8.57900255e-01
  -3.24073034e-01  -3.13041830e-01  -3.13041830e-01  -8.52098032e-03
   5.98451024e-02   5.98451024e-02   7.07818148e-02   9.55160319e-02
   1.27863667e-01   1.27863667e-01   1.62541849e-01   1.62541849e-01
   2.14769938e-01   3.74984100e-01   3.74984100e-01   3.80934616e-01
   3.80934616e-01   3.82081486e-01   4.90695167e-01   4.98618026e-01
   4.98618026e-01   5.59064016e-01   5.59064016e-01   5.61628373e-01
   6.02308324e-01   6.02308324e-01   8.15725841e-01   8.15725841e-01
   8.88945436e-01   1.09691532e+00   1.25634397e+00   1.38879641e+00
   1.38879641e+00   1.40269346e+00   1.40269346e+00   1.45569115e+00
   1.71062024e+00   1.71062024e+00   1.74738874e+00   1.74738874e+00
   1.79754693e+00   1.92697326e+00   1.92697326e+00   1.93038596e+00
   1.93038596e+00   1.96104221e+00   1.96104221e+00   2.02631996e+00
   2.04125193e+00   2.04125193e+00   2.14130883e+00   4.55733096e+00
   4.55733096e+00   4.59568624e+00   4.59568624e+00   4.63458533e+00
   7.98700442e+00]
E_coul = 1364.35312742733
cycle= 9 E= -3171.66096856923  delta_E= -5.59e-11  |g|= 2.37e-06  |ddm|= 2.19e-05
    CPU time for cycle= 9      0.04 sec, wall time      0.04 sec
  HOMO = -0.313041786900296  LUMO = -0.00852099492680681
  mo_energy =
[ -4.89885867e+02  -1.33539056e+02  -6.50289986e+01  -5.83833828e+01
  -5.83833828e+01  -5.83833349e+01  -1.44961329e+01  -1.15258668e+01
  -1.15258668e+01  -1.15256759e+01  -9.70235171e+00  -7.31042678e+00
  -7.31022067e+00  -7.31022067e+00  -3.05110524e+00  -3.05102793e+00
  -3.05102793e+00  -3.05095885e+00  -3.05095885e+00  -1.75673871e+00
  -9.68565021e-01  -9.65561889e-01  -9.65561889e-01  -8.57900184e-01
  -3.24072889e-01  -3.13041787e-01  -3.13041787e-01  -8.52099493e-03
   5.98451133e-02   5.98451133e-02   7.07817927e-02   9.55160501e-02
   1.27863687e-01   1.27863687e-01   1.62541868e-01   1.62541868e-01
   2.14769943e-01   3.74984117e-01   3.74984117e-01   3.80934637e-01
   3.80934637e-01   3.82081504e-01   4.90695169e-01   4.98617943e-01
   4.98617943e-01   5.59064029e-01   5.59064029e-01   5.61628446e-01
   6.02308368e-01   6.02308368e-01   8.15725848e-01   8.15725848e-01
   8.88945348e-01   1.09691524e+00   1.25634405e+00   1.38879640e+00
   1.38879640e+00   1.40269344e+00   1.40269344e+00   1.45569122e+00
   1.71062025e+00   1.71062025e+00   1.74738888e+00   1.74738888e+00
   1.79754717e+00   1.92697327e+00   1.92697327e+00   1.93038595e+00
   1.93038595e+00   1.96104218e+00   1.96104218e+00   2.02631986e+00
   2.04125195e+00   2.04125195e+00   2.14130897e+00   4.55733111e+00
   4.55733111e+00   4.59568641e+00   4.59568641e+00   4.63458550e+00
   7.98700467e+00]
    CPU time for scf_cycle      1.55 sec, wall time      1.66 sec
    CPU time for SCF      1.55 sec, wall time      1.67 sec
converged SCF energy = -3171.66096856923
RHF E = -3171.66096857
RHF eps = [ -4.89885867e+02  -1.33539056e+02  -6.50289986e+01  -5.83833828e+01
  -5.83833828e+01  -5.83833349e+01  -1.44961329e+01  -1.15258668e+01
  -1.15258668e+01  -1.15256759e+01  -9.70235171e+00  -7.31042678e+00
  -7.31022067e+00  -7.31022067e+00  -3.05110524e+00  -3.05102793e+00
  -3.05102793e+00  -3.05095885e+00  -3.05095885e+00  -1.75673871e+00
  -9.68565021e-01  -9.65561889e-01  -9.65561889e-01  -8.57900184e-01
  -3.24072889e-01  -3.13041787e-01  -3.13041787e-01  -8.52099493e-03
   5.98451133e-02   5.98451133e-02   7.07817927e-02   9.55160501e-02
   1.27863687e-01   1.27863687e-01   1.62541868e-01   1.62541868e-01
   2.14769943e-01   3.74984117e-01   3.74984117e-01   3.80934637e-01
   3.80934637e-01   3.82081504e-01   4.90695169e-01   4.98617943e-01
   4.98617943e-01   5.59064029e-01   5.59064029e-01   5.61628446e-01
   6.02308368e-01   6.02308368e-01   8.15725848e-01   8.15725848e-01
   8.88945348e-01   1.09691524e+00   1.25634405e+00   1.38879640e+00
   1.38879640e+00   1.40269344e+00   1.40269344e+00   1.45569122e+00
   1.71062025e+00   1.71062025e+00   1.74738888e+00   1.74738888e+00
   1.79754717e+00   1.92697327e+00   1.92697327e+00   1.93038595e+00
   1.93038595e+00   1.96104218e+00   1.96104218e+00   2.02631986e+00
   2.04125195e+00   2.04125195e+00   2.14130897e+00   4.55733111e+00
   4.55733111e+00   4.59568641e+00   4.59568641e+00   4.63458550e+00
   7.98700467e+00]
    CPU time for CCSD integral transformation      3.70 sec, wall time      3.70 sec

******** <class 'pyscf.cc.linrccsd.LinRCCSD'> flags ********
CCSD nocc = 8, nvir = 54
frozen orbitals [0, 1, 2, 3, 4, 5, 6, 7, 8, 9, 10, 11, 12, 13, 14, 15, 16, 17, 18]
max_cycle = 50
direct = 0
conv_tol = 1e-07
conv_tol_normt = 1e-05
diis_space = 6
diis_start_cycle = 0
diis_start_energy_diff = 1e+09
Init t2, MP2 energy = -0.326195301745552
    CPU time for init mp2      0.00 sec, wall time      0.00 sec
    CPU time for update t1 t2      0.20 sec, wall time      0.20 sec
istep = 0  E(CCSD) = -0.353145428988668  dE = -0.353145429  norm(t1,t2) = 0.0546592
    CPU time for CCSD iter      0.20 sec, wall time      0.20 sec
    CPU time for update t1 t2      0.19 sec, wall time      0.19 sec
DIIS for step 1
istep = 1  E(CCSD) = -0.35866081925639  dE = -0.00551539027  norm(t1,t2) = 0.0178695
    CPU time for CCSD iter      0.19 sec, wall time      0.19 sec
    CPU time for update t1 t2      0.19 sec, wall time      0.19 sec
diis-c [ -4.35237215e-05   1.00000000e+00]
DIIS for step 2
istep = 2  E(CCSD) = -0.360011493029727  dE = -0.00135067377  norm(t1,t2) = 0.00932909
    CPU time for CCSD iter      0.19 sec, wall time      0.19 sec
    CPU time for update t1 t2      0.20 sec, wall time      0.20 sec
diis-c [ -7.59996125e-06  -8.60799755e-01   1.86079976e+00]
DIIS for step 3
istep = 3  E(CCSD) = -0.360837384922203  dE = -0.000825891892  norm(t1,t2) = 0.00549423
    CPU time for CCSD iter      0.20 sec, wall time      0.20 sec
    CPU time for update t1 t2      0.20 sec, wall time      0.20 sec
diis-c [ -3.43578493e-06  -2.53586079e-01   2.19905853e-01   1.03368023e+00]
DIIS for step 4
istep = 4  E(CCSD) = -0.360878567168317  dE = -4.11822461e-05  norm(t1,t2) = 0.00276604
    CPU time for CCSD iter      0.20 sec, wall time      0.20 sec
    CPU time for update t1 t2      0.20 sec, wall time      0.19 sec
diis-c [ -4.66751138e-07   5.16175802e-01  -1.01868379e+00  -4.87128907e-01
   1.98963689e+00]
DIIS for step 5
istep = 5  E(CCSD) = -0.360754693855566  dE = 0.000123873313  norm(t1,t2) = 0.00168402
    CPU time for CCSD iter      0.20 sec, wall time      0.20 sec
    CPU time for update t1 t2      0.19 sec, wall time      0.19 sec
diis-c [ -1.12916227e-07   8.17348280e-03   2.66994658e-02  -1.24704153e-01
   1.67925733e-03   1.08815195e+00]
DIIS for step 6
istep = 6  E(CCSD) = -0.360766377157946  dE = -1.16833024e-05  norm(t1,t2) = 0.000524062
    CPU time for CCSD iter      0.20 sec, wall time      0.20 sec
    CPU time for update t1 t2      0.20 sec, wall time      0.20 sec
diis-c [ -1.54548372e-08  -1.57353985e-01   3.03655839e-01   1.44210932e-01
  -5.95966587e-01  -1.64596012e-01   1.47004981e+00]
DIIS for step 7
istep = 7  E(CCSD) = -0.360787222090175  dE = -2.08449322e-05  norm(t1,t2) = 0.000286075
    CPU time for CCSD iter      0.21 sec, wall time      0.21 sec
    CPU time for update t1 t2      0.20 sec, wall time      0.20 sec
diis-c [ -3.17098853e-09   1.20254133e+00  -6.18121420e-03   1.10763762e-02
   1.38281128e-02  -1.10248474e-01  -1.11016128e-01]
DIIS for step 8
istep = 8  E(CCSD) = -0.360785792520237  dE = 1.42956994e-06  norm(t1,t2) = 9.56145e-05
    CPU time for CCSD iter      0.21 sec, wall time      0.21 sec
    CPU time for update t1 t2      0.19 sec, wall time      0.20 sec
diis-c [ -5.58943725e-10  -3.53105306e-01   1.38602070e+00  -1.13287653e-03
   8.48853143e-03   3.14516837e-02  -7.17227366e-02]
DIIS for step 9
istep = 9  E(CCSD) = -0.360783839573093  dE = 1.95294714e-06  norm(t1,t2) = 4.21679e-05
    CPU time for CCSD iter      0.20 sec, wall time      0.21 sec
    CPU time for update t1 t2      0.21 sec, wall time      0.20 sec
diis-c [ -7.60206897e-11  -2.08596810e-01   5.60979022e-02   1.12197248e+00
  -4.01453275e-03   1.35672322e-02   2.09737311e-02]
DIIS for step 10
istep = 10  E(CCSD) = -0.360782781938005  dE = 1.05763509e-06  norm(t1,t2) = 1.69943e-05
    CPU time for CCSD iter      0.21 sec, wall time      0.21 sec
    CPU time for update t1 t2      0.20 sec, wall time      0.20 sec
diis-c [ -1.32266698e-11   1.04257103e-01  -2.00585084e-01  -3.38173014e-01
   1.43568385e+00  -7.48579201e-03   6.30293476e-03]
DIIS for step 11
istep = 11  E(CCSD) = -0.360782675222892  dE = 1.06715113e-07  norm(t1,t2) = 6.74776e-06
    CPU time for CCSD iter      0.21 sec, wall time      0.21 sec
    CPU time for update t1 t2      0.20 sec, wall time      0.21 sec
diis-c [ -3.02607939e-12   6.80388569e-03  -1.49460948e-02  -2.73856627e-02
  -1.05004844e-01   1.14090496e+00  -3.72243367e-04]
DIIS for step 12
istep = 12  E(CCSD) = -0.36078272099677  dE = -4.57738778e-08  norm(t1,t2) = 2.68002e-06
    CPU time for CCSD iter      0.21 sec, wall time      0.21 sec
    CPU time for CCSD      2.63 sec, wall time      2.64 sec
CCSD converged
E(linCCSD) = -3172.021751290231  E_corr = -0.3607827209967698
    CPU time for EOM-CCSD shared one-electron intermediates      0.02 sec, wall time      0.03 sec
    CPU time for EOM-CCSD IP intermediates      0.09 sec, wall time      0.09 sec
tol 1e-07  toloose 0.000316228
max_cycle 50  max_space 38  max_memory 2000  incore True
davidson 0 6  |r|= 0.329  e= [ 0.36711644  0.36711644  0.37916306  0.89643326  1.0155844   1.0155844 ]  max|de|= 1.02  lindep=    1
davidson 1 12  |r|= 0.0613  e= [ 0.3028693   0.3028693   0.31199624  0.76862985  0.93263226  0.93263226]  max|de|= -0.128  lindep= 0.821
davidson 2 18  |r|= 0.0438  e= [ 0.30276682  0.30276682  0.31177625  0.75592845  0.93087048  0.93087048]  max|de|= -0.0127  lindep= 0.758
root 0 converged  |r|= 2.28e-10  e= 0.302766844036  max|de|= 2.12e-08
root 1 converged  |r|= 2.28e-10  e= 0.302766844036  max|de|= 2.12e-08
davidson 3 24  |r|= 0.0304  e= [ 0.30276684  0.30276684  0.31177438  0.74212729  0.93087596  0.93087596]  max|de|= -0.0138  lindep= 0.194
root 2 converged  |r|= 2.01e-05  e= 0.311774291395  max|de|= -8.93e-08
davidson 4 28  |r|= 0.0263  e= [ 0.30276684  0.30276684  0.31177429  0.74182127  0.93087631  0.93087631]  max|de|= -0.000306  lindep= 0.388
root 4 converged  |r|= 6.18e-10  e= 0.930876306486  max|de|= 9.99e-16
root 5 converged  |r|= 6.18e-10  e= 0.930876306486  max|de|= 5.55e-16
davidson 5 29  |r|= 0.00512  e= [ 0.30276684  0.30276684  0.31177426  0.74130937  0.93087631  0.93087631]  max|de|= -0.000512  lindep= 0.276
davidson 6 30  |r|= 0.00144  e= [ 0.30276684  0.30276684  0.31177413  0.74130222  0.93087631  0.93087631]  max|de|= -7.16e-06  lindep= 0.28
davidson 7 31  |r|= 3.71e-05  e= [ 0.30276684  0.30276684  0.31177437  0.74131276  0.93087631  0.93087631]  max|de|= 1.05e-05  lindep= 0.119
davidson 8 32  |r|= 1.48e-06  e= [ 0.30276684  0.30276684  0.31177433  0.74131309  0.93087631  0.93087631]  max|de|= 3.24e-07  lindep= 0.372
root 3 converged  |r|= 4.75e-09  e= 0.741313083255  max|de|= -5.25e-09
converge 9 33  |r|= 4.75e-09  e= [ 0.30276684  0.30276684  0.31177428  0.74131308  0.93087631  0.93087631]  max|de|= -4.6e-08
IP root 0 E = 0.3027668440335376  qpwt = 0.954329
IP root 1 E = 0.302766844033532  qpwt = 0.954329
IP root 2 E = 0.3117742836636876  qpwt = 0.953317
IP root 3 E = 0.7413130832548137  qpwt = 0.527808
IP root 4 E = 0.9308763064863737  qpwt = 0.968023
IP root 5 E = 0.9308763064863625  qpwt = 0.968023
    CPU time for IP-CCSD      0.25 sec, wall time      0.26 sec
    CPU time for EOM-CCSD shared one-electron intermediates      0.02 sec, wall time      0.02 sec
    CPU time for EOM-CCSD EA intermediates      1.46 sec, wall time      1.45 sec
tol 1e-07  toloose 0.000316228
max_cycle 50  max_space 38  max_memory 2000  incore True
davidson 0 6  |r|= 0.106  e= [-0.00707244  0.06172562  0.06172562  0.07228374  0.09802555  0.12948249]  max|de|= 0.129  lindep=    1
davidson 1 12  |r|= 0.0156  e= [-0.01503566  0.05282438  0.05282438  0.06465286  0.08529476  0.1224489 ]  max|de|= -0.0127  lindep= 0.994
davidson 2 18  |r|= 0.0064  e= [-0.01522879  0.0525052   0.0525052   0.06440467  0.08456899  0.12222277]  max|de|= -0.000726  lindep= 0.923
davidson 3 24  |r|= 0.000648  e= [-0.0152347   0.05251268  0.05251268  0.06439657  0.08452633  0.12220227]  max|de|= -4.27e-05  lindep= 0.859
root 0 converged  |r|= 7.9e-05  e= -0.0152346506666  max|de|= 5.34e-08
root 4 converged  |r|= 0.000244  e= 0.0845262512576  max|de|= -7.61e-08
davidson 4 30  |r|= 0.000244  e= [-0.01523465  0.05251345  0.05251345  0.06439643  0.08452625  0.122202  ]  max|de|= 7.67e-07  lindep= 0.958
davidson 5 34  |r|= 1.99e-05  e= [-0.01523473  0.05251323  0.05251323  0.06439661  0.08452606  0.12220214]  max|de|= -2.14e-07  lindep= 0.541
root 0 converged  |r|= 7.7e-05  e= -0.01523473431  max|de|= -7.95e-16
root 1 converged  |r|= 1.99e-05  e= 0.0525132322888  max|de|= 4.3e-16
root 2 converged  |r|= 1.99e-05  e= 0.0525132322888  max|de|= 1.11e-16
root 3 converged  |r|= 4.62e-06  e= 0.0643966126516  max|de|= -6.25e-16
root 4 converged  |r|= 0.00024  e= 0.0845260607079  max|de|= 7.22e-16
root 5 converged  |r|= 3.01e-06  e= 0.12220214139  max|de|= 8.33e-17
converge 6 6  |r|= 0.00024  e= [-0.01523473  0.05251323  0.05251323  0.06439661  0.08452606  0.12220214]  max|de|= -7.95e-16
EA root 0 E = -0.0152347343099616  qpwt = 0.99586
EA root 1 E = 0.05251323228881747  qpwt = 0.995009
EA root 2 E = 0.05251323228882563  qpwt = 0.995009
EA root 3 E = 0.0643966126516379  qpwt = 0.996273
EA root 4 E = 0.08452606070787329  qpwt = 0.993778
EA root 5 E = 0.1222021413898146  qpwt = 0.995441
    CPU time for EA-CCSD      2.55 sec, wall time      2.55 sec
