

******** <class 'pyscf.scf.hf.RHF'> flags ********
method = RHF
initial guess = minao
damping factor = 0
level shift factor = 0
Do DIIS = True
DIIS start cycle = 1
DIIS space = 8
SCF tol = 1e-09
SCF gradient tol = None
max. SCF cycles = 50
direct_scf = True
direct_scf_tol = 1e-13
chkfile to save SCF result = /tmp/tmpHztVlj
max_memory 4000 MB (current use 39 MB)
Set gradient conv threshold to 3.16228e-05
Nelec from initial guess = 15.9991
cond(S) = 39538.590353
E_coul = 56.4699447327495
init E= -78.2479372579702
    CPU time for initialize scf      1.60 sec, wall time      1.60 sec
  HOMO = -0.331654579343854  LUMO = 0.00958794483934389
  mo_energy =
[ -1.14709148e+01  -1.14670842e+01  -1.45099512e+00  -9.15768125e-01
  -6.33192766e-01  -5.16736660e-01  -4.11312376e-01  -3.31654579e-01
   9.58794484e-03   1.28020721e-01   1.55102836e-01   1.57780677e-01
   2.33853725e-01   2.82115171e-01   2.94800255e-01   3.07413359e-01
   3.09370009e-01   3.67114289e-01   3.96826647e-01   4.33865732e-01
   5.07675948e-01   5.42997561e-01   5.49485059e-01   5.87859070e-01
   6.25493890e-01   6.48924761e-01   7.46744010e-01   7.89541485e-01
   8.13449206e-01   9.03381013e-01   1.00312934e+00   1.03197978e+00
   1.03972036e+00   1.12462358e+00   1.15956561e+00   1.17700028e+00
   1.18214632e+00   1.29006514e+00   1.32626722e+00   1.36903596e+00
   1.37094884e+00   1.41974868e+00   1.47210215e+00   1.49596830e+00
   1.56473525e+00   1.59983400e+00   1.62307900e+00   1.67569585e+00
   1.70634737e+00   1.74696631e+00   1.81671160e+00   1.84023663e+00
   2.14205726e+00   2.21023837e+00   2.21677349e+00   2.32911052e+00
   2.61868617e+00   2.69722292e+00   2.84277076e+00   2.88285248e+00
   2.93325498e+00   2.93523809e+00   2.95123749e+00   2.97577228e+00
   2.98436276e+00   2.99986169e+00   3.05206006e+00   3.06609875e+00
   3.11066947e+00   3.25314841e+00   3.32702203e+00   3.35556575e+00
   3.40346949e+00   3.42466056e+00   3.42865359e+00   3.52474946e+00
   3.55506501e+00   3.61514428e+00   3.67948524e+00   3.70188060e+00
   3.84181749e+00   3.91894413e+00   3.92766204e+00   3.96073362e+00
   3.96250665e+00   3.99219743e+00   4.06835651e+00   4.13942853e+00
   4.16711414e+00   4.16779134e+00   4.25017679e+00   4.25842445e+00
   4.30312013e+00   4.40213209e+00   4.43227248e+00   4.49546530e+00
   4.55461374e+00   4.55972445e+00   4.72948123e+00   4.73432944e+00
   4.79399160e+00   4.87763210e+00   4.88760045e+00   5.13444799e+00
   5.25553238e+00   5.26267838e+00   5.26292513e+00   5.34912718e+00
   5.43380133e+00   5.50967593e+00   5.61132297e+00   5.67544442e+00
   5.71465970e+00   6.07312041e+00   6.18309366e+00   6.72821229e+00
   2.38992922e+01   2.45336224e+01]
E_coul = 59.0226227951857
cycle= 1 E= -78.0452056710796  delta_E= 0.203  |g|= 0.252  |ddm|=  1.5
    CPU time for cycle= 1      0.13 sec, wall time      0.13 sec
diis-norm(errvec)=0.978473
diis-c [-0.95740959  1.        ]
  HOMO = -0.366575056713309  LUMO = 0.146376852505381
  mo_energy =
[-11.18787741 -11.18611548  -1.01952628  -0.78901956  -0.63517273
  -0.56491396  -0.4966273   -0.36657506   0.14637685   0.17307881
   0.19483898   0.2001462    0.24493809   0.29935468   0.32865298
   0.32987688   0.34939943   0.40272154   0.45911789   0.47334555
   0.58527291   0.62801893   0.62952128   0.63894327   0.68266039
   0.75896437   0.8177851    0.82817515   0.87547779   0.96210846
   1.06652674   1.06891077   1.07452024   1.16831869   1.22412111
   1.22791711   1.22883798   1.34238153   1.38208422   1.44417982
   1.44779369   1.46327612   1.50601675   1.53007058   1.61852423
   1.66736107   1.74879134   1.75678475   1.78390865   1.86582595
   1.87398723   1.9407345    2.2460076    2.32330946   2.33634392
   2.38863254   2.76252922   2.77042386   2.9463106    2.94750516
   2.99875491   3.02797828   3.08229647   3.08870294   3.11750448
   3.12955469   3.14224602   3.2018695    3.21441056   3.35071465
   3.43805166   3.44031703   3.49816977   3.52044884   3.53135145
   3.60557694   3.63840096   3.70628552   3.76828929   3.79066874
   3.92329323   3.97812761   3.99402917   4.01173219   4.01687668
   4.06488943   4.11814358   4.17679297   4.22571297   4.24004919
   4.30047457   4.33450259   4.35092824   4.45285711   4.46863821
   4.55527384   4.68099407   4.69442794   4.81094213   4.87458595
   4.87852275   4.94467769   4.96273231   5.2266248    5.33537594
   5.35492744   5.36721973   5.44857642   5.5211655    5.60113719
   5.72645027   5.78098796   5.81786714   6.18185715   6.29972435
   6.85084123  24.16055588  24.79818685]
E_coul = 58.5448239010588
cycle= 2 E= -78.0645998536348  delta_E= -0.0194  |g|= 0.0696  |ddm|= 0.222
    CPU time for cycle= 2      0.14 sec, wall time      0.13 sec
diis-norm(errvec)=0.258641
diis-c [-0.06392142 -0.06122389  1.06122389]
  HOMO = -0.389338623725499  LUMO = 0.13570522223728
  mo_energy =
[-11.25263413 -11.2509056   -1.04845157  -0.79966306  -0.65182062
  -0.59634647  -0.51206875  -0.38933862   0.13570522   0.17155027
   0.19617336   0.19821815   0.24445321   0.29827155   0.32007679
   0.32992745   0.34074926   0.39732764   0.4555041    0.46141797
   0.57549321   0.6240247    0.62403497   0.6364798    0.6715733    0.742953
   0.81266433   0.82536301   0.86573832   0.95269625   1.05513431
   1.06758613   1.07044013   1.16533383   1.21608791   1.21706603
   1.22213224   1.33349905   1.37402938   1.43218788   1.44149774
   1.45266047   1.50125591   1.52717083   1.60893516   1.65971119
   1.72487531   1.74082014   1.77577091   1.84069104   1.86926536
   1.9113289    2.22388081   2.30215948   2.30779046   2.37770887
   2.7309239    2.76958303   2.93405263   2.94553114   2.99984778
   3.02615187   3.05737813   3.06094256   3.0898221    3.09308567
   3.13437157   3.17020276   3.19848667   3.34336853   3.41803289
   3.43477874   3.4864906    3.50617545   3.51856409   3.60843688
   3.61773377   3.69455249   3.75538796   3.78590044   3.91511352
   3.97801371   3.99027101   4.01629145   4.0179213    4.05819627
   4.1240687    4.18647871   4.22074277   4.24393373   4.30728719
   4.32737705   4.35396998   4.45480519   4.4760879    4.55297924
   4.6554256    4.66859995   4.80507537   4.84841823   4.87159529
   4.9443852    4.95742502   5.21589619   5.33365477   5.34521831
   5.35168821   5.43914547   5.51254474   5.59580994   5.71602435
   5.7722206    5.81052575   6.17098978   6.28764308   6.83487393
  24.10113926  24.73836969]
E_coul = 58.8020543880592
cycle= 3 E= -78.0662146716942  delta_E= -0.00161  |g|= 0.0257  |ddm|= 0.0663
    CPU time for cycle= 3      0.13 sec, wall time      0.13 sec
diis-norm(errvec)=0.093161
diis-c [-0.00121447 -0.08949661  0.18404518  0.90545143]
  HOMO = -0.377705691229088  LUMO = 0.143444205013722
  mo_energy =
[-11.22711743 -11.22536719  -1.03388458  -0.79126558  -0.64351382
  -0.58672553  -0.50611494  -0.37770569   0.14344421   0.1738531
   0.19802877   0.20081445   0.24522087   0.29971436   0.32343825
   0.331391     0.34533275   0.40081912   0.45737372   0.46832747
   0.58225875   0.62690083   0.62935454   0.64260716   0.67793354
   0.7523545    0.81790915   0.82953543   0.87164267   0.95811848
   1.06149899   1.07027855   1.0744577    1.16930083   1.22077026
   1.22310519   1.22638889   1.33891637   1.37897179   1.43892328
   1.44725388   1.45767726   1.50455724   1.53050046   1.61402141
   1.66587133   1.73815231   1.74746801   1.7826393    1.85184276
   1.87260293   1.9233386    2.2338221    2.31185048   2.31969686
   2.38347858   2.74485389   2.77606405   2.94390931   2.95131062
   3.00578603   3.03242327   3.06991055   3.07431417   3.10125078
   3.10729931   3.14269401   3.18349992   3.20817218   3.35233237
   3.42831884   3.44254919   3.4951467    3.51527926   3.52777215
   3.61330781   3.62872182   3.70334474   3.76380773   3.79418263
   3.92315144   3.98368896   3.99651041   4.02182617   4.02244271
   4.06502989   4.12890759   4.19031371   4.22689608   4.25037006
   4.31219429   4.33474279   4.35886535   4.46009961   4.47987877
   4.55901789   4.66687923   4.68202012   4.81247445   4.86233732
   4.87947388   4.95086613   4.9646579    5.22475573   5.34080759
   5.35485443   5.36170358   5.44872519   5.52074588   5.60451241
   5.72678909   5.78223987   5.82023255   6.18122379   6.29847477
   6.84639154  24.12505268  24.76256226]
E_coul = 58.713189389966
cycle= 4 E= -78.0664192502214  delta_E= -0.000205  |g|= 0.00263  |ddm|= 0.0222
    CPU time for cycle= 4      0.14 sec, wall time      0.13 sec
diis-norm(errvec)=0.00805787
diis-c [ -3.40103279e-05   6.52116307e-03  -3.32956601e-02  -5.15227037e-02
   1.07829720e+00]
  HOMO = -0.378036891982648  LUMO = 0.142995094333778
  mo_energy =
[-11.22935289 -11.22760407  -1.03458221  -0.79202228  -0.64425109
  -0.58793413  -0.50704548  -0.37803689   0.14299509   0.17368422
   0.19783484   0.20065574   0.24504621   0.29938653   0.32324345
   0.33117088   0.3453518    0.40061264   0.45725497   0.46799421
   0.58179949   0.6266714    0.62880349   0.64204752   0.67750364
   0.75151828   0.81735192   0.82912516   0.8710996    0.95766825
   1.06100967   1.06990655   1.07408459   1.16894508   1.22050806
   1.22248466   1.22601785   1.33844702   1.37842938   1.43837227
   1.44682867   1.45693607   1.50425613   1.53010088   1.61367517
   1.66523918   1.7373168    1.74684193   1.78182899   1.85095811
   1.87226548   1.92254581   2.23305784   2.31097389   2.31894704
   2.38299636   2.7439701    2.77548882   2.94288117   2.95073474
   3.00516649   3.03187016   3.06878835   3.07348626   3.10050132
   3.1066114    3.14175864   3.18271282   3.20726391   3.35139546
   3.42726718   3.44169652   3.49423187   3.5145565    3.52667066
   3.6128053    3.62784851   3.70262492   3.76312508   3.7933937
   3.92255006   3.98312771   3.99590738   4.02128472   4.02184586
   4.06436009   4.12832167   4.1898526    4.22636792   4.24968492
   4.31157002   4.33411979   4.3583887    4.45959713   4.47938701
   4.55845447   4.665948     4.68094588   4.81174694   4.86137674
   4.87885398   4.95012075   4.96398829   5.22389172   5.34007797
   5.35396007   5.36092641   5.4477825    5.51986237   5.60363457
   5.72571457   5.78126752   5.81928356   6.18032535   6.29741219
   6.84549535  24.12293434  24.76042429]
E_coul = 58.7171572715808
cycle= 5 E= -78.0664230817006  delta_E= -3.83e-06  |g|= 0.00057  |ddm|= 0.00429
    CPU time for cycle= 5      0.14 sec, wall time      0.13 sec
diis-norm(errvec)=0.00175673
diis-c [ -1.59866555e-06   7.98464859e-04   9.15872523e-04  -8.28997454e-03
  -2.06697257e-01   1.21327289e+00]
  HOMO = -0.377901905975796  LUMO = 0.143037743275617
  mo_energy =
[-11.22913828 -11.22738891  -1.03456432  -0.79200072  -0.64425251
  -0.58796875  -0.50706125  -0.37790191   0.14303774   0.17367281
   0.19783105   0.20064984   0.24502056   0.29937166   0.3232234
   0.33117208   0.34543806   0.400604     0.45727484   0.46807163
   0.58179501   0.62666939   0.62881287   0.64205287   0.67749683
   0.75153411   0.81734553   0.82912422   0.87112456   0.95764177
   1.06102957   1.06988537   1.07407293   1.16895046   1.22049361
   1.22247942   1.22602158   1.33842002   1.37846026   1.43837617
   1.44682537   1.4569444    1.50424374   1.53008108   1.6136735
   1.6652282    1.73741302   1.74685786   1.78185639   1.85097914
   1.87225544   1.92262794   2.23307787   2.31100099   2.31895632
   2.38299229   2.74397337   2.77547583   2.94293475   2.95073802
   3.00516735   3.03187259   3.06883754   3.07347156   3.10050354
   3.10660301   3.14181104   3.18271534   3.20729546   3.35142746
   3.42733529   3.44173362   3.49428322   3.51456334   3.52673943
   3.61277864   3.62788054   3.70260846   3.76311883   3.79338488
   3.92251903   3.98310634   3.99589551   4.02125942   4.02183455
   4.06435395   4.12830708   4.18981922   4.22633465   4.24967141
   4.31155475   4.33410178   4.35835948   4.45955075   4.47934791
   4.55842669   4.66596771   4.6809832    4.81175125   4.86139483
   4.87882579   4.95012076   4.9639752    5.22390492   5.34007367
   5.35398459   5.3609152    5.4478197    5.51988359   5.6036607
   5.72577381   5.78130767   5.81931382   6.18033337   6.29745562
   6.84549516  24.12312809  24.76061954]
E_coul = 58.7165628361456
cycle= 6 E= -78.0664233514367  delta_E= -2.7e-07  |g|= 0.000144  |ddm|= 0.00121
    CPU time for cycle= 6      0.13 sec, wall time      0.13 sec
diis-norm(errvec)=0.000521245
diis-c [ -2.92558569e-08  -8.02555287e-04   1.13091020e-03   1.08044994e-02
   1.02370336e-02  -3.98920766e-01   1.37755088e+00]
  HOMO = -0.377893857756773  LUMO = 0.143019228448577
  mo_energy =
[-11.22920811 -11.2274589   -1.03460064  -0.79203549  -0.64428189
  -0.58800893  -0.50708564  -0.37789386   0.14301923   0.17366475
   0.19782083   0.20064058   0.24501098   0.29936046   0.32321058
   0.33116469   0.34544943   0.40059989   0.45727272   0.4680666
   0.58177805   0.62666169   0.62879767   0.64203658   0.67748025
   0.75150822   0.81732826   0.82911217   0.87110882   0.95762577
   1.06101181   1.06987461   1.07406337   1.16894073   1.22048212
   1.22245801   1.22600915   1.33840132   1.37844496   1.43835893
   1.4468094    1.4569205    1.50423226   1.53006623   1.61365963
   1.66520508   1.73738772   1.74683567   1.7818306    1.85095008
   1.87224472   1.92260166   2.23305475   2.31097245   2.31892348
   2.38297525   2.74393905   2.77545924   2.94290957   2.95072187
   3.00515277   3.03185709   3.06880371   3.07344251   3.1004748
   3.10657302   3.14178967   3.18268626   3.20726899   3.35140674
   3.42730755   3.44171288   3.49425655   3.51454138   3.52671026
   3.61276457   3.62785475   3.70258492   3.76309534   3.79336123
   3.922498     3.9830908    3.99587808   4.02124304   4.02181654
   4.06433242   4.12828814   4.18980359   4.2263147    4.24965171
   4.31153627   4.33408056   4.3583437    4.45953283   4.47933019
   4.5584049    4.6659328    4.680946     4.81172872   4.86135896
   4.87880672   4.95009801   4.96395581   5.22387924   5.3400515
   5.35395886   5.36088594   5.44779246   5.51985931   5.60363803
   5.72574854   5.78128346   5.81929033   6.18031059   6.29742906
   6.8454687   24.12306336  24.76055443]
E_coul = 58.7167623292215
cycle= 7 E= -78.0664233661927  delta_E= -1.48e-08  |g|= 1.23e-05  |ddm|= 0.000277
    CPU time for cycle= 7      0.14 sec, wall time      0.14 sec
diis-norm(errvec)=4.74361e-05
diis-c [ -5.23647459e-10   1.71272153e-04  -2.63317305e-04  -2.31874414e-03
   7.32070288e-04   8.44889660e-02  -3.57712010e-01   1.27490176e+00]
  HOMO = -0.377891498902766  LUMO = 0.143019008405658
  mo_energy =
[-11.22920911 -11.2274599   -1.03460148  -0.79203534  -0.64428319
  -0.58800967  -0.50708608  -0.3778915    0.14301901   0.1736642
   0.19782031   0.20063954   0.2450103    0.29936045   0.32321006
   0.33116415   0.34545034   0.40059915   0.45727302   0.46806718
   0.58177634   0.62666128   0.62879673   0.64203554   0.67747943
   0.75150722   0.81732701   0.82911131   0.87110852   0.95762497
   1.06101136   1.06987353   1.07406243   1.16894011   1.22048148
   1.22245718   1.22600862   1.33840006   1.378445     1.43835839
   1.44680857   1.45691986   1.5042317    1.53006535   1.61365911
   1.66520346   1.73738789   1.74683455   1.78182948   1.85094881
   1.8722442    1.92260172   2.23305397   2.31097172   2.31892264
   2.38297456   2.74393809   2.77545738   2.94290868   2.95072056
   3.00515109   3.03185578   3.06880298   3.07344114   3.10047398
   3.1065722    3.14178884   3.18268528   3.20726808   3.35140544
   3.42730742   3.44171175   3.49425593   3.51454033   3.52670985
   3.61276286   3.62785368   3.70258323   3.763094     3.79335922
   3.92249604   3.98308906   3.99587663   4.0212413    4.02181479
   4.06433114   4.12828611   4.18980128   4.22631289   4.24964942
   4.31153405   4.33407895   4.35834168   4.45953047   4.47932797
   4.55840305   4.665932     4.68094463   4.8117272    4.86135783
   4.87880428   4.95009615   4.96395418   5.22387775   5.34004933
   5.35395702   5.3608842    5.44779087   5.51985805   5.60363621
   5.72574691   5.78128175   5.81928847   6.18030881   6.29742759
   6.84546696  24.12306223  24.76055327]
E_coul = 58.7167664287145
cycle= 8 E= -78.0664233662961  delta_E= -1.03e-10  |g|= 1.74e-06  |ddm|= 3.2e-05
    CPU time for cycle= 8      0.13 sec, wall time      0.14 sec
  HOMO = -0.37789131432687  LUMO = 0.143019072314206
  mo_energy =
[-11.22920882 -11.22745961  -1.03460137  -0.79203536  -0.64428341
  -0.58800966  -0.50708612  -0.37789131   0.14301907   0.17366423
   0.19782038   0.20063951   0.24501027   0.2993605    0.32321003
   0.33116416   0.34545047   0.40059922   0.45727305   0.46806732
   0.58177636   0.62666127   0.62879678   0.6420357    0.67747945
   0.75150732   0.81732702   0.82911133   0.87110856   0.95762504
   1.0610114    1.06987354   1.07406245   1.16894014   1.2204815
   1.22245726   1.22600863   1.33840013   1.37844505   1.4383585
   1.44680859   1.45691996   1.50423173   1.53006536   1.61365912
   1.6652035    1.73738802   1.74683462   1.78182955   1.85094887
   1.87224423   1.92260182   2.23305405   2.31097184   2.31892271
   2.38297461   2.74393821   2.7754574    2.94290875   2.95072058
   3.0051511    3.03185581   3.06880312   3.07344132   3.10047404
   3.10657234   3.14178889   3.18268541   3.20726814   3.35140554
   3.42730751   3.44171182   3.49425598   3.51454039   3.52670995
   3.61276287   3.62785376   3.7025833    3.76309405   3.7933593
   3.92249606   3.98308908   3.99587667   4.02124131   4.02181479
   4.06433116   4.12828608   4.18980124   4.22631288   4.24964945
   4.31153405   4.33407897   4.35834165   4.45953048   4.47932796
   4.55840305   4.66593207   4.68094478   4.81172722   4.86135797
   4.87880431   4.95009619   4.96395425   5.22387778   5.34004935
   5.35395709   5.36088424   5.44779095   5.51985807   5.60363626
   5.72574699   5.78128184   5.81928856   6.18030891   6.2974277
   6.84546709  24.12306251  24.76055356]
    CPU time for scf_cycle      2.69 sec, wall time      2.69 sec
    CPU time for SCF      2.69 sec, wall time      2.69 sec
converged SCF energy = -78.0664233662961
RHF E = -78.0664233663
RHF eps = [-11.22920882 -11.22745961  -1.03460137  -0.79203536  -0.64428341
  -0.58800966  -0.50708612  -0.37789131   0.14301907   0.17366423
   0.19782038   0.20063951   0.24501027   0.2993605    0.32321003
   0.33116416   0.34545047   0.40059922   0.45727305   0.46806732
   0.58177636   0.62666127   0.62879678   0.6420357    0.67747945
   0.75150732   0.81732702   0.82911133   0.87110856   0.95762504
   1.0610114    1.06987354   1.07406245   1.16894014   1.2204815
   1.22245726   1.22600863   1.33840013   1.37844505   1.4383585
   1.44680859   1.45691996   1.50423173   1.53006536   1.61365912
   1.6652035    1.73738802   1.74683462   1.78182955   1.85094887
   1.87224423   1.92260182   2.23305405   2.31097184   2.31892271
   2.38297461   2.74393821   2.7754574    2.94290875   2.95072058
   3.0051511    3.03185581   3.06880312   3.07344132   3.10047404
   3.10657234   3.14178889   3.18268541   3.20726814   3.35140554
   3.42730751   3.44171182   3.49425598   3.51454039   3.52670995
   3.61276287   3.62785376   3.7025833    3.76309405   3.7933593
   3.92249606   3.98308908   3.99587667   4.02124131   4.02181479
   4.06433116   4.12828608   4.18980124   4.22631288   4.24964945
   4.31153405   4.33407897   4.35834165   4.45953048   4.47932796
   4.55840305   4.66593207   4.68094478   4.81172722   4.86135797
   4.87880431   4.95009619   4.96395425   5.22387778   5.34004935
   5.35395709   5.36088424   5.44779095   5.51985807   5.60363626
   5.72574699   5.78128184   5.81928856   6.18030891   6.2974277
   6.84546709  24.12306251  24.76055356]
    CPU time for transforming oopq      3.63 sec, wall time      3.65 sec
    CPU time for transforming ovpq      4.03 sec, wall time      4.03 sec
MO integrals cint2e_sph are saved in <HDF5 file "tmpwDpiCP" (mode r+)>/eri_mo
num. MO ints = 1.4641e+08, required disk 1171.28 MB
step1: tmpfile /tmp/tmpE8dqYm  679.6328 MB
step1: (ij,kl) = (12100,7021), mem cache 4000 MB, iobuf 800 MB
    CPU time for Initializing ao2mo.outcore.half_e1      0.01 sec, wall time      0.01 sec
step 1 [1/1], AO [0:1081], len(buf) = 7021
      fill iobuf micro [1/1], AO [0:1081], len(aobuf) = 7021
    CPU time for gen AO/transform MO [1/1]      5.83 sec, wall time      5.82 sec
    CPU time for AO->MO transformation for cint2e_sph 1 pass      6.86 sec, wall time      6.86 sec
step2: kl-pair (ao 7021, mo 12100), mem 224.672 MB, ioblock 387.2 MB
step 2 [1/4], [0,0:4000], row = 4000
step 2 [1/4] CPU time:      1.88, Wall time:      1.88
step 2 [2/4], [0,4000:8000], row = 4000
step 2 [2/4] CPU time:      1.92, Wall time:      1.93
step 2 [3/4], [0,8000:12000], row = 4000
step 2 [3/4] CPU time:      1.81, Wall time:      2.10
step 2 [4/4], [0,12000:12100], row = 100
step 2 [4/4] CPU time:      0.42, Wall time:      0.42
    CPU time for AO->MO transformation for cint2e_sph 2 pass      6.04 sec, wall time      6.33 sec
    CPU time for AO->MO transformation for cint2e_sph      12.90 sec, wall time     13.19 sec
    CPU time for transforming vvvv     15.98 sec, wall time     16.44 sec
    CPU time for CCSD integral transformation     23.78 sec, wall time     24.25 sec

******** <class 'pyscf.cc.linrccsd.LinRCCSD'> flags ********
CCSD nocc = 6, nvir = 110
frozen orbitals [0, 1]
max_cycle = 50
direct = 0
conv_tol = 1e-07
conv_tol_normt = 1e-05
diis_space = 6
diis_start_cycle = 0
diis_start_energy_diff = 1e+09
Init t2, MP2 energy = -0.334197361176656
    CPU time for init mp2      0.01 sec, wall time      0.01 sec
    CPU time for update t1 t2      1.91 sec, wall time      1.91 sec
istep = 0  E(CCSD) = -0.356660227934947  dE = -0.356660228  norm(t1,t2) = 0.0804834
    CPU time for CCSD iter      1.91 sec, wall time      1.91 sec
    CPU time for update t1 t2      1.90 sec, wall time      1.90 sec
DIIS for step 1
istep = 1  E(CCSD) = -0.36743427279185  dE = -0.0107740449  norm(t1,t2) = 0.0335745
    CPU time for CCSD iter      1.90 sec, wall time      1.91 sec
    CPU time for update t1 t2      1.88 sec, wall time      1.87 sec
diis-c [ -2.36906805e-04   1.00000000e+00]
DIIS for step 2
istep = 2  E(CCSD) = -0.370312193908861  dE = -0.00287792112  norm(t1,t2) = 0.0197361
    CPU time for CCSD iter      1.89 sec, wall time      1.88 sec
    CPU time for update t1 t2      1.89 sec, wall time      1.89 sec
diis-c [ -1.85231484e-05  -1.40378780e+00   2.40378780e+00]
DIIS for step 3
istep = 3  E(CCSD) = -0.373977433599848  dE = -0.00366523969  norm(t1,t2) = 0.0120712
    CPU time for CCSD iter      1.89 sec, wall time      1.90 sec
    CPU time for update t1 t2      1.89 sec, wall time      1.89 sec
diis-c [ -2.79775066e-06   1.57339795e-01  -3.73704213e-01   1.21636442e+00]
DIIS for step 4
istep = 4  E(CCSD) = -0.373709609792555  dE = 0.000267823807  norm(t1,t2) = 0.00255508
    CPU time for CCSD iter      1.91 sec, wall time      1.90 sec
    CPU time for update t1 t2      1.87 sec, wall time      1.87 sec
diis-c [ -8.55303804e-08   2.39741144e-01  -4.03237577e-01  -1.62827056e-01
   1.32632349e+00]
DIIS for step 5
istep = 5  E(CCSD) = -0.373611475600712  dE = 9.81341918e-05  norm(t1,t2) = 0.000969843
    CPU time for CCSD iter      1.88 sec, wall time      1.89 sec
    CPU time for update t1 t2      1.83 sec, wall time      1.83 sec
diis-c [ -5.98905747e-09  -9.97390202e-02   1.70367589e-01   4.06224672e-02
  -5.54247169e-01   1.44299613e+00]
DIIS for step 6
istep = 6  E(CCSD) = -0.373634404402359  dE = -2.29288016e-05  norm(t1,t2) = 0.000155686
    CPU time for CCSD iter      1.85 sec, wall time      1.85 sec
    CPU time for update t1 t2      1.87 sec, wall time      1.87 sec
diis-c [ -5.54486956e-10  -1.86337341e-02   3.17065222e-02   1.46062845e-02
  -1.08262078e-01   4.40891919e-02   1.03649381e+00]
DIIS for step 7
istep = 7  E(CCSD) = -0.37363261093899  dE = 1.79346337e-06  norm(t1,t2) = 4.15946e-05
    CPU time for CCSD iter      1.88 sec, wall time      1.89 sec
    CPU time for update t1 t2      1.88 sec, wall time      1.88 sec
diis-c [ -8.92413088e-11   1.13585989e+00  -1.95542383e-04   6.98286640e-04
   1.09786500e-03  -2.56338788e-02  -1.11826618e-01]
DIIS for step 8
istep = 8  E(CCSD) = -0.373632163976834  dE = 4.46962157e-07  norm(t1,t2) = 1.47011e-05
    CPU time for CCSD iter      1.90 sec, wall time      1.89 sec
    CPU time for update t1 t2      1.87 sec, wall time      1.88 sec
diis-c [ -4.80959716e-12  -3.45221774e-01   1.44410688e+00  -6.29382847e-04
   3.22205673e-04   2.78676829e-02  -1.26445610e-01]
DIIS for step 9
istep = 9  E(CCSD) = -0.373631521673364  dE = 6.4230347e-07  norm(t1,t2) = 6.02224e-06
    CPU time for CCSD iter      1.89 sec, wall time      1.90 sec
    CPU time for update t1 t2      1.88 sec, wall time      1.88 sec
diis-c [ -5.95384853e-13   5.49704003e-03  -2.03839474e-01   1.18350163e+00
   1.23752427e-04  -2.55508555e-03   1.72721391e-02]
DIIS for step 10
istep = 10  E(CCSD) = -0.373631515218172  dE = 6.45519216e-09  norm(t1,t2) = 1.25257e-06
    CPU time for CCSD iter      1.89 sec, wall time      1.90 sec
    CPU time for CCSD     20.79 sec, wall time     20.82 sec
CCSD converged
E(linCCSD) = -78.4400548815143  E_corr = -0.3736315152181715
    CPU time for EOM-CCSD shared one-electron intermediates      0.27 sec, wall time      0.27 sec
    CPU time for EOM-CCSD IP intermediates      0.44 sec, wall time      0.44 sec
tol 1e-07  toloose 0.000316228
max_cycle 50  max_space 38  max_memory 2000  incore True
davidson 0 6  |r|= 0.334  e= [ 0.46101367  0.56293528  0.64841814  0.69849832  0.83978233  1.07399033]  max|de|= 1.07  lindep=    1
davidson 1 12  |r|= 0.204  e= [ 0.3979213   0.48585486  0.54982817  0.60515229  0.73401271  1.01719672]  max|de|= -0.106  lindep= 0.718
davidson 2 18  |r|= 0.0358  e= [ 0.39794732  0.48611459  0.54997943  0.60580417  0.7343901   0.93253521]  max|de|= -0.0847  lindep= 0.855
root 0 converged  |r|= 5.89e-08  e= 0.397947316708  max|de|= -3.39e-15
root 1 converged  |r|= 1.19e-14  e= 0.486114587047  max|de|= 7.77e-10
root 3 converged  |r|= 1.5e-13  e= 0.60580416748  max|de|= -4.08e-09
davidson 3 23  |r|= 0.0208  e= [ 0.39794732  0.48611459  0.54995736  0.60580417  0.73438992  0.92301089]  max|de|= -0.00952  lindep= 0.57
root 2 converged  |r|= 2.28e-14  e= 0.549957359437  max|de|= 1.13e-09
root 4 converged  |r|= 2.92e-12  e= 0.734389918973  max|de|= 5.55e-16
davidson 4 25  |r|= 1.84e-05  e= [ 0.39794732  0.48611459  0.54995736  0.60580417  0.73438992  0.92232315]  max|de|= -0.000688  lindep= 0.797
davidson 5 26  |r|= 1.22e-10  e= [ 0.39794732  0.48611459  0.54995736  0.60580417  0.73438992  0.92232305]  max|de|= -1.01e-07  lindep=    1
Linear dependency in trial subspace. |r| for each state [0, 0, 0, 0, 0, 1.2180622180116185e-10]
IP root 0 E = 0.3979473167076013  qpwt = 0.968046
IP root 1 E = 0.4861145870470771  qpwt = 0.964033
IP root 2 E = 0.549957359436678  qpwt = 0.956214
IP root 3 E = 0.605804167480153  qpwt = 0.946291
IP root 4 E = 0.7343899189727802  qpwt = 0.930822
IP root 5 E = 0.9223230473839333  qpwt = 0.509577
    CPU time for IP-CCSD      0.79 sec, wall time      0.79 sec
    CPU time for EOM-CCSD shared one-electron intermediates      0.28 sec, wall time      0.28 sec
    CPU time for EOM-CCSD EA intermediates     30.42 sec, wall time     30.61 sec
tol 1e-07  toloose 0.000316228
max_cycle 50  max_space 38  max_memory 2000  incore True
davidson 0 6  |r|= 0.326  e= [ 0.17902695  0.18187603  0.20487322  0.20965471  0.25080623  0.30540019]  max|de|= 0.305  lindep=    1
davidson 1 12  |r|= 0.0593  e= [ 0.11329395  0.1499873   0.17428253  0.1776139   0.22864731  0.2746831 ]  max|de|= -0.0657  lindep= 0.949
davidson 2 18  |r|= 0.0301  e= [ 0.10397173  0.14736963  0.1717071   0.17413395  0.22672873  0.27387437]  max|de|= -0.00932  lindep= 0.944
davidson 3 24  |r|= 0.00406  e= [ 0.10401632  0.14739385  0.17172657  0.17401871  0.22662557  0.27390025]  max|de|= -0.000115  lindep= 0.878
root 5 converged  |r|= 0.000229  e= 0.273900150379  max|de|= -9.48e-08
davidson 4 30  |r|= 0.00101  e= [ 0.10402345  0.14738975  0.17172301  0.17402334  0.22662654  0.27390015]  max|de|= 7.13e-06  lindep= 0.936
davidson 5 35  |r|= 0.000203  e= [ 0.10401405  0.14738894  0.17172185  0.17401562  0.22662347  0.27389934]  max|de|= -9.4e-06  lindep= 0.643
root 0 converged  |r|= 6.48e-05  e= 0.104014046653  max|de|= -1.22e-15
root 1 converged  |r|= 6.17e-05  e= 0.147388937064  max|de|= -1.11e-16
root 2 converged  |r|= 0.000148  e= 0.171721850013  max|de|= -1.67e-16
root 3 converged  |r|= 0.000203  e= 0.174015622054  max|de|= -1.11e-16
root 4 converged  |r|= 3.55e-05  e= 0.226623467238  max|de|= 8.05e-16
root 5 converged  |r|= 0.000198  e= 0.27389934116  max|de|= -5e-16
converge 6 6  |r|= 0.000203  e= [ 0.10401405  0.14738894  0.17172185  0.17401562  0.22662347  0.27389934]  max|de|= -1.22e-15
EA root 0 E = 0.1040140466530454  qpwt = 0.971743
EA root 1 E = 0.1473889370640421  qpwt = 0.986356
EA root 2 E = 0.1717218500131685  qpwt = 0.985591
EA root 3 E = 0.1740156220543787  qpwt = 0.986353
EA root 4 E = 0.2266234672382011  qpwt = 0.988648
EA root 5 E = 0.2738993411595517  qpwt = 0.986358
    CPU time for EA-CCSD     40.05 sec, wall time     40.25 sec
