

******** <class 'pyscf.scf.hf.RHF'> flags ********
method = RHF
initial guess = minao
damping factor = 0
level shift factor = 0
Do DIIS = True
DIIS start cycle = 1
DIIS space = 8
SCF tol = 1e-09
SCF gradient tol = None
max. SCF cycles = 50
direct_scf = True
direct_scf_tol = 1e-13
chkfile to save SCF result = /tmp/tmpMAljsu
max_memory 4000 MB (current use 39 MB)
Set gradient conv threshold to 3.16228e-05
Nelec from initial guess = 17.9917
cond(S) = 370.391401415
E_coul = 109.7326746606
init E= -198.57627471402
    CPU time for initialize scf      0.22 sec, wall time      0.23 sec
  HOMO = -0.519086984841053  LUMO = -0.229273764276229
  mo_energy =
[-26.4132354  -26.41250095  -1.88243289  -1.47648282  -0.82851922
  -0.73637471  -0.73637471  -0.51908698  -0.51908698  -0.22927376
   0.5992862    0.60046156   0.65513893   0.65513893   0.76310778
   0.76310778   0.77415845   1.07443291   1.87976496   1.87976496
   2.0717237    2.0717237    2.30380647   2.30380647   2.35887424
   2.77194116   2.77194116   2.95067696   3.43611394   3.43611394
   3.47796471   3.67130311   3.67130311   3.7341856    3.90434895
   5.10126019   6.88950759   6.88950759   6.90274784   7.13351752
   7.13351752   7.26882584   7.26882584   7.29633326   7.29633326
   7.41881543   7.41881543   7.80831448   7.80831448   8.34024557
   8.67530252   8.67530252   8.69669061   8.69669061   8.81996811
   8.81996811   9.27920329   9.3322694    9.3322694   10.46727454
  57.8540816   58.65861666]
E_coul = 108.391605693981
cycle= 1 E= -198.740765261291  delta_E= -0.164  |g|= 0.389  |ddm|= 1.08
    CPU time for cycle= 1      0.02 sec, wall time      0.02 sec
diis-norm(errvec)=0.918367
diis-c [-0.84339881  1.        ]
  HOMO = -0.708964090281908  LUMO = 0.0261318886339921
  mo_energy =
[ -2.65321081e+01  -2.65318539e+01  -1.82352320e+00  -1.54073672e+00
  -8.55469499e-01  -8.55469499e-01  -8.10012536e-01  -7.08964090e-01
  -7.08964090e-01   2.61318886e-02   5.99365590e-01   6.16470019e-01
   6.37977165e-01   6.37977165e-01   7.56582456e-01   7.56582456e-01
   7.57713229e-01   1.07385162e+00   1.82852988e+00   1.82852988e+00
   2.05167992e+00   2.05167992e+00   2.28706048e+00   2.28706048e+00
   2.31089169e+00   2.75647149e+00   2.75647149e+00   2.93411179e+00
   3.39373535e+00   3.39373535e+00   3.42632423e+00   3.62725964e+00
   3.62725964e+00   3.71564768e+00   3.89847412e+00   5.03309754e+00
   6.82667862e+00   6.83835229e+00   6.83835229e+00   7.09921932e+00
   7.09921932e+00   7.26663944e+00   7.26663944e+00   7.29411848e+00
   7.29411848e+00   7.37649783e+00   7.37649783e+00   7.72205144e+00
   7.72205144e+00   8.23183526e+00   8.62512197e+00   8.62512197e+00
   8.63834614e+00   8.63834614e+00   8.79187446e+00   8.79187446e+00
   9.20409453e+00   9.28956006e+00   9.28956006e+00   1.03978400e+01
   5.77393126e+01   5.85454645e+01]
E_coul = 109.853027852002
cycle= 2 E= -198.762236835694  delta_E= -0.0215  |g|= 0.134  |ddm|= 0.203
    CPU time for cycle= 2      0.02 sec, wall time      0.02 sec
diis-norm(errvec)=0.264177
diis-c [-0.02912862  0.18264762  0.81735238]
  HOMO = -0.661066917497775  LUMO = 0.0898103978559419
  mo_energy =
[-26.41470744 -26.41446363  -1.76068496  -1.49338059  -0.80611854
  -0.80611854  -0.75110045  -0.66106692  -0.66106692   0.0898104
   0.61323001   0.6301901    0.65615081   0.65615081   0.76784668
   0.76784668   0.78017001   1.09076861   1.87578049   1.87578049
   2.09056201   2.09056201   2.32319536   2.32319536   2.36007349
   2.78979573   2.78979573   2.96886504   3.4456172    3.4456172
   3.49637301   3.6831971    3.6831971    3.75648287   3.93601437
   5.10533249   6.88573446   6.89034603   6.89034603   7.15199374
   7.15199374   7.31893094   7.31893094   7.34635088   7.34635088
   7.43321783   7.43321783   7.79203779   7.79203779   8.31418446
   8.69976213   8.69976213   8.70972833   8.70972833   8.85955118
   8.85955118   9.27584929   9.3498702    9.3498702   10.45900765
  57.85133671  58.65661551]
E_coul = 109.402262250478
cycle= 3 E= -198.764247302355  delta_E= -0.00201  |g|= 0.0225  |ddm|= 0.0505
    CPU time for cycle= 3      0.02 sec, wall time      0.02 sec
diis-norm(errvec)=0.0429918
diis-c [-0.00125705 -0.03356038 -0.03432576  1.06788614]
  HOMO = -0.66828101679681  LUMO = 0.0856317938308298
  mo_energy =
[-26.43495841 -26.43472139  -1.76643008  -1.49914794  -0.81247476
  -0.81247476  -0.75434366  -0.66828102  -0.66828102   0.08563179
   0.61266401   0.62964229   0.65419751   0.65419751   0.76661775
   0.76661775   0.77943659   1.0898549    1.87279365   1.87279365
   2.0880133    2.0880133    2.3204107    2.3204107    2.35593781
   2.78677976   2.78677976   2.96514417   3.43858183   3.43858183
   3.49012097   3.67607824   3.67607824   3.75127126   3.93093903
   5.09933295   6.88114327   6.88563356   6.88563356   7.14742699
   7.14742699   7.31452775   7.31452775   7.34193855   7.34193855
   7.42864166   7.42864166   7.78697611   7.78697611   8.30782328
   8.69139871   8.69139871   8.70135756   8.70135756   8.85119456
   8.85119456   9.26751057   9.34180622   9.34180622  10.45160826
  57.83231651  58.63758849]
E_coul = 109.489193271392
cycle= 4 E= -198.764350964284  delta_E= -0.000104  |g|= 0.00656  |ddm|= 0.0144
    CPU time for cycle= 4      0.02 sec, wall time      0.02 sec
diis-norm(errvec)=0.0106428
diis-c [ -2.68921118e-05  -1.03151433e-02  -4.55430873e-02   1.18056149e-01
   9.37802082e-01]
  HOMO = -0.666500616346671  LUMO = 0.087845891156308
  mo_energy =
[-26.42873682 -26.42849946  -1.76439759  -1.49684841  -0.81075578
  -0.81075578  -0.75164677  -0.66650062  -0.66650062   0.08784589
   0.61338663   0.63082368   0.65455806   0.65455806   0.7670285
   0.7670285    0.77991992   1.0902914    1.87395789   1.87395789
   2.08919909   2.08919909   2.32164427   2.32164427   2.35737501
   2.78811899   2.78811899   2.96692707   3.44081286   3.44081286
   3.49272424   3.67826022   3.67826022   3.75343365   3.93319194
   5.10138462   6.88296711   6.88751534   6.88751534   7.14934863
   7.14934863   7.31652744   7.31652744   7.34394005   7.34394005
   7.4305611    7.4305611    7.78901048   7.78901048   8.31027201
   8.69439409   8.69439409   8.70441758   8.70441758   8.85424514
   8.85424514   9.27047208   9.34463031   9.34463031  10.45418491
  57.83820697  58.64347645]
E_coul = 109.469657477016
cycle= 5 E= -198.76435761952  delta_E= -6.66e-06  |g|= 0.000871  |ddm|= 0.00356
    CPU time for cycle= 5      0.02 sec, wall time      0.02 sec
diis-norm(errvec)=0.00177022
diis-c [ -9.40001449e-07   3.29988855e-03   7.78838816e-03  -6.03138903e-02
  -1.32083249e-01   1.18130886e+00]
  HOMO = -0.666690654938707  LUMO = 0.087623197276418
  mo_energy =
[-26.42903667 -26.42879934  -1.76452913  -1.49699883  -0.81091181
  -0.81091181  -0.75164466  -0.66669065  -0.66669065   0.0876232
   0.61335248   0.63079976   0.65449059   0.65449059   0.76697429
   0.76697429   0.77988664   1.09024725   1.87384703   1.87384703
   2.08910775   2.08910775   2.32154214   2.32154214   2.35722061
   2.78796994   2.78796994   2.96677189   3.44064516   3.44064516
   3.49256177   3.67810085   3.67810085   3.75327318   3.9330119
   5.10123745   6.88279886   6.88731274   6.88731274   7.14917501
   7.14917501   7.31639959   7.31639959   7.34381187   7.34381187
   7.43040948   7.43040948   7.78887793   7.78887793   8.3101409
   8.69418838   8.69418838   8.70424107   8.70424107   8.85404945
   8.85404945   9.27022995   9.34436155   9.34436155  10.45390537
  57.83791863  58.64318294]
E_coul = 109.470787014379
cycle= 6 E= -198.764357819764  delta_E= -2e-07  |g|= 0.000121  |ddm|= 0.00072
    CPU time for cycle= 6      0.02 sec, wall time      0.02 sec
diis-norm(errvec)=0.000273761
diis-c [ -4.68707584e-09  -3.19645012e-04  -9.35415717e-04   8.88229552e-03
   1.27567067e-02  -2.78165897e-01   1.25778196e+00]
  HOMO = -0.666686033538793  LUMO = 0.087618547653794
  mo_energy =
[-26.42902834 -26.42879099  -1.76452127  -1.49700024  -0.81090441
  -0.81090441  -0.75161599  -0.66668603  -0.66668603   0.08761855
   0.61335603   0.63080425   0.65449572   0.65449572   0.76697584
   0.76697584   0.77989483   1.09025004   1.87386178   1.87386178
   2.08911572   2.08911572   2.32154795   2.32154795   2.35723631
   2.78797345   2.78797345   2.96677663   3.44065282   3.44065282
   3.49257651   3.67810994   3.67810994   3.75327529   3.93301134
   5.10125436   6.88281539   6.88732206   6.88732206   7.14918419
   7.14918419   7.31640802   7.31640802   7.34382023   7.34382023
   7.43042217   7.43042217   7.78890025   7.78890025   8.3101683
   8.69420275   8.69420275   8.70425194   8.70425194   8.85405692
   8.85405692   9.27024201   9.34436501   9.34436501  10.45391128
  57.83792643  58.64319019]
E_coul = 109.470721795184
cycle= 7 E= -198.764357823202  delta_E= -3.44e-09  |g|= 9.04e-06  |ddm|= 8.47e-05
    CPU time for cycle= 7      0.02 sec, wall time      0.02 sec
diis-norm(errvec)=1.58091e-05
diis-c [ -8.16820500e-11   6.29085575e-05   1.76586578e-04  -1.78946950e-03
  -2.09550330e-03   5.79363348e-02  -2.78480602e-01   1.22418974e+00]
  HOMO = -0.666684776267783  LUMO = 0.0876185865245724
  mo_energy =
[-26.42902833 -26.42879097  -1.7645214   -1.49700101  -0.81090303
  -0.81090303  -0.75161551  -0.66668478  -0.66668478   0.08761859
   0.61335563   0.63080351   0.65449633   0.65449633   0.76697622
   0.76697622   0.77989501   1.09025022   1.8738626    1.8738626
   2.08911642   2.08911642   2.32154858   2.32154858   2.35723661
   2.78797392   2.78797392   2.96677675   3.4406536    3.4406536
   3.4925768    3.67811074   3.67811074   3.75327514   3.9330113
   5.10125498   6.88281614   6.88732276   6.88732276   7.14918492
   7.14918492   7.31640878   7.31640878   7.34382099   7.34382099
   7.43042293   7.43042293   7.78890107   7.78890107   8.31016906
   8.69420328   8.69420328   8.70425255   8.70425255   8.8540575
   8.8540575    9.2702425    9.34436546   9.34436546  10.45391182
  57.83792668  58.64319044]
E_coul = 109.470724709303
cycle= 8 E= -198.764357823229  delta_E= -2.74e-11  |g|= 9.86e-07  |ddm|= 1.06e-05
    CPU time for cycle= 8      0.02 sec, wall time      0.02 sec
  HOMO = -0.66668474803113  LUMO = 0.0876185438052662
  mo_energy =
[-26.42902834 -26.42879098  -1.76452149  -1.49700117  -0.810903    -0.810903
  -0.75161562  -0.66668475  -0.66668475   0.08761854   0.61335558
   0.63080343   0.65449638   0.65449638   0.76697625   0.76697625
   0.77989499   1.0902502    1.87386259   1.87386259   2.0891164
   2.0891164    2.32154857   2.32154857   2.35723661   2.7879739
   2.7879739    2.96677668   3.44065363   3.44065363   3.49257676
   3.67811077   3.67811077   3.75327509   3.93301126   5.10125496
   6.88281611   6.88732273   6.88732273   7.1491849    7.1491849
   7.31640878   7.31640878   7.34382099   7.34382099   7.43042291
   7.43042291   7.78890105   7.78890105   8.31016905   8.69420327
   8.69420327   8.70425256   8.70425256   8.85405751   8.85405751
   9.27024249   9.34436545   9.34436545  10.4539118   57.83792664
  58.64319041]
    CPU time for scf_cycle      0.39 sec, wall time      0.39 sec
    CPU time for SCF      0.39 sec, wall time      0.40 sec
converged SCF energy = -198.764357823229
RHF E = -198.764357823
RHF eps = [-26.42902834 -26.42879098  -1.76452149  -1.49700117  -0.810903    -0.810903
  -0.75161562  -0.66668475  -0.66668475   0.08761854   0.61335558
   0.63080343   0.65449638   0.65449638   0.76697625   0.76697625
   0.77989499   1.0902502    1.87386259   1.87386259   2.0891164
   2.0891164    2.32154857   2.32154857   2.35723661   2.7879739
   2.7879739    2.96677668   3.44065363   3.44065363   3.49257676
   3.67811077   3.67811077   3.75327509   3.93301126   5.10125496
   6.88281611   6.88732273   6.88732273   7.1491849    7.1491849
   7.31640878   7.31640878   7.34382099   7.34382099   7.43042291
   7.43042291   7.78890105   7.78890105   8.31016905   8.69420327
   8.69420327   8.70425256   8.70425256   8.85405751   8.85405751
   9.27024249   9.34436545   9.34436545  10.4539118   57.83792664
  58.64319041]
    CPU time for CCSD integral transformation      1.38 sec, wall time      1.39 sec

******** <class 'pyscf.cc.linrccsd.LinRCCSD'> flags ********
CCSD nocc = 7, nvir = 53
frozen orbitals [0, 1]
max_cycle = 50
direct = 0
conv_tol = 1e-07
conv_tol_normt = 1e-05
diis_space = 6
diis_start_cycle = 0
diis_start_energy_diff = 1e+09
Init t2, MP2 energy = -0.518515597249389
    CPU time for init mp2      0.01 sec, wall time      0.00 sec
    CPU time for update t1 t2      0.15 sec, wall time      0.16 sec
istep = 0  E(CCSD) = -0.517722402699885  dE = -0.517722403  norm(t1,t2) = 0.0823018
    CPU time for CCSD iter      0.15 sec, wall time      0.16 sec
    CPU time for update t1 t2      0.15 sec, wall time      0.15 sec
DIIS for step 1
istep = 1  E(CCSD) = -0.536309430364745  dE = -0.0185870277  norm(t1,t2) = 0.0385555
    CPU time for CCSD iter      0.15 sec, wall time      0.15 sec
    CPU time for update t1 t2      0.15 sec, wall time      0.15 sec
diis-c [ -2.88940757e-04   1.00000000e+00]
DIIS for step 2
istep = 2  E(CCSD) = -0.538218040447019  dE = -0.00190861008  norm(t1,t2) = 0.0221899
    CPU time for CCSD iter      0.15 sec, wall time      0.15 sec
    CPU time for update t1 t2      0.15 sec, wall time      0.15 sec
diis-c [ -5.84974993e-05  -1.21290562e+00   2.21290562e+00]
DIIS for step 3
istep = 3  E(CCSD) = -0.544215282577328  dE = -0.00599724213  norm(t1,t2) = 0.0135726
    CPU time for CCSD iter      0.15 sec, wall time      0.15 sec
    CPU time for update t1 t2      0.15 sec, wall time      0.15 sec
diis-c [ -8.72277031e-06  -3.01849710e-01   3.29342373e-01   9.72507337e-01]
DIIS for step 4
istep = 4  E(CCSD) = -0.54393963155668  dE = 0.000275651021  norm(t1,t2) = 0.00451036
    CPU time for CCSD iter      0.16 sec, wall time      0.15 sec
    CPU time for update t1 t2      0.15 sec, wall time      0.15 sec
diis-c [ -2.83394025e-06   5.42419052e-01  -7.18500443e-01  -1.32115273e+00
   2.49723412e+00]
DIIS for step 5
istep = 5  E(CCSD) = -0.543808404088374  dE = 0.000131227468  norm(t1,t2) = 0.00261053
    CPU time for CCSD iter      0.15 sec, wall time      0.15 sec
    CPU time for update t1 t2      0.15 sec, wall time      0.15 sec
diis-c [ -9.52830634e-07  -5.47450042e-01   7.63987987e-01   1.13905573e+00
  -2.80107597e+00   2.44548230e+00]
DIIS for step 6
istep = 6  E(CCSD) = -0.543984150779857  dE = -0.000175746691  norm(t1,t2) = 0.00142537
    CPU time for CCSD iter      0.15 sec, wall time      0.15 sec
    CPU time for update t1 t2      0.15 sec, wall time      0.15 sec
diis-c [ -1.58436574e-07  -1.88884320e-01   2.60501064e-01   4.37429124e-01
  -8.10440814e-01  -2.19748163e-01   1.52114311e+00]
DIIS for step 7
istep = 7  E(CCSD) = -0.543961436509469  dE = 2.27142704e-05  norm(t1,t2) = 0.00079997
    CPU time for CCSD iter      0.15 sec, wall time      0.15 sec
    CPU time for update t1 t2      0.15 sec, wall time      0.15 sec
diis-c [ -3.60943039e-08   1.25802106e+00  -4.94444269e-03  -1.42926638e-03
   4.29940964e-02  -2.93842402e-02  -2.65257211e-01]
DIIS for step 8
istep = 8  E(CCSD) = -0.543967302575129  dE = -5.86606566e-06  norm(t1,t2) = 0.00029891
    CPU time for CCSD iter      0.15 sec, wall time      0.15 sec
    CPU time for update t1 t2      0.15 sec, wall time      0.15 sec
diis-c [ -1.44010970e-09  -5.52119742e-01   1.64296229e+00   2.30517136e-03
  -3.19951910e-02   1.50778438e-01  -2.11930965e-01]
DIIS for step 9
istep = 9  E(CCSD) = -0.5439485301095  dE = 1.87724656e-05  norm(t1,t2) = 0.0001297
    CPU time for CCSD iter      0.16 sec, wall time      0.15 sec
    CPU time for update t1 t2      0.15 sec, wall time      0.15 sec
diis-c [ -1.81026777e-10   2.06910170e-01  -7.33134116e-01   1.48322178e+00
   1.01141439e-02  -5.76127140e-02   9.05007406e-02]
DIIS for step 10
istep = 10  E(CCSD) = -0.543950561789999  dE = -2.0316805e-06  norm(t1,t2) = 2.61886e-05
    CPU time for CCSD iter      0.15 sec, wall time      0.15 sec
    CPU time for update t1 t2      0.15 sec, wall time      0.15 sec
diis-c [ -1.83100757e-11   1.43747148e-02  -2.02050858e-02  -9.31181231e-02
   1.10218460e+00   2.72047701e-04  -3.50815141e-03]
DIIS for step 11
istep = 11  E(CCSD) = -0.543949418353868  dE = 1.14343613e-06  norm(t1,t2) = 6.55339e-06
    CPU time for CCSD iter      0.15 sec, wall time      0.15 sec
    CPU time for update t1 t2      0.15 sec, wall time      0.15 sec
diis-c [ -1.95701788e-12   4.01160771e-03  -2.83909116e-03  -8.20471539e-02
   3.45172296e-02   1.04681537e+00  -4.57957237e-04]
DIIS for step 12
istep = 12  E(CCSD) = -0.543949535724533  dE = -1.17370665e-07  norm(t1,t2) = 2.70537e-06
    CPU time for CCSD iter      0.15 sec, wall time      0.15 sec
    CPU time for update t1 t2      0.15 sec, wall time      0.15 sec
diis-c [ -2.80692136e-13   2.29499051e-04  -2.45821836e-03   5.09312012e-02
  -1.23088575e-01  -3.70923394e-01   1.44530949e+00]
DIIS for step 13
istep = 13  E(CCSD) = -0.543949394109127  dE = 1.41615406e-07  norm(t1,t2) = 9.54935e-07
    CPU time for CCSD iter      0.16 sec, wall time      0.15 sec
    CPU time for update t1 t2      0.14 sec, wall time      0.15 sec
diis-c [ -1.02334807e-13   1.39489214e+00   1.86303572e-04  -5.67790633e-03
   2.89990932e-02  -5.60020943e-03  -4.12799418e-01]
DIIS for step 14
istep = 14  E(CCSD) = -0.543949374362113  dE = 1.97470147e-08  norm(t1,t2) = 4.49403e-07
    CPU time for CCSD iter      0.15 sec, wall time      0.15 sec
    CPU time for CCSD      2.28 sec, wall time      2.29 sec
CCSD converged
E(linCCSD) = -199.3083071975911  E_corr = -0.5439493743621127
    CPU time for EOM-CCSD shared one-electron intermediates      0.02 sec, wall time      0.02 sec
    CPU time for EOM-CCSD IP intermediates      0.06 sec, wall time      0.06 sec
tol 1e-07  toloose 0.000316228
max_cycle 50  max_space 38  max_memory 2000  incore True
davidson 0 6  |r|= 0.572  e= [ 0.74653643  0.74653643  0.90364731  0.87755092  0.87755092  1.55565418]  max|de|= 1.56  lindep=    1
davidson 1 12  |r|= 0.316  e= [ 0.56030076  0.56030076  0.78021632  0.68016514  0.68016514  1.41073859]  max|de|= -0.197  lindep= 0.875
davidson 2 18  |r|= 0.193  e= [ 0.56123967  0.56123967  0.77975238  0.68175212  0.68175212  1.36453046]  max|de|= -0.0462  lindep= 0.43
davidson 3 24  |r|= 0.00592  e= [ 0.56123987  0.56123987  0.77970524  0.68175253  0.68175253  1.31469512]  max|de|= -0.0498  lindep= 0.924
root 0 converged  |r|= 3.05e-13  e= 0.561239868354  max|de|= -1.22e-15
root 1 converged  |r|= 3.05e-13  e= 0.561239868354  max|de|= 1.78e-15
root 3 converged  |r|= 1.98e-12  e= 0.681752529132  max|de|= 3.33e-16
root 4 converged  |r|= 1.98e-12  e= 0.681752529132  max|de|= 3.33e-16
davidson 4 26  |r|= 3.09e-07  e= [ 0.56123987  0.56123987  0.77972313  0.68175253  0.68175253  1.31471746]  max|de|= 2.23e-05  lindep= 0.755
root 2 converged  |r|= 1.52e-11  e= 0.77972311429  max|de|= -1.4e-08
root 5 converged  |r|= 1.82e-14  e= 1.31471745697  max|de|= -1.82e-09
converge 5 28  |r|= 1.52e-11  e= [ 0.56123987  0.56123987  0.77972311  0.68175253  0.68175253  1.31471746]  max|de|= -1.4e-08
IP root 0 E = 0.5612398683536599  qpwt = 0.946206
IP root 1 E = 0.5612398683536578  qpwt = 0.946206
IP root 2 E = 0.7797231142902113  qpwt = 0.961326
IP root 3 E = 0.6817525291324871  qpwt = 0.93356
IP root 4 E = 0.6817525291324874  qpwt = 0.93356
IP root 5 E = 1.314717456965978  qpwt = 0.82579
    CPU time for IP-CCSD      0.16 sec, wall time      0.16 sec
    CPU time for EOM-CCSD shared one-electron intermediates      0.01 sec, wall time      0.02 sec
    CPU time for EOM-CCSD EA intermediates      1.23 sec, wall time      1.24 sec
tol 1e-07  toloose 0.000316228
max_cycle 50  max_space 38  max_memory 2000  incore True
davidson 0 6  |r|= 0.66  e= [ 0.18514903  0.62505069  0.65426545  0.67698272  0.67698272  0.78124024]  max|de|= 0.781  lindep=    1
davidson 1 12  |r|= 0.0845  e= [ 0.0326362   0.56824439  0.57227683  0.63030052  0.63030052  0.74007996]  max|de|= -0.153  lindep= 0.61
davidson 2 18  |r|= 0.0132  e= [ 0.03125831  0.56757881  0.57045509  0.62943345  0.62943345  0.73760948]  max|de|= -0.00247  lindep= 0.841
davidson 3 24  |r|= 0.00155  e= [ 0.03135124  0.56770826  0.57043467  0.62944055  0.62944055  0.73762716]  max|de|= 0.000129  lindep= 0.39
davidson 4 30  |r|= 0.00124  e= [ 0.0313341   0.56770824  0.57044109  0.6294371   0.6294371   0.73764025]  max|de|= -1.71e-05  lindep= 0.772
root 3 converged  |r|= 8.75e-06  e= 0.629437010533  max|de|= -8.93e-08
root 4 converged  |r|= 8.75e-06  e= 0.629437010533  max|de|= -8.93e-08
root 5 converged  |r|= 9.22e-06  e= 0.737640351112  max|de|= 9.88e-08
davidson 5 36  |r|= 8.65e-05  e= [ 0.03133389  0.56771424  0.57044121  0.62943701  0.62943701  0.73764035]  max|de|= 6e-06  lindep= 0.672
root 0 converged  |r|= 1.01e-05  e= 0.0313338883239  max|de|= 1.28e-15
root 1 converged  |r|= 8.65e-05  e= 0.567714244208  max|de|= 8.88e-16
root 2 converged  |r|= 5.34e-06  e= 0.570441207737  max|de|= 4e-15
root 3 converged  |r|= 8.75e-06  e= 0.629437010533  max|de|= -7.77e-16
root 4 converged  |r|= 8.75e-06  e= 0.629437010533  max|de|= 9.99e-16
root 5 converged  |r|= 9.22e-06  e= 0.737640351112  max|de|= 3.33e-16
converge 6 6  |r|= 8.65e-05  e= [ 0.03133389  0.56771424  0.57044121  0.62943701  0.62943701  0.73764035]  max|de|= 4e-15
EA root 0 E = 0.03133388832390991  qpwt = 0.966888
EA root 1 E = 0.567714244208038  qpwt = 0.983517
EA root 2 E = 0.5704412077374941  qpwt = 0.974181
EA root 3 E = 0.6294370105328397  qpwt = 0.98889
EA root 4 E = 0.6294370105328357  qpwt = 0.98889
EA root 5 E = 0.7376403511116334  qpwt = 0.974145
    CPU time for EA-CCSD      2.20 sec, wall time      2.21 sec
