

******** <class 'pyscf.scf.hf.RHF'> flags ********
method = RHF
initial guess = minao
damping factor = 0
level shift factor = 0
Do DIIS = True
DIIS start cycle = 1
DIIS space = 8
SCF tol = 1e-09
SCF gradient tol = None
max. SCF cycles = 50
direct_scf = True
direct_scf_tol = 1e-13
chkfile to save SCF result = /tmp/tmp9c8B52
max_memory 4000 MB (current use 39 MB)
Set gradient conv threshold to 3.16228e-05
Nelec from initial guess = 1.99955
cond(S) = 2635.98667195
E_coul = 0.715825457804209
init E= -0.813071926370864
    CPU time for initialize scf      0.03 sec, wall time      0.24 sec
  HOMO = -0.554264067302797  LUMO = 0.135699438576271
  mo_energy =
[-0.55426407  0.13569944  0.30194821  0.59456139  0.66761582  0.66761582
  1.08323152  1.1024297   1.1024297   1.52207976  2.3021635   2.3700567
  3.12782087  3.12782087  3.34977704  3.34977704  3.64204985  3.86728576
  3.86728576  4.04720556  4.04720556  4.08282653  4.08282653  4.62110376
  5.6791327   5.6791327   5.76030792  6.90540836]
E_coul = 0.642998096605602
cycle= 1 E= -1.13200668259769  delta_E= -0.319  |g|= 0.0447  |ddm|= 0.472
    CPU time for cycle= 1      0.01 sec, wall time      0.01 sec
diis-norm(errvec)=0.169746
diis-c [-0.02881364  1.        ]
  HOMO = -0.601756905486071  LUMO = 0.164075578670255
  mo_energy =
[-0.60175691  0.16407558  0.30469467  0.63908717  0.6843469   0.6843469
  1.09155969  1.11469327  1.11469327  1.52582675  2.33591126  2.40437994
  3.1624661   3.1624661   3.39553109  3.39553109  3.66295901  3.88389742
  3.88389742  4.07292435  4.07292435  4.10269399  4.10269399  4.63834468
  5.7133554   5.7133554   5.79434044  6.9528585 ]
E_coul = 0.655556948203292
cycle= 2 E= -1.13292806965728  delta_E= -0.000921  |g|= 0.00708  |ddm|= 0.0316
    CPU time for cycle= 2      0.00 sec, wall time      0.01 sec
diis-norm(errvec)=0.0230028
diis-c [ -7.33064266e-05  -1.44081709e-01   1.14408171e+00]
  HOMO = -0.59466418591448  LUMO = 0.167313044468874
  mo_energy =
[-0.59466419  0.16731304  0.30662389  0.64548803  0.69208005  0.69208005
  1.09625256  1.11953057  1.11953057  1.52855988  2.34645664  2.41721656
  3.17454131  3.17454131  3.41110301  3.41110301  3.67415583  3.89341937
  3.89341937  4.08314098  4.08314098  4.11296551  4.11296551  4.64825352
  5.7266104   5.7266104   5.80807666  6.97085194]
E_coul = 0.657974071612071
cycle= 3 E= -1.13295869532686  delta_E= -3.06e-05  |g|= 0.000783  |ddm|= 0.00823
    CPU time for cycle= 3      0.01 sec, wall time      0.01 sec
diis-norm(errvec)=0.00163323
diis-c [ -5.56541008e-08   2.90238275e-02  -2.53141080e-01   1.22411725e+00]
  HOMO = -0.594259627247716  LUMO = 0.167542428018566
  mo_energy =
[-0.59425963  0.16754243  0.30672324  0.64582158  0.69253508  0.69253508
  1.09658214  1.11987237  1.11987237  1.52878489  2.34703583  2.41793162
  3.17523447  3.17523447  3.41187863  3.41187863  3.67479285  3.89400172
  3.89400172  4.08378113  4.08378113  4.11360779  4.11360779  4.64886221
  5.72734163  5.72734163  5.80879581  6.97171399]
E_coul = 0.658168486294375
cycle= 4 E= -1.13295899532651  delta_E= -3e-07  |g|= 3e-05  |ddm|= 0.00112
    CPU time for cycle= 4      0.00 sec, wall time      0.00 sec
diis-norm(errvec)=5.95148e-05
diis-c [ -8.73943418e-11  -8.75196537e-03   7.75482911e-02  -3.81380930e-01
   1.31258460e+00]
  HOMO = -0.594251390495084  LUMO = 0.167550772784875
  mo_energy =
[-0.59425139  0.16755077  0.30673095  0.64583344  0.692551    0.692551
  1.09659951  1.11988545  1.11988545  1.52879566  2.3470618   2.41795567
  3.17525755  3.17525755  3.41190582  3.41190582  3.67482196  3.8940268
  3.8940268   4.08380425  4.08380425  4.1136338   4.1136338   4.64888859
  5.72737006  5.72737006  5.80882547  6.97174833]
E_coul = 0.658173194964162
cycle= 5 E= -1.13295899578117  delta_E= -4.55e-10  |g|= 1.21e-06  |ddm|= 5.33e-05
    CPU time for cycle= 5      0.01 sec, wall time      0.01 sec
  HOMO = -0.594250644069661  LUMO = 0.167550485340574
  mo_energy =
[-0.59425064  0.16755049  0.30672989  0.645833    0.69255044  0.69255044
  1.09659871  1.11988489  1.11988489  1.5287952   2.34706082  2.41795458
  3.17525657  3.17525657  3.41190471  3.41190471  3.67482095  3.8940259
  3.8940259   4.08380328  4.08380328  4.11363282  4.11363282  4.64888765
  5.727369    5.727369    5.80882444  6.97174721]
    CPU time for scf_cycle      0.06 sec, wall time      0.27 sec
    CPU time for SCF      0.06 sec, wall time      0.27 sec
converged SCF energy = -1.13295899578117
RHF E = -1.13295899578
RHF eps = [-0.59425064  0.16755049  0.30672989  0.645833    0.69255044  0.69255044
  1.09659871  1.11988489  1.11988489  1.5287952   2.34706082  2.41795458
  3.17525657  3.17525657  3.41190471  3.41190471  3.67482095  3.8940259
  3.8940259   4.08380328  4.08380328  4.11363282  4.11363282  4.64888765
  5.727369    5.727369    5.80882444  6.97174721]
    CPU time for CCSD integral transformation      0.09 sec, wall time      0.10 sec

******** <class 'pyscf.cc.linrccsd.LinRCCSD'> flags ********
CCSD nocc = 1, nvir = 27
max_cycle = 50
direct = 0
conv_tol = 1e-07
conv_tol_normt = 1e-05
diis_space = 6
diis_start_cycle = 0
diis_start_energy_diff = 1e+09
Init t2, MP2 energy = -0.0316813762297753
    CPU time for init mp2      0.00 sec, wall time      0.00 sec
    CPU time for update t1 t2      0.00 sec, wall time      0.01 sec
istep = 0  E(CCSD) = -0.0373059593956254  dE = -0.0373059594  norm(t1,t2) = 0.0310076
    CPU time for CCSD iter      0.00 sec, wall time      0.01 sec
    CPU time for update t1 t2      0.01 sec, wall time      0.01 sec
DIIS for step 1
istep = 1  E(CCSD) = -0.0390960702638412  dE = -0.00179011087  norm(t1,t2) = 0.0114615
    CPU time for CCSD iter      0.01 sec, wall time      0.01 sec
    CPU time for update t1 t2      0.00 sec, wall time      0.01 sec
diis-c [ -1.58965284e-05   1.00000000e+00]
DIIS for step 2
istep = 2  E(CCSD) = -0.0397249456152184  dE = -0.000628875351  norm(t1,t2) = 0.00470795
    CPU time for CCSD iter      0.01 sec, wall time      0.01 sec
    CPU time for update t1 t2      0.00 sec, wall time      0.01 sec
diis-c [ -1.44012869e-07  -7.19160464e-01   1.71916046e+00]
DIIS for step 3
istep = 3  E(CCSD) = -0.0401298132273044  dE = -0.000404867612  norm(t1,t2) = 0.00203824
    CPU time for CCSD iter      0.00 sec, wall time      0.01 sec
    CPU time for update t1 t2      0.01 sec, wall time      0.01 sec
diis-c [ -6.26497076e-10   3.61144592e-01  -8.85483281e-01   1.52433869e+00]
DIIS for step 4
istep = 4  E(CCSD) = -0.0401171453668444  dE = 1.26678605e-05  norm(t1,t2) = 0.00016929
    CPU time for CCSD iter      0.01 sec, wall time      0.01 sec
    CPU time for update t1 t2      0.00 sec, wall time      0.01 sec
diis-c [ -1.21493093e-11  -1.36489671e-01   3.35484142e-01  -5.90935036e-01
   1.39194057e+00]
DIIS for step 5
istep = 5  E(CCSD) = -0.040117330704238  dE = -1.85337394e-07  norm(t1,t2) = 1.11657e-05
    CPU time for CCSD iter      0.00 sec, wall time      0.01 sec
    CPU time for update t1 t2      0.01 sec, wall time      0.01 sec
diis-c [ -1.74249504e-13   5.70674068e-02  -1.40385043e-01   2.48024368e-01
  -6.40669445e-01   1.47596271e+00]
DIIS for step 6
istep = 6  E(CCSD) = -0.0401173704138577  dE = -3.97096197e-08  norm(t1,t2) = 1.72937e-06
    CPU time for CCSD iter      0.01 sec, wall time      0.01 sec
    CPU time for CCSD      0.04 sec, wall time      0.04 sec
CCSD converged
E(linCCSD) = -1.173076366195025  E_corr = -0.0401173704138577
    CPU time for EOM-CCSD shared one-electron intermediates      0.00 sec, wall time      0.00 sec
    CPU time for EOM-CCSD IP intermediates      0.00 sec, wall time      0.00 sec
tol 1e-07  toloose 0.000316228
max_cycle 50  max_space 23  max_memory 2000  incore True
davidson 0 1  |r|= 0.175  e= [ 0.63330827]  max|de|= 0.633  lindep=    1
davidson 1 2  |r|= 0.00182  e= [ 0.60741377]  max|de|= -0.0259  lindep= 0.922
davidson 2 3  |r|= 2.94e-10  e= [ 0.60741493]  max|de|= 1.16e-06  lindep=    1
Linear dependency in trial subspace. |r| for each state [2.9382273266884839e-10]
IP root 0 E = 0.6074149334352745  qpwt = 0.975946
    CPU time for IP-CCSD      0.01 sec, wall time      0.01 sec
    CPU time for EOM-CCSD shared one-electron intermediates      0.00 sec, wall time      0.00 sec
    CPU time for EOM-CCSD EA intermediates      0.07 sec, wall time      0.08 sec
tol 1e-07  toloose 0.000316228
max_cycle 50  max_space 38  max_memory 2000  incore True
davidson 0 6  |r|= 0.287  e= [ 0.17276152  0.31053875  0.65657991  0.69795867  0.69795867  1.0989958 ]  max|de|=  1.1  lindep=    1
davidson 1 12  |r|= 0.0365  e= [ 0.1582801   0.29864876  0.6183987   0.66468966  0.66468966  1.07106548]  max|de|= -0.0382  lindep= 0.55
davidson 2 18  |r|= 0.00368  e= [ 0.15833552  0.29857781  0.61813197  0.66464811  0.66464811  1.07040595]  max|de|= -0.00066  lindep= 0.574
davidson 3 24  |r|= 0.000283  e= [ 0.15833441  0.29858104  0.61813898  0.66467317  0.66467317  1.07040255]  max|de|= 2.51e-05  lindep= 0.321
root 1 converged  |r|= 7.58e-07  e= 0.298580969511  max|de|= -7.13e-08
root 2 converged  |r|= 8.64e-06  e= 0.618138923381  max|de|= -5.41e-08
davidson 4 30  |r|= 1.51e-05  e= [ 0.15833423  0.29858097  0.61813892  0.66467258  0.66467258  1.07039872]  max|de|= -3.82e-06  lindep= 0.631
root 0 converged  |r|= 1.21e-08  e= 0.158334234824  max|de|= 2.41e-09
root 3 converged  |r|= 1.51e-07  e= 0.664672573741  max|de|= -5.62e-09
root 4 converged  |r|= 1.51e-07  e= 0.664672573741  max|de|= -5.62e-09
davidson 5 34  |r|= 6.48e-07  e= [ 0.15833423  0.29858097  0.61813895  0.66467257  0.66467257  1.07039889]  max|de|= 1.61e-07  lindep= 0.694
root 0 converged  |r|= 1.21e-08  e= 0.158334234824  max|de|= 1.67e-16
root 1 converged  |r|= 1.86e-07  e= 0.298580968471  max|de|= 7.22e-16
root 2 converged  |r|= 2.08e-06  e= 0.618138952543  max|de|= 9.99e-16
root 3 converged  |r|= 1.51e-07  e= 0.664672573741  max|de|= -4.44e-16
root 4 converged  |r|= 1.51e-07  e= 0.664672573741  max|de|= 5.55e-16
root 5 converged  |r|= 6.48e-07  e= 1.07039888508  max|de|= -1.11e-15
converge 6 6  |r|= 2.08e-06  e= [ 0.15833423  0.29858097  0.61813895  0.66467257  0.66467257  1.07039889]  max|de|= -1.11e-15
EA root 0 E = 0.1583342348240437  qpwt = 0.995382
EA root 1 E = 0.2985809684708858  qpwt = 0.994674
EA root 2 E = 0.6181389525433488  qpwt = 0.976015
EA root 3 E = 0.664672573740541  qpwt = 0.987871
EA root 4 E = 0.6646725737405403  qpwt = 0.987871
EA root 5 E = 1.070398885083034  qpwt = 0.877373
    CPU time for EA-CCSD      0.15 sec, wall time      0.15 sec
