

******** <class 'pyscf.scf.hf.RHF'> flags ********
method = RHF
initial guess = minao
damping factor = 0
level shift factor = 0
Do DIIS = True
DIIS start cycle = 1
DIIS space = 8
SCF tol = 1e-09
SCF gradient tol = None
max. SCF cycles = 50
direct_scf = True
direct_scf_tol = 1e-13
chkfile to save SCF result = /tmp/tmpgdQt7G
max_memory 4000 MB (current use 39 MB)
Set gradient conv threshold to 3.16228e-05
Nelec from initial guess = 21.9994
cond(S) = 40755.8525985
E_coul = 118.944864928008
init E= -164.461311586771
    CPU time for initialize scf      1.33 sec, wall time      1.56 sec
  HOMO = -0.238372993400058  LUMO = 0.0635664491094829
  mo_energy =
[-15.64462512 -15.60814166 -15.60389108  -1.76748605  -1.37228799
  -0.75009775  -0.5655758   -0.53832512  -0.48078338  -0.32046869
  -0.23837299   0.06356645   0.11482635   0.1358139    0.309759
   0.35660995   0.40617961   0.43779478   0.44177783   0.48431325
   0.50659246   0.52361492   0.55772779   0.60426275   0.62613813
   0.64078043   0.79393562   0.84917887   0.88078216   1.04173796
   1.08997749   1.09794424   1.15984285   1.25500074   1.3350171
   1.43025459   1.43654842   1.54912872   1.61240323   1.68111784
   1.69341017   1.77338419   1.78703794   1.86725732   2.00491823
   2.18962573   2.22729712   2.28636991   2.32705228   2.35127176
   2.44661816   2.58484354   2.63446808   2.67485646   2.68368228
   2.94664545   3.0312628    3.24491243   3.42865363   3.51448542
   3.61674488   3.66245067   3.77012713   3.80039531   3.91125701
   3.98307077   3.99016693   4.0982127    4.14216947   4.18012171
   4.18154728   4.2812146    4.44719735   4.44769045   4.49461475
   4.58598555   4.62345986   4.63349442   4.75032794   4.7951332
   4.85322126   4.87937188   4.9107717    4.95258243   5.0480403
   5.05135572   5.16723029   5.18789211   5.22930355   5.23936625
   5.46783204   5.59626133   5.60333841   5.81198003   5.92392454
   6.05113579   6.09799057   6.20274562   6.39774165   6.60681494
   7.14022156   7.27625165   7.34867703   7.78851731  33.10002737
  33.36667084  34.59021748]
E_coul = 116.26397800493
cycle= 1 E= -163.826760350261  delta_E= 0.635  |g|= 0.612  |ddm|= 1.71
    CPU time for cycle= 1      0.10 sec, wall time      0.09 sec
diis-norm(errvec)=1.90587
diis-c [-3.6323481  1.       ]
  HOMO = -0.441797650801782  LUMO = 0.0527829352441003
  mo_energy =
[-16.13162316 -15.68719757 -15.6615561   -1.63440381  -1.39259714
  -0.887004    -0.8008784   -0.78764369  -0.67988496  -0.50694835
  -0.44179765   0.05278294   0.08708008   0.11616794   0.28503021
   0.3329282    0.40587612   0.40647287   0.42298111   0.47391665
   0.50085105   0.51192715   0.52977456   0.58783512   0.60629286
   0.6073858    0.77131397   0.78073793   0.82352392   0.95224032
   1.00214515   1.00530102   1.11419723   1.19194188   1.28734406
   1.37148139   1.37808046   1.47280307   1.5342602    1.66002217
   1.66222582   1.73865637   1.74515955   1.83352576   1.99302352
   2.13571958   2.17165979   2.17780081   2.22493224   2.30620878
   2.36294744   2.52149761   2.53108476   2.56829949   2.61805094
   2.83475064   2.95046323   3.18482544   3.35951934   3.42875916
   3.530314     3.54907808   3.65966391   3.72446016   3.79735743
   3.83046871   3.83925791   3.99457251   4.02690063   4.10502132
   4.10808861   4.21709      4.34154755   4.34795222   4.38762063
   4.44555077   4.49065849   4.52467075   4.54618926   4.6626094
   4.67854836   4.76640696   4.87155766   4.9049041    4.95175657
   5.01882553   5.08713528   5.12471994   5.18376704   5.2197866
   5.39740735   5.4928753    5.55551415   5.72056293   5.88530377
   5.99285346   5.99381919   6.11489238   6.34648336   6.52710161
   7.00391879   7.14097695   7.20248322   7.63107105  33.01399187
  33.30381762  34.12144341]
E_coul = 119.084522760603
cycle= 2 E= -163.870583584888  delta_E= -0.0438  |g|= 0.455  |ddm|= 0.614
    CPU time for cycle= 2      0.09 sec, wall time      0.09 sec
diis-norm(errvec)=1.27766
diis-c [-0.23682297  0.39065238  0.60934762]
  HOMO = -0.408029213318213  LUMO = 0.10771152704117
  mo_energy =
[-15.77129407 -15.73620891 -15.6165626   -1.51593359  -1.28861715
  -0.83129663  -0.71555026  -0.70717428  -0.67747457  -0.47417429
  -0.40802921   0.10771153   0.14134095   0.15028096   0.31806178
   0.37006698   0.4128022    0.42769045   0.42989172   0.48938654
   0.52166037   0.52185993   0.56209631   0.61361676   0.63175207
   0.63734292   0.80062444   0.8222269    0.85638813   1.01298537
   1.05059155   1.06472243   1.15605794   1.23716911   1.30798833
   1.40850267   1.41207828   1.52231037   1.57925344   1.69297408
   1.69305969   1.77259659   1.77440835   1.87423311   1.99556022
   2.17785685   2.22642402   2.25948423   2.27430217   2.32401978
   2.41706059   2.56327318   2.59967758   2.62945863   2.65389464
   2.9244871    2.98964353   3.23308583   3.40525478   3.4831898
   3.60039758   3.6241991    3.73146669   3.76798169   3.8663081
   3.92203356   3.9250923    4.06365419   4.10152878   4.14351168
   4.14864053   4.25857931   4.39284182   4.39505515   4.44611777
   4.54256529   4.58763445   4.58868158   4.69216496   4.74658625
   4.79690886   4.84489552   4.86723264   4.90154307   5.02324273
   5.05768957   5.14663011   5.169405     5.20609681   5.24802395
   5.4537719    5.56889449   5.59316457   5.78527666   5.92769967
   6.04584598   6.07262856   6.17642432   6.39845803   6.58853816
   7.09884761   7.23564629   7.30954587   7.74424843  32.97169403
  33.3475168   34.45558723]
E_coul = 118.118142640193
cycle= 3 E= -163.905905694261  delta_E= -0.0353  |g|= 0.0956  |ddm|= 0.232
    CPU time for cycle= 3      0.09 sec, wall time      0.09 sec
diis-norm(errvec)=0.256413
diis-c [-0.02566736  0.02028746  0.15404104  0.8256715 ]
  HOMO = -0.401082199318076  LUMO = 0.119458122336709
  mo_energy =
[-15.7869246  -15.65263516 -15.62076437  -1.50241648  -1.28426395
  -0.8299965   -0.70348442  -0.69935525  -0.66063629  -0.47058484
  -0.4010822    0.11945812   0.14598257   0.16151314   0.32331165
   0.37104828   0.41788932   0.43269734   0.43387396   0.49413521
   0.52298249   0.52444467   0.56452175   0.61760026   0.6357548
   0.64028521   0.80031487   0.82304186   0.86123355   1.01941842
   1.05993349   1.07281722   1.16519087   1.24406183   1.31371848
   1.41501912   1.42034105   1.52780984   1.58398759   1.6914133
   1.69635668   1.77886167   1.78069781   1.87926463   2.0135243
   2.18732516   2.24317996   2.26451312   2.28406742   2.34040127
   2.41849231   2.57376922   2.60445174   2.63559735   2.66453903
   2.92705864   3.00709968   3.2347933    3.40935273   3.48906877
   3.60664766   3.63252598   3.74110102   3.77485963   3.87837967
   3.93128959   3.93437987   4.07250647   4.11098094   4.15466565
   4.15563962   4.26917081   4.40716805   4.40778335   4.45688978
   4.55161927   4.59835334   4.60052805   4.70027647   4.75493786
   4.80433992   4.85166277   4.89601921   4.93312973   5.03082644
   5.05987058   5.15744432   5.19231752   5.22926241   5.24721328
   5.45947064   5.57694358   5.60333109   5.79475912   5.92944238
   6.0487697    6.08119987   6.19243906   6.40079465   6.59753893
   7.11158548   7.24672951   7.32252827   7.75329586  33.04764484
  33.3460116   34.44188673]
E_coul = 118.111530400091
cycle= 4 E= -163.907906947703  delta_E= -0.002  |g|= 0.0415  |ddm|= 0.084
    CPU time for cycle= 4      0.10 sec, wall time      0.10 sec
diis-norm(errvec)=0.116062
diis-c [-0.00547049 -0.04303329 -0.0227133   0.30191967  0.76382692]
  HOMO = -0.400468193104477  LUMO = 0.118766020057112
  mo_energy =
[-15.79582536 -15.67675744 -15.60164602  -1.50831226  -1.28357561
  -0.82392215  -0.70784783  -0.70261363  -0.6694891   -0.46897488
  -0.40046819   0.11876602   0.1465521    0.1597032    0.32171697
   0.37390076   0.41558872   0.43099545   0.43268737   0.49329935
   0.52517582   0.52520426   0.56770451   0.61649174   0.63918037
   0.64005373   0.80145338   0.82790305   0.86100763   1.01637421
   1.05566848   1.0705017    1.16368994   1.2434387    1.3150877
   1.41379954   1.41872758   1.52626459   1.58352155   1.69690634
   1.69789145   1.77905863   1.78099748   1.88131349   2.00670829
   2.18734649   2.2397489    2.26603329   2.27900431   2.33481562
   2.42450479   2.5720296    2.60389202   2.63319525   2.66283832
   2.928676     3.00028977   3.24341975   3.41612845   3.49398349
   3.61452904   3.63272858   3.73893931   3.78020091   3.87648111
   3.92693051   3.93014979   4.07439909   4.11254496   4.15603192
   4.15940957   4.27108198   4.40075865   4.40465119   4.4548059
   4.54976203   4.59635018   4.60126809   4.69536267   4.75453721
   4.80037486   4.85224262   4.8862236    4.92206575   5.03124837
   5.0663631    5.15703843   5.18579813   5.2210873    5.25543477
   5.46291283   5.57541612   5.60651498   5.79519952   5.93842812
   6.0563783    6.0804007    6.19104051   6.40822205   6.60243783
   7.10728528   7.24490694   7.31899172   7.75180846  33.02626038
  33.36259611  34.43376054]
E_coul = 118.115978274795
cycle= 5 E= -163.908406332779  delta_E= -0.000499  |g|= 0.0133  |ddm|= 0.0383
    CPU time for cycle= 5      0.10 sec, wall time      0.10 sec
diis-norm(errvec)=0.0381721
diis-c [ -9.36475124e-04  -1.52234741e-02  -3.34583939e-02  -5.24192185e-02
   1.43356544e-01   9.57744543e-01]
  HOMO = -0.40328767731464  LUMO = 0.118589098967986
  mo_energy =
[-15.79567607 -15.67980119 -15.61244392  -1.50958457  -1.28627484
  -0.82683428  -0.70913402  -0.70350099  -0.6711628   -0.47182157
  -0.40328768   0.1185891    0.14583132   0.15889951   0.32119606
   0.37320138   0.41539514   0.43070474   0.43196435   0.49259261
   0.52430208   0.52437018   0.56632438   0.61608824   0.63837871
   0.63887066   0.80084056   0.82666941   0.86024344   1.01547861
   1.05493357   1.06929548   1.16242166   1.24192214   1.31412727
   1.41285661   1.41758779   1.52504947   1.58256425   1.69513618
   1.69657901   1.77780992   1.77969884   1.87922554   2.00615715
   2.18520628   2.23854765   2.26397583   2.27775727   2.33391274
   2.42246355   2.5705251    2.60202143   2.63178806   2.66073984
   2.92617779   2.99911704   3.24051874   3.41439193   3.49225685
   3.6121526    3.63070506   3.73754244   3.77854599   3.87520295
   3.92582939   3.92927681   4.07234681   4.1107433    4.15434588
   4.15765679   4.2688266    4.3995994    4.40329517   4.45336952
   4.547898     4.59395313   4.59908294   4.69424117   4.75254919
   4.7992304    4.85013317   4.88454307   4.92068935   5.02873236
   5.06284396   5.1550505    5.18456073   5.21989148   5.25146967
   5.46008841   5.57360386   5.6033643    5.79309121   5.93544686
   6.05317266   6.07835072   6.18873849   6.40555538   6.59987824
   7.10530494   7.24274645   7.31702006   7.74932357  33.02320591
  33.35283369  34.43370457]
E_coul = 118.136336461403
cycle= 6 E= -163.908536687643  delta_E= -0.00013  |g|= 0.00648  |ddm|= 0.0177
    CPU time for cycle= 6      0.09 sec, wall time      0.10 sec
diis-norm(errvec)=0.0191609
diis-c [ -2.47639399e-04   1.06585194e-02   1.09301240e-02  -2.14792933e-02
  -1.56598919e-01  -2.92798649e-01   1.44928822e+00]
  HOMO = -0.402840651229581  LUMO = 0.11917024589255
  mo_energy =
[-15.7935517  -15.67842111 -15.60939395  -1.50871116  -1.28518363
  -0.82618251  -0.70855815  -0.7024376   -0.67059078  -0.47124628
  -0.40284065   0.11917025   0.14594823   0.1596344    0.3214091
   0.37342984   0.41555421   0.43099186   0.43211525   0.49275372
   0.52456455   0.52470752   0.56654522   0.61632014   0.63856513
   0.63922258   0.8011276    0.82676671   0.86040851   1.01577494
   1.05511893   1.06968711   1.16277146   1.24250741   1.31423627
   1.41316648   1.41796469   1.52536679   1.58287586   1.69576003
   1.69710598   1.77829824   1.78001772   1.8798737    2.00666654
   2.18591856   2.23926538   2.26486141   2.27861353   2.3344148
   2.42278525   2.5711002    2.60288465   2.63253153   2.66141786
   2.92703387   2.99960771   3.24094015   3.41450304   3.49240879
   3.6123285    3.63135556   3.7381862    3.77867812   3.87548379
   3.92624657   3.92960909   4.07291014   4.11112817   4.15453535
   4.1578569    4.26920653   4.40000896   4.40353732   4.45388381
   4.54859933   4.59482548   4.5996193    4.69509385   4.75332918
   4.80004302   4.85094991   4.88520431   4.92126284   5.02974261
   5.06420023   5.1558125    5.18557885   5.22044817   5.25261674
   5.46107896   5.5743399    5.60435652   5.79379327   5.93600837
   6.05411558   6.07924193   6.18956465   6.40646529   6.60051009
   7.10610511   7.24365615   7.31798708   7.75035311  33.02455363
  33.35565014  34.43570422]
E_coul = 118.128480807627
cycle= 7 E= -163.908597858565  delta_E= -6.12e-05  |g|= 0.0035  |ddm|= 0.0144
    CPU time for cycle= 7      0.10 sec, wall time      0.10 sec
diis-norm(errvec)=0.0103709
diis-c [ -5.35738735e-05   2.32107041e-04   3.44405780e-03   2.19993805e-02
   3.47824390e-02  -2.27974773e-01  -3.81093955e-01   1.54861074e+00]
  HOMO = -0.403261869468887  LUMO = 0.11929751247174
  mo_energy =
[-15.793285   -15.67912542 -15.61054616  -1.50881632  -1.28533065
  -0.82627315  -0.7088669   -0.70236283  -0.67083136  -0.47160296
  -0.40326187   0.11929751   0.14600064   0.15958105   0.32132763
   0.37341157   0.41546352   0.43099652   0.43200528   0.49261449
   0.5244424    0.52457788   0.5665128    0.61630466   0.6385787
   0.63926938   0.80106687   0.82690942   0.86050915   1.01576365
   1.05511709   1.06964867   1.16274075   1.24238489   1.31427339
   1.41306504   1.41786814   1.52525716   1.5829547    1.69560253
   1.69699772   1.77817285   1.77993467   1.87968625   2.00643964
   2.185682     2.23908139   2.26461331   2.27856029   2.33428549
   2.42293254   2.57091118   2.60276201   2.63237259   2.661221
   2.92686711   2.9994283    3.24094202   3.41471067   3.49264077
   3.61251251   3.63139145   3.73818038   3.77886552   3.87553158
   3.92631659   3.92972787   4.07288884   4.11114491   4.15456019
   4.15790665   4.26909982   4.3999083    4.40353553   4.4539089
   4.54852914   4.59463281   4.59955338   4.69516087   4.75327632
   4.80005962   4.85081809   4.88483104   4.92094033   5.02947692
   5.0637481    5.1556563    5.18537383   5.22006324   5.25222853
   5.46088738   5.57426387   5.6040875    5.79367188   5.93586298
   6.05398267   6.0791032    6.18935894   6.40642061   6.60054417
   7.10594147   7.24358883   7.31783308   7.75018919  33.02386344
  33.35459557  34.43592595]
E_coul = 118.13174270309
cycle= 8 E= -163.908620009184  delta_E= -2.22e-05  |g|= 0.00161  |ddm|= 0.0109
    CPU time for cycle= 8      0.09 sec, wall time      0.10 sec
diis-norm(errvec)=0.0047617
diis-c [ -6.96914462e-06  -2.37455716e-03  -3.18129281e-03  -4.34857534e-03
   4.37318595e-02   8.34093113e-02  -1.20505907e-01  -5.94381566e-01
   1.59765073e+00]
  HOMO = -0.403272644071574  LUMO = 0.119438580580002
  mo_energy =
[-15.79297315 -15.67857685 -15.61088736  -1.50861778  -1.28529235
  -0.82641565  -0.70877055  -0.70217654  -0.67061875  -0.47160219
  -0.40327264   0.11943858   0.14600747   0.15970372   0.32139106
   0.37342033   0.41555444   0.43109219   0.43203019   0.49264737
   0.52442052   0.52456038   0.5664463    0.61635858   0.63848468
   0.63934848   0.80109523   0.82681577   0.86052051   1.01587633
   1.05526652   1.06975776   1.16281259   1.24244015   1.31427779
   1.4131374    1.417959     1.52531557   1.58304341   1.69550569
   1.69699933   1.77822873   1.77994586   1.87968735   2.00666104
   2.18573078   2.23927263   2.26462404   2.27874011   2.33447107
   2.42284295   2.57099509   2.60284587   2.63250706   2.66128351
   2.92689157   2.99964528   3.2407589    3.41461146   3.49256251
   3.61235356   3.63144621   3.73833329   3.77884599   3.87564147
   3.92650578   3.92992562   4.07294781   4.11117531   4.15454831
   4.15787931   4.26906472   4.40014693   4.40366282   4.45405074
   4.54864244   4.59472376   4.59960397   4.69537907   4.75336426
   4.80025875   4.85088724   4.88511075   4.92124899   5.02953428
   5.0636776    5.1557457    5.18563618   5.22025034   5.25209749
   5.46089867   5.57436534   5.60411155   5.79370602   5.93568259
   6.05392654   6.07921293   6.18945006   6.40643432   6.60053388
   7.1061017    7.24372396   7.31801497   7.75030546  33.02436162
  33.35431356  34.43621779]
E_coul = 118.131741855959
cycle= 9 E= -163.908623986222  delta_E= -3.98e-06  |g|= 0.000484  |ddm|= 0.00557
    CPU time for cycle= 9      0.10 sec, wall time      0.09 sec
diis-norm(errvec)=0.0014327
diis-c [ -4.09401663e-07   1.30176226e+00  -3.89031598e-04  -3.19481948e-03
  -2.43167426e-03   1.20829046e-02   7.33698656e-02  -1.34495052e-01
  -2.46704457e-01]
  HOMO = -0.40329808504748  LUMO = 0.119449163915331
  mo_energy =
[-15.79294359 -15.67848308 -15.6110947   -1.50860057  -1.28533552
  -0.82649862  -0.70875603  -0.70217011  -0.67057898  -0.47165454
  -0.40329809   0.11944916   0.14600254   0.15969894   0.32138701
   0.37340731   0.4155791    0.43110132   0.43202402   0.49263866
   0.52440052   0.5245183    0.56640197   0.61636319   0.63842908
   0.63935306   0.80107125   0.82676246   0.86052411   1.01587624
   1.05528566   1.06975677   1.16280752   1.2424242    1.31425736
   1.41312243   1.41795078   1.52530047   1.58303573   1.69542851
   1.6969661    1.77821065   1.77993137   1.87965      2.00671062
   2.18571048   2.23928176   2.26457935   2.27874592   2.33451064
   2.42278558   2.57099423   2.60282132   2.63247413   2.66126551
   2.92683554   2.99967181   3.24066472   3.41455229   3.49251964
   3.61227413   3.63143624   3.73832843   3.77880716   3.87563206
   3.92651782   3.92994032   4.07290537   4.11114753   4.15451509
   4.15783844   4.26902432   4.40018209   4.40366776   4.45403725
   4.54862023   4.59469921   4.59957723   4.69538446   4.75333755
   4.8002588    4.85084505   4.88516016   4.92131705   5.02949371
   5.06356554   5.15572342   5.18568198   5.22029028   5.25200542
   5.46084524   5.57434839   5.60407211   5.793679     5.93556719
   6.05384019   6.07918896   6.18943443   6.40635884   6.60047687
   7.10610125   7.24371366   7.31800612   7.75027975  33.0244455
  33.35412704  34.43624269]
E_coul = 118.13200711585
cycle= 10 E= -163.908624226071  delta_E= -2.4e-07  |g|= 9.1e-05  |ddm|= 0.00156
    CPU time for cycle= 10      0.09 sec, wall time      0.09 sec
diis-norm(errvec)=0.000270298
diis-c [ -2.99934662e-08  -1.74805240e-01   1.18518265e+00   2.80458800e-04
   2.19261123e-04  -4.10661420e-03  -8.86643498e-03   4.55019563e-02
  -4.34060416e-02]
  HOMO = -0.403298791211549  LUMO = 0.11945018347658
  mo_energy =
[-15.7929515  -15.67846719 -15.61113031  -1.5085977   -1.28534328
  -0.82651793  -0.70875351  -0.70217367  -0.67057744  -0.47167093
  -0.40329879   0.11945018   0.14599568   0.15969529   0.32138844
   0.37340159   0.41558229   0.43110245   0.43202561   0.49263922
   0.52439838   0.52451264   0.56639022   0.61636226   0.63841316
   0.63935216   0.80106952   0.82674665   0.86051644   1.01587497
   1.05528719   1.06975293   1.16280368   1.24241995   1.31424829
   1.41311927   1.41794736   1.52529735   1.58303044   1.69541606
   1.6969592    1.77820627   1.7799241    1.87964082   2.00671594
   2.18570544   2.23928445   2.26456953   2.27874506   2.33451379
   2.4227659    2.57098792   2.60281627   2.63247207   2.66126115
   2.92682689   2.99967563   3.24064068   3.414532     3.49250177
   3.61225179   3.63142415   3.73832504   3.7787898    3.875627
   3.92651621   3.92993802   4.0728946    4.11113517   4.1545014
   4.15782271   4.2690124    4.40018524   4.4036625    4.45403199
   4.5486143    4.59469296   4.59956612   4.69538094   4.75332879
   4.800256     4.85083632   4.88516641   4.92132513   5.02948461
   5.06354804   5.1557185    5.18568486   5.22029098   5.25198831
   5.46083435   5.57434175   5.6040615    5.79366764   5.93554334
   6.0538217    6.07918294   6.18942814   6.40634404   6.6004617
   7.10609846   7.24370529   7.31800326   7.7502721   33.02445907
  33.35409444  34.43623411]
E_coul = 118.132007654825
cycle= 11 E= -163.908624233248  delta_E= -7.18e-09  |g|= 2.68e-05  |ddm|= 0.000243
    CPU time for cycle= 11      0.09 sec, wall time      0.09 sec
diis-norm(errvec)=8.20356e-05
diis-c [ -3.24342464e-09  -2.17130410e-02  -3.74640193e-01   1.37581077e+00
   3.62981184e-04   7.57114975e-04  -2.16503281e-03  -7.39430041e-03
   2.89817022e-02]
  HOMO = -0.403294254755262  LUMO = 0.119453614421179
  mo_energy =
[-15.79293949 -15.6784562  -15.61113193  -1.5085926   -1.28534032
  -0.82651972  -0.70874867  -0.70217155  -0.67057261  -0.47167473
  -0.40329425   0.11945361   0.14599563   0.15969658   0.32139012
   0.37340106   0.41558352   0.43110412   0.43202761   0.49263977
   0.52439885   0.52451141   0.56638871   0.61636418   0.63841069
   0.63935344   0.80106989   0.8267439    0.86051735   1.0158771
   1.05528971   1.06975507   1.16280528   1.24242173   1.31424717
   1.41312043   1.41794897   1.52529896   1.58303098   1.69541449
   1.6969595    1.77820713   1.77992477   1.87964151   2.00671987
   2.18570752   2.23928739   2.264571     2.27874979   2.33451737
   2.4227634    2.57099107   2.60281932   2.63247438   2.66126307
   2.92682801   2.99967979   3.24063667   3.41452835   3.4924996
   3.61224764   3.63142614   3.73832714   3.77878716   3.8756279
   3.92651956   3.92994117   4.07289472   4.11113522   4.15450011
   4.15782075   4.26901181   4.40018972   4.4036642    4.45403317
   4.54861668   4.5946964    4.59956671   4.69538604   4.75333062
   4.80026035   4.85083796   4.88517205   4.9213311    5.02948677
   5.06354748   5.15572045   5.18569028   5.2202963    5.25198707
   5.46083517   5.57434422   5.60406227   5.79366891   5.93553906
   6.05382014   6.07918568   6.18943068   6.40634284   6.60046068
   7.10610292   7.24370819   7.31800728   7.75027576  33.02446917
  33.35409331  34.43624527]
E_coul = 118.131974717558
cycle= 12 E= -163.908624234001  delta_E= -7.53e-10  |g|= 8.38e-06  |ddm|= 9.01e-05
    CPU time for cycle= 12      0.10 sec, wall time      0.09 sec
  HOMO = -0.40329404856364  LUMO = 0.119453407264003
  mo_energy =
[-15.79294411 -15.67845664 -15.61113389  -1.50859412  -1.28534181
  -0.82652012  -0.70874925  -0.70217309  -0.67057302  -0.47167612
  -0.40329405   0.11945341   0.14599533   0.15969536   0.32138975
   0.37340091   0.41558356   0.43110376   0.4320274    0.49263956
   0.52439878   0.52451087   0.56638835   0.61636387   0.63841074
   0.63935293   0.80106949   0.82674379   0.86051701   1.01587646
   1.05528926   1.06975449   1.16280475   1.24242108   1.31424708
   1.41311998   1.41794851   1.52529841   1.58303047   1.69541398
   1.69695902   1.77820671   1.77992444   1.87964087   2.00671958
   2.18570698   2.23928693   2.2645702    2.27874846   2.33451694
   2.42276312   2.57099026   2.60281817   2.63247336   2.66126242
   2.92682689   2.9996791    3.24063642   3.41452847   3.49249958
   3.6122478    3.63142514   3.7383263    3.77878729   3.87562751
   3.92651871   3.92994044   4.07289415   4.1111347    4.15449992
   4.15782059   4.26901153   4.400189     4.40366374   4.45403252
   4.5486157    4.5946951    4.59956616   4.6953845    4.75332953
   4.80025897   4.85083693   4.88517149   4.92133067   5.0294855
   5.06354634   5.15571986   5.18568947   5.22029549   5.25198629
   5.46083446   5.57434324   5.60406164   5.79366803   5.93553866
   6.0538195    6.07918462   6.18942994   6.40634242   6.60046039
   7.10610173   7.24370693   7.31800591   7.7502742   33.0244687
  33.35409151  34.43624098]
    CPU time for scf_cycle      2.48 sec, wall time      2.70 sec
    CPU time for SCF      2.48 sec, wall time      2.71 sec
converged SCF energy = -163.908624234001
RHF E = -163.908624234
RHF eps = [-15.79294411 -15.67845664 -15.61113389  -1.50859412  -1.28534181
  -0.82652012  -0.70874925  -0.70217309  -0.67057302  -0.47167612
  -0.40329405   0.11945341   0.14599533   0.15969536   0.32138975
   0.37340091   0.41558356   0.43110376   0.4320274    0.49263956
   0.52439878   0.52451087   0.56638835   0.61636387   0.63841074
   0.63935293   0.80106949   0.82674379   0.86051701   1.01587646
   1.05528926   1.06975449   1.16280475   1.24242108   1.31424708
   1.41311998   1.41794851   1.52529841   1.58303047   1.69541398
   1.69695902   1.77820671   1.77992444   1.87964087   2.00671958
   2.18570698   2.23928693   2.2645702    2.27874846   2.33451694
   2.42276312   2.57099026   2.60281817   2.63247336   2.66126242
   2.92682689   2.9996791    3.24063642   3.41452847   3.49249958
   3.6122478    3.63142514   3.7383263    3.77878729   3.87562751
   3.92651871   3.92994044   4.07289415   4.1111347    4.15449992
   4.15782059   4.26901153   4.400189     4.40366374   4.45403252
   4.5486157    4.5946951    4.59956616   4.6953845    4.75332953
   4.80025897   4.85083693   4.88517149   4.92133067   5.0294855
   5.06354634   5.15571986   5.18568947   5.22029549   5.25198629
   5.46083446   5.57434324   5.60406164   5.79366803   5.93553866
   6.0538195    6.07918462   6.18942994   6.40634242   6.60046039
   7.10610173   7.24370693   7.31800591   7.7502742   33.0244687
  33.35409151  34.43624098]
    CPU time for CCSD integral transformation     11.22 sec, wall time     11.22 sec

******** <class 'pyscf.cc.linrccsd.LinRCCSD'> flags ********
CCSD nocc = 8, nvir = 96
frozen orbitals [0, 1, 2]
max_cycle = 50
direct = 0
conv_tol = 1e-07
conv_tol_normt = 1e-05
diis_space = 6
diis_start_cycle = 0
diis_start_energy_diff = 1e+09
Init t2, MP2 energy = -0.611976884999686
    CPU time for init mp2      0.01 sec, wall time      0.01 sec
    CPU time for update t1 t2      1.29 sec, wall time      1.29 sec
istep = 0  E(CCSD) = -0.593061764010956  dE = -0.593061764  norm(t1,t2) = 0.13308
    CPU time for CCSD iter      1.29 sec, wall time      1.29 sec
    CPU time for update t1 t2      1.28 sec, wall time      1.28 sec
DIIS for step 1
istep = 1  E(CCSD) = -0.624888542359817  dE = -0.0318267783  norm(t1,t2) = 0.0603112
    CPU time for CCSD iter      1.29 sec, wall time      1.29 sec
    CPU time for update t1 t2      1.28 sec, wall time      1.28 sec
diis-c [ -8.99383737e-04   1.00000000e+00]
DIIS for step 2
istep = 2  E(CCSD) = -0.622736686026836  dE = 0.00215185633  norm(t1,t2) = 0.0405486
    CPU time for CCSD iter      1.28 sec, wall time      1.29 sec
    CPU time for update t1 t2      1.30 sec, wall time      1.29 sec
diis-c [ -3.39064208e-04   1.81608392e-01   8.18391608e-01]
DIIS for step 3
istep = 3  E(CCSD) = -0.627334979192522  dE = -0.00459829317  norm(t1,t2) = 0.0260845
    CPU time for CCSD iter      1.31 sec, wall time      1.31 sec
    CPU time for update t1 t2      1.28 sec, wall time      1.28 sec
diis-c [ -9.30209457e-05  -8.11730251e-01  -5.84199374e-01   2.39592962e+00]
DIIS for step 4
istep = 4  E(CCSD) = -0.633203563350594  dE = -0.00586858416  norm(t1,t2) = 0.0206039
    CPU time for CCSD iter      1.30 sec, wall time      1.30 sec
    CPU time for update t1 t2      1.26 sec, wall time      1.27 sec
diis-c [ -5.15652136e-05  -7.84482375e-02  -3.98278836e-02   4.86434742e-02
   1.06963265e+00]
DIIS for step 5
istep = 5  E(CCSD) = -0.632759759608065  dE = 0.000443803743  norm(t1,t2) = 0.0101471
    CPU time for CCSD iter      1.29 sec, wall time      1.29 sec
    CPU time for update t1 t2      1.26 sec, wall time      1.27 sec
diis-c [ -2.30169746e-05   5.18093296e-01   5.11046243e-01  -1.66539919e+00
  -7.97080264e-01   2.43333992e+00]
DIIS for step 6
istep = 6  E(CCSD) = -0.632796920689663  dE = -3.71610816e-05  norm(t1,t2) = 0.00826077
    CPU time for CCSD iter      1.29 sec, wall time      1.29 sec
    CPU time for update t1 t2      1.26 sec, wall time      1.27 sec
diis-c [ -1.41966345e-05  -3.93612602e-01  -3.35466480e-01   1.25794803e+00
  -1.38450355e-01  -1.27887737e+00   1.88845878e+00]
DIIS for step 7
istep = 7  E(CCSD) = -0.633472528483756  dE = -0.000675607794  norm(t1,t2) = 0.00562571
    CPU time for CCSD iter      1.29 sec, wall time      1.29 sec
    CPU time for update t1 t2      1.29 sec, wall time      1.30 sec
diis-c [ -6.21809922e-06   2.30081571e+00  -1.47459617e-02   8.76346523e-02
   2.43810675e-02  -1.01952267e-01  -1.29613321e+00]
DIIS for step 8
istep = 8  E(CCSD) = -0.633279934847032  dE = 0.000192593637  norm(t1,t2) = 0.00428116
    CPU time for CCSD iter      1.31 sec, wall time      1.32 sec
    CPU time for update t1 t2      1.27 sec, wall time      1.27 sec
diis-c [ -2.24688421e-06   3.24926574e-01   1.32261273e+00  -3.28799768e-02
   3.15454162e-03   3.06531511e-01  -9.24345381e-01]
DIIS for step 9
istep = 9  E(CCSD) = -0.633792954595815  dE = -0.000513019749  norm(t1,t2) = 0.00272241
    CPU time for CCSD iter      1.28 sec, wall time      1.28 sec
    CPU time for update t1 t2      1.27 sec, wall time      1.27 sec
diis-c [ -4.29366701e-07  -7.96015941e-01  -9.82971609e-01   2.07939022e+00
  -1.37232044e-01   2.19820141e-02   8.14847359e-01]
DIIS for step 10
istep = 10  E(CCSD) = -0.633769238829308  dE = 2.37157665e-05  norm(t1,t2) = 0.0014753
    CPU time for CCSD iter      1.29 sec, wall time      1.28 sec
    CPU time for update t1 t2      1.26 sec, wall time      1.26 sec
diis-c [ -2.03539467e-07  -2.46701067e-01  -2.99496518e-01   3.39115264e-01
   9.71848841e-01  -1.64100336e-02   2.51643514e-01]
DIIS for step 11
istep = 11  E(CCSD) = -0.633780131004423  dE = -1.08921751e-05  norm(t1,t2) = 0.000701069
    CPU time for CCSD iter      1.28 sec, wall time      1.28 sec
    CPU time for update t1 t2      1.27 sec, wall time      1.27 sec
diis-c [ -5.35944711e-08   1.30284680e-01   2.41029747e-01  -4.41551593e-01
  -1.76496502e-01   1.37122802e+00  -1.24494348e-01]
DIIS for step 12
istep = 12  E(CCSD) = -0.633770942192234  dE = 9.18881219e-06  norm(t1,t2) = 0.000383994
    CPU time for CCSD iter      1.29 sec, wall time      1.28 sec
    CPU time for update t1 t2      1.26 sec, wall time      1.27 sec
diis-c [ -1.67076915e-08  -1.40491021e-02   2.12633545e-02   1.47307309e-02
  -4.14960522e-01   1.70008357e-01   1.22300718e+00]
DIIS for step 13
istep = 13  E(CCSD) = -0.633748972979944  dE = 2.19692123e-05  norm(t1,t2) = 0.000253414
    CPU time for CCSD iter      1.29 sec, wall time      1.29 sec
    CPU time for update t1 t2      1.27 sec, wall time      1.27 sec
diis-c [ -4.29119107e-09   1.22039428e+00  -1.29855952e-02   8.23884379e-02
  -1.39694294e-01  -1.33088409e-01  -1.70144207e-02]
DIIS for step 14
istep = 14  E(CCSD) = -0.63374804996162  dE = 9.23018325e-07  norm(t1,t2) = 0.000125917
    CPU time for CCSD iter      1.28 sec, wall time      1.29 sec
    CPU time for update t1 t2      1.28 sec, wall time      1.28 sec
diis-c [ -9.74933939e-10  -4.29029228e-01   1.59253673e+00  -3.41183403e-02
   1.10897540e-01   9.89193959e-02  -3.39206098e-01]
DIIS for step 15
istep = 15  E(CCSD) = -0.633749147500179  dE = -1.09753856e-06  norm(t1,t2) = 6.33411e-05
    CPU time for CCSD iter      1.30 sec, wall time      1.30 sec
    CPU time for update t1 t2      1.28 sec, wall time      1.28 sec
diis-c [ -2.75833439e-10  -1.45321283e-01  -7.97416863e-02   1.20297524e+00
   8.29704855e-03  -5.44998536e-03   1.92406618e-02]
DIIS for step 16
istep = 16  E(CCSD) = -0.633747725377945  dE = 1.42212223e-06  norm(t1,t2) = 2.73232e-05
    CPU time for CCSD iter      1.31 sec, wall time      1.30 sec
    CPU time for update t1 t2      1.27 sec, wall time      1.28 sec
diis-c [ -7.50133566e-11   1.75963852e-02  -2.17303975e-01  -1.16661505e-01
   1.28115351e+00  -1.89020178e-02   5.41175978e-02]
DIIS for step 17
istep = 17  E(CCSD) = -0.633749721634443  dE = -1.9962565e-06  norm(t1,t2) = 1.51075e-05
    CPU time for CCSD iter      1.29 sec, wall time      1.30 sec
    CPU time for update t1 t2      1.28 sec, wall time      1.28 sec
diis-c [ -1.44409762e-11   1.99206655e-02   1.33110789e-01  -3.27495835e-01
  -4.11969654e-01   1.59165234e+00  -5.21830856e-03]
DIIS for step 18
istep = 18  E(CCSD) = -0.633750130435817  dE = -4.08801374e-07  norm(t1,t2) = 8.31329e-06
    CPU time for CCSD iter      1.30 sec, wall time      1.30 sec
    CPU time for update t1 t2      1.27 sec, wall time      1.28 sec
diis-c [ -4.50992022e-12  -1.80724357e-02   2.25008652e-02  -2.05843252e-02
  -6.69466409e-02   1.07170885e-01   9.75931652e-01]
DIIS for step 19
istep = 19  E(CCSD) = -0.633750346301676  dE = -2.15865859e-07  norm(t1,t2) = 3.61662e-06
    CPU time for CCSD iter      1.29 sec, wall time      1.30 sec
    CPU time for update t1 t2      1.27 sec, wall time      1.27 sec
diis-c [ -1.47037937e-12   1.43717433e+00  -7.67780558e-03   5.31046437e-02
   7.83633782e-02  -4.20658738e-01  -1.40305808e-01]
DIIS for step 20
istep = 20  E(CCSD) = -0.633750528566078  dE = -1.82264402e-07  norm(t1,t2) = 2.28299e-06
    CPU time for CCSD iter      1.29 sec, wall time      1.29 sec
    CPU time for update t1 t2      1.25 sec, wall time      1.25 sec
diis-c [ -7.57782725e-13  -3.16423032e-02   1.18830194e+00  -9.97466554e-03
   3.52931012e-02   8.91872045e-03  -1.90896795e-01]
DIIS for step 21
istep = 21  E(CCSD) = -0.633750454095426  dE = 7.44706524e-08  norm(t1,t2) = 1.33268e-06
    CPU time for CCSD iter      1.26 sec, wall time      1.27 sec
    CPU time for CCSD     28.40 sec, wall time     28.42 sec
CCSD converged
E(linCCSD) = -164.5423746880964  E_corr = -0.6337504540954256
    CPU time for EOM-CCSD shared one-electron intermediates      0.13 sec, wall time      0.13 sec
    CPU time for EOM-CCSD IP intermediates      0.40 sec, wall time      0.40 sec
tol 1e-07  toloose 0.000316228
max_cycle 50  max_space 38  max_memory 2000  incore True
davidson 0 6  |r|= 0.358  e= [ 0.49998751  0.56363412  0.72938325  0.77550406  0.77842407  0.89856968]  max|de|= 0.899  lindep=    1
davidson 1 12  |r|= 0.0602  e= [ 0.3960503   0.45120729  0.5827569   0.64396834  0.64542254  0.76004459]  max|de|= -0.147  lindep= 0.804
davidson 2 18  |r|= 0.00545  e= [ 0.39572154  0.45067267  0.58281361  0.63780945  0.64245114  0.75389712]  max|de|= -0.00616  lindep= 0.863
davidson 3 24  |r|= 0.00121  e= [ 0.39572174  0.45074158  0.58292251  0.6378143   0.64245544  0.75392026]  max|de|= 0.000109  lindep= 0.805
root 0 converged  |r|= 5e-10  e= 0.395721735109  max|de|= -1.61e-15
root 3 converged  |r|= 2.54e-10  e= 0.637814299844  max|de|= -7.77e-16
root 4 converged  |r|= 4.66e-07  e= 0.642455483561  max|de|= 4.04e-08
davidson 4 28  |r|= 1.9e-06  e= [ 0.39572174  0.45074533  0.5829259   0.6378143   0.64245548  0.75390555]  max|de|= -1.47e-05  lindep= 0.855
root 1 converged  |r|= 1.46e-09  e= 0.450745322441  max|de|= -4.77e-09
root 2 converged  |r|= 3.48e-10  e= 0.582925865726  max|de|= -3.53e-08
root 5 converged  |r|= 3.2e-10  e= 0.753905562092  max|de|= 1.18e-08
converge 5 31  |r|= 1.46e-09  e= [ 0.39572174  0.45074532  0.58292587  0.6378143   0.64245548  0.75390556]  max|de|= -3.53e-08
IP root 0 E = 0.3957217351086419  qpwt = 0.948514
IP root 1 E = 0.4507453224408459  qpwt = 0.942076
IP root 2 E = 0.5829258657259581  qpwt = 0.924128
IP root 3 E = 0.6378142998437376  qpwt = 0.889061
IP root 4 E = 0.6424554761515604  qpwt = 0.908792
IP root 5 E = 0.7539055620920021  qpwt = 0.926349
    CPU time for IP-CCSD      0.64 sec, wall time      0.64 sec
    CPU time for EOM-CCSD shared one-electron intermediates      0.13 sec, wall time      0.13 sec
    CPU time for EOM-CCSD EA intermediates     14.51 sec, wall time     14.53 sec
tol 1e-07  toloose 0.000316228
max_cycle 50  max_space 38  max_memory 2000  incore True
davidson 0 6  |r|= 0.483  e= [ 0.14111507  0.20596726  0.24123127  0.33910393  0.38872307  0.42810554]  max|de|= 0.428  lindep=    1
davidson 1 12  |r|= 0.084  e= [ 0.0872913   0.11788454  0.13547228  0.27931767  0.33128847  0.3838518 ]  max|de|= -0.106  lindep= 0.821
davidson 2 18  |r|= 0.051  e= [ 0.07944307  0.11249595  0.12486091  0.27370358  0.32179108  0.37853388]  max|de|= -0.0106  lindep= 0.925
davidson 3 24  |r|= 0.0196  e= [ 0.07973117  0.11240176  0.12502542  0.27261862  0.31983605  0.37820639]  max|de|= -0.00196  lindep= 0.572
davidson 4 30  |r|= 0.0134  e= [ 0.07971016  0.11239177  0.12501756  0.27237229  0.31934553  0.37796968]  max|de|= -0.000491  lindep= 0.708
davidson 5 36  |r|= 0.00813  e= [ 0.07970653  0.11238596  0.12500887  0.27232815  0.31930323  0.37766028]  max|de|= -0.000309  lindep= 0.586
root 0 converged  |r|= 0.000126  e= 0.0797065324201  max|de|= 2.08e-16
root 1 converged  |r|= 9.65e-05  e= 0.112385959819  max|de|= 7.22e-16
davidson 6 6  |r|= 0.00813  e= [ 0.07970653  0.11238596  0.12500887  0.27232815  0.31930323  0.37766028]  max|de|= 1.67e-15  lindep= 0.999
davidson 7 10  |r|= 0.00537  e= [ 0.07970721  0.11238613  0.12500741  0.2723254   0.3192988   0.37752878]  max|de|= -0.000132  lindep= 0.841
davidson 8 14  |r|= 0.00626  e= [ 0.07970736  0.11238617  0.12501018  0.27232506  0.31929902  0.3774536 ]  max|de|= -7.52e-05  lindep= 0.279
davidson 9 18  |r|= 0.00687  e= [ 0.07970734  0.11238603  0.12500834  0.27232591  0.31930059  0.37744446]  max|de|= -9.13e-06  lindep= 0.198
davidson 10 22  |r|= 0.00458  e= [ 0.07970734  0.112386    0.12500888  0.27232528  0.31929974  0.37729606]  max|de|= -0.000148  lindep= 0.587
root 2 converged  |r|= 5.55e-07  e= 0.125008799294  max|de|= -7.82e-08
root 3 converged  |r|= 1.54e-06  e= 0.272325377272  max|de|= 9.37e-08
davidson 11 26  |r|= 0.00338  e= [ 0.07970681  0.11238597  0.1250088   0.27232538  0.31929991  0.37734819]  max|de|= 5.21e-05  lindep= 0.604
davidson 12 28  |r|= 0.0011  e= [ 0.07970693  0.1123862   0.1250088   0.27232539  0.31930003  0.37726283]  max|de|= -8.54e-05  lindep= 0.517
root 4 converged  |r|= 9.26e-07  e= 0.319300026614  max|de|= -3.78e-09
davidson 13 30  |r|= 0.000346  e= [ 0.07970656  0.11238607  0.1250088   0.27232538  0.31930003  0.3773163 ]  max|de|= 5.35e-05  lindep= 0.572
davidson 14 31  |r|= 0.000137  e= [ 0.07970635  0.11238606  0.1250088   0.27232538  0.31930003  0.37729869]  max|de|= -1.76e-05  lindep= 0.641
davidson 15 32  |r|= 3.91e-05  e= [ 0.07970646  0.11238573  0.1250088   0.27232538  0.31930002  0.3773034 ]  max|de|= 4.72e-06  lindep= 0.644
davidson 16 33  |r|= 1.72e-05  e= [ 0.07970643  0.11238574  0.1250088   0.27232538  0.31930002  0.37730242]  max|de|= -9.87e-07  lindep= 0.546
root 0 converged  |r|= 8.57e-05  e= 0.0797064288133  max|de|= 3.61e-16
root 1 converged  |r|= 7.57e-05  e= 0.112385735972  max|de|= -4.58e-16
root 2 converged  |r|= 5.55e-07  e= 0.125008799294  max|de|= 5.83e-16
root 3 converged  |r|= 4.17e-07  e= 0.272325383054  max|de|= 7.77e-16
root 4 converged  |r|= 8.75e-07  e= 0.319300024911  max|de|= -2.44e-15
root 5 converged  |r|= 1.76e-05  e= 0.37730241608  max|de|= 2.33e-15
converge 17 6  |r|= 8.57e-05  e= [ 0.07970643  0.11238574  0.1250088   0.27232538  0.31930002  0.37730242]  max|de|= -2.44e-15
EA root 0 E = 0.07970642881328105  qpwt = 0.965653
EA root 1 E = 0.1123857359717435  qpwt = 0.980204
EA root 2 E = 0.1250087992943069  qpwt = 0.962425
EA root 3 E = 0.2723253830540572  qpwt = 0.974336
EA root 4 E = 0.319300024911165  qpwt = 0.974968
EA root 5 E = 0.3773024160804937  qpwt = 0.974947
    CPU time for EA-CCSD     33.70 sec, wall time     33.75 sec
