

******** <class 'pyscf.scf.hf.RHF'> flags ********
method = RHF
initial guess = minao
damping factor = 0
level shift factor = 0
Do DIIS = True
DIIS start cycle = 1
DIIS space = 8
SCF tol = 1e-09
SCF gradient tol = None
max. SCF cycles = 50
direct_scf = True
direct_scf_tol = 1e-13
chkfile to save SCF result = /tmp/tmp5Gvyv7
max_memory 4000 MB (current use 39 MB)
Set gradient conv threshold to 3.16228e-05
Nelec from initial guess = 37.9987
cond(S) = 729.418095519
E_coul = 498.72984442148
init E= -1198.22409094554
    CPU time for initialize scf      0.48 sec, wall time      0.61 sec
  HOMO = -0.110271061762743  LUMO = -0.0212505750568954
  mo_energy =
[ -1.33502410e+02  -1.33502408e+02  -1.44705143e+01  -1.44704923e+01
  -1.14979735e+01  -1.14979719e+01  -1.14979069e+01  -1.14979069e+01
  -1.14979058e+01  -1.14979058e+01  -1.74606541e+00  -1.74592457e+00
  -9.55002438e-01  -9.49951104e-01  -9.49951104e-01  -9.49153890e-01
  -9.49153890e-01  -9.48433998e-01  -1.10271062e-01  -2.12505751e-02
   4.50805813e-02   4.50805813e-02   4.97023086e-02   8.05415748e-02
   8.24233559e-02   8.67011559e-02   8.67011559e-02   1.22471689e-01
   1.22471689e-01   1.32233166e-01   1.32233166e-01   1.33151588e-01
   1.59968640e-01   1.59968640e-01   1.67026416e-01   2.17117570e-01
   2.17117570e-01   3.10419065e-01   3.87608382e-01   3.94127115e-01
   3.94127115e-01   4.01495772e-01   4.01495772e-01   4.03809943e-01
   4.03809943e-01   4.11881712e-01   4.11881712e-01   4.30423041e-01
   8.11120558e-01   8.11120558e-01   8.28809126e-01   8.28809126e-01
   8.54679464e-01   8.74360561e-01   1.17911915e+00   1.31168897e+00
   1.37698778e+00   1.40046075e+00   1.40046075e+00   1.40328967e+00
   1.40328967e+00   1.41154788e+00   1.41154788e+00   1.42790653e+00
   1.42790653e+00   1.47206517e+00]
E_coul = 498.260163761831
cycle= 1 E= -1198.29991264789  delta_E= -0.0758  |g|= 0.0473  |ddm|= 0.954
    CPU time for cycle= 1      0.02 sec, wall time      0.02 sec
diis-norm(errvec)=0.0907873
diis-c [-0.00824234  1.        ]
  HOMO = -0.133409242980007  LUMO = -0.000810809704392755
  mo_energy =
[ -1.33532426e+02  -1.33532425e+02  -1.44885379e+01  -1.44885320e+01
  -1.15177595e+01  -1.15177595e+01  -1.15177469e+01  -1.15177469e+01
  -1.15177463e+01  -1.15177463e+01  -1.74594934e+00  -1.74567832e+00
  -9.53489024e-01  -9.51176834e-01  -9.51176834e-01  -9.50578150e-01
  -9.50578150e-01  -9.49294918e-01  -1.33409243e-01  -8.10809704e-04
   5.03090893e-02   5.03090893e-02   5.21506235e-02   8.37944562e-02
   8.49695414e-02   8.89190742e-02   8.89190742e-02   1.29518347e-01
   1.29518347e-01   1.32889119e-01   1.37181638e-01   1.37181638e-01
   1.64223483e-01   1.64223483e-01   1.76381439e-01   2.22532465e-01
   2.22532465e-01   3.16808667e-01   3.90554096e-01   3.97933706e-01
   3.97933706e-01   4.05597006e-01   4.05597006e-01   4.07138108e-01
   4.07138108e-01   4.15024835e-01   4.15024835e-01   4.33184745e-01
   8.14228503e-01   8.14228503e-01   8.31862603e-01   8.31862603e-01
   8.57444784e-01   8.74540600e-01   1.18521927e+00   1.31473859e+00
   1.37721197e+00   1.40041813e+00   1.40041813e+00   1.40238528e+00
   1.40238528e+00   1.41067586e+00   1.41067586e+00   1.42817901e+00
   1.42817901e+00   1.47302406e+00]
E_coul = 498.471623541142
cycle= 2 E= -1198.30103561192  delta_E= -0.00112  |g|= 0.0139  |ddm|= 0.0773
    CPU time for cycle= 2      0.02 sec, wall time      0.02 sec
diis-norm(errvec)=0.0242028
diis-c [ -5.77034856e-04   3.26617557e-02   9.67338244e-01]
  HOMO = -0.133627979889624  LUMO = 0.000483813428855871
  mo_energy =
[ -1.33523621e+02  -1.33523619e+02  -1.44814307e+01  -1.44814248e+01
  -1.15105779e+01  -1.15105778e+01  -1.15105338e+01  -1.15105338e+01
  -1.15105331e+01  -1.15105331e+01  -1.74218787e+00  -1.74191455e+00
  -9.50157522e-01  -9.47896033e-01  -9.47896033e-01  -9.47299553e-01
  -9.47299553e-01  -9.45988414e-01  -1.33627980e-01   4.83813429e-04
   5.10665564e-02   5.10665564e-02   5.17439933e-02   8.50521879e-02
   8.58485296e-02   8.97255617e-02   8.97255617e-02   1.30377789e-01
   1.30377789e-01   1.33581562e-01   1.37869113e-01   1.37869113e-01
   1.64997383e-01   1.64997383e-01   1.76787232e-01   2.23330863e-01
   2.23330863e-01   3.17355171e-01   3.92258004e-01   3.99806637e-01
   3.99806637e-01   4.07503137e-01   4.07503137e-01   4.08920207e-01
   4.08920207e-01   4.16900465e-01   4.16900465e-01   4.35298461e-01
   8.16473625e-01   8.16473625e-01   8.34102944e-01   8.34102944e-01
   8.60078817e-01   8.77770844e-01   1.18709276e+00   1.31713194e+00
   1.38028788e+00   1.40352179e+00   1.40352179e+00   1.40549141e+00
   1.40549141e+00   1.41375633e+00   1.41375633e+00   1.43120727e+00
   1.43120727e+00   1.47584527e+00]
E_coul = 498.512025391858
cycle= 3 E= -1198.30124845724  delta_E= -0.000213  |g|= 0.00734  |ddm|= 0.0388
    CPU time for cycle= 3      0.02 sec, wall time      0.02 sec
diis-norm(errvec)=0.0144864
diis-c [ -2.24604258e-05  -1.96800199e-01  -1.92192759e-01   1.38899296e+00]
  HOMO = -0.132580930068227  LUMO = 0.00163641147173491
  mo_energy =
[ -1.33520800e+02  -1.33520799e+02  -1.44785472e+01  -1.44785414e+01
  -1.15077335e+01  -1.15077334e+01  -1.15076810e+01  -1.15076810e+01
  -1.15076804e+01  -1.15076804e+01  -1.73927437e+00  -1.73900655e+00
  -9.47203589e-01  -9.45160691e-01  -9.45160691e-01  -9.44569123e-01
  -9.44569123e-01  -9.43076562e-01  -1.32580930e-01   1.63641147e-03
   5.20463801e-02   5.28849755e-02   5.28849755e-02   8.58608755e-02
   8.66064944e-02   9.05211904e-02   9.05211904e-02   1.32175250e-01
   1.32175250e-01   1.34141305e-01   1.39393982e-01   1.39393982e-01
   1.66251847e-01   1.66251847e-01   1.78783392e-01   2.24818079e-01
   2.24818079e-01   3.18998199e-01   3.94369739e-01   4.02087853e-01
   4.02087853e-01   4.09846292e-01   4.09846292e-01   4.11095042e-01
   4.11095042e-01   4.19188186e-01   4.19188186e-01   4.37669222e-01
   8.19014027e-01   8.19014027e-01   8.36618374e-01   8.36618374e-01
   8.62701602e-01   8.80021240e-01   1.19022254e+00   1.31984932e+00
   1.38313067e+00   1.40630247e+00   1.40630247e+00   1.40810794e+00
   1.40810794e+00   1.41636438e+00   1.41636438e+00   1.43400851e+00
   1.43400851e+00   1.47872266e+00]
E_coul = 498.546332219282
cycle= 4 E= -1198.3013117445  delta_E= -6.33e-05  |g|= 0.000697  |ddm|= 0.0313
    CPU time for cycle= 4      0.02 sec, wall time      0.02 sec
diis-norm(errvec)=0.00109829
diis-c [ -4.51828156e-07   1.15553978e-02   8.22152123e-03  -1.37683255e-01
   1.11790634e+00]
  HOMO = -0.132477321119898  LUMO = 0.00169878526350097
  mo_energy =
[ -1.33521938e+02  -1.33521936e+02  -1.44794132e+01  -1.44794074e+01
  -1.15086146e+01  -1.15086146e+01  -1.15085603e+01  -1.15085603e+01
  -1.15085597e+01  -1.15085597e+01  -1.73956208e+00  -1.73929464e+00
  -9.47410447e-01  -9.45374514e-01  -9.45374514e-01  -9.44782928e-01
  -9.44782928e-01  -9.43284805e-01  -1.32477321e-01   1.69878526e-03
   5.20068536e-02   5.29846363e-02   5.29846363e-02   8.58694293e-02
   8.66312370e-02   9.05483132e-02   9.05483132e-02   1.32271957e-01
   1.32271957e-01   1.34135386e-01   1.39449577e-01   1.39449577e-01
   1.66307244e-01   1.66307244e-01   1.78837733e-01   2.24882240e-01
   2.24882240e-01   3.19052247e-01   3.94344261e-01   4.02062480e-01
   4.02062480e-01   4.09825508e-01   4.09825508e-01   4.11063470e-01
   4.11063470e-01   4.19150904e-01   4.19150904e-01   4.37618688e-01
   8.18961117e-01   8.18961117e-01   8.36563585e-01   8.36563585e-01
   8.62628638e-01   8.79938224e-01   1.19011238e+00   1.31972258e+00
   1.38292587e+00   1.40610148e+00   1.40610148e+00   1.40790398e+00
   1.40790398e+00   1.41616162e+00   1.41616162e+00   1.43381395e+00
   1.43381395e+00   1.47853723e+00]
E_coul = 498.553927414174
cycle= 5 E= -1198.30131220817  delta_E= -4.64e-07  |g|= 0.00013  |ddm|= 0.00283
    CPU time for cycle= 5      0.02 sec, wall time      0.02 sec
diis-norm(errvec)=0.000204321
diis-c [ -2.28940287e-08   4.50822813e-03   5.89978406e-03  -3.98721101e-02
   5.04579463e-02   9.79006152e-01]
  HOMO = -0.132466198511464  LUMO = 0.00170578745610075
  mo_energy =
[ -1.33521639e+02  -1.33521637e+02  -1.44791884e+01  -1.44791825e+01
  -1.15083813e+01  -1.15083812e+01  -1.15083268e+01  -1.15083268e+01
  -1.15083262e+01  -1.15083262e+01  -1.73947553e+00  -1.73920806e+00
  -9.47329279e-01  -9.45289819e-01  -9.45289819e-01  -9.44698074e-01
  -9.44698074e-01  -9.43203290e-01  -1.32466199e-01   1.70578746e-03
   5.20085774e-02   5.29961224e-02   5.29961224e-02   8.58729067e-02
   8.66363069e-02   9.05507386e-02   9.05507386e-02   1.32285466e-01
   1.32285466e-01   1.34132863e-01   1.39457709e-01   1.39457709e-01
   1.66316724e-01   1.66316724e-01   1.78854301e-01   2.24891723e-01
   2.24891723e-01   3.19064511e-01   3.94371693e-01   4.02099874e-01
   4.02099874e-01   4.09858309e-01   4.09858309e-01   4.11100004e-01
   4.11100004e-01   4.19184311e-01   4.19184311e-01   4.37654817e-01
   8.19009906e-01   8.19009906e-01   8.36612442e-01   8.36612442e-01
   8.62672532e-01   8.79978641e-01   1.19017350e+00   1.31977960e+00
   1.38300254e+00   1.40617774e+00   1.40617774e+00   1.40798175e+00
   1.40798175e+00   1.41623899e+00   1.41623899e+00   1.43388907e+00
   1.43388907e+00   1.47861010e+00]
E_coul = 498.552768207745
cycle= 6 E= -1198.30131222075  delta_E= -1.26e-08  |g|= 2.33e-05  |ddm|= 0.000444
    CPU time for cycle= 6      0.02 sec, wall time      0.02 sec
diis-norm(errvec)=5.89556e-05
diis-c [ -5.88028071e-10  -2.55073236e-03  -2.69735498e-03   2.38368345e-02
  -7.56288617e-02  -4.34638002e-01   1.49167812e+00]
  HOMO = -0.132470420099797  LUMO = 0.0017043485388966
  mo_energy =
[ -1.33521664e+02  -1.33521662e+02  -1.44792088e+01  -1.44792029e+01
  -1.15084019e+01  -1.15084019e+01  -1.15083477e+01  -1.15083477e+01
  -1.15083471e+01  -1.15083471e+01  -1.73949035e+00  -1.73922287e+00
  -9.47344786e-01  -9.45302560e-01  -9.45302560e-01  -9.44710803e-01
  -9.44710803e-01  -9.43219095e-01  -1.32470420e-01   1.70434854e-03
   5.20065425e-02   5.29924938e-02   5.29924938e-02   8.58704753e-02
   8.66336650e-02   9.05467988e-02   9.05467988e-02   1.32283876e-01
   1.32283876e-01   1.34126280e-01   1.39452588e-01   1.39452588e-01
   1.66314702e-01   1.66314702e-01   1.78850338e-01   2.24888078e-01
   2.24888078e-01   3.19059686e-01   3.94361170e-01   4.02092548e-01
   4.02092548e-01   4.09848492e-01   4.09848492e-01   4.11092598e-01
   4.11092598e-01   4.19173516e-01   4.19173516e-01   4.37643107e-01
   8.19001085e-01   8.19001085e-01   8.36603638e-01   8.36603638e-01
   8.62659275e-01   8.79966807e-01   1.19016213e+00   1.31976841e+00
   1.38298858e+00   1.40616452e+00   1.40616452e+00   1.40797028e+00
   1.40797028e+00   1.41622751e+00   1.41622751e+00   1.43387578e+00
   1.43387578e+00   1.47859616e+00]
E_coul = 498.552703370326
cycle= 7 E= -1198.30131222221  delta_E= -1.46e-09  |g|= 4.07e-06  |ddm|= 0.000201
    CPU time for cycle= 7      0.02 sec, wall time      0.02 sec
diis-norm(errvec)=7.34258e-06
diis-c [ -6.27273233e-12   3.34359393e-04   4.18653368e-04  -3.65066574e-03
   1.26779940e-02   7.36662331e-02  -3.34771073e-01   1.25132450e+00]
  HOMO = -0.13246953468401  LUMO = 0.00170447572740045
  mo_energy =
[ -1.33521665e+02  -1.33521663e+02  -1.44792100e+01  -1.44792042e+01
  -1.15084032e+01  -1.15084032e+01  -1.15083491e+01  -1.15083491e+01
  -1.15083484e+01  -1.15083484e+01  -1.73949078e+00  -1.73922331e+00
  -9.47345602e-01  -9.45303404e-01  -9.45303404e-01  -9.44711650e-01
  -9.44711650e-01  -9.43219995e-01  -1.32469535e-01   1.70447573e-03
   5.20060497e-02   5.29925152e-02   5.29925152e-02   8.58702331e-02
   8.66336554e-02   9.05466623e-02   9.05466623e-02   1.32283984e-01
   1.32283984e-01   1.34125886e-01   1.39452391e-01   1.39452391e-01
   1.66314716e-01   1.66314716e-01   1.78850080e-01   2.24887982e-01
   2.24887982e-01   3.19059609e-01   3.94360663e-01   4.02092256e-01
   4.02092256e-01   4.09848051e-01   4.09848051e-01   4.11092291e-01
   4.11092291e-01   4.19173007e-01   4.19173007e-01   4.37642506e-01
   8.19000652e-01   8.19000652e-01   8.36603199e-01   8.36603199e-01
   8.62658674e-01   8.79966258e-01   1.19016195e+00   1.31976815e+00
   1.38298781e+00   1.40616378e+00   1.40616378e+00   1.40796955e+00
   1.40796955e+00   1.41622678e+00   1.41622678e+00   1.43387504e+00
   1.43387504e+00   1.47859544e+00]
E_coul = 498.552702314163
cycle= 8 E= -1198.30131222223  delta_E= -1.84e-11  |g|= 3.99e-07  |ddm|= 2.2e-05
    CPU time for cycle= 8      0.02 sec, wall time      0.02 sec
  HOMO = -0.132469622674679  LUMO = 0.00170445995362693
  mo_energy =
[ -1.33521665e+02  -1.33521664e+02  -1.44792102e+01  -1.44792044e+01
  -1.15084034e+01  -1.15084034e+01  -1.15083493e+01  -1.15083493e+01
  -1.15083486e+01  -1.15083486e+01  -1.73949085e+00  -1.73922338e+00
  -9.47345682e-01  -9.45303483e-01  -9.45303483e-01  -9.44711730e-01
  -9.44711730e-01  -9.43220077e-01  -1.32469623e-01   1.70445995e-03
   5.20060852e-02   5.29924921e-02   5.29924921e-02   8.58702374e-02
   8.66336415e-02   9.05466450e-02   9.05466450e-02   1.32283977e-01
   1.32283977e-01   1.34125867e-01   1.39452380e-01   1.39452380e-01
   1.66314709e-01   1.66314709e-01   1.78850098e-01   2.24887969e-01
   2.24887969e-01   3.19059596e-01   3.94360624e-01   4.02092230e-01
   4.02092230e-01   4.09848015e-01   4.09848015e-01   4.11092265e-01
   4.11092265e-01   4.19172968e-01   4.19172968e-01   4.37642460e-01
   8.19000609e-01   8.19000609e-01   8.36603156e-01   8.36603156e-01
   8.62658628e-01   8.79966211e-01   1.19016192e+00   1.31976811e+00
   1.38298775e+00   1.40616372e+00   1.40616372e+00   1.40796949e+00
   1.40796949e+00   1.41622673e+00   1.41622673e+00   1.43387498e+00
   1.43387498e+00   1.47859537e+00]
    CPU time for scf_cycle      0.65 sec, wall time      0.78 sec
    CPU time for SCF      0.65 sec, wall time      0.78 sec
converged SCF energy = -1198.30131222223
RHF E = -1198.30131222
RHF eps = [ -1.33521665e+02  -1.33521664e+02  -1.44792102e+01  -1.44792044e+01
  -1.15084034e+01  -1.15084034e+01  -1.15083493e+01  -1.15083493e+01
  -1.15083486e+01  -1.15083486e+01  -1.73949085e+00  -1.73922338e+00
  -9.47345682e-01  -9.45303483e-01  -9.45303483e-01  -9.44711730e-01
  -9.44711730e-01  -9.43220077e-01  -1.32469623e-01   1.70445995e-03
   5.20060852e-02   5.29924921e-02   5.29924921e-02   8.58702374e-02
   8.66336415e-02   9.05466450e-02   9.05466450e-02   1.32283977e-01
   1.32283977e-01   1.34125867e-01   1.39452380e-01   1.39452380e-01
   1.66314709e-01   1.66314709e-01   1.78850098e-01   2.24887969e-01
   2.24887969e-01   3.19059596e-01   3.94360624e-01   4.02092230e-01
   4.02092230e-01   4.09848015e-01   4.09848015e-01   4.11092265e-01
   4.11092265e-01   4.19172968e-01   4.19172968e-01   4.37642460e-01
   8.19000609e-01   8.19000609e-01   8.36603156e-01   8.36603156e-01
   8.62658628e-01   8.79966211e-01   1.19016192e+00   1.31976811e+00
   1.38298775e+00   1.40616372e+00   1.40616372e+00   1.40796949e+00
   1.40796949e+00   1.41622673e+00   1.41622673e+00   1.43387498e+00
   1.43387498e+00   1.47859537e+00]
    CPU time for CCSD integral transformation      1.60 sec, wall time      1.60 sec

******** <class 'pyscf.cc.linrccsd.LinRCCSD'> flags ********
CCSD nocc = 9, nvir = 47
frozen orbitals [0, 1, 2, 3, 4, 5, 6, 7, 8, 9]
max_cycle = 50
direct = 0
conv_tol = 1e-07
conv_tol_normt = 1e-05
diis_space = 6
diis_start_cycle = 0
diis_start_energy_diff = 1e+09
Init t2, MP2 energy = -0.336469436964791
    CPU time for init mp2      0.00 sec, wall time      0.00 sec
    CPU time for update t1 t2      0.16 sec, wall time      0.16 sec
istep = 0  E(CCSD) = -0.362600666242268  dE = -0.362600666  norm(t1,t2) = 0.112099
    CPU time for CCSD iter      0.16 sec, wall time      0.16 sec
    CPU time for update t1 t2      0.16 sec, wall time      0.16 sec
DIIS for step 1
istep = 1  E(CCSD) = -0.368762850924496  dE = -0.00616218468  norm(t1,t2) = 0.0641258
    CPU time for CCSD iter      0.16 sec, wall time      0.16 sec
    CPU time for update t1 t2      0.15 sec, wall time      0.16 sec
diis-c [-0.0010624  1.       ]
DIIS for step 2
istep = 2  E(CCSD) = -0.371033397475924  dE = -0.00227054655  norm(t1,t2) = 0.042508
    CPU time for CCSD iter      0.16 sec, wall time      0.16 sec
    CPU time for update t1 t2      0.16 sec, wall time      0.16 sec
diis-c [ -4.98386644e-05  -2.00095243e+00   3.00095243e+00]
DIIS for step 3
istep = 3  E(CCSD) = -0.374648718390115  dE = -0.00361532091  norm(t1,t2) = 0.0288805
    CPU time for CCSD iter      0.16 sec, wall time      0.17 sec
    CPU time for update t1 t2      0.17 sec, wall time      0.16 sec
diis-c [ -5.91588400e-06   1.87306181e+00  -2.87843788e+00   2.00537607e+00]
DIIS for step 4
istep = 4  E(CCSD) = -0.374239877355456  dE = 0.000408841035  norm(t1,t2) = 0.00466182
    CPU time for CCSD iter      0.18 sec, wall time      0.17 sec
    CPU time for update t1 t2      0.16 sec, wall time      0.17 sec
diis-c [ -1.44907537e-06  -1.42470096e-01   2.27114890e-01  -4.12249704e-01
   1.32760491e+00]
DIIS for step 5
istep = 5  E(CCSD) = -0.374303486695541  dE = -6.36093401e-05  norm(t1,t2) = 0.0018517
    CPU time for CCSD iter      0.17 sec, wall time      0.17 sec
    CPU time for update t1 t2      0.17 sec, wall time      0.17 sec
diis-c [ -1.70603041e-07  -4.39593876e-01   6.74565056e-01  -3.68935216e-01
  -5.45272096e-01   1.67923613e+00]
DIIS for step 6
istep = 6  E(CCSD) = -0.374372016686569  dE = -6.8529991e-05  norm(t1,t2) = 0.000954225
    CPU time for CCSD iter      0.18 sec, wall time      0.18 sec
    CPU time for update t1 t2      0.17 sec, wall time      0.17 sec
diis-c [ -4.94920364e-08   2.30520613e-01  -3.55075638e-01   2.20909178e-01
   1.46065643e-01  -8.39624021e-01   1.59720423e+00]
DIIS for step 7
istep = 7  E(CCSD) = -0.37435849722104  dE = 1.35194655e-05  norm(t1,t2) = 0.000363764
    CPU time for CCSD iter      0.18 sec, wall time      0.18 sec
    CPU time for update t1 t2      0.17 sec, wall time      0.17 sec
diis-c [ -1.85287071e-08   1.40444762e+00   2.61941404e-04  -1.12336305e-02
   7.24505387e-02  -1.11686938e-01  -3.54239530e-01]
DIIS for step 8
istep = 8  E(CCSD) = -0.374355486165994  dE = 3.01105505e-06  norm(t1,t2) = 0.000211647
    CPU time for CCSD iter      0.18 sec, wall time      0.18 sec
    CPU time for update t1 t2      0.17 sec, wall time      0.17 sec
diis-c [ -6.10239642e-09  -1.54384803e-01   1.40416519e+00  -2.02159457e-03
   9.86870746e-04   6.26665869e-02  -3.11412253e-01]
DIIS for step 9
istep = 9  E(CCSD) = -0.374352815327531  dE = 2.67083846e-06  norm(t1,t2) = 0.00013302
    CPU time for CCSD iter      0.18 sec, wall time      0.18 sec
    CPU time for update t1 t2      0.16 sec, wall time      0.17 sec
diis-c [ -7.73843156e-10  -4.57903144e-01  -9.42399260e-01   2.07646501e+00
  -8.02715829e-03  -1.99583002e-02   3.51822850e-01]
DIIS for step 10
istep = 10  E(CCSD) = -0.374355288593554  dE = -2.47326602e-06  norm(t1,t2) = 7.28384e-05
    CPU time for CCSD iter      0.17 sec, wall time      0.18 sec
    CPU time for update t1 t2      0.18 sec, wall time      0.17 sec
diis-c [ -1.89473298e-10   9.48939878e-02   3.00020530e-02  -4.14239065e-01
   1.32032582e+00  -5.73966737e-04  -3.04088252e-02]
DIIS for step 11
istep = 11  E(CCSD) = -0.374355427388811  dE = -1.38795257e-07  norm(t1,t2) = 2.29967e-05
    CPU time for CCSD iter      0.18 sec, wall time      0.18 sec
    CPU time for update t1 t2      0.16 sec, wall time      0.17 sec
diis-c [ -3.55616370e-11   6.98315488e-04  -9.81697271e-04   5.56410914e-02
  -6.12877075e-01   1.55828595e+00  -7.66582829e-04]
DIIS for step 12
istep = 12  E(CCSD) = -0.374355313078401  dE = 1.1431041e-07  norm(t1,t2) = 1.02426e-05
    CPU time for CCSD iter      0.17 sec, wall time      0.18 sec
    CPU time for update t1 t2      0.17 sec, wall time      0.17 sec
diis-c [ -9.40766909e-12  -5.14064622e-03  -4.60749738e-03   4.85112304e-02
  -1.52996983e-01  -1.67921888e-01   1.28215578e+00]
DIIS for step 13
istep = 13  E(CCSD) = -0.374355135732856  dE = 1.77345545e-07  norm(t1,t2) = 4.87471e-06
    CPU time for CCSD iter      0.18 sec, wall time      0.18 sec
    CPU time for update t1 t2      0.17 sec, wall time      0.17 sec
diis-c [ -1.94474992e-12   1.71770969e+00   2.03258541e-03  -2.52755057e-02
   2.05479974e-01  -2.79491072e-01  -6.20455670e-01]
DIIS for step 14
istep = 14  E(CCSD) = -0.374355010251265  dE = 1.25481591e-07  norm(t1,t2) = 2.30361e-06
    CPU time for CCSD iter      0.18 sec, wall time      0.17 sec
    CPU time for update t1 t2      0.16 sec, wall time      0.17 sec
diis-c [ -5.67212943e-13  -5.67749187e-01   1.45571829e+00   4.38991962e-03
  -4.76080832e-02   1.10979294e-01   4.42697692e-02]
DIIS for step 15
istep = 15  E(CCSD) = -0.374354987241425  dE = 2.30098401e-08  norm(t1,t2) = 1.10534e-06
    CPU time for CCSD iter      0.16 sec, wall time      0.17 sec
    CPU time for CCSD      2.75 sec, wall time      2.76 sec
CCSD converged
E(linCCSD) = -1198.675667209468  E_corr = -0.3743549872414248
    CPU time for EOM-CCSD shared one-electron intermediates      0.02 sec, wall time      0.02 sec
    CPU time for EOM-CCSD IP intermediates      0.09 sec, wall time      0.09 sec
tol 1e-07  toloose 0.000316228
max_cycle 50  max_space 38  max_memory 2000  incore True
davidson 0 6  |r|= 0.33  e= [ 0.16680236  0.98822136  0.98953428  0.98953428  0.99004584  0.99004584]  max|de|= 0.99  lindep=    1
davidson 1 12  |r|= 0.0616  e= [ 0.15726613  0.88147628  0.88362337  0.88362337  0.88436402  0.88436402]  max|de|= -0.107  lindep= 0.659
davidson 2 18  |r|= 0.00178  e= [ 0.15722569  0.88106217  0.88305538  0.88305538  0.88372918  0.88372918]  max|de|= -0.000635  lindep= 0.788
davidson 3 24  |r|= 0.000528  e= [ 0.15722245  0.88106305  0.88305592  0.88305592  0.88372978  0.88372978]  max|de|= -3.25e-06  lindep= 0.827
root 2 converged  |r|= 2.39e-11  e= 0.883055923632  max|de|= -4.44e-16
root 3 converged  |r|= 2.39e-11  e= 0.883055923632  max|de|= -5.55e-16
root 4 converged  |r|= 3.06e-11  e= 0.883729784631  max|de|= -7.77e-16
root 5 converged  |r|= 3.06e-11  e= 0.883729784631  max|de|= -8.88e-16
davidson 4 26  |r|= 1.86e-05  e= [ 0.1572234   0.88106159  0.88305592  0.88305592  0.88372978  0.88372978]  max|de|= -1.46e-06  lindep= 0.908
root 0 converged  |r|= 3.38e-06  e= 0.157223363895  max|de|= -4.05e-08
root 1 converged  |r|= 2.23e-11  e= 0.881061545079  max|de|= -4.08e-08
converge 5 28  |r|= 3.38e-06  e= [ 0.15722336  0.88106155  0.88305592  0.88305592  0.88372978  0.88372978]  max|de|= -4.08e-08
IP root 0 E = 0.1572233638948104  qpwt = 0.964298
IP root 1 E = 0.8810615450790616  qpwt = 0.926782
IP root 2 E = 0.8830559236317393  qpwt = 0.926727
IP root 3 E = 0.883055923631739  qpwt = 0.926727
IP root 4 E = 0.8837297846305787  qpwt = 0.926431
IP root 5 E = 0.8837297846305774  qpwt = 0.926431
    CPU time for IP-CCSD      0.20 sec, wall time      0.20 sec
    CPU time for EOM-CCSD shared one-electron intermediates      0.02 sec, wall time      0.02 sec
    CPU time for EOM-CCSD EA intermediates      1.08 sec, wall time      1.08 sec
tol 1e-07  toloose 0.000316228
max_cycle 50  max_space 38  max_memory 2000  incore True
davidson 0 6  |r|= 0.108  e= [ 0.0092392   0.05725936  0.0644187   0.0644187   0.08943077  0.09159936]  max|de|= 0.0916  lindep=    1
davidson 1 12  |r|= 0.0174  e= [-0.00838436  0.03950539  0.03760166  0.03760166  0.06988391  0.07509119]  max|de|= -0.0268  lindep= 0.795
davidson 2 18  |r|= 0.00624  e= [-0.00853631  0.03870119  0.03722152  0.03722152  0.06880666  0.0741642 ]  max|de|= -0.00108  lindep= 0.706
davidson 3 24  |r|= 0.00139  e= [-0.00856481  0.03864178  0.03720679  0.03720679  0.06879249  0.07405836]  max|de|= -0.000106  lindep= 0.734
davidson 4 30  |r|= 0.000322  e= [-0.00856384  0.03863342  0.03720632  0.03720632  0.06879612  0.07402962]  max|de|= -2.87e-05  lindep= 0.735
root 0 converged  |r|= 4.22e-06  e= -0.00856381533569  max|de|= 2.03e-08
root 4 converged  |r|= 5.5e-06  e= 0.0687961840994  max|de|= 6e-08
davidson 5 36  |r|= 5.19e-05  e= [-0.00856382  0.03863565  0.03720874  0.03720874  0.06879618  0.07402883]  max|de|= 2.42e-06  lindep= 0.822
root 0 converged  |r|= 4.22e-06  e= -0.00856381533569  max|de|= 2.43e-17
root 1 converged  |r|= 1.69e-05  e= 0.0386356480972  max|de|= 3.75e-16
root 2 converged  |r|= 5.19e-05  e= 0.0372087442714  max|de|= 2.15e-16
root 3 converged  |r|= 5.19e-05  e= 0.0372087442714  max|de|= 2.71e-16
root 4 converged  |r|= 5.5e-06  e= 0.0687961840994  max|de|= -3.89e-16
root 5 converged  |r|= 2.57e-05  e= 0.0740288347289  max|de|= -3.75e-16
converge 6 6  |r|= 5.19e-05  e= [-0.00856382  0.03863565  0.03720874  0.03720874  0.06879618  0.07402883]  max|de|= -3.89e-16
EA root 0 E = -0.008563815335689673  qpwt = 0.961465
EA root 1 E = 0.03863564809716125  qpwt = 0.932437
EA root 2 E = 0.03720874427143599  qpwt = 0.934934
EA root 3 E = 0.03720874427143736  qpwt = 0.934934
EA root 4 E = 0.06879618409944016  qpwt = 0.93861
EA root 5 E = 0.07402883472888427  qpwt = 0.967244
    CPU time for EA-CCSD      2.08 sec, wall time      2.09 sec
