

******** <class 'pyscf.scf.hf.RHF'> flags ********
method = RHF
initial guess = minao
damping factor = 0
level shift factor = 0
Do DIIS = True
DIIS start cycle = 1
DIIS space = 8
SCF tol = 1e-09
SCF gradient tol = None
max. SCF cycles = 50
direct_scf = True
direct_scf_tol = 1e-13
chkfile to save SCF result = /tmp/tmprWyaDw
max_memory 4000 MB (current use 39 MB)
Set gradient conv threshold to 3.16228e-05
Nelec from initial guess = 19.9992
cond(S) = 154.417880447
E_coul = 229.546343173317
init E= -599.446000122252
    CPU time for initialize scf      0.15 sec, wall time      0.24 sec
  HOMO = -0.244111804020343  LUMO = -0.0326319403154963
  mo_energy =
[ -1.33500394e+02  -1.44681993e+01  -1.14957280e+01  -1.14957205e+01
  -1.14957205e+01  -1.74327450e+00  -9.53287327e-01  -9.46825153e-01
  -9.46825153e-01  -2.44111804e-01  -3.26319403e-02   6.57977424e-02
   6.57977424e-02   7.27655093e-02   9.99940518e-02   1.35943543e-01
   1.35943543e-01   1.40416587e-01   1.40416587e-01   1.96677935e-01
   3.75642663e-01   3.95238761e-01   3.95238761e-01   3.99275163e-01
   3.99275163e-01   5.45459166e-01   7.27177366e-01   7.86167909e-01
   7.86167909e-01   8.60229980e-01   8.60229980e-01   1.05150193e+00
   1.30793859e+00   1.40837379e+00   1.40837379e+00   1.41661908e+00
   1.41661908e+00   1.48795592e+00   2.74106256e+00   3.44432910e+00
   3.44432910e+00   3.47007903e+00   3.47007903e+00   3.51264016e+00
   3.93938207e+00   3.93938207e+00   4.14855464e+00]
E_coul = 229.626261403063
cycle= 1 E= -599.668023979364  delta_E= -0.222  |g|= 0.175  |ddm|= 0.925
    CPU time for cycle= 1      0.01 sec, wall time      0.01 sec
diis-norm(errvec)=0.391343
diis-c [-0.1531497  1.       ]
  HOMO = -0.205800987238314  LUMO = 0.00104674340436945
  mo_energy =
[ -1.33518120e+02  -1.44747601e+01  -1.15043879e+01  -1.15043879e+01
  -1.15036648e+01  -1.73499023e+00  -9.43484072e-01  -9.43484072e-01
  -9.35203795e-01  -2.05800987e-01   1.04674340e-03   6.44695527e-02
   6.44695527e-02   7.38182760e-02   1.10362875e-01   1.38693598e-01
   1.38693598e-01   1.61270596e-01   1.61270596e-01   2.34027626e-01
   3.97982500e-01   3.97982500e-01   4.07823521e-01   4.10605530e-01
   4.10605530e-01   6.76261352e-01   8.11732722e-01   8.11732722e-01
   8.25144670e-01   1.03245830e+00   1.03245830e+00   1.06741844e+00
   1.39953897e+00   1.40911611e+00   1.40911611e+00   1.43033175e+00
   1.43033175e+00   1.54175216e+00   3.01807877e+00   3.72182720e+00
   3.72182720e+00   3.74487543e+00   3.74487543e+00   3.78637296e+00
   4.23401203e+00   4.23401203e+00   4.43565682e+00]
E_coul = 229.626340185661
cycle= 2 E= -599.682308691349  delta_E= -0.0143  |g|= 0.0397  |ddm|= 0.262
    CPU time for cycle= 2      0.01 sec, wall time      0.01 sec
diis-norm(errvec)=0.0782856
diis-c [-0.00539216  0.06594403  0.93405597]
  HOMO = -0.239175546951135  LUMO = 0.00429619657398155
  mo_energy =
[ -1.33512498e+02  -1.44701332e+01  -1.14995558e+01  -1.14995558e+01
  -1.14993355e+01  -1.73169273e+00  -9.40688423e-01  -9.40688423e-01
  -9.35193568e-01  -2.39175547e-01   4.29619657e-03   6.74936464e-02
   6.74936464e-02   7.71147134e-02   1.10753014e-01   1.39526648e-01
   1.39526648e-01   1.55314165e-01   1.55314165e-01   2.29458841e-01
   3.99877440e-01   3.99877440e-01   4.05431111e-01   4.10626917e-01
   4.10626917e-01   6.51247463e-01   8.04137121e-01   8.11267273e-01
   8.11267273e-01   9.89186491e-01   9.89186491e-01   1.07027788e+00
   1.38066871e+00   1.41193277e+00   1.41193277e+00   1.43023107e+00
   1.43023107e+00   1.52431605e+00   2.93732553e+00   3.64846872e+00
   3.64846872e+00   3.67088519e+00   3.67088519e+00   3.71141665e+00
   4.14686437e+00   4.14686437e+00   4.34919787e+00]
E_coul = 229.635234305343
cycle= 3 E= -599.682912907879  delta_E= -0.000604  |g|= 0.0101  |ddm|= 0.0612
    CPU time for cycle= 3      0.01 sec, wall time      0.01 sec
diis-norm(errvec)=0.0209379
diis-c [ -2.67808777e-04  -3.03288545e-02   4.38422425e-02   9.86486612e-01]
  HOMO = -0.240794687290804  LUMO = 0.00432746978781544
  mo_energy =
[ -1.33512266e+02  -1.44696366e+01  -1.14990832e+01  -1.14990832e+01
  -1.14989084e+01  -1.73068658e+00  -9.39753606e-01  -9.39753606e-01
  -9.34257632e-01  -2.40794687e-01   4.32746979e-03   6.77534243e-02
   6.77534243e-02   7.71256832e-02   1.11108612e-01   1.39963387e-01
   1.39963387e-01   1.55487252e-01   1.55487252e-01   2.29852974e-01
   4.00693172e-01   4.00693172e-01   4.05585239e-01   4.11401399e-01
   4.11401399e-01   6.50174334e-01   8.03785803e-01   8.12052747e-01
   8.12052747e-01   9.87174765e-01   9.87174765e-01   1.06944633e+00
   1.38036956e+00   1.41288436e+00   1.41288436e+00   1.43112971e+00
   1.43112971e+00   1.52531755e+00   2.93142330e+00   3.64352544e+00
   3.64352544e+00   3.66616593e+00   3.66616593e+00   3.70716256e+00
   4.14024275e+00   4.14024275e+00   4.34248539e+00]
E_coul = 229.63378528696
cycle= 4 E= -599.682994401877  delta_E= -8.15e-05  |g|= 0.00258  |ddm|= 0.0267
    CPU time for cycle= 4      0.01 sec, wall time      0.01 sec
diis-norm(errvec)=0.00628726
diis-c [ -8.79412466e-06   6.81471053e-03  -5.32922982e-02  -4.15938136e-01
   1.46241572e+00]
  HOMO = -0.24000000812476  LUMO = 0.00437326472984511
  mo_energy =
[ -1.33512828e+02  -1.44699975e+01  -1.14994710e+01  -1.14994710e+01
  -1.14992993e+01  -1.73055607e+00  -9.39678130e-01  -9.39678130e-01
  -9.34046673e-01  -2.40000008e-01   4.37326473e-03   6.78308122e-02
   6.78308122e-02   7.72711527e-02   1.11205213e-01   1.40043375e-01
   1.40043375e-01   1.55778532e-01   1.55778532e-01   2.30235806e-01
   4.00776067e-01   4.00776067e-01   4.05854255e-01   4.11647876e-01
   4.11647876e-01   6.51154711e-01   8.04558726e-01   8.12290872e-01
   8.12290872e-01   9.88760727e-01   9.88760727e-01   1.06987189e+00
   1.38105648e+00   1.41292316e+00   1.41292316e+00   1.43128240e+00
   1.43128240e+00   1.52573897e+00   2.93392143e+00   3.64594159e+00
   3.64594159e+00   3.66854685e+00   3.66854685e+00   3.70960132e+00
   4.14292748e+00   4.14292748e+00   4.34498843e+00]
E_coul = 229.637448758422
cycle= 5 E= -599.683009204293  delta_E= -1.48e-05  |g|= 0.000427  |ddm|= 0.0145
    CPU time for cycle= 5      0.01 sec, wall time      0.01 sec
diis-norm(errvec)=0.00104781
diis-c [ -1.63225818e-07  -1.92518360e-03   1.82228191e-02   1.26374490e-01
  -5.64693971e-01   1.42202184e+00]
  HOMO = -0.239810578906328  LUMO = 0.00431915509309931
  mo_energy =
[ -1.33512293e+02  -1.44695948e+01  -1.14990601e+01  -1.14990601e+01
  -1.14988862e+01  -1.73043125e+00  -9.39581601e-01  -9.39581601e-01
  -9.33953411e-01  -2.39810579e-01   4.31915509e-03   6.77951941e-02
   6.77951941e-02   7.72644168e-02   1.11184523e-01   1.40013209e-01
   1.40013209e-01   1.55816693e-01   1.55816693e-01   2.30294935e-01
   4.00770228e-01   4.00770228e-01   4.05898322e-01   4.11670594e-01
   4.11670594e-01   6.51429847e-01   8.04743658e-01   8.12342765e-01
   8.12342765e-01   9.89102733e-01   9.89102733e-01   1.06996471e+00
   1.38126979e+00   1.41300869e+00   1.41300869e+00   1.43138399e+00
   1.43138399e+00   1.52589567e+00   2.93444714e+00   3.64647355e+00
   3.64647355e+00   3.66906359e+00   3.66906359e+00   3.71009500e+00
   4.14349240e+00   4.14349240e+00   4.34555253e+00]
E_coul = 229.636179645969
cycle= 6 E= -599.683009620253  delta_E= -4.16e-07  |g|= 9.21e-05  |ddm|= 0.00231
    CPU time for cycle= 6      0.01 sec, wall time      0.01 sec
diis-norm(errvec)=0.000135309
diis-c [ -1.14153601e-08  -2.98820766e-04   1.23896092e-03   1.16053268e-02
  -3.49291349e-02  -1.09063062e-02   1.03328997e+00]
  HOMO = -0.239797151587571  LUMO = 0.00430987118120821
  mo_energy =
[ -1.33512554e+02  -1.44697965e+01  -1.14992684e+01  -1.14992684e+01
  -1.14990942e+01  -1.73052026e+00  -9.39664589e-01  -9.39664589e-01
  -9.34039360e-01  -2.39797152e-01   4.30987118e-03   6.77835663e-02
   6.77835663e-02   7.72563705e-02   1.11173339e-01   1.40002602e-01
   1.40002602e-01   1.55814792e-01   1.55814792e-01   2.30296153e-01
   4.00729146e-01   4.00729146e-01   4.05864894e-01   4.11632228e-01
   4.11632228e-01   6.51445453e-01   8.04724918e-01   8.12298479e-01
   8.12298479e-01   9.89123183e-01   9.89123183e-01   1.06991767e+00
   1.38123364e+00   1.41293129e+00   1.41293129e+00   1.43130989e+00
   1.43130989e+00   1.52584917e+00   2.93448117e+00   3.64651032e+00
   3.64651032e+00   3.66909776e+00   3.66909776e+00   3.71012452e+00
   4.14353046e+00   4.14353046e+00   4.34559026e+00]
E_coul = 229.636536247398
cycle= 7 E= -599.683009627039  delta_E= -6.79e-09  |g|= 2.1e-05  |ddm|= 0.000465
    CPU time for cycle= 7      0.01 sec, wall time      0.01 sec
diis-norm(errvec)=3.32884e-05
diis-c [ -2.97471492e-10   1.33992558e-04  -1.15406899e-03  -7.89994684e-03
   3.37293745e-02  -7.24233094e-02  -2.15518690e-01   1.26313265e+00]
  HOMO = -0.239793315155008  LUMO = 0.0043075387080013
  mo_energy =
[ -1.33512526e+02  -1.44697772e+01  -1.14992486e+01  -1.14992486e+01
  -1.14990743e+01  -1.73051594e+00  -9.39661810e-01  -9.39661810e-01
  -9.34037421e-01  -2.39793315e-01   4.30753871e-03   6.77808794e-02
   6.77808794e-02   7.72547719e-02   1.11171369e-01   1.40000109e-01
   1.40000109e-01   1.55814432e-01   1.55814432e-01   2.30295879e-01
   4.00727232e-01   4.00727232e-01   4.05863632e-01   4.11631259e-01
   4.11631259e-01   6.51449932e-01   8.04727030e-01   8.12298664e-01
   8.12298664e-01   9.89126965e-01   9.89126965e-01   1.06991886e+00
   1.38123758e+00   1.41293351e+00   1.41293351e+00   1.43131254e+00
   1.43131254e+00   1.52585198e+00   2.93448593e+00   3.64651523e+00
   3.64651523e+00   3.66910264e+00   3.66910264e+00   3.71012914e+00
   4.14353567e+00   4.14353567e+00   4.34559583e+00]
E_coul = 229.636439833234
cycle= 8 E= -599.683009627644  delta_E= -6.04e-10  |g|= 2.8e-06  |ddm|= 0.000188
    CPU time for cycle= 8      0.01 sec, wall time      0.01 sec
  HOMO = -0.239794048914474  LUMO = 0.00430745854090136
  mo_energy =
[ -1.33512530e+02  -1.44697796e+01  -1.14992511e+01  -1.14992511e+01
  -1.14990767e+01  -1.73051691e+00  -9.39662732e-01  -9.39662732e-01
  -9.34038268e-01  -2.39794049e-01   4.30745854e-03   6.77808944e-02
   6.77808944e-02   7.72547830e-02   1.11171317e-01   1.39999956e-01
   1.39999956e-01   1.55814149e-01   1.55814149e-01   2.30295617e-01
   4.00726778e-01   4.00726778e-01   4.05863144e-01   4.11630840e-01
   4.11630840e-01   6.51449251e-01   8.04726304e-01   8.12298076e-01
   8.12298076e-01   9.89125955e-01   9.89125955e-01   1.06991850e+00
   1.38123659e+00   1.41293267e+00   1.41293267e+00   1.43131170e+00
   1.43131170e+00   1.52585102e+00   2.93448487e+00   3.64651411e+00
   3.64651411e+00   3.66910153e+00   3.66910153e+00   3.71012803e+00
   4.14353453e+00   4.14353453e+00   4.34559471e+00]
    CPU time for scf_cycle      0.24 sec, wall time      0.34 sec
    CPU time for SCF      0.24 sec, wall time      0.34 sec
converged SCF energy = -599.683009627644
RHF E = -599.683009628
RHF eps = [ -1.33512530e+02  -1.44697796e+01  -1.14992511e+01  -1.14992511e+01
  -1.14990767e+01  -1.73051691e+00  -9.39662732e-01  -9.39662732e-01
  -9.34038268e-01  -2.39794049e-01   4.30745854e-03   6.77808944e-02
   6.77808944e-02   7.72547830e-02   1.11171317e-01   1.39999956e-01
   1.39999956e-01   1.55814149e-01   1.55814149e-01   2.30295617e-01
   4.00726778e-01   4.00726778e-01   4.05863144e-01   4.11630840e-01
   4.11630840e-01   6.51449251e-01   8.04726304e-01   8.12298076e-01
   8.12298076e-01   9.89125955e-01   9.89125955e-01   1.06991850e+00
   1.38123659e+00   1.41293267e+00   1.41293267e+00   1.43131170e+00
   1.43131170e+00   1.52585102e+00   2.93448487e+00   3.64651411e+00
   3.64651411e+00   3.66910153e+00   3.66910153e+00   3.71012803e+00
   4.14353453e+00   4.14353453e+00   4.34559471e+00]
    CPU time for CCSD integral transformation      0.49 sec, wall time      0.50 sec

******** <class 'pyscf.cc.linrccsd.LinRCCSD'> flags ********
CCSD nocc = 5, nvir = 37
frozen orbitals [0, 1, 2, 3, 4]
max_cycle = 50
direct = 0
conv_tol = 1e-07
conv_tol_normt = 1e-05
diis_space = 6
diis_start_cycle = 0
diis_start_energy_diff = 1e+09
Init t2, MP2 energy = -0.182748837218989
    CPU time for init mp2      0.00 sec, wall time      0.00 sec
    CPU time for update t1 t2      0.03 sec, wall time      0.03 sec
istep = 0  E(CCSD) = -0.200101674116976  dE = -0.200101674  norm(t1,t2) = 0.0619206
    CPU time for CCSD iter      0.03 sec, wall time      0.03 sec
    CPU time for update t1 t2      0.03 sec, wall time      0.03 sec
DIIS for step 1
istep = 1  E(CCSD) = -0.204169517979223  dE = -0.00406784386  norm(t1,t2) = 0.0319824
    CPU time for CCSD iter      0.03 sec, wall time      0.03 sec
    CPU time for update t1 t2      0.03 sec, wall time      0.03 sec
diis-c [ -2.59994046e-04   1.00000000e+00]
DIIS for step 2
istep = 2  E(CCSD) = -0.20555082055647  dE = -0.00138130258  norm(t1,t2) = 0.0227914
    CPU time for CCSD iter      0.03 sec, wall time      0.03 sec
    CPU time for update t1 t2      0.03 sec, wall time      0.03 sec
diis-c [ -1.07599523e-04  -1.42104822e+00   2.42104822e+00]
DIIS for step 3
istep = 3  E(CCSD) = -0.207103471391473  dE = -0.00155265084  norm(t1,t2) = 0.0178189
    CPU time for CCSD iter      0.03 sec, wall time      0.03 sec
    CPU time for update t1 t2      0.03 sec, wall time      0.03 sec
diis-c [ -4.52980673e-05  -6.56186955e-01   3.85239673e-01   1.27094728e+00]
DIIS for step 4
istep = 4  E(CCSD) = -0.207650295854151  dE = -0.000546824463  norm(t1,t2) = 0.0110501
    CPU time for CCSD iter      0.03 sec, wall time      0.03 sec
    CPU time for update t1 t2      0.03 sec, wall time      0.03 sec
diis-c [ -3.91021530e-06   1.21271103e+00  -1.60929211e+00  -8.53532174e-01
   2.25011325e+00]
DIIS for step 5
istep = 5  E(CCSD) = -0.207479318104904  dE = 0.000170977749  norm(t1,t2) = 0.00639225
    CPU time for CCSD iter      0.04 sec, wall time      0.03 sec
    CPU time for update t1 t2      0.02 sec, wall time      0.03 sec
diis-c [ -8.87760057e-07  -8.84103420e-01   1.21844866e+00   5.46919104e-01
  -1.70027916e+00   1.81901482e+00]
DIIS for step 6
istep = 6  E(CCSD) = -0.207553657594507  dE = -7.43394896e-05  norm(t1,t2) = 0.00174877
    CPU time for CCSD iter      0.03 sec, wall time      0.03 sec
    CPU time for update t1 t2      0.03 sec, wall time      0.03 sec
diis-c [ -1.40388064e-07  -3.61693985e-01   4.83412298e-01   2.44282895e-01
  -6.77163325e-01   1.08118383e-01   1.20304373e+00]
DIIS for step 7
istep = 7  E(CCSD) = -0.207575166256322  dE = -2.15086618e-05  norm(t1,t2) = 0.000778025
    CPU time for CCSD iter      0.03 sec, wall time      0.03 sec
    CPU time for update t1 t2      0.03 sec, wall time      0.03 sec
diis-c [ -3.88146995e-08   1.19015267e+00  -3.20019638e-03   1.21358312e-03
   1.22876832e-02  -4.21635829e-02  -1.58290161e-01]
DIIS for step 8
istep = 8  E(CCSD) = -0.207570357960439  dE = 4.80829588e-06  norm(t1,t2) = 0.000304928
    CPU time for CCSD iter      0.03 sec, wall time      0.03 sec
    CPU time for update t1 t2      0.03 sec, wall time      0.03 sec
diis-c [ -2.89513921e-09  -8.04027229e-01   1.89777034e+00  -4.04159606e-04
  -2.35454978e-03   1.01717671e-01  -1.92702072e-01]
DIIS for step 9
istep = 9  E(CCSD) = -0.207564313427162  dE = 6.04453328e-06  norm(t1,t2) = 0.00016278
    CPU time for CCSD iter      0.03 sec, wall time      0.03 sec
    CPU time for update t1 t2      0.03 sec, wall time      0.03 sec
diis-c [ -4.06775225e-10   1.95080320e-01  -6.31980116e-01   1.39979104e+00
   7.39135885e-04  -3.15236004e-02   6.78932252e-02]
DIIS for step 10
istep = 10  E(CCSD) = -0.207564423539953  dE = -1.10112791e-07  norm(t1,t2) = 3.72816e-05
    CPU time for CCSD iter      0.03 sec, wall time      0.03 sec
    CPU time for update t1 t2      0.03 sec, wall time      0.03 sec
diis-c [ -5.88376292e-11   1.01488682e-01  -2.64866121e-01   1.30022432e-01
   1.01740611e+00  -1.35909575e-02   2.95398560e-02]
DIIS for step 11
istep = 11  E(CCSD) = -0.207564352328063  dE = 7.12118903e-08  norm(t1,t2) = 1.27468e-05
    CPU time for CCSD iter      0.03 sec, wall time      0.03 sec
    CPU time for update t1 t2      0.03 sec, wall time      0.03 sec
diis-c [ -2.63420952e-11  -3.82377335e-03   1.11705067e-02  -7.81324785e-02
   1.03985470e-01   9.65586252e-01   1.21402320e-03]
DIIS for step 12
istep = 12  E(CCSD) = -0.207564238267311  dE = 1.14060752e-07  norm(t1,t2) = 7.5376e-06
    CPU time for CCSD iter      0.03 sec, wall time      0.03 sec
    CPU time for update t1 t2      0.03 sec, wall time      0.03 sec
diis-c [ -8.30091551e-12  -1.15177524e-02   1.65912284e-02   8.40811294e-02
  -2.69942661e-01  -1.29019459e+00   2.47098265e+00]
DIIS for step 13
istep = 13  E(CCSD) = -0.207564025926332  dE = 2.12340979e-07  norm(t1,t2) = 5.45155e-06
    CPU time for CCSD iter      0.03 sec, wall time      0.03 sec
    CPU time for update t1 t2      0.03 sec, wall time      0.03 sec
diis-c [ -2.47152299e-12   1.25833291e+00  -4.26033070e-03   4.78016074e-02
  -1.85139829e-02  -6.55255221e-01   3.71895018e-01]
DIIS for step 14
istep = 14  E(CCSD) = -0.207563920002542  dE = 1.05923789e-07  norm(t1,t2) = 2.97136e-06
    CPU time for CCSD iter      0.04 sec, wall time      0.03 sec
    CPU time for update t1 t2      0.02 sec, wall time      0.03 sec
diis-c [ -5.24857935e-13  -9.91218265e-01   1.93176128e+00  -2.11506331e-02
   3.53938751e-02   3.77363423e-01  -3.32149679e-01]
DIIS for step 15
istep = 15  E(CCSD) = -0.207563866878203  dE = 5.31243395e-08  norm(t1,t2) = 1.45822e-06
    CPU time for CCSD iter      0.03 sec, wall time      0.03 sec
    CPU time for CCSD      0.50 sec, wall time      0.50 sec
CCSD converged
E(linCCSD) = -599.8905734945221  E_corr = -0.2075638668782029
    CPU time for EOM-CCSD shared one-electron intermediates      0.00 sec, wall time      0.01 sec
    CPU time for EOM-CCSD IP intermediates      0.01 sec, wall time      0.01 sec
tol 1e-07  toloose 0.000316228
max_cycle 50  max_space 38  max_memory 2000  incore True
davidson 0 6  |r|= 0.426  e= [ 0.28481208  0.9850452   0.98967028  0.98967028  1.74893774  4.82518433]  max|de|= 4.83  lindep=    1
root 5 converged  |r|= 4.78e-06  e= 4.82518432756  max|de|= 2.54e-09
davidson 1 12  |r|= 0.0558  e= [ 0.23432072  0.90085278  0.90778188  0.90778188  1.58244843  4.82518433]  max|de|= -0.166  lindep= 0.888
davidson 2 17  |r|= 0.0285  e= [ 0.23312738  0.9008288   0.90786759  0.90786759  1.58362214  4.82518433]  max|de|= -0.00119  lindep= 0.187
davidson 3 22  |r|= 0.0883  e= [ 0.23312724  0.90080999  0.90786725  0.90786725  1.56773317  4.82518433]  max|de|= -0.0159  lindep= 0.498
root 0 converged  |r|= 3.02e-10  e= 0.233127237201  max|de|= 1.35e-09
root 2 converged  |r|= 2.45e-11  e= 0.907867253437  max|de|= 1.33e-15
root 3 converged  |r|= 2.45e-11  e= 0.907867253437  max|de|= 1.44e-15
davidson 4 25  |r|= 0.0162  e= [ 0.23312724  0.9008098   0.90786725  0.90786725  1.56973906  4.82518433]  max|de|= 0.00201  lindep= 0.0567
root 1 converged  |r|= 2.07e-13  e= 0.900809801325  max|de|= -3.83e-11
davidson 5 27  |r|= 0.00162  e= [ 0.23312724  0.9008098   0.90786725  0.90786725  1.56962041  4.82518433]  max|de|= -0.000119  lindep= 0.356
davidson 6 28  |r|= 8.43e-06  e= [ 0.23312724  0.9008098   0.90786725  0.90786725  1.56962835  4.82518433]  max|de|= 7.94e-06  lindep= 0.522
davidson 7 29  |r|= 4.71e-08  e= [ 0.23312724  0.9008098   0.90786725  0.90786725  1.56962852  4.82518433]  max|de|= 1.68e-07  lindep=    1
Linear dependency in trial subspace. |r| for each state [0, 0, 0, 0, 4.7060688272383449e-08, 0]
IP root 0 E = 0.2331272371967309  qpwt = 0.860851
IP root 1 E = 0.9008098013249294  qpwt = 0.960211
IP root 2 E = 0.9078672534365038  qpwt = 0.963785
IP root 3 E = 0.9078672534365069  qpwt = 0.963785
IP root 4 E = 1.569628518943972  qpwt = 0.64529
IP root 5 E = 4.825184327495651  qpwt = 3.68451e-07
    CPU time for IP-CCSD      0.08 sec, wall time      0.09 sec
    CPU time for EOM-CCSD shared one-electron intermediates      0.01 sec, wall time      0.01 sec
    CPU time for EOM-CCSD EA intermediates      0.29 sec, wall time      0.29 sec
tol 1e-07  toloose 0.000316228
max_cycle 50  max_space 38  max_memory 2000  incore True
davidson 0 6  |r|= 0.103  e= [ 0.00896338  0.07004567  0.07004567  0.07859386  0.11463485  0.14155467]  max|de|= 0.142  lindep=    1
davidson 1 12  |r|= 0.0141  e= [ 0.00071226  0.06061398  0.06061398  0.0710203   0.10374571  0.13578567]  max|de|= -0.0109  lindep= 0.989
davidson 2 18  |r|= 0.00545  e= [ 0.00050437  0.06040766  0.06040766  0.07083487  0.10319475  0.13569205]  max|de|= -0.000551  lindep= 0.862
root 0 converged  |r|= 0.000206  e= 0.000504359871823  max|de|= -1.4e-08
davidson 3 24  |r|= 0.000398  e= [ 0.00050436  0.06037586  0.06037586  0.07081347  0.10316784  0.13565547]  max|de|= -3.66e-05  lindep= 0.797
root 2 converged  |r|= 0.000236  e= 0.0603758573024  max|de|= 6.25e-17
root 5 converged  |r|= 3.24e-05  e= 0.135655420276  max|de|= -4.56e-08
davidson 4 28  |r|= 0.000236  e= [ 0.00050476  0.06037721  0.06037586  0.07081379  0.10316995  0.13565542]  max|de|= 2.11e-06  lindep= 0.902
root 3 converged  |r|= 2.65e-06  e= 0.0708138694269  max|de|= 7.72e-08
davidson 5 31  |r|= 1.01e-05  e= [ 0.00050466  0.06037736  0.06037586  0.07081387  0.10317103  0.13565542]  max|de|= 1.08e-06  lindep= 0.793
root 1 converged  |r|= 1.73e-06  e= 0.0603772654099  max|de|= -9.84e-08
root 4 converged  |r|= 1.13e-06  e= 0.10317096222  max|de|= -7.21e-08
converge 6 33  |r|= 1.73e-06  e= [ 0.00050392  0.06037727  0.06037586  0.07081386  0.10317096  0.13565542]  max|de|= -7.46e-07
EA root 0 E = 0.0005039161561842862  qpwt = 0.991531
EA root 1 E = 0.06037726540987711  qpwt = 0.989171
EA root 2 E = 0.0603758573023522  qpwt = 0.989177
EA root 3 E = 0.07081385986307652  qpwt = 0.992921
EA root 4 E = 0.1031709622197978  qpwt = 0.987346
EA root 5 E = 0.135655420275693  qpwt = 0.990872
    CPU time for EA-CCSD      0.55 sec, wall time      0.54 sec
