

******** <class 'pyscf.scf.hf.RHF'> flags ********
method = RHF
initial guess = minao
damping factor = 0
level shift factor = 0
Do DIIS = True
DIIS start cycle = 1
DIIS space = 8
SCF tol = 1e-09
SCF gradient tol = None
max. SCF cycles = 50
direct_scf = True
direct_scf_tol = 1e-13
chkfile to save SCF result = /tmp/tmpEKiI3R
max_memory 4000 MB (current use 39 MB)
Set gradient conv threshold to 3.16228e-05
Nelec from initial guess = 23.9934
cond(S) = 1743.26496742
E_coul = 152.665418860687
init E= -224.682754426257
    CPU time for initialize scf      0.88 sec, wall time      0.89 sec
  HOMO = -0.340821750698887  LUMO = -0.183480417697849
  mo_energy =
[-20.75864306 -20.72732491 -20.72725483  -1.97214956  -1.51283958
  -1.01765383  -0.71245147  -0.69332006  -0.69183293  -0.41778433
  -0.38116698  -0.34082175  -0.18348042   0.16067053   0.26267767
   0.4456867    0.52147931   0.5231295    0.52613862   0.57668785
   0.58417225   0.6154134    0.65508811   0.6644183    0.70172504
   0.88020522   0.89636905   1.42034589   1.43139632   1.44506289
   1.69175106   1.72063313   1.73529779   1.77086267   2.00186553
   2.12413727   2.19327322   2.24166992   2.27486983   2.45290137
   2.46662319   2.57974651   2.76582197   2.82342716   2.93723379
   2.94031486   2.99222192   3.05606863   3.18964152   3.20260427
   3.26747193   3.34337887   4.52802422   4.64391752   4.89736151
   4.91791248   4.94708509   5.06462644   5.12261533   5.12833695
   5.33090768   5.45341661   5.45516165   5.46407071   5.48290949
   5.58132674   5.82984161   5.8464459    6.0840964    6.35986387
   6.55568316   6.60102857   6.60756441   6.64885337   6.70872426
   6.75052223   6.82083928   6.82763398   6.84708826   6.85761694
   6.86593616   6.97591306   7.33547289   7.44339712   7.55751513
   7.61923846   7.88774413   7.99447876   8.84213702   9.29016235
  44.54533917  44.77827988  45.42180677]
E_coul = 149.541228276003
cycle= 1 E= -224.186188180536  delta_E= 0.497  |g|= 0.945  |ddm|=  1.7
    CPU time for cycle= 1      0.07 sec, wall time      0.07 sec
diis-norm(errvec)=2.52794
diis-c [-6.39050531  1.        ]
  HOMO = -0.508149293775694  LUMO = -0.148951230611125
  mo_energy =
[-21.5002121  -20.65223882 -20.65217829  -1.95732493  -1.53534829
  -1.21214159  -0.95143606  -0.93505219  -0.86456821  -0.56990954
  -0.55042989  -0.50814929  -0.14895123   0.16960408   0.23463784
   0.3637343    0.45372921   0.49652819   0.50274796   0.58622172
   0.58982588   0.60983087   0.6197734    0.62097026   0.69104282
   0.80687508   0.87915912   1.27823488   1.3064739    1.30911676
   1.66755266   1.68474024   1.73183921   1.74062722   1.92439149
   1.95051109   2.15586375   2.16655289   2.21898491   2.38812936
   2.38916194   2.51948197   2.59287878   2.65962048   2.85644649
   2.95956395   2.99348287   3.06203654   3.08372831   3.09175116
   3.12881683   3.24879392   4.35412322   4.50153326   4.7223862
   4.72784894   4.78554455   4.85071417   4.88078666   4.95759948
   5.12133093   5.4968299    5.49887529   5.50541541   5.51257117
   5.57037038   5.74746557   5.77074154   5.91314542   6.21560474
   6.32856726   6.3447294    6.47845993   6.62327893   6.63517103
   6.68471064   6.70414721   6.70884334   6.74763147   6.75099756
   6.75423635   6.9830192    7.2975355    7.34912436   7.4143456
   7.4936044    7.74477466   7.80101129   8.68531825   9.090146
  44.23983837  44.84676521  45.08634724]
E_coul = 153.328332968838
cycle= 2 E= -224.2178261683  delta_E= -0.0316  |g|= 0.945  |ddm|= 0.731
    CPU time for cycle= 2      0.06 sec, wall time      0.06 sec
diis-norm(errvec)=2.218
diis-c [-0.33934855  0.46524172  0.53475828]
  HOMO = -0.508634205647447  LUMO = -0.0678480118784999
  mo_energy =
[-20.89891536 -20.76370274 -20.76363793  -1.76654911  -1.45556611
  -1.10473574  -0.83903617  -0.81628     -0.79575728  -0.57649921
  -0.55722024  -0.50863421  -0.06784801   0.25453039   0.33218232
   0.43455983   0.50505029   0.52008331   0.5445302    0.58804982
   0.59279326   0.61508164   0.63155218   0.64889628   0.69878656
   0.8577583    0.89484928   1.38219894   1.39742629   1.40198682
   1.68642079   1.71206675   1.72813395   1.76232168   1.98135954
   2.07970979   2.18975609   2.2396105    2.2500754    2.43844963
   2.4527149    2.57104726   2.72626227   2.79644413   2.92144567
   2.93487356   2.97920186   3.07350494   3.13572334   3.14973937
   3.2199822    3.31650849   4.47982323   4.59546942   4.84926868
   4.85198088   4.90012689   5.01606594   5.05162208   5.07264761
   5.26077468   5.47028076   5.47212731   5.48183943   5.49353385
   5.5726657    5.80083812   5.81792156   6.02896113   6.31498497
   6.52240709   6.56643366   6.59178138   6.65874116   6.6799623
   6.71377333   6.77934725   6.7811859    6.80277261   6.80291003
   6.83207271   6.97234372   7.32375399   7.4058931    7.51392978
   7.57861041   7.84265891   7.95215885   8.79031667   9.22957321
  44.47878727  44.74186195  45.31089884]
E_coul = 151.987459399813
cycle= 3 E= -224.348763820535  delta_E= -0.131  |g|= 0.109  |ddm|= 0.367
    CPU time for cycle= 3      0.08 sec, wall time      0.06 sec
diis-norm(errvec)=0.249018
diis-c [-0.02832733  0.00469246  0.0806174   0.91469015]
  HOMO = -0.481777218713955  LUMO = -0.0439747371055062
  mo_energy =
[ -2.09180261e+01  -2.06934841e+01  -2.06934205e+01  -1.74831861e+00
  -1.42867180e+00  -1.08977723e+00  -8.27700400e-01  -7.97074547e-01
  -7.83356060e-01  -5.55314023e-01  -5.43272093e-01  -4.81777219e-01
  -4.39747371e-02   2.76510705e-01   3.46367489e-01   4.40128921e-01
   5.14039221e-01   5.29800284e-01   5.54655136e-01   5.98277244e-01
   6.04196331e-01   6.24657639e-01   6.40217756e-01   6.54827428e-01
   7.04753922e-01   8.63110333e-01   9.02332176e-01   1.39729473e+00
   1.41442573e+00   1.41729779e+00   1.70411343e+00   1.72877807e+00
   1.74802156e+00   1.77873543e+00   1.99909104e+00   2.08826742e+00
   2.20429335e+00   2.25640969e+00   2.26169073e+00   2.45218093e+00
   2.46369693e+00   2.58748967e+00   2.74461812e+00   2.80422349e+00
   2.94268231e+00   2.96312201e+00   3.00940873e+00   3.09796958e+00
   3.15496014e+00   3.17280503e+00   3.24720666e+00   3.33248733e+00
   4.49643701e+00   4.61850200e+00   4.86745336e+00   4.87238995e+00
   4.92192632e+00   5.03164691e+00   5.06741035e+00   5.09291286e+00
   5.28426276e+00   5.49902089e+00   5.50090335e+00   5.51001888e+00
   5.52126368e+00   5.59914818e+00   5.82581558e+00   5.84279269e+00
   6.05233981e+00   6.34655635e+00   6.54628078e+00   6.59128346e+00
   6.62212394e+00   6.69722971e+00   6.71428632e+00   6.74694023e+00
   6.79860265e+00   6.80377092e+00   6.82115454e+00   6.82743119e+00
   6.85284285e+00   7.00648231e+00   7.34605786e+00   7.42518096e+00
   7.52894913e+00   7.60070388e+00   7.86340748e+00   7.96710339e+00
   8.81209383e+00   9.25034100e+00   4.45176888e+01   4.48081906e+01
   4.53208814e+01]
E_coul = 151.86000103648
cycle= 4 E= -224.351510895481  delta_E= -0.00275  |g|= 0.0302  |ddm|= 0.0762
    CPU time for cycle= 4      0.06 sec, wall time      0.06 sec
diis-norm(errvec)=0.0688926
diis-c [-0.0021167  -0.04302947 -0.0558086  -0.03295461  1.13179269]
  HOMO = -0.487552365812695  LUMO = -0.046300917423239
  mo_energy =
[-20.92366978 -20.71200773 -20.7119461   -1.75421496  -1.43508332
  -1.09371166  -0.83398099  -0.80272001  -0.78683572  -0.56565177
  -0.55253322  -0.48755237  -0.04630092   0.27394835   0.34465219
   0.43920121   0.51299978   0.52715336   0.55310088   0.59649913
   0.60110796   0.62334292   0.63860389   0.65441416   0.70302838
   0.86233128   0.90083285   1.39386418   1.41018953   1.41324546
   1.70032709   1.72529524   1.74390104   1.77515032   1.99487872
   2.08599284   2.20072742   2.25239935   2.25918059   2.44914281
   2.46047239   2.58296918   2.74017804   2.80091959   2.93741663
   2.95492882   3.00280428   3.09298314   3.15019952   3.16725109
   3.23980374   3.32731202   4.49170829   4.6127368    4.86259146
   4.86715786   4.9167052    5.02792167   5.06330505   5.08683502
   5.27796103   5.4933994    5.49526829   5.50450357   5.51575347
   5.59299485   5.81982734   5.83689126   6.04682171   6.33859859
   6.53991248   6.58454815   6.61483398   6.68851508   6.70608781
   6.73830221   6.79300448   6.79705363   6.8158519    6.82044222
   6.84701098   6.99808212   7.3405576    7.42006745   7.52467642
   7.59516063   7.85720457   7.96238554   8.805878     9.24457833
  44.50448841  44.79078796  45.31141905]
E_coul = 151.944666795815
cycle= 5 E= -224.351975482719  delta_E= -0.000465  |g|= 0.00985  |ddm|= 0.0427
    CPU time for cycle= 5      0.06 sec, wall time      0.06 sec
diis-norm(errvec)=0.0237746
diis-c [ -3.52872552e-04   1.03516672e-02   5.06514346e-03  -7.94652636e-02
  -2.02295778e-01   1.26634423e+00]
  HOMO = -0.486817427808565  LUMO = -0.0445761976167361
  mo_energy =
[ -2.09173537e+01  -2.07074364e+01  -2.07073751e+01  -1.75208396e+00
  -1.43324275e+00  -1.09175086e+00  -8.32832009e-01  -8.00456490e-01
  -7.83934701e-01  -5.65025072e-01  -5.51583582e-01  -4.86817428e-01
  -4.45761976e-02   2.75124780e-01   3.45565986e-01   4.39489921e-01
   5.13474484e-01   5.27710745e-01   5.53663241e-01   5.97469054e-01
   6.01533787e-01   6.23807269e-01   6.39174700e-01   6.54905435e-01
   7.03337863e-01   8.62545946e-01   9.01260179e-01   1.39475393e+00
   1.41116311e+00   1.41398564e+00   1.70127712e+00   1.72623403e+00
   1.74492322e+00   1.77608881e+00   1.99590597e+00   2.08664273e+00
   2.20171120e+00   2.25347547e+00   2.26007337e+00   2.44995786e+00
   2.46158335e+00   2.58406424e+00   2.74213976e+00   2.80237073e+00
   2.93901913e+00   2.95640863e+00   3.00447719e+00   3.09467952e+00
   3.15193338e+00   3.16922144e+00   3.24177442e+00   3.32864313e+00
   4.49291018e+00   4.61421140e+00   4.86362833e+00   4.86836093e+00
   4.91811940e+00   5.02906751e+00   5.06429247e+00   5.08813141e+00
   5.27944096e+00   5.49511987e+00   5.49699135e+00   5.50616308e+00
   5.51740022e+00   5.59423420e+00   5.82114954e+00   5.83811277e+00
   6.04830609e+00   6.34036517e+00   6.54213353e+00   6.58659784e+00
   6.61716496e+00   6.69082946e+00   6.70824529e+00   6.74005359e+00
   6.79488980e+00   6.79930623e+00   6.81782902e+00   6.82244457e+00
   6.84925853e+00   7.00011605e+00   7.34234521e+00   7.42136537e+00
   7.52592378e+00   7.59695505e+00   7.85910080e+00   7.96428929e+00
   8.80739774e+00   9.24622597e+00   4.45093436e+01   4.47950939e+01
   4.53167529e+01]
E_coul = 151.927692625639
cycle= 6 E= -224.352053020486  delta_E= -7.75e-05  |g|= 0.0042  |ddm|= 0.0173
    CPU time for cycle= 6      0.07 sec, wall time      0.06 sec
diis-norm(errvec)=0.010832
diis-c [ -5.65507772e-05   4.00857377e-03   7.90016912e-03   2.01312382e-02
  -8.52833491e-02  -4.83875155e-01   1.53711852e+00]
  HOMO = -0.487820063567967  LUMO = -0.0445769815631163
  mo_energy =
[ -2.09186833e+01  -2.07082731e+01  -2.07082120e+01  -1.75231985e+00
  -1.43356679e+00  -1.09209961e+00  -8.33548968e-01  -8.00677432e-01
  -7.83597477e-01  -5.65418648e-01  -5.51869784e-01  -4.87820064e-01
  -4.45769816e-02   2.74876380e-01   3.45188158e-01   4.39332511e-01
   5.13433281e-01   5.27729540e-01   5.53452050e-01   5.97459309e-01
   6.01325085e-01   6.23714228e-01   6.39248062e-01   6.54855485e-01
   7.03249155e-01   8.62411479e-01   9.01264075e-01   1.39462936e+00
   1.41103235e+00   1.41371075e+00   1.70122017e+00   1.72613709e+00
   1.74494175e+00   1.77595893e+00   1.99577242e+00   2.08626184e+00
   2.20146440e+00   2.25321230e+00   2.25977582e+00   2.44957490e+00
   2.46115523e+00   2.58367151e+00   2.74173601e+00   2.80177731e+00
   2.93872964e+00   2.95614953e+00   3.00421029e+00   3.09439449e+00
   3.15157181e+00   3.16891964e+00   3.24139385e+00   3.32827829e+00
   4.49243402e+00   4.61405685e+00   4.86319909e+00   4.86808696e+00
   4.91792874e+00   5.02861719e+00   5.06382433e+00   5.08772102e+00
   5.27908346e+00   5.49522950e+00   5.49710164e+00   5.50620548e+00
   5.51742674e+00   5.59399184e+00   5.82089430e+00   5.83777435e+00
   6.04809112e+00   6.34011259e+00   6.54167559e+00   6.58614623e+00
   6.61684646e+00   6.69059353e+00   6.70794249e+00   6.73959291e+00
   6.79416999e+00   6.79887651e+00   6.81726881e+00   6.82188048e+00
   6.84873141e+00   6.99960100e+00   7.34176439e+00   7.42078865e+00
   7.52531600e+00   7.59652607e+00   7.85847900e+00   7.96380627e+00
   8.80687619e+00   9.24579804e+00   4.45083773e+01   4.47942966e+01
   4.53156259e+01]
E_coul = 151.932016037826
cycle= 7 E= -224.352072033477  delta_E= -1.9e-05  |g|= 0.00168  |ddm|= 0.009
    CPU time for cycle= 7      0.06 sec, wall time      0.06 sec
diis-norm(errvec)=0.00417651
diis-c [ -3.60037955e-06  -2.87942360e-03  -2.80637975e-03  -1.05069054e-04
   7.64910196e-02  -1.93108156e-02  -6.19585383e-01   1.56819605e+00]
  HOMO = -0.488011403391727  LUMO = -0.0442629369927138
  mo_energy =
[ -2.09187637e+01  -2.07075664e+01  -2.07075053e+01  -1.75228563e+00
  -1.43341662e+00  -1.09200343e+00  -8.33565019e-01  -8.00501685e-01
  -7.83358668e-01  -5.65074522e-01  -5.51524368e-01  -4.88011403e-01
  -4.42629370e-02   2.75045334e-01   3.45239588e-01   4.39323003e-01
   5.13431834e-01   5.27866136e-01   5.53505747e-01   5.97642709e-01
   6.01452820e-01   6.23751252e-01   6.39322079e-01   6.54886490e-01
   7.03329048e-01   8.62378754e-01   9.01336520e-01   1.39470472e+00
   1.41115048e+00   1.41380394e+00   1.70139922e+00   1.72629872e+00
   1.74516791e+00   1.77612373e+00   1.99593900e+00   2.08622841e+00
   2.20162577e+00   2.25339673e+00   2.25985267e+00   2.44966246e+00
   2.46125356e+00   2.58383003e+00   2.74187033e+00   2.80182389e+00
   2.93892788e+00   2.95650490e+00   3.00447971e+00   3.09470050e+00
   3.15169413e+00   3.16907358e+00   3.24157674e+00   3.32842182e+00
   4.49246547e+00   4.61424866e+00   4.86329922e+00   4.86821607e+00
   4.91809288e+00   5.02861293e+00   5.06380983e+00   5.08789064e+00
   5.27920784e+00   5.49561233e+00   5.49748426e+00   5.50655881e+00
   5.51777229e+00   5.59426182e+00   5.82111245e+00   5.83794577e+00
   6.04824048e+00   6.34033982e+00   6.54185068e+00   6.58632366e+00
   6.61713666e+00   6.69103148e+00   6.70830458e+00   6.73989333e+00
   6.79426865e+00   6.79910569e+00   6.81741494e+00   6.82210484e+00
   6.84891130e+00   6.99991772e+00   7.34193373e+00   7.42094119e+00
   7.52539646e+00   7.59672007e+00   7.85865136e+00   7.96392946e+00
   8.80701510e+00   9.24594390e+00   4.45087932e+01   4.47949723e+01
   4.53158084e+01]
E_coul = 151.930228418294
cycle= 8 E= -224.352074430893  delta_E= -2.4e-06  |g|= 0.000313  |ddm|= 0.00328
    CPU time for cycle= 8      0.06 sec, wall time      0.06 sec
diis-norm(errvec)=0.000733476
diis-c [ -1.34258325e-07   1.79797106e-04   1.34446776e-04  -7.53758364e-04
  -1.03915757e-02   3.46807652e-02   2.68937245e-02  -3.16039776e-01
   1.26529638e+00]
  HOMO = -0.488112185701256  LUMO = -0.0443289442984333
  mo_energy =
[ -2.09189330e+01  -2.07076757e+01  -2.07076147e+01  -1.75237705e+00
  -1.43347888e+00  -1.09207524e+00  -8.33629417e-01  -8.00556000e-01
  -7.83378114e-01  -5.65073976e-01  -5.51532640e-01  -4.88112186e-01
  -4.43289443e-02   2.74990779e-01   3.45179469e-01   4.39272746e-01
   5.13393517e-01   5.27856604e-01   5.53449396e-01   5.97620105e-01
   6.01437718e-01   6.23735762e-01   6.39294001e-01   6.54851666e-01
   7.03313841e-01   8.62331411e-01   9.01318836e-01   1.39464759e+00
   1.41110205e+00   1.41373717e+00   1.70137368e+00   1.72626525e+00
   1.74515429e+00   1.77609034e+00   1.99589606e+00   2.08613957e+00
   2.20159421e+00   2.25336475e+00   2.25979176e+00   2.44960670e+00
   2.46118511e+00   2.58378365e+00   2.74179179e+00   2.80172381e+00
   2.93888602e+00   2.95647608e+00   3.00442695e+00   3.09468047e+00
   3.15161619e+00   3.16899334e+00   3.24148444e+00   3.32834994e+00
   4.49237534e+00   4.61417720e+00   4.86321693e+00   4.86813873e+00
   4.91802185e+00   5.02851348e+00   5.06370651e+00   5.08781599e+00
   5.27912128e+00   5.49560123e+00   5.49747330e+00   5.50654134e+00
   5.51775159e+00   5.59422153e+00   5.82105001e+00   5.83788125e+00
   6.04816719e+00   6.34027169e+00   6.54175966e+00   6.58622881e+00
   6.61706987e+00   6.69099364e+00   6.70825241e+00   6.73982276e+00
   6.79416845e+00   6.79902188e+00   6.81732391e+00   6.82202114e+00
   6.84881951e+00   6.99985515e+00   7.34186306e+00   7.42086675e+00
   7.52530870e+00   7.59663484e+00   7.85856003e+00   7.96383553e+00
   8.80693422e+00   9.24585438e+00   4.45086692e+01   4.47948701e+01
   4.53156656e+01]
E_coul = 151.930536999218
cycle= 9 E= -224.352074487187  delta_E= -5.63e-08  |g|= 5.06e-05  |ddm|= 0.000518
    CPU time for cycle= 9      0.06 sec, wall time      0.06 sec
diis-norm(errvec)=0.000112858
diis-c [ -7.19471866e-09   1.11637353e+00   1.38910231e-05   1.78312339e-04
  -1.62959512e-04  -4.11092757e-03   1.56330538e-02  -1.63288646e-02
  -1.11596038e-01]
  HOMO = -0.488116457516884  LUMO = -0.0443284026896908
  mo_energy =
[ -2.09189466e+01  -2.07076683e+01  -2.07076072e+01  -1.75238278e+00
  -1.43347900e+00  -1.09207843e+00  -8.33630038e-01  -8.00563716e-01
  -7.83380964e-01  -5.65068912e-01  -5.51532989e-01  -4.88116458e-01
  -4.43284027e-02   2.74991208e-01   3.45178220e-01   4.39271453e-01
   5.13391787e-01   5.27853863e-01   5.53450048e-01   5.97618972e-01
   6.01438604e-01   6.23735270e-01   6.39290544e-01   6.54850205e-01
   7.03312259e-01   8.62329669e-01   9.01318158e-01   1.39464288e+00
   1.41109732e+00   1.41373585e+00   1.70137311e+00   1.72626520e+00
   1.74515337e+00   1.77608945e+00   1.99589451e+00   2.08613581e+00
   2.20159271e+00   2.25336368e+00   2.25978930e+00   2.44960512e+00
   2.46118341e+00   2.58378199e+00   2.74178877e+00   2.80172279e+00
   2.93888441e+00   2.95647877e+00   3.00442801e+00   3.09468169e+00
   3.15161267e+00   3.16898735e+00   3.24148204e+00   3.32834964e+00
   4.49237169e+00   4.61417434e+00   4.86321528e+00   4.86813402e+00
   4.91801807e+00   5.02850674e+00   5.06369904e+00   5.08781476e+00
   5.27911612e+00   5.49560130e+00   5.49747332e+00   5.50654189e+00
   5.51775197e+00   5.59422281e+00   5.82104952e+00   5.83787960e+00
   6.04816066e+00   6.34026706e+00   6.54175575e+00   6.58622544e+00
   6.61706756e+00   6.69099578e+00   6.70825269e+00   6.73982345e+00
   6.79416532e+00   6.79901872e+00   6.81732144e+00   6.82201970e+00
   6.84881730e+00   6.99985657e+00   7.34186056e+00   7.42086516e+00
   7.52530607e+00   7.59663349e+00   7.85855918e+00   7.96383199e+00
   8.80693182e+00   9.24585175e+00   4.45086690e+01   4.47948769e+01
   4.53156593e+01]
E_coul = 151.930487673502
cycle= 10 E= -224.35207448833  delta_E= -1.14e-09  |g|= 1.21e-05  |ddm|= 7.71e-05
    CPU time for cycle= 10      0.07 sec, wall time      0.06 sec
diis-norm(errvec)=2.74591e-05
diis-c [ -3.86213395e-10  -2.06220980e-01   1.21920192e+00   1.47022023e-06
   1.47516539e-04  -7.74811123e-04  -8.65159257e-04   7.47529344e-03
  -1.89652536e-02]
  HOMO = -0.488117530435643  LUMO = -0.0443282135901356
  mo_energy =
[ -2.09189459e+01  -2.07076683e+01  -2.07076072e+01  -1.75238379e+00
  -1.43347940e+00  -1.09207896e+00  -8.33630592e-01  -8.00565094e-01
  -7.83381093e-01  -5.65068221e-01  -5.51534311e-01  -4.88117530e-01
  -4.43282136e-02   2.74991711e-01   3.45177611e-01   4.39270394e-01
   5.13391443e-01   5.27853777e-01   5.53449523e-01   5.97618527e-01
   6.01439108e-01   6.23735333e-01   6.39289989e-01   6.54849789e-01
   7.03311809e-01   8.62328773e-01   9.01317961e-01   1.39464185e+00
   1.41109652e+00   1.41373500e+00   1.70137294e+00   1.72626496e+00
   1.74515339e+00   1.77608921e+00   1.99589397e+00   2.08613442e+00
   2.20159273e+00   2.25336365e+00   2.25978860e+00   2.44960460e+00
   2.46118267e+00   2.58378158e+00   2.74178832e+00   2.80172151e+00
   2.93888458e+00   2.95647860e+00   3.00442767e+00   3.09468245e+00
   3.15161209e+00   3.16898676e+00   3.24148105e+00   3.32834889e+00
   4.49237057e+00   4.61417341e+00   4.86321426e+00   4.86813275e+00
   4.91801698e+00   5.02850511e+00   5.06369722e+00   5.08781393e+00
   5.27911483e+00   5.49560134e+00   5.49747335e+00   5.50654194e+00
   5.51775197e+00   5.59422259e+00   5.82104872e+00   5.83787875e+00
   6.04815948e+00   6.34026599e+00   6.54175489e+00   6.58622429e+00
   6.61706712e+00   6.69099598e+00   6.70825260e+00   6.73982281e+00
   6.79416467e+00   6.79901802e+00   6.81732072e+00   6.82201915e+00
   6.84881676e+00   6.99985645e+00   7.34186051e+00   7.42086478e+00
   7.52530534e+00   7.59663275e+00   7.85855858e+00   7.96383118e+00
   8.80693109e+00   9.24585065e+00   4.45086692e+01   4.47948769e+01
   4.53156596e+01]
E_coul = 151.93048277657
cycle= 11 E= -224.352074488425  delta_E= -9.49e-11  |g|= 4.17e-06  |ddm|= 2.25e-05
    CPU time for cycle= 11      0.06 sec, wall time      0.06 sec
  HOMO = -0.488117284424755  LUMO = -0.044327910704029
  mo_energy =
[ -2.09189458e+01  -2.07076676e+01  -2.07076065e+01  -1.75238346e+00
  -1.43347904e+00  -1.09207876e+00  -8.33630192e-01  -8.00565027e-01
  -7.83380745e-01  -5.65067639e-01  -5.51534320e-01  -4.88117284e-01
  -4.43279107e-02   2.74992041e-01   3.45177690e-01   4.39270522e-01
   5.13391576e-01   5.27853683e-01   5.53449856e-01   5.97618613e-01
   6.01439390e-01   6.23735442e-01   6.39290093e-01   6.54849898e-01
   7.03311788e-01   8.62328910e-01   9.01318055e-01   1.39464200e+00
   1.41109667e+00   1.41373533e+00   1.70137318e+00   1.72626524e+00
   1.74515358e+00   1.77608945e+00   1.99589418e+00   2.08613466e+00
   2.20159292e+00   2.25336386e+00   2.25978881e+00   2.44960484e+00
   2.46118291e+00   2.58378175e+00   2.74178859e+00   2.80172181e+00
   2.93888476e+00   2.95647890e+00   3.00442804e+00   3.09468268e+00
   3.15161236e+00   3.16898700e+00   3.24148144e+00   3.32834922e+00
   4.49237087e+00   4.61417375e+00   4.86321468e+00   4.86813303e+00
   4.91801728e+00   5.02850531e+00   5.06369742e+00   5.08781436e+00
   5.27911515e+00   5.49560161e+00   5.49747362e+00   5.50654229e+00
   5.51775233e+00   5.59422306e+00   5.82104918e+00   5.83787911e+00
   6.04815970e+00   6.34026627e+00   6.54175520e+00   6.58622464e+00
   6.61706742e+00   6.69099642e+00   6.70825302e+00   6.73982329e+00
   6.79416498e+00   6.79901831e+00   6.81732103e+00   6.82201948e+00
   6.84881710e+00   6.99985687e+00   7.34186076e+00   7.42086508e+00
   7.52530562e+00   7.59663315e+00   7.85855895e+00   7.96383145e+00
   8.80693143e+00   9.24585101e+00   4.45086696e+01   4.47948776e+01
   4.53156599e+01]
    CPU time for scf_cycle      1.60 sec, wall time      1.60 sec
    CPU time for SCF      1.60 sec, wall time      1.60 sec
converged SCF energy = -224.352074488425
RHF E = -224.352074488
RHF eps = [ -2.09189458e+01  -2.07076676e+01  -2.07076065e+01  -1.75238346e+00
  -1.43347904e+00  -1.09207876e+00  -8.33630192e-01  -8.00565027e-01
  -7.83380745e-01  -5.65067639e-01  -5.51534320e-01  -4.88117284e-01
  -4.43279107e-02   2.74992041e-01   3.45177690e-01   4.39270522e-01
   5.13391576e-01   5.27853683e-01   5.53449856e-01   5.97618613e-01
   6.01439390e-01   6.23735442e-01   6.39290093e-01   6.54849898e-01
   7.03311788e-01   8.62328910e-01   9.01318055e-01   1.39464200e+00
   1.41109667e+00   1.41373533e+00   1.70137318e+00   1.72626524e+00
   1.74515358e+00   1.77608945e+00   1.99589418e+00   2.08613466e+00
   2.20159292e+00   2.25336386e+00   2.25978881e+00   2.44960484e+00
   2.46118291e+00   2.58378175e+00   2.74178859e+00   2.80172181e+00
   2.93888476e+00   2.95647890e+00   3.00442804e+00   3.09468268e+00
   3.15161236e+00   3.16898700e+00   3.24148144e+00   3.32834922e+00
   4.49237087e+00   4.61417375e+00   4.86321468e+00   4.86813303e+00
   4.91801728e+00   5.02850531e+00   5.06369742e+00   5.08781436e+00
   5.27911515e+00   5.49560161e+00   5.49747362e+00   5.50654229e+00
   5.51775233e+00   5.59422306e+00   5.82104918e+00   5.83787911e+00
   6.04815970e+00   6.34026627e+00   6.54175520e+00   6.58622464e+00
   6.61706742e+00   6.69099642e+00   6.70825302e+00   6.73982329e+00
   6.79416498e+00   6.79901831e+00   6.81732103e+00   6.82201948e+00
   6.84881710e+00   6.99985687e+00   7.34186076e+00   7.42086508e+00
   7.52530562e+00   7.59663315e+00   7.85855895e+00   7.96383145e+00
   8.80693143e+00   9.24585101e+00   4.45086696e+01   4.47948776e+01
   4.53156599e+01]
    CPU time for CCSD integral transformation      6.79 sec, wall time      6.80 sec

******** <class 'pyscf.cc.linrccsd.LinRCCSD'> flags ********
CCSD nocc = 9, nvir = 81
frozen orbitals [0, 1, 2]
max_cycle = 50
direct = 0
conv_tol = 1e-07
conv_tol_normt = 1e-05
diis_space = 6
diis_start_cycle = 0
diis_start_energy_diff = 1e+09
Init t2, MP2 energy = -0.775186091823989
    CPU time for init mp2      0.02 sec, wall time      0.02 sec
    CPU time for update t1 t2      1.01 sec, wall time      1.01 sec
istep = 0  E(CCSD) = -0.728358298699448  dE = -0.728358299  norm(t1,t2) = 0.164313
    CPU time for CCSD iter      1.01 sec, wall time      1.01 sec
    CPU time for update t1 t2      0.99 sec, wall time      0.99 sec
DIIS for step 1
istep = 1  E(CCSD) = -0.780833285673587  dE = -0.052474987  norm(t1,t2) = 0.097336
    CPU time for CCSD iter      1.00 sec, wall time      0.99 sec
    CPU time for update t1 t2      0.99 sec, wall time      1.00 sec
diis-c [-0.00292044  1.        ]
DIIS for step 2
istep = 2  E(CCSD) = -0.77594629373574  dE = 0.00488699194  norm(t1,t2) = 0.0756094
    CPU time for CCSD iter      1.00 sec, wall time      1.01 sec
    CPU time for update t1 t2      1.01 sec, wall time      1.02 sec
diis-c [-0.00203355  0.21650815  0.78349185]
DIIS for step 3
istep = 3  E(CCSD) = -0.785496017647137  dE = -0.00954972391  norm(t1,t2) = 0.0619233
    CPU time for CCSD iter      1.02 sec, wall time      1.03 sec
    CPU time for update t1 t2      1.01 sec, wall time      1.01 sec
diis-c [ -6.34466198e-04  -1.87849132e+00  -2.09949749e+00   4.97798881e+00]
DIIS for step 4
istep = 4  E(CCSD) = -0.817135325708734  dE = -0.0316393081  norm(t1,t2) = 0.0562408
    CPU time for CCSD iter      1.02 sec, wall time      1.02 sec
    CPU time for update t1 t2      1.01 sec, wall time      1.00 sec
diis-c [ -2.97761680e-04   5.76647059e-01   5.61874500e-01  -1.63583867e+00
   1.49731712e+00]
DIIS for step 5
istep = 5  E(CCSD) = -0.817130533055265  dE = 4.79265347e-06  norm(t1,t2) = 0.0260158
    CPU time for CCSD iter      1.03 sec, wall time      1.02 sec
    CPU time for update t1 t2      1.00 sec, wall time      1.00 sec
diis-c [ -4.13153473e-05   9.70167995e-01   1.08251369e+00  -2.67689661e+00
  -2.71263957e-01   1.89547887e+00]
DIIS for step 6
istep = 6  E(CCSD) = -0.823770728074953  dE = -0.00664019502  norm(t1,t2) = 0.0171229
    CPU time for CCSD iter      1.02 sec, wall time      1.02 sec
    CPU time for update t1 t2      1.01 sec, wall time      1.01 sec
diis-c [ -1.25039126e-05  -9.42927366e-01  -1.12834067e+00   2.71685237e+00
  -3.53285028e-02  -1.54420654e+00   1.93395071e+00]
DIIS for step 7
istep = 7  E(CCSD) = -0.824791099078579  dE = -0.001020371  norm(t1,t2) = 0.00645623
    CPU time for CCSD iter      1.03 sec, wall time      1.03 sec
    CPU time for update t1 t2      1.00 sec, wall time      1.00 sec
diis-c [ -5.33374009e-06   1.47535489e+00  -3.57571545e-02   4.28898557e-02
   4.57314508e-02  -8.66677244e-02  -4.41551320e-01]
DIIS for step 8
istep = 8  E(CCSD) = -0.824589280384421  dE = 0.000201818694  norm(t1,t2) = 0.003806
    CPU time for CCSD iter      1.02 sec, wall time      1.03 sec
    CPU time for update t1 t2      1.02 sec, wall time      1.01 sec
diis-c [ -2.97242663e-06  -1.96468494e-01   1.36325354e+00  -1.47324566e-02
   1.99825436e-02   4.62324064e-02  -2.18267540e-01]
DIIS for step 9
istep = 9  E(CCSD) = -0.824854722691229  dE = -0.000265442307  norm(t1,t2) = 0.00267701
    CPU time for CCSD iter      1.04 sec, wall time      1.03 sec
    CPU time for update t1 t2      1.00 sec, wall time      1.00 sec
diis-c [ -6.68826258e-07  -7.16146601e-01  -3.60688611e-01   1.81379326e+00
  -1.33847296e-02   1.09532026e-03   2.75331364e-01]
DIIS for step 10
istep = 10  E(CCSD) = -0.82465840161901  dE = 0.000196321072  norm(t1,t2) = 0.00160621
    CPU time for CCSD iter      1.02 sec, wall time      1.02 sec
    CPU time for update t1 t2      1.00 sec, wall time      1.00 sec
diis-c [ -3.78706568e-07  -1.01580219e-01  -2.76729267e-01   2.87942731e-01
   1.04000539e+00  -1.35331453e-03   5.17146774e-02]
DIIS for step 11
istep = 11  E(CCSD) = -0.824716749448304  dE = -5.83478293e-05  norm(t1,t2) = 0.000978219
    CPU time for CCSD iter      1.02 sec, wall time      1.02 sec
    CPU time for update t1 t2      0.99 sec, wall time      1.00 sec
diis-c [ -1.57504659e-07   3.75314482e-01   1.51585164e-01  -7.43523626e-01
  -5.77558994e-01   1.91104334e+00  -1.16860368e-01]
DIIS for step 12
istep = 12  E(CCSD) = -0.824728590306431  dE = -1.18408581e-05  norm(t1,t2) = 0.000655064
    CPU time for CCSD iter      1.01 sec, wall time      1.02 sec
    CPU time for update t1 t2      1.00 sec, wall time      1.00 sec
diis-c [ -1.01595694e-07  -3.86299137e-02   1.18865278e-02   1.51666980e-01
  -3.36942936e-01  -2.03269500e-01   1.41528884e+00]
DIIS for step 13
istep = 13  E(CCSD) = -0.824705210396353  dE = 2.33799101e-05  norm(t1,t2) = 0.000483986
    CPU time for CCSD iter      1.03 sec, wall time      1.02 sec
    CPU time for update t1 t2      0.99 sec, wall time      1.00 sec
diis-c [ -6.03065790e-08   2.18499558e+00  -5.47279799e-02   6.55737643e-02
   2.21075307e-01  -2.95478307e-01  -1.12143836e+00]
DIIS for step 14
istep = 14  E(CCSD) = -0.824697817169606  dE = 7.39322675e-06  norm(t1,t2) = 0.000375117
    CPU time for CCSD iter      1.01 sec, wall time      1.02 sec
    CPU time for update t1 t2      1.01 sec, wall time      1.00 sec
diis-c [ -3.76606856e-08  -2.11198148e-01   1.59060222e+00  -1.69554244e-02
   1.23705050e-01   6.90610400e-02  -5.55214734e-01]
DIIS for step 15
istep = 15  E(CCSD) = -0.824668757683536  dE = 2.90594861e-05  norm(t1,t2) = 0.000274491
    CPU time for CCSD iter      1.03 sec, wall time      1.02 sec
    CPU time for update t1 t2      0.99 sec, wall time      1.00 sec
diis-c [ -2.02233255e-08  -9.44115968e-01  -1.73658450e+00   2.65421241e+00
  -1.20948024e-01  -1.05906567e-01   1.25334265e+00]
DIIS for step 16
istep = 16  E(CCSD) = -0.824656065005477  dE = 1.26926781e-05  norm(t1,t2) = 0.000210117
    CPU time for CCSD iter      1.01 sec, wall time      1.02 sec
    CPU time for update t1 t2      1.00 sec, wall time      1.00 sec
diis-c [ -1.16251580e-08   2.53863018e-01  -1.07808337e+00  -1.03759450e-02
   1.63587674e+00  -1.37432205e-01   3.36151757e-01]
DIIS for step 17
istep = 17  E(CCSD) = -0.824644747585227  dE = 1.13174203e-05  norm(t1,t2) = 0.000164152
    CPU time for CCSD iter      1.02 sec, wall time      1.02 sec
    CPU time for update t1 t2      1.00 sec, wall time      1.00 sec
diis-c [ -6.15150123e-09   2.54011185e-01   1.74506074e-02  -7.10054297e-02
  -8.89886437e-01   1.83764838e+00  -1.48218307e-01]
DIIS for step 18
istep = 18  E(CCSD) = -0.82463119276538  dE = 1.35548198e-05  norm(t1,t2) = 0.000123175
    CPU time for CCSD iter      1.02 sec, wall time      1.02 sec
    CPU time for update t1 t2      1.01 sec, wall time      1.00 sec
diis-c [ -1.67926353e-09  -5.38483011e-02  -1.17884183e-01   5.95718987e-01
  -7.26969598e-01  -7.36370761e-01   2.03935386e+00]
DIIS for step 19
istep = 19  E(CCSD) = -0.824619962005069  dE = 1.12307603e-05  norm(t1,t2) = 8.24922e-05
    CPU time for CCSD iter      1.02 sec, wall time      1.02 sec
    CPU time for update t1 t2      0.98 sec, wall time      0.99 sec
diis-c [ -6.97994884e-10   1.24905391e+00  -3.58280439e-02   6.97774314e-02
   1.32865240e-01  -4.56421230e-01   4.05526895e-02]
DIIS for step 20
istep = 20  E(CCSD) = -0.824612650879143  dE = 7.31112593e-06  norm(t1,t2) = 4.38955e-05
    CPU time for CCSD iter      1.01 sec, wall time      1.01 sec
    CPU time for update t1 t2      1.01 sec, wall time      1.01 sec
diis-c [ -2.08726342e-10  -5.26333697e-01   1.63881179e+00  -8.56507373e-02
   1.59110084e-01   1.71636482e-01  -3.57573924e-01]
DIIS for step 21
istep = 21  E(CCSD) = -0.824612050424937  dE = 6.00454206e-07  norm(t1,t2) = 2.48809e-05
    CPU time for CCSD iter      1.03 sec, wall time      1.03 sec
    CPU time for update t1 t2      0.99 sec, wall time      0.98 sec
diis-c [ -9.16339227e-11  -5.29774443e-01   2.42508582e-01   1.13990865e+00
  -5.57973814e-02   4.16800710e-02   1.61474521e-01]
DIIS for step 22
istep = 22  E(CCSD) = -0.824611509877081  dE = 5.40547857e-07  norm(t1,t2) = 1.58361e-05
    CPU time for CCSD iter      1.01 sec, wall time      1.00 sec
    CPU time for update t1 t2      0.98 sec, wall time      0.98 sec
diis-c [ -4.63981076e-11  -8.01495444e-02   1.42637885e-02  -5.83198904e-01
   1.58987417e+00  -3.58668573e-02   9.50773508e-02]
DIIS for step 23
istep = 23  E(CCSD) = -0.824612283221665  dE = -7.73344585e-07  norm(t1,t2) = 1.08644e-05
    CPU time for CCSD iter      1.00 sec, wall time      1.00 sec
    CPU time for update t1 t2      0.99 sec, wall time      0.99 sec
diis-c [ -2.42015019e-11  -7.03567625e-02   2.31077746e-01  -3.65907995e-01
  -4.80937837e-01   1.66635239e+00   1.97724601e-02]
DIIS for step 24
istep = 24  E(CCSD) = -0.824613220491862  dE = -9.37270197e-07  norm(t1,t2) = 8.12534e-06
    CPU time for CCSD iter      1.02 sec, wall time      1.01 sec
    CPU time for update t1 t2      1.00 sec, wall time      1.00 sec
diis-c [ -8.07981460e-12  -1.04781913e-01   4.74783361e-02   6.71205145e-01
  -9.17689692e-01  -8.03033752e-01   2.10682188e+00]
DIIS for step 25
istep = 25  E(CCSD) = -0.824614230817639  dE = -1.01032578e-06  norm(t1,t2) = 5.60515e-06
    CPU time for CCSD iter      1.02 sec, wall time      1.03 sec
    CPU time for update t1 t2      1.00 sec, wall time      1.01 sec
diis-c [ -3.98864275e-12   1.15450428e+00  -9.24229153e-02   3.01479496e-01
   4.22377524e-03  -6.85780376e-01   3.17995744e-01]
DIIS for step 26
istep = 26  E(CCSD) = -0.824614634143023  dE = -4.03325385e-07  norm(t1,t2) = 3.26822e-06
    CPU time for CCSD iter      1.02 sec, wall time      1.03 sec
    CPU time for update t1 t2      0.98 sec, wall time      0.97 sec
diis-c [ -1.49905088e-12  -1.31652259e+00   2.10054603e+00   5.57041030e-02
  -1.47072909e-01   9.07441502e-02   2.16601220e-01]
DIIS for step 27
istep = 27  E(CCSD) = -0.824615206999849  dE = -5.72856826e-07  norm(t1,t2) = 2.23295e-06
    CPU time for CCSD iter      1.00 sec, wall time      0.99 sec
    CPU time for update t1 t2      0.95 sec, wall time      0.95 sec
diis-c [ -3.39617223e-13  -6.45115708e-01  -9.44832235e-02   1.53820072e+00
  -6.92764766e-02   3.21289642e-02   2.38545724e-01]
DIIS for step 28
istep = 28  E(CCSD) = -0.824615567754837  dE = -3.60754988e-07  norm(t1,t2) = 1.33815e-06
    CPU time for CCSD iter      0.97 sec, wall time      0.97 sec
    CPU time for update t1 t2      0.95 sec, wall time      0.95 sec
diis-c [ -1.37501122e-13   1.22355797e-01  -3.76465277e-01   1.11300213e-01
   1.11176587e+00  -3.58890230e-02   6.69324246e-02]
DIIS for step 29
istep = 29  E(CCSD) = -0.824615702145929  dE = -1.34391092e-07  norm(t1,t2) = 5.9248e-07
    CPU time for CCSD iter      0.97 sec, wall time      0.97 sec
    CPU time for update t1 t2      0.96 sec, wall time      0.97 sec
diis-c [ -6.27831120e-14   3.09873115e-02   1.17926755e-01  -1.94363303e-01
  -6.11650116e-01   1.68304815e+00  -2.59487969e-02]
DIIS for step 30
istep = 30  E(CCSD) = -0.82461578509963  dE = -8.29537012e-08  norm(t1,t2) = 3.73896e-07
    CPU time for CCSD iter      0.98 sec, wall time      0.99 sec
    CPU time for CCSD     31.41 sec, wall time     31.43 sec
CCSD converged
E(linCCSD) = -225.1766902735244  E_corr = -0.8246157850996298
    CPU time for EOM-CCSD shared one-electron intermediates      0.08 sec, wall time      0.08 sec
    CPU time for EOM-CCSD IP intermediates      0.34 sec, wall time      0.33 sec
tol 1e-07  toloose 0.000316228
max_cycle 50  max_space 38  max_memory 2000  incore True
davidson 0 6  |r|= 0.445  e= [ 0.66775909  0.62932579  0.64851743  0.86264454  0.88927507  0.88345697]  max|de|= 0.889  lindep=    1
davidson 1 12  |r|= 0.173  e= [ 0.54740783  0.46254211  0.46742024  0.7339347   0.72810728  0.7057645 ]  max|de|= -0.181  lindep= 0.745
davidson 2 18  |r|= 0.0151  e= [ 0.54603712  0.4628603   0.46824545  0.68854172  0.7184242   0.6961739 ]  max|de|= -0.0454  lindep= 0.871
davidson 3 24  |r|= 0.0063  e= [ 0.54603776  0.46292531  0.46826565  0.68851226  0.71850725  0.69692337]  max|de|= 0.000749  lindep= 0.862
root 0 converged  |r|= 5.09e-12  e= 0.546037758705  max|de|= -2.22e-16
root 3 converged  |r|= 6.9e-08  e= 0.688512256784  max|de|= 6.66e-16
davidson 4 28  |r|= 0.00123  e= [ 0.54603776  0.46292744  0.46825891  0.68851226  0.71847362  0.69687423]  max|de|= -4.91e-05  lindep= 0.811
root 2 converged  |r|= 2.9e-12  e= 0.468258911671  max|de|= -1.89e-09
root 4 converged  |r|= 2.51e-12  e= 0.718473624358  max|de|= -5.63e-10
davidson 5 32  |r|= 6.58e-06  e= [ 0.54603776  0.46292755  0.46825891  0.68851226  0.71847362  0.69683415]  max|de|= -4.01e-05  lindep= 0.909
root 1 converged  |r|= 8.87e-09  e= 0.462927547382  max|de|= -3.52e-10
davidson 6 33  |r|= 8.87e-09  e= [ 0.54603776  0.46292755  0.46825891  0.68851226  0.71847362  0.69683397]  max|de|= -1.74e-07  lindep=    1
Linear dependency in trial subspace. |r| for each state [0, 8.8671371985200912e-09, 0, 0, 0, 5.4433383720471168e-09]
IP root 0 E = 0.5460377587047436  qpwt = 0.939142
IP root 1 E = 0.4629275473820826  qpwt = 0.934139
IP root 2 E = 0.4682589116710973  qpwt = 0.928666
IP root 3 E = 0.6885122567844393  qpwt = 0.682132
IP root 4 E = 0.7184736243581179  qpwt = 0.917024
IP root 5 E = 0.6968339724614605  qpwt = 0.911029
    CPU time for IP-CCSD      0.61 sec, wall time      0.61 sec
    CPU time for EOM-CCSD shared one-electron intermediates      0.08 sec, wall time      0.08 sec
    CPU time for EOM-CCSD EA intermediates      7.81 sec, wall time      7.81 sec
tol 1e-07  toloose 0.000316228
max_cycle 50  max_space 38  max_memory 2000  incore True
davidson 0 6  |r|= 0.604  e= [ 0.12853475  0.33780206  0.40446244  0.46997255  0.54075478  0.55631798]  max|de|= 0.556  lindep=    1
davidson 1 12  |r|= 0.138  e= [ 0.00560234  0.2201485   0.31271747  0.41110612  0.46657613  0.48610914]  max|de|= -0.123  lindep= 0.493
davidson 2 18  |r|= 0.0945  e= [ -2.52506533e-04   1.98341846e-01   2.79288929e-01   3.98784311e-01
   4.62816064e-01   4.76169240e-01]  max|de|= -0.0334  lindep= 0.125
davidson 3 24  |r|= 0.0306  e= [ -1.63289967e-04   1.98164376e-01   2.74841120e-01   3.98741732e-01
   4.62922565e-01   4.73956710e-01]  max|de|= -0.00445  lindep= 0.387
davidson 4 30  |r|= 0.0122  e= [ -1.47249788e-04   1.97965160e-01   2.73829492e-01   3.98764689e-01
   4.63049606e-01   4.72497659e-01]  max|de|= -0.00146  lindep=  0.6
davidson 5 36  |r|= 0.00244  e= [ -1.48032799e-04   1.97959964e-01   2.73627651e-01   3.98743574e-01
   4.63059254e-01   4.72332674e-01]  max|de|= -0.000202  lindep= 0.717
root 0 converged  |r|= 3.3e-05  e= -0.000148032798627  max|de|= 8.71e-17
root 4 converged  |r|= 0.000112  e= 0.463059254402  max|de|= -1.89e-15
davidson 6 6  |r|= 0.00244  e= [ -1.48032799e-04   1.97959964e-01   2.73627651e-01   3.98743574e-01
   4.63059254e-01   4.72332674e-01]  max|de|= -1.89e-15  lindep= 0.997
davidson 7 10  |r|= 0.00049  e= [ -1.48032799e-04   1.97964545e-01   2.73633727e-01   3.98743031e-01
   4.63059254e-01   4.72354258e-01]  max|de|= 2.16e-05  lindep= 0.158
davidson 8 14  |r|= 0.000196  e= [ -1.48032799e-04   1.97966688e-01   2.73636972e-01   3.98743190e-01
   4.63059254e-01   4.72359651e-01]  max|de|= 5.39e-06  lindep= 0.0822
root 3 converged  |r|= 6.59e-06  e= 0.398743123755  max|de|= -6.59e-08
davidson 9 18  |r|= 8.63e-05  e= [ -1.48032799e-04   1.97966040e-01   2.73631276e-01   3.98743124e-01
   4.63059254e-01   4.72357788e-01]  max|de|= -5.7e-06  lindep= 0.332
davidson 10 21  |r|= 2.93e-05  e= [ -1.48032799e-04   1.97966141e-01   2.73634090e-01   3.98743073e-01
   4.63059254e-01   4.72355542e-01]  max|de|= 2.81e-06  lindep= 0.185
root 1 converged  |r|= 1.16e-07  e= 0.197966121125  max|de|= -1.98e-08
davidson 11 24  |r|= 1.15e-05  e= [ -1.48032799e-04   1.97966121e-01   2.73632756e-01   3.98743024e-01
   4.63059254e-01   4.72356372e-01]  max|de|= -1.33e-06  lindep= 0.149
davidson 12 26  |r|= 3.88e-06  e= [ -1.48032799e-04   1.97966120e-01   2.73632885e-01   3.98743008e-01
   4.63059254e-01   4.72355831e-01]  max|de|= -5.4e-07  lindep= 0.0724
root 2 converged  |r|= 3.63e-07  e= 0.273632917752  max|de|= 3.3e-08
davidson 13 28  |r|= 3.12e-05  e= [ -1.48032799e-04   1.97966120e-01   2.73632918e-01   3.98742997e-01
   4.63059254e-01   4.72356660e-01]  max|de|= 8.29e-07  lindep= 0.0177
davidson 14 29  |r|= 1.24e-06  e= [ -1.48032799e-04   1.97966120e-01   2.73632918e-01   3.98742997e-01
   4.63059254e-01   4.72355893e-01]  max|de|= -7.68e-07  lindep= 0.0388
root 5 converged  |r|= 7.67e-08  e= 0.472355931598  max|de|= 3.89e-08
converge 15 30  |r|= 7.67e-08  e= [ -1.48032799e-04   1.97966120e-01   2.73632918e-01   3.98743011e-01
   4.63059254e-01   4.72355932e-01]  max|de|= 3.89e-08
EA root 0 E = -0.0001480327986599616  qpwt = 0.957529
EA root 1 E = 0.1979661199154173  qpwt = 0.959037
EA root 2 E = 0.2736329177521115  qpwt = 0.956107
EA root 3 E = 0.3987430110541028  qpwt = 0.978021
EA root 4 E = 0.463059254412427  qpwt = 0.961849
EA root 5 E = 0.4723559315978608  qpwt = 0.920789
    CPU time for EA-CCSD     19.63 sec, wall time     19.65 sec
