

******** <class 'pyscf.scf.hf.RHF'> flags ********
method = RHF
initial guess = minao
damping factor = 0
level shift factor = 0
Do DIIS = True
DIIS start cycle = 1
DIIS space = 8
SCF tol = 1e-09
SCF gradient tol = None
max. SCF cycles = 50
direct_scf = True
direct_scf_tol = 1e-13
chkfile to save SCF result = /tmp/tmpKwV3Dn
max_memory 4000 MB (current use 39 MB)
Set gradient conv threshold to 3.16228e-05
Nelec from initial guess = 51.9879
cond(S) = 2161.99249292
E_coul = 607.578743819105
init E= -796.233546734448
    CPU time for initialize scf      6.01 sec, wall time      6.02 sec
  HOMO = -0.352864524589005  LUMO = 0.018826899167006
  mo_energy =
[ -9.19691190e+01  -2.64557535e+01  -2.64556485e+01  -2.64396130e+01
  -2.64393862e+01  -9.02341688e+00  -6.68748830e+00  -6.68748559e+00
  -6.68603274e+00  -2.00600051e+00  -1.79267855e+00  -1.78220527e+00
  -1.68590874e+00  -1.06548688e+00  -8.73081040e-01  -8.51544096e-01
  -8.16636002e-01  -7.54025238e-01  -7.13496388e-01  -6.96017739e-01
  -6.62125077e-01  -6.49957170e-01  -6.42572110e-01  -6.04690533e-01
  -5.97225719e-01  -3.52864525e-01   1.88268992e-02   1.23336002e-01
   1.63054699e-01   3.72814498e-01   3.86125537e-01   3.91069874e-01
   4.72642303e-01   5.77328750e-01   5.78149104e-01   5.88387341e-01
   5.93182111e-01   6.05844235e-01   6.60941050e-01   6.73938277e-01
   7.06542088e-01   7.22570571e-01   7.58641072e-01   7.62227076e-01
   7.97709956e-01   8.18022498e-01   8.60253703e-01   9.15351494e-01
   9.47310548e-01   1.01078997e+00   1.04519166e+00   1.12992264e+00
   1.17152085e+00   1.28305942e+00   1.63208854e+00   1.64219257e+00
   1.69936853e+00   1.70029332e+00   1.71769456e+00   1.79466573e+00
   1.87472456e+00   1.88651271e+00   1.88875223e+00   1.92472223e+00
   2.02421083e+00   2.08166824e+00   2.17619265e+00   2.19638061e+00
   2.21011737e+00   2.21403341e+00   2.30577479e+00   2.33443575e+00
   2.38346639e+00   2.41554094e+00   2.50550350e+00   2.57230274e+00
   2.59207877e+00   2.70835859e+00   2.73192874e+00   2.75053624e+00
   2.82227468e+00   2.85572554e+00   2.87799890e+00   2.94271446e+00
   2.95754404e+00   2.98697080e+00   2.99953572e+00   3.02009392e+00
   3.11428030e+00   3.55792792e+00   3.61177279e+00   3.68243502e+00
   3.71254091e+00   3.73694960e+00   3.74048637e+00   3.81903308e+00
   3.93453084e+00   3.97617430e+00   4.00706809e+00   4.12246641e+00
   4.13949228e+00   4.29903991e+00   4.43823390e+00   4.81398535e+00
   5.44617253e+00   6.91590375e+00   6.96960937e+00   7.00057265e+00
   7.02933522e+00   7.03047961e+00   7.22036312e+00   7.22482418e+00
   7.23348711e+00   7.23431535e+00   7.24372643e+00   7.24900873e+00
   7.25024268e+00   7.25054841e+00   7.25903878e+00   7.26079886e+00
   7.26133480e+00   7.26276346e+00   7.26449276e+00   7.26577024e+00
   7.27880796e+00   7.29846578e+00   7.30990530e+00   7.32327086e+00
   7.36694796e+00   7.39958138e+00   7.51339345e+00   7.51643310e+00
   7.53634881e+00   7.67825298e+00   7.68348379e+00   7.68350234e+00
   8.07549024e+00   8.21828485e+00   8.71361447e+00   8.73496361e+00
   8.73888640e+00   8.75893784e+00   8.76071312e+00   8.77313503e+00
   8.81371794e+00   8.86435475e+00   8.94854290e+00   8.95754085e+00
   9.00298912e+00   9.06048208e+00   9.09268260e+00   9.13738963e+00
   9.21835346e+00   9.24644275e+00   9.28585978e+00   9.41761265e+00
   9.51622277e+00   9.53198896e+00   1.00377059e+01   1.00637626e+01
   1.03963205e+01   2.06009644e+01   5.82367629e+01   5.84859410e+01
   5.85176547e+01   5.87678832e+01]
E_coul = 604.211021962744
cycle= 1 E= -795.205598563691  delta_E= 1.03  |g|= 1.02  |ddm|= 2.36
    CPU time for cycle= 1      0.49 sec, wall time      0.48 sec
diis-norm(errvec)=2.4136
diis-c [-5.82545908  1.        ]
  HOMO = -0.537826626908905  LUMO = -0.0250513792717832
  mo_energy =
[ -9.26801143e+01  -2.63342414e+01  -2.63342256e+01  -2.61096023e+01
  -2.61096004e+01  -9.57892096e+00  -7.26331404e+00  -7.26261329e+00
  -7.26014019e+00  -1.82092423e+00  -1.73328036e+00  -1.59142357e+00
  -1.57698384e+00  -1.11315106e+00  -9.03404328e-01  -8.84627276e-01
  -8.64354226e-01  -7.91366437e-01  -7.54430019e-01  -7.42429565e-01
  -7.19665812e-01  -6.35310482e-01  -6.21866877e-01  -6.13572905e-01
  -6.03468542e-01  -5.37826627e-01  -2.50513793e-02   1.10047666e-01
   1.61001991e-01   2.71973386e-01   3.09480391e-01   3.37457383e-01
   4.39623812e-01   4.51358620e-01   4.56437932e-01   4.72387646e-01
   5.55111892e-01   6.27249803e-01   6.60668329e-01   6.74016505e-01
   6.78634327e-01   7.24495447e-01   7.45414197e-01   7.95565480e-01
   8.02701008e-01   8.22721719e-01   8.85752232e-01   8.91442742e-01
   8.98239117e-01   9.44692589e-01   1.00332593e+00   1.03906650e+00
   1.18424041e+00   1.19254050e+00   1.43789088e+00   1.46406380e+00
   1.48344710e+00   1.52464814e+00   1.55571663e+00   1.57835566e+00
   1.62015381e+00   1.67147109e+00   1.72281938e+00   1.74334590e+00
   1.83355642e+00   1.91708408e+00   2.16844274e+00   2.18334558e+00
   2.25056544e+00   2.27769366e+00   2.28457557e+00   2.31617692e+00
   2.39294706e+00   2.42045859e+00   2.47159858e+00   2.52669427e+00
   2.56285403e+00   2.57473804e+00   2.59281117e+00   2.75783038e+00
   2.82483311e+00   2.84827388e+00   2.88569252e+00   2.89732960e+00
   2.92898006e+00   2.99952323e+00   3.01535763e+00   3.02720642e+00
   3.18225100e+00   3.69338357e+00   3.69730330e+00   3.72263191e+00
   3.72421545e+00   3.84679657e+00   3.85748347e+00   3.86445636e+00
   3.99342665e+00   4.07164212e+00   4.11171292e+00   4.18247001e+00
   4.30779470e+00   4.32554998e+00   4.35433951e+00   4.70643137e+00
   5.45238677e+00   6.63704797e+00   6.67221537e+00   6.71166303e+00
   6.75840902e+00   6.81553361e+00   7.24703837e+00   7.25052302e+00
   7.26174427e+00   7.28841024e+00   7.28908084e+00   7.29064921e+00
   7.29143449e+00   7.30460542e+00   7.31136984e+00   7.31806126e+00
   7.34746035e+00   7.35405751e+00   7.41068716e+00   7.42585291e+00
   7.42881814e+00   7.43032633e+00   7.43242783e+00   7.44046477e+00
   7.45721526e+00   7.46459349e+00   7.49014943e+00   7.54770839e+00
   7.60052652e+00   7.61774274e+00   7.62572766e+00   7.70354350e+00
   7.84183901e+00   8.07526172e+00   8.78413199e+00   8.83283296e+00
   8.83864211e+00   8.92154694e+00   8.96023558e+00   8.96459225e+00
   8.96843718e+00   9.01813967e+00   9.06532780e+00   9.09682429e+00
   9.09727979e+00   9.10376978e+00   9.18003449e+00   9.24286995e+00
   9.27712972e+00   9.31890774e+00   9.37097434e+00   9.40186514e+00
   9.41851195e+00   9.50339863e+00   9.82668989e+00   9.93602175e+00
   1.01101987e+01   2.01155261e+01   5.85447810e+01   5.85966991e+01
   5.86267309e+01   5.90783128e+01]
E_coul = 606.64957183117
cycle= 2 E= -795.324973654759  delta_E= -0.119  |g|= 0.676  |ddm|= 1.26
    CPU time for cycle= 2      0.48 sec, wall time      0.48 sec
diis-norm(errvec)=1.55228
diis-c [-0.21681843  0.38471644  0.61528356]
  HOMO = -0.517063416164553  LUMO = 0.0685930193861794
  mo_energy =
[ -9.23100049e+01  -2.64240542e+01  -2.64240398e+01  -2.63513471e+01
  -2.63513467e+01  -9.27740825e+00  -6.95766889e+00  -6.95747393e+00
  -6.95472481e+00  -1.78466340e+00  -1.71455042e+00  -1.63589092e+00
  -1.61877529e+00  -1.07307026e+00  -8.77431668e-01  -8.70315601e-01
  -8.51357313e-01  -7.99089916e-01  -7.48572136e-01  -7.45657773e-01
  -7.40520482e-01  -6.81426311e-01  -6.76906935e-01  -6.65265032e-01
  -6.57973512e-01  -5.17063416e-01   6.85930194e-02   1.86814634e-01
   2.20029207e-01   3.43194847e-01   3.60757028e-01   3.90301777e-01
   4.66417596e-01   5.43326249e-01   5.53934057e-01   5.57911777e-01
   5.76699457e-01   6.13018591e-01   6.69577594e-01   6.73943237e-01
   6.78566635e-01   7.35159144e-01   7.52185870e-01   7.89524870e-01
   8.11599221e-01   8.12904456e-01   8.76621471e-01   9.33207636e-01
   9.38919312e-01   9.74030958e-01   1.02196039e+00   1.09000574e+00
   1.18681295e+00   1.24073933e+00   1.55190906e+00   1.56388509e+00
   1.60804805e+00   1.63798269e+00   1.63803864e+00   1.68619794e+00
   1.76097193e+00   1.79111956e+00   1.82110233e+00   1.84565288e+00
   1.94197779e+00   2.00915952e+00   2.17842094e+00   2.19982817e+00
   2.23879517e+00   2.25269795e+00   2.32185254e+00   2.35062156e+00
   2.37055579e+00   2.43075401e+00   2.52331675e+00   2.53634168e+00
   2.58844637e+00   2.63941254e+00   2.66742644e+00   2.75939438e+00
   2.83838332e+00   2.84496413e+00   2.88964360e+00   2.92651842e+00
   2.94139486e+00   2.99721454e+00   3.01300893e+00   3.02893950e+00
   3.14826820e+00   3.61884963e+00   3.66632928e+00   3.69003721e+00
   3.72339116e+00   3.78000652e+00   3.78988943e+00   3.83563627e+00
   3.98506482e+00   4.01574632e+00   4.03865435e+00   4.15178032e+00
   4.21769803e+00   4.31757876e+00   4.40295770e+00   4.77177163e+00
   5.45357141e+00   6.83129637e+00   6.85921104e+00   6.88131899e+00
   6.90861629e+00   6.92519138e+00   7.24644722e+00   7.24941218e+00
   7.27266369e+00   7.27352590e+00   7.27494977e+00   7.28437158e+00
   7.28560598e+00   7.28704989e+00   7.29582031e+00   7.29849262e+00
   7.33750196e+00   7.34096598e+00   7.34777885e+00   7.35432799e+00
   7.35735146e+00   7.36180701e+00   7.36183785e+00   7.38415291e+00
   7.41257975e+00   7.43163256e+00   7.49528332e+00   7.55937925e+00
   7.58438655e+00   7.61082980e+00   7.63895265e+00   7.68947292e+00
   7.96556402e+00   8.14822035e+00   8.75464704e+00   8.80412434e+00
   8.80455173e+00   8.83003345e+00   8.84969302e+00   8.85628068e+00
   8.90810732e+00   8.90822309e+00   9.01848822e+00   9.02961434e+00
   9.03382625e+00   9.12907808e+00   9.15955859e+00   9.16029096e+00
   9.25738028e+00   9.27911518e+00   9.33661803e+00   9.37565086e+00
   9.50196550e+00   9.52387551e+00   9.90246260e+00   9.94883448e+00
   1.02446807e+01   2.03735511e+01   5.83198813e+01   5.85119168e+01
   5.85438012e+01   5.88510704e+01]
E_coul = 606.756374777278
cycle= 3 E= -795.391036299511  delta_E= -0.0661  |g|= 0.076  |ddm|= 0.384
    CPU time for cycle= 3      0.49 sec, wall time      0.48 sec
diis-norm(errvec)=0.147281
diis-c [-0.01686057 -0.01741304  0.01901185  0.99840119]
  HOMO = -0.503329564784959  LUMO = 0.0828871557568786
  mo_energy =
[ -9.22914011e+01  -2.63926232e+01  -2.63926094e+01  -2.62957522e+01
  -2.62957514e+01  -9.25641645e+00  -6.93700217e+00  -6.93681436e+00
  -6.93422348e+00  -1.76736926e+00  -1.69904898e+00  -1.61349763e+00
  -1.59763108e+00  -1.05738437e+00  -8.62217815e-01  -8.53377381e-01
  -8.37404107e-01  -7.85573298e-01  -7.33190469e-01  -7.28471268e-01
  -7.27374900e-01  -6.61565343e-01  -6.58086710e-01  -6.47695772e-01
  -6.40715029e-01  -5.03329565e-01   8.28871558e-02   2.03816769e-01
   2.34957406e-01   3.54939149e-01   3.67993862e-01   4.05827275e-01
   4.73257436e-01   5.55462128e-01   5.67911229e-01   5.73662008e-01
   5.80299198e-01   6.16899808e-01   6.75106308e-01   6.79571688e-01
   6.84214880e-01   7.42550009e-01   7.60062195e-01   7.96720790e-01
   8.18047340e-01   8.18133554e-01   8.81347750e-01   9.37589910e-01
   9.51622442e-01   9.87996410e-01   1.02895557e+00   1.10283234e+00
   1.19503933e+00   1.24963129e+00   1.56583867e+00   1.57803222e+00
   1.62118696e+00   1.65259943e+00   1.65345797e+00   1.70068863e+00
   1.77593286e+00   1.80563786e+00   1.83553530e+00   1.85897185e+00
   1.95633320e+00   2.02173760e+00   2.18963989e+00   2.21242911e+00
   2.25210098e+00   2.26746316e+00   2.33503422e+00   2.36302534e+00
   2.38519020e+00   2.44510048e+00   2.53793826e+00   2.55460695e+00
   2.60203460e+00   2.65364234e+00   2.68188186e+00   2.77087845e+00
   2.85266508e+00   2.85732254e+00   2.90258796e+00   2.93884460e+00
   2.95373279e+00   3.00919844e+00   3.02820186e+00   3.04316392e+00
   3.16676045e+00   3.64044793e+00   3.68636185e+00   3.70550499e+00
   3.73988980e+00   3.80360210e+00   3.81354638e+00   3.85446457e+00
   4.00248203e+00   4.03680313e+00   4.05065719e+00   4.16379661e+00
   4.23790338e+00   4.34479072e+00   4.42486358e+00   4.79323184e+00
   5.47920889e+00   6.85024026e+00   6.87916988e+00   6.90021748e+00
   6.92851724e+00   6.94291094e+00   7.26254330e+00   7.26512786e+00
   7.29068506e+00   7.29177768e+00   7.29343106e+00   7.29968743e+00
   7.30097769e+00   7.30377794e+00   7.31181108e+00   7.31719035e+00
   7.35548735e+00   7.36072861e+00   7.36978459e+00   7.37653664e+00
   7.37953052e+00   7.38350265e+00   7.38395395e+00   7.40617012e+00
   7.43270634e+00   7.45199099e+00   7.51758393e+00   7.58144564e+00
   7.60619494e+00   7.62967354e+00   7.65905761e+00   7.71140844e+00
   7.98618763e+00   8.17131203e+00   8.77448790e+00   8.82408848e+00
   8.82529388e+00   8.85993825e+00   8.87963205e+00   8.88662621e+00
   8.92832706e+00   8.93825057e+00   9.04527865e+00   9.05322905e+00
   9.05658087e+00   9.15460993e+00   9.18461527e+00   9.18890657e+00
   9.28014287e+00   9.29998415e+00   9.35988801e+00   9.39657869e+00
   9.52690880e+00   9.55026343e+00   9.92322197e+00   9.97330770e+00
   1.02642867e+01   2.03938747e+01   5.83727286e+01   5.85421299e+01
   5.85738919e+01   5.89039820e+01]
E_coul = 606.382806996838
cycle= 4 E= -795.392470409348  delta_E= -0.00143  |g|= 0.0277  |ddm|= 0.0754
    CPU time for cycle= 4      0.48 sec, wall time      0.49 sec
diis-norm(errvec)=0.0607785
diis-c [-0.00103513 -0.04387356 -0.06898133  0.12328197  0.98957292]
  HOMO = -0.507269370300149  LUMO = 0.0825497030104028
  mo_energy =
[ -9.22975695e+01  -2.63981755e+01  -2.63981619e+01  -2.63125678e+01
  -2.63125668e+01  -9.26068298e+00  -6.94175196e+00  -6.94144438e+00
  -6.93884113e+00  -1.77097490e+00  -1.70203400e+00  -1.62011456e+00
  -1.60363696e+00  -1.05960614e+00  -8.64232770e-01  -8.57522434e-01
  -8.40382568e-01  -7.89712858e-01  -7.36771003e-01  -7.33578361e-01
  -7.30589373e-01  -6.67585230e-01  -6.64617641e-01  -6.53865726e-01
  -6.47237493e-01  -5.07269370e-01   8.25497030e-02   2.02841662e-01
   2.33846744e-01   3.53623504e-01   3.67719674e-01   4.04125112e-01
   4.72764401e-01   5.53609462e-01   5.65214477e-01   5.70774264e-01
   5.79665468e-01   6.15804740e-01   6.73304452e-01   6.78114969e-01
   6.83316997e-01   7.40737013e-01   7.58437073e-01   7.94580679e-01
   8.16338480e-01   8.17190613e-01   8.79999048e-01   9.36397044e-01
   9.49310382e-01   9.86247710e-01   1.02746096e+00   1.10010289e+00
   1.19295670e+00   1.24816249e+00   1.56298064e+00   1.57563906e+00
   1.61942279e+00   1.64907482e+00   1.65059747e+00   1.69862551e+00
   1.77368482e+00   1.80275623e+00   1.83290891e+00   1.85652156e+00
   1.95354428e+00   2.01990941e+00   2.18764341e+00   2.20979436e+00
   2.24889432e+00   2.26351093e+00   2.33197954e+00   2.36123075e+00
   2.38127276e+00   2.44183877e+00   2.53415259e+00   2.55014240e+00
   2.59890269e+00   2.65087977e+00   2.67943605e+00   2.76897671e+00
   2.84922407e+00   2.85504557e+00   2.89973109e+00   2.93758158e+00
   2.95184293e+00   3.00698282e+00   3.02482632e+00   3.03989344e+00
   3.16229222e+00   3.63433698e+00   3.68094414e+00   3.70295910e+00
   3.73686889e+00   3.79679340e+00   3.80658719e+00   3.84974311e+00
   3.99850648e+00   4.03127694e+00   4.04951859e+00   4.16269320e+00
   4.23257046e+00   4.33761996e+00   4.42073103e+00   4.78931101e+00
   5.47244061e+00   6.84695039e+00   6.87465629e+00   6.89591979e+00
   6.92458147e+00   6.93990736e+00   7.26003607e+00   7.26280413e+00
   7.28718429e+00   7.28797915e+00   7.28958485e+00   7.29787532e+00
   7.29911921e+00   7.30093931e+00   7.30958528e+00   7.31308465e+00
   7.35190285e+00   7.35617273e+00   7.36377363e+00   7.37071282e+00
   7.37373231e+00   7.37792892e+00   7.37817336e+00   7.40012911e+00
   7.42781664e+00   7.44706186e+00   7.51189354e+00   7.57546313e+00
   7.60051559e+00   7.62629423e+00   7.65448099e+00   7.70586754e+00
   7.98264218e+00   8.16568022e+00   8.77166371e+00   8.82120398e+00
   8.82201491e+00   8.85183069e+00   8.87142898e+00   8.87824822e+00
   8.92528788e+00   8.92997398e+00   9.03859645e+00   9.04982186e+00
   9.05038859e+00   9.14866412e+00   9.17868205e+00   9.18106190e+00
   9.27531633e+00   9.29633906e+00   9.35477720e+00   9.39252512e+00
   9.52036027e+00   9.54355981e+00   9.91914351e+00   9.96687845e+00
   1.02603970e+01   2.03900617e+01   5.83568623e+01   5.85368287e+01
   5.85686528e+01   5.88880848e+01]
E_coul = 606.512611092642
cycle= 5 E= -795.392719816675  delta_E= -0.000249  |g|= 0.00678  |ddm|= 0.0348
    CPU time for cycle= 5      0.49 sec, wall time      0.49 sec
diis-norm(errvec)=0.0146479
diis-c [ -1.66654533e-04   5.10200719e-03   6.58733209e-03  -6.20203739e-02
  -1.21002012e-01   1.17133305e+00]
  HOMO = -0.506757496745545  LUMO = 0.0824065981548817
  mo_energy =
[ -9.22957142e+01  -2.64019251e+01  -2.64019115e+01  -2.63103075e+01
  -2.63103065e+01  -9.25987346e+00  -6.94099862e+00  -6.94076532e+00
  -6.93816277e+00  -1.77207081e+00  -1.70354144e+00  -1.61923434e+00
  -1.60310679e+00  -1.05976960e+00  -8.64947794e-01  -8.57634761e-01
  -8.41288523e-01  -7.90989524e-01  -7.37314613e-01  -7.33531654e-01
  -7.32435959e-01  -6.66984710e-01  -6.64286788e-01  -6.53929706e-01
  -6.47395106e-01  -5.06757497e-01   8.24065982e-02   2.02646711e-01
   2.34076365e-01   3.53280749e-01   3.67671728e-01   4.04391555e-01
   4.72659535e-01   5.52979986e-01   5.65021822e-01   5.70482396e-01
   5.79168142e-01   6.15821440e-01   6.73049374e-01   6.78039558e-01
   6.82935148e-01   7.40815829e-01   7.58086416e-01   7.94612038e-01
   8.16498170e-01   8.16599042e-01   8.79783236e-01   9.36195609e-01
   9.49362601e-01   9.85779675e-01   1.02696150e+00   1.09998028e+00
   1.19316049e+00   1.24798746e+00   1.56273623e+00   1.57538299e+00
   1.61922789e+00   1.64864886e+00   1.65070949e+00   1.69861818e+00
   1.77381450e+00   1.80246982e+00   1.83265746e+00   1.85624507e+00
   1.95332066e+00   2.01972312e+00   2.18662426e+00   2.20932248e+00
   2.24870386e+00   2.26388713e+00   2.33165252e+00   2.36066085e+00
   2.38157581e+00   2.44187881e+00   2.53414807e+00   2.55031870e+00
   2.59864282e+00   2.65031944e+00   2.67897025e+00   2.76815158e+00
   2.84925008e+00   2.85440350e+00   2.89934770e+00   2.93675341e+00
   2.95116720e+00   3.00624091e+00   3.02498603e+00   3.03980131e+00
   3.16269236e+00   3.63453903e+00   3.68072154e+00   3.70116370e+00
   3.73522817e+00   3.79747093e+00   3.80725803e+00   3.84903220e+00
   3.99746744e+00   4.03217167e+00   4.04802893e+00   4.16122423e+00
   4.23345969e+00   4.33800648e+00   4.41946172e+00   4.78796228e+00
   5.47296886e+00   6.84656714e+00   6.87472776e+00   6.89588853e+00
   6.92471022e+00   6.93890948e+00   7.25844328e+00   7.26114140e+00
   7.28600583e+00   7.28712937e+00   7.28890569e+00   7.29634182e+00
   7.29758849e+00   7.29977874e+00   7.30822668e+00   7.31250034e+00
   7.35090490e+00   7.35577335e+00   7.36444246e+00   7.37163324e+00
   7.37465037e+00   7.37861395e+00   7.37905411e+00   7.40081300e+00
   7.42767224e+00   7.44696079e+00   7.51227675e+00   7.57557026e+00
   7.60053096e+00   7.62522481e+00   7.65375285e+00   7.70565288e+00
   7.98179630e+00   8.16578646e+00   8.76951990e+00   8.81912207e+00
   8.82018197e+00   8.85273643e+00   8.87241769e+00   8.87933559e+00
   8.92338564e+00   8.93103394e+00   9.03842710e+00   9.04818337e+00
   9.04970392e+00   9.14846896e+00   9.17823642e+00   9.18186077e+00
   9.27433720e+00   9.29450250e+00   9.35390067e+00   9.39138629e+00
   9.52099779e+00   9.54434289e+00   9.91891632e+00   9.96761935e+00
   1.02597693e+01   2.03905720e+01   5.83589596e+01   5.85332784e+01
   5.85650751e+01   5.88902077e+01]
E_coul = 606.517494958041
cycle= 6 E= -795.392744902298  delta_E= -2.51e-05  |g|= 0.00347  |ddm|= 0.0136
    CPU time for cycle= 6      0.48 sec, wall time      0.49 sec
diis-norm(errvec)=0.00702485
diis-c [ -1.46220843e-05   8.67846347e-03   1.34696346e-02  -3.68434585e-02
  -1.97447978e-01   3.54418729e-01   8.57724609e-01]
  HOMO = -0.506730586779978  LUMO = 0.082583638263748
  mo_energy =
[ -9.22954966e+01  -2.63999251e+01  -2.63999115e+01  -2.63111624e+01
  -2.63111614e+01  -9.25961082e+00  -6.94077520e+00  -6.94055198e+00
  -6.93797081e+00  -1.77152801e+00  -1.70281749e+00  -1.61951871e+00
  -1.60323326e+00  -1.05944697e+00  -8.64292134e-01  -8.57449126e-01
  -8.40903603e-01  -7.90612068e-01  -7.36955653e-01  -7.33531153e-01
  -7.31884977e-01  -6.67147318e-01  -6.64601852e-01  -6.54031907e-01
  -6.47608899e-01  -5.06730587e-01   8.25836383e-02   2.02911520e-01
   2.34072114e-01   3.53449708e-01   3.67839761e-01   4.04439120e-01
   4.72812723e-01   5.53159917e-01   5.65022212e-01   5.70532918e-01
   5.79288744e-01   6.15755648e-01   6.73056704e-01   6.78057837e-01
   6.83094228e-01   7.40790023e-01   7.58238661e-01   7.94509152e-01
   8.16391126e-01   8.16779425e-01   8.79794419e-01   9.36211113e-01
   9.49402386e-01   9.86078186e-01   1.02713516e+00   1.10006274e+00
   1.19308794e+00   1.24810938e+00   1.56291255e+00   1.57556155e+00
   1.61945339e+00   1.64876489e+00   1.65080857e+00   1.69875459e+00
   1.77397117e+00   1.80262428e+00   1.83279502e+00   1.85643168e+00
   1.95347967e+00   2.01989201e+00   2.18700652e+00   2.20949893e+00
   2.24876530e+00   2.26373128e+00   2.33176831e+00   2.36092294e+00
   2.38143214e+00   2.44186040e+00   2.53410289e+00   2.55027203e+00
   2.59871865e+00   2.65058123e+00   2.67921885e+00   2.76846019e+00
   2.84921154e+00   2.85462803e+00   2.89948579e+00   2.93712077e+00
   2.95143743e+00   3.00650897e+00   3.02493425e+00   3.03979747e+00
   3.16253288e+00   3.63440394e+00   3.68078336e+00   3.70189971e+00
   3.73590595e+00   3.79715155e+00   3.80692775e+00   3.84931802e+00
   3.99788622e+00   4.03184208e+00   4.04872004e+00   4.16191478e+00
   4.23312817e+00   4.33789393e+00   4.42005669e+00   4.78859908e+00
   5.47275711e+00   6.84688355e+00   6.87480133e+00   6.89607313e+00
   6.92490352e+00   6.93935866e+00   7.25903130e+00   7.26175677e+00
   7.28638565e+00   7.28740006e+00   7.28913485e+00   7.29703696e+00
   7.29827524e+00   7.30026778e+00   7.30882564e+00   7.31268345e+00
   7.35124653e+00   7.35587672e+00   7.36413594e+00   7.37133176e+00
   7.37435222e+00   7.37837785e+00   7.37876524e+00   7.40049648e+00
   7.42767806e+00   7.44694412e+00   7.51212050e+00   7.57541345e+00
   7.60043959e+00   7.62565805e+00   7.65399170e+00   7.70564328e+00
   7.98222578e+00   8.16579699e+00   8.77052881e+00   8.82010531e+00
   8.82105833e+00   8.85242531e+00   8.87207230e+00   8.87894316e+00
   8.92429380e+00   8.93066023e+00   9.03848057e+00   9.04911837e+00
   9.04973274e+00   9.14860155e+00   9.17840616e+00   9.18153093e+00
   9.27476658e+00   9.29527173e+00   9.35425113e+00   9.39190753e+00
   9.52086047e+00   9.54409967e+00   9.91920179e+00   9.96746708e+00
   1.02602056e+01   2.03908425e+01   5.83581585e+01   5.85351513e+01
   5.85669613e+01   5.88893940e+01]
E_coul = 606.51500899992
cycle= 7 E= -795.392748677318  delta_E= -3.78e-06  |g|= 0.000626  |ddm|= 0.00508
    CPU time for cycle= 7      0.49 sec, wall time      0.48 sec
diis-norm(errvec)=0.00135735
diis-c [ -6.94455354e-07  -8.25688698e-04  -1.40962719e-03   6.14222938e-03
   2.28366094e-02  -1.21340693e-01  -5.88429178e-02   1.15344009e+00]
  HOMO = -0.506622885365774  LUMO = 0.0826860121628498
  mo_energy =
[ -9.22955205e+01  -2.64000994e+01  -2.64000858e+01  -2.63110837e+01
  -2.63110827e+01  -9.25945536e+00  -6.94063636e+00  -6.94040774e+00
  -6.93784073e+00  -1.77153885e+00  -1.70285656e+00  -1.61948023e+00
  -1.60321154e+00  -1.05942306e+00  -8.64273974e-01  -8.57440495e-01
  -8.40924837e-01  -7.90649989e-01  -7.36936072e-01  -7.33519311e-01
  -7.31983177e-01  -6.67111317e-01  -6.64607349e-01  -6.54033995e-01
  -6.47633794e-01  -5.06622885e-01   8.26860122e-02   2.03000965e-01
   2.34159059e-01   3.53536707e-01   3.67919691e-01   4.04560941e-01
   4.72855039e-01   5.53232194e-01   5.65098076e-01   5.70647368e-01
   5.79286606e-01   6.15754808e-01   6.73048186e-01   6.78069666e-01
   6.83111278e-01   7.40818245e-01   7.58270362e-01   7.94517045e-01
   8.16412889e-01   8.16771431e-01   8.79787922e-01   9.36199235e-01
   9.49481563e-01   9.86176834e-01   1.02714789e+00   1.10015762e+00
   1.19313065e+00   1.24818770e+00   1.56304005e+00   1.57566966e+00
   1.61959488e+00   1.64886570e+00   1.65092639e+00   1.69889620e+00
   1.77411845e+00   1.80274992e+00   1.83290440e+00   1.85653268e+00
   1.95359534e+00   2.01999313e+00   2.18699668e+00   2.20952259e+00
   2.24877993e+00   2.26376993e+00   2.33178513e+00   2.36098140e+00
   2.38147314e+00   2.44190851e+00   2.53414493e+00   2.55037985e+00
   2.59876169e+00   2.65066430e+00   2.67930398e+00   2.76845730e+00
   2.84924605e+00   2.85465050e+00   2.89950023e+00   2.93716176e+00
   2.95145027e+00   3.00650831e+00   3.02498832e+00   3.03984161e+00
   3.16258725e+00   3.63441338e+00   3.68077538e+00   3.70185080e+00
   3.73586517e+00   3.79720159e+00   3.80697455e+00   3.84932032e+00
   3.99788788e+00   4.03188376e+00   4.04866386e+00   4.16186152e+00
   4.23317155e+00   4.33796228e+00   4.42009222e+00   4.78863450e+00
   5.47284662e+00   6.84699174e+00   6.87488842e+00   6.89621360e+00
   6.92502783e+00   6.93940428e+00   7.25900199e+00   7.26172378e+00
   7.28637870e+00   7.28739156e+00   7.28912887e+00   7.29700690e+00
   7.29824533e+00   7.30025057e+00   7.30879989e+00   7.31268575e+00
   7.35123443e+00   7.35588812e+00   7.36417669e+00   7.37138285e+00
   7.37440375e+00   7.37842360e+00   7.37881522e+00   7.40054374e+00
   7.42769354e+00   7.44696873e+00   7.51218341e+00   7.57543959e+00
   7.60046053e+00   7.62569214e+00   7.65402021e+00   7.70567066e+00
   7.98229442e+00   8.16588616e+00   8.77046181e+00   8.82004077e+00
   8.82100172e+00   8.85246774e+00   8.87211747e+00   8.87899197e+00
   8.92423567e+00   8.93070894e+00   9.03848277e+00   9.04905351e+00
   9.04973635e+00   9.14862177e+00   9.17840444e+00   9.18158376e+00
   9.27474692e+00   9.29522165e+00   9.35423052e+00   9.39191550e+00
   9.52094283e+00   9.54417522e+00   9.91927383e+00   9.96756515e+00
   1.02602843e+01   2.03910045e+01   5.83582351e+01   5.85349892e+01
   5.85667979e+01   5.88894720e+01]
E_coul = 606.516437374878
cycle= 8 E= -795.392748885896  delta_E= -2.09e-07  |g|= 0.000124  |ddm|= 0.00148
    CPU time for cycle= 8      0.48 sec, wall time      0.48 sec
diis-norm(errvec)=0.000246345
diis-c [ -3.00564972e-08  -2.06308194e-04  -3.40241168e-04   7.80830668e-04
   4.92244931e-03  -3.01239857e-03  -2.61352812e-02  -1.20231659e-01
   1.14422261e+00]
  HOMO = -0.506602030572593  LUMO = 0.0826916099979245
  mo_energy =
[ -9.22953871e+01  -2.64000781e+01  -2.64000645e+01  -2.63110784e+01
  -2.63110774e+01  -9.25939197e+00  -6.94057079e+00  -6.94034234e+00
  -6.93777599e+00  -1.77152873e+00  -1.70284706e+00  -1.61948215e+00
  -1.60321258e+00  -1.05940666e+00  -8.64251278e-01  -8.57427206e-01
  -8.40917338e-01  -7.90637819e-01  -7.36919065e-01  -7.33509134e-01
  -7.31984642e-01  -6.67106619e-01  -6.64611598e-01  -6.54028909e-01
  -6.47635967e-01  -5.06602031e-01   8.26916100e-02   2.03010741e-01
   2.34162287e-01   3.53547563e-01   3.67927382e-01   4.04570329e-01
   4.72863888e-01   5.53240131e-01   5.65105018e-01   5.70655995e-01
   5.79292595e-01   6.15752364e-01   6.73048011e-01   6.78071096e-01
   6.83116427e-01   7.40820072e-01   7.58277709e-01   7.94513331e-01
   8.16410625e-01   8.16775149e-01   8.79788480e-01   9.36200047e-01
   9.49487183e-01   9.86189508e-01   1.02715395e+00   1.10016645e+00
   1.19313078e+00   1.24819759e+00   1.56305461e+00   1.57568096e+00
   1.61961162e+00   1.64887527e+00   1.65093709e+00   1.69891151e+00
   1.77413579e+00   1.80276646e+00   1.83291686e+00   1.85654579e+00
   1.95360902e+00   2.02000721e+00   2.18700573e+00   2.20953021e+00
   2.24878306e+00   2.26376965e+00   2.33179025e+00   2.36099346e+00
   2.38147325e+00   2.44191204e+00   2.53414762e+00   2.55038962e+00
   2.59876753e+00   2.65067899e+00   2.67931690e+00   2.76846725e+00
   2.84924996e+00   2.85466030e+00   2.89950662e+00   2.93717403e+00
   2.95145851e+00   3.00651696e+00   3.02499201e+00   3.03984711e+00
   3.16259096e+00   3.63441363e+00   3.68077969e+00   3.70186024e+00
   3.73587479e+00   3.79720087e+00   3.80697359e+00   3.84932877e+00
   3.99789739e+00   4.03188209e+00   4.04867709e+00   4.16187516e+00
   4.23316873e+00   4.33796918e+00   4.42010572e+00   4.78864860e+00
   5.47285184e+00   6.84702222e+00   6.87490818e+00   6.89624826e+00
   6.92505738e+00   6.93942754e+00   7.25901450e+00   7.26173554e+00
   7.28638978e+00   7.28739806e+00   7.28913431e+00   7.29702019e+00
   7.29825839e+00   7.30026087e+00   7.30881126e+00   7.31269154e+00
   7.35124199e+00   7.35589243e+00   7.36417506e+00   7.37138210e+00
   7.37440314e+00   7.37842382e+00   7.37881471e+00   7.40054296e+00
   7.42769632e+00   7.44697245e+00   7.51219158e+00   7.57544004e+00
   7.60046235e+00   7.62571009e+00   7.65403238e+00   7.70567555e+00
   7.98231874e+00   8.16590405e+00   8.77047736e+00   8.82005619e+00
   8.82101557e+00   8.85246925e+00   8.87211862e+00   8.87899266e+00
   8.92425018e+00   8.93070976e+00   9.03848699e+00   9.04906917e+00
   9.04974021e+00   9.14863359e+00   9.17841126e+00   9.18158817e+00
   9.27475818e+00   9.29523517e+00   9.35423831e+00   9.39193654e+00
   9.52096411e+00   9.54418882e+00   9.91930438e+00   9.96758873e+00
   1.02603212e+01   2.03910542e+01   5.83582399e+01   5.85350100e+01
   5.85668189e+01   5.88894768e+01]
E_coul = 606.516255313774
cycle= 9 E= -795.392748892221  delta_E= -6.33e-09  |g|= 2.66e-05  |ddm|= 0.000255
    CPU time for cycle= 9      0.49 sec, wall time      0.48 sec
diis-norm(errvec)=5.62674e-05
diis-c [ -1.72873242e-09   1.11713222e+00   1.32044615e-05  -9.11692824e-05
  -3.97392651e-04   3.25216866e-03   2.35231779e-03  -3.40181734e-02
  -8.82431729e-02]
  HOMO = -0.506602142625501  LUMO = 0.0826882379746967
  mo_energy =
[ -9.22954160e+01  -2.64000827e+01  -2.64000691e+01  -2.63110806e+01
  -2.63110796e+01  -9.25940667e+00  -6.94058611e+00  -6.94035778e+00
  -6.93779147e+00  -1.77153160e+00  -1.70285010e+00  -1.61948409e+00
  -1.60321470e+00  -1.05940855e+00  -8.64252846e-01  -8.57427667e-01
  -8.40920681e-01  -7.90638424e-01  -7.36919494e-01  -7.33509362e-01
  -7.31990268e-01  -6.67107504e-01  -6.64613687e-01  -6.54029235e-01
  -6.47637664e-01  -5.06602143e-01   8.26882380e-02   2.03007456e-01
   2.34160003e-01   3.53545305e-01   3.67925721e-01   4.04567960e-01
   4.72862728e-01   5.53237008e-01   5.65102267e-01   5.70652769e-01
   5.79291353e-01   6.15751504e-01   6.73047159e-01   6.78070046e-01
   6.83114612e-01   7.40819365e-01   7.58276409e-01   7.94511991e-01
   8.16409759e-01   8.16774069e-01   8.79787954e-01   9.36199441e-01
   9.49485211e-01   9.86186079e-01   1.02715234e+00   1.10016352e+00
   1.19312981e+00   1.24819557e+00   1.56305163e+00   1.57567811e+00
   1.61960805e+00   1.64887264e+00   1.65093366e+00   1.69890739e+00
   1.77413105e+00   1.80276281e+00   1.83291350e+00   1.85654211e+00
   1.95360539e+00   2.02000407e+00   2.18700393e+00   2.20952838e+00
   2.24878164e+00   2.26376841e+00   2.33178847e+00   2.36099094e+00
   2.38147203e+00   2.44191020e+00   2.53414601e+00   2.55038621e+00
   2.59876544e+00   2.65067587e+00   2.67931357e+00   2.76846513e+00
   2.84924793e+00   2.85465789e+00   2.89950481e+00   2.93717133e+00
   2.95145604e+00   3.00651509e+00   3.02498987e+00   3.03984501e+00
   3.16258950e+00   3.63441203e+00   3.68077822e+00   3.70185748e+00
   3.73587150e+00   3.79719926e+00   3.80697172e+00   3.84932674e+00
   3.99789538e+00   4.03188089e+00   4.04867452e+00   4.16187255e+00
   4.23316753e+00   4.33796683e+00   4.42010232e+00   4.78864494e+00
   5.47284945e+00   6.84701452e+00   6.87490239e+00   6.89624065e+00
   6.92504927e+00   6.93942190e+00   7.25901244e+00   7.26173325e+00
   7.28638715e+00   7.28739597e+00   7.28913233e+00   7.29701815e+00
   7.29825625e+00   7.30025888e+00   7.30880917e+00   7.31268965e+00
   7.35123989e+00   7.35589065e+00   7.36417366e+00   7.37138135e+00
   7.37440241e+00   7.37842295e+00   7.37881389e+00   7.40054148e+00
   7.42769457e+00   7.44697039e+00   7.51218763e+00   7.57543830e+00
   7.60046044e+00   7.62570558e+00   7.65402903e+00   7.70567304e+00
   7.98231244e+00   8.16589923e+00   8.77047471e+00   8.82005355e+00
   8.82101289e+00   8.85246790e+00   8.87211733e+00   8.87899143e+00
   8.92424747e+00   8.93070853e+00   9.03848486e+00   9.04906597e+00
   9.04973799e+00   9.14862975e+00   9.17840855e+00   9.18158542e+00
   9.27475507e+00   9.29523244e+00   9.35423565e+00   9.39193150e+00
   9.52095801e+00   9.54418368e+00   9.91929619e+00   9.96758212e+00
   1.02603129e+01   2.03910427e+01   5.83582377e+01   5.85350056e+01
   5.85668145e+01   5.88894746e+01]
E_coul = 606.516304482582
cycle= 10 E= -795.392748892512  delta_E= -2.91e-10  |g|= 6.83e-06  |ddm|= 3.65e-05
    CPU time for cycle= 10      0.48 sec, wall time      0.48 sec
  HOMO = -0.506602419333264  LUMO = 0.0826878386527215
  mo_energy =
[ -9.22954133e+01  -2.64000830e+01  -2.64000694e+01  -2.63110807e+01
  -2.63110797e+01  -9.25940624e+00  -6.94058555e+00  -6.94035730e+00
  -6.93779089e+00  -1.77153193e+00  -1.70285040e+00  -1.61948417e+00
  -1.60321477e+00  -1.05940891e+00  -8.64253248e-01  -8.57427798e-01
  -8.40921303e-01  -7.90638498e-01  -7.36919491e-01  -7.33509442e-01
  -7.31991219e-01  -6.67107618e-01  -6.64614035e-01  -6.54029166e-01
  -6.47637901e-01  -5.06602419e-01   8.26878387e-02   2.03006995e-01
   2.34159729e-01   3.53544957e-01   3.67925340e-01   4.04567686e-01
   4.72862595e-01   5.53236581e-01   5.65101959e-01   5.70652286e-01
   5.79291277e-01   6.15751509e-01   6.73047134e-01   6.78069983e-01
   6.83114323e-01   7.40819326e-01   7.58276173e-01   7.94511820e-01
   8.16409646e-01   8.16773967e-01   8.79787943e-01   9.36199448e-01
   9.49484924e-01   9.86185476e-01   1.02715215e+00   1.10016323e+00
   1.19312967e+00   1.24819529e+00   1.56305109e+00   1.57567758e+00
   1.61960747e+00   1.64887216e+00   1.65093313e+00   1.69890685e+00
   1.77413052e+00   1.80276240e+00   1.83291305e+00   1.85654161e+00
   1.95360491e+00   2.02000364e+00   2.18700364e+00   2.20952815e+00
   2.24878147e+00   2.26376828e+00   2.33178827e+00   2.36099055e+00
   2.38147190e+00   2.44190996e+00   2.53414582e+00   2.55038590e+00
   2.59876518e+00   2.65067541e+00   2.67931308e+00   2.76846490e+00
   2.84924778e+00   2.85465764e+00   2.89950461e+00   2.93717087e+00
   2.95145574e+00   3.00651490e+00   3.02498963e+00   3.03984479e+00
   3.16258937e+00   3.63441190e+00   3.68077815e+00   3.70185713e+00
   3.73587109e+00   3.79719912e+00   3.80697154e+00   3.84932654e+00
   3.99789511e+00   4.03188089e+00   4.04867430e+00   4.16187232e+00
   4.23316751e+00   4.33796659e+00   4.42010183e+00   4.78864445e+00
   5.47284918e+00   6.84701427e+00   6.87490222e+00   6.89624053e+00
   6.92504906e+00   6.93942159e+00   7.25901215e+00   7.26173288e+00
   7.28638690e+00   7.28739570e+00   7.28913210e+00   7.29701775e+00
   7.29825584e+00   7.30025853e+00   7.30880880e+00   7.31268943e+00
   7.35123960e+00   7.35589042e+00   7.36417358e+00   7.37138133e+00
   7.37440240e+00   7.37842291e+00   7.37881387e+00   7.40054142e+00
   7.42769437e+00   7.44697021e+00   7.51218749e+00   7.57543812e+00
   7.60046025e+00   7.62570522e+00   7.65402878e+00   7.70567281e+00
   7.98231218e+00   8.16589908e+00   8.77047435e+00   8.82005321e+00
   8.82101253e+00   8.85246783e+00   8.87211727e+00   8.87899139e+00
   8.92424710e+00   8.93070848e+00   9.03848468e+00   9.04906560e+00
   9.04973780e+00   9.14862959e+00   9.17840831e+00   9.18158536e+00
   9.27475483e+00   9.29523215e+00   9.35423538e+00   9.39193134e+00
   9.52095804e+00   9.54418366e+00   9.91929608e+00   9.96758216e+00
   1.02603127e+01   2.03910428e+01   5.83582376e+01   5.85350053e+01
   5.85668141e+01   5.88894745e+01]
    CPU time for scf_cycle     10.88 sec, wall time     10.89 sec
    CPU time for SCF     10.88 sec, wall time     10.89 sec
converged SCF energy = -795.392748892512
RHF E = -795.392748893
RHF eps = [ -9.22954133e+01  -2.64000830e+01  -2.64000694e+01  -2.63110807e+01
  -2.63110797e+01  -9.25940624e+00  -6.94058555e+00  -6.94035730e+00
  -6.93779089e+00  -1.77153193e+00  -1.70285040e+00  -1.61948417e+00
  -1.60321477e+00  -1.05940891e+00  -8.64253248e-01  -8.57427798e-01
  -8.40921303e-01  -7.90638498e-01  -7.36919491e-01  -7.33509442e-01
  -7.31991219e-01  -6.67107618e-01  -6.64614035e-01  -6.54029166e-01
  -6.47637901e-01  -5.06602419e-01   8.26878387e-02   2.03006995e-01
   2.34159729e-01   3.53544957e-01   3.67925340e-01   4.04567686e-01
   4.72862595e-01   5.53236581e-01   5.65101959e-01   5.70652286e-01
   5.79291277e-01   6.15751509e-01   6.73047134e-01   6.78069983e-01
   6.83114323e-01   7.40819326e-01   7.58276173e-01   7.94511820e-01
   8.16409646e-01   8.16773967e-01   8.79787943e-01   9.36199448e-01
   9.49484924e-01   9.86185476e-01   1.02715215e+00   1.10016323e+00
   1.19312967e+00   1.24819529e+00   1.56305109e+00   1.57567758e+00
   1.61960747e+00   1.64887216e+00   1.65093313e+00   1.69890685e+00
   1.77413052e+00   1.80276240e+00   1.83291305e+00   1.85654161e+00
   1.95360491e+00   2.02000364e+00   2.18700364e+00   2.20952815e+00
   2.24878147e+00   2.26376828e+00   2.33178827e+00   2.36099055e+00
   2.38147190e+00   2.44190996e+00   2.53414582e+00   2.55038590e+00
   2.59876518e+00   2.65067541e+00   2.67931308e+00   2.76846490e+00
   2.84924778e+00   2.85465764e+00   2.89950461e+00   2.93717087e+00
   2.95145574e+00   3.00651490e+00   3.02498963e+00   3.03984479e+00
   3.16258937e+00   3.63441190e+00   3.68077815e+00   3.70185713e+00
   3.73587109e+00   3.79719912e+00   3.80697154e+00   3.84932654e+00
   3.99789511e+00   4.03188089e+00   4.04867430e+00   4.16187232e+00
   4.23316751e+00   4.33796659e+00   4.42010183e+00   4.78864445e+00
   5.47284918e+00   6.84701427e+00   6.87490222e+00   6.89624053e+00
   6.92504906e+00   6.93942159e+00   7.25901215e+00   7.26173288e+00
   7.28638690e+00   7.28739570e+00   7.28913210e+00   7.29701775e+00
   7.29825584e+00   7.30025853e+00   7.30880880e+00   7.31268943e+00
   7.35123960e+00   7.35589042e+00   7.36417358e+00   7.37138133e+00
   7.37440240e+00   7.37842291e+00   7.37881387e+00   7.40054142e+00
   7.42769437e+00   7.44697021e+00   7.51218749e+00   7.57543812e+00
   7.60046025e+00   7.62570522e+00   7.65402878e+00   7.70567281e+00
   7.98231218e+00   8.16589908e+00   8.77047435e+00   8.82005321e+00
   8.82101253e+00   8.85246783e+00   8.87211727e+00   8.87899139e+00
   8.92424710e+00   8.93070848e+00   9.03848468e+00   9.04906560e+00
   9.04973780e+00   9.14862959e+00   9.17840831e+00   9.18158536e+00
   9.27475483e+00   9.29523215e+00   9.35423538e+00   9.39193134e+00
   9.52095804e+00   9.54418366e+00   9.91929608e+00   9.96758216e+00
   1.02603127e+01   2.03910428e+01   5.83582376e+01   5.85350053e+01
   5.85668141e+01   5.88894745e+01]
    CPU time for transforming oopq     15.08 sec, wall time     15.09 sec
    CPU time for transforming ovpq     17.60 sec, wall time     17.60 sec
MO integrals cint2e_sph are saved in <HDF5 file "tmp8BpyvW" (mode r+)>/eri_mo
num. MO ints = 3.8416e+08, required disk 3073.28 MB
step1: tmpfile /tmp/tmp7ZHCds  2173.4048 MB
step1: (ij,kl) = (19600,13861), mem cache 4000 MB, iobuf 800 MB
    CPU time for Initializing ao2mo.outcore.half_e1      0.02 sec, wall time      0.03 sec
step 1 [1/3], AO [0:649], len(buf) = 5082
      fill iobuf micro [1/1], AO [0:649], len(aobuf) = 5082
    CPU time for gen AO/transform MO [1/3]      8.74 sec, wall time      8.74 sec
step 1 [2/3], AO [649:1414], len(buf) = 5100
      fill iobuf micro [1/1], AO [649:1414], len(aobuf) = 5100
    CPU time for gen AO/transform MO [2/3]      9.92 sec, wall time      9.93 sec
step 1 [3/3], AO [1414:1711], len(buf) = 3679
      fill iobuf micro [1/1], AO [1414:1711], len(aobuf) = 3679
    CPU time for gen AO/transform MO [3/3]      6.69 sec, wall time      6.69 sec
    CPU time for AO->MO transformation for cint2e_sph 1 pass     26.47 sec, wall time     31.12 sec
step2: kl-pair (ao 13861, mo 19600), mem 266.1312 MB, ioblock 376.32 MB
step 2 [1/9], [0,0:2400], row = 2400
step 2 [1/9] CPU time:      2.39, Wall time:      2.39
step 2 [2/9], [0,2400:4800], row = 2400
step 2 [2/9] CPU time:      2.40, Wall time:      2.40
step 2 [3/9], [0,4800:7200], row = 2400
step 2 [3/9] CPU time:      2.48, Wall time:      3.81
step 2 [4/9], [0,7200:9600], row = 2400
step 2 [4/9] CPU time:      2.48, Wall time:      3.38
step 2 [5/9], [0,9600:12000], row = 2400
step 2 [5/9] CPU time:      2.48, Wall time:      3.33
step 2 [6/9], [0,12000:14400], row = 2400
step 2 [6/9] CPU time:      2.46, Wall time:      2.80
step 2 [7/9], [0,14400:16800], row = 2400
step 2 [7/9] CPU time:      2.52, Wall time:      4.86
step 2 [8/9], [0,16800:19200], row = 2400
step 2 [8/9] CPU time:      2.41, Wall time:      4.95
step 2 [9/9], [0,19200:19600], row = 400
step 2 [9/9] CPU time:      0.77, Wall time:      3.35
    CPU time for AO->MO transformation for cint2e_sph 2 pass     20.45 sec, wall time     31.32 sec
    CPU time for AO->MO transformation for cint2e_sph      46.92 sec, wall time     62.43 sec
    CPU time for transforming vvvv     53.56 sec, wall time     99.90 sec
    CPU time for CCSD integral transformation     86.77 sec, wall time    133.13 sec

******** <class 'pyscf.cc.linrccsd.LinRCCSD'> flags ********
CCSD nocc = 17, nvir = 140
frozen orbitals [0, 1, 2, 3, 4, 5, 6, 7, 8]
max_cycle = 50
direct = 0
conv_tol = 1e-07
conv_tol_normt = 1e-05
diis_space = 6
diis_start_cycle = 0
diis_start_energy_diff = 1e+09
Init t2, MP2 energy = -1.20498614801691
    CPU time for init mp2      0.18 sec, wall time      0.18 sec
    CPU time for update t1 t2     23.14 sec, wall time     23.16 sec
istep = 0  E(CCSD) = -1.19390492811485  dE = -1.19390493  norm(t1,t2) = 0.13344
    CPU time for CCSD iter     23.31 sec, wall time     23.32 sec
    CPU time for update t1 t2     23.19 sec, wall time     23.21 sec
DIIS for step 1
istep = 1  E(CCSD) = -1.23075657761199  dE = -0.0368516495  norm(t1,t2) = 0.0483009
    CPU time for CCSD iter     23.38 sec, wall time     23.39 sec
    CPU time for update t1 t2     22.96 sec, wall time     22.98 sec
diis-c [ -5.22420410e-04   1.00000000e+00]
DIIS for step 2
istep = 2  E(CCSD) = -1.23067757191077  dE = 7.90057012e-05  norm(t1,t2) = 0.0309682
    CPU time for CCSD iter     23.22 sec, wall time     23.24 sec
    CPU time for update t1 t2     23.32 sec, wall time     23.34 sec
diis-c [ -1.36316196e-04   5.10775320e-04   9.99489225e-01]
DIIS for step 3
istep = 3  E(CCSD) = -1.23567197800194  dE = -0.00499440609  norm(t1,t2) = 0.0160805
    CPU time for CCSD iter     23.63 sec, wall time     23.64 sec
    CPU time for update t1 t2     24.35 sec, wall time     24.37 sec
diis-c [ -2.39856006e-05  -4.98739090e-01  -2.03487183e-01   1.70222627e+00]
DIIS for step 4
istep = 4  E(CCSD) = -1.23881981264036  dE = -0.00314783464  norm(t1,t2) = 0.0117371
    CPU time for CCSD iter     24.74 sec, wall time     24.76 sec
    CPU time for update t1 t2     24.18 sec, wall time     24.19 sec
diis-c [ -6.12560178e-06   4.37516969e-01   2.35245652e-01  -1.77721415e+00
   2.10445153e+00]
DIIS for step 5
istep = 5  E(CCSD) = -1.2382239507403  dE = 0.0005958619  norm(t1,t2) = 0.00474173
    CPU time for CCSD iter     24.63 sec, wall time     24.64 sec
    CPU time for update t1 t2     24.26 sec, wall time     24.27 sec
diis-c [ -1.48898823e-06   2.40198862e-01   1.40845674e-01  -9.44082397e-01
   4.16004990e-01   1.14703287e+00]
DIIS for step 6
istep = 6  E(CCSD) = -1.23834023832129  dE = -0.000116287581  norm(t1,t2) = 0.00240369
    CPU time for CCSD iter     24.75 sec, wall time     24.76 sec
    CPU time for update t1 t2     24.40 sec, wall time     24.41 sec
diis-c [ -2.42599325e-07  -2.30275149e-01  -1.20031748e-01   8.97359542e-01
  -6.07616531e-01  -8.30877430e-01   1.89144132e+00]
DIIS for step 7
istep = 7  E(CCSD) = -1.23859018854617  dE = -0.000249950225  norm(t1,t2) = 0.00105618
    CPU time for CCSD iter     24.95 sec, wall time     24.95 sec
    CPU time for update t1 t2     24.54 sec, wall time     24.56 sec
diis-c [ -7.11288879e-08   1.24834357e+00  -2.68305784e-03   1.06075162e-02
   3.15765338e-02  -1.22704588e-01  -1.65139978e-01]
DIIS for step 8
istep = 8  E(CCSD) = -1.23852356178034  dE = 6.66267658e-05  norm(t1,t2) = 0.000437353
    CPU time for CCSD iter     25.06 sec, wall time     25.08 sec
    CPU time for update t1 t2     24.09 sec, wall time     24.10 sec
diis-c [ -1.96541166e-08  -2.69548458e-01   1.31610624e+00  -4.21578642e-03
   8.60460611e-03   2.40037553e-02  -7.49503615e-02]
DIIS for step 9
istep = 9  E(CCSD) = -1.23855063843247  dE = -2.70766521e-05  norm(t1,t2) = 0.000222444
    CPU time for CCSD iter     24.55 sec, wall time     24.56 sec
    CPU time for update t1 t2     23.57 sec, wall time     23.58 sec
diis-c [ -3.92187646e-09  -4.49114433e-01  -2.01195582e-01   1.53639311e+00
  -1.40264139e-02   2.61441909e-02   1.01799129e-01]
DIIS for step 10
istep = 10  E(CCSD) = -1.23853080217124  dE = 1.98362612e-05  norm(t1,t2) = 0.000130821
    CPU time for CCSD iter     24.09 sec, wall time     24.10 sec
    CPU time for update t1 t2     24.73 sec, wall time     24.75 sec
diis-c [ -1.08519319e-09   3.44233101e-02  -9.21297574e-02  -2.47739240e-01
   1.30067803e+00  -1.98912672e-03   6.75678579e-03]
DIIS for step 11
istep = 11  E(CCSD) = -1.23853391487056  dE = -3.11269931e-06  norm(t1,t2) = 5.41319e-05
    CPU time for CCSD iter     25.31 sec, wall time     25.33 sec
    CPU time for update t1 t2     25.13 sec, wall time     25.16 sec
diis-c [ -1.98095040e-10   8.53500728e-02   1.11079823e-01  -3.92079224e-01
  -1.99950156e-01   1.42081031e+00  -2.52108273e-02]
DIIS for step 12
istep = 12  E(CCSD) = -1.23853548466666  dE = -1.5697961e-06  norm(t1,t2) = 2.83238e-05
    CPU time for CCSD iter     25.73 sec, wall time     25.76 sec
    CPU time for update t1 t2     25.15 sec, wall time     25.17 sec
diis-c [ -6.06007466e-11  -2.57490054e-03   2.81210538e-02  -7.11180580e-03
  -2.26361059e-01   1.64211520e-01   1.04371519e+00]
DIIS for step 13
istep = 13  E(CCSD) = -1.23853555322042  dE = -6.85537644e-08  norm(t1,t2) = 1.26135e-05
    CPU time for CCSD iter     25.76 sec, wall time     25.78 sec
    CPU time for update t1 t2     25.00 sec, wall time     25.03 sec
diis-c [ -2.03579653e-11   1.29604398e+00  -3.53064880e-03   6.47894778e-03
   1.03022936e-02  -6.56569757e-02  -2.43637600e-01]
DIIS for step 14
istep = 14  E(CCSD) = -1.23853529498012  dE = 2.58240304e-07  norm(t1,t2) = 6.80219e-06
    CPU time for CCSD iter     25.55 sec, wall time     25.58 sec
    CPU time for update t1 t2     24.42 sec, wall time     24.45 sec
diis-c [ -3.29006267e-12  -4.90637561e-03   1.42311563e+00  -7.45978449e-03
   6.20369113e-02   2.01597974e-02  -4.92946177e-01]
DIIS for step 15
istep = 15  E(CCSD) = -1.23853498130127  dE = 3.13678851e-07  norm(t1,t2) = 4.12737e-06
    CPU time for CCSD iter     24.99 sec, wall time     25.02 sec
    CPU time for update t1 t2     24.02 sec, wall time     24.03 sec
diis-c [ -9.49823553e-13  -1.18150115e-01  -2.04852948e-01   1.28940097e+00
  -1.71990224e-02   2.98665972e-02   2.09345174e-02]
DIIS for step 16
istep = 16  E(CCSD) = -1.238534963935  dE = 1.73662675e-08  norm(t1,t2) = 1.68652e-06
    CPU time for CCSD iter     24.51 sec, wall time     24.52 sec
    CPU time for CCSD    418.16 sec, wall time    418.43 sec
CCSD converged
E(linCCSD) = -796.6312838564469  E_corr = -1.238534963934998
    CPU time for EOM-CCSD shared one-electron intermediates      3.04 sec, wall time      3.06 sec
    CPU time for EOM-CCSD IP intermediates     10.56 sec, wall time     10.57 sec
tol 1e-07  toloose 0.000316228
max_cycle 50  max_space 38  max_memory 2000  incore True
davidson 0 6  |r|= 0.517  e= [ 0.5929679   0.73785323  0.74471587  0.7537014   0.76014884  0.81646608]  max|de|= 0.816  lindep=    1
davidson 1 12  |r|= 0.064  e= [ 0.46935536  0.53338665  0.54131946  0.55495053  0.56755785  0.62526248]  max|de|= -0.204  lindep= 0.91
davidson 2 18  |r|= 0.038  e= [ 0.46373631  0.53291158  0.54072143  0.55418406  0.56431999  0.62478672]  max|de|= -0.00562  lindep= 0.848
davidson 3 24  |r|= 0.0123  e= [ 0.4619754   0.53287689  0.54091703  0.55419701  0.56447153  0.62483652]  max|de|= -0.00176  lindep= 0.867
davidson 4 30  |r|= 0.0041  e= [ 0.46185917  0.53283629  0.54077312  0.55419662  0.5641491   0.62483906]  max|de|= -0.000322  lindep= 0.822
root 3 converged  |r|= 5.25e-08  e= 0.554196654801  max|de|= 3.04e-08
davidson 5 36  |r|= 0.00205  e= [ 0.46186564  0.53283619  0.54075389  0.55419665  0.56414614  0.62483873]  max|de|= -1.92e-05  lindep= 0.874
root 1 converged  |r|= 4.55e-10  e= 0.532836189452  max|de|= 1.11e-15
root 3 converged  |r|= 5.25e-08  e= 0.554196654801  max|de|= 1.78e-15
root 5 converged  |r|= 3.16e-07  e= 0.624838734593  max|de|= 2.22e-15
davidson 6 6  |r|= 0.00205  e= [ 0.46186564  0.53283619  0.54075389  0.55419665  0.56414614  0.62483873]  max|de|= 2.22e-15  lindep= 0.999
davidson 7 9  |r|= 0.000716  e= [ 0.46186682  0.53283619  0.54076679  0.55419665  0.56413318  0.62483873]  max|de|= -1.3e-05  lindep= 0.931
davidson 8 12  |r|= 0.00046  e= [ 0.46186797  0.53283619  0.540767    0.55419665  0.5641362   0.62483873]  max|de|= 3.02e-06  lindep= 0.534
davidson 9 15  |r|= 0.000179  e= [ 0.46186768  0.53283619  0.54076397  0.55419665  0.56413445  0.62483873]  max|de|= -3.03e-06  lindep= 0.32
davidson 10 18  |r|= 0.00014  e= [ 0.46186791  0.53283619  0.54076503  0.55419665  0.56413407  0.62483873]  max|de|= 1.06e-06  lindep= 0.634
root 0 converged  |r|= 5.35e-07  e= 0.461867930854  max|de|= 2.31e-08
davidson 11 21  |r|= 7.1e-05  e= [ 0.46186793  0.53283619  0.54076415  0.55419665  0.56413315  0.62483873]  max|de|= -9.15e-07  lindep= 0.757
davidson 12 23  |r|= 2.56e-05  e= [ 0.46186793  0.53283619  0.5407646   0.55419665  0.5641342   0.62483873]  max|de|= 1.05e-06  lindep= 0.692
davidson 13 25  |r|= 2.48e-06  e= [ 0.46186792  0.53283619  0.54076532  0.55419665  0.5641343   0.62483873]  max|de|= 7.26e-07  lindep= 0.662
root 4 converged  |r|= 1.24e-07  e= 0.564134280804  max|de|= -2.23e-08
davidson 14 27  |r|= 1.24e-07  e= [ 0.46186792  0.53283619  0.54076486  0.55419665  0.56413428  0.62483873]  max|de|= -4.6e-07  lindep=    1
Linear dependency in trial subspace. |r| for each state [0, 0, 3.6695635984933515e-09, 0, 1.2362292613185949e-07, 0]
IP root 0 E = 0.4618679195903518  qpwt = 0.952652
IP root 1 E = 0.5328361894522453  qpwt = 0.931942
IP root 2 E = 0.540764861351414  qpwt = 0.933042
IP root 3 E = 0.5541966548010622  qpwt = 0.929747
IP root 4 E = 0.5641342808041414  qpwt = 0.93379
IP root 5 E = 0.624838734592885  qpwt = 0.936514
    CPU time for IP-CCSD     14.99 sec, wall time     15.03 sec
    CPU time for EOM-CCSD shared one-electron intermediates      2.98 sec, wall time      2.98 sec
    CPU time for EOM-CCSD EA intermediates    235.31 sec, wall time    236.61 sec
tol 1e-07  toloose 0.000316228
max_cycle 50  max_space 38  max_memory 2000  incore True
davidson 0 6  |r|= 0.487  e= [ 0.13362402  0.24257414  0.26744995  0.38671136  0.38918801  0.44400423]  max|de|= 0.444  lindep=    1
davidson 1 12  |r|= 0.0704  e= [ 0.03978507  0.14731044  0.18321211  0.30802019  0.33025316  0.35122016]  max|de|= -0.0953  lindep= 0.944
davidson 2 18  |r|= 0.032  e= [ 0.03813723  0.14050725  0.18085893  0.30480514  0.32765529  0.34734757]  max|de|= -0.0068  lindep= 0.971
davidson 3 24  |r|= 0.00777  e= [ 0.0381223   0.14060349  0.18093134  0.30454742  0.3274898   0.34710165]  max|de|= -0.000258  lindep= 0.813
davidson 4 30  |r|= 0.00573  e= [ 0.03809943  0.14058093  0.18090865  0.30450082  0.32747801  0.34700619]  max|de|= -9.55e-05  lindep= 0.952
davidson 5 36  |r|= 0.000842  e= [ 0.0380978   0.14056601  0.18090741  0.3044891   0.32746897  0.34696373]  max|de|= -4.25e-05  lindep= 0.802
root 0 converged  |r|= 6.87e-05  e= 0.0380977953119  max|de|= 2.96e-15
root 2 converged  |r|= 7.43e-05  e= 0.180907409391  max|de|= -9.44e-16
root 4 converged  |r|= 0.000289  e= 0.327468965475  max|de|= -1.05e-15
davidson 6 6  |r|= 0.000842  e= [ 0.0380978   0.14056601  0.18090741  0.3044891   0.32746897  0.34696373]  max|de|= 2.96e-15  lindep=    1
davidson 7 9  |r|= 0.000334  e= [ 0.0380978   0.14056638  0.18090742  0.30448361  0.32746897  0.34696272]  max|de|= -5.48e-06  lindep= 0.913
davidson 8 12  |r|= 0.000122  e= [ 0.0380978   0.14056746  0.18090742  0.30448653  0.32746897  0.34696172]  max|de|= 2.92e-06  lindep= 0.742
root 5 converged  |r|= 3.12e-05  e= 0.346961729715  max|de|= 6.59e-09
davidson 9 15  |r|= 4.81e-05  e= [ 0.0380978   0.14056631  0.18090739  0.30448574  0.32746897  0.34696173]  max|de|= -1.15e-06  lindep= 0.359
davidson 10 17  |r|= 2.16e-05  e= [ 0.0380978   0.14056667  0.18090739  0.30448588  0.32746897  0.34696173]  max|de|= 3.57e-07  lindep= 0.356
davidson 11 19  |r|= 5.96e-06  e= [ 0.0380978   0.14056657  0.18090739  0.30448549  0.32746897  0.34696173]  max|de|= -3.91e-07  lindep= 0.51
root 1 converged  |r|= 9.3e-08  e= 0.140566588353  max|de|= 2.28e-08
davidson 12 21  |r|= 1.65e-06  e= [ 0.0380978   0.14056659  0.18090739  0.30448582  0.32746897  0.34696173]  max|de|= 3.33e-07  lindep= 0.783
root 3 converged  |r|= 2.74e-07  e= 0.304485787172  max|de|= -3.55e-08
converge 13 22  |r|= 2.74e-07  e= [ 0.0380978   0.14056659  0.18090739  0.30448579  0.32746897  0.34696173]  max|de|= -3.55e-08
EA root 0 E = 0.03809779531198288  qpwt = 0.971967
EA root 1 E = 0.1405665882290113  qpwt = 0.970549
EA root 2 E = 0.1809073865252254  qpwt = 0.973042
EA root 3 E = 0.3044857871724195  qpwt = 0.979088
EA root 4 E = 0.3274689654749171  qpwt = 0.981047
EA root 5 E = 0.3469617297148846  qpwt = 0.977065
    CPU time for EA-CCSD    352.72 sec, wall time    354.09 sec
