

******** <class 'pyscf.scf.hf.RHF'> flags ********
method = RHF
initial guess = minao
damping factor = 0
level shift factor = 0
Do DIIS = True
DIIS start cycle = 1
DIIS space = 8
SCF tol = 1e-09
SCF gradient tol = None
max. SCF cycles = 50
direct_scf = True
direct_scf_tol = 1e-13
chkfile to save SCF result = /tmp/tmp51b2NL
max_memory 4000 MB (current use 39 MB)
Set gradient conv threshold to 3.16228e-05
Nelec from initial guess = 57.9955
cond(S) = 2668.2627719
E_coul = 798.358455557642
init E= -1245.73456897652
    CPU time for initialize scf     11.48 sec, wall time     11.48 sec
  HOMO = -0.694439803356551  LUMO = -0.0436853114358333
  mo_energy =
[ -1.83291520e+02  -2.64954515e+01  -2.64948679e+01  -2.64948679e+01
  -2.64948679e+01  -2.14619428e+01  -1.78247169e+01  -1.78247169e+01
  -1.78247169e+01  -2.97129911e+00  -1.95671487e+00  -1.95671487e+00
  -1.95671487e+00  -1.78318617e+00  -1.64158212e+00  -1.64158212e+00
  -1.64158212e+00  -7.45962940e-01  -7.35356845e-01  -7.35356845e-01
  -7.30585837e-01  -7.30585837e-01  -7.30585837e-01  -7.02268165e-01
  -7.02268165e-01  -7.02268165e-01  -6.94439803e-01  -6.94439803e-01
  -6.94439803e-01  -4.36853114e-02   8.47237631e-02   8.47237631e-02
   9.20890968e-02   9.20890968e-02   9.20890968e-02   1.47504455e-01
   1.47504455e-01   1.47504455e-01   1.78105121e-01   1.78105121e-01
   1.95605643e-01   1.95605643e-01   1.95605643e-01   2.04836815e-01
   5.06621223e-01   5.06621223e-01   5.06621223e-01   6.37414809e-01
   6.65938997e-01   6.65938997e-01   6.65938997e-01   7.28478779e-01
   7.28478779e-01   7.34259605e-01   7.34259605e-01   7.34259605e-01
   7.45730885e-01   7.45730885e-01   7.45730885e-01   8.30373548e-01
   8.30373548e-01   8.30373548e-01   8.97164624e-01   8.97164624e-01
   1.02996314e+00   1.02996314e+00   1.02996314e+00   1.03590918e+00
   1.15081955e+00   1.15081955e+00   1.15081955e+00   1.31123845e+00
   1.46353522e+00   1.46353522e+00   1.46353522e+00   1.61829761e+00
   1.62907525e+00   1.62907525e+00   1.62907525e+00   1.98535803e+00
   1.98535803e+00   2.03889972e+00   2.03889972e+00   2.03889972e+00
   2.16308907e+00   2.16308907e+00   2.16308907e+00   2.28388862e+00
   2.28388862e+00   2.29235765e+00   2.29235765e+00   2.29235765e+00
   2.47469226e+00   2.47469226e+00   2.47469226e+00   2.55957100e+00
   2.55957100e+00   2.55957100e+00   2.64625862e+00   2.64625862e+00
   2.77878388e+00   3.00410666e+00   3.00410666e+00   3.00410666e+00
   3.14957163e+00   3.19535055e+00   3.19535055e+00   3.20712199e+00
   3.20712199e+00   3.20712199e+00   3.36184057e+00   3.36184057e+00
   3.36184057e+00   3.39827212e+00   3.39827212e+00   3.39827212e+00
   3.42433880e+00   3.48820594e+00   3.48820594e+00   3.48820594e+00
   3.69445088e+00   3.69445088e+00   3.79338393e+00   3.79338393e+00
   3.79338393e+00   3.95045886e+00   3.95045886e+00   3.95045886e+00
   4.04051593e+00   4.23479398e+00   4.23479398e+00   4.23479398e+00
   4.64010978e+00   4.80967665e+00   4.80967665e+00   4.80967665e+00
   7.20965558e+00   7.20965558e+00   7.20965558e+00   7.21408527e+00
   7.21408527e+00   7.21408527e+00   7.21430659e+00   7.22571020e+00
   7.23094438e+00   7.23094438e+00   7.23094438e+00   7.24144706e+00
   7.24144706e+00   7.26261388e+00   7.26261388e+00   7.26261388e+00
   7.33160800e+00   7.33160800e+00   7.33160800e+00   7.37818221e+00
   7.37818221e+00   7.38346143e+00   7.38346143e+00   7.38346143e+00
   7.44825724e+00   7.56632467e+00   7.56632467e+00   7.56632467e+00
   8.69866586e+00   8.69866586e+00   8.69866586e+00   8.73510044e+00
   8.73510044e+00   8.77702561e+00   8.77702561e+00   8.77702561e+00
   9.00849127e+00   9.00849127e+00   9.06846533e+00   9.06846533e+00
   9.06846533e+00   9.11570112e+00   9.16086533e+00   9.16086533e+00
   9.16086533e+00   9.40243291e+00   9.40243291e+00   9.40243291e+00
   5.85326770e+01   5.85749519e+01   5.85749519e+01   5.85749519e+01]
E_coul = 793.991420514799
cycle= 1 E= -1246.26114457975  delta_E= -0.527  |g|= 1.42  |ddm|=  2.2
    CPU time for cycle= 1      0.76 sec, wall time      0.77 sec
diis-norm(errvec)=2.94193
diis-c [-8.65492903  1.        ]
  HOMO = -0.578192559364766  LUMO = -0.215048652490372
  mo_energy =
[ -1.84174041e+02  -2.60021253e+01  -2.60021253e+01  -2.60021253e+01
  -2.60021205e+01  -2.23112997e+01  -1.86822184e+01  -1.86822184e+01
  -1.86822184e+01  -3.50297432e+00  -2.39676593e+00  -2.39676593e+00
  -2.39676593e+00  -1.51434493e+00  -1.50261687e+00  -1.50261687e+00
  -1.50261687e+00  -6.82422404e-01  -6.82422404e-01  -6.82422404e-01
  -6.56003964e-01  -6.56003964e-01  -6.46659335e-01  -6.11862077e-01
  -6.11862077e-01  -6.11862077e-01  -5.78192559e-01  -5.78192559e-01
  -5.78192559e-01  -2.15048652e-01  -2.15048652e-01  -1.55590289e-01
  -1.55590289e-01  -1.55590289e-01   4.15159894e-02   1.27449643e-01
   1.27449643e-01   1.27449643e-01   1.82454726e-01   1.82454726e-01
   1.89080461e-01   1.89080461e-01   1.89080461e-01   2.04543344e-01
   4.07698569e-01   4.07698569e-01   4.07698569e-01   5.82555495e-01
   5.82555495e-01   5.82555495e-01   6.21705327e-01   6.21705327e-01
   6.59430088e-01   8.05252101e-01   8.05252101e-01   8.05252101e-01
   8.26541162e-01   8.26541162e-01   8.26541162e-01   8.88942705e-01
   8.88942705e-01   8.88942705e-01   9.49999431e-01   9.49999431e-01
   9.49999431e-01   9.57455667e-01   9.57455667e-01   1.03454305e+00
   1.14338877e+00   1.14338877e+00   1.14338877e+00   1.25077266e+00
   1.38610048e+00   1.38610048e+00   1.38610048e+00   1.45403201e+00
   1.45403201e+00   1.45403201e+00   1.49182378e+00   1.87130813e+00
   1.87130813e+00   1.89335894e+00   1.89335894e+00   1.89335894e+00
   2.09640268e+00   2.09640268e+00   2.09640268e+00   2.15337889e+00
   2.15337889e+00   2.39138368e+00   2.39138368e+00   2.39138368e+00
   2.51774466e+00   2.51774466e+00   2.51774466e+00   2.53094874e+00
   2.54257586e+00   2.54257586e+00   2.54257586e+00   2.63901207e+00
   2.63901207e+00   2.97299892e+00   2.97299892e+00   2.97299892e+00
   2.97877028e+00   2.97877028e+00   2.97877028e+00   3.01883565e+00
   3.11941724e+00   3.11941724e+00   3.22640545e+00   3.22640545e+00
   3.22640545e+00   3.30277575e+00   3.30277575e+00   3.30277575e+00
   3.32297304e+00   3.39813363e+00   3.39813363e+00   3.39813363e+00
   3.90832139e+00   3.90832139e+00   3.94991476e+00   3.94991476e+00
   3.94991476e+00   4.05787701e+00   4.05787701e+00   4.05787701e+00
   4.19259963e+00   4.45330931e+00   4.45330931e+00   4.45330931e+00
   4.72274662e+00   4.85926560e+00   4.85926560e+00   4.85926560e+00
   7.44661392e+00   7.44661392e+00   7.44661392e+00   7.45530994e+00
   7.45530994e+00   7.45530994e+00   7.45671035e+00   7.46784747e+00
   7.46796525e+00   7.46796525e+00   7.46796525e+00   7.46954872e+00
   7.46954872e+00   7.49489797e+00   7.49489797e+00   7.49489797e+00
   7.54629048e+00   7.54629048e+00   7.54629048e+00   7.59616239e+00
   7.59616239e+00   7.59823027e+00   7.59823027e+00   7.59823027e+00
   7.64816724e+00   7.76413484e+00   7.76413484e+00   7.76413484e+00
   9.01969867e+00   9.01969867e+00   9.01969867e+00   9.05515459e+00
   9.05515459e+00   9.09700201e+00   9.09700201e+00   9.09700201e+00
   9.31807576e+00   9.31807576e+00   9.37620011e+00   9.37620011e+00
   9.37620011e+00   9.40852513e+00   9.46637094e+00   9.46637094e+00
   9.46637094e+00   9.69244429e+00   9.69244429e+00   9.69244429e+00
   5.89989434e+01   5.90412559e+01   5.90412559e+01   5.90412559e+01]
E_coul = 803.446538541814
cycle= 2 E= -1246.12094700724  delta_E= 0.14  |g|= 1.84  |ddm|= 1.46
    CPU time for cycle= 2      0.78 sec, wall time      0.77 sec
diis-norm(errvec)=4.08435
diis-c [-0.49231544  0.58477371  0.41522629]
  HOMO = -0.651903754909076  LUMO = 0.0291459840045178
  mo_energy =
[ -1.83582551e+02  -2.62938488e+01  -2.62938488e+01  -2.62938488e+01
  -2.62938453e+01  -2.17739395e+01  -1.81387049e+01  -1.81387049e+01
  -1.81387049e+01  -3.15177570e+00  -2.07535284e+00  -2.07535284e+00
  -2.07535284e+00  -1.58668177e+00  -1.56712275e+00  -1.56712275e+00
  -1.56712275e+00  -7.10033264e-01  -7.10033264e-01  -7.10033264e-01
  -6.99010486e-01  -6.99010486e-01  -6.97142787e-01  -6.72154508e-01
  -6.72154508e-01  -6.72154508e-01  -6.51903755e-01  -6.51903755e-01
  -6.51903755e-01   2.91459840e-02   2.91459840e-02   5.23124012e-02
   6.28426403e-02   6.28426403e-02   6.28426403e-02   1.41551750e-01
   1.41551750e-01   1.41551750e-01   1.84786669e-01   1.84786669e-01
   1.91606127e-01   1.91606127e-01   1.91606127e-01   2.46688569e-01
   4.86682597e-01   4.86682597e-01   4.86682597e-01   6.40542694e-01
   6.40542694e-01   6.40542694e-01   6.67741465e-01   7.00087902e-01
   7.00087902e-01   7.83563011e-01   7.83563011e-01   7.83563011e-01
   7.96389181e-01   7.96389181e-01   7.96389181e-01   8.72633730e-01
   8.72633730e-01   8.72633730e-01   9.38135446e-01   9.38135446e-01
   1.01755476e+00   1.01755476e+00   1.01755476e+00   1.05034775e+00
   1.17679440e+00   1.17679440e+00   1.17679440e+00   1.30695667e+00
   1.47413490e+00   1.47413490e+00   1.47413490e+00   1.54457133e+00
   1.54457133e+00   1.54457133e+00   1.59163228e+00   2.00290247e+00
   2.00290247e+00   2.08364345e+00   2.08364345e+00   2.08364345e+00
   2.10262798e+00   2.10262798e+00   2.10262798e+00   2.24133057e+00
   2.24133057e+00   2.36611459e+00   2.36611459e+00   2.36611459e+00
   2.52339170e+00   2.52339170e+00   2.52339170e+00   2.58810842e+00
   2.58810842e+00   2.58810842e+00   2.65707822e+00   2.65707822e+00
   2.70025559e+00   3.03535007e+00   3.03535007e+00   3.03535007e+00
   3.13610918e+00   3.18600301e+00   3.18600301e+00   3.19147839e+00
   3.19147839e+00   3.19147839e+00   3.32333848e+00   3.32333848e+00
   3.32333848e+00   3.37598087e+00   3.37598087e+00   3.37598087e+00
   3.38734987e+00   3.40759014e+00   3.40759014e+00   3.40759014e+00
   3.80811127e+00   3.80811127e+00   3.87734369e+00   3.87734369e+00
   3.87734369e+00   4.01350630e+00   4.01350630e+00   4.01350630e+00
   4.12385015e+00   4.35133570e+00   4.35133570e+00   4.35133570e+00
   4.70424132e+00   4.86422275e+00   4.86422275e+00   4.86422275e+00
   7.35504013e+00   7.35504013e+00   7.35504013e+00   7.36056854e+00
   7.36056854e+00   7.36056854e+00   7.36109195e+00   7.37236260e+00
   7.37581883e+00   7.37581883e+00   7.37581883e+00   7.38349605e+00
   7.38349605e+00   7.40624885e+00   7.40624885e+00   7.40624885e+00
   7.46852659e+00   7.46852659e+00   7.46852659e+00   7.51609552e+00
   7.51609552e+00   7.52057395e+00   7.52057395e+00   7.52057395e+00
   7.57909425e+00   7.69615399e+00   7.69615399e+00   7.69615399e+00
   8.86936874e+00   8.86936874e+00   8.86936874e+00   8.90515527e+00
   8.90515527e+00   8.94704828e+00   8.94704828e+00   8.94704828e+00
   9.17474325e+00   9.17474325e+00   9.23357677e+00   9.23357677e+00
   9.23357677e+00   9.27446006e+00   9.32459780e+00   9.32459780e+00
   9.32459780e+00   9.55957658e+00   9.55957658e+00   9.55957658e+00
   5.87243381e+01   5.87667036e+01   5.87667036e+01   5.87667036e+01]
E_coul = 796.982511035514
cycle= 3 E= -1246.62245558199  delta_E= -0.502  |g|= 0.075  |ddm|= 0.711
    CPU time for cycle= 3      0.77 sec, wall time      0.77 sec
diis-norm(errvec)=0.140706
diis-c [-0.01643822 -0.02303828 -0.02864757  1.05168585]
  HOMO = -0.665012596261458  LUMO = 0.0347271074799265
  mo_energy =
[ -1.83575908e+02  -2.63340966e+01  -2.63340966e+01  -2.63340966e+01
  -2.63340939e+01  -2.17774138e+01  -1.81412916e+01  -1.81412916e+01
  -1.81412916e+01  -3.15846400e+00  -2.08176505e+00  -2.08176505e+00
  -2.08176505e+00  -1.60019849e+00  -1.58074700e+00  -1.58074700e+00
  -1.58074700e+00  -7.28184080e-01  -7.28184080e-01  -7.28184080e-01
  -7.14079116e-01  -7.14079116e-01  -7.11002505e-01  -6.85643472e-01
  -6.85643472e-01  -6.85643472e-01  -6.65012596e-01  -6.65012596e-01
  -6.65012596e-01   3.47271075e-02   3.47271075e-02   5.27161530e-02
   6.70175883e-02   6.70175883e-02   6.70175883e-02   1.41893028e-01
   1.41893028e-01   1.41893028e-01   1.84897468e-01   1.84897468e-01
   1.91537172e-01   1.91537172e-01   1.91537172e-01   2.47465466e-01
   4.86851436e-01   4.86851436e-01   4.86851436e-01   6.41210149e-01
   6.41210149e-01   6.41210149e-01   6.65354035e-01   7.00034345e-01
   7.00034345e-01   7.80939929e-01   7.80939929e-01   7.80939929e-01
   7.92329501e-01   7.92329501e-01   7.92329501e-01   8.70121381e-01
   8.70121381e-01   8.70121381e-01   9.35360378e-01   9.35360378e-01
   1.01716410e+00   1.01716410e+00   1.01716410e+00   1.04834627e+00
   1.17527269e+00   1.17527269e+00   1.17527269e+00   1.30729949e+00
   1.47265113e+00   1.47265113e+00   1.47265113e+00   1.54213475e+00
   1.54213475e+00   1.54213475e+00   1.58777484e+00   1.99872938e+00
   1.99872938e+00   2.08069784e+00   2.08069784e+00   2.08069784e+00
   2.09734438e+00   2.09734438e+00   2.09734438e+00   2.23803904e+00
   2.23803904e+00   2.36013663e+00   2.36013663e+00   2.36013663e+00
   2.51885117e+00   2.51885117e+00   2.51885117e+00   2.58324828e+00
   2.58324828e+00   2.58324828e+00   2.65247222e+00   2.65247222e+00
   2.69652734e+00   3.02856996e+00   3.02856996e+00   3.02856996e+00
   3.13303157e+00   3.18280672e+00   3.18280672e+00   3.18791610e+00
   3.18791610e+00   3.18791610e+00   3.31705687e+00   3.31705687e+00
   3.31705687e+00   3.37355837e+00   3.37355837e+00   3.37355837e+00
   3.38139512e+00   3.39953657e+00   3.39953657e+00   3.39953657e+00
   3.79428956e+00   3.79428956e+00   3.86576881e+00   3.86576881e+00
   3.86576881e+00   4.00389399e+00   4.00389399e+00   4.00389399e+00
   4.11073529e+00   4.33753799e+00   4.33753799e+00   4.33753799e+00
   4.69516413e+00   4.85539151e+00   4.85539151e+00   4.85539151e+00
   7.34363237e+00   7.34363237e+00   7.34363237e+00   7.34901733e+00
   7.34901733e+00   7.34901733e+00   7.34949857e+00   7.36077600e+00
   7.36445573e+00   7.36445573e+00   7.36445573e+00   7.37236478e+00
   7.37236478e+00   7.39505813e+00   7.39505813e+00   7.39505813e+00
   7.45761344e+00   7.45761344e+00   7.45761344e+00   7.50517452e+00
   7.50517452e+00   7.50971387e+00   7.50971387e+00   7.50971387e+00
   7.56830344e+00   7.68531796e+00   7.68531796e+00   7.68531796e+00
   8.85005276e+00   8.85005276e+00   8.85005276e+00   8.88587256e+00
   8.88587256e+00   8.92779252e+00   8.92779252e+00   8.92779252e+00
   9.15608764e+00   9.15608764e+00   9.21498571e+00   9.21498571e+00
   9.21498571e+00   9.25607233e+00   9.30610038e+00   9.30610038e+00
   9.30610038e+00   9.54132018e+00   9.54132018e+00   9.54132018e+00
   5.86867114e+01   5.87290749e+01   5.87290749e+01   5.87290749e+01]
E_coul = 797.642621037209
cycle= 4 E= -1246.62359362668  delta_E= -0.00114  |g|= 0.0256  |ddm|= 0.0651
    CPU time for cycle= 4      0.77 sec, wall time      0.77 sec
diis-norm(errvec)=0.046223
diis-c [-0.00111331 -0.02351908 -0.01814279  0.16823432  0.87342755]
  HOMO = -0.660259841421812  LUMO = 0.0466051364400024
  mo_energy =
[ -1.83547407e+02  -2.63208293e+01  -2.63208293e+01  -2.63208293e+01
  -2.63208267e+01  -2.17531544e+01  -1.81165765e+01  -1.81165765e+01
  -1.81165765e+01  -3.14410660e+00  -2.06854474e+00  -2.06854474e+00
  -2.06854474e+00  -1.59454053e+00  -1.57477663e+00  -1.57477663e+00
  -1.57477663e+00  -7.22255399e-01  -7.22255399e-01  -7.22255399e-01
  -7.08905938e-01  -7.08905938e-01  -7.04823889e-01  -6.80520334e-01
  -6.80520334e-01  -6.80520334e-01  -6.60259841e-01  -6.60259841e-01
  -6.60259841e-01   4.66051364e-02   4.66051364e-02   5.35267537e-02
   7.67483272e-02   7.67483272e-02   7.67483272e-02   1.43479526e-01
   1.43479526e-01   1.43479526e-01   1.85338667e-01   1.85338667e-01
   1.92252305e-01   1.92252305e-01   1.92252305e-01   2.50476739e-01
   4.91394827e-01   4.91394827e-01   4.91394827e-01   6.44314028e-01
   6.44314028e-01   6.44314028e-01   6.67290189e-01   7.04744277e-01
   7.04744277e-01   7.82378542e-01   7.82378542e-01   7.82378542e-01
   7.93291063e-01   7.93291063e-01   7.93291063e-01   8.71700100e-01
   8.71700100e-01   8.71700100e-01   9.36802120e-01   9.36802120e-01
   1.02135169e+00   1.02135169e+00   1.02135169e+00   1.05059390e+00
   1.17851575e+00   1.17851575e+00   1.17851575e+00   1.31087546e+00
   1.47549862e+00   1.47549862e+00   1.47549862e+00   1.54996758e+00
   1.54996758e+00   1.54996758e+00   1.59459488e+00   2.00522790e+00
   2.00522790e+00   2.09004587e+00   2.09004587e+00   2.09004587e+00
   2.10161168e+00   2.10161168e+00   2.10161168e+00   2.24529611e+00
   2.24529611e+00   2.36405125e+00   2.36405125e+00   2.36405125e+00
   2.52314933e+00   2.52314933e+00   2.52314933e+00   2.58884665e+00
   2.58884665e+00   2.58884665e+00   2.65791523e+00   2.65791523e+00
   2.70491608e+00   3.03422802e+00   3.03422802e+00   3.03422802e+00
   3.13981918e+00   3.18843565e+00   3.18843565e+00   3.19660645e+00
   3.19660645e+00   3.19660645e+00   3.32368905e+00   3.32368905e+00
   3.32368905e+00   3.38187284e+00   3.38187284e+00   3.38187284e+00
   3.38806958e+00   3.40562337e+00   3.40562337e+00   3.40562337e+00
   3.80013455e+00   3.80013455e+00   3.87185867e+00   3.87185867e+00
   3.87185867e+00   4.00999901e+00   4.00999901e+00   4.00999901e+00
   4.11673550e+00   4.34247567e+00   4.34247567e+00   4.34247567e+00
   4.70233484e+00   4.86356648e+00   4.86356648e+00   4.86356648e+00
   7.34859624e+00   7.34859624e+00   7.34859624e+00   7.35391137e+00
   7.35391137e+00   7.35391137e+00   7.35437319e+00   7.36565155e+00
   7.36944160e+00   7.36944160e+00   7.36944160e+00   7.37749283e+00
   7.37749283e+00   7.40011633e+00   7.40011633e+00   7.40011633e+00
   7.46300186e+00   7.46300186e+00   7.46300186e+00   7.51046745e+00
   7.51046745e+00   7.51509282e+00   7.51509282e+00   7.51509282e+00
   7.57398884e+00   7.69110587e+00   7.69110587e+00   7.69110587e+00
   8.85706293e+00   8.85706293e+00   8.85706293e+00   8.89286671e+00
   8.89286671e+00   8.93477587e+00   8.93477587e+00   8.93477587e+00
   9.16318815e+00   9.16318815e+00   9.22205328e+00   9.22205328e+00
   9.22205328e+00   9.26336629e+00   9.31312418e+00   9.31312418e+00
   9.31312418e+00   9.54854334e+00   9.54854334e+00   9.54854334e+00
   5.86993278e+01   5.87416953e+01   5.87416953e+01   5.87416953e+01]
E_coul = 797.429892536641
cycle= 5 E= -1246.62374473764  delta_E= -0.000151  |g|= 0.00724  |ddm|= 0.0173
    CPU time for cycle= 5      0.78 sec, wall time      0.77 sec
diis-norm(errvec)=0.0147224
diis-c [ -1.36210802e-04   1.47339049e-03   2.72718508e-03  -8.07367025e-02
  -1.47696828e-01   1.22423296e+00]
  HOMO = -0.660712742861244  LUMO = 0.0451132620503598
  mo_energy =
[ -1.83553051e+02  -2.63212647e+01  -2.63212647e+01  -2.63212647e+01
  -2.63212623e+01  -2.17574856e+01  -1.81210474e+01  -1.81210474e+01
  -1.81210474e+01  -3.14632635e+00  -2.07057818e+00  -2.07057818e+00
  -2.07057818e+00  -1.59477150e+00  -1.57511851e+00  -1.57511851e+00
  -1.57511851e+00  -7.22385460e-01  -7.22385460e-01  -7.22385460e-01
  -7.09061781e-01  -7.09061781e-01  -7.04689545e-01  -6.80859683e-01
  -6.80859683e-01  -6.80859683e-01  -6.60712743e-01  -6.60712743e-01
  -6.60712743e-01   4.51132621e-02   4.51132621e-02   5.34643729e-02
   7.51322352e-02   7.51322352e-02   7.51322352e-02   1.43209957e-01
   1.43209957e-01   1.43209957e-01   1.85291273e-01   1.85291273e-01
   1.92173480e-01   1.92173480e-01   1.92173480e-01   2.50191140e-01
   4.90602514e-01   4.90602514e-01   4.90602514e-01   6.43868897e-01
   6.43868897e-01   6.43868897e-01   6.67196480e-01   7.04072119e-01
   7.04072119e-01   7.82324384e-01   7.82324384e-01   7.82324384e-01
   7.93367234e-01   7.93367234e-01   7.93367234e-01   8.71627706e-01
   8.71627706e-01   8.71627706e-01   9.36743656e-01   9.36743656e-01
   1.02073351e+00   1.02073351e+00   1.02073351e+00   1.05041563e+00
   1.17812241e+00   1.17812241e+00   1.17812241e+00   1.31041702e+00
   1.47519942e+00   1.47519942e+00   1.47519942e+00   1.54877597e+00
   1.54877597e+00   1.54877597e+00   1.59353544e+00   2.00436261e+00
   2.00436261e+00   2.08851360e+00   2.08851360e+00   2.08851360e+00
   2.10122606e+00   2.10122606e+00   2.10122606e+00   2.24428298e+00
   2.24428298e+00   2.36380992e+00   2.36380992e+00   2.36380992e+00
   2.52277978e+00   2.52277978e+00   2.52277978e+00   2.58819271e+00
   2.58819271e+00   2.58819271e+00   2.65733405e+00   2.65733405e+00
   2.70374988e+00   3.03374695e+00   3.03374695e+00   3.03374695e+00
   3.13884399e+00   3.18780480e+00   3.18780480e+00   3.19534052e+00
   3.19534052e+00   3.19534052e+00   3.32298832e+00   3.32298832e+00
   3.32298832e+00   3.38070786e+00   3.38070786e+00   3.38070786e+00
   3.38737286e+00   3.40508915e+00   3.40508915e+00   3.40508915e+00
   3.79984732e+00   3.79984732e+00   3.87143733e+00   3.87143733e+00
   3.87143733e+00   4.00950490e+00   4.00950490e+00   4.00950490e+00
   4.11657057e+00   4.34254211e+00   4.34254211e+00   4.34254211e+00
   4.70148767e+00   4.86258365e+00   4.86258365e+00   4.86258365e+00
   7.34847671e+00   7.34847671e+00   7.34847671e+00   7.35384517e+00
   7.35384517e+00   7.35384517e+00   7.35432289e+00   7.36560038e+00
   7.36930159e+00   7.36930159e+00   7.36930159e+00   7.37725962e+00
   7.37725962e+00   7.39991375e+00   7.39991375e+00   7.39991375e+00
   7.46263175e+00   7.46263175e+00   7.46263175e+00   7.51014736e+00
   7.51014736e+00   7.51470789e+00   7.51470789e+00   7.51470789e+00
   7.57350907e+00   7.69059394e+00   7.69059394e+00   7.69059394e+00
   8.85693109e+00   8.85693109e+00   8.85693109e+00   8.89274840e+00
   8.89274840e+00   8.93465355e+00   8.93465355e+00   8.93465355e+00
   9.16298695e+00   9.16298695e+00   9.22186704e+00   9.22186704e+00
   9.22186704e+00   9.26311181e+00   9.31294726e+00   9.31294726e+00
   9.31294726e+00   9.54829708e+00   9.54829708e+00   9.54829708e+00
   5.86989047e+01   5.87412707e+01   5.87412707e+01   5.87412707e+01]
E_coul = 797.458970689545
cycle= 6 E= -1246.62377334806  delta_E= -2.86e-05  |g|= 0.00219  |ddm|= 0.00808
    CPU time for cycle= 6      0.77 sec, wall time      0.77 sec
diis-norm(errvec)=0.00496143
diis-c [ -9.30725041e-06   2.37014247e-03   9.92559796e-04  -2.12875164e-03
  -5.21176246e-02  -2.63496044e-01   1.31437972e+00]
  HOMO = -0.660799663723127  LUMO = 0.0455242943443272
  mo_energy =
[ -1.83552611e+02  -2.63211737e+01  -2.63211737e+01  -2.63211737e+01
  -2.63211713e+01  -2.17570392e+01  -1.81205949e+01  -1.81205949e+01
  -1.81205949e+01  -3.14598937e+00  -2.07026629e+00  -2.07026629e+00
  -2.07026629e+00  -1.59465365e+00  -1.57500710e+00  -1.57500710e+00
  -1.57500710e+00  -7.22199065e-01  -7.22199065e-01  -7.22199065e-01
  -7.09043335e-01  -7.09043335e-01  -7.04333151e-01  -6.80830596e-01
  -6.80830596e-01  -6.80830596e-01  -6.60799664e-01  -6.60799664e-01
  -6.60799664e-01   4.55242943e-02   4.55242943e-02   5.34806494e-02
   7.52601505e-02   7.52601505e-02   7.52601505e-02   1.43227839e-01
   1.43227839e-01   1.43227839e-01   1.85294039e-01   1.85294039e-01
   1.92193379e-01   1.92193379e-01   1.92193379e-01   2.50279359e-01
   4.90654692e-01   4.90654692e-01   4.90654692e-01   6.43933501e-01
   6.43933501e-01   6.43933501e-01   6.67250900e-01   7.04170617e-01
   7.04170617e-01   7.82337320e-01   7.82337320e-01   7.82337320e-01
   7.93378995e-01   7.93378995e-01   7.93378995e-01   8.71651500e-01
   8.71651500e-01   8.71651500e-01   9.36763749e-01   9.36763749e-01
   1.02080648e+00   1.02080648e+00   1.02080648e+00   1.05044549e+00
   1.17820105e+00   1.17820105e+00   1.17820105e+00   1.31049376e+00
   1.47525294e+00   1.47525294e+00   1.47525294e+00   1.54896203e+00
   1.54896203e+00   1.54896203e+00   1.59364056e+00   2.00451229e+00
   2.00451229e+00   2.08868504e+00   2.08868504e+00   2.08868504e+00
   2.10132129e+00   2.10132129e+00   2.10132129e+00   2.24444663e+00
   2.24444663e+00   2.36389455e+00   2.36389455e+00   2.36389455e+00
   2.52286108e+00   2.52286108e+00   2.52286108e+00   2.58829170e+00
   2.58829170e+00   2.58829170e+00   2.65743242e+00   2.65743242e+00
   2.70391339e+00   3.03384267e+00   3.03384267e+00   3.03384267e+00
   3.13896291e+00   3.18791078e+00   3.18791078e+00   3.19549849e+00
   3.19549849e+00   3.19549849e+00   3.32311345e+00   3.32311345e+00
   3.32311345e+00   3.38088693e+00   3.38088693e+00   3.38088693e+00
   3.38749341e+00   3.40519056e+00   3.40519056e+00   3.40519056e+00
   3.79992428e+00   3.79992428e+00   3.87152977e+00   3.87152977e+00
   3.87152977e+00   4.00960075e+00   4.00960075e+00   4.00960075e+00
   4.11665358e+00   4.34260413e+00   4.34260413e+00   4.34260413e+00
   4.70163932e+00   4.86276342e+00   4.86276342e+00   4.86276342e+00
   7.34860738e+00   7.34860738e+00   7.34860738e+00   7.35400141e+00
   7.35400141e+00   7.35400141e+00   7.35448626e+00   7.36576331e+00
   7.36943095e+00   7.36943095e+00   7.36943095e+00   7.37734768e+00
   7.37734768e+00   7.40002069e+00   7.40002069e+00   7.40002069e+00
   7.46270314e+00   7.46270314e+00   7.46270314e+00   7.51023266e+00
   7.51023266e+00   7.51478801e+00   7.51478801e+00   7.51478801e+00
   7.57357979e+00   7.69067534e+00   7.69067534e+00   7.69067534e+00
   8.85707179e+00   8.85707179e+00   8.85707179e+00   8.89288858e+00
   8.89288858e+00   8.93479336e+00   8.93479336e+00   8.93479336e+00
   9.16306621e+00   9.16306621e+00   9.22194408e+00   9.22194408e+00
   9.22194408e+00   9.26317484e+00   9.31302201e+00   9.31302201e+00
   9.31302201e+00   9.54835602e+00   9.54835602e+00   9.54835602e+00
   5.86989930e+01   5.87413592e+01   5.87413592e+01   5.87413592e+01]
E_coul = 797.460680502531
cycle= 7 E= -1246.62377721877  delta_E= -3.87e-06  |g|= 0.000726  |ddm|= 0.00347
    CPU time for cycle= 7      0.77 sec, wall time      0.77 sec
diis-norm(errvec)=0.00161303
diis-c [ -4.21309507e-07  -2.59347996e-04  -3.36737712e-04   1.64792872e-03
   2.08896065e-02   3.97188779e-02  -5.00167890e-01   1.43850756e+00]
  HOMO = -0.66087836854413  LUMO = 0.0458198821043263
  mo_energy =
[ -1.83552057e+02  -2.63212472e+01  -2.63212472e+01  -2.63212472e+01
  -2.63212448e+01  -2.17565004e+01  -1.81200517e+01  -1.81200517e+01
  -1.81200517e+01  -3.14563294e+00  -2.06995321e+00  -2.06995321e+00
  -2.06995321e+00  -1.59466776e+00  -1.57500805e+00  -1.57500805e+00
  -1.57500805e+00  -7.22148595e-01  -7.22148595e-01  -7.22148595e-01
  -7.09093709e-01  -7.09093709e-01  -7.04218946e-01  -6.80853777e-01
  -6.80853777e-01  -6.80853777e-01  -6.60878369e-01  -6.60878369e-01
  -6.60878369e-01   4.58198821e-02   4.58198821e-02   5.34850727e-02
   7.54350812e-02   7.54350812e-02   7.54350812e-02   1.43248351e-01
   1.43248351e-01   1.43248351e-01   1.85291212e-01   1.85291212e-01
   1.92205863e-01   1.92205863e-01   1.92205863e-01   2.50319222e-01
   4.90723779e-01   4.90723779e-01   4.90723779e-01   6.43977638e-01
   6.43977638e-01   6.43977638e-01   6.67283079e-01   7.04246549e-01
   7.04246549e-01   7.82323002e-01   7.82323002e-01   7.82323002e-01
   7.93383668e-01   7.93383668e-01   7.93383668e-01   8.71644694e-01
   8.71644694e-01   8.71644694e-01   9.36758568e-01   9.36758568e-01
   1.02085343e+00   1.02085343e+00   1.02085343e+00   1.05046574e+00
   1.17822886e+00   1.17822886e+00   1.17822886e+00   1.31053076e+00
   1.47528184e+00   1.47528184e+00   1.47528184e+00   1.54912440e+00
   1.54912440e+00   1.54912440e+00   1.59374977e+00   2.00460823e+00
   2.00460823e+00   2.08886793e+00   2.08886793e+00   2.08886793e+00
   2.10134054e+00   2.10134054e+00   2.10134054e+00   2.24457695e+00
   2.24457695e+00   2.36390042e+00   2.36390042e+00   2.36390042e+00
   2.52288511e+00   2.52288511e+00   2.52288511e+00   2.58834788e+00
   2.58834788e+00   2.58834788e+00   2.65748765e+00   2.65748765e+00
   2.70407483e+00   3.03390756e+00   3.03390756e+00   3.03390756e+00
   3.13906595e+00   3.18799028e+00   3.18799028e+00   3.19567280e+00
   3.19567280e+00   3.19567280e+00   3.32320658e+00   3.32320658e+00
   3.32320658e+00   3.38106259e+00   3.38106259e+00   3.38106259e+00
   3.38759978e+00   3.40525270e+00   3.40525270e+00   3.40525270e+00
   3.79989898e+00   3.79989898e+00   3.87152669e+00   3.87152669e+00
   3.87152669e+00   4.00961330e+00   4.00961330e+00   4.00961330e+00
   4.11668371e+00   4.34259704e+00   4.34259704e+00   4.34259704e+00
   4.70167498e+00   4.86282064e+00   4.86282064e+00   4.86282064e+00
   7.34859109e+00   7.34859109e+00   7.34859109e+00   7.35399174e+00
   7.35399174e+00   7.35399174e+00   7.35447848e+00   7.36575551e+00
   7.36941409e+00   7.36941409e+00   7.36941409e+00   7.37732144e+00
   7.37732144e+00   7.39999760e+00   7.39999760e+00   7.39999760e+00
   7.46267510e+00   7.46267510e+00   7.46267510e+00   7.51020713e+00
   7.51020713e+00   7.51476072e+00   7.51476072e+00   7.51476072e+00
   7.57355713e+00   7.69065389e+00   7.69065389e+00   7.69065389e+00
   8.85704032e+00   8.85704032e+00   8.85704032e+00   8.89285780e+00
   8.89285780e+00   8.93476223e+00   8.93476223e+00   8.93476223e+00
   9.16302223e+00   9.16302223e+00   9.22190074e+00   9.22190074e+00
   9.22190074e+00   9.26313501e+00   9.31297899e+00   9.31297899e+00
   9.31297899e+00   9.54831623e+00   9.54831623e+00   9.54831623e+00
   5.86989258e+01   5.87412921e+01   5.87412921e+01   5.87412921e+01]
E_coul = 797.460504467303
cycle= 8 E= -1246.62377747063  delta_E= -2.52e-07  |g|= 0.000114  |ddm|= 0.00107
    CPU time for cycle= 8      0.77 sec, wall time      0.77 sec
diis-norm(errvec)=0.000226976
diis-c [ -1.10119821e-08  -8.92250298e-05   3.29509487e-05  -4.28619645e-04
  -1.15613604e-04   6.08675298e-03   2.28834869e-02  -2.29176016e-01
   1.20080628e+00]
  HOMO = -0.660880671185754  LUMO = 0.045789355002228
  mo_energy =
[ -1.83552211e+02  -2.63212397e+01  -2.63212397e+01  -2.63212397e+01
  -2.63212373e+01  -2.17566125e+01  -1.81201688e+01  -1.81201688e+01
  -1.81201688e+01  -3.14567370e+00  -2.06999010e+00  -2.06999010e+00
  -2.06999010e+00  -1.59466642e+00  -1.57500900e+00  -1.57500900e+00
  -1.57500900e+00  -7.22139892e-01  -7.22139892e-01  -7.22139892e-01
  -7.09093133e-01  -7.09093133e-01  -7.04204370e-01  -6.80852130e-01
  -6.80852130e-01  -6.80852130e-01  -6.60880671e-01  -6.60880671e-01
  -6.60880671e-01   4.57893550e-02   4.57893550e-02   5.34845821e-02
   7.54056157e-02   7.54056157e-02   7.54056157e-02   1.43243608e-01
   1.43243608e-01   1.43243608e-01   1.85290202e-01   1.85290202e-01
   1.92204736e-01   1.92204736e-01   1.92204736e-01   2.50317418e-01
   4.90716367e-01   4.90716367e-01   4.90716367e-01   6.43973103e-01
   6.43973103e-01   6.43973103e-01   6.67284821e-01   7.04236564e-01
   7.04236564e-01   7.82322255e-01   7.82322255e-01   7.82322255e-01
   7.93386383e-01   7.93386383e-01   7.93386383e-01   8.71644203e-01
   8.71644203e-01   8.71644203e-01   9.36757606e-01   9.36757606e-01
   1.02084905e+00   1.02084905e+00   1.02084905e+00   1.05046260e+00
   1.17822755e+00   1.17822755e+00   1.17822755e+00   1.31052855e+00
   1.47528013e+00   1.47528013e+00   1.47528013e+00   1.54910822e+00
   1.54910822e+00   1.54910822e+00   1.59373975e+00   2.00459801e+00
   2.00459801e+00   2.08884357e+00   2.08884357e+00   2.08884357e+00
   2.10134113e+00   2.10134113e+00   2.10134113e+00   2.24456133e+00
   2.24456133e+00   2.36390080e+00   2.36390080e+00   2.36390080e+00
   2.52288470e+00   2.52288470e+00   2.52288470e+00   2.58834380e+00
   2.58834380e+00   2.58834380e+00   2.65748249e+00   2.65748249e+00
   2.70405740e+00   3.03390141e+00   3.03390141e+00   3.03390141e+00
   3.13906116e+00   3.18798598e+00   3.18798598e+00   3.19565762e+00
   3.19565762e+00   3.19565762e+00   3.32319859e+00   3.32319859e+00
   3.32319859e+00   3.38104804e+00   3.38104804e+00   3.38104804e+00
   3.38759137e+00   3.40524955e+00   3.40524955e+00   3.40524955e+00
   3.79990002e+00   3.79990002e+00   3.87152673e+00   3.87152673e+00
   3.87152673e+00   4.00961236e+00   4.00961236e+00   4.00961236e+00
   4.11668342e+00   4.34259889e+00   4.34259889e+00   4.34259889e+00
   4.70167328e+00   4.86281634e+00   4.86281634e+00   4.86281634e+00
   7.34859552e+00   7.34859552e+00   7.34859552e+00   7.35399704e+00
   7.35399704e+00   7.35399704e+00   7.35448402e+00   7.36576103e+00
   7.36941848e+00   7.36941848e+00   7.36941848e+00   7.37732428e+00
   7.37732428e+00   7.40000124e+00   7.40000124e+00   7.40000124e+00
   7.46267701e+00   7.46267701e+00   7.46267701e+00   7.51020965e+00
   7.51020965e+00   7.51476317e+00   7.51476317e+00   7.51476317e+00
   7.57355841e+00   7.69065550e+00   7.69065550e+00   7.69065550e+00
   8.85704609e+00   8.85704609e+00   8.85704609e+00   8.89286348e+00
   8.89286348e+00   8.93476793e+00   8.93476793e+00   8.93476793e+00
   9.16302578e+00   9.16302578e+00   9.22190417e+00   9.22190417e+00
   9.22190417e+00   9.26313708e+00   9.31298234e+00   9.31298234e+00
   9.31298234e+00   9.54831801e+00   9.54831801e+00   9.54831801e+00
   5.86989326e+01   5.87412989e+01   5.87412989e+01   5.87412989e+01]
E_coul = 797.461053579496
cycle= 9 E= -1246.62377747447  delta_E= -3.84e-09  |g|= 1.32e-05  |ddm|= 0.000105
    CPU time for cycle= 9      0.77 sec, wall time      0.77 sec
diis-norm(errvec)=2.68512e-05
diis-c [ -2.84106632e-10   1.14208125e+00  -1.19225241e-05   1.42824487e-04
  -4.66910612e-05  -2.45057072e-03   7.19865354e-03   4.56986254e-03
  -1.51483407e-01]
  HOMO = -0.660881429813079  LUMO = 0.0457894719420512
  mo_energy =
[ -1.83552190e+02  -2.63212408e+01  -2.63212408e+01  -2.63212408e+01
  -2.63212384e+01  -2.17566011e+01  -1.81201564e+01  -1.81201564e+01
  -1.81201564e+01  -3.14567383e+00  -2.06999043e+00  -2.06999043e+00
  -2.06999043e+00  -1.59466699e+00  -1.57500941e+00  -1.57500941e+00
  -1.57500941e+00  -7.22139750e-01  -7.22139750e-01  -7.22139750e-01
  -7.09093781e-01  -7.09093781e-01  -7.04204331e-01  -6.80852688e-01
  -6.80852688e-01  -6.80852688e-01  -6.60881430e-01  -6.60881430e-01
  -6.60881430e-01   4.57894719e-02   4.57894719e-02   5.34842465e-02
   7.54049061e-02   7.54049061e-02   7.54049061e-02   1.43243197e-01
   1.43243197e-01   1.43243197e-01   1.85289894e-01   1.85289894e-01
   1.92204642e-01   1.92204642e-01   1.92204642e-01   2.50316188e-01
   4.90715045e-01   4.90715045e-01   4.90715045e-01   6.43971692e-01
   6.43971692e-01   6.43971692e-01   6.67284802e-01   7.04235471e-01
   7.04235471e-01   7.82322031e-01   7.82322031e-01   7.82322031e-01
   7.93387027e-01   7.93387027e-01   7.93387027e-01   8.71643918e-01
   8.71643918e-01   8.71643918e-01   9.36757538e-01   9.36757538e-01
   1.02084683e+00   1.02084683e+00   1.02084683e+00   1.05046221e+00
   1.17822633e+00   1.17822633e+00   1.17822633e+00   1.31052657e+00
   1.47527901e+00   1.47527901e+00   1.47527901e+00   1.54910667e+00
   1.54910667e+00   1.54910667e+00   1.59373871e+00   2.00459738e+00
   2.00459738e+00   2.08884333e+00   2.08884333e+00   2.08884333e+00
   2.10134022e+00   2.10134022e+00   2.10134022e+00   2.24456104e+00
   2.24456104e+00   2.36390042e+00   2.36390042e+00   2.36390042e+00
   2.52288358e+00   2.52288358e+00   2.52288358e+00   2.58834257e+00
   2.58834257e+00   2.58834257e+00   2.65748166e+00   2.65748166e+00
   2.70405586e+00   3.03390130e+00   3.03390130e+00   3.03390130e+00
   3.13905885e+00   3.18798404e+00   3.18798404e+00   3.19565594e+00
   3.19565594e+00   3.19565594e+00   3.32319713e+00   3.32319713e+00
   3.32319713e+00   3.38104586e+00   3.38104586e+00   3.38104586e+00
   3.38759008e+00   3.40524873e+00   3.40524873e+00   3.40524873e+00
   3.79989951e+00   3.79989951e+00   3.87152573e+00   3.87152573e+00
   3.87152573e+00   4.00961102e+00   4.00961102e+00   4.00961102e+00
   4.11668358e+00   4.34259918e+00   4.34259918e+00   4.34259918e+00
   4.70167207e+00   4.86281520e+00   4.86281520e+00   4.86281520e+00
   7.34859563e+00   7.34859563e+00   7.34859563e+00   7.35399723e+00
   7.35399723e+00   7.35399723e+00   7.35448424e+00   7.36576125e+00
   7.36941856e+00   7.36941856e+00   7.36941856e+00   7.37732424e+00
   7.37732424e+00   7.40000123e+00   7.40000123e+00   7.40000123e+00
   7.46267680e+00   7.46267680e+00   7.46267680e+00   7.51020946e+00
   7.51020946e+00   7.51476289e+00   7.51476289e+00   7.51476289e+00
   7.57355809e+00   7.69065508e+00   7.69065508e+00   7.69065508e+00
   8.85704609e+00   8.85704609e+00   8.85704609e+00   8.89286350e+00
   8.89286350e+00   8.93476795e+00   8.93476795e+00   8.93476795e+00
   9.16302568e+00   9.16302568e+00   9.22190407e+00   9.22190407e+00
   9.22190407e+00   9.26313698e+00   9.31298224e+00   9.31298224e+00
   9.31298224e+00   9.54831795e+00   9.54831795e+00   9.54831795e+00
   5.86989315e+01   5.87412978e+01   5.87412978e+01   5.87412978e+01]
E_coul = 797.461011995667
cycle= 10 E= -1246.62377747454  delta_E= -6.55e-11  |g|= 3.06e-06  |ddm|= 1.69e-05
    CPU time for cycle= 10      0.81 sec, wall time      0.80 sec
  HOMO = -0.660881267881503  LUMO = 0.0457884157256431
  mo_energy =
[ -1.83552195e+02  -2.63212400e+01  -2.63212400e+01  -2.63212400e+01
  -2.63212376e+01  -2.17566046e+01  -1.81201601e+01  -1.81201601e+01
  -1.81201601e+01  -3.14567547e+00  -2.06999186e+00  -2.06999186e+00
  -2.06999186e+00  -1.59466674e+00  -1.57500924e+00  -1.57500924e+00
  -1.57500924e+00  -7.22139609e-01  -7.22139609e-01  -7.22139609e-01
  -7.09093575e-01  -7.09093575e-01  -7.04204188e-01  -6.80852566e-01
  -6.80852566e-01  -6.80852566e-01  -6.60881268e-01  -6.60881268e-01
  -6.60881268e-01   4.57884157e-02   4.57884157e-02   5.34842362e-02
   7.54039685e-02   7.54039685e-02   7.54039685e-02   1.43243069e-01
   1.43243069e-01   1.43243069e-01   1.85289882e-01   1.85289882e-01
   1.92204599e-01   1.92204599e-01   1.92204599e-01   2.50316096e-01
   4.90714763e-01   4.90714763e-01   4.90714763e-01   6.43971524e-01
   6.43971524e-01   6.43971524e-01   6.67284782e-01   7.04235142e-01
   7.04235142e-01   7.82322059e-01   7.82322059e-01   7.82322059e-01
   7.93387081e-01   7.93387081e-01   7.93387081e-01   8.71643939e-01
   8.71643939e-01   8.71643939e-01   9.36757536e-01   9.36757536e-01
   1.02084670e+00   1.02084670e+00   1.02084670e+00   1.05046211e+00
   1.17822629e+00   1.17822629e+00   1.17822629e+00   1.31052649e+00
   1.47527895e+00   1.47527895e+00   1.47527895e+00   1.54910599e+00
   1.54910599e+00   1.54910599e+00   1.59373826e+00   2.00459701e+00
   2.00459701e+00   2.08884246e+00   2.08884246e+00   2.08884246e+00
   2.10134025e+00   2.10134025e+00   2.10134025e+00   2.24456047e+00
   2.24456047e+00   2.36390048e+00   2.36390048e+00   2.36390048e+00
   2.52288358e+00   2.52288358e+00   2.52288358e+00   2.58834243e+00
   2.58834243e+00   2.58834243e+00   2.65748149e+00   2.65748149e+00
   2.70405518e+00   3.03390109e+00   3.03390109e+00   3.03390109e+00
   3.13905856e+00   3.18798382e+00   3.18798382e+00   3.19565528e+00
   3.19565528e+00   3.19565528e+00   3.32319681e+00   3.32319681e+00
   3.32319681e+00   3.38104520e+00   3.38104520e+00   3.38104520e+00
   3.38758971e+00   3.40524860e+00   3.40524860e+00   3.40524860e+00
   3.79989973e+00   3.79989973e+00   3.87152587e+00   3.87152587e+00
   3.87152587e+00   4.00961110e+00   4.00961110e+00   4.00961110e+00
   4.11668363e+00   4.34259937e+00   4.34259937e+00   4.34259937e+00
   4.70167209e+00   4.86281512e+00   4.86281512e+00   4.86281512e+00
   7.34859588e+00   7.34859588e+00   7.34859588e+00   7.35399749e+00
   7.35399749e+00   7.35399749e+00   7.35448449e+00   7.36576150e+00
   7.36941881e+00   7.36941881e+00   7.36941881e+00   7.37732447e+00
   7.37732447e+00   7.40000148e+00   7.40000148e+00   7.40000148e+00
   7.46267701e+00   7.46267701e+00   7.46267701e+00   7.51020969e+00
   7.51020969e+00   7.51476311e+00   7.51476311e+00   7.51476311e+00
   7.57355827e+00   7.69065527e+00   7.69065527e+00   7.69065527e+00
   8.85704647e+00   8.85704647e+00   8.85704647e+00   8.89286387e+00
   8.89286387e+00   8.93476832e+00   8.93476832e+00   8.93476832e+00
   9.16302604e+00   9.16302604e+00   9.22190443e+00   9.22190443e+00
   9.22190443e+00   9.26313730e+00   9.31298259e+00   9.31298259e+00
   9.31298259e+00   9.54831826e+00   9.54831826e+00   9.54831826e+00
   5.86989322e+01   5.87412985e+01   5.87412985e+01   5.87412985e+01]
    CPU time for scf_cycle     19.25 sec, wall time     19.27 sec
    CPU time for SCF     19.25 sec, wall time     19.27 sec
converged SCF energy = -1246.62377747454
RHF E = -1246.62377747
RHF eps = [ -1.83552195e+02  -2.63212400e+01  -2.63212400e+01  -2.63212400e+01
  -2.63212376e+01  -2.17566046e+01  -1.81201601e+01  -1.81201601e+01
  -1.81201601e+01  -3.14567547e+00  -2.06999186e+00  -2.06999186e+00
  -2.06999186e+00  -1.59466674e+00  -1.57500924e+00  -1.57500924e+00
  -1.57500924e+00  -7.22139609e-01  -7.22139609e-01  -7.22139609e-01
  -7.09093575e-01  -7.09093575e-01  -7.04204188e-01  -6.80852566e-01
  -6.80852566e-01  -6.80852566e-01  -6.60881268e-01  -6.60881268e-01
  -6.60881268e-01   4.57884157e-02   4.57884157e-02   5.34842362e-02
   7.54039685e-02   7.54039685e-02   7.54039685e-02   1.43243069e-01
   1.43243069e-01   1.43243069e-01   1.85289882e-01   1.85289882e-01
   1.92204599e-01   1.92204599e-01   1.92204599e-01   2.50316096e-01
   4.90714763e-01   4.90714763e-01   4.90714763e-01   6.43971524e-01
   6.43971524e-01   6.43971524e-01   6.67284782e-01   7.04235142e-01
   7.04235142e-01   7.82322059e-01   7.82322059e-01   7.82322059e-01
   7.93387081e-01   7.93387081e-01   7.93387081e-01   8.71643939e-01
   8.71643939e-01   8.71643939e-01   9.36757536e-01   9.36757536e-01
   1.02084670e+00   1.02084670e+00   1.02084670e+00   1.05046211e+00
   1.17822629e+00   1.17822629e+00   1.17822629e+00   1.31052649e+00
   1.47527895e+00   1.47527895e+00   1.47527895e+00   1.54910599e+00
   1.54910599e+00   1.54910599e+00   1.59373826e+00   2.00459701e+00
   2.00459701e+00   2.08884246e+00   2.08884246e+00   2.08884246e+00
   2.10134025e+00   2.10134025e+00   2.10134025e+00   2.24456047e+00
   2.24456047e+00   2.36390048e+00   2.36390048e+00   2.36390048e+00
   2.52288358e+00   2.52288358e+00   2.52288358e+00   2.58834243e+00
   2.58834243e+00   2.58834243e+00   2.65748149e+00   2.65748149e+00
   2.70405518e+00   3.03390109e+00   3.03390109e+00   3.03390109e+00
   3.13905856e+00   3.18798382e+00   3.18798382e+00   3.19565528e+00
   3.19565528e+00   3.19565528e+00   3.32319681e+00   3.32319681e+00
   3.32319681e+00   3.38104520e+00   3.38104520e+00   3.38104520e+00
   3.38758971e+00   3.40524860e+00   3.40524860e+00   3.40524860e+00
   3.79989973e+00   3.79989973e+00   3.87152587e+00   3.87152587e+00
   3.87152587e+00   4.00961110e+00   4.00961110e+00   4.00961110e+00
   4.11668363e+00   4.34259937e+00   4.34259937e+00   4.34259937e+00
   4.70167209e+00   4.86281512e+00   4.86281512e+00   4.86281512e+00
   7.34859588e+00   7.34859588e+00   7.34859588e+00   7.35399749e+00
   7.35399749e+00   7.35399749e+00   7.35448449e+00   7.36576150e+00
   7.36941881e+00   7.36941881e+00   7.36941881e+00   7.37732447e+00
   7.37732447e+00   7.40000148e+00   7.40000148e+00   7.40000148e+00
   7.46267701e+00   7.46267701e+00   7.46267701e+00   7.51020969e+00
   7.51020969e+00   7.51476311e+00   7.51476311e+00   7.51476311e+00
   7.57355827e+00   7.69065527e+00   7.69065527e+00   7.69065527e+00
   8.85704647e+00   8.85704647e+00   8.85704647e+00   8.89286387e+00
   8.89286387e+00   8.93476832e+00   8.93476832e+00   8.93476832e+00
   9.16302604e+00   9.16302604e+00   9.22190443e+00   9.22190443e+00
   9.22190443e+00   9.26313730e+00   9.31298259e+00   9.31298259e+00
   9.31298259e+00   9.54831826e+00   9.54831826e+00   9.54831826e+00
   5.86989322e+01   5.87412985e+01   5.87412985e+01   5.87412985e+01]
    CPU time for transforming oopq     28.06 sec, wall time     28.06 sec
    CPU time for transforming ovpq     32.80 sec, wall time     32.80 sec
MO integrals cint2e_sph are saved in <HDF5 file "tmpyhYysN" (mode r+)>/eri_mo
num. MO ints = 6.3912896e+08, required disk 5113.0317 MB
step1: tmpfile /tmp/tmpn0ZyAt  3593.138 MB
step1: (ij,kl) = (25281,17766), mem cache 4000 MB, iobuf 800 MB
    CPU time for Initializing ao2mo.outcore.half_e1      0.07 sec, wall time      0.06 sec
step 1 [1/5], AO [0:411], len(buf) = 3951
      fill iobuf micro [1/1], AO [0:411], len(aobuf) = 3951
    CPU time for gen AO/transform MO [1/5]     11.12 sec, wall time     11.14 sec
step 1 [2/5], AO [411:817], len(buf) = 3952
      fill iobuf micro [1/1], AO [411:817], len(aobuf) = 3952
    CPU time for gen AO/transform MO [2/5]     10.43 sec, wall time     10.43 sec
step 1 [3/5], AO [817:1300], len(buf) = 3947
      fill iobuf micro [1/1], AO [817:1300], len(aobuf) = 3947
    CPU time for gen AO/transform MO [3/5]      9.97 sec, wall time      9.96 sec
step 1 [4/5], AO [1300:1845], len(buf) = 3931
      fill iobuf micro [1/1], AO [1300:1845], len(aobuf) = 3931
    CPU time for gen AO/transform MO [4/5]      9.78 sec, wall time      9.79 sec
step 1 [5/5], AO [1845:1953], len(buf) = 1985
      fill iobuf micro [1/1], AO [1845:1953], len(aobuf) = 1985
    CPU time for gen AO/transform MO [5/5]      5.21 sec, wall time      5.21 sec
    CPU time for AO->MO transformation for cint2e_sph 1 pass     47.27 sec, wall time     47.28 sec
step2: kl-pair (ao 17766, mo 25281), mem 272.88576 MB, ioblock 388.31616 MB
step 2 [1/14], [0,0:1920], row = 1920
step 2 [1/14] CPU time:      2.60, Wall time:      2.61
step 2 [2/14], [0,1920:3840], row = 1920
step 2 [2/14] CPU time:      2.61, Wall time:      2.61
step 2 [3/14], [0,3840:5760], row = 1920
step 2 [3/14] CPU time:      2.61, Wall time:      2.61
step 2 [4/14], [0,5760:7680], row = 1920
step 2 [4/14] CPU time:      2.62, Wall time:      2.62
step 2 [5/14], [0,7680:9600], row = 1920
step 2 [5/14] CPU time:      2.62, Wall time:      2.63
step 2 [6/14], [0,9600:11520], row = 1920
step 2 [6/14] CPU time:      2.62, Wall time:      2.63
step 2 [7/14], [0,11520:13440], row = 1920
step 2 [7/14] CPU time:      2.62, Wall time:      2.62
step 2 [8/14], [0,13440:15360], row = 1920
step 2 [8/14] CPU time:      2.66, Wall time:      2.77
step 2 [9/14], [0,15360:17280], row = 1920
step 2 [9/14] CPU time:      2.69, Wall time:      2.77
step 2 [10/14], [0,17280:19200], row = 1920
step 2 [10/14] CPU time:      2.67, Wall time:      2.68
step 2 [11/14], [0,19200:21120], row = 1920
step 2 [11/14] CPU time:      2.72, Wall time:      2.72
step 2 [12/14], [0,21120:23040], row = 1920
step 2 [12/14] CPU time:      2.72, Wall time:      2.78
step 2 [13/14], [0,23040:24960], row = 1920
step 2 [13/14] CPU time:      2.53, Wall time:      2.66
step 2 [14/14], [0,24960:25281], row = 321
step 2 [14/14] CPU time:      0.74, Wall time:      0.74
    CPU time for AO->MO transformation for cint2e_sph 2 pass     35.10 sec, wall time     35.51 sec
    CPU time for AO->MO transformation for cint2e_sph      82.37 sec, wall time     82.79 sec
    CPU time for transforming vvvv     95.49 sec, wall time    107.35 sec
    CPU time for CCSD integral transformation    157.23 sec, wall time    169.10 sec

******** <class 'pyscf.cc.linrccsd.LinRCCSD'> flags ********
CCSD nocc = 20, nvir = 159
frozen orbitals [0, 1, 2, 3, 4, 5, 6, 7, 8]
max_cycle = 50
direct = 0
conv_tol = 1e-07
conv_tol_normt = 1e-05
diis_space = 6
diis_start_cycle = 0
diis_start_energy_diff = 1e+09
Init t2, MP2 energy = -1.43127286645855
    CPU time for init mp2      0.30 sec, wall time      0.30 sec
    CPU time for update t1 t2     47.82 sec, wall time     47.86 sec
istep = 0  E(CCSD) = -1.39031038546541  dE = -1.39031039  norm(t1,t2) = 0.243885
    CPU time for CCSD iter     48.10 sec, wall time     48.13 sec
    CPU time for update t1 t2     47.80 sec, wall time     47.82 sec
DIIS for step 1
istep = 1  E(CCSD) = -1.47193399757561  dE = -0.0816236121  norm(t1,t2) = 0.154648
    CPU time for CCSD iter     48.10 sec, wall time     48.13 sec
    CPU time for update t1 t2     47.77 sec, wall time     47.78 sec
diis-c [-0.01171263  1.        ]
DIIS for step 2
istep = 2  E(CCSD) = -1.44141986651032  dE = 0.0305141311  norm(t1,t2) = 0.146194
    CPU time for CCSD iter     48.45 sec, wall time     48.47 sec
    CPU time for update t1 t2     48.02 sec, wall time     48.05 sec
diis-c [ -5.57604048e-04   4.02364826e-01   5.97635174e-01]
DIIS for step 3
istep = 3  E(CCSD) = -1.46325228246456  dE = -0.021832416  norm(t1,t2) = 0.10472
    CPU time for CCSD iter     48.85 sec, wall time     48.87 sec
    CPU time for update t1 t2     48.46 sec, wall time     48.48 sec
diis-c [ -6.99130042e-05  -8.73928524e-01  -8.08829984e-01   2.68275851e+00]
DIIS for step 4
istep = 4  E(CCSD) = -1.47431659914219  dE = -0.0110643167  norm(t1,t2) = 0.0257962
    CPU time for CCSD iter     49.41 sec, wall time     49.44 sec
    CPU time for update t1 t2     49.02 sec, wall time     49.04 sec
diis-c [ -2.56745737e-05  -2.57922747e-02  -1.91758797e-02  -5.28148039e-02
   1.09778296e+00]
DIIS for step 5
istep = 5  E(CCSD) = -1.47420109098479  dE = 0.000115508157  norm(t1,t2) = 0.0078597
    CPU time for CCSD iter     50.20 sec, wall time     50.23 sec
    CPU time for update t1 t2     49.26 sec, wall time     49.27 sec
diis-c [ -9.10524742e-06   4.88987549e-01   4.69491637e-01  -1.45702497e+00
  -3.75101068e-01   1.87364685e+00]
DIIS for step 6
istep = 6  E(CCSD) = -1.47378227123001  dE = 0.000418819755  norm(t1,t2) = 0.00536042
    CPU time for CCSD iter     50.74 sec, wall time     50.76 sec
    CPU time for update t1 t2     50.49 sec, wall time     50.51 sec
diis-c [ -3.25782702e-06  -3.63196998e-01  -3.51102914e-01   1.08291890e+00
   2.27415236e-01  -1.67920867e+00   2.08317444e+00]
DIIS for step 7
istep = 7  E(CCSD) = -1.47449106319016  dE = -0.00070879196  norm(t1,t2) = 0.00306342
    CPU time for CCSD iter     52.17 sec, wall time     52.19 sec
    CPU time for update t1 t2     50.53 sec, wall time     50.57 sec
diis-c [ -1.38826041e-06   1.48687495e+00  -1.62484039e-03   1.68864034e-02
   6.47991891e-02  -2.36451515e-01  -3.30484182e-01]
DIIS for step 8
istep = 8  E(CCSD) = -1.47428946711765  dE = 0.000201596073  norm(t1,t2) = 0.00183622
    CPU time for CCSD iter     52.15 sec, wall time     52.19 sec
    CPU time for update t1 t2     50.55 sec, wall time     50.57 sec
diis-c [ -1.88471062e-07   2.94262391e-01   1.13060816e+00  -1.29747994e-03
   3.76030490e-02   8.89962381e-02  -5.50172355e-01]
DIIS for step 9
istep = 9  E(CCSD) = -1.47445663424677  dE = -0.000167167129  norm(t1,t2) = 0.000935605
    CPU time for CCSD iter     52.15 sec, wall time     52.17 sec
    CPU time for update t1 t2     50.43 sec, wall time     50.45 sec
diis-c [ -3.30461519e-08  -3.83536956e-01  -5.21694146e-01   1.62619583e+00
  -5.90899675e-02   2.70551511e-02   3.11070091e-01]
DIIS for step 10
istep = 10  E(CCSD) = -1.47443317531029  dE = 2.34589365e-05  norm(t1,t2) = 0.000363053
    CPU time for CCSD iter     52.02 sec, wall time     52.05 sec
    CPU time for update t1 t2     50.39 sec, wall time     50.41 sec
diis-c [ -1.03695240e-08  -4.39644693e-02  -1.65817949e-01   7.31385289e-02
   1.08013712e+00  -2.90151408e-03   5.94082862e-02]
DIIS for step 11
istep = 11  E(CCSD) = -1.47442285689347  dE = 1.03184168e-05  norm(t1,t2) = 0.000161598
    CPU time for CCSD iter     52.00 sec, wall time     52.02 sec
    CPU time for update t1 t2     50.37 sec, wall time     50.40 sec
diis-c [ -3.06423242e-09   5.20512534e-02   3.91930517e-02  -2.22358878e-01
   1.45287295e-01   1.01788573e+00  -3.20584503e-02]
DIIS for step 12
istep = 12  E(CCSD) = -1.4744256132817  dE = -2.75638823e-06  norm(t1,t2) = 9.40159e-05
    CPU time for CCSD iter     51.98 sec, wall time     52.02 sec
    CPU time for update t1 t2     50.45 sec, wall time     50.46 sec
diis-c [ -1.02540870e-09   2.25182258e-03   1.14640987e-03   3.33339081e-02
  -3.67283723e-01  -3.38937115e-02   1.36444529e+00]
DIIS for step 13
istep = 13  E(CCSD) = -1.47442999074143  dE = -4.37745973e-06  norm(t1,t2) = 5.65224e-05
    CPU time for CCSD iter     52.07 sec, wall time     52.09 sec
    CPU time for update t1 t2     50.34 sec, wall time     50.37 sec
diis-c [ -4.84747104e-10   1.13116322e+00  -1.05404089e-02   7.86196057e-02
  -1.71527384e-01  -1.67549049e-01   1.39834020e-01]
DIIS for step 14
istep = 14  E(CCSD) = -1.47442920770735  dE = 7.8303408e-07  norm(t1,t2) = 3.44454e-05
    CPU time for CCSD iter     51.95 sec, wall time     51.98 sec
    CPU time for update t1 t2     50.19 sec, wall time     50.21 sec
diis-c [ -1.79128989e-10  -9.00928046e-01   2.12787643e+00  -1.52631498e-02
   8.84784119e-02   1.48224204e-01  -4.48387851e-01]
DIIS for step 15
istep = 15  E(CCSD) = -1.47442692554567  dE = 2.28216169e-06  norm(t1,t2) = 2.38741e-05
    CPU time for CCSD iter     51.76 sec, wall time     51.79 sec
    CPU time for update t1 t2     49.98 sec, wall time     50.00 sec
diis-c [ -6.86047053e-11  -3.51509821e-01   2.32972773e-01   1.07717278e+00
  -7.00859029e-03   3.78786258e-02   1.04942326e-02]
DIIS for step 16
istep = 16  E(CCSD) = -1.47442668523311  dE = 2.40312557e-07  norm(t1,t2) = 1.28626e-05
    CPU time for CCSD iter     51.54 sec, wall time     51.56 sec
    CPU time for update t1 t2     49.89 sec, wall time     49.92 sec
diis-c [ -1.63736802e-11   7.62401030e-02  -4.96194504e-01  -1.29512978e-01
   1.49349475e+00  -2.76026775e-02   8.35753077e-02]
DIIS for step 17
istep = 17  E(CCSD) = -1.47442616287098  dE = 5.22362126e-07  norm(t1,t2) = 7.80501e-06
    CPU time for CCSD iter     51.46 sec, wall time     51.48 sec
    CPU time for update t1 t2     49.77 sec, wall time     49.79 sec
diis-c [ -4.94204677e-12   4.56474794e-02   1.74124162e-01  -2.61248208e-01
  -2.50209741e-01   1.31174063e+00  -2.00543200e-02]
DIIS for step 18
istep = 18  E(CCSD) = -1.47442653014484  dE = -3.67273862e-07  norm(t1,t2) = 3.75348e-06
    CPU time for CCSD iter     51.32 sec, wall time     51.35 sec
    CPU time for update t1 t2     49.69 sec, wall time     49.71 sec
diis-c [ -1.44259604e-12  -2.84647865e-02   7.62916056e-02  -1.03076469e-01
  -1.72698541e-01   1.80273538e-01   1.04767465e+00]
DIIS for step 19
istep = 19  E(CCSD) = -1.47442685937657  dE = -3.29231722e-07  norm(t1,t2) = 2.27337e-06
    CPU time for CCSD iter     51.24 sec, wall time     51.26 sec
    CPU time for update t1 t2     49.62 sec, wall time     49.65 sec
diis-c [ -8.17179657e-13   1.00109507e+00   7.92436150e-03  -1.06469943e-03
  -3.34545071e-02  -1.91805643e-01   2.17305416e-01]
DIIS for step 20
istep = 20  E(CCSD) = -1.4744269039735  dE = -4.45969375e-08  norm(t1,t2) = 1.37537e-06
    CPU time for CCSD iter     51.17 sec, wall time     51.20 sec
    CPU time for CCSD   1068.83 sec, wall time   1069.36 sec
CCSD converged
E(linCCSD) = -1248.098204378512  E_corr = -1.474426903973505
    CPU time for EOM-CCSD shared one-electron intermediates      4.52 sec, wall time      4.52 sec
    CPU time for EOM-CCSD IP intermediates     20.68 sec, wall time     20.69 sec
tol 1e-07  toloose 0.000316228
max_cycle 50  max_space 38  max_memory 2000  incore True
davidson 0 6  |r|= 0.507  e= [ 0.75496733  0.75496733  0.75496733  0.76983383  0.76983383  0.76983383]  max|de|= 0.77  lindep=    1
davidson 1 12  |r|= 0.0597  e= [ 0.54277159  0.54277159  0.54277159  0.5663339   0.5663339   0.5663339 ]  max|de|= -0.212  lindep= 0.88
davidson 2 18  |r|= 0.0189  e= [ 0.54021493  0.54021493  0.54021493  0.56341141  0.56341141  0.56341141]  max|de|= -0.00292  lindep= 0.753
davidson 3 24  |r|= 0.00247  e= [ 0.54021619  0.54021619  0.54021619  0.56285501  0.56285501  0.56285501]  max|de|= -0.000556  lindep= 0.735
root 0 converged  |r|= 1.12e-11  e= 0.540216192961  max|de|= 5.55e-16
root 1 converged  |r|= 1.12e-11  e= 0.540216192961  max|de|= 9.99e-16
root 2 converged  |r|= 1.12e-11  e= 0.540216192961  max|de|= 2.33e-15
davidson 4 27  |r|= 0.00365  e= [ 0.54021619  0.54021619  0.54021619  0.56282006  0.56282006  0.56282006]  max|de|= -3.49e-05  lindep= 0.887
davidson 5 30  |r|= 0.00168  e= [ 0.54021619  0.54021619  0.54021619  0.56282318  0.56282318  0.56282318]  max|de|= 3.13e-06  lindep= 0.927
davidson 6 33  |r|= 0.000469  e= [ 0.54021619  0.54021619  0.54021619  0.56279379  0.56279379  0.56279379]  max|de|= -2.94e-05  lindep= 0.978
root 0 converged  |r|= 1.12e-11  e= 0.540216192961  max|de|= -8.88e-15
root 1 converged  |r|= 1.12e-11  e= 0.540216192961  max|de|= 6.22e-15
root 2 converged  |r|= 1.12e-11  e= 0.540216192961  max|de|= 2.33e-15
davidson 7 6  |r|= 0.000469  e= [ 0.54021619  0.54021619  0.54021619  0.56279379  0.56279379  0.56279379]  max|de|= -8.88e-15  lindep=    1
davidson 8 9  |r|= 9.67e-05  e= [ 0.54021619  0.54021619  0.54021619  0.5627933   0.5627933   0.5627933 ]  max|de|= -4.93e-07  lindep=    1
davidson 9 12  |r|= 2.52e-05  e= [ 0.54021619  0.54021619  0.54021619  0.56279306  0.56279306  0.56279306]  max|de|= -2.33e-07  lindep= 0.996
davidson 10 15  |r|= 1.02e-05  e= [ 0.54021619  0.54021619  0.54021619  0.56279323  0.56279323  0.56279323]  max|de|= 1.63e-07  lindep= 0.788
davidson 11 18  |r|= 1.1e-05  e= [ 0.54021619  0.54021619  0.54021619  0.5627929   0.5627929   0.5627929 ]  max|de|= -3.32e-07  lindep= 0.942
davidson 12 21  |r|= 1.13e-05  e= [ 0.54021619  0.54021619  0.54021619  0.56279309  0.56279309  0.56279309]  max|de|= 1.93e-07  lindep= 0.638
root 3 converged  |r|= 1.83e-06  e= 0.562793080909  max|de|= -6.91e-09
root 4 converged  |r|= 1.83e-06  e= 0.562793080909  max|de|= -6.91e-09
root 5 converged  |r|= 1.83e-06  e= 0.562793080909  max|de|= -6.91e-09
converge 13 24  |r|= 1.83e-06  e= [ 0.54021619  0.54021619  0.54021619  0.56279308  0.56279308  0.56279308]  max|de|= -6.91e-09
IP root 0 E = 0.5402161929605209  qpwt = 0.912376
IP root 1 E = 0.540216192960525  qpwt = 0.912376
IP root 2 E = 0.5402161929605384  qpwt = 0.912376
IP root 3 E = 0.562793080908578  qpwt = 0.91328
IP root 4 E = 0.5627930809085823  qpwt = 0.91328
IP root 5 E = 0.56279308090859  qpwt = 0.91328
    CPU time for IP-CCSD     27.26 sec, wall time     27.27 sec
    CPU time for EOM-CCSD shared one-electron intermediates      4.51 sec, wall time      4.52 sec
    CPU time for EOM-CCSD EA intermediates    481.51 sec, wall time    483.90 sec
tol 1e-07  toloose 0.000316228
max_cycle 50  max_space 38  max_memory 2000  incore True
davidson 0 6  |r|= 0.567  e= [ 0.15942804  0.15942804  0.0592089   0.17772587  0.17772587  0.17772587]  max|de|= 0.178  lindep=    1
davidson 1 12  |r|= 0.617  e= [-0.05102863 -0.05102863  0.04040605  0.09651469  0.09651469  0.26574808]  max|de|= -0.21  lindep= 0.473
davidson 2 18  |r|= 0.256  e= [-0.06551393 -0.06551393  0.03695788 -0.00394762 -0.00399147  0.04898564]  max|de|= -0.217  lindep= 0.599
davidson 3 24  |r|= 0.0622  e= [-0.0658005  -0.0658005   0.03658522 -0.01926414 -0.01926819 -0.0166401 ]  max|de|= -0.0656  lindep= 0.86
davidson 4 30  |r|= 0.0285  e= [-0.06575013 -0.06575013  0.03653721 -0.02020888 -0.02020886 -0.01995884]  max|de|= -0.00332  lindep= 0.946
davidson 5 36  |r|= 0.00671  e= [-0.06575776 -0.06575776  0.03652908 -0.0202564  -0.02025641 -0.02019554]  max|de|= -0.000237  lindep= 0.804
root 0 converged  |r|= 0.000202  e= -0.0657577642341  max|de|= 1.32e-15
root 1 converged  |r|= 0.000202  e= -0.0657577642342  max|de|= -1.94e-15
root 2 converged  |r|= 0.000171  e= 0.0365290754725  max|de|= 1.2e-15
davidson 6 6  |r|= 0.00671  e= [-0.06575776 -0.06575776  0.03652908 -0.0202564  -0.02025641 -0.02019554]  max|de|= -3.8e-15  lindep= 0.991
davidson 7 9  |r|= 0.00202  e= [-0.06575776 -0.06575776  0.03652908 -0.02022647 -0.02022653 -0.02017584]  max|de|= 2.99e-05  lindep= 0.952
davidson 8 12  |r|= 0.000521  e= [-0.06575776 -0.06575776  0.03652908 -0.0202583  -0.02025829 -0.02029776]  max|de|= -0.000122  lindep= 0.872
davidson 9 15  |r|= 0.000216  e= [-0.06575776 -0.06575776  0.03652908 -0.02024963 -0.02024963 -0.02023167]  max|de|= 6.61e-05  lindep= 0.724
davidson 10 18  |r|= 5.64e-05  e= [-0.06575776 -0.06575776  0.03652908 -0.02025307 -0.02025307 -0.02025488]  max|de|= -2.32e-05  lindep= 0.778
davidson 11 21  |r|= 8.54e-06  e= [-0.06575776 -0.06575776  0.03652908 -0.02025224 -0.02025224 -0.02025212]  max|de|= 2.76e-06  lindep= 0.755
davidson 12 24  |r|= 1.48e-06  e= [-0.06575776 -0.06575776  0.03652908 -0.02025256 -0.02025256 -0.02025255]  max|de|= -4.27e-07  lindep= 0.754
root 3 converged  |r|= 1.61e-07  e= -0.0202525009266  max|de|= 6.09e-08
root 4 converged  |r|= 2.86e-07  e= -0.0202525011163  max|de|= 6.06e-08
root 5 converged  |r|= 1.61e-07  e= -0.0202525009237  max|de|= 4.45e-08
converge 13 27  |r|= 2.86e-07  e= [-0.06575776 -0.06575776  0.03652908 -0.0202525  -0.0202525  -0.0202525 ]  max|de|= 6.09e-08
EA root 0 E = -0.06575776423411381  qpwt = 0.929747
EA root 1 E = -0.06575776423418983  qpwt = 0.929747
EA root 2 E = 0.03652907547251869  qpwt = 0.992126
EA root 3 E = -0.02025250092657175  qpwt = 0.933132
EA root 4 E = -0.02025250111634827  qpwt = 0.933132
EA root 5 E = -0.02025250092373024  qpwt = 0.933132
    CPU time for EA-CCSD    728.38 sec, wall time    730.93 sec
