

******** <class 'pyscf.scf.hf.RHF'> flags ********
method = RHF
initial guess = minao
damping factor = 0
level shift factor = 0
Do DIIS = True
DIIS start cycle = 1
DIIS space = 8
SCF tol = 1e-09
SCF gradient tol = None
max. SCF cycles = 50
direct_scf = True
direct_scf_tol = 1e-13
chkfile to save SCF result = /tmp/tmpxDw91y
max_memory 4000 MB (current use 39 MB)
Set gradient conv threshold to 3.16228e-05
Nelec from initial guess = 83.6567
cond(S) = 1103.36463386
E_coul = 1059.91328858869
init E= -1002.40444105257
    CPU time for initialize scf     23.00 sec, wall time     23.04 sec
  HOMO = -1.45289481860176  LUMO = -1.04591458756755
  mo_energy =
[ -5.93638506e+01  -9.74363835e+00  -9.74316785e+00  -9.74316715e+00
  -7.58116342e+00  -7.58084125e+00  -7.58084055e+00  -7.57607724e+00
  -7.57607659e+00  -7.57602974e+00  -7.57544157e+00  -7.57542062e+00
  -7.57542000e+00  -5.81659439e+00  -4.26813284e+00  -4.26784683e+00
  -4.26784614e+00  -4.26620265e+00  -4.26620198e+00  -4.26605968e+00
  -4.26571887e+00  -4.26565984e+00  -4.26565918e+00  -4.26210246e+00
  -4.26210183e+00  -4.26207942e+00  -4.26207779e+00  -4.26207032e+00
  -4.26206972e+00  -4.11763887e+00  -4.11763877e+00  -4.10690622e+00
  -2.21601028e+00  -2.15329713e+00  -2.15329626e+00  -1.65255923e+00
  -1.52361900e+00  -1.52361883e+00  -1.47734270e+00  -1.47112677e+00
  -1.47112599e+00  -1.46089649e+00  -1.46089588e+00  -1.45289482e+00
  -1.04591459e+00  -8.51062933e-01  -8.05592156e-01  -8.05590937e-01
  -6.60520173e-01  -6.60519804e-01  -6.58491306e-01  -6.50758941e-01
  -6.50758919e-01  -6.27339355e-01  -5.83828891e-01  -5.83828413e-01
  -5.80187393e-01  -5.80187110e-01  -5.66486231e-01  -5.65548147e-01
  -5.42781119e-01  -5.42780191e-01  -4.98754889e-01  -4.62954331e-01
  -4.48907818e-01  -4.48907616e-01  -4.30539521e-01  -4.30539499e-01
  -4.22988585e-01  -3.91141210e-01  -3.91140948e-01  -3.83225266e-01
  -3.55244489e-01  -3.45923330e-01  -3.12823473e-01  -3.12823202e-01
  -3.10614510e-01  -3.10400024e-01  -3.10399658e-01  -2.39416470e-01
  -2.39416318e-01  -1.92070825e-01  -1.92070506e-01  -1.83201181e-01
  -1.53769260e-01  -1.53769089e-01  -1.45080335e-01  -1.26911877e-01
  -1.24830065e-01  -1.24829868e-01  -1.24268693e-01  -1.19006023e-01
  -1.16911930e-01  -1.16911335e-01  -1.16400818e-01  -1.14460137e-01
  -1.14459957e-01  -1.12049503e-01  -6.44559410e-02  -6.44554505e-02
  -3.85006339e-02  -3.84999786e-02  -1.07018273e-02   2.42568905e-03
   2.42591866e-03   9.19151752e-02   9.41941435e-02   9.41947134e-02
   1.58468907e-01   1.58469048e-01   2.07434497e-01   2.28797559e-01
   2.28799097e-01   2.55243777e-01   2.55244445e-01   2.66020084e-01
   2.87676891e-01   3.39823530e-01   3.39824697e-01   3.46405046e-01
   3.92141068e-01   3.92142040e-01   4.14564031e-01   4.27785878e-01
   4.29005805e-01   4.29310083e-01   4.29311305e-01   4.67608718e-01
   4.67609218e-01   5.04418623e-01   5.04419538e-01   5.20691067e-01
   5.32117813e-01   5.42366135e-01   5.42366746e-01   5.85729485e-01
   5.85730114e-01   6.35044184e-01   6.35045722e-01   6.59471947e-01
   7.48498414e-01   1.30999977e+00   1.62876755e+00   1.62877003e+00
   1.69350580e+00   1.70039512e+00   1.70039570e+00   1.70080629e+00
   1.70160235e+00   1.70317047e+00   1.70317102e+00   1.73128870e+00
   1.73128917e+00   1.74576089e+00   1.74576140e+00   1.75239733e+00
   1.85048902e+00   1.85049024e+00   1.85227742e+00   1.85227843e+00
   1.85351310e+00   1.89246326e+00   2.00634532e+00   2.07385217e+00
   2.07385380e+00   2.65211821e+00   2.65211932e+00   2.66486970e+00
   2.90560939e+00   2.90561104e+00   3.10500985e+00   3.10501309e+00
   3.18176822e+00   6.95327727e+00   9.02667149e+00   9.36894684e+00
   9.36894698e+00   3.21619931e+01   3.21632006e+01   3.21632012e+01
   3.21682790e+01   3.21991807e+01   3.21991816e+01   3.22686606e+01
   3.22686617e+01   3.23114894e+01   4.04753595e+01   4.04753595e+01
   4.05409274e+01   1.15550302e+02   1.15550302e+02   1.15566898e+02]
E_coul = 1245.00559830175
cycle= 1 E= -1129.37026963942  delta_E= -127  |g|= 4.62  |ddm|= 33.7
    CPU time for cycle= 1      0.88 sec, wall time      0.89 sec
diis-norm(errvec)=6.7732
diis-c [-45.87617705   1.        ]
  HOMO = -0.160270086093412  LUMO = 0.0541617487677924
  mo_energy =
[ -5.87884550e+01  -6.90592285e+00  -6.90592119e+00  -6.90591134e+00
  -5.14164337e+00  -4.79039087e+00  -4.79038928e+00  -4.79031651e+00
  -4.78172966e+00  -4.78172799e+00  -4.78172016e+00  -4.78093299e+00
  -4.78092243e+00  -4.78092101e+00  -3.46214925e+00  -3.45512595e+00
  -3.45512591e+00  -1.54874197e+00  -1.54852871e+00  -1.54852714e+00
  -1.54418921e+00  -1.54418193e+00  -1.54418056e+00  -1.54342808e+00
  -1.54342653e+00  -1.54335369e+00  -1.53465172e+00  -1.53464994e+00
  -1.53464740e+00  -1.53464315e+00  -1.53464007e+00  -1.53463899e+00
  -6.93050212e-01  -6.43449015e-01  -6.43447858e-01  -3.90718491e-01
  -2.68578410e-01  -2.68578201e-01  -2.32667430e-01  -1.91363811e-01
  -1.91362882e-01  -1.89006192e-01  -1.89005352e-01  -1.60270086e-01
   5.41617488e-02   9.56789775e-02   1.74763018e-01   1.74763677e-01
   1.79133985e-01   2.28273180e-01   2.32209022e-01   2.32209100e-01
   2.44309278e-01   2.61850069e-01   2.61850318e-01   2.77056133e-01
   2.77057110e-01   3.12967521e-01   3.12967842e-01   3.36912155e-01
   3.36912252e-01   3.39860912e-01   3.49904289e-01   3.77234176e-01
   4.51635294e-01   4.51635595e-01   4.77158552e-01   4.77159578e-01
   4.88467475e-01   5.58393424e-01   5.89832605e-01   5.89833850e-01
   5.91992454e-01   5.94505345e-01   6.03016738e-01   6.26750231e-01
   6.26751220e-01   6.49153043e-01   6.49153715e-01   7.77181421e-01
   7.77182340e-01   8.00898762e-01   8.00899536e-01   8.46790511e-01
   8.99942063e-01   8.99943413e-01   9.21449820e-01   9.21450647e-01
   9.22027753e-01   9.62260631e-01   9.96256754e-01   9.96258217e-01
   1.01492572e+00   1.01492647e+00   1.04214532e+00   1.07967797e+00
   1.39229556e+00   1.41120808e+00   1.41120865e+00   1.41196805e+00
   1.41196913e+00   1.41237040e+00   1.41259837e+00   1.42387223e+00
   1.42387259e+00   1.43960128e+00   1.45377849e+00   1.45377892e+00
   1.50875404e+00   1.50875452e+00   1.52337991e+00   1.57531007e+00
   1.57531111e+00   1.58958162e+00   1.58958167e+00   1.60488601e+00
   1.65800923e+00   1.66205312e+00   1.71646629e+00   1.71646660e+00
   1.76066079e+00   1.76066308e+00   1.83072965e+00   1.91307317e+00
   1.91307691e+00   1.92461318e+00   1.99469682e+00   1.99469815e+00
   1.99720524e+00   2.01180975e+00   2.01385093e+00   2.01385201e+00
   2.05570668e+00   2.05570862e+00   2.06847875e+00   2.08747260e+00
   2.08747355e+00   2.11484931e+00   2.16550789e+00   2.16550970e+00
   2.18506220e+00   2.23991607e+00   2.62247394e+00   2.62247538e+00
   3.32767837e+00   3.32767887e+00   3.36289439e+00   3.56331936e+00
   3.56332459e+00   4.12544953e+00   4.13482910e+00   4.13483052e+00
   4.13498570e+00   4.13498688e+00   4.13507267e+00   4.13541082e+00
   4.14268982e+00   4.14269060e+00   4.15490521e+00   4.15490586e+00
   4.15671883e+00   4.21611373e+00   4.21752071e+00   4.22811542e+00
   4.22811646e+00   4.23489993e+00   4.23490028e+00   4.30374907e+00
   4.40982228e+00   4.40982369e+00   5.33338508e+00   5.33338513e+00
   5.40977678e+00   7.68987766e+00   9.67166728e+00   1.00467269e+01
   1.00467270e+01   3.62543102e+01   3.62555681e+01   3.62555696e+01
   3.62612071e+01   3.62925000e+01   3.62925001e+01   3.63601111e+01
   3.63601131e+01   3.64039956e+01   4.45702434e+01   4.45702443e+01
   4.46350363e+01   1.19813780e+02   1.19813782e+02   1.19830204e+02]
E_coul = 1182.38561627117
cycle= 2 E= -1131.55004864054  delta_E= -2.18  |g|=  2.2  |ddm|= 8.49
    CPU time for cycle= 2      0.91 sec, wall time      0.90 sec
diis-norm(errvec)=3.10088
diis-c [-4.14118269  0.26587767  0.73412233]
  HOMO = -0.364547279853787  LUMO = 0.05731566215349
  mo_energy =
[ -5.84470614e+01  -7.78080886e+00  -7.78080861e+00  -7.78080658e+00
  -5.62788623e+00  -5.62788599e+00  -5.62787422e+00  -5.62481712e+00
  -5.62481688e+00  -5.62481158e+00  -5.62373753e+00  -5.62373392e+00
  -5.62373367e+00  -4.87987807e+00  -3.19339084e+00  -3.19203190e+00
  -3.19203186e+00  -2.31617012e+00  -2.31616992e+00  -2.31615888e+00
  -2.31448068e+00  -2.31448047e+00  -2.31445175e+00  -2.31334616e+00
  -2.31331279e+00  -2.31331257e+00  -2.30969654e+00  -2.30968037e+00
  -2.30968017e+00  -2.30962668e+00  -2.30962648e+00  -2.30961145e+00
  -9.06152096e-01  -8.90023196e-01  -8.90022922e-01  -5.18040529e-01
  -4.28213607e-01  -4.28213527e-01  -3.97059812e-01  -3.81237525e-01
  -3.81237307e-01  -3.76019301e-01  -3.76019159e-01  -3.64547280e-01
   5.73156622e-02   6.03655363e-02   1.35354294e-01   1.35354438e-01
   1.62628002e-01   2.06090388e-01   2.06090949e-01   2.20834232e-01
   2.37139337e-01   2.37139942e-01   2.43641511e-01   2.43641623e-01
   2.51317939e-01   2.74504517e-01   2.74504727e-01   2.78955113e-01
   2.78955342e-01   2.88126464e-01   3.00685538e-01   3.54778331e-01
   3.54778853e-01   3.70276290e-01   3.72200022e-01   3.73228509e-01
   3.73229120e-01   4.78242340e-01   4.89107254e-01   5.00523188e-01
   5.00524744e-01   5.12539432e-01   5.55876000e-01   5.66541437e-01
   5.66542578e-01   5.76922003e-01   5.76922418e-01   7.15321610e-01
   7.15321858e-01   8.12779796e-01   8.12779992e-01   8.31833308e-01
   8.50432097e-01   8.50432820e-01   8.97269372e-01   9.09866071e-01
   9.09866100e-01   9.40167165e-01   9.63217236e-01   9.76735714e-01
   9.76736909e-01   9.91063862e-01   1.00388488e+00   1.00388641e+00
   1.10820174e+00   1.11816611e+00   1.11823033e+00   1.11823037e+00
   1.12024768e+00   1.12065060e+00   1.12065062e+00   1.15559092e+00
   1.15559140e+00   1.17151555e+00   1.18549936e+00   1.18550027e+00
   1.26055314e+00   1.26055423e+00   1.32212033e+00   1.34235197e+00
   1.34235344e+00   1.34757342e+00   1.34757372e+00   1.35999899e+00
   1.39298301e+00   1.41854504e+00   1.48246518e+00   1.48246796e+00
   1.48952715e+00   1.48952867e+00   1.56960347e+00   1.63536201e+00
   1.64581451e+00   1.64610653e+00   1.64610720e+00   1.67096375e+00
   1.67096399e+00   1.68400770e+00   1.68401027e+00   1.68824236e+00
   1.72942802e+00   1.74374862e+00   1.74374863e+00   1.76480342e+00
   1.76480437e+00   1.83078405e+00   1.83078522e+00   1.89636670e+00
   1.96076591e+00   2.24817914e+00   2.69909382e+00   2.69909400e+00
   3.44329251e+00   3.44329256e+00   3.44913511e+00   3.45093708e+00
   3.45093807e+00   3.45454115e+00   3.45499893e+00   3.45499908e+00
   3.45513988e+00   3.45637997e+00   3.45638001e+00   3.48457240e+00
   3.48927688e+00   3.48927814e+00   3.49376520e+00   3.49608464e+00
   3.49608609e+00   3.56858351e+00   3.60424116e+00   3.60424344e+00
   3.65028200e+00   3.66968394e+00   3.67131842e+00   3.67132125e+00
   4.00997523e+00   4.00997914e+00   4.74693230e+00   4.74693409e+00
   4.82587780e+00   7.89376109e+00   9.93239989e+00   1.02962205e+01
   1.02962205e+01   3.51271576e+01   3.51284470e+01   3.51284474e+01
   3.51343243e+01   3.51657832e+01   3.51657851e+01   3.52351359e+01
   3.52351360e+01   3.52792149e+01   4.34706589e+01   4.34706600e+01
   4.35356498e+01   1.18601168e+02   1.18601168e+02   1.18617596e+02]
E_coul = 1199.18761743572
cycle= 3 E= -1132.08998202546  delta_E= -0.54  |g|= 0.296  |ddm|= 2.18
    CPU time for cycle= 3      0.88 sec, wall time      0.89 sec
diis-norm(errvec)=0.567523
diis-c [-0.17487518  0.00898049  0.11830092  0.87271858]
  HOMO = -0.379494757588388  LUMO = 0.0182086707505234
  mo_energy =
[ -5.86329171e+01  -7.75570419e+00  -7.75570353e+00  -7.75570209e+00
  -5.60663503e+00  -5.60663442e+00  -5.60663013e+00  -5.60229905e+00
  -5.60229841e+00  -5.60229607e+00  -5.60151054e+00  -5.60150790e+00
  -5.60150738e+00  -5.03230103e+00  -3.34733825e+00  -3.34645234e+00
  -3.34645228e+00  -2.30070806e+00  -2.30070746e+00  -2.30069638e+00
  -2.29851430e+00  -2.29851371e+00  -2.29849148e+00  -2.29765077e+00
  -2.29763431e+00  -2.29763376e+00  -2.29286630e+00  -2.29285421e+00
  -2.29285365e+00  -2.29283140e+00  -2.29283081e+00  -2.29281975e+00
  -9.31431296e-01  -9.08032080e-01  -9.08031379e-01  -5.55477033e-01
  -4.60182250e-01  -4.60182119e-01  -4.23969765e-01  -4.01867211e-01
  -4.01866682e-01  -3.95905754e-01  -3.95905317e-01  -3.79494758e-01
   1.82086708e-02   2.59261068e-02   1.18347432e-01   1.18347746e-01
   1.35906223e-01   1.85415206e-01   1.85415535e-01   2.00351408e-01
   2.08426384e-01   2.08426558e-01   2.22905691e-01   2.22906170e-01
   2.32439664e-01   2.65954081e-01   2.65954161e-01   2.71372543e-01
   2.71372792e-01   2.82257414e-01   2.85777946e-01   3.34466850e-01
   3.39679878e-01   3.39680218e-01   3.59779502e-01   3.59780246e-01
   3.59879003e-01   4.63693700e-01   4.69621503e-01   4.82254672e-01
   4.82256334e-01   4.91905691e-01   5.30131592e-01   5.40290777e-01
   5.40291957e-01   5.57165596e-01   5.57166088e-01   6.89560952e-01
   6.89561391e-01   7.85521403e-01   7.85522293e-01   7.98918796e-01
   7.98919425e-01   8.04157529e-01   8.40673194e-01   8.54653494e-01
   8.54653747e-01   8.98704003e-01   9.10904701e-01   9.25796680e-01
   9.25797861e-01   9.41952020e-01   9.41953614e-01   9.46310245e-01
   1.10019398e+00   1.11385450e+00   1.11385499e+00   1.11400790e+00
   1.11508264e+00   1.11547877e+00   1.11547912e+00   1.14001414e+00
   1.14001475e+00   1.15724653e+00   1.16598959e+00   1.16599028e+00
   1.23530043e+00   1.23530140e+00   1.29078980e+00   1.32157385e+00
   1.32157539e+00   1.33408929e+00   1.33408962e+00   1.33939399e+00
   1.39149044e+00   1.40785137e+00   1.46717418e+00   1.46717521e+00
   1.48024274e+00   1.48024512e+00   1.56469705e+00   1.62731056e+00
   1.64764783e+00   1.64789750e+00   1.64789841e+00   1.65573376e+00
   1.65573654e+00   1.67350808e+00   1.67350817e+00   1.68307222e+00
   1.73344801e+00   1.74781208e+00   1.74781251e+00   1.75485311e+00
   1.75485330e+00   1.83052954e+00   1.83053086e+00   1.86849197e+00
   1.93070307e+00   2.13718758e+00   2.59582576e+00   2.59582595e+00
   3.35768275e+00   3.35768310e+00   3.40248768e+00   3.41842139e+00
   3.41842406e+00   3.45902490e+00   3.46552971e+00   3.46553025e+00
   3.46570344e+00   3.46624130e+00   3.46631299e+00   3.46631350e+00
   3.48818852e+00   3.48818854e+00   3.49624198e+00   3.49624241e+00
   3.49816281e+00   3.57532691e+00   3.60113990e+00   3.60114212e+00
   3.61207380e+00   3.63588076e+00   3.63588306e+00   3.67645670e+00
   3.94945124e+00   3.94945479e+00   4.75719121e+00   4.75719223e+00
   4.83700916e+00   7.75968452e+00   9.78176081e+00   1.01465663e+01
   1.01465664e+01   3.51813490e+01   3.51826177e+01   3.51826183e+01
   3.51883862e+01   3.52197806e+01   3.52197816e+01   3.52886964e+01
   3.52886975e+01   3.53323204e+01   4.35223489e+01   4.35223491e+01
   4.35876767e+01   1.18667261e+02   1.18667261e+02   1.18683697e+02]
E_coul = 1199.49538270322
cycle= 4 E= -1132.10203524893  delta_E= -0.0121  |g|= 0.15  |ddm|= 0.34
    CPU time for cycle= 4      0.89 sec, wall time      0.89 sec
diis-norm(errvec)=0.298024
diis-c [-0.00424263 -0.00403356  0.02323885  0.37268974  0.60810496]
  HOMO = -0.373605126522631  LUMO = 0.0327408388166761
  mo_energy =
[ -5.85889788e+01  -7.74272074e+00  -7.74272025e+00  -7.74271874e+00
  -5.59424257e+00  -5.59424211e+00  -5.59423871e+00  -5.59015071e+00
  -5.59015022e+00  -5.59014832e+00  -5.58930993e+00  -5.58930753e+00
  -5.58930713e+00  -4.99507414e+00  -3.31034471e+00  -3.30892723e+00
  -3.30892717e+00  -2.28948685e+00  -2.28948639e+00  -2.28947543e+00
  -2.28738318e+00  -2.28738273e+00  -2.28736104e+00  -2.28646358e+00
  -2.28644727e+00  -2.28644684e+00  -2.28191427e+00  -2.28190203e+00
  -2.28190159e+00  -2.28187437e+00  -2.28187391e+00  -2.28186260e+00
  -9.19940781e-01  -8.98590313e-01  -8.98589683e-01  -5.45217994e-01
  -4.51124909e-01  -4.51124794e-01  -4.16001142e-01  -3.94736384e-01
  -3.94735911e-01  -3.89367184e-01  -3.89366806e-01  -3.73605127e-01
   3.27408388e-02   3.96019200e-02   1.26822620e-01   1.26822912e-01
   1.45351524e-01   1.92633086e-01   1.92633480e-01   2.06516064e-01
   2.20187691e-01   2.20187840e-01   2.28043601e-01   2.28044139e-01
   2.40315939e-01   2.70499241e-01   2.70499280e-01   2.75509248e-01
   2.75509491e-01   2.89111541e-01   2.89825791e-01   3.44092992e-01
   3.46067685e-01   3.46068038e-01   3.64874602e-01   3.65423659e-01
   3.65424378e-01   4.72111595e-01   4.73883544e-01   4.89547030e-01
   4.89548626e-01   4.98188559e-01   5.37982238e-01   5.49597341e-01
   5.49598516e-01   5.63463599e-01   5.63464098e-01   6.98544162e-01
   6.98544563e-01   8.04639374e-01   8.04640234e-01   8.06320527e-01
   8.06321086e-01   8.17693097e-01   8.54181450e-01   8.71821514e-01
   8.71821717e-01   9.14063108e-01   9.26300774e-01   9.40551431e-01
   9.40552583e-01   9.59490475e-01   9.59492057e-01   9.60207389e-01
   1.10728513e+00   1.12007185e+00   1.12007229e+00   1.12018278e+00
   1.12148418e+00   1.12189936e+00   1.12189967e+00   1.14917435e+00
   1.14917494e+00   1.16608407e+00   1.17623302e+00   1.17623378e+00
   1.24768350e+00   1.24768449e+00   1.30407843e+00   1.33231171e+00
   1.33231319e+00   1.34418686e+00   1.34418716e+00   1.34894235e+00
   1.39959749e+00   1.41638404e+00   1.47739149e+00   1.47739261e+00
   1.48665622e+00   1.48665865e+00   1.56981895e+00   1.63604639e+00
   1.65412056e+00   1.65412145e+00   1.65428688e+00   1.66929569e+00
   1.66929842e+00   1.67957472e+00   1.67957476e+00   1.69013073e+00
   1.73823140e+00   1.75292158e+00   1.75292195e+00   1.76256919e+00
   1.76256925e+00   1.83683586e+00   1.83683714e+00   1.88221149e+00
   1.94620183e+00   2.16477195e+00   2.62401870e+00   2.62401885e+00
   3.38530539e+00   3.38530575e+00   3.43030899e+00   3.43872145e+00
   3.43872393e+00   3.46889772e+00   3.47515102e+00   3.47515146e+00
   3.47530628e+00   3.47585115e+00   3.47596694e+00   3.47596734e+00
   3.49960793e+00   3.49960811e+00   3.50622483e+00   3.50622538e+00
   3.50811467e+00   3.58533288e+00   3.61251810e+00   3.61252037e+00
   3.62630735e+00   3.65041474e+00   3.65041716e+00   3.68619900e+00
   3.96934232e+00   3.96934594e+00   4.76699090e+00   4.76699204e+00
   4.84627153e+00   7.79351176e+00   9.81779277e+00   1.01834415e+01
   1.01834416e+01   3.51990375e+01   3.52003110e+01   3.52003114e+01
   3.52060929e+01   3.52374995e+01   3.52375007e+01   3.53065843e+01
   3.53065852e+01   3.53504379e+01   4.35394503e+01   4.35394506e+01
   4.36045718e+01   1.18686696e+02   1.18686696e+02   1.18703129e+02]
E_coul = 1198.71561252427
cycle= 5 E= -1132.10524090015  delta_E= -0.00321  |g|= 0.0106  |ddm|= 0.0979
    CPU time for cycle= 5      0.88 sec, wall time      0.89 sec
diis-norm(errvec)=0.0213729
diis-c [ -2.42423438e-04   8.93518522e-04  -7.36012969e-03  -6.94335712e-02
  -7.30231559e-02   1.14892334e+00]
  HOMO = -0.37375018377753  LUMO = 0.0337698724985639
  mo_energy =
[ -5.85832698e+01  -7.74339441e+00  -7.74339401e+00  -7.74339253e+00
  -5.59500755e+00  -5.59500717e+00  -5.59500389e+00  -5.59099089e+00
  -5.59099048e+00  -5.59098868e+00  -5.59014176e+00  -5.59013942e+00
  -5.59013908e+00  -4.99179529e+00  -3.30714846e+00  -3.30568795e+00
  -3.30568790e+00  -2.29033259e+00  -2.29033220e+00  -2.29032240e+00
  -2.28825383e+00  -2.28825345e+00  -2.28823252e+00  -2.28732740e+00
  -2.28731220e+00  -2.28731184e+00  -2.28283653e+00  -2.28282475e+00
  -2.28282437e+00  -2.28279556e+00  -2.28279517e+00  -2.28278423e+00
  -9.19518888e-01  -8.98208387e-01  -8.98207782e-01  -5.44834730e-01
  -4.51248585e-01  -4.51248475e-01  -4.15893008e-01  -3.94809449e-01
  -3.94808989e-01  -3.89569265e-01  -3.89568916e-01  -3.73750184e-01
   3.37698725e-02   4.09570468e-02   1.27339535e-01   1.27339821e-01
   1.45829961e-01   1.93050219e-01   1.93050622e-01   2.06711198e-01
   2.20543612e-01   2.20543769e-01   2.28116609e-01   2.28117138e-01
   2.40497250e-01   2.70657910e-01   2.70657942e-01   2.75712929e-01
   2.75713168e-01   2.89343517e-01   2.90090744e-01   3.44472153e-01
   3.46232973e-01   3.46233338e-01   3.64921269e-01   3.65516671e-01
   3.65517387e-01   4.72245324e-01   4.74039877e-01   4.89731403e-01
   4.89733000e-01   4.98306393e-01   5.38329294e-01   5.50074754e-01
   5.50075923e-01   5.63628916e-01   5.63629409e-01   6.98887941e-01
   6.98888346e-01   8.05330131e-01   8.05330989e-01   8.06659261e-01
   8.06659800e-01   8.18210042e-01   8.54599635e-01   8.72379556e-01
   8.72379751e-01   9.14568025e-01   9.26511755e-01   9.41010146e-01
   9.41011312e-01   9.60045961e-01   9.60047549e-01   9.60696360e-01
   1.10726566e+00   1.11995638e+00   1.11995679e+00   1.12006475e+00
   1.12136951e+00   1.12180006e+00   1.12180036e+00   1.14921111e+00
   1.14921169e+00   1.16615528e+00   1.17626687e+00   1.17626764e+00
   1.24783935e+00   1.24784035e+00   1.30422861e+00   1.33267130e+00
   1.33267280e+00   1.34431866e+00   1.34431898e+00   1.34921800e+00
   1.39962821e+00   1.41651361e+00   1.47754502e+00   1.47754615e+00
   1.48674886e+00   1.48675131e+00   1.56995873e+00   1.63617792e+00
   1.65399130e+00   1.65399217e+00   1.65412339e+00   1.66957545e+00
   1.66957816e+00   1.67945259e+00   1.67945261e+00   1.69021023e+00
   1.73815963e+00   1.75280928e+00   1.75280962e+00   1.76269940e+00
   1.76269950e+00   1.83672757e+00   1.83672883e+00   1.88246342e+00
   1.94633518e+00   2.16613587e+00   2.62570933e+00   2.62570947e+00
   3.38664466e+00   3.38664500e+00   3.43157348e+00   3.43930317e+00
   3.43930563e+00   3.46816062e+00   3.47437187e+00   3.47437226e+00
   3.47452466e+00   3.47507104e+00   3.47519378e+00   3.47519413e+00
   3.49912697e+00   3.49912722e+00   3.50552308e+00   3.50552369e+00
   3.50740129e+00   3.58470101e+00   3.61208086e+00   3.61208315e+00
   3.62617697e+00   3.65036800e+00   3.65037047e+00   3.68559778e+00
   3.97014613e+00   3.97014979e+00   4.76673313e+00   4.76673433e+00
   4.84605035e+00   7.79627069e+00   9.82083668e+00   1.01867571e+01
   1.01867571e+01   3.51982921e+01   3.51995658e+01   3.51995661e+01
   3.52053516e+01   3.52367590e+01   3.52367602e+01   3.53058329e+01
   3.53058337e+01   3.53496702e+01   4.35387403e+01   4.35387407e+01
   4.36038815e+01   1.18685807e+02   1.18685807e+02   1.18702239e+02]
E_coul = 1198.73016961521
cycle= 6 E= -1132.1052943135  delta_E= -5.34e-05  |g|= 0.00263  |ddm|= 0.0259
    CPU time for cycle= 6      0.89 sec, wall time      0.89 sec
diis-norm(errvec)=0.00596953
diis-c [ -1.35358833e-05   1.97172821e-04  -1.61450781e-03  -2.19582604e-02
  -2.92894569e-02  -8.52177569e-02   1.13788281e+00]
  HOMO = -0.373996209134707  LUMO = 0.0334528976207913
  mo_energy =
[ -5.85858098e+01  -7.74398233e+00  -7.74398189e+00  -7.74398043e+00
  -5.59561950e+00  -5.59561908e+00  -5.59561581e+00  -5.59156795e+00
  -5.59156750e+00  -5.59156570e+00  -5.59072314e+00  -5.59072080e+00
  -5.59072043e+00  -4.99321450e+00  -3.30860516e+00  -3.30717863e+00
  -3.30717857e+00  -2.29090634e+00  -2.29090592e+00  -2.29089655e+00
  -2.28881480e+00  -2.28881439e+00  -2.28879374e+00  -2.28789279e+00
  -2.28787794e+00  -2.28787755e+00  -2.28336643e+00  -2.28335486e+00
  -2.28335445e+00  -2.28332606e+00  -2.28332563e+00  -2.28331489e+00
  -9.19735748e-01  -8.98395745e-01  -8.98395127e-01  -5.45172350e-01
  -4.51639549e-01  -4.51639429e-01  -4.16058535e-01  -3.95063089e-01
  -3.95062623e-01  -3.89850523e-01  -3.89850169e-01  -3.73996209e-01
   3.34528976e-02   4.08339388e-02   1.27157734e-01   1.27158024e-01
   1.45569722e-01   1.92877286e-01   1.92877682e-01   2.06503843e-01
   2.20211024e-01   2.20211178e-01   2.27898356e-01   2.27898886e-01
   2.40300304e-01   2.70568013e-01   2.70568048e-01   2.75610909e-01
   2.75611150e-01   2.89351661e-01   2.89912343e-01   3.44166447e-01
   3.46057981e-01   3.46058341e-01   3.64792460e-01   3.65331270e-01
   3.65331988e-01   4.71979678e-01   4.73870897e-01   4.89481775e-01
   4.89483372e-01   4.98040647e-01   5.38042505e-01   5.49831923e-01
   5.49833095e-01   5.63392224e-01   5.63392721e-01   6.98616736e-01
   6.98617141e-01   8.04764625e-01   8.04765484e-01   8.06455535e-01
   8.06456085e-01   8.17864217e-01   8.54105731e-01   8.71894346e-01
   8.71894545e-01   9.14197450e-01   9.25981279e-01   9.40529267e-01
   9.40530428e-01   9.59508267e-01   9.59509852e-01   9.60282978e-01
   1.10705322e+00   1.11979509e+00   1.11979551e+00   1.11990499e+00
   1.12119984e+00   1.12163076e+00   1.12163107e+00   1.14893602e+00
   1.14893661e+00   1.16589040e+00   1.17597001e+00   1.17597077e+00
   1.24750426e+00   1.24750526e+00   1.30382053e+00   1.33233415e+00
   1.33233564e+00   1.34403942e+00   1.34403974e+00   1.34887123e+00
   1.39945675e+00   1.41627753e+00   1.47721006e+00   1.47721118e+00
   1.48651026e+00   1.48651270e+00   1.56969909e+00   1.63588806e+00
   1.65377656e+00   1.65377745e+00   1.65391647e+00   1.66917639e+00
   1.66917909e+00   1.67925570e+00   1.67925570e+00   1.68995286e+00
   1.73791900e+00   1.75258875e+00   1.75258910e+00   1.76238885e+00
   1.76238893e+00   1.83648952e+00   1.83649079e+00   1.88205478e+00
   1.94596616e+00   2.16517690e+00   2.62485455e+00   2.62485470e+00
   3.38570281e+00   3.38570316e+00   3.43059818e+00   3.43861873e+00
   3.43862118e+00   3.46767834e+00   3.47392892e+00   3.47392934e+00
   3.47408265e+00   3.47462811e+00   3.47474994e+00   3.47475032e+00
   3.49860864e+00   3.49860886e+00   3.50503754e+00   3.50503811e+00
   3.50691824e+00   3.58420722e+00   3.61155946e+00   3.61156174e+00
   3.62553524e+00   3.64974859e+00   3.64975104e+00   3.68512300e+00
   3.96947831e+00   3.96948195e+00   4.76634197e+00   4.76634314e+00
   4.84565995e+00   7.79509119e+00   9.81931512e+00   1.01852885e+01
   1.01852886e+01   3.51975082e+01   3.51987816e+01   3.51987819e+01
   3.52045658e+01   3.52359721e+01   3.52359732e+01   3.53050359e+01
   3.53050368e+01   3.53488753e+01   4.35379723e+01   4.35379727e+01
   4.36031106e+01   1.18684944e+02   1.18684944e+02   1.18701377e+02]
E_coul = 1198.75088426817
cycle= 7 E= -1132.1052988466  delta_E= -4.53e-06  |g|= 0.000673  |ddm|= 0.00648
    CPU time for cycle= 7      0.88 sec, wall time      0.89 sec
diis-norm(errvec)=0.00146191
diis-c [ -8.00858255e-07  -1.17132170e-04   8.81365193e-04   8.68221460e-03
   9.18859398e-03  -7.87297716e-02  -1.03197436e-01   1.16329217e+00]
  HOMO = -0.373977488465676  LUMO = 0.0335008289271784
  mo_energy =
[ -5.85851178e+01  -7.74386807e+00  -7.74386764e+00  -7.74386619e+00
  -5.59550912e+00  -5.59550873e+00  -5.59550544e+00  -5.59144771e+00
  -5.59144728e+00  -5.59144546e+00  -5.59060460e+00  -5.59060227e+00
  -5.59060191e+00  -4.99282872e+00  -3.30820253e+00  -3.30678609e+00
  -3.30678604e+00  -2.29079760e+00  -2.29079720e+00  -2.29078786e+00
  -2.28870190e+00  -2.28870150e+00  -2.28868087e+00  -2.28778191e+00
  -2.28776709e+00  -2.28776671e+00  -2.28324368e+00  -2.28323214e+00
  -2.28323174e+00  -2.28320357e+00  -2.28320316e+00  -2.28319244e+00
  -9.19692506e-01  -8.98358300e-01  -8.98357689e-01  -5.45126801e-01
  -4.51586483e-01  -4.51586366e-01  -4.16005238e-01  -3.95027316e-01
  -3.95026853e-01  -3.89834825e-01  -3.89834477e-01  -3.73977488e-01
   3.35008289e-02   4.08947253e-02   1.27168813e-01   1.27169101e-01
   1.45585385e-01   1.92899986e-01   1.92900385e-01   2.06514158e-01
   2.20239674e-01   2.20239831e-01   2.27891057e-01   2.27891584e-01
   2.40320789e-01   2.70575673e-01   2.70575705e-01   2.75621673e-01
   2.75621913e-01   2.89371917e-01   2.89925244e-01   3.44202629e-01
   3.46080799e-01   3.46081163e-01   3.64810593e-01   3.65348227e-01
   3.65348945e-01   4.72000731e-01   4.73888922e-01   4.89502535e-01
   4.89504133e-01   4.98069991e-01   5.38079075e-01   5.49869244e-01
   5.49870414e-01   5.63413518e-01   5.63414012e-01   6.98643103e-01
   6.98643510e-01   8.04834749e-01   8.04835609e-01   8.06487502e-01
   8.06488046e-01   8.17910516e-01   8.54170695e-01   8.71946938e-01
   8.71947135e-01   9.14239820e-01   9.26023662e-01   9.40575520e-01
   9.40576686e-01   9.59566436e-01   9.59568024e-01   9.60326077e-01
   1.10709546e+00   1.11984455e+00   1.11984497e+00   1.11995452e+00
   1.12124905e+00   1.12167959e+00   1.12167989e+00   1.14897974e+00
   1.14898033e+00   1.16593364e+00   1.17601628e+00   1.17601704e+00
   1.24755400e+00   1.24755500e+00   1.30387248e+00   1.33239002e+00
   1.33239151e+00   1.34407991e+00   1.34408023e+00   1.34892850e+00
   1.39949112e+00   1.41632104e+00   1.47725793e+00   1.47725906e+00
   1.48654972e+00   1.48655216e+00   1.56974816e+00   1.63594257e+00
   1.65382706e+00   1.65382793e+00   1.65396708e+00   1.66923834e+00
   1.66924105e+00   1.67930788e+00   1.67930789e+00   1.69000516e+00
   1.73796241e+00   1.75263256e+00   1.75263291e+00   1.76244552e+00
   1.76244561e+00   1.83653205e+00   1.83653331e+00   1.88211155e+00
   1.94602154e+00   2.16536542e+00   2.62503607e+00   2.62503621e+00
   3.38591652e+00   3.38591687e+00   3.43081126e+00   3.43878123e+00
   3.43878368e+00   3.46777550e+00   3.47403711e+00   3.47403751e+00
   3.47419083e+00   3.47473596e+00   3.47485827e+00   3.47485863e+00
   3.49871652e+00   3.49871676e+00   3.50513484e+00   3.50513543e+00
   3.50701474e+00   3.58429911e+00   3.61165859e+00   3.61166088e+00
   3.62565700e+00   3.64987345e+00   3.64987591e+00   3.68520975e+00
   3.96963435e+00   3.96963800e+00   4.76641823e+00   4.76641942e+00
   4.84573781e+00   7.79539773e+00   9.81970157e+00   1.01856747e+01
   1.01856747e+01   3.51976547e+01   3.51989281e+01   3.51989284e+01
   3.52047113e+01   3.52361175e+01   3.52361187e+01   3.53051777e+01
   3.53051785e+01   3.53490168e+01   4.35381144e+01   4.35381148e+01
   4.36032532e+01   1.18685107e+02   1.18685108e+02   1.18701540e+02]
E_coul = 1198.74851056366
cycle= 8 E= -1132.10529913506  delta_E= -2.88e-07  |g|= 0.000158  |ddm|= 0.00144
    CPU time for cycle= 8      0.90 sec, wall time      0.89 sec
diis-norm(errvec)=0.000353019
diis-c [ -4.36485485e-08   1.54339802e-05  -1.18860915e-04  -1.10627122e-03
  -1.23596903e-03   2.50186535e-02  -2.29394536e-02  -3.33978215e-01
   1.33434468e+00]
  HOMO = -0.373968804300665  LUMO = 0.0335109911547061
  mo_energy =
[ -5.85851446e+01  -7.74383606e+00  -7.74383563e+00  -7.74383417e+00
  -5.59547787e+00  -5.59547747e+00  -5.59547419e+00  -5.59141265e+00
  -5.59141220e+00  -5.59141040e+00  -5.59057024e+00  -5.59056791e+00
  -5.59056755e+00  -4.99280534e+00  -3.30817612e+00  -3.30676019e+00
  -3.30676014e+00  -2.29076783e+00  -2.29076741e+00  -2.29075806e+00
  -2.28867042e+00  -2.28867002e+00  -2.28864937e+00  -2.28775135e+00
  -2.28773651e+00  -2.28773613e+00  -2.28320829e+00  -2.28319675e+00
  -2.28319635e+00  -2.28316831e+00  -2.28316788e+00  -2.28315717e+00
  -9.19685154e-01  -8.98351786e-01  -8.98351172e-01  -5.45129418e-01
  -4.51568082e-01  -4.51567963e-01  -4.15997416e-01  -3.95014207e-01
  -3.95013744e-01  -3.89829471e-01  -3.89829121e-01  -3.73968804e-01
   3.35109912e-02   4.08994999e-02   1.27170166e-01   1.27170456e-01
   1.45589727e-01   1.92906911e-01   1.92907308e-01   2.06516863e-01
   2.20250925e-01   2.20251080e-01   2.27891949e-01   2.27892478e-01
   2.40327210e-01   2.70578431e-01   2.70578465e-01   2.75626092e-01
   2.75626332e-01   2.89376400e-01   2.89930703e-01   3.44210398e-01
   3.46088596e-01   3.46088958e-01   3.64817065e-01   3.65354905e-01
   3.65355623e-01   4.72006453e-01   4.73895932e-01   4.89509827e-01
   4.89511425e-01   4.98077295e-01   5.38085826e-01   5.49876405e-01
   5.49877576e-01   5.63418743e-01   5.63419239e-01   6.98649323e-01
   6.98649728e-01   8.04853235e-01   8.04854095e-01   8.06492472e-01
   8.06493019e-01   8.17920936e-01   8.54185512e-01   8.71962617e-01
   8.71962814e-01   9.14253545e-01   9.26037743e-01   9.40588216e-01
   9.40589379e-01   9.59582537e-01   9.59584123e-01   9.60338763e-01
   1.10710758e+00   1.11986031e+00   1.11986073e+00   1.11997034e+00
   1.12126466e+00   1.12169500e+00   1.12169530e+00   1.14899226e+00
   1.14899284e+00   1.16594550e+00   1.17603007e+00   1.17603084e+00
   1.24756805e+00   1.24756906e+00   1.30388663e+00   1.33240106e+00
   1.33240255e+00   1.34409062e+00   1.34409094e+00   1.34893964e+00
   1.39950149e+00   1.41633198e+00   1.47727119e+00   1.47727231e+00
   1.48656167e+00   1.48656411e+00   1.56975754e+00   1.63595688e+00
   1.65384235e+00   1.65384323e+00   1.65398298e+00   1.66925341e+00
   1.66925611e+00   1.67932313e+00   1.67932313e+00   1.69001867e+00
   1.73797320e+00   1.75264368e+00   1.75264403e+00   1.76245770e+00
   1.76245779e+00   1.83654258e+00   1.83654385e+00   1.88212922e+00
   1.94603718e+00   2.16539484e+00   2.62506565e+00   2.62506580e+00
   3.38595165e+00   3.38595200e+00   3.43084631e+00   3.43881317e+00
   3.43881562e+00   3.46780443e+00   3.47407016e+00   3.47407057e+00
   3.47422393e+00   3.47476891e+00   3.47489128e+00   3.47489166e+00
   3.49874535e+00   3.49874557e+00   3.50516348e+00   3.50516406e+00
   3.50704344e+00   3.58432551e+00   3.61168481e+00   3.61168709e+00
   3.62568372e+00   3.64990147e+00   3.64990392e+00   3.68523410e+00
   3.96966204e+00   3.96966568e+00   4.76643873e+00   4.76643991e+00
   4.84575832e+00   7.79542205e+00   9.81972157e+00   1.01856955e+01
   1.01856955e+01   3.51976943e+01   3.51989677e+01   3.51989680e+01
   3.52047505e+01   3.52361567e+01   3.52361579e+01   3.53052149e+01
   3.53052157e+01   3.53490539e+01   4.35381520e+01   4.35381524e+01
   4.36032909e+01   1.18685148e+02   1.18685148e+02   1.18701581e+02]
E_coul = 1198.74791325502
cycle= 9 E= -1132.10529915628  delta_E= -2.12e-08  |g|= 3.78e-05  |ddm|= 0.00057
    CPU time for cycle= 9      0.88 sec, wall time      0.88 sec
diis-norm(errvec)=7.41413e-05
diis-c [ -2.30622990e-09   1.12149577e+00  -3.31444217e-05  -1.69788769e-04
  -1.26614099e-04   2.56540915e-04   6.11635259e-03  -2.56916187e-02
  -1.01847493e-01]
  HOMO = -0.37397321748912  LUMO = 0.0335061317929665
  mo_energy =
[ -5.85851145e+01  -7.74384705e+00  -7.74384663e+00  -7.74384517e+00
  -5.59548935e+00  -5.59548895e+00  -5.59548567e+00  -5.59142317e+00
  -5.59142273e+00  -5.59142092e+00  -5.59058100e+00  -5.59057867e+00
  -5.59057831e+00  -4.99279650e+00  -3.30816602e+00  -3.30675017e+00
  -3.30675011e+00  -2.29077910e+00  -2.29077869e+00  -2.29076933e+00
  -2.28868129e+00  -2.28868090e+00  -2.28866025e+00  -2.28776249e+00
  -2.28774765e+00  -2.28774727e+00  -2.28321837e+00  -2.28320683e+00
  -2.28320643e+00  -2.28317841e+00  -2.28317799e+00  -2.28316727e+00
  -9.19690213e-01  -8.98356746e-01  -8.98356135e-01  -5.45135076e-01
  -4.51570400e-01  -4.51570283e-01  -4.16001200e-01  -3.95017683e-01
  -3.95017221e-01  -3.89834279e-01  -3.89833931e-01  -3.73973217e-01
   3.35061318e-02   4.08944772e-02   1.27167153e-01   1.27167441e-01
   1.45586658e-01   1.92904831e-01   1.92905231e-01   2.06515066e-01
   2.20247763e-01   2.20247920e-01   2.27889799e-01   2.27890326e-01
   2.40325383e-01   2.70576833e-01   2.70576865e-01   2.75624412e-01
   2.75624652e-01   2.89375567e-01   2.89927916e-01   3.44208247e-01
   3.46085658e-01   3.46086022e-01   3.64814164e-01   3.65351782e-01
   3.65352500e-01   4.72003043e-01   4.73892897e-01   4.89506460e-01
   4.89508059e-01   4.98074089e-01   5.38082910e-01   5.49873467e-01
   5.49874637e-01   5.63415739e-01   5.63416234e-01   6.98646103e-01
   6.98646511e-01   8.04849188e-01   8.04850048e-01   8.06489068e-01
   8.06489612e-01   8.17917012e-01   8.54182237e-01   8.71958059e-01
   8.71958256e-01   9.14247903e-01   9.26033021e-01   9.40583926e-01
   9.40585092e-01   9.59578199e-01   9.59579787e-01   9.60334177e-01
   1.10710213e+00   1.11985576e+00   1.11985618e+00   1.11996581e+00
   1.12126001e+00   1.12169036e+00   1.12169067e+00   1.14898650e+00
   1.14898708e+00   1.16594001e+00   1.17602413e+00   1.17602489e+00
   1.24756200e+00   1.24756300e+00   1.30388106e+00   1.33239563e+00
   1.33239713e+00   1.34408543e+00   1.34408575e+00   1.34893390e+00
   1.39949710e+00   1.41632787e+00   1.47726624e+00   1.47726737e+00
   1.48655678e+00   1.48655922e+00   1.56975254e+00   1.63595124e+00
   1.65383715e+00   1.65383803e+00   1.65397782e+00   1.66924788e+00
   1.66925058e+00   1.67931822e+00   1.67931824e+00   1.69001355e+00
   1.73796782e+00   1.75263852e+00   1.75263887e+00   1.76245260e+00
   1.76245269e+00   1.83653718e+00   1.83653844e+00   1.88212226e+00
   1.94603087e+00   2.16539453e+00   2.62506424e+00   2.62506438e+00
   3.38595048e+00   3.38595082e+00   3.43084532e+00   3.43880745e+00
   3.43880990e+00   3.46779478e+00   3.47406145e+00   3.47406185e+00
   3.47421521e+00   3.47476015e+00   3.47488258e+00   3.47488294e+00
   3.49873640e+00   3.49873664e+00   3.50515401e+00   3.50515460e+00
   3.50703396e+00   3.58431589e+00   3.61167557e+00   3.61167786e+00
   3.62567650e+00   3.64989449e+00   3.64989695e+00   3.68522441e+00
   3.96965757e+00   3.96966122e+00   4.76643038e+00   4.76643157e+00
   4.84575001e+00   7.79542689e+00   9.81973189e+00   1.01857055e+01
   1.01857055e+01   3.51976817e+01   3.51989551e+01   3.51989554e+01
   3.52047378e+01   3.52361440e+01   3.52361452e+01   3.53052017e+01
   3.53052025e+01   3.53490407e+01   4.35381393e+01   4.35381397e+01
   4.36032781e+01   1.18685134e+02   1.18685134e+02   1.18701567e+02]
E_coul = 1198.74816083709
cycle= 10 E= -1132.10529915698  delta_E= -7e-10  |g|= 7.27e-06  |ddm|= 8.07e-05
    CPU time for cycle= 10      0.89 sec, wall time      0.89 sec
  HOMO = -0.373972449159453  LUMO = 0.0335078382622278
  mo_energy =
[ -5.85851137e+01  -7.74384586e+00  -7.74384543e+00  -7.74384397e+00
  -5.59548829e+00  -5.59548789e+00  -5.59548461e+00  -5.59142206e+00
  -5.59142162e+00  -5.59141981e+00  -5.59057992e+00  -5.59057759e+00
  -5.59057723e+00  -4.99279231e+00  -3.30816184e+00  -3.30674594e+00
  -3.30674589e+00  -2.29077817e+00  -2.29077777e+00  -2.29076840e+00
  -2.28868033e+00  -2.28867993e+00  -2.28865928e+00  -2.28776156e+00
  -2.28774672e+00  -2.28774634e+00  -2.28321737e+00  -2.28320583e+00
  -2.28320543e+00  -2.28317741e+00  -2.28317700e+00  -2.28316628e+00
  -9.19688646e-01  -8.98355394e-01  -8.98354782e-01  -5.45133350e-01
  -4.51568634e-01  -4.51568516e-01  -4.15999991e-01  -3.95016592e-01
  -3.95016130e-01  -3.89833475e-01  -3.89833126e-01  -3.73972449e-01
   3.35078383e-02   4.08959033e-02   1.27168217e-01   1.27168506e-01
   1.45587983e-01   1.92905860e-01   1.92906257e-01   2.06516071e-01
   2.20249430e-01   2.20249586e-01   2.27890616e-01   2.27891144e-01
   2.40326317e-01   2.70577376e-01   2.70577409e-01   2.75624950e-01
   2.75625189e-01   2.89375889e-01   2.89928956e-01   3.44209607e-01
   3.46086545e-01   3.46086909e-01   3.64814851e-01   3.65352569e-01
   3.65353287e-01   4.72004162e-01   4.73893583e-01   4.89507456e-01
   4.89509054e-01   4.98075111e-01   5.38084204e-01   5.49874843e-01
   5.49876014e-01   5.63416767e-01   5.63417263e-01   6.98647386e-01
   6.98647793e-01   8.04851949e-01   8.04852808e-01   8.06490172e-01
   8.06490718e-01   8.17918741e-01   8.54184487e-01   8.71960418e-01
   8.71960615e-01   9.14249800e-01   9.26035240e-01   9.40586110e-01
   9.40587274e-01   9.59580726e-01   9.59582312e-01   9.60336181e-01
   1.10710304e+00   1.11985659e+00   1.11985701e+00   1.11996663e+00
   1.12126085e+00   1.12169121e+00   1.12169152e+00   1.14898761e+00
   1.14898820e+00   1.16594116e+00   1.17602537e+00   1.17602613e+00
   1.24756342e+00   1.24756443e+00   1.30388273e+00   1.33239709e+00
   1.33239859e+00   1.34408663e+00   1.34408695e+00   1.34893528e+00
   1.39949789e+00   1.41632898e+00   1.47726769e+00   1.47726882e+00
   1.48655769e+00   1.48656014e+00   1.56975352e+00   1.63595236e+00
   1.65383789e+00   1.65383877e+00   1.65397854e+00   1.66924957e+00
   1.66925228e+00   1.67931892e+00   1.67931893e+00   1.69001455e+00
   1.73796857e+00   1.75263923e+00   1.75263958e+00   1.76245371e+00
   1.76245380e+00   1.83653791e+00   1.83653918e+00   1.88212393e+00
   1.94603248e+00   2.16539860e+00   2.62506821e+00   2.62506836e+00
   3.38595438e+00   3.38595472e+00   3.43084927e+00   3.43880993e+00
   3.43881238e+00   3.46779568e+00   3.47406238e+00   3.47406279e+00
   3.47421614e+00   3.47476108e+00   3.47488351e+00   3.47488389e+00
   3.49873759e+00   3.49873782e+00   3.50515496e+00   3.50515555e+00
   3.50703490e+00   3.58431684e+00   3.61167673e+00   3.61167902e+00
   3.62567823e+00   3.64989631e+00   3.64989876e+00   3.68522529e+00
   3.96966020e+00   3.96966384e+00   4.76643143e+00   4.76643261e+00
   4.84575105e+00   7.79543098e+00   9.81973571e+00   1.01857094e+01
   1.01857094e+01   3.51976831e+01   3.51989565e+01   3.51989568e+01
   3.52047392e+01   3.52361454e+01   3.52361466e+01   3.53052030e+01
   3.53052038e+01   3.53490421e+01   4.35381407e+01   4.35381410e+01
   4.36032795e+01   1.18685136e+02   1.18685136e+02   1.18701569e+02]
    CPU time for scf_cycle     31.90 sec, wall time     31.95 sec
    CPU time for SCF     31.90 sec, wall time     31.95 sec
converged SCF energy = -1132.10529915698
RHF E = -1132.10529916
RHF eps = [ -5.85851137e+01  -7.74384586e+00  -7.74384543e+00  -7.74384397e+00
  -5.59548829e+00  -5.59548789e+00  -5.59548461e+00  -5.59142206e+00
  -5.59142162e+00  -5.59141981e+00  -5.59057992e+00  -5.59057759e+00
  -5.59057723e+00  -4.99279231e+00  -3.30816184e+00  -3.30674594e+00
  -3.30674589e+00  -2.29077817e+00  -2.29077777e+00  -2.29076840e+00
  -2.28868033e+00  -2.28867993e+00  -2.28865928e+00  -2.28776156e+00
  -2.28774672e+00  -2.28774634e+00  -2.28321737e+00  -2.28320583e+00
  -2.28320543e+00  -2.28317741e+00  -2.28317700e+00  -2.28316628e+00
  -9.19688646e-01  -8.98355394e-01  -8.98354782e-01  -5.45133350e-01
  -4.51568634e-01  -4.51568516e-01  -4.15999991e-01  -3.95016592e-01
  -3.95016130e-01  -3.89833475e-01  -3.89833126e-01  -3.73972449e-01
   3.35078383e-02   4.08959033e-02   1.27168217e-01   1.27168506e-01
   1.45587983e-01   1.92905860e-01   1.92906257e-01   2.06516071e-01
   2.20249430e-01   2.20249586e-01   2.27890616e-01   2.27891144e-01
   2.40326317e-01   2.70577376e-01   2.70577409e-01   2.75624950e-01
   2.75625189e-01   2.89375889e-01   2.89928956e-01   3.44209607e-01
   3.46086545e-01   3.46086909e-01   3.64814851e-01   3.65352569e-01
   3.65353287e-01   4.72004162e-01   4.73893583e-01   4.89507456e-01
   4.89509054e-01   4.98075111e-01   5.38084204e-01   5.49874843e-01
   5.49876014e-01   5.63416767e-01   5.63417263e-01   6.98647386e-01
   6.98647793e-01   8.04851949e-01   8.04852808e-01   8.06490172e-01
   8.06490718e-01   8.17918741e-01   8.54184487e-01   8.71960418e-01
   8.71960615e-01   9.14249800e-01   9.26035240e-01   9.40586110e-01
   9.40587274e-01   9.59580726e-01   9.59582312e-01   9.60336181e-01
   1.10710304e+00   1.11985659e+00   1.11985701e+00   1.11996663e+00
   1.12126085e+00   1.12169121e+00   1.12169152e+00   1.14898761e+00
   1.14898820e+00   1.16594116e+00   1.17602537e+00   1.17602613e+00
   1.24756342e+00   1.24756443e+00   1.30388273e+00   1.33239709e+00
   1.33239859e+00   1.34408663e+00   1.34408695e+00   1.34893528e+00
   1.39949789e+00   1.41632898e+00   1.47726769e+00   1.47726882e+00
   1.48655769e+00   1.48656014e+00   1.56975352e+00   1.63595236e+00
   1.65383789e+00   1.65383877e+00   1.65397854e+00   1.66924957e+00
   1.66925228e+00   1.67931892e+00   1.67931893e+00   1.69001455e+00
   1.73796857e+00   1.75263923e+00   1.75263958e+00   1.76245371e+00
   1.76245380e+00   1.83653791e+00   1.83653918e+00   1.88212393e+00
   1.94603248e+00   2.16539860e+00   2.62506821e+00   2.62506836e+00
   3.38595438e+00   3.38595472e+00   3.43084927e+00   3.43880993e+00
   3.43881238e+00   3.46779568e+00   3.47406238e+00   3.47406279e+00
   3.47421614e+00   3.47476108e+00   3.47488351e+00   3.47488389e+00
   3.49873759e+00   3.49873782e+00   3.50515496e+00   3.50515555e+00
   3.50703490e+00   3.58431684e+00   3.61167673e+00   3.61167902e+00
   3.62567823e+00   3.64989631e+00   3.64989876e+00   3.68522529e+00
   3.96966020e+00   3.96966384e+00   4.76643143e+00   4.76643261e+00
   4.84575105e+00   7.79543098e+00   9.81973571e+00   1.01857094e+01
   1.01857094e+01   3.51976831e+01   3.51989565e+01   3.51989568e+01
   3.52047392e+01   3.52361454e+01   3.52361466e+01   3.53052030e+01
   3.53052038e+01   3.53490421e+01   4.35381407e+01   4.35381410e+01
   4.36032795e+01   1.18685136e+02   1.18685136e+02   1.18701569e+02]
    CPU time for transforming oopq     36.31 sec, wall time     36.34 sec
    CPU time for transforming ovpq     41.80 sec, wall time     41.83 sec
MO integrals cint2e_sph are saved in <HDF5 file "tmpmjCjQT" (mode r+)>/eri_mo
num. MO ints = 4.7978522e+08, required disk 3838.2817 MB
step1: tmpfile /tmp/tmp4vd7Wg  3246.6985 MB
step1: (ij,kl) = (21904,18528), mem cache 4000 MB, iobuf 800 MB
    CPU time for Initializing ao2mo.outcore.half_e1      0.11 sec, wall time      0.10 sec
step 1 [1/5], AO [0:566], len(buf) = 4565
      fill iobuf micro [1/1], AO [0:566], len(aobuf) = 4565
    CPU time for gen AO/transform MO [1/5]     13.10 sec, wall time     13.12 sec
step 1 [2/5], AO [566:1033], len(buf) = 4552
      fill iobuf micro [1/1], AO [566:1033], len(aobuf) = 4552
    CPU time for gen AO/transform MO [2/5]     14.09 sec, wall time     27.33 sec
step 1 [3/5], AO [1033:1678], len(buf) = 4564
      fill iobuf micro [1/1], AO [1033:1678], len(aobuf) = 4564
    CPU time for gen AO/transform MO [3/5]     12.16 sec, wall time     20.45 sec
step 1 [4/5], AO [1678:1943], len(buf) = 4560
      fill iobuf micro [1/1], AO [1678:1943], len(aobuf) = 4560
    CPU time for gen AO/transform MO [4/5]     12.66 sec, wall time     19.21 sec
step 1 [5/5], AO [1943:1953], len(buf) = 287
      fill iobuf micro [1/1], AO [1943:1953], len(aobuf) = 287
    CPU time for gen AO/transform MO [5/5]      1.56 sec, wall time      2.66 sec
    CPU time for AO->MO transformation for cint2e_sph 1 pass     54.36 sec, wall time     89.75 sec
step2: kl-pair (ao 18528, mo 21904), mem 332.02176 MB, ioblock 392.51968 MB
step 2 [1/10], [0,0:2240], row = 2240
step 2 [1/10] CPU time:      2.95, Wall time:      2.94
step 2 [2/10], [0,2240:4480], row = 2240
step 2 [2/10] CPU time:      2.83, Wall time:      8.04
step 2 [3/10], [0,4480:6720], row = 2240
step 2 [3/10] CPU time:      3.06, Wall time:      7.00
step 2 [4/10], [0,6720:8960], row = 2240
step 2 [4/10] CPU time:      2.98, Wall time:      4.96
step 2 [5/10], [0,8960:11200], row = 2240
step 2 [5/10] CPU time:      3.01, Wall time:      7.20
step 2 [6/10], [0,11200:13440], row = 2240
step 2 [6/10] CPU time:      3.08, Wall time:      6.40
step 2 [7/10], [0,13440:15680], row = 2240
step 2 [7/10] CPU time:      3.06, Wall time:      6.85
step 2 [8/10], [0,15680:17920], row = 2240
step 2 [8/10] CPU time:      3.06, Wall time:      6.70
step 2 [9/10], [0,17920:20160], row = 2240
step 2 [9/10] CPU time:      2.97, Wall time:      6.77
step 2 [10/10], [0,20160:21904], row = 1744
step 2 [10/10] CPU time:      2.27, Wall time:      5.80
    CPU time for AO->MO transformation for cint2e_sph 2 pass     29.71 sec, wall time     65.43 sec
    CPU time for AO->MO transformation for cint2e_sph      84.07 sec, wall time    155.19 sec
    CPU time for transforming vvvv     92.70 sec, wall time    250.99 sec
    CPU time for CCSD integral transformation    179.81 sec, wall time    338.15 sec

******** <class 'pyscf.cc.rccsd_slow.RCCSD'> flags ********
CCSD nocc = 27, nvir = 148
frozen orbitals [0, 1, 2, 3, 4, 5, 6, 7, 8, 9, 10, 11, 12, 13, 14, 15, 16]
max_cycle = 50
direct = 0
conv_tol = 1e-07
conv_tol_normt = 1e-05
diis_space = 6
diis_start_cycle = 0
diis_start_energy_diff = 1e+09
Init t2, MP2 energy = -1.55039808484124
    CPU time for init mp2      0.51 sec, wall time      3.45 sec
E(MBPT2) = -1133.655697241825  E_corr = -1.550398084841244
    CPU time for EOM-CCSD shared one-electron intermediates      6.89 sec, wall time     21.16 sec
    CPU time for EOM-CCSD shared two-electron intermediates     29.05 sec, wall time     35.70 sec
    CPU time for EOM-CCSD IP intermediates     42.72 sec, wall time     42.84 sec
tol 1e-07  toloose 0.000316228
max_cycle 50  max_space 38  max_memory 2000  incore True
davidson 0 6  |r|= 0.238  e= [ 0.43468903  0.44924792  0.44924831  0.45526145  0.455262    0.47275167]  max|de|= 0.473  lindep=    1
davidson 1 12  |r|= 0.051  e= [ 0.3681482   0.38540887  0.38492369  0.38909116  0.38918432  0.41035347]  max|de|= -0.0665  lindep= 0.949
davidson 2 18  |r|= 0.0131  e= [ 0.36746878  0.38386016  0.383926    0.38798301  0.38797708  0.40943689]  max|de|= -0.00155  lindep= 0.823
davidson 3 24  |r|= 0.003  e= [ 0.36773109  0.38426889  0.38427301  0.38833033  0.38832435  0.40978232]  max|de|= 0.000409  lindep= 0.796
davidson 4 30  |r|= 0.000954  e= [ 0.36773972  0.38429469  0.38429325  0.38836506  0.38836631  0.40980342]  max|de|= 4.2e-05  lindep= 0.943
davidson 5 36  |r|= 0.000452  e= [ 0.36773887  0.38429181  0.38429139  0.38835861  0.38835824  0.40980057]  max|de|= -8.07e-06  lindep= 0.686
root 0 converged  |r|= 9.65e-05  e= 0.367738865296  max|de|= 6.66e-16
root 1 converged  |r|= 0.000151  e= 0.384291806379  max|de|= -1.33e-15
root 2 converged  |r|= 0.000148  e= 0.384291385262  max|de|= -4.44e-16
root 5 converged  |r|= 0.000207  e= 0.409800568526  max|de|= 3.28e-15
davidson 6 6  |r|= 0.000452  e= [ 0.36773887  0.38429181  0.38429139  0.38835861  0.38835824  0.40980057]  max|de|= 3.28e-15  lindep=    1
davidson 7 8  |r|= 0.000239  e= [ 0.36773887  0.38429181  0.38429139  0.38835405  0.38835455  0.40980057]  max|de|= -4.57e-06  lindep= 0.817
davidson 8 10  |r|= 0.000197  e= [ 0.36773887  0.38429181  0.38429139  0.38835301  0.38835349  0.40980057]  max|de|= -1.06e-06  lindep= 0.765
davidson 9 12  |r|= 4.46e-05  e= [ 0.36773887  0.38429181  0.38429139  0.38835151  0.38835218  0.40980057]  max|de|= -1.51e-06  lindep= 0.868
davidson 10 14  |r|= 1.13e-05  e= [ 0.36773887  0.38429181  0.38429139  0.38835425  0.38835474  0.40980057]  max|de|= 2.74e-06  lindep= 0.584
davidson 11 16  |r|= 3.66e-06  e= [ 0.36773887  0.38429181  0.38429139  0.38835341  0.38835397  0.40980057]  max|de|= -8.4e-07  lindep= 0.711
root 4 converged  |r|= 1.16e-06  e= 0.388354023511  max|de|= 5.53e-08
davidson 12 18  |r|= 1.16e-06  e= [ 0.36773885  0.38429181  0.38429139  0.38835353  0.38835402  0.40980057]  max|de|= 1.2e-07  lindep= 0.959
root 3 converged  |r|= 2.71e-07  e= 0.388353486641  max|de|= -4.38e-08
converge 13 19  |r|= 2.71e-07  e= [ 0.36773885  0.38429181  0.38429139  0.38835349  0.38835402  0.40980057]  max|de|= -4.38e-08
IP root 0 E = 0.367738848629497  qpwt = 0.958331
IP root 1 E = 0.3842918063789979  qpwt = 0.95698
IP root 2 E = 0.3842913852622023  qpwt = 0.956981
IP root 3 E = 0.3883534866413885  qpwt = 0.957245
IP root 4 E = 0.3883540235110823  qpwt = 0.957245
IP root 5 E = 0.4098005685264881  qpwt = 0.95432
    CPU time for IP-CCSD    177.29 sec, wall time    198.47 sec
    CPU time for EOM-CCSD shared one-electron intermediates      6.55 sec, wall time      6.56 sec
    CPU time for EOM-CCSD EA intermediates    558.50 sec, wall time    614.07 sec
tol 1e-07  toloose 0.000316228
max_cycle 50  max_space 38  max_memory 2000  incore True
davidson 0 6  |r|= 0.27  e= [ 0.05101798  0.06030154  0.13971367  0.1388824   0.1577958   0.20461712]  max|de|= 0.205  lindep=    1
davidson 1 12  |r|= 0.0538  e= [-0.01003404 -0.00829503  0.09005184  0.08572928  0.10620529  0.15751977]  max|de|= -0.0686  lindep=  0.9
davidson 2 18  |r|= 0.0313  e= [-0.01378845 -0.01224831  0.08250362  0.08184062  0.10490975  0.15453047]  max|de|= -0.00755  lindep= 0.919
davidson 3 24  |r|= 0.0124  e= [-0.01361    -0.01207489  0.0822633   0.08188695  0.10498988  0.15444332]  max|de|= -0.00024  lindep= 0.769
davidson 4 30  |r|= 0.00604  e= [-0.01363613 -0.01214653  0.08186019  0.08180981  0.10496474  0.15430029]  max|de|= -0.000403  lindep= 0.839
davidson 5 36  |r|= 0.00178  e= [-0.01362951 -0.01213776  0.08181262  0.08180747  0.10496224  0.15426939]  max|de|= -4.76e-05  lindep= 0.707
root 0 converged  |r|= 0.000207  e= -0.0136295115047  max|de|= 5e-16
root 1 converged  |r|= 0.000249  e= -0.0121377610592  max|de|= 2.58e-15
davidson 6 6  |r|= 0.00178  e= [-0.01362951 -0.01213776  0.08181262  0.08180747  0.10496224  0.15426939]  max|de|= 2.58e-15  lindep=    1
davidson 7 10  |r|= 0.000592  e= [-0.01362951 -0.01213761  0.08181634  0.08181009  0.10496447  0.15426766]  max|de|= 3.72e-06  lindep= 0.887
davidson 8 14  |r|= 0.000229  e= [-0.01362951 -0.01213759  0.08180964  0.0818097   0.10496149  0.15426466]  max|de|= -6.7e-06  lindep= 0.586
davidson 9 18  |r|= 0.000127  e= [-0.01362951 -0.01213759  0.08180836  0.08180952  0.10496168  0.15426442]  max|de|= -1.28e-06  lindep= 0.398
root 3 converged  |r|= 3.83e-06  e= 0.0818095832256  max|de|= 6.4e-08
davidson 10 22  |r|= 6.38e-05  e= [-0.01362951 -0.01213757  0.08180918  0.08180958  0.10496252  0.15426487]  max|de|= 8.39e-07  lindep= 0.162
davidson 11 25  |r|= 5.22e-05  e= [-0.01362951 -0.01213924  0.08180971  0.08180945  0.10496225  0.15426538]  max|de|= -1.67e-06  lindep= 0.0569
root 4 converged  |r|= 9.57e-06  e= 0.104962208861  max|de|= -4.26e-08
davidson 12 28  |r|= 2.71e-05  e= [-0.01362951 -0.01213893  0.08180907  0.08180954  0.10496221  0.15426631]  max|de|= 9.3e-07  lindep= 0.191
davidson 13 30  |r|= 2.32e-05  e= [-0.01362951 -0.01213907  0.08180942  0.08180956  0.10496237  0.15426608]  max|de|= 3.53e-07  lindep= 0.133
root 2 converged  |r|= 9.28e-07  e= 0.0818093680655  max|de|= -5.04e-08
davidson 14 32  |r|= 9.86e-06  e= [-0.01362951 -0.01213904  0.08180937  0.08180957  0.10496239  0.15426526]  max|de|= -8.18e-07  lindep= 0.569
davidson 15 33  |r|= 3.81e-06  e= [-0.01362951 -0.01213904  0.08180937  0.08180957  0.10496239  0.15426563]  max|de|= 3.7e-07  lindep= 0.745
root 0 converged  |r|= 0.000207  e= -0.0136295115047  max|de|= 2.84e-16
root 1 converged  |r|= 0.000245  e= -0.0121390401535  max|de|= -3.19e-15
root 2 converged  |r|= 9.28e-07  e= 0.0818093680708  max|de|= -8.19e-15
root 3 converged  |r|= 1.86e-06  e= 0.081809573784  max|de|= -5.52e-15
root 4 converged  |r|= 9.03e-06  e= 0.104962393077  max|de|= -1.25e-15
root 5 converged  |r|= 3.81e-06  e= 0.154265630115  max|de|= -7.61e-15
converge 16 6  |r|= 0.000245  e= [-0.01362951 -0.01213904  0.08180937  0.08180957  0.10496239  0.15426563]  max|de|= -8.19e-15
EA root 0 E = -0.01362951150474129  qpwt = 0.964418
EA root 1 E = -0.01213904015349867  qpwt = 0.965721
EA root 2 E = 0.08180936807079198  qpwt = 0.96868
EA root 3 E = 0.08180957378401005  qpwt = 0.96868
EA root 4 E = 0.104962393076707  qpwt = 0.973076
EA root 5 E = 0.1542656301154118  qpwt = 0.971583
    CPU time for EA-CCSD   1682.82 sec, wall time   1739.94 sec
