

******** <class 'pyscf.scf.hf.RHF'> flags ********
method = RHF
initial guess = minao
damping factor = 0
level shift factor = 0
Do DIIS = True
DIIS start cycle = 1
DIIS space = 8
SCF tol = 1e-09
SCF gradient tol = None
max. SCF cycles = 50
direct_scf = True
direct_scf_tol = 1e-13
chkfile to save SCF result = /tmp/tmpBO6GqF
max_memory 4000 MB (current use 39 MB)
Set gradient conv threshold to 3.16228e-05
Nelec from initial guess = 13.9981
cond(S) = 4287.48531383
E_coul = 65.576216083007
init E= -124.193029571298
    CPU time for initialize scf      0.23 sec, wall time      0.47 sec
  HOMO = -0.296525882379424  LUMO = 0.0567736804155396
  mo_energy =
[ -2.64826759e+01  -7.65150183e+00  -1.86443591e+00  -8.65031000e-01
  -7.27275822e-01  -7.27275822e-01  -2.96525882e-01   5.67736804e-02
   5.67736804e-02   1.33451136e-01   1.79935019e-01   2.62315299e-01
   2.62315299e-01   4.71917017e-01   5.54615354e-01   5.54615354e-01
   5.71944005e-01   6.61382988e-01   6.61382988e-01   7.78508470e-01
   7.78508470e-01   8.26061380e-01   9.50392702e-01   1.10216102e+00
   1.14625747e+00   1.14625747e+00   1.38865263e+00   1.77113094e+00
   1.77113094e+00   1.94062400e+00   1.94062400e+00   1.94583238e+00
   1.94583238e+00   2.06659968e+00   2.06659968e+00   2.13904697e+00
   2.17653270e+00   2.17653270e+00   2.53402101e+00   2.53402101e+00
   2.59983829e+00   3.05558386e+00   3.07005418e+00   3.07005418e+00
   3.86287075e+00   3.86287075e+00   4.22257740e+00   4.71257391e+00
   7.24274150e+00   7.24274150e+00   7.34262133e+00   7.34262133e+00
   7.48696750e+00   7.48696750e+00   7.61275543e+00   8.80581499e+00
   8.80581499e+00   9.24413612e+00   9.24413612e+00   9.40043792e+00
   1.46721686e+01   5.87927316e+01]
E_coul = 66.7561559588785
cycle= 1 E= -124.12727446271  delta_E= 0.0658  |g|= 0.401  |ddm|= 0.936
    CPU time for cycle= 1      0.03 sec, wall time      0.02 sec
diis-norm(errvec)=0.941111
diis-c [-0.88568962  1.        ]
  HOMO = -0.431305612836966  LUMO = 0.0696426898088662
  mo_energy =
[-26.165812    -7.78991977  -1.62465381  -0.78198302  -0.67208875
  -0.67208875  -0.43130561   0.06964269   0.06964269   0.1408559    0.174001
   0.25292235   0.25292235   0.48252308   0.52623118   0.52623118
   0.60895656   0.66439272   0.66439272   0.81972362   0.81972362
   0.82935035   0.94242496   1.08219502   1.08219502   1.09010163
   1.43021631   1.76406311   1.76406311   1.88185263   1.88185263
   1.93304143   1.93304143   1.99265685   1.99265685   2.11759773
   2.15127513   2.15127513   2.58485099   2.59751411   2.59751411
   3.15297976   3.16506653   3.16506653   3.98588351   3.98588351
   4.36684402   4.82226899   7.401275     7.401275     7.49517264
   7.49517264   7.6336784    7.6336784    7.75561819   9.0156158
   9.0156158    9.44941437   9.44941437   9.60262087  14.53888637
  59.08960687]
E_coul = 65.2884032944168
cycle= 2 E= -124.152297485587  delta_E= -0.025  |g|= 0.262  |ddm|= 0.346
    CPU time for cycle= 2      0.01 sec, wall time      0.02 sec
diis-norm(errvec)=0.589757
diis-c [-0.06164522  0.37079134  0.62920866]
  HOMO = -0.41180180140767  LUMO = 0.0784953920318516
  mo_energy =
[-26.39968413  -7.72338622  -1.70526393  -0.85910291  -0.74873524
  -0.74873524  -0.4118018    0.07849539   0.07849539   0.13715862
   0.18471911   0.26546194   0.26546194   0.48999208   0.53661528
   0.53661528   0.59044649   0.66665367   0.66665367   0.79215983
   0.79215983   0.82523769   0.95124765   1.09971566   1.1105394
   1.1105394    1.40373757   1.76180619   1.76180619   1.90374526
   1.90374526   1.93200721   1.93200721   2.02482194   2.02482194
   2.14386875   2.17480208   2.17480208   2.55666002   2.55666002
   2.58844014   3.09384919   3.10731362   3.10731362   3.90462985
   3.90462985   4.2749187    4.75650667   7.30910503   7.30910503
   7.40796865   7.40796865   7.55103488   7.55103488   7.6763813
   8.88481384   8.88481384   9.3238386    9.3238386    9.48012883
  14.60144556  58.86808849]
E_coul = 66.0247809879588
cycle= 3 E= -124.161850677783  delta_E= -0.00955  |g|= 0.0337  |ddm|= 0.105
    CPU time for cycle= 3      0.02 sec, wall time      0.02 sec
diis-norm(errvec)=0.0699092
diis-c [-0.00267961 -0.05649938 -0.00702496  1.06352434]
  HOMO = -0.404112418767054  LUMO = 0.0834922400351696
  mo_energy =
[-26.37279572  -7.70431803  -1.69685347  -0.85275065  -0.74298193
  -0.74298193  -0.40411242   0.08349224   0.08349224   0.13680301
   0.18958594   0.27100966   0.27100966   0.49801902   0.54005901
   0.54005901   0.58926109   0.67166103   0.67166103   0.79059679
   0.79059679   0.82748308   0.95982572   1.11079473   1.11908671
   1.11908671   1.40374149   1.76777607   1.76777607   1.90936725
   1.90936725   1.94073302   1.94073302   2.03412735   2.03412735
   2.15645502   2.18552778   2.18552778   2.56025977   2.56025977
   2.59658891   3.09923311   3.11094942   3.11094942   3.91385899
   3.91385899   4.28125155   4.76944499   7.31528349   7.31528349
   7.41530004   7.41530004   7.56016306   7.56016306   7.68674736
   8.89619047   8.89619047   9.33525731   9.33525731   9.49207206
  14.6198696   58.8934572 ]
E_coul = 65.9434261176486
cycle= 4 E= -124.162230459257  delta_E= -0.00038  |g|= 0.00734  |ddm|= 0.053
    CPU time for cycle= 4      0.02 sec, wall time      0.02 sec
diis-norm(errvec)=0.0176794
diis-c [ -1.17937954e-04  -2.34887268e-02  -3.56929502e-02   4.35707612e-03
   1.05482460e+00]
  HOMO = -0.40472835604273  LUMO = 0.0827439439832233
  mo_energy =
[-26.37773657  -7.70878339  -1.69961378  -0.85499805  -0.74563649
  -0.74563649  -0.40472836   0.08274394   0.08274394   0.13622045
   0.19017304   0.2700937    0.2700937    0.49708631   0.53904526
   0.53904526   0.58890764   0.67083717   0.67083717   0.78977871
   0.78977871   0.82645149   0.95900208   1.10888037   1.11684572
   1.11684572   1.40275872   1.76581513   1.76581513   1.90737396
   1.90737396   1.93828432   1.93828432   2.03193752   2.03193752
   2.15582934   2.18481703   2.18481703   2.55863769   2.55863769
   2.59434867   3.09746561   3.10940735   3.10940735   3.91130911
   3.91130911   4.27961564   4.76609434   7.31325982   7.31325982
   7.4129671    7.4129671    7.55738295   7.55738295   7.68381127
   8.89366054   8.89366054   9.33287756   9.33287756   9.48960979
  14.61592655  58.88874715]
E_coul = 65.9477456528056
cycle= 5 E= -124.162256668546  delta_E= -2.62e-05  |g|= 0.00161  |ddm|= 0.0163
    CPU time for cycle= 5      0.01 sec, wall time      0.02 sec
diis-norm(errvec)=0.00400169
diis-c [ -4.74555924e-06   6.50613005e-03   1.25055758e-02  -2.28817760e-02
  -3.34406886e-01   1.33827696e+00]
  HOMO = -0.404941095281842  LUMO = 0.0824725410452481
  mo_energy =
[-26.37765912  -7.7101228   -1.69963315  -0.85504474  -0.74583679
  -0.74583679  -0.4049411    0.08247254   0.08247254   0.13608582
   0.19020866   0.26978845   0.26978845   0.49677375   0.53873601
   0.53873601   0.58883957   0.67058374   0.67058374   0.78968889
   0.78968889   0.82621914   0.95868684   1.1083327    1.11616864
   1.11616864   1.40264175   1.76542566   1.76542566   1.90675304
   1.90675304   1.93777672   1.93777672   2.03118638   2.03118638
   2.15537383   2.1843553    2.1843553    2.5584451    2.5584451
   2.5938577    3.09727459   3.10925494   3.10925494   3.9111661
   3.9111661    4.27955944   4.76586546   7.31333934   7.31333934
   7.41293352   7.41293352   7.55725724   7.55725724   7.68363442
   8.89376134   8.89376134   9.33289292   9.33289292   9.48957939
  14.61468811  58.88880854]
E_coul = 65.9449351117519
cycle= 6 E= -124.162258030309  delta_E= -1.36e-06  |g|= 0.000279  |ddm|= 0.00347
    CPU time for cycle= 6      0.02 sec, wall time      0.02 sec
diis-norm(errvec)=0.000710019
diis-c [ -1.22983158e-07  -8.52879193e-04  -2.20513293e-03   6.73909369e-03
   5.98624182e-02  -3.94896636e-01   1.33135314e+00]
  HOMO = -0.404885906904381  LUMO = 0.0825010828235803
  mo_energy =
[-26.37759719  -7.70989356  -1.69961611  -0.85499607  -0.74587718
  -0.74587718  -0.40488591   0.08250108   0.08250108   0.13608178
   0.1902357    0.26983001   0.26983001   0.49682934   0.53875656
   0.53875656   0.58883066   0.67060149   0.67060149   0.78967013
   0.78967013   0.82622411   0.95873442   1.10843117   1.1162535
   1.1162535    1.40263675   1.76545945   1.76545945   1.90679434
   1.90679434   1.93782881   1.93782881   2.03126413   2.03126413
   2.15545392   2.18442286   2.18442286   2.55845237   2.55845237
   2.59391376   3.09730345   3.10926034   3.10926034   3.91118124
   3.91118124   4.27958894   4.76590503   7.31334689   7.31334689
   7.41293289   7.41293289   7.55725446   7.55725446   7.68363847
   8.89377876   8.89377876   9.33290801   9.33290801   9.48959602
  14.61490111  58.88886787]
E_coul = 65.9450231164181
cycle= 7 E= -124.16225807318  delta_E= -4.29e-08  |g|= 4.54e-05  |ddm|= 0.000474
    CPU time for cycle= 7      0.02 sec, wall time      0.02 sec
diis-norm(errvec)=0.000106575
diis-c [ -1.74691792e-09   8.80678601e-05   2.51289319e-04  -1.18476100e-03
  -8.53701393e-03   7.45476222e-02  -3.69817891e-01   1.30465269e+00]
  HOMO = -0.404885860261456  LUMO = 0.0824992817341735
  mo_energy =
[-26.37759798  -7.7099002   -1.69961109  -0.85497854  -0.74587398
  -0.74587398  -0.40488586   0.08249928   0.08249928   0.13608261
   0.19023425   0.26982877   0.26982877   0.49682835   0.53875651
   0.53875651   0.58883345   0.67059988   0.67059988   0.78967347
   0.78967347   0.82622537   0.95873503   1.10842872   1.11625194
   1.11625194   1.40264035   1.76546193   1.76546193   1.90679338
   1.90679338   1.93782935   1.93782935   2.03126174   2.03126174
   2.155448     2.1844182    2.1844182    2.55845759   2.55845759
   2.59391454   3.09731102   3.10926649   3.10926649   3.91118481
   3.91118481   4.27959727   4.76590908   7.31335884   7.31335884
   7.41294227   7.41294227   7.55726234   7.55726234   7.68364578
   8.89378807   8.89378807   9.33291493   9.33291493   9.48960218
  14.61489329  58.88886725]
E_coul = 65.945059831929
cycle= 8 E= -124.162258074062  delta_E= -8.82e-10  |g|= 6.09e-06  |ddm|= 6.35e-05
    CPU time for cycle= 8      0.01 sec, wall time      0.02 sec
  HOMO = -0.404886133226294  LUMO = 0.0824991562973228
  mo_energy =
[-26.37760222  -7.70990032  -1.69961304  -0.85497954  -0.74587596
  -0.74587596  -0.40488613   0.08249916   0.08249916   0.13608272
   0.19023416   0.26982865   0.26982865   0.49682825   0.53875643
   0.53875643   0.58883349   0.67059967   0.67059967   0.7896733
   0.7896733    0.82622513   0.95873495   1.10842846   1.11625174
   1.11625174   1.40264011   1.76546146   1.76546146   1.90679322
   1.90679322   1.93782865   1.93782865   2.03126158   2.03126158
   2.15544809   2.18441832   2.18441832   2.55845677   2.55845677
   2.59391392   3.09730994   3.10926541   3.10926541   3.9111831
   3.9111831    4.27959568   4.76590743   7.31335726   7.31335726
   7.41294056   7.41294056   7.55726056   7.55726056   7.68364399
   8.89378562   8.89378562   9.33291233   9.33291233   9.48959957
  14.61489338  58.88886334]
    CPU time for scf_cycle      0.38 sec, wall time      0.61 sec
    CPU time for SCF      0.38 sec, wall time      0.61 sec
converged SCF energy = -124.162258074062
RHF E = -124.162258074
RHF eps = [-26.37760222  -7.70990032  -1.69961304  -0.85497954  -0.74587596
  -0.74587596  -0.40488613   0.08249916   0.08249916   0.13608272
   0.19023416   0.26982865   0.26982865   0.49682825   0.53875643
   0.53875643   0.58883349   0.67059967   0.67059967   0.7896733
   0.7896733    0.82622513   0.95873495   1.10842846   1.11625174
   1.11625174   1.40264011   1.76546146   1.76546146   1.90679322
   1.90679322   1.93782865   1.93782865   2.03126158   2.03126158
   2.15544809   2.18441832   2.18441832   2.55845677   2.55845677
   2.59391392   3.09730994   3.10926541   3.10926541   3.9111831
   3.9111831    4.27959568   4.76590743   7.31335726   7.31335726
   7.41294056   7.41294056   7.55726056   7.55726056   7.68364399
   8.89378562   8.89378562   9.33291233   9.33291233   9.48959957
  14.61489338  58.88886334]
    CPU time for CCSD integral transformation      1.24 sec, wall time      1.26 sec

******** <class 'pyscf.cc.rccsd_slow.RCCSD'> flags ********
CCSD nocc = 5, nvir = 55
frozen orbitals [0, 1]
max_cycle = 50
direct = 0
conv_tol = 1e-07
conv_tol_normt = 1e-05
diis_space = 6
diis_start_cycle = 0
diis_start_energy_diff = 1e+09
Init t2, MP2 energy = -0.319759567485507
    CPU time for init mp2      0.00 sec, wall time      0.00 sec
E(MBPT2) = -124.4820176415476  E_corr = -0.3197595674855069
    CPU time for EOM-CCSD shared one-electron intermediates      0.00 sec, wall time      0.01 sec
    CPU time for EOM-CCSD shared two-electron intermediates      0.01 sec, wall time      0.02 sec
    CPU time for EOM-CCSD IP intermediates      0.03 sec, wall time      0.02 sec
tol 1e-07  toloose 0.000316228
max_cycle 50  max_space 38  max_memory 2000  incore True
davidson 0 6  |r|= 0.563  e= [  0.44514015   0.82577829   0.82577829   0.93022201   1.74406818
  59.59468438]  max|de|= 59.6  lindep=    1
davidson 1 12  |r|= 0.333  e= [  0.40130639   0.68846384   0.68846384   0.78052229   1.64728843
  59.63877788]  max|de|= -0.15  lindep= 0.622
davidson 2 17  |r|= 0.782  e= [  0.40153542   0.66895026   0.68846372   0.77747313   2.01865389
  59.61698732]  max|de|= 0.371  lindep= 0.796
davidson 3 23  |r|= 0.326  e= [  0.40163189   0.66854531   0.66895206   0.7784531    1.60317018
  59.61893486]  max|de|= -0.415  lindep= 0.698
davidson 4 29  |r|= 0.245  e= [  0.40164305   0.66709488   0.66854639   0.77866381   1.56695793
  59.61878349]  max|de|= -0.0362  lindep= 0.224
davidson 5 35  |r|= 0.336  e= [  0.40164103   0.66442729   0.66709404   0.77858959   1.63472048
  59.618646  ]  max|de|= 0.0678  lindep= 0.276
root 0 converged  |r|= 3.09e-05  e= 0.401641032354  max|de|= -2.28e-15
davidson 6 6  |r|= 0.336  e= [  0.40164103   0.66442729   0.66709404   0.77858959   1.63472048
  59.618646  ]  max|de|= 2.84e-14  lindep= 0.998
davidson 7 11  |r|= 0.227  e= [  0.40164059   0.66422467   0.66396419   0.7785903    1.65618703
  59.61855814]  max|de|= 0.0215  lindep= 0.583
davidson 8 16  |r|= 0.24  e= [  0.40164047   0.66428708   0.66449488   0.77858891   1.64030919
  59.61856663]  max|de|= -0.0159  lindep= 0.292
davidson 9 21  |r|= 0.951  e= [  0.40164043   0.66421508   1.3326107    0.77858023   1.64436597
  59.61852731]  max|de|= 0.668  lindep= 0.107
davidson 10 26  |r|= 0.702  e= [  0.40164046   0.83101679   1.20911596   0.77858598   1.63463672
  59.61858522]  max|de|= 0.167  lindep= 0.0301
davidson 11 31  |r|= 0.738  e= [  0.40164049   0.7859593    1.26162897   0.77858447   1.64186044
  59.61857801]  max|de|= 0.0525  lindep= 0.0168
davidson 12 36  |r|= 0.593  e= [  0.40164051   0.71193367   0.66422836   0.77858535   1.74119311
  59.61858469]  max|de|= -0.597  lindep= 0.639
root 0 converged  |r|= 1.96e-05  e= 0.401640509012  max|de|= -9.44e-16
root 3 converged  |r|= 3.5e-06  e= 0.778585348052  max|de|= -2.55e-15
root 5 converged  |r|= 0.00022  e= 59.618584688  max|de|= 6.39e-14
davidson 13 6  |r|= 0.593  e= [  0.40164051   0.71193367   0.66422836   0.77858535   1.74119311
  59.61858469]  max|de|= 6.39e-14  lindep= 0.986
davidson 14 9  |r|= 0.56  e= [  0.40164052   0.70003546   0.93957824   0.77858535   1.73384138
  59.61858469]  max|de|= 0.275  lindep= 0.837
davidson 15 12  |r|= 0.228  e= [  0.40164052   0.69742234   0.66422604   0.77858535   1.72746179
  59.61858469]  max|de|= -0.275  lindep= 0.755
davidson 16 15  |r|= 0.447  e= [  0.40164053   0.697342     0.72060716   0.77858535   1.78767787
  59.61858469]  max|de|= 0.0602  lindep= 0.627
davidson 17 18  |r|= 0.243  e= [  0.40164054   0.69292475   0.72649643   0.77858532   1.73436751
  59.61858469]  max|de|= -0.0533  lindep= 0.424
davidson 18 21  |r|= 0.712  e= [  0.40164052   0.69643343   0.66421357   0.77858532   2.04309597
  59.61858469]  max|de|= 0.309  lindep= 0.749
davidson 19 24  |r|= 0.695  e= [  0.40164052   0.69724468   0.66422017   0.77858532   2.05414876
  59.61858469]  max|de|= 0.0111  lindep= 0.636
davidson 20 27  |r|= 0.577  e= [  0.40164052   0.69697867   0.66489092   0.77858528   1.99855703
  59.61858469]  max|de|= -0.0556  lindep= 0.791
davidson 21 30  |r|= 0.362  e= [  0.40164058   0.69721448   0.69727122   0.7785853    1.79902593
  59.61858469]  max|de|= -0.2  lindep= 0.887
davidson 22 33  |r|= 0.507  e= [  0.40164057   0.69722596   0.6972349    0.77858529   1.63882188
  59.61858469]  max|de|= -0.16  lindep= 0.915
root 0 converged  |r|= 1.93e-05  e= 0.401640574705  max|de|= 4.05e-15
root 1 converged  |r|= 0.000134  e= 0.697225955656  max|de|= 4.44e-16
root 3 converged  |r|= 3.36e-06  e= 0.778585288542  max|de|= 1.33e-15
davidson 23 6  |r|= 0.507  e= [  0.40164057   0.69722596   0.6972349    0.77858529   1.63882188
  59.61858469]  max|de|= -1.07e-13  lindep= 0.892
root 5 converged  |r|= 6.7e-05  e= 59.6185847209  max|de|= 3.2e-08
davidson 24 9  |r|= 0.533  e= [  0.40164058   0.69722423   0.69722787   0.77858528   1.63525617
  59.61858472]  max|de|= -0.00357  lindep= 0.293
davidson 25 11  |r|= 0.799  e= [  0.40164057   0.69722575   1.1695213    0.77858526   1.63674592
  59.61858472]  max|de|= 0.472  lindep= 0.216
davidson 26 13  |r|= 0.792  e= [  0.40164059   0.69722555   1.13441716   0.77858526   1.6364138
  59.61858472]  max|de|= -0.0351  lindep= 0.107
davidson 27 15  |r|= 0.64  e= [  0.40164059   0.69722556   1.02685791   0.77858526   1.64092343
  59.61858472]  max|de|= -0.108  lindep= 0.191
davidson 28 17  |r|= 0.647  e= [  0.4016406    0.69722565   1.02321886   0.77858526   1.6417598
  59.61858472]  max|de|= -0.00364  lindep= 0.0184
davidson 29 19  |r|= 0.65  e= [  0.4016406    0.69722565   1.02355269   0.77858525   1.64320092
  59.61858472]  max|de|= 0.00144  lindep= 0.00883
davidson 30 21  |r|= 0.56  e= [  0.4016406    0.69722564   0.99384127   0.77858525   1.59363842
  59.61858472]  max|de|= -0.0496  lindep= 0.335
davidson 31 23  |r|=  0.4  e= [  0.4016406    1.05117746   0.82603914   0.77858525   1.64813288
  59.61858472]  max|de|= 0.354  lindep= 0.167
davidson 32 25  |r|= 0.409  e= [  0.40164059   1.04405715   0.80388898   0.77858524   1.60068459
  59.61858472]  max|de|= -0.0474  lindep=  0.3
davidson 33 27  |r|= 0.286  e= [  0.40164059   1.03410216   0.69722338   0.77858524   1.57275367
  59.61858472]  max|de|= -0.107  lindep= 0.671
davidson 34 29  |r|= 0.229  e= [  0.40164059   1.01760364   0.67803622   0.77858525   1.53021039
  59.61858472]  max|de|= -0.0425  lindep= 0.744
davidson 35 31  |r|= 0.234  e= [  0.4016406    0.99280795   0.66493454   0.77858524   1.52687901
  59.61858472]  max|de|= -0.0248  lindep= 0.26
davidson 36 33  |r|= 0.224  e= [  0.4016406    0.98545798   0.66424868   0.77858524   1.52655621
  59.61858472]  max|de|= -0.00735  lindep= 0.132
root 0 converged  |r|= 1.9e-05  e= 0.401640599376  max|de|= 1.67e-16
root 3 converged  |r|= 3.25e-06  e= 0.778585244006  max|de|= 1.78e-15
root 5 converged  |r|= 0.000113  e= 59.6185847209  max|de|= 1.14e-13
davidson 37 6  |r|= 0.586  e= [  0.4016406    0.66424868   0.98545798   0.77858524   1.52655621
  59.61858472]  max|de|= 0.321  lindep= 0.901
davidson 38 9  |r|= 0.426  e= [  0.4016406    0.66421962   1.07387592   0.77858524   1.52453493
  59.61858472]  max|de|= 0.0884  lindep= 0.321
davidson 39 12  |r|= 0.488  e= [  0.4016406    0.66423219   0.92149475   0.77858524   1.52376377
  59.61858472]  max|de|= -0.152  lindep= 0.334
davidson 40 15  |r|= 0.421  e= [  0.4016406    0.66418835   0.83840922   0.77858524   1.52576381
  59.61858472]  max|de|= -0.0831  lindep= 0.168
davidson 41 18  |r|= 0.229  e= [  0.4016406    0.66423162   0.73667911   0.77858524   1.52598357
  59.61858472]  max|de|= -0.102  lindep= 0.411
davidson 42 21  |r|= 0.419  e= [  0.4016406    0.66420468   0.69833179   0.77858524   1.60483936
  59.61858472]  max|de|= 0.0789  lindep= 0.824
davidson 43 24  |r|= 0.187  e= [  0.40164059   0.66422555   0.69704521   0.77858521   1.52596764
  59.61858472]  max|de|= -0.0789  lindep= 0.138
davidson 44 27  |r|= 0.123  e= [  0.40164058   0.66422052   0.69721512   0.77858516   1.52294468
  59.61858472]  max|de|= -0.00302  lindep= 0.359
davidson 45 30  |r|= 0.219  e= [  0.40164058   0.66422105   0.69722026   0.77858513   1.52659877
  59.61858472]  max|de|= 0.00365  lindep= 0.227
davidson 46 33  |r|= 0.188  e= [  0.40164058   0.6642209    0.6972264    0.77858513   1.52748167
  59.61858472]  max|de|= 0.000883  lindep= 0.173
root 0 converged  |r|= 1.9e-05  e= 0.401640577817  max|de|= -2.5e-15
root 1 converged  |r|= 2e-06  e= 0.66422090167  max|de|= -9.99e-16
root 2 converged  |r|= 0.000166  e= 0.697226404752  max|de|= -1.22e-15
root 3 converged  |r|= 3.2e-06  e= 0.778585129587  max|de|= -2.55e-15
root 5 converged  |r|= 6.93e-05  e= 59.618584721  max|de|= -7.11e-15
davidson 47 6  |r|= 0.188  e= [  0.40164058   0.6642209    0.6972264    0.77858513   1.52748167
  59.61858472]  max|de|= -7.11e-15  lindep= 0.81
davidson 48 7  |r|= 0.168  e= [  0.40164058   0.6642209    0.6972264    0.77858513   1.52750608
  59.61858472]  max|de|= 2.44e-05  lindep= 0.36
davidson 49 8  |r|= 0.211  e= [  0.40164058   0.6642209    0.6972264    0.77858513   1.5299169
  59.61858472]  max|de|= 0.00241  lindep= 0.726
IP root 0 E = 0.4016405782294609  qpwt = 0.955943
IP root 1 E = 0.6642209015526017  qpwt = 0.482418
IP root 2 E = 0.6972264025355058  qpwt = 0.446666
IP root 3 E = 0.7785851314826312  qpwt = 0.936415
IP root 4 E = 1.529916897768847  qpwt = 0.112189
IP root 5 E = 59.61858472098158  qpwt = 3.17439e-10
    CPU time for IP-CCSD      0.80 sec, wall time      0.81 sec
    CPU time for EOM-CCSD shared one-electron intermediates      0.01 sec, wall time      0.01 sec
    CPU time for EOM-CCSD EA intermediates      0.77 sec, wall time      0.77 sec
tol 1e-07  toloose 0.000316228
max_cycle 50  max_space 38  max_memory 2000  incore True
davidson 0 6  |r|= 0.256  e= [ 0.09613332  0.09613332  0.13931019  0.19318041  0.27790602  0.27790602]  max|de|= 0.278  lindep=    1
davidson 1 12  |r|= 0.0424  e= [ 0.05015541  0.05015541  0.1215812   0.17280277  0.22262402  0.22262402]  max|de|= -0.0553  lindep= 0.967
davidson 2 16  |r|= 0.0517  e= [ 0.0502992   0.04962097  0.11995466  0.17124479  0.22120472  0.21881825]  max|de|= -0.00381  lindep= 0.808
davidson 3 22  |r|= 0.0123  e= [ 0.04956148  0.04951036  0.12005965  0.17132764  0.21878721  0.21882827]  max|de|= -0.00242  lindep= 0.809
davidson 4 28  |r|= 0.00319  e= [ 0.04951181  0.0495048   0.12005842  0.17132507  0.21883176  0.21886066]  max|de|= -4.97e-05  lindep= 0.82
davidson 5 34  |r|= 0.000906  e= [ 0.04950558  0.04950851  0.12006002  0.1713136   0.21886624  0.21887632]  max|de|= 3.45e-05  lindep= 0.808
root 0 converged  |r|= 0.000241  e= 0.0495055774576  max|de|= -3.54e-16
root 1 converged  |r|= 4.69e-05  e= 0.049508507642  max|de|= -9.78e-16
root 2 converged  |r|= 0.000125  e= 0.120060021345  max|de|= 6.52e-16
root 5 converged  |r|= 0.000211  e= 0.218876319073  max|de|= -6.38e-16
davidson 6 6  |r|= 0.000906  e= [ 0.04950558  0.04950851  0.12006002  0.1713136   0.21886624  0.21887632]  max|de|= -9.78e-16  lindep= 0.991
davidson 7 8  |r|= 0.000231  e= [ 0.04950585  0.04950857  0.12006004  0.1713141   0.21887586  0.21887629]  max|de|= 9.62e-06  lindep= 0.823
davidson 8 10  |r|= 8.88e-05  e= [ 0.04950584  0.04950855  0.12006     0.17131289  0.2188731   0.21887636]  max|de|= -2.76e-06  lindep= 0.713
davidson 9 12  |r|= 4.66e-05  e= [ 0.04950569  0.04950853  0.12006009  0.17131231  0.21887685  0.2188759 ]  max|de|= 3.75e-06  lindep= 0.478
davidson 10 14  |r|= 0.000118  e= [ 0.04950615  0.04950863  0.12006008  0.1713128   0.2188755   0.21887474]  max|de|= -1.34e-06  lindep= 0.365
davidson 11 16  |r|= 4.58e-05  e= [ 0.04950625  0.04950873  0.1200601   0.17131268  0.21887505  0.21887463]  max|de|= -4.57e-07  lindep= 0.624
root 3 converged  |r|= 6.91e-07  e= 0.171312664449  max|de|= -1.06e-08
root 4 converged  |r|= 1.35e-05  e= 0.218875121585  max|de|= 7.43e-08
converge 12 18  |r|= 1.35e-05  e= [ 0.04950541  0.04950867  0.12006009  0.17131266  0.21887512  0.21887446]  max|de|= -8.41e-07
EA root 0 E = 0.04950540505344143  qpwt = 0.961823
EA root 1 E = 0.04950866728392615  qpwt = 0.961838
EA root 2 E = 0.1200600917095471  qpwt = 0.985176
EA root 3 E = 0.171312664448573  qpwt = 0.975459
EA root 4 E = 0.2188751215845491  qpwt = 0.88556
EA root 5 E = 0.2188744628469402  qpwt = 0.885562
    CPU time for EA-CCSD      3.74 sec, wall time      3.73 sec
