

******** <class 'pyscf.scf.hf.RHF'> flags ********
method = RHF
initial guess = minao
damping factor = 0
level shift factor = 0
Do DIIS = True
DIIS start cycle = 1
DIIS space = 8
SCF tol = 1e-09
SCF gradient tol = None
max. SCF cycles = 50
direct_scf = True
direct_scf_tol = 1e-13
chkfile to save SCF result = /tmp/tmpexujJn
max_memory 4000 MB (current use 39 MB)
Set gradient conv threshold to 3.16228e-05
Nelec from initial guess = 41.9916
cond(S) = 3706.07466662
E_coul = 373.374414832668
init E= -436.742112285036
    CPU time for initialize scf      5.45 sec, wall time      5.45 sec
  HOMO = -0.6104472572075  LUMO = 0.173800167767327
  mo_energy =
[-26.45701778 -26.4562849  -26.4562849  -26.4562849  -11.44941546
  -2.13527179  -1.7642435   -1.7642435   -1.7642435   -1.03841406
  -0.86433117  -0.86433117  -0.86433117  -0.71805509  -0.71805509
  -0.66520152  -0.66520152  -0.66520152  -0.61044726  -0.61044726
  -0.61044726   0.17380017   0.26152895   0.26152895   0.26152895
   0.34368298   0.41521914   0.41521914   0.41521914   0.62160985
   0.62160985   0.62160985   0.64157793   0.64257815   0.64257815
   0.82784879   0.82784879   0.82784879   0.9292947    0.9292947
   0.9292947    1.05890407   1.05890407   1.05890407   1.09305009
   1.09441579   1.09441579   1.19712071   1.19712071   1.19712071
   1.76214259   1.91405012   1.91405012   1.91405012   2.13470467
   2.13470467   2.13470467   2.18920385   2.18920385   2.38039712
   2.38039712   2.38039712   2.59093896   2.59093896   2.59093896
   2.69627395   2.69627395   2.69627395   2.83974045   2.83974045
   2.83974045   2.86261944   2.93444845   2.93444845   3.35934548
   3.35934548   3.46916203   3.46916203   3.46916203   3.49646801
   3.49646801   3.49646801   3.630941     3.630941     3.630941
   4.01694122   4.01694122   4.01694122   4.02593055   4.18057489
   4.18057489   4.18057489   4.18363015   4.18363015   4.27613634
   4.27613634   4.27613634   4.29507228   5.07542542   5.55378539
   5.55378539   5.55378539   7.22395132   7.22395132   7.22395132
   7.25261679   7.25261679   7.25261679   7.25310412   7.25625991
   7.25625991   7.25625991   7.2720126    7.2855662    7.2855662
   7.36739906   7.36739906   7.36739906   7.54458782   7.54458782
   7.54458782   7.61234937   7.61234937   7.65488421   8.05767308
   8.05767308   8.05767308   8.12236886   8.12236886   8.12236886
   8.75136345   8.75136345   8.79441774   8.79441774   8.79441774
   9.00650956   9.00650956   9.00650956   9.20417261   9.20417261
   9.20417261   9.34320638   9.34320638   9.34320638   9.41215621
   9.48613773   9.48613773   9.48613773   9.62211203   9.62211203
  24.26852839  58.62485857  58.62485857  58.62485857  58.76639775]
E_coul = 373.633226902598
cycle= 1 E= -435.668137424334  delta_E= 1.07  |g|= 0.982  |ddm|= 1.84
    CPU time for cycle= 1      0.39 sec, wall time      0.39 sec
diis-norm(errvec)=2.5453
diis-c [-6.47856259  1.        ]
  HOMO = -0.684821790557541  LUMO = 0.190113324449122
  mo_energy =
[-26.29576293 -26.29576293 -26.29576293 -26.29570969 -12.02138663
  -1.87275394  -1.71460793  -1.71460793  -1.71460793  -1.05049119
  -0.9309484   -0.9309484   -0.9309484   -0.77398269  -0.77398269
  -0.73100557  -0.73100557  -0.73100557  -0.68482179  -0.68482179
  -0.68482179   0.19011332   0.24757358   0.24757358   0.24757358
   0.30251922   0.30251922   0.30251922   0.3286122    0.63298779
   0.63298779   0.63298779   0.6454396    0.6454396    0.6527051
   0.83563084   0.83563084   0.83563084   0.9225416    0.9225416
   0.9225416    0.98726895   0.98726895   1.04654028   1.04654028
   1.04654028   1.08069982   1.08069982   1.08069982   1.08130295
   1.6262185    1.76702579   1.76702579   1.76702579   2.096427     2.096427
   2.096427     2.17878286   2.17878286   2.35400712   2.35400712
   2.35400712   2.48482504   2.48482504   2.48482504   2.63313289
   2.63313289   2.63313289   2.82653174   2.82653174   2.82653174
   2.87503501   2.93164979   2.93164979   3.11613531   3.11613531
   3.34867549   3.34867549   3.34867549   3.49018901   3.49018901
   3.49018901   3.58602397   3.58602397   3.58602397   3.88311537
   4.02062177   4.02062177   4.02062177   4.06164568   4.06164568
   4.06164568   4.19784907   4.19784907   4.27208864   4.27208864
   4.27208864   4.30168261   4.99333061   5.46623946   5.46623946
   5.46623946   7.25799009   7.25799009   7.25799009   7.31081294
   7.31081294   7.31081294   7.31204951   7.31465696   7.31465696
   7.31465696   7.32155975   7.32155975   7.32815095   7.3760546
   7.3760546    7.3760546    7.55471302   7.55471302   7.55471302
   7.60675247   7.60675247   7.64347261   8.04673174   8.04673174
   8.04673174   8.09217215   8.09217215   8.09217215   8.8440614
   8.8440614    8.88607033   8.88607033   8.88607033   9.10301965
   9.10301965   9.10301965   9.28996442   9.28996442   9.28996442
   9.42218413   9.42218413   9.42218413   9.47787021   9.55307965
   9.55307965   9.55307965   9.69942463   9.69942463  23.73648138
  58.77138602  58.77138602  58.77138602  58.91222817]
E_coul = 374.243526037218
cycle= 2 E= -435.787093777652  delta_E= -0.119  |g|= 0.598  |ddm|= 0.732
    CPU time for cycle= 2      0.40 sec, wall time      0.40 sec
diis-norm(errvec)=1.53174
diis-c [-0.21620396  0.3683702   0.6316298 ]
  HOMO = -0.693115650858313  LUMO = 0.208445962391294
  mo_energy =
[-26.40153219 -26.40153219 -26.40153219 -26.40148249 -11.6355102
  -1.81502661  -1.69033163  -1.69033163  -1.69033163  -1.02405182
  -0.90001485  -0.90001485  -0.90001485  -0.77253699  -0.77253699
  -0.7231974   -0.7231974   -0.7231974   -0.69311565  -0.69311565
  -0.69311565   0.20844596   0.27537171   0.27537171   0.27537171
   0.41513421   0.41513421   0.41513421   0.42855525   0.63621585
   0.63621585   0.63621585   0.65036533   0.65036533   0.66887544
   0.83735879   0.83735879   0.83735879   0.93467666   0.93467666
   0.93467666   1.06609846   1.06609846   1.06635822   1.06635822
   1.06635822   1.10023286   1.16212625   1.16212625   1.16212625
   1.71331091   1.86637974   1.86637974   1.86637974   2.13462955
   2.13462955   2.13462955   2.20020195   2.20020195   2.38343262
   2.38343262   2.38343262   2.57588365   2.57588365   2.57588365
   2.67731245   2.67731245   2.67731245   2.84875775   2.84875775
   2.84875775   2.88513814   2.95432733   2.95432733   3.26260353
   3.26260353   3.44988327   3.44988327   3.44988327   3.49116989
   3.49116989   3.49116989   3.62494564   3.62494564   3.62494564
   3.99453481   4.03565038   4.03565038   4.03565038   4.14145373
   4.14145373   4.14145373   4.20496987   4.20496987   4.28073841
   4.28073841   4.28073841   4.29486888   5.05937708   5.53532298
   5.53532298   5.53532298   7.26038943   7.26038943   7.26038943
   7.30484685   7.30484685   7.30484685   7.30574085   7.30861933
   7.30861933   7.30861933   7.32299433   7.32299433   7.32328396
   7.39131799   7.39131799   7.39131799   7.57041573   7.57041573
   7.57041573   7.63015057   7.63015057   7.67018229   8.07198704
   8.07198704   8.07198704   8.12979524   8.12979524   8.12979524
   8.81064902   8.81064902   8.85345651   8.85345651   8.85345651
   9.06798293   9.06798293   9.06798293   9.25731526   9.25731526
   9.25731526   9.39306843   9.39306843   9.39306843   9.455759
   9.52948026   9.52948026   9.52948026   9.67124797   9.67124797
  24.09388192  58.67366317  58.67366317  58.67366317  58.81492942]
E_coul = 374.786468889781
cycle= 3 E= -435.837743767794  delta_E= -0.0506  |g|= 0.0612  |ddm|= 0.229
    CPU time for cycle= 3      0.39 sec, wall time      0.39 sec
diis-norm(errvec)=0.124323
diis-c [-0.0128935  -0.03564784 -0.03026501  1.06591285]
  HOMO = -0.679399491486648  LUMO = 0.212339829831914
  mo_energy =
[-26.36215335 -26.36215335 -26.36215335 -26.36210803 -11.61112462
  -1.79748214  -1.67336043  -1.67336043  -1.67336043  -1.00778085
  -0.88503006  -0.88503006  -0.88503006  -0.75880075  -0.75880075
  -0.70773743  -0.70773743  -0.70773743  -0.67939949  -0.67939949
  -0.67939949   0.21233983   0.27840931   0.27840931   0.27840931
   0.4325533    0.4325533    0.4325533    0.44899968   0.64142202
   0.64142202   0.64142202   0.65446372   0.65446372   0.67790147
   0.84145441   0.84145441   0.84145441   0.93874322   0.93874322
   0.93874322   1.0724839    1.0724839    1.0724839    1.07743277
   1.07743277   1.10648293   1.17334954   1.17334954   1.17334954
   1.7218074    1.87815965   1.87815965   1.87815965   2.14669901
   2.14669901   2.14669901   2.21172073   2.21172073   2.39597192
   2.39597192   2.39597192   2.58831925   2.58831925   2.58831925
   2.6914513    2.6914513    2.6914513    2.86069103   2.86069103
   2.86069103   2.89741823   2.96610652   2.96610652   3.27827919
   3.27827919   3.46382282   3.46382282   3.46382282   3.50680734
   3.50680734   3.50680734   3.64145782   3.64145782   3.64145782
   4.01072508   4.05130348   4.05130348   4.05130348   4.15584801
   4.15584801   4.15584801   4.22177392   4.22177392   4.29665165
   4.29665165   4.29665165   4.30943464   5.07860459   5.55458477
   5.55458477   5.55458477   7.277225     7.277225     7.277225
   7.32155642   7.32155642   7.32155642   7.322441     7.32533305
   7.32533305   7.32533305   7.33978871   7.33978871   7.34003896
   7.40882839   7.40882839   7.40882839   7.58821332   7.58821332
   7.58821332   7.64832706   7.64832706   7.68834895   8.0909636
   8.0909636    8.0909636    8.14908224   8.14908224   8.14908224
   8.83332127   8.83332127   8.87602915   8.87602915   8.87602915
   9.09015895   9.09015895   9.09015895   9.27828086   9.27828086
   9.27828086   9.4147406    9.4147406    9.4147406    9.47824748
   9.55161111   9.55161111   9.55161111   9.69296117   9.69296117
  24.11750891  58.71118488  58.71118488  58.71118488  58.85244787]
E_coul = 374.509739070683
cycle= 4 E= -435.838642749832  delta_E= -0.000899  |g|= 0.0231  |ddm|= 0.0554
    CPU time for cycle= 4      0.40 sec, wall time      0.40 sec
diis-norm(errvec)=0.0518488
diis-c [ -6.67009989e-04  -3.36529942e-02  -6.36795508e-02   1.44347117e-01
   9.52985428e-01]
  HOMO = -0.684848602283923  LUMO = 0.21157040977795
  mo_energy =
[-26.374754   -26.374754   -26.374754   -26.3747102  -11.61178545
  -1.80198314  -1.67810487  -1.67810487  -1.67810487  -1.0108654
  -0.8886619   -0.8886619   -0.8886619   -0.76382307  -0.76382307
  -0.71227162  -0.71227162  -0.71227162  -0.6848486   -0.6848486
  -0.6848486    0.21157041   0.27745746   0.27745746   0.27745746
   0.43004666   0.43004666   0.43004666   0.44704497   0.64023173
   0.64023173   0.64023173   0.65314344   0.65314344   0.67644578
   0.8402811    0.8402811    0.8402811    0.93766687   0.93766687
   0.93766687   1.0709696    1.0709696    1.0709696    1.07426817
   1.07426817   1.10522753   1.17095156   1.17095156   1.17095156
   1.72011956   1.87569095   1.87569095   1.87569095   2.14363486
   2.14363486   2.14363486   2.20872358   2.20872358   2.39273423
   2.39273423   2.39273423   2.58558312   2.58558312   2.58558312
   2.68823924   2.68823924   2.68823924   2.85772066   2.85772066
   2.85772066   2.894628     2.96305425   2.96305425   3.27568612
   3.27568612   3.46112177   3.46112177   3.46112177   3.50236768
   3.50236768   3.50236768   3.63696781   3.63696781   3.63696781
   4.0070719    4.04746541   4.04746541   4.04746541   4.15226235
   4.15226235   4.15226235   4.21676847   4.21676847   4.29249341
   4.29249341   4.29249341   4.30584143   5.0734852    5.54963664
   5.54963664   5.54963664   7.27285794   7.27285794   7.27285794
   7.31753773   7.31753773   7.31753773   7.31843553   7.3213164
   7.3213164    7.3213164    7.33542109   7.33542109   7.33599428
   7.40411336   7.40411336   7.40411336   7.58350078   7.58350078
   7.58350078   7.64344149   7.64344149   7.68360767   8.08565728
   8.08565728   8.08565728   8.14406272   8.14406272   8.14406272
   8.82707272   8.82707272   8.86984259   8.86984259   8.86984259
   9.0841596    9.0841596    9.0841596    9.27256403   9.27256403
   9.27256403   9.40870935   9.40870935   9.40870935   9.47199552
   9.54543472   9.54543472   9.54543472   9.68686958   9.68686958
  24.11642425  58.69928336  58.69928336  58.69928336  58.84054984]
E_coul = 374.624927805741
cycle= 5 E= -435.838760156116  delta_E= -0.000117  |g|= 0.0035  |ddm|= 0.0183
    CPU time for cycle= 5      0.39 sec, wall time      0.39 sec
diis-norm(errvec)=0.00906677
diis-c [ -1.24458663e-05   1.35168755e-02   2.09296012e-02  -1.03286854e-01
  -2.73609681e-01   1.34245006e+00]
  HOMO = -0.684945637363163  LUMO = 0.211588777764803
  mo_energy =
[-26.37401794 -26.37401794 -26.37401794 -26.37397426 -11.60985362
  -1.80157796  -1.67774401  -1.67774401  -1.67774401  -1.01032084
  -0.88802847  -0.88802847  -0.88802847  -0.7638561   -0.7638561
  -0.71193491  -0.71193491  -0.71193491  -0.68494564  -0.68494564
  -0.68494564   0.21158878   0.27742167   0.27742167   0.27742167
   0.43030714   0.43030714   0.43030714   0.44731379   0.6402726
   0.6402726    0.6402726    0.65312763   0.65312763   0.67668      0.84027304
   0.84027304   0.84027304   0.93766568   0.93766568   0.93766568
   1.07102674   1.07102674   1.07102674   1.07430806   1.07430806
   1.10530771   1.17115551   1.17115551   1.17115551   1.72030509
   1.87596587   1.87596587   1.87596587   2.14377473   2.14377473
   2.14377473   2.20883713   2.20883713   2.39284938   2.39284938
   2.39284938   2.5857807    2.5857807    2.5857807    2.68848037
   2.68848037   2.68848037   2.85783226   2.85783226   2.85783226
   2.8947312    2.96315996   2.96315996   3.27612476   3.27612476
   3.46143997   3.46143997   3.46143997   3.50251563   3.50251563
   3.50251563   3.63717784   3.63717784   3.63717784   4.00736802
   4.047669     4.047669     4.047669     4.15247638   4.15247638
   4.15247638   4.21692486   4.21692486   4.2927073    4.2927073
   4.2927073    4.30604931   5.07379637   5.54994623   5.54994623
   5.54994623   7.27297116   7.27297116   7.27297116   7.31778407
   7.31778407   7.31778407   7.31868597   7.32156505   7.32156505
   7.32156505   7.33553985   7.33553985   7.33623762   7.40420381
   7.40420381   7.40420381   7.58364136   7.58364136   7.58364136
   7.64355689   7.64355689   7.68372237   8.08580462   8.08580462
   8.08580462   8.14423418   8.14423418   8.14423418   8.82739583
   8.82739583   8.87016955   8.87016955   8.87016955   9.08448111
   9.08448111   9.08448111   9.27272076   9.27272076   9.27272076
   9.40888694   9.40888694   9.40888694   9.47217355   9.54560022
   9.54560022   9.54560022   9.68705866   9.68705866  24.11814326
  58.6999622   58.6999622   58.6999622   58.84122974]
E_coul = 374.620333947713
cycle= 6 E= -435.838766013313  delta_E= -5.86e-06  |g|= 0.00038  |ddm|= 0.0042
    CPU time for cycle= 6      0.39 sec, wall time      0.40 sec
diis-norm(errvec)=0.000949775
diis-c [ -2.36787617e-07  -1.69533905e-03  -2.57599039e-03   1.45211937e-02
   3.66386975e-02  -2.61684482e-01   1.21479592e+00]
  HOMO = -0.684913565255161  LUMO = 0.211613948972141
  mo_energy =
[-26.37394189 -26.37394189 -26.37394189 -26.3738982  -11.60957972
  -1.80150727  -1.6776819   -1.6776819   -1.6776819   -1.01029181
  -0.88797442  -0.88797442  -0.88797442  -0.76381912  -0.76381912
  -0.71187073  -0.71187073  -0.71187073  -0.68491357  -0.68491357
  -0.68491357   0.21161395   0.27744025   0.27744025   0.27744025
   0.43049413   0.43049413   0.43049413   0.44743664   0.64030681
   0.64030681   0.64030681   0.65314677   0.65314677   0.67675064
   0.84028915   0.84028915   0.84028915   0.93769205   0.93769205
   0.93769205   1.07106918   1.07106918   1.07106918   1.07441264
   1.07441264   1.10535321   1.17128401   1.17128401   1.17128401
   1.72039984   1.8760883    1.8760883    1.8760883    2.1438568
   2.1438568    2.1438568    2.20890578   2.20890578   2.3929292
   2.3929292    2.3929292    2.5858825    2.5858825    2.5858825
   2.68858915   2.68858915   2.68858915   2.85790587   2.85790587
   2.85790587   2.89479777   2.96321603   2.96321603   3.27630002
   3.27630002   3.46157359   3.46157359   3.46157359   3.50257948
   3.50257948   3.50257948   3.637273     3.637273     3.637273
   4.00751356   4.04775154   4.04775154   4.04775154   4.15260107
   4.15260107   4.15260107   4.2170036    4.2170036    4.29279147
   4.29279147   4.29279147   4.30612387   5.07391717   5.55007266
   5.55007266   5.55007266   7.27304898   7.27304898   7.27304898
   7.31785963   7.31785963   7.31785963   7.31876138   7.32164058
   7.32164058   7.32164058   7.33561736   7.33561736   7.3363138
   7.40428877   7.40428877   7.40428877   7.58372918   7.58372918
   7.58372918   7.64364886   7.64364886   7.68381398   8.08590049
   8.08590049   8.08590049   8.14433713   8.14433713   8.14433713
   8.82747135   8.82747135   8.87024525   8.87024525   8.87024525
   9.08455502   9.08455502   9.08455502   9.27279412   9.27279412
   9.27279412   9.40896295   9.40896295   9.40896295   9.472253
   9.54567837   9.54567837   9.54567837   9.6871348    9.6871348
  24.11840504  58.70003759  58.70003759  58.70003759  58.84130527]
E_coul = 374.620617719802
cycle= 7 E= -435.838766069204  delta_E= -5.59e-08  |g|= 5.11e-05  |ddm|= 0.000405
    CPU time for cycle= 7      0.41 sec, wall time      0.40 sec
diis-norm(errvec)=0.000116142
diis-c [ -5.29025344e-09   9.13463732e-05   9.83549925e-05  -5.22551704e-04
  -1.61958220e-03   1.44213744e-02  -1.28631344e-01   1.11616240e+00]
  HOMO = -0.684910018913926  LUMO = 0.211613351646557
  mo_energy =
[-26.37393021 -26.37393021 -26.37393021 -26.37388652 -11.60953882
  -1.80150109  -1.67767724  -1.67767724  -1.67767724  -1.01027815
  -0.8879599   -0.8879599   -0.8879599   -0.76381454  -0.76381454
  -0.71186104  -0.71186104  -0.71186104  -0.68491002  -0.68491002
  -0.68491002   0.21161335   0.27743987   0.27743987   0.27743987
   0.43049595   0.43049595   0.43049595   0.44743611   0.64030923
   0.64030923   0.64030923   0.65314706   0.65314706   0.67675388
   0.84028984   0.84028984   0.84028984   0.93769322   0.93769322
   0.93769322   1.07106995   1.07106995   1.07106995   1.07441527
   1.07441527   1.10535468   1.17128718   1.17128718   1.17128718
   1.72040388   1.87609536   1.87609536   1.87609536   2.14385985
   2.14385985   2.14385985   2.20890864   2.20890864   2.39293215
   2.39293215   2.39293215   2.58588837   2.58588837   2.58588837
   2.68859428   2.68859428   2.68859428   2.8579097    2.8579097
   2.8579097    2.8948031    2.96321987   2.96321987   3.27631042
   3.27631042   3.46158171   3.46158171   3.46158171   3.50258419
   3.50258419   3.50258419   3.63727784   3.63727784   3.63727784
   4.007521     4.04775713   4.04775713   4.04775713   4.15260622
   4.15260622   4.15260622   4.217007     4.217007     4.2927958
   4.2927958    4.2927958    4.30612884   5.07392145   5.55007781
   5.55007781   5.55007781   7.27305273   7.27305273   7.27305273
   7.31786357   7.31786357   7.31786357   7.31876531   7.32164451
   7.32164451   7.32164451   7.33562109   7.33562109   7.33631775
   7.40429267   7.40429267   7.40429267   7.58373311   7.58373311
   7.58373311   7.6436529    7.6436529    7.68381865   8.08590435
   8.08590435   8.08590435   8.14434193   8.14434193   8.14434193
   8.82747698   8.82747698   8.87025088   8.87025088   8.87025088
   9.08456078   9.08456078   9.08456078   9.27279999   9.27279999
   9.27279999   9.40896865   9.40896865   9.40896865   9.47225897
   9.54568431   9.54568431   9.54568431   9.68714031   9.68714031
  24.11844281  58.70004896  58.70004896  58.70004896  58.84131666]
E_coul = 374.620562042782
cycle= 8 E= -435.838766069881  delta_E= -6.77e-10  |g|= 7.42e-06  |ddm|= 5e-05
    CPU time for cycle= 8      0.40 sec, wall time      0.41 sec
  HOMO = -0.684911658938384  LUMO = 0.211612974542191
  mo_energy =
[-26.37393469 -26.37393469 -26.37393469 -26.373891   -11.60954746
  -1.80150344  -1.6776795   -1.6776795   -1.6776795   -1.01028027
  -0.88796202  -0.88796202  -0.88796202  -0.76381611  -0.76381611
  -0.71186275  -0.71186275  -0.71186275  -0.68491166  -0.68491166
  -0.68491166   0.21161297   0.27743947   0.27743947   0.27743947
   0.43049366   0.43049366   0.43049366   0.44743395   0.64030882
   0.64030882   0.64030882   0.65314661   0.65314661   0.67675328
   0.84028942   0.84028942   0.84028942   0.93769276   0.93769276
   0.93769276   1.07106934   1.07106934   1.07106934   1.07441377
   1.07441377   1.10535399   1.17128567   1.17128567   1.17128567
   1.72040246   1.87609337   1.87609337   1.87609337   2.14385865
   2.14385865   2.14385865   2.20890762   2.20890762   2.39293089
   2.39293089   2.39293089   2.58588659   2.58588659   2.58588659
   2.68859249   2.68859249   2.68859249   2.85790844   2.85790844
   2.85790844   2.89480172   2.96321864   2.96321864   3.27630744
   3.27630744   3.46157939   3.46157939   3.46157939   3.50258247
   3.50258247   3.50258247   3.6372759    3.6372759    3.6372759
   4.00751866   4.04775527   4.04775527   4.04775527   4.15260429
   4.15260429   4.15260429   4.21700526   4.21700526   4.29279396
   4.29279396   4.29279396   4.30612702   5.07391934   5.55007562
   5.55007562   5.55007562   7.27305132   7.27305132   7.27305132
   7.31786236   7.31786236   7.31786236   7.31876412   7.32164331
   7.32164331   7.32164331   7.33561969   7.33561969   7.33631653
   7.40429112   7.40429112   7.40429112   7.58373159   7.58373159
   7.58373159   7.64365128   7.64365128   7.68381685   8.08590276
   8.08590276   8.08590276   8.14434004   8.14434004   8.14434004
   8.82747497   8.82747497   8.87024887   8.87024887   8.87024887
   9.08455874   9.08455874   9.08455874   9.27279774   9.27279774
   9.27279774   9.40896642   9.40896642   9.40896642   9.4722566
   9.54568196   9.54568196   9.54568196   9.68713814   9.68713814
  24.11843475  58.70004469  58.70004469  58.70004469  58.84131239]
    CPU time for scf_cycle      8.64 sec, wall time      8.65 sec
    CPU time for SCF      8.64 sec, wall time      8.65 sec
converged SCF energy = -435.838766069881
RHF E = -435.83876607
RHF eps = [-26.37393469 -26.37393469 -26.37393469 -26.373891   -11.60954746
  -1.80150344  -1.6776795   -1.6776795   -1.6776795   -1.01028027
  -0.88796202  -0.88796202  -0.88796202  -0.76381611  -0.76381611
  -0.71186275  -0.71186275  -0.71186275  -0.68491166  -0.68491166
  -0.68491166   0.21161297   0.27743947   0.27743947   0.27743947
   0.43049366   0.43049366   0.43049366   0.44743395   0.64030882
   0.64030882   0.64030882   0.65314661   0.65314661   0.67675328
   0.84028942   0.84028942   0.84028942   0.93769276   0.93769276
   0.93769276   1.07106934   1.07106934   1.07106934   1.07441377
   1.07441377   1.10535399   1.17128567   1.17128567   1.17128567
   1.72040246   1.87609337   1.87609337   1.87609337   2.14385865
   2.14385865   2.14385865   2.20890762   2.20890762   2.39293089
   2.39293089   2.39293089   2.58588659   2.58588659   2.58588659
   2.68859249   2.68859249   2.68859249   2.85790844   2.85790844
   2.85790844   2.89480172   2.96321864   2.96321864   3.27630744
   3.27630744   3.46157939   3.46157939   3.46157939   3.50258247
   3.50258247   3.50258247   3.6372759    3.6372759    3.6372759
   4.00751866   4.04775527   4.04775527   4.04775527   4.15260429
   4.15260429   4.15260429   4.21700526   4.21700526   4.29279396
   4.29279396   4.29279396   4.30612702   5.07391934   5.55007562
   5.55007562   5.55007562   7.27305132   7.27305132   7.27305132
   7.31786236   7.31786236   7.31786236   7.31876412   7.32164331
   7.32164331   7.32164331   7.33561969   7.33561969   7.33631653
   7.40429112   7.40429112   7.40429112   7.58373159   7.58373159
   7.58373159   7.64365128   7.64365128   7.68381685   8.08590276
   8.08590276   8.08590276   8.14434004   8.14434004   8.14434004
   8.82747497   8.82747497   8.87024887   8.87024887   8.87024887
   9.08455874   9.08455874   9.08455874   9.27279774   9.27279774
   9.27279774   9.40896642   9.40896642   9.40896642   9.4722566
   9.54568196   9.54568196   9.54568196   9.68713814   9.68713814
  24.11843475  58.70004469  58.70004469  58.70004469  58.84131239]
    CPU time for transforming oopq     13.25 sec, wall time     13.25 sec
    CPU time for transforming ovpq     15.45 sec, wall time     15.46 sec
MO integrals cint2e_sph are saved in <HDF5 file "tmpXwLC9n" (mode r+)>/eri_mo
num. MO ints = 3.2241794e+08, required disk 2579.3435 MB
step1: tmpfile /tmp/tmp151aMh  1736.7043 MB
step1: (ij,kl) = (17956,12090), mem cache 4000 MB, iobuf 800 MB
    CPU time for Initializing ao2mo.outcore.half_e1      0.03 sec, wall time      0.03 sec
step 1 [1/3], AO [0:836], len(buf) = 5568
      fill iobuf micro [1/1], AO [0:836], len(aobuf) = 5568
    CPU time for gen AO/transform MO [1/3]      9.88 sec, wall time      9.88 sec
step 1 [2/3], AO [836:1493], len(buf) = 5556
      fill iobuf micro [1/1], AO [836:1493], len(aobuf) = 5556
    CPU time for gen AO/transform MO [2/3]     10.10 sec, wall time     10.10 sec
step 1 [3/3], AO [1493:1540], len(buf) = 966
      fill iobuf micro [1/1], AO [1493:1540], len(aobuf) = 966
    CPU time for gen AO/transform MO [3/3]      2.46 sec, wall time     21.71 sec
    CPU time for AO->MO transformation for cint2e_sph 1 pass     23.59 sec, wall time     71.45 sec
step2: kl-pair (ao 12090, mo 17956), mem 263.0784 MB, ioblock 390.72256 MB
step 2 [1/7], [0,0:2720], row = 2720
step 2 [1/7] CPU time:      2.62, Wall time:      2.61
step 2 [2/7], [0,2720:5440], row = 2720
step 2 [2/7] CPU time:      2.71, Wall time:      8.87
step 2 [3/7], [0,5440:8160], row = 2720
step 2 [3/7] CPU time:      2.70, Wall time:     12.57
step 2 [4/7], [0,8160:10880], row = 2720
step 2 [4/7] CPU time:      2.74, Wall time:      8.75
step 2 [5/7], [0,10880:13600], row = 2720
step 2 [5/7] CPU time:      2.79, Wall time:      4.64
step 2 [6/7], [0,13600:16320], row = 2720
step 2 [6/7] CPU time:      2.84, Wall time:     18.22
step 2 [7/7], [0,16320:17956], row = 1636
step 2 [7/7] CPU time:      1.90, Wall time:     29.58
    CPU time for AO->MO transformation for cint2e_sph 2 pass     18.62 sec, wall time     89.36 sec
    CPU time for AO->MO transformation for cint2e_sph      42.21 sec, wall time    160.81 sec
    CPU time for transforming vvvv     48.88 sec, wall time    342.63 sec
    CPU time for CCSD integral transformation     78.04 sec, wall time    371.79 sec

******** <class 'pyscf.cc.rccsd_slow.RCCSD'> flags ********
CCSD nocc = 16, nvir = 134
frozen orbitals [0, 1, 2, 3, 4]
max_cycle = 50
direct = 0
conv_tol = 1e-07
conv_tol_normt = 1e-05
diis_space = 6
diis_start_cycle = 0
diis_start_energy_diff = 1e+09
Init t2, MP2 energy = -1.14377644062278
    CPU time for init mp2      0.14 sec, wall time      0.77 sec
E(MBPT2) = -436.9825425105035  E_corr = -1.143776440622784
    CPU time for EOM-CCSD shared one-electron intermediates      2.12 sec, wall time      7.77 sec
    CPU time for EOM-CCSD shared two-electron intermediates      6.06 sec, wall time      7.92 sec
    CPU time for EOM-CCSD IP intermediates      8.03 sec, wall time      8.13 sec
tol 1e-07  toloose 0.000316228
max_cycle 50  max_space 38  max_memory 2000  incore True
davidson 0 6  |r|= 0.513  e= [ 0.76690652  0.76690652  0.76690652  0.79851926  0.79851926  0.79851926]  max|de|= 0.799  lindep=    1
davidson 1 12  |r|= 0.106  e= [ 0.59936401  0.59932448  0.59930458  0.64115105  0.64110612  0.64113425]  max|de|= -0.168  lindep= 0.954
davidson 2 18  |r|= 0.0171  e= [ 0.597883    0.59788688  0.597883    0.63972381  0.6397267   0.6397267 ]  max|de|= -0.00148  lindep= 0.964
davidson 3 22  |r|= 0.017  e= [ 0.59788849  0.59848524  0.59848461  0.64047866  0.64048174  0.6397267 ]  max|de|= 0.000755  lindep= 0.844
davidson 4 28  |r|= 0.00909  e= [ 0.59848609  0.59856182  0.59856161  0.64041773  0.64041847  0.64047848]  max|de|= 0.000752  lindep= 0.764
davidson 5 34  |r|= 0.0042  e= [ 0.59856135  0.59856153  0.59856187  0.64032503  0.64032598  0.64041697]  max|de|= -9.27e-05  lindep= 0.769
root 0 converged  |r|= 0.000311  e= 0.598561346346  max|de|= 1.22e-15
root 1 converged  |r|= 0.000216  e= 0.598561529625  max|de|= 1.11e-16
davidson 6 6  |r|= 0.0042  e= [ 0.59856135  0.59856153  0.59856187  0.64032503  0.64032598  0.64041697]  max|de|= 1.22e-15  lindep= 0.999
davidson 7 10  |r|= 0.00171  e= [ 0.59856122  0.59856153  0.59856047  0.64029505  0.6402952   0.64033086]  max|de|= -8.61e-05  lindep= 0.944
davidson 8 14  |r|= 0.000731  e= [ 0.59856169  0.59856152  0.59855667  0.64029796  0.64029804  0.64027856]  max|de|= -5.23e-05  lindep= 0.737
davidson 9 18  |r|= 0.000358  e= [ 0.59856105  0.59856153  0.59855746  0.64029542  0.64029505  0.64028705]  max|de|= 8.49e-06  lindep= 0.816
davidson 10 22  |r|= 0.000157  e= [ 0.59856134  0.59856154  0.59855789  0.64029428  0.64029438  0.640302  ]  max|de|= 1.49e-05  lindep= 0.774
davidson 11 26  |r|= 4.49e-05  e= [ 0.5985613   0.59856157  0.59855815  0.64029648  0.64029741  0.64029568]  max|de|= -6.32e-06  lindep= 0.617
root 2 converged  |r|= 2.59e-06  e= 0.598558130088  max|de|= -2.28e-08
davidson 12 30  |r|= 6.06e-06  e= [ 0.59856123  0.59856157  0.59855813  0.64029676  0.64029628  0.64029676]  max|de|= -1.13e-06  lindep= 0.675
root 5 converged  |r|= 7.39e-06  e= 0.640296831389  max|de|= 7.17e-08
davidson 13 32  |r|= 7.39e-06  e= [ 0.59856123  0.59856157  0.59855813  0.64029633  0.64029651  0.64029683]  max|de|= -4.28e-07  lindep= 0.606
root 4 converged  |r|= 4.69e-07  e= 0.640296452336  max|de|= -5.44e-08
davidson 14 34  |r|= 7.21e-07  e= [ 0.59856115  0.59856156  0.5985581   0.64029649  0.64029645  0.64029684]  max|de|= 1.63e-07  lindep= 0.714
root 0 converged  |r|= 0.000105  e= 0.598561153552  max|de|= -3.33e-16
root 1 converged  |r|= 0.000192  e= 0.598561564979  max|de|= -1.78e-15
root 2 converged  |r|= 2.47e-06  e= 0.598558100017  max|de|= -1.44e-15
root 3 converged  |r|= 7.21e-07  e= 0.640296494467  max|de|= 5.55e-16
root 4 converged  |r|= 4.69e-07  e= 0.640296452336  max|de|= 2.22e-16
root 5 converged  |r|= 7.44e-06  e= 0.640296840622  max|de|= -2.66e-15
converge 15 6  |r|= 0.000192  e= [ 0.59856115  0.59856156  0.5985581   0.64029649  0.64029645  0.64029684]  max|de|= -2.66e-15
IP root 0 E = 0.5985611535517376  qpwt = 0.955672
IP root 1 E = 0.5985615649787129  qpwt = 0.955671
IP root 2 E = 0.5985581000169012  qpwt = 0.95567
IP root 3 E = 0.6402964944674016  qpwt = 0.957949
IP root 4 E = 0.6402964523359989  qpwt = 0.957949
IP root 5 E = 0.6402968406220148  qpwt = 0.95795
    CPU time for IP-CCSD     54.38 sec, wall time     62.04 sec
    CPU time for EOM-CCSD shared one-electron intermediates      2.70 sec, wall time      2.70 sec
    CPU time for EOM-CCSD EA intermediates    221.93 sec, wall time    279.18 sec
tol 1e-07  toloose 0.000316228
max_cycle 50  max_space 38  max_memory 2000  incore True
davidson 0 6  |r|= 0.535  e= [ 0.21924892  0.28999368  0.28999368  0.2906999   0.46690095  0.46690095]  max|de|= 0.467  lindep=    1
davidson 1 12  |r|= 0.0984  e= [ 0.18545411  0.25606497  0.25606772  0.26167574  0.34677023  0.34674404]  max|de|= -0.12  lindep= 0.868
davidson 2 18  |r|= 0.0533  e= [ 0.18111678  0.25330939  0.25330805  0.25591646  0.33704595  0.33705049]  max|de|= -0.00972  lindep= 0.96
davidson 3 24  |r|= 0.0263  e= [ 0.18065982  0.25338245  0.2533823   0.25459143  0.33721295  0.33721305]  max|de|= -0.00133  lindep= 0.815
davidson 4 30  |r|= 0.0135  e= [ 0.1803681   0.25335979  0.25335983  0.25350319  0.33708482  0.33708468]  max|de|= -0.00109  lindep= 0.971
davidson 5 36  |r|= 0.0024  e= [ 0.18036419  0.2533624   0.25336236  0.25337423  0.33707401  0.33707411]  max|de|= -0.000129  lindep= 0.858
root 1 converged  |r|= 0.000169  e= 0.253362396793  max|de|= -6.11e-16
root 2 converged  |r|= 0.000168  e= 0.25336236354  max|de|= 1.11e-15
davidson 6 6  |r|= 0.0024  e= [ 0.18036419  0.2533624   0.25336236  0.25337423  0.33707401  0.33707411]  max|de|= -1.47e-15  lindep=    1
davidson 7 10  |r|= 0.000663  e= [ 0.18036241  0.25336284  0.25336284  0.25337051  0.33707769  0.33707767]  max|de|= -3.72e-06  lindep= 0.946
davidson 8 14  |r|= 0.000117  e= [ 0.18036055  0.25336312  0.25336311  0.25336371  0.3370786   0.3370786 ]  max|de|= -6.8e-06  lindep= 0.778
davidson 9 18  |r|= 4.62e-05  e= [ 0.18036108  0.25336311  0.25336309  0.25336338  0.33707721  0.33707721]  max|de|= -1.4e-06  lindep= 0.633
davidson 10 22  |r|= 1.33e-05  e= [ 0.18036083  0.25336312  0.2533631   0.25336324  0.33707781  0.33707781]  max|de|= 6.04e-07  lindep= 0.387
root 5 converged  |r|= 3.2e-06  e= 0.337077809192  max|de|= -3.49e-11
davidson 11 25  |r|= 1.31e-05  e= [ 0.18036106  0.25336311  0.25336297  0.25336376  0.33707762  0.33707781]  max|de|= 5.2e-07  lindep= 0.412
root 0 converged  |r|= 7.52e-07  e= 0.180360992095  max|de|= -6.36e-08
root 4 converged  |r|= 3.49e-07  e= 0.33707765477  max|de|= 3.2e-08
davidson 12 28  |r|= 6.3e-06  e= [ 0.18036099  0.25336311  0.25336296  0.25336323  0.33707765  0.33707781]  max|de|= -5.28e-07  lindep= 0.417
davidson 13 29  |r|= 5.42e-05  e= [ 0.18036099  0.25336311  0.25336295  0.25336311  0.33707765  0.33707781]  max|de|= -1.25e-07  lindep= 0.957
davidson 14 30  |r|= 1.45e-05  e= [ 0.18036099  0.25336328  0.25336296  0.25336328  0.33707765  0.33707781]  max|de|= 1.72e-07  lindep= 0.932
davidson 15 31  |r|= 1.96e-06  e= [ 0.18036099  0.25336351  0.25336295  0.2533635   0.33707765  0.33707779]  max|de|= 2.33e-07  lindep= 0.716
davidson 16 32  |r|= 7.52e-07  e= [ 0.25336351  0.25336351  0.25336295  0.18036099  0.33707765  0.33707779]  max|de|= 0.073  lindep= 0.66
root 3 converged  |r|= 1.45e-07  e= 0.180361008938  max|de|= 1.68e-08
converge 17 33  |r|= 1.45e-07  e= [ 0.25336351  0.25336351  0.25336295  0.18036101  0.33707765  0.33707779]  max|de|= 1.68e-08
EA root 0 E = 0.2533635146346344  qpwt = 0.987926
EA root 1 E = 0.2533635146346344  qpwt = 0.987926
EA root 2 E = 0.2533629503778605  qpwt = 0.987925
EA root 3 E = 0.1803610089376008  qpwt = 0.989722
EA root 4 E = 0.3370776546599838  qpwt = 0.96909
EA root 5 E = 0.3370777882384988  qpwt = 0.96909
    CPU time for EA-CCSD    665.97 sec, wall time    723.50 sec
