

******** <class 'pyscf.scf.hf.RHF'> flags ********
method = RHF
initial guess = minao
damping factor = 0
level shift factor = 0
Do DIIS = True
DIIS start cycle = 1
DIIS space = 8
SCF tol = 1e-09
SCF gradient tol = None
max. SCF cycles = 50
direct_scf = True
direct_scf_tol = 1e-13
chkfile to save SCF result = /tmp/tmp8XFaye
max_memory 4000 MB (current use 39 MB)
Set gradient conv threshold to 3.16228e-05
Nelec from initial guess = 17.998
cond(S) = 12501.3784294
E_coul = 79.1936846983167
init E= -115.145790262178
    CPU time for initialize scf      1.72 sec, wall time      1.72 sec
  HOMO = -0.377054384320675  LUMO = 0.0807072691471297
  mo_energy =
[-20.77316538 -11.45705779  -1.70927501  -1.13832576  -0.73281339
  -0.59834033  -0.59247147  -0.42799276  -0.37705438   0.08070727
   0.12306039   0.18775702   0.20345684   0.20788467   0.31421767
   0.31513326   0.37194992   0.45210996   0.48048571   0.53033609
   0.54328748   0.57522943   0.58877306   0.60198586   0.63889715
   0.75326025   0.784295     0.8624776    0.86637297   1.02593534
   1.03996713   1.1072437    1.11371253   1.14406883   1.22357656
   1.24408893   1.33472165   1.41631813   1.41846988   1.4712371
   1.49229109   1.60507192   1.63013208   1.68487548   1.87083342
   1.95518189   2.04021769   2.04245017   2.09507404   2.20316131
   2.28306961   2.34017701   2.73569872   2.74066771   2.77708304
   2.84455044   2.94088551   2.94701605   3.02514773   3.05889693
   3.05998352   3.11887693   3.14593418   3.1900077    3.26172782
   3.2884128    3.42286699   3.55526114   3.55929729   3.62604979
   3.66996226   3.69963165   3.72042843   3.7704767    3.8423329
   3.88807038   3.93587393   4.00449703   4.04014323   4.09601493
   4.20719401   4.220283     4.28389921   4.34315358   4.39728895
   4.40441851   4.43705201   4.53584713   4.59503629   4.68716275
   4.78415008   4.8593866    4.90702588   5.04644822   5.19506863
   5.25457344   5.29695664   5.33080087   5.44195816   5.47820494
   5.54476601   5.58668688   5.73077564   5.82824459   5.96294842
   6.04825332   6.28841822   6.33807548   6.85320248   7.00216344
   7.02327655   7.1535947    7.16882791   7.34028952   7.75185738
   7.8293926   24.39762832  45.18592812]
E_coul = 82.1405101845588
cycle= 1 E= -115.054622552004  delta_E= 0.0912  |g|= 0.441  |ddm|= 1.46
    CPU time for cycle= 1      0.14 sec, wall time      0.14 sec
diis-norm(errvec)=1.30816
diis-c [-1.71127016  1.        ]
  HOMO = -0.39988086107528  LUMO = 0.130972662331781
  mo_energy =
[-20.34476096 -11.32069199  -1.30102512  -0.93907384  -0.66513017
  -0.62050206  -0.57194771  -0.46353402  -0.39988086   0.13097266
   0.16943182   0.22004992   0.2239475    0.25008209   0.31912641
   0.33969743   0.4571281    0.51907962   0.55998432   0.59496396
   0.59807353   0.63953672   0.66432518   0.66642232   0.73903136
   0.79632346   0.82607286   0.89737769   0.94653815   1.05097421
   1.05343028   1.1309194    1.13400957   1.21312746   1.26837378
   1.27255501   1.35282628   1.45013028   1.45925315   1.50220205
   1.54683046   1.63411593   1.66239648   1.73351524   1.93900932
   2.01600438   2.17227392   2.18149303   2.21199339   2.27897163
   2.41275939   2.44504791   2.79431211   2.81474914   2.85772922
   2.88524241   3.08101056   3.08318547   3.09208097   3.12748309
   3.16700647   3.187821     3.21581848   3.30867134   3.34912616
   3.43212838   3.47524658   3.58868071   3.60604131   3.68488837
   3.71716424   3.72186777   3.7784584    3.80903866   3.90024834
   3.95000293   3.97405571   4.04011161   4.07312037   4.12341203
   4.24367608   4.24770141   4.30942883   4.37321033   4.44577575
   4.44912261   4.48772051   4.57288525   4.65264169   4.74427994
   4.83833978   4.92485618   5.00013292   5.16158273   5.27435956
   5.31467958   5.37581025   5.38571684   5.51092839   5.55150306
   5.61081525   5.64273064   5.82886831   5.90498462   6.12605549
   6.23557753   6.49627833   6.53850679   7.12932738   7.2241843
   7.31782113   7.34364332   7.45975311   7.60608444   7.98499629
   8.03686179  24.52680733  45.59036989]
E_coul = 80.8868452836917
cycle= 2 E= -115.084371336566  delta_E= -0.0297  |g|= 0.25  |ddm|= 0.346
    CPU time for cycle= 2      0.14 sec, wall time      0.14 sec
diis-norm(errvec)=0.689849
diis-c [-0.18602359  0.30359362  0.69640638]
  HOMO = -0.459731601950962  LUMO = 0.13421570161309
  mo_energy =
[-20.59682785 -11.26551814  -1.37209323  -0.93286555  -0.70259444
  -0.62354622  -0.59815361  -0.50833352  -0.4597316    0.1342157
   0.17294491   0.22770241   0.22966021   0.25145838   0.32687188
   0.33881805   0.45589563   0.51075433   0.55297384   0.58374526
   0.60278985   0.64294545   0.65657011   0.67463744   0.71430804
   0.79719528   0.82504878   0.89101358   0.92207289   1.05474837
   1.06538488   1.14291423   1.14584704   1.21263072   1.26628823
   1.27829647   1.35961973   1.44577063   1.45824561   1.51070234
   1.53984592   1.6498516    1.67273464   1.75624612   1.94473137
   2.02305643   2.1316145    2.136245     2.17158718   2.28396904
   2.38051818   2.41411221   2.80336096   2.81629078   2.84116391
   2.89878253   3.04815593   3.05616065   3.10465424   3.1413159
   3.16425815   3.20428711   3.23162429   3.28912088   3.33776073
   3.38404928   3.48648987   3.61147424   3.62052579   3.67397824
   3.7277034    3.73599269   3.78043461   3.81394727   3.90784428
   3.95749869   3.9776544    4.05462294   4.09005296   4.13369801
   4.24958645   4.25831809   4.32937147   4.38716634   4.44371921
   4.44861739   4.49366488   4.58826763   4.64456523   4.74710458
   4.84951912   4.9323553    4.98640717   5.12673784   5.26441683
   5.33036076   5.37871445   5.40278765   5.52755013   5.55067434
   5.62738129   5.66307688   5.83458595   5.92870555   6.08511383
   6.17293494   6.42117429   6.4691266    7.01267523   7.13031558
   7.1885515    7.26523322   7.33411962   7.49052325   7.8955358
   7.93901551  24.5773165   45.35193731]
E_coul = 81.562051196041
cycle= 3 E= -115.094356238186  delta_E= -0.00998  |g|= 0.0494  |ddm|= 0.127
    CPU time for cycle= 3      0.15 sec, wall time      0.14 sec
diis-norm(errvec)=0.137861
diis-c [-0.00750985 -0.06676825  0.04903983  1.01772842]
  HOMO = -0.449914286936988  LUMO = 0.137531811021347
  mo_energy =
[-20.54706129 -11.26924446  -1.35458495  -0.92568631  -0.69094982
  -0.61707652  -0.58961117  -0.50201929  -0.44991429   0.13753181
   0.1758391    0.22923021   0.23141926   0.25405704   0.32852181
   0.33954937   0.45856105   0.51609341   0.55935369   0.58808622
   0.60603779   0.64698269   0.66161732   0.67917483   0.72218412
   0.80057197   0.82916334   0.89757983   0.9258489    1.0592882
   1.06796604   1.14508757   1.14815333   1.21723892   1.27008111
   1.28140099   1.3633876    1.45222919   1.46316024   1.51279796
   1.54553522   1.65205505   1.67533129   1.75900425   1.94834011
   2.02684288   2.14208646   2.14581494   2.18066239   2.28818559
   2.38844001   2.42457357   2.80978052   2.82512049   2.84853879
   2.90335649   3.0610829    3.06769713   3.10811146   3.14580687
   3.17067698   3.20807523   3.23593565   3.29647533   3.34626745
   3.39307706   3.49385011   3.61652369   3.62681651   3.68750779
   3.73502636   3.74510858   3.78811915   3.82316491   3.91464104
   3.96418504   3.9880293    4.06089662   4.09691422   4.14077897
   4.25850018   4.26665044   4.33615643   4.39303907   4.45362463
   4.45750505   4.50083055   4.59439521   4.65429488   4.75504388
   4.85558111   4.94039249   4.9977007    5.13983408   5.27558241
   5.33653113   5.38755676   5.40717121   5.53325106   5.56048217
   5.63337179   5.66825602   5.84264937   5.93323442   6.09759528
   6.18981135   6.43755306   6.48535641   7.03842724   7.1480247
   7.21276469   7.2860238    7.35655665   7.51257861   7.9159681
   7.96375614  24.57459925  45.3989286 ]
E_coul = 81.4357148483209
cycle= 4 E= -115.09486356138  delta_E= -0.000507  |g|= 0.00778  |ddm|= 0.0329
    CPU time for cycle= 4      0.14 sec, wall time      0.14 sec
diis-norm(errvec)=0.0243754
diis-c [ -2.15631382e-04  -1.55780937e-02  -3.03060504e-02   5.65657721e-02
   9.89318372e-01]
  HOMO = -0.452161786959894  LUMO = 0.137050374645503
  mo_energy =
[-20.55378159 -11.27181272  -1.35737618  -0.92633127  -0.69261331
  -0.6185557   -0.59111145  -0.50325661  -0.45216179   0.13705037
   0.17570248   0.22937449   0.23124527   0.25396041   0.32805128
   0.33957305   0.45831641   0.51528195   0.55846669   0.5876507
   0.60562788   0.64641997   0.66081964   0.6790245    0.72156956
   0.80010955   0.82866866   0.89653483   0.92541789   1.05845869
   1.06802155   1.14492048   1.14795901   1.21636651   1.2696791
   1.28105272   1.36276368   1.45144322   1.46216143   1.51248255
   1.54471343   1.65176339   1.67514483   1.75856718   1.94766329
   2.02593214   2.14084696   2.14453317   2.17935765   2.28691702
   2.38723855   2.42307332   2.80929381   2.82474061   2.84797603
   2.90313434   3.05911392   3.06587205   3.10762206   3.14451646
   3.17023551   3.20719754   3.23511288   3.2956584    3.34505474
   3.3917772    3.49246015   3.6169604    3.6261584    3.68593977
   3.73419513   3.74385812   3.78737268   3.82230084   3.91382347
   3.96355188   3.98703747   4.06081368   4.09686346   4.14077819
   4.25816158   4.26637548   4.33593469   4.39363301   4.4527303
   4.45719443   4.50062023   4.5941519    4.65344347   4.75468618
   4.85542954   4.93949038   4.99606993   5.13830373   5.27467998
   5.33605036   5.38658484   5.40675859   5.53293622   5.55958301
   5.63312956   5.6681951    5.84136258   5.93281658   6.0956677
   6.18708579   6.43539759   6.48322968   7.03502065   7.14613979
   7.20973593   7.28310009   7.35381275   7.5099146    7.91391637
   7.96044094  24.57219601  45.39263018]
E_coul = 81.4565157356233
cycle= 5 E= -115.094881099549  delta_E= -1.75e-05  |g|= 0.00147  |ddm|= 0.00763
    CPU time for cycle= 5      0.15 sec, wall time      0.14 sec
diis-norm(errvec)=0.00503367
diis-c [ -1.50911127e-05   3.56864586e-03   6.16562484e-04  -4.16109209e-02
  -8.99122951e-02   1.12733801e+00]
  HOMO = -0.452051615506666  LUMO = 0.137125763086375
  mo_energy =
[-20.553414   -11.27048049  -1.35702923  -0.92595116  -0.69223959
  -0.6182585   -0.59081692  -0.50306741  -0.45205162   0.13712576
   0.17575099   0.2294439    0.23135274   0.25402456   0.32811461
   0.33959448   0.45841951   0.51550068   0.55861616   0.58771928
   0.60578662   0.64661845   0.66096116   0.67914415   0.72169401
   0.8002676    0.82881154   0.89663785   0.92555032   1.05857594
   1.06807857   1.14504913   1.14808659   1.21659144   1.26979971
   1.28115408   1.36287649   1.45155308   1.46235513   1.5126087
   1.54488089   1.65200027   1.6753179    1.75886514   1.94793913
   2.02623218   2.14100129   2.14471173   2.17955587   2.28731455
   2.38750409   2.42326605   2.80950026   2.82487406   2.84813109
   2.90331783   3.05938934   3.06623439   3.10790807   3.14491608
   3.17045958   3.20764265   3.2354811    3.2959766    3.34527354
   3.39208492   3.49271113   3.61703024   3.62637437   3.68608896
   3.73440287   3.74405358   3.78757      3.82245198   3.914123
   3.96381528   3.98715816   4.06098242   4.09700948   4.14085486
   4.25824169   4.26649041   4.3361282    4.39368151   4.45286536
   4.45729108   4.5007957    4.59434457   4.65359172   4.75484594
   4.85565555   4.93976563   4.99634458   5.13852702   5.27482862
   5.33634719   5.3868764    5.40705419   5.53323986   5.55978462
   5.63337329   5.6684363    5.84178376   5.93317456   6.09605967
   6.18748478   6.43569615   6.48357797   7.03526335   7.14634742
   7.21005452   7.28330518   7.35409802   7.51017134   7.91408511
   7.96061606  24.57342578  45.39297679]
E_coul = 81.4524905248636
cycle= 6 E= -115.094882173915  delta_E= -1.07e-06  |g|= 0.000475  |ddm|= 0.00214
    CPU time for cycle= 6      0.14 sec, wall time      0.14 sec
diis-norm(errvec)=0.00148731
diis-c [ -1.37802727e-06   1.37801064e-03   2.11947132e-03  -8.38135818e-03
  -6.67039267e-02   1.33084731e-01   9.38503072e-01]
  HOMO = -0.452202709839888  LUMO = 0.13711102068373
  mo_energy =
[-20.55356829 -11.27096944  -1.35715167  -0.92609206  -0.69233053
  -0.61839727  -0.59095588  -0.50319352  -0.45220271   0.13711102
   0.17573057   0.22940958   0.23132857   0.25399595   0.32808878
   0.33955117   0.45837227   0.51539627   0.55853452   0.58765666
   0.60570924   0.64653786   0.66086853   0.67907634   0.72166382
   0.80020023   0.82875597   0.89661454   0.92548811   1.05852661
   1.06803595   1.14498618   1.14802561   1.2164768    1.26972654
   1.28109556   1.36283895   1.45150559   1.46228312   1.5125376
   1.54481234   1.65191808   1.67524054   1.75873881   1.94780701
   2.02610379   2.14091191   2.14463272   2.17946532   2.28714445
   2.38739295   2.42318152   2.80942811   2.82479817   2.84804159
   2.90324257   3.05924809   3.06607129   3.10775176   3.14475197
   3.17031991   3.20745554   3.23531289   3.29581632   3.34517562
   3.39194143   3.49261269   3.61696915   3.62627842   3.68605793
   3.73431812   3.74401626   3.78747623   3.82240537   3.91402406
   3.96370593   3.98712612   4.06091731   4.09695568   4.14081533
   4.25821372   4.26645476   4.33607527   4.39364398   4.45283392
   4.45724248   4.50074216   4.59427522   4.65353175   4.75477232
   4.85556478   4.93966501   4.99625696   5.138428     5.27474869
   5.33623868   5.38675929   5.40691922   5.53310929   5.55969171
   5.63325703   5.66832135   5.84162823   5.93299341   6.09591698
   6.18735943   6.4355364    6.48339965   7.0351573    7.14623019
   7.20992473   7.28319079   7.3539685    7.51001784   7.91394826
   7.96054437  24.57296907  45.39282543]
E_coul = 81.4536119477678
cycle= 7 E= -115.094882265057  delta_E= -9.11e-08  |g|= 0.000136  |ddm|= 0.000527
    CPU time for cycle= 7      0.15 sec, wall time      0.15 sec
diis-norm(errvec)=0.000418276
diis-c [ -5.02126873e-08  -3.17311909e-04  -1.96934568e-05   3.17413267e-03
   1.02708715e-02  -1.08780128e-01  -6.90176528e-02   1.16468978e+00]
  HOMO = -0.452216256223595  LUMO = 0.137110406184008
  mo_energy =
[-20.55353339 -11.27090018  -1.35714431  -0.92607552  -0.6923079   -0.618388
  -0.59093248  -0.50318076  -0.45221626   0.13711041   0.1757339
   0.2294198    0.23133539   0.25400428   0.32809233   0.33955799
   0.45837808   0.51540487   0.55853791   0.58765953   0.60571489
   0.64654929   0.66086887   0.67908862   0.7216743    0.80020561
   0.8287601    0.8966137    0.92548979   1.05853301   1.06804554
   1.14499952   1.14803841   1.21649689   1.26973654   1.28110659
   1.36284218   1.45151578   1.46229149   1.51255053   1.54482184
   1.65193385   1.67525937   1.75875874   1.947829     2.02612144
   2.1409132    2.14463011   2.17946646   2.28716797   2.38739335
   2.42318662   2.80943536   2.82481523   2.8480582    2.90325399
   3.05925928   3.06609438   3.10777637   3.14477195   3.170342
   3.20748464   3.23533944   3.29583666   3.3451849    3.3919557
   3.49262472   3.61698633   3.62629253   3.68606728   3.73433255
   3.74402128   3.78749582   3.82241543   3.91403797   3.96372532
   3.9871354    4.06093346   4.09696929   4.14083055   4.25822071
   4.26646532   4.3360847    4.39365967   4.45283741   4.45725841
   4.50075128   4.59428982   4.65354277   4.75478756   4.85557977
   4.9396792    4.9962658    5.13844355   5.27476848   5.33625303
   5.38677866   5.40694109   5.53312989   5.55971085   5.63327773
   5.66834183   5.84164429   5.93302386   6.09592817   6.18736813
   6.43554816   6.4834173    7.03516331   7.14623569   7.20993065
   7.2831943    7.35397093   7.51002389   7.9139542    7.96054822
  24.57303434  45.39285751]
E_coul = 81.4533592335457
cycle= 8 E= -115.094882275418  delta_E= -1.04e-08  |g|= 2.52e-05  |ddm|= 0.000196
    CPU time for cycle= 8      0.14 sec, wall time      0.15 sec
diis-norm(errvec)=7.34547e-05
diis-c [ -1.85644927e-09  -1.58518410e-05  -6.49106199e-05  -1.14759384e-04
   1.78400373e-03   9.33389043e-03  -2.85740997e-02  -1.80223443e-01
   1.19787517e+00]
  HOMO = -0.452218101325427  LUMO = 0.13711101874797
  mo_energy =
[-20.55352858 -11.27089976  -1.35714303  -0.92607582  -0.69230417
  -0.61838779  -0.59093068  -0.50317996  -0.4522181    0.13711102
   0.17573378   0.22941921   0.23133581   0.25400431   0.32809337
   0.33955673   0.45837801   0.51540486   0.55853769   0.58765887
   0.60571413   0.64654971   0.66086779   0.67908798   0.72167646
   0.80020537   0.82876032   0.89661499   0.92548979   1.05853375
   1.06804532   1.1449993    1.14803829   1.21649665   1.26973589
   1.28110624   1.36284325   1.45151615   1.4622918    1.51254999
   1.54482248   1.65193389   1.67525884   1.75875812   1.94782862
   2.02612195   2.14091383   2.14463106   2.17946767   2.28716824
   2.38739433   2.42318803   2.8094357    2.82481459   2.84805769
   2.90325392   3.05925933   3.06609491   3.1077754    3.14477268
   3.17034097   3.20748427   3.23533907   3.29583687   3.34518532
   3.39195701   3.49262586   3.61698472   3.62629274   3.68606926
   3.73433325   3.74402323   3.78749555   3.82241631   3.91403875
   3.96372509   3.98713664   4.06093311   4.09696896   4.14083011
   4.25822141   4.26646544   4.33608542   4.39365809   4.45283885
   4.45725821   4.50075121   4.5942897    4.65354352   4.75478693
   4.85557922   4.93967968   4.99626753   5.13844434   5.27476779
   5.3362531    5.38677862   5.40694059   5.53312886   5.55971058
   5.63327635   5.66834056   5.84164482   5.93302192   6.09592941
   6.18737004   6.4355484    6.4834175    7.03516689   7.14623775
   7.20993413   7.28319562   7.35397438   7.51002602   7.91395645
   7.96055152  24.57303488  45.39286203]
E_coul = 81.4533563068993
cycle= 9 E= -115.094882275786  delta_E= -3.68e-10  |g|= 4.64e-06  |ddm|= 3.85e-05
    CPU time for cycle= 9      0.15 sec, wall time      0.15 sec
  HOMO = -0.452218191967139  LUMO = 0.137110890981186
  mo_energy =
[-20.55352849 -11.27089872  -1.35714295  -0.92607527  -0.69230404
  -0.61838754  -0.59093004  -0.5031796   -0.45221819   0.13711089
   0.17573391   0.22941949   0.23133595   0.25400451   0.32809347
   0.33955701   0.45837823   0.51540492   0.55853779   0.58765891
   0.60571425   0.64654989   0.66086782   0.67908829   0.7216765
   0.80020553   0.82876034   0.89661474   0.92548989   1.05853378
   1.06804567   1.14499963   1.14803859   1.21649706   1.26973614
   1.2811065    1.36284325   1.45151612   1.462292     1.51255037
   1.54482258   1.65193421   1.67525924   1.75875862   1.94782916
   2.0261223    2.14091386   2.14463101   2.17946767   2.28716862
   2.38739444   2.42318793   2.80943586   2.82481481   2.84805798
   2.90325416   3.05925957   3.06609536   3.10777592   3.14477306
   3.17034143   3.20748476   3.23533957   3.29583729   3.34518547
   3.39195724   3.4926259    3.6169852    3.6262929    3.68606893
   3.73433334   3.74402298   3.78749576   3.82241623   3.91403894
   3.96372545   3.98713643   4.06093331   4.09696915   4.14083014
   4.25822131   4.26646546   4.33608546   4.39365848   4.4528387
   4.45725828   4.50075141   4.59428995   4.65354348   4.75478716
   4.85557954   4.93967985   4.99626759   5.13844453   5.274768     5.3362534
   5.38677881   5.40694102   5.53312926   5.55971073   5.63327681
   5.66834096   5.84164516   5.9330225    6.09592971   6.1873703
   6.43554872   6.48341782   7.03516698   7.14623792   7.20993432
   7.28319548   7.35397447   7.51002607   7.91395645   7.96055113
  24.57303584  45.39286212]
    CPU time for scf_cycle      3.03 sec, wall time      3.04 sec
    CPU time for SCF      3.03 sec, wall time      3.04 sec
converged SCF energy = -115.094882275786
RHF E = -115.094882276
RHF eps = [-20.55352849 -11.27089872  -1.35714295  -0.92607527  -0.69230404
  -0.61838754  -0.59093004  -0.5031796   -0.45221819   0.13711089
   0.17573391   0.22941949   0.23133595   0.25400451   0.32809347
   0.33955701   0.45837823   0.51540492   0.55853779   0.58765891
   0.60571425   0.64654989   0.66086782   0.67908829   0.7216765
   0.80020553   0.82876034   0.89661474   0.92548989   1.05853378
   1.06804567   1.14499963   1.14803859   1.21649706   1.26973614
   1.2811065    1.36284325   1.45151612   1.462292     1.51255037
   1.54482258   1.65193421   1.67525924   1.75875862   1.94782916
   2.0261223    2.14091386   2.14463101   2.17946767   2.28716862
   2.38739444   2.42318793   2.80943586   2.82481481   2.84805798
   2.90325416   3.05925957   3.06609536   3.10777592   3.14477306
   3.17034143   3.20748476   3.23533957   3.29583729   3.34518547
   3.39195724   3.4926259    3.6169852    3.6262929    3.68606893
   3.73433334   3.74402298   3.78749576   3.82241623   3.91403894
   3.96372545   3.98713643   4.06093331   4.09696915   4.14083014
   4.25822131   4.26646546   4.33608546   4.39365848   4.4528387
   4.45725828   4.50075141   4.59428995   4.65354348   4.75478716
   4.85557954   4.93967985   4.99626759   5.13844453   5.274768     5.3362534
   5.38677881   5.40694102   5.53312926   5.55971073   5.63327681
   5.66834096   5.84164516   5.9330225    6.09592971   6.1873703
   6.43554872   6.48341782   7.03516698   7.14623792   7.20993432
   7.28319548   7.35397447   7.51002607   7.91395645   7.96055113
  24.57303584  45.39286212]
    CPU time for transforming oopq      3.93 sec, wall time      3.93 sec
    CPU time for transforming ovpq      4.42 sec, wall time      4.41 sec
MO integrals cint2e_sph are saved in <HDF5 file "tmpPSY_ft" (mode r+)>/eri_mo
num. MO ints = 1.4115816e+08, required disk 1129.2653 MB
step1: tmpfile /tmp/tmpxt_MVR  667.33201 MB
step1: (ij,kl) = (11881,7021), mem cache 4000 MB, iobuf 800 MB
    CPU time for Initializing ao2mo.outcore.half_e1      0.01 sec, wall time      0.01 sec
step 1 [1/1], AO [0:1081], len(buf) = 7021
      fill iobuf micro [1/1], AO [0:1081], len(aobuf) = 7021
    CPU time for gen AO/transform MO [1/1]      6.25 sec, wall time      6.25 sec
    CPU time for AO->MO transformation for cint2e_sph 1 pass      7.53 sec, wall time      7.54 sec
step2: kl-pair (ao 7021, mo 11881), mem 233.65888 MB, ioblock 395.39968 MB
step 2 [1/3], [0,0:4160], row = 4160
step 2 [1/3] CPU time:      2.15, Wall time:      2.14
step 2 [2/3], [0,4160:8320], row = 4160
step 2 [2/3] CPU time:      2.23, Wall time:      2.23
step 2 [3/3], [0,8320:11881], row = 3561
step 2 [3/3] CPU time:      1.87, Wall time:     10.72
    CPU time for AO->MO transformation for cint2e_sph 2 pass      6.66 sec, wall time     18.96 sec
    CPU time for AO->MO transformation for cint2e_sph      14.19 sec, wall time     26.50 sec
    CPU time for transforming vvvv     17.50 sec, wall time     51.18 sec
    CPU time for CCSD integral transformation     25.99 sec, wall time     59.67 sec

******** <class 'pyscf.cc.rccsd_slow.RCCSD'> flags ********
CCSD nocc = 7, nvir = 109
frozen orbitals [0, 1]
max_cycle = 50
direct = 0
conv_tol = 1e-07
conv_tol_normt = 1e-05
diis_space = 6
diis_start_cycle = 0
diis_start_energy_diff = 1e+09
Init t2, MP2 energy = -0.426721738567186
    CPU time for init mp2      0.02 sec, wall time      0.02 sec
E(MBPT2) = -115.5216040143534  E_corr = -0.4267217385671863
    CPU time for EOM-CCSD shared one-electron intermediates      0.39 sec, wall time      0.39 sec
    CPU time for EOM-CCSD shared two-electron intermediates      0.54 sec, wall time      0.55 sec
    CPU time for EOM-CCSD IP intermediates      0.72 sec, wall time      0.71 sec
tol 1e-07  toloose 0.000316228
max_cycle 50  max_space 38  max_memory 2000  incore True
davidson 0 6  |r|= 0.356  e= [ 0.52122816  0.56773186  0.66336302  0.67585966  0.76206583  0.97365581]  max|de|= 0.974  lindep=    1
davidson 1 12  |r|= 0.0843  e= [ 0.40293567  0.46752315  0.55635573  0.5760468   0.64958308  0.8492392 ]  max|de|= -0.124  lindep= 0.968
davidson 2 18  |r|= 0.0249  e= [ 0.40175164  0.46643836  0.55567439  0.57483187  0.64816472  0.846367  ]  max|de|= -0.00287  lindep= 0.979
davidson 3 24  |r|= 0.0117  e= [ 0.40216391  0.46681521  0.55603126  0.5751734   0.64841221  0.84670051]  max|de|= 0.000412  lindep= 0.935
davidson 4 30  |r|= 0.00469  e= [ 0.40219417  0.46679859  0.55602848  0.57516608  0.64835267  0.8465813 ]  max|de|= -0.000119  lindep= 0.92
davidson 5 36  |r|= 0.00207  e= [ 0.40219497  0.46679414  0.55602216  0.57515765  0.64833586  0.84645597]  max|de|= -0.000125  lindep= 0.927
root 0 converged  |r|= 0.000134  e= 0.402194973339  max|de|=    0
root 1 converged  |r|= 0.000182  e= 0.466794135985  max|de|= -1.17e-15
root 2 converged  |r|= 0.00023  e= 0.556022155332  max|de|= -2.22e-16
root 3 converged  |r|= 0.000279  e= 0.575157653827  max|de|= -6.66e-16
davidson 6 6  |r|= 0.00207  e= [ 0.40219497  0.46679414  0.55602216  0.57515765  0.64833586  0.84645597]  max|de|= -1.17e-15  lindep=    1
davidson 7 8  |r|= 0.000854  e= [ 0.40219497  0.46679424  0.55602263  0.57515765  0.64834504  0.84646888]  max|de|= 1.29e-05  lindep= 0.984
davidson 8 10  |r|= 0.000683  e= [ 0.40219497  0.46679412  0.55602269  0.57515765  0.6483473   0.84646991]  max|de|= 2.26e-06  lindep= 0.449
davidson 9 12  |r|= 0.000338  e= [ 0.40219497  0.46679416  0.55602252  0.57515765  0.64834608  0.84646024]  max|de|= -9.67e-06  lindep= 0.241
root 5 converged  |r|= 0.000157  e= 0.846460190128  max|de|= -5.33e-08
davidson 10 14  |r|= 0.000157  e= [ 0.40219497  0.4667942   0.55602313  0.57515766  0.64834644  0.84646019]  max|de|= 6.12e-07  lindep= 0.427
davidson 11 15  |r|= 5.9e-06  e= [ 0.40219497  0.46679396  0.55602227  0.57515769  0.64834624  0.84646025]  max|de|= -8.53e-07  lindep= 0.485
root 4 converged  |r|= 2.55e-06  e= 0.648346303202  max|de|= 6.47e-08
converge 12 16  |r|= 2.55e-06  e= [ 0.40219501  0.46679384  0.55602248  0.57515768  0.6483463   0.84646023]  max|de|= 2.07e-07
IP root 0 E = 0.4021950116802369  qpwt = 0.957103
IP root 1 E = 0.4667938432489221  qpwt = 0.960664
IP root 2 E = 0.5560224813088193  qpwt = 0.958522
IP root 3 E = 0.5751576787353028  qpwt = 0.955169
IP root 4 E = 0.6483463032015728  qpwt = 0.954656
IP root 5 E = 0.846460225009032  qpwt = 0.900161
    CPU time for IP-CCSD      4.79 sec, wall time      4.79 sec
    CPU time for EOM-CCSD shared one-electron intermediates      0.41 sec, wall time      0.40 sec
    CPU time for EOM-CCSD EA intermediates     42.91 sec, wall time     43.36 sec
tol 1e-07  toloose 0.000316228
max_cycle 50  max_space 38  max_memory 2000  incore True
davidson 0 6  |r|= 0.224  e= [ 0.14378562  0.18228996  0.23656077  0.23828456  0.26158695  0.33343275]  max|de|= 0.333  lindep=    1
davidson 1 12  |r|= 0.0484  e= [ 0.11363239  0.15179345  0.20432666  0.2071709   0.23077886  0.30302753]  max|de|= -0.0322  lindep= 0.974
davidson 2 18  |r|= 0.0329  e= [ 0.11072903  0.14836729  0.2003726   0.20376693  0.22613613  0.30173882]  max|de|= -0.00464  lindep= 0.972
davidson 3 24  |r|= 0.00997  e= [ 0.11071675  0.14825398  0.20023747  0.20369095  0.22565597  0.30170662]  max|de|= -0.00048  lindep= 0.894
davidson 4 30  |r|= 0.00318  e= [ 0.1107246   0.14824961  0.20022692  0.20370273  0.22557147  0.30170733]  max|de|= -8.45e-05  lindep= 0.825
davidson 5 36  |r|= 0.000572  e= [ 0.11072834  0.14824934  0.20022381  0.20370412  0.22555679  0.30170922]  max|de|= -1.47e-05  lindep= 0.561
root 0 converged  |r|= 0.000166  e= 0.110728343862  max|de|= -1.25e-16
root 1 converged  |r|= 0.00022  e= 0.148249335098  max|de|= 2.78e-17
root 2 converged  |r|= 0.0003  e= 0.200223810743  max|de|= 1.69e-15
root 3 converged  |r|= 0.000205  e= 0.203704124567  max|de|= 2.22e-16
davidson 6 6  |r|= 0.000572  e= [ 0.11072834  0.14824934  0.20022381  0.20370412  0.22555679  0.30170922]  max|de|= -1.72e-15  lindep=    1
davidson 7 8  |r|= 0.000176  e= [ 0.11072863  0.14824983  0.20022407  0.20370418  0.22555649  0.30170933]  max|de|= 4.94e-07  lindep= 0.896
davidson 8 10  |r|= 0.000104  e= [ 0.11072863  0.14824971  0.20022364  0.20370413  0.22555482  0.30170884]  max|de|= -1.67e-06  lindep= 0.384
root 5 converged  |r|= 7.57e-05  e= 0.301708894357  max|de|= 5.59e-08
davidson 9 12  |r|= 7.57e-05  e= [ 0.11072862  0.14824948  0.20022346  0.20370412  0.22555525  0.30170889]  max|de|= 4.3e-07  lindep= 0.274
davidson 10 13  |r|= 5.64e-06  e= [ 0.11072869  0.14824966  0.20022375  0.20370414  0.22555513  0.30170889]  max|de|= 2.91e-07  lindep= 0.259
root 4 converged  |r|= 2.25e-06  e= 0.225555159539  max|de|= 3.01e-08
converge 11 14  |r|= 2.25e-06  e= [ 0.11072865  0.14824957  0.20022375  0.20370413  0.22555516  0.30170891]  max|de|= -8.63e-08
EA root 0 E = 0.1107286484791858  qpwt = 0.987131
EA root 1 E = 0.1482495728643401  qpwt = 0.986028
EA root 2 E = 0.2002237503396117  qpwt = 0.983541
EA root 3 E = 0.2037041308090938  qpwt = 0.983535
EA root 4 E = 0.2255551595391533  qpwt = 0.985165
EA root 5 E = 0.301708907765858  qpwt = 0.984805
    CPU time for EA-CCSD    127.59 sec, wall time    128.07 sec
