

******** <class 'pyscf.scf.hf.RHF'> flags ********
method = RHF
initial guess = minao
damping factor = 0
level shift factor = 0
Do DIIS = True
DIIS start cycle = 1
DIIS space = 8
SCF tol = 1e-09
SCF gradient tol = None
max. SCF cycles = 50
direct_scf = True
direct_scf_tol = 1e-13
chkfile to save SCF result = /tmp/tmpmdSqhI
max_memory 4000 MB (current use 39 MB)
Set gradient conv threshold to 3.16228e-05
Nelec from initial guess = 17.9917
cond(S) = 370.391401415
E_coul = 109.7326746606
init E= -198.57627471402
    CPU time for initialize scf      0.23 sec, wall time      0.68 sec
  HOMO = -0.519086984841053  LUMO = -0.229273764276229
  mo_energy =
[-26.4132354  -26.41250095  -1.88243289  -1.47648282  -0.82851922
  -0.73637471  -0.73637471  -0.51908698  -0.51908698  -0.22927376
   0.5992862    0.60046156   0.65513893   0.65513893   0.76310778
   0.76310778   0.77415845   1.07443291   1.87976496   1.87976496
   2.0717237    2.0717237    2.30380647   2.30380647   2.35887424
   2.77194116   2.77194116   2.95067696   3.43611394   3.43611394
   3.47796471   3.67130311   3.67130311   3.7341856    3.90434895
   5.10126019   6.88950759   6.88950759   6.90274784   7.13351752
   7.13351752   7.26882584   7.26882584   7.29633326   7.29633326
   7.41881543   7.41881543   7.80831448   7.80831448   8.34024557
   8.67530252   8.67530252   8.69669061   8.69669061   8.81996811
   8.81996811   9.27920329   9.3322694    9.3322694   10.46727454
  57.8540816   58.65861666]
E_coul = 108.391605693981
cycle= 1 E= -198.740765261291  delta_E= -0.164  |g|= 0.389  |ddm|= 1.08
    CPU time for cycle= 1      0.01 sec, wall time      0.02 sec
diis-norm(errvec)=0.918367
diis-c [-0.84339881  1.        ]
  HOMO = -0.708964090281908  LUMO = 0.0261318886339921
  mo_energy =
[ -2.65321081e+01  -2.65318539e+01  -1.82352320e+00  -1.54073672e+00
  -8.55469499e-01  -8.55469499e-01  -8.10012536e-01  -7.08964090e-01
  -7.08964090e-01   2.61318886e-02   5.99365590e-01   6.16470019e-01
   6.37977165e-01   6.37977165e-01   7.56582456e-01   7.56582456e-01
   7.57713229e-01   1.07385162e+00   1.82852988e+00   1.82852988e+00
   2.05167992e+00   2.05167992e+00   2.28706048e+00   2.28706048e+00
   2.31089169e+00   2.75647149e+00   2.75647149e+00   2.93411179e+00
   3.39373535e+00   3.39373535e+00   3.42632423e+00   3.62725964e+00
   3.62725964e+00   3.71564768e+00   3.89847412e+00   5.03309754e+00
   6.82667862e+00   6.83835229e+00   6.83835229e+00   7.09921932e+00
   7.09921932e+00   7.26663944e+00   7.26663944e+00   7.29411848e+00
   7.29411848e+00   7.37649783e+00   7.37649783e+00   7.72205144e+00
   7.72205144e+00   8.23183526e+00   8.62512197e+00   8.62512197e+00
   8.63834614e+00   8.63834614e+00   8.79187446e+00   8.79187446e+00
   9.20409453e+00   9.28956006e+00   9.28956006e+00   1.03978400e+01
   5.77393126e+01   5.85454645e+01]
E_coul = 109.853027852002
cycle= 2 E= -198.762236835694  delta_E= -0.0215  |g|= 0.134  |ddm|= 0.203
    CPU time for cycle= 2      0.02 sec, wall time      0.02 sec
diis-norm(errvec)=0.264177
diis-c [-0.02912862  0.18264762  0.81735238]
  HOMO = -0.661066917497775  LUMO = 0.0898103978559419
  mo_energy =
[-26.41470744 -26.41446363  -1.76068496  -1.49338059  -0.80611854
  -0.80611854  -0.75110045  -0.66106692  -0.66106692   0.0898104
   0.61323001   0.6301901    0.65615081   0.65615081   0.76784668
   0.76784668   0.78017001   1.09076861   1.87578049   1.87578049
   2.09056201   2.09056201   2.32319536   2.32319536   2.36007349
   2.78979573   2.78979573   2.96886504   3.4456172    3.4456172
   3.49637301   3.6831971    3.6831971    3.75648287   3.93601437
   5.10533249   6.88573446   6.89034603   6.89034603   7.15199374
   7.15199374   7.31893094   7.31893094   7.34635088   7.34635088
   7.43321783   7.43321783   7.79203779   7.79203779   8.31418446
   8.69976213   8.69976213   8.70972833   8.70972833   8.85955118
   8.85955118   9.27584929   9.3498702    9.3498702   10.45900765
  57.85133671  58.65661551]
E_coul = 109.402262250478
cycle= 3 E= -198.764247302355  delta_E= -0.00201  |g|= 0.0225  |ddm|= 0.0505
    CPU time for cycle= 3      0.02 sec, wall time      0.02 sec
diis-norm(errvec)=0.0429918
diis-c [-0.00125705 -0.03356038 -0.03432576  1.06788614]
  HOMO = -0.66828101679681  LUMO = 0.0856317938308298
  mo_energy =
[-26.43495841 -26.43472139  -1.76643008  -1.49914794  -0.81247476
  -0.81247476  -0.75434366  -0.66828102  -0.66828102   0.08563179
   0.61266401   0.62964229   0.65419751   0.65419751   0.76661775
   0.76661775   0.77943659   1.0898549    1.87279365   1.87279365
   2.0880133    2.0880133    2.3204107    2.3204107    2.35593781
   2.78677976   2.78677976   2.96514417   3.43858183   3.43858183
   3.49012097   3.67607824   3.67607824   3.75127126   3.93093903
   5.09933295   6.88114327   6.88563356   6.88563356   7.14742699
   7.14742699   7.31452775   7.31452775   7.34193855   7.34193855
   7.42864166   7.42864166   7.78697611   7.78697611   8.30782328
   8.69139871   8.69139871   8.70135756   8.70135756   8.85119456
   8.85119456   9.26751057   9.34180622   9.34180622  10.45160826
  57.83231651  58.63758849]
E_coul = 109.489193271392
cycle= 4 E= -198.764350964284  delta_E= -0.000104  |g|= 0.00656  |ddm|= 0.0144
    CPU time for cycle= 4      0.01 sec, wall time      0.02 sec
diis-norm(errvec)=0.0106428
diis-c [ -2.68921118e-05  -1.03151433e-02  -4.55430873e-02   1.18056149e-01
   9.37802082e-01]
  HOMO = -0.666500616346671  LUMO = 0.087845891156308
  mo_energy =
[-26.42873682 -26.42849946  -1.76439759  -1.49684841  -0.81075578
  -0.81075578  -0.75164677  -0.66650062  -0.66650062   0.08784589
   0.61338663   0.63082368   0.65455806   0.65455806   0.7670285
   0.7670285    0.77991992   1.0902914    1.87395789   1.87395789
   2.08919909   2.08919909   2.32164427   2.32164427   2.35737501
   2.78811899   2.78811899   2.96692707   3.44081286   3.44081286
   3.49272424   3.67826022   3.67826022   3.75343365   3.93319194
   5.10138462   6.88296711   6.88751534   6.88751534   7.14934863
   7.14934863   7.31652744   7.31652744   7.34394005   7.34394005
   7.4305611    7.4305611    7.78901048   7.78901048   8.31027201
   8.69439409   8.69439409   8.70441758   8.70441758   8.85424514
   8.85424514   9.27047208   9.34463031   9.34463031  10.45418491
  57.83820697  58.64347645]
E_coul = 109.469657477016
cycle= 5 E= -198.76435761952  delta_E= -6.66e-06  |g|= 0.000871  |ddm|= 0.00356
    CPU time for cycle= 5      0.02 sec, wall time      0.02 sec
diis-norm(errvec)=0.00177022
diis-c [ -9.40001449e-07   3.29988855e-03   7.78838816e-03  -6.03138903e-02
  -1.32083249e-01   1.18130886e+00]
  HOMO = -0.666690654938707  LUMO = 0.087623197276418
  mo_energy =
[-26.42903667 -26.42879934  -1.76452913  -1.49699883  -0.81091181
  -0.81091181  -0.75164466  -0.66669065  -0.66669065   0.0876232
   0.61335248   0.63079976   0.65449059   0.65449059   0.76697429
   0.76697429   0.77988664   1.09024725   1.87384703   1.87384703
   2.08910775   2.08910775   2.32154214   2.32154214   2.35722061
   2.78796994   2.78796994   2.96677189   3.44064516   3.44064516
   3.49256177   3.67810085   3.67810085   3.75327318   3.9330119
   5.10123745   6.88279886   6.88731274   6.88731274   7.14917501
   7.14917501   7.31639959   7.31639959   7.34381187   7.34381187
   7.43040948   7.43040948   7.78887793   7.78887793   8.3101409
   8.69418838   8.69418838   8.70424107   8.70424107   8.85404945
   8.85404945   9.27022995   9.34436155   9.34436155  10.45390537
  57.83791863  58.64318294]
E_coul = 109.470787014379
cycle= 6 E= -198.764357819764  delta_E= -2e-07  |g|= 0.000121  |ddm|= 0.00072
    CPU time for cycle= 6      0.01 sec, wall time      0.02 sec
diis-norm(errvec)=0.000273761
diis-c [ -4.68707584e-09  -3.19645012e-04  -9.35415717e-04   8.88229552e-03
   1.27567067e-02  -2.78165897e-01   1.25778196e+00]
  HOMO = -0.666686033538793  LUMO = 0.087618547653794
  mo_energy =
[-26.42902834 -26.42879099  -1.76452127  -1.49700024  -0.81090441
  -0.81090441  -0.75161599  -0.66668603  -0.66668603   0.08761855
   0.61335603   0.63080425   0.65449572   0.65449572   0.76697584
   0.76697584   0.77989483   1.09025004   1.87386178   1.87386178
   2.08911572   2.08911572   2.32154795   2.32154795   2.35723631
   2.78797345   2.78797345   2.96677663   3.44065282   3.44065282
   3.49257651   3.67810994   3.67810994   3.75327529   3.93301134
   5.10125436   6.88281539   6.88732206   6.88732206   7.14918419
   7.14918419   7.31640802   7.31640802   7.34382023   7.34382023
   7.43042217   7.43042217   7.78890025   7.78890025   8.3101683
   8.69420275   8.69420275   8.70425194   8.70425194   8.85405692
   8.85405692   9.27024201   9.34436501   9.34436501  10.45391128
  57.83792643  58.64319019]
E_coul = 109.470721795184
cycle= 7 E= -198.764357823202  delta_E= -3.44e-09  |g|= 9.04e-06  |ddm|= 8.47e-05
    CPU time for cycle= 7      0.03 sec, wall time      0.02 sec
diis-norm(errvec)=1.58091e-05
diis-c [ -8.16820500e-11   6.29085575e-05   1.76586578e-04  -1.78946950e-03
  -2.09550330e-03   5.79363348e-02  -2.78480602e-01   1.22418974e+00]
  HOMO = -0.666684776267783  LUMO = 0.0876185865245724
  mo_energy =
[-26.42902833 -26.42879097  -1.7645214   -1.49700101  -0.81090303
  -0.81090303  -0.75161551  -0.66668478  -0.66668478   0.08761859
   0.61335563   0.63080351   0.65449633   0.65449633   0.76697622
   0.76697622   0.77989501   1.09025022   1.8738626    1.8738626
   2.08911642   2.08911642   2.32154858   2.32154858   2.35723661
   2.78797392   2.78797392   2.96677675   3.4406536    3.4406536
   3.4925768    3.67811074   3.67811074   3.75327514   3.9330113
   5.10125498   6.88281614   6.88732276   6.88732276   7.14918492
   7.14918492   7.31640878   7.31640878   7.34382099   7.34382099
   7.43042293   7.43042293   7.78890107   7.78890107   8.31016906
   8.69420328   8.69420328   8.70425255   8.70425255   8.8540575
   8.8540575    9.2702425    9.34436546   9.34436546  10.45391182
  57.83792668  58.64319044]
E_coul = 109.470724709303
cycle= 8 E= -198.764357823229  delta_E= -2.74e-11  |g|= 9.86e-07  |ddm|= 1.06e-05
    CPU time for cycle= 8      0.02 sec, wall time      0.02 sec
  HOMO = -0.66668474803113  LUMO = 0.0876185438052662
  mo_energy =
[-26.42902834 -26.42879098  -1.76452149  -1.49700117  -0.810903    -0.810903
  -0.75161562  -0.66668475  -0.66668475   0.08761854   0.61335558
   0.63080343   0.65449638   0.65449638   0.76697625   0.76697625
   0.77989499   1.0902502    1.87386259   1.87386259   2.0891164
   2.0891164    2.32154857   2.32154857   2.35723661   2.7879739
   2.7879739    2.96677668   3.44065363   3.44065363   3.49257676
   3.67811077   3.67811077   3.75327509   3.93301126   5.10125496
   6.88281611   6.88732273   6.88732273   7.1491849    7.1491849
   7.31640878   7.31640878   7.34382099   7.34382099   7.43042291
   7.43042291   7.78890105   7.78890105   8.31016905   8.69420327
   8.69420327   8.70425256   8.70425256   8.85405751   8.85405751
   9.27024249   9.34436545   9.34436545  10.4539118   57.83792664
  58.64319041]
    CPU time for scf_cycle      0.37 sec, wall time      0.81 sec
    CPU time for SCF      0.37 sec, wall time      0.81 sec
converged SCF energy = -198.764357823229
RHF E = -198.764357823
RHF eps = [-26.42902834 -26.42879098  -1.76452149  -1.49700117  -0.810903    -0.810903
  -0.75161562  -0.66668475  -0.66668475   0.08761854   0.61335558
   0.63080343   0.65449638   0.65449638   0.76697625   0.76697625
   0.77989499   1.0902502    1.87386259   1.87386259   2.0891164
   2.0891164    2.32154857   2.32154857   2.35723661   2.7879739
   2.7879739    2.96677668   3.44065363   3.44065363   3.49257676
   3.67811077   3.67811077   3.75327509   3.93301126   5.10125496
   6.88281611   6.88732273   6.88732273   7.1491849    7.1491849
   7.31640878   7.31640878   7.34382099   7.34382099   7.43042291
   7.43042291   7.78890105   7.78890105   8.31016905   8.69420327
   8.69420327   8.70425256   8.70425256   8.85405751   8.85405751
   9.27024249   9.34436545   9.34436545  10.4539118   57.83792664
  58.64319041]
    CPU time for CCSD integral transformation      1.23 sec, wall time      1.29 sec

******** <class 'pyscf.cc.rccsd_slow.RCCSD'> flags ********
CCSD nocc = 7, nvir = 53
frozen orbitals [0, 1]
max_cycle = 50
direct = 0
conv_tol = 1e-07
conv_tol_normt = 1e-05
diis_space = 6
diis_start_cycle = 0
diis_start_energy_diff = 1e+09
Init t2, MP2 energy = -0.518515597249389
    CPU time for init mp2      0.00 sec, wall time      0.00 sec
E(MBPT2) = -199.2828734204784  E_corr = -0.5185155972493888
    CPU time for EOM-CCSD shared one-electron intermediates      0.01 sec, wall time      0.02 sec
    CPU time for EOM-CCSD shared two-electron intermediates      0.04 sec, wall time      0.03 sec
    CPU time for EOM-CCSD IP intermediates      0.04 sec, wall time      0.05 sec
tol 1e-07  toloose 0.000316228
max_cycle 50  max_space 38  max_memory 2000  incore True
davidson 0 6  |r|= 0.563  e= [ 0.74515893  0.74515893  0.88503248  0.87582473  0.87582473  1.55035977]  max|de|= 1.55  lindep=    1
davidson 1 12  |r|= 0.289  e= [ 0.57291245  0.57291245  0.77638335  0.69606788  0.69606788  1.48036014]  max|de|= -0.18  lindep= 0.323
davidson 2 16  |r|= 0.217  e= [ 0.57291272  0.57224077  0.77127704  0.69606804  0.69272223  1.28481241]  max|de|= -0.196  lindep= 0.876
davidson 3 22  |r|= 0.291  e= [ 0.57224088  0.57221816  0.77275232  0.69272222  0.69263396  1.29142661]  max|de|= 0.00661  lindep= 0.398
davidson 4 28  |r|= 0.189  e= [ 0.57221798  0.57214904  0.77262738  0.69263381  0.69242956  1.26684963]  max|de|= -0.0246  lindep= 0.477
davidson 5 34  |r|= 0.287  e= [ 0.57214905  0.5721461   0.77253614  0.69242956  0.69245507  1.46994074]  max|de|= 0.203  lindep= 0.134
root 1 converged  |r|= 0.000138  e= 0.572146100726  max|de|= -3.11e-15
root 4 converged  |r|= 0.000291  e= 0.692455069755  max|de|= -1.67e-15
davidson 6 6  |r|= 0.287  e= [ 0.57214905  0.5721461   0.77253614  0.69242956  0.69245507  1.46994074]  max|de|= 3.55e-15  lindep= 0.752
davidson 7 10  |r|= 0.444  e= [ 0.5721486   0.57214609  0.77253753  0.69248279  0.69245507  1.47381842]  max|de|= 0.00388  lindep= 0.134
davidson 8 14  |r|= 0.432  e= [ 0.57214467  0.5721461   0.77253081  0.69245203  0.69245508  1.42910768]  max|de|= -0.0447  lindep= 0.71
davidson 9 18  |r|= 0.225  e= [ 0.57214655  0.57214617  0.7725327   0.69247185  0.69245508  1.43471674]  max|de|= 0.00561  lindep= 0.413
davidson 10 22  |r|= 0.475  e= [ 0.57214637  0.57214548  0.77253241  0.69247032  0.69245506  1.31590386]  max|de|= -0.119  lindep= 0.195
davidson 11 26  |r|= 0.376  e= [ 0.57214507  0.57214598  0.77253309  0.69247018  0.69245501  1.27834598]  max|de|= -0.0376  lindep= 0.184
davidson 12 30  |r|= 0.102  e= [ 0.57214638  0.57214598  0.77253273  0.69247008  0.69245414  1.42115532]  max|de|= 0.143  lindep= 0.273
root 2 converged  |r|= 1.72e-06  e= 0.772532731502  max|de|= 3.76e-10
root 3 converged  |r|= 1.73e-07  e= 0.692470049784  max|de|= -2.57e-08
davidson 13 34  |r|= 0.0344  e= [ 0.57214584  0.57214609  0.77253273  0.69247005  0.69244861  1.42032948]  max|de|= -0.000826  lindep= 0.156
root 2 converged  |r|= 1.72e-06  e= 0.772532731502  max|de|= 2.66e-15
root 3 converged  |r|= 1.73e-07  e= 0.692470049784  max|de|= 6.66e-16
root 4 converged  |r|= 0.000182  e= 0.692448613189  max|de|= 1.33e-15
davidson 14 6  |r|= 0.0344  e= [ 0.57214609  0.57214584  0.77253273  0.69247005  0.69244861  1.42032948]  max|de|= 2.44e-07  lindep= 0.709
root 0 converged  |r|= 3.11e-07  e= 0.572146172044  max|de|= 8.69e-08
davidson 15 9  |r|= 0.0564  e= [ 0.57214617  0.57214624  0.77253273  0.69247005  0.69244861  1.41913905]  max|de|= -0.00119  lindep= 0.692
davidson 16 11  |r|= 0.0382  e= [ 0.57214617  0.57214613  0.77253273  0.69247005  0.69244861  1.42073881]  max|de|= 0.0016  lindep= 0.191
root 1 converged  |r|= 5.83e-08  e= 0.572146138514  max|de|= 9.08e-09
davidson 17 13  |r|= 0.0217  e= [ 0.57214617  0.57214614  0.77253273  0.69247005  0.69244861  1.41820844]  max|de|= -0.00253  lindep= 0.68
davidson 18 14  |r|= 0.302  e= [ 0.57214617  0.57214614  0.77253273  0.69247005  0.69244861  1.32917098]  max|de|= -0.089  lindep= 0.816
davidson 19 15  |r|= 0.0207  e= [ 0.57214617  0.57214614  0.77253273  0.69247005  0.69244861  1.41957454]  max|de|= 0.0904  lindep= 0.278
davidson 20 16  |r|= 0.00701  e= [ 0.57214617  0.57214614  0.77253273  0.69247005  0.69244861  1.41968964]  max|de|= 0.000115  lindep= 0.472
davidson 21 17  |r|= 0.00448  e= [ 0.57214617  0.57214614  0.77253273  0.69247005  0.69244861  1.41899982]  max|de|= -0.00069  lindep= 0.528
davidson 22 18  |r|= 0.00244  e= [ 0.57214617  0.57214614  0.77253273  0.69247005  0.69244861  1.41927854]  max|de|= 0.000279  lindep= 0.591
davidson 23 19  |r|= 0.00085  e= [ 0.57214617  0.57214614  0.77253273  0.69247005  0.69244861  1.41920758]  max|de|= -7.1e-05  lindep= 0.862
davidson 24 20  |r|= 0.00046  e= [ 0.57214617  0.57214614  0.77253273  0.69247005  0.69244861  1.41923211]  max|de|= 2.45e-05  lindep= 0.772
davidson 25 21  |r|= 0.000525  e= [ 0.57214617  0.57214614  0.77253273  0.69247005  0.69244861  1.41923307]  max|de|= 9.63e-07  lindep= 0.0618
davidson 26 22  |r|= 0.000276  e= [ 0.57214617  0.57214614  0.77253273  0.69247005  0.69244861  1.41922477]  max|de|= -8.31e-06  lindep= 0.529
davidson 27 23  |r|= 0.000213  e= [ 0.57214617  0.57214614  0.77253273  0.69247005  0.69244861  1.41922621]  max|de|= 1.44e-06  lindep= 0.161
davidson 28 24  |r|= 0.00242  e= [ 0.57214617  0.57214614  0.77253273  0.69247005  0.69244861  1.41921737]  max|de|= -8.84e-06  lindep= 0.626
davidson 29 25  |r|= 0.000112  e= [ 0.57214617  0.57214614  0.77253273  0.69247005  0.69244861  1.41922728]  max|de|= 9.9e-06  lindep= 0.919
davidson 30 26  |r|= 2.01e-05  e= [ 0.57214617  0.57214614  0.77253273  0.69247005  0.69244861  1.41922782]  max|de|= 5.41e-07  lindep= 0.976
davidson 31 27  |r|= 6.16e-06  e= [ 0.57214617  0.57214614  0.77253273  0.69247005  0.69244861  1.41922726]  max|de|= -5.55e-07  lindep= 0.912
root 5 converged  |r|= 4.79e-06  e= 1.4192272979  max|de|= 3.63e-08
converge 32 28  |r|= 4.79e-06  e= [ 0.57214617  0.57214614  0.77253273  0.69247005  0.69244861  1.4192273 ]  max|de|= 3.63e-08
IP root 0 E = 0.5721461741130027  qpwt = 0.949545
IP root 1 E = 0.5721461385139086  qpwt = 0.949545
IP root 2 E = 0.7725327305576697  qpwt = 0.968103
IP root 3 E = 0.6924700497842391  qpwt = 0.930065
IP root 4 E = 0.6924486131894289  qpwt = 0.930068
IP root 5 E = 1.419227297899885  qpwt = 0.495915
    CPU time for IP-CCSD      0.66 sec, wall time      0.67 sec
    CPU time for EOM-CCSD shared one-electron intermediates      0.02 sec, wall time      0.01 sec
    CPU time for EOM-CCSD EA intermediates      0.88 sec, wall time      0.88 sec
tol 1e-07  toloose 0.000316228
max_cycle 50  max_space 38  max_memory 2000  incore True
davidson 0 6  |r|= 0.657  e= [ 0.17315147  0.62682478  0.65445308  0.6777915   0.6777915   0.78236157]  max|de|= 0.782  lindep=    1
davidson 1 12  |r|= 0.185  e= [ 0.01634272  0.56726798  0.57077438  0.66328615  0.66328615  0.74220041]  max|de|= -0.157  lindep= 0.148
davidson 2 17  |r|= 0.261  e= [ 0.01601695  0.56613994  0.56566851  0.66328615  0.63528466  0.74096657]  max|de|= -0.028  lindep= 0.148
davidson 3 23  |r|= 0.11  e= [ 0.01614358  0.56594411  0.56628334  0.63528467  0.62782466  0.74089859]  max|de|= -0.028  lindep= 0.686
davidson 4 29  |r|= 0.11  e= [ 0.01622843  0.56594366  0.5663264   0.62782466  0.64089148  0.74091356]  max|de|= 0.0131  lindep= 0.46
davidson 5 35  |r|= 0.0471  e= [ 0.01623302  0.56590216  0.56634058  0.64089147  0.64026837  0.74092057]  max|de|= 0.0131  lindep= 0.154
root 0 converged  |r|= 4.26e-05  e= 0.0162330226501  max|de|= -4.48e-16
root 2 converged  |r|= 0.000256  e= 0.566340579742  max|de|= 1.78e-15
davidson 6 6  |r|= 0.0471  e= [ 0.01623302  0.56590216  0.56634058  0.64089147  0.64026837  0.74092057]  max|de|= 1.78e-15  lindep= 0.973
davidson 7 10  |r|= 0.0899  e= [ 0.01623302  0.56590477  0.56634058  0.64043479  0.64019439  0.74097345]  max|de|= -0.000457  lindep= 0.22
davidson 8 14  |r|= 0.504  e= [ 0.01623302  0.56587875  0.56634058  0.72172622  0.64020314  0.74091672]  max|de|= 0.0813  lindep= 0.194
davidson 9 18  |r|= 0.0114  e= [ 0.01623302  0.56587853  0.56634058  0.64002807  0.64020227  0.74091596]  max|de|= -0.0817  lindep= 0.365
davidson 10 22  |r|= 0.0138  e= [ 0.01623302  0.56586434  0.56634058  0.6401132   0.64019407  0.74091538]  max|de|= 8.51e-05  lindep= 0.258
davidson 11 26  |r|= 0.00469  e= [ 0.01623302  0.56589064  0.56634058  0.64034094  0.6401857   0.74091509]  max|de|= 0.000228  lindep= 0.318
root 5 converged  |r|= 4.69e-06  e= 0.740915096168  max|de|= 7.2e-09
davidson 12 30  |r|= 0.00134  e= [ 0.01623302  0.5658771   0.56634058  0.64017653  0.6402062   0.7409151 ]  max|de|= -0.000164  lindep= 0.36
davidson 13 33  |r|= 0.0002  e= [ 0.01623302  0.5658803   0.56634058  0.64020169  0.64020022  0.7409151 ]  max|de|= 2.52e-05  lindep= 0.709
root 0 converged  |r|= 4.26e-05  e= 0.0162330226501  max|de|= -2.15e-16
root 1 converged  |r|= 1.42e-05  e= 0.565880295001  max|de|= 3.33e-16
root 2 converged  |r|= 0.000256  e= 0.566340579742  max|de|= 5.55e-16
root 3 converged  |r|= 0.0002  e= 0.640201688121  max|de|= -3.33e-16
root 4 converged  |r|= 3.92e-05  e= 0.640200223524  max|de|= -1.33e-15
root 5 converged  |r|= 4.69e-06  e= 0.740915096169  max|de|= -2.22e-15
converge 14 6  |r|= 0.000256  e= [ 0.01623302  0.5658803   0.56634058  0.64020169  0.64020022  0.7409151 ]  max|de|= -2.22e-15
EA root 0 E = 0.01623302265012282  qpwt = 0.960671
EA root 1 E = 0.5658802950007122  qpwt = 0.949033
EA root 2 E = 0.5663405797422483  qpwt = 0.959116
EA root 3 E = 0.6402016881207861  qpwt = 0.613726
EA root 4 E = 0.6402002235239689  qpwt = 0.613582
EA root 5 E = 0.7409150961689773  qpwt = 0.981781
    CPU time for EA-CCSD      5.56 sec, wall time      5.55 sec
