

******** <class 'pyscf.scf.hf.RHF'> flags ********
method = RHF
initial guess = minao
damping factor = 0
level shift factor = 0
Do DIIS = True
DIIS start cycle = 1
DIIS space = 8
SCF tol = 1e-09
SCF gradient tol = None
max. SCF cycles = 50
direct_scf = True
direct_scf_tol = 1e-13
chkfile to save SCF result = /tmp/tmpBJ8qAB
max_memory 4000 MB (current use 39 MB)
Set gradient conv threshold to 3.16228e-05
Nelec from initial guess = 35.9938
cond(S) = 871.860061279
E_coul = 868.387246814024
init E= -2076.7485778814
    CPU time for initialize scf      1.58 sec, wall time      1.81 sec
  HOMO = -0.386406060255724  LUMO = 0.108796266564874
  mo_energy =
[ -4.04984026e+02  -5.19890258e+01  -4.60591419e+01  -4.60591419e+01
  -4.60591419e+01  -7.13473023e+00  -5.09224202e+00  -5.09224202e+00
  -5.09224202e+00  -1.56562070e+00  -1.56562070e+00  -1.56562070e+00
  -1.56080531e+00  -1.56080531e+00  -8.48974440e-01  -3.86406060e-01
  -3.86406060e-01  -3.86406060e-01   1.08796267e-01   1.29697789e-01
   1.29697789e-01   1.29697789e-01   2.84889856e-01   2.84889856e-01
   3.03756033e-01   3.03756033e-01   3.03756033e-01   3.84174929e-01
   4.86313531e-01   4.86313531e-01   4.86313531e-01   5.47325038e-01
   6.42663323e-01   6.42663323e-01   6.42663323e-01   8.07530712e-01
   8.07530712e-01   8.07530712e-01   9.96695479e-01   9.96695479e-01
   9.96695479e-01   1.00464001e+00   1.00464001e+00   1.19616475e+00
   1.19616475e+00   1.19616475e+00   1.33520378e+00   1.33520378e+00
   1.35425568e+00   1.50525723e+00   1.50525723e+00   1.50525723e+00
   1.58861803e+00   1.58861803e+00   1.58861803e+00   1.70830782e+00
   1.75930161e+00   1.75930161e+00   1.75930161e+00   2.67930404e+00
   2.67930404e+00   2.67930404e+00   2.82498515e+00   2.97859042e+00
   2.97859042e+00   3.06565619e+00   3.06565619e+00   3.06565619e+00
   3.39438958e+00   3.39438958e+00   3.39438958e+00   3.44321701e+00
   3.44321701e+00   3.62816306e+00   3.62816306e+00   3.62816306e+00
   3.82864256e+00   3.82864256e+00   3.82864256e+00   3.90357967e+00
   3.90357967e+00   3.91618680e+00   3.92649808e+00   3.92649808e+00
   3.92649808e+00   4.11373392e+00   4.11373392e+00   4.11373392e+00
   4.16961517e+00   4.16961517e+00   4.16961517e+00   4.40543238e+00
   4.40543238e+00   4.47306237e+00   4.47306237e+00   4.47306237e+00
   4.62230751e+00   4.88586899e+00   4.88586899e+00   4.88586899e+00
   5.50488791e+00   5.50488791e+00   5.50488791e+00   7.08470369e+00]
E_coul = 862.030532921716
cycle= 1 E= -2077.65814362116  delta_E= -0.91  |g|= 0.329  |ddm|= 1.36
    CPU time for cycle= 1      0.08 sec, wall time      0.09 sec
diis-norm(errvec)=0.688876
diis-c [-0.47454986  1.        ]
  HOMO = -0.488248213245553  LUMO = 0.136068932153434
  mo_energy =
[ -4.05398660e+02  -5.22927319e+01  -4.63819342e+01  -4.63819342e+01
  -4.63819342e+01  -7.27706130e+00  -5.24875030e+00  -5.24875030e+00
  -5.24875030e+00  -1.71660544e+00  -1.71660544e+00  -1.71660544e+00
  -1.71355703e+00  -1.71355703e+00  -7.66847401e-01  -4.88248213e-01
  -4.88248213e-01  -4.88248213e-01   1.36068932e-01   1.48633993e-01
   1.48633993e-01   1.48633993e-01   2.80501284e-01   2.80501284e-01
   2.98850882e-01   2.98850882e-01   2.98850882e-01   4.16111171e-01
   4.84753307e-01   4.84753307e-01   4.84753307e-01   5.50135443e-01
   6.52403603e-01   6.52403603e-01   6.52403603e-01   8.10132290e-01
   8.10132290e-01   8.10132290e-01   9.92245864e-01   9.92245864e-01
   1.00007656e+00   1.00007656e+00   1.00007656e+00   1.18537147e+00
   1.18537147e+00   1.18537147e+00   1.33860830e+00   1.33860830e+00
   1.35517593e+00   1.50075419e+00   1.50075419e+00   1.50075419e+00
   1.57839093e+00   1.57839093e+00   1.57839093e+00   1.69074902e+00
   1.74867743e+00   1.74867743e+00   1.74867743e+00   2.69226262e+00
   2.69226262e+00   2.69226262e+00   2.85037960e+00   2.92144463e+00
   2.92144463e+00   3.02594873e+00   3.02594873e+00   3.02594873e+00
   3.41589018e+00   3.41589018e+00   3.41589018e+00   3.46174061e+00
   3.46174061e+00   3.64803632e+00   3.64803632e+00   3.64803632e+00
   3.84840675e+00   3.84840675e+00   3.84840675e+00   3.92780871e+00
   3.92780871e+00   3.92821733e+00   3.95333054e+00   3.95333054e+00
   3.95333054e+00   4.13189229e+00   4.13189229e+00   4.13189229e+00
   4.18517023e+00   4.18517023e+00   4.18517023e+00   4.42564746e+00
   4.42564746e+00   4.47556837e+00   4.47556837e+00   4.47556837e+00
   4.63461328e+00   4.86919975e+00   4.86919975e+00   4.86919975e+00
   5.45704788e+00   5.45704788e+00   5.45704788e+00   7.00034675e+00]
E_coul = 867.460047585755
cycle= 2 E= -2077.67460085462  delta_E= -0.0165  |g|= 0.228  |ddm|= 0.246
    CPU time for cycle= 2      0.09 sec, wall time      0.09 sec
diis-norm(errvec)=0.318273
diis-c [-0.06390503  0.23180796  0.76819204]
  HOMO = -0.474040651006671  LUMO = 0.147339228573907
  mo_energy =
[ -4.05175703e+02  -5.20941551e+01  -4.61799743e+01  -4.61799743e+01
  -4.61799743e+01  -7.15964150e+00  -5.13496560e+00  -5.13496560e+00
  -5.13496560e+00  -1.61015390e+00  -1.61015390e+00  -1.61015390e+00
  -1.60651712e+00  -1.60651712e+00  -7.43475181e-01  -4.74040651e-01
  -4.74040651e-01  -4.74040651e-01   1.47339229e-01   1.60325536e-01
   1.60325536e-01   1.60325536e-01   2.91445570e-01   2.91445570e-01
   3.04057449e-01   3.04057449e-01   3.04057449e-01   4.26679807e-01
   4.97391590e-01   4.97391590e-01   4.97391590e-01   5.65138851e-01
   6.65162519e-01   6.65162519e-01   6.65162519e-01   8.21760827e-01
   8.21760827e-01   8.21760827e-01   1.01075078e+00   1.01075078e+00
   1.01139492e+00   1.01139492e+00   1.01139492e+00   1.20344360e+00
   1.20344360e+00   1.20344360e+00   1.35126357e+00   1.35126357e+00
   1.36923098e+00   1.51693246e+00   1.51693246e+00   1.51693246e+00
   1.59728388e+00   1.59728388e+00   1.59728388e+00   1.71416953e+00
   1.77183189e+00   1.77183189e+00   1.77183189e+00   2.71466431e+00
   2.71466431e+00   2.71466431e+00   2.86641206e+00   2.96980027e+00
   2.96980027e+00   3.06627167e+00   3.06627167e+00   3.06627167e+00
   3.43095726e+00   3.43095726e+00   3.43095726e+00   3.47716723e+00
   3.47716723e+00   3.66322581e+00   3.66322581e+00   3.66322581e+00
   3.86884910e+00   3.86884910e+00   3.86884910e+00   3.94768246e+00
   3.94768246e+00   3.95659207e+00   3.97177239e+00   3.97177239e+00
   3.97177239e+00   4.15068020e+00   4.15068020e+00   4.15068020e+00
   4.19858980e+00   4.19858980e+00   4.19858980e+00   4.43815734e+00
   4.43815734e+00   4.50070538e+00   4.50070538e+00   4.50070538e+00
   4.65281463e+00   4.90240670e+00   4.90240670e+00   4.90240670e+00
   5.50584585e+00   5.50584585e+00   5.50584585e+00   7.07223043e+00]
E_coul = 864.862242980709
cycle= 3 E= -2077.6782321815  delta_E= -0.00363  |g|= 0.0711  |ddm|= 0.115
    CPU time for cycle= 3      0.08 sec, wall time      0.09 sec
diis-norm(errvec)=0.112312
diis-c [-0.00173283 -0.13795897  0.10041244  1.03754654]
  HOMO = -0.472863692801988  LUMO = 0.150377677017051
  mo_energy =
[ -4.05225447e+02  -5.21334415e+01  -4.62210918e+01  -4.62210918e+01
  -4.62210918e+01  -7.17541022e+00  -5.15108827e+00  -5.15108827e+00
  -5.15108827e+00  -1.62527029e+00  -1.62527029e+00  -1.62527029e+00
  -1.62156136e+00  -1.62156136e+00  -7.38872641e-01  -4.72863693e-01
  -4.72863693e-01  -4.72863693e-01   1.50377677e-01   1.63524561e-01
   1.63524561e-01   1.63524561e-01   2.94131293e-01   2.94131293e-01
   3.04923258e-01   3.04923258e-01   3.04923258e-01   4.30183945e-01
   4.99163495e-01   4.99163495e-01   4.99163495e-01   5.67222604e-01
   6.67816359e-01   6.67816359e-01   6.67816359e-01   8.25863309e-01
   8.25863309e-01   8.25863309e-01   1.01304352e+00   1.01304352e+00
   1.01488963e+00   1.01488963e+00   1.01488963e+00   1.20570343e+00
   1.20570343e+00   1.20570343e+00   1.35481023e+00   1.35481023e+00
   1.37282833e+00   1.52004322e+00   1.52004322e+00   1.52004322e+00
   1.60030709e+00   1.60030709e+00   1.60030709e+00   1.71588943e+00
   1.77449016e+00   1.77449016e+00   1.77449016e+00   2.72130196e+00
   2.72130196e+00   2.72130196e+00   2.87481952e+00   2.96763556e+00
   2.96763556e+00   3.06648933e+00   3.06648933e+00   3.06648933e+00
   3.43869328e+00   3.43869328e+00   3.43869328e+00   3.48444878e+00
   3.48444878e+00   3.67068976e+00   3.67068976e+00   3.67068976e+00
   3.87721106e+00   3.87721106e+00   3.87721106e+00   3.95665286e+00
   3.95665286e+00   3.96423893e+00   3.98131963e+00   3.98131963e+00
   3.98131963e+00   4.15883465e+00   4.15883465e+00   4.15883465e+00
   4.20557483e+00   4.20557483e+00   4.20557483e+00   4.44598864e+00
   4.44598864e+00   4.50650700e+00   4.50650700e+00   4.50650700e+00
   4.66007537e+00   4.90565597e+00   4.90565597e+00   4.90565597e+00
   5.50519234e+00   5.50519234e+00   5.50519234e+00   7.06621693e+00]
E_coul = 865.461555278535
cycle= 4 E= -2077.67875326457  delta_E= -0.000521  |g|= 0.00438  |ddm|= 0.0383
    CPU time for cycle= 4      0.09 sec, wall time      0.08 sec
diis-norm(errvec)=0.00863958
diis-c [ -3.31900357e-05  -2.22685876e-03  -2.18357900e-02  -3.49201524e-02
   1.05898280e+00]
  HOMO = -0.474210023498333  LUMO = 0.149892903132615
  mo_energy =
[ -4.05225045e+02  -5.21339881e+01  -4.62214834e+01  -4.62214834e+01
  -4.62214834e+01  -7.17832802e+00  -5.15402394e+00  -5.15402394e+00
  -5.15402394e+00  -1.62830189e+00  -1.62830189e+00  -1.62830189e+00
  -1.62454755e+00  -1.62454755e+00  -7.40132462e-01  -4.74210023e-01
  -4.74210023e-01  -4.74210023e-01   1.49892903e-01   1.62813002e-01
   1.62813002e-01   1.62813002e-01   2.93324583e-01   2.93324583e-01
   3.04538571e-01   3.04538571e-01   3.04538571e-01   4.29330969e-01
   4.98234722e-01   4.98234722e-01   4.98234722e-01   5.66233438e-01
   6.66818877e-01   6.66818877e-01   6.66818877e-01   8.25028018e-01
   8.25028018e-01   8.25028018e-01   1.01152708e+00   1.01152708e+00
   1.01422192e+00   1.01422192e+00   1.01422192e+00   1.20425243e+00
   1.20425243e+00   1.20425243e+00   1.35402500e+00   1.35402500e+00
   1.37185042e+00   1.51864270e+00   1.51864270e+00   1.51864270e+00
   1.59836034e+00   1.59836034e+00   1.59836034e+00   1.71392544e+00
   1.77284538e+00   1.77284538e+00   1.77284538e+00   2.72061803e+00
   2.72061803e+00   2.72061803e+00   2.87450025e+00   2.96485422e+00
   2.96485422e+00   3.06420186e+00   3.06420186e+00   3.06420186e+00
   3.43824216e+00   3.43824216e+00   3.43824216e+00   3.48400677e+00
   3.48400677e+00   3.67021432e+00   3.67021432e+00   3.67021432e+00
   3.87635864e+00   3.87635864e+00   3.87635864e+00   3.95573523e+00
   3.95573523e+00   3.96300374e+00   3.98078415e+00   3.98078415e+00
   3.98078415e+00   4.15860493e+00   4.15860493e+00   4.15860493e+00
   4.20529139e+00   4.20529139e+00   4.20529139e+00   4.44604718e+00
   4.44604718e+00   4.50579056e+00   4.50579056e+00   4.50579056e+00
   4.65976711e+00   4.90454507e+00   4.90454507e+00   4.90454507e+00
   5.50310708e+00   5.50310708e+00   5.50310708e+00   7.06350574e+00]
E_coul = 865.440912928312
cycle= 5 E= -2077.67875790316  delta_E= -4.64e-06  |g|= 0.000737  |ddm|= 0.00451
    CPU time for cycle= 5      0.08 sec, wall time      0.08 sec
diis-norm(errvec)=0.00178237
diis-c [ -6.10886640e-07   3.57015211e-03   5.17958402e-03  -1.68272925e-02
  -2.80376460e-01   1.28845402e+00]
  HOMO = -0.474182681142821  LUMO = 0.149870201190934
  mo_energy =
[ -4.05225568e+02  -5.21343391e+01  -4.62218475e+01  -4.62218475e+01
  -4.62218475e+01  -7.17833231e+00  -5.15399690e+00  -5.15399690e+00
  -5.15399690e+00  -1.62828760e+00  -1.62828760e+00  -1.62828760e+00
  -1.62451720e+00  -1.62451720e+00  -7.40101030e-01  -4.74182681e-01
  -4.74182681e-01  -4.74182681e-01   1.49870201e-01   1.62832316e-01
   1.62832316e-01   1.62832316e-01   2.93345166e-01   2.93345166e-01
   3.04542323e-01   3.04542323e-01   3.04542323e-01   4.29318167e-01
   4.98252863e-01   4.98252863e-01   4.98252863e-01   5.66224356e-01
   6.66823578e-01   6.66823578e-01   6.66823578e-01   8.25028669e-01
   8.25028669e-01   8.25028669e-01   1.01155330e+00   1.01155330e+00
   1.01422714e+00   1.01422714e+00   1.01422714e+00   1.20427754e+00
   1.20427754e+00   1.20427754e+00   1.35403548e+00   1.35403548e+00
   1.37188369e+00   1.51867330e+00   1.51867330e+00   1.51867330e+00
   1.59839673e+00   1.59839673e+00   1.59839673e+00   1.71395191e+00
   1.77288535e+00   1.77288535e+00   1.77288535e+00   2.72063931e+00
   2.72063931e+00   2.72063931e+00   2.87451234e+00   2.96490856e+00
   2.96490856e+00   3.06424353e+00   3.06424353e+00   3.06424353e+00
   3.43825478e+00   3.43825478e+00   3.43825478e+00   3.48401952e+00
   3.48401952e+00   3.67022568e+00   3.67022568e+00   3.67022568e+00
   3.87638426e+00   3.87638426e+00   3.87638426e+00   3.95575619e+00
   3.95575619e+00   3.96303994e+00   3.98079774e+00   3.98079774e+00
   3.98079774e+00   4.15862566e+00   4.15862566e+00   4.15862566e+00
   4.20531505e+00   4.20531505e+00   4.20531505e+00   4.44606394e+00
   4.44606394e+00   4.50582027e+00   4.50582027e+00   4.50582027e+00
   4.65980185e+00   4.90458679e+00   4.90458679e+00   4.90458679e+00
   5.50314800e+00   5.50314800e+00   5.50314800e+00   7.06353218e+00]
E_coul = 865.444573324608
cycle= 6 E= -2077.67875811904  delta_E= -2.16e-07  |g|= 0.000122  |ddm|= 0.00152
    CPU time for cycle= 6      0.09 sec, wall time      0.09 sec
diis-norm(errvec)=0.000229363
diis-c [ -3.74897596e-09  -7.87988352e-04  -8.54147491e-04   5.47613524e-03
   2.89505236e-02  -2.32541858e-01   1.19975733e+00]
  HOMO = -0.47418973496665  LUMO = 0.149864728458719
  mo_energy =
[ -4.05225488e+02  -5.21342861e+01  -4.62217914e+01  -4.62217914e+01
  -4.62217914e+01  -7.17832984e+00  -5.15399578e+00  -5.15399578e+00
  -5.15399578e+00  -1.62828811e+00  -1.62828811e+00  -1.62828811e+00
  -1.62451659e+00  -1.62451659e+00  -7.40115325e-01  -4.74189735e-01
  -4.74189735e-01  -4.74189735e-01   1.49864728e-01   1.62830498e-01
   1.62830498e-01   1.62830498e-01   2.93343551e-01   2.93343551e-01
   3.04543604e-01   3.04543604e-01   3.04543604e-01   4.29316521e-01
   4.98247548e-01   4.98247548e-01   4.98247548e-01   5.66218582e-01
   6.66819233e-01   6.66819233e-01   6.66819233e-01   8.25027663e-01
   8.25027663e-01   8.25027663e-01   1.01154621e+00   1.01154621e+00
   1.01422850e+00   1.01422850e+00   1.01422850e+00   1.20427200e+00
   1.20427200e+00   1.20427200e+00   1.35403462e+00   1.35403462e+00
   1.37188370e+00   1.51866787e+00   1.51866787e+00   1.51866787e+00
   1.59838664e+00   1.59838664e+00   1.59838664e+00   1.71394133e+00
   1.77288098e+00   1.77288098e+00   1.77288098e+00   2.72064666e+00
   2.72064666e+00   2.72064666e+00   2.87452248e+00   2.96489781e+00
   2.96489781e+00   3.06423671e+00   3.06423671e+00   3.06423671e+00
   3.43826187e+00   3.43826187e+00   3.43826187e+00   3.48402644e+00
   3.48402644e+00   3.67023236e+00   3.67023236e+00   3.67023236e+00
   3.87639137e+00   3.87639137e+00   3.87639137e+00   3.95576259e+00
   3.95576259e+00   3.96304606e+00   3.98080776e+00   3.98080776e+00
   3.98080776e+00   4.15863827e+00   4.15863827e+00   4.15863827e+00
   4.20532381e+00   4.20532381e+00   4.20532381e+00   4.44607632e+00
   4.44607632e+00   4.50582868e+00   4.50582868e+00   4.50582868e+00
   4.65981365e+00   4.90459283e+00   4.90459283e+00   4.90459283e+00
   5.50314650e+00   5.50314650e+00   5.50314650e+00   7.06352768e+00]
E_coul = 865.443834728583
cycle= 7 E= -2077.67875812216  delta_E= -3.12e-09  |g|= 7.42e-06  |ddm|= 0.00025
    CPU time for cycle= 7      0.08 sec, wall time      0.08 sec
diis-norm(errvec)=1.48872e-05
diis-c [ -1.71639369e-11   8.76552836e-05   6.56546803e-05  -6.00767589e-04
  -1.81176259e-03   2.19369359e-02  -1.78899279e-01   1.15922156e+00]
  HOMO = -0.474188669036269  LUMO = 0.149864099393778
  mo_energy =
[ -4.05225485e+02  -5.21342827e+01  -4.62217878e+01  -4.62217878e+01
  -4.62217878e+01  -7.17832716e+00  -5.15399287e+00  -5.15399287e+00
  -5.15399287e+00  -1.62828511e+00  -1.62828511e+00  -1.62828511e+00
  -1.62451353e+00  -1.62451353e+00  -7.40114921e-01  -4.74188669e-01
  -4.74188669e-01  -4.74188669e-01   1.49864099e-01   1.62830377e-01
   1.62830377e-01   1.62830377e-01   2.93343720e-01   2.93343720e-01
   3.04543361e-01   3.04543361e-01   3.04543361e-01   4.29316027e-01
   4.98247561e-01   4.98247561e-01   4.98247561e-01   5.66218513e-01
   6.66819122e-01   6.66819122e-01   6.66819122e-01   8.25027424e-01
   8.25027424e-01   8.25027424e-01   1.01154637e+00   1.01154637e+00
   1.01422822e+00   1.01422822e+00   1.01422822e+00   1.20427215e+00
   1.20427215e+00   1.20427215e+00   1.35403447e+00   1.35403447e+00
   1.37188370e+00   1.51866801e+00   1.51866801e+00   1.51866801e+00
   1.59838693e+00   1.59838693e+00   1.59838693e+00   1.71394169e+00
   1.77288131e+00   1.77288131e+00   1.77288131e+00   2.72064630e+00
   2.72064630e+00   2.72064630e+00   2.87452179e+00   2.96489906e+00
   2.96489906e+00   3.06423751e+00   3.06423751e+00   3.06423751e+00
   3.43826131e+00   3.43826131e+00   3.43826131e+00   3.48402591e+00
   3.48402591e+00   3.67023181e+00   3.67023181e+00   3.67023181e+00
   3.87639098e+00   3.87639098e+00   3.87639098e+00   3.95576213e+00
   3.95576213e+00   3.96304598e+00   3.98080707e+00   3.98080707e+00
   3.98080707e+00   4.15863769e+00   4.15863769e+00   4.15863769e+00
   4.20532334e+00   4.20532334e+00   4.20532334e+00   4.44607561e+00
   4.44607561e+00   4.50582854e+00   4.50582854e+00   4.50582854e+00
   4.65981329e+00   4.90459316e+00   4.90459316e+00   4.90459316e+00
   5.50314742e+00   5.50314742e+00   5.50314742e+00   7.06352926e+00]
E_coul = 865.443793795241
cycle= 8 E= -2077.67875812218  delta_E= -2e-11  |g|= 5.11e-07  |ddm|= 2.67e-05
    CPU time for cycle= 8      0.08 sec, wall time      0.09 sec
  HOMO = -0.474188662427516  LUMO = 0.149864135240912
  mo_energy =
[ -4.05225484e+02  -5.21342826e+01  -4.62217877e+01  -4.62217877e+01
  -4.62217877e+01  -7.17832701e+00  -5.15399269e+00  -5.15399269e+00
  -5.15399269e+00  -1.62828493e+00  -1.62828493e+00  -1.62828493e+00
  -1.62451334e+00  -1.62451334e+00  -7.40114923e-01  -4.74188662e-01
  -4.74188662e-01  -4.74188662e-01   1.49864135e-01   1.62830427e-01
   1.62830427e-01   1.62830427e-01   2.93343768e-01   2.93343768e-01
   3.04543421e-01   3.04543421e-01   3.04543421e-01   4.29316100e-01
   4.98247598e-01   4.98247598e-01   4.98247598e-01   5.66218568e-01
   6.66819172e-01   6.66819172e-01   6.66819172e-01   8.25027484e-01
   8.25027484e-01   8.25027484e-01   1.01154644e+00   1.01154644e+00
   1.01422829e+00   1.01422829e+00   1.01422829e+00   1.20427224e+00
   1.20427224e+00   1.20427224e+00   1.35403454e+00   1.35403454e+00
   1.37188380e+00   1.51866810e+00   1.51866810e+00   1.51866810e+00
   1.59838702e+00   1.59838702e+00   1.59838702e+00   1.71394177e+00
   1.77288142e+00   1.77288142e+00   1.77288142e+00   2.72064640e+00
   2.72064640e+00   2.72064640e+00   2.87452188e+00   2.96489921e+00
   2.96489921e+00   3.06423764e+00   3.06423764e+00   3.06423764e+00
   3.43826140e+00   3.43826140e+00   3.43826140e+00   3.48402600e+00
   3.48402600e+00   3.67023189e+00   3.67023189e+00   3.67023189e+00
   3.87639110e+00   3.87639110e+00   3.87639110e+00   3.95576224e+00
   3.95576224e+00   3.96304612e+00   3.98080717e+00   3.98080717e+00
   3.98080717e+00   4.15863779e+00   4.15863779e+00   4.15863779e+00
   4.20532343e+00   4.20532343e+00   4.20532343e+00   4.44607570e+00
   4.44607570e+00   4.50582866e+00   4.50582866e+00   4.50582866e+00
   4.65981341e+00   4.90459330e+00   4.90459330e+00   4.90459330e+00
   5.50314756e+00   5.50314756e+00   5.50314756e+00   7.06352941e+00]
    CPU time for scf_cycle      2.26 sec, wall time      2.50 sec
    CPU time for SCF      2.27 sec, wall time      2.50 sec
converged SCF energy = -2077.67875812218
RHF E = -2077.67875812
RHF eps = [ -4.05225484e+02  -5.21342826e+01  -4.62217877e+01  -4.62217877e+01
  -4.62217877e+01  -7.17832701e+00  -5.15399269e+00  -5.15399269e+00
  -5.15399269e+00  -1.62828493e+00  -1.62828493e+00  -1.62828493e+00
  -1.62451334e+00  -1.62451334e+00  -7.40114923e-01  -4.74188662e-01
  -4.74188662e-01  -4.74188662e-01   1.49864135e-01   1.62830427e-01
   1.62830427e-01   1.62830427e-01   2.93343768e-01   2.93343768e-01
   3.04543421e-01   3.04543421e-01   3.04543421e-01   4.29316100e-01
   4.98247598e-01   4.98247598e-01   4.98247598e-01   5.66218568e-01
   6.66819172e-01   6.66819172e-01   6.66819172e-01   8.25027484e-01
   8.25027484e-01   8.25027484e-01   1.01154644e+00   1.01154644e+00
   1.01422829e+00   1.01422829e+00   1.01422829e+00   1.20427224e+00
   1.20427224e+00   1.20427224e+00   1.35403454e+00   1.35403454e+00
   1.37188380e+00   1.51866810e+00   1.51866810e+00   1.51866810e+00
   1.59838702e+00   1.59838702e+00   1.59838702e+00   1.71394177e+00
   1.77288142e+00   1.77288142e+00   1.77288142e+00   2.72064640e+00
   2.72064640e+00   2.72064640e+00   2.87452188e+00   2.96489921e+00
   2.96489921e+00   3.06423764e+00   3.06423764e+00   3.06423764e+00
   3.43826140e+00   3.43826140e+00   3.43826140e+00   3.48402600e+00
   3.48402600e+00   3.67023189e+00   3.67023189e+00   3.67023189e+00
   3.87639110e+00   3.87639110e+00   3.87639110e+00   3.95576224e+00
   3.95576224e+00   3.96304612e+00   3.98080717e+00   3.98080717e+00
   3.98080717e+00   4.15863779e+00   4.15863779e+00   4.15863779e+00
   4.20532343e+00   4.20532343e+00   4.20532343e+00   4.44607570e+00
   4.44607570e+00   4.50582866e+00   4.50582866e+00   4.50582866e+00
   4.65981341e+00   4.90459330e+00   4.90459330e+00   4.90459330e+00
   5.50314756e+00   5.50314756e+00   5.50314756e+00   7.06352941e+00]
    CPU time for CCSD integral transformation      9.34 sec, wall time      9.36 sec

******** <class 'pyscf.cc.rccsd_slow.RCCSD'> flags ********
CCSD nocc = 9, nvir = 86
frozen orbitals [0, 1, 2, 3, 4, 5, 6, 7, 8]
max_cycle = 50
direct = 0
conv_tol = 1e-07
conv_tol_normt = 1e-05
diis_space = 6
diis_start_cycle = 0
diis_start_energy_diff = 1e+09
Init t2, MP2 energy = -0.279374064744424
    CPU time for init mp2      0.02 sec, wall time      0.01 sec
E(MBPT2) = -2077.958132186928  E_corr = -0.2793740647444237
    CPU time for EOM-CCSD shared one-electron intermediates      0.10 sec, wall time      0.11 sec
    CPU time for EOM-CCSD shared two-electron intermediates      0.29 sec, wall time      0.29 sec
    CPU time for EOM-CCSD IP intermediates      0.40 sec, wall time      0.40 sec
tol 1e-07  toloose 0.000316228
max_cycle 50  max_space 38  max_memory 2000  incore True
davidson 0 6  |r|= 0.619  e= [ 0.51442791  0.51442791  0.51442791  0.77452349  1.64931017  1.64931017]  max|de|= 1.65  lindep=    1
davidson 1 12  |r|= 0.373  e= [ 0.45625119  0.45601954  0.45625119  0.68816801  1.4270173   1.55305166]  max|de|= -0.222  lindep= 0.926
davidson 2 17  |r|= 0.853  e= [ 0.45632199  0.45491683  0.45490245  0.68135415  1.41874774  1.85681114]  max|de|= 0.304  lindep= 0.947
davidson 3 23  |r|= 0.228  e= [ 0.45490471  0.45502147  0.45490471  0.68084352  1.41303582  1.47693681]  max|de|= -0.38  lindep= 0.951
davidson 4 28  |r|= 0.224  e= [ 0.45501638  0.45503265  0.45503265  0.68077893  1.41920126  1.47459985]  max|de|= 0.00617  lindep= 0.941
davidson 5 33  |r|= 0.645  e= [ 0.45503122  0.45502992  0.45502205  0.68076897  1.42409776  1.78819278]  max|de|= 0.314  lindep= 0.916
davidson 6 6  |r|= 0.645  e= [ 0.45503122  0.45502992  0.45502205  0.68076897  1.42409776  1.78819278]  max|de|= -2.66e-15  lindep= 0.999
davidson 7 12  |r|= 0.845  e= [ 0.45503074  0.45503184  0.45502594  0.68076751  1.40728228  1.83140907]  max|de|= 0.0432  lindep= 0.94
davidson 8 18  |r|= 0.503  e= [ 0.4550304   0.4550317   0.4550262   0.68076797  1.41988391  1.78207793]  max|de|= -0.0493  lindep= 0.886
davidson 9 24  |r|= 0.575  e= [ 0.4550319   0.45503186  0.45503305  0.68076772  1.43489372  1.77767396]  max|de|= 0.015  lindep= 0.572
root 1 converged  |r|= 5.66e-07  e= 0.455031872082  max|de|= 9.8e-09
davidson 10 30  |r|= 0.582  e= [ 0.45503179  0.45503187  0.45503127  0.68076804  1.45182406  1.75662942]  max|de|= -0.021  lindep= 0.538
davidson 11 35  |r|= 0.575  e= [ 0.4550319   0.45503187  0.45503192  0.68076793  1.43265493  1.80404908]  max|de|= 0.0474  lindep= 0.642
root 0 converged  |r|= 6.3e-07  e= 0.45503190169  max|de|= -3.11e-15
root 1 converged  |r|= 6.42e-07  e= 0.455031869454  max|de|= -1.72e-15
root 2 converged  |r|= 1.85e-06  e= 0.455031918935  max|de|= 1.61e-15
root 3 converged  |r|= 3.93e-06  e= 0.680767934163  max|de|= 1.11e-16
davidson 12 6  |r|= 0.575  e= [ 0.4550319   0.45503187  0.45503192  0.68076793  1.43265493  1.80404908]  max|de|= 3.77e-15  lindep= 0.997
davidson 13 8  |r|= 0.534  e= [ 0.4550319   0.45503187  0.45503192  0.68076793  1.41053031  1.79846949]  max|de|= -0.0221  lindep= 0.921
davidson 14 10  |r|= 0.387  e= [ 0.4550319   0.45503187  0.45503192  0.68076793  1.41060794  1.79299251]  max|de|= -0.00548  lindep= 0.174
davidson 15 12  |r|= 0.451  e= [ 0.4550319   0.45503187  0.45503192  0.68076793  1.41040828  1.77858202]  max|de|= -0.0144  lindep= 0.292
davidson 16 14  |r|= 0.292  e= [ 0.4550319   0.45503187  0.45503192  0.68076793  1.42628111  1.75013735]  max|de|= -0.0284  lindep= 0.971
davidson 17 16  |r|= 0.454  e= [ 0.4550319   0.45503187  0.45503192  0.68076793  1.41188071  1.80109272]  max|de|= 0.051  lindep= 0.855
davidson 18 18  |r|= 0.441  e= [ 0.4550319   0.45503187  0.45503192  0.68076793  1.41202037  1.80653907]  max|de|= 0.00545  lindep= 0.866
davidson 19 20  |r|= 0.471  e= [ 0.4550319   0.45503187  0.45503192  0.68076793  1.41170755  1.81205424]  max|de|= 0.00552  lindep= 0.344
davidson 20 22  |r|= 0.437  e= [ 0.4550319   0.45503187  0.45503192  0.68076793  1.40377947  1.80656657]  max|de|= -0.00793  lindep= 0.735
davidson 21 24  |r|= 0.443  e= [ 0.4550319   0.45503187  0.45503192  0.68076793  1.41949705  1.79808163]  max|de|= 0.0157  lindep= 0.805
davidson 22 26  |r|= 0.252  e= [ 0.4550319   0.45503187  0.45503192  0.68076793  1.41947974  1.71021376]  max|de|= -0.0879  lindep= 0.185
davidson 23 28  |r|= 0.255  e= [ 0.4550319   0.45503187  0.45503192  0.68076793  1.41260299  1.71709513]  max|de|= 0.00688  lindep= 0.279
davidson 24 30  |r|= 0.307  e= [ 0.4550319   0.45503187  0.45503192  0.68076793  1.41738522  1.71555761]  max|de|= 0.00478  lindep= 0.498
davidson 25 32  |r|= 0.309  e= [ 0.4550319   0.45503187  0.45503192  0.68076793  1.41894474  1.71456075]  max|de|= 0.00156  lindep= 0.264
davidson 26 34  |r|= 0.309  e= [ 0.4550319   0.45503187  0.45503192  0.68076793  1.41496839  1.68536355]  max|de|= -0.0292  lindep= 0.646
root 0 converged  |r|= 6.63e-07  e= 0.45503190299  max|de|= 7.22e-16
root 1 converged  |r|= 6.15e-07  e= 0.455031870894  max|de|= 8.33e-16
root 2 converged  |r|= 1.89e-06  e= 0.455031920379  max|de|= -1.67e-16
root 3 converged  |r|= 3.9e-06  e= 0.680767934224  max|de|= -5.22e-15
davidson 27 6  |r|= 0.309  e= [ 0.4550319   0.45503187  0.45503192  0.68076793  1.41496839  1.68536355]  max|de|= -5.22e-15  lindep= 0.975
davidson 28 8  |r|= 0.314  e= [ 0.4550319   0.45503187  0.45503192  0.68076793  1.43283704  1.67545157]  max|de|= 0.0179  lindep= 0.982
davidson 29 10  |r|= 0.387  e= [ 0.4550319   0.45503187  0.45503192  0.68076793  1.40966274  1.68626161]  max|de|= -0.0232  lindep= 0.738
davidson 30 12  |r|= 0.259  e= [ 0.4550319   0.45503187  0.45503192  0.68076793  1.41871045  1.65251632]  max|de|= -0.0337  lindep= 0.977
davidson 31 14  |r|= 0.545  e= [ 0.4550319   0.45503187  0.45503192  0.68076793  1.40739574  1.64926469]  max|de|= -0.0113  lindep= 0.747
davidson 32 16  |r|= 0.507  e= [ 0.4550319   0.45503187  0.45503192  0.68076793  1.61856825  1.61856825]  max|de|= 0.211  lindep= 0.994
davidson 33 17  |r|= 0.459  e= [ 0.4550319   0.45503187  0.45503192  0.68076793  1.60862261  1.60862261]  max|de|= -0.00995  lindep= 0.944
davidson 34 18  |r|= 0.576  e= [ 0.4550319   0.45503187  0.45503192  0.68076793  1.76439423  1.55163837]  max|de|= 0.156  lindep= 0.972
davidson 35 20  |r|= 0.298  e= [ 0.4550319   0.45503187  0.45503192  0.68076793  1.40272017  1.5470789 ]  max|de|= -0.362  lindep= 0.986
davidson 36 22  |r|= 0.446  e= [ 0.4550319   0.45503187  0.45503192  0.68076793  1.4068183   1.64350665]  max|de|= 0.0964  lindep= 0.798
davidson 37 24  |r|= 0.473  e= [ 0.4550319   0.45503187  0.45503192  0.68076793  1.41619633  1.65591328]  max|de|= 0.0124  lindep= 0.816
davidson 38 26  |r|= 0.263  e= [ 0.4550319   0.45503187  0.45503192  0.68076793  1.40543596  1.53715774]  max|de|= -0.119  lindep= 0.958
davidson 39 28  |r|= 0.599  e= [ 0.4550319   0.45503187  0.45503192  0.68076793  1.82106541  1.53916505]  max|de|= 0.416  lindep= 0.663
davidson 40 30  |r|= 0.696  e= [ 0.4550319   0.45503187  0.45503192  0.68076793  1.93430142  1.51500515]  max|de|= 0.113  lindep= 0.991
davidson 41 32  |r|= 0.252  e= [ 0.4550319   0.45503187  0.45503192  0.68076793  1.40554973  1.52655605]  max|de|= -0.529  lindep= 0.513
davidson 42 34  |r|= 0.278  e= [ 0.4550319   0.45503187  0.45503192  0.68076793  1.40576599  1.54966085]  max|de|= 0.0231  lindep= 0.179
root 0 converged  |r|= 6.41e-07  e= 0.45503190214  max|de|= 1.11e-16
root 1 converged  |r|= 5.97e-07  e= 0.45503187109  max|de|= 1.61e-15
root 2 converged  |r|= 2.17e-06  e= 0.455031923088  max|de|= -4.44e-16
root 3 converged  |r|= 3.87e-06  e= 0.680767933999  max|de|= 1.11e-15
davidson 43 6  |r|= 0.278  e= [ 0.4550319   0.45503187  0.45503192  0.68076793  1.40576599  1.54966085]  max|de|= 3.77e-15  lindep= 0.998
davidson 44 8  |r|= 0.266  e= [ 0.4550319   0.45503187  0.45503192  0.68076793  1.40292892  1.54837501]  max|de|= -0.00284  lindep= 0.738
davidson 45 10  |r|= 0.278  e= [ 0.4550319   0.45503187  0.45503192  0.68076793  1.38839414  1.55292778]  max|de|= -0.0145  lindep= 0.991
davidson 46 12  |r|= 0.235  e= [ 0.4550319   0.45503187  0.45503192  0.68076793  1.38772467  1.55287349]  max|de|= -0.000669  lindep= 0.372
davidson 47 14  |r|= 0.254  e= [ 0.4550319   0.45503187  0.45503192  0.68076793  1.38950318  1.55231038]  max|de|= 0.00178  lindep= 0.0719
davidson 48 16  |r|= 0.284  e= [ 0.4550319   0.45503187  0.45503192  0.68076793  1.38911296  1.55591761]  max|de|= 0.00361  lindep= 0.327
davidson 49 18  |r|= 0.231  e= [ 0.4550319   0.45503187  0.45503192  0.68076793  1.39196336  1.53437746]  max|de|= -0.0215  lindep= 0.552
IP root 0 E = 0.4550319012821888  qpwt = 0.94991
IP root 1 E = 0.4550318708860292  qpwt = 0.94991
IP root 2 E = 0.4550319218287949  qpwt = 0.94991
IP root 3 E = 0.6807679336208761  qpwt = 0.841007
IP root 4 E = 1.3919633565775  qpwt = 0.0651303
IP root 5 E = 1.534377456080009  qpwt = 0.254756
    CPU time for IP-CCSD      3.76 sec, wall time      3.78 sec
    CPU time for EOM-CCSD shared one-electron intermediates      0.11 sec, wall time      0.11 sec
    CPU time for EOM-CCSD EA intermediates      9.41 sec, wall time      9.41 sec
tol 1e-07  toloose 0.000316228
max_cycle 50  max_space 38  max_memory 2000  incore True
davidson 0 6  |r|= 0.213  e= [ 0.15541983  0.17065401  0.17065401  0.17065401  0.30022468  0.30022468]  max|de|=  0.3  lindep=    1
davidson 1 12  |r|= 0.0412  e= [ 0.11671124  0.12934304  0.1293391   0.12932298  0.25725139  0.25726326]  max|de|= -0.043  lindep= 0.993
davidson 2 18  |r|= 0.0182  e= [ 0.11341144  0.12623285  0.12623285  0.12623236  0.25601188  0.25601542]  max|de|= -0.0033  lindep= 0.988
davidson 3 23  |r|= 0.0139  e= [ 0.11356962  0.12623289  0.12646253  0.12646397  0.25609799  0.25609948]  max|de|= 0.000232  lindep= 0.98
davidson 4 29  |r|= 0.0013  e= [ 0.1135569   0.12646327  0.12646376  0.12646334  0.25609729  0.25609736]  max|de|= 0.00023  lindep= 0.935
davidson 5 35  |r|= 0.000612  e= [ 0.11356475  0.12646322  0.12646322  0.12646572  0.2561      0.25610013]  max|de|= 7.85e-06  lindep= 0.696
root 0 converged  |r|= 0.00026  e= 0.113564752888  max|de|= 7.91e-16
root 3 converged  |r|= 0.000127  e= 0.126465717543  max|de|= 7.49e-16
root 4 converged  |r|= 9.08e-05  e= 0.256099998672  max|de|= 1.05e-15
root 5 converged  |r|= 8.14e-05  e= 0.256100134529  max|de|= -3.89e-16
davidson 6 5  |r|= 0.000612  e= [ 0.11356475  0.12646322  0.12646322  0.12646572  0.2561      0.25610013]  max|de|= 1.05e-15  lindep=    1
davidson 7 6  |r|= 0.000155  e= [ 0.11356475  0.12646589  0.12646589  0.12646572  0.2561      0.25610013]  max|de|= 2.67e-06  lindep= 0.999
davidson 8 7  |r|= 3.14e-05  e= [ 0.11356475  0.12646535  0.12646535  0.12646572  0.2561      0.25610013]  max|de|= -5.3e-07  lindep= 0.966
davidson 9 8  |r|= 9.7e-06  e= [ 0.11356475  0.12646593  0.12646593  0.1264657   0.2561      0.25610014]  max|de|= 5.72e-07  lindep= 0.88
root 1 converged  |r|= 2.66e-06  e= 0.126465878895  max|de|= -4.78e-08
davidson 10 9  |r|= 7.11e-05  e= [ 0.11356475  0.12646588  0.12646568  0.12646588  0.25609999  0.25610014]  max|de|= -2.49e-07  lindep= 0.877
davidson 11 10  |r|= 1.62e-05  e= [ 0.11356476  0.12646588  0.126466    0.12646588  0.25610014  0.25609999]  max|de|= 3.24e-07  lindep= 0.84
davidson 12 11  |r|= 3.52e-06  e= [ 0.11356477  0.12646588  0.1264658   0.12646588  0.25609998  0.25610014]  max|de|= -2.05e-07  lindep= 0.839
davidson 13 12  |r|= 1.11e-06  e= [ 0.11356478  0.12646588  0.1264659   0.12646588  0.25609999  0.25610014]  max|de|= 1.01e-07  lindep= 0.585
davidson 14 13  |r|= 0.553  e= [ 0.11356477  0.32893988  0.32893988  0.12646588  0.25609999  0.25610014]  max|de|= 0.202  lindep= 0.709
davidson 15 14  |r|= 0.266  e= [ 0.11356475  0.2111575   0.2111575   0.12646588  0.25610013  0.25609998]  max|de|= -0.118  lindep= 0.148
davidson 16 15  |r|= 4.82e-07  e= [ 0.11356474  0.20799858  0.12646588  0.20799858  0.25610013  0.25609999]  max|de|= -0.0847  lindep= 0.86
root 2 converged  |r|= 7.42e-07  e= 0.126465902505  max|de|= 2.54e-08
converge 17 16  |r|= 7.42e-07  e= [ 0.11356474  0.20789106  0.1264659   0.20789106  0.25610013  0.25609998]  max|de|= -0.000108
EA root 0 E = 0.1135647391841088  qpwt = 0.978152
EA root 1 E = 0.207891057731883  qpwt = 0.981695
EA root 2 E = 0.1264659025054088  qpwt = 0.976289
EA root 3 E = 0.207891057731883  qpwt = 0.981695
EA root 4 E = 0.2561001318694528  qpwt = 0.974782
EA root 5 E = 0.2560999821829237  qpwt = 0.974782
    CPU time for EA-CCSD     31.17 sec, wall time     31.20 sec
