

******** <class 'pyscf.scf.hf.RHF'> flags ********
method = RHF
initial guess = minao
damping factor = 0
level shift factor = 0
Do DIIS = True
DIIS start cycle = 1
DIIS space = 8
SCF tol = 1e-09
SCF gradient tol = None
max. SCF cycles = 50
direct_scf = True
direct_scf_tol = 1e-13
chkfile to save SCF result = /tmp/tmpCjuqJo
max_memory 4000 MB (current use 39 MB)
Set gradient conv threshold to 3.16228e-05
Nelec from initial guess = 1.99955
cond(S) = 2635.98667195
E_coul = 0.715825457804209
init E= -0.813071926370864
    CPU time for initialize scf      0.05 sec, wall time      0.78 sec
  HOMO = -0.554264067302797  LUMO = 0.135699438576271
  mo_energy =
[-0.55426407  0.13569944  0.30194821  0.59456139  0.66761582  0.66761582
  1.08323152  1.1024297   1.1024297   1.52207976  2.3021635   2.3700567
  3.12782087  3.12782087  3.34977704  3.34977704  3.64204985  3.86728576
  3.86728576  4.04720556  4.04720556  4.08282653  4.08282653  4.62110376
  5.6791327   5.6791327   5.76030792  6.90540836]
E_coul = 0.642998096605602
cycle= 1 E= -1.13200668259769  delta_E= -0.319  |g|= 0.0447  |ddm|= 0.472
    CPU time for cycle= 1      0.01 sec, wall time      0.01 sec
diis-norm(errvec)=0.169746
diis-c [-0.02881364  1.        ]
  HOMO = -0.601756905486071  LUMO = 0.164075578670255
  mo_energy =
[-0.60175691  0.16407558  0.30469467  0.63908717  0.6843469   0.6843469
  1.09155969  1.11469327  1.11469327  1.52582675  2.33591126  2.40437994
  3.1624661   3.1624661   3.39553109  3.39553109  3.66295901  3.88389742
  3.88389742  4.07292435  4.07292435  4.10269399  4.10269399  4.63834468
  5.7133554   5.7133554   5.79434044  6.9528585 ]
E_coul = 0.655556948203292
cycle= 2 E= -1.13292806965728  delta_E= -0.000921  |g|= 0.00708  |ddm|= 0.0316
    CPU time for cycle= 2      0.00 sec, wall time      0.01 sec
diis-norm(errvec)=0.0230028
diis-c [ -7.33064266e-05  -1.44081709e-01   1.14408171e+00]
  HOMO = -0.59466418591448  LUMO = 0.167313044468874
  mo_energy =
[-0.59466419  0.16731304  0.30662389  0.64548803  0.69208005  0.69208005
  1.09625256  1.11953057  1.11953057  1.52855988  2.34645664  2.41721656
  3.17454131  3.17454131  3.41110301  3.41110301  3.67415583  3.89341937
  3.89341937  4.08314098  4.08314098  4.11296551  4.11296551  4.64825352
  5.7266104   5.7266104   5.80807666  6.97085194]
E_coul = 0.657974071612071
cycle= 3 E= -1.13295869532686  delta_E= -3.06e-05  |g|= 0.000783  |ddm|= 0.00823
    CPU time for cycle= 3      0.01 sec, wall time      0.00 sec
diis-norm(errvec)=0.00163323
diis-c [ -5.56541008e-08   2.90238275e-02  -2.53141080e-01   1.22411725e+00]
  HOMO = -0.594259627247716  LUMO = 0.167542428018566
  mo_energy =
[-0.59425963  0.16754243  0.30672324  0.64582158  0.69253508  0.69253508
  1.09658214  1.11987237  1.11987237  1.52878489  2.34703583  2.41793162
  3.17523447  3.17523447  3.41187863  3.41187863  3.67479285  3.89400172
  3.89400172  4.08378113  4.08378113  4.11360779  4.11360779  4.64886221
  5.72734163  5.72734163  5.80879581  6.97171399]
E_coul = 0.658168486294375
cycle= 4 E= -1.13295899532651  delta_E= -3e-07  |g|= 3e-05  |ddm|= 0.00112
    CPU time for cycle= 4      0.00 sec, wall time      0.00 sec
diis-norm(errvec)=5.95148e-05
diis-c [ -8.73943418e-11  -8.75196537e-03   7.75482911e-02  -3.81380930e-01
   1.31258460e+00]
  HOMO = -0.594251390495084  LUMO = 0.167550772784875
  mo_energy =
[-0.59425139  0.16755077  0.30673095  0.64583344  0.692551    0.692551
  1.09659951  1.11988545  1.11988545  1.52879566  2.3470618   2.41795567
  3.17525755  3.17525755  3.41190582  3.41190582  3.67482196  3.8940268
  3.8940268   4.08380425  4.08380425  4.1136338   4.1136338   4.64888859
  5.72737006  5.72737006  5.80882547  6.97174833]
E_coul = 0.658173194964162
cycle= 5 E= -1.13295899578117  delta_E= -4.55e-10  |g|= 1.21e-06  |ddm|= 5.33e-05
    CPU time for cycle= 5      0.01 sec, wall time      0.00 sec
  HOMO = -0.594250644069661  LUMO = 0.167550485340574
  mo_energy =
[-0.59425064  0.16755049  0.30672989  0.645833    0.69255044  0.69255044
  1.09659871  1.11988489  1.11988489  1.5287952   2.34706082  2.41795458
  3.17525657  3.17525657  3.41190471  3.41190471  3.67482095  3.8940259
  3.8940259   4.08380328  4.08380328  4.11363282  4.11363282  4.64888765
  5.727369    5.727369    5.80882444  6.97174721]
    CPU time for scf_cycle      0.08 sec, wall time      0.80 sec
    CPU time for SCF      0.08 sec, wall time      0.80 sec
converged SCF energy = -1.13295899578117
RHF E = -1.13295899578
RHF eps = [-0.59425064  0.16755049  0.30672989  0.645833    0.69255044  0.69255044
  1.09659871  1.11988489  1.11988489  1.5287952   2.34706082  2.41795458
  3.17525657  3.17525657  3.41190471  3.41190471  3.67482095  3.8940259
  3.8940259   4.08380328  4.08380328  4.11363282  4.11363282  4.64888765
  5.727369    5.727369    5.80882444  6.97174721]
    CPU time for CCSD integral transformation      0.08 sec, wall time      0.19 sec

******** <class 'pyscf.cc.rccsd_slow.RCCSD'> flags ********
CCSD nocc = 1, nvir = 27
max_cycle = 50
direct = 0
conv_tol = 1e-07
conv_tol_normt = 1e-05
diis_space = 6
diis_start_cycle = 0
diis_start_energy_diff = 1e+09
Init t2, MP2 energy = -0.0316813762297753
    CPU time for init mp2      0.00 sec, wall time      0.00 sec
E(MBPT2) = -1.164640372010942  E_corr = -0.03168137622977529
    CPU time for EOM-CCSD shared one-electron intermediates      0.00 sec, wall time      0.00 sec
    CPU time for EOM-CCSD shared two-electron intermediates      0.00 sec, wall time      0.00 sec
    CPU time for EOM-CCSD IP intermediates      0.01 sec, wall time      0.00 sec
tol 1e-07  toloose 0.000316228
max_cycle 50  max_space 23  max_memory 2000  incore True
davidson 0 1  |r|= 0.175  e= [ 0.62593192]  max|de|= 0.626  lindep=    1
davidson 1 2  |r|= 0.0241  e= [ 0.59615314]  max|de|= -0.0298  lindep= 0.941
davidson 2 3  |r|= 0.00191  e= [ 0.59590014]  max|de|= -0.000253  lindep= 0.986
davidson 3 4  |r|= 7.64e-05  e= [ 0.59590221]  max|de|= 2.06e-06  lindep= 0.97
davidson 4 5  |r|= 2.29e-06  e= [ 0.59590236]  max|de|= 1.54e-07  lindep= 0.899
root 0 converged  |r|= 1.43e-15  e= 0.595902360958  max|de|= 1.5e-09
converge 5 6  |r|= 1.43e-15  e= [ 0.59590236]  max|de|= 1.5e-09
IP root 0 E = 0.5959023609582391  qpwt = 0.970211
    CPU time for IP-CCSD      0.02 sec, wall time      0.02 sec
    CPU time for EOM-CCSD shared one-electron intermediates      0.00 sec, wall time      0.00 sec
    CPU time for EOM-CCSD EA intermediates      0.07 sec, wall time      0.07 sec
tol 1e-07  toloose 0.000316228
max_cycle 50  max_space 38  max_memory 2000  incore True
davidson 0 6  |r|= 0.285  e= [ 0.17053416  0.30948553  0.65238061  0.69584994  0.69584994  1.0977667 ]  max|de|=  1.1  lindep=    1
davidson 1 12  |r|= 0.167  e= [ 0.15284251  0.29489661  0.58921518  0.651687    0.651687    1.05266914]  max|de|= -0.0632  lindep= 0.862
davidson 2 18  |r|= 0.748  e= [ 0.15260667  0.29465252  0.58456093  0.65250897  0.65250897  1.25878394]  max|de|= 0.206  lindep= 0.222
davidson 3 24  |r|= 0.123  e= [ 0.15264202  0.29463858  0.58484577  0.6524357   0.6524357   1.04503647]  max|de|= -0.214  lindep= 0.372
davidson 4 30  |r|= 0.228  e= [ 0.1526388   0.29464298  0.58482767  0.65245385  0.65245385  1.1206303 ]  max|de|= 0.0756  lindep= 0.0616
root 1 converged  |r|= 1.02e-05  e= 0.29464295396  max|de|= -2.96e-08
davidson 5 36  |r|= 0.168  e= [ 0.15263891  0.29464295  0.58483167  0.6524529   0.6524529   1.14416801]  max|de|= 0.0235  lindep= 0.301
root 0 converged  |r|= 9.14e-07  e= 0.152638907805  max|de|= 4.16e-16
root 1 converged  |r|= 1.02e-05  e= 0.29464295396  max|de|= -9.99e-16
root 2 converged  |r|= 2.84e-05  e= 0.584831665468  max|de|= 2.66e-15
root 3 converged  |r|= 3.07e-06  e= 0.65245290095  max|de|= 1.44e-15
root 4 converged  |r|= 3.07e-06  e= 0.65245290095  max|de|= -7.77e-16
davidson 6 6  |r|= 0.168  e= [ 0.15263891  0.29464295  0.58483167  0.6524529   0.6524529   1.14416801]  max|de|= 2.66e-15  lindep= 0.826
davidson 7 7  |r|= 0.0587  e= [ 0.15263891  0.29464292  0.58483167  0.6524529   0.6524529   1.12649328]  max|de|= -0.0177  lindep= 0.763
davidson 8 8  |r|= 0.184  e= [ 0.15263891  0.29464293  0.58483167  0.6524529   0.6524529   1.06951211]  max|de|= -0.057  lindep= 0.565
davidson 9 9  |r|= 0.142  e= [ 0.15263891  0.29464294  0.58483167  0.6524529   0.6524529   1.04795505]  max|de|= -0.0216  lindep= 0.83
davidson 10 10  |r|= 0.0524  e= [ 0.15263891  0.29464295  0.58483167  0.6524529   0.6524529   1.12632322]  max|de|= 0.0784  lindep= 0.354
davidson 11 11  |r|= 0.244  e= [ 0.15263891  0.29464296  0.58483167  0.6524529   0.6524529   1.04349185]  max|de|= -0.0828  lindep= 0.169
davidson 12 12  |r|= 0.277  e= [ 0.15263891  0.29464296  0.58483167  0.6524529   0.6524529   1.02621648]  max|de|= -0.0173  lindep= 0.316
davidson 13 13  |r|= 0.0161  e= [ 0.15263891  0.29464297  0.58483167  0.6524529   0.6524529   1.1292192 ]  max|de|= 0.103  lindep= 0.572
davidson 14 14  |r|= 0.0032  e= [ 0.15263891  0.29464297  0.58483167  0.6524529   0.6524529   1.12939383]  max|de|= 0.000175  lindep= 0.232
davidson 15 15  |r|= 0.00379  e= [ 0.15263891  0.29464298  0.58483167  0.6524529   0.6524529   1.12938372]  max|de|= -1.01e-05  lindep= 0.0077
davidson 16 16  |r|= 0.000123  e= [ 0.15263891  0.29464298  0.58483167  0.6524529   0.6524529   1.12944982]  max|de|= 6.61e-05  lindep= 0.34
davidson 17 17  |r|= 1.36e-05  e= [ 0.15263891  0.29464297  0.58483167  0.6524529   0.6524529   1.12944962]  max|de|= -2.04e-07  lindep= 0.62
davidson 18 18  |r|= 1.81e-06  e= [ 0.15263891  0.29464298  0.58483167  0.6524529   0.6524529   1.12944946]  max|de|= -1.55e-07  lindep= 0.786
root 5 converged  |r|= 1.78e-07  e= 1.12944947065  max|de|= 9.77e-09
converge 19 19  |r|= 1.78e-07  e= [ 0.15263891  0.29464298  0.58483167  0.6524529   0.6524529   1.12944947]  max|de|= 9.77e-09
EA root 0 E = 0.152638907990771  qpwt = 0.991987
EA root 1 E = 0.2946429757815743  qpwt = 0.987176
EA root 2 E = 0.5848316669136864  qpwt = 0.808628
EA root 3 E = 0.6524529009495443  qpwt = 0.972581
EA root 4 E = 0.652452900949544  qpwt = 0.972581
EA root 5 E = 1.129449470650731  qpwt = 0.46181
    CPU time for EA-CCSD      0.59 sec, wall time      0.59 sec
