

******** <class 'pyscf.scf.hf.RHF'> flags ********
method = RHF
initial guess = minao
damping factor = 0
level shift factor = 0
Do DIIS = True
DIIS start cycle = 1
DIIS space = 8
SCF tol = 1e-09
SCF gradient tol = None
max. SCF cycles = 50
direct_scf = True
direct_scf_tol = 1e-13
chkfile to save SCF result = /tmp/tmpuXx3qw
max_memory 4000 MB (current use 39 MB)
Set gradient conv threshold to 3.16228e-05
Nelec from initial guess = 37.9987
cond(S) = 729.418095519
E_coul = 498.72984442148
init E= -1198.22409094554
    CPU time for initialize scf      0.38 sec, wall time      0.39 sec
  HOMO = -0.110271061762743  LUMO = -0.0212505750568954
  mo_energy =
[ -1.33502410e+02  -1.33502408e+02  -1.44705143e+01  -1.44704923e+01
  -1.14979735e+01  -1.14979719e+01  -1.14979069e+01  -1.14979069e+01
  -1.14979058e+01  -1.14979058e+01  -1.74606541e+00  -1.74592457e+00
  -9.55002438e-01  -9.49951104e-01  -9.49951104e-01  -9.49153890e-01
  -9.49153890e-01  -9.48433998e-01  -1.10271062e-01  -2.12505751e-02
   4.50805813e-02   4.50805813e-02   4.97023086e-02   8.05415748e-02
   8.24233559e-02   8.67011559e-02   8.67011559e-02   1.22471689e-01
   1.22471689e-01   1.32233166e-01   1.32233166e-01   1.33151588e-01
   1.59968640e-01   1.59968640e-01   1.67026416e-01   2.17117570e-01
   2.17117570e-01   3.10419065e-01   3.87608382e-01   3.94127115e-01
   3.94127115e-01   4.01495772e-01   4.01495772e-01   4.03809943e-01
   4.03809943e-01   4.11881712e-01   4.11881712e-01   4.30423041e-01
   8.11120558e-01   8.11120558e-01   8.28809126e-01   8.28809126e-01
   8.54679464e-01   8.74360561e-01   1.17911915e+00   1.31168897e+00
   1.37698778e+00   1.40046075e+00   1.40046075e+00   1.40328967e+00
   1.40328967e+00   1.41154788e+00   1.41154788e+00   1.42790653e+00
   1.42790653e+00   1.47206517e+00]
E_coul = 498.260163761831
cycle= 1 E= -1198.29991264789  delta_E= -0.0758  |g|= 0.0473  |ddm|= 0.954
    CPU time for cycle= 1      0.02 sec, wall time      0.02 sec
diis-norm(errvec)=0.0907873
diis-c [-0.00824234  1.        ]
  HOMO = -0.133409242980007  LUMO = -0.000810809704392755
  mo_energy =
[ -1.33532426e+02  -1.33532425e+02  -1.44885379e+01  -1.44885320e+01
  -1.15177595e+01  -1.15177595e+01  -1.15177469e+01  -1.15177469e+01
  -1.15177463e+01  -1.15177463e+01  -1.74594934e+00  -1.74567832e+00
  -9.53489024e-01  -9.51176834e-01  -9.51176834e-01  -9.50578150e-01
  -9.50578150e-01  -9.49294918e-01  -1.33409243e-01  -8.10809704e-04
   5.03090893e-02   5.03090893e-02   5.21506235e-02   8.37944562e-02
   8.49695414e-02   8.89190742e-02   8.89190742e-02   1.29518347e-01
   1.29518347e-01   1.32889119e-01   1.37181638e-01   1.37181638e-01
   1.64223483e-01   1.64223483e-01   1.76381439e-01   2.22532465e-01
   2.22532465e-01   3.16808667e-01   3.90554096e-01   3.97933706e-01
   3.97933706e-01   4.05597006e-01   4.05597006e-01   4.07138108e-01
   4.07138108e-01   4.15024835e-01   4.15024835e-01   4.33184745e-01
   8.14228503e-01   8.14228503e-01   8.31862603e-01   8.31862603e-01
   8.57444784e-01   8.74540600e-01   1.18521927e+00   1.31473859e+00
   1.37721197e+00   1.40041813e+00   1.40041813e+00   1.40238528e+00
   1.40238528e+00   1.41067586e+00   1.41067586e+00   1.42817901e+00
   1.42817901e+00   1.47302406e+00]
E_coul = 498.471623541142
cycle= 2 E= -1198.30103561192  delta_E= -0.00112  |g|= 0.0139  |ddm|= 0.0773
    CPU time for cycle= 2      0.02 sec, wall time      0.02 sec
diis-norm(errvec)=0.0242028
diis-c [ -5.77034856e-04   3.26617557e-02   9.67338244e-01]
  HOMO = -0.133627979889624  LUMO = 0.000483813428855871
  mo_energy =
[ -1.33523621e+02  -1.33523619e+02  -1.44814307e+01  -1.44814248e+01
  -1.15105779e+01  -1.15105778e+01  -1.15105338e+01  -1.15105338e+01
  -1.15105331e+01  -1.15105331e+01  -1.74218787e+00  -1.74191455e+00
  -9.50157522e-01  -9.47896033e-01  -9.47896033e-01  -9.47299553e-01
  -9.47299553e-01  -9.45988414e-01  -1.33627980e-01   4.83813429e-04
   5.10665564e-02   5.10665564e-02   5.17439933e-02   8.50521879e-02
   8.58485296e-02   8.97255617e-02   8.97255617e-02   1.30377789e-01
   1.30377789e-01   1.33581562e-01   1.37869113e-01   1.37869113e-01
   1.64997383e-01   1.64997383e-01   1.76787232e-01   2.23330863e-01
   2.23330863e-01   3.17355171e-01   3.92258004e-01   3.99806637e-01
   3.99806637e-01   4.07503137e-01   4.07503137e-01   4.08920207e-01
   4.08920207e-01   4.16900465e-01   4.16900465e-01   4.35298461e-01
   8.16473625e-01   8.16473625e-01   8.34102944e-01   8.34102944e-01
   8.60078817e-01   8.77770844e-01   1.18709276e+00   1.31713194e+00
   1.38028788e+00   1.40352179e+00   1.40352179e+00   1.40549141e+00
   1.40549141e+00   1.41375633e+00   1.41375633e+00   1.43120727e+00
   1.43120727e+00   1.47584527e+00]
E_coul = 498.512025391858
cycle= 3 E= -1198.30124845724  delta_E= -0.000213  |g|= 0.00734  |ddm|= 0.0388
    CPU time for cycle= 3      0.01 sec, wall time      0.02 sec
diis-norm(errvec)=0.0144864
diis-c [ -2.24604258e-05  -1.96800199e-01  -1.92192759e-01   1.38899296e+00]
  HOMO = -0.132580930068227  LUMO = 0.00163641147173491
  mo_energy =
[ -1.33520800e+02  -1.33520799e+02  -1.44785472e+01  -1.44785414e+01
  -1.15077335e+01  -1.15077334e+01  -1.15076810e+01  -1.15076810e+01
  -1.15076804e+01  -1.15076804e+01  -1.73927437e+00  -1.73900655e+00
  -9.47203589e-01  -9.45160691e-01  -9.45160691e-01  -9.44569123e-01
  -9.44569123e-01  -9.43076562e-01  -1.32580930e-01   1.63641147e-03
   5.20463801e-02   5.28849755e-02   5.28849755e-02   8.58608755e-02
   8.66064944e-02   9.05211904e-02   9.05211904e-02   1.32175250e-01
   1.32175250e-01   1.34141305e-01   1.39393982e-01   1.39393982e-01
   1.66251847e-01   1.66251847e-01   1.78783392e-01   2.24818079e-01
   2.24818079e-01   3.18998199e-01   3.94369739e-01   4.02087853e-01
   4.02087853e-01   4.09846292e-01   4.09846292e-01   4.11095042e-01
   4.11095042e-01   4.19188186e-01   4.19188186e-01   4.37669222e-01
   8.19014027e-01   8.19014027e-01   8.36618374e-01   8.36618374e-01
   8.62701602e-01   8.80021240e-01   1.19022254e+00   1.31984932e+00
   1.38313067e+00   1.40630247e+00   1.40630247e+00   1.40810794e+00
   1.40810794e+00   1.41636438e+00   1.41636438e+00   1.43400851e+00
   1.43400851e+00   1.47872266e+00]
E_coul = 498.546332219282
cycle= 4 E= -1198.3013117445  delta_E= -6.33e-05  |g|= 0.000697  |ddm|= 0.0313
    CPU time for cycle= 4      0.02 sec, wall time      0.02 sec
diis-norm(errvec)=0.00109829
diis-c [ -4.51828156e-07   1.15553978e-02   8.22152123e-03  -1.37683255e-01
   1.11790634e+00]
  HOMO = -0.132477321119898  LUMO = 0.00169878526350097
  mo_energy =
[ -1.33521938e+02  -1.33521936e+02  -1.44794132e+01  -1.44794074e+01
  -1.15086146e+01  -1.15086146e+01  -1.15085603e+01  -1.15085603e+01
  -1.15085597e+01  -1.15085597e+01  -1.73956208e+00  -1.73929464e+00
  -9.47410447e-01  -9.45374514e-01  -9.45374514e-01  -9.44782928e-01
  -9.44782928e-01  -9.43284805e-01  -1.32477321e-01   1.69878526e-03
   5.20068536e-02   5.29846363e-02   5.29846363e-02   8.58694293e-02
   8.66312370e-02   9.05483132e-02   9.05483132e-02   1.32271957e-01
   1.32271957e-01   1.34135386e-01   1.39449577e-01   1.39449577e-01
   1.66307244e-01   1.66307244e-01   1.78837733e-01   2.24882240e-01
   2.24882240e-01   3.19052247e-01   3.94344261e-01   4.02062480e-01
   4.02062480e-01   4.09825508e-01   4.09825508e-01   4.11063470e-01
   4.11063470e-01   4.19150904e-01   4.19150904e-01   4.37618688e-01
   8.18961117e-01   8.18961117e-01   8.36563585e-01   8.36563585e-01
   8.62628638e-01   8.79938224e-01   1.19011238e+00   1.31972258e+00
   1.38292587e+00   1.40610148e+00   1.40610148e+00   1.40790398e+00
   1.40790398e+00   1.41616162e+00   1.41616162e+00   1.43381395e+00
   1.43381395e+00   1.47853723e+00]
E_coul = 498.553927414174
cycle= 5 E= -1198.30131220817  delta_E= -4.64e-07  |g|= 0.00013  |ddm|= 0.00283
    CPU time for cycle= 5      0.03 sec, wall time      0.02 sec
diis-norm(errvec)=0.000204321
diis-c [ -2.28940287e-08   4.50822813e-03   5.89978406e-03  -3.98721101e-02
   5.04579463e-02   9.79006152e-01]
  HOMO = -0.132466198511464  LUMO = 0.00170578745610075
  mo_energy =
[ -1.33521639e+02  -1.33521637e+02  -1.44791884e+01  -1.44791825e+01
  -1.15083813e+01  -1.15083812e+01  -1.15083268e+01  -1.15083268e+01
  -1.15083262e+01  -1.15083262e+01  -1.73947553e+00  -1.73920806e+00
  -9.47329279e-01  -9.45289819e-01  -9.45289819e-01  -9.44698074e-01
  -9.44698074e-01  -9.43203290e-01  -1.32466199e-01   1.70578746e-03
   5.20085774e-02   5.29961224e-02   5.29961224e-02   8.58729067e-02
   8.66363069e-02   9.05507386e-02   9.05507386e-02   1.32285466e-01
   1.32285466e-01   1.34132863e-01   1.39457709e-01   1.39457709e-01
   1.66316724e-01   1.66316724e-01   1.78854301e-01   2.24891723e-01
   2.24891723e-01   3.19064511e-01   3.94371693e-01   4.02099874e-01
   4.02099874e-01   4.09858309e-01   4.09858309e-01   4.11100004e-01
   4.11100004e-01   4.19184311e-01   4.19184311e-01   4.37654817e-01
   8.19009906e-01   8.19009906e-01   8.36612442e-01   8.36612442e-01
   8.62672532e-01   8.79978641e-01   1.19017350e+00   1.31977960e+00
   1.38300254e+00   1.40617774e+00   1.40617774e+00   1.40798175e+00
   1.40798175e+00   1.41623899e+00   1.41623899e+00   1.43388907e+00
   1.43388907e+00   1.47861010e+00]
E_coul = 498.552768207745
cycle= 6 E= -1198.30131222075  delta_E= -1.26e-08  |g|= 2.33e-05  |ddm|= 0.000444
    CPU time for cycle= 6      0.02 sec, wall time      0.02 sec
diis-norm(errvec)=5.89556e-05
diis-c [ -5.88028071e-10  -2.55073236e-03  -2.69735498e-03   2.38368345e-02
  -7.56288617e-02  -4.34638002e-01   1.49167812e+00]
  HOMO = -0.132470420099797  LUMO = 0.0017043485388966
  mo_energy =
[ -1.33521664e+02  -1.33521662e+02  -1.44792088e+01  -1.44792029e+01
  -1.15084019e+01  -1.15084019e+01  -1.15083477e+01  -1.15083477e+01
  -1.15083471e+01  -1.15083471e+01  -1.73949035e+00  -1.73922287e+00
  -9.47344786e-01  -9.45302560e-01  -9.45302560e-01  -9.44710803e-01
  -9.44710803e-01  -9.43219095e-01  -1.32470420e-01   1.70434854e-03
   5.20065425e-02   5.29924938e-02   5.29924938e-02   8.58704753e-02
   8.66336650e-02   9.05467988e-02   9.05467988e-02   1.32283876e-01
   1.32283876e-01   1.34126280e-01   1.39452588e-01   1.39452588e-01
   1.66314702e-01   1.66314702e-01   1.78850338e-01   2.24888078e-01
   2.24888078e-01   3.19059686e-01   3.94361170e-01   4.02092548e-01
   4.02092548e-01   4.09848492e-01   4.09848492e-01   4.11092598e-01
   4.11092598e-01   4.19173516e-01   4.19173516e-01   4.37643107e-01
   8.19001085e-01   8.19001085e-01   8.36603638e-01   8.36603638e-01
   8.62659275e-01   8.79966807e-01   1.19016213e+00   1.31976841e+00
   1.38298858e+00   1.40616452e+00   1.40616452e+00   1.40797028e+00
   1.40797028e+00   1.41622751e+00   1.41622751e+00   1.43387578e+00
   1.43387578e+00   1.47859616e+00]
E_coul = 498.552703370326
cycle= 7 E= -1198.30131222221  delta_E= -1.46e-09  |g|= 4.07e-06  |ddm|= 0.000201
    CPU time for cycle= 7      0.02 sec, wall time      0.02 sec
diis-norm(errvec)=7.34258e-06
diis-c [ -6.27273233e-12   3.34359393e-04   4.18653368e-04  -3.65066574e-03
   1.26779940e-02   7.36662331e-02  -3.34771073e-01   1.25132450e+00]
  HOMO = -0.13246953468401  LUMO = 0.00170447572740045
  mo_energy =
[ -1.33521665e+02  -1.33521663e+02  -1.44792100e+01  -1.44792042e+01
  -1.15084032e+01  -1.15084032e+01  -1.15083491e+01  -1.15083491e+01
  -1.15083484e+01  -1.15083484e+01  -1.73949078e+00  -1.73922331e+00
  -9.47345602e-01  -9.45303404e-01  -9.45303404e-01  -9.44711650e-01
  -9.44711650e-01  -9.43219995e-01  -1.32469535e-01   1.70447573e-03
   5.20060497e-02   5.29925152e-02   5.29925152e-02   8.58702331e-02
   8.66336554e-02   9.05466623e-02   9.05466623e-02   1.32283984e-01
   1.32283984e-01   1.34125886e-01   1.39452391e-01   1.39452391e-01
   1.66314716e-01   1.66314716e-01   1.78850080e-01   2.24887982e-01
   2.24887982e-01   3.19059609e-01   3.94360663e-01   4.02092256e-01
   4.02092256e-01   4.09848051e-01   4.09848051e-01   4.11092291e-01
   4.11092291e-01   4.19173007e-01   4.19173007e-01   4.37642506e-01
   8.19000652e-01   8.19000652e-01   8.36603199e-01   8.36603199e-01
   8.62658674e-01   8.79966258e-01   1.19016195e+00   1.31976815e+00
   1.38298781e+00   1.40616378e+00   1.40616378e+00   1.40796955e+00
   1.40796955e+00   1.41622678e+00   1.41622678e+00   1.43387504e+00
   1.43387504e+00   1.47859544e+00]
E_coul = 498.552702314163
cycle= 8 E= -1198.30131222223  delta_E= -1.84e-11  |g|= 3.99e-07  |ddm|= 2.2e-05
    CPU time for cycle= 8      0.02 sec, wall time      0.02 sec
  HOMO = -0.132469622674679  LUMO = 0.00170445995362693
  mo_energy =
[ -1.33521665e+02  -1.33521664e+02  -1.44792102e+01  -1.44792044e+01
  -1.15084034e+01  -1.15084034e+01  -1.15083493e+01  -1.15083493e+01
  -1.15083486e+01  -1.15083486e+01  -1.73949085e+00  -1.73922338e+00
  -9.47345682e-01  -9.45303483e-01  -9.45303483e-01  -9.44711730e-01
  -9.44711730e-01  -9.43220077e-01  -1.32469623e-01   1.70445995e-03
   5.20060852e-02   5.29924921e-02   5.29924921e-02   8.58702374e-02
   8.66336415e-02   9.05466450e-02   9.05466450e-02   1.32283977e-01
   1.32283977e-01   1.34125867e-01   1.39452380e-01   1.39452380e-01
   1.66314709e-01   1.66314709e-01   1.78850098e-01   2.24887969e-01
   2.24887969e-01   3.19059596e-01   3.94360624e-01   4.02092230e-01
   4.02092230e-01   4.09848015e-01   4.09848015e-01   4.11092265e-01
   4.11092265e-01   4.19172968e-01   4.19172968e-01   4.37642460e-01
   8.19000609e-01   8.19000609e-01   8.36603156e-01   8.36603156e-01
   8.62658628e-01   8.79966211e-01   1.19016192e+00   1.31976811e+00
   1.38298775e+00   1.40616372e+00   1.40616372e+00   1.40796949e+00
   1.40796949e+00   1.41622673e+00   1.41622673e+00   1.43387498e+00
   1.43387498e+00   1.47859537e+00]
    CPU time for scf_cycle      0.55 sec, wall time      0.55 sec
    CPU time for SCF      0.55 sec, wall time      0.55 sec
converged SCF energy = -1198.30131222223
RHF E = -1198.30131222
RHF eps = [ -1.33521665e+02  -1.33521664e+02  -1.44792102e+01  -1.44792044e+01
  -1.15084034e+01  -1.15084034e+01  -1.15083493e+01  -1.15083493e+01
  -1.15083486e+01  -1.15083486e+01  -1.73949085e+00  -1.73922338e+00
  -9.47345682e-01  -9.45303483e-01  -9.45303483e-01  -9.44711730e-01
  -9.44711730e-01  -9.43220077e-01  -1.32469623e-01   1.70445995e-03
   5.20060852e-02   5.29924921e-02   5.29924921e-02   8.58702374e-02
   8.66336415e-02   9.05466450e-02   9.05466450e-02   1.32283977e-01
   1.32283977e-01   1.34125867e-01   1.39452380e-01   1.39452380e-01
   1.66314709e-01   1.66314709e-01   1.78850098e-01   2.24887969e-01
   2.24887969e-01   3.19059596e-01   3.94360624e-01   4.02092230e-01
   4.02092230e-01   4.09848015e-01   4.09848015e-01   4.11092265e-01
   4.11092265e-01   4.19172968e-01   4.19172968e-01   4.37642460e-01
   8.19000609e-01   8.19000609e-01   8.36603156e-01   8.36603156e-01
   8.62658628e-01   8.79966211e-01   1.19016192e+00   1.31976811e+00
   1.38298775e+00   1.40616372e+00   1.40616372e+00   1.40796949e+00
   1.40796949e+00   1.41622673e+00   1.41622673e+00   1.43387498e+00
   1.43387498e+00   1.47859537e+00]
    CPU time for CCSD integral transformation      1.47 sec, wall time      1.48 sec

******** <class 'pyscf.cc.rccsd_slow.RCCSD'> flags ********
CCSD nocc = 9, nvir = 47
frozen orbitals [0, 1, 2, 3, 4, 5, 6, 7, 8, 9]
max_cycle = 50
direct = 0
conv_tol = 1e-07
conv_tol_normt = 1e-05
diis_space = 6
diis_start_cycle = 0
diis_start_energy_diff = 1e+09
Init t2, MP2 energy = -0.336469436964791
    CPU time for init mp2      0.00 sec, wall time      0.00 sec
E(MBPT2) = -1198.637781659191  E_corr = -0.3364694369647911
    CPU time for EOM-CCSD shared one-electron intermediates      0.02 sec, wall time      0.02 sec
    CPU time for EOM-CCSD shared two-electron intermediates      0.04 sec, wall time      0.05 sec
    CPU time for EOM-CCSD IP intermediates      0.07 sec, wall time      0.07 sec
tol 1e-07  toloose 0.000316228
max_cycle 50  max_space 38  max_memory 2000  incore True
davidson 0 6  |r|= 0.331  e= [ 0.15780403  0.99021945  0.99138011  0.99138011  0.99187367  0.99187367]  max|de|= 0.992  lindep=    1
davidson 1 12  |r|= 0.0625  e= [ 0.14545568  0.87672428  0.87519039  0.87519039  0.87581014  0.87581014]  max|de|= -0.116  lindep= 0.885
davidson 2 16  |r|= 0.0563  e= [ 0.14513945  0.87102396  0.87304492  0.87519036  0.87372189  0.87581011]  max|de|= -0.0057  lindep= 0.88
davidson 3 22  |r|= 0.0672  e= [ 0.14517252  0.87165471  0.87318097  0.87304486  0.87389957  0.87372183]  max|de|= -0.00215  lindep= 0.345
davidson 4 28  |r|= 0.0883  e= [ 0.14517271  0.87183326  0.87309992  0.87318093  0.87382315  0.87389954]  max|de|= 0.000179  lindep= 0.0514
davidson 5 34  |r|= 0.00137  e= [ 0.14517297  0.87113106  0.87311006  0.87309991  0.87383235  0.87382314]  max|de|= -0.000702  lindep= 0.463
root 0 converged  |r|= 1.72e-05  e= 0.145172967847  max|de|= 2.22e-16
davidson 6 6  |r|= 0.00137  e= [ 0.14517297  0.87113106  0.87311006  0.87309991  0.87383235  0.87382314]  max|de|= -1.78e-15  lindep= 0.998
davidson 7 11  |r|= 0.000824  e= [ 0.14517297  0.87106792  0.87311115  0.87310871  0.87383172  0.87383034]  max|de|= -6.31e-05  lindep= 0.679
davidson 8 16  |r|= 0.000535  e= [ 0.14517297  0.87109187  0.8731243   0.87312456  0.87384478  0.87384427]  max|de|= 2.39e-05  lindep= 0.13
davidson 9 21  |r|= 0.000137  e= [ 0.14517297  0.87111     0.87311352  0.87311421  0.87383378  0.87383422]  max|de|= 1.81e-05  lindep= 0.238
davidson 10 26  |r|= 5.11e-05  e= [ 0.14517297  0.87111616  0.87311609  0.87311822  0.87383669  0.87383859]  max|de|= 6.16e-06  lindep= 0.634
davidson 11 31  |r|= 1.51e-05  e= [ 0.14517297  0.8711134   0.8731153   0.87311551  0.87383581  0.87383594]  max|de|= -2.76e-06  lindep= 0.497
davidson 12 36  |r|= 3.15e-06  e= [ 0.14517297  0.87111367  0.87311567  0.87311574  0.87383617  0.87383622]  max|de|= 3.62e-07  lindep= 0.754
root 0 converged  |r|= 1.72e-05  e= 0.145172967847  max|de|= -6.11e-16
root 1 converged  |r|= 3.15e-06  e= 0.871113667669  max|de|= -1.44e-15
root 2 converged  |r|= 1.02e-06  e= 0.873115665029  max|de|= -1.44e-15
root 3 converged  |r|= 1.44e-06  e= 0.873115743767  max|de|= 9.99e-16
root 4 converged  |r|= 9.06e-07  e= 0.873836171515  max|de|= 1.11e-15
root 5 converged  |r|= 1.63e-06  e= 0.873836220372  max|de|= -1.33e-15
converge 13 6  |r|= 1.72e-05  e= [ 0.14517297  0.87111367  0.87311567  0.87311574  0.87383617  0.87383622]  max|de|= -1.44e-15
IP root 0 E = 0.1451729678473595  qpwt = 0.923242
IP root 1 E = 0.8711136676687036  qpwt = 0.890686
IP root 2 E = 0.8731156650293882  qpwt = 0.890871
IP root 3 E = 0.873115743766824  qpwt = 0.890871
IP root 4 E = 0.8738361715145315  qpwt = 0.889506
IP root 5 E = 0.8738362203717334  qpwt = 0.889506
    CPU time for IP-CCSD      0.64 sec, wall time      0.64 sec
    CPU time for EOM-CCSD shared one-electron intermediates      0.01 sec, wall time      0.01 sec
    CPU time for EOM-CCSD EA intermediates      0.78 sec, wall time      0.78 sec
tol 1e-07  toloose 0.000316228
max_cycle 50  max_space 38  max_memory 2000  incore True
davidson 0 6  |r|= 0.105  e= [ 0.00441025  0.05530025  0.05810187  0.05810187  0.087252    0.08863999]  max|de|= 0.0886  lindep=    1
davidson 1 12  |r|= 0.0772  e= [-0.01261866  0.03278438  0.02832281  0.02832281  0.0729832   0.06919561]  max|de|= -0.0298  lindep= 0.331
davidson 2 17  |r|= 0.0361  e= [-0.01604485  0.02531244  0.02552239  0.02832281  0.0733167   0.0653204 ]  max|de|= -0.00747  lindep= 0.886
davidson 3 23  |r|= 0.00965  e= [-0.01575961  0.02423881  0.02563441  0.02552239  0.06909106  0.06508938]  max|de|= -0.00423  lindep= 0.924
davidson 4 29  |r|= 0.00315  e= [-0.01577778  0.02424021  0.02573674  0.02563441  0.06889029  0.06508594]  max|de|= -0.000201  lindep= 0.889
davidson 5 35  |r|= 0.00097  e= [-0.01577757  0.02424607  0.02571543  0.02573674  0.06892776  0.06507222]  max|de|= 0.000102  lindep= 0.847
root 0 converged  |r|= 3.13e-05  e= -0.0157775700467  max|de|= 2.78e-16
root 2 converged  |r|= 0.0003  e= 0.0257154325479  max|de|= 6.94e-17
davidson 6 6  |r|= 0.00097  e= [-0.01577757  0.02424607  0.02571543  0.02573674  0.06892776  0.06507222]  max|de|= 2.78e-16  lindep= 0.999
davidson 7 10  |r|= 0.00034  e= [-0.01577746  0.02424526  0.02571543  0.02570735  0.06892146  0.065064  ]  max|de|= -2.94e-05  lindep= 0.839
davidson 8 14  |r|= 0.000145  e= [-0.01577739  0.02424553  0.02571543  0.02572102  0.06892339  0.06506052]  max|de|= 1.37e-05  lindep= 0.491
root 4 converged  |r|= 0.000149  e= 0.0689233487293  max|de|= -4.23e-08
davidson 9 18  |r|= 0.000149  e= [-0.01577725  0.02424599  0.02571543  0.02572373  0.06892335  0.06505873]  max|de|= 2.71e-06  lindep= 0.871
davidson 10 21  |r|= 2.27e-05  e= [-0.01577716  0.02424588  0.02571543  0.02572417  0.06892449  0.06506079]  max|de|= 2.06e-06  lindep= 0.716
root 1 converged  |r|= 7.2e-07  e= 0.0242458350832  max|de|= -4.2e-08
davidson 11 24  |r|= 1.26e-05  e= [-0.01577705  0.02424584  0.02571543  0.02572314  0.06892392  0.06506038]  max|de|= -1.03e-06  lindep= 0.782
davidson 12 26  |r|= 7.21e-06  e= [-0.015777    0.02424584  0.02571543  0.02572325  0.06892392  0.06506004]  max|de|= -3.46e-07  lindep= 0.522
root 3 converged  |r|= 1.9e-07  e= 0.0257232553796  max|de|= 5.56e-09
davidson 13 28  |r|= 2.06e-06  e= [-0.01577709  0.02424584  0.02571543  0.02572326  0.06892392  0.06506028]  max|de|= 2.39e-07  lindep= 0.462
root 5 converged  |r|= 8.69e-07  e= 0.0650602541162  max|de|= -2.28e-08
converge 14 29  |r|= 8.69e-07  e= [-0.01577702  0.02424584  0.02571543  0.02572326  0.06892397  0.06506025]  max|de|= 6.18e-08
EA root 0 E = -0.01577702346312865  qpwt = 0.955222
EA root 1 E = 0.02424583507769722  qpwt = 0.568529
EA root 2 E = 0.02571543254653632  qpwt = 0.88421
EA root 3 E = 0.02572325537960403  qpwt = 0.884208
EA root 4 E = 0.06892396627518488  qpwt = 0.743991
EA root 5 E = 0.06506025411618388  qpwt = 0.821277
    CPU time for EA-CCSD      4.63 sec, wall time      4.63 sec
