

******** <class 'pyscf.scf.hf.RHF'> flags ********
method = RHF
initial guess = minao
damping factor = 0
level shift factor = 0
Do DIIS = True
DIIS start cycle = 1
DIIS space = 8
SCF tol = 1e-09
SCF gradient tol = None
max. SCF cycles = 50
direct_scf = True
direct_scf_tol = 1e-13
chkfile to save SCF result = /tmp/tmp69XBjm
max_memory 4000 MB (current use 39 MB)
Set gradient conv threshold to 3.16228e-05
Nelec from initial guess = 19.9992
cond(S) = 154.417880447
E_coul = 229.546343173317
init E= -599.446000122252
    CPU time for initialize scf      0.11 sec, wall time      0.11 sec
  HOMO = -0.244111804020343  LUMO = -0.0326319403154963
  mo_energy =
[ -1.33500394e+02  -1.44681993e+01  -1.14957280e+01  -1.14957205e+01
  -1.14957205e+01  -1.74327450e+00  -9.53287327e-01  -9.46825153e-01
  -9.46825153e-01  -2.44111804e-01  -3.26319403e-02   6.57977424e-02
   6.57977424e-02   7.27655093e-02   9.99940518e-02   1.35943543e-01
   1.35943543e-01   1.40416587e-01   1.40416587e-01   1.96677935e-01
   3.75642663e-01   3.95238761e-01   3.95238761e-01   3.99275163e-01
   3.99275163e-01   5.45459166e-01   7.27177366e-01   7.86167909e-01
   7.86167909e-01   8.60229980e-01   8.60229980e-01   1.05150193e+00
   1.30793859e+00   1.40837379e+00   1.40837379e+00   1.41661908e+00
   1.41661908e+00   1.48795592e+00   2.74106256e+00   3.44432910e+00
   3.44432910e+00   3.47007903e+00   3.47007903e+00   3.51264016e+00
   3.93938207e+00   3.93938207e+00   4.14855464e+00]
E_coul = 229.626261403063
cycle= 1 E= -599.668023979364  delta_E= -0.222  |g|= 0.175  |ddm|= 0.925
    CPU time for cycle= 1      0.00 sec, wall time      0.01 sec
diis-norm(errvec)=0.391343
diis-c [-0.1531497  1.       ]
  HOMO = -0.205800987238314  LUMO = 0.00104674340436945
  mo_energy =
[ -1.33518120e+02  -1.44747601e+01  -1.15043879e+01  -1.15043879e+01
  -1.15036648e+01  -1.73499023e+00  -9.43484072e-01  -9.43484072e-01
  -9.35203795e-01  -2.05800987e-01   1.04674340e-03   6.44695527e-02
   6.44695527e-02   7.38182760e-02   1.10362875e-01   1.38693598e-01
   1.38693598e-01   1.61270596e-01   1.61270596e-01   2.34027626e-01
   3.97982500e-01   3.97982500e-01   4.07823521e-01   4.10605530e-01
   4.10605530e-01   6.76261352e-01   8.11732722e-01   8.11732722e-01
   8.25144670e-01   1.03245830e+00   1.03245830e+00   1.06741844e+00
   1.39953897e+00   1.40911611e+00   1.40911611e+00   1.43033175e+00
   1.43033175e+00   1.54175216e+00   3.01807877e+00   3.72182720e+00
   3.72182720e+00   3.74487543e+00   3.74487543e+00   3.78637296e+00
   4.23401203e+00   4.23401203e+00   4.43565682e+00]
E_coul = 229.626340185661
cycle= 2 E= -599.682308691349  delta_E= -0.0143  |g|= 0.0397  |ddm|= 0.262
    CPU time for cycle= 2      0.01 sec, wall time      0.01 sec
diis-norm(errvec)=0.0782856
diis-c [-0.00539216  0.06594403  0.93405597]
  HOMO = -0.239175546951135  LUMO = 0.00429619657398155
  mo_energy =
[ -1.33512498e+02  -1.44701332e+01  -1.14995558e+01  -1.14995558e+01
  -1.14993355e+01  -1.73169273e+00  -9.40688423e-01  -9.40688423e-01
  -9.35193568e-01  -2.39175547e-01   4.29619657e-03   6.74936464e-02
   6.74936464e-02   7.71147134e-02   1.10753014e-01   1.39526648e-01
   1.39526648e-01   1.55314165e-01   1.55314165e-01   2.29458841e-01
   3.99877440e-01   3.99877440e-01   4.05431111e-01   4.10626917e-01
   4.10626917e-01   6.51247463e-01   8.04137121e-01   8.11267273e-01
   8.11267273e-01   9.89186491e-01   9.89186491e-01   1.07027788e+00
   1.38066871e+00   1.41193277e+00   1.41193277e+00   1.43023107e+00
   1.43023107e+00   1.52431605e+00   2.93732553e+00   3.64846872e+00
   3.64846872e+00   3.67088519e+00   3.67088519e+00   3.71141665e+00
   4.14686437e+00   4.14686437e+00   4.34919787e+00]
E_coul = 229.635234305343
cycle= 3 E= -599.682912907879  delta_E= -0.000604  |g|= 0.0101  |ddm|= 0.0612
    CPU time for cycle= 3      0.01 sec, wall time      0.01 sec
diis-norm(errvec)=0.0209379
diis-c [ -2.67808777e-04  -3.03288545e-02   4.38422425e-02   9.86486612e-01]
  HOMO = -0.240794687290804  LUMO = 0.00432746978781544
  mo_energy =
[ -1.33512266e+02  -1.44696366e+01  -1.14990832e+01  -1.14990832e+01
  -1.14989084e+01  -1.73068658e+00  -9.39753606e-01  -9.39753606e-01
  -9.34257632e-01  -2.40794687e-01   4.32746979e-03   6.77534243e-02
   6.77534243e-02   7.71256832e-02   1.11108612e-01   1.39963387e-01
   1.39963387e-01   1.55487252e-01   1.55487252e-01   2.29852974e-01
   4.00693172e-01   4.00693172e-01   4.05585239e-01   4.11401399e-01
   4.11401399e-01   6.50174334e-01   8.03785803e-01   8.12052747e-01
   8.12052747e-01   9.87174765e-01   9.87174765e-01   1.06944633e+00
   1.38036956e+00   1.41288436e+00   1.41288436e+00   1.43112971e+00
   1.43112971e+00   1.52531755e+00   2.93142330e+00   3.64352544e+00
   3.64352544e+00   3.66616593e+00   3.66616593e+00   3.70716256e+00
   4.14024275e+00   4.14024275e+00   4.34248539e+00]
E_coul = 229.63378528696
cycle= 4 E= -599.682994401877  delta_E= -8.15e-05  |g|= 0.00258  |ddm|= 0.0267
    CPU time for cycle= 4      0.01 sec, wall time      0.01 sec
diis-norm(errvec)=0.00628726
diis-c [ -8.79412466e-06   6.81471053e-03  -5.32922982e-02  -4.15938136e-01
   1.46241572e+00]
  HOMO = -0.24000000812476  LUMO = 0.00437326472984511
  mo_energy =
[ -1.33512828e+02  -1.44699975e+01  -1.14994710e+01  -1.14994710e+01
  -1.14992993e+01  -1.73055607e+00  -9.39678130e-01  -9.39678130e-01
  -9.34046673e-01  -2.40000008e-01   4.37326473e-03   6.78308122e-02
   6.78308122e-02   7.72711527e-02   1.11205213e-01   1.40043375e-01
   1.40043375e-01   1.55778532e-01   1.55778532e-01   2.30235806e-01
   4.00776067e-01   4.00776067e-01   4.05854255e-01   4.11647876e-01
   4.11647876e-01   6.51154711e-01   8.04558726e-01   8.12290872e-01
   8.12290872e-01   9.88760727e-01   9.88760727e-01   1.06987189e+00
   1.38105648e+00   1.41292316e+00   1.41292316e+00   1.43128240e+00
   1.43128240e+00   1.52573897e+00   2.93392143e+00   3.64594159e+00
   3.64594159e+00   3.66854685e+00   3.66854685e+00   3.70960132e+00
   4.14292748e+00   4.14292748e+00   4.34498843e+00]
E_coul = 229.637448758422
cycle= 5 E= -599.683009204293  delta_E= -1.48e-05  |g|= 0.000427  |ddm|= 0.0145
    CPU time for cycle= 5      0.01 sec, wall time      0.01 sec
diis-norm(errvec)=0.00104781
diis-c [ -1.63225818e-07  -1.92518360e-03   1.82228191e-02   1.26374490e-01
  -5.64693971e-01   1.42202184e+00]
  HOMO = -0.239810578906328  LUMO = 0.00431915509309931
  mo_energy =
[ -1.33512293e+02  -1.44695948e+01  -1.14990601e+01  -1.14990601e+01
  -1.14988862e+01  -1.73043125e+00  -9.39581601e-01  -9.39581601e-01
  -9.33953411e-01  -2.39810579e-01   4.31915509e-03   6.77951941e-02
   6.77951941e-02   7.72644168e-02   1.11184523e-01   1.40013209e-01
   1.40013209e-01   1.55816693e-01   1.55816693e-01   2.30294935e-01
   4.00770228e-01   4.00770228e-01   4.05898322e-01   4.11670594e-01
   4.11670594e-01   6.51429847e-01   8.04743658e-01   8.12342765e-01
   8.12342765e-01   9.89102733e-01   9.89102733e-01   1.06996471e+00
   1.38126979e+00   1.41300869e+00   1.41300869e+00   1.43138399e+00
   1.43138399e+00   1.52589567e+00   2.93444714e+00   3.64647355e+00
   3.64647355e+00   3.66906359e+00   3.66906359e+00   3.71009500e+00
   4.14349240e+00   4.14349240e+00   4.34555253e+00]
E_coul = 229.636179645969
cycle= 6 E= -599.683009620253  delta_E= -4.16e-07  |g|= 9.21e-05  |ddm|= 0.00231
    CPU time for cycle= 6      0.01 sec, wall time      0.01 sec
diis-norm(errvec)=0.000135309
diis-c [ -1.14153601e-08  -2.98820766e-04   1.23896092e-03   1.16053268e-02
  -3.49291349e-02  -1.09063062e-02   1.03328997e+00]
  HOMO = -0.239797151587571  LUMO = 0.00430987118120821
  mo_energy =
[ -1.33512554e+02  -1.44697965e+01  -1.14992684e+01  -1.14992684e+01
  -1.14990942e+01  -1.73052026e+00  -9.39664589e-01  -9.39664589e-01
  -9.34039360e-01  -2.39797152e-01   4.30987118e-03   6.77835663e-02
   6.77835663e-02   7.72563705e-02   1.11173339e-01   1.40002602e-01
   1.40002602e-01   1.55814792e-01   1.55814792e-01   2.30296153e-01
   4.00729146e-01   4.00729146e-01   4.05864894e-01   4.11632228e-01
   4.11632228e-01   6.51445453e-01   8.04724918e-01   8.12298479e-01
   8.12298479e-01   9.89123183e-01   9.89123183e-01   1.06991767e+00
   1.38123364e+00   1.41293129e+00   1.41293129e+00   1.43130989e+00
   1.43130989e+00   1.52584917e+00   2.93448117e+00   3.64651032e+00
   3.64651032e+00   3.66909776e+00   3.66909776e+00   3.71012452e+00
   4.14353046e+00   4.14353046e+00   4.34559026e+00]
E_coul = 229.636536247398
cycle= 7 E= -599.683009627039  delta_E= -6.79e-09  |g|= 2.1e-05  |ddm|= 0.000465
    CPU time for cycle= 7      0.00 sec, wall time      0.01 sec
diis-norm(errvec)=3.32884e-05
diis-c [ -2.97471492e-10   1.33992558e-04  -1.15406899e-03  -7.89994684e-03
   3.37293745e-02  -7.24233094e-02  -2.15518690e-01   1.26313265e+00]
  HOMO = -0.239793315155008  LUMO = 0.0043075387080013
  mo_energy =
[ -1.33512526e+02  -1.44697772e+01  -1.14992486e+01  -1.14992486e+01
  -1.14990743e+01  -1.73051594e+00  -9.39661810e-01  -9.39661810e-01
  -9.34037421e-01  -2.39793315e-01   4.30753871e-03   6.77808794e-02
   6.77808794e-02   7.72547719e-02   1.11171369e-01   1.40000109e-01
   1.40000109e-01   1.55814432e-01   1.55814432e-01   2.30295879e-01
   4.00727232e-01   4.00727232e-01   4.05863632e-01   4.11631259e-01
   4.11631259e-01   6.51449932e-01   8.04727030e-01   8.12298664e-01
   8.12298664e-01   9.89126965e-01   9.89126965e-01   1.06991886e+00
   1.38123758e+00   1.41293351e+00   1.41293351e+00   1.43131254e+00
   1.43131254e+00   1.52585198e+00   2.93448593e+00   3.64651523e+00
   3.64651523e+00   3.66910264e+00   3.66910264e+00   3.71012914e+00
   4.14353567e+00   4.14353567e+00   4.34559583e+00]
E_coul = 229.636439833234
cycle= 8 E= -599.683009627644  delta_E= -6.04e-10  |g|= 2.8e-06  |ddm|= 0.000188
    CPU time for cycle= 8      0.01 sec, wall time      0.01 sec
  HOMO = -0.239794048914474  LUMO = 0.00430745854090136
  mo_energy =
[ -1.33512530e+02  -1.44697796e+01  -1.14992511e+01  -1.14992511e+01
  -1.14990767e+01  -1.73051691e+00  -9.39662732e-01  -9.39662732e-01
  -9.34038268e-01  -2.39794049e-01   4.30745854e-03   6.77808944e-02
   6.77808944e-02   7.72547830e-02   1.11171317e-01   1.39999956e-01
   1.39999956e-01   1.55814149e-01   1.55814149e-01   2.30295617e-01
   4.00726778e-01   4.00726778e-01   4.05863144e-01   4.11630840e-01
   4.11630840e-01   6.51449251e-01   8.04726304e-01   8.12298076e-01
   8.12298076e-01   9.89125955e-01   9.89125955e-01   1.06991850e+00
   1.38123659e+00   1.41293267e+00   1.41293267e+00   1.43131170e+00
   1.43131170e+00   1.52585102e+00   2.93448487e+00   3.64651411e+00
   3.64651411e+00   3.66910153e+00   3.66910153e+00   3.71012803e+00
   4.14353453e+00   4.14353453e+00   4.34559471e+00]
    CPU time for scf_cycle      0.18 sec, wall time      0.18 sec
    CPU time for SCF      0.18 sec, wall time      0.18 sec
converged SCF energy = -599.683009627644
RHF E = -599.683009628
RHF eps = [ -1.33512530e+02  -1.44697796e+01  -1.14992511e+01  -1.14992511e+01
  -1.14990767e+01  -1.73051691e+00  -9.39662732e-01  -9.39662732e-01
  -9.34038268e-01  -2.39794049e-01   4.30745854e-03   6.77808944e-02
   6.77808944e-02   7.72547830e-02   1.11171317e-01   1.39999956e-01
   1.39999956e-01   1.55814149e-01   1.55814149e-01   2.30295617e-01
   4.00726778e-01   4.00726778e-01   4.05863144e-01   4.11630840e-01
   4.11630840e-01   6.51449251e-01   8.04726304e-01   8.12298076e-01
   8.12298076e-01   9.89125955e-01   9.89125955e-01   1.06991850e+00
   1.38123659e+00   1.41293267e+00   1.41293267e+00   1.43131170e+00
   1.43131170e+00   1.52585102e+00   2.93448487e+00   3.64651411e+00
   3.64651411e+00   3.66910153e+00   3.66910153e+00   3.71012803e+00
   4.14353453e+00   4.14353453e+00   4.34559471e+00]
    CPU time for CCSD integral transformation      0.41 sec, wall time      0.42 sec

******** <class 'pyscf.cc.rccsd_slow.RCCSD'> flags ********
CCSD nocc = 5, nvir = 37
frozen orbitals [0, 1, 2, 3, 4]
max_cycle = 50
direct = 0
conv_tol = 1e-07
conv_tol_normt = 1e-05
diis_space = 6
diis_start_cycle = 0
diis_start_energy_diff = 1e+09
Init t2, MP2 energy = -0.182748837218989
    CPU time for init mp2      0.00 sec, wall time      0.00 sec
E(MBPT2) = -599.8657584648629  E_corr = -0.1827488372189894
    CPU time for EOM-CCSD shared one-electron intermediates      0.01 sec, wall time      0.00 sec
    CPU time for EOM-CCSD shared two-electron intermediates      0.00 sec, wall time      0.01 sec
    CPU time for EOM-CCSD IP intermediates      0.01 sec, wall time      0.01 sec
tol 1e-07  toloose 0.000316228
max_cycle 50  max_space 38  max_memory 2000  incore True
davidson 0 6  |r|= 0.426  e= [ 0.26919685  0.98020998  0.98544218  0.98544218  1.74613009  4.19723742]  max|de|=  4.2  lindep=    1
davidson 1 12  |r|= 0.188  e= [ 0.21723409  0.91255595  0.89926253  0.89926253  1.61546694  4.20449524]  max|de|= -0.131  lindep= 0.826
davidson 2 17  |r|= 0.213  e= [ 0.21692897  0.95072068  0.89939806  0.89927079  1.54690023  4.20451999]  max|de|= -0.0686  lindep= 0.459
davidson 3 23  |r|= 0.171  e= [ 0.21689161  0.89070056  0.89958292  0.89940658  1.52082505  4.20452007]  max|de|= -0.06  lindep= 0.397
davidson 4 29  |r|= 0.0757  e= [ 0.21689021  0.89076011  0.89960258  0.89958371  1.51798221  4.20451932]  max|de|= -0.00284  lindep= 0.17
davidson 5 35  |r|= 0.0779  e= [ 0.21688994  0.89244058  0.89959202  0.89960245  1.51810811  4.20451038]  max|de|= 0.00168  lindep= 0.0679
root 0 converged  |r|= 5.85e-06  e= 0.216889937041  max|de|= 7.77e-16
davidson 6 6  |r|= 0.0779  e= [ 0.21688994  0.89244058  0.89959202  0.89960245  1.51810811  4.20451038]  max|de|= -1.6e-14  lindep= 0.989
davidson 7 11  |r|= 0.149  e= [ 0.21688994  0.89084202  0.89963326  0.89957648  1.52048597  4.20451555]  max|de|= 0.00238  lindep= 0.215
davidson 8 16  |r|= 0.0499  e= [ 0.21688994  0.89079109  0.89962082  0.89955358  1.51747036  4.20451704]  max|de|= -0.00302  lindep= 0.0966
davidson 9 21  |r|= 0.101  e= [ 0.21688994  0.88948137  0.89963932  0.89967043  1.51557185  4.20452205]  max|de|= -0.0019  lindep= 0.206
davidson 10 26  |r|= 0.0242  e= [ 0.21688994  0.89206202  0.89965337  0.89965282  1.51471563  4.20452188]  max|de|= 0.00258  lindep= 0.241
davidson 11 31  |r|= 0.00682  e= [ 0.21688995  0.8914443   0.89965592  0.89965533  1.51487932  4.20452144]  max|de|= -0.000618  lindep= 0.152
davidson 12 36  |r|= 0.00756  e= [ 0.21688995  0.89162822  0.89965357  0.89965385  1.51458068  4.20452698]  max|de|= -0.000299  lindep= 0.275
root 0 converged  |r|= 5.57e-06  e= 0.216889946275  max|de|= 8.88e-16
root 2 converged  |r|= 7.1e-06  e= 0.89965356755  max|de|= -9.99e-16
root 3 converged  |r|= 3.91e-06  e= 0.899653852491  max|de|= 7.77e-16
davidson 13 6  |r|= 0.00756  e= [ 0.21688995  0.89162822  0.89965357  0.89965385  1.51458068  4.20452698]  max|de|= -6.88e-15  lindep= 0.972
davidson 14 9  |r|= 0.00472  e= [ 0.21688994  0.89152408  0.89965357  0.89965385  1.51460685  4.20453984]  max|de|= -0.000104  lindep= 0.505
davidson 15 12  |r|= 0.00544  e= [ 0.21688994  0.89153755  0.89965357  0.89965385  1.5146248   4.20453961]  max|de|= 1.79e-05  lindep= 0.0441
davidson 16 15  |r|= 0.00341  e= [ 0.21688993  0.89154185  0.89965357  0.89965385  1.51460057  4.20453465]  max|de|= -2.42e-05  lindep= 0.259
davidson 17 18  |r|= 0.00348  e= [ 0.21688991  0.89154339  0.89965357  0.89965385  1.51461137  4.20453461]  max|de|= 1.08e-05  lindep= 0.0159
davidson 18 21  |r|= 0.00911  e= [ 0.21688991  0.89154207  0.89965357  0.89965385  1.51460416  4.20451301]  max|de|= -2.16e-05  lindep= 0.105
davidson 19 24  |r|= 0.00511  e= [ 0.21688991  0.89154258  0.89965357  0.89965385  1.51460807  4.20451015]  max|de|= 3.92e-06  lindep= 0.0484
davidson 20 27  |r|= 0.00688  e= [ 0.21688991  0.89154326  0.89965357  0.89965385  1.51458652  4.20451332]  max|de|= -2.16e-05  lindep= 0.151
davidson 21 30  |r|= 0.00267  e= [ 0.21688991  0.89154432  0.89965357  0.89965385  1.51464901  4.20452026]  max|de|= 6.25e-05  lindep= 0.194
davidson 22 33  |r|= 0.00146  e= [ 0.2168899   0.89154409  0.89965357  0.89965385  1.51463043  4.20452085]  max|de|= -1.86e-05  lindep= 0.159
root 0 converged  |r|= 5.06e-06  e= 0.216889897387  max|de|= -2.14e-15
root 1 converged  |r|= 6.89e-06  e= 0.891544088167  max|de|= -2.22e-16
root 2 converged  |r|= 7.1e-06  e= 0.89965356755  max|de|=    0
root 3 converged  |r|= 3.91e-06  e= 0.899653852491  max|de|= -5.55e-16
davidson 23 6  |r|= 0.00146  e= [ 0.2168899   0.89154409  0.89965357  0.89965385  1.51463043  4.20452085]  max|de|= 1.6e-14  lindep= 0.995
davidson 24 8  |r|= 0.000592  e= [ 0.2168899   0.89154407  0.89965357  0.89965385  1.51462413  4.20452033]  max|de|= -6.29e-06  lindep= 0.824
davidson 25 10  |r|= 0.000579  e= [ 0.2168899   0.89154408  0.89965357  0.89965385  1.51462132  4.2045206 ]  max|de|= -2.82e-06  lindep= 0.267
davidson 26 12  |r|= 0.000105  e= [ 0.21688989  0.89154409  0.89965357  0.89965385  1.51461963  4.20452048]  max|de|= -1.69e-06  lindep= 0.588
root 5 converged  |r|= 0.000176  e= 4.20452050092  max|de|= 1.78e-08
davidson 27 14  |r|= 0.000176  e= [ 0.21688989  0.89154409  0.89965357  0.89965385  1.51461916  4.2045205 ]  max|de|= -4.68e-07  lindep= 0.248
davidson 28 15  |r|= 0.000235  e= [ 0.21688988  0.89154408  0.89965357  0.89965385  1.51462489  4.2045205 ]  max|de|= 5.73e-06  lindep= 0.566
davidson 29 16  |r|= 3.74e-05  e= [ 0.21688988  0.89154408  0.89965357  0.89965385  1.51461979  4.2045205 ]  max|de|= -5.1e-06  lindep= 0.786
davidson 30 17  |r|= 7.48e-05  e= [ 0.21688988  0.89154408  0.89965357  0.89965385  1.5146199   4.2045205 ]  max|de|= 1.07e-07  lindep= 0.413
davidson 31 18  |r|= 1.56e-05  e= [ 0.21688988  0.89154408  0.89965357  0.89965385  1.51461968  4.2045205 ]  max|de|= -2.19e-07  lindep= 0.481
davidson 32 19  |r|= 2.84e-05  e= [ 0.21688988  0.89154408  0.89965357  0.89965385  1.51462025  4.20452051]  max|de|= 5.69e-07  lindep= 0.47
davidson 33 20  |r|= 1.94e-05  e= [ 0.21688988  0.8915441   0.89965357  0.89965385  1.51461993  4.20452051]  max|de|= -3.16e-07  lindep= 0.117
davidson 34 21  |r|= 4.21e-06  e= [ 0.21688988  0.89154409  0.89965357  0.89965385  1.51461966  4.2045205 ]  max|de|= -2.72e-07  lindep= 0.446
root 4 converged  |r|= 3.15e-06  e= 1.5146196018  max|de|= -6.13e-08
converge 35 22  |r|= 3.15e-06  e= [ 0.21688988  0.89154409  0.89965357  0.89965385  1.5146196   4.2045205 ]  max|de|= -6.13e-08
IP root 0 E = 0.2168898783540739  qpwt = 0.904662
IP root 1 E = 0.8915440942976092  qpwt = 0.939625
IP root 2 E = 0.8996535675500503  qpwt = 0.960934
IP root 3 E = 0.8996538524905903  qpwt = 0.960935
IP root 4 E = 1.514619601796984  qpwt = 0.599944
IP root 5 E = 4.204520497329868  qpwt = 1.90289e-07
    CPU time for IP-CCSD      0.42 sec, wall time      0.41 sec
    CPU time for EOM-CCSD shared one-electron intermediates      0.00 sec, wall time      0.00 sec
    CPU time for EOM-CCSD EA intermediates      0.21 sec, wall time      0.20 sec
tol 1e-07  toloose 0.000316228
max_cycle 50  max_space 38  max_memory 2000  incore True
davidson 0 6  |r|= 0.101  e= [ 0.00612206  0.06891831  0.06891831  0.07818448  0.11296307  0.14075812]  max|de|= 0.141  lindep=    1
davidson 1 12  |r|= 0.0234  e= [-0.00197918  0.05916834  0.05916834  0.07047224  0.1009946   0.133901  ]  max|de|= -0.012  lindep= 0.885
davidson 2 17  |r|= 0.0163  e= [-0.00280183  0.05916834  0.05818096  0.06965051  0.09851269  0.13335631]  max|de|= -0.00248  lindep= 0.865
davidson 3 23  |r|= 0.0107  e= [-0.00273988  0.05818096  0.05821292  0.06965028  0.09812898  0.13337986]  max|de|= -0.000987  lindep= 0.91
davidson 4 29  |r|= 0.00617  e= [-0.00274322  0.05821292  0.05819875  0.06964108  0.09756904  0.13338356]  max|de|= -0.00056  lindep= 0.677
davidson 5 35  |r|= 0.00147  e= [-0.00274449  0.05819875  0.05819273  0.06963531  0.09743479  0.13338518]  max|de|= -0.000134  lindep= 0.321
root 0 converged  |r|= 3.7e-05  e= -0.0027444894277  max|de|= 3.73e-16
root 2 converged  |r|= 0.000137  e= 0.0581927260826  max|de|= -1.18e-16
root 3 converged  |r|= 0.000202  e= 0.0696353070828  max|de|= -3.05e-16
davidson 6 6  |r|= 0.00147  e= [-0.00274449  0.05819875  0.05819273  0.06963531  0.09743479  0.13338518]  max|de|= 3.89e-16  lindep=    1
davidson 7 9  |r|= 0.000427  e= [-0.00274447  0.05819291  0.05819273  0.06963539  0.0974382   0.13338581]  max|de|= -5.85e-06  lindep= 0.347
davidson 8 12  |r|= 0.000178  e= [-0.00274447  0.05819184  0.05819273  0.06963494  0.09742872  0.13338568]  max|de|= -9.48e-06  lindep= 0.582
davidson 9 15  |r|= 6.23e-05  e= [-0.00274445  0.058192    0.05819273  0.06963494  0.09742999  0.13338555]  max|de|= 1.26e-06  lindep= 0.635
davidson 10 18  |r|= 4.29e-05  e= [-0.00274445  0.05819231  0.05819273  0.06963496  0.09742902  0.13338588]  max|de|= -9.63e-07  lindep= 0.334
root 5 converged  |r|= 1.8e-06  e= 0.133385882818  max|de|= 3.9e-09
davidson 11 21  |r|= 2.98e-05  e= [-0.00274443  0.05819205  0.05819273  0.06963495  0.09742988  0.13338588]  max|de|= 8.6e-07  lindep= 0.46
root 1 converged  |r|= 2.73e-07  e= 0.0581920893252  max|de|= 3.51e-08
davidson 12 23  |r|= 1.24e-05  e= [-0.00274444  0.05819209  0.05819273  0.06963492  0.09742933  0.13338588]  max|de|= -5.59e-07  lindep= 0.795
root 4 converged  |r|= 4.15e-06  e= 0.0974293652431  max|de|= 4.02e-08
converge 13 24  |r|= 4.15e-06  e= [-0.00274443  0.05819209  0.05819273  0.06963489  0.09742937  0.13338588]  max|de|= 4.02e-08
EA root 0 E = -0.002744425933821402  qpwt = 0.991056
EA root 1 E = 0.05819208932520843  qpwt = 0.988675
EA root 2 E = 0.05819272777761261  qpwt = 0.98868
EA root 3 E = 0.06963488803803256  qpwt = 0.990143
EA root 4 E = 0.09742936524307526  qpwt = 0.89272
EA root 5 E = 0.1333858828182177  qpwt = 0.98312
    CPU time for EA-CCSD      1.53 sec, wall time      1.54 sec
