

******** <class 'pyscf.scf.hf.RHF'> flags ********
method = RHF
initial guess = minao
damping factor = 0
level shift factor = 0
Do DIIS = True
DIIS start cycle = 1
DIIS space = 8
SCF tol = 1e-09
SCF gradient tol = None
max. SCF cycles = 50
direct_scf = True
direct_scf_tol = 1e-13
chkfile to save SCF result = /tmp/tmprhWCzI
max_memory 4000 MB (current use 39 MB)
Set gradient conv threshold to 3.16228e-05
Nelec from initial guess = 11.9978
cond(S) = 266.96182717
E_coul = 50.6603986289773
init E= -106.581362621969
    CPU time for initialize scf      0.14 sec, wall time      0.51 sec
  HOMO = -0.687981272387446  LUMO = -0.0587865668318549
  mo_energy =
[-26.47951125  -2.49807083  -1.69251454  -0.70080239  -0.68798127
  -0.68798127  -0.05878657   0.08857355   0.08857355   0.1121994
   0.16767803   0.37772852   0.37772852   0.38515873   0.41989155
   0.41989155   0.62785817   0.62785817   0.73182363   0.79511755
   0.82172421   0.82172421   1.0786071    1.55760468   2.15494107
   2.15494107   2.21705903   2.21705903   2.6523213    3.5589411
   3.5589411    3.60209705   4.02784404   6.30443829   6.30443829
   6.5314934    7.21717127   7.21717127   7.22333763   7.22333763
   7.22784718   7.22784718   7.26955102   8.68712704   8.68712704
   8.73567152   8.73567152   8.92960772  15.11193947  58.15667623]
E_coul = 55.7345026281253
cycle= 1 E= -106.90983938204  delta_E= -0.328  |g|= 0.658  |ddm|= 0.741
    CPU time for cycle= 1      0.00 sec, wall time      0.01 sec
diis-norm(errvec)=1.32626
diis-c [-1.75896988  1.        ]
  HOMO = -0.309827745880944  LUMO = -0.00176326520652994
  mo_energy =
[ -2.56380848e+01  -2.44629712e+00  -1.18715337e+00  -3.25212956e-01
  -3.09827746e-01  -3.09827746e-01  -1.76326521e-03   1.03512517e-01
   1.03512517e-01   1.32352615e-01   2.12388190e-01   3.86511403e-01
   3.86511403e-01   3.98593504e-01   4.37628271e-01   4.37628271e-01
   6.81308270e-01   6.81308270e-01   8.64906099e-01   1.01616236e+00
   1.03855275e+00   1.03855275e+00   1.22427839e+00   1.67920174e+00
   2.54920855e+00   2.54920855e+00   2.60373908e+00   2.60373908e+00
   2.99757717e+00   4.07553215e+00   4.07553215e+00   4.11261316e+00
   4.51148638e+00   6.34412792e+00   6.34412792e+00   6.58169038e+00
   7.74307481e+00   7.74307481e+00   7.74739368e+00   7.74739368e+00
   7.75243499e+00   7.75243499e+00   7.78954244e+00   9.31181669e+00
   9.31181669e+00   9.35905311e+00   9.35905311e+00   9.54583659e+00
   1.51510485e+01   5.89667106e+01]
E_coul = 51.7443226177054
cycle= 2 E= -106.948486977242  delta_E= -0.0386  |g|= 0.534  |ddm|= 0.486
    CPU time for cycle= 2      0.01 sec, wall time      0.01 sec
diis-norm(errvec)=1.01638
diis-c [-0.01826891  0.43295138  0.56704862]
  HOMO = -0.466753235559231  LUMO = 0.000824935949665705
  mo_energy =
[ -2.61039553e+01  -2.44020696e+00  -1.36823583e+00  -4.88959104e-01
  -4.66753236e-01  -4.66753236e-01   8.24935950e-04   1.02515788e-01
   1.02515788e-01   1.32444245e-01   2.06882338e-01   3.87240689e-01
   3.87240689e-01   3.94274858e-01   4.33569955e-01   4.33569955e-01
   6.75358753e-01   6.75358753e-01   8.38294156e-01   9.54926793e-01
   9.80482615e-01   9.80482615e-01   1.18357837e+00   1.65480643e+00
   2.42918235e+00   2.42918235e+00   2.48578650e+00   2.48578650e+00
   2.89231774e+00   3.86530323e+00   3.86530323e+00   3.90528789e+00
   4.32740987e+00   6.35025171e+00   6.35025171e+00   6.58488717e+00
   7.55806376e+00   7.55806376e+00   7.56378877e+00   7.56378877e+00
   7.56632311e+00   7.56632311e+00   7.60729311e+00   9.04732139e+00
   9.04732139e+00   9.09654773e+00   9.09654773e+00   9.28680333e+00
   1.51577266e+01   5.85246549e+01]
E_coul = 53.4053903453582
cycle= 3 E= -106.985568332035  delta_E= -0.0371  |g|= 0.0133  |ddm|= 0.185
    CPU time for cycle= 3      0.01 sec, wall time      0.01 sec
diis-norm(errvec)=0.0260611
diis-c [ -3.05678331e-04  -7.29497857e-02  -9.05274912e-02   1.16347728e+00]
  HOMO = -0.473987791317149  LUMO = 0.00196949546105359
  mo_energy =
[ -2.61092420e+01  -2.43649456e+00  -1.37528766e+00  -4.97241060e-01
  -4.73987791e-01  -4.73987791e-01   1.96949546e-03   1.03889473e-01
   1.03889473e-01   1.33146125e-01   2.07701438e-01   3.88313025e-01
   3.88313025e-01   3.95115242e-01   4.34796319e-01   4.34796319e-01
   6.77687846e-01   6.77687846e-01   8.38160988e-01   9.53610348e-01
   9.78551898e-01   9.78551898e-01   1.18268448e+00   1.65572547e+00
   2.42337051e+00   2.42337051e+00   2.48058129e+00   2.48058129e+00
   2.88797331e+00   3.85932462e+00   3.85932462e+00   3.89974756e+00
   4.32145883e+00   6.35366931e+00   6.35366931e+00   6.58837581e+00
   7.55025222e+00   7.55025222e+00   7.55624029e+00   7.55624029e+00
   7.55815084e+00   7.55815084e+00   7.59996750e+00   9.03902219e+00
   9.03902219e+00   9.08862620e+00   9.08862620e+00   9.27906821e+00
   1.51606306e+01   5.85196165e+01]
E_coul = 53.3967095593478
cycle= 4 E= -106.985635412306  delta_E= -6.71e-05  |g|= 0.00236  |ddm|= 0.0139
    CPU time for cycle= 4      0.01 sec, wall time      0.01 sec
diis-norm(errvec)=0.00472548
diis-c [ -1.31684829e-05   1.03852903e-02   1.40565563e-02  -2.13688324e-01
   1.18924648e+00]
  HOMO = -0.473303715584731  LUMO = 0.00210327619123061
  mo_energy =
[ -2.61079093e+01  -2.43627912e+00  -1.37507021e+00  -4.97242441e-01
  -4.73303716e-01  -4.73303716e-01   2.10327619e-03   1.03967190e-01
   1.03967190e-01   1.33190910e-01   2.07748834e-01   3.88428085e-01
   3.88428085e-01   3.95131637e-01   4.34878376e-01   4.34878376e-01
   6.77827433e-01   6.77827433e-01   8.38103227e-01   9.53241461e-01
   9.78287470e-01   9.78287470e-01   1.18258108e+00   1.65588217e+00
   2.42319877e+00   2.42319877e+00   2.48048346e+00   2.48048346e+00
   2.88792391e+00   3.85950800e+00   3.85950800e+00   3.89987817e+00
   4.32149742e+00   6.35380090e+00   6.35380090e+00   6.58851107e+00
   7.55022220e+00   7.55022220e+00   7.55627291e+00   7.55627291e+00
   7.55800565e+00   7.55800565e+00   7.59999708e+00   9.03930016e+00
   9.03930016e+00   9.08901761e+00   9.08901761e+00   9.27951119e+00
   1.51605687e+01   5.85207677e+01]
E_coul = 53.3957434403607
cycle= 5 E= -106.985638611831  delta_E= -3.2e-06  |g|= 0.000574  |ddm|= 0.00341
    CPU time for cycle= 5      0.01 sec, wall time      0.01 sec
diis-norm(errvec)=0.00125822
diis-c [ -6.32675935e-07  -6.85649930e-04  -9.49379148e-04   9.70273108e-03
  -2.93714711e-01   1.28564701e+00]
  HOMO = -0.473198125813786  LUMO = 0.00211300617941139
  mo_energy =
[ -2.61080176e+01  -2.43626191e+00  -1.37501419e+00  -4.97352814e-01
  -4.73198126e-01  -4.73198126e-01   2.11300618e-03   1.03995946e-01
   1.03995946e-01   1.33194860e-01   2.07777674e-01   3.88447928e-01
   3.88447928e-01   3.95136660e-01   4.34909628e-01   4.34909628e-01
   6.77879341e-01   6.77879341e-01   8.38144586e-01   9.53266544e-01
   9.78371074e-01   9.78371074e-01   1.18261946e+00   1.65596019e+00
   2.42330199e+00   2.42330199e+00   2.48059545e+00   2.48059545e+00
   2.88801449e+00   3.85960410e+00   3.85960410e+00   3.89992036e+00
   4.32157828e+00   6.35381000e+00   6.35381000e+00   6.58852944e+00
   7.55036361e+00   7.55036361e+00   7.55643086e+00   7.55643086e+00
   7.55811908e+00   7.55811908e+00   7.60016075e+00   9.03938155e+00
   9.03938155e+00   9.08912022e+00   9.08912022e+00   9.27961955e+00
   1.51605553e+01   5.85206818e+01]
E_coul = 53.395268542337
cycle= 6 E= -106.985638865114  delta_E= -2.53e-07  |g|= 0.00013  |ddm|= 0.00105
    CPU time for cycle= 6      0.01 sec, wall time      0.01 sec
diis-norm(errvec)=0.000276272
diis-c [ -2.44311311e-08   1.71927406e-04   1.28095193e-04   2.27774293e-03
   3.18672153e-02  -3.40632133e-01   1.30618715e+00]
  HOMO = -0.473192061602144  LUMO = 0.00210801363088386
  mo_energy =
[ -2.61080264e+01  -2.43628897e+00  -1.37503143e+00  -4.97406637e-01
  -4.73192062e-01  -4.73192062e-01   2.10801363e-03   1.03991695e-01
   1.03991695e-01   1.33190683e-01   2.07770499e-01   3.88441055e-01
   3.88441055e-01   3.95129178e-01   4.34904585e-01   4.34904585e-01
   6.77862933e-01   6.77862933e-01   8.38133744e-01   9.53237762e-01
   9.78369580e-01   9.78369580e-01   1.18260692e+00   1.65594234e+00
   2.42328200e+00   2.42328200e+00   2.48057642e+00   2.48057642e+00
   2.88799624e+00   3.85959149e+00   3.85959149e+00   3.89988731e+00
   4.32155999e+00   6.35378616e+00   6.35378616e+00   6.58850407e+00
   7.55033740e+00   7.55033740e+00   7.55640846e+00   7.55640846e+00
   7.55808633e+00   7.55808633e+00   7.60013893e+00   9.03935240e+00
   9.03935240e+00   9.08909622e+00   9.08909622e+00   9.27959792e+00
   1.51605343e+01   5.85206743e+01]
E_coul = 53.395304539104
cycle= 7 E= -106.985638874682  delta_E= -9.57e-09  |g|= 2.55e-05  |ddm|= 0.000201
    CPU time for cycle= 7      0.01 sec, wall time      0.01 sec
diis-norm(errvec)=5.39789e-05
diis-c [ -8.13221997e-10   8.27381838e-05   1.22670319e-04  -2.16798180e-03
   1.44736838e-02  -8.03163185e-04  -2.61192264e-01   1.24948432e+00]
  HOMO = -0.473194722666902  LUMO = 0.00210731238095422
  mo_energy =
[ -2.61080313e+01  -2.43629285e+00  -1.37503671e+00  -4.97417765e-01
  -4.73194723e-01  -4.73194723e-01   2.10731238e-03   1.03991118e-01
   1.03991118e-01   1.33190214e-01   2.07769085e-01   3.88439950e-01
   3.88439950e-01   3.95128231e-01   4.34903925e-01   4.34903925e-01
   6.77860383e-01   6.77860383e-01   8.38131860e-01   9.53232604e-01
   9.78367864e-01   9.78367864e-01   1.18260429e+00   1.65593901e+00
   2.42327610e+00   2.42327610e+00   2.48057100e+00   2.48057100e+00
   2.88799062e+00   3.85958649e+00   3.85958649e+00   3.89987978e+00
   4.32155442e+00   6.35378256e+00   6.35378256e+00   6.58850023e+00
   7.55032980e+00   7.55032980e+00   7.55640161e+00   7.55640161e+00
   7.55807767e+00   7.55807767e+00   7.60013286e+00   9.03934456e+00
   9.03934456e+00   9.08908903e+00   9.08908903e+00   9.27959070e+00
   1.51605312e+01   5.85206687e+01]
E_coul = 53.3952968435708
cycle= 8 E= -106.985638875016  delta_E= -3.34e-10  |g|= 3.38e-06  |ddm|= 3.45e-05
    CPU time for cycle= 8      0.01 sec, wall time      0.01 sec
  HOMO = -0.473194531561961  LUMO = 0.00210726628769972
  mo_energy =
[ -2.61080325e+01  -2.43629329e+00  -1.37503651e+00  -4.97417783e-01
  -4.73194532e-01  -4.73194532e-01   2.10726629e-03   1.03991136e-01
   1.03991136e-01   1.33190229e-01   2.07769053e-01   3.88439870e-01
   3.88439870e-01   3.95128296e-01   4.34903970e-01   4.34903970e-01
   6.77860245e-01   6.77860245e-01   8.38132129e-01   9.53232912e-01
   9.78368317e-01   9.78368317e-01   1.18260455e+00   1.65593899e+00
   2.42327678e+00   2.42327678e+00   2.48057169e+00   2.48057169e+00
   2.88799124e+00   3.85958699e+00   3.85958699e+00   3.89988016e+00
   4.32155491e+00   6.35378202e+00   6.35378202e+00   6.58849973e+00
   7.55033076e+00   7.55033076e+00   7.55640260e+00   7.55640260e+00
   7.55807857e+00   7.55807857e+00   7.60013383e+00   9.03934511e+00
   9.03934511e+00   9.08908963e+00   9.08908963e+00   9.27959131e+00
   1.51605304e+01   5.85206677e+01]
    CPU time for scf_cycle      0.21 sec, wall time      0.59 sec
    CPU time for SCF      0.21 sec, wall time      0.59 sec
converged SCF energy = -106.985638875016
RHF E = -106.985638875
RHF eps = [ -2.61080325e+01  -2.43629329e+00  -1.37503651e+00  -4.97417783e-01
  -4.73194532e-01  -4.73194532e-01   2.10726629e-03   1.03991136e-01
   1.03991136e-01   1.33190229e-01   2.07769053e-01   3.88439870e-01
   3.88439870e-01   3.95128296e-01   4.34903970e-01   4.34903970e-01
   6.77860245e-01   6.77860245e-01   8.38132129e-01   9.53232912e-01
   9.78368317e-01   9.78368317e-01   1.18260455e+00   1.65593899e+00
   2.42327678e+00   2.42327678e+00   2.48057169e+00   2.48057169e+00
   2.88799124e+00   3.85958699e+00   3.85958699e+00   3.89988016e+00
   4.32155491e+00   6.35378202e+00   6.35378202e+00   6.58849973e+00
   7.55033076e+00   7.55033076e+00   7.55640260e+00   7.55640260e+00
   7.55807857e+00   7.55807857e+00   7.60013383e+00   9.03934511e+00
   9.03934511e+00   9.08908963e+00   9.08908963e+00   9.27959131e+00
   1.51605304e+01   5.85206677e+01]
    CPU time for CCSD integral transformation      0.56 sec, wall time      0.58 sec

******** <class 'pyscf.cc.rccsd_slow.RCCSD'> flags ********
CCSD nocc = 5, nvir = 44
frozen orbitals [0]
max_cycle = 50
direct = 0
conv_tol = 1e-07
conv_tol_normt = 1e-05
diis_space = 6
diis_start_cycle = 0
diis_start_energy_diff = 1e+09
Init t2, MP2 energy = -0.305957104843096
    CPU time for init mp2      0.00 sec, wall time      0.00 sec
E(MBPT2) = -107.2915959798593  E_corr = -0.3059571048430965
    CPU time for EOM-CCSD shared one-electron intermediates      0.01 sec, wall time      0.01 sec
    CPU time for EOM-CCSD shared two-electron intermediates      0.01 sec, wall time      0.01 sec
    CPU time for EOM-CCSD IP intermediates      0.01 sec, wall time      0.01 sec
tol 1e-07  toloose 0.000316228
max_cycle 50  max_space 38  max_memory 2000  incore True
davidson 0 6  |r|= 0.563  e= [  0.55034672   0.55034672   0.57350896   1.42023303   2.46665873
  58.21426417]  max|de|= 58.2  lindep=    1
davidson 1 12  |r|= 0.288  e= [  0.40884891   0.40884891   0.42665791   1.20895027   2.38349838
  58.24583252]  max|de|= -0.211  lindep= 0.782
davidson 2 17  |r|= 0.182  e= [  0.40884893   0.41078133   0.42809761   1.21024508   2.37379439
  58.18269424]  max|de|= -0.0631  lindep= 0.97
davidson 3 23  |r|= 0.214  e= [  0.41078135   0.41137272   0.42859974   1.21062879   2.37597471
  58.18332563]  max|de|= 0.00218  lindep= 0.591
root 5 converged  |r|= 5.49e-06  e= 58.1833255952  max|de|= -3.17e-08
davidson 4 29  |r|= 0.322  e= [  0.41137272   0.41140187   0.42867514   1.21044544   2.3797659
  58.1833256 ]  max|de|= 0.00379  lindep= 0.099
davidson 5 34  |r|= 0.117  e= [  0.41140187   0.41140418   0.42867973   1.21037579   2.37512667
  58.1833256 ]  max|de|= -0.00464  lindep= 0.223
root 0 converged  |r|= 0.000184  e= 0.411401873879  max|de|= 1.33e-15
root 1 converged  |r|= 2.62e-05  e= 0.411404182913  max|de|= 1.17e-15
root 2 converged  |r|= 2.33e-05  e= 0.42867972739  max|de|= 8.33e-16
root 5 converged  |r|= 5.49e-06  e= 58.1833255952  max|de|= 2.84e-14
davidson 6 6  |r|= 0.117  e= [  0.41140187   0.41140418   0.42867973   1.21037579   2.37512667
  58.1833256 ]  max|de|= 2.84e-14  lindep= 0.999
root 3 converged  |r|= 0.000173  e= 1.21037572416  max|de|= -6.62e-08
davidson 7 8  |r|= 0.104  e= [  0.41140187   0.41140418   0.42867974   1.21037572   2.3718285
  58.1833256 ]  max|de|= -0.0033  lindep= 0.812
davidson 8 9  |r|= 0.0835  e= [  0.41140187   0.41140418   0.42867976   1.21037832   2.37185972
  58.1833256 ]  max|de|= 3.12e-05  lindep= 0.191
davidson 9 10  |r|= 0.174  e= [  0.41140187   0.41140418   0.42867976   1.21037782   2.36810241
  58.1833256 ]  max|de|= -0.00376  lindep= 0.308
davidson 10 11  |r|= 0.104  e= [  0.41140187   0.41140418   0.42867979   1.21038086   2.37735313
  58.1833256 ]  max|de|= 0.00925  lindep= 0.151
davidson 11 12  |r|= 0.0496  e= [  0.41140187   0.41140418   0.42867975   1.21038144   2.37599712
  58.1833256 ]  max|de|= -0.00136  lindep= 0.241
davidson 12 13  |r|= 0.0417  e= [  0.41140187   0.41140418   0.42867975   1.21038114   2.37578204
  58.1833256 ]  max|de|= -0.000215  lindep= 0.434
davidson 13 14  |r|= 0.0402  e= [  0.41140187   0.41140418   0.42867973   1.21038112   2.37621204
  58.1833256 ]  max|de|= 0.00043  lindep= 0.243
davidson 14 15  |r|= 0.201  e= [  0.41140187   0.41140418   0.42867971   1.21038065   2.37650788
  58.1833256 ]  max|de|= 0.000296  lindep= 0.112
davidson 15 16  |r|= 0.0809  e= [  0.41140187   0.41140418   0.42867979   1.21038114   2.3767359
  58.1833256 ]  max|de|= 0.000228  lindep= 0.0242
davidson 16 17  |r|= 0.16  e= [  0.41140187   0.41140418   0.42867977   1.21038116   2.37394456
  58.1833256 ]  max|de|= -0.00279  lindep= 0.466
davidson 17 18  |r|= 0.0517  e= [  0.41140187   0.41140418   0.42867981   1.21038125   2.376935    58.1833256 ]  max|de|= 0.00299  lindep= 0.0876
davidson 18 19  |r|= 0.0588  e= [  0.41140187   0.41140418   0.42867989   1.21038107   2.37612273
  58.1833256 ]  max|de|= -0.000812  lindep= 0.458
davidson 19 20  |r|= 0.0244  e= [  0.41140187   0.41140418   0.42867988   1.21038135   2.37698445
  58.1833256 ]  max|de|= 0.000862  lindep= 0.194
davidson 20 21  |r|= 0.116  e= [  0.41140187   0.41140418   0.4286799    1.21038028   2.37699699
  58.1833256 ]  max|de|= 1.25e-05  lindep= 0.0726
davidson 21 22  |r|= 0.0117  e= [  0.41140187   0.41140418   0.42867988   1.21037956   2.37701072
  58.1833256 ]  max|de|= 1.37e-05  lindep= 0.0649
davidson 22 23  |r|= 0.00555  e= [  0.41140187   0.41140418   0.42867991   1.21037954   2.37701926
  58.1833256 ]  max|de|= 8.54e-06  lindep= 0.11
davidson 23 24  |r|= 0.012  e= [  0.41140187   0.41140418   0.42868005   1.21037934   2.37696337
  58.1833256 ]  max|de|= -5.59e-05  lindep= 0.193
davidson 24 25  |r|= 0.0445  e= [  0.41140187   0.41140418   0.42868006   1.21038004   2.37692299
  58.1833256 ]  max|de|= -4.04e-05  lindep= 0.384
davidson 25 26  |r|= 0.0134  e= [  0.41140187   0.41140418   0.42867998   1.21037963   2.37687549
  58.1833256 ]  max|de|= -4.75e-05  lindep= 0.175
davidson 26 27  |r|= 0.0141  e= [  0.41140187   0.41140418   0.42867999   1.21037874   2.37700343
  58.1833256 ]  max|de|= 0.000128  lindep= 0.0347
davidson 27 28  |r|= 0.0582  e= [  0.41140187   0.41140418   0.42867992   1.2103787    2.37732713
  58.1833256 ]  max|de|= 0.000324  lindep= 0.0294
davidson 28 29  |r|= 0.0064  e= [  0.41140187   0.41140418   0.42867992   1.21037885   2.37703695
  58.1833256 ]  max|de|= -0.00029  lindep= 0.053
davidson 29 30  |r|= 0.00708  e= [  0.41140187   0.41140418   0.4286799    1.21037876   2.37707428
  58.1833256 ]  max|de|= 3.73e-05  lindep= 0.42
davidson 30 31  |r|= 0.0358  e= [  0.41140187   0.41140418   0.42867989   1.21037869   2.37779863
  58.1833256 ]  max|de|= 0.000724  lindep= 0.0113
davidson 31 32  |r|= 0.00428  e= [  0.41140187   0.41140418   0.42867988   1.2103793    2.37699958
  58.1833256 ]  max|de|= -0.000799  lindep= 0.106
davidson 32 33  |r|= 0.0285  e= [  0.41140187   0.41140418   0.42867987   1.2103792    2.37708122
  58.1833256 ]  max|de|= 8.16e-05  lindep= 0.159
root 0 converged  |r|= 0.000184  e= 0.411401874212  max|de|= -5.55e-15
root 1 converged  |r|= 2.62e-05  e= 0.411404183949  max|de|= 5e-16
root 2 converged  |r|= 2.19e-05  e= 0.428679865852  max|de|= -2.22e-16
root 3 converged  |r|= 0.000173  e= 1.21037919731  max|de|= 6.66e-16
root 5 converged  |r|= 5.47e-06  e= 58.1833255952  max|de|= -8.53e-14
davidson 33 6  |r|= 0.0285  e= [  0.41140187   0.41140418   0.42867987   1.2103792    2.37708122
  58.1833256 ]  max|de|= -8.53e-14  lindep= 0.999
davidson 34 7  |r|= 0.0199  e= [  0.41140187   0.41140418   0.42867988   1.21037921   2.37699527
  58.1833256 ]  max|de|= -8.59e-05  lindep= 0.679
davidson 35 8  |r|= 0.0199  e= [  0.41140187   0.41140418   0.4286799    1.21037923   2.37699528
  58.1833256 ]  max|de|= 1.79e-08  lindep= 0.000365
davidson 36 9  |r|= 0.0165  e= [  0.41140187   0.41140418   0.4286799    1.21037923   2.37698567
  58.1833256 ]  max|de|= -9.61e-06  lindep= 0.109
davidson 37 10  |r|= 0.0179  e= [  0.41140188   0.41140419   0.42867986   1.21037922   2.37686403
  58.1833256 ]  max|de|= -0.000122  lindep= 0.921
davidson 38 11  |r|= 0.0141  e= [  0.41140188   0.4114042    0.42867987   1.2103792    2.37696878
  58.1833256 ]  max|de|= 0.000105  lindep= 0.51
davidson 39 12  |r|= 0.0419  e= [  0.41140189   0.41140424   0.42867987   1.21037922   2.37693782
  58.1833256 ]  max|de|= -3.1e-05  lindep= 0.881
davidson 40 13  |r|= 0.015  e= [  0.4114019    0.41140427   0.42867987   1.21037922   2.37696418
  58.1833256 ]  max|de|= 2.64e-05  lindep= 0.74
davidson 41 14  |r|= 0.0209  e= [  0.4114019    0.41140428   0.42867987   1.21037921   2.37690212
  58.1833256 ]  max|de|= -6.21e-05  lindep= 0.763
davidson 42 15  |r|= 0.0313  e= [  0.41140191   0.41140429   0.42867986   1.21037904   2.37699697
  58.1833256 ]  max|de|= 9.49e-05  lindep= 0.403
davidson 43 16  |r|= 0.0483  e= [  0.41140191   0.4114043    0.42867986   1.21037883   2.37705931
  58.1833256 ]  max|de|= 6.23e-05  lindep= 0.123
davidson 44 17  |r|= 0.00783  e= [  0.41140191   0.4114043    0.42867987   1.21037917   2.37690174
  58.1833256 ]  max|de|= -0.000158  lindep= 0.755
davidson 45 18  |r|= 0.0703  e= [  0.41140191   0.4114043    0.42867988   1.21037918   2.37658913
  58.1833256 ]  max|de|= -0.000313  lindep= 0.286
davidson 46 19  |r|= 0.0232  e= [  0.41140191   0.4114043    0.42867989   1.21037864   2.3769852
  58.1833256 ]  max|de|= 0.000396  lindep= 0.233
davidson 47 20  |r|= 0.032  e= [  0.41140191   0.4114043    0.42867989   1.2103789    2.37700264
  58.1833256 ]  max|de|= 1.74e-05  lindep= 0.127
davidson 48 21  |r|= 0.0144  e= [  0.41140191   0.4114043    0.42867989   1.21037933   2.37697973
  58.1833256 ]  max|de|= -2.29e-05  lindep= 0.188
davidson 49 22  |r|= 0.0363  e= [  0.41140191   0.4114043    0.42867988   1.21037904   2.37697307
  58.1833256 ]  max|de|= -6.67e-06  lindep= 0.411
IP root 0 E = 0.4114019062024085  qpwt = 0.95793
IP root 1 E = 0.4114042982790452  qpwt = 0.957925
IP root 2 E = 0.4286798840713524  qpwt = 0.959279
IP root 3 E = 1.210379040446332  qpwt = 0.911865
IP root 4 E = 2.376973065597126  qpwt = 0.933157
IP root 5 E = 58.18332559520801  qpwt = 3.58775e-19
    CPU time for IP-CCSD      0.43 sec, wall time      0.43 sec
    CPU time for EOM-CCSD shared one-electron intermediates      0.00 sec, wall time      0.00 sec
    CPU time for EOM-CCSD EA intermediates      0.34 sec, wall time      0.33 sec
tol 1e-07  toloose 0.000316228
max_cycle 50  max_space 38  max_memory 2000  incore True
davidson 0 6  |r|= 0.165  e= [ 0.00247774  0.10783511  0.10783511  0.13394508  0.21084843  0.38870132]  max|de|= 0.389  lindep=    1
davidson 1 12  |r|= 0.0263  e= [-0.00101142  0.10129964  0.10129964  0.12943516  0.19956594  0.38309659]  max|de|= -0.0113  lindep= 0.976
davidson 2 17  |r|= 0.0184  e= [-0.0011198   0.10129964  0.100925    0.129212    0.19897428  0.38262347]  max|de|= -0.000592  lindep= 0.852
davidson 3 23  |r|= 0.00433  e= [-0.0011184   0.100925    0.10093363  0.12920365  0.19891759  0.38252911]  max|de|= -0.000375  lindep= 0.82
davidson 4 29  |r|= 0.00197  e= [-0.00111829  0.10093363  0.10093727  0.12920335  0.1989148   0.38246071]  max|de|= -6.84e-05  lindep= 0.864
root 0 converged  |r|= 1.01e-05  e= -0.0011183737346  max|de|= -8.53e-08
davidson 5 35  |r|= 0.000825  e= [-0.00111837  0.10093727  0.10093819  0.12920358  0.19891415  0.38240322]  max|de|= -5.75e-05  lindep= 0.87
root 0 converged  |r|= 1.01e-05  e= -0.0011183737346  max|de|= 3.94e-16
root 1 converged  |r|= 0.000221  e= 0.100937267182  max|de|= -2.22e-16
root 2 converged  |r|= 6.62e-05  e= 0.100938191538  max|de|= -4.72e-16
root 3 converged  |r|= 3.51e-05  e= 0.129203584078  max|de|= 8.88e-16
root 4 converged  |r|= 8.03e-05  e= 0.198914153077  max|de|= 7.22e-16
davidson 6 6  |r|= 0.000825  e= [-0.00111837  0.10093727  0.10093819  0.12920358  0.19891415  0.38240322]  max|de|= 8.88e-16  lindep=    1
davidson 7 7  |r|= 0.000261  e= [-0.00111837  0.10093727  0.10093819  0.12920358  0.19891415  0.38240039]  max|de|= -2.83e-06  lindep= 0.976
davidson 8 8  |r|= 0.000165  e= [-0.00111837  0.10093727  0.10093819  0.12920358  0.19891415  0.38239443]  max|de|= -5.95e-06  lindep= 0.862
davidson 9 9  |r|= 6.22e-05  e= [-0.00111837  0.10093727  0.10093819  0.12920358  0.19891415  0.38239164]  max|de|= -2.8e-06  lindep= 0.891
davidson 10 10  |r|= 4.38e-05  e= [-0.00111837  0.10093727  0.10093819  0.12920358  0.19891415  0.38239092]  max|de|= -7.12e-07  lindep= 0.688
davidson 11 11  |r|= 1.86e-05  e= [-0.00111837  0.10093727  0.10093819  0.12920358  0.19891415  0.38239055]  max|de|= -3.78e-07  lindep= 0.386
davidson 12 12  |r|= 6.1e-06  e= [-0.00111837  0.10093727  0.10093819  0.12920358  0.19891415  0.38239011]  max|de|= -4.34e-07  lindep= 0.303
root 5 converged  |r|= 2e-06  e= 0.382390091752  max|de|= -1.96e-08
converge 13 13  |r|= 2e-06  e= [-0.00111837  0.10093727  0.10093819  0.12920358  0.19891415  0.38239009]  max|de|= -1.96e-08
EA root 0 E = -0.001118373734600883  qpwt = 0.998514
EA root 1 E = 0.100937267182076  qpwt = 0.997155
EA root 2 E = 0.1009381915384264  qpwt = 0.997149
EA root 3 E = 0.1292035840778441  qpwt = 0.99834
EA root 4 E = 0.1989141530772424  qpwt = 0.9954
EA root 5 E = 0.3823900917516325  qpwt = 0.987016
    CPU time for EA-CCSD      1.89 sec, wall time      1.88 sec
