

******** <class 'pyscf.scf.hf.RHF'> flags ********
method = RHF
initial guess = minao
damping factor = 0
level shift factor = 0
Do DIIS = True
DIIS start cycle = 1
DIIS space = 8
SCF tol = 1e-09
SCF gradient tol = None
max. SCF cycles = 50
direct_scf = True
direct_scf_tol = 1e-13
chkfile to save SCF result = /tmp/tmp8a2oaR
max_memory 4000 MB (current use 39 MB)
Set gradient conv threshold to 3.16228e-05
Nelec from initial guess = 19.9986
cond(S) = 546.15155196
E_coul = 137.212730961379
init E= -274.206732608292
    CPU time for initialize scf      0.22 sec, wall time      0.22 sec
  HOMO = -0.457394787513776  LUMO = -0.169751545796774
  mo_energy =
[-48.98801616 -20.75440476  -3.75335949  -2.27210968  -2.25968031
  -2.25968031  -1.38031256  -0.49889808  -0.45739479  -0.45739479
  -0.16975155   0.07195124   0.07195124   0.10274488   0.17643692
   0.20117015   0.20117015   0.22309064   0.22309064   0.22874237
   0.40899442   0.40899442   0.51521151   0.61119653   0.69228533
   0.69228533   0.77666777   0.77666777   0.78404157   0.78404157
   0.85117787   1.06882101   1.65359997   1.65359997   1.84117213
   1.84117213   1.90270906   2.13242163   2.13242163   2.30773275
   2.93996741   2.93996741   3.08345012   3.25109532   4.85222822
   5.41697063   5.41697063   5.42873025   5.42873025   5.43307576
   5.43307576   5.53126505   6.56326125   6.56326125   6.66315303
   6.66315303   6.90720421   7.03878807   7.03878807   7.0655639
   7.0655639    7.1344195   44.5411141 ]
E_coul = 142.378715465656
cycle= 1 E= -274.138582092739  delta_E= 0.0682  |g|= 0.973  |ddm|= 1.67
    CPU time for cycle= 1      0.01 sec, wall time      0.02 sec
diis-norm(errvec)=2.14417
diis-c [-4.59747172  1.        ]
  HOMO = -0.0529695417117208  LUMO = -0.0144418155013369
  mo_energy =
[ -4.91461214e+01  -1.96054206e+01  -3.86316021e+00  -2.38352780e+00
  -2.38352780e+00  -2.37247716e+00  -7.05441315e-01  -1.48015451e-01
  -5.29695417e-02  -5.29695417e-02  -1.44418155e-02   3.69963967e-02
   3.69963967e-02   1.06947093e-01   1.51679350e-01   1.71250218e-01
   1.71250218e-01   2.59915582e-01   2.59915582e-01   2.94171255e-01
   3.52209264e-01   3.52209264e-01   4.98474162e-01   7.09154883e-01
   7.09154883e-01   7.87668274e-01   7.87668274e-01   9.17246339e-01
   1.04252761e+00   1.04252761e+00   1.11532682e+00   1.25515636e+00
   2.02144772e+00   2.03282942e+00   2.03282942e+00   2.17675862e+00
   2.17675862e+00   2.33249183e+00   2.33249183e+00   2.62485834e+00
   3.65740369e+00   3.65740369e+00   3.75617346e+00   3.87965341e+00
   4.83424315e+00   6.11848037e+00   6.11848037e+00   6.12663331e+00
   6.12663331e+00   6.13718690e+00   6.13718690e+00   6.18808553e+00
   6.91180453e+00   6.91180453e+00   6.93534846e+00   6.93534846e+00
   6.98464183e+00   7.41170053e+00   7.41170053e+00   7.51747036e+00
   7.51747036e+00   7.75959709e+00   4.56459343e+01]
E_coul = 128.918684637336
cycle= 2 E= -272.824178375486  delta_E= 1.31  |g|= 2.38  |ddm|= 1.92
    CPU time for cycle= 2      0.02 sec, wall time      0.02 sec
diis-norm(errvec)=5.90987
diis-c [-1.08695388  0.75638006  0.24361994]
  HOMO = -0.297181887402804  LUMO = -0.0752994673341468
  mo_energy =
[ -4.91081821e+01  -2.03302407e+01  -3.83862858e+00  -2.35765906e+00
  -2.35765906e+00  -2.35542948e+00  -1.05702596e+00  -3.14936677e-01
  -3.14936677e-01  -2.97181887e-01  -7.52994673e-02   4.27442952e-02
   4.27442952e-02   1.04635782e-01   1.61199035e-01   1.78914421e-01
   1.78914421e-01   2.27752703e-01   2.27752703e-01   2.49308997e-01
   3.71487842e-01   3.71487842e-01   4.95949164e-01   7.26892141e-01
   7.26892141e-01   7.54735018e-01   7.56256938e-01   7.56256938e-01
   8.48859731e-01   8.48859731e-01   9.70725606e-01   1.12637160e+00
   1.89182468e+00   1.89182468e+00   1.96195542e+00   2.04177215e+00
   2.04177215e+00   2.06948063e+00   2.06948063e+00   2.41003922e+00
   3.23717717e+00   3.23717717e+00   3.35482991e+00   3.51247275e+00
   4.81529789e+00   5.72612067e+00   5.72612067e+00   5.73469204e+00
   5.73469204e+00   5.74768297e+00   5.74768297e+00   5.80831408e+00
   6.90863110e+00   6.90863110e+00   6.92257359e+00   6.92257359e+00
   6.95110943e+00   6.95110943e+00   6.98884483e+00   7.05918738e+00
   7.05918738e+00   7.29266914e+00   4.49509709e+01]
E_coul = 138.81772086165
cycle= 3 E= -274.37140324622  delta_E= -1.55  |g|= 0.097  |ddm|= 1.49
    CPU time for cycle= 3      0.02 sec, wall time      0.02 sec
diis-norm(errvec)=0.150515
diis-c [-0.02146342  0.02485542  0.00677635  0.96836823]
  HOMO = -0.322973569760181  LUMO = -0.0589269953670099
  mo_energy =
[ -4.90596337e+01  -2.04282901e+01  -3.80522364e+00  -2.32358313e+00
  -2.32358313e+00  -2.32069094e+00  -1.05958785e+00  -3.25673243e-01
  -3.25673243e-01  -3.22973570e-01  -5.89269954e-02   4.61583690e-02
   4.61583690e-02   1.07329105e-01   1.59410590e-01   1.83051873e-01
   1.83051873e-01   2.35751198e-01   2.35751198e-01   2.59201770e-01
   3.76405601e-01   3.76405601e-01   5.01078035e-01   7.40230962e-01
   7.40230962e-01   7.72623947e-01   7.72623947e-01   7.76335641e-01
   8.69942177e-01   8.69942177e-01   9.92062211e-01   1.14660062e+00
   1.91352059e+00   1.91352059e+00   1.97997881e+00   2.06260013e+00
   2.06260013e+00   2.09313033e+00   2.09313033e+00   2.42532008e+00
   3.22615290e+00   3.22615290e+00   3.34533491e+00   3.51352592e+00
   4.84267106e+00   5.73502131e+00   5.73502131e+00   5.74420929e+00
   5.74420929e+00   5.75565742e+00   5.75565742e+00   5.81921616e+00
   6.89593780e+00   6.89593780e+00   6.93659814e+00   6.93659814e+00
   6.97748737e+00   6.97748737e+00   7.01778779e+00   7.06009152e+00
   7.06009152e+00   7.28003037e+00   4.48619923e+01]
E_coul = 138.728048026745
cycle= 4 E= -274.373573993544  delta_E= -0.00217  |g|= 0.0281  |ddm|= 0.128
    CPU time for cycle= 4      0.01 sec, wall time      0.02 sec
diis-norm(errvec)=0.0618809
diis-c [-0.00164432  0.0065949  -0.00622457 -0.09180838  1.09143806]
  HOMO = -0.325133646526623  LUMO = -0.0538959320458682
  mo_energy =
[-49.06088735 -20.42606121  -3.80066204  -2.31874812  -2.31874812
  -2.31639938  -1.06807704  -0.33487736  -0.33487736  -0.32513365
  -0.05389593   0.04947754   0.04947754   0.10943616   0.16282273
   0.18526921   0.18526921   0.23618203   0.23618203   0.2577605
   0.38041678   0.38041678   0.50484225   0.74563586   0.74563586
   0.77028284   0.77480533   0.77480533   0.86417071   0.86417071
   0.98881208   1.1463227    1.9049125    1.9049125    1.98027743
   2.06032715   2.06032715   2.09311989   2.09311989   2.42132047
   3.21903729   3.21903729   3.33971051   3.50631943   4.84530258
   5.72400468   5.72400468   5.73243665   5.73243665   5.74587709
   5.74587709   5.80774525   6.88861653   6.88861653   6.93413898
   6.93413898   6.98189528   6.98189528   7.02078395   7.05814404
   7.05814404   7.27224797  44.8634234 ]
E_coul = 138.749318066279
cycle= 5 E= -274.374031015711  delta_E= -0.000457  |g|= 0.0194  |ddm|= 0.0482
    CPU time for cycle= 5      0.02 sec, wall time      0.02 sec
diis-norm(errvec)=0.046803
diis-c [ -5.28645142e-04   9.16965925e-03  -2.96778918e-03  -5.16124416e-03
  -5.65269485e-01   1.56422886e+00]
  HOMO = -0.323064486744814  LUMO = -0.0515557076248197
  mo_energy =
[-49.0540207  -20.43079589  -3.79627111  -2.31397898  -2.31397898
  -2.31173393  -1.07240576  -0.34056007  -0.34056007  -0.32306449
  -0.05155571   0.05079815   0.05079815   0.11062303   0.16450766
   0.18631623   0.18631623   0.23593461   0.23593461   0.25695678
   0.38234734   0.38234734   0.50673648   0.74811853   0.74811853
   0.7675928    0.77589382   0.77589382   0.86078177   0.86078177
   0.98710279   1.14645581   1.90116176   1.90116176   1.98084692
   2.05856084   2.05856084   2.09476915   2.09476915   2.41982547
   3.21458679   3.21458679   3.3363566    3.50233413   4.84810038
   5.7192168    5.7192168    5.72686971   5.72686971   5.74242041
   5.74242041   5.80229604   6.88498433   6.88498433   6.93323316
   6.93323316   6.98629251   6.98629251   7.02410511   7.05844758
   7.05844758   7.26805199  44.85863294]
E_coul = 138.756087318993
cycle= 6 E= -274.374370821623  delta_E= -0.00034  |g|= 0.0125  |ddm|= 0.0404
    CPU time for cycle= 6      0.02 sec, wall time      0.02 sec
diis-norm(errvec)=0.0306815
diis-c [ -1.45610891e-04   4.83088749e-03   6.83739651e-04   4.95455045e-02
   1.48791051e-01  -1.59502385e+00   2.39117266e+00]
  HOMO = -0.320578563455799  LUMO = -0.0492512637992902
  mo_energy =
[-49.05555088 -20.43804071  -3.79585658  -2.31328945  -2.31328945
  -2.31127256  -1.07796797  -0.34847114  -0.34847114  -0.32057856
  -0.04925126   0.05185553   0.05185553   0.11169055   0.1660666
   0.18706176   0.18706176   0.23526089   0.23526089   0.25597377
   0.38373051   0.38373051   0.50813011   0.74954425   0.74954425
   0.76439532   0.77605281   0.77605281   0.85639694   0.85639694
   0.98447384   1.14541233   1.89634026   1.89634026   1.97972822
   2.05485813   2.05485813   2.09464441   2.09464441   2.41682914
   3.20866043   3.20866043   3.3313403    3.49711819   4.84770242
   5.71313586   5.71313586   5.71970121   5.71970121   5.73826086
   5.73826086   5.79505543   6.87996042   6.87996042   6.92928464
   6.92928464   6.98684353   6.98684353   7.02365823   7.05596629
   7.05596629   7.26159728  44.85152821]
E_coul = 138.757528174519
cycle= 7 E= -274.37461131934  delta_E= -0.00024  |g|= 0.0057  |ddm|= 0.0511
    CPU time for cycle= 7      0.02 sec, wall time      0.02 sec
diis-norm(errvec)=0.0135677
diis-c [ -1.38009432e-05   3.00387312e-03   8.83514395e-05  -2.16679098e-03
   7.89020829e-02  -9.29418729e-02  -4.61225661e-01   1.47434002e+00]
  HOMO = -0.319819250266845  LUMO = -0.0481157259802734
  mo_energy =
[ -4.90521818e+01  -2.04414873e+01  -3.79412729e+00  -2.31140002e+00
  -2.31140002e+00  -2.30955643e+00  -1.08137570e+00  -3.52961411e-01
  -3.52961411e-01  -3.19819250e-01  -4.81157260e-02   5.24913333e-02
   5.24913333e-02   1.12167460e-01   1.66980175e-01   1.87421154e-01
   1.87421154e-01   2.34901279e-01   2.34901279e-01   2.55379914e-01
   3.84536195e-01   3.84536195e-01   5.08907846e-01   7.50314057e-01
   7.50314057e-01   7.62274782e-01   7.76092714e-01   7.76092714e-01
   8.53786562e-01   8.53786562e-01   9.82768526e-01   1.14468471e+00
   1.89312765e+00   1.89312765e+00   1.97931525e+00   2.05236892e+00
   2.05236892e+00   2.09516057e+00   2.09516057e+00   2.41509970e+00
   3.20510345e+00   3.20510345e+00   3.32822519e+00   3.49401983e+00
   4.84845024e+00   5.70917078e+00   5.70917078e+00   5.71527452e+00
   5.71527452e+00   5.73517530e+00   5.73517530e+00   5.79075571e+00
   6.87672545e+00   6.87672545e+00   6.92732783e+00   6.92732783e+00
   6.98852999e+00   6.98852999e+00   7.02458727e+00   7.05543793e+00
   7.05543793e+00   7.25800586e+00   4.48480791e+01]
E_coul = 138.751740167975
cycle= 8 E= -274.374646014098  delta_E= -3.47e-05  |g|= 0.00164  |ddm|= 0.023
    CPU time for cycle= 8      0.01 sec, wall time      0.02 sec
diis-norm(errvec)=0.00376989
diis-c [ -7.63812615e-07   9.34891370e-04  -1.90395713e-04  -2.75268450e-03
  -2.43012559e-02   1.63528230e-01  -1.90659029e-01  -1.24448898e-01
   1.17788914e+00]
  HOMO = -0.319876023697242  LUMO = -0.0480200703492198
  mo_energy =
[ -4.90529008e+01  -2.04424061e+01  -3.79434925e+00  -2.31161896e+00
  -2.31161896e+00  -2.30980313e+00  -1.08216951e+00  -3.53825727e-01
  -3.53825727e-01  -3.19876024e-01  -4.80200703e-02   5.25908063e-02
   5.25908063e-02   1.12209276e-01   1.67104728e-01   1.87455368e-01
   1.87455368e-01   2.34820784e-01   2.34820784e-01   2.55259351e-01
   3.84614898e-01   3.84614898e-01   5.08978103e-01   7.50363294e-01
   7.50363294e-01   7.61835423e-01   7.76010656e-01   7.76010656e-01
   8.53255044e-01   8.53255044e-01   9.82364153e-01   1.14443843e+00
   1.89241285e+00   1.89241285e+00   1.97905339e+00   2.05177389e+00
   2.05177389e+00   2.09500421e+00   2.09500421e+00   2.41461954e+00
   3.20429807e+00   3.20429807e+00   3.32749386e+00   3.49329286e+00
   4.84819610e+00   5.70829563e+00   5.70829563e+00   5.71434659e+00
   5.71434659e+00   5.73440760e+00   5.73440760e+00   5.78984801e+00
   6.87590571e+00   6.87590571e+00   6.92664922e+00   6.92664922e+00
   6.98830348e+00   6.98830348e+00   7.02426923e+00   7.05495333e+00
   7.05495333e+00   7.25714328e+00   4.48471627e+01]
E_coul = 138.755225499305
cycle= 9 E= -274.374647078694  delta_E= -1.06e-06  |g|= 0.000257  |ddm|= 0.00294
    CPU time for cycle= 9      0.02 sec, wall time      0.02 sec
diis-norm(errvec)=0.000562542
diis-c [ -2.59560589e-08   1.11923026e+00  -9.48168393e-07   2.89830355e-05
  -5.40743848e-04  -1.37789146e-02   3.46663939e-02  -4.75492456e-02
  -9.20557887e-02]
  HOMO = -0.319876501832522  LUMO = -0.0479816433874085
  mo_energy =
[ -4.90527584e+01  -2.04425576e+01  -3.79427088e+00  -2.31153827e+00
  -2.31153827e+00  -2.30971906e+00  -1.08227315e+00  -3.53939699e-01
  -3.53939699e-01  -3.19876502e-01  -4.79816434e-02   5.26122066e-02
   5.26122066e-02   1.12225171e-01   1.67139703e-01   1.87464709e-01
   1.87464709e-01   2.34813576e-01   2.34813576e-01   2.55244424e-01
   3.84641588e-01   3.84641588e-01   5.09009336e-01   7.50390701e-01
   7.50390701e-01   7.61786004e-01   7.76021439e-01   7.76021439e-01
   8.53186551e-01   8.53186551e-01   9.82321878e-01   1.14443431e+00
   1.89233409e+00   1.89233409e+00   1.97906140e+00   2.05171637e+00
   2.05171637e+00   2.09503806e+00   2.09503806e+00   2.41458924e+00
   3.20419502e+00   3.20419502e+00   3.32741183e+00   3.49320885e+00
   4.84824071e+00   5.70820009e+00   5.70820009e+00   5.71424396e+00
   5.71424396e+00   5.73432817e+00   5.73432817e+00   5.78975247e+00
   6.87581157e+00   6.87581157e+00   6.92660586e+00   6.92660586e+00
   6.98837799e+00   6.98837799e+00   7.02432168e+00   7.05496072e+00
   7.05496072e+00   7.25705325e+00   4.48470156e+01]
E_coul = 138.755558792089
cycle= 10 E= -274.374647110079  delta_E= -3.14e-08  |g|= 3.38e-05  |ddm|= 0.000628
    CPU time for cycle= 10      0.03 sec, wall time      0.02 sec
diis-norm(errvec)=6.82514e-05
diis-c [ -5.58379676e-10  -3.61089289e-01   1.34120909e+00  -4.66721426e-05
   4.96775850e-04   2.86170937e-03  -7.56931730e-03   1.16387650e-02
   1.24989336e-02]
  HOMO = -0.31987167022438  LUMO = -0.0479803350704996
  mo_energy =
[ -4.90527527e+01  -2.04425659e+01  -3.79426411e+00  -2.31153157e+00
  -2.31153157e+00  -2.30971095e+00  -1.08227571e+00  -3.53942079e-01
  -3.53942079e-01  -3.19871670e-01  -4.79803351e-02   5.26134289e-02
   5.26134289e-02   1.12225658e-01   1.67141073e-01   1.87465148e-01
   1.87465148e-01   2.34813646e-01   2.34813646e-01   2.55245417e-01
   3.84643186e-01   3.84643186e-01   5.09011907e-01   7.50393788e-01
   7.50393788e-01   7.61788285e-01   7.76024316e-01   7.76024316e-01
   8.53185198e-01   8.53185198e-01   9.82322476e-01   1.14443807e+00
   1.89233415e+00   1.89233415e+00   1.97906518e+00   2.05171740e+00
   2.05171740e+00   2.09504269e+00   2.09504269e+00   2.41459152e+00
   3.20419191e+00   3.20419191e+00   3.32741137e+00   3.49320768e+00
   4.84824573e+00   5.70819926e+00   5.70819926e+00   5.71424316e+00
   5.71424316e+00   5.73432774e+00   5.73432774e+00   5.78975239e+00
   6.87580890e+00   6.87580890e+00   6.92660634e+00   6.92660634e+00
   6.98838480e+00   6.98838480e+00   7.02432733e+00   7.05496383e+00
   7.05496383e+00   7.25705123e+00   4.48470084e+01]
E_coul = 138.755644823897
cycle= 11 E= -274.374647111159  delta_E= -1.08e-09  |g|= 5.38e-06  |ddm|= 0.000154
    CPU time for cycle= 11      0.01 sec, wall time      0.02 sec
diis-norm(errvec)=1.00862e-05
diis-c [ -2.30178654e-11   5.48756371e-02  -3.23549473e-01   1.26723013e+00
  -1.07261143e-04   5.66961586e-05   4.61910103e-04  -2.12045768e-03
   3.15282229e-03]
  HOMO = -0.31987167444029  LUMO = -0.0479804310349852
  mo_energy =
[ -4.90527510e+01  -2.04425646e+01  -3.79426357e+00  -2.31153096e+00
  -2.31153096e+00  -2.30971029e+00  -1.08227395e+00  -3.53941100e-01
  -3.53941100e-01  -3.19871674e-01  -4.79804310e-02   5.26132222e-02
   5.26132222e-02   1.12225548e-01   1.67140760e-01   1.87464897e-01
   1.87464897e-01   2.34813749e-01   2.34813749e-01   2.55245985e-01
   3.84642800e-01   3.84642800e-01   5.09011762e-01   7.50393457e-01
   7.50393457e-01   7.61789967e-01   7.76024319e-01   7.76024319e-01
   8.53186302e-01   8.53186302e-01   9.82323385e-01   1.14443860e+00
   1.89233555e+00   1.89233555e+00   1.97906570e+00   2.05171860e+00
   2.05171860e+00   2.09504297e+00   2.09504297e+00   2.41459271e+00
   3.20419324e+00   3.20419324e+00   3.32741290e+00   3.49320906e+00
   4.84824614e+00   5.70820080e+00   5.70820080e+00   5.71424473e+00
   5.71424473e+00   5.73432919e+00   5.73432919e+00   5.78975389e+00
   6.87581032e+00   6.87581032e+00   6.92660754e+00   6.92660754e+00
   6.98838538e+00   6.98838538e+00   7.02432807e+00   7.05496477e+00
   7.05496477e+00   7.25705264e+00   4.48470096e+01]
E_coul = 138.755640654612
cycle= 12 E= -274.374647111184  delta_E= -2.43e-11  |g|= 9.65e-07  |ddm|= 2.6e-05
    CPU time for cycle= 12      0.02 sec, wall time      0.02 sec
  HOMO = -0.319871475468738  LUMO = -0.0479803737039895
  mo_energy =
[ -4.90527511e+01  -2.04425639e+01  -3.79426352e+00  -2.31153090e+00
  -2.31153090e+00  -2.30971022e+00  -1.08227346e+00  -3.53940735e-01
  -3.53940735e-01  -3.19871475e-01  -4.79803737e-02   5.26132434e-02
   5.26132434e-02   1.12225577e-01   1.67140763e-01   1.87464917e-01
   1.87464917e-01   2.34813799e-01   2.34813799e-01   2.55246048e-01
   3.84642838e-01   3.84642838e-01   5.09011844e-01   7.50393531e-01
   7.50393531e-01   7.61790123e-01   7.76024446e-01   7.76024446e-01
   8.53186506e-01   8.53186506e-01   9.82323611e-01   1.14443882e+00
   1.89233587e+00   1.89233587e+00   1.97906589e+00   2.05171889e+00
   2.05171889e+00   2.09504308e+00   2.09504308e+00   2.41459294e+00
   3.20419368e+00   3.20419368e+00   3.32741331e+00   3.49320953e+00
   4.84824623e+00   5.70820124e+00   5.70820124e+00   5.71424520e+00
   5.71424520e+00   5.73432961e+00   5.73432961e+00   5.78975437e+00
   6.87581082e+00   6.87581082e+00   6.92660791e+00   6.92660791e+00
   6.98838545e+00   6.98838545e+00   7.02432820e+00   7.05496501e+00
   7.05496501e+00   7.25705311e+00   4.48470103e+01]
    CPU time for scf_cycle      0.43 sec, wall time      0.43 sec
    CPU time for SCF      0.43 sec, wall time      0.43 sec
converged SCF energy = -274.374647111184
RHF E = -274.374647111
RHF eps = [ -4.90527511e+01  -2.04425639e+01  -3.79426352e+00  -2.31153090e+00
  -2.31153090e+00  -2.30971022e+00  -1.08227346e+00  -3.53940735e-01
  -3.53940735e-01  -3.19871475e-01  -4.79803737e-02   5.26132434e-02
   5.26132434e-02   1.12225577e-01   1.67140763e-01   1.87464917e-01
   1.87464917e-01   2.34813799e-01   2.34813799e-01   2.55246048e-01
   3.84642838e-01   3.84642838e-01   5.09011844e-01   7.50393531e-01
   7.50393531e-01   7.61790123e-01   7.76024446e-01   7.76024446e-01
   8.53186506e-01   8.53186506e-01   9.82323611e-01   1.14443882e+00
   1.89233587e+00   1.89233587e+00   1.97906589e+00   2.05171889e+00
   2.05171889e+00   2.09504308e+00   2.09504308e+00   2.41459294e+00
   3.20419368e+00   3.20419368e+00   3.32741331e+00   3.49320953e+00
   4.84824623e+00   5.70820124e+00   5.70820124e+00   5.71424520e+00
   5.71424520e+00   5.73432961e+00   5.73432961e+00   5.78975437e+00
   6.87581082e+00   6.87581082e+00   6.92660791e+00   6.92660791e+00
   6.98838545e+00   6.98838545e+00   7.02432820e+00   7.05496501e+00
   7.05496501e+00   7.25705311e+00   4.48470103e+01]
    CPU time for CCSD integral transformation      1.29 sec, wall time      1.30 sec

******** <class 'pyscf.cc.rccsd_slow.RCCSD'> flags ********
CCSD nocc = 7, nvir = 53
frozen orbitals [0, 1, 2]
max_cycle = 50
direct = 0
conv_tol = 1e-07
conv_tol_normt = 1e-05
diis_space = 6
diis_start_cycle = 0
diis_start_energy_diff = 1e+09
Init t2, MP2 energy = -0.454826406827143
    CPU time for init mp2      0.00 sec, wall time      0.00 sec
E(MBPT2) = -274.8294735180108  E_corr = -0.4548264068271426
    CPU time for EOM-CCSD shared one-electron intermediates      0.01 sec, wall time      0.02 sec
    CPU time for EOM-CCSD shared two-electron intermediates      0.04 sec, wall time      0.03 sec
    CPU time for EOM-CCSD IP intermediates      0.05 sec, wall time      0.05 sec
tol 1e-07  toloose 0.000316228
max_cycle 50  max_space 38  max_memory 2000  incore True
davidson 0 6  |r|= 0.548  e= [ 0.4280997   0.43886525  0.43886744  1.13310025  2.35188082  2.3534068 ]  max|de|= 2.35  lindep=    1
davidson 1 12  |r|= 0.552  e= [ 0.32522428  0.29317679  0.29317679  1.08876198  2.37114538  2.20920374]  max|de|= -0.146  lindep= 0.763
davidson 2 17  |r|= 0.461  e= [ 0.3232046   0.29467463  0.29318086  0.99328467  2.36323387  2.20328816]  max|de|= -0.0955  lindep= 0.421
davidson 3 23  |r|= 0.226  e= [ 0.32424292  0.29538071  0.29467656  0.93105497  2.23635052  2.20811331]  max|de|= -0.127  lindep= 0.589
davidson 4 29  |r|= 0.18  e= [ 0.32420798  0.29531041  0.29538043  0.90870082  2.20491595  2.20365658]  max|de|= -0.0314  lindep= 0.511
davidson 5 35  |r|= 0.129  e= [ 0.32418102  0.29532967  0.2953104   0.90775641  2.22026543  2.20328167]  max|de|= 0.0153  lindep= 0.213
root 0 converged  |r|= 0.000144  e= 0.324181015287  max|de|= -8.88e-16
root 1 converged  |r|= 0.000121  e= 0.295329673427  max|de|= -2.33e-15
davidson 6 6  |r|= 0.129  e= [ 0.32418102  0.29532967  0.2953104   0.90775641  2.22026543  2.20328167]  max|de|= 5.77e-15  lindep= 0.968
davidson 7 10  |r|= 0.21  e= [ 0.32417998  0.29532964  0.29533665  0.90774388  2.20335934  2.20328319]  max|de|= -0.0169  lindep= 0.156
davidson 8 14  |r|= 0.116  e= [ 0.32418064  0.29532972  0.29532654  0.90777745  2.22373495  2.20320201]  max|de|= 0.0204  lindep= 0.0656
davidson 9 18  |r|= 0.14  e= [ 0.32418014  0.29532983  0.29533394  0.90568112  2.2220528   2.20345888]  max|de|= -0.0021  lindep= 0.365
davidson 10 22  |r|= 0.101  e= [ 0.32417972  0.29532964  0.29533305  0.90227567  2.20657928  2.20336271]  max|de|= -0.0155  lindep= 0.168
root 2 converged  |r|= 1.35e-06  e= 0.295333111144  max|de|= 6.21e-08
davidson 11 26  |r|= 0.388  e= [ 0.3241807   0.29532932  0.29533311  0.91957019  2.21110556  2.20267981]  max|de|= 0.0173  lindep= 0.322
davidson 12 29  |r|= 0.0665  e= [ 0.32417892  0.29532932  0.29533311  0.90788222  2.20145819  2.20351612]  max|de|= -0.0117  lindep= 0.697
davidson 13 32  |r|= 0.215  e= [ 0.32417914  0.29532932  0.29533311  0.90556675  2.19818114  2.20312607]  max|de|= -0.00328  lindep= 0.119
davidson 14 35  |r|= 0.129  e= [ 0.32417947  0.29532933  0.29533311  0.90479716  2.20297032  2.20394469]  max|de|= 0.00479  lindep= 0.486
root 0 converged  |r|= 0.000138  e= 0.324179474211  max|de|= -1.67e-15
root 1 converged  |r|= 5.75e-05  e= 0.295329333517  max|de|= 3.33e-16
root 2 converged  |r|= 1.35e-06  e= 0.295333109919  max|de|= -5.55e-17
davidson 15 6  |r|= 0.129  e= [ 0.32417947  0.29532933  0.29533311  0.90479716  2.20297032  2.20394469]  max|de|= 2.66e-15  lindep= 0.995
davidson 16 9  |r|= 0.127  e= [ 0.32417949  0.29532934  0.29533311  0.91166864  2.20346365  2.20332635]  max|de|= 0.00687  lindep= 0.817
davidson 17 12  |r|= 0.162  e= [ 0.32417954  0.29532934  0.29533311  0.90476425  2.20343174  2.20402842]  max|de|= -0.0069  lindep= 0.206
davidson 18 15  |r|= 0.0656  e= [ 0.32417896  0.29532936  0.29533311  0.90476626  2.20339783  2.20349104]  max|de|= -0.000537  lindep= 0.267
davidson 19 18  |r|= 0.138  e= [ 0.32417862  0.29532939  0.29533311  0.904719    2.202685    2.20394409]  max|de|= -0.000713  lindep= 0.688
davidson 20 21  |r|= 0.0848  e= [ 0.32417851  0.2953294   0.29533311  0.90475173  2.20310464  2.20384816]  max|de|= 0.00042  lindep= 0.282
davidson 21 24  |r|= 0.173  e= [ 0.32417865  0.29532942  0.29533311  0.90472116  2.20307986  2.20401756]  max|de|= 0.000169  lindep= 0.199
davidson 22 27  |r|= 0.0434  e= [ 0.32417864  0.29532944  0.29533311  0.90464696  2.20312078  2.20366271]  max|de|= -0.000355  lindep= 0.315
davidson 23 30  |r|= 0.38  e= [ 0.32417868  0.29532944  0.29533311  0.90454651  2.2030012   2.20459845]  max|de|= 0.000936  lindep= 0.312
davidson 24 33  |r|= 0.301  e= [ 0.32417807  0.29532946  0.29533311  0.90471046  2.203082    2.20432082]  max|de|= -0.000278  lindep= 0.0371
root 0 converged  |r|= 0.000135  e= 0.324178073636  max|de|= -4.44e-16
root 1 converged  |r|= 5.57e-05  e= 0.295329456911  max|de|= -9.99e-16
root 2 converged  |r|= 1.37e-06  e= 0.295333108447  max|de|= 5.55e-16
davidson 25 6  |r|= 0.301  e= [ 0.32417807  0.29532946  0.29533311  0.90471046  2.203082    2.20432082]  max|de|= 7.99e-15  lindep= 0.977
davidson 26 9  |r|= 0.267  e= [ 0.3241781   0.29532945  0.29533311  0.90468173  2.2031314   2.20443101]  max|de|= 0.00011  lindep= 0.332
davidson 27 12  |r|= 0.273  e= [ 0.32417805  0.29532943  0.29533311  0.90468043  2.20295699  2.20413006]  max|de|= -0.000301  lindep= 0.344
davidson 28 15  |r|= 0.254  e= [ 0.32417803  0.29532933  0.29533311  0.90468334  2.2028389   2.20435677]  max|de|= 0.000227  lindep= 0.201
davidson 29 18  |r|= 0.268  e= [ 0.32417804  0.29532932  0.29533311  0.90467978  2.20311012  2.20446933]  max|de|= 0.000271  lindep= 0.215
davidson 30 21  |r|= 0.243  e= [ 0.32417804  0.29532904  0.29533311  0.90467902  2.20316265  2.20450092]  max|de|= 5.25e-05  lindep= 0.0688
davidson 31 24  |r|= 0.247  e= [ 0.32417807  0.29532838  0.29533312  0.90467884  2.20311709  2.20457662]  max|de|= 7.57e-05  lindep= 0.00588
davidson 32 27  |r|= 0.245  e= [ 0.32417805  0.29532766  0.29533313  0.90462824  2.20316884  2.20454029]  max|de|= 5.18e-05  lindep= 0.0682
davidson 33 30  |r|= 0.255  e= [ 0.32417801  0.29532713  0.29533314  0.90466992  2.20313633  2.20459358]  max|de|= 5.33e-05  lindep= 0.132
davidson 34 33  |r|= 0.249  e= [ 0.32417802  0.29532725  0.29533313  0.90466458  2.20315581  2.20457503]  max|de|= 1.95e-05  lindep= 0.112
root 0 converged  |r|= 0.000134  e= 0.324178016856  max|de|= 1.11e-16
root 1 converged  |r|= 8.81e-05  e= 0.295327246644  max|de|= -7.22e-16
root 2 converged  |r|= 1.11e-06  e= 0.295333134253  max|de|= -1.72e-15
root 3 converged  |r|= 0.000256  e= 0.904664579471  max|de|= 2.22e-16
davidson 35 6  |r|= 0.249  e= [ 0.32417802  0.29532725  0.29533313  0.90466458  2.20315581  2.20457503]  max|de|= 4.44e-15  lindep= 0.983
davidson 36 8  |r|= 0.212  e= [ 0.32417802  0.29532725  0.29533313  0.90466455  2.2031986   2.20473509]  max|de|= 0.00016  lindep= 0.352
davidson 37 10  |r|= 0.244  e= [ 0.32417802  0.29532724  0.29533313  0.90466453  2.20349941  2.20499904]  max|de|= 0.000301  lindep= 0.683
davidson 38 12  |r|= 0.193  e= [ 0.32417802  0.29532725  0.29533313  0.90466454  2.20311493  2.20470793]  max|de|= -0.000384  lindep= 0.317
davidson 39 14  |r|= 0.178  e= [ 0.32417802  0.29532725  0.29533313  0.90466503  2.20323462  2.20468688]  max|de|= 0.00012  lindep= 0.183
davidson 40 16  |r|= 0.113  e= [ 0.32417802  0.29532725  0.29533313  0.90466495  2.20311018  2.20360269]  max|de|= -0.00108  lindep= 0.504
davidson 41 18  |r|= 0.216  e= [ 0.32417802  0.29532725  0.29533313  0.90466492  2.20318072  2.20465016]  max|de|= 0.00105  lindep= 0.304
davidson 42 20  |r|= 0.279  e= [ 0.32417802  0.29532726  0.29533313  0.90466497  2.20319048  2.2051946 ]  max|de|= 0.000544  lindep= 0.238
davidson 43 22  |r|= 0.227  e= [ 0.32417801  0.29532728  0.29533314  0.904665    2.20316704  2.20485887]  max|de|= -0.000336  lindep= 0.281
davidson 44 24  |r|= 0.0564  e= [ 0.32417802  0.29532727  0.29533314  0.90466533  2.2029362   2.20339304]  max|de|= -0.00147  lindep= 0.466
davidson 45 26  |r|= 0.129  e= [ 0.32417801  0.29532728  0.29533313  0.90466541  2.20314822  2.20385178]  max|de|= 0.000459  lindep= 0.0915
davidson 46 28  |r|= 0.0837  e= [ 0.32417801  0.29532728  0.29533313  0.90466592  2.20286883  2.20361791]  max|de|= -0.000279  lindep= 0.352
davidson 47 30  |r|=  0.2  e= [ 0.32417799  0.29532728  0.29533313  0.90466562  2.20040233  2.20357499]  max|de|= -0.00247  lindep= 0.0885
davidson 48 32  |r|= 0.0736  e= [ 0.324178    0.29532726  0.29533314  0.90466555  2.20105913  2.20351721]  max|de|= 0.000657  lindep= 0.246
davidson 49 34  |r|= 0.0743  e= [ 0.324178    0.29532726  0.29533314  0.90466565  2.20308406  2.20358124]  max|de|= 0.00202  lindep=  0.3
IP root 0 E = 0.3241780000288805  qpwt = 0.909645
IP root 1 E = 0.2953272552218184  qpwt = 0.941653
IP root 2 E = 0.2953331353772279  qpwt = 0.941653
IP root 3 E = 0.9046656498613482  qpwt = 0.778528
IP root 4 E = 2.20308405500474  qpwt = 0.913588
IP root 5 E = 2.203581244935339  qpwt = 0.948896
    CPU time for IP-CCSD      1.14 sec, wall time      1.14 sec
    CPU time for EOM-CCSD shared one-electron intermediates      0.01 sec, wall time      0.01 sec
    CPU time for EOM-CCSD EA intermediates      0.92 sec, wall time      0.92 sec
tol 1e-07  toloose 0.000316228
max_cycle 50  max_space 38  max_memory 2000  incore True
davidson 0 6  |r|= 0.257  e= [-0.00917535  0.06018624  0.06018624  0.11727646  0.18214908  0.18789351]  max|de|= 0.188  lindep=    1
davidson 1 12  |r|= 0.0632  e= [-0.03963139  0.04322501  0.04322501  0.09476084  0.15185131  0.17836516]  max|de|= -0.0305  lindep= 0.704
davidson 2 17  |r|= 0.0354  e= [-0.04091268  0.04322501  0.04161157  0.08795539  0.1483048   0.17737596]  max|de|= -0.00681  lindep= 0.491
davidson 3 23  |r|= 0.0279  e= [-0.04074358  0.04161157  0.04175473  0.08380696  0.152782    0.17742755]  max|de|= 0.00448  lindep= 0.688
davidson 4 29  |r|= 0.0104  e= [-0.04077676  0.04175473  0.04184496  0.08236373  0.15163873  0.17745306]  max|de|= -0.00144  lindep= 0.758
davidson 5 35  |r|= 0.00259  e= [-0.04077574  0.04184496  0.04182859  0.0821493   0.15155835  0.17742728]  max|de|= -0.000214  lindep= 0.807
root 0 converged  |r|= 8.8e-05  e= -0.0407757442657  max|de|= -4.44e-16
davidson 6 6  |r|= 0.00259  e= [-0.04077574  0.04184496  0.04182859  0.0821493   0.15155835  0.17742728]  max|de|= 5.55e-16  lindep= 0.999
davidson 7 11  |r|= 0.00131  e= [-0.04077595  0.04179917  0.04181541  0.08213615  0.15156467  0.17742274]  max|de|= -4.58e-05  lindep= 0.786
davidson 8 16  |r|= 0.000908  e= [-0.04077619  0.04177975  0.04180881  0.08213461  0.15152957  0.17741808]  max|de|= -3.51e-05  lindep= 0.518
davidson 9 21  |r|= 0.000361  e= [-0.04077579  0.04181575  0.04181262  0.08213881  0.15153872  0.17741761]  max|de|= 3.6e-05  lindep= 0.535
davidson 10 26  |r|= 0.00025  e= [-0.04077602  0.04181348  0.04181331  0.0821298   0.15153251  0.17741739]  max|de|= -9.01e-06  lindep= 0.448
davidson 11 31  |r|= 0.000118  e= [-0.04077596  0.04181539  0.04181603  0.08213065  0.15154416  0.17741647]  max|de|= 1.16e-05  lindep= 0.449
davidson 12 36  |r|= 3.14e-05  e= [-0.04077583  0.04181498  0.04181508  0.08212972  0.15154095  0.17741671]  max|de|= -3.2e-06  lindep= 0.401
root 0 converged  |r|= 8.72e-05  e= -0.04077582512  max|de|= -2.22e-16
root 1 converged  |r|= 1.13e-05  e= 0.0418149762234  max|de|= -2.15e-16
root 2 converged  |r|= 9.16e-06  e= 0.0418150815243  max|de|= -3.47e-17
root 3 converged  |r|= 1.23e-05  e= 0.0821297233056  max|de|= 1.39e-17
root 4 converged  |r|= 3.14e-05  e= 0.151540953202  max|de|= 1.11e-16
root 5 converged  |r|= 1.01e-05  e= 0.177416707828  max|de|= 5.83e-16
converge 13 6  |r|= 8.72e-05  e= [-0.04077583  0.04181498  0.04181508  0.08212972  0.15154095  0.17741671]  max|de|= 5.83e-16
EA root 0 E = -0.04077582511998656  qpwt = 0.972321
EA root 1 E = 0.04181497622340474  qpwt = 0.96476
EA root 2 E = 0.04181508152431658  qpwt = 0.96476
EA root 3 E = 0.08212972330563272  qpwt = 0.626255
EA root 4 E = 0.151540953202139  qpwt = 0.972611
EA root 5 E = 0.1774167078282192  qpwt = 0.967477
    CPU time for EA-CCSD      5.83 sec, wall time      5.83 sec
