

******** <class 'pyscf.scf.hf.RHF'> flags ********
method = RHF
initial guess = minao
damping factor = 0
level shift factor = 0
Do DIIS = True
DIIS start cycle = 1
DIIS space = 8
SCF tol = 1e-09
SCF gradient tol = None
max. SCF cycles = 50
direct_scf = True
direct_scf_tol = 1e-13
chkfile to save SCF result = /tmp/tmpPKiCVt
max_memory 4000 MB (current use 39 MB)
Set gradient conv threshold to 3.16228e-05
Nelec from initial guess = 27.9977
cond(S) = 224.622990173
E_coul = 283.26499563613
init E= -621.200028944367
    CPU time for initialize scf      0.35 sec, wall time      0.35 sec
  HOMO = -0.457204842998878  LUMO = -0.0504489724459473
  mo_energy =
[ -1.04864568e+02  -4.04577491e+01  -1.06260229e+01  -8.08518622e+00
  -8.08417962e+00  -8.08417962e+00  -2.79517985e+00  -1.51934273e+00
  -1.51201532e+00  -1.51201532e+00  -1.11907397e+00  -4.73260768e-01
  -4.57204843e-01  -4.57204843e-01  -5.04489724e-02   5.27018622e-02
   5.27018622e-02   6.50182901e-02   1.00734003e-01   2.30077326e-01
   2.30077326e-01   2.68550249e-01   2.75530771e-01   2.75530771e-01
   2.99310204e-01   2.99310204e-01   3.45345736e-01   5.04075935e-01
   5.04075935e-01   5.18654224e-01   5.95532363e-01   5.95532363e-01
   6.09845588e-01   6.89434990e-01   6.89434990e-01   1.09766696e+00
   1.22331036e+00   1.22331036e+00   1.22637283e+00   1.22637283e+00
   1.33324791e+00   1.45964697e+00   1.45964697e+00   1.47505975e+00
   2.00772096e+00   2.00772096e+00   2.07178886e+00   2.07178886e+00
   2.12265063e+00   2.34038882e+00   2.34038882e+00   2.34381009e+00
   2.34381009e+00   2.36545657e+00   2.36545657e+00   2.45554630e+00
   2.51120146e+00   2.51120146e+00   2.61395966e+00   3.93106249e+00
   6.18397599e+00   6.18397599e+00   6.19526941e+00   6.19526941e+00
   6.26775302e+00   8.57405251e+00   8.57405251e+00   8.61366901e+00
   8.61366901e+00   8.65599940e+00   1.14166942e+01   1.14166942e+01
   1.14600614e+01   2.54326960e+01]
E_coul = 288.007076367128
cycle= 1 E= -621.410409067835  delta_E= -0.21  |g|= 0.293  |ddm|= 0.882
    CPU time for cycle= 1      0.03 sec, wall time      0.03 sec
diis-norm(errvec)=0.574176
diis-c [-0.32967804  1.        ]
  HOMO = -0.286624828477509  LUMO = -0.021879896926815
  mo_energy =
[ -1.04485478e+02  -4.05330054e+01  -1.02470007e+01  -7.71060455e+00
  -7.70998771e+00  -7.70998771e+00  -2.84431536e+00  -1.56706111e+00
  -1.56706111e+00  -1.56514822e+00  -8.61679300e-01  -3.02679794e-01
  -2.86624828e-01  -2.86624828e-01  -2.18798969e-02   4.40528037e-02
   4.40528037e-02   8.33154103e-02   9.37758892e-02   2.07395814e-01
   2.07395814e-01   2.42090119e-01   2.55803319e-01   2.55803319e-01
   3.11534363e-01   3.11534363e-01   4.06142615e-01   6.59263958e-01
   6.59263958e-01   6.63940428e-01   7.98493517e-01   8.12561630e-01
   8.12561630e-01   8.75188764e-01   8.75188764e-01   1.18275502e+00
   1.18275502e+00   1.20193588e+00   1.20193588e+00   1.20663045e+00
   1.33886616e+00   1.42034995e+00   1.42034995e+00   1.55400489e+00
   2.29364845e+00   2.29364845e+00   2.34959492e+00   2.34959492e+00
   2.38826072e+00   2.60392771e+00   2.60392771e+00   2.60888261e+00
   2.60888261e+00   2.62349629e+00   2.62349629e+00   2.70069082e+00
   2.78021770e+00   2.78021770e+00   2.85637311e+00   3.90265384e+00
   6.12839316e+00   6.12839316e+00   6.14430967e+00   6.14430967e+00
   6.21920147e+00   8.92817606e+00   8.92817606e+00   8.96661850e+00
   8.96661850e+00   9.00801472e+00   1.17655516e+01   1.17655516e+01
   1.18083410e+01   2.57848201e+01]
E_coul = 284.92665124755
cycle= 2 E= -621.43617446543  delta_E= -0.0258  |g|= 0.141  |ddm|= 0.463
    CPU time for cycle= 2      0.03 sec, wall time      0.03 sec
diis-norm(errvec)=0.219434
diis-c [-0.01012412  0.25648602  0.74351398]
  HOMO = -0.350601483363403  LUMO = -0.0176588683511376
  mo_energy =
[ -1.04714971e+02  -4.05008060e+01  -1.04328760e+01  -7.89996168e+00
  -7.89957635e+00  -7.89957635e+00  -2.82436534e+00  -1.54707586e+00
  -1.54707586e+00  -1.54660410e+00  -9.39181587e-01  -3.66436459e-01
  -3.50601483e-01  -3.50601483e-01  -1.76588684e-02   4.67390753e-02
   4.67390753e-02   8.26903876e-02   9.67507086e-02   2.13087734e-01
   2.13087734e-01   2.45153319e-01   2.60657963e-01   2.60657963e-01
   3.08013706e-01   3.08013706e-01   3.93113777e-01   6.24610814e-01
   6.24610814e-01   6.29106212e-01   7.42569285e-01   7.49285116e-01
   7.49285116e-01   8.19032790e-01   8.19032790e-01   1.18661255e+00
   1.19460244e+00   1.19460244e+00   1.20858555e+00   1.20858555e+00
   1.32473636e+00   1.43313206e+00   1.43313206e+00   1.52830131e+00
   2.19051257e+00   2.19051257e+00   2.25097197e+00   2.25097197e+00
   2.29501492e+00   2.52394384e+00   2.52394384e+00   2.52836110e+00
   2.52836110e+00   2.54450194e+00   2.54450194e+00   2.62077641e+00
   2.68616715e+00   2.68616715e+00   2.77336184e+00   3.91488371e+00
   6.14787625e+00   6.14787625e+00   6.16320833e+00   6.16320833e+00
   6.23732107e+00   8.76817292e+00   8.76817292e+00   8.80738401e+00
   8.80738401e+00   8.84917887e+00   1.16033069e+01   1.16033069e+01
   1.16468356e+01   2.56229867e+01]
E_coul = 285.837753773082
cycle= 3 E= -621.43959182676  delta_E= -0.00342  |g|= 0.0145  |ddm|= 0.128
    CPU time for cycle= 3      0.02 sec, wall time      0.03 sec
diis-norm(errvec)=0.0213183
diis-c [ -3.03734058e-04  -7.72573809e-03   3.69015114e-02   9.70824227e-01]
  HOMO = -0.352319852480753  LUMO = -0.0167251364804036
  mo_energy =
[ -1.04698562e+02  -4.05010359e+01  -1.04276989e+01  -7.89419034e+00
  -7.89392615e+00  -7.89392615e+00  -2.82292807e+00  -1.54571366e+00
  -1.54571366e+00  -1.54563413e+00  -9.40863282e-01  -3.68584629e-01
  -3.52319852e-01  -3.52319852e-01  -1.67251365e-02   4.73525394e-02
   4.73525394e-02   8.27675582e-02   9.77728899e-02   2.14138044e-01
   2.14138044e-01   2.46102681e-01   2.61543110e-01   2.61543110e-01
   3.08491975e-01   3.08491975e-01   3.92775456e-01   6.23350024e-01
   6.23350024e-01   6.27877128e-01   7.41092010e-01   7.47391452e-01
   7.47391452e-01   8.17772418e-01   8.17772418e-01   1.18694871e+00
   1.19626685e+00   1.19626685e+00   1.21024160e+00   1.21024160e+00
   1.32599620e+00   1.43449669e+00   1.43449669e+00   1.52828970e+00
   2.18906846e+00   2.18906846e+00   2.24976472e+00   2.24976472e+00
   2.29371271e+00   2.52162968e+00   2.52162968e+00   2.52575245e+00
   2.52575245e+00   2.54249729e+00   2.54249729e+00   2.61934911e+00
   2.68487372e+00   2.68487372e+00   2.77251193e+00   3.91600425e+00
   6.14922443e+00   6.14922443e+00   6.16451295e+00   6.16451295e+00
   6.23861726e+00   8.76986281e+00   8.76986281e+00   8.80925726e+00
   8.80925726e+00   8.85109383e+00   1.16064879e+01   1.16064879e+01
   1.16502724e+01   2.56261922e+01]
E_coul = 285.806401312921
cycle= 4 E= -621.43963534494  delta_E= -4.35e-05  |g|= 0.00246  |ddm|= 0.0147
    CPU time for cycle= 4      0.03 sec, wall time      0.03 sec
diis-norm(errvec)=0.00502719
diis-c [ -8.74707756e-06  -7.36697242e-03  -1.64753669e-02  -1.71205300e-01
   1.19504764e+00]
  HOMO = -0.352115843456413  LUMO = -0.0164730432695406
  mo_energy =
[ -1.04698994e+02  -4.05001889e+01  -1.04271332e+01  -7.89362328e+00
  -7.89338656e+00  -7.89338656e+00  -2.82218034e+00  -1.54501248e+00
  -1.54496639e+00  -1.54496639e+00  -9.40693732e-01  -3.68665239e-01
  -3.52115843e-01  -3.52115843e-01  -1.64730433e-02   4.75342320e-02
   4.75342320e-02   8.27960753e-02   9.80799975e-02   2.14447759e-01
   2.14447759e-01   2.46346284e-01   2.61842789e-01   2.61842789e-01
   3.08737146e-01   3.08737146e-01   3.92831726e-01   6.23248081e-01
   6.23248081e-01   6.27826038e-01   7.41162710e-01   7.47469903e-01
   7.47469903e-01   8.17929644e-01   8.17929644e-01   1.18731305e+00
   1.19682966e+00   1.19682966e+00   1.21080686e+00   1.21080686e+00
   1.32641719e+00   1.43509972e+00   1.43509972e+00   1.52870851e+00
   2.18933332e+00   2.18933332e+00   2.25012438e+00   2.25012438e+00
   2.29403695e+00   2.52176674e+00   2.52176674e+00   2.52577355e+00
   2.52577355e+00   2.54273347e+00   2.54273347e+00   2.61963700e+00
   2.68503829e+00   2.68503829e+00   2.77286404e+00   3.91667641e+00
   6.14992605e+00   6.14992605e+00   6.16521101e+00   6.16521101e+00
   6.23931573e+00   8.77046202e+00   8.77046202e+00   8.80994310e+00
   8.80994310e+00   8.85180260e+00   1.16069221e+01   1.16069221e+01
   1.16507983e+01   2.56267097e+01]
E_coul = 285.802491898245
cycle= 5 E= -621.439639679188  delta_E= -4.33e-06  |g|= 0.000514  |ddm|= 0.00535
    CPU time for cycle= 5      0.03 sec, wall time      0.03 sec
diis-norm(errvec)=0.00107972
diis-c [ -3.68602285e-07   2.19244308e-03   6.08938421e-03   2.03808060e-02
  -3.37761788e-01   1.30909915e+00]
  HOMO = -0.351975871647237  LUMO = -0.0164776671599088
  mo_energy =
[ -1.04698621e+02  -4.05004138e+01  -1.04269263e+01  -7.89340692e+00
  -7.89316563e+00  -7.89316563e+00  -2.82228370e+00  -1.54513058e+00
  -1.54506466e+00  -1.54506466e+00  -9.40588541e-01  -3.68641469e-01
  -3.51975872e-01  -3.51975872e-01  -1.64776672e-02   4.75368111e-02
   4.75368111e-02   8.27951739e-02   9.80783271e-02   2.14441675e-01
   2.14441675e-01   2.46329793e-01   2.61841935e-01   2.61841935e-01
   3.08749386e-01   3.08749386e-01   3.92853993e-01   6.23304838e-01
   6.23304838e-01   6.27871113e-01   7.41226704e-01   7.47563882e-01
   7.47563882e-01   8.18010904e-01   8.18010904e-01   1.18733297e+00
   1.19679938e+00   1.19679938e+00   1.21077734e+00   1.21077734e+00
   1.32640133e+00   1.43505573e+00   1.43505573e+00   1.52871563e+00
   2.18944189e+00   2.18944189e+00   2.25023818e+00   2.25023818e+00
   2.29415347e+00   2.52188061e+00   2.52188061e+00   2.52587075e+00
   2.52587075e+00   2.54285644e+00   2.54285644e+00   2.61976891e+00
   2.68516448e+00   2.68516448e+00   2.77296039e+00   3.91660465e+00
   6.14982409e+00   6.14982409e+00   6.16510867e+00   6.16510867e+00
   6.23921377e+00   8.77061441e+00   8.77061441e+00   8.81011901e+00
   8.81011901e+00   8.85198647e+00   1.16071114e+01   1.16071114e+01
   1.16509981e+01   2.56268887e+01]
E_coul = 285.802315266488
cycle= 6 E= -621.439639906683  delta_E= -2.27e-07  |g|= 0.000119  |ddm|= 0.00126
    CPU time for cycle= 6      0.03 sec, wall time      0.03 sec
diis-norm(errvec)=0.000248984
diis-c [ -5.30000663e-08  -1.72879739e-04  -4.44584286e-04   1.98077900e-03
   4.80294250e-03  -1.25198973e-01   1.11903272e+00]
  HOMO = -0.351952998475119  LUMO = -0.016478984139416
  mo_energy =
[ -1.04698578e+02  -4.05003141e+01  -1.04268859e+01  -7.89336683e+00
  -7.89312522e+00  -7.89312522e+00  -2.82224782e+00  -1.54509496e+00
  -1.54503052e+00  -1.54503052e+00  -9.40567297e-01  -3.68642889e-01
  -3.51952998e-01  -3.51952998e-01  -1.64789841e-02   4.75378303e-02
   4.75378303e-02   8.27960763e-02   9.80798467e-02   2.14441607e-01
   2.14441607e-01   2.46328349e-01   2.61842508e-01   2.61842508e-01
   3.08757849e-01   3.08757849e-01   3.92861741e-01   6.23320761e-01
   6.23320761e-01   6.27882399e-01   7.41238528e-01   7.47581682e-01
   7.47581682e-01   8.18026575e-01   8.18026575e-01   1.18734838e+00
   1.19680280e+00   1.19680280e+00   1.21078316e+00   1.21078316e+00
   1.32641032e+00   1.43507067e+00   1.43507067e+00   1.52873603e+00
   2.18946498e+00   2.18946498e+00   2.25026905e+00   2.25026905e+00
   2.29418427e+00   2.52190290e+00   2.52190290e+00   2.52588872e+00
   2.52588872e+00   2.54288111e+00   2.54288111e+00   2.61978909e+00
   2.68518592e+00   2.68518592e+00   2.77298786e+00   3.91663556e+00
   6.14985671e+00   6.14985671e+00   6.16514212e+00   6.16514212e+00
   6.23924725e+00   8.77064533e+00   8.77064533e+00   8.81015778e+00
   8.81015778e+00   8.85202724e+00   1.16071453e+01   1.16071453e+01
   1.16510367e+01   2.56269256e+01]
E_coul = 285.801853088287
cycle= 7 E= -621.439639917063  delta_E= -1.04e-08  |g|= 4.26e-05  |ddm|= 0.000286
    CPU time for cycle= 7      0.02 sec, wall time      0.03 sec
diis-norm(errvec)=9.0606e-05
diis-c [ -2.43729004e-09  -2.27316035e-04  -6.82086698e-04  -1.43800150e-03
   3.59782029e-02  -1.74162749e-01   1.79526831e-02   1.12257927e+00]
  HOMO = -0.35195145729704  LUMO = -0.0164822612335806
  mo_energy =
[ -1.04698601e+02  -4.05003554e+01  -1.04268986e+01  -7.89338057e+00
  -7.89313864e+00  -7.89313864e+00  -2.82226973e+00  -1.54511737e+00
  -1.54505308e+00  -1.54505308e+00  -9.40569822e-01  -3.68652582e-01
  -3.51951457e-01  -3.51951457e-01  -1.64822612e-02   4.75360255e-02
   4.75360255e-02   8.27952668e-02   9.80758223e-02   2.14437321e-01
   2.14437321e-01   2.46324034e-01   2.61838111e-01   2.61838111e-01
   3.08755131e-01   3.08755131e-01   3.92860771e-01   6.23322220e-01
   6.23322220e-01   6.27881483e-01   7.41235646e-01   7.47580068e-01
   7.47580068e-01   8.18025427e-01   8.18025427e-01   1.18734098e+00
   1.19679198e+00   1.19679198e+00   1.21077229e+00   1.21077229e+00
   1.32640214e+00   1.43505675e+00   1.43505675e+00   1.52872612e+00
   2.18945966e+00   2.18945966e+00   2.25026517e+00   2.25026517e+00
   2.29418222e+00   2.52190094e+00   2.52190094e+00   2.52588488e+00
   2.52588488e+00   2.54287997e+00   2.54287997e+00   2.61978849e+00
   2.68518353e+00   2.68518353e+00   2.77298249e+00   3.91661751e+00
   6.14983530e+00   6.14983530e+00   6.16512051e+00   6.16512051e+00
   6.23922565e+00   8.77063376e+00   8.77063376e+00   8.81014969e+00
   8.81014969e+00   8.85202040e+00   1.16071344e+01   1.16071344e+01
   1.16510275e+01   2.56269157e+01]
E_coul = 285.801961700218
cycle= 8 E= -621.439639918381  delta_E= -1.32e-09  |g|= 8.06e-06  |ddm|= 0.00013
    CPU time for cycle= 8      0.03 sec, wall time      0.03 sec
diis-norm(errvec)=1.74707e-05
diis-c [ -7.85946030e-11   3.33568975e-05   8.71566646e-05  -2.23695327e-04
  -2.92628073e-03   3.35337854e-02  -6.52361653e-02  -1.80478968e-01
   1.21521081e+00]
  HOMO = -0.351951697053392  LUMO = -0.0164825997007448
  mo_energy =
[ -1.04698599e+02  -4.05003555e+01  -1.04268987e+01  -7.89338063e+00
  -7.89313867e+00  -7.89313867e+00  -2.82227055e+00  -1.54511811e+00
  -1.54505405e+00  -1.54505405e+00  -9.40570577e-01  -3.68653429e-01
  -3.51951697e-01  -3.51951697e-01  -1.64825997e-02   4.75357436e-02
   4.75357436e-02   8.27950980e-02   9.80752962e-02   2.14436883e-01
   2.14436883e-01   2.46323656e-01   2.61837523e-01   2.61837523e-01
   3.08754486e-01   3.08754486e-01   3.92860281e-01   6.23321431e-01
   6.23321431e-01   6.27880798e-01   7.41234484e-01   7.47579024e-01
   7.47579024e-01   8.18024560e-01   8.18024560e-01   1.18733990e+00
   1.19679099e+00   1.19679099e+00   1.21077126e+00   1.21077126e+00
   1.32640151e+00   1.43505572e+00   1.43505572e+00   1.52872500e+00
   2.18945838e+00   2.18945838e+00   2.25026431e+00   2.25026431e+00
   2.29418161e+00   2.52189970e+00   2.52189970e+00   2.52588344e+00
   2.52588344e+00   2.54287880e+00   2.54287880e+00   2.61978718e+00
   2.68518238e+00   2.68518238e+00   2.77298153e+00   3.91661658e+00
   6.14983442e+00   6.14983442e+00   6.16511957e+00   6.16511957e+00
   6.23922472e+00   8.77063284e+00   8.77063284e+00   8.81014911e+00
   8.81014911e+00   8.85201991e+00   1.16071339e+01   1.16071339e+01
   1.16510272e+01   2.56269152e+01]
E_coul = 285.801962184822
cycle= 9 E= -621.439639918428  delta_E= -4.74e-11  |g|= 1.33e-06  |ddm|= 1.91e-05
    CPU time for cycle= 9      0.03 sec, wall time      0.03 sec
  HOMO = -0.351951464457363  LUMO = -0.0164825816096748
  mo_energy =
[ -1.04698599e+02  -4.05003549e+01  -1.04268982e+01  -7.89338010e+00
  -7.89313815e+00  -7.89313815e+00  -2.82227032e+00  -1.54511788e+00
  -1.54505381e+00  -1.54505381e+00  -9.40570272e-01  -3.68653145e-01
  -3.51951464e-01  -3.51951464e-01  -1.64825816e-02   4.75357588e-02
   4.75357588e-02   8.27951168e-02   9.80753308e-02   2.14436899e-01
   2.14436899e-01   2.46323701e-01   2.61837531e-01   2.61837531e-01
   3.08754564e-01   3.08754564e-01   3.92860380e-01   6.23321573e-01
   6.23321573e-01   6.27881007e-01   7.41234796e-01   7.47579329e-01
   7.47579329e-01   8.18024851e-01   8.18024851e-01   1.18734009e+00
   1.19679105e+00   1.19679105e+00   1.21077135e+00   1.21077135e+00
   1.32640168e+00   1.43505583e+00   1.43505583e+00   1.52872523e+00
   2.18945881e+00   2.18945881e+00   2.25026476e+00   2.25026476e+00
   2.29418205e+00   2.52190011e+00   2.52190011e+00   2.52588383e+00
   2.52588383e+00   2.54287921e+00   2.54287921e+00   2.61978756e+00
   2.68518277e+00   2.68518277e+00   2.77298197e+00   3.91661677e+00
   6.14983463e+00   6.14983463e+00   6.16511979e+00   6.16511979e+00
   6.23922494e+00   8.77063338e+00   8.77063338e+00   8.81014964e+00
   8.81014964e+00   8.85202043e+00   1.16071344e+01   1.16071344e+01
   1.16510277e+01   2.56269157e+01]
    CPU time for scf_cycle      0.61 sec, wall time      0.61 sec
    CPU time for SCF      0.62 sec, wall time      0.61 sec
converged SCF energy = -621.439639918428
RHF E = -621.439639918
RHF eps = [ -1.04698599e+02  -4.05003549e+01  -1.04268982e+01  -7.89338010e+00
  -7.89313815e+00  -7.89313815e+00  -2.82227032e+00  -1.54511788e+00
  -1.54505381e+00  -1.54505381e+00  -9.40570272e-01  -3.68653145e-01
  -3.51951464e-01  -3.51951464e-01  -1.64825816e-02   4.75357588e-02
   4.75357588e-02   8.27951168e-02   9.80753308e-02   2.14436899e-01
   2.14436899e-01   2.46323701e-01   2.61837531e-01   2.61837531e-01
   3.08754564e-01   3.08754564e-01   3.92860380e-01   6.23321573e-01
   6.23321573e-01   6.27881007e-01   7.41234796e-01   7.47579329e-01
   7.47579329e-01   8.18024851e-01   8.18024851e-01   1.18734009e+00
   1.19679105e+00   1.19679105e+00   1.21077135e+00   1.21077135e+00
   1.32640168e+00   1.43505583e+00   1.43505583e+00   1.52872523e+00
   2.18945881e+00   2.18945881e+00   2.25026476e+00   2.25026476e+00
   2.29418205e+00   2.52190011e+00   2.52190011e+00   2.52588383e+00
   2.52588383e+00   2.54287921e+00   2.54287921e+00   2.61978756e+00
   2.68518277e+00   2.68518277e+00   2.77298197e+00   3.91661677e+00
   6.14983463e+00   6.14983463e+00   6.16511979e+00   6.16511979e+00
   6.23922494e+00   8.77063338e+00   8.77063338e+00   8.81014964e+00
   8.81014964e+00   8.85202043e+00   1.16071344e+01   1.16071344e+01
   1.16510277e+01   2.56269157e+01]
    CPU time for CCSD integral transformation      2.20 sec, wall time      2.21 sec

******** <class 'pyscf.cc.rccsd_slow.RCCSD'> flags ********
CCSD nocc = 8, nvir = 60
frozen orbitals [0, 1, 2, 3, 4, 5]
max_cycle = 50
direct = 0
conv_tol = 1e-07
conv_tol_normt = 1e-05
diis_space = 6
diis_start_cycle = 0
diis_start_energy_diff = 1e+09
Init t2, MP2 energy = -0.36326310747035
    CPU time for init mp2      0.00 sec, wall time      0.00 sec
E(MBPT2) = -621.8029030258986  E_corr = -0.3632631074703499
    CPU time for EOM-CCSD shared one-electron intermediates      0.04 sec, wall time      0.03 sec
    CPU time for EOM-CCSD shared two-electron intermediates      0.06 sec, wall time      0.07 sec
    CPU time for EOM-CCSD IP intermediates      0.09 sec, wall time      0.09 sec
tol 1e-07  toloose 0.000316228
max_cycle 50  max_space 38  max_memory 2000  incore True
davidson 0 6  |r|= 0.628  e= [ 0.40810268  0.40810268  0.42566629  0.97415478  1.59154946  1.59154946]  max|de|= 1.59  lindep=    1
davidson 1 12  |r|= 0.107  e= [ 0.33180805  0.33180805  0.34773101  0.77410139  1.43017727  1.43017727]  max|de|= -0.2  lindep= 0.958
davidson 2 16  |r|= 0.0494  e= [ 0.33190367  0.33180802  0.3478526   0.7605831   1.43063837  1.43018473]  max|de|= -0.0135  lindep= 0.906
davidson 3 22  |r|= 0.00975  e= [ 0.33209688  0.3319006   0.34806978  0.76051078  1.43057994  1.43063895]  max|de|= 0.000454  lindep= 0.417
davidson 4 28  |r|= 0.018  e= [ 0.33211279  0.33209715  0.3480901   0.76058324  1.43057641  1.43051386]  max|de|= 0.000197  lindep= 0.357
davidson 5 34  |r|= 0.0171  e= [ 0.33211419  0.33211277  0.34808879  0.76056098  1.43075751  1.43058984]  max|de|= 0.000181  lindep= 0.336
root 0 converged  |r|= 2.1e-05  e= 0.332114186628  max|de|= 1.11e-16
root 1 converged  |r|= 0.000119  e= 0.332112772438  max|de|= -1.11e-16
root 2 converged  |r|= 3.23e-05  e= 0.348088789874  max|de|= 3.89e-16
davidson 6 6  |r|= 0.0171  e= [ 0.33211419  0.33211277  0.34808879  0.76056098  1.43075751  1.43058984]  max|de|= 1.55e-15  lindep= 0.994
davidson 7 9  |r|= 0.00706  e= [ 0.33211419  0.33211254  0.34808885  0.7605574   1.43088206  1.43070888]  max|de|= 0.000125  lindep= 0.643
davidson 8 12  |r|= 0.0148  e= [ 0.33211419  0.33211264  0.34808887  0.7605519   1.43067114  1.43067114]  max|de|= -0.000211  lindep= 0.523
davidson 9 14  |r|= 0.0192  e= [ 0.33211419  0.33211261  0.34808887  0.76055366  1.43058305  1.43064731]  max|de|= -8.81e-05  lindep= 0.322
root 3 converged  |r|= 8.12e-06  e= 0.760553697642  max|de|= 4.21e-08
davidson 10 17  |r|= 0.0441  e= [ 0.33211424  0.33211239  0.34808887  0.7605537   1.43048396  1.43085199]  max|de|= 0.000205  lindep= 0.429
davidson 11 19  |r|= 0.0391  e= [ 0.33211421  0.33211221  0.34808887  0.7605537   1.43061085  1.42989035]  max|de|= -0.000962  lindep= 0.591
davidson 12 21  |r|= 0.0229  e= [ 0.33211416  0.33211248  0.34808887  0.7605537   1.43064633  1.43064633]  max|de|= 0.000756  lindep= 0.829
davidson 13 22  |r|= 0.0222  e= [ 0.3321141   0.33211256  0.34808887  0.7605537   1.43080511  1.43080511]  max|de|= 0.000159  lindep= 0.54
davidson 14 23  |r|= 0.0201  e= [ 0.33211414  0.33211244  0.34808887  0.7605537   1.43083986  1.43083986]  max|de|= 3.48e-05  lindep= 0.433
davidson 15 24  |r|= 0.0285  e= [ 0.33211414  0.33211241  0.34808888  0.7605537   1.43040796  1.43111461]  max|de|= -0.000432  lindep= 0.265
davidson 16 26  |r|= 0.068  e= [ 0.33211414  0.33211249  0.34808888  0.7605537   1.43097394  1.42929483]  max|de|= -0.00182  lindep= 0.694
davidson 17 28  |r|= 0.055  e= [ 0.33211414  0.33211249  0.34808888  0.7605537   1.43087642  1.43264688]  max|de|= 0.00335  lindep= 0.252
davidson 18 30  |r|= 0.0485  e= [ 0.33211411  0.33211365  0.34808888  0.7605537   1.43081375  1.43246947]  max|de|= -0.000177  lindep= 0.159
davidson 19 32  |r|= 0.0102  e= [ 0.33211408  0.33211385  0.34808888  0.76055371  1.43062098  1.43110882]  max|de|= -0.00136  lindep= 0.15
davidson 20 34  |r|= 0.104  e= [ 0.33211408  0.33211392  0.34808888  0.76055371  1.43396628  1.43072596]  max|de|= 0.00335  lindep= 0.268
root 0 converged  |r|= 4.95e-05  e= 0.332114077675  max|de|= -4.66e-15
root 1 converged  |r|= 8.46e-05  e= 0.332113921069  max|de|= 1.33e-15
root 2 converged  |r|= 3.21e-05  e= 0.348088883326  max|de|= -1.39e-15
root 3 converged  |r|= 8.02e-06  e= 0.760553713031  max|de|= -2.11e-15
davidson 21 6  |r|= 0.104  e= [ 0.33211408  0.33211392  0.34808888  0.76055371  1.43396628  1.43076857]  max|de|= 4.26e-05  lindep= 0.964
davidson 22 8  |r|= 0.0477  e= [ 0.33211402  0.33211402  0.34808888  0.76055371  1.4350575   1.43058929]  max|de|= 0.00109  lindep= 0.274
davidson 23 10  |r|= 0.154  e= [ 0.33211403  0.33211403  0.34808888  0.76055371  1.44402516  1.430862  ]  max|de|= 0.00897  lindep= 0.462
davidson 24 12  |r|= 0.162  e= [ 0.33211402  0.33211402  0.34808888  0.76055371  1.42742657  1.43053643]  max|de|= -0.0166  lindep= 0.495
davidson 25 14  |r|= 0.122  e= [ 0.33211402  0.33211402  0.34808888  0.76055371  1.43903539  1.43079927]  max|de|= 0.0116  lindep=  0.4
davidson 26 16  |r|= 0.0438  e= [ 0.33211401  0.33211401  0.34808886  0.76055371  1.43548056  1.43083679]  max|de|= -0.00355  lindep= 0.608
davidson 27 18  |r|= 0.0776  e= [ 0.33211403  0.33211403  0.34808882  0.76055372  1.43806986  1.43076263]  max|de|= 0.00259  lindep= 0.348
davidson 28 20  |r|= 0.0382  e= [ 0.33211405  0.33211405  0.34808881  0.76055372  1.43701625  1.43078259]  max|de|= -0.00105  lindep= 0.264
davidson 29 22  |r|= 0.152  e= [ 0.33211412  0.33211398  0.34808881  0.76055373  1.43906236  1.43080266]  max|de|= 0.00205  lindep= 0.508
davidson 30 24  |r|= 0.131  e= [ 0.33211415  0.33211392  0.34808881  0.76055373  1.42300903  1.43074563]  max|de|= -0.0161  lindep= 0.703
davidson 31 26  |r|= 0.0969  e= [ 0.33211421  0.332114    0.34808881  0.76055373  1.42857302  1.43076726]  max|de|= 0.00556  lindep= 0.405
davidson 32 28  |r|= 0.0355  e= [ 0.33211419  0.33211385  0.34808881  0.76055373  1.43005821  1.43075448]  max|de|= 0.00149  lindep= 0.524
davidson 33 30  |r|= 0.408  e= [ 0.33211417  0.33211384  0.34808881  0.76055373  1.39966408  1.4308137 ]  max|de|= -0.0304  lindep= 0.341
davidson 34 32  |r|= 0.086  e= [ 0.3321142   0.33211396  0.3480888   0.76055373  1.4299549   1.43084295]  max|de|= 0.0303  lindep= 0.185
davidson 35 34  |r|= 0.00699  e= [ 0.33211424  0.33211401  0.34808881  0.76055373  1.43080591  1.43080591]  max|de|= 0.000851  lindep= 0.484
root 0 converged  |r|= 4.72e-05  e= 0.33211423667  max|de|= -1.72e-15
root 1 converged  |r|= 0.000109  e= 0.332114007274  max|de|= 9.99e-16
root 2 converged  |r|= 3.2e-05  e= 0.348088805216  max|de|= 6.66e-16
root 3 converged  |r|= 7.97e-06  e= 0.760553726831  max|de|= -3.22e-15
davidson 36 5  |r|= 0.00716  e= [ 0.33211424  0.33211401  0.34808881  0.76055373  1.43080808  1.43080808]  max|de|= 2.18e-06  lindep= 0.995
davidson 37 6  |r|= 0.00813  e= [ 0.33211424  0.33211398  0.3480888   0.76055373  1.43081908  1.43081908]  max|de|= 1.1e-05  lindep= 0.0692
davidson 38 7  |r|= 0.0881  e= [ 0.33211423  0.33211359  0.34808879  0.76055373  1.4297184   1.4297184 ]  max|de|= -0.0011  lindep= 0.77
davidson 39 8  |r|= 0.016  e= [ 0.33211422  0.33211333  0.34808879  0.76055373  1.43085612  1.43085612]  max|de|= 0.00114  lindep= 0.277
davidson 40 9  |r|= 0.0321  e= [ 0.33211422  0.33211331  0.34808878  0.76055373  1.43097527  1.43097527]  max|de|= 0.000119  lindep= 0.61
davidson 41 10  |r|= 0.0347  e= [ 0.33211422  0.33211328  0.34808878  0.76055373  1.43104432  1.43104432]  max|de|= 6.9e-05  lindep= 0.106
davidson 42 11  |r|= 0.0491  e= [ 0.33211424  0.33211335  0.34808878  0.76055373  1.4305344   1.4305344 ]  max|de|= -0.00051  lindep= 0.38
davidson 43 12  |r|= 0.0549  e= [ 0.33211424  0.33211336  0.34808878  0.76055372  1.43054951  1.43054951]  max|de|= 1.51e-05  lindep= 0.16
davidson 44 13  |r|= 0.121  e= [ 0.33211424  0.33211325  0.34808879  0.76055372  1.42981883  1.42981883]  max|de|= -0.000731  lindep= 0.0765
davidson 45 14  |r|= 0.023  e= [ 0.33211423  0.3321131   0.34808879  0.76055372  1.43078643  1.43078643]  max|de|= 0.000968  lindep= 0.195
davidson 46 15  |r|= 0.0393  e= [ 0.33211423  0.3321131   0.34808878  0.76055372  1.43091169  1.43091169]  max|de|= 0.000125  lindep= 0.246
davidson 47 16  |r|= 0.00889  e= [ 0.33211423  0.33211316  0.34808879  0.76055372  1.43076949  1.43076949]  max|de|= -0.000142  lindep= 0.475
davidson 48 17  |r|= 0.00921  e= [ 0.33211423  0.33211322  0.3480888   0.76055372  1.4306473   1.4306473 ]  max|de|= -0.000122  lindep=  0.7
davidson 49 18  |r|= 0.06  e= [ 0.33211422  0.33211322  0.34808879  0.76055372  1.43057217  1.43057217]  max|de|= -7.51e-05  lindep= 0.516
IP root 0 E = 0.3321142245865285  qpwt = 0.958418
IP root 1 E = 0.33211321662885  qpwt = 0.958423
IP root 2 E = 0.348088792588945  qpwt = 0.957931
IP root 3 E = 0.7605537202345718  qpwt = 0.744334
IP root 4 E = 1.430572165162439  qpwt = 0.752909
IP root 5 E = 1.430572165162439  qpwt = 0.752909
    CPU time for IP-CCSD      1.35 sec, wall time      1.35 sec
    CPU time for EOM-CCSD shared one-electron intermediates      0.02 sec, wall time      0.02 sec
    CPU time for EOM-CCSD EA intermediates      1.72 sec, wall time      1.72 sec
tol 1e-07  toloose 0.000316228
max_cycle 50  max_space 38  max_memory 2000  incore True
davidson 0 6  |r|= 0.147  e= [-0.0152547   0.04883046  0.04883738  0.08366732  0.10108037  0.21698076]  max|de|= 0.217  lindep=    1
davidson 1 12  |r|= 0.023  e= [-0.02165599  0.04355075  0.04366885  0.07697154  0.08827673  0.2062132 ]  max|de|= -0.0128  lindep= 0.955
davidson 2 18  |r|= 0.00743  e= [-0.02194029  0.0432593   0.043264    0.07643896  0.0875844   0.20527377]  max|de|= -0.000939  lindep= 0.931
davidson 3 24  |r|= 0.00262  e= [-0.02192198  0.04328601  0.04328664  0.07643959  0.08761921  0.20530904]  max|de|= 3.53e-05  lindep= 0.864
root 4 converged  |r|= 0.000285  e= 0.0876191555214  max|de|= -5.53e-08
davidson 4 30  |r|= 0.00103  e= [-0.02192216  0.04328681  0.04328648  0.07643701  0.08761916  0.20530367]  max|de|= -5.37e-06  lindep= 0.881
root 1 converged  |r|= 3.39e-05  e= 0.0432868443157  max|de|= 3.48e-08
davidson 5 35  |r|= 0.000517  e= [-0.02192238  0.04328684  0.04328671  0.07643749  0.0876184   0.20529488]  max|de|= -8.79e-06  lindep= 0.817
root 0 converged  |r|= 2.44e-05  e= -0.0219223787974  max|de|= -2.84e-16
root 1 converged  |r|= 3.39e-05  e= 0.0432868443157  max|de|= -6.94e-17
root 2 converged  |r|= 5.12e-05  e= 0.0432867101777  max|de|= -5.76e-16
root 3 converged  |r|= 5.18e-05  e= 0.0764374872617  max|de|= -7.63e-16
root 4 converged  |r|= 0.000123  e= 0.0876184034052  max|de|= -2.22e-16
davidson 6 6  |r|= 0.000517  e= [-0.02192238  0.04328684  0.04328671  0.07643749  0.0876184   0.20529488]  max|de|= -7.63e-16  lindep=    1
davidson 7 7  |r|= 0.000211  e= [-0.02192238  0.04328686  0.04328671  0.07643749  0.0876184   0.20529668]  max|de|= 1.79e-06  lindep= 0.972
davidson 8 8  |r|= 0.000269  e= [-0.02192238  0.04328685  0.04328671  0.07643749  0.0876184   0.20529508]  max|de|= -1.59e-06  lindep= 0.882
davidson 9 9  |r|= 0.000111  e= [-0.02192238  0.04328685  0.04328671  0.07643749  0.0876184   0.20529379]  max|de|= -1.29e-06  lindep= 0.85
davidson 10 10  |r|= 4.75e-05  e= [-0.02192238  0.04328683  0.04328671  0.07643749  0.0876184   0.20529517]  max|de|= 1.38e-06  lindep= 0.857
davidson 11 11  |r|= 1.79e-05  e= [-0.02192238  0.04328683  0.04328671  0.07643749  0.0876184   0.20529566]  max|de|= 4.9e-07  lindep= 0.456
davidson 12 12  |r|= 5.99e-06  e= [-0.02192238  0.04328685  0.04328671  0.07643749  0.0876184   0.20529516]  max|de|= -4.98e-07  lindep= 0.436
davidson 13 13  |r|= 1.59e-06  e= [-0.02192238  0.04328686  0.04328671  0.07643749  0.0876184   0.2052953 ]  max|de|= 1.37e-07  lindep= 0.697
root 5 converged  |r|= 4.22e-07  e= 0.205295271604  max|de|= -2.91e-08
converge 14 14  |r|= 4.22e-07  e= [-0.02192238  0.04328686  0.04328671  0.07643749  0.0876184   0.20529527]  max|de|= -2.91e-08
EA root 0 E = -0.02192237879737801  qpwt = 0.996465
EA root 1 E = 0.04328686351129863  qpwt = 0.996494
EA root 2 E = 0.04328671029887195  qpwt = 0.996495
EA root 3 E = 0.07643748726170091  qpwt = 0.995828
EA root 4 E = 0.08761840340519349  qpwt = 0.994456
EA root 5 E = 0.2052952716044957  qpwt = 0.992419
    CPU time for EA-CCSD      6.46 sec, wall time      6.47 sec
