

******** <class 'pyscf.scf.hf.RHF'> flags ********
method = RHF
initial guess = minao
damping factor = 0
level shift factor = 0
Do DIIS = True
DIIS start cycle = 1
DIIS space = 8
SCF tol = 1e-09
SCF gradient tol = None
max. SCF cycles = 50
direct_scf = True
direct_scf_tol = 1e-13
chkfile to save SCF result = /tmp/tmptskgDo
max_memory 4000 MB (current use 39 MB)
Set gradient conv threshold to 3.16228e-05
Nelec from initial guess = 13.9996
cond(S) = 49289.4839633
E_coul = 54.9461734129809
init E= -92.9815799805506
    CPU time for initialize scf      0.37 sec, wall time      0.37 sec
  HOMO = -0.42104042969405  LUMO = 0.0564815946257205
  mo_energy =
[-15.63687565 -11.45937089  -1.53156976  -0.79041987  -0.44756642
  -0.42104043  -0.42104043   0.05648159   0.05648159   0.14846404
   0.17916411   0.32800334   0.32800334   0.3640184    0.46682785
   0.49562848   0.53967063   0.53967063   0.74196227   0.80158311
   0.80158311   0.87368828   0.87368828   0.97028488   1.34355477
   1.36779189   1.36779189   1.37200467   1.37200467   1.51374979
   1.61013728   1.61013728   1.72024383   1.84751608   1.84751608
   2.02366457   2.37120853   2.56750572   2.66929523   2.66929523
   2.72831154   2.90168558   2.90168558   2.90731106   2.90731106
   3.00642108   3.00642108   3.19126099   3.19126099   3.45225178
   3.45225178   3.46372012   3.61058748   3.8462643    3.8462643
   4.26699084   4.26699084   4.332717     4.332717     4.57018162
   4.86145593   4.86145593   4.87387463   4.87387463   4.98506957
   4.98506957   5.16683952   5.30187505   5.64558073   5.64558073
   6.04488542   6.04488542   6.23349365   6.80274707  24.07321536
  33.3063565 ]
E_coul = 55.8618233963453
cycle= 1 E= -92.8746258273448  delta_E= 0.107  |g|= 0.336  |ddm|= 1.35
    CPU time for cycle= 1      0.03 sec, wall time      0.03 sec
diis-norm(errvec)=1.12856
diis-c [-1.27365498  1.        ]
  HOMO = -0.492842489352906  LUMO = 0.117123789033727
  mo_energy =
[-15.47865479 -11.40628272  -1.22745033  -0.87622565  -0.51757029
  -0.49284249  -0.49284249   0.11712379   0.14153206   0.14153206
   0.18460336   0.32950533   0.32950533   0.36644508   0.48406492
   0.50885871   0.61350708   0.61350708   0.78605808   0.78605808
   0.78676261   0.82125252   0.82125252   0.9936978    1.35553647
   1.35553647   1.40496175   1.45085603   1.45085603   1.49983577
   1.60804202   1.60804202   1.6602175    1.92988562   1.92988562
   2.11584512   2.39732275   2.61013124   2.68547814   2.76773393
   2.76773393   2.87926655   2.87926655   2.88056046   2.88056046
   2.96542831   2.96542831   3.16543187   3.16543187   3.46617818
   3.46617818   3.47540268   3.61969175   3.78054167   3.78054167
   4.24262129   4.24262129   4.3891684    4.3891684    4.57143454
   4.8945721    4.8945721    4.98292349   4.98292349   5.10000114
   5.10000114   5.19558246   5.33335203   5.72516696   5.72516696
   6.1169088    6.1169088    6.27970135   6.87922215  24.11321337
  33.45103609]
E_coul = 55.5945215619276
cycle= 2 E= -92.8945342749855  delta_E= -0.0199  |g|= 0.285  |ddm|= 0.299
    CPU time for cycle= 2      0.03 sec, wall time      0.03 sec
diis-norm(errvec)=0.819229
diis-c [-0.18421016  0.40067445  0.59932555]
  HOMO = -0.503092961260855  LUMO = 0.145951236151511
  mo_energy =
[-15.63726669 -11.27931003  -1.24490588  -0.81712048  -0.58418823
  -0.50309296  -0.50309296   0.14595124   0.14675673   0.14675673
   0.18896696   0.34657026   0.34657026   0.36887893   0.48864607
   0.5215704    0.58801659   0.58801659   0.77023368   0.80903126
   0.80903126   0.85392834   0.85392834   1.00454456   1.36740119
   1.36740119   1.3953882    1.41500716   1.41500716   1.52709806
   1.66064704   1.66064704   1.7137315    1.89381278   1.89381278
   2.09508535   2.38740458   2.58729706   2.70318828   2.70318828
   2.70550706   2.9225186    2.9225186    2.92925561   2.92925561
   3.03113035   3.03113035   3.23112081   3.23112081   3.49164617
   3.49164617   3.51675889   3.63752467   3.82493696   3.82493696
   4.28701132   4.28701132   4.31634413   4.31634413   4.58108818
   4.89861667   4.89861667   4.90782888   4.90782888   5.03643045
   5.03643045   5.20861078   5.32210665   5.6913671    5.6913671
   6.09947084   6.09947084   6.28065644   6.88263842  24.23168415
  33.30002427]
E_coul = 55.8763377199233
cycle= 3 E= -92.9105786927601  delta_E= -0.016  |g|= 0.0551  |ddm|= 0.155
    CPU time for cycle= 3      0.03 sec, wall time      0.03 sec
diis-norm(errvec)=0.165322
diis-c [-0.00668546 -0.11309984  0.04672028  1.06637956]
  HOMO = -0.494416958243319  LUMO = 0.150934148155111
  mo_energy =
[-15.58834303 -11.28672239  -1.23243027  -0.81126619  -0.57698272
  -0.49441696  -0.49441696   0.15093415   0.15511429   0.15511429
   0.19074432   0.34813944   0.34813944   0.37028847   0.4894937
   0.53032504   0.59394292   0.59394292   0.77319852   0.81078933
   0.81078933   0.86132433   0.86132433   1.01223715   1.37360632
   1.37360632   1.40004579   1.42143127   1.42143127   1.53287915
   1.66028501   1.66028501   1.72030043   1.90152035   1.90152035
   2.10344392   2.39385736   2.59957517   2.71770405   2.72057293
   2.72057293   2.92932582   2.92932582   2.92992526   2.92992526
   3.03917736   3.03917736   3.23143243   3.23143243   3.50213443
   3.50213443   3.52669671   3.64783624   3.83629544   3.83629544
   4.30152312   4.30152312   4.3282518    4.3282518    4.59756351
   4.91436828   4.91436828   4.92778502   4.92778502   5.04899647
   5.04899647   5.2243395    5.33694535   5.7055075    5.7055075
   6.11343884   6.11343884   6.29803842   6.89880232  24.22622061
  33.34585015]
E_coul = 55.7882610021715
cycle= 4 E= -92.911570139649  delta_E= -0.000991  |g|= 0.0107  |ddm|= 0.0448
    CPU time for cycle= 4      0.03 sec, wall time      0.03 sec
diis-norm(errvec)=0.0290971
diis-c [ -4.25245206e-04  -1.14636305e-02  -3.29634849e-02  -1.15503543e-02
   1.05597747e+00]
  HOMO = -0.497425289376165  LUMO = 0.150467206437679
  mo_energy =
[-15.59991221 -11.2934535   -1.23717097  -0.81331909  -0.58172322
  -0.49742529  -0.49742529   0.15046721   0.15340269   0.15340269
   0.19004254   0.34696219   0.34696219   0.36983756   0.48900345
   0.52879754   0.5924803    0.5924803    0.77204043   0.8089714
   0.8089714    0.86004547   0.86004547   1.00948859   1.37202776
   1.37202776   1.39790977   1.41917009   1.41917009   1.53087095
   1.65742309   1.65742309   1.71844405   1.89916587   1.89916587
   2.09987022   2.39211348   2.59690456   2.7161557    2.7161557
   2.71619483   2.92680844   2.92680844   2.92734587   2.92734587
   3.03621139   3.03621139   3.22808952   3.22808952   3.49883572
   3.49883572   3.52338498   3.64430746   3.83429437   3.83429437
   4.29997977   4.29997977   4.32394784   4.32394784   4.59388519
   4.91098958   4.91098958   4.9219167    4.9219167    5.04542195
   5.04542195   5.22015794   5.33426199   5.70214909   5.70214909
   6.10895445   6.10895445   6.29368697   6.89421364  24.21993263
  33.33500697]
E_coul = 55.8102637204301
cycle= 5 E= -92.9116153553319  delta_E= -4.52e-05  |g|= 0.00299  |ddm|= 0.0123
    CPU time for cycle= 5      0.03 sec, wall time      0.03 sec
diis-norm(errvec)=0.00827033
diis-c [ -3.83001513e-05   7.90978281e-03  -4.85484047e-03  -6.79705763e-02
  -1.75978676e-02   1.08251350e+00]
  HOMO = -0.496550601424283  LUMO = 0.150400720178379
  mo_energy =
[-15.59881792 -11.29076394  -1.23604468  -0.81282475  -0.58158272
  -0.4965506   -0.4965506    0.15040072   0.15382627   0.15382627
   0.19019159   0.3473607    0.3473607    0.36986399   0.48906021
   0.52897267   0.59278681   0.59278681   0.77217425   0.8094987
   0.8094987    0.86012686   0.86012686   1.00984629   1.3722437
   1.3722437    1.39847828   1.41944261   1.41944261   1.53134313
   1.658507     1.658507     1.71874467   1.89953261   1.89953261
   2.10058752   2.39228347   2.59712302   2.71607546   2.71663764
   2.71663764   2.92778441   2.92778441   2.92786729   2.92786729
   3.03688627   3.03688627   3.22933783   3.22933783   3.49946856
   3.49946856   3.52403428   3.64494238   3.83432597   3.83432597
   4.29963635   4.29963635   4.32421142   4.32421142   4.59420948
   4.91131912   4.91131912   4.92247157   4.92247157   5.04583805
   5.04583805   5.22072196   5.33446196   5.70265117   5.70265117
   6.10975004   6.10975004   6.29439011   6.89516499  24.22238024
  33.33602665]
E_coul = 55.8052693215192
cycle= 6 E= -92.9116195962716  delta_E= -4.24e-06  |g|= 0.000756  |ddm|= 0.00352
    CPU time for cycle= 6      0.03 sec, wall time      0.03 sec
diis-norm(errvec)=0.00221509
diis-c [ -7.68779757e-07  -6.99256742e-04   3.54421739e-03   1.70072197e-02
  -8.97271361e-02  -2.51254921e-01   1.32112988e+00]
  HOMO = -0.496633433888077  LUMO = 0.150441833682612
  mo_energy =
[-15.59892168 -11.29094815  -1.23623713  -0.81275223  -0.58185333
  -0.49663343  -0.49663343   0.15044183   0.15381093   0.15381093
   0.1901761    0.3473354    0.3473354    0.36985417   0.48899321
   0.52898511   0.59271298   0.59271298   0.77208542   0.80947807
   0.80947807   0.86018161   0.86018161   1.00980534   1.37223255
   1.37223255   1.39836722   1.41929022   1.41929022   1.5313579
   1.65846321   1.65846321   1.71878314   1.8994052    1.8994052
   2.10044183   2.39220724   2.59701797   2.71611997   2.71648926
   2.71648926   2.92780573   2.92780573   2.92786257   2.92786257
   3.0369362    3.0369362    3.22933248   3.22933248   3.49938943
   3.49938943   3.52394809   3.64488846   3.83435075   3.83435075
   4.29965569   4.29965569   4.32392722   4.32392722   4.59413729
   4.91125965   4.91125965   4.92222747   4.92222747   5.045642     5.045642
   5.22063888   5.33438378   5.70253061   5.70253061   6.10961275
   6.10961275   6.29430806   6.89504254  24.22221808  33.33591753]
E_coul = 55.8055956099747
cycle= 7 E= -92.9116199077069  delta_E= -3.11e-07  |g|= 8.99e-05  |ddm|= 0.00112
    CPU time for cycle= 7      0.03 sec, wall time      0.03 sec
diis-norm(errvec)=0.000261367
diis-c [ -1.29362233e-08  -9.16799649e-05  -6.19198161e-04  -5.80001427e-04
   1.44452791e-02   3.30595822e-02  -2.49347257e-01   1.20313327e+00]
  HOMO = -0.4966422591291  LUMO = 0.150449573336068
  mo_energy =
[-15.59898352 -11.2909638   -1.23625796  -0.81274946  -0.58187511
  -0.49664226  -0.49664226   0.15044957   0.15380614   0.15380614
   0.19017424   0.34733413   0.34733413   0.36985357   0.48898663
   0.52898819   0.5927021    0.5927021    0.77207637   0.80948026
   0.80948026   0.86018846   0.86018846   1.00980514   1.37223409
   1.37223409   1.39835974   1.41927736   1.41927736   1.53136074
   1.65846248   1.65846248   1.71878643   1.89938999   1.89938999
   2.100427     2.3921988    2.59700217   2.71612466   2.71646756
   2.71646756   2.92781178   2.92781178   2.92786619   2.92786619
   3.03693735   3.03693735   3.22933434   3.22933434   3.49938914
   3.49938914   3.52394765   3.64488423   3.83435823   3.83435823
   4.29966396   4.29966396   4.32390463   4.32390463   4.59413148
   4.91124844   4.91124844   4.92220344   4.92220344   5.04561978
   5.04561978   5.22062894   5.33437077   5.70251272   5.70251272
   6.10960361   6.10960361   6.29429655   6.89502904  24.22220536
  33.33585678]
E_coul = 55.8056940412796
cycle= 8 E= -92.9116199101576  delta_E= -2.45e-09  |g|= 9.6e-06  |ddm|= 0.000112
    CPU time for cycle= 8      0.03 sec, wall time      0.03 sec
diis-norm(errvec)=2.78169e-05
diis-c [ -1.52987845e-10   1.80288862e-05  -3.31249606e-06  -1.44726956e-04
  -2.44812217e-04   1.51057655e-04   7.75969814e-03  -1.39652361e-01
   1.13211643e+00]
  HOMO = -0.496640831033063  LUMO = 0.150449841125829
  mo_energy =
[-15.59898197 -11.29095675  -1.23625818  -0.81274756  -0.58187277
  -0.49664083  -0.49664083   0.15044984   0.15380655   0.15380655
   0.19017407   0.34733474   0.34733474   0.36985393   0.48898713
   0.52898853   0.59270212   0.59270212   0.77207632   0.80948102
   0.80948102   0.86018896   0.86018896   1.00980575   1.3722346
   1.3722346    1.39836043   1.41927756   1.41927756   1.5313615
   1.65846462   1.65846462   1.7187878    1.89939091   1.89939091
   2.10042855   2.3921993    2.59700258   2.71612504   2.71646773
   2.71646773   2.92781351   2.92781351   2.92786721   2.92786721
   3.03693926   3.03693926   3.22933695   3.22933695   3.4993899
   3.4993899    3.52394858   3.64488519   3.83435876   3.83435876
   4.29966388   4.29966388   4.32390463   4.32390463   4.59413188
   4.91124949   4.91124949   4.92220348   4.92220348   5.04562066
   5.04562066   5.2206302    5.33437162   5.70251396   5.70251396
   6.10960445   6.10960445   6.29429776   6.89503056  24.22221185
  33.33585854]
E_coul = 55.8056923179827
cycle= 9 E= -92.9116199101876  delta_E= -3e-11  |g|= 1.28e-06  |ddm|= 2.02e-05
    CPU time for cycle= 9      0.03 sec, wall time      0.03 sec
  HOMO = -0.496641261153996  LUMO = 0.150449825025635
  mo_energy =
[-15.59898345 -11.29095742  -1.23625875  -0.81274777  -0.58187328
  -0.49664126  -0.49664126   0.15044983   0.15380631   0.15380631
   0.19017398   0.34733463   0.34733463   0.36985389   0.48898705
   0.52898839   0.59270186   0.59270186   0.77207612   0.80948086
   0.80948086   0.86018882   0.86018882   1.00980548   1.37223441
   1.37223441   1.39836016   1.41927723   1.41927723   1.53136132
   1.65846437   1.65846437   1.71878766   1.89939052   1.89939052
   2.10042812   2.39219901   2.59700212   2.71612487   2.71646711
   2.71646711   2.92781333   2.92781333   2.92786698   2.92786698
   3.03693901   3.03693901   3.2293367    3.2293367    3.49938959
   3.49938959   3.52394827   3.64488485   3.83435857   3.83435857
   4.29966372   4.29966372   4.32390405   4.32390405   4.59413146
   4.91124901   4.91124901   4.92220276   4.92220276   5.04562004
   5.04562004   5.22062975   5.33437115   5.70251339   5.70251339
   6.10960396   6.10960396   6.29429725   6.89503     24.22221119
  33.33585713]
    CPU time for scf_cycle      0.65 sec, wall time      0.65 sec
    CPU time for SCF      0.65 sec, wall time      0.65 sec
converged SCF energy = -92.9116199101876
RHF E = -92.9116199102
RHF eps = [-15.59898345 -11.29095742  -1.23625875  -0.81274777  -0.58187328
  -0.49664126  -0.49664126   0.15044983   0.15380631   0.15380631
   0.19017398   0.34733463   0.34733463   0.36985389   0.48898705
   0.52898839   0.59270186   0.59270186   0.77207612   0.80948086
   0.80948086   0.86018882   0.86018882   1.00980548   1.37223441
   1.37223441   1.39836016   1.41927723   1.41927723   1.53136132
   1.65846437   1.65846437   1.71878766   1.89939052   1.89939052
   2.10042812   2.39219901   2.59700212   2.71612487   2.71646711
   2.71646711   2.92781333   2.92781333   2.92786698   2.92786698
   3.03693901   3.03693901   3.2293367    3.2293367    3.49938959
   3.49938959   3.52394827   3.64488485   3.83435857   3.83435857
   4.29966372   4.29966372   4.32390405   4.32390405   4.59413146
   4.91124901   4.91124901   4.92220276   4.92220276   5.04562004
   5.04562004   5.22062975   5.33437115   5.70251339   5.70251339
   6.10960396   6.10960396   6.29429725   6.89503     24.22221119
  33.33585713]
    CPU time for CCSD integral transformation      2.76 sec, wall time      2.76 sec

******** <class 'pyscf.cc.rccsd_slow.RCCSD'> flags ********
CCSD nocc = 5, nvir = 69
frozen orbitals [0, 1]
max_cycle = 50
direct = 0
conv_tol = 1e-07
conv_tol_normt = 1e-05
diis_space = 6
diis_start_cycle = 0
diis_start_energy_diff = 1e+09
Init t2, MP2 energy = -0.343966756649703
    CPU time for init mp2      0.00 sec, wall time      0.00 sec
E(MBPT2) = -93.2555866668373  E_corr = -0.3439667566497026
    CPU time for EOM-CCSD shared one-electron intermediates      0.04 sec, wall time      0.03 sec
    CPU time for EOM-CCSD shared two-electron intermediates      0.03 sec, wall time      0.03 sec
    CPU time for EOM-CCSD IP intermediates      0.04 sec, wall time      0.04 sec
tol 1e-07  toloose 0.000316228
max_cycle 50  max_space 38  max_memory 2000  incore True
davidson 0 6  |r|= 0.399  e= [  0.58734461   0.58734461   0.6474753    0.86119145   1.28477247
  33.71294187]  max|de|= 33.7  lindep=    1
davidson 1 12  |r|= 0.304  e= [  0.51723021   0.51723021   0.51510119   0.75966221   1.21794963
  33.72671046]  max|de|= -0.132  lindep= 0.947
davidson 2 17  |r|= 0.294  e= [  0.51723522   0.5166953    0.51645708   0.76087188   1.21310899
  33.69917328]  max|de|= -0.0275  lindep= 0.579
davidson 3 23  |r|= 0.231  e= [  0.51670051   0.51700732   0.51696464   0.76101199   1.17326335
  33.69949404]  max|de|= -0.0398  lindep= 0.567
root 5 converged  |r|= 5.29e-06  e= 33.699494027  max|de|= -9.06e-09
davidson 4 29  |r|= 0.237  e= [  0.51700627   0.51699552   0.51705753   0.76104606   1.06967422
  33.69949403]  max|de|= -0.104  lindep= 0.731
davidson 5 34  |r|= 0.0989  e= [  0.5169948    0.51698977   0.51704908   0.76104571   1.09979865
  33.69949403]  max|de|= 0.0301  lindep= 0.795
root 1 converged  |r|= 0.000153  e= 0.516989770849  max|de|= -1.11e-15
root 2 converged  |r|= 0.000111  e= 0.517049080951  max|de|= 1.11e-16
root 3 converged  |r|= 0.000231  e= 0.761045708385  max|de|= 1.44e-15
root 5 converged  |r|= 5.29e-06  e= 33.699494027  max|de|= 5.68e-14
davidson 6 6  |r|= 0.0989  e= [  0.5169948    0.51698977   0.51704908   0.76104571   1.09979865
  33.69949403]  max|de|= 5.68e-14  lindep= 0.999
davidson 7 8  |r|= 0.0544  e= [  0.51699103   0.51698975   0.51705023   0.7610458    1.09034984
  33.69949403]  max|de|= -0.00945  lindep= 0.94
davidson 8 10  |r|= 0.098  e= [  0.51698901   0.51698981   0.51704957   0.76104564   1.0866099
  33.69949403]  max|de|= -0.00374  lindep= 0.917
davidson 9 12  |r|= 0.074  e= [  0.51698983   0.51699123   0.5170491    0.76104541   1.10622148
  33.69949403]  max|de|= 0.0196  lindep= 0.818
davidson 10 14  |r|= 0.0386  e= [  0.5169906    0.51699134   0.51704962   0.76104623   1.09551881
  33.69949403]  max|de|= -0.0107  lindep= 0.854
davidson 11 16  |r|= 0.0407  e= [  0.51699089   0.51699139   0.51704964   0.76104617   1.09188712
  33.69949403]  max|de|= -0.00363  lindep= 0.772
root 0 converged  |r|= 1.88e-06  e= 0.516990854867  max|de|= -3.72e-08
davidson 12 18  |r|= 0.132  e= [  0.51699085   0.51699132   0.51704956   0.76104629   1.10545476
  33.69949403]  max|de|= 0.0136  lindep= 0.79
davidson 13 19  |r|= 0.0282  e= [  0.51699085   0.51699132   0.51704948   0.76104618   1.09585563
  33.69949403]  max|de|= -0.0096  lindep= 0.882
davidson 14 20  |r|= 0.0119  e= [  0.51699085   0.51699132   0.51704973   0.76104648   1.09616175
  33.69949403]  max|de|= 0.000306  lindep= 0.832
davidson 15 21  |r|= 0.0127  e= [  0.51699085   0.51699133   0.51704974   0.76104614   1.09541327
  33.69949403]  max|de|= -0.000748  lindep= 0.675
davidson 16 22  |r|= 0.00526  e= [  0.51699085   0.51699135   0.51704974   0.76104608   1.09495174
  33.69949403]  max|de|= -0.000462  lindep= 0.814
davidson 17 23  |r|= 0.00354  e= [  0.51699085   0.51699135   0.51704976   0.76104617   1.09526104
  33.69949403]  max|de|= 0.000309  lindep= 0.901
davidson 18 24  |r|= 0.00333  e= [  0.51699085   0.51699135   0.51704981   0.76104657   1.0954819
  33.69949403]  max|de|= 0.000221  lindep= 0.792
davidson 19 25  |r|= 0.00604  e= [  0.51699086   0.5169915    0.51704947   0.76104596   1.0951704
  33.69949403]  max|de|= -0.000311  lindep= 0.837
davidson 20 26  |r|= 0.00912  e= [  0.51699086   0.51699124   0.51704947   0.76104588   1.09547588
  33.69949403]  max|de|= 0.000305  lindep= 0.693
davidson 21 27  |r|= 0.00374  e= [  0.51699085   0.51699148   0.51704926   0.76104563   1.09517479
  33.69949403]  max|de|= -0.000301  lindep= 0.745
davidson 22 28  |r|= 0.00322  e= [  0.51699085   0.51699134   0.51704926   0.76104552   1.09522881
  33.69949403]  max|de|= 5.4e-05  lindep= 0.602
davidson 23 29  |r|= 0.00233  e= [  0.51699084   0.51699134   0.51704927   0.76104564   1.09536634
  33.69949403]  max|de|= 0.000138  lindep= 0.658
davidson 24 30  |r|= 0.00561  e= [  0.51699084   0.51699134   0.51704934   0.76104553   1.09557242
  33.69949403]  max|de|= 0.000206  lindep= 0.608
davidson 25 31  |r|= 0.00129  e= [  0.51699084   0.51699133   0.51704943   0.76104547   1.09523405
  33.69949403]  max|de|= -0.000338  lindep= 0.839
davidson 26 32  |r|= 0.000617  e= [  0.51699084   0.51699133   0.51704966   0.76104311   1.09518793
  33.69949403]  max|de|= -4.61e-05  lindep= 0.824
davidson 27 33  |r|= 0.000443  e= [  0.51699084   0.51699129   0.51704968   0.76104414   1.09521009
  33.69949403]  max|de|= 2.22e-05  lindep= 0.745
root 0 converged  |r|= 1.18e-06  e= 0.51699084454  max|de|= 3.77e-15
root 1 converged  |r|= 2.32e-05  e= 0.516991287052  max|de|= -1.22e-15
root 2 converged  |r|= 0.000105  e= 0.517049682034  max|de|= 1.22e-15
root 3 converged  |r|= 0.000207  e= 0.761044141214  max|de|= 1.44e-15
root 5 converged  |r|= 5.31e-06  e= 33.699494027  max|de|= -1.42e-14
davidson 28 6  |r|= 0.000443  e= [  0.51699084   0.51699129   0.51704968   0.76104414   1.09521009
  33.69949403]  max|de|= -1.42e-14  lindep=    1
davidson 29 7  |r|= 0.000509  e= [  0.51699085   0.51699124   0.51704967   0.76104415   1.09520791
  33.69949403]  max|de|= -2.18e-06  lindep= 0.996
davidson 30 8  |r|= 0.000811  e= [  0.51699085   0.51699125   0.51704968   0.76104412   1.09520453
  33.69949403]  max|de|= -3.38e-06  lindep= 0.727
davidson 31 9  |r|= 0.000315  e= [  0.51699084   0.51699127   0.51704966   0.76104416   1.09520706
  33.69949403]  max|de|= 2.53e-06  lindep= 0.929
davidson 32 10  |r|= 0.00167  e= [  0.51699084   0.51699126   0.51704965   0.76104417   1.09519519
  33.69949403]  max|de|= -1.19e-05  lindep= 0.93
davidson 33 11  |r|= 0.000392  e= [  0.51699084   0.51699126   0.51704964   0.76104418   1.09520578
  33.69949403]  max|de|= 1.06e-05  lindep= 0.629
davidson 34 12  |r|= 0.000476  e= [  0.51699084   0.51699134   0.51704961   0.76104429   1.09521484
  33.69949403]  max|de|= 9.06e-06  lindep= 0.559
davidson 35 13  |r|= 0.000284  e= [  0.51699084   0.51699135   0.5170496    0.76104431   1.09520533
  33.69949403]  max|de|= -9.52e-06  lindep= 0.767
davidson 36 14  |r|= 0.000341  e= [  0.51699084   0.51699135   0.51704958   0.76104436   1.09522372
  33.69949403]  max|de|= 1.84e-05  lindep= 0.742
davidson 37 15  |r|= 0.000351  e= [  0.51699084   0.51699135   0.51704955   0.76104442   1.09521632
  33.69949403]  max|de|= -7.4e-06  lindep= 0.663
davidson 38 16  |r|= 0.000151  e= [  0.51699084   0.51699137   0.51704954   0.76104433   1.09521694
  33.69949403]  max|de|= 6.26e-07  lindep= 0.674
davidson 39 17  |r|= 7.54e-05  e= [  0.51699084   0.51699136   0.51704954   0.76104419   1.09521349
  33.69949403]  max|de|= -3.45e-06  lindep= 0.668
davidson 40 18  |r|= 5.19e-05  e= [  0.51699084   0.51699136   0.51704954   0.76104428   1.09521464
  33.69949403]  max|de|= 1.15e-06  lindep= 0.799
davidson 41 19  |r|= 0.00273  e= [  0.51699084   0.51699136   0.5170495    0.76104426   1.09520712
  33.69949403]  max|de|= -7.52e-06  lindep= 0.608
davidson 42 20  |r|= 4.39e-05  e= [  0.51699084   0.51699136   0.51704946   0.76104427   1.09521533
  33.69949403]  max|de|= 8.21e-06  lindep= 0.763
davidson 43 21  |r|= 2.04e-05  e= [  0.51699084   0.51699137   0.51704935   0.76104417   1.0952144
  33.69949403]  max|de|= -9.25e-07  lindep= 0.792
davidson 44 22  |r|= 2.99e-05  e= [  0.51699084   0.51699139   0.51704932   0.76104406   1.09521243
  33.69949403]  max|de|= -1.97e-06  lindep= 0.704
davidson 45 23  |r|= 5.34e-05  e= [  0.51699084   0.51699145   0.51704931   0.76104422   1.09521575
  33.69949403]  max|de|= 3.31e-06  lindep= 0.651
davidson 46 24  |r|= 1.34e-05  e= [  0.51699084   0.51699147   0.51704926   0.76104387   1.0952135
  33.69949403]  max|de|= -2.25e-06  lindep= 0.764
davidson 47 25  |r|= 8.54e-06  e= [  0.51699084   0.51699147   0.51704897   0.76104471   1.0952142
  33.69949403]  max|de|= 8.41e-07  lindep= 0.846
davidson 48 26  |r|= 0.000166  e= [  0.51699084   0.51699147   0.51704894   0.76104466   1.09522077
  33.69949403]  max|de|= 6.57e-06  lindep= 0.771
davidson 49 27  |r|= 7.88e-06  e= [  0.51699084   0.51699148   0.517049     0.76104485   1.09521436
  33.69949403]  max|de|= -6.42e-06  lindep= 0.813
IP root 0 E = 0.5169908376542909  qpwt = 0.967515
IP root 1 E = 0.5169914770590337  qpwt = 0.967516
IP root 2 E = 0.5170490034307972  qpwt = 0.93426
IP root 3 E = 0.7610448459082849  qpwt = 0.929847
IP root 4 E = 1.095214356694007  qpwt = 0.537139
IP root 5 E = 33.69949402702701  qpwt = 3.24749e-22
    CPU time for IP-CCSD      0.68 sec, wall time      0.67 sec
    CPU time for EOM-CCSD shared one-electron intermediates      0.02 sec, wall time      0.02 sec
    CPU time for EOM-CCSD EA intermediates      1.94 sec, wall time      1.94 sec
tol 1e-07  toloose 0.000316228
max_cycle 50  max_space 38  max_memory 2000  incore True
davidson 0 6  |r|= 0.331  e= [ 0.15625209  0.18672365  0.18672365  0.19590528  0.36108917  0.36108917]  max|de|= 0.361  lindep=    1
davidson 1 12  |r|= 0.0483  e= [ 0.12635402  0.12068188  0.12068188  0.16772848  0.31009572  0.31009572]  max|de|= -0.066  lindep= 0.986
davidson 2 16  |r|= 0.0685  e= [ 0.12330259  0.1154604   0.12050345  0.1662002   0.30707089  0.3100158 ]  max|de|= -0.00522  lindep= 0.977
davidson 3 22  |r|= 0.0239  e= [ 0.12325096  0.11562327  0.11546617  0.16623379  0.30722706  0.30706342]  max|de|= -0.00504  lindep= 0.917
davidson 4 28  |r|= 0.00527  e= [ 0.12326316  0.11552073  0.1156197   0.16622632  0.30715495  0.30722303]  max|de|= 0.00016  lindep= 0.913
davidson 5 34  |r|= 0.00102  e= [ 0.12327191  0.11555048  0.11552065  0.16622808  0.3071699   0.30715523]  max|de|= -9.91e-05  lindep=  0.9
root 0 converged  |r|= 0.000171  e= 0.123271911713  max|de|= 9.71e-17
root 1 converged  |r|= 0.000192  e= 0.115550482693  max|de|= -8.05e-16
root 3 converged  |r|= 0.000147  e= 0.166228079805  max|de|= -5e-16
root 4 converged  |r|= 0.000227  e= 0.307169898906  max|de|= 6.66e-16
davidson 6 6  |r|= 0.00102  e= [ 0.12327191  0.11555048  0.11552065  0.16622808  0.3071699   0.30715523]  max|de|= -8.05e-16  lindep=    1
davidson 7 8  |r|= 0.000268  e= [ 0.12327191  0.11555061  0.11555385  0.16622808  0.30717001  0.30717217]  max|de|= 3.32e-05  lindep= 0.991
davidson 8 10  |r|= 0.00012  e= [ 0.12327191  0.11555027  0.11555099  0.16622808  0.30716975  0.30717041]  max|de|= -2.87e-06  lindep= 0.914
davidson 9 12  |r|= 2.7e-05  e= [ 0.12327191  0.16622808  0.11555029  0.30716985  0.30717021  0.11555029]  max|de|= -0.192  lindep= 0.962
davidson 10 13  |r|= 9.01e-05  e= [ 0.12327191  0.16622808  0.11554995  0.30716981  0.30717023  0.11555072]  max|de|= 4.33e-07  lindep= 0.896
davidson 11 15  |r|= 1.3e-05  e= [ 0.12327191  0.16622808  0.11555099  0.30717044  0.30716976  0.1155505 ]  max|de|= 1.03e-06  lindep= 0.865
davidson 12 17  |r|= 2.45e-06  e= [ 0.12327191  0.16622808  0.11555059  0.30716971  0.3071705   0.11555078]  max|de|= 7.33e-07  lindep= 0.541
root 5 converged  |r|= 2.29e-07  e= 0.11555070987  max|de|= -6.82e-08
davidson 13 19  |r|= 6.58e-07  e= [ 0.12327191  0.16622808  0.11555075  0.30716969  0.30717032  0.11555071]  max|de|= -1.71e-07  lindep= 0.589
root 2 converged  |r|= 4.27e-07  e= 0.115550708965  max|de|= -3.97e-08
converge 14 20  |r|= 4.27e-07  e= [ 0.12327191  0.11555071  0.11555071  0.16622808  0.30717022  0.30717022]  max|de|= 0.192
EA root 0 E = 0.1232719117134674  qpwt = 0.983598
EA root 1 E = 0.1155507141466126  qpwt = 0.968037
EA root 2 E = 0.1155507089654916  qpwt = 0.968037
EA root 3 E = 0.1662280798049591  qpwt = 0.988237
EA root 4 E = 0.3071702150134599  qpwt = 0.948055
EA root 5 E = 0.3071702150134599  qpwt = 0.948055
    CPU time for EA-CCSD      8.34 sec, wall time      8.34 sec
