

******** <class 'pyscf.scf.hf.RHF'> flags ********
method = RHF
initial guess = minao
damping factor = 0
level shift factor = 0
Do DIIS = True
DIIS start cycle = 1
DIIS space = 8
SCF tol = 1e-09
SCF gradient tol = None
max. SCF cycles = 50
direct_scf = True
direct_scf_tol = 1e-13
chkfile to save SCF result = /tmp/tmphWwnB2
max_memory 4000 MB (current use 39 MB)
Set gradient conv threshold to 3.16228e-05
Nelec from initial guess = 47.9918
cond(S) = 6467.97832139
E_coul = 1119.11947793452
init E= -2512.24843550156
    CPU time for initialize scf      2.61 sec, wall time      2.95 sec
  HOMO = -0.316937185721924  LUMO = 0.0241713537822339
  mo_energy =
[ -4.60726369e+02  -6.05979423e+01  -5.41833047e+01  -5.41828840e+01
  -5.41828840e+01  -2.07952033e+01  -1.14727425e+01  -8.92622663e+00
  -6.64700882e+00  -6.63991586e+00  -6.63991586e+00  -2.63089664e+00
  -2.62607341e+00  -2.62607341e+00  -2.62186602e+00  -2.62186602e+00
  -1.78445557e+00  -1.11854528e+00  -7.39084940e-01  -6.02816909e-01
  -6.02816909e-01  -5.30309691e-01  -3.16937186e-01  -3.16937186e-01
   2.41713538e-02   2.41713538e-02   7.55012943e-02   1.79588704e-01
   2.25830115e-01   3.09867984e-01   3.09867984e-01   3.64484744e-01
   3.64484744e-01   3.68203851e-01   3.81345517e-01   3.81345517e-01
   4.99010555e-01   5.22887287e-01   5.22887287e-01   6.32942926e-01
   6.78998404e-01   6.78998404e-01   8.05392761e-01   8.27304390e-01
   8.27304390e-01   9.07268213e-01   9.68313261e-01   1.12821238e+00
   1.12821238e+00   1.35624037e+00   1.35624037e+00   1.37055494e+00
   1.49659129e+00   1.49659129e+00   1.55341914e+00   1.55341914e+00
   1.56578984e+00   1.56578984e+00   1.56598122e+00   1.60217110e+00
   1.62744915e+00   1.62744915e+00   1.67683710e+00   1.67683710e+00
   1.82056126e+00   1.82056126e+00   1.82308584e+00   2.00336018e+00
   2.00336018e+00   2.29685079e+00   2.35353122e+00   2.35353122e+00
   2.47705727e+00   2.66346721e+00   2.90627008e+00   2.90627008e+00
   3.17415821e+00   3.17415821e+00   3.19247198e+00   3.19247198e+00
   3.22286075e+00   3.22286075e+00   3.30033135e+00   3.32726600e+00
   3.32726600e+00   3.63889955e+00   3.84877901e+00   3.84877901e+00
   3.97869831e+00   4.03064461e+00   4.03064461e+00   4.06035312e+00
   4.06035312e+00   4.35371141e+00   4.96288165e+00   5.44307557e+00
   5.44307557e+00   5.82507858e+00   5.82507858e+00   6.64856284e+00
   6.64856284e+00   6.69347977e+00   6.69347977e+00   6.85156954e+00
   7.11259514e+00   7.11259514e+00   7.43942289e+00   8.06544144e+00
   2.36758634e+01   4.52155497e+01]
E_coul = 1116.57976179091
cycle= 1 E= -2512.55111668926  delta_E= -0.303  |g|= 0.59  |ddm|= 1.88
    CPU time for cycle= 1      0.12 sec, wall time      0.12 sec
diis-norm(errvec)=1.64956
diis-c [-2.72105119  1.        ]
  HOMO = -0.416308361745311  LUMO = 0.0427666827589988
  mo_energy =
[ -4.60934352e+02  -6.07368249e+01  -5.43377449e+01  -5.43365971e+01
  -5.43365971e+01  -2.04924070e+01  -1.17057674e+01  -8.98330711e+00
  -6.71900037e+00  -6.70940888e+00  -6.70940888e+00  -2.70662848e+00
  -2.70090697e+00  -2.70090697e+00  -2.69148359e+00  -2.69148359e+00
  -1.52165551e+00  -1.11399199e+00  -7.44446179e-01  -6.69841184e-01
  -6.69841184e-01  -6.38565597e-01  -4.16308362e-01  -4.16308362e-01
   4.27666828e-02   4.27666828e-02   1.07911899e-01   1.56399851e-01
   2.32037073e-01   2.80499195e-01   2.80499195e-01   3.46596133e-01
   3.46596133e-01   3.57431562e-01   3.57431562e-01   3.79147714e-01
   5.22281612e-01   5.22281612e-01   5.22598651e-01   6.36730006e-01
   7.08679279e-01   7.08679279e-01   7.51059326e-01   7.51059326e-01
   7.75099491e-01   9.12487119e-01   1.01115758e+00   1.09394892e+00
   1.09394892e+00   1.33907489e+00   1.33907489e+00   1.34517806e+00
   1.46840334e+00   1.46840334e+00   1.50998687e+00   1.50998687e+00
   1.54148304e+00   1.55071130e+00   1.55071130e+00   1.55684315e+00
   1.56105385e+00   1.56105385e+00   1.66019185e+00   1.66019185e+00
   1.79180951e+00   1.86517535e+00   1.86517535e+00   1.99911247e+00
   1.99911247e+00   2.27423178e+00   2.40059189e+00   2.40059189e+00
   2.48528139e+00   2.62441096e+00   2.75190601e+00   2.75190601e+00
   3.03016610e+00   3.03016610e+00   3.09354615e+00   3.09354615e+00
   3.13975908e+00   3.13975908e+00   3.35967403e+00   3.35967403e+00
   3.44387130e+00   3.56935428e+00   3.82332496e+00   3.82332496e+00
   3.93590957e+00   3.98907695e+00   3.98907695e+00   4.00796096e+00
   4.00796096e+00   4.32091743e+00   4.97695919e+00   5.57944777e+00
   5.57944777e+00   5.93676784e+00   5.93676784e+00   6.77628791e+00
   6.77628791e+00   6.84224464e+00   6.84224464e+00   6.93410572e+00
   7.29668766e+00   7.29668766e+00   7.60086590e+00   8.02899964e+00
   2.34532619e+01   4.54952950e+01]
E_coul = 1119.62654659031
cycle= 2 E= -2512.58126727616  delta_E= -0.0302  |g|= 0.511  |ddm|= 0.543
    CPU time for cycle= 2      0.12 sec, wall time      0.12 sec
diis-norm(errvec)=1.35326
diis-c [-0.14230806  0.4473005   0.5526995 ]
  HOMO = -0.392695765762926  LUMO = 0.0899987634257432
  mo_energy =
[ -4.60873884e+02  -6.06787016e+01  -5.42792041e+01  -5.42781001e+01
  -5.42781001e+01  -2.06992237e+01  -1.14402876e+01  -8.94028353e+00
  -6.67505968e+00  -6.66799989e+00  -6.66799989e+00  -2.66429824e+00
  -2.65925074e+00  -2.65925074e+00  -2.65146748e+00  -2.65146748e+00
  -1.52045794e+00  -1.02887050e+00  -7.88640311e-01  -6.64672290e-01
  -6.64672290e-01  -6.12192847e-01  -3.92695766e-01  -3.92695766e-01
   8.99987634e-02   8.99987634e-02   1.33071508e-01   1.86529044e-01
   2.35465332e-01   3.06248572e-01   3.06248572e-01   3.69569325e-01
   3.69569325e-01   3.80441249e-01   3.80441249e-01   3.91512723e-01
   5.29146314e-01   5.38142601e-01   5.38142601e-01   6.48315784e-01
   6.97437946e-01   6.97437946e-01   8.13097069e-01   8.13097069e-01
   8.27023851e-01   9.28426715e-01   9.93221530e-01   1.13512527e+00
   1.13512527e+00   1.36447931e+00   1.36447931e+00   1.39620997e+00
   1.50409434e+00   1.50409434e+00   1.56481400e+00   1.56640854e+00
   1.56640854e+00   1.58131583e+00   1.58131583e+00   1.60708267e+00
   1.61842935e+00   1.61842935e+00   1.67956844e+00   1.67956844e+00
   1.83187936e+00   1.85084290e+00   1.85084290e+00   2.01826411e+00
   2.01826411e+00   2.30414497e+00   2.38849070e+00   2.38849070e+00
   2.51826581e+00   2.67460905e+00   2.86847613e+00   2.86847613e+00
   3.16596182e+00   3.16596182e+00   3.19571976e+00   3.19571976e+00
   3.22389083e+00   3.22389083e+00   3.34837611e+00   3.34837611e+00
   3.36468735e+00   3.65249411e+00   3.85066191e+00   3.85066191e+00
   3.98767667e+00   4.03086211e+00   4.03086211e+00   4.07095204e+00
   4.07095204e+00   4.37220582e+00   5.00395844e+00   5.51114857e+00
   5.51114857e+00   5.89186472e+00   5.89186472e+00   6.73280374e+00
   6.73280374e+00   6.75876209e+00   6.75876209e+00   6.92752319e+00
   7.20083199e+00   7.20083199e+00   7.52761695e+00   8.06179512e+00
   2.37017526e+01   4.53006077e+01]
E_coul = 1118.93091842306
cycle= 3 E= -2512.62978526747  delta_E= -0.0485  |g|= 0.0569  |ddm|= 0.248
    CPU time for cycle= 3      0.12 sec, wall time      0.12 sec
diis-norm(errvec)=0.136083
diis-c [-0.01048066 -0.03981296  0.02089687  1.01891609]
  HOMO = -0.387369294326379  LUMO = 0.10030315085933
  mo_energy =
[ -4.60848730e+02  -6.06544304e+01  -5.42549723e+01  -5.42538832e+01
  -5.42538832e+01  -2.06473578e+01  -1.14310704e+01  -8.92420009e+00
  -6.65954773e+00  -6.65287056e+00  -6.65287056e+00  -2.64979051e+00
  -2.64457938e+00  -2.64457938e+00  -2.63688784e+00  -2.63688784e+00
  -1.50041811e+00  -1.02355653e+00  -7.74635138e-01  -6.50329234e-01
  -6.50329234e-01  -6.09930769e-01  -3.87369294e-01  -3.87369294e-01
   1.00303151e-01   1.00303151e-01   1.38861306e-01   1.88317640e-01
   2.38330154e-01   3.07900029e-01   3.07900029e-01   3.72389426e-01
   3.72389426e-01   3.83034012e-01   3.83034012e-01   3.95533729e-01
   5.33834184e-01   5.43502274e-01   5.43502274e-01   6.52428092e-01
   7.01594355e-01   7.01594355e-01   8.17039293e-01   8.17039293e-01
   8.32191336e-01   9.35113330e-01   9.99310973e-01   1.14180973e+00
   1.14180973e+00   1.36875203e+00   1.36875203e+00   1.40674185e+00
   1.51010370e+00   1.51010370e+00   1.57081412e+00   1.57340585e+00
   1.57340585e+00   1.58579396e+00   1.58579396e+00   1.61323704e+00
   1.62434672e+00   1.62434672e+00   1.68549019e+00   1.68549019e+00
   1.83845096e+00   1.86072437e+00   1.86072437e+00   2.02562166e+00
   2.02562166e+00   2.31115196e+00   2.39906272e+00   2.39906272e+00
   2.52925999e+00   2.68149916e+00   2.87217338e+00   2.87217338e+00
   3.17229839e+00   3.17229839e+00   3.20297098e+00   3.20297098e+00
   3.23903387e+00   3.23903387e+00   3.36347323e+00   3.36347323e+00
   3.38157951e+00   3.66333587e+00   3.85858113e+00   3.85858113e+00
   3.99905557e+00   4.03973893e+00   4.03973893e+00   4.08126115e+00
   4.08126115e+00   4.38488594e+00   5.02354699e+00   5.53019659e+00
   5.53019659e+00   5.91216859e+00   5.91216859e+00   6.75981928e+00
   6.75981928e+00   6.78174514e+00   6.78174514e+00   6.95263247e+00
   7.22504524e+00   7.22504524e+00   7.55195289e+00   8.07490018e+00
   2.37108430e+01   4.53496642e+01]
E_coul = 1118.70535061153
cycle= 4 E= -2512.63061892181  delta_E= -0.000834  |g|= 0.0241  |ddm|= 0.0575
    CPU time for cycle= 4      0.12 sec, wall time      0.12 sec
diis-norm(errvec)=0.0600598
diis-c [-0.0009933  -0.06055469 -0.05392206  0.27716413  0.83731263]
  HOMO = -0.387643587421339  LUMO = 0.0975646694320483
  mo_energy =
[ -4.60853470e+02  -6.06578558e+01  -5.42587041e+01  -5.42575962e+01
  -5.42575962e+01  -2.06686614e+01  -1.14426508e+01  -8.92415574e+00
  -6.65979574e+00  -6.65292339e+00  -6.65292339e+00  -2.65005129e+00
  -2.64467274e+00  -2.64467274e+00  -2.63675308e+00  -2.63675308e+00
  -1.51172319e+00  -1.02578141e+00  -7.84445448e-01  -6.58883777e-01
  -6.58883777e-01  -6.11308135e-01  -3.87643587e-01  -3.87643587e-01
   9.75646694e-02   9.75646694e-02   1.39390878e-01   1.86880990e-01
   2.38756344e-01   3.07109841e-01   3.07109841e-01   3.71589003e-01
   3.71589003e-01   3.84385379e-01   3.84385379e-01   3.94108605e-01
   5.30883393e-01   5.43568307e-01   5.43568307e-01   6.51735240e-01
   6.98027803e-01   6.98027803e-01   8.12670424e-01   8.12670424e-01
   8.28951010e-01   9.34821792e-01   9.94846700e-01   1.13864053e+00
   1.13864053e+00   1.37086583e+00   1.37086583e+00   1.40129471e+00
   1.51007943e+00   1.51007943e+00   1.57059241e+00   1.57306338e+00
   1.57306338e+00   1.58876039e+00   1.58876039e+00   1.61055385e+00
   1.61907163e+00   1.61907163e+00   1.68731365e+00   1.68731365e+00
   1.83599183e+00   1.85541449e+00   1.85541449e+00   2.02387173e+00
   2.02387173e+00   2.31158226e+00   2.39298799e+00   2.39298799e+00
   2.52164681e+00   2.67719942e+00   2.86519065e+00   2.86519065e+00
   3.16598160e+00   3.16598160e+00   3.19481157e+00   3.19481157e+00
   3.23032471e+00   3.23032471e+00   3.35532927e+00   3.35532927e+00
   3.37208643e+00   3.65785773e+00   3.86059517e+00   3.86059517e+00
   3.99598359e+00   4.03967734e+00   4.03967734e+00   4.07510588e+00
   4.07510588e+00   4.37930152e+00   5.01428513e+00   5.51943529e+00
   5.51943529e+00   5.90155318e+00   5.90155318e+00   6.74661007e+00
   6.74661007e+00   6.77059719e+00   6.77059719e+00   6.94088726e+00
   7.21320657e+00   7.21320657e+00   7.54063276e+00   8.07515645e+00
   2.36999725e+01   4.53293700e+01]
E_coul = 1118.74999537788
cycle= 5 E= -2512.63076503856  delta_E= -0.000146  |g|= 0.0056  |ddm|= 0.0218
    CPU time for cycle= 5      0.12 sec, wall time      0.12 sec
diis-norm(errvec)=0.0138993
diis-c [ -1.31454674e-04  -3.74737239e-03  -7.89776331e-03  -4.19393966e-02
   1.05918627e-01   9.47665905e-01]
  HOMO = -0.388442615213099  LUMO = 0.097622472315448
  mo_energy =
[ -4.60858702e+02  -6.06627658e+01  -5.42636729e+01  -5.42625381e+01
  -5.42625381e+01  -2.06663714e+01  -1.14412804e+01  -8.92807151e+00
  -6.66374749e+00  -6.65676610e+00  -6.65676610e+00  -2.65398474e+00
  -2.64853873e+00  -2.64853873e+00  -2.64050514e+00  -2.64050514e+00
  -1.51059475e+00  -1.02626899e+00  -7.83557976e-01  -6.57720054e-01
  -6.57720054e-01  -6.12633385e-01  -3.88442615e-01  -3.88442615e-01
   9.76224723e-02   9.76224723e-02   1.38766968e-01   1.86541779e-01
   2.38313355e-01   3.07051045e-01   3.07051045e-01   3.71411904e-01
   3.71411904e-01   3.83633858e-01   3.83633858e-01   3.93867715e-01
   5.31284352e-01   5.42954755e-01   5.42954755e-01   6.51289997e-01
   6.98465441e-01   6.98465441e-01   8.12818899e-01   8.12818899e-01
   8.28630109e-01   9.33978877e-01   9.95199576e-01   1.13848623e+00
   1.13848623e+00   1.36962249e+00   1.36962249e+00   1.40124392e+00
   1.50895060e+00   1.50895060e+00   1.56944677e+00   1.57212106e+00
   1.57212106e+00   1.58739977e+00   1.58739977e+00   1.60998497e+00
   1.61925878e+00   1.61925878e+00   1.68574915e+00   1.68574915e+00
   1.83542754e+00   1.85568361e+00   1.85568361e+00   2.02314751e+00
   2.02314751e+00   2.31008560e+00   2.39351680e+00   2.39351680e+00
   2.52255132e+00   2.67717238e+00   2.86553023e+00   2.86553023e+00
   3.16640831e+00   3.16640831e+00   3.19523760e+00   3.19523760e+00
   3.23118015e+00   3.23118015e+00   3.35589497e+00   3.35589497e+00
   3.37337128e+00   3.65802378e+00   3.85837930e+00   3.85837930e+00
   3.99486162e+00   4.03772476e+00   4.03772476e+00   4.07517430e+00
   4.07517430e+00   4.37894916e+00   5.01465291e+00   5.52055916e+00
   5.52055916e+00   5.90265784e+00   5.90265784e+00   6.74814687e+00
   6.74814687e+00   6.77159542e+00   6.77159542e+00   6.94198419e+00
   7.21487034e+00   7.21487034e+00   7.54213389e+00   8.07233843e+00
   2.37012413e+01   4.53315710e+01]
E_coul = 1118.80422167602
cycle= 6 E= -2512.63078069114  delta_E= -1.57e-05  |g|= 0.0033  |ddm|= 0.00722
    CPU time for cycle= 6      0.12 sec, wall time      0.12 sec
diis-norm(errvec)=0.00683723
diis-c [ -2.34939514e-05   8.00194012e-03   6.28847568e-03  -3.96891674e-02
  -1.24631680e-01   1.37224348e-01   1.01280608e+00]
  HOMO = -0.388265262346291  LUMO = 0.097547393314031
  mo_energy =
[ -4.60855588e+02  -6.06600520e+01  -5.42609009e+01  -5.42597432e+01
  -5.42597432e+01  -2.06672257e+01  -1.14415661e+01  -8.92647238e+00
  -6.66220262e+00  -6.65513329e+00  -6.65513329e+00  -2.65248599e+00
  -2.64699394e+00  -2.64699394e+00  -2.63886951e+00  -2.63886951e+00
  -1.51114637e+00  -1.02619212e+00  -7.84147446e-01  -6.58086283e-01
  -6.58086283e-01  -6.12508687e-01  -3.88265262e-01  -3.88265262e-01
   9.75473933e-02   9.75473933e-02   1.38778689e-01   1.86418194e-01
   2.38395895e-01   3.07037502e-01   3.07037502e-01   3.71407845e-01
   3.71407845e-01   3.83842482e-01   3.83842482e-01   3.93806220e-01
   5.31095613e-01   5.43033257e-01   5.43033257e-01   6.51259672e-01
   6.98231124e-01   6.98231124e-01   8.12546887e-01   8.12546887e-01
   8.28462164e-01   9.34084582e-01   9.94905788e-01   1.13838305e+00
   1.13838305e+00   1.37005234e+00   1.37005234e+00   1.40106174e+00
   1.50912787e+00   1.50912787e+00   1.56951195e+00   1.57221952e+00
   1.57221952e+00   1.58786809e+00   1.58786809e+00   1.60993343e+00
   1.61907863e+00   1.61907863e+00   1.68618804e+00   1.68618804e+00
   1.83536249e+00   1.85537348e+00   1.85537348e+00   2.02312727e+00
   2.02312727e+00   2.31030068e+00   2.39317851e+00   2.39317851e+00
   2.52213747e+00   2.67703805e+00   2.86511380e+00   2.86511380e+00
   3.16609034e+00   3.16609034e+00   3.19479780e+00   3.19479780e+00
   3.23075140e+00   3.23075140e+00   3.35553155e+00   3.35553155e+00
   3.37281808e+00   3.65784955e+00   3.85921976e+00   3.85921976e+00
   3.99506752e+00   4.03821522e+00   4.03821522e+00   4.07489024e+00
   4.07489024e+00   4.37882589e+00   5.01429795e+00   5.51986691e+00
   5.51986691e+00   5.90202704e+00   5.90202704e+00   6.74741398e+00
   6.74741398e+00   6.77099919e+00   6.77099919e+00   6.94139018e+00
   7.21422221e+00   7.21422221e+00   7.54158103e+00   8.07326326e+00
   2.37009578e+01   4.53307367e+01]
E_coul = 1118.77490527255
cycle= 7 E= -2512.630784263  delta_E= -3.57e-06  |g|= 0.00108  |ddm|= 0.00391
    CPU time for cycle= 7      0.12 sec, wall time      0.12 sec
diis-norm(errvec)=0.00213977
diis-c [ -1.37227462e-06   1.90199086e-03   2.04399184e-03   2.26712397e-03
  -4.15660199e-02  -1.22294584e-01   4.96391487e-02   1.10800835e+00]
  HOMO = -0.388241507570553  LUMO = 0.0975738954535818
  mo_energy =
[ -4.60856318e+02  -6.06606557e+01  -5.42615347e+01  -5.42603643e+01
  -5.42603643e+01  -2.06674438e+01  -1.14414712e+01  -8.92667095e+00
  -6.66241479e+00  -6.65531503e+00  -6.65531503e+00  -2.65269367e+00
  -2.64718464e+00  -2.64718464e+00  -2.63902249e+00  -2.63902249e+00
  -1.51126877e+00  -1.02622257e+00  -7.84359788e-01  -6.58184986e-01
  -6.58184986e-01  -6.12492762e-01  -3.88241508e-01  -3.88241508e-01
   9.75738955e-02   9.75738955e-02   1.38776756e-01   1.86396877e-01
   2.38427673e-01   3.07036576e-01   3.07036576e-01   3.71421656e-01
   3.71421656e-01   3.83910504e-01   3.83910504e-01   3.93771975e-01
   5.31017507e-01   5.43080824e-01   5.43080824e-01   6.51259351e-01
   6.98139441e-01   6.98139441e-01   8.12504682e-01   8.12504682e-01
   8.28440546e-01   9.34104378e-01   9.94796839e-01   1.13837567e+00
   1.13837567e+00   1.37014272e+00   1.37014272e+00   1.40104314e+00
   1.50915240e+00   1.50915240e+00   1.56953212e+00   1.57225890e+00
   1.57225890e+00   1.58801606e+00   1.58801606e+00   1.60990953e+00
   1.61908540e+00   1.61908540e+00   1.68625725e+00   1.68625725e+00
   1.83533704e+00   1.85527958e+00   1.85527958e+00   2.02311716e+00
   2.02311716e+00   2.31033594e+00   2.39305862e+00   2.39305862e+00
   2.52202635e+00   2.67695516e+00   2.86507562e+00   2.86507562e+00
   3.16605034e+00   3.16605034e+00   3.19477799e+00   3.19477799e+00
   3.23067554e+00   3.23067554e+00   3.35544294e+00   3.35544294e+00
   3.37259115e+00   3.65782825e+00   3.85928204e+00   3.85928204e+00
   3.99504966e+00   4.03819116e+00   4.03819116e+00   4.07484316e+00
   4.07484316e+00   4.37879287e+00   5.01419585e+00   5.51964940e+00
   5.51964940e+00   5.90185815e+00   5.90185815e+00   6.74718068e+00
   6.74718068e+00   6.77088039e+00   6.77088039e+00   6.94128608e+00
   7.21400002e+00   7.21400002e+00   7.54139012e+00   8.07319331e+00
   2.37010374e+01   4.53305191e+01]
E_coul = 1118.78327794769
cycle= 8 E= -2512.63078474638  delta_E= -4.83e-07  |g|= 0.000192  |ddm|= 0.00194
    CPU time for cycle= 8      0.13 sec, wall time      0.12 sec
diis-norm(errvec)=0.000464222
diis-c [ -3.47401545e-08  -8.25635816e-04  -9.16719380e-04   2.42949433e-03
   1.49313264e-02   1.70367315e-02  -8.61398094e-02  -1.89989425e-01
   1.24347404e+00]
  HOMO = -0.388222871920806  LUMO = 0.0975955978026824
  mo_energy =
[ -4.60856191e+02  -6.06605362e+01  -5.42614159e+01  -5.42602422e+01
  -5.42602422e+01  -2.06674863e+01  -1.14414417e+01  -8.92659147e+00
  -6.66233899e+00  -6.65523369e+00  -6.65523369e+00  -2.65262356e+00
  -2.64711099e+00  -2.64711099e+00  -2.63894008e+00  -2.63894008e+00
  -1.51129563e+00  -1.02619486e+00  -7.84374929e-01  -6.58194063e-01
  -6.58194063e-01  -6.12472430e-01  -3.88222872e-01  -3.88222872e-01
   9.75955978e-02   9.75955978e-02   1.38781194e-01   1.86410909e-01
   2.38438524e-01   3.07046387e-01   3.07046387e-01   3.71431913e-01
   3.71431913e-01   3.83932812e-01   3.83932812e-01   3.93782137e-01
   5.31020705e-01   5.43096050e-01   5.43096050e-01   6.51266102e-01
   6.98136098e-01   6.98136098e-01   8.12521966e-01   8.12521966e-01
   8.28457481e-01   9.34117634e-01   9.94794915e-01   1.13839542e+00
   1.13839542e+00   1.37017552e+00   1.37017552e+00   1.40105899e+00
   1.50917548e+00   1.50917548e+00   1.56954334e+00   1.57227793e+00
   1.57227793e+00   1.58805332e+00   1.58805332e+00   1.60992765e+00
   1.61911258e+00   1.61911258e+00   1.68628588e+00   1.68628588e+00
   1.83535599e+00   1.85527977e+00   1.85527977e+00   2.02313191e+00
   2.02313191e+00   2.31035782e+00   2.39305925e+00   2.39305925e+00
   2.52203040e+00   2.67698053e+00   2.86510748e+00   2.86510748e+00
   3.16608439e+00   3.16608439e+00   3.19480246e+00   3.19480246e+00
   3.23068608e+00   3.23068608e+00   3.35545349e+00   3.35545349e+00
   3.37257445e+00   3.65785444e+00   3.85933424e+00   3.85933424e+00
   3.99507630e+00   4.03822736e+00   4.03822736e+00   4.07486267e+00
   4.07486267e+00   4.37880787e+00   5.01420447e+00   5.51962696e+00
   5.51962696e+00   5.90184349e+00   5.90184349e+00   6.74715278e+00
   6.74715278e+00   6.77087171e+00   6.77087171e+00   6.94127537e+00
   7.21397906e+00   7.21397906e+00   7.54137485e+00   8.07324322e+00
   2.37010682e+01   4.53304796e+01]
E_coul = 1118.78256304313
cycle= 9 E= -2512.63078476321  delta_E= -1.68e-08  |g|= 1.9e-05  |ddm|= 0.000421
    CPU time for cycle= 9      0.12 sec, wall time      0.12 sec
diis-norm(errvec)=4.7239e-05
diis-c [ -8.33436264e-10   1.07614706e+00  -2.44579472e-06  -1.24339108e-04
  -1.95227264e-04   2.44510636e-03   3.54136676e-03  -1.49707715e-02
  -6.68407490e-02]
  HOMO = -0.388224835399044  LUMO = 0.0975912404642311
  mo_energy =
[ -4.60856195e+02  -6.06605406e+01  -5.42614201e+01  -5.42602462e+01
  -5.42602462e+01  -2.06674912e+01  -1.14414395e+01  -8.92659674e+00
  -6.66234479e+00  -6.65523831e+00  -6.65523831e+00  -2.65262934e+00
  -2.64711626e+00  -2.64711626e+00  -2.63894418e+00  -2.63894418e+00
  -1.51129861e+00  -1.02619710e+00  -7.84374812e-01  -6.58194285e-01
  -6.58194285e-01  -6.12472636e-01  -3.88224835e-01  -3.88224835e-01
   9.75912405e-02   9.75912405e-02   1.38779585e-01   1.86409163e-01
   2.38438354e-01   3.07044762e-01   3.07044762e-01   3.71430944e-01
   3.71430944e-01   3.83932470e-01   3.83932470e-01   3.93780853e-01
   5.31018756e-01   5.43094673e-01   5.43094673e-01   6.51264828e-01
   6.98134154e-01   6.98134154e-01   8.12518876e-01   8.12518876e-01
   8.28453884e-01   9.34116002e-01   9.94793025e-01   1.13839179e+00
   1.13839179e+00   1.37017434e+00   1.37017434e+00   1.40105538e+00
   1.50917300e+00   1.50917300e+00   1.56954147e+00   1.57227599e+00
   1.57227599e+00   1.58805297e+00   1.58805297e+00   1.60992488e+00
   1.61911009e+00   1.61911009e+00   1.68628474e+00   1.68628474e+00
   1.83535307e+00   1.85527690e+00   1.85527690e+00   2.02312914e+00
   2.02312914e+00   2.31035494e+00   2.39305634e+00   2.39305634e+00
   2.52202749e+00   2.67697585e+00   2.86510342e+00   2.86510342e+00
   3.16607965e+00   3.16607965e+00   3.19479947e+00   3.19479947e+00
   3.23068180e+00   3.23068180e+00   3.35544877e+00   3.35544877e+00
   3.37257122e+00   3.65784965e+00   3.85933228e+00   3.85933228e+00
   3.99507276e+00   4.03822348e+00   4.03822348e+00   4.07485871e+00
   4.07485871e+00   4.37880486e+00   5.01419912e+00   5.51962332e+00
   5.51962332e+00   5.90183993e+00   5.90183993e+00   6.74714865e+00
   6.74714865e+00   6.77086846e+00   6.77086846e+00   6.94127281e+00
   7.21397497e+00   7.21397497e+00   7.54137108e+00   8.07323912e+00
   2.37010697e+01   4.53304747e+01]
E_coul = 1118.78261981026
cycle= 10 E= -2512.63078476336  delta_E= -1.58e-10  |g|= 3.69e-06  |ddm|= 3.87e-05
    CPU time for cycle= 10      0.12 sec, wall time      0.12 sec
  HOMO = -0.388224837737366  LUMO = 0.0975910196064483
  mo_energy =
[ -4.60856195e+02  -6.06605410e+01  -5.42614205e+01  -5.42602466e+01
  -5.42602466e+01  -2.06674917e+01  -1.14414405e+01  -8.92659645e+00
  -6.66234459e+00  -6.65523797e+00  -6.65523797e+00  -2.65262913e+00
  -2.64711596e+00  -2.64711596e+00  -2.63894376e+00  -2.63894376e+00
  -1.51129884e+00  -1.02619691e+00  -7.84374523e-01  -6.58194477e-01
  -6.58194477e-01  -6.12472738e-01  -3.88224838e-01  -3.88224838e-01
   9.75910196e-02   9.75910196e-02   1.38779480e-01   1.86409146e-01
   2.38438390e-01   3.07044719e-01   3.07044719e-01   3.71430902e-01
   3.71430902e-01   3.83932584e-01   3.83932584e-01   3.93780998e-01
   5.31018861e-01   5.43094572e-01   5.43094572e-01   6.51264757e-01
   6.98134304e-01   6.98134304e-01   8.12518632e-01   8.12518632e-01
   8.28453687e-01   9.34115953e-01   9.94793212e-01   1.13839173e+00
   1.13839173e+00   1.37017469e+00   1.37017469e+00   1.40105508e+00
   1.50917306e+00   1.50917306e+00   1.56954125e+00   1.57227613e+00
   1.57227613e+00   1.58805342e+00   1.58805342e+00   1.60992482e+00
   1.61910972e+00   1.61910972e+00   1.68628485e+00   1.68628485e+00
   1.83535304e+00   1.85527700e+00   1.85527700e+00   2.02312916e+00
   2.02312916e+00   2.31035493e+00   2.39305641e+00   2.39305641e+00
   2.52202738e+00   2.67697589e+00   2.86510283e+00   2.86510283e+00
   3.16607932e+00   3.16607932e+00   3.19479887e+00   3.19479887e+00
   3.23068152e+00   3.23068152e+00   3.35544862e+00   3.35544862e+00
   3.37257132e+00   3.65784951e+00   3.85933277e+00   3.85933277e+00
   3.99507273e+00   4.03822366e+00   4.03822366e+00   4.07485854e+00
   4.07485854e+00   4.37880471e+00   5.01419897e+00   5.51962357e+00
   5.51962357e+00   5.90183997e+00   5.90183997e+00   6.74714870e+00
   6.74714870e+00   6.77086834e+00   6.77086834e+00   6.94127264e+00
   7.21397481e+00   7.21397481e+00   7.54137087e+00   8.07323929e+00
   2.37010688e+01   4.53304743e+01]
    CPU time for scf_cycle      3.83 sec, wall time      4.17 sec
    CPU time for SCF      3.83 sec, wall time      4.17 sec
converged SCF energy = -2512.63078476336
RHF E = -2512.63078476
RHF eps = [ -4.60856195e+02  -6.06605410e+01  -5.42614205e+01  -5.42602466e+01
  -5.42602466e+01  -2.06674917e+01  -1.14414405e+01  -8.92659645e+00
  -6.66234459e+00  -6.65523797e+00  -6.65523797e+00  -2.65262913e+00
  -2.64711596e+00  -2.64711596e+00  -2.63894376e+00  -2.63894376e+00
  -1.51129884e+00  -1.02619691e+00  -7.84374523e-01  -6.58194477e-01
  -6.58194477e-01  -6.12472738e-01  -3.88224838e-01  -3.88224838e-01
   9.75910196e-02   9.75910196e-02   1.38779480e-01   1.86409146e-01
   2.38438390e-01   3.07044719e-01   3.07044719e-01   3.71430902e-01
   3.71430902e-01   3.83932584e-01   3.83932584e-01   3.93780998e-01
   5.31018861e-01   5.43094572e-01   5.43094572e-01   6.51264757e-01
   6.98134304e-01   6.98134304e-01   8.12518632e-01   8.12518632e-01
   8.28453687e-01   9.34115953e-01   9.94793212e-01   1.13839173e+00
   1.13839173e+00   1.37017469e+00   1.37017469e+00   1.40105508e+00
   1.50917306e+00   1.50917306e+00   1.56954125e+00   1.57227613e+00
   1.57227613e+00   1.58805342e+00   1.58805342e+00   1.60992482e+00
   1.61910972e+00   1.61910972e+00   1.68628485e+00   1.68628485e+00
   1.83535304e+00   1.85527700e+00   1.85527700e+00   2.02312916e+00
   2.02312916e+00   2.31035493e+00   2.39305641e+00   2.39305641e+00
   2.52202738e+00   2.67697589e+00   2.86510283e+00   2.86510283e+00
   3.16607932e+00   3.16607932e+00   3.19479887e+00   3.19479887e+00
   3.23068152e+00   3.23068152e+00   3.35544862e+00   3.35544862e+00
   3.37257132e+00   3.65784951e+00   3.85933277e+00   3.85933277e+00
   3.99507273e+00   4.03822366e+00   4.03822366e+00   4.07485854e+00
   4.07485854e+00   4.37880471e+00   5.01419897e+00   5.51962357e+00
   5.51962357e+00   5.90183997e+00   5.90183997e+00   6.74714870e+00
   6.74714870e+00   6.77086834e+00   6.77086834e+00   6.94127264e+00
   7.21397481e+00   7.21397481e+00   7.54137087e+00   8.07323929e+00
   2.37010688e+01   4.53304743e+01]
    CPU time for CCSD integral transformation     16.05 sec, wall time     16.09 sec

******** <class 'pyscf.cc.rccsd_slow.RCCSD'> flags ********
CCSD nocc = 17, nvir = 86
frozen orbitals [0, 1, 2, 3, 4, 5, 6]
max_cycle = 50
direct = 0
conv_tol = 1e-07
conv_tol_normt = 1e-05
diis_space = 6
diis_start_cycle = 0
diis_start_energy_diff = 1e+09
Init t2, MP2 energy = -0.714595440140762
    CPU time for init mp2      0.08 sec, wall time      0.08 sec
E(MBPT2) = -2513.345380203505  E_corr = -0.7145954401407624
    CPU time for EOM-CCSD shared one-electron intermediates      0.41 sec, wall time      0.41 sec
    CPU time for EOM-CCSD shared two-electron intermediates      1.80 sec, wall time      1.80 sec
    CPU time for EOM-CCSD IP intermediates      2.70 sec, wall time      2.70 sec
tol 1e-07  toloose 0.000316228
max_cycle 50  max_space 38  max_memory 2000  incore True
davidson 0 6  |r|= 0.405  e= [ 0.45553585  0.45553585  0.67833341  0.74660391  0.74660391  0.8584844 ]  max|de|= 0.858  lindep=    1
davidson 1 12  |r|= 0.138  e= [ 0.38999223  0.38999223  0.58215514  0.60710881  0.60710881  0.68942981]  max|de|= -0.169  lindep= 0.889
davidson 2 16  |r|= 0.121  e= [ 0.39007908  0.38988262  0.58103264  0.60672794  0.59681704  0.68222845]  max|de|= -0.0103  lindep= 0.899
davidson 3 22  |r|= 0.0247  e= [ 0.39030154  0.39008671  0.5813904   0.59677407  0.59773127  0.68318576]  max|de|= -0.00995  lindep= 0.93
davidson 4 28  |r|= 0.00655  e= [ 0.3903396   0.39029765  0.58139111  0.59770015  0.59786657  0.68343998]  max|de|= 0.000926  lindep= 0.866
davidson 5 34  |r|= 0.00125  e= [ 0.39033911  0.39033808  0.58137152  0.59787831  0.59787831  0.68345224]  max|de|= 0.000178  lindep= 0.899
root 0 converged  |r|= 0.000111  e= 0.390339114094  max|de|= -1.61e-15
davidson 6 5  |r|= 0.0013  e= [ 0.39033911  0.39033808  0.58137152  0.59787892  0.59787892  0.68345224]  max|de|= 6.08e-07  lindep=    1
root 1 converged  |r|= 8.7e-05  e= 0.390338065404  max|de|= -1.14e-08
davidson 7 9  |r|= 0.000374  e= [ 0.39033922  0.39033807  0.58137163  0.59787014  0.59787014  0.68343046]  max|de|= -2.18e-05  lindep= 0.439
davidson 8 12  |r|= 0.000237  e= [ 0.39033927  0.39033805  0.58137233  0.59787044  0.59787044  0.68343719]  max|de|= 6.74e-06  lindep= 0.206
root 4 converged  |r|= 8.86e-05  e= 0.597870484214  max|de|= 4.07e-08
davidson 9 15  |r|= 0.707  e= [ 0.39033921  0.39033803  0.58137149  1.25213059  0.59787048  0.68343318]  max|de|= 0.654  lindep= 0.377
davidson 10 18  |r|= 0.588  e= [ 0.39033921  0.39033802  0.58137188  1.29095959  0.59787049  0.68342528]  max|de|= 0.0388  lindep= 0.893
root 2 converged  |r|= 1.44e-06  e= 0.581371971868  max|de|= 9.23e-08
davidson 11 21  |r|= 0.496  e= [ 0.39033923  0.39033807  0.58137197  1.16654285  0.59787048  0.68343035]  max|de|= -0.124  lindep= 0.802
davidson 12 23  |r|= 0.585  e= [ 0.39033927  0.3903381   0.58137198  1.39056715  0.59787048  0.68342963]  max|de|= 0.224  lindep= 0.887
davidson 13 25  |r|= 0.53  e= [ 0.3903393   0.3903381   0.58137198  1.40684981  0.59787045  0.68342976]  max|de|= 0.0163  lindep= 0.921
root 5 converged  |r|= 3.14e-07  e= 0.683429769022  max|de|= 7.62e-09
davidson 14 27  |r|= 0.332  e= [ 0.3903393   0.3903381   0.58137198  1.11666461  0.59787045  0.68342977]  max|de|= -0.29  lindep= 0.994
davidson 15 28  |r|= 8.83e-05  e= [ 0.39033929  0.39033808  0.58137198  0.59787045  0.59787045  0.68342977]  max|de|= -0.519  lindep= 0.73
davidson 16 29  |r|= 0.516  e= [ 0.39033932  0.3903381   0.58137198  1.03766946  0.59787248  0.68342977]  max|de|= 0.44  lindep= 0.946
davidson 17 30  |r|= 0.495  e= [ 0.39033928  0.39033833  0.58137198  0.88678215  0.59787244  0.68342977]  max|de|= -0.151  lindep= 0.973
davidson 18 31  |r|= 0.395  e= [ 0.39033927  0.39033833  0.58137198  0.81474947  0.59787244  0.68342977]  max|de|= -0.072  lindep= 0.797
davidson 19 32  |r|= 0.349  e= [ 0.39033927  0.39033833  0.58137198  0.88257696  0.59787252  0.68342977]  max|de|= 0.0678  lindep= 0.624
davidson 20 33  |r|= 0.303  e= [ 0.39033929  0.39033835  0.58137198  0.78618904  0.59787266  0.68342977]  max|de|= -0.0964  lindep= 0.402
root 0 converged  |r|= 0.000101  e= 0.390339286765  max|de|= -9.44e-16
root 1 converged  |r|= 9.26e-05  e= 0.390338350234  max|de|= 1.39e-15
root 2 converged  |r|= 1.36e-06  e= 0.581371979565  max|de|= -1.11e-15
root 4 converged  |r|= 2.94e-05  e= 0.597872664092  max|de|= 3.33e-16
root 5 converged  |r|= 5.24e-07  e= 0.683429769022  max|de|= -2.33e-15
davidson 21 6  |r|= 0.303  e= [ 0.39033929  0.39033835  0.58137198  0.78618904  0.59787266  0.68342977]  max|de|= -2.33e-15  lindep= 0.734
davidson 22 7  |r|= 0.443  e= [ 0.39033929  0.39033835  0.58137198  0.91203929  0.59787277  0.68342977]  max|de|= 0.126  lindep= 0.949
davidson 23 8  |r|= 0.29  e= [ 0.39033935  0.39033835  0.58137198  0.76861784  0.59787279  0.68342977]  max|de|= -0.143  lindep= 0.343
davidson 24 9  |r|= 0.283  e= [ 0.39033939  0.39033839  0.58137198  0.71634739  0.59787276  0.68342977]  max|de|= -0.0523  lindep= 0.61
davidson 25 10  |r|= 0.707  e= [ 0.39033936  0.39033838  0.58137198  1.41458416  0.59787322  0.68342977]  max|de|= 0.698  lindep= 0.969
davidson 26 11  |r|= 0.107  e= [ 0.39033935  0.39033839  0.58137198  0.61584462  0.5978732   0.68342977]  max|de|= -0.799  lindep= 0.801
davidson 27 12  |r|= 0.0116  e= [ 0.39033935  0.39033843  0.58137198  0.59874807  0.59787042  0.68342977]  max|de|= -0.0171  lindep= 0.905
davidson 28 13  |r|= 0.574  e= [ 0.39033932  0.39033838  0.58137198  1.35044705  0.59795061  0.68342977]  max|de|= 0.752  lindep= 0.837
davidson 29 14  |r|= 0.000129  e= [ 0.3903393   0.39033838  0.58137198  0.59787598  0.59794453  0.68342977]  max|de|= -0.753  lindep= 0.873
davidson 30 15  |r|= 0.00576  e= [ 0.3903393   0.39033833  0.58137198  0.59804266  0.5978727   0.68342977]  max|de|= 0.000167  lindep= 0.902
davidson 31 16  |r|= 0.00178  e= [ 0.3903393   0.39033835  0.58137198  0.59790547  0.59787267  0.68342977]  max|de|= -0.000137  lindep= 0.88
davidson 32 17  |r|= 0.000436  e= [ 0.39033918  0.39033835  0.58137198  0.59788064  0.59787274  0.68342977]  max|de|= -2.48e-05  lindep= 0.854
davidson 33 18  |r|= 0.000131  e= [ 0.3903392   0.3903383   0.58137198  0.59787229  0.59787273  0.68342977]  max|de|= -8.36e-06  lindep= 0.909
davidson 34 19  |r|= 5.61e-05  e= [ 0.39033919  0.39033836  0.58137198  0.59787406  0.59787272  0.68342977]  max|de|= 1.78e-06  lindep= 0.868
davidson 35 20  |r|= 1.63e-05  e= [ 0.39033914  0.3903383   0.58137198  0.59787309  0.59787266  0.68342977]  max|de|= -9.71e-07  lindep= 0.884
davidson 36 21  |r|= 0.276  e= [ 0.39033921  0.3903382   0.58137198  1.04221343  0.59787273  0.68342977]  max|de|= 0.444  lindep= 0.927
davidson 37 22  |r|= 0.275  e= [ 0.39033899  0.39033827  0.58137198  1.04255261  0.59787276  0.68342977]  max|de|= 0.000339  lindep= 0.047
davidson 38 23  |r|= 0.264  e= [ 0.39033886  0.39033826  0.58137198  1.1027863   0.59787262  0.68342977]  max|de|= 0.0602  lindep= 0.97
davidson 39 24  |r|= 0.603  e= [ 0.3903389   0.39033823  0.58137198  1.62838687  0.59787262  0.68342977]  max|de|= 0.526  lindep= 0.997
davidson 40 25  |r|= 0.204  e= [ 0.39033888  0.39033823  0.58137198  1.08998326  0.59787262  0.68342977]  max|de|= -0.538  lindep= 0.773
davidson 41 26  |r|= 0.182  e= [ 0.39033888  0.39033836  0.58137198  1.07344864  0.5978728   0.68342977]  max|de|= -0.0165  lindep= 0.996
davidson 42 27  |r|= 1.24e-05  e= [ 0.39033888  0.39033836  0.58137198  0.5978726   0.5978728   0.68342977]  max|de|= -0.476  lindep= 0.906
davidson 43 28  |r|= 3.31e-06  e= [ 0.39033887  0.39033828  0.58137198  0.5978728   0.5978728   0.68342977]  max|de|= 2.01e-07  lindep= 0.851
root 3 converged  |r|= 1.95e-06  e= 0.597872821312  max|de|= 1.86e-08
converge 44 29  |r|= 1.95e-06  e= [ 0.39033863  0.39033827  0.58137198  0.59787282  0.59787282  0.68342977]  max|de|= -2.39e-07
IP root 0 E = 0.3903386262595853  qpwt = 0.962571
IP root 1 E = 0.3903382664659843  qpwt = 0.962573
IP root 2 E = 0.5813719793451295  qpwt = 0.940229
IP root 3 E = 0.5978728213122544  qpwt = 0.76437
IP root 4 E = 0.5978728213122544  qpwt = 0.76437
IP root 5 E = 0.6834297690735595  qpwt = 0.904628
    CPU time for IP-CCSD     19.33 sec, wall time     19.34 sec
    CPU time for EOM-CCSD shared one-electron intermediates      0.42 sec, wall time      0.42 sec
    CPU time for EOM-CCSD EA intermediates     27.90 sec, wall time     28.02 sec
tol 1e-07  toloose 0.000316228
max_cycle 50  max_space 38  max_memory 2000  incore True
davidson 0 6  |r|= 0.407  e= [ 0.15105075  0.15101199  0.15238211  0.19781829  0.25085407  0.31311941]  max|de|= 0.313  lindep=    1
davidson 1 12  |r|= 0.0866  e= [ 0.06031679  0.06031679  0.09842745  0.15238897  0.20608572  0.27335426]  max|de|= -0.0907  lindep= 0.96
davidson 2 17  |r|= 0.0888  e= [ 0.05172004  0.05950741  0.09330277  0.1507639   0.20364845  0.27200004]  max|de|= -0.0086  lindep= 0.947
davidson 3 23  |r|= 0.017  e= [ 0.05178217  0.05175088  0.09319105  0.15073919  0.20359484  0.27199516]  max|de|= -0.00776  lindep= 0.766
davidson 4 29  |r|= 0.00683  e= [ 0.05167512  0.05176226  0.09306539  0.15069629  0.20350685  0.27198747]  max|de|= -0.000126  lindep= 0.936
davidson 5 35  |r|= 1.45  e= [ 0.05166982  1.80640445  0.09307761  0.15070005  0.20351816  0.27195477]  max|de|= 1.75  lindep= 0.759
root 3 converged  |r|= 0.000228  e= 0.150700051604  max|de|= -6.94e-16
davidson 6 6  |r|= 1.45  e= [ 0.05166982  1.80640445  0.09307761  0.15070005  0.20351816  0.27195477]  max|de|= -4.41e-09  lindep= 0.997
davidson 7 11  |r|= 1.42  e= [ 0.05167633  1.83735962  0.09307695  0.15070018  0.203518    0.27195857]  max|de|= 0.031  lindep= 0.718
davidson 8 16  |r|= 1.31  e= [ 0.0516754   1.90468605  0.09307744  0.15070027  0.20351884  0.27195708]  max|de|= 0.0673  lindep= 0.229
davidson 9 21  |r|= 1.31  e= [ 0.05167466  1.14452733  0.09307713  0.15070006  0.20351836  0.27195336]  max|de|= -0.76  lindep= 0.0661
root 0 converged  |r|= 3.02e-06  e= 0.0516746298607  max|de|= -2.81e-08
root 2 converged  |r|= 1.39e-06  e= 0.0930772176511  max|de|= 9.16e-08
davidson 10 26  |r|= 0.803  e= [ 0.05167463  0.71639587  0.09307722  0.15069977  0.20351819  0.27195316]  max|de|= -0.428  lindep= 0.395
root 4 converged  |r|= 2.35e-06  e= 0.203518223033  max|de|= 3.49e-08
davidson 11 29  |r|= 0.36  e= [ 0.05167463  0.71816301  0.09307722  0.15069994  0.20351822  0.27195422]  max|de|= 0.00177  lindep= 0.688
davidson 12 31  |r|= 0.469  e= [ 0.05167467  0.36384282  0.09307722  0.15069994  0.20351822  0.27195376]  max|de|= -0.354  lindep= 0.312
davidson 13 33  |r|= 0.273  e= [ 0.05167468  0.26803107  0.09307722  0.15069994  0.20351822  0.27195729]  max|de|= -0.0958  lindep= 0.124
root 0 converged  |r|= 2.38e-06  e= 0.0516746841227  max|de|= -2.36e-16
root 2 converged  |r|= 1.38e-06  e= 0.0930772215514  max|de|= -1.14e-15
root 3 converged  |r|= 0.000186  e= 0.150699935992  max|de|= 1.17e-15
root 4 converged  |r|= 2.35e-06  e= 0.203518223033  max|de|= -1.08e-15
root 5 converged  |r|= 0.000284  e= 0.271957287305  max|de|= -2.78e-15
davidson 14 6  |r|= 0.273  e= [ 0.05167468  0.26803107  0.09307722  0.15069994  0.20351822  0.27195729]  max|de|= 5.94e-15  lindep= 0.594
davidson 15 7  |r|= 0.493  e= [ 0.05167468  0.26103926  0.09307722  0.15069994  0.20351822  0.27195524]  max|de|= -0.00699  lindep= 0.128
davidson 16 8  |r|= 0.256  e= [ 0.05167468  0.10586631  0.09307722  0.15069994  0.20351822  0.27195379]  max|de|= -0.155  lindep= 0.556
davidson 17 9  |r|= 0.111  e= [ 0.05167467  0.06766827  0.09307722  0.15069994  0.20351822  0.27195379]  max|de|= -0.0382  lindep= 0.753
davidson 18 10  |r|= 1.33  e= [ 0.05175473  1.49484001  0.09307722  0.15069994  0.20351822  0.27195377]  max|de|= 1.43  lindep=    1
davidson 19 11  |r|= 0.937  e= [ 0.05175489  1.48179674  0.09307722  0.15069994  0.20351822  0.27195377]  max|de|= -0.013  lindep= 0.999
davidson 20 12  |r|= 0.966  e= [ 0.05175483  1.51109261  0.09307722  0.15069994  0.20351822  0.27195377]  max|de|= 0.0293  lindep= 0.991
davidson 21 13  |r|= 0.886  e= [ 0.05175764  1.44629103  0.09307722  0.15069994  0.20351822  0.27195377]  max|de|= -0.0648  lindep=    1
davidson 22 14  |r|= 0.681  e= [ 0.05175981  1.45396403  0.09307722  0.15069994  0.20351822  0.27195377]  max|de|= 0.00767  lindep= 0.995
davidson 23 15  |r|= 0.753  e= [ 0.05175982  1.4316124   0.09307722  0.15069994  0.20351822  0.27195377]  max|de|= -0.0224  lindep=    1
davidson 24 16  |r|= 0.848  e= [ 0.05175992  1.57007803  0.09307722  0.15069994  0.20351822  0.27195377]  max|de|= 0.138  lindep= 0.996
davidson 25 17  |r|= 6.97e-06  e= [ 0.05176002  0.05167438  0.09307722  0.15069994  0.20351822  0.27195377]  max|de|= -1.52  lindep= 0.894
davidson 26 18  |r|= 1.09  e= [ 0.05167533  1.61513798  0.09307722  0.15069994  0.20351822  0.27195377]  max|de|= 1.56  lindep= 0.999
davidson 27 19  |r|= 1.01  e= [ 0.05167534  1.60089884  0.09307722  0.15069994  0.20351822  0.27195377]  max|de|= -0.0142  lindep= 0.964
davidson 28 20  |r|= 0.000437  e= [ 0.05167524  0.05169977  0.09307722  0.15069994  0.20351822  0.27195377]  max|de|= -1.55  lindep= 0.846
davidson 29 21  |r|= 0.897  e= [ 0.05170875  1.69734686  0.09307722  0.15069994  0.20351822  0.27195379]  max|de|= 1.65  lindep= 0.997
davidson 30 22  |r|= 0.798  e= [ 0.05170935  1.51546729  0.09307722  0.15069994  0.20351822  0.27195379]  max|de|= -0.182  lindep= 0.997
davidson 31 23  |r|= 0.706  e= [ 0.05170921  1.54114537  0.09307722  0.15069994  0.20351822  0.27195379]  max|de|= 0.0257  lindep= 0.961
davidson 32 24  |r|= 0.868  e= [ 0.05170952  1.71323389  0.09307722  0.15069994  0.20351822  0.27195379]  max|de|= 0.172  lindep= 0.998
davidson 33 25  |r|= 0.715  e= [ 0.05171021  1.49342114  0.09307722  0.15069994  0.20351822  0.27195379]  max|de|= -0.22  lindep= 0.978
davidson 34 26  |r|= 1.73e-06  e= [ 0.05171046  0.0516747   0.09307722  0.15069994  0.20351822  0.27195379]  max|de|= -1.44  lindep= 0.992
root 1 converged  |r|= 4.34e-07  e= 0.0516747111877  max|de|= 8.24e-09
converge 35 27  |r|= 4.34e-07  e= [ 0.05171055  0.05167471  0.09307722  0.15069994  0.20351822  0.27195379]  max|de|= 9.06e-08
EA root 0 E = 0.05171055017267219  qpwt = 0.958537
EA root 1 E = 0.05167471118770969  qpwt = 0.958444
EA root 2 E = 0.09307722155135634  qpwt = 0.972383
EA root 3 E = 0.1506999359920669  qpwt = 0.977794
EA root 4 E = 0.2035182230327617  qpwt = 0.976215
EA root 5 E = 0.2719537936509301  qpwt = 0.974855
    CPU time for EA-CCSD    143.95 sec, wall time    144.13 sec
