

******** <class 'pyscf.scf.hf.RHF'> flags ********
method = RHF
initial guess = minao
damping factor = 0
level shift factor = 0
Do DIIS = True
DIIS start cycle = 1
DIIS space = 8
SCF tol = 1e-09
SCF gradient tol = None
max. SCF cycles = 50
direct_scf = True
direct_scf_tol = 1e-13
chkfile to save SCF result = /tmp/tmpSQUiHL
max_memory 4000 MB (current use 39 MB)
Set gradient conv threshold to 3.16228e-05
Nelec from initial guess = 31.9945
cond(S) = 2436.72481416
E_coul = 314.760030116523
init E= -547.993725318498
    CPU time for initialize scf      1.28 sec, wall time      1.50 sec
  HOMO = -0.340636297997906  LUMO = -0.115675246001334
  mo_energy =
[-91.97616069 -20.77574211 -20.77561452  -9.03655577  -6.7027617
  -6.69474965  -6.69065834  -1.79098909  -1.59483089  -0.85370456
  -0.66006304  -0.65693456  -0.65234057  -0.50080126  -0.47811332
  -0.3406363   -0.11567525   0.12845048   0.15148681   0.37220106
   0.38196366   0.42429      0.45165162   0.51882201   0.52500982
   0.53311646   0.55631117   0.57488647   0.62669361   0.62702992
   0.65224749   0.6730695    0.82138182   0.84016471   1.03817317
   1.07831546   1.49416115   1.51677878   1.57114863   1.58048136
   1.68490892   1.71220836   1.74461449   1.75995168   1.78305018
   1.81486472   1.83663358   1.92074186   2.0328276    2.03563325
   2.07246826   2.08407429   2.17410268   2.27580694   2.41150408
   2.4165886    2.50794993   2.53917254   2.54088606   2.66532251
   2.72129502   3.06342809   3.09091828   3.11580325   3.11755771
   3.13770404   3.30244031   3.76919589   4.33334875   5.40013437
   5.41136319   5.41440771   5.41571224   5.42029294   5.49264308
   5.49542842   5.52725695   5.57301003   5.65875395   5.72832428
   5.93006341   5.94038323   5.9724432    6.5768531    6.62728126
   6.6368382    6.65839326   6.90837077   6.9451981    6.99392854
   7.03568611   7.21667494   7.2816178    7.33053748   7.35638044
   7.6107822    7.83628296   8.30102793   9.50758304   9.83879059
  10.73327793  22.78427773  44.61094621  44.88657581]
E_coul = 313.55391437543
cycle= 1 E= -547.18647491911  delta_E= 0.807  |g|= 0.756  |ddm|= 2.14
    CPU time for cycle= 1      0.09 sec, wall time      0.09 sec
diis-norm(errvec)=1.91612
diis-c [-3.67151928  1.        ]
  HOMO = -0.483679908323759  LUMO = -0.0275144027718788
  mo_energy =
[ -9.24421252e+01  -2.04228200e+01  -2.04227835e+01  -9.37551915e+00
  -7.06046799e+00  -7.05851878e+00  -7.05698196e+00  -1.51663862e+00
  -1.38081453e+00  -8.79296671e-01  -6.87426512e-01  -6.78530967e-01
  -6.50775833e-01  -4.94996586e-01  -4.91940765e-01  -4.83679908e-01
  -2.75144028e-02   1.51218234e-01   1.59376662e-01   3.05629065e-01
   3.09323533e-01   4.00058557e-01   4.56334292e-01   4.68431845e-01
   4.96260539e-01   5.52902543e-01   5.70958267e-01   5.91418853e-01
   6.31831767e-01   6.39164847e-01   6.88300529e-01   7.34837514e-01
   7.94791850e-01   8.67522444e-01   1.02585488e+00   1.06443516e+00
   1.45179394e+00   1.46030044e+00   1.51975190e+00   1.53121545e+00
   1.55827527e+00   1.57598907e+00   1.64750201e+00   1.68940629e+00
   1.72856830e+00   1.75091371e+00   1.82153568e+00   1.84950011e+00
   1.90938735e+00   1.91812491e+00   2.01522956e+00   2.06337363e+00
   2.17332814e+00   2.33813910e+00   2.45723494e+00   2.45861731e+00
   2.51000622e+00   2.56834261e+00   2.58624529e+00   2.65703935e+00
   2.76757811e+00   3.21559274e+00   3.22223327e+00   3.23274036e+00
   3.27048429e+00   3.30467506e+00   3.39773519e+00   3.86041881e+00
   4.39185285e+00   5.54827334e+00   5.57839137e+00   5.58012696e+00
   5.58240386e+00   5.59049096e+00   5.60862225e+00   5.65343175e+00
   5.65726714e+00   5.70843726e+00   5.75109357e+00   5.85559747e+00
   6.01501478e+00   6.01720851e+00   6.09175943e+00   6.80394734e+00
   6.85791150e+00   6.86698277e+00   6.87310175e+00   6.96447587e+00
   6.99660870e+00   7.00344782e+00   7.19242065e+00   7.25153811e+00
   7.29185230e+00   7.43219026e+00   7.47283074e+00   7.49290023e+00
   7.66206087e+00   8.11125125e+00   9.18433257e+00   9.54864620e+00
   1.05011934e+01   2.25006683e+01   4.49400279e+01   4.52167130e+01]
E_coul = 315.172773222371
cycle= 2 E= -547.243997569467  delta_E= -0.0575  |g|= 0.583  |ddm|= 0.842
    CPU time for cycle= 2      0.10 sec, wall time      0.09 sec
diis-norm(errvec)=1.40396
diis-c [-0.16146201  0.41793624  0.58206376]
  HOMO = -0.49915177151665  LUMO = 0.00283783615741492
  mo_energy =
[ -9.21637604e+01  -2.06592479e+01  -2.06592143e+01  -9.15220565e+00
  -6.83306988e+00  -6.83296268e+00  -6.83068863e+00  -1.51767734e+00
  -1.41522850e+00  -8.76202811e-01  -7.08679241e-01  -7.01799895e-01
  -6.74262985e-01  -5.52683060e-01  -5.38032282e-01  -4.99151772e-01
   2.83783616e-03   1.84430055e-01   1.88614125e-01   3.48529227e-01
   3.60167413e-01   4.39560825e-01   4.74776110e-01   5.13686290e-01
   5.28308489e-01   5.48799236e-01   5.84396061e-01   5.99886716e-01
   6.15237731e-01   6.33259572e-01   6.70911888e-01   7.08850267e-01
   8.24569237e-01   8.59398831e-01   1.04093883e+00   1.09367176e+00
   1.49488272e+00   1.51028359e+00   1.57202070e+00   1.58014001e+00
   1.64795699e+00   1.67723350e+00   1.70179977e+00   1.72353126e+00
   1.76653456e+00   1.81067749e+00   1.83586923e+00   1.92524827e+00
   1.95684571e+00   1.98968091e+00   2.05566591e+00   2.07822183e+00
   2.17950853e+00   2.32398880e+00   2.45200842e+00   2.45911365e+00
   2.52239832e+00   2.54410584e+00   2.56874479e+00   2.69608270e+00
   2.73013055e+00   3.13616525e+00   3.16261241e+00   3.16768664e+00
   3.17447510e+00   3.21362862e+00   3.34994415e+00   3.82684597e+00
   4.37482554e+00   5.48642284e+00   5.49996752e+00   5.50278526e+00
   5.50632320e+00   5.51230582e+00   5.57011148e+00   5.58458727e+00
   5.60141932e+00   5.64961220e+00   5.71812336e+00   5.80277186e+00
   5.99372277e+00   5.99961492e+00   6.04783410e+00   6.68287601e+00
   6.73415602e+00   6.74432625e+00   6.76432220e+00   6.97648657e+00
   7.00321963e+00   7.09729781e+00   7.09984115e+00   7.25180085e+00
   7.29433612e+00   7.32250356e+00   7.37886785e+00   7.55247929e+00
   7.76994364e+00   8.23562194e+00   9.37796517e+00   9.73259652e+00
   1.06541627e+01   2.26823424e+01   4.47177007e+01   4.49935136e+01]
E_coul = 314.981534682736
cycle= 3 E= -547.302012554802  delta_E= -0.058  |g|= 0.0654  |ddm|= 0.33
    CPU time for cycle= 3      0.09 sec, wall time      0.09 sec
diis-norm(errvec)=0.143099
diis-c [-0.01245356 -0.02324929  0.03346311  0.98978619]
  HOMO = -0.4899973727602  LUMO = 0.0173070955426365
  mo_energy =
[ -9.21593278e+01  -2.06116218e+01  -2.06115897e+01  -9.14248426e+00
  -6.82401917e+00  -6.82358796e+00  -6.82185643e+00  -1.49723136e+00
  -1.39464227e+00  -8.63205586e-01  -6.93845595e-01  -6.87946833e-01
  -6.60080340e-01  -5.36867377e-01  -5.20138533e-01  -4.89997373e-01
   1.73070955e-02   1.93458791e-01   1.94959992e-01   3.53253308e-01
   3.66232956e-01   4.47319994e-01   4.80578033e-01   5.23997372e-01
   5.36565938e-01   5.52222075e-01   5.96372884e-01   6.04959232e-01
   6.27879057e-01   6.38482928e-01   6.76857367e-01   7.14646709e-01
   8.33450261e-01   8.65595942e-01   1.04893898e+00   1.10770972e+00
   1.50628274e+00   1.52249782e+00   1.58522243e+00   1.59129816e+00
   1.65754019e+00   1.68583825e+00   1.71305074e+00   1.73347921e+00
   1.77703279e+00   1.82112429e+00   1.84816722e+00   1.93645448e+00
   1.96532573e+00   1.99805033e+00   2.06508260e+00   2.08934242e+00
   2.19066154e+00   2.33656030e+00   2.46683380e+00   2.47034100e+00
   2.53252239e+00   2.55737051e+00   2.58082746e+00   2.70686485e+00
   2.74378836e+00   3.15461995e+00   3.18371031e+00   3.18884841e+00
   3.19096238e+00   3.23283953e+00   3.36658722e+00   3.85239039e+00
   4.39792417e+00   5.50680227e+00   5.51993100e+00   5.52235304e+00
   5.52603139e+00   5.53188253e+00   5.59095742e+00   5.60474225e+00
   5.62301842e+00   5.67153936e+00   5.73958649e+00   5.82451186e+00
   6.01698219e+00   6.02376023e+00   6.07127061e+00   6.70986490e+00
   6.76110632e+00   6.77086917e+00   6.79030143e+00   7.00028936e+00
   7.02481459e+00   7.12002507e+00   7.12096315e+00   7.26740836e+00
   7.30930959e+00   7.34815740e+00   7.40397721e+00   7.56657986e+00
   7.78337057e+00   8.24761495e+00   9.38723142e+00   9.74199159e+00
   1.06683235e+01   2.26939785e+01   4.47629016e+01   4.50386651e+01]
E_coul = 314.770433910158
cycle= 4 E= -547.303024408092  delta_E= -0.00101  |g|= 0.0171  |ddm|= 0.0603
    CPU time for cycle= 4      0.09 sec, wall time      0.09 sec
diis-norm(errvec)=0.0440568
diis-c [ -3.99225832e-04  -4.43116243e-02  -6.04703752e-02   5.66464119e-02
   1.04813559e+00]
  HOMO = -0.494790292841903  LUMO = 0.0158833346691478
  mo_energy =
[ -9.21691838e+01  -2.06224983e+01  -2.06224669e+01  -9.15014364e+00
  -6.83188847e+00  -6.83166175e+00  -6.82985092e+00  -1.50258286e+00
  -1.39998098e+00  -8.65976876e-01  -6.98678473e-01  -6.92233822e-01
  -6.63595037e-01  -5.42622834e-01  -5.23414280e-01  -4.94790293e-01
   1.58833347e-02   1.91699707e-01   1.94310907e-01   3.52043234e-01
   3.64904071e-01   4.46187154e-01   4.79226802e-01   5.21534328e-01
   5.34521670e-01   5.51543359e-01   5.93058552e-01   6.03227698e-01
   6.25977583e-01   6.37060536e-01   6.75985711e-01   7.13140700e-01
   8.31587319e-01   8.64048996e-01   1.04659803e+00   1.10393553e+00
   1.50287554e+00   1.51857274e+00   1.58100524e+00   1.58801176e+00
   1.65393671e+00   1.68237433e+00   1.71006802e+00   1.72974294e+00
   1.77372828e+00   1.81796393e+00   1.84469149e+00   1.93357695e+00
   1.96199296e+00   1.99514826e+00   2.06215029e+00   2.08629168e+00
   2.18782892e+00   2.33360386e+00   2.46303319e+00   2.46746503e+00
   2.52923144e+00   2.55455604e+00   2.57808415e+00   2.70338603e+00
   2.74040160e+00   3.15062984e+00   3.17939151e+00   3.18450631e+00
   3.18762496e+00   3.22833738e+00   3.36268344e+00   3.84630360e+00
   4.39221215e+00   5.50261636e+00   5.51577427e+00   5.51817796e+00
   5.52199627e+00   5.52784422e+00   5.58643710e+00   5.60072151e+00
   5.61828694e+00   5.66674350e+00   5.73466843e+00   5.81984759e+00
   6.01166290e+00   6.01803473e+00   6.06631569e+00   6.70416782e+00
   6.75545136e+00   6.76531566e+00   6.78482118e+00   6.99443684e+00
   7.01892961e+00   7.11421030e+00   7.11620279e+00   7.26154349e+00
   7.30371843e+00   7.34304151e+00   7.39874114e+00   7.56077951e+00
   7.77708435e+00   8.24179556e+00   9.38063001e+00   9.73566161e+00
   1.06612537e+01   2.26871596e+01   4.47526714e+01   4.50284615e+01]
E_coul = 314.830378846344
cycle= 5 E= -547.303128226526  delta_E= -0.000104  |g|= 0.00303  |ddm|= 0.0228
    CPU time for cycle= 5      0.09 sec, wall time      0.09 sec
diis-norm(errvec)=0.00771783
diis-c [ -4.11924619e-05   9.46267276e-03   1.14812482e-02  -3.58386137e-02
  -2.23286371e-01   1.23818106e+00]
  HOMO = -0.494939208403955  LUMO = 0.0159040395852838
  mo_energy =
[ -9.21671042e+01  -2.06221848e+01  -2.06221534e+01  -9.14930273e+00
  -6.83102589e+00  -6.83075866e+00  -6.82893916e+00  -1.50241247e+00
  -1.39974760e+00  -8.65842134e-01  -6.98608611e-01  -6.92225470e-01
  -6.63222525e-01  -5.42908468e-01  -5.22792365e-01  -4.94939208e-01
   1.59040396e-02   1.91634544e-01   1.94180285e-01   3.51960289e-01
   3.64851955e-01   4.46135738e-01   4.79246131e-01   5.21542478e-01
   5.34543166e-01   5.51601267e-01   5.92929383e-01   6.03142686e-01
   6.25922934e-01   6.36985855e-01   6.76060282e-01   7.13093461e-01
   8.31530528e-01   8.63975650e-01   1.04648286e+00   1.10381386e+00
   1.50281611e+00   1.51849572e+00   1.58098064e+00   1.58797186e+00
   1.65394729e+00   1.68241093e+00   1.70999399e+00   1.72971709e+00
   1.77370372e+00   1.81795069e+00   1.84465812e+00   1.93352203e+00
   1.96203816e+00   1.99514469e+00   2.06209717e+00   2.08631138e+00
   2.18778107e+00   2.33359823e+00   2.46302049e+00   2.46747489e+00
   2.52916942e+00   2.55458799e+00   2.57809936e+00   2.70336800e+00
   2.74038833e+00   3.15055831e+00   3.17941665e+00   3.18451917e+00
   3.18776505e+00   3.22848241e+00   3.36260926e+00   3.84626524e+00
   4.39217568e+00   5.50258549e+00   5.51570609e+00   5.51807289e+00
   5.52195846e+00   5.52778904e+00   5.58648618e+00   5.60071672e+00
   5.61822535e+00   5.66670207e+00   5.73464718e+00   5.81973352e+00
   6.01173945e+00   6.01805582e+00   6.06630614e+00   6.70420112e+00
   6.75548582e+00   6.76535925e+00   6.78487338e+00   6.99452194e+00
   7.01909414e+00   7.11447697e+00   7.11640117e+00   7.26189233e+00
   7.30400598e+00   7.34317831e+00   7.39889320e+00   7.56107069e+00
   7.77740663e+00   8.24210966e+00   9.38123767e+00   9.73622769e+00
   1.06617656e+01   2.26877213e+01   4.47529518e+01   4.50287428e+01]
E_coul = 314.82546558997
cycle= 6 E= -547.303134304813  delta_E= -6.08e-06  |g|= 0.00104  |ddm|= 0.00412
    CPU time for cycle= 6      0.10 sec, wall time      0.09 sec
diis-norm(errvec)=0.00274044
diis-c [ -3.42864579e-06   1.21836188e-03   1.57576668e-03   2.29634455e-03
  -3.31592819e-02  -3.04962091e-01   1.33303090e+00]
  HOMO = -0.495056625153298  LUMO = 0.0159944979669895
  mo_energy =
[ -9.21677443e+01  -2.06223145e+01  -2.06222830e+01  -9.14947872e+00
  -6.83122483e+00  -6.83094881e+00  -6.82913779e+00  -1.50246049e+00
  -1.39978601e+00  -8.65910448e-01  -6.98729231e-01  -6.92332528e-01
  -6.63232750e-01  -5.43171594e-01  -5.22631821e-01  -4.95056625e-01
   1.59944980e-02   1.91634558e-01   1.94196748e-01   3.51981373e-01
   3.64893483e-01   4.46166393e-01   4.79224751e-01   5.21596337e-01
   5.34542537e-01   5.51570502e-01   5.92851792e-01   6.03131314e-01
   6.26014621e-01   6.36966203e-01   6.76074208e-01   7.13019565e-01
   8.31569116e-01   8.63956405e-01   1.04649653e+00   1.10382244e+00
   1.50282861e+00   1.51850356e+00   1.58097310e+00   1.58798633e+00
   1.65399581e+00   1.68247581e+00   1.70998346e+00   1.72972805e+00
   1.77371314e+00   1.81800774e+00   1.84461762e+00   1.93351537e+00
   1.96209712e+00   1.99518460e+00   2.06213150e+00   2.08628329e+00
   2.18777068e+00   2.33354271e+00   2.46297374e+00   2.46743297e+00
   2.52916170e+00   2.55457073e+00   2.57809259e+00   2.70336615e+00
   2.74032587e+00   3.15048534e+00   3.17939559e+00   3.18449089e+00
   3.18767192e+00   3.22837332e+00   3.36256114e+00   3.84618988e+00
   4.39211692e+00   5.50249696e+00   5.51560235e+00   5.51796088e+00
   5.52187159e+00   5.52769590e+00   5.58641656e+00   5.60064313e+00
   5.61811335e+00   5.66659536e+00   5.73455410e+00   5.81964042e+00
   6.01166504e+00   6.01795005e+00   6.06625631e+00   6.70409187e+00
   6.75537742e+00   6.76525183e+00   6.78476487e+00   6.99441658e+00
   7.01899844e+00   7.11441477e+00   7.11632524e+00   7.26185782e+00
   7.30394065e+00   7.34307127e+00   7.39878544e+00   7.56102134e+00
   7.77733998e+00   8.24204645e+00   9.38114983e+00   9.73610682e+00
   1.06616376e+01   2.26876046e+01   4.47528241e+01   4.50286149e+01]
E_coul = 314.82732070308
cycle= 7 E= -547.303135221368  delta_E= -9.17e-07  |g|= 0.000317  |ddm|= 0.00176
    CPU time for cycle= 7      0.09 sec, wall time      0.09 sec
diis-norm(errvec)=0.000769023
diis-c [ -1.33968275e-07  -1.12539653e-03  -1.67224704e-03   2.73657687e-03
   2.84008316e-02  -3.49121974e-02  -3.24088016e-01   1.33066045e+00]
  HOMO = -0.49504877013837  LUMO = 0.016043814248059
  mo_energy =
[ -9.21673840e+01  -2.06223133e+01  -2.06222819e+01  -9.14928411e+00
  -6.83102106e+00  -6.83074874e+00  -6.82893778e+00  -1.50245151e+00
  -1.39978916e+00  -8.65896720e-01  -6.98722990e-01  -6.92332062e-01
  -6.63206479e-01  -5.43221181e-01  -5.22563061e-01  -4.95048770e-01
   1.60438142e-02   1.91658948e-01   1.94211592e-01   3.52012308e-01
   3.64933602e-01   4.46197579e-01   4.79237430e-01   5.21649672e-01
   5.34569637e-01   5.51567673e-01   5.92858355e-01   6.03146374e-01
   6.26063748e-01   6.36974493e-01   6.76083348e-01   7.13003621e-01
   8.31599866e-01   8.63956539e-01   1.04652693e+00   1.10386457e+00
   1.50286880e+00   1.51854582e+00   1.58101084e+00   1.58802879e+00
   1.65407048e+00   1.68255920e+00   1.71000397e+00   1.72978063e+00
   1.77375632e+00   1.81807127e+00   1.84463501e+00   1.93354567e+00
   1.96219016e+00   1.99524793e+00   2.06218221e+00   2.08631183e+00
   2.18779498e+00   2.33354709e+00   2.46299427e+00   2.46744620e+00
   2.52920116e+00   2.55459011e+00   2.57811703e+00   2.70340951e+00
   2.74033106e+00   3.15047481e+00   3.17941373e+00   3.18450572e+00
   3.18766126e+00   3.22836713e+00   3.36256467e+00   3.84620642e+00
   4.39213852e+00   5.50249119e+00   5.51558791e+00   5.51794541e+00
   5.52186150e+00   5.52768345e+00   5.58642574e+00   5.60063942e+00
   5.61810746e+00   5.66659029e+00   5.73456389e+00   5.81963711e+00
   6.01168568e+00   6.01796625e+00   6.06626554e+00   6.70408150e+00
   6.75536656e+00   6.76524152e+00   6.78475587e+00   6.99443903e+00
   7.01904101e+00   7.11447656e+00   7.11633245e+00   7.26195366e+00
   7.30402549e+00   7.34306829e+00   7.39878842e+00   7.56111857e+00
   7.77744325e+00   8.24215254e+00   9.38132754e+00   9.73625913e+00
   1.06617703e+01   2.26877559e+01   4.47528257e+01   4.50286164e+01]
E_coul = 314.82714753714
cycle= 8 E= -547.303135282716  delta_E= -6.13e-08  |g|= 4.75e-05  |ddm|= 0.00053
    CPU time for cycle= 8      0.09 sec, wall time      0.09 sec
diis-norm(errvec)=0.000112055
diis-c [ -3.70146408e-09   1.13551879e-04   1.59772407e-04  -3.39595142e-04
  -3.26249030e-03   1.85291333e-02  -1.35902526e-02  -1.75941510e-01
   1.17433139e+00]
  HOMO = -0.495052027521886  LUMO = 0.0160355676752228
  mo_energy =
[ -9.21674265e+01  -2.06223255e+01  -2.06222940e+01  -9.14930055e+00
  -6.83103886e+00  -6.83076713e+00  -6.82895614e+00  -1.50245764e+00
  -1.39979713e+00  -8.65898796e-01  -6.98723912e-01  -6.92334350e-01
  -6.63203417e-01  -5.43228058e-01  -5.22557416e-01  -4.95052028e-01
   1.60355677e-02   1.91655211e-01   1.94206834e-01   3.52010817e-01
   3.64932209e-01   4.46193950e-01   4.79235549e-01   5.21647517e-01
   5.34567264e-01   5.51565979e-01   5.92852636e-01   6.03143423e-01
   6.26058506e-01   6.36971731e-01   6.76081586e-01   7.12999485e-01
   8.31595031e-01   8.63952672e-01   1.04652242e+00   1.10385863e+00
   1.50286492e+00   1.51854155e+00   1.58100410e+00   1.58802499e+00
   1.65406930e+00   1.68255797e+00   1.70999903e+00   1.72977511e+00
   1.77375230e+00   1.81806891e+00   1.84462849e+00   1.93354102e+00
   1.96218787e+00   1.99524459e+00   2.06217876e+00   2.08630712e+00
   2.18779066e+00   2.33354224e+00   2.46298922e+00   2.46744119e+00
   2.52919580e+00   2.55458589e+00   2.57811335e+00   2.70340454e+00
   2.74032516e+00   3.15046731e+00   3.17940707e+00   3.18449868e+00
   3.18765457e+00   3.22835993e+00   3.36255778e+00   3.84619750e+00
   4.39212988e+00   5.50248393e+00   5.51557983e+00   5.51793726e+00
   5.52185427e+00   5.52767596e+00   5.58641906e+00   5.60063283e+00
   5.61809903e+00   5.66658213e+00   5.73455599e+00   5.81962963e+00
   6.01167829e+00   6.01795782e+00   6.06625885e+00   6.70407244e+00
   6.75535758e+00   6.76523268e+00   6.78474699e+00   6.99442981e+00
   7.01903165e+00   7.11446796e+00   7.11632500e+00   7.26194593e+00
   7.30401660e+00   7.34306019e+00   7.39878009e+00   7.56111030e+00
   7.77743380e+00   8.24214072e+00   9.38131590e+00   9.73624454e+00
   1.06617577e+01   2.26877433e+01   4.47528138e+01   4.50286046e+01]
E_coul = 314.82722592116
cycle= 9 E= -547.303135283779  delta_E= -1.06e-09  |g|= 7.32e-06  |ddm|= 0.0001
    CPU time for cycle= 9      0.10 sec, wall time      0.09 sec
diis-norm(errvec)=1.79569e-05
diis-c [ -1.78136839e-10   1.18955606e+00   1.18037145e-06  -1.45619568e-05
   7.79053663e-05  -1.75324009e-03   7.42325061e-03   1.05042689e-03
  -1.96341026e-01]
  HOMO = -0.495053501513691  LUMO = 0.0160348022504603
  mo_energy =
[ -9.21674241e+01  -2.06223270e+01  -2.06222956e+01  -9.14930065e+00
  -6.83103897e+00  -6.83076718e+00  -6.82895621e+00  -1.50245865e+00
  -1.39979827e+00  -8.65899606e-01  -6.98725011e-01  -6.92335103e-01
  -6.63204484e-01  -5.43228688e-01  -5.22558020e-01  -4.95053502e-01
   1.60348023e-02   1.91654606e-01   1.94206379e-01   3.52010717e-01
   3.64931944e-01   4.46193691e-01   4.79235246e-01   5.21646993e-01
   5.34566868e-01   5.51565793e-01   5.92852158e-01   6.03143206e-01
   6.26058319e-01   6.36971470e-01   6.76081416e-01   7.12999196e-01
   8.31594616e-01   8.63952298e-01   1.04652190e+00   1.10385808e+00
   1.50286437e+00   1.51854105e+00   1.58100331e+00   1.58802440e+00
   1.65406872e+00   1.68255733e+00   1.70999831e+00   1.72977425e+00
   1.77375173e+00   1.81806834e+00   1.84462767e+00   1.93354036e+00
   1.96218744e+00   1.99524390e+00   2.06217824e+00   2.08630637e+00
   2.18779002e+00   2.33354158e+00   2.46298857e+00   2.46744049e+00
   2.52919484e+00   2.55458521e+00   2.57811272e+00   2.70340377e+00
   2.74032431e+00   3.15046673e+00   3.17940632e+00   3.18449792e+00
   3.18765351e+00   3.22835881e+00   3.36255703e+00   3.84619679e+00
   4.39212915e+00   5.50248326e+00   5.51557900e+00   5.51793654e+00
   5.52185358e+00   5.52767525e+00   5.58641853e+00   5.60063220e+00
   5.61809821e+00   5.66658132e+00   5.73455531e+00   5.81962919e+00
   6.01167777e+00   6.01795734e+00   6.06625843e+00   6.70407146e+00
   6.75535660e+00   6.76523171e+00   6.78474599e+00   6.99442895e+00
   7.01903073e+00   7.11446717e+00   7.11632391e+00   7.26194522e+00
   7.30401574e+00   7.34305910e+00   7.39877902e+00   7.56110951e+00
   7.77743299e+00   8.24213982e+00   9.38131573e+00   9.73624410e+00
   1.06617573e+01   2.26877430e+01   4.47528123e+01   4.50286031e+01]
E_coul = 314.827224863344
cycle= 10 E= -547.303135283814  delta_E= -3.43e-11  |g|= 2.1e-06  |ddm|= 2.07e-05
    CPU time for cycle= 10      0.09 sec, wall time      0.09 sec
  HOMO = -0.49505350068642  LUMO = 0.0160349286804796
  mo_energy =
[ -9.21674243e+01  -2.06223264e+01  -2.06222949e+01  -9.14930040e+00
  -6.83103870e+00  -6.83076694e+00  -6.82895597e+00  -1.50245831e+00
  -1.39979795e+00  -8.65899431e-01  -6.98724916e-01  -6.92334840e-01
  -6.63204209e-01  -5.43228353e-01  -5.22557695e-01  -4.95053501e-01
   1.60349287e-02   1.91654727e-01   1.94206402e-01   3.52010859e-01
   3.64932045e-01   4.46193755e-01   4.79235299e-01   5.21647241e-01
   5.34567033e-01   5.51565843e-01   5.92852385e-01   6.03143323e-01
   6.26058516e-01   6.36971539e-01   6.76081499e-01   7.12999267e-01
   8.31594732e-01   8.63952366e-01   1.04652197e+00   1.10385829e+00
   1.50286457e+00   1.51854131e+00   1.58100354e+00   1.58802461e+00
   1.65406905e+00   1.68255762e+00   1.70999843e+00   1.72977443e+00
   1.77375194e+00   1.81806860e+00   1.84462782e+00   1.93354053e+00
   1.96218774e+00   1.99524409e+00   2.06217843e+00   2.08630656e+00
   2.18779021e+00   2.33354172e+00   2.46298876e+00   2.46744061e+00
   2.52919496e+00   2.55458539e+00   2.57811290e+00   2.70340397e+00
   2.74032445e+00   3.15046689e+00   3.17940658e+00   3.18449816e+00
   3.18765369e+00   3.22835907e+00   3.36255717e+00   3.84619712e+00
   4.39212944e+00   5.50248345e+00   5.51557912e+00   5.51793668e+00
   5.52185372e+00   5.52767537e+00   5.58641877e+00   5.60063238e+00
   5.61809842e+00   5.66658154e+00   5.73455557e+00   5.81962943e+00
   6.01167807e+00   6.01795766e+00   6.06625867e+00   6.70407169e+00
   6.75535683e+00   6.76523194e+00   6.78474622e+00   6.99442926e+00
   7.01903105e+00   7.11446747e+00   7.11632416e+00   7.26194556e+00
   7.30401606e+00   7.34305940e+00   7.39877934e+00   7.56110986e+00
   7.77743332e+00   8.24214004e+00   9.38131606e+00   9.73624431e+00
   1.06617576e+01   2.26877432e+01   4.47528129e+01   4.50286037e+01]
    CPU time for scf_cycle      2.22 sec, wall time      2.44 sec
    CPU time for SCF      2.22 sec, wall time      2.44 sec
converged SCF energy = -547.303135283814
RHF E = -547.303135284
RHF eps = [ -9.21674243e+01  -2.06223264e+01  -2.06222949e+01  -9.14930040e+00
  -6.83103870e+00  -6.83076694e+00  -6.82895597e+00  -1.50245831e+00
  -1.39979795e+00  -8.65899431e-01  -6.98724916e-01  -6.92334840e-01
  -6.63204209e-01  -5.43228353e-01  -5.22557695e-01  -4.95053501e-01
   1.60349287e-02   1.91654727e-01   1.94206402e-01   3.52010859e-01
   3.64932045e-01   4.46193755e-01   4.79235299e-01   5.21647241e-01
   5.34567033e-01   5.51565843e-01   5.92852385e-01   6.03143323e-01
   6.26058516e-01   6.36971539e-01   6.76081499e-01   7.12999267e-01
   8.31594732e-01   8.63952366e-01   1.04652197e+00   1.10385829e+00
   1.50286457e+00   1.51854131e+00   1.58100354e+00   1.58802461e+00
   1.65406905e+00   1.68255762e+00   1.70999843e+00   1.72977443e+00
   1.77375194e+00   1.81806860e+00   1.84462782e+00   1.93354053e+00
   1.96218774e+00   1.99524409e+00   2.06217843e+00   2.08630656e+00
   2.18779021e+00   2.33354172e+00   2.46298876e+00   2.46744061e+00
   2.52919496e+00   2.55458539e+00   2.57811290e+00   2.70340397e+00
   2.74032445e+00   3.15046689e+00   3.17940658e+00   3.18449816e+00
   3.18765369e+00   3.22835907e+00   3.36255717e+00   3.84619712e+00
   4.39212944e+00   5.50248345e+00   5.51557912e+00   5.51793668e+00
   5.52185372e+00   5.52767537e+00   5.58641877e+00   5.60063238e+00
   5.61809842e+00   5.66658154e+00   5.73455557e+00   5.81962943e+00
   6.01167807e+00   6.01795766e+00   6.06625867e+00   6.70407169e+00
   6.75535683e+00   6.76523194e+00   6.78474622e+00   6.99442926e+00
   7.01903105e+00   7.11446747e+00   7.11632416e+00   7.26194556e+00
   7.30401606e+00   7.34305940e+00   7.39877934e+00   7.56110986e+00
   7.77743332e+00   8.24214004e+00   9.38131606e+00   9.73624431e+00
   1.06617576e+01   2.26877432e+01   4.47528129e+01   4.50286037e+01]
    CPU time for CCSD integral transformation      9.52 sec, wall time      9.55 sec

******** <class 'pyscf.cc.rccsd_slow.RCCSD'> flags ********
CCSD nocc = 9, nvir = 88
frozen orbitals [0, 1, 2, 3, 4, 5, 6]
max_cycle = 50
direct = 0
conv_tol = 1e-07
conv_tol_normt = 1e-05
diis_space = 6
diis_start_cycle = 0
diis_start_energy_diff = 1e+09
Init t2, MP2 energy = -0.653812506278533
    CPU time for init mp2      0.02 sec, wall time      0.01 sec
E(MBPT2) = -547.9569477900922  E_corr = -0.6538125062785328
    CPU time for EOM-CCSD shared one-electron intermediates      0.11 sec, wall time      0.12 sec
    CPU time for EOM-CCSD shared two-electron intermediates      0.33 sec, wall time      0.33 sec
    CPU time for EOM-CCSD IP intermediates      0.44 sec, wall time      0.44 sec
tol 1e-07  toloose 0.000316228
max_cycle 50  max_space 38  max_memory 2000  incore True
davidson 0 6  |r|= 0.396  e= [ 0.57495428  0.62845076  0.63224927  0.74262255  0.76013308  0.77857196]  max|de|= 0.779  lindep=    1
davidson 1 12  |r|= 0.118  e= [ 0.46442352  0.50841814  0.49146218  0.63358685  0.63404458  0.63013269]  max|de|= -0.148  lindep= 0.918
davidson 2 18  |r|= 0.0286  e= [ 0.46170738  0.50534509  0.48953215  0.62733191  0.62912656  0.62574401]  max|de|= -0.00625  lindep= 0.959
davidson 3 24  |r|= 0.0109  e= [ 0.46205712  0.50600711  0.49012706  0.6281034   0.62974205  0.62675451]  max|de|= 0.00101  lindep= 0.848
davidson 4 30  |r|= 0.00477  e= [ 0.46195276  0.5061398   0.49015369  0.62821919  0.62946802  0.6266764 ]  max|de|= -0.000274  lindep= 0.892
davidson 5 36  |r|= 0.00158  e= [ 0.46191242  0.50613503  0.49017323  0.6281909   0.62945445  0.62672852]  max|de|= 5.21e-05  lindep= 0.907
root 1 converged  |r|= 0.000228  e= 0.506135029466  max|de|=    0
root 2 converged  |r|= 0.000235  e= 0.490173233382  max|de|= -2.33e-15
davidson 6 6  |r|= 0.00158  e= [ 0.46191242  0.50613503  0.49017323  0.6281909   0.62945445  0.62672852]  max|de|= -2.33e-15  lindep= 0.999
davidson 7 10  |r|= 0.000532  e= [ 0.46190526  0.50613503  0.49017004  0.62820573  0.62944885  0.62672334]  max|de|= 1.48e-05  lindep= 0.44
davidson 8 14  |r|= 0.000258  e= [ 0.46190797  0.50613503  0.49017625  0.62820385  0.62946147  0.62672824]  max|de|= 1.26e-05  lindep= 0.228
davidson 9 18  |r|= 0.00014  e= [ 0.46190577  0.50613503  0.49017226  0.628209    0.62944651  0.62673429]  max|de|= -1.5e-05  lindep= 0.352
davidson 10 22  |r|= 7.47e-05  e= [ 0.46190686  0.50613503  0.49017191  0.62820841  0.62945161  0.62672484]  max|de|= -9.45e-06  lindep= 0.175
davidson 11 26  |r|= 5.47e-05  e= [ 0.46190671  0.50613503  0.49017225  0.6282088   0.62945409  0.62672983]  max|de|= 4.99e-06  lindep= 0.0455
root 0 converged  |r|= 2.54e-07  e= 0.461906700953  max|de|= -6.83e-09
root 3 converged  |r|= 2.4e-06  e= 0.628208753459  max|de|= -5.06e-08
davidson 12 30  |r|= 1.34e-05  e= [ 0.4619067   0.50613502  0.49017247  0.62820875  0.62945261  0.62672872]  max|de|= -1.48e-06  lindep= 0.793
root 5 converged  |r|= 7.88e-07  e= 0.626728771104  max|de|= 4.74e-08
davidson 13 32  |r|= 3.58e-06  e= [ 0.4619067   0.50613502  0.49017234  0.6282087   0.62945321  0.62672877]  max|de|= 6e-07  lindep= 0.845
root 4 converged  |r|= 1.06e-06  e= 0.629453243481  max|de|= 3.63e-08
converge 14 33  |r|= 1.06e-06  e= [ 0.4619067   0.50613502  0.49017234  0.62820872  0.62945324  0.62672877]  max|de|= 3.63e-08
IP root 0 E = 0.4619066978464106  qpwt = 0.958103
IP root 1 E = 0.5061350235046268  qpwt = 0.947204
IP root 2 E = 0.4901723434487195  qpwt = 0.949994
IP root 3 E = 0.6282087162268301  qpwt = 0.92106
IP root 4 E = 0.6294532434806687  qpwt = 0.93652
IP root 5 E = 0.626728771103684  qpwt = 0.936473
    CPU time for IP-CCSD      2.23 sec, wall time      2.24 sec
    CPU time for EOM-CCSD shared one-electron intermediates      0.11 sec, wall time      0.11 sec
    CPU time for EOM-CCSD EA intermediates     10.68 sec, wall time     10.69 sec
tol 1e-07  toloose 0.000316228
max_cycle 50  max_space 38  max_memory 2000  incore True
davidson 0 6  |r|= 0.436  e= [ 0.08174082  0.21481998  0.21485492  0.35910498  0.37877349  0.46886899]  max|de|= 0.469  lindep=    1
davidson 1 12  |r|= 0.203  e= [-0.00967212  0.15074454  0.16228159  0.31595572  0.34994617  0.40886263]  max|de|= -0.0914  lindep= 0.512
davidson 2 18  |r|= 0.0513  e= [-0.0123877   0.14453063  0.16012295  0.31340098  0.31668916  0.3901667 ]  max|de|= -0.0333  lindep= 0.954
davidson 3 24  |r|= 0.0228  e= [-0.0122091   0.14466506  0.16011949  0.31352059  0.31497378  0.38859899]  max|de|= -0.00172  lindep= 0.747
davidson 4 30  |r|= 0.0152  e= [-0.01226942  0.14458882  0.16009896  0.3134349   0.31494622  0.38776017]  max|de|= -0.000839  lindep= 0.855
davidson 5 36  |r|= 0.00579  e= [-0.01226197  0.14456315  0.1601004   0.31340858  0.31486728  0.38733182]  max|de|= -0.000428  lindep= 0.863
root 0 converged  |r|= 0.000188  e= -0.0122619670154  max|de|= 1.26e-15
root 2 converged  |r|= 0.000168  e= 0.160100401809  max|de|= -3.61e-16
davidson 6 6  |r|= 0.00579  e= [-0.01226197  0.14456315  0.1601004   0.31340858  0.31486728  0.38733182]  max|de|= -2.39e-15  lindep= 0.993
davidson 7 10  |r|= 0.0021  e= [-0.01226234  0.14456703  0.16010034  0.31340098  0.31477602  0.38727035]  max|de|= -9.13e-05  lindep= 0.871
davidson 8 14  |r|= 0.00225  e= [-0.01226233  0.14456607  0.16010044  0.31340332  0.31481443  0.38727484]  max|de|= 3.84e-05  lindep= 0.76
davidson 9 18  |r|= 0.00133  e= [-0.01226273  0.14456506  0.1601004   0.31339731  0.31479289  0.38724787]  max|de|= -2.7e-05  lindep= 0.613
davidson 10 22  |r|= 0.000665  e= [-0.01226308  0.14456562  0.1601005   0.31340002  0.31479168  0.38728681]  max|de|= 3.89e-05  lindep= 0.517
davidson 11 26  |r|= 0.000217  e= [-0.01226293  0.14456542  0.16010139  0.31339972  0.31479375  0.38726192]  max|de|= -2.49e-05  lindep= 0.619
root 1 converged  |r|= 2.46e-07  e= 0.14456546373  max|de|= 4.79e-08
root 3 converged  |r|= 3.76e-06  e= 0.313399699877  max|de|= -1.68e-08
davidson 12 30  |r|= 7.79e-05  e= [-0.0122625   0.14456546  0.16010017  0.3133997   0.31479276  0.38726909]  max|de|= 7.18e-06  lindep= 0.59
davidson 13 32  |r|= 3.29e-05  e= [-0.0122625   0.14456546  0.1601005   0.3133997   0.31479372  0.38726745]  max|de|= -1.64e-06  lindep= 0.241
davidson 14 34  |r|= 1.52e-05  e= [-0.0122625   0.14456546  0.16010074  0.3133997   0.31479338  0.38726765]  max|de|= -3.42e-07  lindep= 0.0598
root 0 converged  |r|= 0.000124  e= -0.0122625041607  max|de|= -7.7e-16
root 1 converged  |r|= 2.38e-07  e= 0.144565463398  max|de|= 9.16e-16
root 2 converged  |r|= 0.000164  e= 0.16010073615  max|de|= 3.33e-16
root 3 converged  |r|= 3.76e-06  e= 0.313399699877  max|de|= -1.11e-15
root 4 converged  |r|= 1.15e-05  e= 0.314793378099  max|de|= 1.33e-15
root 5 converged  |r|= 1.52e-05  e= 0.387267654544  max|de|= 3.83e-15
converge 15 6  |r|= 0.000164  e= [-0.0122625   0.14456546  0.16010074  0.3133997   0.31479338  0.38726765]  max|de|= 3.83e-15
EA root 0 E = -0.01226250416070956  qpwt = 0.965924
EA root 1 E = 0.1445654633980024  qpwt = 0.968963
EA root 2 E = 0.1601007361497592  qpwt = 0.979178
EA root 3 E = 0.3133996998767627  qpwt = 0.971708
EA root 4 E = 0.3147933780986956  qpwt = 0.886959
EA root 5 E = 0.3872676545436972  qpwt = 0.963851
    CPU time for EA-CCSD     47.71 sec, wall time     47.74 sec
