

******** <class 'pyscf.scf.hf.RHF'> flags ********
method = RHF
initial guess = minao
damping factor = 0
level shift factor = 0
Do DIIS = True
DIIS start cycle = 1
DIIS space = 8
SCF tol = 1e-09
SCF gradient tol = None
max. SCF cycles = 50
direct_scf = True
direct_scf_tol = 1e-13
chkfile to save SCF result = /tmp/tmpPbl70c
max_memory 4000 MB (current use 39 MB)
Set gradient conv threshold to 3.16228e-05
Nelec from initial guess = 24.4616
cond(S) = 591.356738953
E_coul = 206.194309358207
init E= -281.801475524205
    CPU time for initialize scf      0.59 sec, wall time      0.63 sec
  HOMO = -1.28270455555895  LUMO = -0.261069402220806
  mo_energy =
[ -10.14504489   -7.86425555   -7.86425555   -7.86425555   -4.39953035
   -4.39953035   -4.39953035   -4.39953035   -4.39953035   -1.96257732
   -1.28270456   -1.28270456   -1.28270456   -0.2610694    -0.2610694
   -0.2610694    -0.2610694    -0.2610694    -0.12673175   -0.12624489
   -0.12624489   -0.12624489    0.17538972    0.17538972    0.17538972
    0.17538972    0.17538972    0.17538972    0.17538972    0.74233756
    0.74233756    0.74233756    0.75296376    0.75296376    0.75296376
    0.75296376    0.75296376    2.12926391    2.12926391    2.12926391
    2.12926391    2.12926391    2.12926391    2.12926391    3.43783502
   31.77682327   31.77682327   31.77682327   42.18821556  106.24550185]
E_coul = 259.313445621482
cycle= 1 E= -327.426170024296  delta_E= -45.6  |g|= 2.74  |ddm|= 16.6
    CPU time for cycle= 1      0.00 sec, wall time      0.01 sec
diis-norm(errvec)=3.72982
diis-c [-13.91158824   1.        ]
  HOMO = -0.235258809410053  LUMO = 0.33914765480315
  mo_energy =
[  -7.57434619   -5.33685892   -5.33685892   -5.33685892   -1.92049464
   -1.92049464   -1.92049464   -1.92049464   -1.92049464   -0.73447436
   -0.23525881   -0.23525881   -0.23525881    0.33914765    0.33914765
    0.33914765    0.47372873    0.47372873    0.47372873    0.47372873
    0.47372873    0.66351978    1.45293894    1.45293894    1.45293894
    1.45293894    1.45293894    1.45293894    1.45293894    1.81366843
    1.81366843    1.81366843    2.01377537    2.01377537    2.01377537
    2.01377537    2.01377537    4.29271861    4.29271861    4.29271861
    4.29271861    4.29271861    4.29271861    4.29271861    5.44143443
   35.68883266   35.68883266   35.68883266   46.12139853  110.39589786]
E_coul = 237.344929464771
cycle= 2 E= -328.171113586774  delta_E= -0.745  |g|= 1.15  |ddm|=  4.7
    CPU time for cycle= 2      0.01 sec, wall time      0.01 sec
diis-norm(errvec)=1.41191
diis-c [-1.01782102  0.2157368   0.7842632 ]
  HOMO = -0.467184423209152  LUMO = 0.291061107414574
  mo_energy =
[  -8.47323322   -6.20306293   -6.20306293   -6.20306293   -2.72590107
   -2.72590107   -2.72590107   -2.72590107   -2.72590107   -1.02785677
   -0.46718442   -0.46718442   -0.46718442    0.29106111    0.29106111
    0.29106111    0.34383875    0.34383875    0.34383875    0.34383875
    0.34383875    0.493257      1.12726184    1.12726184    1.12726184
    1.12726184    1.12726184    1.12726184    1.12726184    1.5282191
    1.5282191     1.5282191     1.65722214    1.65722214    1.65722214
    1.65722214    1.65722214    3.58822128    3.58822128    3.58822128
    3.58822128    3.58822128    3.58822128    3.58822128    4.8237404
   34.53775106   34.53775106   34.53775106   44.99205707  109.14231071]
E_coul = 243.945998339117
cycle= 3 E= -328.29560771652  delta_E= -0.124  |g|= 0.122  |ddm|=  1.1
    CPU time for cycle= 3      0.01 sec, wall time      0.01 sec
diis-norm(errvec)=0.13211
diis-c [ -8.52348247e-04  -7.30400547e-03   7.41969387e-02   9.33107067e-01]
  HOMO = -0.455810290407097  LUMO = 0.298383462538392
  mo_energy =
[  -8.39736739   -6.13146048   -6.13146048   -6.13146048   -2.6617519
   -2.6617519    -2.6617519    -2.6617519    -2.6617519    -1.00945348
   -0.45581029   -0.45581029   -0.45581029    0.29838346    0.29838346
    0.29838346    0.35294864    0.35294864    0.35294864    0.35294864
    0.35294864    0.51060032    1.15048056    1.15048056    1.15048056
    1.15048056    1.15048056    1.15048056    1.15048056    1.55370225
    1.55370225    1.55370225    1.68467135    1.68467135    1.68467135
    1.68467135    1.68467135    3.64147743    3.64147743    3.64147743
    3.64147743    3.64147743    3.64147743    3.64147743    4.87467797
   34.65308196   34.65308196   34.65308196   45.10443097  109.27588295]
E_coul = 243.287515776494
cycle= 4 E= -328.29714689017  delta_E= -0.00154  |g|= 0.00508  |ddm|= 0.161
    CPU time for cycle= 4      0.01 sec, wall time      0.01 sec
diis-norm(errvec)=0.00632874
diis-c [ -1.73774588e-06   1.35566346e-03  -1.28686931e-02  -1.17864495e-01
   1.12937752e+00]
  HOMO = -0.456028886784805  LUMO = 0.298571075155396
  mo_energy =
[  -8.39905783   -6.13328815   -6.13328815   -6.13328815   -2.6636251
   -2.6636251    -2.6636251    -2.6636251    -2.6636251    -1.00926789
   -0.45602889   -0.45602889   -0.45602889    0.29857108    0.29857108
    0.29857108    0.35305055    0.35305055    0.35305055    0.35305055
    0.35305055    0.51097956    1.15013096    1.15013096    1.15013096
    1.15013096    1.15013096    1.15013096    1.15013096    1.55361825
    1.55361825    1.55361825    1.68426158    1.68426158    1.68426158
    1.68426158    1.68426158    3.63996245    3.63996245    3.63996245
    3.63996245    3.63996245    3.63996245    3.63996245    4.87381617
   34.65101659   34.65101659   34.65101659   45.10239892  109.27342909]
E_coul = 243.300635021243
cycle= 5 E= -328.297153633613  delta_E= -6.74e-06  |g|= 0.000635  |ddm|= 0.0145
    CPU time for cycle= 5      0.01 sec, wall time      0.01 sec
diis-norm(errvec)=0.000763584
diis-c [ -1.64190873e-08  -1.30970298e-04   1.12413420e-03   1.32859240e-02
  -1.89181637e-01   1.17490255e+00]
  HOMO = -0.456080417616099  LUMO = 0.298581053221378
  mo_energy =
[  -8.39934205   -6.13358462   -6.13358462   -6.13358462   -2.66390845
   -2.66390845   -2.66390845   -2.66390845   -2.66390845   -1.00925811
   -0.45608042   -0.45608042   -0.45608042    0.29858105    0.29858105
    0.29858105    0.35305794    0.35305794    0.35305794    0.35305794
    0.35305794    0.51103468    1.15007167    1.15007167    1.15007167
    1.15007167    1.15007167    1.15007167    1.15007167    1.55358852
    1.55358852    1.55358852    1.68418185    1.68418185    1.68418185
    1.68418185    1.68418185    3.63972231    3.63972231    3.63972231
    3.63972231    3.63972231    3.63972231    3.63972231    4.87365906
   34.65064688   34.65064688   34.65064688   45.10204137  109.27302956]
E_coul = 243.303634907322
cycle= 6 E= -328.297153740696  delta_E= -1.07e-07  |g|= 4.06e-05  |ddm|= 0.002
    CPU time for cycle= 6      0.01 sec, wall time      0.01 sec
diis-norm(errvec)=4.60655e-05
diis-c [ -1.41156639e-10   4.00014317e-06  -2.38509474e-05  -7.58838492e-04
   1.66853749e-02  -1.35960173e-01   1.12005349e+00]
  HOMO = -0.456070746075082  LUMO = 0.29858431019855
  mo_energy =
[  -8.39931184   -6.1335554    -6.1335554    -6.1335554    -2.66387989
   -2.66387989   -2.66387989   -2.66387989   -2.66387989   -1.00924068
   -0.45607075   -0.45607075   -0.45607075    0.29858431    0.29858431
    0.29858431    0.35306646    0.35306646    0.35306646    0.35306646
    0.35306646    0.51104753    1.15008822    1.15008822    1.15008822
    1.15008822    1.15008822    1.15008822    1.15008822    1.55360153
    1.55360153    1.55360153    1.68419794    1.68419794    1.68419794
    1.68419794    1.68419794    3.63974856    3.63974856    3.63974856
    3.63974856    3.63974856    3.63974856    3.63974856    4.87368395
   34.65067998   34.65067998   34.65067998   45.10207439  109.27306399]
E_coul = 243.303453529888
cycle= 7 E= -328.297153741029  delta_E= -3.33e-10  |g|= 2.53e-06  |ddm|= 0.000131
    CPU time for cycle= 7      0.01 sec, wall time      0.01 sec
  HOMO = -0.456071469271731  LUMO = 0.298584199215684
  mo_energy =
[  -8.39931382   -6.13355737   -6.13355737   -6.13355737   -2.66388172
   -2.66388172   -2.66388172   -2.66388172   -2.66388172   -1.00924118
   -0.45607147   -0.45607147   -0.45607147    0.2985842     0.2985842
    0.2985842     0.35306611    0.35306611    0.35306611    0.35306611
    0.35306611    0.51104734    1.15008732    1.15008732    1.15008732
    1.15008732    1.15008732    1.15008732    1.15008732    1.55360087
    1.55360087    1.55360087    1.68419705    1.68419705    1.68419705
    1.68419705    1.68419705    3.6397469     3.6397469     3.6397469
    3.6397469     3.6397469     3.6397469     3.6397469     4.87368264
   34.65067792   34.65067792   34.65067792   45.10207236  109.27306183]
    CPU time for scf_cycle      0.66 sec, wall time      0.70 sec
    CPU time for SCF      0.66 sec, wall time      0.70 sec
converged SCF energy = -328.297153741029
RHF E = -328.297153741
RHF eps = [  -8.39931382   -6.13355737   -6.13355737   -6.13355737   -2.66388172
   -2.66388172   -2.66388172   -2.66388172   -2.66388172   -1.00924118
   -0.45607147   -0.45607147   -0.45607147    0.2985842     0.2985842
    0.2985842     0.35306611    0.35306611    0.35306611    0.35306611
    0.35306611    0.51104734    1.15008732    1.15008732    1.15008732
    1.15008732    1.15008732    1.15008732    1.15008732    1.55360087
    1.55360087    1.55360087    1.68419705    1.68419705    1.68419705
    1.68419705    1.68419705    3.6397469     3.6397469     3.6397469
    3.6397469     3.6397469     3.6397469     3.6397469     4.87368264
   34.65067792   34.65067792   34.65067792   45.10207236  109.27306183]
    CPU time for CCSD integral transformation      0.95 sec, wall time      0.95 sec

******** <class 'pyscf.cc.rccsd_slow.RCCSD'> flags ********
CCSD nocc = 4, nvir = 37
frozen orbitals [0, 1, 2, 3, 4, 5, 6, 7, 8]
max_cycle = 50
direct = 0
conv_tol = 1e-07
conv_tol_normt = 1e-05
diis_space = 6
diis_start_cycle = 0
diis_start_energy_diff = 1e+09
Init t2, MP2 energy = -0.144959253082686
    CPU time for init mp2      0.00 sec, wall time      0.00 sec
E(MBPT2) = -328.4421129941115  E_corr = -0.1449592530826859
    CPU time for EOM-CCSD shared one-electron intermediates      0.00 sec, wall time      0.00 sec
    CPU time for EOM-CCSD shared two-electron intermediates      0.01 sec, wall time      0.00 sec
    CPU time for EOM-CCSD IP intermediates      0.00 sec, wall time      0.01 sec
tol 1e-07  toloose 0.000316228
max_cycle 50  max_space 38  max_memory 2000  incore True
davidson 0 6  |r|= 0.271  e= [   0.49674628    0.49674628    0.49674628    1.03217537  109.63356959
   45.48343508]  max|de|=  110  lindep=    1
davidson 1 12  |r|= 0.127  e= [   0.4455092     0.44551214    0.4455092     0.88367801  109.61533602
   45.46520131]  max|de|= -0.148  lindep= 0.935
davidson 2 17  |r|= 0.0289  e= [   0.44551167    0.44570839    0.44551167    0.86464044  109.61533679
   45.46558923]  max|de|= -0.019  lindep= 0.951
root 4 converged  |r|= 3.39e-07  e= 109.615336789  max|de|= -7.3e-12
root 5 converged  |r|= 1.85e-06  e= 45.4655892148  max|de|= -1.26e-08
davidson 3 22  |r|= 0.00573  e= [   0.44583683    0.44571911    0.44583683    0.86404002  109.61533679
   45.46558921]  max|de|= -0.0006  lindep= 0.961
davidson 4 25  |r|= 0.00264  e= [   0.44584419    0.44583756    0.4456982     0.86411148  109.61533679
   45.46558921]  max|de|= -0.000139  lindep= 0.939
davidson 5 29  |r|= 0.000299  e= [   0.44584471    0.44584428    0.44583635    0.86413145  109.61533679
   45.46558921]  max|de|= 0.000138  lindep= 0.928
root 0 converged  |r|= 2.7e-07  e= 0.445844753024  max|de|= 4.54e-08
davidson 6 33  |r|= 7.87e-05  e= [   0.44584475    0.44584471    0.44584414    0.86413029  109.61533679
   45.46558921]  max|de|= 7.79e-06  lindep= 0.89
root 0 converged  |r|= 2.7e-07  e= 0.445844753024  max|de|= -1.22e-15
root 1 converged  |r|= 3.41e-06  e= 0.445844710392  max|de|= 7.77e-16
root 2 converged  |r|= 3.43e-05  e= 0.44584413666  max|de|= -1.5e-15
root 3 converged  |r|= 7.87e-05  e= 0.864130289914  max|de|= 6.22e-15
root 4 converged  |r|= 3.39e-07  e= 109.615336789  max|de|= -9.95e-14
root 5 converged  |r|= 1.84e-06  e= 45.4655892148  max|de|= 5.68e-14
converge 7 6  |r|= 7.87e-05  e= [   0.44584475    0.44584471    0.44584414    0.86413029  109.61533679
   45.46558921]  max|de|= -9.95e-14
IP root 0 E = 0.4458447530237861  qpwt = 0.967513
IP root 1 E = 0.4458447103922155  qpwt = 0.967513
IP root 2 E = 0.4458441366595614  qpwt = 0.967515
IP root 3 E = 0.8641302899135656  qpwt = 0.70794
IP root 4 E = 109.6153367885647  qpwt = 6.78605e-24
IP root 5 E = 45.46558921477541  qpwt = 4.15552e-23
    CPU time for IP-CCSD      0.12 sec, wall time      0.12 sec
    CPU time for EOM-CCSD shared one-electron intermediates      0.00 sec, wall time      0.00 sec
    CPU time for EOM-CCSD EA intermediates      0.18 sec, wall time      0.19 sec
tol 1e-07  toloose 0.000316228
max_cycle 50  max_space 38  max_memory 2000  incore True
davidson 0 6  |r|= 0.195  e= [ 0.30284794  0.30284794  0.30284794  0.36613203  0.36613203  0.36613203]  max|de|= 0.366  lindep=    1
davidson 1 12  |r|= 0.0343  e= [ 0.28353137  0.28353137  0.28353384  0.3255722   0.32556292  0.3255722 ]  max|de|= -0.0406  lindep= 0.987
davidson 2 16  |r|= 0.0343  e= [ 0.28323607  0.28323607  0.28353366  0.32557271  0.32600238  0.32600238]  max|de|= 0.000439  lindep= 0.983
davidson 3 20  |r|= 0.00463  e= [ 0.28323606  0.28322697  0.28323606  0.32599987  0.32600298  0.32593246]  max|de|= 0.000427  lindep= 0.892
davidson 4 25  |r|= 0.00365  e= [ 0.28322696  0.28322926  0.28323605  0.32593111  0.32593111  0.32593703]  max|de|= -7.19e-05  lindep= 0.492
davidson 5 30  |r|= 0.000509  e= [ 0.28322925  0.28322973  0.28322694  0.32593091  0.3259402   0.32594033]  max|de|= -9.11e-06  lindep= 0.827
davidson 6 36  |r|= 5.61e-05  e= [ 0.28322973  0.28322986  0.28322925  0.32593998  0.32594001  0.32593998]  max|de|= 9.07e-06  lindep= 0.68
root 0 converged  |r|= 9.19e-06  e= 0.283229729885  max|de|= -1.17e-15
root 1 converged  |r|= 1.32e-06  e= 0.283229858479  max|de|= -5.55e-16
root 2 converged  |r|= 5.61e-05  e= 0.28322925072  max|de|= 5.55e-17
root 3 converged  |r|= 1.01e-05  e= 0.325939956533  max|de|= -2.14e-08
root 4 converged  |r|= 8.32e-06  e= 0.32593997798  max|de|= -3.01e-08
root 5 converged  |r|= 1.01e-05  e= 0.325939956533  max|de|= -2.14e-08
converge 7 5  |r|= 5.61e-05  e= [ 0.28322973  0.28322986  0.28322925  0.32593996  0.32593998  0.32593996]  max|de|= -3.01e-08
EA root 0 E = 0.2832297298851237  qpwt = 0.990346
EA root 1 E = 0.2832298584787609  qpwt = 0.990346
EA root 2 E = 0.2832292507201261  qpwt = 0.990348
EA root 3 E = 0.3259399565334668  qpwt = 0.980559
EA root 4 E = 0.325939977979777  qpwt = 0.980559
EA root 5 E = 0.3259399565334668  qpwt = 0.980559
    CPU time for EA-CCSD      1.07 sec, wall time      1.07 sec
