

******** <class 'pyscf.scf.hf.RHF'> flags ********
method = RHF
initial guess = minao
damping factor = 0
level shift factor = 0
DIIS = <class 'pyscf.scf.diis.CDIIS'>
DIIS start cycle = 1
DIIS space = 8
SCF tol = 1e-09
SCF gradient tol = None
max. SCF cycles = 50
direct_scf = True
direct_scf_tol = 1e-13
chkfile to save SCF result = /tmp/tmpa7PSVb
max_memory 4000 MB (current use 76 MB)
Set gradient conv threshold to 3.16228e-05
Nelec from initial guess = 17.999187411
cond(S) = 60.9559639158
E_coul = 202.931511759275
init E= -526.775584574737
    CPU time for initialize scf      0.06 sec, wall time      0.08 sec
  HOMO = -0.557830651435962  LUMO = 0.577075622062545
  mo_energy =
[-118.43724276  -12.21509432   -9.45674963   -9.45674963   -9.45674963
   -1.24055299   -0.55783065   -0.55783065   -0.55783065    0.57707562
    0.57707562    0.57707562    0.72215694    0.72215694    0.72215694
    0.72215694    0.72215694    0.86234278    2.41193514    2.41193514
    2.41193514    2.41193514    2.41193514    2.95980386    2.95980386
    2.95980386    2.95980386    2.95980386    2.95980386    2.95980386
    3.01484351    3.01484351    3.01484351   10.24637035   10.24637035
   10.24637035   10.24637035   10.24637035   13.63904565   13.63904565
   13.63904565   32.34198723]
E_coul = 201.006082631599
cycle= 1 E= -526.802117777635  delta_E= -0.0265  |g|= 0.095  |ddm|= 0.241
    CPU time for cycle= 1      0.00 sec, wall time      0.01 sec
diis-norm(errvec)=0.111856
diis-c [-0.01251171  1.        ]
  HOMO = -0.597969200054046  LUMO = 0.562921764408224
  mo_energy =
[-118.65641821  -12.35283736   -9.60299526   -9.60299526   -9.60299526
   -1.2862801    -0.5979692    -0.5979692    -0.5979692     0.56292176
    0.56292176    0.56292176    0.68535898    0.68535898    0.68535898
    0.68535898    0.68535898    0.83097958    2.35229108    2.35229108
    2.35229108    2.35229108    2.35229108    2.91552692    2.91552692
    2.91552692    2.91552692    2.91552692    2.91552692    2.91552692
    2.96068531    2.96068531    2.96068531   10.13677961   10.13677961
   10.13677961   10.13677961   10.13677961   13.52066919   13.52066919
   13.52066919   32.22727076]
E_coul = 201.546517121826
cycle= 2 E= -526.802707652585  delta_E= -0.00059  |g|= 0.0278  |ddm|= 0.0521
    CPU time for cycle= 2      0.01 sec, wall time      0.01 sec
diis-norm(errvec)=0.0303174
diis-c [ -8.32534746e-06   2.12536249e-01   7.87463751e-01]
  HOMO = -0.589676577518032  LUMO = 0.56587315016416
  mo_energy =
[-118.60674673  -12.32149211   -9.57064453   -9.57064453   -9.57064453
   -1.27636983   -0.58967658   -0.58967658   -0.58967658    0.56587315
    0.56587315    0.56587315    0.69302083    0.69302083    0.69302083
    0.69302083    0.69302083    0.83776705    2.36500855    2.36500855
    2.36500855    2.36500855    2.36500855    2.92463603    2.92463603
    2.92463603    2.92463603    2.92463603    2.92463603    2.92463603
    2.97209985    2.97209985    2.97209985   10.16085514   10.16085514
   10.16085514   10.16085514   10.16085514   13.54658605   13.54658605
   13.54658605   32.25327061]
E_coul = 201.422442323678
cycle= 3 E= -526.802760295636  delta_E= -5.26e-05  |g|= 0.000541  |ddm|= 0.0138
    CPU time for cycle= 3      0.01 sec, wall time      0.01 sec
diis-norm(errvec)=0.000640055
diis-c [ -5.24749226e-08  -1.68511863e-02  -4.22317196e-02   1.05908291e+00]
  HOMO = -0.589911590473872  LUMO = 0.565788730610905
  mo_energy =
[-118.60741118  -12.32196448   -9.57119932   -9.57119932   -9.57119932
   -1.27656105   -0.58991159   -0.58991159   -0.58991159    0.56578873
    0.56578873    0.56578873    0.69280928    0.69280928    0.69280928
    0.69280928    0.69280928    0.83763356    2.36471276    2.36471276
    2.36471276    2.36471276    2.36471276    2.92437886    2.92437886
    2.92437886    2.92437886    2.92437886    2.92437886    2.92437886
    2.97182024    2.97182024    2.97182024   10.1604005    10.1604005
   10.1604005    10.1604005    10.1604005    13.54610792   13.54610792
   13.54610792   32.25285905]
E_coul = 201.424081712712
cycle= 4 E= -526.8027603321  delta_E= -3.65e-08  |g|= 4.01e-05  |ddm|= 0.000472
    CPU time for cycle= 4      0.01 sec, wall time      0.01 sec
diis-norm(errvec)=3.72972e-05
diis-c [ -2.60320598e-10   1.39456782e-03   3.49705316e-03  -1.29271954e-01
   1.12438033e+00]
  HOMO = -0.58991486476665  LUMO = 0.565787808224261
  mo_energy =
[-118.60742735  -12.32196753   -9.57120567   -9.57120567   -9.57120567
   -1.27655435   -0.58991486   -0.58991486   -0.58991486    0.56578781
    0.56578781    0.56578781    0.69280827    0.69280827    0.69280827
    0.69280827    0.69280827    0.83763861    2.36471136    2.36471136
    2.36471136    2.36471136    2.36471136    2.9243778     2.9243778
    2.9243778     2.9243778     2.9243778     2.9243778     2.9243778
    2.97181771    2.97181771    2.97181771   10.16039749   10.16039749
   10.16039749   10.16039749   10.16039749   13.54610271   13.54610271
   13.54610271   32.25285794]
E_coul = 201.424085721426
cycle= 5 E= -526.802760332521  delta_E= -4.21e-10  |g|= 3.97e-06  |ddm|= 8.47e-05
    CPU time for cycle= 5      0.01 sec, wall time      0.01 sec
  HOMO = -0.589916133373694  LUMO = 0.565787541041996
  mo_energy =
[-118.60743215  -12.32197161   -9.57121003   -9.57121003   -9.57121003
   -1.27655505   -0.58991613   -0.58991613   -0.58991613    0.56578754
    0.56578754    0.56578754    0.69280734    0.69280734    0.69280734
    0.69280734    0.69280734    0.8376384     2.36470959    2.36470959
    2.36470959    2.36470959    2.36470959    2.92437673    2.92437673
    2.92437673    2.92437673    2.92437673    2.92437673    2.92437673
    2.97181622    2.97181622    2.97181622   10.16039395   10.16039395
   10.16039395   10.16039395   10.16039395   13.54609922   13.54609922
   13.54609922   32.25285462]
E_coul = 201.424102747286
Extra cycle  E= -526.802760332525  delta_E= -4.66e-12  |g|= 1.14e-06  |ddm|= 6.44e-06
    CPU time for scf_cycle      0.10 sec, wall time      0.14 sec
    CPU time for SCF      0.11 sec, wall time      0.29 sec
converged SCF energy = -526.802760332525
RHF E = -526.802760333
RHF eps = [-118.60743215  -12.32197161   -9.57121003   -9.57121003   -9.57121003
   -1.27655505   -0.58991613   -0.58991613   -0.58991613    0.56578754
    0.56578754    0.56578754    0.69280734    0.69280734    0.69280734
    0.69280734    0.69280734    0.8376384     2.36470959    2.36470959
    2.36470959    2.36470959    2.36470959    2.92437673    2.92437673
    2.92437673    2.92437673    2.92437673    2.92437673    2.92437673
    2.97181622    2.97181622    2.97181622   10.16039395   10.16039395
   10.16039395   10.16039395   10.16039395   13.54609922   13.54609922
   13.54609922   32.25285462]
    CPU time for GW integral transformation      0.29 sec, wall time      0.29 sec

******** <class 'pyscf.gw.gf2.GF2'> flags ********
method = GF2
GF2 nocc = 9, nvir = 33
use perturbative linearized QP eqn = False
use diagonal approximation for sigma = True
  HOMO = -0.567231125953806  LUMO = 0.538697288021528
  GW mo_energy =
[-117.53808715  -11.88378495   -9.12790611   -9.12790611   -9.12790611
   -1.11970928   -0.56723113   -0.56723113   -0.56723113    0.53869729
    0.53869729    0.53869729    0.62870357    0.62870357    0.62870357
    0.62870357    0.62870357    0.75027334    2.26718263    2.26718263
    2.26718263    2.26718263    2.26718263    2.89264759    2.89264759
    2.89264759    2.89264759    2.89264759    2.89264759    2.89264759
    2.85407971    2.85407971    2.85407971    9.88638031    9.88638031
    9.88638031    9.88638031    9.88638031   13.34030604   13.34030604
   13.34030604   31.76940458]
    CPU time for GF2      0.12 sec, wall time      0.12 sec
    CPU time for GW integral transformation      0.28 sec, wall time      0.29 sec

******** <class 'pyscf.gw.gf2.GF2'> flags ********
method = GF2
GF2 nocc = 9, nvir = 33
use perturbative linearized QP eqn = False
use diagonal approximation for sigma = True
  HOMO = -0.567231125953806  LUMO = 0.538697288021528
  GW mo_energy =
[ 0.          0.          0.          0.          0.          0.          0.
  0.         -0.56723113  0.53869729  0.          0.          0.          0.
  0.          0.          0.          0.          0.          0.          0.
  0.          0.          0.          0.          0.          0.          0.
  0.          0.          0.          0.          0.          0.          0.
  0.          0.          0.          0.          0.          0.          0.        ]
    CPU time for GF2      0.01 sec, wall time      0.01 sec
IP root 0 E =  -0.567231125954
EA root 0 E =  0.538697288022
