

******** <class 'pyscf.scf.hf.RHF'> flags ********
method = RHF
initial guess = minao
damping factor = 0
level shift factor = 0
DIIS = <class 'pyscf.scf.diis.CDIIS'>
DIIS start cycle = 1
DIIS space = 8
SCF tol = 1e-09
SCF gradient tol = None
max. SCF cycles = 50
direct_scf = True
direct_scf_tol = 1e-13
chkfile to save SCF result = /tmp/tmpA9Zc46
max_memory 4000 MB (current use 76 MB)
Set gradient conv threshold to 3.16228e-05
Nelec from initial guess = 13.9980872729
cond(S) = 4287.48531383
E_coul = 65.576216083007
init E= -124.193029571298
    CPU time for initialize scf      0.22 sec, wall time      0.25 sec
  HOMO = -0.296525882376186  LUMO = 0.0567736804155402
  mo_energy =
[ -2.64826759e+01  -7.65150183e+00  -1.86443591e+00  -8.65031000e-01
  -7.27275822e-01  -7.27275822e-01  -2.96525882e-01   5.67736804e-02
   5.67736804e-02   1.33451136e-01   1.79935019e-01   2.62315299e-01
   2.62315299e-01   4.71917017e-01   5.54615354e-01   5.54615354e-01
   5.71944005e-01   6.61382988e-01   6.61382988e-01   7.78508470e-01
   7.78508470e-01   8.26061380e-01   9.50392702e-01   1.10216102e+00
   1.14625747e+00   1.14625747e+00   1.38865263e+00   1.77113094e+00
   1.77113094e+00   1.94062400e+00   1.94062400e+00   1.94583238e+00
   1.94583238e+00   2.06659968e+00   2.06659968e+00   2.13904697e+00
   2.17653270e+00   2.17653270e+00   2.53402101e+00   2.53402101e+00
   2.59983829e+00   3.05558386e+00   3.07005418e+00   3.07005418e+00
   3.86287075e+00   3.86287075e+00   4.22257740e+00   4.71257391e+00
   7.24274150e+00   7.24274150e+00   7.34262133e+00   7.34262133e+00
   7.48696750e+00   7.48696750e+00   7.61275543e+00   8.80581499e+00
   8.80581499e+00   9.24413612e+00   9.24413612e+00   9.40043792e+00
   1.46721686e+01   5.87927316e+01]
E_coul = 66.7561559588326
cycle= 1 E= -124.127274462714  delta_E= 0.0658  |g|= 0.401  |ddm|= 0.936
    CPU time for cycle= 1      0.02 sec, wall time      0.02 sec
diis-norm(errvec)=0.941111
diis-c [-0.88568962  1.        ]
  HOMO = -0.431305612835984  LUMO = 0.0696426898081941
  mo_energy =
[-26.165812    -7.78991977  -1.62465381  -0.78198302  -0.67208875
  -0.67208875  -0.43130561   0.06964269   0.06964269   0.1408559    0.174001
   0.25292235   0.25292235   0.48252308   0.52623118   0.52623118
   0.60895656   0.66439272   0.66439272   0.81972362   0.81972362
   0.82935035   0.94242496   1.08219502   1.08219502   1.09010163
   1.43021631   1.76406311   1.76406311   1.88185263   1.88185263
   1.93304143   1.93304143   1.99265685   1.99265685   2.11759773
   2.15127513   2.15127513   2.58485099   2.59751411   2.59751411
   3.15297976   3.16506653   3.16506653   3.98588351   3.98588351
   4.36684402   4.82226899   7.401275     7.401275     7.49517264
   7.49517264   7.6336784    7.6336784    7.75561819   9.0156158
   9.0156158    9.44941437   9.44941437   9.60262087  14.53888637
  59.08960687]
E_coul = 65.2884032944046
cycle= 2 E= -124.152297485591  delta_E= -0.025  |g|= 0.262  |ddm|= 0.346
    CPU time for cycle= 2      0.02 sec, wall time      0.02 sec
diis-norm(errvec)=0.589757
diis-c [-0.06164522  0.37079134  0.62920866]
  HOMO = -0.411801801405929  LUMO = 0.0784953920314052
  mo_energy =
[-26.39968413  -7.72338622  -1.70526393  -0.85910291  -0.74873524
  -0.74873524  -0.4118018    0.07849539   0.07849539   0.13715862
   0.18471911   0.26546194   0.26546194   0.48999208   0.53661528
   0.53661528   0.59044649   0.66665367   0.66665367   0.79215983
   0.79215983   0.82523769   0.95124765   1.09971566   1.1105394
   1.1105394    1.40373757   1.76180619   1.76180619   1.90374526
   1.90374526   1.93200721   1.93200721   2.02482194   2.02482194
   2.14386875   2.17480208   2.17480208   2.55666002   2.55666002
   2.58844014   3.09384919   3.10731362   3.10731362   3.90462985
   3.90462985   4.2749187    4.75650667   7.30910503   7.30910503
   7.40796865   7.40796865   7.55103488   7.55103488   7.6763813
   8.88481384   8.88481384   9.3238386    9.3238386    9.48012883
  14.60144556  58.86808849]
E_coul = 66.0247809879368
cycle= 3 E= -124.161850677786  delta_E= -0.00955  |g|= 0.0337  |ddm|= 0.105
    CPU time for cycle= 3      0.01 sec, wall time      0.02 sec
diis-norm(errvec)=0.0699092
diis-c [-0.00267961 -0.05649938 -0.00702496  1.06352434]
  HOMO = -0.404112418765304  LUMO = 0.0834922400347698
  mo_energy =
[-26.37279572  -7.70431803  -1.69685347  -0.85275065  -0.74298193
  -0.74298193  -0.40411242   0.08349224   0.08349224   0.13680301
   0.18958594   0.27100966   0.27100966   0.49801902   0.54005901
   0.54005901   0.58926109   0.67166103   0.67166103   0.79059679
   0.79059679   0.82748308   0.95982572   1.11079473   1.11908671
   1.11908671   1.40374149   1.76777607   1.76777607   1.90936725
   1.90936725   1.94073302   1.94073302   2.03412735   2.03412735
   2.15645502   2.18552778   2.18552778   2.56025977   2.56025977
   2.59658891   3.09923311   3.11094942   3.11094942   3.91385899
   3.91385899   4.28125155   4.76944499   7.31528349   7.31528349
   7.41530004   7.41530004   7.56016306   7.56016306   7.68674736
   8.89619047   8.89619047   9.33525731   9.33525731   9.49207206
  14.6198696   58.8934572 ]
E_coul = 65.9434261176235
cycle= 4 E= -124.162230459261  delta_E= -0.00038  |g|= 0.00734  |ddm|= 0.053
    CPU time for cycle= 4      0.02 sec, wall time      0.02 sec
diis-norm(errvec)=0.0176794
diis-c [ -1.17937954e-04  -2.34887268e-02  -3.56929502e-02   4.35707611e-03
   1.05482460e+00]
  HOMO = -0.404728356040985  LUMO = 0.0827439439828249
  mo_energy =
[-26.37773657  -7.70878339  -1.69961378  -0.85499805  -0.74563649
  -0.74563649  -0.40472836   0.08274394   0.08274394   0.13622045
   0.19017304   0.2700937    0.2700937    0.49708631   0.53904526
   0.53904526   0.58890764   0.67083717   0.67083717   0.78977871
   0.78977871   0.82645149   0.95900208   1.10888037   1.11684572
   1.11684572   1.40275872   1.76581513   1.76581513   1.90737396
   1.90737396   1.93828432   1.93828432   2.03193752   2.03193752
   2.15582934   2.18481703   2.18481703   2.55863769   2.55863769
   2.59434867   3.09746561   3.10940735   3.10940735   3.91130911
   3.91130911   4.27961564   4.76609434   7.31325982   7.31325982
   7.4129671    7.4129671    7.55738295   7.55738295   7.68381127
   8.89366054   8.89366054   9.33287756   9.33287756   9.48960979
  14.61592655  58.88874715]
E_coul = 65.9477456527807
cycle= 5 E= -124.162256668549  delta_E= -2.62e-05  |g|= 0.00161  |ddm|= 0.0163
    CPU time for cycle= 5      0.02 sec, wall time      0.02 sec
diis-norm(errvec)=0.00400169
diis-c [ -4.74555924e-06   6.50613005e-03   1.25055758e-02  -2.28817760e-02
  -3.34406886e-01   1.33827696e+00]
  HOMO = -0.404941095280092  LUMO = 0.0824725410448447
  mo_energy =
[-26.37765912  -7.7101228   -1.69963315  -0.85504474  -0.74583679
  -0.74583679  -0.4049411    0.08247254   0.08247254   0.13608582
   0.19020866   0.26978845   0.26978845   0.49677375   0.53873601
   0.53873601   0.58883957   0.67058374   0.67058374   0.78968889
   0.78968889   0.82621914   0.95868684   1.1083327    1.11616864
   1.11616864   1.40264175   1.76542566   1.76542566   1.90675304
   1.90675304   1.93777672   1.93777672   2.03118638   2.03118638
   2.15537383   2.1843553    2.1843553    2.5584451    2.5584451
   2.5938577    3.09727459   3.10925494   3.10925494   3.9111661
   3.9111661    4.27955944   4.76586546   7.31333934   7.31333934
   7.41293352   7.41293352   7.55725724   7.55725724   7.68363442
   8.89376134   8.89376134   9.33289292   9.33289292   9.48957939
  14.61468811  58.88880854]
E_coul = 65.9449351117271
cycle= 6 E= -124.162258030313  delta_E= -1.36e-06  |g|= 0.000279  |ddm|= 0.00347
    CPU time for cycle= 6      0.02 sec, wall time      0.02 sec
diis-norm(errvec)=0.000710019
diis-c [ -1.22983158e-07  -8.52879193e-04  -2.20513293e-03   6.73909369e-03
   5.98624182e-02  -3.94896636e-01   1.33135314e+00]
  HOMO = -0.404885906902618  LUMO = 0.0825010828231788
  mo_energy =
[-26.37759719  -7.70989356  -1.69961611  -0.85499607  -0.74587718
  -0.74587718  -0.40488591   0.08250108   0.08250108   0.13608178
   0.1902357    0.26983001   0.26983001   0.49682934   0.53875656
   0.53875656   0.58883066   0.67060149   0.67060149   0.78967013
   0.78967013   0.82622411   0.95873442   1.10843117   1.1162535
   1.1162535    1.40263675   1.76545945   1.76545945   1.90679434
   1.90679434   1.93782881   1.93782881   2.03126413   2.03126413
   2.15545392   2.18442286   2.18442286   2.55845237   2.55845237
   2.59391376   3.09730345   3.10926034   3.10926034   3.91118124
   3.91118124   4.27958894   4.76590503   7.31334689   7.31334689
   7.41293289   7.41293289   7.55725446   7.55725446   7.68363847
   8.89377876   8.89377876   9.33290801   9.33290801   9.48959602
  14.61490111  58.88886787]
E_coul = 65.9450231163933
cycle= 7 E= -124.162258073184  delta_E= -4.29e-08  |g|= 4.54e-05  |ddm|= 0.000474
    CPU time for cycle= 7      0.01 sec, wall time      0.02 sec
diis-norm(errvec)=0.000106575
diis-c [ -1.74691814e-09   8.80678603e-05   2.51289319e-04  -1.18476100e-03
  -8.53701395e-03   7.45476222e-02  -3.69817892e-01   1.30465269e+00]
  HOMO = -0.404885860259696  LUMO = 0.0824992817337759
  mo_energy =
[-26.37759798  -7.7099002   -1.69961109  -0.85497854  -0.74587398
  -0.74587398  -0.40488586   0.08249928   0.08249928   0.13608261
   0.19023425   0.26982877   0.26982877   0.49682835   0.53875651
   0.53875651   0.58883345   0.67059988   0.67059988   0.78967347
   0.78967347   0.82622537   0.95873503   1.10842872   1.11625194
   1.11625194   1.40264035   1.76546193   1.76546193   1.90679338
   1.90679338   1.93782935   1.93782935   2.03126174   2.03126174
   2.155448     2.1844182    2.1844182    2.55845759   2.55845759
   2.59391454   3.09731102   3.10926649   3.10926649   3.91118481
   3.91118481   4.27959727   4.76590908   7.31335884   7.31335884
   7.41294227   7.41294227   7.55726234   7.55726234   7.68364578
   8.89378807   8.89378807   9.33291493   9.33291493   9.48960218
  14.61489329  58.88886725]
E_coul = 65.945059831904
cycle= 8 E= -124.162258074066  delta_E= -8.82e-10  |g|= 6.09e-06  |ddm|= 6.35e-05
    CPU time for cycle= 8      0.02 sec, wall time      0.02 sec
  HOMO = -0.404886133224547  LUMO = 0.0824991562969211
  mo_energy =
[-26.37760222  -7.70990032  -1.69961304  -0.85497954  -0.74587596
  -0.74587596  -0.40488613   0.08249916   0.08249916   0.13608272
   0.19023416   0.26982865   0.26982865   0.49682825   0.53875643
   0.53875643   0.58883349   0.67059967   0.67059967   0.7896733
   0.7896733    0.82622513   0.95873495   1.10842846   1.11625174
   1.11625174   1.40264011   1.76546146   1.76546146   1.90679322
   1.90679322   1.93782865   1.93782865   2.03126158   2.03126158
   2.15544809   2.18441832   2.18441832   2.55845677   2.55845677
   2.59391392   3.09730994   3.10926541   3.10926541   3.9111831
   3.9111831    4.27959568   4.76590743   7.31335726   7.31335726
   7.41294056   7.41294056   7.55726056   7.55726056   7.68364399
   8.89378562   8.89378562   9.33291233   9.33291233   9.48959957
  14.61489338  58.88886334]
E_coul = 65.9450745777932
Extra cycle  E= -124.162258074079  delta_E= -1.35e-11  |g|= 2.65e-06  |ddm|= 1.03e-05
    CPU time for scf_cycle      0.38 sec, wall time      0.41 sec
    CPU time for SCF      0.38 sec, wall time      0.58 sec
converged SCF energy = -124.162258074079
RHF E = -124.162258074
RHF eps = [-26.37760222  -7.70990032  -1.69961304  -0.85497954  -0.74587596
  -0.74587596  -0.40488613   0.08249916   0.08249916   0.13608272
   0.19023416   0.26982865   0.26982865   0.49682825   0.53875643
   0.53875643   0.58883349   0.67059967   0.67059967   0.7896733
   0.7896733    0.82622513   0.95873495   1.10842846   1.11625174
   1.11625174   1.40264011   1.76546146   1.76546146   1.90679322
   1.90679322   1.93782865   1.93782865   2.03126158   2.03126158
   2.15544809   2.18441832   2.18441832   2.55845677   2.55845677
   2.59391392   3.09730994   3.10926541   3.10926541   3.9111831
   3.9111831    4.27959568   4.76590743   7.31335726   7.31335726
   7.41294056   7.41294056   7.55726056   7.55726056   7.68364399
   8.89378562   8.89378562   9.33291233   9.33291233   9.48959957
  14.61489338  58.88886334]
    CPU time for GW integral transformation      1.66 sec, wall time      1.66 sec

******** <class 'pyscf.gw.gf2.GF2'> flags ********
method = GF2
GF2 nocc = 7, nvir = 55
use perturbative linearized QP eqn = False
use diagonal approximation for sigma = True
  HOMO = -0.404229113954893  LUMO = 0.05674633672307
  GW mo_energy =
[ -2.54633546e+01  -7.46641115e+00  -1.49102359e+00  -7.34191519e-01
  -6.37971467e-01  -6.37971467e-01  -4.04229114e-01   5.67463367e-02
   5.67463367e-02   1.21952178e-01   1.74946077e-01   2.28123373e-01
   2.28123373e-01   4.41295339e-01   4.78715756e-01   4.78715756e-01
   5.76524284e-01   6.43795022e-01   6.43795022e-01   7.53526902e-01
   7.53526902e-01   7.93580626e-01   8.85850922e-01   1.10163443e+00
   1.05825724e+00   1.05825724e+00   1.32253737e+00   1.74980466e+00
   1.74980466e+00   1.88321329e+00   1.88321329e+00   1.85664884e+00
   1.85664884e+00   1.97786661e+00   1.95400251e+00   2.09204126e+00
   2.18591740e+00   2.18591740e+00   2.43211185e+00   2.43211185e+00
   2.48877952e+00   2.95240837e+00   3.03441422e+00   3.03441422e+00
   3.90513963e+00   3.90513963e+00   4.12670775e+00   4.69974554e+00
   7.14485967e+00   7.14485967e+00   7.28799112e+00   7.28799112e+00
   7.41037191e+00   7.41037191e+00   7.55125738e+00   8.54833803e+00
   8.54833803e+00   9.06646344e+00   9.06646344e+00   9.26521659e+00
   1.43983063e+01   5.80407132e+01]
    CPU time for GF2      0.51 sec, wall time      0.51 sec
    CPU time for GW integral transformation      1.67 sec, wall time      1.67 sec

******** <class 'pyscf.gw.gf2.GF2'> flags ********
method = GF2
GF2 nocc = 7, nvir = 55
use perturbative linearized QP eqn = False
use diagonal approximation for sigma = True
  HOMO = -0.404229113954893  LUMO = 0.05674633672307
  GW mo_energy =
[ 0.          0.          0.          0.          0.          0.
 -0.40422911  0.05674634  0.          0.          0.          0.          0.
  0.          0.          0.          0.          0.          0.          0.
  0.          0.          0.          0.          0.          0.          0.
  0.          0.          0.          0.          0.          0.          0.
  0.          0.          0.          0.          0.          0.          0.
  0.          0.          0.          0.          0.          0.          0.
  0.          0.          0.          0.          0.          0.          0.
  0.          0.          0.          0.          0.          0.          0.        ]
    CPU time for GF2      0.00 sec, wall time      0.01 sec
IP root 0 E =  -0.404229113955
EA root 0 E =  0.0567463367231
