

******** <class 'pyscf.scf.hf.RHF'> flags ********
method = RHF
initial guess = minao
damping factor = 0
level shift factor = 0
DIIS = <class 'pyscf.scf.diis.CDIIS'>
DIIS start cycle = 1
DIIS space = 8
SCF tol = 1e-09
SCF gradient tol = None
max. SCF cycles = 50
direct_scf = True
direct_scf_tol = 1e-13
chkfile to save SCF result = /tmp/tmpRPujTr
max_memory 4000 MB (current use 76 MB)
Set gradient conv threshold to 3.16228e-05
Nelec from initial guess = 7.9996065129
cond(S) = 1928.96575932
E_coul = 14.9153298674311
init E= -26.1175490901535
    CPU time for initialize scf      0.24 sec, wall time      0.25 sec
  HOMO = -0.379711514538638  LUMO = -0.0256933604841006
  mo_energy =
[ -7.67386101  -0.88806526  -0.37971265  -0.37971151  -0.02569336
   0.1279987    0.16304603   0.16304723   0.21655548   0.24867489
   0.25048139   0.25048243   0.51195976   0.51196056   0.52476158
   0.52476281   0.54911212   0.73002107   0.75542953   0.844911
   0.84492041   0.90536282   0.9053629    0.90983113   1.09203672
   1.11404793   1.11405346   1.12857609   1.40299027   1.40300452
   1.58415566   1.61752294   1.61752418   1.97332477   1.97332606
   2.07837108   2.11872127   2.11872892   2.2278618    2.23094926
   2.23096761   2.37095667   2.42017053   2.44033882   2.44034723
   3.08505948   3.08507225   3.26265142   3.4170283    3.73113579
   3.73114188   3.81665356   3.81668351   3.98461472   4.01132427
   4.06088509   4.13555192   4.13558251   4.20577481   4.20577952
   4.32373643   4.51603447   4.51603803   4.70797834   4.70800903
   4.8183054    4.81834161   4.83004775   5.06052457   5.06054627
   5.36079479   5.72336107  16.3704252 ]
E_coul = 14.9585515680605
cycle= 1 E= -26.3844912117121  delta_E= -0.267  |g|= 0.185  |ddm|= 1.06
    CPU time for cycle= 1      0.03 sec, wall time      0.03 sec
diis-norm(errvec)=0.678421
diis-c [-0.46025494  1.        ]
  HOMO = -0.514126981503134  LUMO = 0.0369472929707821
  mo_energy =
[ -7.67773457  -0.73386188  -0.51412773  -0.51412698   0.03694729
   0.13227383   0.16626573   0.16626667   0.24520097   0.26340793
   0.26340858   0.26589065   0.51225945   0.51226035   0.54597206
   0.54597325   0.57074359   0.75532051   0.76782352   0.86418776
   0.86419398   0.90879799   0.90880107   0.93443514   1.10746734
   1.12141035   1.12638166   1.12638651   1.42381415   1.42382872
   1.6069306    1.64354609   1.64354757   1.9790434    1.97904408
   2.10157739   2.12619844   2.12620473   2.21627981   2.24144055
   2.24145909   2.40673484   2.43340295   2.45522141   2.45523043
   3.14219977   3.14221551   3.30939973   3.46360656   3.77273494
   3.77274276   3.86288279   3.86291376   4.03467256   4.06768114
   4.11138212   4.19970995   4.19974234   4.25536003   4.2553629
   4.36155118   4.56964038   4.56964268   4.74187816   4.74191056
   4.86199311   4.86203132   4.88936296   5.11250377   5.11252427
   5.40982587   5.77931929  16.36141534]
E_coul = 15.2394272222534
cycle= 2 E= -26.3996956586368  delta_E= -0.0152  |g|= 0.046  |ddm|= 0.194
    CPU time for cycle= 2      0.03 sec, wall time      0.03 sec
diis-norm(errvec)=0.178897
diis-c [-0.02534398 -0.14122741  1.14122741]
  HOMO = -0.493933418000162  LUMO = 0.0569698494546699
  mo_energy =
[ -7.59186316  -0.70138854  -0.4939339   -0.49393342   0.05696985
   0.13757221   0.16971089   0.16971165   0.25649329   0.27286789
   0.27286828   0.28774916   0.52837133   0.52837225   0.56166876
   0.56166974   0.58603891   0.77157115   0.78697431   0.88774621
   0.88775208   0.92007411   0.92007733   0.94617165   1.12524435
   1.13850698   1.13851174   1.15774767   1.43473615   1.43475117
   1.63004114   1.66965242   1.66965443   2.01926707   2.01926768
   2.13396525   2.15762387   2.15762988   2.24417429   2.27142565
   2.27144427   2.4377763    2.47045089   2.49519673   2.49520618
   3.16302993   3.16304588   3.33043272   3.48352877   3.79177158
   3.79177978   3.88407521   3.88410662   4.05196771   4.09536809
   4.12461433   4.22832906   4.22836159   4.2726271    4.27262996
   4.37899307   4.59103164   4.59103259   4.76702446   4.7670576
   4.88736601   4.88740456   4.92471557   5.14471348   5.14473246
   5.43576163   5.80648632  16.44000621]
E_coul = 15.2067696236339
cycle= 3 E= -26.4006541338248  delta_E= -0.000958  |g|= 0.00846  |ddm|= 0.0711
    CPU time for cycle= 3      0.02 sec, wall time      0.03 sec
diis-norm(errvec)=0.0306911
diis-c [ -1.26730641e-04  -3.54200845e-02  -5.33032942e-02   1.08872338e+00]
  HOMO = -0.498497061092176  LUMO = 0.054060918212989
  mo_energy =
[ -7.61218196  -0.70454323  -0.49849764  -0.49849706   0.05406092
   0.13711091   0.1693615    0.16936227   0.25603848   0.27183128
   0.27183163   0.28397623   0.52580283   0.52580371   0.55958585
   0.55958687   0.58372614   0.77034804   0.78442402   0.88337209
   0.88337786   0.91876355   0.91876678   0.9456386    1.12383116
   1.13744734   1.13745219   1.14896076   1.43405163   1.43406646
   1.62676884   1.66537654   1.66537836   2.01162339   2.01162395
   2.12867143   2.15196487   2.15197086   2.23864759   2.26635729
   2.26637588   2.43344174   2.46388387   2.48779949   2.48780884
   3.16234249   3.16235828   3.32938031   3.48261954   3.79089958
   3.79090757   3.88290094   3.8829322    4.05161587   4.09344696
   4.12521132   4.226216     4.22624845   4.27266419   4.27266718
   4.37812708   4.58997592   4.58997719   4.76433231   4.76436519
   4.88469124   4.88472959   4.92088352   5.14096556   5.14098484
   5.4333921    5.80428024  16.4215758 ]
E_coul = 15.2165247238545
cycle= 4 E= -26.4006922218733  delta_E= -3.81e-05  |g|= 0.000704  |ddm|= 0.0147
    CPU time for cycle= 4      0.03 sec, wall time      0.03 sec
diis-norm(errvec)=0.00269481
diis-c [ -1.61148527e-06   9.57865851e-03  -4.58384169e-04  -2.26458657e-01
   1.21733838e+00]
  HOMO = -0.498396744596068  LUMO = 0.0541204394018108
  mo_energy =
[ -7.61133762  -0.70427656  -0.49839731  -0.49839674   0.05412044
   0.13714803   0.1693633    0.16936406   0.25606173   0.2718248
   0.27182515   0.28409981   0.52584375   0.52584463   0.55960382
   0.55960485   0.5837362    0.77036479   0.78453936   0.88343145
   0.88343723   0.91876773   0.91877095   0.94564596   1.12383435
   1.13744673   1.13745158   1.14923203   1.43406174   1.43407657
   1.6268428    1.66547943   1.66548126   2.01180285   2.01180341
   2.12879707   2.15207931   2.15208531   2.23875206   2.26644965
   2.26646825   2.43352908   2.46405703   2.48797602   2.48798537
   3.16228183   3.16229763   3.32931585   3.48257865   3.79084988
   3.79085788   3.88285932   3.88289059   4.05157264   4.09339428
   4.12513762   4.22619286   4.22622531   4.27257317   4.27257616
   4.37808622   4.58994208   4.58994334   4.76432697   4.76435986
   4.88472643   4.88476479   4.92092369   5.14101426   5.14103353
   5.43339096   5.80426204  16.42235391]
E_coul = 15.216148015418
cycle= 5 E= -26.4006925187816  delta_E= -2.97e-07  |g|= 8.9e-05  |ddm|= 0.00138
    CPU time for cycle= 5      0.04 sec, wall time      0.03 sec
diis-norm(errvec)=0.000347297
diis-c [ -3.32009993e-08  -1.60253010e-03   9.80257643e-04   3.21601853e-02
  -2.75726321e-01   1.24418841e+00]
  HOMO = -0.498407287637622  LUMO = 0.0541223060209432
  mo_energy =
[ -7.61137303  -0.70427876  -0.49840786  -0.49840729   0.05412231
   0.13715293   0.16936613   0.16936689   0.25606851   0.27182372
   0.27182406   0.2841067    0.52584816   0.52584904   0.55960309
   0.55960411   0.58374281   0.77037146   0.78455032   0.88343644
   0.88344221   0.91877159   0.91877481   0.94564921   1.12383367
   1.13744817   1.13745302   1.14923443   1.43406495   1.43407978
   1.62684302   1.66547528   1.6654771    2.01181196   2.01181251
   2.1288076    2.15208932   2.15209531   2.238762     2.26645741
   2.26647601   2.43353745   2.46406596   2.4879815    2.48799085
   3.16227753   3.16229333   3.32930919   3.48257616   3.7908454
   3.7908534    3.88285588   3.88288714   4.05156873   4.09338966
   4.12512846   4.22618983   4.22622229   4.27256344   4.27256643
   4.3780764    4.58993415   4.58993542   4.76432268   4.76435557
   4.88471678   4.88475514   4.92092009   5.14101098   5.14103024
   5.43338323   5.80426241  16.42231746]
E_coul = 15.216171298005
cycle= 6 E= -26.4006925247423  delta_E= -5.96e-09  |g|= 1.26e-05  |ddm|= 0.000214
    CPU time for cycle= 6      0.02 sec, wall time      0.03 sec
diis-norm(errvec)=5.10685e-05
diis-c [ -1.80957221e-10   2.27209547e-04  -1.80722812e-04  -3.93404375e-03
   4.98203068e-02  -3.53927989e-01   1.30799524e+00]
  HOMO = -0.498406476304397  LUMO = 0.0541212887000368
  mo_energy =
[ -7.61137333  -0.70428005  -0.49840705  -0.49840648   0.05412129
   0.13715236   0.16936563   0.16936639   0.25606667   0.27182114
   0.27182148   0.28410572   0.52584665   0.52584753   0.55960099
   0.55960202   0.5837411    0.77036979   0.78454888   0.8834339
   0.88343967   0.91877012   0.91877334   0.94564725   1.1238313
   1.13744624   1.13745109   1.14923323   1.43406314   1.43407797
   1.62683987   1.66547201   1.66547383   2.01180962   2.01181018
   2.12880529   2.15208716   2.15209316   2.23876044   2.26645501
   2.26647361   2.43353454   2.46406366   2.48797882   2.48798818
   3.1622727    3.1622885    3.32930428   3.48257192   3.79084104
   3.79084903   3.88285141   3.88288268   4.05156424   4.09338442
   4.1251235    4.2261846    4.22621705   4.27255822   4.2725612
   4.37807165   4.58992908   4.58993035   4.76431826   4.76435115
   4.88471198   4.88475034   4.92091491   5.14100616   5.14102543
   5.43337807   5.80425781  16.42231748]
E_coul = 15.2161734059708
cycle= 7 E= -26.4006925248683  delta_E= -1.26e-10  |g|= 1.03e-06  |ddm|= 3.33e-05
    CPU time for cycle= 7      0.03 sec, wall time      0.03 sec
  HOMO = -0.498406445992295  LUMO = 0.0541214986787631
  mo_energy =
[ -7.61137275  -0.70428011  -0.49840702  -0.49840645   0.0541215
   0.13715239   0.16936571   0.16936647   0.25606685   0.27182131
   0.27182166   0.28410589   0.5258468    0.52584768   0.55960116
   0.55960218   0.58374131   0.77036998   0.78454905   0.88343427
   0.88344004   0.91877026   0.91877348   0.94564742   1.12383144
   1.13744638   1.13745123   1.14923355   1.4340633    1.43407813
   1.62684011   1.6654723    1.66547412   2.01181001   2.01181057
   2.12880565   2.15208749   2.15209348   2.23876069   2.26645533
   2.26647392   2.43353491   2.464064     2.48797924   2.4879886
   3.16227297   3.16228877   3.32930452   3.48257218   3.79084128
   3.79084928   3.88285168   3.88288295   4.05156449   4.09338473
   4.1251237    4.22618494   4.22621739   4.27255844   4.27256142
   4.37807186   4.58992934   4.58993061   4.76431853   4.76435141
   4.88471226   4.88475061   4.92091528   5.14100652   5.14102579
   5.43337835   5.80425813  16.42231804]
E_coul = 15.2161732007188
Extra cycle  E= -26.4006925248688  delta_E= -5.04e-13  |g|= 2.34e-07  |ddm|= 2.98e-06
    CPU time for scf_cycle      0.47 sec, wall time      0.47 sec
    CPU time for SCF      0.47 sec, wall time      0.67 sec
converged SCF energy = -26.4006925248688
RHF E = -26.4006925249
RHF eps = [ -7.61137275  -0.70428011  -0.49840702  -0.49840645   0.0541215
   0.13715239   0.16936571   0.16936647   0.25606685   0.27182131
   0.27182166   0.28410589   0.5258468    0.52584768   0.55960116
   0.55960218   0.58374131   0.77036998   0.78454905   0.88343427
   0.88344004   0.91877026   0.91877348   0.94564742   1.12383144
   1.13744638   1.13745123   1.14923355   1.4340633    1.43407813
   1.62684011   1.6654723    1.66547412   2.01181001   2.01181057
   2.12880565   2.15208749   2.15209348   2.23876069   2.26645533
   2.26647392   2.43353491   2.464064     2.48797924   2.4879886
   3.16227297   3.16228877   3.32930452   3.48257218   3.79084128
   3.79084928   3.88285168   3.88288295   4.05156449   4.09338473
   4.1251237    4.22618494   4.22621739   4.27255844   4.27256142
   4.37807186   4.58992934   4.58993061   4.76431853   4.76435141
   4.88471226   4.88475061   4.92091528   5.14100652   5.14102579
   5.43337835   5.80425813  16.42231804]
    CPU time for GW integral transformation      3.50 sec, wall time      3.50 sec

******** <class 'pyscf.gw.gf2.GF2'> flags ********
method = GF2
GF2 nocc = 4, nvir = 69
use perturbative linearized QP eqn = False
use diagonal approximation for sigma = True
  HOMO = -0.486706115522182  LUMO = 0.0150904899789543
  GW mo_energy =
[ -7.31835590e+00  -6.76622244e-01  -4.86706020e-01  -4.86706116e-01
   1.50904900e-02   1.24712217e-01   1.60040185e-01   1.60041003e-01
   2.30839322e-01   2.47185687e-01   2.47186373e-01   2.32456458e-01
   4.84828530e-01   4.84829592e-01   5.20271227e-01   5.20272446e-01
   5.37198709e-01   7.23356853e-01   7.28731009e-01   8.00230448e-01
   8.00235114e-01   8.75592194e-01   8.75592497e-01   9.48823620e-01
   1.11395084e+00   1.13740518e+00   1.13740456e+00   1.16259798e+00
   1.43437935e+00   1.43437930e+00   1.62702850e+00   1.66570291e+00
   1.66570327e+00   1.93993596e+00   2.02555349e+00   2.07673939e+00
   2.09290978e+00   2.09291205e+00   2.22518947e+00   2.23954613e+00
   2.23955856e+00   2.35994788e+00   2.44071937e+00   2.47550556e+00
   2.47550591e+00   3.14243521e+00   3.14243771e+00   3.30011767e+00
   3.48739125e+00   3.72487778e+00   3.72488209e+00   3.81610873e+00
   3.81613286e+00   3.99078405e+00   4.00332271e+00   4.04989220e+00
   4.22639887e+00   4.22640282e+00   4.25708262e+00   4.25708456e+00
   4.36258149e+00   4.59002565e+00   4.59002592e+00   4.76489555e+00
   4.76489630e+00   4.85885850e+00   4.76874492e+00   4.90847387e+00
   5.03721305e+00   5.11582965e+00   5.43731488e+00   5.76257320e+00
   1.61718229e+01]
    CPU time for GF2      0.47 sec, wall time      0.47 sec
    CPU time for GW integral transformation      3.39 sec, wall time      3.39 sec

******** <class 'pyscf.gw.gf2.GF2'> flags ********
method = GF2
GF2 nocc = 4, nvir = 69
use perturbative linearized QP eqn = False
use diagonal approximation for sigma = True
  HOMO = -0.486706115522182  LUMO = 0.0150904899789543
  GW mo_energy =
[ 0.          0.          0.         -0.48670612  0.01509049  0.          0.
  0.          0.          0.          0.          0.          0.          0.
  0.          0.          0.          0.          0.          0.          0.
  0.          0.          0.          0.          0.          0.          0.
  0.          0.          0.          0.          0.          0.          0.
  0.          0.          0.          0.          0.          0.          0.
  0.          0.          0.          0.          0.          0.          0.
  0.          0.          0.          0.          0.          0.          0.
  0.          0.          0.          0.          0.          0.          0.
  0.          0.          0.          0.          0.          0.          0.
  0.          0.          0.        ]
    CPU time for GF2      0.00 sec, wall time      0.01 sec
IP root 0 E =  -0.486706115522
EA root 0 E =  0.015090489979
