

******** <class 'pyscf.scf.hf.RHF'> flags ********
method = RHF
initial guess = minao
damping factor = 0
level shift factor = 0
DIIS = <class 'pyscf.scf.diis.CDIIS'>
DIIS start cycle = 1
DIIS space = 8
SCF tol = 1e-09
SCF gradient tol = None
max. SCF cycles = 50
direct_scf = True
direct_scf_tol = 1e-13
chkfile to save SCF result = /tmp/tmpuwQ9ve
max_memory 4000 MB (current use 76 MB)
Set gradient conv threshold to 3.16228e-05
Nelec from initial guess = 11.9998396384
cond(S) = 7203.45232378
E_coul = 41.7600300312069
init E= -78.9518004144078
    CPU time for initialize scf      0.22 sec, wall time      0.25 sec
  HOMO = -0.311430146646002  LUMO = -0.188120482098202
  mo_energy =
[-15.61349563  -7.6611767   -1.27942974  -0.46290473  -0.31143015
  -0.31143015  -0.18812048   0.10160503   0.10160503   0.14661364
   0.18737536   0.26141953   0.26141953   0.41482164   0.53530588
   0.53530588   0.5495678    0.5495678    0.55868272   0.62945174
   0.71224815   0.71224815   0.95101413   1.05924438   1.11219432
   1.11219432   1.1820885    1.30779263   1.30779263   1.5984112
   1.5984112    1.86167146   1.93994681   1.93994681   2.05655968
   2.05655968   2.12661809   2.12661809   2.14147908   2.14147908
   2.2865119    2.3852966    2.38959405   2.38959405   2.80294519
   2.80294519   2.83807619   3.4875541    4.2468473    4.2468473
   4.51712277   4.51712277   4.94128545   4.94128545   4.94922856
   4.94922856   5.22556742   5.27480972   5.27480972   5.56372083
  14.52994683  32.90565891]
E_coul = 42.5362148135031
cycle= 1 E= -78.8157286426344  delta_E= 0.136  |g|= 0.514  |ddm|=  1.2
    CPU time for cycle= 1      0.02 sec, wall time      0.02 sec
diis-norm(errvec)=1.56694
diis-c [-2.45531049  1.        ]
  HOMO = -0.380360684925345  LUMO = -0.127548160495158
  mo_energy =
[-15.32515151  -7.92325854  -1.00916784  -0.44546109  -0.38036068
  -0.38036068  -0.12754816   0.09503961   0.09503961   0.10689753
   0.16371145   0.21756853   0.21756853   0.46890933   0.48582349
   0.48582349   0.55604128   0.62280367   0.62280367   0.68579966
   0.68579966   0.72015682   0.79622828   0.99956327   0.99956327
   1.0881306    1.18639408   1.42662579   1.42662579   1.67350206
   1.67350206   1.82592936   1.82592936   1.88943003   1.88943003
   1.89501891   1.97122887   1.97122887   2.09798617   2.09798617
   2.20300589   2.49445063   2.49445063   2.59565049   2.79766961
   2.87213165   2.87213165   3.61155543   4.4835081    4.4835081
   4.71694019   4.71694019   5.11576892   5.11576892   5.20953323
   5.20953323   5.38799707   5.50120919   5.50120919   5.74535914
  14.26029337  33.17975655]
E_coul = 40.1582429424399
cycle= 2 E= -78.727278165811  delta_E= 0.0885  |g|= 0.836  |ddm|= 0.756
    CPU time for cycle= 2      0.01 sec, wall time      0.02 sec
diis-norm(errvec)=2.5188
diis-c [-0.10561557  0.6196931   0.3803069 ]
  HOMO = -0.447697968940296  LUMO = -0.121788533444236
  mo_energy =
[-15.64192576  -7.76877871  -1.09890594  -0.49291493  -0.44769797
  -0.44769797  -0.12178853   0.10072467   0.10072467   0.1463563
   0.16073396   0.24229471   0.24229471   0.44513592   0.52085109
   0.52085109   0.54519888   0.57621546   0.57621546   0.66096376
   0.6824264    0.6824264    0.880459     1.062949     1.062949
   1.06801487   1.17979745   1.3503766    1.3503766    1.62089639
   1.62089639   1.86665498   1.89317517   1.89317517   1.98277411
   1.98277411   2.0339579    2.0339579    2.11291714   2.11291714
   2.2157137    2.40082582   2.40082582   2.42036887   2.80828034
   2.80828034   2.8199698    3.51063725   4.32372879   4.32372879
   4.57671253   4.57671253   4.98088139   4.98088139   5.00333337
   5.00333337   5.2569459    5.31658658   5.31658658   5.58626293
  14.4093419   32.8775629 ]
E_coul = 41.8931609899635
cycle= 3 E= -78.9049157388749  delta_E= -0.178  |g|= 0.0445  |ddm|= 0.432
    CPU time for cycle= 3      0.02 sec, wall time      0.02 sec
diis-norm(errvec)=0.123341
diis-c [-0.01046983  0.08447836  0.06608692  0.84943471]
  HOMO = -0.435941545287069  LUMO = -0.104292235368877
  mo_energy =
[-15.60623427  -7.72634621  -1.08070187  -0.4855433   -0.43594155
  -0.43594155  -0.10429224   0.11044195   0.11044195   0.15032979
   0.16459682   0.25226407   0.25226407   0.44637541   0.52990764
   0.52990764   0.55254389   0.57795087   0.57795087   0.66241171   0.692
   0.692        0.89467514   1.08110358   1.08110358   1.08285965
   1.19448985   1.35928505   1.35928505   1.63186181   1.63186181
   1.87720255   1.91001598   1.91001598   2.0025451    2.0025451
   2.04732715   2.04732715   2.12833843   2.12833843   2.23049126
   2.41768407   2.41768407   2.42648649   2.8249041    2.8249041
   2.84558073   3.53342567   4.33348784   4.33348784   4.59376632
   4.59376632   5.00567829   5.00567829   5.01579624   5.01579624
   5.28406078   5.32846737   5.32846737   5.60307598  14.4482859
  32.91106312]
E_coul = 41.8359329848865
cycle= 4 E= -78.9060422213709  delta_E= -0.00113  |g|= 0.0228  |ddm|= 0.0495
    CPU time for cycle= 4      0.02 sec, wall time      0.02 sec
diis-norm(errvec)=0.0699301
diis-c [-0.00408414 -0.03843605 -0.01543023 -0.19892509  1.25279137]
  HOMO = -0.435321182418061  LUMO = -0.103191891002696
  mo_energy =
[-15.6069653   -7.72304291  -1.08073696  -0.48793098  -0.43532118
  -0.43532118  -0.10319189   0.11158414   0.11158414   0.15041564
   0.16515895   0.2526298    0.2526298    0.44695955   0.5300391
   0.5300391    0.55247298   0.57824759   0.57824759   0.66236585
   0.6921994    0.6921994    0.89568197   1.08219307   1.08219307
   1.08309277   1.19532013   1.35955556   1.35955556   1.63287596
   1.63287596   1.87810589   1.91152671   1.91152671   2.00358145
   2.00358145   2.0466195    2.0466195    2.12930728   2.12930728
   2.22948828   2.41838735   2.41838735   2.42754747   2.82536219
   2.82536219   2.84744764   3.53379923   4.33184845   4.33184845
   4.59367172   4.59367172   5.00615309   5.00615309   5.01521204
   5.01521204   5.28512025   5.33100007   5.33100007   5.60621342
  14.45112599  32.91054867]
E_coul = 41.8659160633943
cycle= 5 E= -78.9069462217277  delta_E= -0.000904  |g|= 0.0193  |ddm|= 0.0471
    CPU time for cycle= 5      0.02 sec, wall time      0.02 sec
diis-norm(errvec)=0.0609045
diis-c [ -1.48240722e-03   4.79858410e-02   4.96241624e-02   1.28340077e-01
  -2.18851555e+00   2.96256547e+00]
  HOMO = -0.428299542099085  LUMO = -0.1054299145439
  mo_energy =
[-15.60113228  -7.72261581  -1.07544241  -0.49084635  -0.42829954
  -0.42829954  -0.10542991   0.11216312   0.11216312   0.14898256
   0.16495009   0.25148491   0.25148491   0.44932453   0.5283417
   0.5283417    0.55122829   0.58172602   0.58172602   0.66434906
   0.69099339   0.69099339   0.89243688   1.08137309   1.08137309
   1.08314965   1.19696344   1.36328685   1.36328685   1.63660143
   1.63660143   1.88034171   1.9104588    1.9104588    2.00039884
   2.00039884   2.04102415   2.04102415   2.12975029   2.12975029
   2.22524396   2.42271945   2.42271945   2.43423133   2.8275789
   2.8275789    2.85024728   3.53762392   4.33481762   4.33481762
   4.59886618   4.59886618   5.01221158   5.01221158   5.02054105
   5.02054105   5.29226038   5.34066415   5.34066415   5.61625921
  14.45053319  32.91649263]
E_coul = 41.8754197167799
cycle= 6 E= -78.9081314319019  delta_E= -0.00119  |g|= 0.00849  |ddm|= 0.0856
    CPU time for cycle= 6      0.01 sec, wall time      0.02 sec
diis-norm(errvec)=0.0266915
diis-c [ -1.10167665e-04   7.38039566e-03  -1.74711391e-03   8.36211981e-02
   1.98200528e-01  -1.24864185e+00   1.96118685e+00]
  HOMO = -0.42440525251998  LUMO = -0.107200989120557
  mo_energy =
[-15.60023578  -7.72228391  -1.07299166  -0.49592738  -0.42440525
  -0.42440525  -0.10720099   0.11257227   0.11257227   0.14732766
   0.16470024   0.25057841   0.25057841   0.45044664   0.52657018
   0.52657018   0.54995541   0.58423658   0.58423658   0.66561022
   0.6895831    0.6895831    0.88911916   1.0805694    1.0805694
   1.08228454   1.19760888   1.3652833    1.3652833    1.63863205
   1.63863205   1.88105523   1.90906052   1.90906052   1.99732224
   1.99732224   2.03596137   2.03596137   2.12950839   2.12950839
   2.22109432   2.42467105   2.42467105   2.43799028   2.82831629
   2.82831629   2.85172667   3.53901031   4.33550011   4.33550011
   4.60121134   4.60121134   5.0150017    5.0150017    5.02266317
   5.02266317   5.29595459   5.34655482   5.34655482   5.62257053
  14.44995579  32.91772545]
E_coul = 41.8899322083876
cycle= 7 E= -78.9084601094572  delta_E= -0.000329  |g|= 0.00218  |ddm|= 0.0662
    CPU time for cycle= 7      0.02 sec, wall time      0.02 sec
diis-norm(errvec)=0.00698171
diis-c [ -1.17383908e-05   5.24710527e-03   1.68080081e-03   3.05376164e-04
  -6.48641607e-02   2.62093536e-01  -4.92138562e-01   1.28767590e+00]
  HOMO = -0.423790257880618  LUMO = -0.107689515297235
  mo_energy =
[-15.59901199  -7.72136572  -1.07267596  -0.49531351  -0.42379026
  -0.42379026  -0.10768952   0.1126901    0.1126901    0.14740158
   0.16470575   0.25069688   0.25069688   0.45027701   0.52661641
   0.52661641   0.55007223   0.58424426   0.58424426   0.6655227
   0.68973223   0.68973223   0.88945643   1.08086542   1.08086542
   1.08239263   1.19771398   1.36525695   1.36525695   1.63873216
   1.63873216   1.88118777   1.90919957   1.90919957   1.99763709
   1.99763709   2.03625543   2.03625543   2.12963015   2.12963015
   2.22138243   2.42500194   2.42500194   2.43815735   2.8284999
   2.8284999    2.85210079   3.53933021   4.33539457   4.33539457
   4.60132475   4.60132475   5.01537809   5.01537809   5.02286531
   5.02286531   5.29647206   5.34685558   5.34685558   5.62303289
  14.45080261  32.91884869]
E_coul = 41.8941838024303
cycle= 8 E= -78.9084643737782  delta_E= -4.26e-06  |g|= 0.000572  |ddm|= 0.00623
    CPU time for cycle= 8      0.02 sec, wall time      0.02 sec
diis-norm(errvec)=0.00169387
diis-c [ -1.85610076e-07  -2.93867659e-04   1.20377041e-03  -1.22273787e-04
  -5.23635084e-02   7.26732231e-02  -3.69868883e-02  -2.16960543e-01
   1.23285009e+00]
  HOMO = -0.423721449619843  LUMO = -0.107736337863969
  mo_energy =
[-15.59916045  -7.72148586  -1.07263681  -0.49556859  -0.42372145
  -0.42372145  -0.10773634   0.11271072   0.11271072   0.14732214
   0.16469104   0.25065752   0.25065752   0.45032979   0.52652216
   0.52652216   0.54999863   0.58435252   0.58435252   0.66559264
   0.68965537   0.68965537   0.88926584   1.08078689   1.08078689
   1.08234536   1.19772225   1.36535067   1.36535067   1.63880901
   1.63880901   1.88118441   1.9090965    1.9090965    1.99743581
   1.99743581   2.03597921   2.03597921   2.1296049    2.1296049
   2.22116511   2.42504673   2.42504673   2.43828153   2.8285198
   2.8285198    2.85214983   3.53937216   4.33544677   4.33544677
   4.60145301   4.60145301   5.01551923   5.01551923   5.02291395
   5.02291395   5.29663937   5.34703823   5.34703823   5.62323304
  14.45064803  32.91872605]
E_coul = 41.894030069332
cycle= 9 E= -78.908464711906  delta_E= -3.38e-07  |g|= 0.00014  |ddm|= 0.00237
    CPU time for cycle= 9      0.02 sec, wall time      0.02 sec
diis-norm(errvec)=0.000435613
diis-c [ -8.58631549e-09   1.13641195e+00  -6.03471629e-05   1.06980207e-03
  -2.58639927e-03  -1.80563286e-03   1.97538293e-02  -5.33307396e-02
  -9.94524623e-02]
  HOMO = -0.423739500395457  LUMO = -0.10773288533113
  mo_energy =
[-15.59917554  -7.72147125  -1.07266791  -0.49554542  -0.4237395
  -0.4237395   -0.10773289   0.11270361   0.11270361   0.14733332
   0.16469273   0.25065801   0.25065801   0.45031748   0.52653036
   0.52653036   0.55000378   0.58433211   0.58433211   0.66557787
   0.68966095   0.68966095   0.88929243   1.08079375   1.08079375
   1.08234389   1.19771385   1.36532544   1.36532544   1.6387874
   1.6387874    1.88117182   1.90910403   1.90910403   1.99745732
   1.99745732   2.03601033   2.03601033   2.12960143   2.12960143
   2.22118784   2.4250249    2.4250249    2.43824179   2.82850755
   2.82850755   2.85214218   3.53935284   4.33541792   4.33541792
   4.60142249   4.60142249   5.01549236   5.01549236   5.02287553
   5.02287553   5.29660992   5.34698092   5.34698092   5.62318025
  14.45066745  32.91870967]
E_coul = 41.8941703937524
cycle= 10 E= -78.9084647232537  delta_E= -1.13e-08  |g|= 9.63e-06  |ddm|= 0.000314
    CPU time for cycle= 10      0.02 sec, wall time      0.02 sec
diis-norm(errvec)=1.90708e-05
diis-c [ -7.06960601e-11  -2.04388328e-01   1.18656442e+00  -9.04167979e-05
   8.96074100e-04  -1.51587720e-03  -7.88157009e-04   9.13360522e-03
   1.01886784e-02]
  HOMO = -0.423741522884476  LUMO = -0.107733594866692
  mo_energy =
[-15.59917469  -7.72147469  -1.0726692   -0.49554628  -0.42374152
  -0.42374152  -0.10773359   0.11270304   0.11270304   0.14733296
   0.16469239   0.25065708   0.25065708   0.4503178    0.52652936
   0.52652936   0.55000328   0.58433183   0.58433183   0.6655774
   0.68966004   0.68966004   0.8892913    1.08079201   1.08079201
   1.0823426    1.19771312   1.3653241    1.3653241    1.63878618
   1.63878618   1.8811708    1.90910253   1.90910253   1.99745585
   1.99745585   2.03600954   2.03600954   2.12959978   2.12959978
   2.22118699   2.42502376   2.42502376   2.43824106   2.82850606
   2.82850606   2.85214006   3.5393513    4.33541629   4.33541629
   4.60142082   4.60142082   5.01549068   5.01549068   5.02287406
   5.02287406   5.29660805   5.34697902   5.34697902   5.62317828
  14.45066448  32.91871033]
E_coul = 41.8941589564367
cycle= 11 E= -78.9084647232914  delta_E= -3.77e-11  |g|= 3.26e-06  |ddm|= 8.01e-05
    CPU time for cycle= 11      0.01 sec, wall time      0.02 sec
  HOMO = -0.423741893068091  LUMO = -0.107733986089384
  mo_energy =
[-15.59917679  -7.72147331  -1.07266987  -0.495546    -0.42374189
  -0.42374189  -0.10773399   0.11270297   0.11270297   0.14733321
   0.16469242   0.25065726   0.25065726   0.4503174    0.52652961
   0.52652961   0.55000343   0.58433127   0.58433127   0.66557687
   0.68966014   0.68966014   0.8892921    1.08079253   1.08079253
   1.08234246   1.19771308   1.36532332   1.36532332   1.63878563
   1.63878563   1.8811705    1.909103     1.909103     1.9974567
   1.9974567    2.03601033   2.03601033   2.12959987   2.12959987
   2.22118743   2.42502293   2.42502293   2.43823969   2.82850567
   2.82850567   2.85214025   3.53935054   4.33541492   4.33541492
   4.60141965   4.60141965   5.01548963   5.01548963   5.02287242
   5.02287242   5.29660705   5.34697755   5.34697755   5.6231771
  14.45066583  32.91870827]
E_coul = 41.8941751450162
Extra cycle  E= -78.9084647232899  delta_E= 1.48e-12  |g|= 4.45e-06  |ddm|= 9.42e-06
    CPU time for scf_cycle      0.43 sec, wall time      0.46 sec
    CPU time for SCF      0.44 sec, wall time      0.64 sec
converged SCF energy = -78.9084647232899
RHF E = -78.9084647233
RHF eps = [-15.59917679  -7.72147331  -1.07266987  -0.495546    -0.42374189
  -0.42374189  -0.10773399   0.11270297   0.11270297   0.14733321
   0.16469242   0.25065726   0.25065726   0.4503174    0.52652961
   0.52652961   0.55000343   0.58433127   0.58433127   0.66557687
   0.68966014   0.68966014   0.8892921    1.08079253   1.08079253
   1.08234246   1.19771308   1.36532332   1.36532332   1.63878563
   1.63878563   1.8811705    1.909103     1.909103     1.9974567
   1.9974567    2.03601033   2.03601033   2.12959987   2.12959987
   2.22118743   2.42502293   2.42502293   2.43823969   2.82850567
   2.82850567   2.85214025   3.53935054   4.33541492   4.33541492
   4.60141965   4.60141965   5.01548963   5.01548963   5.02287242
   5.02287242   5.29660705   5.34697755   5.34697755   5.6231771
  14.45066583  32.91870827]
    CPU time for GW integral transformation      1.66 sec, wall time      1.66 sec

******** <class 'pyscf.gw.gf2.GF2'> flags ********
method = GF2
GF2 nocc = 6, nvir = 56
use perturbative linearized QP eqn = False
use diagonal approximation for sigma = True
  HOMO = -0.403498609585371  LUMO = -0.138642262905621
  GW mo_energy =
[-14.84787713  -7.42335679  -1.0528848   -0.45508741  -0.40349861
  -0.40349861  -0.13864226   0.09277557   0.09277557   0.12175552
   0.13638361   0.22101586   0.22101586   0.44441431   0.48931372
   0.48931372   0.55518758   0.52342265   0.52342265   0.6066674
   0.6963056    0.6963056    0.8652259    1.08118864   1.08118864
   1.06605964   1.20232271   1.19390415   1.19390415   1.6391236
   1.6391236    1.89527692   1.86943195   1.86943195   1.88132418
   1.88132418   2.04470433   2.04470433   2.13702693   2.13702693
   2.11904711   2.42741974   2.42741974   2.19957209   2.82661326
   2.82661326   2.83545936   3.4909497    4.26763725   4.26763725
   4.4117854    4.4117854    4.77152434   4.77152434   4.70647893
   4.70647893   5.06488513   5.07766507   5.07766507   5.61002463
  14.18691117  32.21870391]
    CPU time for GF2      0.45 sec, wall time      0.45 sec
    CPU time for GW integral transformation      1.67 sec, wall time      1.67 sec

******** <class 'pyscf.gw.gf2.GF2'> flags ********
method = GF2
GF2 nocc = 6, nvir = 56
use perturbative linearized QP eqn = False
use diagonal approximation for sigma = True
  HOMO = -0.403498609585371  LUMO = -0.138642262905621
  GW mo_energy =
[ 0.          0.          0.          0.          0.         -0.40349861
 -0.13864226  0.          0.          0.          0.          0.          0.
  0.          0.          0.          0.          0.          0.          0.
  0.          0.          0.          0.          0.          0.          0.
  0.          0.          0.          0.          0.          0.          0.
  0.          0.          0.          0.          0.          0.          0.
  0.          0.          0.          0.          0.          0.          0.
  0.          0.          0.          0.          0.          0.          0.
  0.          0.          0.          0.          0.          0.          0.        ]
    CPU time for GF2      0.01 sec, wall time      0.01 sec
IP root 0 E =  -0.403498609585
EA root 0 E =  -0.138642262906
