

******** <class 'pyscf.scf.hf.RHF'> flags ********
method = RHF
initial guess = minao
damping factor = 0
level shift factor = 0
DIIS = <class 'pyscf.scf.diis.CDIIS'>
DIIS start cycle = 1
DIIS space = 8
SCF tol = 1e-09
SCF gradient tol = None
max. SCF cycles = 50
direct_scf = True
direct_scf_tol = 1e-13
chkfile to save SCF result = /tmp/tmpvWkGCN
max_memory 4000 MB (current use 76 MB)
Set gradient conv threshold to 3.16228e-05
Nelec from initial guess = 38.5523249149
cond(S) = 41981.271378
E_coul = 310.798616922307
init E= -331.469209568373
    CPU time for initialize scf      5.85 sec, wall time      5.85 sec
  HOMO = -0.639686612922899  LUMO = -0.503710291410115
  mo_energy =
[ -1.18307757e+01  -1.17232803e+01  -9.37950428e+00  -7.21676944e+00
  -7.21267607e+00  -7.21259965e+00  -3.90360856e+00  -3.90185222e+00
  -3.90172996e+00  -3.89949219e+00  -3.89945195e+00  -1.89513476e+00
  -1.66136361e+00  -1.26986920e+00  -1.11983319e+00  -1.10761857e+00
  -1.03167414e+00  -8.38450178e-01  -7.41319371e-01  -6.39686613e-01
  -5.03710291e-01  -3.11710561e-01  -2.33000134e-01  -2.25570278e-01
  -2.21156242e-01  -2.04252637e-01  -1.56255581e-01  -1.32792961e-01
  -1.22999293e-01  -1.04441262e-01  -7.24636064e-02  -2.67179320e-02
   1.99949844e-03   3.98279686e-02   8.15299091e-02   9.42239279e-02
   1.04939529e-01   1.52136265e-01   1.52771193e-01   1.66464463e-01
   2.23581021e-01   2.29708372e-01   2.29982975e-01   2.42949262e-01
   2.46029590e-01   2.57361983e-01   2.89748902e-01   2.98186399e-01
   3.25719713e-01   3.59308941e-01   4.17821786e-01   4.27095310e-01
   4.47083571e-01   4.98004261e-01   5.38839450e-01   6.10921602e-01
   6.21996397e-01   6.52343000e-01   6.87239575e-01   7.39207400e-01
   7.43819303e-01   7.71494630e-01   7.72832588e-01   7.98176368e-01
   8.34300297e-01   8.58482363e-01   8.71581489e-01   9.03941700e-01
   9.44399322e-01   9.45676084e-01   1.01649300e+00   1.07516890e+00
   1.11021490e+00   1.13670344e+00   1.23901459e+00   1.24899532e+00
   1.31393627e+00   1.34719637e+00   1.35222753e+00   1.38341611e+00
   1.46455415e+00   1.52082223e+00   1.54221005e+00   1.65948074e+00
   1.79597319e+00   1.88391765e+00   1.91406702e+00   1.96867486e+00
   2.06123274e+00   2.07331077e+00   2.07592566e+00   2.14430866e+00
   2.15433911e+00   2.29436417e+00   2.37824239e+00   2.49631340e+00
   2.55958925e+00   2.62616852e+00   2.66867763e+00   2.69011224e+00
   2.71272719e+00   2.73141777e+00   2.77089919e+00   2.77956850e+00
   2.84713532e+00   2.86259097e+00   2.87190795e+00   3.00683308e+00
   3.05938444e+00   3.07133326e+00   3.13318501e+00   3.16937729e+00
   3.21796586e+00   3.24234312e+00   3.30153386e+00   3.39786118e+00
   3.45897585e+00   3.49272195e+00   3.55656822e+00   3.65670649e+00
   3.67280527e+00   3.71361713e+00   3.78511160e+00   3.85102085e+00
   3.88286788e+00   3.94122725e+00   3.99093778e+00   4.03849516e+00
   4.08871304e+00   4.15313495e+00   4.17257122e+00   4.31284594e+00
   4.32289337e+00   4.46290487e+00   4.59254824e+00   4.61567201e+00
   4.69255783e+00   4.77026021e+00   4.89896841e+00   5.01851947e+00
   5.08751482e+00   5.17617874e+00   5.19394355e+00   5.42101977e+00
   5.51236134e+00   5.67090280e+00   6.10623173e+00   2.32072994e+01
   2.40413744e+01   3.25132119e+01   3.25400865e+01   3.27649151e+01
   4.08793228e+01   1.15927678e+02]
E_coul = 370.430201239916
cycle= 1 E= -372.82159385224  delta_E= -41.4  |g|= 2.88  |ddm|= 19.6
    CPU time for cycle= 1      0.37 sec, wall time      0.38 sec
diis-norm(errvec)=4.86448
diis-c [-23.66314363   1.        ]
  HOMO = -0.0372405615996719  LUMO = 0.0560955084926662
  mo_energy =
[ -1.15331814e+01  -1.13088087e+01  -6.68349069e+00  -4.56723473e+00
  -4.56145144e+00  -4.55996643e+00  -1.33176887e+00  -1.32592113e+00
  -1.32471242e+00  -1.31877101e+00  -1.31876883e+00  -1.19536667e+00
  -9.19812447e-01  -7.81629068e-01  -6.95784996e-01  -4.96851930e-01
  -4.81534328e-01  -1.89422304e-01  -5.16479340e-02  -3.72405616e-02
   5.60955085e-02   5.68511966e-02   1.24211681e-01   1.37023858e-01
   1.94610888e-01   2.30329593e-01   2.61359976e-01   2.67407812e-01
   3.23444299e-01   3.87089340e-01   3.91398405e-01   3.93943338e-01
   4.11094298e-01   4.18106434e-01   4.58557984e-01   4.79787858e-01
   5.01167673e-01   5.34517106e-01   5.50116206e-01   5.96892506e-01
   6.05846212e-01   6.53073574e-01   6.67421278e-01   7.24318670e-01
   7.57498170e-01   7.71837034e-01   8.06023289e-01   8.69692557e-01
   9.31512922e-01   9.41802465e-01   9.78775783e-01   1.07127256e+00
   1.07808731e+00   1.11723163e+00   1.14072578e+00   1.18318338e+00
   1.25713777e+00   1.26442856e+00   1.33932931e+00   1.35529627e+00
   1.39271278e+00   1.41873774e+00   1.43850876e+00   1.50024653e+00
   1.57778438e+00   1.58127191e+00   1.58550318e+00   1.59443424e+00
   1.62710107e+00   1.66135578e+00   1.68213331e+00   1.72964178e+00
   1.73490489e+00   1.78817923e+00   1.79940438e+00   1.88938930e+00
   1.94906569e+00   1.96756315e+00   2.02223435e+00   2.10136849e+00
   2.15421119e+00   2.16098521e+00   2.19887719e+00   2.20447065e+00
   2.24190314e+00   2.27731632e+00   2.37715035e+00   2.62392210e+00
   2.69088063e+00   2.72780032e+00   2.79130867e+00   2.80641722e+00
   2.89996770e+00   2.94506642e+00   2.95056888e+00   2.99235406e+00
   3.02052904e+00   3.09143937e+00   3.09837188e+00   3.16369698e+00
   3.20094240e+00   3.26081820e+00   3.39648986e+00   3.40746387e+00
   3.44467594e+00   3.50934423e+00   3.56008689e+00   3.56547168e+00
   3.66008662e+00   3.67257444e+00   3.71261176e+00   3.78529132e+00
   3.84498483e+00   3.88639785e+00   3.93829681e+00   3.95607801e+00
   4.03827371e+00   4.06649293e+00   4.11649531e+00   4.16839927e+00
   4.23511306e+00   4.29444762e+00   4.31530373e+00   4.34548566e+00
   4.35298186e+00   4.38285972e+00   4.40392339e+00   4.49622178e+00
   4.52690897e+00   4.56736906e+00   4.57375200e+00   4.65257408e+00
   4.72669790e+00   4.77714012e+00   4.80418083e+00   4.87423041e+00
   4.98651301e+00   5.10366447e+00   5.17068124e+00   5.24438033e+00
   5.34739377e+00   5.45865241e+00   5.51808031e+00   5.58517550e+00
   5.70820948e+00   5.87737652e+00   6.32665811e+00   2.36595961e+01
   2.42884810e+01   3.64747355e+01   3.65010403e+01   3.67251298e+01
   4.48426808e+01   1.20064588e+02]
E_coul = 341.407348358399
cycle= 2 E= -373.541806217415  delta_E= -0.72  |g|= 1.76  |ddm|= 5.77
    CPU time for cycle= 2      0.37 sec, wall time      0.38 sec
diis-norm(errvec)=3.54344
diis-c [-4.48717625  0.39345138  0.60654862]
  HOMO = -0.294159480145717  LUMO = 0.0893252332517999
  mo_energy =
[ -1.12182388e+01  -1.11021572e+01  -7.71972196e+00  -5.57131179e+00
  -5.56776978e+00  -5.56515438e+00  -2.26883384e+00  -2.26663818e+00
  -2.26370358e+00  -2.25994982e+00  -2.25963627e+00  -1.01587861e+00
  -8.82397075e-01  -7.45821942e-01  -5.93801043e-01  -5.44563087e-01
  -4.13241641e-01  -4.13144622e-01  -3.60685124e-01  -2.94159480e-01
   8.93252333e-02   1.18177358e-01   1.74290854e-01   1.92264824e-01
   2.03553287e-01   2.63174611e-01   2.65768471e-01   2.70998281e-01
   2.97726268e-01   3.15735952e-01   3.25562832e-01   3.45292459e-01
   3.63782261e-01   3.80140481e-01   3.86974169e-01   4.38439247e-01
   4.81997527e-01   4.86934908e-01   5.31089322e-01   5.90426746e-01
   6.37811356e-01   6.53642758e-01   6.63821135e-01   7.59713849e-01
   7.74874034e-01   7.83661948e-01   8.19749061e-01   8.56868454e-01
   9.32330894e-01   9.71216064e-01   1.04857589e+00   1.07836444e+00
   1.07936199e+00   1.10496835e+00   1.11734889e+00   1.12969505e+00
   1.16699373e+00   1.17320510e+00   1.18466594e+00   1.25998985e+00
   1.26264659e+00   1.28361296e+00   1.34491347e+00   1.38392139e+00
   1.40118554e+00   1.43678925e+00   1.46658604e+00   1.48456964e+00
   1.51075984e+00   1.55150955e+00   1.57880219e+00   1.59318260e+00
   1.63444260e+00   1.64534237e+00   1.65915717e+00   1.70678202e+00
   1.71934624e+00   1.74801174e+00   1.79609750e+00   1.81736390e+00
   1.91006321e+00   1.95249324e+00   1.97963626e+00   2.10211484e+00
   2.27422525e+00   2.35252114e+00   2.39153788e+00   2.57966419e+00
   2.80012356e+00   2.87531152e+00   2.98857715e+00   2.99268968e+00
   3.02019617e+00   3.10235150e+00   3.10356550e+00   3.15196798e+00
   3.15745493e+00   3.21917758e+00   3.27041420e+00   3.29038091e+00
   3.39550788e+00   3.41867747e+00   3.45187710e+00   3.49164682e+00
   3.49236431e+00   3.52514818e+00   3.53646319e+00   3.56191663e+00
   3.57696936e+00   3.58334379e+00   3.62389616e+00   3.67357508e+00
   3.73405398e+00   3.77817943e+00   3.80594310e+00   3.84215366e+00
   3.88553195e+00   3.93879506e+00   3.99577987e+00   4.01342196e+00
   4.02305508e+00   4.08242870e+00   4.15528307e+00   4.17487459e+00
   4.26861786e+00   4.29324579e+00   4.35366070e+00   4.39987355e+00
   4.46812115e+00   4.48091639e+00   4.74194871e+00   4.74332834e+00
   4.88507853e+00   4.91186110e+00   4.94846027e+00   4.97336342e+00
   5.05398274e+00   5.14599212e+00   5.28281194e+00   5.36611470e+00
   5.44290842e+00   5.54906479e+00   5.58035656e+00   5.79156929e+00
   5.89408164e+00   6.06698229e+00   6.51402420e+00   2.38030074e+01
   2.46392862e+01   3.52101564e+01   3.52386713e+01   3.54636149e+01
   4.36029283e+01   1.18720927e+02]
E_coul = 350.824495281951
cycle= 3 E= -374.118741140064  delta_E= -0.577  |g|= 0.219  |ddm|= 2.21
    CPU time for cycle= 3      0.37 sec, wall time      0.37 sec
diis-norm(errvec)=0.644153
diis-c [-0.33665085 -0.00638012  0.07020932  0.9361708 ]
  HOMO = -0.349188326967995  LUMO = 0.0883455025259579
  mo_energy =
[ -1.13482030e+01  -1.13170803e+01  -7.76796748e+00  -5.61909373e+00
  -5.61190206e+00  -5.61148171e+00  -2.31187079e+00  -2.30803678e+00
  -2.30737987e+00  -2.29965737e+00  -2.29964666e+00  -1.10620621e+00
  -9.21869556e-01  -8.00845854e-01  -6.78318326e-01  -6.20028770e-01
  -4.75778690e-01  -4.71619584e-01  -3.75839193e-01  -3.49188327e-01
   8.83455025e-02   8.89306211e-02   1.57187250e-01   1.76305203e-01
   2.03262503e-01   2.59037202e-01   2.66565354e-01   2.74998917e-01
   2.85503889e-01   2.95325532e-01   3.15453744e-01   3.28045440e-01
   3.50336581e-01   3.66750407e-01   3.70550428e-01   4.28537423e-01
   4.45903388e-01   4.64126647e-01   5.22228223e-01   5.51083816e-01
   6.07001344e-01   6.27274103e-01   6.32552237e-01   7.10110953e-01
   7.11640658e-01   7.61875840e-01   8.03087815e-01   8.13251594e-01
   8.99713565e-01   9.33743511e-01   1.01637895e+00   1.03671821e+00
   1.06668461e+00   1.07833365e+00   1.11525166e+00   1.12515435e+00
   1.13535747e+00   1.14323992e+00   1.14847169e+00   1.22245398e+00
   1.22745810e+00   1.23932374e+00   1.32270506e+00   1.36874809e+00
   1.38262604e+00   1.41074969e+00   1.41817474e+00   1.44753429e+00
   1.47470898e+00   1.52486689e+00   1.55473228e+00   1.56613241e+00
   1.60694693e+00   1.64263940e+00   1.64602299e+00   1.67602867e+00
   1.68914405e+00   1.72192780e+00   1.73637115e+00   1.74494753e+00
   1.84311245e+00   1.88917737e+00   1.90786094e+00   2.05810232e+00
   2.19944940e+00   2.27707467e+00   2.30016271e+00   2.51891972e+00
   2.70368599e+00   2.83048360e+00   2.90864240e+00   2.94479471e+00
   2.97059321e+00   3.01861237e+00   3.02358566e+00   3.05221334e+00
   3.06581963e+00   3.14820737e+00   3.19200956e+00   3.19583512e+00
   3.32501793e+00   3.35214367e+00   3.37000940e+00   3.44643501e+00
   3.46100109e+00   3.47851872e+00   3.48367103e+00   3.50589721e+00
   3.51998440e+00   3.52149987e+00   3.57197015e+00   3.61472616e+00
   3.69281493e+00   3.71490842e+00   3.75103264e+00   3.78895356e+00
   3.82845214e+00   3.89844709e+00   3.94854786e+00   3.96873530e+00
   3.97060145e+00   4.03019004e+00   4.11213795e+00   4.15029129e+00
   4.21827809e+00   4.25375665e+00   4.30428049e+00   4.36160209e+00
   4.43462527e+00   4.43860781e+00   4.64900767e+00   4.65268452e+00
   4.80692198e+00   4.88071601e+00   4.89057996e+00   4.90840188e+00
   4.99605456e+00   5.08703869e+00   5.21465264e+00   5.30715554e+00
   5.37236924e+00   5.48706792e+00   5.52511756e+00   5.71102872e+00
   5.81718966e+00   5.99146137e+00   6.43740148e+00   2.36693986e+01
   2.44479472e+01   3.51506865e+01   3.51780824e+01   3.54014630e+01
   4.35449129e+01   1.18658770e+02]
E_coul = 351.688327826526
cycle= 4 E= -374.136098920114  delta_E= -0.0174  |g|= 0.11  |ddm|= 0.286
    CPU time for cycle= 4      0.36 sec, wall time      0.37 sec
diis-norm(errvec)=0.289243
diis-c [-0.0409119  -0.02711349 -0.01751147  0.24388747  0.80073749]
  HOMO = -0.341306902832501  LUMO = 0.102927518252697
  mo_energy =
[ -1.12869184e+01  -1.12591233e+01  -7.73412213e+00  -5.58747715e+00
  -5.57948790e+00  -5.57927129e+00  -2.28340989e+00  -2.27912911e+00
  -2.27879177e+00  -2.27002219e+00  -2.27002130e+00  -1.07117878e+00
  -9.02850764e-01  -7.81766493e-01  -6.54550843e-01  -5.97296876e-01
  -4.63901980e-01  -4.45800478e-01  -3.68748809e-01  -3.41306903e-01
   1.02927518e-01   1.15398395e-01   1.64609421e-01   1.83221573e-01
   2.05909786e-01   2.65008973e-01   2.72771787e-01   2.79852458e-01
   2.91738434e-01   3.04539102e-01   3.25117063e-01   3.38907288e-01
   3.58928225e-01   3.74909207e-01   3.79049017e-01   4.36530617e-01
   4.62087236e-01   4.71347692e-01   5.32493088e-01   5.66315136e-01
   6.20281357e-01   6.35578430e-01   6.43880827e-01   7.24937084e-01
   7.34148332e-01   7.73807270e-01   8.11526785e-01   8.29214346e-01
   9.15668370e-01   9.49725948e-01   1.03130311e+00   1.05384416e+00
   1.07982673e+00   1.08920446e+00   1.12876220e+00   1.13802219e+00
   1.14850629e+00   1.16221379e+00   1.16447794e+00   1.23841183e+00
   1.24337081e+00   1.25366066e+00   1.33756531e+00   1.38462998e+00
   1.39597992e+00   1.42611143e+00   1.43674306e+00   1.46340839e+00
   1.48466379e+00   1.53707863e+00   1.56791929e+00   1.57906516e+00
   1.61994851e+00   1.65713956e+00   1.65988270e+00   1.69936716e+00
   1.70285969e+00   1.73747213e+00   1.75330728e+00   1.76820607e+00
   1.86775722e+00   1.91978546e+00   1.92883269e+00   2.07568561e+00
   2.22359932e+00   2.30503118e+00   2.32981056e+00   2.54988316e+00
   2.73737746e+00   2.84653787e+00   2.93587637e+00   2.96112378e+00
   2.99014833e+00   3.04788225e+00   3.05279041e+00   3.08602432e+00
   3.09779587e+00   3.17294561e+00   3.22211172e+00   3.22446350e+00
   3.34976267e+00   3.38015937e+00   3.39702358e+00   3.47227717e+00
   3.48696115e+00   3.50369639e+00   3.50473693e+00   3.53316739e+00
   3.54620649e+00   3.54739244e+00   3.59804165e+00   3.63853579e+00
   3.71387817e+00   3.74286434e+00   3.77383955e+00   3.81103604e+00
   3.84970986e+00   3.91978111e+00   3.97078693e+00   3.98659881e+00
   3.98766971e+00   4.04874892e+00   4.12673393e+00   4.16209771e+00
   4.23633580e+00   4.26763990e+00   4.31990344e+00   4.37793312e+00
   4.45038961e+00   4.45229157e+00   4.68151645e+00   4.68156951e+00
   4.83771825e+00   4.90169489e+00   4.91223002e+00   4.92994654e+00
   5.01859533e+00   5.11020885e+00   5.23842697e+00   5.32879765e+00
   5.39359995e+00   5.50993532e+00   5.54974720e+00   5.73487592e+00
   5.84158616e+00   6.01806354e+00   6.46560915e+00   2.37269634e+01
   2.45034754e+01   3.51980480e+01   3.52252957e+01   3.54486997e+01
   4.35902301e+01   1.18710772e+02]
E_coul = 351.138628958998
cycle= 5 E= -374.139507728241  delta_E= -0.00341  |g|= 0.0331  |ddm|= 0.124
    CPU time for cycle= 5      0.37 sec, wall time      0.37 sec
diis-norm(errvec)=0.0866736
diis-c [ -5.88885028e-03  -9.86421424e-04  -9.30990181e-03  -5.93365891e-02
   5.80685056e-03   1.06382606e+00]
  HOMO = -0.342366020094065  LUMO = 0.102021361635024
  mo_energy =
[ -1.12956539e+01  -1.12485642e+01  -7.72986942e+00  -5.58389565e+00
  -5.57549609e+00  -5.57533196e+00  -2.28054935e+00  -2.27602116e+00
  -2.27580717e+00  -2.26643525e+00  -2.26643364e+00  -1.07053801e+00
  -9.02500189e-01  -7.80602201e-01  -6.52825601e-01  -5.95104138e-01
  -4.67000002e-01  -4.45139461e-01  -3.69243099e-01  -3.42366020e-01
   1.02021362e-01   1.17550728e-01   1.65700567e-01   1.83998890e-01
   2.06735117e-01   2.65029922e-01   2.72471755e-01   2.78728390e-01
   2.91485679e-01   3.04515251e-01   3.24303477e-01   3.39381025e-01
   3.58123420e-01   3.74880903e-01   3.79085728e-01   4.35978646e-01
   4.62456319e-01   4.71265237e-01   5.31825815e-01   5.66404236e-01
   6.23383148e-01   6.35899203e-01   6.43426146e-01   7.27338021e-01
   7.34769984e-01   7.74044694e-01   8.11635496e-01   8.29216662e-01
   9.14777082e-01   9.49642098e-01   1.03140921e+00   1.05311349e+00
   1.07934890e+00   1.09048573e+00   1.12902120e+00   1.13839793e+00
   1.14902999e+00   1.16235535e+00   1.16344387e+00   1.23896327e+00
   1.24308397e+00   1.25528254e+00   1.33792403e+00   1.38535812e+00
   1.39580659e+00   1.42629335e+00   1.43637418e+00   1.46271261e+00
   1.48701812e+00   1.53840169e+00   1.56840024e+00   1.58027601e+00
   1.62129641e+00   1.65715761e+00   1.66022707e+00   1.69960659e+00
   1.70375576e+00   1.73696628e+00   1.75697186e+00   1.76941521e+00
   1.86903910e+00   1.91930492e+00   1.92703081e+00   2.07496642e+00
   2.22466084e+00   2.30509158e+00   2.33031421e+00   2.54633610e+00
   2.73815014e+00   2.84890008e+00   2.93770270e+00   2.96414885e+00
   2.99151961e+00   3.04819147e+00   3.05407849e+00   3.08750067e+00
   3.09878490e+00   3.17378223e+00   3.22223550e+00   3.22658384e+00
   3.35265694e+00   3.38049693e+00   3.39948888e+00   3.47280071e+00
   3.48923584e+00   3.50588065e+00   3.50715712e+00   3.53313897e+00
   3.54717483e+00   3.54877133e+00   3.59799513e+00   3.64022667e+00
   3.71564314e+00   3.74172142e+00   3.77507258e+00   3.81139880e+00
   3.85242320e+00   3.92159852e+00   3.97105406e+00   3.98918751e+00
   3.98945922e+00   4.05046140e+00   4.13033758e+00   4.16300409e+00
   4.23809153e+00   4.27187376e+00   4.32317052e+00   4.37963958e+00
   4.45282307e+00   4.45345367e+00   4.68280697e+00   4.68316169e+00
   4.83926192e+00   4.90384045e+00   4.91419756e+00   4.93208988e+00
   5.02075825e+00   5.11148623e+00   5.23990029e+00   5.33169992e+00
   5.39698871e+00   5.51274804e+00   5.54863618e+00   5.74081731e+00
   5.84631594e+00   6.02085983e+00   6.46790275e+00   2.37213453e+01
   2.45107132e+01   3.52044390e+01   3.52316362e+01   3.54545938e+01
   4.35965306e+01   1.18717528e+02]
E_coul = 351.131513111937
cycle= 6 E= -374.140135558147  delta_E= -0.000628  |g|= 0.0182  |ddm|= 0.0612
    CPU time for cycle= 6      0.37 sec, wall time      0.37 sec
diis-norm(errvec)=0.0453273
diis-c [ -6.92268140e-04   2.88562309e-03  -1.25678962e-03  -4.50863772e-02
  -1.33417925e-01   2.97561776e-01   8.79313693e-01]
  HOMO = -0.343777009898798  LUMO = 0.101471550351603
  mo_energy =
[ -1.12892707e+01  -1.12535305e+01  -7.73560723e+00  -5.58963382e+00
  -5.58094551e+00  -5.58084020e+00  -2.28595028e+00  -2.28128248e+00
  -2.28113966e+00  -2.27139938e+00  -2.27139627e+00  -1.06929802e+00
  -9.03238440e-01  -7.79748942e-01  -6.51892963e-01  -5.94652901e-01
  -4.67736000e-01  -4.43950388e-01  -3.70995172e-01  -3.43777010e-01
   1.01471550e-01   1.18788180e-01   1.66590463e-01   1.84553879e-01
   2.06614507e-01   2.64946554e-01   2.72263960e-01   2.77904495e-01
   2.91432528e-01   3.04847249e-01   3.24297707e-01   3.39473716e-01
   3.57516811e-01   3.74779943e-01   3.78932468e-01   4.35440634e-01
   4.63340636e-01   4.71388498e-01   5.31682237e-01   5.67624755e-01
   6.23605570e-01   6.35719783e-01   6.43707415e-01   7.27772138e-01
   7.35445938e-01   7.74234037e-01   8.10922097e-01   8.30487457e-01
   9.14937586e-01   9.49959899e-01   1.03146639e+00   1.05351678e+00
   1.07826106e+00   1.09094472e+00   1.12774016e+00   1.13654014e+00
   1.14899215e+00   1.16159520e+00   1.16338140e+00   1.23894314e+00
   1.24335915e+00   1.25570115e+00   1.33719852e+00   1.38518493e+00
   1.39404622e+00   1.42541288e+00   1.43676048e+00   1.46278465e+00
   1.48736635e+00   1.53778921e+00   1.56787190e+00   1.57945908e+00
   1.62122655e+00   1.65598089e+00   1.65758142e+00   1.69913381e+00
   1.70210996e+00   1.73721152e+00   1.75681034e+00   1.76871952e+00
   1.86925065e+00   1.92055417e+00   1.92679946e+00   2.07563387e+00
   2.22592229e+00   2.30564827e+00   2.33134688e+00   2.54762267e+00
   2.73924973e+00   2.85030741e+00   2.93842422e+00   2.96530351e+00
   2.99291378e+00   3.04925160e+00   3.05526199e+00   3.08806949e+00
   3.09963404e+00   3.17506720e+00   3.22397203e+00   3.22706781e+00
   3.35299559e+00   3.38150962e+00   3.39940610e+00   3.47230740e+00
   3.48562988e+00   3.50306475e+00   3.50732363e+00   3.53242352e+00
   3.54643257e+00   3.54802173e+00   3.59748196e+00   3.64024127e+00
   3.71425190e+00   3.74294246e+00   3.77502687e+00   3.81215545e+00
   3.85323547e+00   3.91928715e+00   3.97231817e+00   3.99025767e+00
   3.99088449e+00   4.05165420e+00   4.13189165e+00   4.16550141e+00
   4.23963180e+00   4.27327210e+00   4.32435546e+00   4.38147971e+00
   4.45444598e+00   4.45566188e+00   4.68380824e+00   4.68442386e+00
   4.84006303e+00   4.90135042e+00   4.91504702e+00   4.93350306e+00
   5.02258351e+00   5.11304077e+00   5.24129279e+00   5.33313473e+00
   5.39788060e+00   5.51410303e+00   5.55166931e+00   5.74053711e+00
   5.84668537e+00   6.02184874e+00   6.46925716e+00   2.37258767e+01
   2.45077607e+01   3.51969928e+01   3.52241543e+01   3.54470340e+01
   4.35891169e+01   1.18709304e+02]
E_coul = 351.146784808528
cycle= 7 E= -374.140264163567  delta_E= -0.000129  |g|= 0.00415  |ddm|= 0.0252
    CPU time for cycle= 7      0.38 sec, wall time      0.37 sec
diis-norm(errvec)=0.0120901
diis-c [ -7.35934897e-05  -3.05160358e-04   1.36139174e-03   1.98241598e-02
   2.28992063e-02  -1.70831040e-01  -1.58029327e-01   1.28508077e+00]
  HOMO = -0.34401436910153  LUMO = 0.100933392006396
  mo_energy =
[ -1.12901836e+01  -1.12519530e+01  -7.73587677e+00  -5.59002126e+00
  -5.58111905e+00  -5.58105305e+00  -2.28637946e+00  -2.28161867e+00
  -2.28150777e+00  -2.27153770e+00  -2.27153346e+00  -1.06909756e+00
  -9.03417046e-01  -7.79645366e-01  -6.51450221e-01  -5.94154143e-01
  -4.67989656e-01  -4.43665831e-01  -3.71442934e-01  -3.44014369e-01
   1.00933392e-01   1.18850233e-01   1.66731604e-01   1.84860511e-01
   2.06685233e-01   2.65007042e-01   2.72187861e-01   2.77594975e-01
   2.91410873e-01   3.04853509e-01   3.24183978e-01   3.39672531e-01
   3.57293526e-01   3.74811406e-01   3.78932013e-01   4.35195237e-01
   4.63514111e-01   4.71411126e-01   5.31461342e-01   5.67800649e-01
   6.24058667e-01   6.35734367e-01   6.43798281e-01   7.28266264e-01
   7.35642864e-01   7.74258617e-01   8.10750264e-01   8.30674961e-01
   9.14773268e-01   9.50033230e-01   1.03151008e+00   1.05352995e+00
   1.07799221e+00   1.09132625e+00   1.12757212e+00   1.13633350e+00
   1.14912250e+00   1.16153518e+00   1.16328628e+00   1.23913636e+00
   1.24328930e+00   1.25611956e+00   1.33710973e+00   1.38530010e+00
   1.39373209e+00   1.42526119e+00   1.43677336e+00   1.46267566e+00
   1.48786019e+00   1.53785043e+00   1.56779690e+00   1.57945542e+00
   1.62153279e+00   1.65574695e+00   1.65721201e+00   1.69911284e+00
   1.70180968e+00   1.73688990e+00   1.75751509e+00   1.76885220e+00
   1.86954188e+00   1.92074792e+00   1.92670386e+00   2.07577626e+00
   2.22611691e+00   2.30605771e+00   2.33164370e+00   2.54730382e+00
   2.73951341e+00   2.85073819e+00   2.93882574e+00   2.96575071e+00
   2.99328203e+00   3.04941101e+00   3.05562127e+00   3.08864664e+00
   3.09991071e+00   3.17522979e+00   3.22423025e+00   3.22764996e+00
   3.35349638e+00   3.38169471e+00   3.39984349e+00   3.47224451e+00
   3.48550013e+00   3.50300464e+00   3.50756730e+00   3.53228473e+00
   3.54664545e+00   3.54804758e+00   3.59733367e+00   3.64046764e+00
   3.71428700e+00   3.74283049e+00   3.77522501e+00   3.81226559e+00
   3.85374128e+00   3.91912140e+00   3.97235131e+00   3.99061011e+00
   3.99119067e+00   4.05236816e+00   4.13245996e+00   4.16557191e+00
   4.24018636e+00   4.27395309e+00   4.32512756e+00   4.38190571e+00
   4.45490866e+00   4.45590243e+00   4.68426403e+00   4.68472928e+00
   4.84028734e+00   4.90113309e+00   4.91550234e+00   4.93390485e+00
   5.02299325e+00   5.11342006e+00   5.24168648e+00   5.33362184e+00
   5.39847809e+00   5.51451165e+00   5.55144322e+00   5.74150740e+00
   5.84741158e+00   6.02237291e+00   6.46967019e+00   2.37253947e+01
   2.45089184e+01   3.51968711e+01   3.52240125e+01   3.54468060e+01
   4.35889317e+01   1.18709207e+02]
E_coul = 351.144915947338
cycle= 8 E= -374.140280079923  delta_E= -1.59e-05  |g|= 0.00176  |ddm|= 0.0116
    CPU time for cycle= 8      0.36 sec, wall time      0.37 sec
diis-norm(errvec)=0.00442396
diis-c [ -6.20237640e-06  -3.62107375e-04   6.73890703e-04   9.12220886e-03
   1.84959029e-02  -7.55679397e-02  -1.38735362e-01   2.87148237e-01
   8.99225169e-01]
  HOMO = -0.344039526615696  LUMO = 0.100967225051261
  mo_energy =
[ -1.12892446e+01  -1.12519041e+01  -7.73584918e+00  -5.59001982e+00
  -5.58107335e+00  -5.58101552e+00  -2.28639696e+00  -2.28161696e+00
  -2.28151341e+00  -2.27148735e+00  -2.27148288e+00  -1.06889125e+00
  -9.03396713e-01  -7.79488294e-01  -6.51261017e-01  -5.94046757e-01
  -4.67924164e-01  -4.43491512e-01  -3.71509467e-01  -3.44039527e-01
   1.00967225e-01   1.19024440e-01   1.66821906e-01   1.84868483e-01
   2.06708636e-01   2.65018892e-01   2.72190383e-01   2.77557864e-01
   2.91436276e-01   3.04932680e-01   3.24215690e-01   3.39722161e-01
   3.57312556e-01   3.74827474e-01   3.78949484e-01   4.35229084e-01
   4.63657974e-01   4.71449764e-01   5.31502584e-01   5.67929570e-01
   6.24085405e-01   6.35773902e-01   6.43845963e-01   7.28311718e-01
   7.35788660e-01   7.74318885e-01   8.10790978e-01   8.30801502e-01
   9.14860255e-01   9.50113094e-01   1.03158269e+00   1.05361705e+00
   1.07800019e+00   1.09134234e+00   1.12758318e+00   1.13631491e+00
   1.14917688e+00   1.16154880e+00   1.16336734e+00   1.23916759e+00
   1.24340636e+00   1.25617474e+00   1.33715231e+00   1.38533856e+00
   1.39372738e+00   1.42530989e+00   1.43692012e+00   1.46277244e+00
   1.48788405e+00   1.53789562e+00   1.56787081e+00   1.57951442e+00
   1.62157969e+00   1.65580698e+00   1.65719456e+00   1.69923141e+00
   1.70190964e+00   1.73707928e+00   1.75753602e+00   1.76896541e+00
   1.86968916e+00   1.92098851e+00   1.92674587e+00   2.07585487e+00
   2.22634407e+00   2.30617837e+00   2.33184776e+00   2.54752434e+00
   2.73975364e+00   2.85085068e+00   2.93898189e+00   2.96584939e+00
   2.99341775e+00   3.04962206e+00   3.05582816e+00   3.08881040e+00
   3.10013871e+00   3.17542969e+00   3.22446336e+00   3.22782426e+00
   3.35358792e+00   3.38189832e+00   3.39997720e+00   3.47241172e+00
   3.48556731e+00   3.50309149e+00   3.50769704e+00   3.53245021e+00
   3.54676489e+00   3.54818513e+00   3.59751464e+00   3.64060781e+00
   3.71433884e+00   3.74306937e+00   3.77532454e+00   3.81244370e+00
   3.85385977e+00   3.91915319e+00   3.97256140e+00   3.99073954e+00
   3.99134046e+00   4.05242101e+00   4.13255935e+00   4.16578319e+00
   4.24029734e+00   4.27400047e+00   4.32517772e+00   4.38206280e+00
   4.45503660e+00   4.45609270e+00   4.68444304e+00   4.68499574e+00
   4.84051608e+00   4.90118626e+00   4.91562300e+00   4.93407330e+00
   5.02317915e+00   5.11361101e+00   5.24183788e+00   5.33377023e+00
   5.39858996e+00   5.51467746e+00   5.55179752e+00   5.74150687e+00
   5.84749451e+00   6.02251482e+00   6.46985901e+00   2.37261553e+01
   2.45090923e+01   3.51969774e+01   3.52241157e+01   3.54468763e+01
   4.35890294e+01   1.18709329e+02]
E_coul = 351.141774659728
cycle= 9 E= -374.140281494201  delta_E= -1.41e-06  |g|= 0.000399  |ddm|= 0.00332
    CPU time for cycle= 9      0.37 sec, wall time      0.37 sec
diis-norm(errvec)=0.00100868
diis-c [ -3.82766302e-07   1.11768933e+00  -1.08478294e-04  -2.16589551e-03
  -2.88582322e-03   1.86128640e-02   1.80830002e-02  -1.29801566e-01
  -1.94234363e-02]
  HOMO = -0.344067989042301  LUMO = 0.100951864145422
  mo_energy =
[ -1.12892961e+01  -1.12518872e+01  -7.73585955e+00  -5.59003653e+00
  -5.58108225e+00  -5.58102174e+00  -2.28641868e+00  -2.28163565e+00
  -2.28152996e+00  -2.27149146e+00  -2.27148702e+00  -1.06889581e+00
  -9.03402632e-01  -7.79484227e-01  -6.51247045e-01  -5.94047090e-01
  -4.67938410e-01  -4.43494856e-01  -3.71532073e-01  -3.44067989e-01
   1.00951864e-01   1.19067269e-01   1.66831546e-01   1.84880112e-01
   2.06713894e-01   2.65024448e-01   2.72190601e-01   2.77555344e-01
   2.91440535e-01   3.04936336e-01   3.24217824e-01   3.39734240e-01
   3.57313808e-01   3.74830122e-01   3.78955358e-01   4.35220766e-01
   4.63673211e-01   4.71453536e-01   5.31497527e-01   5.67934942e-01
   6.24102259e-01   6.35772055e-01   6.43849406e-01   7.28325520e-01
   7.35792249e-01   7.74323009e-01   8.10781199e-01   8.30809146e-01
   9.14860315e-01   9.50117491e-01   1.03158604e+00   1.05361786e+00
   1.07799645e+00   1.09135769e+00   1.12758588e+00   1.13631851e+00
   1.14918609e+00   1.16155204e+00   1.16337042e+00   1.23917454e+00
   1.24340280e+00   1.25619089e+00   1.33714856e+00   1.38534965e+00
   1.39372323e+00   1.42529924e+00   1.43692049e+00   1.46277056e+00
   1.48790127e+00   1.53789747e+00   1.56786498e+00   1.57951285e+00
   1.62158760e+00   1.65580340e+00   1.65718753e+00   1.69922820e+00
   1.70189027e+00   1.73706688e+00   1.75755578e+00   1.76896783e+00
   1.86969545e+00   1.92098904e+00   1.92675102e+00   2.07586218e+00
   2.22635421e+00   2.30618503e+00   2.33184703e+00   2.54751586e+00
   2.73975398e+00   2.85086601e+00   2.93899812e+00   2.96586497e+00
   2.99342854e+00   3.04962230e+00   3.05583673e+00   3.08881464e+00
   3.10014449e+00   3.17543519e+00   3.22447500e+00   3.22783860e+00
   3.35360407e+00   3.38190810e+00   3.39999418e+00   3.47241275e+00
   3.48556435e+00   3.50309065e+00   3.50770986e+00   3.53244180e+00
   3.54676522e+00   3.54818878e+00   3.59750906e+00   3.64061781e+00
   3.71433474e+00   3.74306668e+00   3.77532304e+00   3.81244530e+00
   3.85387533e+00   3.91914478e+00   3.97256637e+00   3.99075693e+00
   3.99134968e+00   4.05243565e+00   4.13257856e+00   4.16579346e+00
   4.24030844e+00   4.27402177e+00   4.32519732e+00   4.38207862e+00
   4.45505033e+00   4.45610662e+00   4.68444971e+00   4.68500227e+00
   4.84051968e+00   4.90117933e+00   4.91563336e+00   4.93408728e+00
   5.02319188e+00   5.11362708e+00   5.24184118e+00   5.33378482e+00
   5.39861157e+00   5.51469183e+00   5.55179799e+00   5.74153100e+00
   5.84751933e+00   6.02252757e+00   6.46987070e+00   2.37261182e+01
   2.45090993e+01   3.51969785e+01   3.52241181e+01   3.54468723e+01
   4.35890269e+01   1.18709328e+02]
E_coul = 351.141021270606
cycle= 10 E= -374.140281577071  delta_E= -8.29e-08  |g|= 0.000116  |ddm|= 0.000897
    CPU time for cycle= 10      0.38 sec, wall time      0.37 sec
diis-norm(errvec)=0.000318164
diis-c [ -7.80414739e-08  -6.83062358e-02   1.08022269e+00   2.42079586e-04
  -1.82333822e-04  -8.51222171e-04   2.03836984e-03   2.61964055e-03
  -1.57829851e-02]
  HOMO = -0.344067947451408  LUMO = 0.100934688852505
  mo_energy =
[ -1.12893159e+01  -1.12518433e+01  -7.73588030e+00  -5.59005839e+00
  -5.58110435e+00  -5.58104205e+00  -2.28644159e+00  -2.28165889e+00
  -2.28155153e+00  -2.27151323e+00  -2.27150885e+00  -1.06888431e+00
  -9.03406672e-01  -7.79476654e-01  -6.51228102e-01  -5.94031771e-01
  -4.67937103e-01  -4.43489014e-01  -3.71549021e-01  -3.44067947e-01
   1.00934689e-01   1.19068428e-01   1.66839010e-01   1.84888655e-01
   2.06715071e-01   2.65024556e-01   2.72189194e-01   2.77544915e-01
   2.91440025e-01   3.04939311e-01   3.24215132e-01   3.39738581e-01
   3.57304445e-01   3.74829961e-01   3.78954278e-01   4.35210756e-01
   4.63680752e-01   4.71456079e-01   5.31490354e-01   5.67941402e-01
   6.24119659e-01   6.35772841e-01   6.43852899e-01   7.28342814e-01
   7.35802400e-01   7.74323083e-01   8.10776905e-01   8.30818732e-01
   9.14857616e-01   9.50120973e-01   1.03158893e+00   1.05362174e+00
   1.07798586e+00   1.09136953e+00   1.12757288e+00   1.13630291e+00
   1.14918898e+00   1.16154747e+00   1.16336894e+00   1.23917912e+00
   1.24340116e+00   1.25620634e+00   1.33714482e+00   1.38535110e+00
   1.39370884e+00   1.42529229e+00   1.43692453e+00   1.46277113e+00
   1.48791703e+00   1.53790137e+00   1.56786000e+00   1.57951040e+00
   1.62159576e+00   1.65578912e+00   1.65716822e+00   1.69922562e+00
   1.70188145e+00   1.73705957e+00   1.75757877e+00   1.76897350e+00
   1.86970588e+00   1.92099909e+00   1.92674653e+00   2.07586672e+00
   2.22636409e+00   2.30619845e+00   2.33186096e+00   2.54750904e+00
   2.73976704e+00   2.85088274e+00   2.93901471e+00   2.96588365e+00
   2.99344245e+00   3.04963179e+00   3.05584929e+00   3.08883449e+00
   3.10015751e+00   3.17544674e+00   3.22448617e+00   3.22785759e+00
   3.35362165e+00   3.38191476e+00   3.40001223e+00   3.47240703e+00
   3.48554449e+00   3.50307786e+00   3.50771899e+00   3.53243419e+00
   3.54676796e+00   3.54818800e+00   3.59750037e+00   3.64062494e+00
   3.71433179e+00   3.74306429e+00   3.77532854e+00   3.81244897e+00
   3.85389223e+00   3.91913630e+00   3.97257006e+00   3.99077165e+00
   3.99136019e+00   4.05245637e+00   4.13260121e+00   4.16579826e+00
   4.24032579e+00   4.27404572e+00   4.32522215e+00   4.38209126e+00
   4.45506766e+00   4.45611499e+00   4.68446979e+00   4.68501683e+00
   4.84053107e+00   4.90116620e+00   4.91564813e+00   4.93410447e+00
   5.02320624e+00   5.11364044e+00   5.24185705e+00   5.33380168e+00
   5.39863551e+00   5.51470824e+00   5.55179732e+00   5.74156319e+00
   5.84754444e+00   6.02254685e+00   6.46988775e+00   2.37261090e+01
   2.45091327e+01   3.51969577e+01   3.52240981e+01   3.54468514e+01
   4.35890057e+01   1.18709306e+02]
E_coul = 351.141035679022
cycle= 11 E= -374.140281582934  delta_E= -5.86e-09  |g|= 5.8e-05  |ddm|= 0.000207
    CPU time for cycle= 11      0.37 sec, wall time      0.37 sec
diis-norm(errvec)=0.000139438
diis-c [ -1.15046004e-08  -9.32822257e-02   4.21396586e-02   1.05008371e+00
  -1.53957235e-04  -3.66428511e-04   1.69105736e-03   1.67494130e-03
  -1.78675220e-03]
  HOMO = -0.344066376027144  LUMO = 0.100935300563665
  mo_energy =
[ -1.12893028e+01  -1.12518344e+01  -7.73587739e+00  -5.59005584e+00
  -5.58110198e+00  -5.58103932e+00  -2.28643972e+00  -2.28165706e+00
  -2.28154940e+00  -2.27151116e+00  -2.27150679e+00  -1.06887774e+00
  -9.03405857e-01  -7.79472440e-01  -6.51221765e-01  -5.94026954e-01
  -4.67936129e-01  -4.43485290e-01  -3.71551389e-01  -3.44066376e-01
   1.00935301e-01   1.19072148e-01   1.66841198e-01   1.84891155e-01
   2.06716724e-01   2.65026195e-01   2.72189213e-01   2.77543095e-01
   2.91441017e-01   3.04941076e-01   3.24215134e-01   3.39741116e-01
   3.57303892e-01   3.74831130e-01   3.78955598e-01   4.35210587e-01
   4.63684517e-01   4.71457401e-01   5.31490651e-01   5.67944399e-01
   6.24124763e-01   6.35774168e-01   6.43855090e-01   7.28348193e-01
   7.35806880e-01   7.74325689e-01   8.10777867e-01   8.30821572e-01
   9.14859360e-01   9.50123460e-01   1.03159083e+00   1.05362380e+00
   1.07798577e+00   1.09137322e+00   1.12757266e+00   1.13630269e+00
   1.14919125e+00   1.16154922e+00   1.16337075e+00   1.23918259e+00
   1.24340294e+00   1.25621141e+00   1.33714701e+00   1.38535452e+00
   1.39370889e+00   1.42529474e+00   1.43692705e+00   1.46277232e+00
   1.48792240e+00   1.53790351e+00   1.56786232e+00   1.57951448e+00
   1.62159897e+00   1.65579041e+00   1.65716712e+00   1.69922907e+00
   1.70188203e+00   1.73705976e+00   1.75758495e+00   1.76897797e+00
   1.86971102e+00   1.92100531e+00   1.92674796e+00   2.07586925e+00
   2.22636964e+00   2.30620359e+00   2.33186745e+00   2.54751137e+00
   2.73977398e+00   2.85088746e+00   2.93902052e+00   2.96588943e+00
   2.99344687e+00   3.04963722e+00   3.05585576e+00   3.08884186e+00
   3.10016344e+00   3.17545222e+00   3.22449130e+00   3.22786480e+00
   3.35362712e+00   3.38191894e+00   3.40001823e+00   3.47240983e+00
   3.48554604e+00   3.50308004e+00   3.50772389e+00   3.53243703e+00
   3.54677227e+00   3.54819188e+00   3.59750317e+00   3.64062929e+00
   3.71433525e+00   3.74306792e+00   3.77533224e+00   3.81245224e+00
   3.85389802e+00   3.91913923e+00   3.97257317e+00   3.99077759e+00
   3.99136374e+00   4.05246161e+00   4.13260755e+00   4.16579974e+00
   4.24033083e+00   4.27405180e+00   4.32522872e+00   4.38209516e+00
   4.45507272e+00   4.45611731e+00   4.68447672e+00   4.68502400e+00
   4.84053761e+00   4.90116870e+00   4.91565308e+00   4.93411013e+00
   5.02321177e+00   5.11364505e+00   5.24186221e+00   5.33380716e+00
   5.39864235e+00   5.51471379e+00   5.55180114e+00   5.74157031e+00
   5.84755135e+00   6.02255257e+00   6.46989455e+00   2.37261206e+01
   2.45091420e+01   3.51969625e+01   3.52241031e+01   3.54468559e+01
   4.35890106e+01   1.18709312e+02]
E_coul = 351.140958009026
cycle= 12 E= -374.140281584279  delta_E= -1.35e-09  |g|= 2.35e-05  |ddm|= 9.62e-05
    CPU time for cycle= 12      0.36 sec, wall time      0.37 sec
diis-norm(errvec)=6.45152e-05
diis-c [ -1.59315283e-09  -2.26972833e-02  -1.39940083e-01   1.79198676e-01
   9.79711181e-01  -1.92493212e-04   5.14381045e-04   6.69514305e-04
   2.73610666e-03]
  HOMO = -0.344065553668757  LUMO = 0.100934740149309
  mo_energy =
[ -1.12893166e+01  -1.12518339e+01  -7.73587009e+00  -5.59004869e+00
  -5.58109493e+00  -5.58103216e+00  -2.28643291e+00  -2.28165026e+00
  -2.28154250e+00  -2.27150445e+00  -2.27150009e+00  -1.06888091e+00
  -9.03404717e-01  -7.79474215e-01  -6.51223672e-01  -5.94028226e-01
  -4.67936534e-01  -4.43486725e-01  -3.71549696e-01  -3.44065554e-01
   1.00934740e-01   1.19070160e-01   1.66840626e-01   1.84891090e-01
   2.06716964e-01   2.65026157e-01   2.72189525e-01   2.77543244e-01
   2.91441078e-01   3.04940678e-01   3.24215250e-01   3.39741048e-01
   3.57304437e-01   3.74831412e-01   3.78955990e-01   4.35210596e-01
   4.63683306e-01   4.71457495e-01   5.31490485e-01   5.67942637e-01
   6.24125079e-01   6.35774164e-01   6.43854480e-01   7.28348049e-01
   7.35805209e-01   7.74325151e-01   8.10778093e-01   8.30819952e-01
   9.14858969e-01   9.50122889e-01   1.03159102e+00   1.05362328e+00
   1.07798745e+00   1.09137389e+00   1.12757481e+00   1.13630544e+00
   1.14919180e+00   1.16155073e+00   1.16337061e+00   1.23918306e+00
   1.24340202e+00   1.25621194e+00   1.33714763e+00   1.38535444e+00
   1.39371072e+00   1.42529499e+00   1.43692628e+00   1.46277201e+00
   1.48792288e+00   1.53790473e+00   1.56786233e+00   1.57951480e+00
   1.62159983e+00   1.65579114e+00   1.65717049e+00   1.69922849e+00
   1.70188344e+00   1.73705883e+00   1.75758574e+00   1.76897781e+00
   1.86970979e+00   1.92100201e+00   1.92674808e+00   2.07586833e+00
   2.22636683e+00   2.30620220e+00   2.33186460e+00   2.54750895e+00
   2.73977055e+00   2.85088628e+00   2.93901901e+00   2.96588883e+00
   2.99344526e+00   3.04963416e+00   3.05585308e+00   3.08883969e+00
   3.10016077e+00   3.17544972e+00   3.22448831e+00   3.22786270e+00
   3.35362633e+00   3.38191720e+00   3.40001778e+00   3.47241032e+00
   3.48555110e+00   3.50308355e+00   3.50772420e+00   3.53243725e+00
   3.54677251e+00   3.54819263e+00   3.59750289e+00   3.64062914e+00
   3.71433717e+00   3.74306529e+00   3.77533171e+00   3.81245078e+00
   3.85389749e+00   3.91914209e+00   3.97257133e+00   3.99077695e+00
   3.99136163e+00   4.05246088e+00   4.13260691e+00   4.16579683e+00
   4.24032936e+00   4.27405141e+00   4.32522867e+00   4.38209354e+00
   4.45507135e+00   4.45611504e+00   4.68447448e+00   4.68502074e+00
   4.84053514e+00   4.90117182e+00   4.91565171e+00   4.93410819e+00
   5.02320938e+00   5.11364313e+00   5.24185979e+00   5.33380527e+00
   5.39864155e+00   5.51471166e+00   5.55179614e+00   5.74157060e+00
   5.84755052e+00   6.02255061e+00   6.46989195e+00   2.37261096e+01
   2.45091404e+01   3.51969709e+01   3.52241116e+01   3.54468645e+01
   4.35890189e+01   1.18709321e+02]
E_coul = 351.140922665973
cycle= 13 E= -374.140281584533  delta_E= -2.54e-10  |g|= 6.87e-06  |ddm|= 4.47e-05
    CPU time for cycle= 13      0.37 sec, wall time      0.37 sec
  HOMO = -0.344065803384085  LUMO = 0.100934263548474
  mo_energy =
[ -1.12893170e+01  -1.12518285e+01  -7.73587288e+00  -5.59005130e+00
  -5.58109762e+00  -5.58103485e+00  -2.28643529e+00  -2.28165268e+00
  -2.28154492e+00  -2.27150697e+00  -2.27150260e+00  -1.06888002e+00
  -9.03405162e-01  -7.79473982e-01  -6.51222669e-01  -5.94027041e-01
  -4.67936848e-01  -4.43486518e-01  -3.71550379e-01  -3.44065803e-01
   1.00934264e-01   1.19070628e-01   1.66840606e-01   1.84891389e-01
   2.06716992e-01   2.65026111e-01   2.72189408e-01   2.77542965e-01
   2.91440939e-01   3.04940634e-01   3.24214916e-01   3.39741182e-01
   3.57303945e-01   3.74831334e-01   3.78955851e-01   4.35210217e-01
   4.63683611e-01   4.71457440e-01   5.31490124e-01   5.67942836e-01
   6.24125941e-01   6.35774187e-01   6.43854615e-01   7.28348941e-01
   7.35805928e-01   7.74325120e-01   8.10777861e-01   8.30820125e-01
   9.14858668e-01   9.50122923e-01   1.03159089e+00   1.05362329e+00
   1.07798661e+00   1.09137411e+00   1.12757392e+00   1.13630445e+00
   1.14919160e+00   1.16155031e+00   1.16337027e+00   1.23918313e+00
   1.24340175e+00   1.25621249e+00   1.33714735e+00   1.38535442e+00
   1.39370989e+00   1.42529464e+00   1.43692631e+00   1.46277164e+00
   1.48792345e+00   1.53790458e+00   1.56786199e+00   1.57951473e+00
   1.62160001e+00   1.65579029e+00   1.65716923e+00   1.69922847e+00
   1.70188279e+00   1.73705798e+00   1.75758706e+00   1.76897829e+00
   1.86971059e+00   1.92100280e+00   1.92674760e+00   2.07586821e+00
   2.22636745e+00   2.30620302e+00   2.33186565e+00   2.54750821e+00
   2.73977166e+00   2.85088680e+00   2.93901991e+00   2.96588945e+00
   2.99344571e+00   3.04963480e+00   3.05585394e+00   3.08884122e+00
   3.10016173e+00   3.17545032e+00   3.22448873e+00   3.22786418e+00
   3.35362723e+00   3.38191727e+00   3.40001879e+00   3.47240942e+00
   3.48554900e+00   3.50308204e+00   3.50772422e+00   3.53243629e+00
   3.54677230e+00   3.54819215e+00   3.59750192e+00   3.64062917e+00
   3.71433653e+00   3.74306487e+00   3.77533169e+00   3.81245060e+00
   3.85389823e+00   3.91914118e+00   3.97257108e+00   3.99077740e+00
   3.99136176e+00   4.05246173e+00   4.13260762e+00   4.16579624e+00
   4.24032999e+00   4.27405222e+00   4.32522974e+00   4.38209371e+00
   4.45507186e+00   4.45611480e+00   4.68447574e+00   4.68502186e+00
   4.84053598e+00   4.90117045e+00   4.91565230e+00   4.93410896e+00
   5.02320999e+00   5.11364355e+00   5.24186062e+00   5.33380609e+00
   5.39864280e+00   5.51471250e+00   5.55179574e+00   5.74157270e+00
   5.84755214e+00   6.02255179e+00   6.46989300e+00   2.37261100e+01
   2.45091447e+01   3.51969674e+01   3.52241081e+01   3.54468611e+01
   4.35890156e+01   1.18709317e+02]
E_coul = 351.140934583601
Extra cycle  E= -374.140281584554  delta_E= -2.05e-11  |g|= 3.07e-06  |ddm|= 1.23e-05
    CPU time for scf_cycle     11.02 sec, wall time     11.03 sec
    CPU time for SCF     11.02 sec, wall time     11.33 sec
converged SCF energy = -374.140281584554
RHF E = -374.140281585
RHF eps = [ -1.12893170e+01  -1.12518285e+01  -7.73587288e+00  -5.59005130e+00
  -5.58109762e+00  -5.58103485e+00  -2.28643529e+00  -2.28165268e+00
  -2.28154492e+00  -2.27150697e+00  -2.27150260e+00  -1.06888002e+00
  -9.03405162e-01  -7.79473982e-01  -6.51222669e-01  -5.94027041e-01
  -4.67936848e-01  -4.43486518e-01  -3.71550379e-01  -3.44065803e-01
   1.00934264e-01   1.19070628e-01   1.66840606e-01   1.84891389e-01
   2.06716992e-01   2.65026111e-01   2.72189408e-01   2.77542965e-01
   2.91440939e-01   3.04940634e-01   3.24214916e-01   3.39741182e-01
   3.57303945e-01   3.74831334e-01   3.78955851e-01   4.35210217e-01
   4.63683611e-01   4.71457440e-01   5.31490124e-01   5.67942836e-01
   6.24125941e-01   6.35774187e-01   6.43854615e-01   7.28348941e-01
   7.35805928e-01   7.74325120e-01   8.10777861e-01   8.30820125e-01
   9.14858668e-01   9.50122923e-01   1.03159089e+00   1.05362329e+00
   1.07798661e+00   1.09137411e+00   1.12757392e+00   1.13630445e+00
   1.14919160e+00   1.16155031e+00   1.16337027e+00   1.23918313e+00
   1.24340175e+00   1.25621249e+00   1.33714735e+00   1.38535442e+00
   1.39370989e+00   1.42529464e+00   1.43692631e+00   1.46277164e+00
   1.48792345e+00   1.53790458e+00   1.56786199e+00   1.57951473e+00
   1.62160001e+00   1.65579029e+00   1.65716923e+00   1.69922847e+00
   1.70188279e+00   1.73705798e+00   1.75758706e+00   1.76897829e+00
   1.86971059e+00   1.92100280e+00   1.92674760e+00   2.07586821e+00
   2.22636745e+00   2.30620302e+00   2.33186565e+00   2.54750821e+00
   2.73977166e+00   2.85088680e+00   2.93901991e+00   2.96588945e+00
   2.99344571e+00   3.04963480e+00   3.05585394e+00   3.08884122e+00
   3.10016173e+00   3.17545032e+00   3.22448873e+00   3.22786418e+00
   3.35362723e+00   3.38191727e+00   3.40001879e+00   3.47240942e+00
   3.48554900e+00   3.50308204e+00   3.50772422e+00   3.53243629e+00
   3.54677230e+00   3.54819215e+00   3.59750192e+00   3.64062917e+00
   3.71433653e+00   3.74306487e+00   3.77533169e+00   3.81245060e+00
   3.85389823e+00   3.91914118e+00   3.97257108e+00   3.99077740e+00
   3.99136176e+00   4.05246173e+00   4.13260762e+00   4.16579624e+00
   4.24032999e+00   4.27405222e+00   4.32522974e+00   4.38209371e+00
   4.45507186e+00   4.45611480e+00   4.68447574e+00   4.68502186e+00
   4.84053598e+00   4.90117045e+00   4.91565230e+00   4.93410896e+00
   5.02320999e+00   5.11364355e+00   5.24186062e+00   5.33380609e+00
   5.39864280e+00   5.51471250e+00   5.55179574e+00   5.74157270e+00
   5.84755214e+00   6.02255179e+00   6.46989300e+00   2.37261100e+01
   2.45091447e+01   3.51969674e+01   3.52241081e+01   3.54468611e+01
   4.35890156e+01   1.18709317e+02]
    CPU time for transforming oopq, ovpq     36.61 sec, wall time     44.17 sec
    CPU time for GW integral transformation     37.24 sec, wall time     44.81 sec

******** <class 'pyscf.gw.gf2.GF2'> flags ********
method = GF2
GF2 nocc = 20, nvir = 134
use perturbative linearized QP eqn = False
use diagonal approximation for sigma = True
  HOMO = -0.335699578593165  LUMO = 0.0423063205622626
  GW mo_energy =
[ -1.07456310e+01  -1.07386495e+01  -7.73350571e+00  -5.59010535e+00
  -5.13973897e+00  -5.13945202e+00  -2.06228707e+00  -2.05714848e+00
  -2.05331048e+00  -2.04483261e+00  -2.04648765e+00  -9.06624597e-01
  -8.47882920e-01  -6.84987604e-01  -5.73852471e-01  -5.30979854e-01
  -4.37815690e-01  -4.15673705e-01  -3.58834225e-01  -3.35699579e-01
   4.23063206e-02   5.04423533e-02   1.27686177e-01   1.46877693e-01
   1.73226423e-01   2.24878768e-01   2.37367449e-01   2.48016678e-01
   2.50252004e-01   2.58370436e-01   2.73181107e-01   2.87658128e-01
   3.12386029e-01   3.26684461e-01   3.32072341e-01   3.80942487e-01
   3.71440969e-01   4.24544280e-01   4.46502824e-01   4.82058093e-01
   5.26877521e-01   5.66772476e-01   5.53695776e-01   6.39337473e-01
   7.30084967e-01   6.64033180e-01   7.09693391e-01   7.50334972e-01
   9.12535857e-01   9.50209136e-01   1.03126955e+00   9.69634893e-01
   9.56498133e-01   1.09082038e+00   1.12692273e+00   1.13515665e+00
   1.14942588e+00   1.15971573e+00   1.05336590e+00   1.12193996e+00
   1.17618854e+00   1.11780911e+00   1.33738157e+00   1.38415489e+00
   1.29000634e+00   1.27008951e+00   1.37613657e+00   1.32857007e+00
   1.41108857e+00   1.40051467e+00   1.56790371e+00   1.48017063e+00
   1.61751622e+00   1.50800292e+00   1.51844754e+00   1.54891774e+00
   1.70183021e+00   1.63425231e+00   1.70735620e+00   1.62064838e+00
   1.70271792e+00   1.71914937e+00   1.79653490e+00   2.05931117e+00
   2.08201586e+00   2.30638971e+00   2.33197772e+00   2.54694185e+00
   2.60431015e+00   2.85005261e+00   2.93913461e+00   2.96372024e+00
   2.99781850e+00   2.90995714e+00   3.05626127e+00   2.95992323e+00
   3.10095036e+00   3.04938168e+00   3.05531472e+00   3.22347072e+00
   3.13855555e+00   3.23533384e+00   3.30455821e+00   3.29131061e+00
   3.32004218e+00   3.41444045e+00   3.35126094e+00   3.35541380e+00
   3.34972626e+00   3.46366475e+00   3.41155972e+00   3.64063153e+00
   3.56753928e+00   3.58661145e+00   3.77558802e+00   3.81257109e+00
   3.68342051e+00   3.75923118e+00   3.97228541e+00   3.86224920e+00
   4.00461022e+00   3.90216068e+00   4.01060522e+00   4.03794385e+00
   4.23930035e+00   4.27412663e+00   4.21521559e+00   4.38104032e+00
   4.45537606e+00   4.45665128e+00   4.46848530e+00   4.65972117e+00
   4.84025463e+00   4.69072166e+00   4.91641737e+00   4.93436099e+00
   5.02410477e+00   5.06504258e+00   5.23885653e+00   5.31218617e+00
   5.40502924e+00   5.51481386e+00   5.55235866e+00   5.55977520e+00
   5.84736879e+00   6.02506864e+00   6.46862104e+00   2.32635901e+01
   2.39566541e+01   3.47474648e+01   3.47746760e+01   3.49967869e+01
   4.35923388e+01   1.18197638e+02]
    CPU time for GF2    211.29 sec, wall time    211.38 sec
    CPU time for transforming oopq, ovpq     37.17 sec, wall time     37.19 sec
    CPU time for GW integral transformation     37.82 sec, wall time     37.83 sec

******** <class 'pyscf.gw.gf2.GF2'> flags ********
method = GF2
GF2 nocc = 20, nvir = 134
use perturbative linearized QP eqn = False
use diagonal approximation for sigma = True
  HOMO = -0.335699578593165  LUMO = 0.0423063205622626
  GW mo_energy =
[ 0.          0.          0.          0.          0.          0.          0.
  0.          0.          0.          0.          0.          0.          0.
  0.          0.          0.          0.          0.         -0.33569958
  0.04230632  0.          0.          0.          0.          0.          0.
  0.          0.          0.          0.          0.          0.          0.
  0.          0.          0.          0.          0.          0.          0.
  0.          0.          0.          0.          0.          0.          0.
  0.          0.          0.          0.          0.          0.          0.
  0.          0.          0.          0.          0.          0.          0.
  0.          0.          0.          0.          0.          0.          0.
  0.          0.          0.          0.          0.          0.          0.
  0.          0.          0.          0.          0.          0.          0.
  0.          0.          0.          0.          0.          0.          0.
  0.          0.          0.          0.          0.          0.          0.
  0.          0.          0.          0.          0.          0.          0.
  0.          0.          0.          0.          0.          0.          0.
  0.          0.          0.          0.          0.          0.          0.
  0.          0.          0.          0.          0.          0.          0.
  0.          0.          0.          0.          0.          0.          0.
  0.          0.          0.          0.          0.          0.          0.
  0.          0.          0.          0.          0.          0.          0.
  0.          0.          0.          0.          0.          0.          0.
  0.        ]
    CPU time for GF2      0.52 sec, wall time      0.53 sec
IP root 0 E =  -0.335699578593
EA root 0 E =  0.0423063205623
