

******** <class 'pyscf.scf.hf.RHF'> flags ********
method = RHF
initial guess = minao
damping factor = 0
level shift factor = 0
DIIS = <class 'pyscf.scf.diis.CDIIS'>
DIIS start cycle = 1
DIIS space = 8
SCF tol = 1e-09
SCF gradient tol = None
max. SCF cycles = 50
direct_scf = True
direct_scf_tol = 1e-13
chkfile to save SCF result = /tmp/tmpL6_vw1
max_memory 4000 MB (current use 76 MB)
Set gradient conv threshold to 3.16228e-05
Nelec from initial guess = 23.997823655
cond(S) = 17561.9165688
E_coul = 119.962744533321
init E= -153.311782796381
    CPU time for initialize scf      3.79 sec, wall time      3.79 sec
  HOMO = -0.329142728845946  LUMO = -0.0248530686715956
  mo_energy =
[ -2.07765452e+01  -1.14607413e+01  -1.14582159e+01  -1.76742044e+00
  -1.29620322e+00  -8.58842286e-01  -6.55531217e-01  -5.95469978e-01
  -5.75519204e-01  -4.84568097e-01  -4.69936281e-01  -3.29142729e-01
  -2.48530687e-02   1.12651763e-01   1.48503171e-01   1.87373599e-01
   1.93830288e-01   2.10878175e-01   2.58335750e-01   3.16012423e-01
   3.29238066e-01   3.54258390e-01   3.73675849e-01   4.05545358e-01
   4.69579526e-01   4.75772864e-01   4.94227925e-01   5.21034387e-01
   5.49300332e-01   5.65342283e-01   6.17970801e-01   6.27320449e-01
   6.54267609e-01   6.77827081e-01   7.27547705e-01   8.35991995e-01
   8.90102187e-01   9.18069392e-01   1.02046346e+00   1.04798249e+00
   1.05777819e+00   1.09140686e+00   1.10976275e+00   1.12555629e+00
   1.15195811e+00   1.15970318e+00   1.30203832e+00   1.31760285e+00
   1.33989234e+00   1.40536622e+00   1.45998932e+00   1.50966857e+00
   1.54579560e+00   1.55662167e+00   1.58732436e+00   1.60179315e+00
   1.62157356e+00   1.65809065e+00   1.70480778e+00   1.74925047e+00
   1.77356878e+00   1.85861613e+00   2.06599083e+00   2.10289251e+00
   2.14970934e+00   2.24497041e+00   2.30163883e+00   2.37973925e+00
   2.46312535e+00   2.64253132e+00   2.72382404e+00   2.74668439e+00
   2.82668765e+00   2.85596165e+00   2.88243399e+00   2.92541185e+00
   2.95471112e+00   2.98789856e+00   3.01618771e+00   3.05055213e+00
   3.09919804e+00   3.14484453e+00   3.16971277e+00   3.21435839e+00
   3.22972213e+00   3.24679541e+00   3.30066144e+00   3.35671290e+00
   3.37086328e+00   3.43284589e+00   3.46788987e+00   3.54607953e+00
   3.58703211e+00   3.65476301e+00   3.69001633e+00   3.72080130e+00
   3.72640533e+00   3.74704432e+00   3.77701649e+00   3.86995585e+00
   3.93190035e+00   3.99014228e+00   4.02939511e+00   4.08851366e+00
   4.11116164e+00   4.12357168e+00   4.18190190e+00   4.21000901e+00
   4.28653111e+00   4.30656598e+00   4.34869143e+00   4.37812073e+00
   4.40863065e+00   4.49446449e+00   4.55043866e+00   4.59331384e+00
   4.67992722e+00   4.75043571e+00   4.83074868e+00   4.87312942e+00
   4.88539006e+00   4.95932704e+00   5.10953974e+00   5.20260928e+00
   5.33571138e+00   5.38762534e+00   5.41202197e+00   5.46088904e+00
   5.49353780e+00   5.51013925e+00   5.52259965e+00   5.55009556e+00
   5.58938353e+00   5.62923327e+00   5.83129734e+00   5.87475152e+00
   5.97108470e+00   6.09147349e+00   6.48103087e+00   6.65964718e+00
   6.70447091e+00   6.82941839e+00   7.04508055e+00   7.12830824e+00
   7.31668418e+00   7.39188946e+00   2.41086028e+01   2.43537449e+01
   4.51092920e+01]
E_coul = 123.458845234349
cycle= 1 E= -152.881132075873  delta_E= 0.431  |g|= 0.637  |ddm|= 1.77
    CPU time for cycle= 1      0.32 sec, wall time      0.32 sec
diis-norm(errvec)=1.81136
diis-c [-3.28102799  1.        ]
  HOMO = -0.333348096048914  LUMO = 0.105444523225766
  mo_energy =
[-20.21489017 -11.51341919 -11.27573104  -1.31897047  -1.05965105
  -0.83535722  -0.67221004  -0.63330209  -0.59606153  -0.51830024
  -0.44973105  -0.3333481    0.10544452   0.12266722   0.14872338
   0.187126     0.21074346   0.24056298   0.25737032   0.30937158
   0.31760015   0.35136501   0.36738394   0.43164568   0.49152913
   0.50584999   0.5396726    0.57427163   0.59295815   0.61499684
   0.65050747   0.66693279   0.70703674   0.76647469   0.83877518
   0.85295842   0.91461507   0.97849961   1.00878664   1.05156526
   1.07630889   1.09265214   1.12043569   1.13335936   1.15221749
   1.1963307    1.31056148   1.33271924   1.34483819   1.42228192
   1.48206874   1.51705211   1.55825529   1.56615577   1.59012229
   1.60417496   1.63717166   1.67345581   1.69180818   1.76574951
   1.8036255    1.99007416   2.11586706   2.22118612   2.28921151
   2.32959895   2.42259716   2.45559935   2.59445939   2.69476586
   2.74121238   2.77194381   2.82421372   2.86894126   2.90396856
   2.94014303   3.00327013   3.0401231    3.05249057   3.12074265
   3.17203271   3.18178739   3.22296211   3.24306503   3.27249842
   3.31444021   3.35166011   3.3912027    3.44813348   3.48432476
   3.53064224   3.58707691   3.63141338   3.67373387   3.71021007
   3.73930495   3.74898398   3.7857555    3.80565334   3.90647759
   3.95203031   3.99859494   4.04464202   4.07519417   4.10884528
   4.11668055   4.17845526   4.19652656   4.28278137   4.32688963
   4.35444846   4.38212965   4.40595003   4.4926027    4.54824302
   4.61281054   4.74427152   4.79352235   4.82749339   4.88392      4.91049992
   4.96953553   5.14027842   5.25504205   5.37436715   5.42382185
   5.43820552   5.47712005   5.54149017   5.55562151   5.61167465
   5.62928776   5.79070472   5.80926859   5.88651944   5.93920492
   6.21746624   6.32309766   6.73238538   6.92128538   7.0939734
   7.18588923   7.31489203   7.49369147   7.67283308   7.75515955
  24.07875681  24.50128387  45.64083381]
E_coul = 122.134017561707
cycle= 2 E= -152.926071823057  delta_E= -0.0449  |g|= 0.54  |ddm|= 0.704
    CPU time for cycle= 2      0.33 sec, wall time      0.32 sec
diis-norm(errvec)=1.44464
diis-c [-0.37988688  0.43409777  0.56590223]
  HOMO = -0.419883873880626  LUMO = 0.115555454256924
  mo_energy =
[-20.58658183 -11.34558901 -11.23609124  -1.40019525  -1.0205143
  -0.80219788  -0.67273794  -0.62137157  -0.6095251   -0.55803145
  -0.51125953  -0.41988387   0.11555545   0.13765389   0.17186608
   0.20519579   0.22038539   0.24572448   0.26897316   0.32268061
   0.33274512   0.37226281   0.38782491   0.42782017   0.510299
   0.53636992   0.56679886   0.57291067   0.60178508   0.63179188
   0.67232504   0.68631076   0.71545633   0.72106488   0.79824433
   0.87153233   0.93849786   0.95045524   1.02929002   1.07492926
   1.09632848   1.11307352   1.13069491   1.15637832   1.1733673
   1.20375188   1.33242906   1.35087977   1.36450979   1.43901177
   1.49602085   1.53799221   1.58028535   1.58654498   1.61705129
   1.6323295    1.65577024   1.70505019   1.73902596   1.79317706
   1.8221218    1.94693854   2.12774736   2.19062      2.24527211
   2.32157052   2.40097012   2.44924167   2.55934508   2.71058169
   2.76592468   2.79186348   2.86750257   2.89891736   2.94401309
   2.98281095   3.04097152   3.06657534   3.0773893    3.10887207
   3.16646503   3.21933086   3.23931361   3.27652364   3.29798384
   3.33194813   3.35800344   3.43111454   3.44648358   3.48615534
   3.53326581   3.57848058   3.63592448   3.70681791   3.73786361
   3.77115596   3.77731409   3.7992331    3.82928473   3.91843029
   3.97705513   4.03049975   4.07213887   4.11225826   4.14654023
   4.15095363   4.21173364   4.23179254   4.30792509   4.3457223
   4.38201273   4.41331518   4.43308052   4.52504911   4.58285141
   4.63790106   4.7487109    4.81035578   4.87041562   4.91402292
   4.94468408   5.00413918   5.16397199   5.27191022   5.39938864
   5.45461106   5.47455865   5.52418898   5.57184427   5.58128677
   5.61336059   5.65781379   5.66898785   5.70465494   5.91487658
   5.96228978   6.10672329   6.22316015   6.61876719   6.81868645
   6.88023539   7.00116318   7.19485086   7.29667461   7.49310625
   7.57026476  24.22594036  24.54855364  45.28846865]
E_coul = 122.853071090927
cycle= 3 E= -152.975915931706  delta_E= -0.0498  |g|= 0.0596  |ddm|= 0.393
    CPU time for cycle= 3      0.32 sec, wall time      0.32 sec
diis-norm(errvec)=0.187092
diis-c [-0.01661931 -0.11240133 -0.05259978  1.16500111]
  HOMO = -0.419384823188866  LUMO = 0.127744258108439
  mo_energy =
[-20.54643462 -11.33647713 -11.25431328  -1.38802072  -1.0174296
  -0.7959692   -0.66896024  -0.61969608  -0.60643856  -0.55710541
  -0.50524982  -0.41938482   0.12774426   0.141492     0.1753359
   0.20850048   0.22395226   0.2471119    0.27271283   0.32488053
   0.33649535   0.37416374   0.38987353   0.42825125   0.51345165
   0.53869708   0.57102889   0.57316279   0.60553557   0.63765068
   0.67784193   0.69066675   0.72092025   0.7257286    0.79838127
   0.87568323   0.9425168    0.95204311   1.03560249   1.07771269
   1.09965462   1.11748285   1.13604578   1.16057036   1.17759825
   1.2088044    1.3376074    1.35520941   1.36844381   1.4436666
   1.49897599   1.54158638   1.58336082   1.59090691   1.62139131
   1.63670928   1.66086099   1.70966551   1.74329938   1.79772361
   1.82588512   1.950723     2.13077723   2.1940461    2.24855303
   2.32327001   2.4054856    2.45095933   2.5630596    2.71343842
   2.77388023   2.8011252    2.87430858   2.90601459   2.94746214
   2.98705421   3.04633711   3.07244558   3.0820235    3.11905288
   3.17062748   3.22413759   3.24548923   3.28281573   3.30272906
   3.33813056   3.36363308   3.43552294   3.45198149   3.49363331
   3.54136611   3.58914376   3.64376198   3.71316439   3.74426098
   3.77691397   3.78345317   3.80684033   3.83572835   3.926214
   3.98485373   4.0400475    4.08284468   4.12232143   4.15653563
   4.15978921   4.22301228   4.24334422   4.31978256   4.35403786
   4.39096645   4.42317291   4.44351479   4.5344853    4.59217225
   4.64649926   4.75955268   4.81785586   4.87864862   4.92297635
   4.95222057   5.0121818    5.17373832   5.28144097   5.40714967
   5.46228761   5.48121536   5.53291467   5.58039758   5.58983999
   5.6210578    5.66474992   5.67750061   5.71324333   5.92151202
   5.96792476   6.11651173   6.23315907   6.63309016   6.83485457
   6.89592412   7.01616868   7.21048171   7.30950008   7.50557635
   7.58563737  24.23240376  24.5350273   45.32607087]
E_coul = 122.779285805726
cycle= 4 E= -152.977450293057  delta_E= -0.00153  |g|= 0.0171  |ddm|= 0.0809
    CPU time for cycle= 4      0.33 sec, wall time      0.33 sec
diis-norm(errvec)=0.0506817
diis-c [-0.00169701 -0.01877941 -0.03106857  0.02430468  1.0255433 ]
  HOMO = -0.423311217316273  LUMO = 0.126714154424294
  mo_energy =
[-20.55726959 -11.34288723 -11.24529218  -1.39313261  -1.01512457
  -0.79677698  -0.6711197   -0.62185408  -0.6051888   -0.55588484
  -0.50608315  -0.42331122   0.12671415   0.14200807   0.17540615
   0.20897341   0.22466982   0.24679189   0.27293459   0.32557697
   0.33681034   0.37309262   0.38970939   0.42780307   0.51430493
   0.53912666   0.57184813   0.5729306    0.60699488   0.63717994
   0.67878957   0.69116545   0.72037544   0.72514755   0.79712713
   0.87503129   0.94270422   0.95119079   1.03657963   1.07751292
   1.09999324   1.11863361   1.1358961    1.16066468   1.17808764
   1.20762112   1.33799592   1.35453292   1.36851559   1.44327872
   1.49858604   1.54232043   1.58416933   1.59104372   1.62304322
   1.63628843   1.66071538   1.71027003   1.74158469   1.79669502
   1.82687994   1.94919905   2.12994145   2.19286627   2.24704274
   2.32365822   2.40359453   2.45182974   2.56170178   2.71436888
   2.77532736   2.80219995   2.8747956    2.907218     2.94770584
   2.98742534   3.04609385   3.07166261   3.08475946   3.11670271
   3.17160737   3.22449482   3.24515357   3.28384554   3.30378503
   3.33640191   3.36223413   3.43545425   3.45200237   3.49347002
   3.54083286   3.59060773   3.64353924   3.71256691   3.74407284
   3.77883802   3.78403472   3.80638553   3.83709482   3.92587445
   3.98425715   4.04099917   4.08354821   4.12283798   4.15724763
   4.16055226   4.22446795   4.24427031   4.3213605    4.35367233
   4.39153721   4.42385092   4.44422211   4.53595814   4.59316449
   4.64615083   4.75768699   4.81807153   4.87813167   4.92390223
   4.95326919   5.01305504   5.17384713   5.27997343   5.40889087
   5.46441106   5.48282213   5.53299249   5.58214163   5.59200362
   5.62049527   5.6658651    5.67452037   5.71218316   5.92461184
   5.97105647   6.1127414    6.2294075    6.62721136   6.82885996
   6.89018792   7.01073355   7.20539745   7.30471456   7.50201431
   7.58070228  24.22786556  24.54200938  45.31584176]
E_coul = 122.793686812998
cycle= 5 E= -152.977604748817  delta_E= -0.000154  |g|= 0.00716  |ddm|= 0.0371
    CPU time for cycle= 5      0.33 sec, wall time      0.33 sec
diis-norm(errvec)=0.0217749
diis-c [ -2.77076141e-04   1.59493575e-02   5.92420575e-03  -1.34712835e-01
  -5.53146168e-02   1.16815389e+00]
  HOMO = -0.423925496576543  LUMO = 0.127487419987592
  mo_energy =
[-20.55675047 -11.33906816 -11.24873986  -1.39223972  -1.01544196
  -0.79630767  -0.6709074   -0.62188031  -0.6055704   -0.55662193
  -0.50479372  -0.4239255    0.12748742   0.14187383   0.17561176
   0.20891941   0.22457138   0.24684229   0.27278732   0.32546018
   0.33666046   0.37348559   0.38980642   0.42788275   0.51401168
   0.53916679   0.57179311   0.57296639   0.60662329   0.63744832
   0.67858389   0.69106699   0.72051596   0.72536286   0.79699261
   0.87527031   0.94277618   0.95123853   1.03631965   1.07760466
   1.09991628   1.11823873   1.13593168   1.16073257   1.17802267
   1.20797704   1.33782648   1.35474366   1.36860898   1.44336624
   1.49875505   1.5422109    1.58398897   1.59112184   1.62261931
   1.63659071   1.66087329   1.71003346   1.74277328   1.79715607
   1.82632783   1.94917136   2.1304534    2.19288837   2.24710545
   2.32334075   2.40392856   2.45144211   2.56203769   2.7140312
   2.77496972   2.8019749    2.87477761   2.90694866   2.94795639
   2.98759165   3.04620015   3.07202652   3.08382977   3.11733867
   3.17147513   3.22440139   3.2453124    3.28357594   3.30363966
   3.33673337   3.36288345   3.43560384   3.45177009   3.49349043
   3.54085722   3.5901055    3.64362097   3.71294214   3.74428237
   3.77837528   3.78392888   3.80643246   3.83675983   3.92601097
   3.98458145   4.04079825   4.08345522   4.12291025   4.15727025
   4.16046142   4.22416705   4.24421676   4.32116527   4.35386217
   4.39144151   4.42377254   4.44414727   4.53560439   4.5930957
   4.64627055   4.75801371   4.81816603   4.87856656   4.92384081
   4.95295914   5.01302985   5.17380885   5.28032139   5.40814005
   5.46365716   5.48230845   5.5331836    5.58146818   5.5913102
   5.62001087   5.66549231   5.67432183   5.71194758   5.92344076
   5.96991822   6.11291537   6.22963425   6.62762807   6.82975823
   6.89016864   7.01080888   7.20603426   7.30473182   7.50249954
   7.58115643  24.23073681  24.53945722  45.31631051]
E_coul = 122.789736309431
cycle= 6 E= -152.977642875399  delta_E= -3.81e-05  |g|= 0.00294  |ddm|= 0.0183
    CPU time for cycle= 6      0.33 sec, wall time      0.33 sec
diis-norm(errvec)=0.00851425
diis-c [ -2.61504184e-05   1.41600010e-03   2.06864940e-03   1.51036709e-02
  -1.49127774e-01  -2.14684585e-01   1.34522404e+00]
  HOMO = -0.424691841947936  LUMO = 0.127635078788244
  mo_energy =
[-20.55790339 -11.33887644 -11.24769651  -1.3928882   -1.01507996
  -0.79626269  -0.67124336  -0.62221475  -0.60525917  -0.55633761
  -0.50470254  -0.42469184   0.12763508   0.14204359   0.17578061
   0.20911577   0.22470242   0.24678803   0.27300904   0.32559695
   0.33686929   0.37344878   0.38992661   0.42781055   0.51421704
   0.53918397   0.57199262   0.57285178   0.60692635   0.63762035
   0.67883108   0.69119015   0.72057585   0.72525335   0.79655781
   0.8753639    0.94297196   0.95094671   1.03658708   1.07781973
   1.10008294   1.11853257   1.13610405   1.16097456   1.17825598
   1.20805743   1.33808237   1.35487715   1.36881766   1.44351826
   1.49879584   1.54243164   1.58420297   1.59130648   1.62297706
   1.63678779   1.66107935   1.7102773    1.74300492   1.79730465
   1.82665667   1.94878722   2.13049029   2.19259957   2.24671028
   2.32338899   2.40355792   2.45162287   2.56174667   2.71419477
   2.77524472   2.80231902   2.87515026   2.90725561   2.94821792
   2.98787085   3.04627086   3.07212962   3.08429287   3.11723749
   3.17182663   3.22463987   3.24547323   3.2839643    3.30403326
   3.33641048   3.36319467   3.43586636   3.45184246   3.49369395
   3.54095884   3.59045909   3.64386492   3.71313883   3.74450392
   3.77871662   3.78419479   3.80655893   3.83709606   3.92617381
   3.98477201   4.04118926   4.08376022   4.12327231   4.15759465
   4.16077907   4.22454662   4.24457056   4.32149303   4.35403799
   4.39171909   4.42410484   4.44443733   4.53597741   4.59349848
   4.64641799   4.75798225   4.81843205   4.87883491   4.92412684
   4.95331813   5.01334812   5.17410128   5.28038066   5.40849277
   5.46408658   5.48259601   5.53346572   5.58183919   5.59168925
   5.61973311   5.66560778   5.67369725   5.71176172   5.92402115
   5.97037553   6.1121991    6.22897604   6.62685668   6.82908176
   6.8889326    7.00967695   7.20545209   7.30351324   7.50157653
   7.58014601  24.23099802  24.54036013  45.31517226]
E_coul = 122.789481881795
cycle= 7 E= -152.977650075308  delta_E= -7.2e-06  |g|= 0.000685  |ddm|= 0.00898
    CPU time for cycle= 7      0.33 sec, wall time      0.33 sec
diis-norm(errvec)=0.00215396
diis-c [ -1.25567799e-06  -1.61598034e-03  -1.40712439e-03   9.65029217e-03
   4.03384191e-02  -5.93699757e-02  -3.27085236e-01   1.33948961e+00]
  HOMO = -0.424842072149858  LUMO = 0.127667617345975
  mo_energy =
[-20.5581794  -11.33874647 -11.24788896  -1.39306986  -1.01506466
  -0.79625949  -0.67133251  -0.62230661  -0.6052658   -0.55634116
  -0.50469116  -0.42484207   0.12766762   0.14206248   0.1758163
   0.20913778   0.22472152   0.24677308   0.2730408    0.32563133
   0.33689338   0.37344642   0.38995685   0.42779754   0.51423266
   0.53918651   0.57200537   0.57282222   0.60694374   0.63764261
   0.67886501   0.69119732   0.72057606   0.72520704   0.79645359
   0.87538303   0.94302216   0.95087408   1.03663213   1.07785607
   1.1001076    1.11856306   1.13612321   1.16101477   1.17828895
   1.20807208   1.33811666   1.35489813   1.36885084   1.44353439
   1.49880857   1.54246029   1.58422049   1.59133399   1.62299774
   1.63680997   1.66109648   1.71028619   1.74308045   1.79733106
   1.82666058   1.94867684   2.13050541   2.19251568   2.24660704
   2.32334699   2.40347911   2.45161092   2.56168319   2.71419158
   2.77527684   2.80234555   2.87519962   2.9072877    2.94825795
   2.98791211   3.04626974   3.07214745   3.08431912   3.11722112
   3.17185964   3.22464965   3.24549192   3.28398496   3.3040694
   3.33634394   3.36322822   3.43588647   3.45180645   3.49371293
   3.540949     3.59048825   3.64388782   3.71318147   3.7445424
   3.77875388   3.78422329   3.80656498   3.83712471   3.92619606
   3.98480074   4.04121679   4.08379307   4.12332674   4.15765424
   4.16082462   4.22457549   4.24462453   4.32153787   4.35406017
   4.39176017   4.42413565   4.44447443   4.53600893   4.59353676
   4.64643765   4.75795563   4.8184473    4.8788963    4.92416725
   4.95333203   5.01339683   5.17412054   5.28038064   5.40848486
   5.46408961   5.48261127   5.53351255   5.58183044   5.59169111
   5.61961099   5.66557079   5.67351397   5.71166691   5.92399219
   5.97036013   6.1120213    6.22881089   6.62667261   6.82892161
   6.8886373    7.00940509   7.20530377   7.3032572    7.50138588
   7.57993527  24.23109578  24.54022171  45.31490175]
E_coul = 122.789999431382
cycle= 8 E= -152.977650450133  delta_E= -3.75e-07  |g|= 0.000118  |ddm|= 0.00145
    CPU time for cycle= 8      0.32 sec, wall time      0.33 sec
diis-norm(errvec)=0.000405759
diis-c [ -9.71275482e-08   1.38914003e-04   4.19364558e-05  -1.77721345e-03
   1.23611661e-03   2.29869768e-02  -3.41485023e-02  -1.28644881e-01
   1.14016665e+00]
  HOMO = -0.424814850874743  LUMO = 0.127674085351501
  mo_energy =
[-20.55814607 -11.33871355 -11.24778135  -1.39304276  -1.01502929
  -0.79623624  -0.67130892  -0.6222816   -0.60524024  -0.5563216
  -0.5046512   -0.42481485   0.12767409   0.14206722   0.17582079
   0.2091435    0.22472604   0.24677852   0.273047     0.3256355
   0.33689827   0.37345147   0.38996491   0.42780211   0.51424098
   0.53919826   0.57202682   0.57283227   0.60695819   0.63765731
   0.67887533   0.6912071    0.72059116   0.72521557   0.79646363
   0.87539418   0.94302975   0.95088051   1.03663641   1.07787143
   1.10012039   1.11857486   1.13613352   1.16102924   1.17829969
   1.20808698   1.33812528   1.35491484   1.36886433   1.44354823
   1.49882059   1.54247426   1.58423541   1.59134597   1.62301169
   1.63682454   1.66111001   1.7103013    1.74309942   1.7973466
   1.82668176   1.94869331   2.13052612   2.192535     2.24662599
   2.32337355   2.40349678   2.45163733   2.56170414   2.71421612
   2.77528594   2.80235779   2.87521664   2.90730021   2.94828451
   2.98793735   3.04629688   3.07217109   3.08434169   3.11724252
   3.17188488   3.22467482   3.24551302   3.28400743   3.30409353
   3.33636355   3.36325728   3.43591386   3.45182962   3.4937288
   3.54096414   3.59049228   3.64390499   3.71320015   3.74456094
   3.77877137   3.78424219   3.80658151   3.83714342   3.92621007
   3.98481726   4.04122877   4.08380157   4.12333461   4.15766094
   4.16083429   4.22458044   4.24462808   4.32153597   4.35407401
   4.39176922   4.42414535   4.44447967   4.53601718   4.59354922
   4.64644882   4.75797279   4.81846721   4.87891129   4.92417791
   4.95335171   5.01341118   5.17413581   5.28039886   5.40850154
   5.46410999   5.4826299    5.5335287    5.58184373   5.59170424
   5.61962926   5.6655911    5.67353143   5.71168359   5.92401869
   5.97038421   6.11204452   6.22883445   6.62670178   6.82895412
   6.88865914   7.009429     7.20533253   7.30328059   7.50141141
   7.57996391  24.23113394  24.54031455  45.31493323]
E_coul = 122.789625037872
cycle= 9 E= -152.977650457858  delta_E= -7.72e-09  |g|= 3.81e-05  |ddm|= 0.000245
    CPU time for cycle= 9      0.33 sec, wall time      0.33 sec
diis-norm(errvec)=0.000108157
diis-c [ -6.66445690e-09   1.00066253e+00  -8.33065510e-06  -3.90442725e-05
  -9.23401338e-04   3.40178041e-03   5.65918073e-03  -5.52497717e-02
   4.64970571e-02]
  HOMO = -0.424829154854483  LUMO = 0.127664019729577
  mo_energy =
[-20.55818829 -11.33874412 -11.24780345  -1.39306359  -1.01503889
  -0.79624602  -0.67132389  -0.62229804  -0.60524829  -0.5563282
  -0.50466516  -0.42482915   0.12766402   0.1420671    0.17581881
   0.20914261   0.22472485   0.24677558   0.27304672   0.32563413
   0.33689761   0.3734452    0.38996203   0.4277989    0.51423983
   0.53919262   0.57201923   0.57282499   0.60695362   0.63765084
   0.67887172   0.69120288   0.72058337   0.72520881   0.79645669
   0.87538809   0.94302594   0.95087348   1.03663579   1.07786602
   1.10011496   1.11857198   1.13612957   1.16102362   1.17829595
   1.20807878   1.33812319   1.35490755   1.36885935   1.44354227
   1.49881407   1.54246935   1.58423097   1.59134058   1.62300841
   1.63681891   1.66110449   1.71029622   1.7430872    1.79733779
   1.82667629   1.94868207   2.13051513   2.19252299   2.24661341
   2.32336335   2.40348387   2.45162781   2.56169081   2.71420704
   2.7752827    2.8023524    2.87521058   2.90729577   2.94827337
   2.98792657   3.04628369   3.07215922   3.0843355    3.11722802
   3.17187464   3.22466423   3.24550222   3.28399913   3.30408355
   3.33634864   3.36324493   3.43590229   3.45181898   3.4937213
   3.54095506   3.59049059   3.64389719   3.71319035   3.74455248
   3.77876535   3.78423505   3.80657341   3.83713652   3.9262028
   3.98480861   4.04122422   4.08379684   4.12333119   4.15765712
   4.16082996   4.22457846   4.24462548   4.32153573   4.35406635
   4.39176497   4.42414129   4.44447688   4.53601451   4.59354436
   4.64644251   4.75796137   4.81845802   4.87890389   4.92417229
   4.9533449    5.01340474   5.17412829   5.28038824   5.40849695
   5.46410379   5.48262268   5.53352039   5.58183952   5.5916996
   5.61961659   5.66558047   5.67351636   5.71167175   5.92401157
   5.97037671   6.11202644   6.22881666   6.62668077   6.82893129
   6.88863374   7.0094043    7.20531143   7.30325723   7.50138943
   7.57993991  24.23110592  24.54029292  45.31489311]
E_coul = 122.789781213697
cycle= 10 E= -152.977650458374  delta_E= -5.17e-10  |g|= 1e-05  |ddm|= 4.26e-05
    CPU time for cycle= 10      0.33 sec, wall time      0.33 sec
  HOMO = -0.424825793527179  LUMO = 0.127666365012691
  mo_energy =
[-20.55817863 -11.33873866 -11.24779463  -1.39305898  -1.01503527
  -0.79624394  -0.67132098  -0.62229463  -0.60524577  -0.55632599
  -0.50466195  -0.42482579   0.12766637   0.14206757   0.17581894
   0.20914306   0.22472571   0.24677627   0.27304712   0.32563505
   0.33689801   0.37344617   0.38996265   0.42779948   0.51424073
   0.53919402   0.57202161   0.57282635   0.60695524   0.63765215
   0.678873     0.6912042    0.72058542   0.72521032   0.79645815
   0.87538945   0.94302687   0.95087494   1.03663646   1.0778674
   1.10011651   1.1185733    1.13613065   1.16102511   1.17829709
   1.20808035   1.3381241    1.35490934   1.36886063   1.44354382
   1.4988156    1.54247103   1.5842325    1.59134219   1.62300999
   1.63682005   1.66110587   1.71029791   1.74308966   1.79733968
   1.82667834   1.9486845    2.13051772   2.19252575   2.2466162
   2.32336617   2.40348652   2.45163056   2.56169388   2.71420973
   2.77528413   2.80235401   2.87521188   2.90729733   2.94827616
   2.98792944   3.04628718   3.07216207   3.08433786   3.11723114
   3.17187765   3.22466714   3.24550497   3.28400156   3.30408641
   3.33635183   3.36324759   3.43590527   3.45182179   3.493723
   3.54095722   3.59049145   3.64389904   3.71319266   3.74455435
   3.77876749   3.78423714   3.80657523   3.83713869   3.92620431
   3.98481038   4.04122558   4.08379822   4.12333193   4.15765783
   4.160831     4.22457924   4.24462575   4.32153618   4.35406799
   4.39176611   4.42414253   4.44447768   4.53601565   4.59354579
   4.64644368   4.75796376   4.81846036   4.8789052    4.92417389
   4.95334687   5.01340655   5.17412992   5.28039026   5.40849885
   5.46410592   5.48262489   5.53352229   5.58184103   5.59170131
   5.6196196    5.66558325   5.67351931   5.71167423   5.92401396
   5.97037945   6.11203024   6.2288203    6.62668515   6.82893604
   6.88863889   7.0094093    7.20531591   7.30326227   7.50139429
   7.57994523  24.2311114   24.54030082  45.31490229]
E_coul = 122.78973065776
Extra cycle  E= -152.977650458408  delta_E= -3.39e-11  |g|= 4.74e-06  |ddm|= 1.02e-05
    CPU time for scf_cycle      7.39 sec, wall time      7.40 sec
    CPU time for SCF      7.39 sec, wall time      7.69 sec
converged SCF energy = -152.977650458408
RHF E = -152.977650458
RHF eps = [-20.55817863 -11.33873866 -11.24779463  -1.39305898  -1.01503527
  -0.79624394  -0.67132098  -0.62229463  -0.60524577  -0.55632599
  -0.50466195  -0.42482579   0.12766637   0.14206757   0.17581894
   0.20914306   0.22472571   0.24677627   0.27304712   0.32563505
   0.33689801   0.37344617   0.38996265   0.42779948   0.51424073
   0.53919402   0.57202161   0.57282635   0.60695524   0.63765215
   0.678873     0.6912042    0.72058542   0.72521032   0.79645815
   0.87538945   0.94302687   0.95087494   1.03663646   1.0778674
   1.10011651   1.1185733    1.13613065   1.16102511   1.17829709
   1.20808035   1.3381241    1.35490934   1.36886063   1.44354382
   1.4988156    1.54247103   1.5842325    1.59134219   1.62300999
   1.63682005   1.66110587   1.71029791   1.74308966   1.79733968
   1.82667834   1.9486845    2.13051772   2.19252575   2.2466162
   2.32336617   2.40348652   2.45163056   2.56169388   2.71420973
   2.77528413   2.80235401   2.87521188   2.90729733   2.94827616
   2.98792944   3.04628718   3.07216207   3.08433786   3.11723114
   3.17187765   3.22466714   3.24550497   3.28400156   3.30408641
   3.33635183   3.36324759   3.43590527   3.45182179   3.493723
   3.54095722   3.59049145   3.64389904   3.71319266   3.74455435
   3.77876749   3.78423714   3.80657523   3.83713869   3.92620431
   3.98481038   4.04122558   4.08379822   4.12333193   4.15765783
   4.160831     4.22457924   4.24462575   4.32153618   4.35406799
   4.39176611   4.42414253   4.44447768   4.53601565   4.59354579
   4.64644368   4.75796376   4.81846036   4.8789052    4.92417389
   4.95334687   5.01340655   5.17412992   5.28039026   5.40849885
   5.46410592   5.48262489   5.53352229   5.58184103   5.59170131
   5.6196196    5.66558325   5.67351931   5.71167423   5.92401396
   5.97037945   6.11203024   6.2288203    6.62668515   6.82893604
   6.88863889   7.0094093    7.20531591   7.30326227   7.50139429
   7.57994523  24.2311114   24.54030082  45.31490229]
    CPU time for transforming oopq, ovpq     21.59 sec, wall time     21.60 sec
    CPU time for GW integral transformation     21.92 sec, wall time     21.92 sec

******** <class 'pyscf.gw.gf2.GF2'> flags ********
method = GF2
GF2 nocc = 12, nvir = 137
use perturbative linearized QP eqn = False
use diagonal approximation for sigma = True
  HOMO = -0.343991452016662  LUMO = 0.0641810354966782
  GW mo_energy =
[-19.73258112 -10.86646273 -10.75342719  -1.16494655  -0.89471905
  -0.70643884  -0.57258369  -0.53006793  -0.5675037   -0.51420808
  -0.47002349  -0.34399145   0.06418104   0.11341008   0.14408388
   0.17975618   0.19210249   0.21550644   0.24110663   0.29103548
   0.30296049   0.31831318   0.35371674   0.39765869   0.46824056
   0.47360338   0.48149853   0.49961781   0.52704005   0.55201047
   0.5999938    0.61619335   0.62981875   0.63931999   0.7268969
   0.79076407   0.94261979   0.90769165   0.94947338   0.98265186
   1.10003935   1.11854641   1.05514518   1.07342341   1.08307017
   1.20976453   1.33835715   1.35481432   1.36876556   1.44287631
   1.45054844   1.54076861   1.58435964   1.47812305   1.62220221
   1.5575242    1.51534658   1.71062987   1.74394136   1.79707921
   1.82528608   1.94889742   2.13163119   2.1928392    2.25042042
   2.33147666   2.40347119   2.45186888   2.4768293    2.67352671
   2.77547666   2.70106225   2.87558474   2.90910165   2.89800189
   2.91498435   3.04669701   2.96306628   2.97563154   3.08628362
   3.17066092   3.11088384   3.20687468   3.28413209   3.16019599
   3.14712701   3.32742678   3.43654952   3.2891205    3.49372178
   3.426766     3.50341432   3.64401429   3.71364426   3.58212597
   3.7865169    3.77936626   3.80642267   3.65509927   3.92750393
   3.98506005   3.91652761   4.07819042   4.00546095   4.00190653
   4.03798136   4.10594377   4.20199251   4.32206286   4.36293822
   4.38641227   4.42368777   4.31209918   4.38844392   4.59411969
   4.64733456   4.75727609   4.8190391    4.87784854   5.02438161
   4.95702713   5.01404291   5.1629997    5.27696037   5.40917091
   5.46108637   5.48311659   5.53418802   5.59103566   5.59162723
   5.40936219   5.66520802   5.56494737   5.71215672   5.9198349
   5.95271077   6.11268525   6.22876713   6.46612256   6.52656624
   6.53016223   6.68473482   7.07721941   7.01124962   7.26852997
   7.31557532  23.81287673  24.08880138  44.54812454]
    CPU time for GF2    119.68 sec, wall time    119.72 sec
    CPU time for transforming oopq, ovpq     21.35 sec, wall time     21.35 sec
    CPU time for GW integral transformation     21.66 sec, wall time     21.67 sec

******** <class 'pyscf.gw.gf2.GF2'> flags ********
method = GF2
GF2 nocc = 12, nvir = 137
use perturbative linearized QP eqn = False
use diagonal approximation for sigma = True
  HOMO = -0.343991452016662  LUMO = 0.0641810354966782
  GW mo_energy =
[ 0.          0.          0.          0.          0.          0.          0.
  0.          0.          0.          0.         -0.34399145  0.06418104
  0.          0.          0.          0.          0.          0.          0.
  0.          0.          0.          0.          0.          0.          0.
  0.          0.          0.          0.          0.          0.          0.
  0.          0.          0.          0.          0.          0.          0.
  0.          0.          0.          0.          0.          0.          0.
  0.          0.          0.          0.          0.          0.          0.
  0.          0.          0.          0.          0.          0.          0.
  0.          0.          0.          0.          0.          0.          0.
  0.          0.          0.          0.          0.          0.          0.
  0.          0.          0.          0.          0.          0.          0.
  0.          0.          0.          0.          0.          0.          0.
  0.          0.          0.          0.          0.          0.          0.
  0.          0.          0.          0.          0.          0.          0.
  0.          0.          0.          0.          0.          0.          0.
  0.          0.          0.          0.          0.          0.          0.
  0.          0.          0.          0.          0.          0.          0.
  0.          0.          0.          0.          0.          0.          0.
  0.          0.          0.          0.          0.          0.          0.
  0.          0.          0.          0.          0.          0.          0.
  0.          0.          0.        ]
    CPU time for GF2      0.32 sec, wall time      0.33 sec
IP root 0 E =  -0.343991452017
EA root 0 E =  0.0641810354967
