

******** <class 'pyscf.scf.hf.RHF'> flags ********
method = RHF
initial guess = minao
damping factor = 0
level shift factor = 0
DIIS = <class 'pyscf.scf.diis.CDIIS'>
DIIS start cycle = 1
DIIS space = 8
SCF tol = 1e-09
SCF gradient tol = None
max. SCF cycles = 50
direct_scf = True
direct_scf_tol = 1e-13
chkfile to save SCF result = /tmp/tmp8awAvL
max_memory 4000 MB (current use 76 MB)
Set gradient conv threshold to 3.16228e-05
Nelec from initial guess = 25.9979388666
cond(S) = 23705.4455283
E_coul = 132.242483686233
init E= -154.498387968962
    CPU time for initialize scf      7.03 sec, wall time      7.04 sec
  HOMO = -0.357662298636232  LUMO = 0.0780618893052573
  mo_energy =
[-20.76894619 -11.46565523 -11.45974151  -1.73800489  -1.35511231
  -0.97529703  -0.74421134  -0.65110149  -0.5700142   -0.48805902
  -0.47875296  -0.41593337  -0.3576623    0.07806189   0.11281672
   0.15531262   0.1750576    0.18536223   0.20473574   0.21039552
   0.24469245   0.30008827   0.32295418   0.34923188   0.38745776
   0.39437895   0.44474967   0.4809155    0.49650489   0.52080544
   0.52239712   0.55224107   0.56922804   0.58029889   0.62352574
   0.63504807   0.65084973   0.6817061    0.73478638   0.82082315
   0.87057104   0.91798035   0.92627607   0.94418029   1.00596589
   1.02647959   1.07706091   1.10650211   1.1589606    1.17225171
   1.19987154   1.24432766   1.25134509   1.30198254   1.32658251
   1.33567427   1.40306054   1.40451153   1.48662983   1.51761084
   1.56559041   1.58020744   1.58291131   1.59559393   1.6068895
   1.64950638   1.69182786   1.72624545   1.75134459   1.9336752
   2.00622656   2.04202878   2.10325249   2.15854771   2.20655549
   2.27239807   2.30207402   2.39560533   2.48236632   2.62721745
   2.69618709   2.7082457    2.76049071   2.7884983    2.79582249
   2.85122249   2.95253953   2.96598561   3.02158399   3.07247638
   3.11414206   3.12961984   3.14754002   3.15811813   3.20285374
   3.23719717   3.24580497   3.25521727   3.29731577   3.30929294
   3.35363802   3.42630859   3.4313421    3.52879263   3.54146076
   3.61927387   3.63834787   3.6703035    3.71940412   3.73001662
   3.76419979   3.77768499   3.83187664   3.85945798   3.92007896
   3.98731606   4.00325318   4.02215385   4.05758625   4.12316959
   4.15279745   4.15432123   4.16892488   4.19519964   4.26076907
   4.27307012   4.2841274    4.30952097   4.3187257    4.32907569
   4.37472861   4.43876443   4.44892398   4.5468922    4.56175164
   4.60060952   4.60669751   4.65957577   4.73738462   4.78235571
   4.83935959   4.91964698   4.96533559   5.03111213   5.09116335
   5.13368359   5.15417152   5.16483916   5.27037357   5.33649456
   5.45254415   5.52162504   5.53729194   5.57050849   5.5921669
   5.63943078   5.7121244    5.77141905   5.7998025    5.82979349
   5.89185194   5.92474839   6.03844978   6.12801235   6.24451031
   6.33164398   6.8041745    6.98623266   7.04654032   7.0721449
   7.22139954   7.38309879   7.70379549   7.77010362  24.23872933
  24.56214309  45.30124698]
E_coul = 136.86662050057
cycle= 1 E= -154.091558367899  delta_E= 0.407  |g|= 0.49  |ddm|= 1.84
    CPU time for cycle= 1      0.64 sec, wall time      0.64 sec
diis-norm(errvec)=1.52973
diis-c [-2.3400668  1.       ]
  HOMO = -0.385021396380486  LUMO = 0.127866552782542
  mo_energy =
[-20.32423312 -11.31767524 -11.17219185  -1.28834855  -1.01035796
  -0.83676365  -0.65700795  -0.64899324  -0.54342368  -0.50960489
  -0.50865396  -0.44837794  -0.3850214    0.12786655   0.16350205
   0.19569076   0.20364638   0.21950533   0.2500789    0.27908185
   0.29185387   0.31692723   0.34206037   0.39121035   0.43061185
   0.4921604    0.52286368   0.52750524   0.57000867   0.58423894
   0.61429862   0.64747482   0.6508298    0.66708284   0.70254132
   0.71293219   0.7230223    0.76528753   0.79569519   0.87703724
   0.90742631   0.96747952   0.99867111   1.00721261   1.05301523
   1.06307114   1.11956594   1.15697582   1.2108638    1.22420357
   1.25085718   1.29277825   1.31403157   1.35799286   1.37150896
   1.38582245   1.43722691   1.47598096   1.52247874   1.57118848
   1.61603195   1.63500775   1.6356592    1.6449717    1.66526771
   1.70337736   1.75898755   1.78835701   1.83084879   2.03033807
   2.14247977   2.18346486   2.2037483    2.29655307   2.317196
   2.38301189   2.42364396   2.52983185   2.57355894   2.73259001
   2.75665728   2.76837227   2.84851711   2.87158939   2.88913783
   2.96779423   3.08508486   3.0978699    3.13736822   3.1752765
   3.22693231   3.23225947   3.23768213   3.26856553   3.32561297
   3.32749966   3.33251138   3.36946312   3.397674     3.43570987
   3.44813863   3.50983966   3.52027756   3.59517181   3.65239744
   3.69371996   3.7008056    3.71628454   3.79152532   3.81738309
   3.82186331   3.84673067   3.89135443   3.91984354   3.99770588
   4.04805568   4.06099657   4.09507089   4.097735     4.18146271
   4.20294801   4.21946951   4.24721951   4.25010824   4.30758628
   4.3261532    4.33486835   4.36169567   4.37921029   4.39058678
   4.43718911   4.49288837   4.51732946   4.5983384    4.6434074
   4.65782542   4.68207843   4.71406596   4.8291598    4.87303153
   4.90578103   4.99796543   5.05031521   5.12683976   5.16714315
   5.21736933   5.24776716   5.28788927   5.34872618   5.44573414
   5.55872841   5.61216025   5.64308933   5.65446375   5.70000601
   5.73765758   5.79490104   5.88285713   5.91190355   5.92861188
   6.01724461   6.05004106   6.19818368   6.31806702   6.46411597
   6.54376174   7.04526445   7.24661343   7.26337034   7.37867641
   7.52437373   7.6553419    7.95005201   7.98755991  24.37664578
  24.83235512  45.72175685]
E_coul = 135.169659052111
cycle= 2 E= -154.133060644554  delta_E= -0.0415  |g|= 0.275  |ddm|= 0.457
    CPU time for cycle= 2      0.63 sec, wall time      0.64 sec
diis-norm(errvec)=0.773876
diis-c [-0.29413814  0.27846974  0.72153026]
  HOMO = -0.450086173293019  LUMO = 0.130946951730527
  mo_energy =
[-20.60793106 -11.26544976 -11.21297346  -1.36999127  -1.01786935
  -0.83768779  -0.70474734  -0.65393477  -0.57961184  -0.53595918
  -0.53268949  -0.49064281  -0.45008617   0.13094695   0.16360906
   0.19840768   0.21003305   0.22160064   0.24610908   0.27893142
   0.29049749   0.32255262   0.34377601   0.38295154   0.42435183
   0.48441993   0.51636155   0.52636531   0.56058755   0.58957473
   0.60593304   0.63742633   0.64702477   0.65880999   0.69991216
   0.70034555   0.7194436    0.74537683   0.78513063   0.86744918
   0.90447397   0.9662346    0.97943253   0.99635203   1.05328262
   1.06384263   1.12004526   1.15428438   1.21586939   1.22206329
   1.25066316   1.29174346   1.30817091   1.35640432   1.37243167
   1.38561303   1.43512054   1.46598514   1.52814144   1.57196005
   1.61214671   1.63229975   1.63294742   1.64897222   1.66204092
   1.70341542   1.75135922   1.80698739   1.82718666   2.01941676
   2.10530128   2.13110589   2.18615424   2.25208297   2.29139685
   2.36821223   2.40459692   2.49615788   2.56307895   2.71245745
   2.76568057   2.77280366   2.84516562   2.87082758   2.88113524
   2.95595578   3.05632398   3.0735236    3.12192081   3.17574427
   3.22482675   3.22624455   3.23578433   3.24437916   3.29596348
   3.32094677   3.33867784   3.35824328   3.40170398   3.40774916
   3.44816004   3.51003263   3.51259568   3.59502155   3.62770116
   3.67602132   3.70293673   3.71942413   3.79659643   3.81472219
   3.8204919    3.84917303   3.89558449   3.92544703   4.00025688
   4.05740562   4.05803493   4.10204894   4.10541776   4.18889781
   4.21265826   4.22397678   4.24581045   4.25887316   4.31848464
   4.33161119   4.33383131   4.35857694   4.38401541   4.38989636
   4.43184898   4.50490327   4.50769119   4.60386808   4.64238916
   4.6620368    4.68444274   4.71026549   4.82715695   4.86149735
   4.91136417   5.00217548   5.04262395   5.12416827   5.17311943
   5.21665351   5.25023872   5.25090407   5.35706665   5.41209132
   5.54765715   5.61033038   5.63457216   5.6596136    5.70076915
   5.74235342   5.80505605   5.88109877   5.90114414   5.92892034
   6.01005739   6.04212554   6.15432466   6.24904546   6.37810245
   6.46152661   6.9360533    7.13153838   7.1561675    7.2314148
   7.38145825   7.52640625   7.84646692   7.8723344   24.42254016
  24.79648767  45.4532758 ]
E_coul = 136.07429932048
cycle= 3 E= -154.145432422152  delta_E= -0.0124  |g|= 0.0684  |ddm|= 0.199
    CPU time for cycle= 3      0.65 sec, wall time      0.64 sec
diis-norm(errvec)=0.193196
diis-c [-0.01154739 -0.08499144  0.0737021   1.01128934]
  HOMO = -0.439254558301103  LUMO = 0.134020579551893
  mo_energy =
[-20.54063387 -11.26762313 -11.21570318  -1.3470734   -1.01326339
  -0.83143879  -0.68975168  -0.64857983  -0.56963484  -0.53187246
  -0.52695561  -0.4867855   -0.43925456   0.13402058   0.16640943
   0.20050192   0.21098822   0.22286211   0.24745037   0.28233782
   0.29231631   0.32415525   0.34459026   0.38477031   0.42595137
   0.49046283   0.52003673   0.52980741   0.56433932   0.59150653
   0.6089409    0.64119224   0.65501298   0.66227155   0.70536631
   0.70559428   0.72404123   0.75089878   0.78866976   0.87192301
   0.90998126   0.96943228   0.98455655   1.00046804   1.05575684
   1.06622112   1.12212786   1.1568851    1.21710398   1.22483079
   1.25410626   1.29464848   1.31069717   1.35958724   1.3746091
   1.38866631   1.44077743   1.4715225    1.53225511   1.57394156
   1.61418314   1.63411411   1.63500625   1.65092503   1.66456277
   1.70543913   1.75463558   1.8094471    1.83033824   2.02494831
   2.11523375   2.1436401    2.19218295   2.26325398   2.29959766
   2.3712464    2.4097538    2.50489018   2.56917618   2.72254314
   2.76981678   2.77726549   2.8493827    2.87673401   2.88493068
   2.9619274    3.06791327   3.08400084   3.1272233    3.17786767
   3.22881363   3.23363456   3.2434027    3.24833703   3.30454542
   3.32964331   3.34189758   3.36190864   3.40511566   3.41314915
   3.45275779   3.51447459   3.52013846   3.60102958   3.63916552
   3.69176476   3.70933639   3.72746741   3.80110393   3.81878416
   3.82998678   3.85384693   3.90231096   3.93053059   4.0043886
   4.0634468    4.06463496   4.10756634   4.11383911   4.19454708
   4.21835723   4.22895114   4.2519861    4.26433076   4.32472563
   4.33956765   4.34010903   4.36857552   4.39058084   4.39632548
   4.44032812   4.5100649    4.51591006   4.60971969   4.64820202
   4.66749013   4.68944118   4.72014414   4.83399664   4.87037587
   4.91661575   5.00878073   5.04964145   5.13049253   5.17800875
   5.22379171   5.25397516   5.26695975   5.36243081   5.42859924
   5.55526077   5.61526266   5.63998759   5.6646692    5.70609557
   5.74634712   5.81006949   5.88927027   5.90891199   5.93340962
   6.0151293    6.04738252   6.1679491    6.26988268   6.39929121
   6.48276856   6.96722316   7.15852644   7.18305221   7.26401541
   7.4124788    7.55642536   7.87636892   7.90109704  24.42113314
  24.79445109  45.51685422]
E_coul = 135.904329906766
cycle= 4 E= -154.14641391924  delta_E= -0.000981  |g|= 0.0106  |ddm|= 0.0501
    CPU time for cycle= 4      0.64 sec, wall time      0.64 sec
diis-norm(errvec)=0.034509
diis-c [ -5.00687558e-04  -2.17131674e-02  -2.34142952e-02   1.14946005e-01
   9.30181458e-01]
  HOMO = -0.441472005842344  LUMO = 0.133621700545045
  mo_energy =
[-20.54937483 -11.26914509 -11.21002288  -1.35030768  -1.01166445
  -0.83117104  -0.69133523  -0.64893566  -0.56994729  -0.5315548
  -0.52635332  -0.48716337  -0.44147201   0.1336217    0.16646961
   0.20049965   0.21108349   0.22342093   0.24815095   0.28236528
   0.29288047   0.3238099    0.3449467    0.38529561   0.42610914
   0.48985981   0.52025632   0.5295373    0.5645628    0.59201417
   0.60988951   0.64203761   0.65413236   0.66315409   0.70495273
   0.70516356   0.72460159   0.75115533   0.78855644   0.87172896
   0.90930355   0.96979037   0.9843664    1.00050317   1.05553428
   1.06717408   1.12284866   1.15763174   1.21748858   1.2253437
   1.25395468   1.2947649    1.31128324   1.35947399   1.37511758
   1.38876819   1.44022754   1.47070591   1.53163306   1.57420843
   1.61499958   1.63503292   1.63587535   1.65169724   1.66573345
   1.70608657   1.75512271   1.80947912   1.83114139   2.02465071
   2.11456229   2.14237932   2.19200313   2.26224478   2.29874584
   2.37231441   2.40990951   2.50412229   2.56936297   2.72185332
   2.77040364   2.77770923   2.8508489    2.87743627   2.8861622
   2.96206944   3.06697004   3.08327301   3.1286786    3.17924981
   3.22954135   3.23409259   3.2443018    3.24833191   3.30504547
   3.32868113   3.34213102   3.36357798   3.40533883   3.41461267
   3.45320283   3.51485227   3.51934806   3.6026565    3.63833008
   3.68970497   3.70861406   3.72672422   3.8023887    3.82046813
   3.82900953   3.85410237   3.90241335   3.93085351   4.00545683
   4.06361784   4.06495504   4.10887383   4.11321689   4.19452681
   4.21873213   4.23004366   4.25282276   4.26550081   4.32484064
   4.34047834   4.34084768   4.3682249    4.39112433   4.39652668
   4.44010626   4.50999997   4.51581016   4.61056631   4.64926033
   4.66837597   4.69001136   4.71915163   4.8344728    4.87008895
   4.91736399   5.00867363   5.0499963    5.1309813    5.17878048
   5.22418487   5.25467322   5.26481204   5.36269952   5.42645834
   5.55613387   5.6173108    5.64140194   5.66604066   5.70715563
   5.74761242   5.81081315   5.89018192   5.9077296    5.93485573
   6.01741558   6.04964494   6.16636339   6.26695941   6.39682658
   6.48028094   6.96299097   7.15605598   7.17929914   7.2602915
   7.40896446   7.5530648    7.87349344   7.89718571  24.41982444
  24.79965036  45.50865658]
E_coul = 135.913991409712
cycle= 5 E= -154.146444430763  delta_E= -3.05e-05  |g|= 0.00229  |ddm|= 0.0109
    CPU time for cycle= 5      0.64 sec, wall time      0.64 sec
diis-norm(errvec)=0.00755208
diis-c [ -3.57001304e-05   2.68669188e-03  -3.58307739e-03  -3.96101151e-02
   4.04566361e-02   1.00004986e+00]
  HOMO = -0.441500664809021  LUMO = 0.133635187079985
  mo_energy =
[-20.54892307 -11.26877141 -11.21257447  -1.35008023  -1.01217039
  -0.8313875   -0.69119582  -0.6490341   -0.57024408  -0.53203906
  -0.52691532  -0.48751497  -0.44150066   0.13363519   0.16639441
   0.20047603   0.21106272   0.22328779   0.24802614   0.2823347
   0.2926895    0.32373621   0.34476997   0.38514995   0.42601344
   0.48987036   0.52012361   0.52948105   0.56439154   0.59184039
   0.60949785   0.64173889   0.65402673   0.66283048   0.70490097
   0.70507063   0.72436997   0.75102796   0.78851592   0.87168292
   0.90927506   0.96958654   0.98437024   1.0003161    1.05535777
   1.06691839   1.12260671   1.1573402    1.21730469   1.22495413
   1.25387015   1.29460524   1.31103711   1.3593069    1.37490771
   1.38853658   1.44014176   1.47063912   1.53154454   1.57405483
   1.61470736   1.63475242   1.63552623   1.65147441   1.66533966
   1.70588496   1.75488402   1.80929965   1.83068978   2.02450055
   2.11445755   2.14243966   2.19184346   2.26220945   2.29867499
   2.37174883   2.40955497   2.50412847   2.56899137   2.72165579
   2.77015332   2.77755051   2.85039669   2.87720724   2.88567329
   2.96178543   3.06685022   3.08315662   3.12803238   3.17871607
   3.2291814    3.23383694   3.24389621   3.24812301   3.30463292
   3.32862832   3.34189415   3.36279618   3.40487597   3.41395626
   3.45286877   3.51461528   3.51925978   3.60223614   3.63824817
   3.68973522   3.70856536   3.72653723   3.80198409   3.81990104
   3.82893727   3.85391805   3.90219059   3.93058219   4.00513117
   4.06347531   4.06477571   4.10849474   4.11319055   4.194362
   4.21855514   4.2297552    4.2525455    4.26519895   4.32472467
   4.34031323   4.34071671   4.36814351   4.39095635   4.39633393
   4.43996715   4.51002381   4.51562064   4.61041398   4.64887136
   4.66816539   4.68981094   4.71911887   4.83418297   4.86987403
   4.9171808    5.00858178   5.04976442   5.13063624   5.1785382
   5.22392663   5.25425841   5.26482211   5.36257788   5.42645955
   5.55566116   5.61672061   5.64089615   5.6655969    5.70669841
   5.74718351   5.8105303    5.88978188   5.90779071   5.93436136
   6.0165804    6.04880833   6.16639836   6.2671034    6.39696894
   6.48043863   6.96319149   7.15630099   7.17941421   7.26065046
   7.40930112   7.55328564   7.87366931   7.89732543  24.42009791
  24.79731713  45.50908034]
E_coul = 135.91529201281
cycle= 6 E= -154.146446486451  delta_E= -2.06e-06  |g|= 0.000647  |ddm|= 0.00299
    CPU time for cycle= 6      0.64 sec, wall time      0.65 sec
diis-norm(errvec)=0.00210071
diis-c [ -2.04214458e-06   1.75295622e-03   1.40325550e-03  -1.23540782e-02
  -6.19922879e-02   3.74322374e-02   1.03375792e+00]
  HOMO = -0.441557506834837  LUMO = 0.133654854055337
  mo_energy =
[-20.54891928 -11.26880695 -11.21195662  -1.35007276  -1.0120645
  -0.83132295  -0.69113501  -0.64899772  -0.57021186  -0.53193344
  -0.52684589  -0.48748527  -0.44155751   0.13365485   0.16641696
   0.20049073   0.21108809   0.22331741   0.24804679   0.28235265
   0.2927134    0.32375817   0.34479625   0.38516009   0.42601671
   0.48987458   0.52013984   0.5294907    0.56441419   0.59188056
   0.60955939   0.64178429   0.65407639   0.66288837   0.70489245
   0.70510315   0.72440576   0.75106277   0.78852854   0.87169465
   0.90930192   0.96962297   0.98436284   1.00036207   1.05539118
   1.0669515    1.12264446   1.1573829    1.21734684   1.22502457
   1.25389577   1.29463257   1.3110652    1.35933898   1.37493808
   1.38858079   1.44018348   1.47066848   1.53158434   1.57407969
   1.61475238   1.63479363   1.63559133   1.65152383   1.66543013
   1.70593297   1.75491612   1.80935145   1.83078496   2.02453666
   2.11448575   2.14242031   2.19186442   2.26221435   2.29869497
   2.3718558    2.40962573   2.50412434   2.56907708   2.72172094
   2.77021553   2.77758669   2.85047768   2.87724918   2.8857619
   2.96185061   3.06686044   3.08319994   3.12814225   3.17881696
   3.22924209   3.23389085   3.24397201   3.24817268   3.30471607
   3.32865333   3.3419384    3.36295004   3.40497515   3.41407437
   3.45293283   3.51465636   3.51929497   3.60230521   3.63828698
   3.68978728   3.7086016    3.72660955   3.80206046   3.82000727
   3.82899281   3.85395781   3.90225108   3.93065057   4.005196
   4.06353342   4.06481816   4.10857857   4.11324213   4.19440838
   4.2186105    4.22981333   4.25260521   4.2652745    4.32478094
   4.34035415   4.3407556    4.36820037   4.39100187   4.39639246
   4.44001276   4.51004782   4.51567683   4.61045568   4.64895519
   4.66821929   4.68985545   4.71916375   4.83426616   4.86994863
   4.91722528   5.00861425   5.04982664   5.13072697   5.17859719
   5.22399361   5.25434385   5.26485641   5.36261471   5.426501
   5.55577536   5.61684117   5.64098634   5.6657003    5.70679662
   5.74727263   5.81061233   5.88986928   5.90780124   5.93446461
   6.01676043   6.04897486   6.16641286   6.26712903   6.39694439
   6.48041282   6.96319495   7.15624389   7.17940483   7.26062681
   7.4092665    7.55323487   7.87360588   7.89733513  24.42007734
  24.79787459  45.50907914]
E_coul = 135.913988035221
cycle= 7 E= -154.146446702682  delta_E= -2.16e-07  |g|= 0.00017  |ddm|= 0.00109
    CPU time for cycle= 7      0.65 sec, wall time      0.65 sec
diis-norm(errvec)=0.000538991
diis-c [ -6.94410920e-08  -5.41611698e-04  -1.26813071e-04   4.79643150e-03
   1.54829320e-02  -8.48604160e-02  -1.93413425e-01   1.25866290e+00]
  HOMO = -0.441587695750044  LUMO = 0.133653897943696
  mo_energy =
[-20.54891622 -11.2688141  -11.21206956  -1.35008543  -1.0120967
  -0.83134724  -0.69112995  -0.64901031  -0.57023785  -0.53195401
  -0.52687239  -0.48750705  -0.4415877    0.1336539    0.16641188
   0.20048777   0.2110885    0.22331079   0.24804109   0.28234883
   0.29270658   0.32375493   0.34478964   0.38515425   0.42601053
   0.48986794   0.52013101   0.52948134   0.56440193   0.59187408
   0.6095395    0.64177039   0.65407061   0.66287186   0.704877
   0.70509493   0.724397     0.75105834   0.78851849   0.87168754
   0.90929875   0.96961699   0.98435391   1.00035244   1.05538214
   1.06694106   1.12263804   1.15737276   1.21733979   1.22500922
   1.25389011   1.29462427   1.31105657   1.35932997   1.37493032
   1.38856907   1.44018095   1.4706574    1.5315791    1.57407264   1.61474
   1.63478602   1.63557747   1.65151533   1.66541295   1.7059261
   1.75490706   1.80933704   1.83076515   2.02452145   2.11446597
   2.14240836   2.19185355   2.26219751   2.29868163   2.37182869
   2.40960387   2.50410718   2.56905897   2.72171004   2.77020149
   2.77758003   2.85046201   2.87724097   2.88574086   2.96183259
   3.06684257   3.08318844   3.12811507   3.17879526   3.22922714
   3.23387678   3.24394775   3.24816026   3.30469621   3.32864336
   3.34192323   3.36291881   3.40495251   3.41404752   3.45291579
   3.51464549   3.51928302   3.60229517   3.63828067   3.68978652
   3.70859595   3.72660312   3.80204901   3.81998385   3.82899297
   3.8539478    3.90224448   3.93063895   4.00518306   4.06352984
   4.06480969   4.10856636   4.11324477   4.1944015    4.21860558
   4.22980361   4.2525973    4.26525969   4.32477509   4.34035262
   4.34075339   4.36819484   4.39099679   4.39638444   4.44000776
   4.5100464    4.51566723   4.6104521    4.64894165   4.66821109
   4.6898453    4.71916157   4.83425168   4.86993604   4.91721766
   5.00860615   5.04981597   5.13070902   5.1785861    5.2239838
   5.25432465   5.26484808   5.36260504   5.42649534   5.55575316
   5.61682252   5.6409646    5.66568235   5.70677456   5.74725424
   5.81059371   5.88985205   5.9077894    5.93444587   6.01672743
   6.04894777   6.16639815   6.26711434   6.39692799   6.48040001
   6.96318538   7.15623057   7.17939115   7.26061224   7.40924993
   7.55321945   7.8735922    7.89733029  24.42006933  24.79777252
  45.5090809 ]
E_coul = 135.914120441163
cycle= 8 E= -154.146446719322  delta_E= -1.66e-08  |g|= 2.98e-05  |ddm|= 0.00033
    CPU time for cycle= 8      0.64 sec, wall time      0.64 sec
diis-norm(errvec)=8.74854e-05
diis-c [ -4.12876509e-09  -9.92930142e-06  -1.52086170e-05  -5.58953053e-05
   7.97543810e-04   5.65939681e-03  -1.82276179e-02  -1.22736404e-01
   1.13458811e+00]
  HOMO = -0.441585306734594  LUMO = 0.133655081140858
  mo_energy =
[-20.54890391 -11.26879681 -11.21206258  -1.35008025  -1.01209214
  -0.83134267  -0.69112182  -0.64900544  -0.57023386  -0.53194801
  -0.52687179  -0.48750126  -0.44158531   0.13365508   0.16641223
   0.20048849   0.2110901    0.22331132   0.24804107   0.28235073
   0.29270668   0.3237572    0.34479033   0.38515404   0.42601093
   0.48987072   0.52013182   0.52948448   0.56440297   0.59187697
   0.60954199   0.64177135   0.6540739    0.66287272   0.70487853
   0.70509793   0.7243981    0.7510608    0.78852042   0.87168918
   0.90930083   0.9696176    0.98435544   1.00035486   1.05538501
   1.0669416    1.12263886   1.15737356   1.21734202   1.22501162
   1.25389276   1.29462645   1.31105796   1.35933295   1.37493187
   1.38857151   1.44018288   1.47066079   1.53158211   1.5740752
   1.6147411    1.63478678   1.63557868   1.65151721   1.66541436
   1.70592819   1.75490826   1.80934155   1.83076754   2.02452614
   2.11447011   2.14241157   2.19185715   2.26220148   2.29868524
   2.3718319    2.40960848   2.50411129   2.56906308   2.72171457
   2.77020435   2.77758189   2.85046322   2.87724234   2.88574426
   2.96183781   3.06684693   3.0831948    3.12811785   3.17879951
   3.22923074   3.23387988   3.24395158   3.24816514   3.30469927
   3.32864748   3.34192824   3.36292204   3.40495704   3.41405044
   3.45291961   3.51464795   3.51928801   3.60229428   3.6382851
   3.68979092   3.70860028   3.72660625   3.8020504    3.8199861
   3.82899522   3.85395195   3.90224691   3.93064165   4.00518598
   4.06353254   4.06481193   4.10856728   4.11324768   4.19440429
   4.21860776   4.22980523   4.25259895   4.26526155   4.32477791
   4.34035198   4.3407543    4.36819661   4.39099855   4.39638674
   4.44001061   4.51004928   4.51567049   4.61045268   4.64894348
   4.66821254   4.68984798   4.71916485   4.83425526   4.86993962
   4.91721985   5.00860994   5.04981876   5.13071283   5.17858883
   5.22398685   5.25432845   5.26485295   5.36260889   5.42649914
   5.55575615   5.61682308   5.64096745   5.66568441   5.70677801
   5.74725757   5.810598     5.88985444   5.90779572   5.93444839
   6.01673013   6.04894904   6.16640372   6.2671205    6.39693362
   6.48040604   6.96319142   7.15623655   7.17939562   7.2606204
   7.40925783   7.55322559   7.87359784   7.89733528  24.42008523
  24.7977793   45.50909246]
E_coul = 135.914052985157
cycle= 9 E= -154.146446719819  delta_E= -4.97e-10  |g|= 7.62e-06  |ddm|= 5.46e-05
    CPU time for cycle= 9      0.63 sec, wall time      0.64 sec
  HOMO = -0.441587111820672  LUMO = 0.133654825972071
  mo_energy =
[-20.54890754 -11.2688041  -11.21206231  -1.35008209  -1.01209342
  -0.83134366  -0.69112318  -0.64900701  -0.570235    -0.53194884
  -0.52687234  -0.48750267  -0.44158711   0.13365483   0.16641206
   0.20048831   0.21108978   0.22331101   0.24804088   0.28235019
   0.29270658   0.32375698   0.34479017   0.38515394   0.4260104
   0.48986976   0.52013149   0.52948303   0.56440253   0.59187606
   0.60954119   0.64177079   0.65407312   0.66287227   0.70487746
   0.70509722   0.7243978    0.75106034   0.78851977   0.87168869
   0.90930027   0.96961733   0.98435485   1.00035405   1.05538428
   1.06694136   1.12263861   1.15737323   1.21734149   1.22501105
   1.25389197   1.2946257    1.31105739   1.359332     1.37493138
   1.3885707    1.44018246   1.47065969   1.53158137   1.57407433
   1.61474074   1.63478651   1.63557834   1.65151657   1.66541385
   1.70592756   1.75490783   1.80934033   1.83076707   2.02452473
   2.11446903   2.14241047   2.19185584   2.2622003    2.29868403
   2.3718312    2.40960692   2.50410991   2.56906203   2.72171327
   2.77020356   2.77758132   2.85046266   2.87724176   2.88574317
   2.96183607   3.06684525   3.0831928    3.1281172    3.17879813
   3.22922927   3.23387899   3.24395058   3.24816337   3.30469849
   3.32864616   3.34192642   3.36292148   3.40495601   3.41404975
   3.45291847   3.51464711   3.51928641   3.60229432   3.63828381
   3.68978974   3.70859896   3.72660547   3.80204996   3.81998542
   3.82899468   3.85395055   3.9022461    3.93064107   4.00518491
   4.06353174   4.06481112   4.1085668    4.11324692   4.19440361
   4.21860726   4.22980461   4.25259829   4.26526081   4.32477696
   4.3403518    4.34075397   4.36819599   4.390998     4.39638601
   4.44000979   4.51004859   4.51566952   4.61045241   4.64894277
   4.66821187   4.68984709   4.71916392   4.83425402   4.8699387
   4.91721904   5.00860874   5.04981796   5.13071174   5.17858793
   5.22398576   5.25432732   5.26485156   5.36260774   5.42649801
   5.55575542   5.61682287   5.64096659   5.66568381   5.70677699
   5.74725645   5.81059668   5.88985365   5.90779377   5.93444753
   6.01672971   6.04894882   6.16640209   6.26711887   6.39693161
   6.48040375   6.96318998   7.15623503   7.17939392   7.26061862
   7.40925597   7.55322353   7.873596     7.89733381  24.42007856
  24.79777935  45.50908902]
E_coul = 135.914078279764
Extra cycle  E= -154.146446719846  delta_E= -2.64e-11  |g|= 3.32e-06  |ddm|= 1.34e-05
    CPU time for scf_cycle     13.43 sec, wall time     13.44 sec
    CPU time for SCF     13.43 sec, wall time     13.63 sec
converged SCF energy = -154.146446719846
RHF E = -154.14644672
RHF eps = [-20.54890754 -11.2688041  -11.21206231  -1.35008209  -1.01209342
  -0.83134366  -0.69112318  -0.64900701  -0.570235    -0.53194884
  -0.52687234  -0.48750267  -0.44158711   0.13365483   0.16641206
   0.20048831   0.21108978   0.22331101   0.24804088   0.28235019
   0.29270658   0.32375698   0.34479017   0.38515394   0.4260104
   0.48986976   0.52013149   0.52948303   0.56440253   0.59187606
   0.60954119   0.64177079   0.65407312   0.66287227   0.70487746
   0.70509722   0.7243978    0.75106034   0.78851977   0.87168869
   0.90930027   0.96961733   0.98435485   1.00035405   1.05538428
   1.06694136   1.12263861   1.15737323   1.21734149   1.22501105
   1.25389197   1.2946257    1.31105739   1.359332     1.37493138
   1.3885707    1.44018246   1.47065969   1.53158137   1.57407433
   1.61474074   1.63478651   1.63557834   1.65151657   1.66541385
   1.70592756   1.75490783   1.80934033   1.83076707   2.02452473
   2.11446903   2.14241047   2.19185584   2.2622003    2.29868403
   2.3718312    2.40960692   2.50410991   2.56906203   2.72171327
   2.77020356   2.77758132   2.85046266   2.87724176   2.88574317
   2.96183607   3.06684525   3.0831928    3.1281172    3.17879813
   3.22922927   3.23387899   3.24395058   3.24816337   3.30469849
   3.32864616   3.34192642   3.36292148   3.40495601   3.41404975
   3.45291847   3.51464711   3.51928641   3.60229432   3.63828381
   3.68978974   3.70859896   3.72660547   3.80204996   3.81998542
   3.82899468   3.85395055   3.9022461    3.93064107   4.00518491
   4.06353174   4.06481112   4.1085668    4.11324692   4.19440361
   4.21860726   4.22980461   4.25259829   4.26526081   4.32477696
   4.3403518    4.34075397   4.36819599   4.390998     4.39638601
   4.44000979   4.51004859   4.51566952   4.61045241   4.64894277
   4.66821187   4.68984709   4.71916392   4.83425402   4.8699387
   4.91721904   5.00860874   5.04981796   5.13071174   5.17858793
   5.22398576   5.25432732   5.26485156   5.36260774   5.42649801
   5.55575542   5.61682287   5.64096659   5.66568381   5.70677699
   5.74725645   5.81059668   5.88985365   5.90779377   5.93444753
   6.01672971   6.04894882   6.16640209   6.26711887   6.39693161
   6.48040375   6.96318998   7.15623503   7.17939392   7.26061862
   7.40925597   7.55322353   7.873596     7.89733381  24.42007856
  24.79777935  45.50908902]
    CPU time for transforming oopq, ovpq     43.05 sec, wall time     43.08 sec
    CPU time for GW integral transformation     43.69 sec, wall time     43.72 sec

******** <class 'pyscf.gw.gf2.GF2'> flags ********
method = GF2
GF2 nocc = 13, nvir = 164
use perturbative linearized QP eqn = False
use diagonal approximation for sigma = True
  HOMO = -0.366221238912678  LUMO = 0.10515533449771
  GW mo_energy =
[-19.73730804 -10.77635824 -10.71738366  -1.14417197  -0.89099768
  -0.74819402  -0.61790656  -0.58133503  -0.50033494  -0.48615852
  -0.47127907  -0.43061467  -0.36622124   0.10515533   0.13738888
   0.1722587    0.18071232   0.19303727   0.21840011   0.24194596
   0.25806246   0.29050052   0.31335821   0.35111218   0.38444163
   0.42080643   0.47273431   0.44963771   0.50420597   0.51727151
   0.51826361   0.56127409   0.56524315   0.58701186   0.62896333
   0.62184631   0.64675503   0.6684659    0.7271364    0.80712808
   0.84040228   0.89408934   0.90749815   0.90763547   0.96349268
   0.97920429   1.01581442   1.06156299   1.21726413   1.11849255
   1.13343212   1.19118777   1.21274636   1.35934097   1.27364831
   1.39609505   1.43942282   1.47060331   1.52992934   1.57600541
   1.51122148   1.56576449   1.51520563   1.64865903   1.59818094
   1.70574278   1.75229813   1.80933426   1.59409092   2.02069595
   2.11519837   2.14215236   2.19299494   2.10955484   2.17581075
   2.38526286   2.41008058   2.50442178   2.56877473   2.72206892
   2.77020267   2.77758664   2.85074985   2.87767475   2.88571267
   2.96713639   2.96186554   2.91790248   3.02825536   3.17965082
   3.23399559   3.23592097   3.24432916   3.24933326   3.29679183
   3.32896834   3.34226878   3.2343119    3.40469112   3.3077541
   3.30049043   3.51467286   3.5197377    3.52959503   3.52228284
   3.56935493   3.53683754   3.60185549   3.67370424   3.69037419
   3.69049225   3.70707475   3.74926203   3.79697585   4.00498371
   4.00586805   4.06786623   4.1091046    3.97956724   4.19487567
   4.21892059   4.22985584   4.06951698   4.28371324   4.32178792
   4.34090801   4.34123642   4.2929968    4.39148765   4.39691316
   4.43974305   4.3785736    4.5163109    4.40835091   4.64983366
   4.4992304    4.69022994   4.71940797   4.83933899   4.88482494
   4.91780685   4.98473296   5.05045149   5.08377684   5.06712839
   5.29599396   5.25490786   5.26550962   5.36319544   5.42714321
   5.54748727   5.61731448   5.64111443   5.66548387   5.70836525
   5.74771796   5.81108939   5.88949597   5.91435573   5.93485294
   6.01414689   6.04783043   6.13842009   6.1278198    6.39765143
   6.22177853   6.76966195   7.15705115   7.1793968    7.01484144
   7.12518362   7.31099936   7.6766622    7.89035281  23.98095782
  24.35328411  44.75681288]
    CPU time for GF2    214.80 sec, wall time    215.00 sec
    CPU time for transforming oopq, ovpq     44.70 sec, wall time     44.74 sec
    CPU time for GW integral transformation     45.35 sec, wall time     45.39 sec

******** <class 'pyscf.gw.gf2.GF2'> flags ********
method = GF2
GF2 nocc = 13, nvir = 164
use perturbative linearized QP eqn = False
use diagonal approximation for sigma = True
  HOMO = -0.366221238912678  LUMO = 0.10515533449771
  GW mo_energy =
[ 0.          0.          0.          0.          0.          0.          0.
  0.          0.          0.          0.          0.         -0.36622124
  0.10515533  0.          0.          0.          0.          0.          0.
  0.          0.          0.          0.          0.          0.          0.
  0.          0.          0.          0.          0.          0.          0.
  0.          0.          0.          0.          0.          0.          0.
  0.          0.          0.          0.          0.          0.          0.
  0.          0.          0.          0.          0.          0.          0.
  0.          0.          0.          0.          0.          0.          0.
  0.          0.          0.          0.          0.          0.          0.
  0.          0.          0.          0.          0.          0.          0.
  0.          0.          0.          0.          0.          0.          0.
  0.          0.          0.          0.          0.          0.          0.
  0.          0.          0.          0.          0.          0.          0.
  0.          0.          0.          0.          0.          0.          0.
  0.          0.          0.          0.          0.          0.          0.
  0.          0.          0.          0.          0.          0.          0.
  0.          0.          0.          0.          0.          0.          0.
  0.          0.          0.          0.          0.          0.          0.
  0.          0.          0.          0.          0.          0.          0.
  0.          0.          0.          0.          0.          0.          0.
  0.          0.          0.          0.          0.          0.          0.
  0.          0.          0.          0.          0.          0.          0.
  0.          0.          0.          0.          0.          0.          0.
  0.          0.          0.          0.          0.          0.          0.
  0.          0.          0.        ]
    CPU time for GF2      0.51 sec, wall time      0.51 sec
IP root 0 E =  -0.366221238913
EA root 0 E =  0.105155334498
