

******** <class 'pyscf.scf.hf.RHF'> flags ********
method = RHF
initial guess = minao
damping factor = 0
level shift factor = 0
DIIS = <class 'pyscf.scf.diis.CDIIS'>
DIIS start cycle = 1
DIIS space = 8
SCF tol = 1e-09
SCF gradient tol = None
max. SCF cycles = 50
direct_scf = True
direct_scf_tol = 1e-13
chkfile to save SCF result = /tmp/tmpxrQH1V
max_memory 4000 MB (current use 76 MB)
Set gradient conv threshold to 3.16228e-05
Nelec from initial guess = 23.9994808699
cond(S) = 37409.5320423
E_coul = 121.571649919438
init E= -152.584521207908
    CPU time for initialize scf      2.48 sec, wall time      2.51 sec
  HOMO = -0.257454381710647  LUMO = -0.137509906775005
  mo_energy =
[ -1.14699834e+01  -1.14626063e+01  -1.14355499e+01  -1.14349658e+01
  -1.81435460e+00  -1.07329264e+00  -7.52393044e-01  -5.01349448e-01
  -4.68204157e-01  -4.03129648e-01  -2.83197792e-01  -2.57454382e-01
  -1.37509907e-01  -1.69964493e-02   5.81620272e-02   1.28702594e-01
   1.97076642e-01   2.23104695e-01   2.54420682e-01   2.80439588e-01
   2.82750405e-01   2.96469175e-01   3.15015036e-01   3.60298853e-01
   3.68879652e-01   3.87204302e-01   4.13242231e-01   4.26580002e-01
   4.46541566e-01   4.56804386e-01   4.61946962e-01   4.76664161e-01
   5.51980353e-01   5.69082669e-01   5.86728389e-01   6.63984142e-01
   7.65434486e-01   8.46965810e-01   9.22776814e-01   9.45537623e-01
   1.03321513e+00   1.05432564e+00   1.05904836e+00   1.14362894e+00
   1.17078507e+00   1.21533874e+00   1.23957506e+00   1.26718363e+00
   1.27298188e+00   1.31043801e+00   1.31732761e+00   1.33865691e+00
   1.42133082e+00   1.42669167e+00   1.44088448e+00   1.44535095e+00
   1.58588042e+00   1.62501946e+00   1.62665221e+00   1.63336696e+00
   1.80282474e+00   1.82811815e+00   1.85962482e+00   1.93129443e+00
   1.99384741e+00   2.12398782e+00   2.14381927e+00   2.24015374e+00
   2.33560521e+00   2.47068029e+00   2.49521649e+00   2.50615413e+00
   2.53359940e+00   2.53745033e+00   2.66908906e+00   2.77613729e+00
   2.78349822e+00   2.81730532e+00   2.85143334e+00   2.91411731e+00
   2.98568122e+00   3.10220303e+00   3.11686573e+00   3.12169667e+00
   3.17152149e+00   3.23559299e+00   3.27990264e+00   3.28796279e+00
   3.34048390e+00   3.34779998e+00   3.42115223e+00   3.45834664e+00
   3.50106990e+00   3.50211503e+00   3.51591927e+00   3.55924043e+00
   3.57586358e+00   3.64051017e+00   3.66175961e+00   3.66898835e+00
   3.68508066e+00   3.85531012e+00   4.20336747e+00   4.27871393e+00
   4.28254139e+00   4.30390215e+00   4.32041379e+00   4.36030101e+00
   4.37031899e+00   4.37124008e+00   4.48290277e+00   4.53665271e+00
   4.54958218e+00   4.62158391e+00   4.76262847e+00   4.83502343e+00
   4.92108370e+00   5.00827981e+00   5.09703581e+00   5.39503022e+00
   2.27901948e+01   2.27931156e+01   2.30827137e+01   2.31667547e+01]
E_coul = 122.041816851809
cycle= 1 E= -151.15903950567  delta_E= 1.43  |g|= 0.325  |ddm|= 1.97
    CPU time for cycle= 1      0.16 sec, wall time      0.16 sec
diis-norm(errvec)=1.12215
diis-c [-1.25921291  1.        ]
  HOMO = -0.450707758598673  LUMO = -0.0582392409280702
  mo_energy =
[-11.42986849 -11.42983319 -11.41687057 -11.41593199  -1.42155858
  -1.05688668  -0.80540183  -0.62340078  -0.61245608  -0.60209179
  -0.47267339  -0.45070776  -0.05823924   0.03227728   0.07537514
   0.17679445   0.20803239   0.21465706   0.25480789   0.26172113
   0.27031196   0.28258716   0.31650868   0.35888164   0.35904415
   0.38040086   0.39126617   0.42763066   0.43995252   0.45593811
   0.4630229    0.47129824   0.55204424   0.58909852   0.60593742
   0.66753824   0.73826594   0.81651306   0.90127583   0.90890725
   1.0198174    1.04133669   1.05765888   1.13021311   1.16498654
   1.19893474   1.24278382   1.25519876   1.2778217    1.30413983
   1.30504325   1.35179171   1.42278782   1.42995104   1.44381179
   1.44532691   1.57940081   1.59874193   1.62453545   1.62937453
   1.76822121   1.82629763   1.83412135   1.89758597   1.97228664
   2.09199368   2.11001789   2.22287624   2.3215064    2.43428426
   2.45430713   2.49176196   2.51879052   2.51943352   2.65662946
   2.74540585   2.74615801   2.7839909    2.82742055   2.91848802
   2.96646758   3.09306647   3.09404501   3.09416142   3.14967936
   3.22057993   3.26419855   3.2723791    3.32824447   3.34501333
   3.40796214   3.44207903   3.49107665   3.49949972   3.49954057
   3.56405952   3.59377227   3.63293797   3.63763546   3.65128968
   3.66362079   3.84761904   4.20212947   4.2789521    4.28121507
   4.2960072    4.29995383   4.3415762    4.37632045   4.37651592
   4.4859702    4.5087264    4.55543894   4.59106288   4.75122479
   4.8193643    4.90619106   5.00161582   5.10238669   5.39783933
  22.79970613  22.80590729  23.12379932  23.19974973]
E_coul = 123.46043960147
cycle= 2 E= -151.194045800181  delta_E= -0.035  |g|= 0.103  |ddm|= 0.389
    CPU time for cycle= 2      0.16 sec, wall time      0.16 sec
diis-norm(errvec)=0.33351
diis-c [-0.09958249  0.09108705  0.90891295]
  HOMO = -0.418695966343912  LUMO = -0.0200616198446487
  mo_energy =
[ -1.13630498e+01  -1.13630387e+01  -1.13318237e+01  -1.13308028e+01
  -1.35016792e+00  -1.00175214e+00  -7.63221445e-01  -5.92748142e-01
  -5.65060838e-01  -5.63228640e-01  -4.51199165e-01  -4.18695966e-01
  -2.00616198e-02   6.94258220e-02   1.07066555e-01   2.01815131e-01
   2.19074198e-01   2.30874305e-01   2.67680190e-01   2.68597571e-01
   2.89159426e-01   2.90897881e-01   3.23693740e-01   3.66590883e-01
   3.74384955e-01   4.01262782e-01   4.01403906e-01   4.36997982e-01
   4.50920003e-01   4.65055288e-01   4.82695222e-01   4.97834922e-01
   5.83191432e-01   6.36043546e-01   6.37542871e-01   7.04419632e-01
   7.65725108e-01   8.47558712e-01   9.29270029e-01   9.36033861e-01
   1.04059129e+00   1.06537894e+00   1.08394234e+00   1.15574243e+00
   1.18705242e+00   1.22332955e+00   1.26613385e+00   1.27985240e+00
   1.30812713e+00   1.32690065e+00   1.32746347e+00   1.37174242e+00
   1.44885965e+00   1.44904287e+00   1.46613478e+00   1.46668841e+00
   1.60441728e+00   1.64566686e+00   1.65090999e+00   1.66284793e+00
   1.80419876e+00   1.85664712e+00   1.87420491e+00   1.93909404e+00
   2.00954048e+00   2.13684072e+00   2.15843486e+00   2.24922482e+00
   2.35612841e+00   2.48916577e+00   2.51238293e+00   2.54423316e+00
   2.55726337e+00   2.56224615e+00   2.69434457e+00   2.78382043e+00
   2.79835138e+00   2.83034430e+00   2.88142226e+00   2.96090109e+00
   3.01869850e+00   3.12585799e+00   3.13445280e+00   3.14383296e+00
   3.19470158e+00   3.25193553e+00   3.30976627e+00   3.31742450e+00
   3.36817144e+00   3.38245375e+00   3.44577337e+00   3.48077293e+00
   3.52636737e+00   3.53565020e+00   3.53568803e+00   3.59876737e+00
   3.62670225e+00   3.66876291e+00   3.68032515e+00   3.69079055e+00
   3.70574526e+00   3.88476667e+00   4.25646805e+00   4.32667851e+00
   4.33809446e+00   4.34291073e+00   4.34295182e+00   4.38477360e+00
   4.41974423e+00   4.42449459e+00   4.53801559e+00   4.55283825e+00
   4.60079060e+00   4.64140429e+00   4.79642225e+00   4.87357995e+00
   4.96186710e+00   5.05859431e+00   5.15512965e+00   5.45532252e+00
   2.28633442e+01   2.28718138e+01   2.32047742e+01   2.32771896e+01]
E_coul = 123.080097300395
cycle= 3 E= -151.19752967501  delta_E= -0.00348  |g|= 0.033  |ddm|= 0.186
    CPU time for cycle= 3      0.16 sec, wall time      0.16 sec
diis-norm(errvec)=0.107233
diis-c [-0.00350181 -0.08924942 -0.02824536  1.11749478]
  HOMO = -0.422522425528582  LUMO = -0.0196429537987289
  mo_energy =
[ -1.13638623e+01  -1.13638134e+01  -1.13511747e+01  -1.13502142e+01
  -1.35915607e+00  -1.00792362e+00  -7.67652676e-01  -5.95261015e-01
  -5.71534932e-01  -5.70835779e-01  -4.56412367e-01  -4.22522426e-01
  -1.96429538e-02   6.42971339e-02   1.05346684e-01   2.00489932e-01
   2.19103946e-01   2.30044864e-01   2.67456446e-01   2.68123330e-01
   2.88513898e-01   2.90096111e-01   3.23742730e-01   3.66078813e-01
   3.74196845e-01   3.98329028e-01   4.00764607e-01   4.36006829e-01
   4.49897277e-01   4.64899159e-01   4.81694006e-01   4.96079041e-01
   5.81382470e-01   6.32282714e-01   6.32985988e-01   6.99918727e-01
   7.63476596e-01   8.43102834e-01   9.27147040e-01   9.33140350e-01
   1.03982695e+00   1.06307846e+00   1.08202877e+00   1.15412170e+00
   1.18472448e+00   1.22091125e+00   1.26380393e+00   1.27596064e+00
   1.30318063e+00   1.32554781e+00   1.32659351e+00   1.37077068e+00
   1.44647792e+00   1.44747684e+00   1.46462213e+00   1.46528036e+00
   1.60472410e+00   1.64023336e+00   1.64980413e+00   1.65931337e+00
   1.80297993e+00   1.85436514e+00   1.86609608e+00   1.93468236e+00
   2.00704822e+00   2.13265420e+00   2.15069487e+00   2.24819318e+00
   2.35168435e+00   2.48214384e+00   2.50274962e+00   2.53756226e+00
   2.55342865e+00   2.55501458e+00   2.68974743e+00   2.78028552e+00
   2.79207253e+00   2.82552328e+00   2.87330290e+00   2.95744145e+00
   3.01242435e+00   3.12441770e+00   3.12983944e+00   3.13843902e+00
   3.19095637e+00   3.24970078e+00   3.30576594e+00   3.31415734e+00
   3.36326326e+00   3.38053057e+00   3.44360095e+00   3.47754947e+00
   3.52526379e+00   3.53017525e+00   3.53288892e+00   3.59690861e+00
   3.62732973e+00   3.66662164e+00   3.67333466e+00   3.68639282e+00
   3.70148226e+00   3.88395543e+00   4.25001044e+00   4.32132248e+00
   4.32761201e+00   4.33537557e+00   4.34038321e+00   4.38029710e+00
   4.41710317e+00   4.41970760e+00   4.53300883e+00   4.54751032e+00
   4.59499313e+00   4.63574300e+00   4.79180796e+00   4.86731695e+00
   4.95293708e+00   5.05138324e+00   5.14993264e+00   5.44774572e+00
   2.28627847e+01   2.28678515e+01   2.31869211e+01   2.32630624e+01]
E_coul = 123.150340643406
cycle= 4 E= -151.198068347607  delta_E= -0.000539  |g|= 0.00729  |ddm|= 0.0602
    CPU time for cycle= 4      0.16 sec, wall time      0.16 sec
diis-norm(errvec)=0.0204044
diis-c [ -2.31370196e-04  -1.11321382e-02  -3.98483736e-02   8.93227495e-02
   9.61657762e-01]
  HOMO = -0.421985684701665  LUMO = -0.020699498661549
  mo_energy =
[ -1.13696027e+01  -1.13695930e+01  -1.13478048e+01  -1.13468032e+01
  -1.35905680e+00  -1.00865409e+00  -7.67245985e-01  -5.96299648e-01
  -5.71790976e-01  -5.71692302e-01  -4.58546589e-01  -4.21985685e-01
  -2.06994987e-02   6.46941254e-02   1.05158751e-01   1.99860852e-01
   2.19191594e-01   2.29892690e-01   2.67332753e-01   2.67855045e-01
   2.88137633e-01   2.89840654e-01   3.23952870e-01   3.65885002e-01
   3.73551046e-01   3.98717111e-01   4.00381768e-01   4.35876823e-01
   4.50077310e-01   4.64708124e-01   4.81154315e-01   4.95210545e-01
   5.80795218e-01   6.32301700e-01   6.32736640e-01   6.99619943e-01
   7.62822911e-01   8.43415556e-01   9.26277314e-01   9.32717051e-01
   1.03893848e+00   1.06277141e+00   1.08136127e+00   1.15315386e+00
   1.18442644e+00   1.22078396e+00   1.26345952e+00   1.27658720e+00
   1.30371886e+00   1.32498913e+00   1.32576007e+00   1.36995194e+00
   1.44640324e+00   1.44710900e+00   1.46418381e+00   1.46478120e+00
   1.60342848e+00   1.63970651e+00   1.64892973e+00   1.65968085e+00
   1.80061237e+00   1.85463054e+00   1.86717498e+00   1.93389909e+00
   2.00553370e+00   2.13129496e+00   2.15122000e+00   2.24657826e+00
   2.35162585e+00   2.48138320e+00   2.50309267e+00   2.53701638e+00
   2.55238569e+00   2.55578316e+00   2.68946629e+00   2.77914631e+00
   2.79126109e+00   2.82455728e+00   2.87342164e+00   2.95659780e+00
   3.01208820e+00   3.12268917e+00   3.12935130e+00   3.13765724e+00
   3.18942804e+00   3.24837852e+00   3.30426328e+00   3.31295505e+00
   3.36326356e+00   3.37964841e+00   3.44216192e+00   3.47656641e+00
   3.52358078e+00   3.53098686e+00   3.53208327e+00   3.59656143e+00
   3.62569134e+00   3.66584868e+00   3.67431469e+00   3.68640435e+00
   3.70108290e+00   3.88248264e+00   4.24971322e+00   4.32074534e+00
   4.32886461e+00   4.33607429e+00   4.33942911e+00   4.37956884e+00
   4.41636117e+00   4.41925478e+00   4.53218120e+00   4.54721390e+00
   4.59518804e+00   4.63488808e+00   4.79106312e+00   4.86677079e+00
   4.95339013e+00   5.05089926e+00   5.14904972e+00   5.44767269e+00
   2.28574072e+01   2.28643377e+01   2.31900414e+01   2.32643100e+01]
E_coul = 123.1472104978
cycle= 5 E= -151.198088940135  delta_E= -2.06e-05  |g|= 0.0017  |ddm|= 0.0123
    CPU time for cycle= 5      0.16 sec, wall time      0.16 sec
diis-norm(errvec)=0.00520852
diis-c [ -8.67719829e-06   6.84872421e-03   9.06129034e-04  -8.37855995e-02
   3.27050978e-02   1.04332565e+00]
  HOMO = -0.4220559878412  LUMO = -0.0204181175557385
  mo_energy =
[ -1.13686002e+01  -1.13685860e+01  -1.13484742e+01  -1.13474781e+01
  -1.35904087e+00  -1.00848061e+00  -7.67370068e-01  -5.96076528e-01
  -5.71938296e-01  -5.71705354e-01  -4.58377914e-01  -4.22055988e-01
  -2.04181176e-02   6.43935388e-02   1.05202836e-01   1.99918744e-01
   2.19164996e-01   2.29893253e-01   2.67314964e-01   2.67906676e-01
   2.88156150e-01   2.89854072e-01   3.23931052e-01   3.65885036e-01
   3.73650025e-01   3.98535329e-01   4.00368031e-01   4.35855049e-01
   4.49989589e-01   4.64713245e-01   4.81216937e-01   4.95219105e-01
   5.80886902e-01   6.32409656e-01   6.32631157e-01   6.99528695e-01
   7.62788348e-01   8.43213352e-01   9.26370005e-01   9.32697242e-01
   1.03899764e+00   1.06269891e+00   1.08149442e+00   1.15322401e+00
   1.18435432e+00   1.22073482e+00   1.26348532e+00   1.27631606e+00
   1.30358068e+00   1.32498429e+00   1.32589845e+00   1.37010838e+00
   1.44633972e+00   1.44707014e+00   1.46416957e+00   1.46490708e+00
   1.60366315e+00   1.63966267e+00   1.64904482e+00   1.65949187e+00
   1.80089373e+00   1.85449854e+00   1.86683443e+00   1.93390388e+00
   2.00566221e+00   2.13140399e+00   2.15102974e+00   2.24674534e+00
   2.35153082e+00   2.48144381e+00   2.50294736e+00   2.53707963e+00
   2.55243983e+00   2.55557563e+00   2.68943918e+00   2.77914646e+00
   2.79123974e+00   2.82454868e+00   2.87327073e+00   2.95665090e+00
   3.01207678e+00   3.12284177e+00   3.12930040e+00   3.13770502e+00
   3.18951609e+00   3.24843253e+00   3.30444152e+00   3.31315459e+00
   3.36312877e+00   3.37978866e+00   3.44232221e+00   3.47663868e+00
   3.52381591e+00   3.53062864e+00   3.53211792e+00   3.59659968e+00
   3.62604944e+00   3.66593032e+00   3.67393565e+00   3.68622340e+00
   3.70102531e+00   3.88280741e+00   4.24971897e+00   4.32076229e+00
   4.32852936e+00   4.33579044e+00   4.33966235e+00   4.37954172e+00
   4.41654079e+00   4.41932148e+00   4.53224208e+00   4.54714018e+00
   4.59497989e+00   4.63494281e+00   4.79107487e+00   4.86680045e+00
   4.95322907e+00   5.05091445e+00   5.14918902e+00   5.44762031e+00
   2.28583386e+01   2.28649337e+01   2.31893908e+01   2.32639969e+01]
E_coul = 123.146946404468
cycle= 6 E= -151.198090266973  delta_E= -1.33e-06  |g|= 0.00026  |ddm|= 0.00366
    CPU time for cycle= 6      0.16 sec, wall time      0.16 sec
diis-norm(errvec)=0.000793338
diis-c [ -1.22519667e-07  -1.12802766e-03   7.67123624e-05   1.68544914e-02
  -3.34057218e-02  -2.30782637e-01   1.24838518e+00]
  HOMO = -0.422000908413761  LUMO = -0.0203661121369909
  mo_energy =
[ -1.13685579e+01  -1.13685439e+01  -1.13483648e+01  -1.13473683e+01
  -1.35898149e+00  -1.00842057e+00  -7.67327116e-01  -5.96061848e-01
  -5.71907603e-01  -5.71659019e-01  -4.58385777e-01  -4.22000908e-01
  -2.03661121e-02   6.44254653e-02   1.05248362e-01   1.99935607e-01
   2.19175724e-01   2.29915515e-01   2.67336140e-01   2.67907874e-01
   2.88183520e-01   2.89867895e-01   3.23944634e-01   3.65890561e-01
   3.73662826e-01   3.98560090e-01   4.00376300e-01   4.35870349e-01
   4.50012882e-01   4.64724996e-01   4.81232261e-01   4.95226406e-01
   5.80913981e-01   6.32452838e-01   6.32673772e-01   6.99576218e-01
   7.62819462e-01   8.43265279e-01   9.26392412e-01   9.32731688e-01
   1.03901597e+00   1.06272897e+00   1.08152143e+00   1.15324799e+00
   1.18438504e+00   1.22076906e+00   1.26350603e+00   1.27636018e+00
   1.30361621e+00   1.32501241e+00   1.32591054e+00   1.37011965e+00
   1.44637025e+00   1.44709369e+00   1.46419899e+00   1.46492736e+00
   1.60367647e+00   1.63971528e+00   1.64906989e+00   1.65954197e+00
   1.80092148e+00   1.85453208e+00   1.86690560e+00   1.93395053e+00
   2.00570235e+00   2.13144530e+00   2.15109637e+00   2.24676798e+00
   2.35158062e+00   2.48149721e+00   2.50301928e+00   2.53713124e+00
   2.55247469e+00   2.55563229e+00   2.68948245e+00   2.77918584e+00
   2.79129861e+00   2.82460157e+00   2.87333043e+00   2.95669072e+00
   3.01213828e+00   3.12286654e+00   3.12934358e+00   3.13776066e+00
   3.18955820e+00   3.24845974e+00   3.30447674e+00   3.31319362e+00
   3.36317810e+00   3.37982511e+00   3.44235664e+00   3.47667835e+00
   3.52384324e+00   3.53068530e+00   3.53215809e+00   3.59664226e+00
   3.62607413e+00   3.66596502e+00   3.67400396e+00   3.68627960e+00
   3.70107579e+00   3.88283465e+00   4.24977523e+00   4.32081656e+00
   4.32859317e+00   4.33585763e+00   4.33969555e+00   4.37959169e+00
   4.41658397e+00   4.41936608e+00   4.53229007e+00   4.54719782e+00
   4.59503042e+00   4.63499365e+00   4.79111953e+00   4.86685734e+00
   4.95329384e+00   5.05096948e+00   5.14923300e+00   5.44767701e+00
   2.28583791e+01   2.28649875e+01   2.31894978e+01   2.32640898e+01]
E_coul = 123.146637381325
cycle= 7 E= -151.198090302064  delta_E= -3.51e-08  |g|= 3.66e-05  |ddm|= 0.00124
    CPU time for cycle= 7      0.16 sec, wall time      0.16 sec
diis-norm(errvec)=0.000131952
diis-c [ -5.49268039e-09   1.64465384e-04   1.06676513e-04  -3.45899075e-03
   9.74497316e-03   4.34401385e-02  -3.46593778e-01   1.29659652e+00]
  HOMO = -0.422005299147533  LUMO = -0.0203662553221545
  mo_energy =
[ -1.13685692e+01  -1.13685552e+01  -1.13483873e+01  -1.13473907e+01
  -1.35899161e+00  -1.00842855e+00  -7.67336156e-01  -5.96064540e-01
  -5.71916480e-01  -5.71664255e-01  -4.58387073e-01  -4.22005299e-01
  -2.03662553e-02   6.44157966e-02   1.05240668e-01   1.99930549e-01
   2.19173418e-01   2.29913182e-01   2.67334735e-01   2.67906584e-01
   2.88180939e-01   2.89867037e-01   3.23943386e-01   3.65888798e-01
   3.73660753e-01   3.98554482e-01   4.00374291e-01   4.35868521e-01
   4.50010733e-01   4.64723210e-01   4.81228333e-01   4.95222072e-01
   5.80907605e-01   6.32447985e-01   6.32664991e-01   6.99569239e-01
   7.62814478e-01   8.43259100e-01   9.26387990e-01   9.32727654e-01
   1.03901229e+00   1.06272361e+00   1.08151801e+00   1.15324353e+00
   1.18437997e+00   1.22076550e+00   1.26350229e+00   1.27635441e+00
   1.30361034e+00   1.32500804e+00   1.32590730e+00   1.37011664e+00
   1.44636442e+00   1.44709016e+00   1.46419379e+00   1.46492445e+00
   1.60367237e+00   1.63970661e+00   1.64906473e+00   1.65953346e+00
   1.80091566e+00   1.85452631e+00   1.86689605e+00   1.93394294e+00
   2.00569611e+00   2.13143866e+00   2.15108960e+00   2.24676326e+00
   2.35157433e+00   2.48149014e+00   2.50301201e+00   2.53712413e+00
   2.55246744e+00   2.55562482e+00   2.68947535e+00   2.77917866e+00
   2.79129039e+00   2.82459378e+00   2.87332140e+00   2.95668156e+00
   3.01213057e+00   3.12286151e+00   3.12933587e+00   3.13775232e+00
   3.18954885e+00   3.24845362e+00   3.30447033e+00   3.31318735e+00
   3.36316914e+00   3.37981789e+00   3.44234963e+00   3.47667153e+00
   3.52383718e+00   3.53067514e+00   3.53215159e+00   3.59663514e+00
   3.62607026e+00   3.66595760e+00   3.67399400e+00   3.68627018e+00
   3.70106710e+00   3.88283028e+00   4.24976572e+00   4.32081005e+00
   4.32858171e+00   4.33584927e+00   4.33968989e+00   4.37958371e+00
   4.41657738e+00   4.41935804e+00   4.53227956e+00   4.54719072e+00
   4.59501938e+00   4.63498611e+00   4.79111052e+00   4.86684854e+00
   4.95328507e+00   5.05096051e+00   5.14922516e+00   5.44766688e+00
   2.28583685e+01   2.28649748e+01   2.31894767e+01   2.32640708e+01]
E_coul = 123.146710666126
cycle= 8 E= -151.198090303008  delta_E= -9.44e-10  |g|= 7.2e-06  |ddm|= 0.000144
    CPU time for cycle= 8      0.15 sec, wall time      0.16 sec
  HOMO = -0.422004133936916  LUMO = -0.0203650466234307
  mo_energy =
[ -1.13685664e+01  -1.13685524e+01  -1.13483846e+01  -1.13473881e+01
  -1.35899061e+00  -1.00842760e+00  -7.67334948e-01  -5.96063774e-01
  -5.71916195e-01  -5.71663226e-01  -4.58386205e-01  -4.22004134e-01
  -2.03650466e-02   6.44163342e-02   1.05241228e-01   1.99930786e-01
   2.19173838e-01   2.29913397e-01   2.67334980e-01   2.67906823e-01
   2.88181247e-01   2.89867439e-01   3.23943719e-01   3.65889116e-01
   3.73660991e-01   3.98554811e-01   4.00374275e-01   4.35868842e-01
   4.50011050e-01   4.64723544e-01   4.81228636e-01   4.95222673e-01
   5.80908335e-01   6.32448901e-01   6.32665960e-01   6.99570456e-01
   7.62815140e-01   8.43259891e-01   9.26388416e-01   9.32728030e-01
   1.03901272e+00   1.06272430e+00   1.08151861e+00   1.15324413e+00
   1.18438087e+00   1.22076614e+00   1.26350309e+00   1.27635519e+00
   1.30361136e+00   1.32500866e+00   1.32590762e+00   1.37011742e+00
   1.44636551e+00   1.44709064e+00   1.46419476e+00   1.46492520e+00
   1.60367300e+00   1.63970759e+00   1.64906556e+00   1.65953471e+00
   1.80091651e+00   1.85452728e+00   1.86689699e+00   1.93394379e+00
   2.00569712e+00   2.13143949e+00   2.15109046e+00   2.24676407e+00
   2.35157533e+00   2.48149089e+00   2.50301293e+00   2.53712524e+00
   2.55246846e+00   2.55562590e+00   2.68947629e+00   2.77917956e+00
   2.79129152e+00   2.82459488e+00   2.87332257e+00   2.95668301e+00
   3.01213185e+00   3.12286234e+00   3.12933705e+00   3.13775340e+00
   3.18955014e+00   3.24845466e+00   3.30447127e+00   3.31318852e+00
   3.36317045e+00   3.37981889e+00   3.44235076e+00   3.47667264e+00
   3.52383824e+00   3.53067660e+00   3.53215258e+00   3.59663644e+00
   3.62607145e+00   3.66595851e+00   3.67399536e+00   3.68627139e+00
   3.70106815e+00   3.88283093e+00   4.24976703e+00   4.32081102e+00
   4.32858312e+00   4.33585043e+00   4.33969101e+00   4.37958468e+00
   4.41657867e+00   4.41935923e+00   4.53228096e+00   4.54719179e+00
   4.59502080e+00   4.63498700e+00   4.79111171e+00   4.86684975e+00
   4.95328634e+00   5.05096187e+00   5.14922641e+00   5.44766830e+00
   2.28583711e+01   2.28649773e+01   2.31894792e+01   2.32640733e+01]
E_coul = 123.146704411529
Extra cycle  E= -151.198090303043  delta_E= -3.44e-11  |g|= 2.97e-06  |ddm|= 2.2e-05
    CPU time for scf_cycle      3.91 sec, wall time      3.94 sec
    CPU time for SCF      3.91 sec, wall time      4.09 sec
converged SCF energy = -151.198090303043
RHF E = -151.198090303
RHF eps = [ -1.13685664e+01  -1.13685524e+01  -1.13483846e+01  -1.13473881e+01
  -1.35899061e+00  -1.00842760e+00  -7.67334948e-01  -5.96063774e-01
  -5.71916195e-01  -5.71663226e-01  -4.58386205e-01  -4.22004134e-01
  -2.03650466e-02   6.44163342e-02   1.05241228e-01   1.99930786e-01
   2.19173838e-01   2.29913397e-01   2.67334980e-01   2.67906823e-01
   2.88181247e-01   2.89867439e-01   3.23943719e-01   3.65889116e-01
   3.73660991e-01   3.98554811e-01   4.00374275e-01   4.35868842e-01
   4.50011050e-01   4.64723544e-01   4.81228636e-01   4.95222673e-01
   5.80908335e-01   6.32448901e-01   6.32665960e-01   6.99570456e-01
   7.62815140e-01   8.43259891e-01   9.26388416e-01   9.32728030e-01
   1.03901272e+00   1.06272430e+00   1.08151861e+00   1.15324413e+00
   1.18438087e+00   1.22076614e+00   1.26350309e+00   1.27635519e+00
   1.30361136e+00   1.32500866e+00   1.32590762e+00   1.37011742e+00
   1.44636551e+00   1.44709064e+00   1.46419476e+00   1.46492520e+00
   1.60367300e+00   1.63970759e+00   1.64906556e+00   1.65953471e+00
   1.80091651e+00   1.85452728e+00   1.86689699e+00   1.93394379e+00
   2.00569712e+00   2.13143949e+00   2.15109046e+00   2.24676407e+00
   2.35157533e+00   2.48149089e+00   2.50301293e+00   2.53712524e+00
   2.55246846e+00   2.55562590e+00   2.68947629e+00   2.77917956e+00
   2.79129152e+00   2.82459488e+00   2.87332257e+00   2.95668301e+00
   3.01213185e+00   3.12286234e+00   3.12933705e+00   3.13775340e+00
   3.18955014e+00   3.24845466e+00   3.30447127e+00   3.31318852e+00
   3.36317045e+00   3.37981889e+00   3.44235076e+00   3.47667264e+00
   3.52383824e+00   3.53067660e+00   3.53215258e+00   3.59663644e+00
   3.62607145e+00   3.66595851e+00   3.67399536e+00   3.68627139e+00
   3.70106815e+00   3.88283093e+00   4.24976703e+00   4.32081102e+00
   4.32858312e+00   4.33585043e+00   4.33969101e+00   4.37958468e+00
   4.41657867e+00   4.41935923e+00   4.53228096e+00   4.54719179e+00
   4.59502080e+00   4.63498700e+00   4.79111171e+00   4.86684975e+00
   4.95328634e+00   5.05096187e+00   5.14922641e+00   5.44766830e+00
   2.28583711e+01   2.28649773e+01   2.31894792e+01   2.32640733e+01]
    CPU time for transforming oopq, ovpq     11.68 sec, wall time     11.70 sec
    CPU time for GW integral transformation     11.84 sec, wall time     11.85 sec

******** <class 'pyscf.gw.gf2.GF2'> flags ********
method = GF2
GF2 nocc = 12, nvir = 112
use perturbative linearized QP eqn = False
use diagonal approximation for sigma = True
  HOMO = -0.403107633670363  LUMO = -0.103550538266846
  GW mo_energy =
[ -1.08972854e+01  -1.08973861e+01  -1.08373280e+01  -1.08360729e+01
  -1.12173970e+00  -8.63866526e-01  -6.48065828e-01  -5.22763317e-01
  -5.96280016e-01  -5.40124257e-01  -4.07199615e-01  -4.03107634e-01
  -1.03550538e-01  -1.05914783e-02   5.59816659e-02   1.09178107e-01
   1.75253702e-01   1.82333247e-01   2.30101194e-01   2.31119760e-01
   2.14185835e-01   2.51812478e-01   2.80350436e-01   3.29747439e-01
   3.09431271e-01   3.21092765e-01   3.61193613e-01   3.94167396e-01
   4.03224659e-01   4.06903672e-01   3.71968160e-01   4.22546375e-01
   4.84773010e-01   4.85465626e-01   4.88165897e-01   5.66094968e-01
   7.59273986e-01   7.84463192e-01   9.05729554e-01   8.36048877e-01
   1.05194096e+00   1.04845768e+00   1.05453938e+00   1.01938787e+00
   1.18729667e+00   1.21811443e+00   1.19860661e+00   1.17875480e+00
   1.10392608e+00   1.32324452e+00   1.23070763e+00   1.36193142e+00
   1.44495893e+00   1.42925423e+00   1.46326623e+00   1.46085033e+00
   1.49194545e+00   1.53577697e+00   1.47871468e+00   1.65510697e+00
   1.79955596e+00   1.83889374e+00   1.66641835e+00   1.93408336e+00
   1.92140185e+00   2.10876128e+00   2.15909481e+00   2.05855003e+00
   2.35154607e+00   2.48199849e+00   2.50353391e+00   2.53814442e+00
   2.49656666e+00   2.55599225e+00   2.67501324e+00   2.72847926e+00
   2.61364726e+00   2.74575775e+00   2.87353995e+00   2.95610615e+00
   2.86828335e+00   2.95691271e+00   2.99479482e+00   2.95268627e+00
   3.19003646e+00   3.01578029e+00   3.30568220e+00   3.31387553e+00
   3.36206082e+00   3.36761229e+00   3.25141889e+00   3.29573379e+00
   3.34782311e+00   3.52934164e+00   3.51243555e+00   3.53217456e+00
   3.44947078e+00   3.60119541e+00   3.55387084e+00   3.52914301e+00
   3.51975695e+00   3.71576953e+00   4.24664878e+00   4.30955389e+00
   4.32408460e+00   4.32844034e+00   4.34041789e+00   4.38247507e+00
   4.41663983e+00   4.40852000e+00   4.53226575e+00   4.54813331e+00
   4.57971800e+00   4.59437795e+00   4.87104585e+00   4.86721238e+00
   4.95316450e+00   5.04960161e+00   5.14985991e+00   5.44829449e+00
   2.24370077e+01   2.24428550e+01   2.27165165e+01   2.27676298e+01]
    CPU time for GF2     58.96 sec, wall time     58.98 sec
    CPU time for transforming oopq, ovpq     11.43 sec, wall time     11.43 sec
    CPU time for GW integral transformation     11.58 sec, wall time     11.58 sec

******** <class 'pyscf.gw.gf2.GF2'> flags ********
method = GF2
GF2 nocc = 12, nvir = 112
use perturbative linearized QP eqn = False
use diagonal approximation for sigma = True
  HOMO = -0.403107633670363  LUMO = -0.103550538266846
  GW mo_energy =
[ 0.          0.          0.          0.          0.          0.          0.
  0.          0.          0.          0.         -0.40310763 -0.10355054
  0.          0.          0.          0.          0.          0.          0.
  0.          0.          0.          0.          0.          0.          0.
  0.          0.          0.          0.          0.          0.          0.
  0.          0.          0.          0.          0.          0.          0.
  0.          0.          0.          0.          0.          0.          0.
  0.          0.          0.          0.          0.          0.          0.
  0.          0.          0.          0.          0.          0.          0.
  0.          0.          0.          0.          0.          0.          0.
  0.          0.          0.          0.          0.          0.          0.
  0.          0.          0.          0.          0.          0.          0.
  0.          0.          0.          0.          0.          0.          0.
  0.          0.          0.          0.          0.          0.          0.
  0.          0.          0.          0.          0.          0.          0.
  0.          0.          0.          0.          0.          0.          0.
  0.          0.          0.          0.          0.          0.          0.
  0.          0.          0.          0.          0.          0.        ]
    CPU time for GF2      0.28 sec, wall time      0.28 sec
IP root 0 E =  -0.40310763367
EA root 0 E =  -0.103550538267
