

******** <class 'pyscf.scf.hf.RHF'> flags ********
method = RHF
initial guess = minao
damping factor = 0
level shift factor = 0
DIIS = <class 'pyscf.scf.diis.CDIIS'>
DIIS start cycle = 1
DIIS space = 8
SCF tol = 1e-09
SCF gradient tol = None
max. SCF cycles = 50
direct_scf = True
direct_scf_tol = 1e-13
chkfile to save SCF result = /tmp/tmpLUv651
max_memory 4000 MB (current use 76 MB)
Set gradient conv threshold to 3.16228e-05
Nelec from initial guess = 49.9984104181
cond(S) = 1045977.83488
    CPU time for vj and vk     53.48 sec, wall time     53.49 sec
E_coul = 358.70613008043
init E= -288.24914112073
    CPU time for initialize scf     53.63 sec, wall time     53.93 sec
  HOMO = -0.225993356423916  LUMO = -0.00665640674166368
  mo_energy =
[ -1.56390315e+01  -1.14776758e+01  -1.14742122e+01  -1.14732529e+01
  -1.14712390e+01  -1.14707797e+01  -1.14663196e+01  -1.78968344e+00
  -1.53010502e+00  -1.37479657e+00  -1.24693458e+00  -9.62516096e-01
  -9.14755367e-01  -7.23237081e-01  -6.51316157e-01  -6.41103973e-01
  -5.37689034e-01  -5.29598401e-01  -5.09049672e-01  -5.04225963e-01
  -4.10840033e-01  -3.81349862e-01  -3.72294605e-01  -3.01190846e-01
  -2.25993356e-01  -6.65640674e-03   2.18720228e-02   9.88673629e-02
   1.08744228e-01   1.43129648e-01   1.62641449e-01   1.73661228e-01
   1.91259717e-01   1.99991098e-01   2.10097545e-01   2.12322063e-01
   2.56919861e-01   2.89259052e-01   2.97842506e-01   3.01629658e-01
   3.14396504e-01   3.28090673e-01   3.28695448e-01   3.41168431e-01
   3.49382737e-01   3.63797717e-01   3.95312388e-01   4.12510841e-01
   4.15315519e-01   4.21515629e-01   4.33378697e-01   4.53880172e-01
   4.55144126e-01   4.84919368e-01   4.94750406e-01   5.02725921e-01
   5.12076677e-01   5.21509109e-01   5.31645565e-01   5.46069081e-01
   5.49456337e-01   5.63590506e-01   5.83155142e-01   5.87143195e-01
   5.90749232e-01   5.96621460e-01   6.15140505e-01   6.40337421e-01
   6.71128227e-01   6.74768278e-01   7.12381777e-01   7.53147567e-01
   7.84265904e-01   7.85922515e-01   7.96322805e-01   8.02204074e-01
   8.03930726e-01   8.19956580e-01   8.41382164e-01   8.66214987e-01
   9.05660412e-01   9.36458810e-01   9.44166058e-01   9.46188353e-01
   9.84830954e-01   1.00864472e+00   1.05307195e+00   1.07013479e+00
   1.10063777e+00   1.12295536e+00   1.12446114e+00   1.13220654e+00
   1.14267486e+00   1.17110290e+00   1.17418697e+00   1.18180914e+00
   1.19533432e+00   1.23136357e+00   1.24307112e+00   1.26885921e+00
   1.29429796e+00   1.29507664e+00   1.33372816e+00   1.35011263e+00
   1.35518918e+00   1.39886536e+00   1.41244519e+00   1.42857462e+00
   1.43009033e+00   1.45784244e+00   1.46349584e+00   1.48535809e+00
   1.50055040e+00   1.50688906e+00   1.51331048e+00   1.53846699e+00
   1.54227529e+00   1.56426073e+00   1.61062251e+00   1.64645112e+00
   1.64676854e+00   1.65877553e+00   1.66712631e+00   1.70150986e+00
   1.70958399e+00   1.71371491e+00   1.75108934e+00   1.78036354e+00
   1.81836168e+00   1.84213795e+00   1.86238264e+00   1.88196690e+00
   1.89548203e+00   1.90612497e+00   1.91533103e+00   1.93300368e+00
   1.95885910e+00   2.00218622e+00   2.01554444e+00   2.09840421e+00
   2.10838675e+00   2.11954567e+00   2.15834681e+00   2.17611875e+00
   2.20863760e+00   2.27119242e+00   2.28773789e+00   2.30587546e+00
   2.41710084e+00   2.45220035e+00   2.45929543e+00   2.47783093e+00
   2.48394202e+00   2.57079579e+00   2.57605234e+00   2.58806333e+00
   2.61450211e+00   2.67536138e+00   2.72590061e+00   2.74596455e+00
   2.83695784e+00   2.84629552e+00   2.86962538e+00   2.89968372e+00
   2.91828235e+00   2.94396711e+00   2.95835501e+00   2.97472294e+00
   2.98148806e+00   3.01339723e+00   3.03914092e+00   3.05000420e+00
   3.05774587e+00   3.12408278e+00   3.13633312e+00   3.13692155e+00
   3.15170190e+00   3.20656103e+00   3.22635095e+00   3.23762178e+00
   3.25398628e+00   3.25542994e+00   3.27586037e+00   3.27944071e+00
   3.28297216e+00   3.29277178e+00   3.31716540e+00   3.32992486e+00
   3.33850740e+00   3.36226864e+00   3.36805363e+00   3.37230775e+00
   3.38367570e+00   3.43783240e+00   3.47726400e+00   3.48148731e+00
   3.50928046e+00   3.53049276e+00   3.53917907e+00   3.54292894e+00
   3.55447340e+00   3.57100152e+00   3.58636960e+00   3.61813146e+00
   3.62178623e+00   3.62865042e+00   3.63516962e+00   3.65763214e+00
   3.66460632e+00   3.69197217e+00   3.69578972e+00   3.74078441e+00
   3.75060341e+00   3.77796861e+00   3.81848989e+00   3.81980662e+00
   3.85105522e+00   3.88596558e+00   3.91065042e+00   3.96762295e+00
   3.97443843e+00   4.00457866e+00   4.00797444e+00   4.01250674e+00
   4.01498354e+00   4.04643597e+00   4.06015480e+00   4.06493457e+00
   4.06739239e+00   4.08136760e+00   4.10411484e+00   4.10800089e+00
   4.15182091e+00   4.15701714e+00   4.18159324e+00   4.19689753e+00
   4.25805743e+00   4.27761326e+00   4.28368904e+00   4.28875793e+00
   4.34113401e+00   4.36051849e+00   4.36530878e+00   4.37397995e+00
   4.40980636e+00   4.43087038e+00   4.45999703e+00   4.46476664e+00
   4.47130725e+00   4.48892674e+00   4.49983192e+00   4.50335435e+00
   4.53520710e+00   4.55181596e+00   4.57347124e+00   4.57540725e+00
   4.58450655e+00   4.60741289e+00   4.73596558e+00   4.74544932e+00
   4.78320533e+00   4.79232747e+00   4.80334500e+00   4.87145780e+00
   4.89988644e+00   4.90077426e+00   4.91412615e+00   4.94749280e+00
   4.98327318e+00   5.00542633e+00   5.02263427e+00   5.04019614e+00
   5.05776759e+00   5.07400734e+00   5.11348462e+00   5.15150701e+00
   5.16306580e+00   5.22202020e+00   5.24680633e+00   5.26506740e+00
   5.28758933e+00   5.39462404e+00   5.39621140e+00   5.45966927e+00
   5.46111999e+00   5.51986646e+00   5.58343486e+00   5.60882846e+00
   5.65605473e+00   5.68160965e+00   5.72982225e+00   5.75735745e+00
   5.80278596e+00   5.85596311e+00   5.93840420e+00   5.97764205e+00
   6.03299901e+00   6.04837375e+00   6.16214982e+00   6.18813380e+00
   6.29796821e+00   6.43451510e+00   6.44075421e+00   6.48882357e+00
   6.62765031e+00   6.81873296e+00   6.98789940e+00   7.08291587e+00
   2.34535309e+01   2.39678232e+01   2.40849443e+01   2.40945196e+01
   2.41609799e+01   2.49291105e+01   3.41135642e+01]
    CPU time for vj and vk     54.63 sec, wall time     54.64 sec
E_coul = 367.473400717403
cycle= 1 E= -285.759782572015  delta_E= 2.49  |g|= 0.484  |ddm|= 3.31
    CPU time for cycle= 1     54.68 sec, wall time     54.69 sec
diis-norm(errvec)=1.83352
diis-c [-3.36179707  1.        ]
  HOMO = -0.27938574887084  LUMO = 0.12133263369658
  mo_energy =
[-15.5900894  -11.30475965 -11.18131261 -11.18107739 -11.17684681
 -11.1761902  -11.14369711  -1.2370287   -1.10167432  -0.98775165
  -0.96975733  -0.81933524  -0.79663116  -0.70305884  -0.69374177
  -0.64390968  -0.57503402  -0.57007872  -0.55342997  -0.52895341
  -0.46837004  -0.46091645  -0.43400554  -0.31499856  -0.27938575
   0.12133263   0.13828539   0.15662896   0.16467894   0.16686743
   0.19909766   0.20082607   0.22279964   0.23849625   0.25665282
   0.31339014   0.319462     0.33618027   0.34398407   0.35434218
   0.3616889    0.37825212   0.39163797   0.39428005   0.40468808
   0.43927102   0.47036988   0.4758343    0.47725608   0.4832428
   0.50694276   0.50862081   0.53650779   0.54433027   0.56275988
   0.58047441   0.58413735   0.58876854   0.59013166   0.60598982
   0.61045357   0.61899998   0.62422659   0.63653331   0.67597157
   0.67667259   0.69005973   0.69468379   0.7241572    0.74545207
   0.80391747   0.82309544   0.83569396   0.86604009   0.87174524
   0.87956837   0.89486242   0.91189476   0.93589013   0.94363043
   0.96359136   0.99237292   1.00528263   1.04308371   1.06898528
   1.0986222    1.10338581   1.1333856    1.15970108   1.17401747
   1.1820125    1.19408278   1.2103761    1.21604111   1.21971672
   1.23727409   1.26152601   1.28086387   1.30603812   1.32274065
   1.34069382   1.35375961   1.40596155   1.43129777   1.44104948
   1.4657902    1.47602487   1.48802912   1.5057167    1.53448978
   1.53682066   1.55342077   1.57194382   1.58482162   1.58802011
   1.59634767   1.60858636   1.64906701   1.70686369   1.72804695
   1.73230274   1.74130597   1.75813051   1.77479557   1.83251448
   1.83968417   1.84168073   1.86222723   1.88393104   1.90385199
   1.93046566   1.95979593   1.96330099   2.00748773   2.02001604
   2.036095     2.05254621   2.08888732   2.11501943   2.1709668
   2.20517408   2.21680136   2.26855469   2.30074713   2.30416195
   2.34901714   2.37347315   2.41109939   2.50906267   2.52611775
   2.57212939   2.62538146   2.6371029    2.67382619   2.71722564
   2.71961771   2.73194234   2.77946403   2.83199393   2.86964086
   2.98051409   2.98177483   3.00703592   3.01643123   3.03552396
   3.05681301   3.07191023   3.07352524   3.11310638   3.1197833
   3.12948531   3.14730102   3.1565182    3.21548167   3.2628758
   3.26751205   3.27781894   3.29530138   3.32262261   3.34356852
   3.35384916   3.36661511   3.38596578   3.38798865   3.38881256
   3.39238441   3.42550537   3.44942828   3.46732571   3.49386292
   3.49793002   3.50268066   3.51103309   3.54375122   3.56462584
   3.58592059   3.59747216   3.60348201   3.62118073   3.65106276
   3.65905544   3.66135369   3.67568327   3.69421476   3.70411546
   3.72681858   3.74195006   3.75740785   3.76793175   3.78423359
   3.80285021   3.82596284   3.84785547   3.90137135   3.9058106
   3.91390557   3.92391538   3.97967993   3.99440326   4.00111956
   4.07344516   4.08756899   4.09413729   4.10049282   4.10312062
   4.1225985    4.13201981   4.14203316   4.16943879   4.17088363
   4.19331545   4.19450187   4.19965807   4.21510097   4.23744812
   4.25024252   4.311991     4.32297316   4.34025414   4.35159252
   4.38897909   4.4201943    4.45508965   4.4728818    4.49710103
   4.50075159   4.52881849   4.53237488   4.56877003   4.58231202
   4.61834965   4.6276331    4.63896285   4.64561059   4.65605844
   4.66886143   4.66947008   4.70114941   4.80718989   4.81411194
   4.8398779    4.87383964   4.9113848    4.95797451   4.98877902
   4.9992462    5.006664     5.05190035   5.10900292   5.12328632
   5.13366685   5.14382377   5.1583607    5.1730134    5.20633471
   5.22495089   5.26177431   5.31137683   5.34901772   5.35615814
   5.38673951   5.49250464   5.50556316   5.5478282    5.57650086
   5.62145266   5.69798355   5.71729765   5.74551338   5.8031348
   5.84010871   5.85310523   5.88385689   6.01713751   6.02888548
   6.07895909   6.10450869   6.16488997   6.23237585   6.30219014
   6.3935962    6.48437333   6.55554995   6.62199986   6.72485173
   6.84425105   7.01713087   7.2095737   23.69713951  24.17194319
  24.35989169  24.3873897   24.43933126  25.20047119  34.15110128]
    CPU time for vj and vk     53.44 sec, wall time     53.45 sec
E_coul = 365.964471939913
cycle= 2 E= -285.831703900173  delta_E= -0.0719  |g|= 0.167  |ddm|= 0.657
    CPU time for cycle= 2     53.50 sec, wall time     53.51 sec
diis-norm(errvec)=0.62934
diis-c [-0.387997    0.04952104  0.95047896]
  HOMO = -0.304059683881144  LUMO = 0.111992698074398
  mo_energy =
[-15.531628   -11.2668642  -11.26496289 -11.26475953 -11.26089961
 -11.24230091 -11.24204511  -1.21015957  -1.14190541  -1.02902149
  -0.99953412  -0.84233179  -0.8203283   -0.71063631  -0.68584859
  -0.653022    -0.60504949  -0.60069795  -0.59080504  -0.5367679
  -0.51280617  -0.49892406  -0.4473646   -0.35188854  -0.30405968
   0.1119927    0.13177757   0.1413909    0.16115463   0.17152803
   0.19770044   0.19907183   0.22052965   0.24336046   0.24590353
   0.30756195   0.31582569   0.32291681   0.33150759   0.33753367
   0.34023052   0.3691962    0.38137671   0.38965427   0.39580929
   0.43344701   0.45996003   0.4700098    0.47140493   0.47192235
   0.49558316   0.50003564   0.53604994   0.54312525   0.55864188
   0.56275996   0.56350436   0.58381782   0.58641352   0.5968878
   0.61125739   0.61582632   0.61713239   0.64280568   0.65690404
   0.66363015   0.67010994   0.69117956   0.71647538   0.73089875
   0.79284816   0.82222043   0.83157733   0.8455925    0.84948979
   0.86529878   0.87880107   0.90193479   0.91732537   0.92032903
   0.95191096   0.98578276   0.99510477   1.01593658   1.04706784
   1.07692847   1.0964926    1.11791421   1.15539387   1.17363165
   1.1819485    1.18713985   1.18923869   1.2038324    1.20992016
   1.22673955   1.24807131   1.2717665    1.28614884   1.31487062
   1.33902523   1.34310642   1.38965174   1.41448206   1.41506778
   1.4590923    1.46175217   1.48713472   1.4947254    1.51577803
   1.51821492   1.53780586   1.55679057   1.56762873   1.5682688
   1.58861003   1.59132921   1.63566523   1.70679732   1.70715571
   1.71801541   1.72553485   1.73435231   1.76570388   1.79796766
   1.80435436   1.80788002   1.84695806   1.87766397   1.90350945
   1.94089137   1.95929985   1.96866811   1.97420039   1.99488784
   2.01382244   2.01878705   2.06575106   2.08142319   2.16904633
   2.18172286   2.19215023   2.24472221   2.26335013   2.28787929
   2.34580927   2.36524251   2.38521883   2.50185642   2.52833203
   2.55483499   2.58402362   2.59449598   2.67181127   2.67361788
   2.68065297   2.70447845   2.76018775   2.81571896   2.84420851
   2.94289084   2.94691469   2.96821763   2.98888683   3.00868114
   3.03080809   3.04603219   3.05646214   3.07844805   3.0929853
   3.11321395   3.13196885   3.13817502   3.21095308   3.22442756
   3.23546131   3.24761259   3.28721404   3.31889532   3.32363276
   3.34145353   3.34350838   3.3624894    3.36610794   3.37128696
   3.37442239   3.40297102   3.4264059    3.43641561   3.4587795
   3.4614388    3.4771657    3.4829219    3.52244022   3.56205706
   3.56823436   3.58353219   3.60639861   3.61312215   3.62828887
   3.64186471   3.64764247   3.65870606   3.69458121   3.69860997
   3.70995189   3.71424141   3.74157803   3.74890173   3.7697446
   3.77510117   3.81166501   3.82893981   3.87716651   3.8978911
   3.90868224   3.91547643   3.96298498   3.98263608   4.01926539
   4.0733075    4.07808847   4.08223074   4.08631445   4.0953512
   4.11888859   4.12232954   4.12794767   4.16071228   4.16136245
   4.16957324   4.17353002   4.20670222   4.21312265   4.24866951
   4.25209923   4.32114155   4.3285336    4.33938929   4.34882672
   4.39460848   4.42446588   4.43598823   4.47191388   4.49415398
   4.49970031   4.52320825   4.53019617   4.56366893   4.56518166
   4.58125504   4.59668988   4.62292736   4.62459087   4.64465113
   4.65005155   4.65784684   4.69053171   4.81612015   4.82098836
   4.85285412   4.87637703   4.88133824   4.94709975   4.98076823
   4.98461797   4.99899803   5.03349844   5.08415122   5.0918343
   5.12239663   5.1362577    5.14031135   5.16233493   5.20467235
   5.23342138   5.25654469   5.31209306   5.33195365   5.35157414
   5.38134474   5.48771224   5.49806422   5.55582556   5.5613284
   5.61605724   5.67943358   5.70498154   5.7446255    5.78257201
   5.83177477   5.85034739   5.88623886   5.97781958   6.03986899
   6.07604555   6.12415239   6.14300245   6.25438002   6.29231286
   6.39859645   6.51845612   6.54652068   6.59670303   6.72530976
   6.89646594   7.06538273   7.19373886  23.65151596  24.15870884
  24.28268014  24.29883985  24.37496958  25.13182306  34.20747316]
    CPU time for vj and vk     52.74 sec, wall time     52.75 sec
E_coul = 366.785498765494
cycle= 3 E= -285.839011226633  delta_E= -0.00731  |g|= 0.0779  |ddm|= 0.231
    CPU time for cycle= 3     52.80 sec, wall time     52.81 sec
diis-norm(errvec)=0.285338
diis-c [-0.01236181 -0.10819712  0.2485001   0.85969703]
  HOMO = -0.297756133430331  LUMO = 0.123008546881226
  mo_energy =
[-15.5656905  -11.27957873 -11.22976826 -11.22966379 -11.22593493
 -11.22572016 -11.21317162  -1.21658489  -1.12662361  -1.01285091
  -0.98756743  -0.83267981  -0.81053602  -0.7033908   -0.68787077
  -0.65041623  -0.59849411  -0.59566313  -0.58224617  -0.53209228
  -0.50279003  -0.49163812  -0.44522986  -0.33793393  -0.29775613
   0.12300855   0.13439782   0.14686955   0.16531136   0.17154075
   0.19919642   0.20114243   0.22241685   0.24585411   0.24638634
   0.31225445   0.31814116   0.3264513    0.33628691   0.34362445
   0.34529394   0.37327105   0.38568389   0.39359624   0.39922589
   0.43666656   0.46541486   0.47282711   0.47462548   0.47689663
   0.49922814   0.50390858   0.54019879   0.54365559   0.56199943
   0.56957552   0.57161383   0.58784951   0.58885626   0.60353195
   0.61393239   0.61668516   0.61943063   0.64629073   0.66351868
   0.67459248   0.67552349   0.68777501   0.71954271   0.73611046
   0.79744425   0.82765837   0.82898799   0.85373622   0.85588678
   0.87118195   0.88541836   0.90654443   0.92365702   0.92910856
   0.95633221   0.98892593   0.99928778   1.02558329   1.05446468
   1.08598314   1.09996779   1.12420217   1.16265953   1.17425635
   1.18671694   1.19052652   1.19594211   1.20800639   1.21295385
   1.23148147   1.25453188   1.27458872   1.29248764   1.31831555
   1.3408476    1.34829725   1.39683765   1.42186811   1.42505226
   1.46435602   1.46544093   1.48746762   1.49815176   1.52338039
   1.52538682   1.54398292   1.56289817   1.57405459   1.57870291
   1.58945799   1.59638392   1.63986664   1.70870255   1.71525083
   1.72812191   1.7315257    1.73859798   1.77090768   1.81224561
   1.81551794   1.81593312   1.85299044   1.88004809   1.90361118
   1.93868015   1.96246758   1.96552706   1.98299485   2.00255837
   2.01973278   2.03066066   2.07469344   2.09270287   2.17012194
   2.19032219   2.20052535   2.25591531   2.27629885   2.29334353
   2.3462079    2.3697698    2.39168122   2.50642844   2.52464581
   2.56262374   2.598723     2.6093169    2.67251578   2.68933306
   2.69422901   2.71436577   2.76769234   2.8228912    2.85419638
   2.95703123   2.95936061   2.98250785   3.00694286   3.01329288
   3.03995388   3.05797661   3.06463764   3.08766793   3.10500153
   3.12127491   3.14079757   3.14366797   3.21490152   3.24384272
   3.24741182   3.25261162   3.29227316   3.32846098   3.32939384
   3.34940129   3.35626995   3.37032134   3.37507709   3.3804845
   3.38059197   3.41135888   3.43589154   3.44871935   3.4718174
   3.47416707   3.48964368   3.49231777   3.5307345    3.56835826
   3.57611799   3.59263339   3.6144109    3.61580415   3.63895686
   3.64930841   3.65542722   3.66678509   3.69888802   3.70236405
   3.71743756   3.72444089   3.74911732   3.75716232   3.7765826
   3.79046066   3.81748487   3.83824249   3.88786932   3.90501739
   3.9185745    3.91904862   3.97196677   3.99013078   4.02208275
   4.08066455   4.08506431   4.09169386   4.09431611   4.10311631
   4.12166084   4.13183129   4.13513663   4.16855165   4.17045124
   4.1812153    4.18392385   4.21038433   4.21776668   4.25308787
   4.25440787   4.3268673    4.32820549   4.34413593   4.35400073
   4.39861166   4.42897584   4.4460617    4.47821883   4.50145323
   4.5030989    4.52922577   4.53548994   4.57102772   4.57185778
   4.59458197   4.6068482    4.63076933   4.63471326   4.65241208
   4.66008539   4.66484189   4.69645502   4.81846498   4.82373134
   4.85066133   4.87859002   4.89010156   4.95491499   4.99015655
   4.99211816   5.00567472   5.04295737   5.1002811    5.10172706
   5.13210069   5.13864546   5.15487512   5.16365172   5.21135427
   5.22538004   5.25953184   5.31346354   5.34070527   5.35546208
   5.38599982   5.49130578   5.50458436   5.55856395   5.56824173
   5.62199985   5.69023132   5.71402761   5.74981193   5.79416972
   5.84329381   5.84793569   5.888184     5.99265382   6.04220205
   6.08180777   6.12028932   6.15427102   6.24889716   6.30006178
   6.39946562   6.50975435   6.55179441   6.60839978   6.72783658
   6.88501964   7.05515897   7.20170977  23.66907224  24.16565744
  24.31372332  24.33129257  24.39326318  25.15727357  34.17541561]
    CPU time for vj and vk     51.75 sec, wall time     51.75 sec
E_coul = 366.590646355336
cycle= 4 E= -285.840743449774  delta_E= -0.00173  |g|= 0.0146  |ddm|= 0.102
    CPU time for cycle= 4     51.80 sec, wall time     51.81 sec
diis-norm(errvec)=0.0513209
diis-c [-0.00143096 -0.02621395  0.02702788  0.19474814  0.80443792]
  HOMO = -0.296177127915324  LUMO = 0.123788120387372
  mo_energy =
[-15.55489375 -11.27360801 -11.23303117 -11.23298293 -11.22033311
 -11.22019172 -11.21769385  -1.21215064  -1.12553296  -1.01159685
  -0.98619657  -0.83158313  -0.80945598  -0.70227113  -0.68574384
  -0.64938471  -0.59739604  -0.59472546  -0.58165941  -0.52929073
  -0.50298625  -0.4915793   -0.44329466  -0.33652906  -0.29617713
   0.12378812   0.13523061   0.14783005   0.16494537   0.17200263
   0.19882533   0.20100506   0.2220245    0.24623067   0.24749093
   0.31306526   0.31861488   0.32677408   0.33561136   0.34386504
   0.34570391   0.37393773   0.38604976   0.39423021   0.39979776
   0.4383618    0.46606424   0.47364056   0.4750394    0.47776181
   0.49978099   0.50496184   0.5410596    0.54522885   0.56253547
   0.56988506   0.57200101   0.5884884    0.58977513   0.60303907
   0.61512064   0.61667361   0.62051527   0.64722684   0.66443383
   0.67456397   0.67597985   0.6892981    0.72049858   0.73729712
   0.79848046   0.82909864   0.82999355   0.85435692   0.85648678
   0.87139358   0.88585466   0.90681934   0.92432553   0.92995208
   0.95662188   0.98955621   0.9996237    1.02628933   1.05543347
   1.08651678   1.10027227   1.12457277   1.16278545   1.1751547
   1.18726629   1.19098895   1.19645885   1.20870313   1.21318914
   1.23183508   1.25498659   1.27526911   1.29301217   1.31878839
   1.34190652   1.34819526   1.39685817   1.42193482   1.42489324
   1.46501923   1.46568088   1.48891339   1.499455     1.5237442
   1.5256681    1.54414594   1.56349638   1.57468894   1.57818286
   1.59097864   1.59685173   1.64125632   1.70984556   1.71571995
   1.72897587   1.73231102   1.73959028   1.7711967    1.81270372
   1.81630043   1.81652061   1.8536736    1.88126398   1.90506335
   1.94104169   1.96417467   1.96814698   1.98402351   2.00390756
   2.02070271   2.03104831   2.07377507   2.09352265   2.17175901
   2.19056049   2.20136022   2.25530157   2.27730283   2.29438437
   2.34808644   2.37132967   2.39332004   2.5080148    2.52739507
   2.56431677   2.59965649   2.61047243   2.6754844    2.68966011
   2.69412027   2.71553185   2.76849205   2.82422795   2.85498208
   2.9581457    2.96076711   2.98300324   3.00746231   3.01476091
   3.04038811   3.05892954   3.06536521   3.08957352   3.10453097
   3.12213136   3.14073327   3.14598512   3.21652157   3.24280048
   3.24818553   3.25518047   3.29361784   3.32999381   3.33052461
   3.35006825   3.35620056   3.37119188   3.37598398   3.38128289
   3.38172571   3.41257255   3.43706661   3.44957394   3.47137838
   3.47498212   3.49051529   3.49324053   3.53164275   3.56903082
   3.57723681   3.59307563   3.61485751   3.61614706   3.63946102
   3.65051182   3.6555252    3.66753437   3.70089628   3.70358753
   3.7185467    3.72568132   3.75028297   3.75822765   3.77727693
   3.78992103   3.81835936   3.83895442   3.88865989   3.90544635
   3.91889803   3.91991103   3.97295267   3.99041911   4.02244883
   4.08142333   4.08483451   4.0919136    4.09487352   4.10361302
   4.12282499   4.13199073   4.13503511   4.1690782    4.16978922
   4.18134321   4.18456601   4.21055034   4.21853159   4.25410747
   4.2551553    4.32744298   4.32989021   4.34482572   4.35483414
   4.39895183   4.42951232   4.44639743   4.47972219   4.50202365
   4.50381258   4.52914755   4.53648303   4.57121888   4.5731197
   4.59501241   4.60769762   4.6317036    4.63401399   4.65278081
   4.66070713   4.66518097   4.69792757   4.82002738   4.82545126
   4.8525158    4.8799176    4.89079982   4.95496856   4.9905623
   4.99153709   5.00720518   5.04329586   5.10087062   5.10162976
   5.13330807   5.14039104   5.15479103   5.16568788   5.21303783
   5.22881753   5.26148649   5.31560009   5.34125178   5.35686648
   5.38770041   5.49247966   5.50587784   5.56128625   5.5679533
   5.62305427   5.68973611   5.71439041   5.75088501   5.79449702
   5.84365594   5.85067287   5.8897113    5.99368059   6.04457926
   6.0832633    6.1227479    6.15498342   6.25221408   6.30117425
   6.40203255   6.51336431   6.55346923   6.6092289    6.72985843
   6.88839902   7.05855573   7.203154    23.6708916   24.16785202
  24.31189521  24.33072833  24.39726988  25.15746963  34.18563007]
    CPU time for vj and vk     49.87 sec, wall time     49.87 sec
E_coul = 366.529504468967
cycle= 5 E= -285.840805266054  delta_E= -6.18e-05  |g|= 0.00429  |ddm|= 0.024
    CPU time for cycle= 5     49.92 sec, wall time     49.93 sec
diis-norm(errvec)=0.0152573
diis-c [ -1.10256946e-04   6.53065146e-03  -2.20924008e-02  -5.33504106e-02
   1.19679191e-01   9.49232969e-01]
  HOMO = -0.296960775290494  LUMO = 0.123345496555488
  mo_energy =
[-15.55661383 -11.27652012 -11.23343459 -11.23337462 -11.22265542
 -11.22252133 -11.21740004  -1.21336738  -1.12618905  -1.01236917
  -0.98693482  -0.832294    -0.81015437  -0.70293208  -0.68650783
  -0.64991636  -0.5983225   -0.59549956  -0.58244744  -0.53010239
  -0.50358757  -0.49236126  -0.44386092  -0.33697167  -0.29696078
   0.1233455    0.13492068   0.14740275   0.16491422   0.17178156
   0.19878084   0.20094951   0.22202477   0.24601972   0.24715209
   0.31282549   0.31833264   0.32660364   0.33564558   0.34369701
   0.3456453    0.37373953   0.385821     0.39397702   0.39957067
   0.4378504    0.46581358   0.47321265   0.47482503   0.47740719
   0.49951113   0.50453567   0.54064848   0.54477283   0.5622141
   0.56963183   0.57172813   0.5880855    0.5893666    0.60296387
   0.61475304   0.61641743   0.6201418    0.64672548   0.66393858
   0.67427291   0.67561934   0.68884558   0.7199952    0.73668182
   0.79798003   0.82877014   0.8295144    0.85394395   0.85608761
   0.87119046   0.88558545   0.90653004   0.92368584   0.92939264
   0.9563143    0.98919355   0.99926199   1.02576916   1.0547351
   1.08603558   1.09983282   1.12423711   1.16246533   1.17469542
   1.18694182   1.19059373   1.19608379   1.20825774   1.21291197
   1.23142304   1.25459774   1.2748736    1.29266078   1.31840176
   1.34138126   1.34792648   1.39650983   1.42158812   1.42462817
   1.46462487   1.46533883   1.48816732   1.49884107   1.52331793
   1.52529679   1.54379913   1.5630942    1.57422074   1.57795323
   1.59021787   1.59642272   1.6405847    1.70940456   1.71522499
   1.72852672   1.73182188   1.73898364   1.77090193   1.81221232
   1.81580244   1.81600067   1.85324179   1.88081171   1.9044914
   1.94027747   1.96341639   1.96738073   1.98342002   2.00325903
   2.0201721    2.03053386   2.0737107    2.09279815   2.17098657
   2.19010529   2.20080063   2.25504573   2.27656042   2.29368478
   2.34720439   2.37060416   2.3925763    2.50732369   2.52669112
   2.56343386   2.59886692   2.60960852   2.67453433   2.68909212
   2.69363325   2.71476533   2.76792347   2.82347209   2.85435395
   2.9572847    2.95994575   2.98241231   3.00686975   3.0139564
   3.03984928   3.05819781   3.06475084   3.08863349   3.10431855
   3.12153785   3.14036543   3.14500874   3.21576757   3.24259541
   3.24751822   3.25407419   3.29295272   3.32920958   3.32978343
   3.34942326   3.35578606   3.37052178   3.37528942   3.380637
   3.38104324   3.41179711   3.43632513   3.44885826   3.47104031
   3.47430812   3.48980248   3.49246656   3.53097424   3.56843385
   3.57648885   3.59249009   3.61429632   3.61559279   3.63896089
   3.64975014   3.65508736   3.66694704   3.70002267   3.70283686
   3.71783992   3.72492383   3.74958611   3.75756341   3.7766457
   3.78964853   3.81764671   3.8383402    3.88795392   3.90486746
   3.91838311   3.91935779   3.97228285   3.98994203   4.02193736
   4.08079177   4.08454346   4.0914619    4.09427769   4.10305794
   4.12209455   4.13156208   4.13467366   4.16851691   4.16964623
   4.18091691   4.18387709   4.2102356    4.2179285    4.25348335
   4.25459976   4.32694315   4.32903874   4.34426898   4.35433902
   4.3985487    4.42900766   4.44591565   4.47896428   4.50153245
   4.50327742   4.52884075   4.53572955   4.57086757   4.57228062
   4.59442914   4.60698226   4.63101779   4.63373638   4.65237639
   4.66008841   4.6647221    4.69710647   4.81928676   4.82471478
   4.85174871   4.87915542   4.89016324   4.95461577   4.99011475
   4.99127025   5.00633979   5.04277154   5.10031275   5.10109134
   5.13253657   5.13972067   5.15434284   5.16482791   5.21207839
   5.22783487   5.26065813   5.31488514   5.34065676   5.35617354
   5.38689548   5.49194572   5.50517576   5.56044965   5.56754153
   5.62239806   5.68953177   5.71382245   5.7502491    5.79394627
   5.84308659   5.84980391   5.88891985   5.9928475    6.04361094
   6.08252823   6.1218274    6.15431153   6.25127856   6.30043586
   6.40106035   6.51235682   6.55262106   6.60851283   6.72904772
   6.88726323   7.05745483   7.20232818  23.66937322  24.16604463
  24.31122765  24.32999161  24.39529909  25.15637995  34.18397313]
    CPU time for vj and vk     48.78 sec, wall time     48.79 sec
E_coul = 366.548919457898
cycle= 6 E= -285.840814961923  delta_E= -9.7e-06  |g|= 0.00149  |ddm|= 0.0118
    CPU time for cycle= 6     48.84 sec, wall time     48.85 sec
diis-norm(errvec)=0.00537524
diis-c [ -1.61653352e-05   1.88989125e-03  -2.47956705e-03  -1.11825787e-02
  -7.85967520e-02   2.94204686e-02   1.06094854e+00]
  HOMO = -0.2969858262016  LUMO = 0.123400586313934
  mo_energy =
[-15.55699233 -11.27561396 -11.23346756 -11.23340817 -11.22228293
 -11.22213995 -11.2176945   -1.21319935  -1.12616753  -1.01229237
  -0.98684866  -0.83221525  -0.81011279  -0.70290936  -0.68644751
  -0.64990708  -0.5982333   -0.59545715  -0.58241116  -0.529978
  -0.50360844  -0.49231999  -0.44391953  -0.33682908  -0.29698583
   0.12340059   0.13501361   0.14748533   0.164864     0.17182601
   0.19873763   0.20092874   0.2219764    0.2460574    0.24721251
   0.31288045   0.31836258   0.3266276    0.33556761   0.34370003
   0.34565249   0.37377441   0.38585363   0.39399875   0.39959633
   0.4379289    0.46584281   0.47328614   0.47489586   0.47742761
   0.49953602   0.50458204   0.5406853    0.5448161    0.56223067
   0.56964737   0.5717611    0.58814099   0.58942127   0.6029071
   0.61479622   0.61640313   0.62020906   0.64678171   0.6640018
   0.67426136   0.67563063   0.68892069   0.72007005   0.7367621
   0.79802071   0.82879616   0.82961405   0.85398118   0.85611828
   0.87118997   0.88559176   0.90654576   0.9237593    0.92944756
   0.95632756   0.98922073   0.999278     1.02579517   1.05481611
   1.0860704    1.09987284   1.1242478    1.16246453   1.17480002
   1.18697303   1.19063782   1.19611352   1.20831856   1.21290799
   1.23146947   1.25463112   1.27491311   1.29267563   1.31843841
   1.34146274   1.34790071   1.3965077    1.42158535   1.4246018
   1.46464572   1.46534416   1.48829226   1.49890196   1.52333469
   1.52530744   1.54378772   1.56311977   1.5742681    1.57790306
   1.59034129   1.59643802   1.6406785    1.70941001   1.71527527
   1.72854692   1.73186399   1.73904066   1.77087205   1.81224922
   1.81586581   1.81605118   1.85326436   1.88083389   1.90455754
   1.94039282   1.9635169    1.96748269   1.9835078    2.00332573
   2.02022474   2.03053332   2.07361275   2.09284898   2.17110855
   2.19011716   2.20084522   2.25499643   2.27663904   2.29374876
   2.34734046   2.37069601   2.39269274   2.5073692    2.5267132
   2.5635447    2.59893847   2.60971267   2.67459439   2.68910474
   2.69363458   2.7148253    2.76793341   2.82352755   2.85438453
   2.95737833   2.96002517   2.98243323   3.00687804   3.0140664
   3.03987819   3.05823735   3.0647798    3.08875054   3.10425701
   3.12159435   3.14033765   3.14515734   3.21586426   3.2425061
   3.24757552   3.25428014   3.29301799   3.3293082    3.32984644
   3.3494879    3.35575599   3.37059119   3.37536407   3.38069975   3.38111
   3.4118801    3.43639937   3.44893176   3.4710044    3.47437672
   3.48986575   3.4925571    3.53104224   3.56849713   3.57656051
   3.59252474   3.61436318   3.61564411   3.63897364   3.64982671
   3.65510814   3.66700016   3.70013859   3.70290627   3.71793935
   3.7250108    3.74966483   3.75762515   3.77670202   3.78958104
   3.81773683   3.83837695   3.8880307    3.90488253   3.91839662
   3.919384     3.97234427   3.98995351   4.02201038   4.08085133
   4.08451898   4.09148212   4.09433682   4.10309262   4.12220886
   4.13156197   4.13465514   4.16856729   4.16956561   4.18089998
   4.1839242    4.21023369   4.21799164   4.25355119   4.25466842
   4.32696525   4.32918683   4.34430939   4.35438211   4.39855912
   4.42906535   4.44590929   4.47901653   4.50155957   4.50330372
   4.52880701   4.53584068   4.57083971   4.57237464   4.59444967
   4.60705482   4.6310805    4.6336694    4.65235409   4.66012097
   4.66471684   4.69721582   4.81931448   4.82477562   4.85179112
   4.87925348   4.89021883   4.9545772    4.9900992    4.99120415
   5.00642573   5.04278173   5.10033077   5.10108551   5.13260263
   5.13973852   5.1543029    5.16492055   5.21220595   5.22787071
   5.26072112   5.31487032   5.34068781   5.35619862   5.38695172
   5.49189396   5.50520473   5.56042973   5.56752416   5.62243593
   5.68943757   5.71386296   5.75023448   5.79394824   5.84307638
   5.84983548   5.88898917   5.99294393   6.04371128   6.08255443
   6.12191527   6.1543474    6.25129583   6.30046927   6.40111297
   6.51238527   6.55265936   6.60855966   6.72902168   6.88729484
   7.05749775   7.20237379  23.66966263  24.16653064  24.31124959
  24.32998224  24.39560298  25.15650894  34.18362248]
    CPU time for vj and vk     47.28 sec, wall time     47.28 sec
E_coul = 366.546745424845
cycle= 7 E= -285.840816377101  delta_E= -1.42e-06  |g|= 0.000643  |ddm|= 0.0049
    CPU time for cycle= 7     47.33 sec, wall time     47.34 sec
diis-norm(errvec)=0.00219991
diis-c [ -2.30947041e-06  -6.70683220e-04   2.77708194e-03   7.56561765e-03
  -3.48715615e-02  -1.38064421e-01   1.33513254e-01   1.02975071e+00]
  HOMO = -0.297006799337146  LUMO = 0.123389763849282
  mo_energy =
[-15.55648101 -11.27575576 -11.23350298 -11.23344575 -11.2222521
 -11.22211304 -11.21756364  -1.21309649  -1.12614787  -1.01231641
  -0.9868366   -0.8322241   -0.81010377  -0.70289431  -0.68632531
  -0.64987048  -0.59820817  -0.5954421   -0.5824189   -0.52994611
  -0.503592    -0.49232786  -0.44385632  -0.33682389  -0.2970068
   0.12338976   0.13504643   0.14749041   0.16485363   0.17184022
   0.19872892   0.20093157   0.22196906   0.24607505   0.24720473
   0.31288431   0.31836872   0.32662239   0.33555896   0.34368614
   0.34564092   0.3737743    0.38585583   0.39400724   0.39960012
   0.43795272   0.46584824   0.47328788   0.47489734   0.47744045
   0.49952696   0.50459665   0.54068702   0.54484118   0.56223079
   0.56963364   0.57175938   0.58815069   0.58943415   0.60291478
   0.61483362   0.61640642   0.62021473   0.64683399   0.66399717
   0.67426921   0.67564267   0.68897393   0.72008313   0.73676895
   0.79803358   0.82879838   0.8296559    0.85397074   0.85611286
   0.8711969    0.88560185   0.90654076   0.9237598    0.92943914
   0.95632212   0.98922914   0.99927942   1.02578583   1.05480241
   1.08606913   1.0998932    1.12425389   1.1624632    1.17483427
   1.18698825   1.19064404   1.19610334   1.20833116   1.21292595
   1.23148442   1.25463371   1.27492671   1.29266704   1.31843798
   1.34149442   1.34789668   1.39650616   1.42158708   1.42459358
   1.46466985   1.46535408   1.48829511   1.49891209   1.52332383
   1.52529613   1.54379762   1.56313529   1.57426213   1.57790005
   1.59035909   1.59643935   1.64067308   1.70944478   1.71525692
   1.72856385   1.73187855   1.73906119   1.77090272   1.81223347
   1.81585575   1.81604151   1.85327389   1.88088036   1.90458824
   1.94044774   1.96354538   1.9675526    1.98351331   2.00333354
   2.0202271    2.03055346   2.07359236   2.09284823   2.17113034
   2.19010935   2.20084178   2.25499608   2.27662727   2.29375092
   2.34736888   2.37071722   2.3926898    2.50740673   2.52680521
   2.56355806   2.59892407   2.60969784   2.67466711   2.68909913
   2.69362146   2.71483735   2.76796851   2.82356247   2.8543899
   2.95737176   2.96001794   2.98243928   3.00686818   3.01408731
   3.03987841   3.05822771   3.06479459   3.08874936   3.10426761
   3.12159114   3.14032228   3.14518086   3.21589403   3.24250235
   3.24756982   3.25427469   3.29304753   3.32934142   3.32985718
   3.34950403   3.35576066   3.37058771   3.37536982   3.38069111
   3.38113443   3.41189715   3.43640655   3.44893103   3.47099527
   3.47437039   3.48987193   3.49255678   3.53105613   3.56851586
   3.57658078   3.59252871   3.61439965   3.61567928   3.63898584
   3.64982596   3.65512567   3.66699441   3.70018268   3.70294523
   3.71794735   3.7250085    3.74967058   3.75763248   3.77671133
   3.78958382   3.81775473   3.83838106   3.88802372   3.90490168
   3.91840574   3.91943022   3.97235955   3.98996245   4.02206644
   4.08086744   4.08451016   4.09149111   4.09435068   4.10309114
   4.1222465    4.13155706   4.13464615   4.16857048   4.16956432
   4.18089858   4.18393536   4.21023441   4.21800595   4.25357806
   4.25470842   4.32698213   4.3292411    4.34433435   4.35439892
   4.39857475   4.4291       4.44592092   4.47906852   4.50158475
   4.5033388    4.52880947   4.53586072   4.57083032   4.5723843
   4.59444375   4.60704151   4.63107534   4.63365238   4.65238094
   4.66012663   4.6647408    4.6972168    4.81937797   4.82483106
   4.85188511   4.87928016   4.89021192   4.95458664   4.99011105
   4.99120516   5.00646559   5.04277522   5.1003261    5.10108259
   5.13261755   5.13979026   5.15431501   5.16498867   5.21221973
   5.22801437   5.260773     5.31494092   5.3406825    5.35625459
   5.38699201   5.49195295   5.50524499   5.5605506    5.56751727
   5.62245845   5.68947322   5.71385789   5.75029503   5.79396879
   5.84309291   5.84994314   5.88906408   5.99293746   6.04378147
   6.08261669   6.12203498   6.15436641   6.25144308   6.30051781
   6.40119785   6.51254625   6.55271541   6.60856569   6.72909929
   6.88751787   7.05768499   7.20239916  23.66964487  24.16645032
  24.31122359  24.33005825  24.39562031  25.15651617  34.18410382]
    CPU time for vj and vk     45.96 sec, wall time     45.97 sec
E_coul = 366.546365725567
cycle= 8 E= -285.840816630105  delta_E= -2.53e-07  |g|= 0.000199  |ddm|= 0.00174
    CPU time for cycle= 8     46.02 sec, wall time     46.03 sec
diis-norm(errvec)=0.000709184
diis-c [ -2.85939842e-07  -3.33945487e-04   5.75299526e-04   2.35018386e-03
   8.16516611e-03  -1.11219175e-02  -1.31335839e-01   5.85496369e-02
   1.07315142e+00]
  HOMO = -0.2970326659994  LUMO = 0.123384786857625
  mo_energy =
[-15.5565991  -11.27574966 -11.23355842 -11.23350003 -11.22223731
 -11.22209845 -11.21760322  -1.21312259  -1.12616958  -1.01232515
  -0.98684969  -0.83223114  -0.81011424  -0.70290565  -0.68635123
  -0.64987359  -0.5982193   -0.59545209  -0.58242205  -0.52995933
  -0.50359531  -0.49232987  -0.44388608  -0.3368293   -0.29703267
   0.12338479   0.13504357   0.14748521   0.16484918   0.17184198
   0.1987239    0.20093444   0.22196721   0.24607521   0.24720277
   0.31288446   0.31836707   0.32661815   0.33555665   0.3436851
   0.34563088   0.37377361   0.38585384   0.39400153   0.39959391
   0.43794751   0.46584368   0.47328421   0.47489224   0.4774344
   0.49952389   0.50458988   0.54068066   0.54483207   0.56222802
   0.56962608   0.57175359   0.58814493   0.58943242   0.60290927
   0.61482899   0.61640198   0.62021514   0.64681856   0.66399349
   0.67426347   0.67563529   0.68896884   0.72007862   0.73676277
   0.79802306   0.82879316   0.8296499    0.85396554   0.85610973
   0.87119663   0.88560068   0.90653737   0.923757     0.929435
   0.95632082   0.98922277   0.99927606   1.02577738   1.05479309
   1.08606767   1.09988532   1.12424725   1.16246305   1.17482671
   1.18698269   1.1906452    1.19609776   1.20833015   1.21291457
   1.2314803    1.2546251    1.27492255   1.29266425   1.31844003
   1.3414864    1.34789291   1.39650043   1.42158144   1.42458817
   1.46466208   1.46534642   1.48829812   1.49890521   1.52332024
   1.52529368   1.54379008   1.56312886   1.574261     1.57789316
   1.59035575   1.59643147   1.64066889   1.70943505   1.71524185
   1.72855717   1.73187401   1.7390549    1.7708909    1.81222266
   1.81584977   1.8160352    1.85327118   1.88086978   1.90458172
   1.94043735   1.96353819   1.96753674   1.9835022    2.00332613
   2.02022668   2.0305444    2.0735816    2.09283811   2.17112631
   2.19010438   2.200836     2.2549859    2.27662032   2.29374187
   2.34736212   2.370707     2.39268282   2.50739279   2.52678953
   2.56354798   2.59891503   2.60968906   2.67464831   2.68909266
   2.69360671   2.71482331   2.76795323   2.82354797   2.85437875
   2.95736219   2.96001083   2.98243085   3.00685631   3.0140799
   3.03986945   3.05821732   3.06478135   3.08874388   3.10426275
   3.12159175   3.14031652   3.14517215   3.2158929    3.2424842
   3.24756165   3.25427592   3.2930392    3.32932789   3.3298437
   3.34949479   3.35574773   3.37057908   3.37536382   3.38068701
   3.38112399   3.4118888    3.43640008   3.44892474   3.47098371
   3.47436272   3.48986529   3.49254636   3.53104851   3.56850459
   3.57656907   3.59251691   3.61438792   3.61566745   3.63898134
   3.64981915   3.65511772   3.66699041   3.70017234   3.70293393
   3.71794803   3.72500522   3.74966458   3.75762823   3.77669994
   3.78957265   3.81774097   3.83837807   3.88801752   3.90488999
   3.91839959   3.91942064   3.97235346   3.98995738   4.02205412
   4.08086313   4.08450557   4.09148598   4.09434768   4.10308623
   4.12223937   4.13155454   4.13464162   4.16856456   4.16956252
   4.18089317   4.18392459   4.21024123   4.21800064   4.25357262
   4.25470014   4.32697511   4.32922742   4.34432514   4.35440344
   4.39856992   4.42909401   4.44591255   4.4790517    4.50157999
   4.50333066   4.52880526   4.53585301   4.57082613   4.57237635
   4.59443799   4.60703995   4.63106696   4.63364157   4.65237209
   4.66012265   4.66473382   4.69721844   4.81935898   4.82482092
   4.85186063   4.87927585   4.89020844   4.95458003   4.99010377
   4.99119711   5.00644972   5.04276919   5.10031805   5.10107304
   5.13260774   5.13978106   5.15430026   5.16497499   5.21220964
   5.22798085   5.26076482   5.31492493   5.34068075   5.35623934
   5.38698163   5.49193395   5.50523375   5.5605205    5.56751106
   5.62245404   5.68946066   5.71385587   5.7502761    5.79395669
   5.84308002   5.8499216    5.88904203   5.99292782   6.0437707
   6.08259777   6.12200867   6.15435583   6.2514128    6.30050102
   6.40117463   6.51251315   6.55269692   6.60855821   6.72907696
   6.88746681   7.0576449    7.2023874   23.66963165  24.1664345
  24.31118162  24.33004005  24.39562469  25.1564941   34.18399354]
    CPU time for vj and vk     44.55 sec, wall time     44.55 sec
E_coul = 366.546847584758
cycle= 9 E= -285.840816666373  delta_E= -3.63e-08  |g|= 7.99e-05  |ddm|= 0.000484
    CPU time for cycle= 9     44.61 sec, wall time     44.61 sec
diis-norm(errvec)=0.000297285
diis-c [ -5.98805920e-08   1.31357925e+00  -2.58017064e-05  -4.58106929e-04
   1.17192338e-03   8.50182663e-03   1.14338849e-02  -8.27233905e-02
  -2.51479587e-01]
  HOMO = -0.297030149688495  LUMO = 0.123389706324418
  mo_energy =
[-15.55657996 -11.27574843 -11.23355345 -11.23349589 -11.22223249
 -11.22209356 -11.2175832   -1.21311836  -1.12616299  -1.01232014
  -0.98684233  -0.8322258   -0.81010829  -0.70290075  -0.68634854
  -0.64986637  -0.59821404  -0.59544698  -0.58241758  -0.52995612
  -0.50358678  -0.49232441  -0.44388174  -0.33682758  -0.29703015
   0.12338971   0.13504421   0.1474898    0.16485064   0.17184312
   0.19872321   0.20093809   0.22196836   0.24607613   0.24720501
   0.31288713   0.318369     0.32662111   0.3355594    0.34368732
   0.34563085   0.3737744    0.38585563   0.39400316   0.3995951
   0.43794945   0.46584482   0.47328671   0.47489485   0.47743586
   0.49952538   0.50459158   0.54068291   0.54483208   0.56222939
   0.56962944   0.57175697   0.58814843   0.58943376   0.60291398
   0.61482826   0.61640367   0.62021761   0.64681961   0.66399665
   0.67426883   0.67563798   0.68896994   0.72008128   0.73676477
   0.79802575   0.82879557   0.82964957   0.85396842   0.85611243
   0.87120164   0.88560577   0.90653916   0.92376119   0.92943894
   0.95632318   0.98922502   0.99927915   1.02578086   1.054795
   1.08607267   1.09988669   1.12425003   1.1624674    1.17482605
   1.18698476   1.19064886   1.1961007    1.20833323   1.21291398
   1.23148355   1.25462849   1.2749255    1.29266703   1.31844297
   1.34148932   1.34789613   1.39650332   1.42158395   1.42459247
   1.46466399   1.46534931   1.4883015    1.49890749   1.52332425
   1.52529793   1.54379307   1.5631345    1.57426491   1.57789817
   1.59035829   1.59643364   1.64067274   1.70943642   1.7152441
   1.72855924   1.73188071   1.73905854   1.77089522   1.81222615
   1.81585397   1.81603959   1.85327558   1.8808738    1.9045835
   1.94043904   1.96354074   1.9675381    1.98350776   2.00332915
   2.02023028   2.03055173   2.07358352   2.09284165   2.17113086
   2.19010802   2.20084001   2.25499062   2.27662612   2.29374458
   2.34736579   2.37070962   2.39268741   2.50739739   2.52679135
   2.56355186   2.59892054   2.60969587   2.67465259   2.68909869
   2.69361155   2.7148266    2.76795871   2.82355149   2.8543832
   2.95736805   2.96001541   2.98243742   3.0068624    3.01408568
   3.03987426   3.05821998   3.06478563   3.08874904   3.10427013
   3.12159529   3.14031811   3.14517797   3.21589715   3.24249107
   3.24756619   3.25428021   3.29304342   3.32933121   3.32984909
   3.34949853   3.35575192   3.3705829    3.37536827   3.38068985
   3.38112833   3.41189332   3.43640517   3.44893028   3.47098806
   3.47436848   3.48987186   3.49255098   3.53105313   3.56850843
   3.5765741    3.59251877   3.61438971   3.61566927   3.63898705
   3.6498226    3.65512317   3.66699364   3.70017427   3.70293632
   3.71795348   3.72501025   3.74966874   3.75763208   3.77670293
   3.78957898   3.81774272   3.83838175   3.88802279   3.90489148
   3.9184039    3.91942272   3.97235734   3.98996066   4.02205496
   4.08086621   4.08450811   4.09149083   4.09435138   4.10308938
   4.12224071   4.13155969   4.13464313   4.16856794   4.16956743
   4.18089931   4.18392841   4.21024405   4.21800225   4.25357505
   4.25470077   4.32697685   4.32922841   4.34432646   4.35440935
   4.39857118   4.42909715   4.44591673   4.47905472   4.50158367
   4.50333362   4.5288084    4.53585438   4.57082843   4.57238167
   4.59444511   4.6070459    4.63107133   4.63364334   4.65237649
   4.66012781   4.66473876   4.69722263   4.8193613    4.82482534
   4.85186246   4.8792789    4.89021456   4.95458432   4.99010701
   4.99120141   5.00645352   5.04277269   5.10032231   5.10107769
   5.13261316   5.13978666   5.1543055    5.16498095   5.21221469
   5.22798439   5.26077072   5.31492939   5.34068429   5.35624493
   5.38698504   5.49193806   5.50523781   5.56052554   5.56751461
   5.62245704   5.6894676    5.71385887   5.75028033   5.7939611
   5.84308374   5.84992389   5.88904588   5.99293335   6.04377368
   6.08260255   6.12201193   6.1543617    6.25141535   6.30050554
   6.40117994   6.51251502   6.55270295   6.60856183   6.72908079
   6.88747015   7.05764687   7.20239216  23.66963724  24.16643816
  24.31118616  24.33005334  24.39562944  25.15650111  34.18401099]
    CPU time for vj and vk     43.31 sec, wall time     43.32 sec
E_coul = 366.546702267111
cycle= 10 E= -285.840816675611  delta_E= -9.24e-09  |g|= 4.41e-05  |ddm|= 0.000261
    CPU time for cycle= 10     43.37 sec, wall time     43.38 sec
diis-norm(errvec)=0.000156963
diis-c [ -1.18617687e-08  -2.36561328e-01   1.41252466e+00  -1.16637444e-04
  -1.30958081e-03  -1.25371827e-03   2.13394715e-02   9.72733284e-03
  -2.04350198e-01]
  HOMO = -0.297031909667398  LUMO = 0.123391032966802
  mo_energy =
[-15.55659722 -11.27576824 -11.23356534 -11.23350711 -11.22221482
 -11.22207581 -11.21757662  -1.21312633  -1.12616459  -1.01231831
  -0.98684324  -0.83222643  -0.81010836  -0.70290217  -0.68635509
  -0.64986549  -0.5982164   -0.59544958  -0.58241581  -0.52995873
  -0.50358539  -0.49232466  -0.44388541  -0.33682786  -0.29703191
   0.12339103   0.13504301   0.1474896    0.16485057   0.17184377
   0.19872172   0.20094023   0.22196864   0.24607624   0.24720501
   0.3128874    0.31836903   0.32662057   0.33555967   0.34368831
   0.34562986   0.37377497   0.3858564    0.39400256   0.39959423
   0.43794827   0.46584479   0.4732858    0.47489308   0.47743536
   0.49952542   0.50458991   0.54068265   0.54483073   0.56222934
   0.56962838   0.57175678   0.58814786   0.58943394   0.60291479
   0.61482599   0.61640339   0.62021818   0.64681611   0.66399625
   0.67426981   0.67563755   0.68896784   0.72008072   0.7367636
   0.79802331   0.82879489   0.82964645   0.85396863   0.85611333
   0.87120288   0.88560799   0.9065392    0.92376126   0.92943946
   0.95632347   0.98922372   0.99927898   1.0257796    1.05479249
   1.08607461   1.09988477   1.12424921   1.1624692    1.17482349
   1.18698392   1.19065022   1.19610028   1.20833414   1.21291096
   1.23148377   1.25462719   1.27492481   1.29266781   1.31844426
   1.34148793   1.34789581   1.39650331   1.42158393   1.42459302
   1.46466248   1.46534784   1.48830103   1.49890626   1.52332451
   1.5252981    1.54379255   1.56313484   1.57426561   1.57789907
   1.59035725   1.5964329    1.64067175   1.70943453   1.71523947
   1.72855872   1.73188448   1.7390584    1.77089376   1.81222661
   1.81585441   1.8160399    1.85327723   1.88087263   1.90458185
   1.94043489   1.96353963   1.96753319   1.98350629   2.00333021
   2.02023196   2.03055162   2.07358194   2.09284063   2.17112982
   2.19010881   2.20084057   2.2549895    2.27662711   2.29374297
   2.34736307   2.37070688   2.39268634   2.50739558   2.52678758
   2.56354956   2.59892095   2.60969554   2.67464945   2.68910122
   2.69360931   2.71482465   2.76795823   2.82354873   2.85438138
   2.95736773   2.96001637   2.98243874   3.00686228   3.01408466
   3.03987368   3.0582189    3.06478352   3.08875002   3.10427198
   3.12159749   3.1403172    3.14517582   3.21589848   3.2424904
   3.2475666    3.25428086   3.29304205   3.32932869   3.32984632
   3.3494973    3.35575063   3.37058108   3.375368     3.3806901
   3.38112606   3.41189358   3.43640485   3.44893087   3.4709875
   3.47436855   3.48987232   3.49254984   3.53105303   3.56850646
   3.5765719    3.59251673   3.61438768   3.61566727   3.63898838
   3.64982142   3.65512209   3.66699381   3.7001711    3.70293389
   3.71795554   3.72501181   3.74966792   3.75763279   3.7767       3.78957862
   3.81773865   3.83838299   3.88802274   3.90488929   3.9184034
   3.91942039   3.97235657   3.9899611    4.02205191   4.08086659
   4.08450725   4.0914912    4.09435213   4.10308915   4.12223834
   4.13156085   4.13464281   4.16856685   4.16956862   4.18090013
   4.18392752   4.21024723   4.2180006    4.25357397   4.25469858
   4.32697549   4.32922352   4.34432447   4.3544122    4.39856977
   4.4290963    4.44591703   4.47905212   4.50158373   4.50333245
   4.52880854   4.53585225   4.57082808   4.57237995   4.59444699
   4.60704796   4.63106977   4.63364166   4.65237562   4.66012895
   4.66473912   4.69722404   4.81935739   4.82482445   4.85185728
   4.87927813   4.89021559   4.95458415   4.99010656   4.9912013
   5.00645036   5.04277278   5.10032227   5.10107758   5.13261249
   5.13978589   5.15430456   5.16497938   5.21221322   5.22797735
   5.2607713    5.31492694   5.34068602   5.35624231   5.38698445
   5.49193446   5.50523647   5.56051993   5.5675152    5.62245778
   5.68946732   5.71386027   5.75027778   5.79396058   5.84308217
   5.84991928   5.88904116   5.99293322   6.04377257   6.08259949
   6.12200656   6.15436107   6.25140844   6.30050295   6.40117574
   6.51250681   6.55269965   6.6085621    6.72907608   6.88746058
   7.05763759   7.20239072  23.66963568  24.16642406  24.31117936
  24.3300617   24.39564186  25.15650171  34.1839945 ]
    CPU time for vj and vk     42.72 sec, wall time     42.73 sec
E_coul = 366.546718022084
cycle= 11 E= -285.84081667816  delta_E= -2.55e-09  |g|= 1.32e-05  |ddm|= 0.000162
    CPU time for cycle= 11     42.78 sec, wall time     42.79 sec
diis-norm(errvec)=4.62149e-05
diis-c [ -1.24910679e-09  -1.73884113e-01   1.27397522e-01   1.03100461e+00
  -1.90374019e-04  -1.24666670e-03   1.50566487e-03   1.05113583e-02
   4.90200175e-03]
  HOMO = -0.297031302956017  LUMO = 0.123390990450645
  mo_energy =
[-15.55659748 -11.27576525 -11.23356504 -11.23350728 -11.22221898
 -11.22208016 -11.2175733   -1.2131268   -1.12616464  -1.01231906
  -0.98684296  -0.83222669  -0.81010875  -0.70290236  -0.68635617
  -0.64986555  -0.59821677  -0.59544966  -0.58241662  -0.52995852
  -0.50358527  -0.49232497  -0.44388481  -0.33682864  -0.2970313
   0.12339099   0.1350426    0.14749005   0.16485063   0.17184351
   0.19872137   0.20094058   0.22196868   0.24607588   0.24720505
   0.31288771   0.31836882   0.32662086   0.33555989   0.34368835
   0.34562998   0.37377492   0.38585621   0.39400255   0.39959437
   0.43794796   0.46584469   0.47328579   0.47489331   0.47743525
   0.49952534   0.50459009   0.54068244   0.54483048   0.56222909
   0.56962871   0.57175699   0.58814784   0.58943355   0.60291532
   0.6148255    0.61640304   0.62021819   0.64681524   0.66399624
   0.67427003   0.67563736   0.68896739   0.72008041   0.73676313
   0.7980233    0.82879489   0.82964608   0.8539685    0.85611309
   0.87120352   0.88560829   0.90653903   0.92376107   0.92943943
   0.95632346   0.98922363   0.9992789    1.02577968   1.05479217
   1.08607475   1.09988435   1.12424921   1.16246936   1.17482265
   1.18698378   1.1906501    1.19610022   1.20833394   1.21291049
   1.23148345   1.25462728   1.27492477   1.29266766   1.31844408
   1.34148764   1.34789586   1.39650308   1.42158358   1.42459312
   1.46466212   1.4653478    1.48830094   1.49890607   1.52332451
   1.52529829   1.5437924    1.5631352    1.57426553   1.57789934
   1.59035678   1.59643252   1.64067168   1.70943411   1.71523961
   1.72855824   1.73188455   1.73905797   1.77089397   1.81222611
   1.81585446   1.81604001   1.8532771    1.88087274   1.90458139
   1.9404347    1.9635389    1.96753264   1.9835068    2.00332954
   2.02023167   2.03055224   2.07358203   2.09284015   2.17112983
   2.19010846   2.20084033   2.25498979   2.27662698   2.29374247
   2.34736288   2.37070671   2.3926863    2.50739535   2.52678717
   2.56354937   2.59892067   2.60969555   2.67464915   2.68910098
   2.69360953   2.71482421   2.76795794   2.82354835   2.85438141
   2.95736756   2.96001585   2.98243881   3.00686253   3.01408456
   3.03987373   3.05821824   3.06478336   3.08874948   3.10427258
   3.12159702   3.14031695   3.14517576   3.21589799   3.24249095
   3.24756619   3.25428031   3.29304182   3.32932804   3.32984657
   3.34949691   3.35575051   3.37058099   3.37536772   3.38068951
   3.3811259    3.411893     3.43640473   3.44893069   3.47098747
   3.47436867   3.48987251   3.49254952   3.53105264   3.5685061
   3.57657195   3.59251607   3.61438684   3.61566645   3.63898847
   3.64982102   3.6551224    3.66699347   3.70017045   3.70293325
   3.71795522   3.72501149   3.74966776   3.75763241   3.7766997
   3.78957913   3.81773794   3.83838252   3.88802276   3.90488862
   3.91840341   3.91941987   3.97235635   3.98996073   4.02205091
   4.08086603   4.08450714   4.09149102   4.09435167   4.10308876
   4.1222376    4.13156092   4.13464234   4.16856663   4.16956897
   4.18090056   4.18392712   4.21024696   4.21800012   4.25357351
   4.25469769   4.32697495   4.32922254   4.34432378   4.35441237
   4.39856923   4.4290959    4.44591678   4.47905132   4.50158355
   4.50333211   4.5288084    4.53585144   4.57082781   4.57238015
   4.59444709   4.60704768   4.63106957   4.63364132   4.65237566
   4.66012885   4.66473906   4.69722368   4.81935667   4.82482397
   4.85185624   4.87927772   4.89021561   4.95458415   4.99010624
   4.99120132   5.00644998   5.04277239   5.100322     5.10107741
   5.13261235   5.13978588   5.15430461   5.16497898   5.2122128
   5.22797653   5.26077093   5.3149266    5.3406854    5.35624227
   5.38698363   5.49193435   5.50523615   5.5605197    5.56751491
   5.62245715   5.68946796   5.71385974   5.75027738   5.79396026
   5.84308184   5.8499185    5.88904049   5.99293311   6.0437715
   6.08259913   6.12200532   6.15436117   6.25140756   6.30050261
   6.40117553   6.51250584   6.55269966   6.60856145   6.729076
   6.88745907   7.05763637   7.20239055  23.66963548  24.16642593
  24.31117885  24.33006238  24.3956385   25.15650129  34.18399419]
    CPU time for vj and vk     40.51 sec, wall time     40.52 sec
E_coul = 366.546701987575
cycle= 12 E= -285.84081667836  delta_E= -2e-10  |g|= 5.34e-06  |ddm|= 3.95e-05
    CPU time for cycle= 12     40.57 sec, wall time     40.58 sec
  HOMO = -0.29703139253545  LUMO = 0.123391155211123
  mo_energy =
[-15.55659956 -11.27576856 -11.23356476 -11.23350674 -11.22221728
 -11.2220783  -11.21757309  -1.21312794  -1.12616467  -1.01231871
  -0.98684327  -0.83222685  -0.8101088   -0.70290254  -0.68635672
  -0.64986579  -0.5982169   -0.59544994  -0.58241623  -0.52995876
  -0.50358511  -0.49232494  -0.44388506  -0.3368283   -0.29703139
   0.12339116   0.1350424    0.14748997   0.16485064   0.17184347
   0.1987213    0.20094059   0.22196866   0.24607579   0.24720498
   0.31288765   0.31836874   0.32662082   0.33555992   0.3436885
   0.34563017   0.37377503   0.38585634   0.39400251   0.39959434
   0.43794771   0.46584476   0.4732857    0.47489322   0.47743519
   0.49952538   0.50458985   0.54068235   0.54483027   0.56222908
   0.56962872   0.57175702   0.58814778   0.5894335    0.60291531
   0.61482518   0.61640306   0.62021814   0.64681495   0.66399619
   0.67427015   0.67563733   0.68896704   0.72008032   0.73676305
   0.79802302   0.82879482   0.82964565   0.85396862   0.85611323
   0.87120352   0.88560837   0.90653909   0.92376102   0.92943946
   0.95632346   0.98922354   0.99927889   1.02577965   1.05479202
   1.08607489   1.0998842    1.12424918   1.16246947   1.17482245
   1.18698371   1.19065016   1.19610029   1.208334     1.21291035
   1.23148349   1.25462718   1.27492462   1.2926678    1.31844412
   1.34148745   1.34789581   1.39650318   1.42158369   1.42459324
   1.464662     1.46534768   1.48830058   1.49890587   1.52332455
   1.52529822   1.54379236   1.56313513   1.57426555   1.57789947
   1.59035653   1.59643253   1.64067144   1.7094339    1.71523936
   1.7285582    1.7318849    1.7390579    1.77089374   1.81222655
   1.81585458   1.81604011   1.8532772    1.88087245   1.90458118
   1.94043405   1.9635388    1.96753198   1.98350658   2.00332976
   2.02023183   2.03055211   2.07358211   2.09284025   2.1711295
   2.19010866   2.20084045   2.25498976   2.2766271    2.29374235
   2.34736239   2.37070636   2.39268613   2.50739511   2.52678663
   2.56354904   2.59892084   2.60969555   2.67464867   2.68910136
   2.69360949   2.71482413   2.76795792   2.82354816   2.85438127
   2.95736757   2.96001606   2.98243896   3.00686265   3.01408428
   3.03987367   3.05821837   3.06478319   3.08874961   3.1042727
   3.12159721   3.14031695   3.14517534   3.21589798   3.24249115
   3.2475664    3.25428016   3.29304157   3.32932785   3.32984624
   3.34949683   3.35575057   3.37058078   3.37536769   3.38068966
   3.38112565   3.4118931    3.43640465   3.44893078   3.47098765
   3.4743687    3.48987247   3.49254946   3.53105264   3.56850598
   3.57657167   3.59251612   3.61438675   3.61566636   3.63898855
   3.64982089   3.65512217   3.66699356   3.70017005   3.70293303
   3.71795531   3.72501163   3.74966765   3.75763248   3.77669946
   3.78957918   3.81773766   3.83838266   3.88802272   3.90488853
   3.91840331   3.91941962   3.97235623   3.9899608    4.02205067
   4.08086604   4.08450708   4.09149106   4.09435173   4.10308874
   4.12223732   4.13156093   4.13464234   4.16856651   4.16956897
   4.18090053   4.18392712   4.21024705   4.21799988   4.2535733
   4.2546975    4.3269748    4.32922203   4.34432361   4.35441231
   4.39856906   4.42909574   4.44591684   4.47905116   4.50158343
   4.5033319    4.52880834   4.53585125   4.57082774   4.57237976
   4.59444728   4.60704787   4.63106939   4.6336413    4.65237547
   4.66012886   4.66473899   4.69722359   4.81935631   4.82482372
   4.85185578   4.87927745   4.89021566   4.9545841    4.99010618
   4.99120135   5.00644965   5.04277246   5.10032209   5.10107752
   5.13261224   5.13978557   5.15430465   5.16497863   5.21221257
   5.22797568   5.26077079   5.31492623   5.34068563   5.35624186
   5.38698358   5.49193397   5.50523594   5.56051897   5.56751507
   5.62245719   5.68946783   5.71385989   5.75027716   5.79396032
   5.84308183   5.84991791   5.88904004   5.99293318   6.04377132
   6.08259882   6.12200478   6.15436104   6.25140679   6.3005024
   6.40117494   6.51250491   6.55269923   6.60856165   6.72907546
   6.88745811   7.05763536   7.20239035  23.66963536  24.1664242
  24.3111794   24.33006293  24.39563995  25.15650172  34.1839922 ]
    CPU time for vj and vk     38.35 sec, wall time     38.36 sec
E_coul = 366.546705533657
Extra cycle  E= -285.840816678373  delta_E= -1.31e-11  |g|= 2.48e-06  |ddm|= 1.1e-05
    CPU time for scf_cycle    668.25 sec, wall time    668.67 sec
    CPU time for SCF    668.30 sec, wall time    668.90 sec
converged SCF energy = -285.840816678373
RHF E = -285.840816678
RHF eps = [-15.55659956 -11.27576856 -11.23356476 -11.23350674 -11.22221728
 -11.2220783  -11.21757309  -1.21312794  -1.12616467  -1.01231871
  -0.98684327  -0.83222685  -0.8101088   -0.70290254  -0.68635672
  -0.64986579  -0.5982169   -0.59544994  -0.58241623  -0.52995876
  -0.50358511  -0.49232494  -0.44388506  -0.3368283   -0.29703139
   0.12339116   0.1350424    0.14748997   0.16485064   0.17184347
   0.1987213    0.20094059   0.22196866   0.24607579   0.24720498
   0.31288765   0.31836874   0.32662082   0.33555992   0.3436885
   0.34563017   0.37377503   0.38585634   0.39400251   0.39959434
   0.43794771   0.46584476   0.4732857    0.47489322   0.47743519
   0.49952538   0.50458985   0.54068235   0.54483027   0.56222908
   0.56962872   0.57175702   0.58814778   0.5894335    0.60291531
   0.61482518   0.61640306   0.62021814   0.64681495   0.66399619
   0.67427015   0.67563733   0.68896704   0.72008032   0.73676305
   0.79802302   0.82879482   0.82964565   0.85396862   0.85611323
   0.87120352   0.88560837   0.90653909   0.92376102   0.92943946
   0.95632346   0.98922354   0.99927889   1.02577965   1.05479202
   1.08607489   1.0998842    1.12424918   1.16246947   1.17482245
   1.18698371   1.19065016   1.19610029   1.208334     1.21291035
   1.23148349   1.25462718   1.27492462   1.2926678    1.31844412
   1.34148745   1.34789581   1.39650318   1.42158369   1.42459324
   1.464662     1.46534768   1.48830058   1.49890587   1.52332455
   1.52529822   1.54379236   1.56313513   1.57426555   1.57789947
   1.59035653   1.59643253   1.64067144   1.7094339    1.71523936
   1.7285582    1.7318849    1.7390579    1.77089374   1.81222655
   1.81585458   1.81604011   1.8532772    1.88087245   1.90458118
   1.94043405   1.9635388    1.96753198   1.98350658   2.00332976
   2.02023183   2.03055211   2.07358211   2.09284025   2.1711295
   2.19010866   2.20084045   2.25498976   2.2766271    2.29374235
   2.34736239   2.37070636   2.39268613   2.50739511   2.52678663
   2.56354904   2.59892084   2.60969555   2.67464867   2.68910136
   2.69360949   2.71482413   2.76795792   2.82354816   2.85438127
   2.95736757   2.96001606   2.98243896   3.00686265   3.01408428
   3.03987367   3.05821837   3.06478319   3.08874961   3.1042727
   3.12159721   3.14031695   3.14517534   3.21589798   3.24249115
   3.2475664    3.25428016   3.29304157   3.32932785   3.32984624
   3.34949683   3.35575057   3.37058078   3.37536769   3.38068966
   3.38112565   3.4118931    3.43640465   3.44893078   3.47098765
   3.4743687    3.48987247   3.49254946   3.53105264   3.56850598
   3.57657167   3.59251612   3.61438675   3.61566636   3.63898855
   3.64982089   3.65512217   3.66699356   3.70017005   3.70293303
   3.71795531   3.72501163   3.74966765   3.75763248   3.77669946
   3.78957918   3.81773766   3.83838266   3.88802272   3.90488853
   3.91840331   3.91941962   3.97235623   3.9899608    4.02205067
   4.08086604   4.08450708   4.09149106   4.09435173   4.10308874
   4.12223732   4.13156093   4.13464234   4.16856651   4.16956897
   4.18090053   4.18392712   4.21024705   4.21799988   4.2535733
   4.2546975    4.3269748    4.32922203   4.34432361   4.35441231
   4.39856906   4.42909574   4.44591684   4.47905116   4.50158343
   4.5033319    4.52880834   4.53585125   4.57082774   4.57237976
   4.59444728   4.60704787   4.63106939   4.6336413    4.65237547
   4.66012886   4.66473899   4.69722359   4.81935631   4.82482372
   4.85185578   4.87927745   4.89021566   4.9545841    4.99010618
   4.99120135   5.00644965   5.04277246   5.10032209   5.10107752
   5.13261224   5.13978557   5.15430465   5.16497863   5.21221257
   5.22797568   5.26077079   5.31492623   5.34068563   5.35624186
   5.38698358   5.49193397   5.50523594   5.56051897   5.56751507
   5.62245719   5.68946783   5.71385989   5.75027716   5.79396032
   5.84308183   5.84991791   5.88904004   5.99293318   6.04377132
   6.08259882   6.12200478   6.15436104   6.25140679   6.3005024
   6.40117494   6.51250491   6.55269923   6.60856165   6.72907546
   6.88745811   7.05763536   7.20239035  23.66963536  24.1664242
  24.3111794   24.33006293  24.39563995  25.15650172  34.1839922 ]
    CPU time for vj and vk     54.55 sec, wall time     54.57 sec
    CPU time for transforming oopq, ovpq    622.04 sec, wall time    636.22 sec
    CPU time for GW integral transformation    676.68 sec, wall time    690.87 sec

******** <class 'pyscf.gw.gf2.GF2'> flags ********
method = GF2
GF2 nocc = 25, nvir = 290
use perturbative linearized QP eqn = False
use diagonal approximation for sigma = True
  HOMO = -0.283315676172465  LUMO = 0.0557455231201884
  GW mo_energy =
[-14.88552629 -10.74437857 -10.70517745 -10.70512973 -10.68918415
 -10.68906061 -10.68627202  -1.68001019  -0.92736589  -0.8315669
  -0.81261244  -0.69764244  -0.68007618  -0.60513953  -0.59679668
  -0.5623707   -0.50010854  -0.50888605  -0.49917321  -0.45159265
  -0.42915781  -0.41970979  -0.37860888  -0.32722254  -0.28331568
   0.05574552   0.09195137   0.08066364   0.12032499   0.1339095
   0.1635198    0.16202792   0.19012779   0.20677743   0.19336312
   0.23565558   0.25996303   0.26701512   0.28680898   0.29358437
   0.27576943   0.31172578   0.32191194   0.32244775   0.32986159
   0.35325353   0.38554599   0.39158149   0.40771366   0.39558926
   0.43103491   0.41064748   0.44892778   0.46427889   0.4859501
   0.48105686   0.453376     0.49496261   0.5076194    0.51275531
   0.54305055   0.61649609   0.53633226   0.53617329   0.5642637
   0.56123252   0.57212822   0.60170497   0.62356701   0.61356716
   0.65733424   0.71664906   0.74650644   0.74969446   0.75132983
   0.76138853   0.75369127   0.78678713   0.74476412   0.78709343
   0.86064148   0.87960312   0.9014494    0.87404692   0.91122655
   0.94674893   0.99323271   1.12430364   0.99994453   1.08802099
   1.05942871   1.04634146   1.04595835   1.07610129   1.13231614
   1.10314049   1.13766519   1.27515144   1.1819877    1.2006887
   1.20012918   1.23456118   1.23898242   1.38669759   1.39924206
   1.46399573   1.33488637   1.48837627   1.3796171    1.44238117
   1.5523703    1.35926851   1.3873761    1.57410162   1.38636505
   1.44677835   1.48228986   1.64092725   1.5677898    1.71678356
   1.55425854   1.57714112   1.73542755   1.59657657   1.5939322
   1.81392134   1.56838728   1.85460061   1.75729757   1.84728762
   1.90600103   1.96495136   1.96733767   1.98379396   1.9526152
   1.92746436   2.03079039   2.07276849   2.09315924   2.1714462
   2.1904708    2.06348503   2.13661604   2.24438784   2.12905087
   2.3476967    2.16901821   2.39313923   2.50774537   2.37018384
   2.56373853   2.59311062   2.36774687   2.67495643   2.68929773
   2.69376244   2.7153164    2.76279191   2.82357472   2.85476373
   2.96108242   2.8195123    2.83382435   2.88759227   2.86104178
   3.04041993   2.88045531   3.06402537   3.08874041   3.10367442
   2.98493804   3.12767499   3.06020989   3.21650831   3.07470911
   3.07997286   3.12050334   3.14301368   3.32811083   3.08678202
   3.35001437   3.22652251   3.19423358   3.3767366    3.2139693
   3.2856085    3.21490606   3.23172752   3.34906696   3.29818425
   3.28895055   3.47770307   3.31312988   3.53118561   3.56733631
   3.46853528   3.58928158   3.62636308   3.52923591   3.40037392
   3.58144131   3.52567898   3.45707827   3.57446751   3.55440445
   3.71835934   3.56500641   3.58253567   3.75344584   3.77455166
   3.78957368   3.66782696   3.83814      3.66467027   3.91225643
   3.91837619   3.91034637   3.9728976    3.99075957   4.02260518
   4.08114589   4.07800163   4.09090737   3.94139071   4.10382731
   4.12458913   3.94288139   3.97618985   4.06221209   3.99542936
   4.04058459   4.18391887   4.06356278   4.11028331   4.1223817
   4.08702131   4.24061486   4.32587202   4.34467404   4.35408716
   4.19583214   4.24086192   4.18622422   4.47947466   4.50190463
   4.3885345    4.5295071    4.41977037   4.55848901   4.57226168
   4.45048748   4.60404081   4.63123166   4.63530861   4.64612924
   4.37734973   4.47511698   4.49609247   4.80824645   4.82521407
   4.76529128   4.74693432   4.89055604   4.9547249    4.99165726
   4.9903263    5.00230506   5.04344384   5.10092492   5.10168761
   4.92835037   5.13850994   5.16202676   5.15497508   5.20037962
   5.05663758   4.94770849   5.31365988   5.35097043   5.18353772
   5.35677306   5.48795348   5.50522183   5.55581482   5.56822098
   5.50541463   5.58844669   5.71452864   5.75026642   5.69024292
   5.78293167   5.84807956   5.78345578   5.99363545   6.04469896
   6.08321451   6.05792695   6.1543447    6.25208202   6.30011774
   6.39987958   6.5152536    6.55261229   6.60983889   6.49755599
   6.87263494   7.00664114   7.20321569  23.28278615  24.14597241
  23.80141423  23.8346408   23.88647883  25.15543437  33.56689799]
    CPU time for GF2   2548.24 sec, wall time   2551.54 sec
    CPU time for vj and vk     54.69 sec, wall time     54.70 sec
    CPU time for transforming oopq, ovpq    623.85 sec, wall time    639.73 sec
    CPU time for GW integral transformation    678.62 sec, wall time    694.50 sec

******** <class 'pyscf.gw.gf2.GF2'> flags ********
method = GF2
GF2 nocc = 25, nvir = 290
use perturbative linearized QP eqn = False
use diagonal approximation for sigma = True
  HOMO = -0.283315676172465  LUMO = 0.0557455231201884
  GW mo_energy =
[ 0.          0.          0.          0.          0.          0.          0.
  0.          0.          0.          0.          0.          0.          0.
  0.          0.          0.          0.          0.          0.          0.
  0.          0.          0.         -0.28331568  0.05574552  0.          0.
  0.          0.          0.          0.          0.          0.          0.
  0.          0.          0.          0.          0.          0.          0.
  0.          0.          0.          0.          0.          0.          0.
  0.          0.          0.          0.          0.          0.          0.
  0.          0.          0.          0.          0.          0.          0.
  0.          0.          0.          0.          0.          0.          0.
  0.          0.          0.          0.          0.          0.          0.
  0.          0.          0.          0.          0.          0.          0.
  0.          0.          0.          0.          0.          0.          0.
  0.          0.          0.          0.          0.          0.          0.
  0.          0.          0.          0.          0.          0.          0.
  0.          0.          0.          0.          0.          0.          0.
  0.          0.          0.          0.          0.          0.          0.
  0.          0.          0.          0.          0.          0.          0.
  0.          0.          0.          0.          0.          0.          0.
  0.          0.          0.          0.          0.          0.          0.
  0.          0.          0.          0.          0.          0.          0.
  0.          0.          0.          0.          0.          0.          0.
  0.          0.          0.          0.          0.          0.          0.
  0.          0.          0.          0.          0.          0.          0.
  0.          0.          0.          0.          0.          0.          0.
  0.          0.          0.          0.          0.          0.          0.
  0.          0.          0.          0.          0.          0.          0.
  0.          0.          0.          0.          0.          0.          0.
  0.          0.          0.          0.          0.          0.          0.
  0.          0.          0.          0.          0.          0.          0.
  0.          0.          0.          0.          0.          0.          0.
  0.          0.          0.          0.          0.          0.          0.
  0.          0.          0.          0.          0.          0.          0.
  0.          0.          0.          0.          0.          0.          0.
  0.          0.          0.          0.          0.          0.          0.
  0.          0.          0.          0.          0.          0.          0.
  0.          0.          0.          0.          0.          0.          0.
  0.          0.          0.          0.          0.          0.          0.
  0.          0.          0.          0.          0.          0.          0.
  0.          0.          0.          0.          0.          0.          0.
  0.          0.          0.          0.          0.          0.          0.
  0.          0.          0.          0.          0.          0.          0.
  0.          0.          0.          0.          0.          0.          0.
  0.          0.          0.          0.          0.          0.          0.
  0.          0.          0.          0.          0.          0.          0.        ]
    CPU time for GF2      3.10 sec, wall time      4.39 sec
IP root 0 E =  -0.283315676172
EA root 0 E =  0.0557455231202
