

******** <class 'pyscf.scf.hf.RHF'> flags ********
method = RHF
initial guess = minao
damping factor = 0
level shift factor = 0
DIIS = <class 'pyscf.scf.diis.CDIIS'>
DIIS start cycle = 1
DIIS space = 8
SCF tol = 1e-09
SCF gradient tol = None
max. SCF cycles = 50
direct_scf = True
direct_scf_tol = 1e-13
chkfile to save SCF result = /tmp/tmp6hhOJp
max_memory 4000 MB (current use 76 MB)
Set gradient conv threshold to 3.16228e-05
Nelec from initial guess = 49.9974960915
cond(S) = 1022490.82467
    CPU time for vj and vk     50.13 sec, wall time     50.13 sec
E_coul = 369.140102814499
init E= -308.261202882996
    CPU time for initialize scf     50.24 sec, wall time     50.41 sec
  HOMO = -0.269995794944879  LUMO = -0.0115251953310191
  mo_energy =
[ -2.07813359e+01  -1.14927603e+01  -1.14873889e+01  -1.14749303e+01
  -1.14721826e+01  -1.14702934e+01  -1.14692790e+01  -1.86850200e+00
  -1.64780266e+00  -1.38186229e+00  -1.30158943e+00  -9.88299285e-01
  -9.26157228e-01  -7.72703871e-01  -6.93928162e-01  -6.40006852e-01
  -5.84719696e-01  -5.67781645e-01  -5.24902564e-01  -5.03313280e-01
  -4.53116381e-01  -4.21363902e-01  -3.83581229e-01  -3.02917293e-01
  -2.69995795e-01  -1.15251953e-02   2.23644875e-02   9.72122825e-02
   1.01436579e-01   1.51171259e-01   1.59788061e-01   1.79194279e-01
   1.93598655e-01   2.08595439e-01   2.09392143e-01   2.47572029e-01
   2.78036850e-01   2.94615579e-01   3.01311632e-01   3.13875848e-01
   3.18167206e-01   3.32234903e-01   3.37144591e-01   3.46805750e-01
   3.58847290e-01   4.00316048e-01   4.14966949e-01   4.15625065e-01
   4.24251568e-01   4.32625095e-01   4.50600132e-01   4.66243294e-01
   4.75178395e-01   4.98275614e-01   5.09087260e-01   5.13940608e-01
   5.21750343e-01   5.44296238e-01   5.50907911e-01   5.68923549e-01
   5.85621946e-01   5.89791583e-01   5.94367224e-01   5.96705587e-01
   6.19474544e-01   6.71010369e-01   6.85182134e-01   7.31044248e-01
   7.41957691e-01   7.51956155e-01   7.65226658e-01   8.04233026e-01
   8.06828359e-01   8.20298840e-01   8.39170309e-01   8.40387384e-01
   8.72796211e-01   8.73407903e-01   9.29968374e-01   9.43741639e-01
   9.55116106e-01   9.58118629e-01   9.80760218e-01   1.00853880e+00
   1.01733538e+00   1.06738267e+00   1.09719396e+00   1.11782563e+00
   1.13329652e+00   1.13697953e+00   1.14299564e+00   1.18390538e+00
   1.20007640e+00   1.22553502e+00   1.24869793e+00   1.26424419e+00
   1.28932901e+00   1.29537485e+00   1.33690310e+00   1.34563427e+00
   1.37924516e+00   1.38999513e+00   1.39534197e+00   1.44579598e+00
   1.45483579e+00   1.46940848e+00   1.47034041e+00   1.47632102e+00
   1.49984133e+00   1.52773950e+00   1.53573666e+00   1.57512860e+00
   1.60201594e+00   1.60566544e+00   1.63713307e+00   1.65586578e+00
   1.69161861e+00   1.69490479e+00   1.70720960e+00   1.73085621e+00
   1.73602896e+00   1.74722013e+00   1.78885186e+00   1.86186309e+00
   1.87005277e+00   1.88969433e+00   1.91038950e+00   1.96841343e+00
   1.97753244e+00   2.01429625e+00   2.04513069e+00   2.09119757e+00
   2.09736007e+00   2.10718677e+00   2.11530359e+00   2.12025817e+00
   2.14661959e+00   2.18610424e+00   2.22319183e+00   2.26885947e+00
   2.32919114e+00   2.39124032e+00   2.42612481e+00   2.44070595e+00
   2.49284960e+00   2.50586008e+00   2.52985898e+00   2.57448326e+00
   2.59273002e+00   2.63052601e+00   2.65861694e+00   2.68991528e+00
   2.77969631e+00   2.82165430e+00   2.84195323e+00   2.86753544e+00
   2.87294236e+00   2.91406341e+00   2.94131081e+00   2.94980947e+00
   2.98252557e+00   2.98492590e+00   3.01751068e+00   3.03933283e+00
   3.07691121e+00   3.10534601e+00   3.11538186e+00   3.11607817e+00
   3.12306595e+00   3.13719612e+00   3.17725369e+00   3.20454232e+00
   3.22637031e+00   3.24768670e+00   3.26532909e+00   3.27786662e+00
   3.28273768e+00   3.29044645e+00   3.30982213e+00   3.33141879e+00
   3.34811448e+00   3.34878315e+00   3.36187611e+00   3.37325482e+00
   3.40472868e+00   3.42478486e+00   3.44577308e+00   3.50061027e+00
   3.52066436e+00   3.52619296e+00   3.53123059e+00   3.54952589e+00
   3.56677602e+00   3.56986364e+00   3.59985101e+00   3.60420739e+00
   3.62235971e+00   3.63820405e+00   3.66443627e+00   3.69843140e+00
   3.71026574e+00   3.72641963e+00   3.72719472e+00   3.74653247e+00
   3.78869243e+00   3.81236907e+00   3.82744612e+00   3.87564302e+00
   3.88002276e+00   3.92933978e+00   3.95924876e+00   3.99080503e+00
   4.00820454e+00   4.01431158e+00   4.01749662e+00   4.02889527e+00
   4.05140079e+00   4.06248647e+00   4.07814533e+00   4.08422436e+00
   4.11623877e+00   4.13250989e+00   4.14083295e+00   4.16518947e+00
   4.18837729e+00   4.21712309e+00   4.29675796e+00   4.30216741e+00
   4.31442818e+00   4.35324734e+00   4.36443068e+00   4.39154234e+00
   4.40127458e+00   4.43671056e+00   4.47316543e+00   4.49516080e+00
   4.49819495e+00   4.50877659e+00   4.52350654e+00   4.54691089e+00
   4.56211853e+00   4.56779451e+00   4.58531242e+00   4.60143185e+00
   4.67248651e+00   4.71875867e+00   4.80958156e+00   4.81509467e+00
   4.83894863e+00   4.86862783e+00   4.90253919e+00   4.90271657e+00
   4.93363872e+00   4.98781343e+00   4.98984700e+00   5.00835147e+00
   5.03905198e+00   5.04183065e+00   5.06322051e+00   5.10433082e+00
   5.14064843e+00   5.25120057e+00   5.26069214e+00   5.29979831e+00
   5.31386130e+00   5.34027718e+00   5.48273513e+00   5.48860752e+00
   5.55046143e+00   5.57884604e+00   5.61873940e+00   5.63307216e+00
   5.66784964e+00   5.69093897e+00   5.77629214e+00   5.86898839e+00
   5.91951721e+00   5.96938047e+00   6.04890462e+00   6.10992688e+00
   6.17435941e+00   6.23732412e+00   6.42127377e+00   6.51759483e+00
   6.64931565e+00   6.82292459e+00   6.97355491e+00   7.00472738e+00
   7.11342321e+00   7.19125671e+00   7.30370425e+00   7.43657449e+00
   7.85079712e+00   7.93252234e+00   2.34299716e+01   2.39988580e+01
   2.40817162e+01   2.41388757e+01   2.43533558e+01   2.50249948e+01
   4.54995874e+01]
    CPU time for vj and vk     50.91 sec, wall time     50.92 sec
E_coul = 378.594721547845
cycle= 1 E= -305.583396861611  delta_E= 2.68  |g|= 0.56  |ddm|=  3.5
    CPU time for cycle= 1     50.97 sec, wall time     50.98 sec
diis-norm(errvec)=1.92489
diis-c [-3.70520953  1.        ]
  HOMO = -0.307305715536926  LUMO = 0.118907001356537
  mo_energy =
[-20.43176529 -11.33569071 -11.22649017 -11.21730726 -11.20793547
 -11.18310351 -11.16570424  -1.37413883  -1.13911648  -1.01510693
  -0.99800578  -0.84831771  -0.80824896  -0.72397412  -0.67065334
  -0.64147136  -0.6009333   -0.57316846  -0.5677634   -0.52636995
  -0.49354217  -0.47218372  -0.46094933  -0.33352215  -0.30730572
   0.118907     0.12885519   0.15157906   0.15801339   0.18208684
   0.19277389   0.2151535    0.21777043   0.25433325   0.31335799
   0.31855466   0.32102764   0.33442355   0.34242533   0.34746057
   0.36605872   0.3761088    0.39170613   0.39715597   0.42640534
   0.47068359   0.47247912   0.47719958   0.48333643   0.49935535
   0.53180192   0.53640776   0.54268083   0.56552016   0.57370293
   0.57932946   0.59474394   0.61413287   0.61969852   0.62946829
   0.62971084   0.65681526   0.67446559   0.68096076   0.68846206
   0.73622218   0.74116235   0.80160881   0.80212591   0.81726803
   0.84238857   0.85532127   0.88899435   0.8933003    0.90789854
   0.92188877   0.93020405   0.94596006   0.97385924   0.99039401
   1.02608383   1.03180741   1.04186888   1.0940714    1.10349944
   1.13472695   1.16023593   1.16860236   1.1982464    1.20427592
   1.2154771    1.25493654   1.25693196   1.28653436   1.30070005
   1.30110786   1.33722089   1.342824     1.40435182   1.42822919
   1.44310973   1.45042078   1.474859     1.50272992   1.52493204
   1.53919404   1.53989358   1.54812122   1.57417158   1.59034866
   1.5944388    1.6428715    1.66806929   1.71057853   1.72052342
   1.73223532   1.76542466   1.79044824   1.80474086   1.81485485
   1.81801757   1.82526552   1.85985184   1.96201444   1.97502047
   1.99523961   2.00497123   2.04671476   2.06304572   2.07275938
   2.15005447   2.17540393   2.18154991   2.204862     2.22031734
   2.22120419   2.26119487   2.29172036   2.324349     2.37666083
   2.43716343   2.44481441   2.5268489    2.5580826    2.61335392
   2.63978331   2.65500726   2.70066291   2.71359591   2.73853955
   2.75907061   2.81573651   2.9047998    2.95425978   2.96469618
   2.97697201   3.00246883   3.03133475   3.05039828   3.06760337
   3.07721909   3.10038669   3.10689304   3.11521028   3.1489071
   3.21586071   3.21800502   3.23055719   3.23916461   3.24787174
   3.29681064   3.32102241   3.34074187   3.36361624   3.37311572
   3.37533425   3.38670552   3.4068573    3.41591707   3.44634144
   3.45988602   3.46303194   3.47143053   3.47306107   3.50723908
   3.523263     3.55702341   3.60235824   3.60361359   3.62719428
   3.64073991   3.64968964   3.66047894   3.67530493   3.69165133
   3.69406409   3.72162854   3.72869893   3.74905318   3.77798121
   3.80823716   3.81469093   3.8155585    3.83294544   3.87006069
   3.90657909   3.90771113   3.93154517   3.96006118   4.00775423
   4.02977628   4.04756544   4.08041174   4.09769534   4.10069466
   4.12248003   4.12542856   4.14616972   4.14651576   4.16843792
   4.17476287   4.19450932   4.21142625   4.23930397   4.27307503
   4.2873997    4.3259865    4.36698723   4.37350429   4.42458338
   4.42552876   4.47353267   4.51155058   4.52107459   4.55500507
   4.56635504   4.58837054   4.6065728    4.61358839   4.62429212
   4.63705301   4.65720721   4.68228653   4.68885417   4.76738782
   4.80432282   4.89460562   4.91430181   4.93030978   4.97735825
   4.98413322   4.98783172   5.01212434   5.09164109   5.10983509
   5.11346496   5.14388357   5.16431196   5.18356159   5.233304
   5.23726114   5.32753257   5.34908286   5.38645087   5.40567444
   5.42450196   5.58069578   5.59287849   5.65284591   5.6865081
   5.71754758   5.75256512   5.79036918   5.80618561   5.91680817
   6.03316254   6.04580279   6.10003176   6.17912466   6.24613702
   6.31404502   6.4119416    6.54804223   6.64918125   6.79846625
   7.02706204   7.13799901   7.15815221   7.34650579   7.42100488
   7.45535747   7.65266999   8.04641862   8.06996691  23.65769628
  24.21546604  24.32846323  24.376928    24.60726616  25.26815669
  45.82704842]
    CPU time for vj and vk     50.08 sec, wall time     50.08 sec
E_coul = 376.686621451672
cycle= 2 E= -305.661473085921  delta_E= -0.0781  |g|= 0.221  |ddm|= 0.708
    CPU time for cycle= 2     50.13 sec, wall time     50.14 sec
diis-norm(errvec)=0.696024
diis-c [-0.43867734  0.10584488  0.89415512]
  HOMO = -0.327884269923235  LUMO = 0.10983888587034
  mo_energy =
[-20.65853141 -11.27608494 -11.25681642 -11.25171567 -11.24870115
 -11.23432885 -11.22521883  -1.42685937  -1.16373101  -1.03612202
  -1.01352048  -0.86188461  -0.82698453  -0.74881708  -0.69223381
  -0.66332113  -0.62408624  -0.60949861  -0.59133131  -0.57844645
  -0.5189146   -0.49812361  -0.49533009  -0.35043731  -0.32788427
   0.10983889   0.13923452   0.13992736   0.15874633   0.18195282
   0.19517804   0.21089339   0.22288471   0.24680842   0.30422833
   0.31569127   0.321984     0.33223131   0.33726244   0.33778802
   0.36445993   0.37039376   0.38799438   0.38992245   0.41728222
   0.46423713   0.46613987   0.47063788   0.47949899   0.49493575
   0.52203554   0.52952846   0.54683704   0.56272579   0.56564009
   0.56750824   0.59466527   0.60792145   0.61064045   0.61420565
   0.62702165   0.65270408   0.66393301   0.66793046   0.67327457
   0.71917348   0.7366657    0.79326713   0.79691519   0.81032121
   0.83210654   0.85155867   0.87948587   0.88666288   0.90714077
   0.91310156   0.92042848   0.93505332   0.97327942   0.991275
   1.00752359   1.02584726   1.0267396    1.07880188   1.09045028
   1.12316229   1.15811039   1.1620091    1.18819959   1.1938145
   1.20800815   1.24579322   1.24883196   1.27703264   1.29245724
   1.30581052   1.33482382   1.33920227   1.39704294   1.41441168
   1.43619423   1.44499899   1.46304339   1.49820424   1.5194173
   1.52806382   1.53363936   1.5375463    1.56498389   1.58043275
   1.58792375   1.64086446   1.66164994   1.70024348   1.71590449
   1.72104623   1.76523639   1.78039788   1.79425003   1.79436431
   1.80104147   1.81450849   1.849124     1.95281491   1.96020848
   1.9713516    1.99078497   2.03203544   2.05344685   2.05953018
   2.12461662   2.16749027   2.17365968   2.17710493   2.18735193
   2.1983006    2.24701373   2.272622     2.30964677   2.35257833
   2.4147703    2.44166185   2.51706304   2.53995547   2.59223057
   2.61663033   2.63472831   2.68311422   2.69626508   2.7223366
   2.74342558   2.79369851   2.88538221   2.92722863   2.94664123
   2.96375496   2.97159422   3.00725118   3.03891006   3.04466812
   3.06497808   3.08824928   3.09391645   3.11230039   3.14895327
   3.20206848   3.20986087   3.21636831   3.22213554   3.22686269
   3.26884547   3.30262779   3.32208262   3.34647039   3.35553347
   3.36941044   3.37654762   3.39221243   3.39734081   3.43170492
   3.44822749   3.44967963   3.45958529   3.46399747   3.49684472
   3.51142505   3.54048662   3.59029056   3.60001886   3.6086031
   3.62186206   3.64267194   3.65277851   3.66189835   3.68530992
   3.68843355   3.70253131   3.72328428   3.73867425   3.77024432
   3.79677407   3.80406205   3.80453225   3.82241894   3.86849258
   3.89993988   3.92011109   3.92213175   3.95407907   4.00958862
   4.0271099    4.04332563   4.08230963   4.09168548   4.09325003
   4.1196061    4.13515883   4.14063793   4.14173857   4.16673177
   4.1777037    4.20846856   4.21293997   4.22291712   4.26793303
   4.28578307   4.3281867    4.36870331   4.37785808   4.41880124
   4.43035439   4.4731767    4.50055454   4.51811402   4.54040242
   4.57157289   4.58818475   4.58979826   4.60584851   4.62702875
   4.6307116    4.65329004   4.66802816   4.685278     4.76060558
   4.79367639   4.89204977   4.90436386   4.91597323   4.96724691
   4.98100409   4.98235229   5.01215376   5.08507377   5.09205174
   5.10501588   5.13017213   5.14169626   5.16873562   5.21083385
   5.22734367   5.3246794    5.34512852   5.37945455   5.40252048
   5.41718785   5.57970696   5.5892732    5.64716481   5.66987453
   5.71760544   5.74025957   5.775077     5.79704239   5.89728314
   5.97497198   6.03506461   6.08659481   6.16171551   6.22293273
   6.28850944   6.34692401   6.53633115   6.63048307   6.76266602
   6.93773576   7.07316118   7.1120031    7.23899678   7.3189102
   7.40049227   7.5547051    7.95982123   8.01570577  23.64050595
  24.20666236  24.29318533  24.35094109  24.57445211  25.24013771
  45.61308492]
    CPU time for vj and vk     49.65 sec, wall time     49.65 sec
E_coul = 377.698061040631
cycle= 3 E= -305.6707336099  delta_E= -0.00926  |g|= 0.0976  |ddm|= 0.329
    CPU time for cycle= 3     49.71 sec, wall time     49.71 sec
diis-norm(errvec)=0.280295
diis-c [-0.01726483 -0.09403519  0.19655368  0.89748151]
  HOMO = -0.322455995548685  LUMO = 0.113526809414799
  mo_energy =
[-20.57298069 -11.29163894 -11.24460999 -11.24215541 -11.23649815
 -11.22636155 -11.21760607  -1.40308652  -1.15660321  -1.02933183
  -1.0085403   -0.85610304  -0.81957543  -0.73806676  -0.68401321
  -0.65651544  -0.61951582  -0.59305554  -0.58975732  -0.56536625
  -0.51606576  -0.49636566  -0.4849584   -0.34530148  -0.322456
   0.11352681   0.14047789   0.14495221   0.16155315   0.18344896
   0.19670613   0.213342     0.22335379   0.24726386   0.30675804
   0.31738309   0.32473055   0.33366346   0.3376769    0.34036827
   0.36626205   0.37163698   0.39005376   0.39338477   0.42173974
   0.46625745   0.47022273   0.47302087   0.48108178   0.49613532
   0.52727603   0.53313273   0.54985643   0.56434881   0.56899994
   0.57159621   0.59722442   0.61242492   0.61615787   0.61718669
   0.63006859   0.65378782   0.66925599   0.67256738   0.67855896
   0.7245942    0.73758254   0.79652809   0.79868498   0.81404785
   0.83723864   0.85344271   0.88343687   0.88939591   0.90888025
   0.91784974   0.92414147   0.93919086   0.97507637   0.99390507
   1.01213738   1.02849412   1.02997878   1.08225224   1.09479606
   1.12756778   1.16037048   1.16445119   1.18997093   1.19806116
   1.20999534   1.2498479    1.25054947   1.28104984   1.29452869
   1.30693091   1.33846222   1.34140953   1.39918902   1.4199032
   1.43991477   1.44813929   1.46598216   1.50119087   1.52312682
   1.53142331   1.53646264   1.53969417   1.56886279   1.58231875
   1.59083084   1.64297611   1.66418055   1.70394176   1.71899492
   1.72328135   1.76761476   1.78396188   1.79701532   1.79939453
   1.80419109   1.81948082   1.85232034   1.95715093   1.96249257
   1.97578208   1.9944886    2.03733202   2.05788273   2.06331936
   2.13352604   2.1701838    2.17885923   2.1836978    2.20010518
   2.20518967   2.24930755   2.27921263   2.31415913   2.36199127
   2.41973247   2.44689074   2.51998913   2.54629224   2.59836654
   2.62184093   2.64086872   2.6872101    2.70033958   2.72860364
   2.75158234   2.80240544   2.89154694   2.93556734   2.95160656
   2.96888033   2.97844123   3.01646794   3.04130157   3.05032282
   3.07203053   3.09032115   3.10071642   3.11531517   3.15378417
   3.20876211   3.21169486   3.22367179   3.22739123   3.23106607
   3.2780445    3.30980526   3.32712206   3.35406353   3.36190385
   3.37241495   3.38098928   3.40094514   3.40377015   3.43504721
   3.45292206   3.45592335   3.46281527   3.4682629    3.50277189
   3.51405857   3.54554091   3.59567182   3.60546959   3.61599796
   3.63070067   3.64671531   3.65800012   3.6666156    3.68967729
   3.69315153   3.71052381   3.72634854   3.74404844   3.77538708
   3.80288457   3.80987501   3.80992959   3.82889122   3.87436781
   3.90375158   3.92760277   3.92853282   3.96058789   4.0142641
   4.03291858   4.04891733   4.085815     4.09692398   4.09912459
   4.12506991   4.1400521    4.14391158   4.14638036   4.17003654
   4.18236489   4.21240628   4.21631368   4.23020472   4.27337394
   4.29064605   4.33737143   4.37491683   4.37995404   4.42413938
   4.43480115   4.47873505   4.5085866    4.52394351   4.54644755
   4.57743182   4.59161071   4.59474651   4.60728846   4.63271486
   4.63706908   4.65903685   4.6717145    4.68977302   4.76623327
   4.801311     4.89767904   4.90625787   4.92602671   4.97377104
   4.98605966   4.98822366   5.01696969   5.08988112   5.10102843
   5.10888962   5.13946308   5.14915282   5.17547511   5.2208104
   5.23227133   5.3342727    5.34931868   5.38993057   5.40812619
   5.42452021   5.58547096   5.59568909   5.65537881   5.67829762
   5.72290808   5.74882205   5.78438373   5.80259252   5.90410457
   5.99947259   6.04049462   6.09396463   6.17001821   6.23507886
   6.30145297   6.37189089   6.54386646   6.64066485   6.77787135
   6.97767253   7.10410392   7.12716586   7.27796582   7.35759454
   7.42421444   7.59104478   7.99916995   8.0403186   23.64340036
  24.21135813  24.30105777  24.35661277  24.58010025  25.24725256
  45.69379632]
    CPU time for vj and vk     48.81 sec, wall time     48.82 sec
E_coul = 377.454355163037
cycle= 4 E= -305.672646129884  delta_E= -0.00191  |g|= 0.0177  |ddm|= 0.144
    CPU time for cycle= 4     48.87 sec, wall time     48.88 sec
diis-norm(errvec)=0.0585825
diis-c [-0.00133247 -0.02823751  0.01325103  0.21806062  0.79692586]
  HOMO = -0.320911063003746  LUMO = 0.115304815967723
  mo_energy =
[-20.58200594 -11.28779195 -11.24017452 -11.23937852 -11.23177205
 -11.22705337 -11.21378547  -1.40527615  -1.153656    -1.02677235
  -1.00645353  -0.8548139   -0.81854929  -0.73804875  -0.68337168
  -0.65586116  -0.61896855  -0.59363382  -0.58843599  -0.56590665
  -0.51557841  -0.49571258  -0.48411113  -0.34273053  -0.32091106
   0.11530482   0.14053814   0.1462663    0.16139816   0.18333914
   0.1966775    0.21328373   0.22326597   0.24835065   0.30699062
   0.31854958   0.32494886   0.33353267   0.33822161   0.34143487
   0.36669044   0.37270902   0.39107796   0.39394736   0.42208941
   0.46735012   0.4709722    0.47380004   0.48154391   0.49685288
   0.52814139   0.53361061   0.55075394   0.56531892   0.57004304
   0.5718631    0.59780559   0.61259045   0.61705617   0.6174702
   0.63010796   0.65463299   0.6697695    0.67332468   0.67939565
   0.72499388   0.73884806   0.79707644   0.79968761   0.8146281
   0.83751433   0.854416     0.88386071   0.89010756   0.90927699
   0.91775064   0.92561043   0.94013044   0.97535348   0.99398876
   1.01302034   1.02932252   1.03129446   1.08356375   1.09574747
   1.12773786   1.16108785   1.16528099   1.19129733   1.19831584
   1.21096348   1.25046475   1.25154967   1.28150485   1.2955797
   1.30717574   1.3389882    1.34153517   1.40030228   1.41996209
   1.4401942    1.44837725   1.46694962   1.50144407   1.52338426
   1.53238189   1.53746865   1.54084281   1.56952437   1.58358314
   1.5914508    1.64401399   1.66510033   1.70456932   1.72145834
   1.72419053   1.7685109    1.78457077   1.79805489   1.80091404
   1.80569856   1.8197646    1.85318361   1.9575322    1.9644662
   1.97799237   1.99612802   2.03792753   2.05849262   2.06377513
   2.13383236   2.17093622   2.17995593   2.18391446   2.19972239
   2.20597774   2.25132852   2.27969758   2.31527129   2.36209465
   2.42133107   2.4470026    2.52142433   2.54705552   2.59974238
   2.62418406   2.64229229   2.68934221   2.70210731   2.72973875
   2.75177951   2.8031084    2.89335494   2.93707797   2.95325317
   2.9705552    2.98075323   3.01719488   3.04343134   3.05159494
   3.07243425   3.09323227   3.10102863   3.11637135   3.15451122
   3.20984014   3.21420594   3.22470533   3.22819446   3.2324267
   3.27889664   3.31148026   3.32875624   3.35480396   3.36266822
   3.37412225   3.38222242   3.40167698   3.40431172   3.43701512
   3.45420776   3.45669209   3.46476105   3.4690254    3.50326715
   3.51595167   3.54675457   3.59714767   3.60584637   3.61691348
   3.63139032   3.64764702   3.65845045   3.6683069    3.69165668
   3.69336941   3.71152856   3.72725411   3.74537339   3.77601628
   3.80447638   3.81037733   3.81065037   3.82943798   3.87470813
   3.90504904   3.92797347   3.92822867   3.96067495   4.01523133
   4.03350531   4.04965035   4.08595481   4.09766251   4.09913538
   4.12568415   4.14010266   4.145689     4.14692734   4.17142551
   4.18272269   4.21259387   4.21753177   4.23086314   4.27451344
   4.29123989   4.33639787   4.37480983   4.38126762   4.42496061
   4.43530236   4.47911803   4.50922773   4.52419306   4.54716181
   4.57724308   4.59296765   4.59625353   4.60911283   4.63330135
   4.63701774   4.65953522   4.67303647   4.69110962   4.7674388
   4.8018642    4.89807665   4.90774112   4.925974     4.97494395
   4.98634521   4.98890267   5.01748815   5.09128593   5.10185684
   5.11025518   5.13955965   5.15035124   5.1766482    5.2217571
   5.23351217   5.3341037    5.35046995   5.38966951   5.40855757
   5.4250092    5.58610602   5.59657477   5.655152     5.6785088
   5.72372727   5.749342     5.78494206   5.80392118   5.90583559
   5.99725519   6.04228      6.09565299   6.171107     6.23508203
   6.30130105   6.37025446   6.54504448   6.64107216   6.77786159
   6.97345266   7.10168474   7.12660335   7.27463818   7.35432288
   7.42236605   7.58809565   7.99529068   8.0381051   23.64707444
  24.21366304  24.30405417  24.35892202  24.58407518  25.24990834
  45.6853623 ]
    CPU time for vj and vk     47.39 sec, wall time     47.40 sec
E_coul = 377.412798735794
cycle= 5 E= -305.672725286696  delta_E= -7.92e-05  |g|= 0.00409  |ddm|= 0.0214
    CPU time for cycle= 5     47.45 sec, wall time     47.46 sec
diis-norm(errvec)=0.0143764
diis-c [ -1.15483114e-04   3.15406366e-03  -1.24874647e-02  -3.90968031e-02
   9.01389853e-02   9.58291219e-01]
  HOMO = -0.321571519530038  LUMO = 0.114721713842276
  mo_energy =
[-20.58273083 -11.28928406 -11.24216551 -11.23966363 -11.23466925
 -11.22759363 -11.21577052  -1.40577824  -1.1546642   -1.02775749
  -1.0072396   -0.85556253  -0.81928852  -0.73866845  -0.68395882
  -0.65660039  -0.6197377   -0.59425945  -0.58931496  -0.5664942
  -0.51642832  -0.49657679  -0.48472674  -0.34341979  -0.32157152
   0.11472171   0.14028971   0.14574989   0.16126157   0.18320364
   0.19657816   0.21326953   0.22310036   0.248022     0.30682703
   0.31823812   0.32473161   0.33335948   0.33795423   0.34115844
   0.36644022   0.37246378   0.39083879   0.39356589   0.42186669
   0.46703992   0.47051341   0.47356786   0.48127928   0.49654021
   0.52771502   0.53327076   0.5503411    0.56483994   0.56965861
   0.57163711   0.59739889   0.61232127   0.6165574    0.61719271
   0.62974889   0.65426473   0.66934199   0.67281915   0.67882549
   0.72470279   0.73834029   0.79680725   0.79912521   0.8143079
   0.83714077   0.85393334   0.88361315   0.88975099   0.9089789
   0.91742819   0.92499438   0.93948971   0.97490769   0.9936413
   1.01267641   1.02877495   1.03066947   1.08293833   1.09512351
   1.12731557   1.16076331   1.16474302   1.19079606   1.19795368
   1.21045265   1.24998103   1.25109061   1.28109508   1.29509313
   1.30677382   1.33847813   1.34111726   1.39976765   1.41957727
   1.43970959   1.44794926   1.46635227   1.50104349   1.52296228
   1.53185297   1.53692643   1.5403218    1.56900314   1.58303058
   1.59093102   1.64338153   1.66456853   1.70404234   1.72067212
   1.72365461   1.76779378   1.78408434   1.79751465   1.80015363
   1.80511863   1.81940829   1.85273124   1.95702779   1.96379045
   1.97708537   1.99537418   2.03742806   2.05799529   2.06325918
   2.13331825   2.17034835   2.17923834   2.18346936   2.19934819
   2.20536034   2.25042323   2.27912315   2.31457213   2.36159439
   2.42066987   2.44650131   2.52068428   2.54639993   2.59892592
   2.62319428   2.64147438   2.68840417   2.70122991   2.72901219
   2.75121025   2.80235198   2.89251755   2.93621671   2.95248006
   2.96973095   2.97977934   3.01651166   3.04247844   3.05084094
   3.07193393   3.09217472   3.10061118   3.11570074   3.15401969
   3.20915419   3.21325117   3.22399874   3.22756215   3.23158387
   3.27814825   3.31075844   3.32797171   3.35414589   3.36199496
   3.37331138   3.38142265   3.40102251   3.40362974   3.43619583
   3.45339952   3.45595458   3.46383567   3.4683678    3.50252412
   3.51507579   3.54604473   3.59642235   3.60529592   3.61621652
   3.63067928   3.64697322   3.65790382   3.66753234   3.69085146
   3.69275966   3.71087615   3.72657222   3.74458157   3.77530792
   3.80367712   3.80976492   3.80995796   3.82879156   3.87402501
   3.90425707   3.92744321   3.92758316   3.96007671   4.01460228
   4.03286003   4.04897921   4.08547761   4.09702929   4.09874019
   4.12499108   4.13975258   4.14484648   4.14637783   4.17069222
   4.1823607    4.21228852   4.21679409   4.23019039   4.2738656
   4.29055471   4.33591443   4.37441674   4.38064752   4.42439083
   4.43477526   4.47860648   4.50845297   4.52376387   4.54650678
   4.57680479   4.59217311   4.59546259   4.60825941   4.63272566
   4.63658092   4.65899845   4.67219449   4.69036622   4.76667946
   4.80124821   4.89751996   4.90697471   4.92536469   4.97420925
   4.98576078   4.98828466   5.01684299   5.0904842    5.10109694
   5.10948313   5.13888387   5.14956232   5.1758852    5.22088957
   5.23290345   5.33344287   5.34973688   5.38899189   5.40788063
   5.42428757   5.58547937   5.59588263   5.65474969   5.67791499
   5.72305954   5.7486861    5.78421286   5.80307531   5.9049473
   5.9967935    6.04139243   6.09474485   6.17032732   6.2344009
   6.30069909   6.3697167    6.54416965   6.64026897   6.77713835
   6.97302425   7.10145515   7.12587106   7.27438654   7.35403994
   7.42169702   7.5877069    7.99480978   8.03758391  23.6455023
  24.21222678  24.30267966  24.357626    24.58236522  25.24843352
  45.68467704]
    CPU time for vj and vk     45.93 sec, wall time     45.94 sec
E_coul = 377.430528313072
cycle= 6 E= -305.672734044443  delta_E= -8.76e-06  |g|= 0.00148  |ddm|= 0.00927
    CPU time for cycle= 6     45.99 sec, wall time     45.99 sec
diis-norm(errvec)=0.00534087
diis-c [ -1.87219618e-05   2.39999222e-03  -2.61921146e-04  -1.77522497e-02
  -8.00785146e-02  -3.50247250e-02   1.13071742e+00]
  HOMO = -0.321495696423368  LUMO = 0.114826321762736
  mo_energy =
[-20.5820183  -11.28875726 -11.24176709 -11.2399224  -11.23418255
 -11.22768494 -11.21535783  -1.40539546  -1.15452203  -1.02759953
  -1.00714488  -0.85542975  -0.81916742  -0.73846968  -0.68385502
  -0.6564539   -0.61967978  -0.59404123  -0.58926593  -0.5663474
  -0.51638093  -0.49650626  -0.48460778  -0.34323782  -0.3214957
   0.11482632   0.14041689   0.14585954   0.16122829   0.18316867
   0.19657738   0.21323149   0.22310689   0.24808898   0.30683703
   0.31835298   0.32474266   0.33333586   0.33797747   0.34120154
   0.36648401   0.37253738   0.39092347   0.39364935   0.42190202
   0.46711614   0.47058939   0.47364741   0.48132946   0.49659259
   0.52783764   0.53331859   0.55038112   0.56489467   0.5697418
   0.57160796   0.59744249   0.61234624   0.61660652   0.61723312
   0.62981201   0.65435875   0.66938124   0.672929     0.67885346
   0.72478324   0.73844692   0.79689774   0.79927318   0.8143767
   0.83718467   0.85397183   0.88366362   0.88979876   0.90900713
   0.91747129   0.92506432   0.93960466   0.97498738   0.99370365
   1.01280017   1.02885068   1.03073229   1.08301185   1.09518782
   1.12735699   1.1608017    1.16478341   1.19085943   1.19793967
   1.21053376   1.2500323    1.25116944   1.28115855   1.2951313
   1.30680805   1.33863225   1.34112307   1.39980381   1.41955255
   1.43976655   1.4479736    1.46648711   1.50108154   1.52298127
   1.53192288   1.53695292   1.54039984   1.56902453   1.58308076
   1.59099214   1.64351038   1.66465036   1.70408939   1.72081089
   1.72369678   1.76791917   1.784195     1.79755538   1.80025527
   1.80518937   1.81942076   1.85279212   1.95713038   1.96389497
   1.97724167   1.99548962   2.0374837    2.05798213   2.06329429
   2.13343659   2.17044109   2.17934515   2.18368591   2.19953317
   2.20548723   2.25055289   2.27911888   2.31465423   2.36173933
   2.42079118   2.44666859   2.52087503   2.54651931   2.59900997
   2.62329883   2.64156943   2.68851682   2.70131897   2.72917727
   2.75127308   2.80244958   2.89264941   2.93634123   2.95255487
   2.96986819   2.979964     3.01657483   3.04258417   3.05091309
   3.0719546    3.09233236   3.1006254    3.11573575   3.15405147
   3.20931345   3.21344638   3.22407401   3.22763836   3.23164725
   3.27832233   3.31091997   3.32809729   3.35421379   3.36199704
   3.37340285   3.38152666   3.40110407   3.40375509   3.43629121
   3.45348764   3.45604481   3.46398527   3.46840466   3.50266763
   3.51519544   3.5461383    3.59652178   3.60534816   3.61629258
   3.630811     3.64704606   3.65794311   3.66764354   3.69099174
   3.69289882   3.71097627   3.7266658    3.74472162   3.77547083
   3.80380177   3.80982964   3.81000081   3.82883064   3.87414503
   3.90437709   3.92757159   3.92766912   3.96013896   4.0146934
   4.03299487   4.04906899   4.08548307   4.09705392   4.09871496
   4.12508834   4.13969959   4.14498438   4.14637783   4.17077502
   4.18235407   4.21227828   4.21691627   4.23022614   4.2739278
   4.2906346    4.33610794   4.37440488   4.38073018   4.42442234
   4.4348441    4.47864238   4.50856163   4.52373308   4.54655177
   4.57678055   4.59230431   4.59552697   4.60838016   4.63279579
   4.63657137   4.65900916   4.67227543   4.69045525   4.76680357
   4.80135302   4.89755189   4.90709878   4.92552406   4.97429353
   4.98574304   4.98836025   5.01695186   5.09058598   5.10120666
   5.10955498   5.1390313    5.14960031   5.17593497   5.22110589
   5.23297852   5.33361247   5.3497766    5.38918391   5.40792866
   5.42438305   5.58549528   5.59595842   5.65471366   5.67792979
   5.72311034   5.74876509   5.78431053   5.8031799    5.90505506
   5.99713717   6.04153347   6.09490972   6.17037734   6.23451246
   6.30076743   6.37002551   6.54430324   6.64042252   6.77734293
   6.97343651   7.10174322   7.12604958   7.27472983   7.35441758
   7.42198442   7.58800738   7.99516244   8.03786477  23.64577188
  24.2125456   24.3028077   24.35773826  24.58266868  25.24868865
  45.68534859]
    CPU time for vj and vk     44.76 sec, wall time     44.76 sec
E_coul = 377.425707546679
cycle= 7 E= -305.672735914905  delta_E= -1.87e-06  |g|= 0.000679  |ddm|= 0.00407
    CPU time for cycle= 7     44.82 sec, wall time     44.82 sec
diis-norm(errvec)=0.00240233
diis-c [ -4.16561498e-06  -4.75460598e-04   1.76966014e-03   5.97361541e-03
  -1.47323415e-02  -1.29931731e-01   2.14505974e-02   1.11594566e+00]
  HOMO = -0.321505569101489  LUMO = 0.114853210062397
  mo_energy =
[-20.58239692 -11.28896297 -11.24189436 -11.23974884 -11.23415303
 -11.22738067 -11.21521526  -1.40557924  -1.1544993   -1.02759405
  -1.00711278  -0.8554385   -0.81916776  -0.73852598  -0.68383462
  -0.65647271  -0.61967631  -0.59419375  -0.58924047  -0.56639541
  -0.51633522  -0.49649056  -0.48461726  -0.34321237  -0.32150557
   0.11485321   0.14039967   0.14587965   0.16123753   0.18316637
   0.19659611   0.21323969   0.22310317   0.24808695   0.30683469
   0.3183677    0.32475367   0.33335151   0.33798567   0.34121146
   0.3664842    0.3725542    0.39092531   0.39364375   0.42190771
   0.46713161   0.47058345   0.47365729   0.48132783   0.49659033
   0.52781446   0.53330511   0.55038936   0.56489301   0.56975968
   0.5716466    0.59745014   0.61235713   0.61658727   0.61723767
   0.62979001   0.65435287   0.66941494   0.67292752   0.67887602
   0.72473794   0.73843425   0.79687664   0.79925193   0.81436636
   0.83718765   0.85398732   0.8836806    0.88983632   0.90901097
   0.91748841   0.92508134   0.9396126    0.97498402   0.99369995
   1.01274879   1.02882301   1.03074218   1.08302753   1.09519546
   1.12737077   1.16083764   1.16480761   1.1908763    1.19796992
   1.21054636   1.25003894   1.25116557   1.28117134   1.2951447
   1.30681967   1.33860333   1.34113052   1.39982234   1.41959706
   1.4397741    1.4479947    1.46646382   1.50109535   1.52299222
   1.53193682   1.53697478   1.54042847   1.56905126   1.58309349
   1.59098967   1.64351007   1.66464989   1.70408163   1.72086475
   1.72370808   1.76790635   1.78418466   1.79757476   1.80027429
   1.80523159   1.81946183   1.85282533   1.95710415   1.9639298
   1.97725838   1.99550098   2.03749046   2.05800797   2.06332044
   2.13340665   2.17044227   2.17934073   2.18357887   2.1994472
   2.20545694   2.25054873   2.27917528   2.31466474   2.36169294
   2.42079342   2.44663331   2.52082456   2.54650694   2.59902552
   2.62332645   2.64159262   2.68855185   2.70134133   2.72916604
   2.75128706   2.80245636   2.89263957   2.93633506   2.95259172
   2.96986714   2.97994431   3.01659707   3.0425914    3.05093595
   3.07197457   3.09234262   3.10067788   3.11574485   3.15407873
   3.2092931    3.2134345    3.22410543   3.22764435   3.23167873
   3.2783094    3.31089142   3.32810311   3.35425165   3.36203069
   3.37343003   3.38154146   3.40111261   3.40376888   3.43631679
   3.45350992   3.45605997   3.46399572   3.46842877   3.50265605
   3.51520704   3.54614442   3.59653662   3.60536391   3.61631806
   3.63079517   3.6470626    3.65797951   3.66766518   3.69101717
   3.69288228   3.71098992   3.72666217   3.74471995   3.77543529
   3.80379384   3.80984943   3.81002008   3.82885221   3.87416138
   3.90439615   3.92757394   3.92767283   3.96013995   4.01470391
   4.03300245   4.04908335   4.08548976   4.09707549   4.0987584
   4.12509945   4.13971876   4.14499325   4.14639761   4.17079032
   4.1824012    4.21230115   4.21691584   4.23025676   4.27394898
   4.29063577   4.33606272   4.37443049   4.38074897   4.42443698
   4.43486498   4.47866814   4.50857538   4.52376616   4.54656845
   4.57679603   4.59231505   4.59556425   4.60840401   4.63280989
   4.63658928   4.6590414    4.67228824   4.69047153   4.766798
   4.80135757   4.89756927   4.90711911   4.92549087   4.97430299
   4.98576019   4.98835888   5.01694312   5.09060135   5.10121996
   5.10956187   5.1389984    5.14964623   5.17596738   5.22106114
   5.23305201   5.33360638   5.34979399   5.38915934   5.407933
   5.42439719   5.58553087   5.59598027   5.65478351   5.6779494    5.723135
   5.74879238   5.78430329   5.80319797   5.90508735   5.9969612
   6.04153479   6.09491455   6.17041753   6.23450734   6.30077049
   6.36983941   6.54431061   6.64040782   6.7772654    6.97323126
   7.1015527    7.12601474   7.27450467   7.35419534   7.42183105
   7.58778185   7.99495138   8.0377236   23.64580112  24.21252595
  24.30291168  24.35780693  24.58273761  25.24873833  45.68498759]
    CPU time for vj and vk     43.86 sec, wall time     43.87 sec
E_coul = 377.426462415653
cycle= 8 E= -305.672736366485  delta_E= -4.52e-07  |g|= 0.000326  |ddm|= 0.00135
    CPU time for cycle= 8     43.92 sec, wall time     43.93 sec
diis-norm(errvec)=0.00120156
diis-c [ -6.89976088e-07  -6.25548294e-04   4.70552385e-04   5.40898315e-03
   1.30291851e-02  -1.89024035e-02  -2.56119261e-01   1.45678894e-01
   1.11105960e+00]
  HOMO = -0.321534602055554  LUMO = 0.114836723664746
  mo_energy =
[-20.58226202 -11.28890317 -11.24196888 -11.23992739 -11.23409985
 -11.22747899 -11.21524339  -1.40552703  -1.15452809  -1.0276122
  -1.00714159  -0.85544989  -0.81918099  -0.73851813  -0.68383255
  -0.65646836  -0.61969881  -0.59416205  -0.58926288  -0.56637743
  -0.51635338  -0.49649949  -0.48463217  -0.34323467  -0.3215346
   0.11483672   0.14041306   0.14586892   0.16122518   0.18315807
   0.19660035   0.21324026   0.22310084   0.24808495   0.30682724
   0.31837207   0.32474979   0.33333856   0.33797761   0.34118628
   0.36648388   0.37254369   0.3909193    0.39364282   0.42190668
   0.46712032   0.47058093   0.47364951   0.48132589   0.49658528
   0.52782079   0.53330072   0.55038192   0.56488609   0.56974646
   0.57162569   0.59744237   0.61234976   0.61657772   0.61723569
   0.62978947   0.65435817   0.66939941   0.67293115   0.67885102
   0.72474214   0.73843692   0.79688096   0.79925238   0.81436875
   0.83717674   0.85397322   0.88367859   0.88983525   0.90900252
   0.91747437   0.92506851   0.93961681   0.97498135   0.99369484
   1.01276269   1.02881445   1.03072456   1.08300988   1.09518476
   1.12736219   1.1608406    1.16479795   1.19086031   1.19794259
   1.21053565   1.25002253   1.25116726   1.28117548   1.29512956
   1.30681653   1.33861682   1.34112032   1.3998074    1.4195679
   1.43976058   1.44798011   1.46646176   1.50109547   1.52298082
   1.53192448   1.53696058   1.54042185   1.56903262   1.58307935
   1.59098835   1.64351625   1.66464821   1.70405064   1.72085419
   1.72369709   1.76790436   1.78418498   1.79755673   1.80024248
   1.80520625   1.81944596   1.85282034   1.95710586   1.9639074
   1.97723418   1.99550063   2.03748089   2.0579811    2.0633092
   2.13340765   2.17043431   2.1793326    2.18360525   2.19947574
   2.20545929   2.25052899   2.27914088   2.31465073   2.3617053
   2.42078141   2.44665082   2.52083593   2.54650056   2.5989988
   2.62329593   2.64156831   2.68853135   2.70131427   2.72917428
   2.75126816   2.80243953   2.89263406   2.93631621   2.95256564
   2.96986095   2.97994406   3.01657711   3.04256965   3.05091096
   3.07195899   3.09232751   3.10066712   3.11572336   3.15407555
   3.20929705   3.21343405   3.22408154   3.22763643   3.23163864
   3.27831858   3.31090425   3.3280923    3.35423259   3.36198753
   3.37341618   3.38152604   3.40110427   3.40375781   3.43629758
   3.45348886   3.45603802   3.46398334   3.4683962    3.50264016
   3.51519131   3.54613072   3.59652606   3.60535252   3.6162987
   3.63079468   3.64704638   3.65796062   3.66765983   3.69102614
   3.69288243   3.71098505   3.72664999   3.7447133    3.77543367
   3.80379173   3.80983387   3.80999568   3.82882766   3.87414994
   3.9043853    3.9275703    3.92766737   3.96012166   4.0147015
   4.0330024    4.04907757   4.08547425   4.09705421   4.09874391
   4.12508701   4.13970587   4.14499022   4.14637836   4.17078506
   4.18240279   4.21230915   4.21691752   4.23022993   4.27394522
   4.29062457   4.33607382   4.37441958   4.38075362   4.42442792
   4.43486475   4.47865987   4.50855193   4.52374728   4.54654567
   4.57677567   4.59231001   4.59554187   4.60839439   4.63280783
   4.63657509   4.65902631   4.67226393   4.69046729   4.76680061
   4.8013611    4.89755704   4.9071169    4.92549795   4.97429468
   4.98573034   4.98835772   5.01694858   5.09059015   5.1012013
   5.10955103   5.13899837   5.14961295   5.17593951   5.22107397
   5.23305878   5.33361599   5.34977767   5.38917515   5.4079119
   5.42438507   5.58550674   5.59597199   5.65475782   5.67792536
   5.72311973   5.74878159   5.78428969   5.80318417   5.90506391
   5.99700819   6.04153096   6.09491997   6.17038757   6.23449295
   6.30075485   6.36989657   6.54430019   6.64039837   6.77728482
   6.97329898   7.10162065   7.12601573   7.27457854   7.35426809
   7.42187637   7.5878568    7.9950219    8.03777105  23.64577289
  24.21250307  24.30284744  24.3577365   24.58271274  25.24869918
  45.68511609]
    CPU time for vj and vk     43.22 sec, wall time     43.22 sec
E_coul = 377.426550206316
cycle= 9 E= -305.672736491542  delta_E= -1.25e-07  |g|= 0.000134  |ddm|= 0.000802
    CPU time for cycle= 9     43.28 sec, wall time     43.28 sec
diis-norm(errvec)=0.000477442
diis-c [ -1.03272813e-07   1.18409913e+00  -1.12704505e-04  -4.95170569e-04
   4.45049327e-04   2.17667771e-02   2.68519989e-02  -2.32323194e-01
  -2.31890761e-04]
  HOMO = -0.321531129000635  LUMO = 0.11484548216262
  mo_energy =
[-20.58231144 -11.28892636 -11.2419412  -11.23990402 -11.23409845
 -11.22744585 -11.215219    -1.40554977  -1.15451649  -1.02760133
  -1.00713151  -0.85544489  -0.81917396  -0.73852503  -0.68382455
  -0.65646445  -0.61969208  -0.59417142  -0.58925423  -0.5663798
  -0.51633946  -0.49649185  -0.48462671  -0.34323088  -0.32153113
   0.11484548   0.14041062   0.14587734   0.16122778   0.18315882
   0.19660522   0.21324178   0.22310225   0.24808793   0.30682878
   0.31837696   0.3247525    0.33334251   0.33798128   0.34118626
   0.36648546   0.37254509   0.39092021   0.39364335   0.42190815
   0.46712336   0.47058274   0.47365086   0.48132763   0.49658679
   0.52781994   0.53330074   0.55038586   0.56489041   0.56975051
   0.5716322    0.59744544   0.61235341   0.61658187   0.61723833
   0.62978774   0.65435963   0.66940677   0.67293225   0.67885817
   0.72473961   0.73843854   0.7968796    0.79925264   0.81436885
   0.83717965   0.85397752   0.88368266   0.88984349   0.90900429
   0.9174779    0.92507451   0.93961934   0.97498357   0.99369375
   1.01275765   1.02881488   1.03072985   1.08301557   1.09518961
   1.12736657   1.16084883   1.16480444   1.19086526   1.19794888
   1.21054087   1.25002704   1.25117025   1.28117932   1.2951344
   1.30681934   1.33861404   1.34112513   1.39981293   1.41957653
   1.43976561   1.44798551   1.46646335   1.50110048   1.52298448
   1.53192981   1.5369664    1.54043083   1.5690405    1.58308526
   1.59099105   1.64351957   1.66465182   1.70405422   1.7208643
   1.72370208   1.76790637   1.78418771   1.797563     1.80025272
   1.80521284   1.81945501   1.85282855   1.95710494   1.96391418
   1.9772443    1.9955059    2.03748559   2.05798757   2.06331667
   2.13340716   2.17043751   2.17933644   2.18359536   2.19946575
   2.20546045   2.25053704   2.27915286   2.3146556    2.36170165
   2.4207869    2.44664594   2.52083438   2.54650239   2.59900729
   2.62330748   2.64157755   2.6885424    2.70132243   2.7291751
   2.75127336   2.80244593   2.89263814   2.93632282   2.95257623
   2.9698659    2.97994885   3.01658637   3.0425778    3.05091836
   3.07196312   3.09233659   3.10067717   3.11572819   3.1540812
   3.20929668   3.21343787   3.22408844   3.22764122   3.23165236
   3.27832143   3.31090354   3.32809842   3.35424236   3.36199585
   3.3734237    3.38153407   3.40110913   3.40376386   3.43630445
   3.45349768   3.45604378   3.46399068   3.4684053    3.50264115
   3.51519878   3.54613552   3.5965304    3.60535683   3.6163072
   3.63079691   3.64705242   3.65796874   3.66766699   3.6910348
   3.69287971   3.71098936   3.7266532    3.74471615   3.77543203
   3.80379568   3.80983856   3.81000405   3.8288309    3.87415421
   3.90439215   3.92757044   3.92766842   3.96012391   4.01470494
   4.03300402   4.04908341   4.08547853   4.09706169   4.09875014
   4.12509059   4.13970855   4.14499646   4.14638487   4.1707917
   4.18241285   4.21231202   4.21692076   4.23023779   4.27394961
   4.29062699   4.33606449   4.37442304   4.38075961   4.42443401
   4.43486976   4.47866388   4.50855647   4.52375459   4.54655222
   4.57677977   4.59231445   4.59555448   4.60840386   4.63281222
   4.6365806    4.65903467   4.67227264   4.69047284   4.76680196
   4.80136428   4.89756227   4.90712468   4.92549604   4.97429854
   4.98573704   4.98836044   5.01695077   5.09059687   5.10120781
   5.10955486   5.13899792   5.14962616   5.17594905   5.22107146
   5.23307282   5.33361542   5.34978398   5.38917137   5.40791733
   5.42438825   5.58551373   5.59597865   5.65476937   5.67793253
   5.72312564   5.74878768   5.78429319   5.80319045   5.9050732
   5.99698948   6.0415357    6.09492337   6.17039764   6.2344959
   6.30075995   6.36987653   6.54430522   6.64039998   6.77727947
   6.97327188   7.10159662   7.12601383   7.27455098   7.3542415
   7.42186064   7.58783176   7.99499617   8.03775207  23.64578362
  24.21251224  24.30286753  24.35775092  24.58272659  25.24871309
  45.68506904]
    CPU time for vj and vk     42.09 sec, wall time     42.10 sec
E_coul = 377.426444172725
cycle= 10 E= -305.67273651103  delta_E= -1.95e-08  |g|= 5.28e-05  |ddm|= 0.000418
    CPU time for cycle= 10     42.16 sec, wall time     42.16 sec
diis-norm(errvec)=0.000175592
diis-c [ -1.58827085e-08  -1.79169027e-01   1.26413320e+00  -1.01379333e-04
  -8.56875383e-04   6.53739489e-05   1.82091181e-02  -2.02646161e-02
  -8.20157986e-02]
  HOMO = -0.321530861258508  LUMO = 0.114845740301446
  mo_energy =
[-20.58231397 -11.2889437  -11.24197505 -11.23991634 -11.23407746
 -11.22743263 -11.21519686  -1.40555456  -1.15451674  -1.02760236
  -1.00713053  -0.85544678  -0.8191745   -0.73852935  -0.68382246
  -0.65646518  -0.6196952   -0.59417074  -0.58925447  -0.5663805
  -0.51633939  -0.49649293  -0.48462697  -0.34323355  -0.32153086
   0.11484574   0.1404101    0.14587733   0.16122726   0.18315804
   0.19660741   0.21324321   0.22310179   0.24808819   0.306828
   0.31837755   0.32475281   0.33334184   0.33798138   0.34118456
   0.36648548   0.37254462   0.39092028   0.39364276   0.4219083
   0.46712262   0.47058144   0.4736499    0.48132737   0.49658605
   0.52781913   0.53330005   0.55038572   0.56488918   0.56974956
   0.57163339   0.59744546   0.61235337   0.61658181   0.61723845
   0.62978606   0.65435983   0.66940695   0.67293279   0.67885691
   0.72473897   0.73843795   0.79687889   0.79925106   0.81436835
   0.83717768   0.85397709   0.88368387   0.88984601   0.90900354
   0.91747688   0.92507436   0.93961995   0.97498283   0.99369287
   1.01275557   1.02881177   1.03072825   1.08301459   1.0951891
   1.1273662    1.16085161   1.16480477   1.1908654    1.19794777
   1.21054038   1.25002542   1.25117049   1.28118081   1.29513409
   1.30681957   1.33861295   1.34112385   1.39981304   1.41957612
   1.4397634    1.44798499   1.46646217   1.5011012    1.52298387
   1.53192974   1.53696687   1.54043206   1.56903994   1.58308499
   1.59098992   1.64352044   1.66465201   1.70404859   1.72086895
   1.72370223   1.76790537   1.78418664   1.7975629    1.80024979
   1.80521345   1.81945667   1.85283082   1.95710373   1.96391432
   1.97724344   1.99550677   2.03748545   2.05798645   2.06331693
   2.13340569   2.17043729   2.17933546   2.18359253   2.1994636
   2.20545857   2.25053384   2.27915248   2.31465505   2.36170092
   2.42078686   2.44664418   2.52083189   2.5465014    2.59900575
   2.6233065    2.64157702   2.68854318   2.70132082   2.72917504
   2.75127171   2.80244534   2.89263685   2.93632181   2.95257649
   2.96986507   2.97994908   3.01658582   3.04257557   3.0509173
   3.07196272   3.09233671   3.10067948   3.11572586   3.15408237
   3.20929588   3.21343776   3.22408935   3.22764055   3.23164885
   3.27832308   3.31090409   3.32809823   3.35424269   3.36199295
   3.37342391   3.38153276   3.40110868   3.40376244   3.43630434
   3.45349629   3.45604183   3.46398993   3.46840258   3.50263783
   3.51519814   3.5461351    3.59653023   3.60535575   3.61630684
   3.63079481   3.64705174   3.65796884   3.66766798   3.69103855
   3.69287778   3.7109895    3.72665076   3.74471486   3.77542822
   3.80379444   3.80983836   3.81000113   3.82882994   3.87415243
   3.90439224   3.92756777   3.92766594   3.96012101   4.01470442
   4.03300295   4.0490833    4.08547661   4.09706094   4.09875135
   4.12508864   4.13970836   4.14499692   4.14638376   4.17079151
   4.18241669   4.21231416   4.21692062   4.23023664   4.27395125
   4.29062445   4.33606014   4.37442293   4.38076148   4.42443375
   4.43487054   4.47866388   4.50855443   4.52375482   4.54655104
   4.57677825   4.59231329   4.59555496   4.60840538   4.63281292
   4.63657967   4.65903454   4.67227103   4.69047355   4.76680211
   4.80136512   4.89756171   4.90712644   4.92549369   4.97429876
   4.98573385   4.98836024   5.0169505    5.09059645   5.10120719
   5.10955455   5.13899592   5.14962654   5.17594773   5.2210709
   5.23307949   5.33361569   5.34978297   5.38917103   5.40791434
   5.42438783   5.585513     5.59597877   5.65477092   5.67793112
   5.72312533   5.74878847   5.7842909    5.80319036   5.90507283
   5.99698565   6.04153559   6.09492518   6.17039693   6.23449423
   6.30075741   6.36987251   6.54430451   6.64039864   6.77727616
   6.97326761   7.10159269   7.12601232   7.2745471    7.35423783
   7.42185811   7.58782888   7.9949932    8.03774825  23.64578267
  24.21250362  24.30286726  24.35774651  24.58273391  25.24871282
  45.68506651]
    CPU time for vj and vk     40.81 sec, wall time     40.82 sec
E_coul = 377.426404100123
cycle= 11 E= -305.672736513779  delta_E= -2.75e-09  |g|= 1.85e-05  |ddm|= 0.000159
    CPU time for cycle= 11     40.87 sec, wall time     40.88 sec
diis-norm(errvec)=6.00379e-05
diis-c [ -1.40648013e-09  -1.95890830e-01   2.48634725e-01   9.30825530e-01
  -2.15815991e-04  -2.17318676e-03   1.48130280e-03   2.24970202e-02
  -5.15874503e-03]
  HOMO = -0.321530944119059  LUMO = 0.11484574563001
  mo_energy =
[-20.58232244 -11.28894615 -11.24196416 -11.23991715 -11.23408238
 -11.22743235 -11.21520375  -1.40555885  -1.1545171   -1.02760211
  -1.00713137  -0.85544774  -0.81917543  -0.73853176  -0.68382306
  -0.65646652  -0.61969532  -0.59417261  -0.58925514  -0.56638326
  -0.51633931  -0.49649391  -0.48462707  -0.34323396  -0.32153094
   0.11484575   0.14040883   0.14587746   0.16122755   0.18315815
   0.19660757   0.21324296   0.22310192   0.24808791   0.30682804
   0.31837736   0.32475256   0.33334216   0.33798155   0.34118465
   0.36648519   0.37254449   0.39092007   0.39364201   0.42190784
   0.46712258   0.47058099   0.47364968   0.4813272    0.49658588
   0.52781813   0.53329934   0.55038567   0.56488981   0.56974932
   0.57163336   0.59744486   0.61235328   0.61658167   0.61723813
   0.62978527   0.65435917   0.66940691   0.67293149   0.67885702
   0.72473811   0.73843732   0.79687789   0.79924992   0.81436765
   0.83717781   0.853977     0.88368357   0.88984606   0.90900342
   0.91747645   0.92507414   0.93961845   0.97498213   0.99369153
   1.01275418   1.02881169   1.03072829   1.08301446   1.09518867
   1.12736564   1.16085178   1.16480468   1.19086516   1.19794813
   1.2105401    1.25002553   1.25117003   1.28117988   1.29513396
   1.30681905   1.33861128   1.34112424   1.39981278   1.4195763
   1.43976359   1.44798486   1.46646135   1.50110075   1.52298347
   1.53192923   1.53696654   1.54043225   1.56904031   1.58308492
   1.59098964   1.64351912   1.66465132   1.70404886   1.72086812
   1.72370197   1.76790437   1.78418616   1.79756283   1.8002507
   1.80521258   1.81945684   1.85283065   1.95710248   1.96391363
   1.9772435    1.99550587   2.03748509   2.05798668   2.06331724
   2.13340421   2.17043611   2.17933483   2.18359014   2.19946095
   2.20545791   2.25053434   2.27915304   2.3146543    2.36169874
   2.42078631   2.44664216   2.52083081   2.54649981   2.59900564
   2.62330649   2.64157651   2.68854303   2.70132044   2.72917326
   2.75127134   2.80244483   2.89263628   2.93632117   2.9525762
   2.96986428   2.97994802   3.01658602   3.04257576   3.05091661
   3.07196208   3.09233607   3.10067953   3.11572602   3.15408205
   3.20929386   3.21343639   3.22408765   3.22764023   3.23165059
   3.27832155   3.31090216   3.32809752   3.35424257   3.36199302
   3.37342336   3.38153278   3.40110804   3.40376193   3.43630358
   3.45349661   3.45604087   3.46398945   3.46840319   3.50263639
   3.51519763   3.54613414   3.59652941   3.60535533   3.61630662
   3.63079418   3.64705122   3.65796873   3.66766726   3.6910379
   3.69287552   3.71098852   3.72665023   3.74471368   3.77542676
   3.80379414   3.80983719   3.81000196   3.82882848   3.8741514
   3.90439149   3.92756652   3.92766503   3.96012017   4.01470361
   4.03300149   4.04908298   4.08547681   4.09706098   4.09875093
   4.12508776   4.13970813   4.144996     4.14638385   4.17079142
   4.18241687   4.21231373   4.21691977   4.23023642   4.2739502
   4.29062394   4.33605729   4.3744224    4.38076095   4.42443368
   4.43487006   4.47866325   4.50855324   4.52375491   4.54655074
   4.57677821   4.59231268   4.5955552    4.6084046    4.63281214
   4.63657982   4.65903492   4.672271     4.69047267   4.76680049
   4.80136388   4.89756154   4.90712537   4.92549216   4.97429768
   4.9857346    4.9883594    5.01694963   5.09059621   5.10120611
   5.10955336   5.13899449   5.14962663   5.17594795   5.22106847
   5.23307924   5.33361368   5.34978284   5.38916862   5.40791461
   5.42438641   5.58551278   5.59597857   5.65477141   5.67793116
   5.72312495   5.74878774   5.78429038   5.80318977   5.9050724
   5.99698134   6.04153457   6.09492353   6.17039684   6.23449298
   6.30075743   6.36986846   6.54430348   6.6403971    6.77727438
   6.97326203   7.10158821   7.12601016   7.27454207   7.35423276
   7.42185453   7.58782455   7.99498829   8.03774422  23.64578176
  24.21250442  24.30286812  24.35774614  24.58273082  25.24871166
  45.68505843]
    CPU time for vj and vk     38.96 sec, wall time     38.96 sec
E_coul = 377.426410187299
cycle= 12 E= -305.672736513963  delta_E= -1.84e-10  |g|= 4.98e-06  |ddm|= 4.48e-05
    CPU time for cycle= 12     39.02 sec, wall time     39.02 sec
  HOMO = -0.321530619266898  LUMO = 0.114845797193854
  mo_energy =
[-20.58232086 -11.28894543 -11.24196727 -11.23991482 -11.2340829
 -11.22743297 -11.21520157  -1.40555812  -1.15451699  -1.02760231
  -1.00713121  -0.85544771  -0.81917538  -0.73853144  -0.68382309
  -0.65646653  -0.61969533  -0.59417183  -0.58925497  -0.5663829
  -0.51633952  -0.49649385  -0.48462681  -0.3432339   -0.32153062
   0.1148458    0.14040888   0.14587748   0.16122744   0.18315806
   0.1966075    0.21324306   0.22310174   0.24808797   0.30682804
   0.31837754   0.32475256   0.33334201   0.33798154   0.34118467
   0.36648519   0.37254462   0.39092017   0.3936421    0.42190796
   0.46712265   0.47058093   0.47364975   0.48132723   0.49658588
   0.52781833   0.53329949   0.55038551   0.5648895    0.5697494
   0.57163354   0.59744489   0.61235328   0.61658179   0.61723819
   0.62978534   0.65435926   0.66940689   0.67293177   0.67885701
   0.72473832   0.73843734   0.79687804   0.79925003   0.81436772
   0.83717764   0.85397703   0.88368366   0.88984604   0.90900343
   0.9174765    0.92507416   0.93961872   0.97498219   0.99369181
   1.01275432   1.02881157   1.0307283    1.08301452   1.09518876
   1.1273657    1.16085176   1.16480465   1.19086531   1.1979481
   1.21054009   1.25002549   1.25117013   1.28118005   1.29513403
   1.30681904   1.33861137   1.34112399   1.39981284   1.41957633
   1.43976337   1.44798481   1.46646144   1.50110081   1.52298349
   1.53192936   1.53696659   1.54043223   1.56904016   1.58308496
   1.59098949   1.64351935   1.66465142   1.70404897   1.72086821
   1.72370194   1.7679044    1.78418616   1.7975629    1.80025053
   1.80521292   1.8194568    1.85283071   1.95710267   1.96391383
   1.97724354   1.99550601   2.03748515   2.05798667   2.06331705
   2.13340448   2.17043636   2.17933481   2.18359041   2.19946134
   2.20545794   2.25053408   2.27915288   2.3146544    2.36169918
   2.42078646   2.44664238   2.52083081   2.54650017   2.59900569
   2.62330649   2.64157667   2.68854294   2.70132057   2.72917352
   2.75127133   2.80244491   2.89263622   2.93632135   2.95257626
   2.9698643    2.97994826   3.01658595   3.04257557   3.05091687
   3.07196219   3.09233622   3.10067953   3.11572583   3.15408206
   3.20929427   3.21343656   3.22408839   3.22764017   3.23165      3.27832181
   3.3109025    3.32809766   3.35424256   3.36199312   3.37342342
   3.38153255   3.40110809   3.40376195   3.43630376   3.45349629
   3.45604112   3.46398943   3.46840298   3.50263661   3.51519764
   3.54613435   3.59652944   3.60535532   3.6163067    3.63079409
   3.64705127   3.6579687    3.66766736   3.69103786   3.69287594
   3.71098867   3.72665023   3.74471384   3.77542684   3.80379401
   3.80983744   3.81000157   3.8288289    3.8741515    3.90439157
   3.92756655   3.92766502   3.96012025   4.01470362   4.03300163
   4.04908282   4.08547659   4.09706084   4.098751     4.12508787
   4.13970809   4.14499618   4.14638375   4.17079125   4.18241679
   4.21231371   4.21691973   4.23023649   4.27395037   4.29062379
   4.3360575    4.3744224    4.38076091   4.42443361   4.43486997
   4.47866328   4.50855346   4.52375487   4.54655073   4.57677809
   4.59231252   4.59555515   4.60840472   4.63281218   4.63657969
   4.6590347    4.67227088   4.69047284   4.76680073   4.80136408
   4.89756142   4.9071256    4.92549224   4.97429787   4.98573425
   4.98835947   5.01694962   5.09059608   5.10120642   5.10955361
   5.13899463   5.14962669   5.17594782   5.22106894   5.2330792
   5.33361386   5.3497828    5.38916888   5.40791432   5.42438667
   5.58551278   5.59597847   5.65477121   5.67793111   5.72312494
   5.74878776   5.78429033   5.80318976   5.90507251   5.99698202
   6.04153467   6.0949238    6.17039688   6.23449326   6.30075722
   6.36986905   6.54430361   6.64039733   6.77727458   6.97326282
   7.10158878   7.1260106    7.27454281   7.35423353   7.42185513
   7.58782533   7.99498912   8.03774483  23.64578186  24.21250413
  24.30286764  24.35774657  24.5827316   25.24871206  45.68505992]
    CPU time for vj and vk     36.69 sec, wall time     36.69 sec
E_coul = 377.426401001881
Extra cycle  E= -305.672736513977  delta_E= -1.36e-11  |g|= 3.14e-06  |ddm|= 1.09e-05
    CPU time for scf_cycle    634.17 sec, wall time    634.40 sec
    CPU time for SCF    634.22 sec, wall time    634.60 sec
converged SCF energy = -305.672736513977
RHF E = -305.672736514
RHF eps = [-20.58232086 -11.28894543 -11.24196727 -11.23991482 -11.2340829
 -11.22743297 -11.21520157  -1.40555812  -1.15451699  -1.02760231
  -1.00713121  -0.85544771  -0.81917538  -0.73853144  -0.68382309
  -0.65646653  -0.61969533  -0.59417183  -0.58925497  -0.5663829
  -0.51633952  -0.49649385  -0.48462681  -0.3432339   -0.32153062
   0.1148458    0.14040888   0.14587748   0.16122744   0.18315806
   0.1966075    0.21324306   0.22310174   0.24808797   0.30682804
   0.31837754   0.32475256   0.33334201   0.33798154   0.34118467
   0.36648519   0.37254462   0.39092017   0.3936421    0.42190796
   0.46712265   0.47058093   0.47364975   0.48132723   0.49658588
   0.52781833   0.53329949   0.55038551   0.5648895    0.5697494
   0.57163354   0.59744489   0.61235328   0.61658179   0.61723819
   0.62978534   0.65435926   0.66940689   0.67293177   0.67885701
   0.72473832   0.73843734   0.79687804   0.79925003   0.81436772
   0.83717764   0.85397703   0.88368366   0.88984604   0.90900343
   0.9174765    0.92507416   0.93961872   0.97498219   0.99369181
   1.01275432   1.02881157   1.0307283    1.08301452   1.09518876
   1.1273657    1.16085176   1.16480465   1.19086531   1.1979481
   1.21054009   1.25002549   1.25117013   1.28118005   1.29513403
   1.30681904   1.33861137   1.34112399   1.39981284   1.41957633
   1.43976337   1.44798481   1.46646144   1.50110081   1.52298349
   1.53192936   1.53696659   1.54043223   1.56904016   1.58308496
   1.59098949   1.64351935   1.66465142   1.70404897   1.72086821
   1.72370194   1.7679044    1.78418616   1.7975629    1.80025053
   1.80521292   1.8194568    1.85283071   1.95710267   1.96391383
   1.97724354   1.99550601   2.03748515   2.05798667   2.06331705
   2.13340448   2.17043636   2.17933481   2.18359041   2.19946134
   2.20545794   2.25053408   2.27915288   2.3146544    2.36169918
   2.42078646   2.44664238   2.52083081   2.54650017   2.59900569
   2.62330649   2.64157667   2.68854294   2.70132057   2.72917352
   2.75127133   2.80244491   2.89263622   2.93632135   2.95257626
   2.9698643    2.97994826   3.01658595   3.04257557   3.05091687
   3.07196219   3.09233622   3.10067953   3.11572583   3.15408206
   3.20929427   3.21343656   3.22408839   3.22764017   3.23165      3.27832181
   3.3109025    3.32809766   3.35424256   3.36199312   3.37342342
   3.38153255   3.40110809   3.40376195   3.43630376   3.45349629
   3.45604112   3.46398943   3.46840298   3.50263661   3.51519764
   3.54613435   3.59652944   3.60535532   3.6163067    3.63079409
   3.64705127   3.6579687    3.66766736   3.69103786   3.69287594
   3.71098867   3.72665023   3.74471384   3.77542684   3.80379401
   3.80983744   3.81000157   3.8288289    3.8741515    3.90439157
   3.92756655   3.92766502   3.96012025   4.01470362   4.03300163
   4.04908282   4.08547659   4.09706084   4.098751     4.12508787
   4.13970809   4.14499618   4.14638375   4.17079125   4.18241679
   4.21231371   4.21691973   4.23023649   4.27395037   4.29062379
   4.3360575    4.3744224    4.38076091   4.42443361   4.43486997
   4.47866328   4.50855346   4.52375487   4.54655073   4.57677809
   4.59231252   4.59555515   4.60840472   4.63281218   4.63657969
   4.6590347    4.67227088   4.69047284   4.76680073   4.80136408
   4.89756142   4.9071256    4.92549224   4.97429787   4.98573425
   4.98835947   5.01694962   5.09059608   5.10120642   5.10955361
   5.13899463   5.14962669   5.17594782   5.22106894   5.2330792
   5.33361386   5.3497828    5.38916888   5.40791432   5.42438667
   5.58551278   5.59597847   5.65477121   5.67793111   5.72312494
   5.74878776   5.78429033   5.80318976   5.90507251   5.99698202
   6.04153467   6.0949238    6.17039688   6.23449326   6.30075722
   6.36986905   6.54430361   6.64039733   6.77727458   6.97326282
   7.10158878   7.1260106    7.27454281   7.35423353   7.42185513
   7.58782533   7.99498912   8.03774483  23.64578186  24.21250413
  24.30286764  24.35774657  24.5827316   25.24871206  45.68505992]
    CPU time for vj and vk     50.94 sec, wall time     50.94 sec
    CPU time for transforming oopq, ovpq    560.90 sec, wall time    581.75 sec
    CPU time for GW integral transformation    611.91 sec, wall time    632.76 sec

******** <class 'pyscf.gw.gf2.GF2'> flags ********
method = GF2
GF2 nocc = 25, nvir = 276
use perturbative linearized QP eqn = False
use diagonal approximation for sigma = True
  HOMO = -0.309581493202726  LUMO = 0.0480558915188414
  GW mo_energy =
[-19.76852095 -10.76619399 -10.71467834 -10.71138105 -10.70168681
 -10.69805823 -10.6883474   -1.17973467  -0.94449109  -0.84621201
  -1.0064619   -0.71886695  -0.68944473  -0.63577562  -0.58527159
  -0.55138965  -0.53082215  -0.48353707  -0.50648755  -0.46422145
  -0.44114132  -0.42184666  -0.41399032  -0.33463812  -0.30958149
   0.04805589   0.10225394   0.07434198   0.11716596   0.14582843
   0.15736824   0.17823374   0.18883787   0.19454424   0.25759198
   0.2337792    0.26964674   0.28484482   0.28949362   0.26885494
   0.30885965   0.31081292   0.32189004   0.3197378    0.35460307
   0.38742737   0.38732584   0.39587222   0.41773945   0.43003318
   0.4283254    0.45347813   0.45648154   0.4805425    0.618977
   0.49358557   0.49918232   0.52411876   0.52199225   0.53778532
   0.55358893   0.57993282   0.56138418   0.56015797   0.55401368
   0.65008246   0.65581009   0.70926589   0.70612894   0.70917155
   0.71794361   0.74338271   0.78470386   0.8031674    0.81681034
   0.82305138   0.76671637   0.93987123   0.8750709    0.90505089
   0.89749052   1.02814364   0.89907906   0.94787309   0.91368254
   1.12767541   1.08064209   1.0318186    1.19074498   1.06155818
   1.07969426   1.12610705   1.12043055   1.12599587   1.18966069
   1.19949876   1.20421468   1.28836483   1.26680032   1.27035388
   1.26374046   1.32746287   1.28849233   1.38640566   1.56587644
   1.31588033   1.53672468   1.41725689   1.56943217   1.58114338
   1.44495201   1.64349207   1.66473176   1.44358764   1.49427393
   1.58778546   1.59401795   1.66015509   1.67018049   1.7117547
   1.80490182   1.81925407   1.8556804    1.74396182   1.71984732
   1.72715242   1.99615492   2.03677435   2.05708587   2.06353434
   2.13347931   2.13178926   2.17780647   2.18349071   2.07950712
   1.99692167   2.27150966   2.19694279   2.31466641   2.36191507
   2.22780176   2.44670994   2.51914885   2.54635185   2.6924697
   2.62365777   2.61078024   2.68852832   2.41143003   2.49641399
   2.74843051   2.6259384    2.8884508    2.93670999   2.74340188
   2.88653587   2.77683971   2.87321252   2.93410911   3.05131982
   3.07238547   2.96299713   3.10109469   3.06730591   3.15134306
   3.20968933   2.9996039    3.08684624   3.22736325   3.07935684
   3.2780803    3.24384829   3.25364032   3.35418929   3.17516482
   3.18084567   3.38236743   3.40101808   3.25629298   3.43388832
   3.25537816   3.45469538   3.46383895   3.46927305   3.34545558
   3.37538149   3.54645965   3.44263051   3.60557992   3.45721379
   3.45117885   3.64754867   3.65592733   3.66826984   3.69031025
   3.57692262   3.71134828   3.47073164   3.48658111   3.62881778
   3.60992796   3.6287871    3.64616362   3.65811652   3.70386445
   3.6949135    3.92996062   3.82111593   3.95909678   3.84497174
   3.8044091    4.01485099   3.89228975   4.09746546   4.09918725
   4.12497802   3.9903604    4.13083008   4.14267064   4.16160231
   4.00186982   4.21301756   4.21809316   4.03961053   4.27339761
   4.10820997   4.34189637   4.37208868   4.37999973   4.30181239
   4.3069585    4.37599519   4.49063876   4.523961     4.58331044
   4.45561684   4.59376701   4.65636557   4.60987007   4.54132572
   4.63675574   4.65785528   4.67289973   4.69131415   4.76717408
   4.89007203   4.8981344    4.78826109   4.88002277   4.98940118
   4.98655273   4.9889854    5.01696475   5.09133159   5.09723672
   5.11017652   5.13964701   5.14402616   5.17987756   5.22181243
   5.23297019   5.33421917   5.34963432   5.38969076   5.40881118
   5.42501285   5.58574197   5.64746759   5.65565027   5.61920782
   5.72345615   5.74958048   5.78148221   5.80390604   5.9049748
   5.99579891   6.03294727   6.0951618    6.17120211   6.23486155
   6.29612755   6.37077723   6.5450266    6.54966548   6.81949463
   6.76617062   6.91197705   7.12413874   7.01897935   7.10032564
   7.4331257    7.30191621   7.73763758   8.03807085  23.27077875
  23.72369075  24.2858259   23.86030718  23.99864196  25.25159925
  44.93039218]
    CPU time for GF2   2043.98 sec, wall time   2045.25 sec
    CPU time for vj and vk     51.88 sec, wall time     51.88 sec
    CPU time for transforming oopq, ovpq    563.96 sec, wall time    589.81 sec
    CPU time for GW integral transformation    615.91 sec, wall time    641.76 sec

******** <class 'pyscf.gw.gf2.GF2'> flags ********
method = GF2
GF2 nocc = 25, nvir = 276
use perturbative linearized QP eqn = False
use diagonal approximation for sigma = True
  HOMO = -0.309581493202726  LUMO = 0.0480558915188414
  GW mo_energy =
[ 0.          0.          0.          0.          0.          0.          0.
  0.          0.          0.          0.          0.          0.          0.
  0.          0.          0.          0.          0.          0.          0.
  0.          0.          0.         -0.30958149  0.04805589  0.          0.
  0.          0.          0.          0.          0.          0.          0.
  0.          0.          0.          0.          0.          0.          0.
  0.          0.          0.          0.          0.          0.          0.
  0.          0.          0.          0.          0.          0.          0.
  0.          0.          0.          0.          0.          0.          0.
  0.          0.          0.          0.          0.          0.          0.
  0.          0.          0.          0.          0.          0.          0.
  0.          0.          0.          0.          0.          0.          0.
  0.          0.          0.          0.          0.          0.          0.
  0.          0.          0.          0.          0.          0.          0.
  0.          0.          0.          0.          0.          0.          0.
  0.          0.          0.          0.          0.          0.          0.
  0.          0.          0.          0.          0.          0.          0.
  0.          0.          0.          0.          0.          0.          0.
  0.          0.          0.          0.          0.          0.          0.
  0.          0.          0.          0.          0.          0.          0.
  0.          0.          0.          0.          0.          0.          0.
  0.          0.          0.          0.          0.          0.          0.
  0.          0.          0.          0.          0.          0.          0.
  0.          0.          0.          0.          0.          0.          0.
  0.          0.          0.          0.          0.          0.          0.
  0.          0.          0.          0.          0.          0.          0.
  0.          0.          0.          0.          0.          0.          0.
  0.          0.          0.          0.          0.          0.          0.
  0.          0.          0.          0.          0.          0.          0.
  0.          0.          0.          0.          0.          0.          0.
  0.          0.          0.          0.          0.          0.          0.
  0.          0.          0.          0.          0.          0.          0.
  0.          0.          0.          0.          0.          0.          0.
  0.          0.          0.          0.          0.          0.          0.
  0.          0.          0.          0.          0.          0.          0.
  0.          0.          0.          0.          0.          0.          0.
  0.          0.          0.          0.          0.          0.          0.
  0.          0.          0.          0.          0.          0.          0.
  0.          0.          0.          0.          0.          0.          0.
  0.          0.          0.          0.          0.          0.          0.
  0.          0.          0.          0.          0.          0.          0.
  0.          0.          0.          0.          0.          0.          0.
  0.          0.          0.          0.          0.          0.          0.        ]
    CPU time for GF2      2.70 sec, wall time      2.70 sec
IP root 0 E =  -0.309581493203
EA root 0 E =  0.0480558915188
