

******** <class 'pyscf.scf.hf.RHF'> flags ********
method = RHF
initial guess = minao
damping factor = 0
level shift factor = 0
DIIS = <class 'pyscf.scf.diis.CDIIS'>
DIIS start cycle = 1
DIIS space = 8
SCF tol = 1e-09
SCF gradient tol = None
max. SCF cycles = 50
direct_scf = True
direct_scf_tol = 1e-13
chkfile to save SCF result = /tmp/tmp29w4Yg
max_memory 4000 MB (current use 76 MB)
Set gradient conv threshold to 3.16228e-05
Nelec from initial guess = 57.9981155623
cond(S) = 1160766.56452
    CPU time for vj and vk    102.79 sec, wall time    102.83 sec
E_coul = 430.585141849251
init E= -311.449886733459
    CPU time for initialize scf    103.01 sec, wall time    103.33 sec
  HOMO = -0.283270490204864  LUMO = -0.00598631682581743
  mo_energy =
[ -1.14757429e+01  -1.14720816e+01  -1.14717730e+01  -1.14691367e+01
  -1.14687887e+01  -1.14681240e+01  -1.14629410e+01  -1.14601478e+01
  -1.77577596e+00  -1.52510597e+00  -1.36677897e+00  -1.30463618e+00
  -1.04863827e+00  -9.55040221e-01  -8.86447432e-01  -7.11072806e-01
  -6.26881632e-01  -6.17448820e-01  -5.58656481e-01  -5.29144436e-01
  -5.15755644e-01  -5.06882741e-01  -4.59182422e-01  -4.40464051e-01
  -4.08325869e-01  -3.72032380e-01  -3.71462548e-01  -2.97715420e-01
  -2.83270490e-01  -5.98631683e-03  -5.92111294e-03   9.28451909e-02
   1.12469667e-01   1.38061132e-01   1.38457969e-01   1.61273087e-01
   1.68346845e-01   1.71569389e-01   1.78308729e-01   1.92284730e-01
   2.09849844e-01   2.10040507e-01   2.12217398e-01   2.35847277e-01
   2.69072977e-01   2.79846195e-01   2.95795958e-01   3.00611919e-01
   3.16652970e-01   3.19909074e-01   3.21548448e-01   3.25622955e-01
   3.38220204e-01   3.49953258e-01   3.63092518e-01   3.78354673e-01
   3.81068593e-01   3.99692566e-01   4.18281873e-01   4.23271361e-01
   4.30722747e-01   4.43598734e-01   4.49122111e-01   4.52397792e-01
   4.86297450e-01   4.91810057e-01   4.98288683e-01   4.98344390e-01
   5.05714078e-01   5.10265793e-01   5.15206103e-01   5.26472225e-01
   5.33247817e-01   5.42029817e-01   5.55886143e-01   5.88289339e-01
   5.90719589e-01   5.98252840e-01   5.99489169e-01   6.09700835e-01
   6.12391059e-01   6.42168691e-01   6.55750362e-01   6.93451426e-01
   7.01714425e-01   7.47568055e-01   7.49129537e-01   7.61097160e-01
   7.78020954e-01   7.85682725e-01   7.89625436e-01   8.03534829e-01
   8.14888051e-01   8.46474074e-01   8.73236877e-01   8.76279049e-01
   9.07982735e-01   9.11863969e-01   9.26487309e-01   9.51485538e-01
   9.66740352e-01   9.79735671e-01   1.00165460e+00   1.00982808e+00
   1.03768203e+00   1.06011368e+00   1.07493690e+00   1.07999646e+00
   1.09809706e+00   1.11730296e+00   1.11845840e+00   1.12801948e+00
   1.14341502e+00   1.14459595e+00   1.16298295e+00   1.18038614e+00
   1.20275893e+00   1.21712993e+00   1.23164767e+00   1.25134303e+00
   1.27306944e+00   1.28568131e+00   1.29386675e+00   1.30855731e+00
   1.32066348e+00   1.33998838e+00   1.34334769e+00   1.35804715e+00
   1.35880753e+00   1.37192864e+00   1.40149430e+00   1.40591771e+00
   1.42635210e+00   1.43198233e+00   1.45888568e+00   1.48157744e+00
   1.48510022e+00   1.49452523e+00   1.50976983e+00   1.52498284e+00
   1.52765040e+00   1.55704077e+00   1.56775793e+00   1.58003333e+00
   1.59047418e+00   1.59660456e+00   1.62318357e+00   1.62699090e+00
   1.63490327e+00   1.65510024e+00   1.66119865e+00   1.69097117e+00
   1.70830423e+00   1.71298338e+00   1.72300829e+00   1.72749830e+00
   1.75323353e+00   1.76266370e+00   1.80355432e+00   1.81246466e+00
   1.82510339e+00   1.84014778e+00   1.84604417e+00   1.87592566e+00
   1.89898956e+00   1.92686800e+00   1.95524663e+00   1.96322315e+00
   1.96498094e+00   2.02600460e+00   2.09824765e+00   2.12524997e+00
   2.13778705e+00   2.15977539e+00   2.16630431e+00   2.19315171e+00
   2.22536940e+00   2.23843218e+00   2.26997814e+00   2.27687301e+00
   2.33013186e+00   2.40131651e+00   2.42277793e+00   2.44201681e+00
   2.46375885e+00   2.47281909e+00   2.55101182e+00   2.56492472e+00
   2.57313787e+00   2.62672345e+00   2.63407292e+00   2.66653673e+00
   2.68087809e+00   2.74916250e+00   2.76893904e+00   2.76929299e+00
   2.80276232e+00   2.81631974e+00   2.81909014e+00   2.85958749e+00
   2.86409525e+00   2.89614899e+00   2.91154248e+00   2.92294533e+00
   2.96008271e+00   2.97163813e+00   2.99377136e+00   3.01030736e+00
   3.01247420e+00   3.02386865e+00   3.04000079e+00   3.05081599e+00
   3.08088485e+00   3.09135466e+00   3.10314143e+00   3.10685968e+00
   3.14990421e+00   3.15144865e+00   3.16682629e+00   3.19093860e+00
   3.21037060e+00   3.22321878e+00   3.22684452e+00   3.23209260e+00
   3.24398200e+00   3.24877439e+00   3.26084654e+00   3.27326260e+00
   3.27544709e+00   3.29712633e+00   3.29877664e+00   3.31959341e+00
   3.32649694e+00   3.35250029e+00   3.35937437e+00   3.37020254e+00
   3.38030457e+00   3.38717772e+00   3.40581585e+00   3.40919302e+00
   3.42297395e+00   3.43384279e+00   3.44570885e+00   3.49021646e+00
   3.51788242e+00   3.53422396e+00   3.54144614e+00   3.55552054e+00
   3.55647546e+00   3.56447945e+00   3.57965129e+00   3.60385830e+00
   3.62187458e+00   3.62592224e+00   3.63956642e+00   3.66038435e+00
   3.67225893e+00   3.68923970e+00   3.70087104e+00   3.72124153e+00
   3.72727478e+00   3.75051308e+00   3.76099413e+00   3.77048639e+00
   3.77064333e+00   3.79036800e+00   3.84825464e+00   3.85304039e+00
   3.86433768e+00   3.87321076e+00   3.90454989e+00   3.92476373e+00
   3.92501579e+00   3.97014093e+00   3.97801992e+00   3.99497549e+00
   4.00906193e+00   4.01973863e+00   4.02073697e+00   4.03218064e+00
   4.04372679e+00   4.05010168e+00   4.07387092e+00   4.08068956e+00
   4.10876698e+00   4.11739848e+00   4.11823528e+00   4.13733158e+00
   4.16294208e+00   4.17150793e+00   4.17753450e+00   4.20311249e+00
   4.20982219e+00   4.22690769e+00   4.27210722e+00   4.27398767e+00
   4.27623634e+00   4.30369384e+00   4.31610544e+00   4.33067551e+00
   4.34211565e+00   4.35276201e+00   4.37674481e+00   4.38284339e+00
   4.38472615e+00   4.40068083e+00   4.42129019e+00   4.43873398e+00
   4.46595746e+00   4.46992481e+00   4.48705194e+00   4.48915227e+00
   4.49505317e+00   4.49960548e+00   4.53360297e+00   4.53641932e+00
   4.56624380e+00   4.56807453e+00   4.58082422e+00   4.60588290e+00
   4.63408216e+00   4.66057408e+00   4.69128119e+00   4.73932467e+00
   4.76139047e+00   4.77450748e+00   4.80421570e+00   4.80937000e+00
   4.87034213e+00   4.87908506e+00   4.89184028e+00   4.92579857e+00
   4.93267485e+00   4.94275988e+00   4.94629696e+00   4.98969301e+00
   4.99864367e+00   5.01671043e+00   5.03864479e+00   5.04255741e+00
   5.06986023e+00   5.11648919e+00   5.11961067e+00   5.15319039e+00
   5.20483956e+00   5.20967296e+00   5.22885840e+00   5.23441198e+00
   5.23995155e+00   5.28127188e+00   5.32589015e+00   5.38907301e+00
   5.44361427e+00   5.44412624e+00   5.49786867e+00   5.53473772e+00
   5.55614235e+00   5.58448197e+00   5.58741102e+00   5.59287168e+00
   5.60789115e+00   5.64262975e+00   5.64701838e+00   5.69716307e+00
   5.70448113e+00   5.72916683e+00   5.75741655e+00   5.79024639e+00
   5.84461571e+00   5.87077210e+00   5.92921659e+00   5.93169626e+00
   5.97148984e+00   5.97550459e+00   5.99096106e+00   6.09420889e+00
   6.28834132e+00   6.30998424e+00   6.43922298e+00   6.91299753e+00
   2.34329281e+01   2.39793610e+01   2.40538031e+01   2.40907092e+01
   2.41219832e+01   2.42814685e+01   2.44743301e+01   2.49336343e+01]
    CPU time for vj and vk    105.47 sec, wall time    105.51 sec
E_coul = 441.484707125757
cycle= 1 E= -308.80008681455  delta_E= 2.65  |g|= 0.483  |ddm|= 3.27
    CPU time for cycle= 1    105.56 sec, wall time    105.60 sec
diis-norm(errvec)=1.85625
diis-c [-3.44566865  1.        ]
  HOMO = -0.304560155736642  LUMO = 0.129296151078113
  mo_energy =
[-11.21472866 -11.21084826 -11.1979682  -11.1978577  -11.19313072
 -11.19310822 -11.19254294 -11.1843598   -1.12689471  -1.04813131
  -0.98992557  -0.96534541  -0.85527603  -0.80812866  -0.773128
  -0.67593565  -0.62718832  -0.62120847  -0.57566784  -0.56287335
  -0.55551209  -0.52571719  -0.50596326  -0.48586256  -0.46498166
  -0.45493249  -0.44622587  -0.31708639  -0.30456016   0.12929615
   0.13510556   0.14654759   0.16474248   0.17239078   0.1808136
   0.19795964   0.19897138   0.21147789   0.23758905   0.24390368
   0.25199318   0.25405447   0.2907137    0.30062743   0.31999276
   0.32981086   0.34354435   0.34667913   0.35183984   0.36000348
   0.36675985   0.37448617   0.39294836   0.39663416   0.42323339
   0.45077504   0.4690727    0.48024017   0.48065604   0.49582734
   0.50427236   0.50756972   0.51830355   0.52149239   0.54339093
   0.56033003   0.56692638   0.57377776   0.57667857   0.59177396
   0.59454611   0.60411633   0.60527195   0.61943771   0.63758248
   0.64802211   0.66564063   0.66871877   0.68887123   0.69917402
   0.70763101   0.71887668   0.73881493   0.75887082   0.76893349
   0.81077731   0.83049933   0.83821956   0.85235132   0.86123248
   0.86213001   0.89378184   0.9176366    0.92675057   0.93180317
   0.93500656   0.96840352   0.96946033   1.00134497   1.03829889
   1.04699006   1.05437185   1.0568979    1.09412167   1.11882231
   1.12096896   1.13481885   1.14414084   1.16386185   1.18464671
   1.1850763    1.19403009   1.20649381   1.21684265   1.22394457
   1.25442926   1.27691655   1.28045915   1.29153611   1.32111011
   1.333918     1.34904987   1.35368894   1.37176145   1.39009166
   1.40707469   1.41727812   1.42541966   1.43037544   1.44099622
   1.47010581   1.48817759   1.50635933   1.51209257   1.52529638
   1.55742482   1.56324852   1.57931267   1.58204727   1.59865723
   1.60119463   1.62710768   1.64178925   1.64538574   1.65155204
   1.68038619   1.69408264   1.70085362   1.72205049   1.72699751
   1.75777018   1.77707915   1.79301833   1.80046902   1.80866948
   1.82916418   1.83656609   1.85376157   1.8902278    1.89679301
   1.91743926   1.92921051   1.96221503   1.96748155   2.0143847
   2.01524173   2.05551886   2.07361251   2.08101921   2.08274425
   2.19123163   2.21140869   2.222277     2.26724791   2.28444031
   2.31839143   2.32999555   2.35310183   2.38878208   2.38878619
   2.43956016   2.52202077   2.5614588    2.56466459   2.60092024
   2.61937097   2.67664393   2.69783592   2.70454188   2.7428846
   2.75826343   2.78132661   2.79824339   2.84678934   2.87014946
   2.87658577   2.89202049   2.92493613   2.92689718   2.98989219
   3.00065359   3.0129021    3.03620169   3.04941274   3.07468446
   3.08534869   3.10238374   3.11335808   3.11925443   3.1204936
   3.13760885   3.16703554   3.19820201   3.19923265   3.21903006
   3.22427903   3.26753637   3.27755634   3.27848055   3.29864484
   3.3129553    3.33658299   3.34452472   3.35182394   3.35587908
   3.37170778   3.37771138   3.382241     3.40131457   3.41549268
   3.41860682   3.44663577   3.44924724   3.47179237   3.47774165
   3.48795746   3.49791918   3.51151308   3.51350629   3.52951923
   3.54222207   3.54312025   3.55240742   3.59841597   3.62175153
   3.63234416   3.64852134   3.65661166   3.6643642    3.67219283
   3.69073231   3.70941127   3.7209671    3.72877484   3.75488653
   3.77683941   3.78171812   3.79473184   3.80183255   3.83118461
   3.83751453   3.85862945   3.85998573   3.86801069   3.89960933
   3.91045013   3.94383233   3.95065958   3.95718034   3.9644427
   3.98313988   4.01985797   4.03354367   4.0630442    4.06509233
   4.08866951   4.09017931   4.11794638   4.12070057   4.12696324
   4.14663806   4.15411767   4.15798566   4.16225778   4.17896307
   4.18919039   4.19799122   4.21008457   4.24360412   4.26213686
   4.26867802   4.28906749   4.30151921   4.30838883   4.34710853
   4.35206196   4.36010392   4.37319637   4.38813805   4.39764066
   4.42107135   4.43627513   4.44374753   4.47136059   4.4763558
   4.48835849   4.52805777   4.52932296   4.55014438   4.55921773
   4.56333532   4.60483329   4.61046789   4.6116424    4.63137483
   4.63882426   4.64164525   4.64473916   4.65567356   4.6929852
   4.72908799   4.75054944   4.79488956   4.81712503   4.85265933
   4.88854999   4.89280425   4.91303516   4.9560162    4.96362109
   4.97766325   5.02855422   5.03697454   5.05308932   5.05377985
   5.09831442   5.12645941   5.13477651   5.14005512   5.17226616
   5.17708049   5.21297234   5.22006921   5.2593962    5.30493715
   5.32087548   5.33033392   5.33406073   5.33645165   5.39068412
   5.4472877    5.49815724   5.54791469   5.55642422   5.60086519
   5.6420669    5.64925414   5.69045413   5.69151322   5.69921541
   5.70646216   5.74929166   5.76168248   5.7965305    5.81472751
   5.85057318   5.86620876   5.90096742   5.96039339   6.01915653
   6.05349465   6.0556243    6.09571091   6.10412784   6.12212698
   6.2439562    6.43464697   6.44771956   6.57371636   7.05284588
  23.68585684  24.23384088  24.31106881  24.34502499  24.38330402
  24.51778461  24.73225791  25.19054771]
    CPU time for vj and vk    102.94 sec, wall time    102.98 sec
E_coul = 439.592435206861
cycle= 2 E= -308.875719399236  delta_E= -0.0756  |g|= 0.143  |ddm|= 0.61
    CPU time for cycle= 2    103.03 sec, wall time    103.07 sec
diis-norm(errvec)=0.556028
diis-c [-0.29800596 -0.06331753  1.06331753]
  HOMO = -0.339010513839078  LUMO = 0.111069289429412
  mo_energy =
[-11.26663709 -11.25756173 -11.25725566 -11.25578202 -11.25559862
 -11.25516644 -11.23640069 -11.23484654  -1.17127565  -1.07331306
  -1.02609803  -0.99305858  -0.87119117  -0.83576124  -0.79672801
  -0.69922819  -0.6509423   -0.63906505  -0.59939194  -0.59447908
  -0.58461509  -0.55397485  -0.52767673  -0.50505194  -0.49638673
  -0.48291468  -0.48084429  -0.34943941  -0.33901051   0.11106929
   0.11157327   0.13986888   0.16369064   0.17124868   0.18106578
   0.19790044   0.19993472   0.21282677   0.23226162   0.23583486
   0.25028388   0.25105771   0.28292199   0.29692483   0.31027039
   0.32733488   0.32820591   0.34043658   0.34092344   0.35195747
   0.3606191    0.36989862   0.38454875   0.38464817   0.41148429
   0.44013724   0.45814654   0.46493976   0.46915454   0.4815139
   0.48848813   0.4950376    0.50547677   0.51149686   0.53579899
   0.55118055   0.55555171   0.56460252   0.5674633    0.58283941
   0.58731714   0.59291641   0.59639459   0.61204868   0.6245156
   0.64072733   0.65211596   0.65499251   0.66873957   0.68321042
   0.69378153   0.69790671   0.72943818   0.74442715   0.76005456
   0.8011157    0.81786394   0.81937906   0.83979468   0.84753474
   0.85150142   0.87733825   0.9023568    0.90433025   0.92023697
   0.92288306   0.95658198   0.95924524   0.98452772   1.01671244
   1.02879672   1.03600602   1.05019819   1.07560675   1.0965728
   1.11312797   1.12719617   1.13185154   1.1507976    1.17138907
   1.17227375   1.18326563   1.19710475   1.20003809   1.21379248
   1.23742245   1.26532958   1.26568491   1.27949329   1.30881117
   1.32559497   1.33892347   1.34175045   1.36389367   1.37845461
   1.39428287   1.40570888   1.41231391   1.41679513   1.42583106
   1.45895775   1.47223568   1.49224782   1.49553115   1.51156944
   1.54246109   1.54916743   1.55707981   1.56716686   1.581149
   1.58306417   1.61546676   1.62820908   1.64065306   1.64338853
   1.6618995    1.68527434   1.69294288   1.71389127   1.71409558
   1.73089208   1.76269927   1.78177932   1.78533218   1.79338609
   1.80480017   1.80943031   1.83596359   1.87019216   1.88214305
   1.89973739   1.91388146   1.93655808   1.94357445   1.97958086
   2.00063633   2.02275905   2.04630494   2.04655013   2.07577248
   2.17091754   2.19688959   2.20744537   2.23922925   2.25819408
   2.28416353   2.30989996   2.33263436   2.35554899   2.36993103
   2.41608501   2.49843473   2.5260963    2.53701937   2.56436872
   2.57976033   2.6480633    2.66550479   2.67115177   2.72541944
   2.725542     2.76217136   2.77950609   2.84148536   2.85012075
   2.86674792   2.8799853    2.90797575   2.9107829    2.95764818
   2.96720398   2.98695778   3.00031135   3.0181297    3.04734469
   3.05830874   3.08224757   3.09618013   3.1041645    3.1094715
   3.12530219   3.13842682   3.17660025   3.18544336   3.19933269
   3.20365091   3.24666622   3.24935166   3.25227404   3.27876983
   3.29954958   3.31610157   3.31901261   3.32594477   3.33844246
   3.3490586    3.35218161   3.36357386   3.3784027    3.39145735
   3.40146826   3.42081701   3.42662283   3.45070537   3.45982263
   3.46588878   3.48083403   3.48234863   3.49451979   3.51185808
   3.51848149   3.52229742   3.53776548   3.5774191    3.60687074
   3.62156261   3.63088031   3.64192958   3.64571001   3.64832238
   3.67036912   3.69052167   3.70676053   3.70809375   3.7335471
   3.75580351   3.75989942   3.77171454   3.78739554   3.8148516
   3.81922901   3.8414676    3.84285453   3.85363163   3.87046597
   3.88586347   3.93345284   3.94024931   3.94898526   3.95499009
   3.98312638   4.01029531   4.016241     4.05344757   4.05764883
   4.07493695   4.08210319   4.10752254   4.10851074   4.11395009
   4.13071514   4.13981814   4.14967231   4.15772536   4.17574229
   4.19399788   4.19444268   4.20817215   4.24084077   4.25066284
   4.25997826   4.28224559   4.28895043   4.30364659   4.3462978
   4.35159469   4.35195635   4.37075693   4.38666342   4.3929925
   4.41803788   4.43714902   4.43785137   4.46155761   4.46900524
   4.48135071   4.51847158   4.52400287   4.53834568   4.54231353
   4.56079059   4.57724912   4.58429664   4.59020177   4.61876324
   4.62035442   4.63766885   4.63817387   4.64945199   4.68461179
   4.71580339   4.7411213    4.78076701   4.81381735   4.84306654
   4.86283704   4.88552975   4.90460752   4.94954796   4.95842902
   4.97188423   5.0210622    5.02656418   5.03146548   5.03612636
   5.08419323   5.09730697   5.11229895   5.12851706   5.14779857
   5.16058024   5.20646569   5.21179923   5.24429106   5.29606815
   5.30449649   5.32196016   5.32274137   5.32381007   5.37687508
   5.43417733   5.48675225   5.53783014   5.54517708   5.59502151
   5.63507449   5.64587332   5.67709201   5.68280697   5.69234862
   5.7023646    5.74266842   5.74801839   5.7955839    5.80103957
   5.83433928   5.8591924    5.89012207   5.95175213   5.98744596
   6.04331069   6.04748441   6.08099728   6.08861204   6.10546096
   6.21334617   6.40965843   6.42416694   6.55114581   7.02898633
  23.62932487  24.17802702  24.25408616  24.29034124  24.32413018
  24.49237188  24.68649048  25.13420815]
    CPU time for vj and vk    101.03 sec, wall time    101.06 sec
E_coul = 440.795877868619
cycle= 3 E= -308.882196185808  delta_E= -0.00648  |g|= 0.0634  |ddm|= 0.25
    CPU time for cycle= 3    101.12 sec, wall time    101.15 sec
diis-norm(errvec)=0.243593
diis-c [-0.00616076 -0.11011513  0.28479835  0.82531678]
  HOMO = -0.322523342092363  LUMO = 0.123764530645681
  mo_energy =
[-11.23316218 -11.23206272 -11.23185417 -11.22958666 -11.22875149
 -11.22703432 -11.22690923 -11.21865759  -1.14879664  -1.0591952
  -1.00747878  -0.97832722  -0.86086168  -0.82103819  -0.78418142
  -0.6881722   -0.63777358  -0.63202186  -0.58952566  -0.58329686
  -0.57486948  -0.54382283  -0.51889612  -0.4972723   -0.48288022
  -0.47493884  -0.47110214  -0.33314037  -0.32252334   0.12376453
   0.12396154   0.14365192   0.1661119    0.17325284   0.18314695
   0.19967628   0.20076546   0.21398282   0.23833603   0.23880587
   0.2529693    0.25368262   0.28786836   0.30100051   0.31453276
   0.32937112   0.33601741   0.3439435    0.34723203   0.35529706
   0.36454487   0.37433707   0.38964838   0.39037086   0.41689068
   0.44715922   0.46613784   0.47498449   0.47539947   0.48955527
   0.49665968   0.5007102    0.51197423   0.51795521   0.54036959
   0.55850298   0.56147325   0.57077206   0.57394943   0.58903103
   0.59226691   0.59952885   0.60258783   0.61809279   0.63293782
   0.64532476   0.65988803   0.66148749   0.67903702   0.69190685
   0.70204831   0.70816598   0.7363107    0.75148825   0.76619682
   0.80691664   0.8259048    0.8278852    0.84689689   0.85501984
   0.85799272   0.88577594   0.91198253   0.91572299   0.92670846
   0.92940126   0.96274886   0.96549105   0.99299237   1.02663703
   1.04041041   1.04239675   1.05506316   1.08465881   1.10612268
   1.11860692   1.13281124   1.13816705   1.15789082   1.17874172
   1.17911283   1.18940607   1.20273591   1.20769062   1.2199659
   1.24542783   1.27241517   1.27273137   1.28554875   1.31567942
   1.33104815   1.34474995   1.3481605    1.36900477   1.38488421
   1.40140834   1.41224553   1.41914163   1.4243469    1.4328201
   1.46519144   1.48045153   1.50059468   1.50377397   1.5190757
   1.55067573   1.55649638   1.56735696   1.57500336   1.59014735
   1.5906786    1.62200559   1.63602244   1.64512075   1.64883875
   1.67160315   1.69117574   1.69870454   1.71997576   1.72261835
   1.74281573   1.77001288   1.78812024   1.79478194   1.80103085
   1.81812919   1.81852343   1.84501981   1.87906975   1.89006757
   1.90864459   1.92199046   1.94911459   1.953165     1.99535379
   2.00818063   2.03684628   2.05972636   2.06174939   2.08025755
   2.18057222   2.20449218   2.21522223   2.25169628   2.27044486
   2.29882857   2.32037307   2.34208754   2.36988666   2.37930764
   2.42694506   2.51002708   2.5420605    2.5507225    2.58118904
   2.59836834   2.66144446   2.68173156   2.68567487   2.73644114
   2.74029495   2.77269784   2.78927719   2.84810907   2.86159016
   2.87544301   2.88767338   2.91953947   2.92034042   2.97259903
   2.98383116   2.99962897   3.01801429   3.03164154   3.06465306
   3.06908269   3.09375771   3.10775475   3.112802     3.11795625
   3.1340013    3.15268461   3.18883779   3.19384958   3.21187647
   3.21251461   3.26102012   3.263055     3.26401736   3.28893836
   3.30888135   3.32721347   3.33228838   3.33948886   3.34901796
   3.36165413   3.36516606   3.37521148   3.39048802   3.4036966
   3.4115444    3.43346544   3.4388441    3.46322732   3.4699929
   3.47812003   3.4925848    3.49721651   3.50421617   3.5225806
   3.53035478   3.53330676   3.54617895   3.58909951   3.61677986
   3.63159994   3.64258826   3.6543563    3.65460468   3.66085899
   3.68231042   3.70189488   3.7163408    3.72007688   3.74519826
   3.76909291   3.77055044   3.78400313   3.79732047   3.82753031
   3.82756436   3.85244157   3.8534504    3.86312787   3.88474301
   3.90005603   3.94173123   3.94880265   3.95775237   3.96375156
   3.98829439   4.01906662   4.02708747   4.06195022   4.0651347
   4.08425247   4.08934955   4.11696793   4.11844309   4.12382819
   4.14394383   4.15090871   4.15917627   4.16118386   4.18233313
   4.20039621   4.20089513   4.21372684   4.24794913   4.25993178
   4.26889099   4.29042894   4.29860115   4.31153593   4.35264653
   4.3581767    4.36126959   4.3773385    4.39276857   4.39997361
   4.42532704   4.44358979   4.44473757   4.47059107   4.47770553
   4.4893536    4.52897158   4.53224786   4.54747137   4.55338334
   4.56657924   4.59055589   4.59869085   4.60215428   4.62822347
   4.6329119    4.64526226   4.64530348   4.65647523   4.69322955
   4.72656042   4.75058744   4.79072559   4.82068465   4.85172036
   4.87485942   4.89445333   4.91219658   4.95703915   4.9663287
   4.97938103   5.02928883   5.03637849   5.04348628   5.04742729
   5.09486895   5.11287858   5.1250143    5.13825595   5.16354241
   5.16967915   5.21406245   5.21904914   5.25465129   5.3049993
   5.31609317   5.33039901   5.3317292    5.33421633   5.38699923
   5.4443909    5.49650692   5.54807389   5.55569086   5.60260556
   5.64353436   5.65296592   5.68737113   5.69214615   5.70039377
   5.70925135   5.75126682   5.75846361   5.80184139   5.81218584
   5.84620349   5.86718453   5.89932439   5.96029306   6.00455214
   6.05290491   6.05619038   6.09540365   6.09678836   6.11757967
   6.23034245   6.42493119   6.43879603   6.56567257   7.04361311
  23.6562203   24.20459549  24.2790552   24.31745187  24.35131308
  24.50144476  24.70174869  25.16083241]
    CPU time for vj and vk     98.23 sec, wall time     98.27 sec
E_coul = 440.329157593765
cycle= 4 E= -308.883316718153  delta_E= -0.00112  |g|= 0.00637  |ddm|= 0.0761
    CPU time for cycle= 4     98.32 sec, wall time     98.36 sec
diis-norm(errvec)=0.022944
diis-c [ -4.22555336e-04   3.10038039e-03  -2.67987334e-02  -3.05285882e-02
   1.05422694e+00]
  HOMO = -0.323038668943092  LUMO = 0.123417662592524
  mo_energy =
[-11.23967519 -11.2324329  -11.23227089 -11.22949118 -11.22946189
 -11.22848391 -11.22808985 -11.21665712  -1.14969135  -1.05920922
  -1.00806365  -0.97850698  -0.86094266  -0.82185805  -0.78477453
  -0.68855668  -0.63839925  -0.63244771  -0.58996343  -0.58393099
  -0.57538181  -0.54407368  -0.51900288  -0.49771587  -0.48295935
  -0.47581712  -0.47219256  -0.33332845  -0.32303867   0.12341766
   0.12357186   0.14346445   0.16610123   0.17312074   0.18308361
   0.19960601   0.20072801   0.21399325   0.23819734   0.23873974
   0.25288926   0.25357065   0.28774111   0.3008162    0.31444809
   0.32931417   0.3359551    0.34388608   0.34710544   0.35523364
   0.36456886   0.37412575   0.38955812   0.3904861    0.41688072
   0.44692449   0.46563607   0.47445382   0.47530796   0.48920893
   0.49650175   0.50060845   0.51174043   0.51769267   0.54014839
   0.55832448   0.56144224   0.57047762   0.57384823   0.58911329
   0.59222914   0.59952202   0.60236606   0.61772772   0.63278625
   0.6451769    0.6595641    0.66131705   0.67884896   0.691544
   0.70180889   0.7075885    0.73594382   0.75098695   0.76593379
   0.80680561   0.82561803   0.82738698   0.84666786   0.85470416
   0.85788619   0.88549725   0.91143589   0.91507567   0.92631874
   0.92913155   0.96257444   0.96503593   0.99268915   1.02635235
   1.03980152   1.04204394   1.05478552   1.08418457   1.1058703
   1.11843952   1.13261727   1.13787759   1.15756674   1.1782588
   1.17888326   1.18929885   1.20244985   1.20748643   1.21960885
   1.24524216   1.27218042   1.27253096   1.28523185   1.31533759
   1.33074587   1.34453759   1.34795503   1.36877622   1.38459079
   1.40116038   1.41201315   1.41880348   1.42398188   1.43262917
   1.46490514   1.48001819   1.4997657    1.50335175   1.51869643
   1.55019763   1.55611129   1.56672683   1.57467053   1.58984054
   1.59049392   1.62183659   1.63547359   1.64517527   1.64874043
   1.67090773   1.69115198   1.6985791    1.71974662   1.72255984
   1.742499     1.76984281   1.78782698   1.79444307   1.80084007
   1.81781945   1.81825041   1.84470582   1.87856888   1.88989655
   1.9081347    1.9214735    1.94894185   1.95280936   1.9945399
   2.00783656   2.03623657   2.05837893   2.06105515   2.08015452
   2.17991502   2.20397833   2.21463598   2.25136787   2.27009049
   2.29823857   2.3197136    2.34207723   2.36934457   2.37923703
   2.42660463   2.50944302   2.54134002   2.54967419   2.58012133
   2.59718838   2.66098413   2.68121788   2.68501697   2.73598715
   2.73991967   2.77221925   2.78900358   2.84797704   2.86116405
   2.87519876   2.88762958   2.91913644   2.92015955   2.97220097
   2.98310143   2.99926746   3.01770271   3.03109703   3.0640955
   3.06837866   3.09322117   3.10724905   3.11248107   3.1178407
   3.13371267   3.15173841   3.18851821   3.19398475   3.21181038
   3.21280364   3.26022476   3.26242983   3.26312418   3.28885874
   3.30853666   3.32695789   3.33166377   3.33874752   3.34861674
   3.36091409   3.36487918   3.37457708   3.39012847   3.40333133
   3.41148613   3.43312782   3.43849354   3.46284331   3.46967614
   3.47740362   3.49201234   3.49618911   3.50365684   3.52253541
   3.52968254   3.53276382   3.54593009   3.58868929   3.61639849
   3.63097398   3.64185271   3.65397481   3.65408272   3.66025287
   3.68175382   3.70123597   3.71576066   3.71939457   3.74490806
   3.76847602   3.76995185   3.78377363   3.79683436   3.82691548
   3.82750435   3.85181271   3.85291722   3.86280037   3.88401529
   3.89913598   3.94130572   3.94884645   3.95740652   3.96337793
   3.98817561   4.01866515   4.02641307   4.06154089   4.06485282
   4.0836252    4.08877655   4.11649596   4.1179695    4.12342337
   4.14348414   4.15030943   4.15869053   4.160962     4.182208
   4.19981258   4.20069361   4.21329943   4.24750043   4.25950027
   4.26831331   4.2900335    4.29809575   4.31101701   4.35226897
   4.35814498   4.36059128   4.3770183    4.39243322   4.39957162
   4.4250676    4.44337918   4.44446148   4.47005273   4.47723223
   4.48893042   4.52852817   4.53184834   4.54676824   4.5528314
   4.56606297   4.58989998   4.59769536   4.6014305    4.62804998
   4.63217215   4.64478426   4.64493806   4.65614342   4.69267257
   4.72578099   4.74987214   4.79014102   4.82049025   4.85108024
   4.87414424   4.89396673   4.91210387   4.9567141    4.96574148
   4.9789853    5.02914463   5.0358778    5.04323826   5.04668325
   5.09431887   5.11228949   5.12456889   5.13788874   5.16267894
   5.1692706    5.21396929   5.2192499    5.25417988   5.30448105
   5.31540729   5.3299001    5.33136994   5.33342194   5.38662099
   5.44397061   5.49609299   5.54736175   5.55514341   5.60259553
   5.64340913   5.65296366   5.68699133   5.69145573   5.70063017
   5.70912067   5.75109119   5.75811405   5.80210812   5.81135673
   5.84577989   5.86693114   5.89930388   5.9601498    6.00357912
   6.05268882   6.05640762   6.0947928    6.09676097   6.11700813
   6.22903764   6.42402312   6.43814651   6.56478022   7.04290117
  23.65395876  24.20271662  24.27824126  24.31493873  24.3492895
  24.50258575  24.70354375  25.15887817]
    CPU time for vj and vk     93.11 sec, wall time     93.14 sec
E_coul = 440.334705750903
cycle= 5 E= -308.883333705899  delta_E= -1.7e-05  |g|= 0.00307  |ddm|= 0.0169
    CPU time for cycle= 5     93.20 sec, wall time     93.23 sec
diis-norm(errvec)=0.0110475
diis-c [ -3.59243471e-05   8.13812040e-03  -2.67026782e-02  -6.43941341e-02
   3.30510368e-01   7.52448324e-01]
  HOMO = -0.322938355353651  LUMO = 0.123488511295409
  mo_energy =
[-11.23767504 -11.23326683 -11.23307911 -11.22964835 -11.22890828
 -11.22886257 -11.22877599 -11.21770062  -1.14957144  -1.05935809
  -1.00809312  -0.9786212   -0.86105774  -0.82182147  -0.78479845
  -0.68870436  -0.63848582  -0.63253978  -0.59006571  -0.58404824
  -0.57548991  -0.54429508  -0.51921094  -0.49787026  -0.48310159
  -0.4758278   -0.47221003  -0.33326748  -0.32293836   0.12348851
   0.12358006   0.14351209   0.16598471   0.17314901   0.18311427
   0.19957502   0.2006368    0.2138956    0.23823337   0.23878081
   0.25290715   0.25358075   0.28773422   0.3008281    0.31444669
   0.32915215   0.33595596   0.34389379   0.34710237   0.35520608
   0.36446426   0.37410156   0.38953692   0.39048106   0.41691048
   0.44691804   0.46570098   0.47449586   0.47532041   0.48935687
   0.49648083   0.50062488   0.51177609   0.51773478   0.54019502
   0.55830123   0.56130598   0.57048661   0.57372661   0.58892208
   0.59213399   0.59946486   0.60232184   0.61769876   0.63270079
   0.64513291   0.65963341   0.66129065   0.67868325   0.69152535
   0.70178558   0.70762185   0.73592729   0.75109238   0.7659389
   0.80674839   0.82559389   0.82744461   0.84663437   0.85468403
   0.85780972   0.88539564   0.91145329   0.915109     0.92630458
   0.92914587   0.96256334   0.96505751   0.99263603   1.02636597
   1.03979316   1.04192069   1.0547783    1.08413425   1.10580953
   1.11839853   1.13262102   1.13781599   1.15749566   1.17825549
   1.17885105   1.18912158   1.2024521    1.20738951   1.21962762
   1.24518798   1.27211336   1.27248971   1.28525514   1.31529144
   1.33060686   1.34450394   1.34791887   1.36869943   1.38460004
   1.40107228   1.41192218   1.41882255   1.42390711   1.43252332
   1.46478575   1.47999723   1.49985261   1.50336269   1.51861001
   1.55014338   1.55601497   1.56683294   1.57461611   1.58976744
   1.59031271   1.62175499   1.6355616    1.64510428   1.6486746
   1.6710384    1.69104803   1.69849457   1.71969555   1.72241837
   1.74237526   1.76974031   1.7878443    1.7943806    1.80068967
   1.81776548   1.81812692   1.84469654   1.87859946   1.88980161
   1.9081804    1.92152265   1.94879601   1.95277458   1.99446555
   2.0078114    2.03629747   2.0587628    2.06098994   2.07989836
   2.17994287   2.20400077   2.21458036   2.25124981   2.26989665
   2.29813028   2.3197118    2.34188801   2.36938106   2.37908068
   2.42654844   2.50950031   2.5413674    2.54987467   2.58021691
   2.59733172   2.6607952    2.68107752   2.68496182   2.7358972
   2.73973136   2.77222091   2.78891186   2.84792195   2.86105132
   2.87516228   2.88751412   2.91911301   2.92000212   2.97207741
   2.98303436   2.99913704   3.01744735   3.03103349   3.06398721
   3.06840559   3.0930691    3.10717926   3.11243994   3.11763097
   3.13354284   3.15189834   3.18846516   3.19381163   3.2115086
   3.21256243   3.26034714   3.26237048   3.26325842   3.28863491
   3.30840454   3.32678255   3.33167764   3.3387833    3.348503
   3.36086458   3.36457811   3.3745047    3.39002084   3.40323235
   3.41129189   3.43297275   3.43835085   3.46268011   3.46955533
   3.47739717   3.49199505   3.49627823   3.50364824   3.52228816
   3.52969393   3.53273192   3.54578171   3.58850109   3.61621668
   3.63097111   3.64182361   3.65385928   3.65398634   3.6601949
   3.6816866    3.70122423   3.71577194   3.71942994   3.74480573
   3.76842614   3.76994181   3.78348312   3.79684135   3.82687474
   3.82735864   3.85180605   3.85289717   3.8627706    3.88398114
   3.89919497   3.94119818   3.94865849   3.95726651   3.96334691
   3.98805491   4.01862886   4.0264052    4.06150529   4.06471468
   4.08356476   4.08870384   4.11642902   4.11795872   4.12326044
   4.14333256   4.15021558   4.15864083   4.16070497   4.1820552
   4.19980229   4.20065817   4.21323513   4.24754265   4.25948734
   4.26833345   4.29001199   4.29804305   4.31109295   4.35211822
   4.35802972   4.36072033   4.37701611   4.39241229   4.39952641
   4.42505726   4.44338021   4.44440948   4.47005493   4.4771325
   4.48883327   4.52848903   4.53179774   4.54679262   4.55279525
   4.56596581   4.58981589   4.59777132   4.60143262   4.62771667
   4.63218805   4.64471019   4.64476804   4.65617006   4.69267543
   4.72593257   4.75001425   4.79013731   4.82048869   4.851024
   4.87412519   4.89401936   4.91194814   4.95650761   4.96566002
   4.97880135   5.02904462   5.03574133   5.04301879   5.04670856
   5.09422259   5.11213779   5.12440631   5.1377738    5.16267124
   5.16924121   5.21385374   5.21908404   5.25408187   5.30447525
   5.31541804   5.32983575   5.33136252   5.33344917   5.38652632
   5.44388112   5.4959171    5.54722896   5.55495452   5.60235758
   5.64307678   5.65283778   5.686792     5.69142953   5.70039962
   5.70898936   5.7509686    5.7579249    5.80188582   5.81139421
   5.84561417   5.86684579   5.89915282   5.96004956   6.00362458
   6.05257563   6.05613086   6.0945892    6.09657872   6.11690715
   6.2292466    6.42396003   6.43792096   6.56470618   7.04273711
  23.65421228  24.20270188  24.27772159  24.3152343   24.34959417
  24.50189224  24.70257704  25.15894359]
    CPU time for vj and vk     89.35 sec, wall time     89.38 sec
E_coul = 440.332268523912
cycle= 6 E= -308.883336745301  delta_E= -3.04e-06  |g|= 0.000763  |ddm|= 0.00391
    CPU time for cycle= 6     89.44 sec, wall time     89.47 sec
diis-norm(errvec)=0.00286335
diis-c [ -6.46630987e-06   6.02451127e-04  -1.05850009e-03  -3.60221312e-03
  -3.96817675e-02   6.24723839e-02   9.81267646e-01]
  HOMO = -0.322905181195622  LUMO = 0.1235034120953
  mo_energy =
[-11.23781301 -11.23300312 -11.23282926 -11.22922653 -11.22918957
 -11.22890163 -11.22877106 -11.21789099  -1.14956396  -1.05943356
  -1.00805598  -0.97866033  -0.86113517  -0.82179698  -0.78481938
  -0.68866593  -0.63849706  -0.63255943  -0.59010736  -0.58405252
  -0.57551381  -0.54435372  -0.51925979  -0.4979002   -0.48308791
  -0.47588592  -0.47228923  -0.33320569  -0.32290518   0.12350341
   0.12360609   0.14349809   0.16600877   0.17312867   0.18308501
   0.1995752    0.20063513   0.21390578   0.23821847   0.23874484
   0.25288649   0.25355696   0.28771789   0.30079338   0.31442295
   0.32918869   0.33596655   0.34387199   0.3471191    0.355191
   0.36449238   0.37410312   0.38953981   0.39051331   0.41689632
   0.44693142   0.46567241   0.47447958   0.47532486   0.48932017
   0.49650056   0.50062843   0.51176979   0.51771212   0.54016932
   0.55829937   0.56132699   0.57047732   0.57371638   0.58891798
   0.59209462   0.59946445   0.60227767   0.61769951   0.63265407
   0.64511016   0.65961106   0.66124425   0.67873264   0.69151289
   0.70173295   0.70762107   0.73588738   0.7510459    0.76587548
   0.80673173   0.82561415   0.82743185   0.84666902   0.85469704
   0.85779059   0.885419     0.91146759   0.91512066   0.92630488
   0.92913128   0.9625554    0.96504992   0.99260731   1.02635005
   1.03977477   1.04194383   1.05472824   1.08415099   1.10580606
   1.11835844   1.13256238   1.13777102   1.15752012   1.17825948
   1.17884196   1.18916943   1.20241443   1.20741611   1.21960312
   1.24519007   1.27207206   1.27249403   1.2851961    1.31526842
   1.33063491   1.34448472   1.34785137   1.36867657   1.38454025
   1.40107282   1.41190658   1.41877118   1.42390842   1.4325431
   1.4648102    1.47998404   1.49983723   1.50333735   1.51863103
   1.55014965   1.55602173   1.56682952   1.57463069   1.58978597
   1.59035012   1.62171099   1.63552109   1.64502222   1.64863203
   1.6710132    1.69101351   1.69845846   1.71967106   1.7223998
   1.74243731   1.76973139   1.78778717   1.79436157   1.80072061
   1.81778613   1.81818181   1.84466928   1.87857719   1.889776
   1.90812917   1.92145799   1.94882879   1.95280243   1.99451883
   2.00779338   2.03632      2.05866515   2.06101929   2.07996147
   2.17993307   2.2039509    2.21459256   2.25127987   2.2699424
   2.29818046   2.3196913    2.34179323   2.36936735   2.37898228
   2.42650926   2.50942979   2.54129956   2.54978941   2.58022408
   2.59734793   2.66084784   2.68113522   2.68498877   2.73591732
   2.73974383   2.77214973   2.78880788   2.84786111   2.86101723
   2.87509101   2.88742927   2.91908889   2.91994536   2.97210192
   2.9830575    2.99915415   3.01754078   3.03103736   3.06401606
   3.06839585   3.09311346   3.10717397   3.11238092   3.11758651
   3.13354124   3.15185608   3.1883872    3.19369711   3.21156239
   3.21245229   3.26030418   3.26239548   3.26323463   3.28864559
   3.30841155   3.32679047   3.33165412   3.33877114   3.34848383
   3.36088816   3.36464829   3.37452645   3.3899768    3.40321886
   3.41122824   3.43298272   3.43834975   3.46271059   3.46948429
   3.47739878   3.49198975   3.49626928   3.503611     3.52224738
   3.52967371   3.53272719   3.54576397   3.5885331    3.61625058
   3.63096821   3.64183797   3.65388977   3.65403062   3.66019285
   3.68167264   3.70123389   3.71577215   3.71942323   3.74474703
   3.76844805   3.76992394   3.78355602   3.79679244   3.82687743
   3.82728151   3.85179862   3.85283916   3.86270095   3.88399929
   3.89918053   3.94119513   3.94860108   3.95725897   3.96329707
   3.98800157   4.01858817   4.02640987   4.06145064   4.06471278
   4.0835802    4.08873297   4.1164289    4.1179248    4.12328229
   4.14336959   4.15024499   4.15863945   4.16075512   4.18204452
   4.19979779   4.20058227   4.21320346   4.24747839   4.25943564
   4.26829584   4.2899714    4.29802526   4.31103204   4.35213733
   4.35801298   4.36066518   4.37697841   4.39237272   4.39950053
   4.42501042   4.4433605    4.44434816   4.47003907   4.47715362
   4.48883376   4.52847442   4.53178858   4.54678611   4.55279221
   4.56598868   4.58987026   4.59777288   4.60145303   4.62778365
   4.63217176   4.64470975   4.64482086   4.65612866   4.69266063
   4.72588009   4.74995126   4.79010486   4.82042367   4.85103563
   4.87415431   4.89397548   4.91188658   4.9565431    4.96566678
   4.97882941   5.02898516   5.03576012   5.04303357   5.04665943
   5.09422797   5.11218981   5.12443836   5.13777681   5.16269574
   5.16917848   5.21378837   5.2189631    5.254091     5.3044322
   5.31538996   5.32982689   5.33126884   5.3334502    5.38648139
   5.44383088   5.49593411   5.54727964   5.55500839   5.60233447
   5.64314797   5.65276642   5.68681638   5.69142693   5.70032807
   5.70891662   5.75092861   5.75791443   5.80181741   5.81138669
   5.84561989   5.86676535   5.89908329   5.95995025   6.00365315
   6.05248577   6.05605624   6.09466299   6.09648183   6.11689869
   6.22921876   6.4239956    6.43803152   6.56475174   7.04280488
  23.65430747  24.20286879  24.27791432  24.31532365  24.349644
  24.50161808  24.70239349  25.15907454]
    CPU time for vj and vk     86.01 sec, wall time     86.05 sec
E_coul = 440.333017840272
cycle= 7 E= -308.883337140711  delta_E= -3.95e-07  |g|= 0.000386  |ddm|= 0.00163
    CPU time for cycle= 7     86.11 sec, wall time     86.14 sec
diis-norm(errvec)=0.00144188
diis-c [ -1.11286158e-06  -1.34897098e-03   4.33815534e-03   1.14331766e-02
  -6.32558909e-02  -1.33670661e-01   1.29841971e-01   1.05266222e+00]
  HOMO = -0.322905117636516  LUMO = 0.123509808879158
  mo_energy =
[-11.23778256 -11.23308418 -11.23290935 -11.22926806 -11.22902165
 -11.2288231  -11.2287063  -11.2177642   -1.14956801  -1.05940755
  -1.00806636  -0.97864085  -0.86110866  -0.82180369  -0.78481294
  -0.68866897  -0.63848155  -0.63255448  -0.59008667  -0.58404755
  -0.57549427  -0.54432489  -0.51922984  -0.4978794   -0.4830763
  -0.47585917  -0.47226491  -0.33319854  -0.32290512   0.12350981
   0.12360356   0.14351196   0.16599789   0.17314104   0.18309662
   0.19958175   0.20062624   0.21390019   0.23822464   0.23876417
   0.25290029   0.25356815   0.28772652   0.30080574   0.31442781
   0.3291768    0.33596343   0.34388058   0.34712585   0.35519753
   0.36448716   0.37411123   0.38954697   0.39051802   0.41690702
   0.4469373    0.4656879    0.47449539   0.47533462   0.48933648
   0.49650258   0.50063203   0.51177753   0.51772398   0.54018422
   0.55830726   0.5613141    0.57049141   0.57373041   0.58893146
   0.59210924   0.59947534   0.60229631   0.61770599   0.63267841
   0.64512466   0.65961991   0.66126981   0.67872919   0.69152111
   0.70176107   0.70762806   0.73590241   0.75106403   0.76589878
   0.80674284   0.82561457   0.82744146   0.84667169   0.85469785
   0.85780504   0.88541951   0.91147275   0.91512456   0.92631349
   0.92914824   0.96256236   0.96505855   0.99262099   1.02636005
   1.0397744    1.0419406    1.05475025   1.0841562    1.10581408
   1.11837683   1.13258738   1.13778482   1.15752302   1.17826923
   1.17885049   1.18915506   1.20243535   1.20741258   1.21962209
   1.24519642   1.27208794   1.2725008    1.28521914   1.31528064
   1.33062911   1.34449257   1.34787682   1.36869224   1.38456765
   1.40107386   1.41191845   1.41879525   1.42391287   1.4325432
   1.46480943   1.47999165   1.49984865   1.50334895   1.51862515
   1.55014824   1.55602078   1.56684214   1.57463658   1.58977767
   1.59034019   1.62172978   1.63554026   1.64506198   1.64865603
   1.67102156   1.69103536   1.69847508   1.71968714   1.72241691
   1.74242822   1.76974416   1.78781368   1.79437911   1.80071742
   1.81778722   1.81817269   1.84469097   1.87858927   1.88979706
   1.90815578   1.92148992   1.94883589   1.95281357   1.99450825
   2.00780428   2.03632813   2.05869224   2.06101624   2.07993713
   2.17994452   2.20397855   2.21459726   2.25127624   2.26993713
   2.29816821   2.31970626   2.34183624   2.3693744    2.37902822
   2.42653372   2.50946559   2.54133053   2.54982237   2.58022601
   2.59734759   2.66083235   2.68112526   2.68498372   2.73592211
   2.73974491   2.77218458   2.78885242   2.84789006   2.86103762
   2.87512481   2.88747194   2.91910617   2.91997259   2.97209918
   2.98305908   2.99915932   3.01751387   3.03104668   3.06400389
   3.06840688   3.0931024    3.10718544   3.11242132   3.11760462
   3.13354172   3.1518789    3.18842805   3.19375133   3.2115505
   3.21250599   3.26033135   3.26239716   3.26326316   3.28865215
   3.30842149   3.32680455   3.33167413   3.33878923   3.34849994
   3.36089161   3.36462347   3.37452948   3.39000983   3.40323726
   3.41126518   3.4329965    3.43836663   3.46271117   3.46952011
   3.47740321   3.49200269   3.49627807   3.5036337    3.52227489
   3.52969104   3.53274251   3.54578407   3.58851936   3.61624494
   3.63097486   3.64184119   3.65389135   3.65403107   3.66020398
   3.68167862   3.70124073   3.71578971   3.71943827   3.74477419
   3.768455     3.76994036   3.78353505   3.79682334   3.82688687
   3.82732329   3.85181128   3.85286575   3.86272914   3.88399778
   3.89918697   3.94120184   3.94863056   3.95726897   3.9633253
   3.98803013   4.0186175    4.02642747   4.06147604   4.06472402
   4.08358176   4.08873007   4.11644109   4.11794546   4.12327318
   4.14336105   4.15024316   4.15864587   4.16073966   4.18206365
   4.19981123   4.20061934   4.21321937   4.24750995   4.25946346
   4.26831887   4.28999107   4.29803789   4.31106352   4.35213572
   4.35803186   4.36069464   4.37700264   4.3923911    4.39951281
   4.42503446   4.44337427   4.44438041   4.47005591   4.47716018
   4.48884194   4.52848942   4.53179334   4.54679527   4.55279782
   4.56598556   4.58986343   4.59777155   4.60145657   4.62775892
   4.63218108   4.64471639   4.64482088   4.65615353   4.69267821
   4.72590417   4.74998207   4.79013518   4.8204578    4.85103878
   4.87415461   4.89400116   4.91192012   4.95653654   4.96567257
   4.97882777   5.02901923   5.03575948   5.04303625   5.0466765
   5.09423243   5.11218143   5.12443341   5.13778981   5.16269434
   5.1692185    5.21382768   5.21901759   5.25411108   5.30445774
   5.31541712   5.32984021   5.3313098    5.33347027   5.38650634
   5.44386259   5.49593677   5.54727135   5.55500516   5.60236005
   5.6431461    5.652806     5.68681669   5.69144537   5.70037319
   5.70895489   5.75096151   5.75793166   5.8018629    5.81141452
   5.84562826   5.86680908   5.89912416   5.96000354   6.00365968
   6.05254159   6.05610529   6.0946529    6.0965348    6.11692277
   6.22923703   6.42399961   6.43801135   6.56475038   7.04279243
  23.65431267  24.20284802  24.27786719  24.31532408  24.34968945
  24.5017748   24.70251423  25.159067  ]
    CPU time for vj and vk     83.87 sec, wall time     83.89 sec
E_coul = 440.332470886837
cycle= 8 E= -308.883337277995  delta_E= -1.37e-07  |g|= 0.00017  |ddm|= 0.000889
    CPU time for cycle= 8     83.96 sec, wall time     83.98 sec
diis-norm(errvec)=0.000638975
diis-c [ -2.44207997e-07   1.66333622e-04  -7.49528309e-04  -1.55917372e-03
   2.30072012e-02   1.88472721e-02  -2.10569982e-01  -2.30841075e-01
   1.40169895e+00]
  HOMO = -0.322911014465316  LUMO = 0.123504027255425
  mo_energy =
[-11.23784363 -11.23312704 -11.2329554  -11.22925019 -11.22909146
 -11.2288244  -11.22870839 -11.21783298  -1.14957657  -1.0594301
  -1.00807333  -0.9786576   -0.86112934  -0.82181072  -0.78482612
  -0.68866766  -0.63849527  -0.63256624  -0.59010276  -0.58406078
  -0.5755049   -0.54433883  -0.51924594  -0.49789286  -0.48308473
  -0.47587349  -0.47228348  -0.33320173  -0.32291101   0.12350403
   0.12359974   0.1435101    0.16599508   0.17314012   0.1830911
   0.19958233   0.20061953   0.21389731   0.23822017   0.23875662
   0.2528967    0.25356383   0.28772121   0.30079837   0.31442259
   0.32917687   0.33595746   0.34387796   0.34712537   0.35519158
   0.36448448   0.37410959   0.38954242   0.39051747   0.41690643
   0.44693278   0.46567981   0.47449195   0.47533095   0.48933144
   0.49649834   0.50063138   0.51177571   0.5177171    0.54017781
   0.55830121   0.56130555   0.57048918   0.57372126   0.58892547
   0.59209545   0.59947387   0.60228258   0.61770107   0.63266212
   0.64511684   0.65961673   0.66125952   0.67872875   0.69151238
   0.70174791   0.70762433   0.7358867    0.7510549    0.76588407
   0.80673726   0.82561062   0.82743337   0.84667303   0.85469602
   0.85779718   0.88541264   0.91146834   0.9151202    0.9263089
   0.9291464    0.96255697   0.96505341   0.99260996   1.02635289
   1.03976328   1.04193461   1.05473763   1.08415448   1.10580857
   1.11836476   1.13257462   1.13777179   1.15752421   1.17826761
   1.1788429    1.1891504    1.20242482   1.20740796   1.21961855
   1.2451913    1.2720763    1.27249857   1.28520795   1.31526997
   1.33062517   1.34448552   1.3478621    1.36868213   1.38455686
   1.401067     1.41190925   1.41878564   1.42390483   1.43254027
   1.46480609   1.47998293   1.49983971   1.50333782   1.51862131
   1.55014216   1.55601219   1.56684092   1.57463395   1.58977211
   1.59033724   1.62171598   1.63553045   1.64504399   1.64864442
   1.67101411   1.69102105   1.69846127   1.71967731   1.72240457
   1.74242358   1.76973384   1.78780221   1.79436657   1.80071061
   1.81778363   1.81816624   1.84468047   1.87857963   1.88978783
   1.9081437    1.92147648   1.94883217   1.95281594   1.99450463
   2.00779693   2.03632449   2.05866978   2.06101081   2.07993171
   2.17993591   2.20396843   2.21459009   2.25126991   2.26992938
   2.29816167   2.31969419   2.34181104   2.36936273   2.37900519
   2.42652016   2.50945317   2.54131312   2.54980492   2.58021507
   2.59733933   2.66082062   2.68112136   2.6849761    2.73591497
   2.73973287   2.77216466   2.78882579   2.84787284   2.86101857
   2.87510656   2.88744955   2.91909439   2.91995041   2.97209085
   2.98305078   2.99915124   3.0175152    3.03103834   3.06399755
   3.06839992   3.09309313   3.10717574   3.11241208   3.11758404
   3.13352823   3.15186745   3.18841062   3.19372878   3.21153967
   3.21247948   3.26032217   3.26238837   3.26325849   3.28864047
   3.30841319   3.32679581   3.33166396   3.33878111   3.34848563
   3.36088204   3.36461101   3.3745208    3.38999538   3.40322597
   3.41124411   3.43298522   3.43835478   3.46270174   3.4695004
   3.4773911    3.49199226   3.49626381   3.5036199    3.52225397
   3.52967883   3.53273332   3.54577069   3.58850566   3.61623575
   3.63096222   3.6418313    3.65388419   3.65403059   3.6601934
   3.68166381   3.70123319   3.715785     3.7194316    3.74475541
   3.7684497    3.76993088   3.78353152   3.79681091   3.82687873
   3.82730242   3.85180463   3.85284869   3.86270988   3.88398562
   3.89917311   3.94119151   3.94861111   3.95725598   3.96331442
   3.98801139   4.01860606   4.02642293   4.06146168   4.06471496
   4.08357438   4.08872468   4.11643168   4.11793318   4.12326298
   4.14335452   4.15023905   4.15863775   4.16073654   4.18205199
   4.19980703   4.20060123   4.21320695   4.2474962    4.25944722
   4.26830622   4.2899761    4.29802801   4.3110529    4.3521282
   4.35801533   4.36068203   4.37699413   4.39237798   4.39950157
   4.42501894   4.44336337   4.44436146   4.47004789   4.4771556
   4.48883189   4.5284775    4.53178028   4.5467876    4.55278643
   4.56598111   4.58986155   4.59776191   4.60145022   4.62774547
   4.63216882   4.64470952   4.64482416   4.65614151   4.69266869
   4.72588837   4.74996716   4.79012461   4.8204402    4.85102939
   4.87414893   4.89398723   4.9119001    4.956528     4.96566465
   4.97881976   5.02900025   5.03574865   5.04302342   5.0466588
   5.09422222   5.11217262   5.12442362   5.13778105   5.16268604
   5.16920438   5.21380825   5.21899173   5.25410959   5.30444372
   5.31540608   5.32983035   5.3312874    5.3334689    5.38648872
   5.44384056   5.4959225    5.54726251   5.55499584   5.60233955
   5.64313905   5.65278344   5.68680707   5.69143511   5.70035001
   5.70893199   5.75094426   5.75791469   5.80183695   5.81140851
   5.84561306   5.86678908   5.89910206   5.95997938   6.00365146
   6.05251943   6.0560766    6.09464739   6.09650884   6.11690799
   6.22922283   6.4239897    6.43800869   6.56474075   7.04278435
  23.65429098  24.20282768  24.27783218  24.31529678  24.34967991
  24.5017169   24.70244952  25.1590445 ]
    CPU time for vj and vk     81.18 sec, wall time     81.21 sec
E_coul = 440.332879331048
cycle= 9 E= -308.883337321073  delta_E= -4.31e-08  |g|= 6.91e-05  |ddm|= 0.0005
    CPU time for cycle= 9     81.27 sec, wall time     81.31 sec
diis-norm(errvec)=0.000263362
diis-c [ -3.69971205e-08   1.40298771e+00   4.88744594e-05  -3.36483339e-04
  -4.62308867e-04   8.56575244e-03   3.08098464e-02  -9.51531367e-02
  -3.46460257e-01]
  HOMO = -0.322907264869253  LUMO = 0.123507510566164
  mo_energy =
[-11.23783471 -11.23312268 -11.23295177 -11.22923085 -11.22908078
 -11.22880499 -11.22868934 -11.21781147  -1.14957103  -1.05942496
  -1.00806768  -0.97865017  -0.86112374  -0.82180462  -0.78482072
  -0.68865982  -0.63849088  -0.63256158  -0.59009788  -0.58405672
  -0.57549985  -0.54433041  -0.51923968  -0.49788843  -0.48308085
  -0.47586931  -0.47227847  -0.33319922  -0.32290726   0.12350751
   0.12360417   0.14351345   0.16599681   0.17314211   0.18309194
   0.19958541   0.20061887   0.21389881   0.23822261   0.23875764
   0.25289926   0.25356558   0.2877231    0.30079988   0.31442268
   0.32917936   0.33595657   0.34387789   0.34712973   0.35519293
   0.36448614   0.37411279   0.3895454    0.3905189    0.41690533
   0.44693614   0.46568263   0.47449538   0.47533235   0.48933305
   0.4965021    0.5006319    0.51177833   0.51771992   0.54018017
   0.5583026    0.56130646   0.57049308   0.57372634   0.58893061
   0.59209609   0.59947729   0.60228615   0.61770428   0.6326655
   0.64512002   0.6596168    0.6612632    0.67873407   0.69151541
   0.70175072   0.70762867   0.73588959   0.75105679   0.76588655
   0.80673931   0.8256133    0.82743712   0.84667851   0.85469833
   0.85779968   0.88541641   0.91147213   0.91512453   0.9263119
   0.92915028   0.9625593    0.96505677   0.99261339   1.0263555
   1.03976424   1.04193805   1.0547399    1.08415969   1.10581123
   1.11836709   1.13257742   1.13777347   1.15752903   1.17827216
   1.17884526   1.18915265   1.20242817   1.20741068   1.2196215
   1.2451946    1.27207903   1.27250228   1.28521039   1.31527319
   1.33062858   1.3444864    1.34786506   1.36868552   1.38456014
   1.4010691    1.41191242   1.41878891   1.42390853   1.4325444
   1.4648099    1.47998601   1.49984408   1.50334105   1.51862512
   1.55014588   1.55601551   1.56684591   1.57463886   1.58977396
   1.59034081   1.62171868   1.63553422   1.64504624   1.64864814
   1.67101673   1.69102405   1.69846459   1.71968112   1.72240764
   1.74242749   1.76973774   1.78780475   1.79437202   1.80071558
   1.81778708   1.81816979   1.84468436   1.87858235   1.88979348
   1.90814868   1.92148032   1.94883829   1.95282354   1.99450994
   2.00779934   2.03633152   2.05867286   2.06101503   2.07993346
   2.17994093   2.20397331   2.21459462   2.25127402   2.26993586
   2.29816627   2.31969869   2.34181697   2.36936647   2.37901097
   2.42652632   2.50945868   2.54131854   2.54980913   2.5802206
   2.59734544   2.66082471   2.68112709   2.68498047   2.73591946
   2.73973707   2.77216955   2.78883125   2.8478746    2.86102373
   2.87511007   2.88745377   2.91909858   2.91995403   2.97209535
   2.98305647   2.99915595   3.01752012   3.03104408   3.06399973
   3.06840437   3.09309742   3.10718144   3.11241861   3.11758816
   3.13353092   3.1518719    3.18841659   3.19373282   3.21154404
   3.21248557   3.26032782   3.26239356   3.26326624   3.28864466
   3.30841883   3.3268032    3.33167021   3.33878772   3.34848973
   3.36088796   3.36461383   3.37452494   3.39000253   3.40323149
   3.41125061   3.43299225   3.43836075   3.46270649   3.46950598
   3.47739505   3.49199745   3.49626935   3.50362295   3.52225918
   3.52968361   3.53273896   3.54577526   3.58850678   3.61623921
   3.63096655   3.64183585   3.6538898    3.65403717   3.66019854
   3.68166699   3.70123758   3.71579178   3.71943619   3.74475978
   3.76845591   3.76993566   3.78353564   3.79681626   3.82688368
   3.82730752   3.85180937   3.85285267   3.86271409   3.88399021
   3.8991767    3.94119513   3.94861562   3.95725958   3.96331808
   3.98801336   4.01861073   4.02642929   4.06146472   4.06471944
   4.0835797    4.08872986   4.11643644   4.11793604   4.12326562
   4.14335897   4.15024392   4.1586412    4.16074079   4.18205655
   4.1998117    4.200604     4.21320906   4.24749851   4.25945036
   4.26831044   4.28997891   4.29803129   4.31105629   4.35213199
   4.35801774   4.36068462   4.37699718   4.39238029   4.39950432
   4.42502051   4.44336517   4.44436404   4.47005147   4.47716077
   4.48883597   4.52848136   4.53178111   4.54679224   4.55278975
   4.56598579   4.589869     4.59776619   4.60145596   4.62774788
   4.63217294   4.64471359   4.6448318    4.65614229   4.69267321
   4.72589186   4.74996971   4.79013126   4.82044255   4.85103368
   4.87415541   4.89398982   4.91190385   4.95653154   4.96566909
   4.97882457   5.0290048    5.035753     5.04302757   5.04666175
   5.09422595   5.11217781   5.12442841   5.137786     5.16269166
   5.16920988   5.21381221   5.21899494   5.25411799   5.30444735
   5.31541205   5.32983399   5.33128945   5.33347594   5.38649319
   5.44384558   5.49592691   5.54726742   5.55500182   5.60234523
   5.64314706   5.65278727   5.68681154   5.69144085   5.70035507
   5.70893527   5.7509489    5.75791876   5.80184126   5.81141561
   5.84561736   5.86679221   5.89910613   5.95998319   6.00365785
   6.05252411   6.05608376   6.09465365   6.0965135    6.11691406
   6.22922892   6.42399651   6.43801608   6.56474595   7.04279028
  23.65430319  24.20283994  24.27783854  24.31530876  24.34969538
  24.50172772  24.70246923  25.15905623]
    CPU time for vj and vk     78.52 sec, wall time     78.56 sec
E_coul = 440.332733932009
cycle= 10 E= -308.883337329056  delta_E= -7.98e-09  |g|= 2.44e-05  |ddm|= 0.000238
    CPU time for cycle= 10     78.63 sec, wall time     78.65 sec
diis-norm(errvec)=9.02745e-05
diis-c [ -2.37871392e-09   1.00661649e-01   1.09770910e+00  -5.02292134e-05
  -2.07613107e-03   1.10163991e-03   2.94161004e-02   1.00197335e-02
  -2.36781866e-01]
  HOMO = -0.322907553524385  LUMO = 0.123507426850101
  mo_energy =
[-11.23784571 -11.23312837 -11.23295792 -11.22922624 -11.22907854
 -11.22879774 -11.22868261 -11.21781793  -1.14957028  -1.0594259
  -1.00806653  -0.97865056  -0.86112454  -0.82180445  -0.78482057
  -0.68865786  -0.63849149  -0.63256203  -0.59009913  -0.58405762
  -0.57549986  -0.54433039  -0.5192406   -0.49788923  -0.48308121
  -0.47586995  -0.47227978  -0.3331993   -0.32290755   0.12350743
   0.12360478   0.14351392   0.16599675   0.17314283   0.1830918
   0.19958618   0.20061825   0.21389872   0.23822213   0.23875709
   0.252899     0.25356552   0.28772301   0.30079976   0.31442266
   0.32917939   0.33595628   0.34387836   0.34712993   0.35519232
   0.36448588   0.37411322   0.38954471   0.39051867   0.4169066
   0.44693593   0.46568271   0.4744964    0.47533227   0.48933319
   0.49650155   0.50063242   0.51177861   0.51771968   0.54017969
   0.55830282   0.56130531   0.57049389   0.57372604   0.58893067
   0.59209498   0.59947792   0.60228532   0.61770447   0.63266435
   0.64511936   0.65961768   0.661263     0.67873491   0.69151485
   0.70175038   0.70762932   0.73588793   0.75105613   0.76588519
   0.80673938   0.82561343   0.82743662   0.84667915   0.85469894
   0.85779968   0.88541608   0.91147228   0.91512509   0.92631209
   0.92915107   0.96255906   0.96505661   0.99261267   1.02635543
   1.03976379   1.04193779   1.05473906   1.08416073   1.10581171
   1.11836605   1.13257603   1.13777283   1.15753001   1.17827297
   1.17884494   1.18915222   1.20242752   1.20741072   1.2196224
   1.24519469   1.27207848   1.27250271   1.28520994   1.31527255
   1.33062872   1.34448636   1.34786396   1.36868512   1.38455999
   1.4010691    1.4119123    1.41878881   1.42390817   1.43254472
   1.46481023   1.47998598   1.49984365   1.50334016   1.51862545
   1.55014603   1.55601509   1.56684682   1.57463933   1.5897739
   1.59034116   1.62171803   1.63553374   1.64504507   1.64864743
   1.67101656   1.69102281   1.69846335   1.71968074   1.7224074
   1.74242796   1.76973727   1.78780445   1.79437125   1.80071534
   1.81778764   1.81816989   1.84468427   1.87858192   1.88979356
   1.90814846   1.92148038   1.94883953   1.95282498   1.99451071
   2.00779963   2.03633214   2.05867017   2.06101611   2.07993285
   2.17994061   2.2039734    2.21459486   2.2512743    2.26993552
   2.29816669   2.31969859   2.34181509   2.36936608   2.3790095
   2.42652576   2.50945915   2.54131841   2.5498087    2.58022048
   2.59734545   2.66082398   2.68112821   2.68498089   2.73591996
   2.73973713   2.77216837   2.78882927   2.84787323   2.86102253
   2.87510878   2.8874521    2.91909794   2.91995254   2.97209578
   2.98305717   2.99915626   3.01752115   3.03104433   3.0640004
   3.06840487   3.09309694   3.10718132   3.11241937   3.11758616
   3.13352982   3.15187224   3.1884161    3.19373207   3.21154323
   3.21248333   3.26032841   3.26239368   3.26326735   3.28864426
   3.30841892   3.32680333   3.33167038   3.33878799   3.34848949
   3.36088778   3.36461282   3.37452482   3.39000234   3.40323172
   3.41124918   3.4329921    3.43836059   3.46270642   3.46950532
   3.47739451   3.49199706   3.49626848   3.50362297   3.52225805
   3.52968347   3.5327391    3.54577493   3.58850597   3.61623901
   3.63096507   3.64183554   3.65388897   3.65403844   3.66019874
   3.68166629   3.7012378    3.7157921    3.71943693   3.74475872
   3.76845681   3.7699359    3.78353599   3.79681603   3.82688426
   3.82730634   3.85180999   3.85285198   3.86271186   3.88398961
   3.89917585   3.94119506   3.9486137    3.95725886   3.96331829
   3.98801245   4.01861096   4.02643057   4.06146471   4.0647193
   4.08357987   4.08872968   4.11643638   4.11793598   4.12326526
   4.14335924   4.15024473   4.15864123   4.16074113   4.18205593
   4.19981253   4.20060277   4.21320899   4.24749828   4.25944974
   4.26830979   4.28997754   4.29803158   4.31105631   4.35213215
   4.35801569   4.36068431   4.37699729   4.39237939   4.39950391
   4.4250191    4.44336362   4.4443631    4.47005184   4.47716156
   4.48883583   4.52848096   4.53178035   4.54679243   4.5527894
   4.56598636   4.58986976   4.5977662    4.60145634   4.62774659
   4.63217236   4.64471404   4.6448338    4.65614207   4.69267329
   4.72589042   4.74996919   4.79013199   4.82044108   4.85103359
   4.87415541   4.89398901   4.91190297   4.9565313    4.96566956
   4.97882468   5.02900321   5.0357527    5.04302721   5.04666086
   5.09422596   5.11217785   5.1244282    5.13778629   5.16269197
   5.16921021   5.21381127   5.21899316   5.25411961   5.30444689
   5.31541272   5.3298341    5.33128824   5.33347792   5.3864923
   5.44384432   5.49592594   5.54726757   5.55500172   5.60234335
   5.64314694   5.65278487   5.68681148   5.69144122   5.70035275
   5.70893387   5.75094774   5.75791825   5.80183893   5.8114171
   5.8456165    5.86679181   5.89910453   5.95998233   6.00365829
   6.0525239    6.05608079   6.09465432   6.09651194   6.11691393
   6.22922898   6.42399687   6.4380166    6.56474627   7.04279048
  23.65430272  24.20283847  24.27783524  24.31530646  24.34969977
  24.50172974  24.70246324  25.15905537]
    CPU time for vj and vk     75.20 sec, wall time     75.23 sec
E_coul = 440.332729968377
cycle= 11 E= -308.883337329726  delta_E= -6.71e-10  |g|= 4.6e-06  |ddm|= 8.41e-05
    CPU time for cycle= 11     75.29 sec, wall time     75.33 sec
  HOMO = -0.322908294886042  LUMO = 0.12350687392079
  mo_energy =
[-11.23784665 -11.23312956 -11.23295914 -11.22922737 -11.22908051
 -11.22880146 -11.2286861  -11.21781726  -1.1495715   -1.0594265
  -1.00806782  -0.97865117  -0.86112506  -0.8218054   -0.78482148
  -0.68865847  -0.63849239  -0.6325626   -0.59009959  -0.58405821
  -0.57550051  -0.54433085  -0.51924089  -0.49788964  -0.48308201
  -0.47587061  -0.47228058  -0.33320044  -0.32290829   0.12350687
   0.12360397   0.14351372   0.16599673   0.17314272   0.18309169
   0.19958609   0.20061823   0.21389872   0.23822198   0.23875693
   0.252899     0.25356539   0.28772274   0.30079949   0.31442232
   0.32917932   0.33595577   0.34387801   0.34712971   0.35519218
   0.36448574   0.37411302   0.38954464   0.39051839   0.41690596
   0.44693562   0.46568225   0.47449576   0.47533183   0.48933273
   0.49650132   0.50063197   0.51177827   0.5177194    0.54017949
   0.55830228   0.5613052    0.57049351   0.57372576   0.58893052
   0.59209476   0.59947763   0.60228498   0.61770405   0.63266392
   0.64511925   0.65961703   0.66126264   0.67873444   0.69151446
   0.7017499    0.70762875   0.73588768   0.75105576   0.76588504
   0.80673912   0.82561304   0.82743612   0.84667889   0.85469845
   0.85779931   0.88541564   0.91147175   0.91512439   0.92631167
   0.92915065   0.96255878   0.96505627   0.99261234   1.02635492
   1.0397632    1.04193741   1.05473875   1.08416025   1.10581118
   1.11836579   1.13257599   1.13777247   1.15752965   1.1782725
   1.1788445    1.18915194   1.20242716   1.20741021   1.21962189
   1.24519432   1.2720782    1.27250233   1.28520958   1.31527217
   1.33062843   1.34448598   1.34786377   1.36868477   1.38455961
   1.40106869   1.41191187   1.41878842   1.42390776   1.43254439
   1.46480986   1.4799854    1.49984315   1.50333972   1.51862507
   1.55014563   1.5560147    1.5668461    1.57463893   1.58977339
   1.5903408    1.62171767   1.63553332   1.64504485   1.64864725
   1.67101598   1.69102263   1.69846323   1.71968046   1.72240692
   1.74242715   1.76973688   1.78780393   1.79437085   1.80071499
   1.81778698   1.81816899   1.84468368   1.87858125   1.88979322
   1.90814794   1.92147966   1.94883876   1.95282447   1.99450998
   2.00779906   2.03633126   2.05866962   2.06101514   2.07993265
   2.17994004   2.20397284   2.21459414   2.25127358   2.26993506
   2.29816573   2.31969779   2.34181486   2.36936528   2.37900923
   2.42652524   2.50945836   2.54131751   2.54980778   2.58021945
   2.59734444   2.66082325   2.68112719   2.68497995   2.73591919
   2.73973634   2.77216775   2.7888289    2.84787297   2.86102193
   2.87510841   2.88745177   2.91909748   2.91995203   2.97209483
   2.98305612   2.99915554   3.01752048   3.03104361   3.06399939
   3.06840418   3.09309633   3.10718074   3.11241889   3.11758599
   3.13352948   3.15187113   3.18841556   3.19373167   3.21154271
   3.21248328   3.26032753   3.26239274   3.26326649   3.28864373
   3.30841841   3.3268028    3.33166957   3.33878724   3.34848876
   3.36088702   3.36461218   3.37452408   3.39000177   3.4032309
   3.41124882   3.43299143   3.43835991   3.46270567   3.46950476
   3.4773937    3.49199644   3.49626764   3.5036221    3.52225755
   3.52968262   3.53273838   3.54577432   3.58850525   3.61623843
   3.63096467   3.64183491   3.65388875   3.65403778   3.66019796
   3.68166563   3.70123704   3.71579155   3.71943606   3.74475826
   3.76845588   3.76993515   3.78353552   3.79681546   3.82688344
   3.8273059    3.8518093    3.8528514    3.86271176   3.88398878
   3.89917516   3.94119451   3.94861363   3.95725849   3.96331781
   3.98801197   4.01861038   4.02642972   4.06146406   4.06471895
   4.08357926   4.08872929   4.11643584   4.11793528   4.12326479
   4.14335867   4.15024412   4.15864072   4.16074113   4.18205568
   4.19981222   4.20060248   4.21320853   4.24749777   4.25944916
   4.26830938   4.28997729   4.29803096   4.31105593   4.35213182
   4.35801545   4.36068372   4.37699699   4.3923791    4.39950354
   4.42501882   4.44336353   4.44436257   4.47005122   4.47716105
   4.48883538   4.52848041   4.5317799    4.54679194   4.55278871
   4.56598609   4.58986898   4.59776529   4.60145542   4.62774624
   4.63217182   4.64471367   4.64483348   4.65614149   4.69267274
   4.72588994   4.74996856   4.79013127   4.82044075   4.85103305
   4.87415459   4.89398854   4.91190251   4.9565309    4.96566903
   4.97882428   5.02900298   5.03575219   5.04302659   5.04666016
   5.09422533   5.11217711   5.12442757   5.13778574   5.16269108
   5.16920956   5.2138108    5.21899292   5.25411902   5.30444634
   5.31541184   5.32983352   5.33128769   5.3334771    5.38649177
   5.4438437    5.49592548   5.54726692   5.55500115   5.60234309
   5.64314667   5.65278478   5.68681091   5.69144052   5.70035275
   5.70893341   5.7509474    5.75791756   5.80183864   5.8114162
   5.84561592   5.86679112   5.8991042    5.95998172   6.00365721
   6.0525231    6.05608072   6.09465357   6.09651153   6.11691312
   6.22922783   6.42399589   6.43801593   6.56474523   7.04278963
  23.65430075  24.20283715  24.27783363  24.31530507  24.34969671
  24.50172798  24.70246382  25.15905355]
    CPU time for vj and vk     67.81 sec, wall time     67.83 sec
E_coul = 440.332748305335
Extra cycle  E= -308.883337329736  delta_E= -9.55e-12  |g|= 2.21e-06  |ddm|= 1.29e-05
    CPU time for scf_cycle   1166.83 sec, wall time   1167.52 sec
    CPU time for SCF   1166.89 sec, wall time   1167.72 sec
converged SCF energy = -308.883337329736
RHF E = -308.88333733
RHF eps = [-11.23784665 -11.23312956 -11.23295914 -11.22922737 -11.22908051
 -11.22880146 -11.2286861  -11.21781726  -1.1495715   -1.0594265
  -1.00806782  -0.97865117  -0.86112506  -0.8218054   -0.78482148
  -0.68865847  -0.63849239  -0.6325626   -0.59009959  -0.58405821
  -0.57550051  -0.54433085  -0.51924089  -0.49788964  -0.48308201
  -0.47587061  -0.47228058  -0.33320044  -0.32290829   0.12350687
   0.12360397   0.14351372   0.16599673   0.17314272   0.18309169
   0.19958609   0.20061823   0.21389872   0.23822198   0.23875693
   0.252899     0.25356539   0.28772274   0.30079949   0.31442232
   0.32917932   0.33595577   0.34387801   0.34712971   0.35519218
   0.36448574   0.37411302   0.38954464   0.39051839   0.41690596
   0.44693562   0.46568225   0.47449576   0.47533183   0.48933273
   0.49650132   0.50063197   0.51177827   0.5177194    0.54017949
   0.55830228   0.5613052    0.57049351   0.57372576   0.58893052
   0.59209476   0.59947763   0.60228498   0.61770405   0.63266392
   0.64511925   0.65961703   0.66126264   0.67873444   0.69151446
   0.7017499    0.70762875   0.73588768   0.75105576   0.76588504
   0.80673912   0.82561304   0.82743612   0.84667889   0.85469845
   0.85779931   0.88541564   0.91147175   0.91512439   0.92631167
   0.92915065   0.96255878   0.96505627   0.99261234   1.02635492
   1.0397632    1.04193741   1.05473875   1.08416025   1.10581118
   1.11836579   1.13257599   1.13777247   1.15752965   1.1782725
   1.1788445    1.18915194   1.20242716   1.20741021   1.21962189
   1.24519432   1.2720782    1.27250233   1.28520958   1.31527217
   1.33062843   1.34448598   1.34786377   1.36868477   1.38455961
   1.40106869   1.41191187   1.41878842   1.42390776   1.43254439
   1.46480986   1.4799854    1.49984315   1.50333972   1.51862507
   1.55014563   1.5560147    1.5668461    1.57463893   1.58977339
   1.5903408    1.62171767   1.63553332   1.64504485   1.64864725
   1.67101598   1.69102263   1.69846323   1.71968046   1.72240692
   1.74242715   1.76973688   1.78780393   1.79437085   1.80071499
   1.81778698   1.81816899   1.84468368   1.87858125   1.88979322
   1.90814794   1.92147966   1.94883876   1.95282447   1.99450998
   2.00779906   2.03633126   2.05866962   2.06101514   2.07993265
   2.17994004   2.20397284   2.21459414   2.25127358   2.26993506
   2.29816573   2.31969779   2.34181486   2.36936528   2.37900923
   2.42652524   2.50945836   2.54131751   2.54980778   2.58021945
   2.59734444   2.66082325   2.68112719   2.68497995   2.73591919
   2.73973634   2.77216775   2.7888289    2.84787297   2.86102193
   2.87510841   2.88745177   2.91909748   2.91995203   2.97209483
   2.98305612   2.99915554   3.01752048   3.03104361   3.06399939
   3.06840418   3.09309633   3.10718074   3.11241889   3.11758599
   3.13352948   3.15187113   3.18841556   3.19373167   3.21154271
   3.21248328   3.26032753   3.26239274   3.26326649   3.28864373
   3.30841841   3.3268028    3.33166957   3.33878724   3.34848876
   3.36088702   3.36461218   3.37452408   3.39000177   3.4032309
   3.41124882   3.43299143   3.43835991   3.46270567   3.46950476
   3.4773937    3.49199644   3.49626764   3.5036221    3.52225755
   3.52968262   3.53273838   3.54577432   3.58850525   3.61623843
   3.63096467   3.64183491   3.65388875   3.65403778   3.66019796
   3.68166563   3.70123704   3.71579155   3.71943606   3.74475826
   3.76845588   3.76993515   3.78353552   3.79681546   3.82688344
   3.8273059    3.8518093    3.8528514    3.86271176   3.88398878
   3.89917516   3.94119451   3.94861363   3.95725849   3.96331781
   3.98801197   4.01861038   4.02642972   4.06146406   4.06471895
   4.08357926   4.08872929   4.11643584   4.11793528   4.12326479
   4.14335867   4.15024412   4.15864072   4.16074113   4.18205568
   4.19981222   4.20060248   4.21320853   4.24749777   4.25944916
   4.26830938   4.28997729   4.29803096   4.31105593   4.35213182
   4.35801545   4.36068372   4.37699699   4.3923791    4.39950354
   4.42501882   4.44336353   4.44436257   4.47005122   4.47716105
   4.48883538   4.52848041   4.5317799    4.54679194   4.55278871
   4.56598609   4.58986898   4.59776529   4.60145542   4.62774624
   4.63217182   4.64471367   4.64483348   4.65614149   4.69267274
   4.72588994   4.74996856   4.79013127   4.82044075   4.85103305
   4.87415459   4.89398854   4.91190251   4.9565309    4.96566903
   4.97882428   5.02900298   5.03575219   5.04302659   5.04666016
   5.09422533   5.11217711   5.12442757   5.13778574   5.16269108
   5.16920956   5.2138108    5.21899292   5.25411902   5.30444634
   5.31541184   5.32983352   5.33128769   5.3334771    5.38649177
   5.4438437    5.49592548   5.54726692   5.55500115   5.60234309
   5.64314667   5.65278478   5.68681091   5.69144052   5.70035275
   5.70893341   5.7509474    5.75791756   5.80183864   5.8114162
   5.84561592   5.86679112   5.8991042    5.95998172   6.00365721
   6.0525231    6.05608072   6.09465357   6.09651153   6.11691312
   6.22922783   6.42399589   6.43801593   6.56474523   7.04278963
  23.65430075  24.20283715  24.27783363  24.31530507  24.34969671
  24.50172798  24.70246382  25.15905355]
    CPU time for vj and vk    104.99 sec, wall time    105.03 sec
    CPU time for transforming oopq, ovpq   1555.94 sec, wall time   1666.31 sec
    CPU time for GW integral transformation   1661.06 sec, wall time   1771.47 sec

******** <class 'pyscf.gw.gf2.GF2'> flags ********
method = GF2
GF2 nocc = 29, nvir = 359
use perturbative linearized QP eqn = False
use diagonal approximation for sigma = True
  HOMO = -0.314144506781642  LUMO = 0.056559848858369
  GW mo_energy =
[-10.69452527 -10.70275718 -10.70256077 -10.69812953 -10.71334949
 -10.69412081 -10.69433776 -10.71208924  -1.15701602  -1.05961027
  -0.92362438  -0.81868219  -0.73738074  -0.68540272  -0.66474072
  -0.59228301  -0.53982951  -0.54828793  -0.51446714  -0.50180123
  -0.49870516  -0.47146805  -0.45954941  -0.4374824   -0.42274631
  -0.413699    -0.40070471  -0.32494044  -0.31414451   0.05655985
   0.05326772   0.09630652   0.12289812   0.13206955   0.14608603
   0.15946248   0.16336768   0.17768577   0.18549857   0.19400421
   0.21073015   0.21039986   0.22946683   0.24540559   0.25692504
   0.27877249   0.25599487   0.29436407   0.27400082   0.30492849
   0.30898763   0.31051984   0.32481622   0.32625916   0.35292592
   0.36819115   0.37642047   0.38103551   0.39637866   0.40588947
   0.41203387   0.43022772   0.43744106   0.43648952   0.46974081
   0.45618087   0.48055965   0.48178069   0.46807427   0.49029546
   0.50421669   0.51380167   0.50033867   0.51915714   0.51161723
   0.56453693   0.55740105   0.55221518   0.55872102   0.58389417
   0.56718999   0.58582933   0.64729516   0.64566044   0.66393947
   0.73577641   0.8208785    0.71988398   0.73777728   0.74386957
   0.74492529   0.75588929   0.75950121   0.76134646   0.82248301
   0.80096234   0.85750821   0.86801608   0.87026651   0.94302366
   0.90677212   0.91542114   0.96771915   0.90901008   0.96654779
   0.99114763   1.02217344   1.13816532   1.03138677   1.0240824
   1.06588065   1.05412393   1.13815198   1.06496647   1.09562638
   1.24572298   1.12901155   1.16397843   1.12909645   1.1723772
   1.18534538   1.22542422   1.3481004    1.25496318   1.22987556
   1.30912237   1.41181859   1.26032937   1.42414857   1.43272376
   1.4648512    1.35208331   1.38106968   1.49976006   1.38766013
   1.44073384   1.38250499   1.56507912   1.4334889    1.49852347
   1.43746895   1.53130643   1.63579705   1.64529497   1.79128257
   1.66985405   1.69113712   1.53211659   1.71995277   1.58391984
   1.50273776   1.77001252   1.65037559   1.64088849   1.6191888
   1.68579794   1.66607012   1.65788143   1.87661665   1.88939282
   1.67922218   1.92171833   1.9490918    1.9415455    1.75108871
   1.88378286   1.79429689   1.79388591   1.82891534   1.99372601
   1.99322958   2.10992833   2.21491666   2.26833382   2.26972546
   2.08795239   2.31911678   2.24331902   2.40793434   2.37869232
   2.42610437   2.50864169   2.53470622   2.54981119   2.58051259
   2.41630339   2.53491707   2.52282948   2.68541461   2.66941926
   2.7403102    2.59568271   2.78851526   2.84818482   2.86125668
   2.85719169   2.887845     2.79335136   2.91947268   2.85738172
   2.98278909   2.9986768    2.87726159   3.03087067   3.03355725
   2.90309089   2.99833451   2.91825689   3.08814382   3.11802114
   3.11081347   3.1482184    3.12943927   3.10153959   3.02745459
   3.21279582   3.25775424   3.06230156   3.26405374   3.10028848
   3.30827586   3.23144414   3.33252839   3.33922097   3.25007897
   3.18025755   3.11337291   3.215922     3.13663262   3.40308655
   3.30789428   3.28197261   3.27993144   3.31722104   3.47122571
   3.47766086   3.49243275   3.33704982   3.50402546   3.43256428
   3.37197778   3.36822692   3.43245989   3.43001014   3.44861686
   3.5310727    3.64048034   3.44876019   3.56638126   3.5058583
   3.72317961   3.50620894   3.51768552   3.61318553   3.74528095
   3.61023167   3.57769729   3.62265108   3.81293387   3.8239986
   3.66486738   3.8517412    3.71477913   3.76561456   3.69930054
   3.78149415   3.8360985    3.98218358   3.76362969   3.87020897
   3.98710965   4.01863463   3.95636768   4.06288692   4.06652166
   4.089428     4.08933313   4.00120573   4.04025929   4.0292872
   4.03161089   4.16998483   3.96407199   4.02026067   4.17641612
   4.08935049   4.07952759   4.17919814   4.24802253   4.25861556
   4.15270468   4.29893537   4.293394     4.14270258   4.1999103
   4.27463798   4.36099854   4.21710506   4.39289803   4.39864612
   4.30092159   4.44324594   4.44516229   4.46956262   4.47790237
   4.2520437    4.42078464   4.49539743   4.30686645   4.53238033
   4.37033536   4.590541     4.59809119   4.61317053   4.65995065
   4.63272515   4.55162704   4.46990731   4.55487307   4.5464024
   4.72639144   4.666038     4.7919409    4.69911969   4.85094502
   4.87474507   4.89409205   4.90786404   4.95787273   4.8260717
   4.97875607   5.0296101    5.03575228   5.04327675   5.03707721
   5.09475257   5.11580115   5.12479047   5.01577854   5.1637556
   5.04848745   5.21416702   5.22128728   5.17188571   5.22837915
   5.19871658   5.33046413   5.33420775   5.33669612   5.38960948
   5.44454467   5.49652789   5.54711737   5.49573694   5.6024019
   5.58953838   5.6537121    5.73229906   5.69122722   5.70167869
   5.70830993   5.75168602   5.7551164    5.80260007   5.81060432
   5.84574992   5.86687558   5.79264842   5.95843905   6.00418267
   6.05321534   6.05878262   6.09194146   5.87580409   6.11736526
   6.22930647   6.34668423   6.4377776    6.61545401   7.04357219
  23.26634423  23.7062508   23.76741687  24.31490914  23.83756866
  24.0190796   24.24445869  25.31713852]
    CPU time for GF2   5764.08 sec, wall time   5983.29 sec
    CPU time for vj and vk    108.66 sec, wall time    108.71 sec
    CPU time for transforming oopq, ovpq   1596.57 sec, wall time   1717.89 sec
    CPU time for GW integral transformation   1705.36 sec, wall time   1826.74 sec

******** <class 'pyscf.gw.gf2.GF2'> flags ********
method = GF2
GF2 nocc = 29, nvir = 359
use perturbative linearized QP eqn = False
use diagonal approximation for sigma = True
  HOMO = -0.314144506781642  LUMO = 0.056559848858369
  GW mo_energy =
[ 0.          0.          0.          0.          0.          0.          0.
  0.          0.          0.          0.          0.          0.          0.
  0.          0.          0.          0.          0.          0.          0.
  0.          0.          0.          0.          0.          0.          0.
 -0.31414451  0.05655985  0.          0.          0.          0.          0.
  0.          0.          0.          0.          0.          0.          0.
  0.          0.          0.          0.          0.          0.          0.
  0.          0.          0.          0.          0.          0.          0.
  0.          0.          0.          0.          0.          0.          0.
  0.          0.          0.          0.          0.          0.          0.
  0.          0.          0.          0.          0.          0.          0.
  0.          0.          0.          0.          0.          0.          0.
  0.          0.          0.          0.          0.          0.          0.
  0.          0.          0.          0.          0.          0.          0.
  0.          0.          0.          0.          0.          0.          0.
  0.          0.          0.          0.          0.          0.          0.
  0.          0.          0.          0.          0.          0.          0.
  0.          0.          0.          0.          0.          0.          0.
  0.          0.          0.          0.          0.          0.          0.
  0.          0.          0.          0.          0.          0.          0.
  0.          0.          0.          0.          0.          0.          0.
  0.          0.          0.          0.          0.          0.          0.
  0.          0.          0.          0.          0.          0.          0.
  0.          0.          0.          0.          0.          0.          0.
  0.          0.          0.          0.          0.          0.          0.
  0.          0.          0.          0.          0.          0.          0.
  0.          0.          0.          0.          0.          0.          0.
  0.          0.          0.          0.          0.          0.          0.
  0.          0.          0.          0.          0.          0.          0.
  0.          0.          0.          0.          0.          0.          0.
  0.          0.          0.          0.          0.          0.          0.
  0.          0.          0.          0.          0.          0.          0.
  0.          0.          0.          0.          0.          0.          0.
  0.          0.          0.          0.          0.          0.          0.
  0.          0.          0.          0.          0.          0.          0.
  0.          0.          0.          0.          0.          0.          0.
  0.          0.          0.          0.          0.          0.          0.
  0.          0.          0.          0.          0.          0.          0.
  0.          0.          0.          0.          0.          0.          0.
  0.          0.          0.          0.          0.          0.          0.
  0.          0.          0.          0.          0.          0.          0.
  0.          0.          0.          0.          0.          0.          0.
  0.          0.          0.          0.          0.          0.          0.
  0.          0.          0.          0.          0.          0.          0.
  0.          0.          0.          0.          0.          0.          0.
  0.          0.          0.          0.          0.          0.          0.
  0.          0.          0.          0.          0.          0.          0.
  0.          0.          0.          0.          0.          0.          0.
  0.          0.          0.          0.          0.          0.          0.
  0.          0.          0.          0.          0.          0.          0.
  0.          0.          0.          0.          0.          0.          0.
  0.          0.          0.          0.          0.          0.          0.
  0.          0.          0.          0.          0.          0.          0.
  0.          0.          0.          0.          0.          0.          0.
  0.          0.          0.          0.          0.          0.          0.
  0.          0.          0.        ]
    CPU time for GF2      5.92 sec, wall time     78.33 sec
IP root 0 E =  -0.314144506782
EA root 0 E =  0.0565598488584
