

******** <class 'pyscf.scf.hf.RHF'> flags ********
method = RHF
initial guess = minao
damping factor = 0
level shift factor = 0
DIIS = <class 'pyscf.scf.diis.CDIIS'>
DIIS start cycle = 1
DIIS space = 8
SCF tol = 1e-09
SCF gradient tol = None
max. SCF cycles = 50
direct_scf = True
direct_scf_tol = 1e-13
chkfile to save SCF result = /tmp/tmpTbJ5Qr
max_memory 4000 MB (current use 76 MB)
Set gradient conv threshold to 3.16228e-05
Nelec from initial guess = 41.9915735112
cond(S) = 3706.07466662
E_coul = 373.374414832595
init E= -436.742112285109
    CPU time for initialize scf      4.84 sec, wall time      4.85 sec
  HOMO = -0.610447257207964  LUMO = 0.173800168942438
  mo_energy =
[-26.45701778 -26.4562849  -26.4562849  -26.4562849  -11.44941546
  -2.13527179  -1.7642435   -1.7642435   -1.7642435   -1.03841406
  -0.86433117  -0.86433117  -0.86433117  -0.71805509  -0.71805509
  -0.66520152  -0.66520152  -0.66520152  -0.61044726  -0.61044726
  -0.61044726   0.17380017   0.26152895   0.26152895   0.26152895
   0.34368298   0.41521914   0.41521914   0.41521914   0.62160985
   0.62160985   0.62160985   0.64157793   0.64257815   0.64257815
   0.82784879   0.82784879   0.82784879   0.9292947    0.9292947
   0.9292947    1.05890407   1.05890407   1.05890407   1.09305009
   1.09441579   1.09441579   1.19712071   1.19712071   1.19712071
   1.76214259   1.91405012   1.91405012   1.91405012   2.13470467
   2.13470467   2.13470467   2.18920385   2.18920385   2.38039712
   2.38039712   2.38039712   2.59093896   2.59093896   2.59093896
   2.69627395   2.69627395   2.69627395   2.83974045   2.83974045
   2.83974045   2.86261944   2.93444845   2.93444845   3.35934548
   3.35934548   3.46916203   3.46916203   3.46916203   3.49646801
   3.49646801   3.49646801   3.630941     3.630941     3.630941
   4.01694121   4.01694121   4.01694121   4.02593055   4.18057489
   4.18057489   4.18057489   4.18363015   4.18363015   4.27613634
   4.27613634   4.27613634   4.2950723    5.07542544   5.55378539
   5.55378539   5.55378539   7.22395132   7.22395132   7.22395132
   7.25261679   7.25261679   7.25261679   7.25310412   7.25625991
   7.25625991   7.25625991   7.2720126    7.2855662    7.2855662
   7.36739906   7.36739906   7.36739906   7.54458782   7.54458782
   7.54458782   7.61234937   7.61234937   7.65488421   8.05767308
   8.05767308   8.05767308   8.12236886   8.12236886   8.12236886
   8.75136345   8.75136345   8.79441774   8.79441774   8.79441774
   9.00650956   9.00650956   9.00650956   9.20417261   9.20417261
   9.20417261   9.34320638   9.34320638   9.34320638   9.41215621
   9.48613773   9.48613773   9.48613773   9.62211203   9.62211203
  24.26852839  58.62485854  58.62485854  58.62485854  58.76639784]
E_coul = 373.633226899807
cycle= 1 E= -435.668137424588  delta_E= 1.07  |g|= 0.982  |ddm|= 1.84
    CPU time for cycle= 1      0.37 sec, wall time      0.38 sec
diis-norm(errvec)=2.5453
diis-c [-6.4785626  1.       ]
  HOMO = -0.684821790598066  LUMO = 0.190113325304864
  mo_energy =
[-26.29576293 -26.29576293 -26.29576293 -26.29570969 -12.02138663
  -1.87275394  -1.71460793  -1.71460793  -1.71460793  -1.05049119
  -0.9309484   -0.9309484   -0.9309484   -0.77398269  -0.77398269
  -0.73100557  -0.73100557  -0.73100557  -0.68482179  -0.68482179
  -0.68482179   0.19011333   0.24757358   0.24757358   0.24757358
   0.30251922   0.30251922   0.30251922   0.3286122    0.63298779
   0.63298779   0.63298779   0.6454396    0.6454396    0.6527051
   0.83563084   0.83563084   0.83563084   0.9225416    0.9225416
   0.9225416    0.98726895   0.98726895   1.04654028   1.04654028
   1.04654028   1.08069982   1.08069982   1.08069982   1.08130295
   1.6262185    1.76702579   1.76702579   1.76702579   2.096427     2.096427
   2.096427     2.17878286   2.17878286   2.35400712   2.35400712
   2.35400712   2.48482504   2.48482504   2.48482504   2.63313289
   2.63313289   2.63313289   2.82653174   2.82653174   2.82653174
   2.87503501   2.93164979   2.93164979   3.11613531   3.11613531
   3.34867549   3.34867549   3.34867549   3.49018901   3.49018901
   3.49018901   3.58602397   3.58602397   3.58602397   3.88311537
   4.02062177   4.02062177   4.02062177   4.06164568   4.06164568
   4.06164568   4.19784907   4.19784907   4.27208863   4.27208863
   4.27208863   4.30168264   4.99333063   5.46623945   5.46623945
   5.46623945   7.25799009   7.25799009   7.25799009   7.31081294
   7.31081294   7.31081294   7.31204951   7.31465696   7.31465696
   7.31465696   7.32155975   7.32155975   7.32815095   7.3760546
   7.3760546    7.3760546    7.55471302   7.55471302   7.55471302
   7.60675247   7.60675247   7.64347261   8.04673174   8.04673174
   8.04673174   8.09217215   8.09217215   8.09217215   8.8440614
   8.8440614    8.88607033   8.88607033   8.88607033   9.10301965
   9.10301965   9.10301965   9.28996442   9.28996442   9.28996442
   9.42218413   9.42218413   9.42218413   9.47787021   9.55307965
   9.55307965   9.55307965   9.69942463   9.69942463  23.73648138
  58.77138599  58.77138599  58.77138599  58.91222826]
E_coul = 374.24352603432
cycle= 2 E= -435.787093777937  delta_E= -0.119  |g|= 0.598  |ddm|= 0.732
    CPU time for cycle= 2      0.39 sec, wall time      0.38 sec
diis-norm(errvec)=1.53174
diis-c [-0.21620396  0.3683702   0.6316298 ]
  HOMO = -0.693115650901718  LUMO = 0.208445963189477
  mo_energy =
[-26.40153219 -26.40153219 -26.40153219 -26.40148249 -11.6355102
  -1.81502661  -1.69033163  -1.69033163  -1.69033163  -1.02405182
  -0.90001485  -0.90001485  -0.90001485  -0.77253699  -0.77253699
  -0.7231974   -0.7231974   -0.7231974   -0.69311565  -0.69311565
  -0.69311565   0.20844596   0.27537171   0.27537171   0.27537171
   0.41513421   0.41513421   0.41513421   0.42855525   0.63621585
   0.63621585   0.63621585   0.65036533   0.65036533   0.66887544
   0.83735879   0.83735879   0.83735879   0.93467666   0.93467666
   0.93467666   1.06609846   1.06609846   1.06635822   1.06635822
   1.06635822   1.10023286   1.16212625   1.16212625   1.16212625
   1.71331091   1.86637974   1.86637974   1.86637974   2.13462955
   2.13462955   2.13462955   2.20020195   2.20020195   2.38343262
   2.38343262   2.38343262   2.57588365   2.57588365   2.57588365
   2.67731245   2.67731245   2.67731245   2.84875775   2.84875775
   2.84875775   2.88513814   2.95432733   2.95432733   3.26260353
   3.26260353   3.44988327   3.44988327   3.44988327   3.49116989
   3.49116989   3.49116989   3.62494564   3.62494564   3.62494564
   3.99453481   4.03565037   4.03565037   4.03565037   4.14145373
   4.14145373   4.14145373   4.20496987   4.20496987   4.2807384
   4.2807384    4.2807384    4.29486891   5.05937711   5.53532298
   5.53532298   5.53532298   7.26038943   7.26038943   7.26038943
   7.30484685   7.30484685   7.30484685   7.30574085   7.30861933
   7.30861933   7.30861933   7.32299433   7.32299433   7.32328396
   7.39131799   7.39131799   7.39131799   7.57041573   7.57041573
   7.57041573   7.63015057   7.63015057   7.67018229   8.07198704
   8.07198704   8.07198704   8.12979524   8.12979524   8.12979524
   8.81064902   8.81064902   8.85345651   8.85345651   8.85345651
   9.06798293   9.06798293   9.06798293   9.25731526   9.25731526
   9.25731526   9.39306843   9.39306843   9.39306843   9.455759
   9.52948026   9.52948026   9.52948026   9.67124797   9.67124797
  24.09388192  58.67366314  58.67366314  58.67366314  58.81492951]
E_coul = 374.786468887301
cycle= 3 E= -435.837743768132  delta_E= -0.0506  |g|= 0.0612  |ddm|= 0.229
    CPU time for cycle= 3      0.38 sec, wall time      0.38 sec
diis-norm(errvec)=0.124323
diis-c [-0.0128935  -0.03564784 -0.03026501  1.06591285]
  HOMO = -0.679399491523129  LUMO = 0.212339830608861
  mo_energy =
[-26.36215335 -26.36215335 -26.36215335 -26.36210803 -11.61112462
  -1.79748214  -1.67336043  -1.67336043  -1.67336043  -1.00778085
  -0.88503006  -0.88503006  -0.88503006  -0.75880075  -0.75880075
  -0.70773743  -0.70773743  -0.70773743  -0.67939949  -0.67939949
  -0.67939949   0.21233983   0.27840931   0.27840931   0.27840931
   0.4325533    0.4325533    0.4325533    0.44899968   0.64142202
   0.64142202   0.64142202   0.65446372   0.65446372   0.67790147
   0.84145441   0.84145441   0.84145441   0.93874322   0.93874322
   0.93874322   1.0724839    1.0724839    1.0724839    1.07743277
   1.07743277   1.10648293   1.17334954   1.17334954   1.17334954
   1.7218074    1.87815965   1.87815965   1.87815965   2.14669901
   2.14669901   2.14669901   2.21172073   2.21172073   2.39597192
   2.39597192   2.39597192   2.58831925   2.58831925   2.58831925
   2.69145129   2.69145129   2.69145129   2.86069103   2.86069103
   2.86069103   2.89741823   2.96610652   2.96610652   3.27827919
   3.27827919   3.46382282   3.46382282   3.46382282   3.50680734
   3.50680734   3.50680734   3.64145782   3.64145782   3.64145782
   4.01072508   4.05130347   4.05130347   4.05130347   4.15584801
   4.15584801   4.15584801   4.22177392   4.22177392   4.29665165
   4.29665165   4.29665165   4.30943467   5.07860461   5.55458476
   5.55458476   5.55458476   7.277225     7.277225     7.277225
   7.32155642   7.32155642   7.32155642   7.322441     7.32533305
   7.32533305   7.32533305   7.33978871   7.33978871   7.34003896
   7.40882839   7.40882839   7.40882839   7.58821332   7.58821332
   7.58821332   7.64832706   7.64832706   7.68834895   8.0909636
   8.0909636    8.0909636    8.14908224   8.14908224   8.14908224
   8.83332127   8.83332127   8.87602915   8.87602915   8.87602915
   9.09015895   9.09015895   9.09015895   9.27828086   9.27828086
   9.27828086   9.4147406    9.4147406    9.4147406    9.47824748
   9.55161111   9.55161111   9.55161111   9.69296117   9.69296117
  24.11750891  58.71118485  58.71118485  58.71118485  58.85244796]
E_coul = 374.509739068156
cycle= 4 E= -435.838642750169  delta_E= -0.000899  |g|= 0.0231  |ddm|= 0.0554
    CPU time for cycle= 4      0.39 sec, wall time      0.39 sec
diis-norm(errvec)=0.0518488
diis-c [ -6.67009988e-04  -3.36529943e-02  -6.36795508e-02   1.44347117e-01
   9.52985428e-01]
  HOMO = -0.684848602319475  LUMO = 0.211570410558325
  mo_energy =
[-26.374754   -26.374754   -26.374754   -26.3747102  -11.61178545
  -1.80198314  -1.67810487  -1.67810487  -1.67810487  -1.0108654
  -0.8886619   -0.8886619   -0.8886619   -0.76382307  -0.76382307
  -0.71227162  -0.71227162  -0.71227162  -0.6848486   -0.6848486
  -0.6848486    0.21157041   0.27745746   0.27745746   0.27745746
   0.43004666   0.43004666   0.43004666   0.44704497   0.64023173
   0.64023173   0.64023173   0.65314344   0.65314344   0.67644578
   0.8402811    0.8402811    0.8402811    0.93766687   0.93766687
   0.93766687   1.0709696    1.0709696    1.0709696    1.07426817
   1.07426817   1.10522753   1.17095156   1.17095156   1.17095156
   1.72011956   1.87569095   1.87569095   1.87569095   2.14363486
   2.14363486   2.14363486   2.20872358   2.20872358   2.39273423
   2.39273423   2.39273423   2.58558312   2.58558312   2.58558312
   2.68823924   2.68823924   2.68823924   2.85772066   2.85772066
   2.85772066   2.894628     2.96305425   2.96305425   3.27568612
   3.27568612   3.46112177   3.46112177   3.46112177   3.50236768
   3.50236768   3.50236768   3.63696781   3.63696781   3.63696781
   4.0070719    4.04746541   4.04746541   4.04746541   4.15226235
   4.15226235   4.15226235   4.21676847   4.21676847   4.2924934
   4.2924934    4.2924934    4.30584146   5.07348522   5.54963663
   5.54963663   5.54963663   7.27285794   7.27285794   7.27285794
   7.31753773   7.31753773   7.31753773   7.31843553   7.3213164
   7.3213164    7.3213164    7.33542109   7.33542109   7.33599428
   7.40411336   7.40411336   7.40411336   7.58350078   7.58350078
   7.58350078   7.64344149   7.64344149   7.68360767   8.08565728
   8.08565728   8.08565728   8.14406272   8.14406272   8.14406272
   8.82707272   8.82707272   8.86984259   8.86984259   8.86984259
   9.0841596    9.0841596    9.0841596    9.27256403   9.27256403
   9.27256403   9.40870935   9.40870935   9.40870935   9.47199552
   9.54543472   9.54543472   9.54543472   9.68686958   9.68686958
  24.11642425  58.69928333  58.69928333  58.69928333  58.84054993]
E_coul = 374.624927803205
cycle= 5 E= -435.838760156455  delta_E= -0.000117  |g|= 0.0035  |ddm|= 0.0183
    CPU time for cycle= 5      0.38 sec, wall time      0.38 sec
diis-norm(errvec)=0.00906677
diis-c [ -1.24458662e-05   1.35168755e-02   2.09296012e-02  -1.03286854e-01
  -2.73609681e-01   1.34245006e+00]
  HOMO = -0.684945637399479  LUMO = 0.211588778544473
  mo_energy =
[-26.37401794 -26.37401794 -26.37401794 -26.37397426 -11.60985362
  -1.80157796  -1.67774401  -1.67774401  -1.67774401  -1.01032084
  -0.88802847  -0.88802847  -0.88802847  -0.7638561   -0.7638561
  -0.71193491  -0.71193491  -0.71193491  -0.68494564  -0.68494564
  -0.68494564   0.21158878   0.27742167   0.27742167   0.27742167
   0.43030714   0.43030714   0.43030714   0.44731379   0.6402726
   0.6402726    0.6402726    0.65312763   0.65312763   0.67668      0.84027304
   0.84027304   0.84027304   0.93766568   0.93766568   0.93766568
   1.07102674   1.07102674   1.07102674   1.07430806   1.07430806
   1.10530771   1.17115551   1.17115551   1.17115551   1.72030509
   1.87596587   1.87596587   1.87596587   2.14377473   2.14377473
   2.14377473   2.20883713   2.20883713   2.39284938   2.39284938
   2.39284938   2.5857807    2.5857807    2.5857807    2.68848037
   2.68848037   2.68848037   2.85783226   2.85783226   2.85783226
   2.8947312    2.96315996   2.96315996   3.27612476   3.27612476
   3.46143997   3.46143997   3.46143997   3.50251563   3.50251563
   3.50251563   3.63717784   3.63717784   3.63717784   4.00736802
   4.04766899   4.04766899   4.04766899   4.15247638   4.15247638
   4.15247638   4.21692486   4.21692486   4.29270729   4.29270729
   4.29270729   4.30604934   5.07379639   5.54994622   5.54994622
   5.54994622   7.27297116   7.27297116   7.27297116   7.31778407
   7.31778407   7.31778407   7.31868597   7.32156505   7.32156505
   7.32156505   7.33553985   7.33553985   7.33623762   7.40420381
   7.40420381   7.40420381   7.58364136   7.58364136   7.58364136
   7.64355689   7.64355689   7.68372237   8.08580462   8.08580462
   8.08580462   8.14423418   8.14423418   8.14423418   8.82739583
   8.82739583   8.87016955   8.87016955   8.87016955   9.08448111
   9.08448111   9.08448111   9.27272076   9.27272076   9.27272076
   9.40888694   9.40888694   9.40888694   9.47217355   9.54560022
   9.54560022   9.54560022   9.68705866   9.68705866  24.11814326
  58.69996217  58.69996217  58.69996217  58.84122983]
E_coul = 374.620333945186
cycle= 6 E= -435.838766013651  delta_E= -5.86e-06  |g|= 0.00038  |ddm|= 0.0042
    CPU time for cycle= 6      0.38 sec, wall time      0.38 sec
diis-norm(errvec)=0.000949775
diis-c [ -2.36787617e-07  -1.69533905e-03  -2.57599038e-03   1.45211937e-02
   3.66386974e-02  -2.61684482e-01   1.21479592e+00]
  HOMO = -0.684913565291517  LUMO = 0.211613949751793
  mo_energy =
[-26.37394189 -26.37394189 -26.37394189 -26.3738982  -11.60957972
  -1.80150727  -1.6776819   -1.6776819   -1.6776819   -1.01029181
  -0.88797442  -0.88797442  -0.88797442  -0.76381912  -0.76381912
  -0.71187073  -0.71187073  -0.71187073  -0.68491357  -0.68491357
  -0.68491357   0.21161395   0.27744025   0.27744025   0.27744025
   0.43049413   0.43049413   0.43049413   0.44743664   0.64030681
   0.64030681   0.64030681   0.65314677   0.65314677   0.67675064
   0.84028915   0.84028915   0.84028915   0.93769205   0.93769205
   0.93769205   1.07106918   1.07106918   1.07106918   1.07441264
   1.07441264   1.10535321   1.17128401   1.17128401   1.17128401
   1.72039984   1.8760883    1.8760883    1.8760883    2.1438568
   2.1438568    2.1438568    2.20890578   2.20890578   2.3929292
   2.3929292    2.3929292    2.5858825    2.5858825    2.5858825
   2.68858915   2.68858915   2.68858915   2.85790587   2.85790587
   2.85790587   2.89479777   2.96321603   2.96321603   3.27630002
   3.27630002   3.46157359   3.46157359   3.46157359   3.50257948
   3.50257948   3.50257948   3.637273     3.637273     3.637273
   4.00751357   4.04775153   4.04775153   4.04775153   4.15260107
   4.15260107   4.15260107   4.2170036    4.2170036    4.29279147
   4.29279147   4.29279147   4.3061239    5.07391719   5.55007266
   5.55007266   5.55007266   7.27304898   7.27304898   7.27304898
   7.31785963   7.31785963   7.31785963   7.31876138   7.32164058
   7.32164058   7.32164058   7.33561736   7.33561736   7.3363138
   7.40428877   7.40428877   7.40428877   7.58372918   7.58372918
   7.58372918   7.64364886   7.64364886   7.68381399   8.08590049
   8.08590049   8.08590049   8.14433713   8.14433713   8.14433713
   8.82747135   8.82747135   8.87024525   8.87024525   8.87024525
   9.08455502   9.08455502   9.08455502   9.27279412   9.27279412
   9.27279412   9.40896295   9.40896295   9.40896295   9.472253
   9.54567836   9.54567836   9.54567836   9.6871348    9.6871348
  24.11840504  58.70003757  58.70003757  58.70003757  58.84130536]
E_coul = 374.620617717277
cycle= 7 E= -435.838766069542  delta_E= -5.59e-08  |g|= 5.11e-05  |ddm|= 0.000405
    CPU time for cycle= 7      0.37 sec, wall time      0.38 sec
diis-norm(errvec)=0.000116142
diis-c [ -5.29025337e-09   9.13463746e-05   9.83549946e-05  -5.22551714e-04
  -1.61958222e-03   1.44213746e-02  -1.28631345e-01   1.11616240e+00]
  HOMO = -0.684910018950229  LUMO = 0.211613352426213
  mo_energy =
[-26.37393021 -26.37393021 -26.37393021 -26.37388652 -11.60953882
  -1.80150109  -1.67767724  -1.67767724  -1.67767724  -1.01027815
  -0.8879599   -0.8879599   -0.8879599   -0.76381454  -0.76381454
  -0.71186104  -0.71186104  -0.71186104  -0.68491002  -0.68491002
  -0.68491002   0.21161335   0.27743987   0.27743987   0.27743987
   0.43049595   0.43049595   0.43049595   0.44743611   0.64030923
   0.64030923   0.64030923   0.65314706   0.65314706   0.67675388
   0.84028984   0.84028984   0.84028984   0.93769322   0.93769322
   0.93769322   1.07106995   1.07106995   1.07106995   1.07441527
   1.07441527   1.10535468   1.17128718   1.17128718   1.17128718
   1.72040388   1.87609536   1.87609536   1.87609536   2.14385985
   2.14385985   2.14385985   2.20890864   2.20890864   2.39293215
   2.39293215   2.39293215   2.58588837   2.58588837   2.58588837
   2.68859427   2.68859427   2.68859427   2.8579097    2.8579097
   2.8579097    2.8948031    2.96321987   2.96321987   3.27631042
   3.27631042   3.46158171   3.46158171   3.46158171   3.50258419
   3.50258419   3.50258419   3.63727784   3.63727784   3.63727784
   4.007521     4.04775712   4.04775712   4.04775712   4.15260622
   4.15260622   4.15260622   4.217007     4.217007     4.2927958
   4.2927958    4.2927958    4.30612887   5.07392148   5.5500778
   5.5500778    5.5500778    7.27305273   7.27305273   7.27305273
   7.31786357   7.31786357   7.31786357   7.31876531   7.32164451
   7.32164451   7.32164451   7.33562109   7.33562109   7.33631775
   7.40429267   7.40429267   7.40429267   7.58373311   7.58373311
   7.58373311   7.6436529    7.6436529    7.68381865   8.08590435
   8.08590435   8.08590435   8.14434193   8.14434193   8.14434193
   8.82747698   8.82747698   8.87025088   8.87025088   8.87025088
   9.08456078   9.08456078   9.08456078   9.27279999   9.27279999
   9.27279999   9.40896865   9.40896865   9.40896865   9.47225897
   9.54568431   9.54568431   9.54568431   9.68714031   9.68714031
  24.11844281  58.70004893  58.70004893  58.70004893  58.84131675]
E_coul = 374.620562040256
cycle= 8 E= -435.838766070218  delta_E= -6.76e-10  |g|= 7.42e-06  |ddm|= 5e-05
    CPU time for cycle= 8      0.38 sec, wall time      0.38 sec
  HOMO = -0.684911658974703  LUMO = 0.211612975321827
  mo_energy =
[-26.37393469 -26.37393469 -26.37393469 -26.373891   -11.60954746
  -1.80150343  -1.6776795   -1.6776795   -1.6776795   -1.01028027
  -0.88796202  -0.88796202  -0.88796202  -0.76381611  -0.76381611
  -0.71186275  -0.71186275  -0.71186275  -0.68491166  -0.68491166
  -0.68491166   0.21161298   0.27743947   0.27743947   0.27743947
   0.43049366   0.43049366   0.43049366   0.44743395   0.64030882
   0.64030882   0.64030882   0.65314661   0.65314661   0.67675328
   0.84028942   0.84028942   0.84028942   0.93769276   0.93769276
   0.93769276   1.07106934   1.07106934   1.07106934   1.07441377
   1.07441377   1.10535399   1.17128567   1.17128567   1.17128567
   1.72040246   1.87609337   1.87609337   1.87609337   2.14385865
   2.14385865   2.14385865   2.20890762   2.20890762   2.39293089
   2.39293089   2.39293089   2.58588659   2.58588659   2.58588659
   2.68859249   2.68859249   2.68859249   2.85790844   2.85790844
   2.85790844   2.89480172   2.96321864   2.96321864   3.27630744
   3.27630744   3.46157939   3.46157939   3.46157939   3.50258247
   3.50258247   3.50258247   3.6372759    3.6372759    3.6372759
   4.00751867   4.04775527   4.04775527   4.04775527   4.15260429
   4.15260429   4.15260429   4.21700526   4.21700526   4.29279395
   4.29279395   4.29279395   4.30612705   5.07391936   5.55007562
   5.55007562   5.55007562   7.27305132   7.27305132   7.27305132
   7.31786236   7.31786236   7.31786236   7.31876412   7.32164331
   7.32164331   7.32164331   7.33561969   7.33561969   7.33631653
   7.40429112   7.40429112   7.40429112   7.58373159   7.58373159
   7.58373159   7.64365128   7.64365128   7.68381685   8.08590276
   8.08590276   8.08590276   8.14434004   8.14434004   8.14434004
   8.82747496   8.82747496   8.87024887   8.87024887   8.87024887
   9.08455874   9.08455874   9.08455874   9.27279774   9.27279774
   9.27279774   9.40896642   9.40896642   9.40896642   9.4722566
   9.54568196   9.54568196   9.54568196   9.68713814   9.68713814
  24.11843475  58.70004466  58.70004466  58.70004466  58.84131248]
E_coul = 374.620599882185
Extra cycle  E= -435.838766070231  delta_E= -1.23e-11  |g|= 2.34e-06  |ddm|= 6.47e-06
    CPU time for scf_cycle      8.26 sec, wall time      8.28 sec
    CPU time for SCF      8.26 sec, wall time      8.43 sec
converged SCF energy = -435.838766070231
RHF E = -435.83876607
RHF eps = [-26.37393469 -26.37393469 -26.37393469 -26.373891   -11.60954746
  -1.80150343  -1.6776795   -1.6776795   -1.6776795   -1.01028027
  -0.88796202  -0.88796202  -0.88796202  -0.76381611  -0.76381611
  -0.71186275  -0.71186275  -0.71186275  -0.68491166  -0.68491166
  -0.68491166   0.21161298   0.27743947   0.27743947   0.27743947
   0.43049366   0.43049366   0.43049366   0.44743395   0.64030882
   0.64030882   0.64030882   0.65314661   0.65314661   0.67675328
   0.84028942   0.84028942   0.84028942   0.93769276   0.93769276
   0.93769276   1.07106934   1.07106934   1.07106934   1.07441377
   1.07441377   1.10535399   1.17128567   1.17128567   1.17128567
   1.72040246   1.87609337   1.87609337   1.87609337   2.14385865
   2.14385865   2.14385865   2.20890762   2.20890762   2.39293089
   2.39293089   2.39293089   2.58588659   2.58588659   2.58588659
   2.68859249   2.68859249   2.68859249   2.85790844   2.85790844
   2.85790844   2.89480172   2.96321864   2.96321864   3.27630744
   3.27630744   3.46157939   3.46157939   3.46157939   3.50258247
   3.50258247   3.50258247   3.6372759    3.6372759    3.6372759
   4.00751867   4.04775527   4.04775527   4.04775527   4.15260429
   4.15260429   4.15260429   4.21700526   4.21700526   4.29279395
   4.29279395   4.29279395   4.30612705   5.07391936   5.55007562
   5.55007562   5.55007562   7.27305132   7.27305132   7.27305132
   7.31786236   7.31786236   7.31786236   7.31876412   7.32164331
   7.32164331   7.32164331   7.33561969   7.33561969   7.33631653
   7.40429112   7.40429112   7.40429112   7.58373159   7.58373159
   7.58373159   7.64365128   7.64365128   7.68381685   8.08590276
   8.08590276   8.08590276   8.14434004   8.14434004   8.14434004
   8.82747496   8.82747496   8.87024887   8.87024887   8.87024887
   9.08455874   9.08455874   9.08455874   9.27279774   9.27279774
   9.27279774   9.40896642   9.40896642   9.40896642   9.4722566
   9.54568196   9.54568196   9.54568196   9.68713814   9.68713814
  24.11843475  58.70004466  58.70004466  58.70004466  58.84131248]
    CPU time for transforming oopq, ovpq     37.34 sec, wall time     42.10 sec
    CPU time for GW integral transformation     37.72 sec, wall time     42.47 sec

******** <class 'pyscf.gw.gf2.GF2'> flags ********
method = GF2
GF2 nocc = 21, nvir = 134
use perturbative linearized QP eqn = False
use diagonal approximation for sigma = True
  HOMO = -0.556042765256498  LUMO = 0.180143326986334
  GW mo_energy =
[-25.47154499 -25.47154499 -25.47154499 -25.47148262 -11.17307789
  -1.56667496  -1.45187888  -1.45187888  -1.45187888  -0.8896833
  -0.77605721  -0.77605721  -0.77605721  -0.63298031  -0.63298031
  -0.60319399  -0.60319399  -0.60319399  -0.55604277  -0.55604277
  -0.55604277   0.18014333   0.25462483   0.25462483   0.25462483
   0.31687782   0.31687782   0.31687782   0.34101071   0.59240515
   0.59240515   0.59240515   0.61654846   0.61654846   0.60243839
   0.80011371   0.80011371   0.80011371   0.89560073   0.89560073
   0.89560073   1.006076     1.006076     1.006076     0.98150477
   0.98150477   1.03434782   1.05682629   1.05682629   1.05682629
   1.59837305   1.79736979   1.79736979   1.79736979   2.01658902
   2.01658902   2.01658902   2.08583509   2.08583508   2.39485001
   2.39485001   2.39485001   2.43990325   2.44354633   2.44889914
   2.68387032   2.68387032   2.68387032   2.7222243    2.73942657
   2.73942657   2.77026082   2.83613353   2.85932265   3.27660392
   3.27660392   3.26871975   3.29835782   3.36096258   3.2566949
   3.26798848   3.26798848   3.44256956   3.44256956   3.44256956
   4.00933418   4.02856634   4.02856634   4.02856634   4.15398728
   4.15398728   4.15398728   4.21726483   4.21726483   4.29301276
   4.29301276   4.29301276   4.08949633   4.88633605   5.55017286
   5.55017286   5.55017286   7.06758078   7.15739363   7.10160836
   7.16703743   7.16703743   7.16703743   7.1573629    7.16773671
   7.16885716   7.21491022   7.33067205   7.33067205   7.14394559
   7.24238589   7.30704088   7.27636354   7.3965452    7.3965452
   7.3965452    7.53255507   7.53255509   7.5292158    7.84713977
   7.84480155   7.84480155   7.92471401   7.92228286   7.92471401
   8.52221707   8.55995089   8.58380749   8.55346817   8.57060406
   8.75484736   8.73799966   8.74740892   9.27558144   9.27558144
   9.27558144   9.0898054    8.9720863    9.03976657   9.14055795
   9.25340256   9.25340256   9.2318893    9.20446981   9.32442435
  23.72745737  57.87053845  57.87053845  57.87053845  57.97921467]
    CPU time for GF2    195.48 sec, wall time    195.54 sec
    CPU time for transforming oopq, ovpq     38.35 sec, wall time     38.36 sec
    CPU time for GW integral transformation     38.73 sec, wall time     38.74 sec

******** <class 'pyscf.gw.gf2.GF2'> flags ********
method = GF2
GF2 nocc = 21, nvir = 134
use perturbative linearized QP eqn = False
use diagonal approximation for sigma = True
  HOMO = -0.556042765256498  LUMO = 0.180143326986334
  GW mo_energy =
[ 0.          0.          0.          0.          0.          0.          0.
  0.          0.          0.          0.          0.          0.          0.
  0.          0.          0.          0.          0.          0.
 -0.55604277  0.18014333  0.          0.          0.          0.          0.
  0.          0.          0.          0.          0.          0.          0.
  0.          0.          0.          0.          0.          0.          0.
  0.          0.          0.          0.          0.          0.          0.
  0.          0.          0.          0.          0.          0.          0.
  0.          0.          0.          0.          0.          0.          0.
  0.          0.          0.          0.          0.          0.          0.
  0.          0.          0.          0.          0.          0.          0.
  0.          0.          0.          0.          0.          0.          0.
  0.          0.          0.          0.          0.          0.          0.
  0.          0.          0.          0.          0.          0.          0.
  0.          0.          0.          0.          0.          0.          0.
  0.          0.          0.          0.          0.          0.          0.
  0.          0.          0.          0.          0.          0.          0.
  0.          0.          0.          0.          0.          0.          0.
  0.          0.          0.          0.          0.          0.          0.
  0.          0.          0.          0.          0.          0.          0.
  0.          0.          0.          0.          0.          0.          0.
  0.          0.          0.          0.          0.          0.          0.
  0.          0.        ]
    CPU time for GF2      0.66 sec, wall time      0.66 sec
IP root 0 E =  -0.556042765256
EA root 0 E =  0.180143326986
