

******** <class 'pyscf.scf.hf.RHF'> flags ********
method = RHF
initial guess = minao
damping factor = 0
level shift factor = 0
DIIS = <class 'pyscf.scf.diis.CDIIS'>
DIIS start cycle = 1
DIIS space = 8
SCF tol = 1e-09
SCF gradient tol = None
max. SCF cycles = 50
direct_scf = True
direct_scf_tol = 1e-13
chkfile to save SCF result = /tmp/tmpVSqxRI
max_memory 4000 MB (current use 76 MB)
Set gradient conv threshold to 3.16228e-05
Nelec from initial guess = 9.99927351774
cond(S) = 13633.7648832
E_coul = 24.8295998220553
init E= -40.0576527599208
    CPU time for initialize scf      0.47 sec, wall time      0.47 sec
  HOMO = -0.502015668687068  LUMO = 0.101991780472314
  mo_energy =
[-11.46552212  -1.27436056  -0.50204355  -0.50202304  -0.50201567
   0.10199178   0.19531946   0.19532112   0.19533152   0.29035289
   0.29035803   0.29035815   0.47185718   0.55687895   0.55688253
   0.55690473   0.6150803    0.6307788    0.63078954   1.03687889
   1.03688144   1.03689552   1.07418529   1.07419442   1.07419568
   1.23790472   1.23790972   1.2379413    1.46330886   1.54881657
   1.54882711   1.60716118   1.60716312   1.60721943   1.69267881
   2.02931991   2.02940616   2.02943558   2.74494729   2.74496505
   2.74498881   2.85428001   3.01734141   3.01736403   3.03377227
   3.03378393   3.03379254   3.09129689   3.09129851   3.09134385
   3.54418998   3.54419387   3.54422028   3.60622863   3.60624      3.60629089
   3.72376929   3.72379546   3.91041605   4.05052354   4.05054515
   4.15556517   4.1555803    4.15560448   4.33475426   4.3347547
   4.33482281   4.47768189   4.47771947   4.47773448   4.82048535
   4.82051909   4.82052276   5.08496052   5.41350096   5.41356012
   5.41368003   5.4249374    5.5522762    5.5523458    5.581072
   5.58109714   5.58115054   5.8453227    5.84535155   5.84536666
  24.70557489]
E_coul = 26.3067978379765
cycle= 1 E= -40.2054273170298  delta_E= -0.148  |g|= 0.177  |ddm|= 1.16
    CPU time for cycle= 1      0.04 sec, wall time      0.05 sec
diis-norm(errvec)=0.683513
diis-c [-0.46718972  1.        ]
  HOMO = -0.534907112046763  LUMO = 0.149198829005789
  mo_energy =
[-11.14799611  -0.93656486  -0.53492822  -0.53491136  -0.53490711
   0.14919883   0.23701907   0.23702028   0.23702639   0.31393503
   0.31393949   0.31393953   0.5045286    0.64882037   0.64882435
   0.64884831   0.68505795   0.68506951   0.702316     1.07467001
   1.07467462   1.07468891   1.13753832   1.13754733   1.13754914
   1.28388904   1.28389334   1.2839254    1.5161504    1.60130965
   1.60132117   1.67546102   1.67546528   1.67552148   1.80101278
   2.13185486   2.13193898   2.13196817   2.81639027   2.81640522
   2.81643191   2.92555887   3.14641874   3.14643881   3.14714475
   3.14715921   3.14716752   3.22395039   3.22395113   3.22399864
   3.61450189   3.61450913   3.61453577   3.70919601   3.70920849
   3.70925686   3.80079844   3.80082205   3.98915163   4.11765922
   4.11768385   4.22852088   4.22853614   4.22855661   4.38172282
   4.38172728   4.38179851   4.54434311   4.54438124   4.54439822
   4.8848412    4.88487591   4.88488139   5.20917407   5.51845441
   5.51851242   5.51863492   5.53318593   5.65194172   5.65201299
   5.68123054   5.68125881   5.68132058   5.98940221   5.98943558
   5.98944444  25.00036247]
E_coul = 26.0173339072291
cycle= 2 E= -40.2135775386734  delta_E= -0.00815  |g|= 0.0492  |ddm|= 0.145
    CPU time for cycle= 2      0.05 sec, wall time      0.05 sec
diis-norm(errvec)=0.177002
diis-c [-0.03061593 -0.04213748  1.04213748]
  HOMO = -0.55248219911728  LUMO = 0.147946967965659
  mo_energy =
[-11.23007963  -0.95321189  -0.55250481  -0.55248608  -0.5524822
   0.14794697   0.23526911   0.2352702    0.23527561   0.3104372
   0.31044155   0.31044177   0.50167896   0.63974358   0.63974745
   0.63977051   0.67955944   0.67957057   0.69913623   1.07344263
   1.07344617   1.07346054   1.12864814   1.12865687   1.12865856
   1.27990851   1.2799134    1.2799449    1.50991202   1.59560916
   1.59562055   1.66623408   1.66623761   1.66629362   1.78610886
   2.11235874   2.11244434   2.11247366   2.81379427   2.81381026
   2.81383597   2.92127234   3.12600371   3.1260247    3.13218696
   3.13220049   3.13220918   3.20121339   3.20121471   3.20126095
   3.61369073   3.6136963    3.61372342   3.69832968   3.69834168
   3.69839123   3.79510266   3.79512718   3.98389126   4.11862488
   4.11864868   4.22822182   4.22823787   4.22825877   4.38520904
   4.38521157   4.38528242   4.54222339   4.54226097   4.54227753
   4.88425104   4.88428571   4.88429066   5.19417666   5.50683434
   5.50689303   5.50701506   5.52169036   5.64199388   5.64206511
   5.67151375   5.67154145   5.67160042   5.96849022   5.96852213
   5.96853283  24.92558195]
E_coul = 26.1610498922348
cycle= 3 E= -40.2143047942132  delta_E= -0.000727  |g|= 0.019  |ddm|= 0.0361
    CPU time for cycle= 3      0.05 sec, wall time      0.05 sec
diis-norm(errvec)=0.0732071
diis-c [ -7.28502985e-04  -9.78662582e-02   1.91149683e-01   9.06716575e-01]
  HOMO = -0.545191257550072  LUMO = 0.149896664798009
  mo_energy =
[-11.20476723  -0.94338211  -0.54521385  -0.54519522  -0.54519126
   0.14989666   0.2376387    0.23763972   0.23764486   0.31224249
   0.31224687   0.31224707   0.50357699   0.64588295   0.64588677
   0.64590983   0.68475696   0.68476812   0.70421215   1.07670428
   1.07670782   1.07672212   1.13360459   1.13361323   1.13361504
   1.28347118   1.28347607   1.28350748   1.51368823   1.59991769
   1.59992922   1.67183687   1.67184044   1.67189615   1.79439584
   2.12065382   2.1207393    2.12076863   2.8197457    2.81976152
   2.8197873    2.92706163   3.136336     3.1363568    3.14115032
   3.14116385   3.14117263   3.21195892   3.21196028   3.21200642
   3.6196898    3.61969538   3.61972241   3.70656819   3.70658022
   3.70662961   3.80155055   3.80157486   3.99082432   4.12492846
   4.12495245   4.23462781   4.23464386   4.23466456   4.39003007
   4.39003262   4.39010352   4.54819504   4.5482326    4.54824916
   4.89024395   4.89027864   4.89028359   5.20424071   5.51528024
   5.51533904   5.51546113   5.53100854   5.65045715   5.65052855
   5.68023995   5.68026767   5.68032705   5.9803928    5.98042498
   5.98043523  24.94925928]
E_coul = 26.1169505618203
cycle= 4 E= -40.2144129780097  delta_E= -0.000108  |g|= 0.00179  |ddm|= 0.015
    CPU time for cycle= 4      0.05 sec, wall time      0.05 sec
diis-norm(errvec)=0.0072944
diis-c [ -8.44835871e-06   2.60575130e-02  -6.94655035e-02  -2.56502618e-01
   1.29991061e+00]
  HOMO = -0.545373082722081  LUMO = 0.149924629005326
  mo_energy =
[-11.20503929  -0.94335274  -0.54539575  -0.54537705  -0.54537308
   0.14992463   0.23769063   0.23769165   0.23769676   0.31216888
   0.31217329   0.31217348   0.50355577   0.64583071   0.64583454
   0.64585756   0.68478399   0.68479514   0.70412289   1.07668734
   1.07669086   1.07670518   1.13353368   1.13354231   1.13354415
   1.28343136   1.28343625   1.28346767   1.51358878   1.59990009
   1.59991163   1.67186427   1.67186786   1.67192352   1.79431094
   2.12051567   2.12060116   2.1206305    2.81979947   2.81981532
   2.81984109   2.92704672   3.13616631   3.13618712   3.14100533
   3.14101887   3.14102764   3.21181457   3.21181591   3.21186204
   3.61974706   3.61975267   3.61977971   3.70649518   3.7065072
   3.70655661   3.80155673   3.80158106   3.9908982    4.1251012
   4.12512518   4.2347348    4.23475086   4.23477152   4.39023333
   4.39023587   4.39030678   4.54828686   4.54832441   4.54834098
   4.89038429   4.89041899   4.89042393   5.20417198   5.51520576
   5.51526456   5.51538663   5.53104914   5.65047812   5.65054951
   5.68030957   5.6803373    5.68039669   5.98033694   5.98036914
   5.98037936  24.94895876]
E_coul = 26.1164051755112
cycle= 5 E= -40.2144150772284  delta_E= -2.1e-06  |g|= 0.000253  |ddm|= 0.00409
    CPU time for cycle= 5      0.04 sec, wall time      0.05 sec
diis-norm(errvec)=0.00103854
diis-c [ -1.08393277e-07  -6.74977298e-03   1.61425763e-02   7.65292393e-02
  -4.16136625e-01   1.33021458e+00]
  HOMO = -0.545427845087203  LUMO = 0.149906846546832
  mo_energy =
[-11.20520514  -0.94344997  -0.54545054  -0.54543181  -0.54542785
   0.14990685   0.23768208   0.2376831    0.23768818   0.31214998
   0.31215438   0.31215458   0.50353758   0.64580499   0.64580882
   0.64583181   0.68476338   0.68477453   0.70409911   1.07666863
   1.07667212   1.07668644   1.13350178   1.13351042   1.13351226
   1.28340688   1.28341179   1.28344318   1.51355815   1.59987453
   1.59988607   1.67184332   1.67184691   1.67190255   1.79426321
   2.12045726   2.12054275   2.12057209   2.81978246   2.81979834
   2.81982408   2.92702147   3.13610021   3.13612102   3.14095375
   3.14096728   3.14097605   3.21175124   3.21175259   3.2117987
   3.61973076   3.61973633   3.61976338   3.70645514   3.70646717
   3.70651657   3.80152799   3.80155232   3.99088076   4.12510005
   4.12512403   4.23472541   4.23474148   4.23476216   4.39023704
   4.39023953   4.39031045   4.5482716    4.54830914   4.54832571
   4.89037835   4.89041305   4.89041798   5.20412523   5.51516385
   5.51522265   5.51534472   5.53101861   5.65044705   5.65051844
   5.68028546   5.68031319   5.68037254   5.9802826    5.98031479
   5.98032503  24.94881174]
E_coul = 26.1166283066132
cycle= 6 E= -40.2144151096461  delta_E= -3.24e-08  |g|= 1.98e-05  |ddm|= 0.00086
    CPU time for cycle= 6      0.05 sec, wall time      0.05 sec
diis-norm(errvec)=8.20766e-05
diis-c [ -3.02323167e-10   6.76478694e-04  -1.57178046e-03  -7.52378222e-03
   4.68742090e-02  -2.16905808e-01   1.17845068e+00]
  HOMO = -0.545429648123186  LUMO = 0.149904566048648
  mo_energy =
[-11.20522237  -0.94345453  -0.54545235  -0.54543361  -0.54542965
   0.14990457   0.23768066   0.23768168   0.23768677   0.31214882
   0.31215322   0.31215342   0.50353576   0.64580124   0.64580507
   0.64582807   0.68476068   0.68477183   0.7040937    1.07666662
   1.07667012   1.07668444   1.13349895   1.13350758   1.13350942
   1.28340445   1.28340935   1.28344075   1.51355514   1.59987197
   1.5998835    1.67184008   1.67184366   1.6718993    1.79425627
   2.12045235   2.12053784   2.12056718   2.81977942   2.81979529
   2.81982104   2.92701813   3.13609451   3.13611532   3.14094872
   3.14096226   3.14097103   3.21174508   3.21174643   3.21179254
   3.61972785   3.61973343   3.61976048   3.70645071   3.70646274
   3.70651214   3.80152455   3.80154889   3.99087733   4.1250974
   4.12512138   4.23472248   4.23473855   4.23475922   4.39023507
   4.39023757   4.39030848   4.54826868   4.54830622   4.54832278
   4.89037563   4.89041034   4.89041527   5.20411952   5.51515925
   5.51521805   5.51534012   5.5310137    5.65044272   5.65051411
   5.6802811    5.68030883   5.68036819   5.98027626   5.98030846
   5.98031869  24.94879498]
E_coul = 26.1166455938535
cycle= 7 E= -40.2144151098112  delta_E= -1.65e-10  |g|= 1.21e-06  |ddm|= 5.39e-05
    CPU time for cycle= 7      0.05 sec, wall time      0.05 sec
  HOMO = -0.545429604091633  LUMO = 0.149904569359311
  mo_energy =
[-11.20522123  -0.94345479  -0.5454523   -0.54543357  -0.5454296
   0.14990457   0.23768072   0.23768174   0.23768682   0.31214887
   0.31215327   0.31215347   0.50353577   0.64580145   0.64580528
   0.64582828   0.68476071   0.68477186   0.70409398   1.07666666
   1.07667016   1.07668448   1.13349905   1.13350768   1.13350952
   1.28340453   1.28340944   1.28344083   1.51355523   1.59987205
   1.59988359   1.6718402    1.67184379   1.67189943   1.79425655
   2.12045259   2.12053808   2.12056742   2.81977949   2.81979536
   2.81982111   2.9270182    3.13609476   3.13611557   3.14094889
   3.14096242   3.14097119   3.21174533   3.21174668   3.21179279
   3.6197279    3.61973348   3.61976052   3.70645085   3.70646287
   3.70651228   3.80152465   3.80154898   3.99087738   4.12509741
   4.12512139   4.23472251   4.23473858   4.23475925   4.39023506
   4.39023756   4.39030848   4.54826874   4.54830627   4.54832284
   4.89037566   4.89041036   4.89041529   5.20411969   5.51515938
   5.51521818   5.51534025   5.53101385   5.65044285   5.65051424
   5.68028122   5.68030896   5.68036831   5.9802765    5.9803087
   5.98031894  24.94879608]
E_coul = 26.1166448554869
Extra cycle  E= -40.2144151098118  delta_E= -6.39e-13  |g|= 2.47e-07  |ddm|= 3e-06
    CPU time for scf_cycle      0.84 sec, wall time      0.85 sec
    CPU time for SCF      0.84 sec, wall time      1.09 sec
converged SCF energy = -40.2144151098118
RHF E = -40.2144151098
RHF eps = [-11.20522123  -0.94345479  -0.5454523   -0.54543357  -0.5454296
   0.14990457   0.23768072   0.23768174   0.23768682   0.31214887
   0.31215327   0.31215347   0.50353577   0.64580145   0.64580528
   0.64582828   0.68476071   0.68477186   0.70409398   1.07666666
   1.07667016   1.07668448   1.13349905   1.13350768   1.13350952
   1.28340453   1.28340944   1.28344083   1.51355523   1.59987205
   1.59988359   1.6718402    1.67184379   1.67189943   1.79425655
   2.12045259   2.12053808   2.12056742   2.81977949   2.81979536
   2.81982111   2.9270182    3.13609476   3.13611557   3.14094889
   3.14096242   3.14097119   3.21174533   3.21174668   3.21179279
   3.6197279    3.61973348   3.61976052   3.70645085   3.70646287
   3.70651228   3.80152465   3.80154898   3.99087738   4.12509741
   4.12512139   4.23472251   4.23473858   4.23475925   4.39023506
   4.39023756   4.39030848   4.54826874   4.54830627   4.54832284
   4.89037566   4.89041036   4.89041529   5.20411969   5.51515938
   5.51521818   5.51534025   5.53101385   5.65044285   5.65051424
   5.68028122   5.68030896   5.68036831   5.9802765    5.9803087
   5.98031894  24.94879608]
    CPU time for GW integral transformation      8.12 sec, wall time      8.12 sec

******** <class 'pyscf.gw.gf2.GF2'> flags ********
method = GF2
GF2 nocc = 5, nvir = 82
use perturbative linearized QP eqn = False
use diagonal approximation for sigma = True
  HOMO = -0.517915040454116  LUMO = 0.127013513369781
  GW mo_energy =
[-10.72017237  -0.85947142  -0.51793351  -0.51791944  -0.51791504
   0.12701351   0.21311675   0.21311788   0.21312423   0.29007306
   0.29007732   0.29007716   0.47737944   0.57262413   0.57262765
   0.57264932   0.62742706   0.62743757   0.62999296   1.03244284
   1.03244961   1.03245077   1.10947058   1.10947009   1.10947036
   1.21776628   1.21777169   1.21780045   1.51824269   1.57698633
   1.57698959   1.6041743    1.60417554   1.60421784   1.71445758
   2.07677156   2.07678449   2.07678172   2.81551331   2.81552043
   2.81605973   2.92471496   3.13597668   3.02774452   3.06044681
   3.06045829   3.0604641    3.10094054   3.10094067   3.12473474
   3.62040548   3.62040443   3.62039776   3.68364766   3.68364018
   3.68363522   3.80131465   3.80128585   3.85301561   3.97757603
   4.07233389   4.12344609   4.12344815   4.12348207   4.39071862
   4.39071437   4.39072527   4.51865032   4.5186435    4.51864532
   4.89152505   4.89152139   4.89155387   5.21187219   5.53215847
   5.53216337   5.53218462   5.49642397   5.65448059   5.65449255
   5.68027386   5.68026914   5.68029164   5.96737788   5.96738855
   5.96737133  24.5172719 ]
    CPU time for GF2      0.95 sec, wall time      0.96 sec
    CPU time for GW integral transformation      8.10 sec, wall time      8.10 sec

******** <class 'pyscf.gw.gf2.GF2'> flags ********
method = GF2
GF2 nocc = 5, nvir = 82
use perturbative linearized QP eqn = False
use diagonal approximation for sigma = True
  HOMO = -0.517915040454116  LUMO = 0.127013513369781
  GW mo_energy =
[ 0.          0.          0.          0.         -0.51791504  0.12701351
  0.          0.          0.          0.          0.          0.          0.
  0.          0.          0.          0.          0.          0.          0.
  0.          0.          0.          0.          0.          0.          0.
  0.          0.          0.          0.          0.          0.          0.
  0.          0.          0.          0.          0.          0.          0.
  0.          0.          0.          0.          0.          0.          0.
  0.          0.          0.          0.          0.          0.          0.
  0.          0.          0.          0.          0.          0.          0.
  0.          0.          0.          0.          0.          0.          0.
  0.          0.          0.          0.          0.          0.          0.
  0.          0.          0.          0.          0.          0.          0.
  0.          0.          0.          0.        ]
    CPU time for GF2      0.01 sec, wall time      0.01 sec
IP root 0 E =  -0.517915040454
EA root 0 E =  0.12701351337
