

******** <class 'pyscf.scf.hf.RHF'> flags ********
method = RHF
initial guess = minao
damping factor = 0
level shift factor = 0
DIIS = <class 'pyscf.scf.diis.CDIIS'>
DIIS start cycle = 1
DIIS space = 8
SCF tol = 1e-09
SCF gradient tol = None
max. SCF cycles = 50
direct_scf = True
direct_scf_tol = 1e-13
chkfile to save SCF result = /tmp/tmp9uxIsR
max_memory 4000 MB (current use 76 MB)
Set gradient conv threshold to 3.16228e-05
Nelec from initial guess = 17.996796312
cond(S) = 1026.74713897
E_coul = 182.214953392591
init E= -459.991156064044
    CPU time for initialize scf      0.12 sec, wall time      0.12 sec
  HOMO = -0.451639776718537  LUMO = 0.0789927059374502
  mo_energy =
[ -1.04855786e+02  -1.06202680e+01  -8.07873171e+00  -8.07555840e+00
  -8.07555840e+00  -1.20151793e+00  -6.26793550e-01  -4.51639777e-01
  -4.51639777e-01   7.89927059e-02   3.13505425e-01   4.65186057e-01
   4.70190136e-01   4.70190136e-01   5.25430540e-01   5.25430540e-01
   5.91565383e-01   5.91565383e-01   7.72355191e-01   9.34036764e-01
   1.06625361e+00   1.06625361e+00   1.48704927e+00   2.00785313e+00
   2.00785313e+00   2.01101974e+00   2.01101974e+00   2.03166447e+00
   2.29948493e+00   2.29948493e+00   2.35277325e+00   2.35374518e+00
   2.35374518e+00   2.46341013e+00   2.46341013e+00   2.54575347e+00
   2.54575347e+00   2.74740801e+00   3.23687840e+00   3.60459865e+00
   3.60459865e+00   3.98200317e+00   3.98200317e+00   4.41247016e+00
   4.41247016e+00   4.51580527e+00   4.97720288e+00   8.57914522e+00
   8.57914522e+00   8.65395806e+00   8.65395806e+00   8.99095546e+00
   1.13995838e+01   1.13995838e+01   1.17799576e+01   2.64180528e+01]
E_coul = 183.174182971291
cycle= 1 E= -460.082311438304  delta_E= -0.0912  |g|= 0.217  |ddm|= 0.766
    CPU time for cycle= 1      0.01 sec, wall time      0.01 sec
diis-norm(errvec)=0.67202
diis-c [-0.45161144  1.        ]
  HOMO = -0.462376077070045  LUMO = 0.109145577320463
  mo_energy =
[-104.79923267  -10.53442092   -8.00181622   -7.9980631    -7.9980631
   -1.11497025   -0.62083704   -0.46237608   -0.46237608    0.10914558
    0.314461      0.498352      0.498352      0.50362587    0.53923654
    0.53923654    0.63979076    0.63979076    0.79466898    0.95362265
    1.04175211    1.04175211    1.4576533     2.06015208    2.06612156
    2.06612156    2.08097207    2.08097207    2.34606759    2.34606759
    2.37358682    2.42535543    2.42535543    2.53123362    2.53123362
    2.57251435    2.57251435    2.73145045    3.23752137    3.52303104
    3.52303104    3.87541583    3.87541583    4.34284449    4.34284449
    4.43634242    4.90432747    8.66491178    8.66491178    8.72844345
    8.72844345    9.06198486   11.47663758   11.47663758   11.84486926
   26.49061501]
E_coul = 182.480778866844
cycle= 2 E= -460.09721455379  delta_E= -0.0149  |g|= 0.0941  |ddm|= 0.232
    CPU time for cycle= 2      0.02 sec, wall time      0.01 sec
diis-norm(errvec)=0.23365
diis-c [-0.02649673  0.20450418  0.79549582]
  HOMO = -0.476468518531639  LUMO = 0.123978850405951
  mo_energy =
[-104.85491115  -10.57919144   -8.04685456   -8.04456308   -8.04456308
   -1.11805107   -0.62619993   -0.47646852   -0.47646852    0.12397885
    0.32249569    0.49097929    0.49133544    0.49133544    0.54192759
    0.54192759    0.62497513    0.62497513    0.79609799    0.94945677
    1.05834002    1.05834002    1.4763978     2.04830006    2.04830006
    2.05649378    2.05649378    2.05783905    2.33597043    2.33597043
    2.36655245    2.40588945    2.40588945    2.5056128     2.5056128
    2.5687665     2.5687665     2.74591522    3.23883974    3.57412225
    3.57412225    3.94155731    3.94155731    4.38362621    4.38362621
    4.48372433    4.95274165    8.62628788    8.62628788    8.69128231
    8.69128231    9.02540974   11.43721956   11.43721956   11.81086151
   26.45500581]
E_coul = 182.742131329133
cycle= 3 E= -460.098925830031  delta_E= -0.00171  |g|= 0.0201  |ddm|= 0.0549
    CPU time for cycle= 3      0.01 sec, wall time      0.01 sec
diis-norm(errvec)=0.0575024
diis-c [-0.00195014 -0.07406809 -0.07904145  1.15310953]
  HOMO = -0.474911118607149  LUMO = 0.127152246669607
  mo_energy =
[-104.84153585  -10.57122234   -8.03826762   -8.03659382   -8.03659382
   -1.11506867   -0.62398985   -0.47491112   -0.47491112    0.12715225
    0.32495746    0.49172647    0.49172647    0.49381893    0.54527054
    0.54527054    0.62641638    0.62641638    0.79855864    0.95230007
    1.06208863    1.06208863    1.48051687    2.05113117    2.05113117
    2.0593375     2.0593375     2.06048833    2.33875296    2.33875296
    2.37230783    2.40760528    2.40760528    2.50848478    2.50848478
    2.572483      2.572483      2.75264913    3.24515633    3.58135555
    3.58135555    3.95175938    3.95175938    4.3907524     4.3907524
    4.49308887    4.96041005    8.63226108    8.63226108    8.69722853
    8.69722853    9.03186643   11.44353498   11.44353498   11.81770857
   26.46178288]
E_coul = 182.714698787605
cycle= 4 E= -460.099125774495  delta_E= -0.0002  |g|= 0.0053  |ddm|= 0.0203
    CPU time for cycle= 4      0.02 sec, wall time      0.01 sec
diis-norm(errvec)=0.0154341
diis-c [ -4.32628480e-05  -9.19094350e-05  -1.96280710e-02  -3.15285170e-01
   1.33500515e+00]
  HOMO = -0.475098150267742  LUMO = 0.127147312238706
  mo_energy =
[-104.84502587  -10.57262049   -8.03984622   -8.0380298    -8.0380298
   -1.11520073   -0.62429623   -0.47509815   -0.47509815    0.12714731
    0.3246103     0.4917046     0.4917046     0.49408311    0.54522095
    0.54522095    0.62649494    0.62649494    0.79842168    0.95204026
    1.06190262    1.06190262    1.48037938    2.05075815    2.05075815
    2.05939747    2.05939747    2.05985556    2.33867289    2.33867289
    2.37213754    2.40793473    2.40793473    2.50849968    2.50849968
    2.5720817     2.5720817     2.7526474     3.24500372    3.58115527
    3.58115527    3.95185295    3.95185295    4.39065596    4.39065596
    4.493214      4.96016711    8.63175711    8.63175711    8.69630457
    8.69630457    9.03089227   11.44260992   11.44260992   11.81641193
   26.46073523]
E_coul = 182.717018432563
cycle= 5 E= -460.09914529803  delta_E= -1.95e-05  |g|= 0.00088  |ddm|= 0.0074
    CPU time for cycle= 5      0.01 sec, wall time      0.01 sec
diis-norm(errvec)=0.00186846
diis-c [ -2.27219140e-06   8.20178957e-04  -1.44389454e-03   7.91269473e-04
  -7.22385939e-02   1.07207104e+00]
  HOMO = -0.475051355575453  LUMO = 0.127131853159484
  mo_energy =
[-104.84381962  -10.57209786   -8.03929995   -8.03744932   -8.03744932
   -1.11514245   -0.62420608   -0.47505136   -0.47505136    0.12713185
    0.32460716    0.49172509    0.49172509    0.49409046    0.54524808
    0.54524808    0.62656077    0.62656077    0.79845988    0.95202797
    1.06189797    1.06189797    1.48038703    2.05083562    2.05083562
    2.05955082    2.05955082    2.05991409    2.33870821    2.33870821
    2.37211916    2.40803936    2.40803936    2.50860453    2.50860453
    2.57210573    2.57210573    2.75266329    3.24499285    3.58114333
    3.58114333    3.95183969    3.95183969    4.39065664    4.39065664
    4.49321555    4.96021537    8.63212388    8.63212388    8.69661176
    8.69661176    9.0311656    11.44304836   11.44304836   11.81679365
   26.46112158]
E_coul = 182.714226424824
cycle= 6 E= -460.099145584035  delta_E= -2.86e-07  |g|= 0.000261  |ddm|= 0.000952
    CPU time for cycle= 6      0.01 sec, wall time      0.01 sec
diis-norm(errvec)=0.000470792
diis-c [ -5.89778999e-08   7.31193822e-05   2.18698680e-04   1.68179895e-02
  -6.81839291e-02  -3.34002989e-02   1.08447442e+00]
  HOMO = -0.475130052145512  LUMO = 0.127109798131646
  mo_energy =
[-104.84421666  -10.57234532   -8.03955401   -8.03770044   -8.03770044
   -1.11522928   -0.62424447   -0.47513005   -0.47513005    0.1271098
    0.32458225    0.49169166    0.49169166    0.49405745    0.54519624
    0.54519624    0.62649712    0.62649712    0.79841429    0.95197508
    1.06187609    1.06187609    1.48036438    2.05073039    2.05073039
    2.05944982    2.05944982    2.0598222     2.3386318     2.3386318
    2.37204203    2.40796791    2.40796791    2.50850853    2.50850853
    2.57202525    2.57202525    2.75261957    3.24492675    3.58113798
    3.58113798    3.95184258    3.95184258    4.39063935    4.39063935
    4.49319605    4.96018027    8.63194249    8.63194249    8.69642024
    8.69642024    9.03097528   11.44284582   11.44284582   11.81658435
   26.46091717]
E_coul = 182.715228322182
cycle= 7 E= -460.099145603032  delta_E= -1.9e-08  |g|= 4.11e-05  |ddm|= 0.000327
    CPU time for cycle= 7      0.01 sec, wall time      0.01 sec
diis-norm(errvec)=9.19501e-05
diis-c [ -3.22449495e-09  -5.86905181e-05  -9.91817696e-05  -9.34802855e-04
   7.87706364e-03  -5.33310578e-02   1.81210983e-03   1.04473456e+00]
  HOMO = -0.475119421341899  LUMO = 0.127115500514264
  mo_energy =
[-104.84416632  -10.57230429   -8.03951103   -8.03765847   -8.03765847
   -1.11521492   -0.6242267    -0.47511942   -0.47511942    0.1271155
    0.32459128    0.49169475    0.49169475    0.49406517    0.54520835
    0.54520835    0.62650903    0.62650903    0.79842539    0.95198565
    1.06188607    1.06188607    1.48037638    2.05074951    2.05074951
    2.05947056    2.05947056    2.05984081    2.33864642    2.33864642
    2.37205624    2.4079829     2.4079829     2.50852446    2.50852446
    2.57204185    2.57204185    2.7526346     3.24494356    3.58115185
    3.58115185    3.95185849    3.95185849    4.3906547     4.3906547
    4.49321336    4.96019915    8.63197881    8.63197881    8.6964545
    8.6964545     9.03100806   11.44288108   11.44288108   11.81661962
   26.46095207]
E_coul = 182.715078010989
cycle= 8 E= -460.099145603565  delta_E= -5.32e-10  |g|= 5.9e-06  |ddm|= 4.87e-05
    CPU time for cycle= 8      0.02 sec, wall time      0.01 sec
  HOMO = -0.475120795458374  LUMO = 0.127115617229288
  mo_energy =
[-104.84416546  -10.57230613   -8.0395127    -8.03766023   -8.03766023
   -1.11521595   -0.6242267    -0.4751208    -0.4751208     0.12711562
    0.32459107    0.49169407    0.49169407    0.49406495    0.54520768
    0.54520768    0.62650803    0.62650803    0.79842505    0.95198523
    1.06188637    1.06188637    1.48037683    2.05074783    2.05074783
    2.05946906    2.05946906    2.05983939    2.33864524    2.33864524
    2.37205545    2.40798176    2.40798176    2.50852304    2.50852304
    2.57204079    2.57204079    2.75263463    3.24494321    3.58115281
    3.58115281    3.95185965    3.95185965    4.39065536    4.39065536
    4.49321396    4.96019927    8.63197695    8.63197695    8.69645221
    8.69645221    9.03100575   11.44287945   11.44287945   11.8166178
   26.46095027]
E_coul = 182.715088282523
Extra cycle  E= -460.099145603581  delta_E= -1.61e-11  |g|= 1.99e-06  |ddm|= 7.33e-06
    CPU time for scf_cycle      0.24 sec, wall time      0.24 sec
    CPU time for SCF      0.24 sec, wall time      0.24 sec
converged SCF energy = -460.099145603581
RHF E = -460.099145604
RHF eps = [-104.84416546  -10.57230613   -8.0395127    -8.03766023   -8.03766023
   -1.11521595   -0.6242267    -0.4751208    -0.4751208     0.12711562
    0.32459107    0.49169407    0.49169407    0.49406495    0.54520768
    0.54520768    0.62650803    0.62650803    0.79842505    0.95198523
    1.06188637    1.06188637    1.48037683    2.05074783    2.05074783
    2.05946906    2.05946906    2.05983939    2.33864524    2.33864524
    2.37205545    2.40798176    2.40798176    2.50852304    2.50852304
    2.57204079    2.57204079    2.75263463    3.24494321    3.58115281
    3.58115281    3.95185965    3.95185965    4.39065536    4.39065536
    4.49321396    4.96019927    8.63197695    8.63197695    8.69645221
    8.69645221    9.03100575   11.44287945   11.44287945   11.8166178
   26.46095027]
    CPU time for GW integral transformation      1.05 sec, wall time      1.05 sec

******** <class 'pyscf.gw.gf2.GF2'> flags ********
method = GF2
GF2 nocc = 9, nvir = 47
use perturbative linearized QP eqn = False
use diagonal approximation for sigma = True
  HOMO = -0.457062576422003  LUMO = 0.0957087681386096
  GW mo_energy =
[ -1.03798382e+02  -1.05908753e+01  -7.61928644e+00  -7.61369987e+00
  -7.61369987e+00  -9.74475821e-01  -6.06145819e-01  -4.57062576e-01
  -4.57062576e-01   9.57087681e-02   2.87494370e-01   4.61723580e-01
   4.61723580e-01   4.43709282e-01   4.83304740e-01   4.83304740e-01
   5.62548592e-01   5.62548592e-01   7.14467857e-01   8.97080900e-01
   9.70540426e-01   9.70540426e-01   1.47773910e+00   2.04254733e+00
   2.04254733e+00   1.97356123e+00   1.97356123e+00   2.04443471e+00
   2.34762996e+00   2.34762996e+00   2.34081333e+00   2.39310814e+00
   2.39310814e+00   2.36400110e+00   2.36400110e+00   2.56953983e+00
   2.56953983e+00   2.75042506e+00   3.23419922e+00   3.58321108e+00
   3.58321108e+00   3.83063128e+00   3.83063128e+00   4.36450409e+00
   4.36450409e+00   4.51047166e+00   4.89564939e+00   8.36868907e+00
   8.36868907e+00   8.43816213e+00   8.43816213e+00   8.78395480e+00
   1.13220268e+01   1.13220268e+01   1.15834574e+01   2.61215532e+01]
    CPU time for GF2      0.36 sec, wall time      0.36 sec
    CPU time for GW integral transformation      1.04 sec, wall time      1.03 sec

******** <class 'pyscf.gw.gf2.GF2'> flags ********
method = GF2
GF2 nocc = 9, nvir = 47
use perturbative linearized QP eqn = False
use diagonal approximation for sigma = True
  HOMO = -0.457062576422003  LUMO = 0.0957087681386096
  GW mo_energy =
[ 0.          0.          0.          0.          0.          0.          0.
  0.         -0.45706258  0.09570877  0.          0.          0.          0.
  0.          0.          0.          0.          0.          0.          0.
  0.          0.          0.          0.          0.          0.          0.
  0.          0.          0.          0.          0.          0.          0.
  0.          0.          0.          0.          0.          0.          0.
  0.          0.          0.          0.          0.          0.          0.
  0.          0.          0.          0.          0.          0.          0.        ]
    CPU time for GF2      0.01 sec, wall time      0.01 sec
IP root 0 E =  -0.457062576422
EA root 0 E =  0.0957087681386
