

******** <class 'pyscf.scf.hf.RHF'> flags ********
method = RHF
initial guess = minao
damping factor = 0
level shift factor = 0
DIIS = <class 'pyscf.scf.diis.CDIIS'>
DIIS start cycle = 1
DIIS space = 8
SCF tol = 1e-09
SCF gradient tol = None
max. SCF cycles = 50
direct_scf = True
direct_scf_tol = 1e-13
chkfile to save SCF result = /tmp/tmpo0o7V9
max_memory 4000 MB (current use 76 MB)
Set gradient conv threshold to 3.16228e-05
Nelec from initial guess = 17.9917016023
cond(S) = 370.391401415
E_coul = 109.732674660601
init E= -198.57627471402
    CPU time for initialize scf      0.21 sec, wall time      0.21 sec
  HOMO = -0.519086984841069  LUMO = -0.229273764274828
  mo_energy =
[-26.4132354  -26.41250095  -1.88243289  -1.47648282  -0.82851922
  -0.73637471  -0.73637471  -0.51908698  -0.51908698  -0.22927376
   0.5992862    0.60046156   0.65513893   0.65513893   0.76310778
   0.76310778   0.77415845   1.07443291   1.87976496   1.87976496
   2.0717237    2.0717237    2.30380647   2.30380647   2.35887424
   2.77194116   2.77194116   2.95067696   3.43611394   3.43611394
   3.47796471   3.67130311   3.67130311   3.7341856    3.90434895
   5.10126019   6.88950759   6.88950759   6.90274784   7.13351752
   7.13351752   7.26882584   7.26882584   7.29633326   7.29633326
   7.41881543   7.41881543   7.80831448   7.80831448   8.34024557
   8.67530252   8.67530252   8.69669061   8.69669061   8.81996811
   8.81996811   9.27920329   9.3322694    9.3322694   10.46727454
  57.8540816   58.65861666]
E_coul = 108.391605693973
cycle= 1 E= -198.740765261288  delta_E= -0.164  |g|= 0.389  |ddm|= 1.08
    CPU time for cycle= 1      0.02 sec, wall time      0.02 sec
diis-norm(errvec)=0.918367
diis-c [-0.84339881  1.        ]
  HOMO = -0.708964090282258  LUMO = 0.0261318886349727
  mo_energy =
[ -2.65321081e+01  -2.65318539e+01  -1.82352320e+00  -1.54073672e+00
  -8.55469499e-01  -8.55469499e-01  -8.10012536e-01  -7.08964090e-01
  -7.08964090e-01   2.61318886e-02   5.99365590e-01   6.16470019e-01
   6.37977165e-01   6.37977165e-01   7.56582456e-01   7.56582456e-01
   7.57713229e-01   1.07385162e+00   1.82852988e+00   1.82852988e+00
   2.05167992e+00   2.05167992e+00   2.28706048e+00   2.28706048e+00
   2.31089169e+00   2.75647149e+00   2.75647149e+00   2.93411179e+00
   3.39373535e+00   3.39373535e+00   3.42632423e+00   3.62725964e+00
   3.62725964e+00   3.71564768e+00   3.89847412e+00   5.03309754e+00
   6.82667862e+00   6.83835229e+00   6.83835229e+00   7.09921932e+00
   7.09921932e+00   7.26663944e+00   7.26663944e+00   7.29411848e+00
   7.29411848e+00   7.37649783e+00   7.37649783e+00   7.72205144e+00
   7.72205144e+00   8.23183526e+00   8.62512197e+00   8.62512197e+00
   8.63834614e+00   8.63834614e+00   8.79187446e+00   8.79187446e+00
   9.20409453e+00   9.28956006e+00   9.28956006e+00   1.03978400e+01
   5.77393126e+01   5.85454645e+01]
E_coul = 109.853027852001
cycle= 2 E= -198.762236835691  delta_E= -0.0215  |g|= 0.134  |ddm|= 0.203
    CPU time for cycle= 2      0.01 sec, wall time      0.02 sec
diis-norm(errvec)=0.264177
diis-c [-0.02912862  0.18264762  0.81735238]
  HOMO = -0.661066917497872  LUMO = 0.0898103978574207
  mo_energy =
[-26.41470744 -26.41446363  -1.76068496  -1.49338059  -0.80611854
  -0.80611854  -0.75110045  -0.66106692  -0.66106692   0.0898104
   0.61323001   0.6301901    0.65615081   0.65615081   0.76784668
   0.76784668   0.78017001   1.09076861   1.87578049   1.87578049
   2.09056201   2.09056201   2.32319536   2.32319536   2.36007349
   2.78979573   2.78979573   2.96886504   3.4456172    3.4456172
   3.49637301   3.6831971    3.6831971    3.75648287   3.93601437
   5.10533249   6.88573446   6.89034603   6.89034603   7.15199374
   7.15199374   7.31893094   7.31893094   7.34635088   7.34635088
   7.43321783   7.43321783   7.79203779   7.79203779   8.31418446
   8.69976213   8.69976213   8.70972833   8.70972833   8.85955118
   8.85955118   9.27584929   9.3498702    9.3498702   10.45900765
  57.85133671  58.65661551]
E_coul = 109.402262250476
cycle= 3 E= -198.764247302352  delta_E= -0.00201  |g|= 0.0225  |ddm|= 0.0505
    CPU time for cycle= 3      0.02 sec, wall time      0.02 sec
diis-norm(errvec)=0.0429918
diis-c [-0.00125705 -0.03356038 -0.03432576  1.06788614]
  HOMO = -0.668281016796915  LUMO = 0.0856317938322901
  mo_energy =
[-26.43495841 -26.43472139  -1.76643008  -1.49914794  -0.81247476
  -0.81247476  -0.75434366  -0.66828102  -0.66828102   0.08563179
   0.61266401   0.62964229   0.65419751   0.65419751   0.76661775
   0.76661775   0.77943659   1.0898549    1.87279365   1.87279365
   2.0880133    2.0880133    2.3204107    2.3204107    2.35593781
   2.78677976   2.78677976   2.96514417   3.43858183   3.43858183
   3.49012097   3.67607824   3.67607824   3.75127126   3.93093903
   5.09933295   6.88114327   6.88563356   6.88563356   7.14742699
   7.14742699   7.31452775   7.31452775   7.34193855   7.34193855
   7.42864166   7.42864166   7.78697611   7.78697611   8.30782328
   8.69139871   8.69139871   8.70135756   8.70135756   8.85119456
   8.85119456   9.26751057   9.34180622   9.34180622  10.45160826
  57.83231651  58.63758849]
E_coul = 109.48919327139
cycle= 4 E= -198.764350964281  delta_E= -0.000104  |g|= 0.00656  |ddm|= 0.0144
    CPU time for cycle= 4      0.02 sec, wall time      0.02 sec
diis-norm(errvec)=0.0106428
diis-c [ -2.68921118e-05  -1.03151433e-02  -4.55430873e-02   1.18056149e-01
   9.37802082e-01]
  HOMO = -0.666500616346768  LUMO = 0.0878458911577868
  mo_energy =
[-26.42873682 -26.42849946  -1.76439759  -1.49684841  -0.81075578
  -0.81075578  -0.75164677  -0.66650062  -0.66650062   0.08784589
   0.61338663   0.63082368   0.65455806   0.65455806   0.7670285
   0.7670285    0.77991992   1.0902914    1.87395789   1.87395789
   2.08919909   2.08919909   2.32164427   2.32164427   2.35737501
   2.78811899   2.78811899   2.96692707   3.44081286   3.44081286
   3.49272424   3.67826022   3.67826022   3.75343365   3.93319194
   5.10138462   6.88296711   6.88751534   6.88751534   7.14934863
   7.14934863   7.31652744   7.31652744   7.34394005   7.34394005
   7.4305611    7.4305611    7.78901048   7.78901048   8.31027201
   8.69439409   8.69439409   8.70441758   8.70441758   8.85424514
   8.85424514   9.27047208   9.34463031   9.34463031  10.45418491
  57.83820697  58.64347645]
E_coul = 109.469657477014
cycle= 5 E= -198.764357619517  delta_E= -6.66e-06  |g|= 0.000871  |ddm|= 0.00356
    CPU time for cycle= 5      0.02 sec, wall time      0.02 sec
diis-norm(errvec)=0.00177022
diis-c [ -9.40001449e-07   3.29988855e-03   7.78838816e-03  -6.03138903e-02
  -1.32083249e-01   1.18130886e+00]
  HOMO = -0.666690654938799  LUMO = 0.0876231972779004
  mo_energy =
[-26.42903667 -26.42879934  -1.76452913  -1.49699883  -0.81091181
  -0.81091181  -0.75164466  -0.66669065  -0.66669065   0.0876232
   0.61335248   0.63079976   0.65449059   0.65449059   0.76697429
   0.76697429   0.77988664   1.09024725   1.87384703   1.87384703
   2.08910775   2.08910775   2.32154214   2.32154214   2.35722061
   2.78796994   2.78796994   2.96677189   3.44064516   3.44064516
   3.49256177   3.67810085   3.67810085   3.75327318   3.9330119
   5.10123745   6.88279886   6.88731274   6.88731274   7.14917501
   7.14917501   7.31639959   7.31639959   7.34381187   7.34381187
   7.43040948   7.43040948   7.78887793   7.78887793   8.3101409
   8.69418838   8.69418838   8.70424107   8.70424107   8.85404945
   8.85404945   9.27022995   9.34436155   9.34436155  10.45390537
  57.83791863  58.64318294]
E_coul = 109.470787014377
cycle= 6 E= -198.764357819762  delta_E= -2e-07  |g|= 0.000121  |ddm|= 0.00072
    CPU time for cycle= 6      0.02 sec, wall time      0.02 sec
diis-norm(errvec)=0.000273761
diis-c [ -4.68707589e-09  -3.19645012e-04  -9.35415718e-04   8.88229552e-03
   1.27567068e-02  -2.78165897e-01   1.25778196e+00]
  HOMO = -0.666686033538878  LUMO = 0.0876185476552828
  mo_energy =
[-26.42902834 -26.42879099  -1.76452127  -1.49700024  -0.81090441
  -0.81090441  -0.75161599  -0.66668603  -0.66668603   0.08761855
   0.61335603   0.63080425   0.65449572   0.65449572   0.76697584
   0.76697584   0.77989483   1.09025004   1.87386178   1.87386178
   2.08911572   2.08911572   2.32154795   2.32154795   2.35723631
   2.78797345   2.78797345   2.96677663   3.44065282   3.44065282
   3.49257651   3.67810994   3.67810994   3.75327529   3.93301134
   5.10125436   6.88281539   6.88732206   6.88732206   7.14918419
   7.14918419   7.31640802   7.31640802   7.34382023   7.34382023
   7.43042217   7.43042217   7.78890025   7.78890025   8.3101683
   8.69420275   8.69420275   8.70425194   8.70425194   8.85405692
   8.85405692   9.27024201   9.34436501   9.34436501  10.45391128
  57.83792643  58.64319019]
E_coul = 109.470721795181
cycle= 7 E= -198.764357823199  delta_E= -3.44e-09  |g|= 9.04e-06  |ddm|= 8.47e-05
    CPU time for cycle= 7      0.01 sec, wall time      0.02 sec
diis-norm(errvec)=1.58091e-05
diis-c [ -8.16822443e-11   6.29085561e-05   1.76586574e-04  -1.78946946e-03
  -2.09550324e-03   5.79363335e-02  -2.78480596e-01   1.22418974e+00]
  HOMO = -0.666684776267884  LUMO = 0.0876185865260356
  mo_energy =
[-26.42902833 -26.42879097  -1.7645214   -1.49700101  -0.81090303
  -0.81090303  -0.75161551  -0.66668478  -0.66668478   0.08761859
   0.61335563   0.63080351   0.65449633   0.65449633   0.76697622
   0.76697622   0.77989501   1.09025022   1.8738626    1.8738626
   2.08911642   2.08911642   2.32154858   2.32154858   2.35723661
   2.78797392   2.78797392   2.96677675   3.4406536    3.4406536
   3.4925768    3.67811074   3.67811074   3.75327514   3.9330113
   5.10125498   6.88281614   6.88732276   6.88732276   7.14918492
   7.14918492   7.31640878   7.31640878   7.34382099   7.34382099
   7.43042293   7.43042293   7.78890107   7.78890107   8.31016906
   8.69420328   8.69420328   8.70425255   8.70425255   8.8540575
   8.8540575    9.2702425    9.34436546   9.34436546  10.45391182
  57.83792668  58.64319044]
E_coul = 109.4707247093
cycle= 8 E= -198.764357823227  delta_E= -2.75e-11  |g|= 9.86e-07  |ddm|= 1.06e-05
    CPU time for cycle= 8      0.02 sec, wall time      0.02 sec
  HOMO = -0.666684748031233  LUMO = 0.0876185438067346
  mo_energy =
[-26.42902834 -26.42879098  -1.76452149  -1.49700117  -0.810903    -0.810903
  -0.75161562  -0.66668475  -0.66668475   0.08761854   0.61335558
   0.63080343   0.65449638   0.65449638   0.76697625   0.76697625
   0.77989499   1.0902502    1.87386259   1.87386259   2.0891164
   2.0891164    2.32154857   2.32154857   2.35723661   2.7879739
   2.7879739    2.96677668   3.44065363   3.44065363   3.49257676
   3.67811077   3.67811077   3.75327509   3.93301126   5.10125496
   6.88281611   6.88732273   6.88732273   7.1491849    7.1491849
   7.31640878   7.31640878   7.34382099   7.34382099   7.43042291
   7.43042291   7.78890105   7.78890105   8.31016905   8.69420327
   8.69420327   8.70425256   8.70425256   8.85405751   8.85405751
   9.27024249   9.34436545   9.34436545  10.4539118   57.83792664
  58.64319041]
E_coul = 109.470723796264
Extra cycle  E= -198.764357823226  delta_E= 1.42e-13  |g|= 2.86e-07  |ddm|= 7.47e-07
    CPU time for scf_cycle      0.37 sec, wall time      0.38 sec
    CPU time for SCF      0.37 sec, wall time      0.58 sec
converged SCF energy = -198.764357823226
RHF E = -198.764357823
RHF eps = [-26.42902834 -26.42879098  -1.76452149  -1.49700117  -0.810903    -0.810903
  -0.75161562  -0.66668475  -0.66668475   0.08761854   0.61335558
   0.63080343   0.65449638   0.65449638   0.76697625   0.76697625
   0.77989499   1.0902502    1.87386259   1.87386259   2.0891164
   2.0891164    2.32154857   2.32154857   2.35723661   2.7879739
   2.7879739    2.96677668   3.44065363   3.44065363   3.49257676
   3.67811077   3.67811077   3.75327509   3.93301126   5.10125496
   6.88281611   6.88732273   6.88732273   7.1491849    7.1491849
   7.31640878   7.31640878   7.34382099   7.34382099   7.43042291
   7.43042291   7.78890105   7.78890105   8.31016905   8.69420327
   8.69420327   8.70425256   8.70425256   8.85405751   8.85405751
   9.27024249   9.34436545   9.34436545  10.4539118   57.83792664
  58.64319041]
    CPU time for GW integral transformation      1.65 sec, wall time      1.66 sec

******** <class 'pyscf.gw.gf2.GF2'> flags ********
method = GF2
GF2 nocc = 9, nvir = 53
use perturbative linearized QP eqn = False
use diagonal approximation for sigma = True
  HOMO = -0.520464034956277  LUMO = 0.0056612295884611
  GW mo_energy =
[ -2.55255934e+01  -2.55252778e+01  -1.59725182e+00  -1.26723930e+00
  -6.33824227e-01  -6.33824227e-01  -7.48923986e-01  -5.20464035e-01
  -5.20464035e-01   5.66122959e-03   5.60196545e-01   5.55386122e-01
   6.24039618e-01   6.24039618e-01   7.32198247e-01   7.32198247e-01
   7.20696305e-01   1.03768910e+00   1.77736968e+00   1.77736968e+00
   1.98234711e+00   1.98234711e+00   2.20132316e+00   2.20132316e+00
   2.26986955e+00   2.85252700e+00   2.85252700e+00   2.82899641e+00
   3.25030426e+00   3.25030426e+00   3.14343970e+00   3.40915119e+00
   3.40915119e+00   3.53787326e+00   3.65250935e+00   5.10188570e+00
   6.84980842e+00   6.79462740e+00   6.79462740e+00   6.98439028e+00
   6.98439028e+00   7.13932820e+00   7.13932820e+00   7.16610775e+00
   7.16610775e+00   7.21208824e+00   7.21208824e+00   7.88232946e+00
   7.88232946e+00   8.32608714e+00   8.68628480e+00   8.68628480e+00
   8.37800761e+00   8.37800761e+00   8.54539771e+00   8.55650794e+00
   9.27018507e+00   8.92067801e+00   8.92067801e+00   1.03855772e+01
   5.70898806e+01   5.76404411e+01]
    CPU time for GF2      0.59 sec, wall time      0.59 sec
    CPU time for GW integral transformation      1.68 sec, wall time      1.68 sec

******** <class 'pyscf.gw.gf2.GF2'> flags ********
method = GF2
GF2 nocc = 9, nvir = 53
use perturbative linearized QP eqn = False
use diagonal approximation for sigma = True
  HOMO = -0.520464034956277  LUMO = 0.0056612295884611
  GW mo_energy =
[ 0.          0.          0.          0.          0.          0.          0.
  0.         -0.52046403  0.00566123  0.          0.          0.          0.
  0.          0.          0.          0.          0.          0.          0.
  0.          0.          0.          0.          0.          0.          0.
  0.          0.          0.          0.          0.          0.          0.
  0.          0.          0.          0.          0.          0.          0.
  0.          0.          0.          0.          0.          0.          0.
  0.          0.          0.          0.          0.          0.          0.
  0.          0.          0.          0.          0.          0.        ]
    CPU time for GF2      0.01 sec, wall time      0.01 sec
IP root 0 E =  -0.520464034956
EA root 0 E =  0.00566122958846
