

******** <class 'pyscf.scf.hf.RHF'> flags ********
method = RHF
initial guess = minao
damping factor = 0
level shift factor = 0
DIIS = <class 'pyscf.scf.diis.CDIIS'>
DIIS start cycle = 1
DIIS space = 8
SCF tol = 1e-09
SCF gradient tol = None
max. SCF cycles = 50
direct_scf = True
direct_scf_tol = 1e-13
chkfile to save SCF result = /tmp/tmpv0FfF8
max_memory 4000 MB (current use 76 MB)
Set gradient conv threshold to 3.16228e-05
Nelec from initial guess = 17.9959677069
cond(S) = 2433.16705878
E_coul = 92.2662784752404
init E= -150.709251640343
    CPU time for initialize scf      0.62 sec, wall time      0.62 sec
  HOMO = -0.367625889349471  LUMO = -0.0474365843276718
  mo_energy =
[-20.75199165 -20.75064141  -1.76447574  -1.33134408  -0.71341561
  -0.70800899  -0.60611239  -0.43849134  -0.36762589  -0.04743658
   0.08917053   0.15219997   0.47815337   0.49486485   0.50652066
   0.53090179   0.57341283   0.59930816   0.62169044   0.64419935
   0.72258238   0.78478499   0.88563426   0.90335054   0.96007779
   1.05898095   1.38776999   1.41470859   1.63060107   1.74739453
   1.87740538   1.97098291   1.98533558   1.998485     2.04605851
   2.20134952   2.21372294   2.26986334   2.60939383   2.6184498
   2.81760916   2.87012387   2.91305612   3.0148947    3.02648272
   3.46809979   3.49005929   3.59822216   3.61509595   3.63570915
   3.67208608   3.79314297   3.85025116   3.93394467   4.10267802
   4.23548535   4.34988652   4.35569334   4.40638961   4.50043704
   4.56463241   4.58048717   5.14378526   5.15841655   5.2528894
   5.32481944   5.45350448   5.72229327   5.86085311   6.15853624
   6.18675213   6.48836821   6.69503652   6.76101797   6.77375013
   6.81299843   6.94770862   6.98992332   7.01382662   7.07423375
   7.10838196   7.25463019   7.30171575   7.45197437   7.69833705
   7.76882911   7.85844721   8.41110596  44.6910937   45.21102364]
E_coul = 93.7619675821884
cycle= 1 E= -150.813952043169  delta_E= -0.105  |g|= 0.369  |ddm|=  1.4
    CPU time for cycle= 1      0.06 sec, wall time      0.05 sec
diis-norm(errvec)=1.07956
diis-c [-1.16544052  1.        ]
  HOMO = -0.47626008328847  LUMO = 0.12485052723356
  mo_energy =
[-20.59709517 -20.59681136  -1.47838954  -1.22315333  -0.71958066
  -0.70322266  -0.59971159  -0.5218921   -0.47626008   0.12485053
   0.1452173    0.24331132   0.5262685    0.53122361   0.55468937
   0.57989727   0.61176167   0.63557208   0.66809384   0.69433762
   0.74822745   0.80969457   0.87816391   0.92028488   0.95117129
   1.06287526   1.3913617    1.40494912   1.66102487   1.77523222
   1.93475746   2.02270039   2.04585265   2.04723052   2.10776316
   2.27113131   2.29699067   2.34189245   2.65169795   2.67218844
   2.90929531   2.96542378   3.00517154   3.14328786   3.14406503
   3.44074391   3.46632881   3.5778611    3.58507201   3.63087565
   3.64897929   3.79893684   3.81591475   3.89253894   4.07955245
   4.21335785   4.32278092   4.32338892   4.39565375   4.51000488
   4.59740155   4.6334892    5.1647817    5.16956911   5.34514513
   5.39244002   5.54602304   5.80926051   5.95030559   6.24891343
   6.27190155   6.57614323   6.79932983   6.86799871   6.89195549
   6.92539889   7.0375314    7.09676792   7.1032463    7.17752407
   7.24260352   7.37721491   7.40971947   7.55488317   7.75422143
   7.87152349   7.92452213   8.51263999  44.83559806  45.35722124]
E_coul = 93.4112133888349
cycle= 2 E= -150.839298621899  delta_E= -0.0253  |g|= 0.0809  |ddm|= 0.278
    CPU time for cycle= 2      0.05 sec, wall time      0.05 sec
diis-norm(errvec)=0.208841
diis-c [-0.03529674  0.07901098  0.92098902]
  HOMO = -0.491903705668315  LUMO = 0.132672279949601
  mo_energy =
[-20.64694925 -20.64668637  -1.4807681   -1.22831493  -0.72854756
  -0.70663361  -0.61094486  -0.53697159  -0.49190371   0.13267228
   0.15085553   0.23907995   0.52636832   0.53276925   0.54729241
   0.58610763   0.60996161   0.63404944   0.66793491   0.69358797
   0.75346284   0.81457936   0.89015728   0.92394363   0.96308839
   1.07105637   1.40092183   1.41710933   1.66522265   1.77917828
   1.93266834   2.02458099   2.04317392   2.04508516   2.10248759
   2.26741755   2.2888391    2.33564595   2.65901547   2.66857128
   2.89385086   2.95543695   2.9911461    3.11375883   3.11843993
   3.4669933    3.49093866   3.60358134   3.61184167   3.65001416
   3.67181787   3.81750987   3.84776404   3.92554842   4.10469767
   4.23602808   4.34404233   4.34784306   4.41413223   4.52259041
   4.60909967   4.63508261   5.18483085   5.18504954   5.33802565
   5.39145776   5.53956196   5.8029475    5.94442107   6.24114015
   6.26511489   6.56889592   6.78686959   6.85403524   6.87891587
   6.91439924   7.02681636   7.08452276   7.09700956   7.16211432
   7.2202406    7.3580516    7.39450609   7.54128752   7.76286671
   7.85717378   7.92716358   8.49460329  44.78868953  45.30968192]
E_coul = 93.6472156527291
cycle= 3 E= -150.840454061769  delta_E= -0.00116  |g|= 0.0231  |ddm|= 0.0497
    CPU time for cycle= 3      0.05 sec, wall time      0.05 sec
diis-norm(errvec)=0.0591039
diis-c [-0.00283755 -0.02446136 -0.00168351  1.02614487]
  HOMO = -0.484830708141834  LUMO = 0.134130080220398
  mo_energy =
[-20.62365534 -20.62339043  -1.47185063  -1.21950154  -0.72109893
  -0.6984835   -0.60213085  -0.52993318  -0.48483071   0.13413008
   0.15326988   0.24742353   0.52894087   0.53521454   0.54961348
   0.59024441   0.61244729   0.63600569   0.67112343   0.69761537
   0.75589857   0.81717979   0.89267267   0.92657224   0.96538861
   1.07372909   1.40437209   1.42005204   1.67035809   1.78458144
   1.93837307   2.02919067   2.0484107    2.04993262   2.10721376
   2.27370035   2.29476772   2.34167826   2.66529741   2.67578434
   2.90283457   2.9669847    2.99952228   3.12335898   3.12693525
   3.47097767   3.49517858   3.60813606   3.61576578   3.65616231
   3.67771555   3.82368557   3.85240346   3.92986939   4.10970014
   4.24047243   4.34890464   4.35205457   4.41919754   4.52870516
   4.61576772   4.64352841   5.19170699   5.19221471   5.34623343
   5.39970995   5.54787792   5.81128471   5.95283989   6.25116194
   6.27491662   6.57949401   6.79867322   6.86633507   6.89078196
   6.92603109   7.03610486   7.09325017   7.10534789   7.17258073
   7.23221519   7.36863617   7.40523808   7.55270604   7.77177691
   7.86919119   7.93613593   8.5054784   44.81080444  45.33175601]
E_coul = 93.5523025913208
cycle= 4 E= -150.840592120912  delta_E= -0.000138  |g|= 0.00884  |ddm|= 0.0211
    CPU time for cycle= 4      0.05 sec, wall time      0.05 sec
diis-norm(errvec)=0.0231506
diis-c [ -2.18545042e-04  -1.15706877e-02  -7.21282571e-02   2.11007991e-01
   8.72690954e-01]
  HOMO = -0.487812873364022  LUMO = 0.133945160242854
  mo_energy =
[-20.63068752 -20.63042339  -1.4748322   -1.22176223  -0.72334906
  -0.70065905  -0.60495076  -0.53276655  -0.48781287   0.13394516
   0.15256063   0.24564357   0.52820735   0.5345157    0.5486936
   0.58912109   0.61163781   0.63515048   0.67066919   0.69688246
   0.75494498   0.81646379   0.89214461   0.92589139   0.96497154
   1.07316401   1.4036177    1.41948069   1.66871956   1.78292585
   1.93666542   2.02792253   2.04677651   2.04842964   2.10569704
   2.27190528   2.29305377   2.34010026   2.6640057    2.67416569
   2.89984754   2.96336128   2.99658626   3.12081581   3.12455181
   3.47047273   3.49457228   3.60730313   3.61524871   3.65524686
   3.67691199   3.82249367   3.85214053   3.92978348   4.10936939
   4.23984526   4.34831041   4.3514688    4.41832163   4.52743657
   4.61432929   4.64096067   5.19031425   5.19058795   5.34369391
   5.39718389   5.54540599   5.80873516   5.95021723   6.24784336
   6.2717897    6.57620169   6.79515607   6.86257436   6.8872123
   6.92248318   7.03335279   7.09083008   7.10296728   7.16955778
   7.22860991   7.36555608   7.40215229   7.54927921   7.76974332
   7.86563648   7.93406759   8.50218957  44.80414175  45.32511891]
E_coul = 93.585407303614
cycle= 5 E= -150.84061408295  delta_E= -2.2e-05  |g|= 0.002  |ddm|= 0.00658
    CPU time for cycle= 5      0.06 sec, wall time      0.05 sec
diis-norm(errvec)=0.00568946
diis-c [ -1.59137713e-05   3.36641665e-03   7.78804790e-03  -1.03090950e-01
  -1.44478524e-01   1.23641501e+00]
  HOMO = -0.487831071222508  LUMO = 0.13397866268561
  mo_energy =
[-20.6303737  -20.63010967  -1.47461896  -1.221599    -0.72318057
  -0.7003353   -0.60492594  -0.53276832  -0.48783107   0.13397866
   0.15248959   0.2458979    0.52823238   0.53446917   0.54870745
   0.58909042   0.61164106   0.63513176   0.67072415   0.69695397
   0.7550188    0.816521     0.89214267   0.92593965   0.96496648
   1.07315943   1.40366278   1.41950518   1.66883649   1.78300229
   1.93671705   2.0279838    2.04685029   2.04848854   2.10577591
   2.27196007   2.29311742   2.34015259   2.66403745   2.67423105
   2.89992777   2.96359746   2.99673998   3.12087615   3.12467612
   3.47045705   3.4945491    3.60732121   3.61523897   3.65524788
   3.6769324    3.82249779   3.85209658   3.9297322    4.10929283
   4.23983081   4.34829679   4.35149811   4.41832445   4.52747964
   4.61437901   4.64111726   5.1903313    5.19062832   5.34386878
   5.39738606   5.54558803   5.80889021   5.95037956   6.24811117
   6.27198074   6.57644861   6.7953363    6.86273308   6.88735543
   6.92262417   7.03345619   7.09094801   7.1030985    7.16967995
   7.22879029   7.3657143    7.40229189   7.54941098   7.76980538
   7.86579284   7.93410673   8.50233391  44.80443418  45.32540103]
E_coul = 93.5826065677368
cycle= 6 E= -150.840617034395  delta_E= -2.95e-06  |g|= 0.000667  |ddm|= 0.00295
    CPU time for cycle= 6      0.05 sec, wall time      0.05 sec
diis-norm(errvec)=0.00179136
diis-c [ -1.68870712e-06   5.14742112e-05   2.79358513e-03   7.87903707e-03
  -2.98374470e-02  -2.98507369e-01   1.31762072e+00]
  HOMO = -0.48787180356007  LUMO = 0.133982661117772
  mo_energy =
[-20.63037193 -20.63010788  -1.47464921  -1.22158132  -0.72320532
  -0.70026196  -0.60503282  -0.53283254  -0.4878718    0.13398266
   0.15245751   0.24591425   0.52821051   0.53444879   0.54868256
   0.58905439   0.6116186    0.63510322   0.67074606   0.69697538
   0.75499454   0.8165139    0.89213649   0.92593132   0.96496635
   1.07315286   1.40366018   1.41950969   1.66881702   1.78296785
   1.93670235   2.02795768   2.0468115    2.04846444   2.10574827
   2.27193511   2.29309876   2.34013521   2.66403665   2.67423568
   2.89989884   2.96355904   2.9967042    3.12084213   3.12463957
   3.47047108   3.49455495   3.60732581   3.61524647   3.65526099
   3.67695153   3.82249545   3.85211382   3.92975041   4.10930663
   4.23983181   4.34830735   4.35151432   4.41832408   4.52747662
   4.61437384   4.64109625   5.19034238   5.19062919   5.34383341
   5.3973616    5.54556622   5.80885949   5.95034117   6.24805697
   6.2719309    6.57641541   6.79532364   6.86270844   6.8873303
   6.92261088   7.03340154   7.09089228   7.10305972   7.16964977
   7.2287583    7.36568607   7.40226459   7.54935431   7.76979754
   7.86576316   7.93409481   8.50231665  44.8044324   45.32540105]
E_coul = 93.5825065251275
cycle= 7 E= -150.840617470889  delta_E= -4.36e-07  |g|= 0.000275  |ddm|= 0.00127
    CPU time for cycle= 7      0.05 sec, wall time      0.06 sec
diis-norm(errvec)=0.000701056
diis-c [ -2.47949216e-07  -3.44766008e-04  -2.37339624e-03   7.03980680e-03
   2.47416667e-02   3.85302663e-02  -6.41387056e-01   1.57379348e+00]
  HOMO = -0.487868512469324  LUMO = 0.133983791849878
  mo_energy =
[-20.63038764 -20.63012362  -1.47465201  -1.22158762  -0.72320639
  -0.70022805  -0.60509067  -0.53282452  -0.48786851   0.13398379
   0.1524525    0.24592381   0.5282094    0.53444917   0.54868119
   0.58904737   0.61161673   0.63510086   0.67074714   0.69697448
   0.75499527   0.81651878   0.8921359    0.92593264   0.9649675
   1.07315156   1.40366038   1.41951131   1.66882004   1.78296372
   1.93669962   2.02795793   2.04680849   2.04846447   2.10574765
   2.27192912   2.29309685   2.34013479   2.66403568   2.67423661
   2.89989112   2.96355742   2.99670424   3.12083042   3.12463677
   3.47047544   3.4945562    3.60732722   3.61525038   3.6552592
   3.67695269   3.82249289   3.85211521   3.92975171   4.10930626
   4.23982867   4.34830933   4.35152078   4.41832093   4.527477
   4.61437031   4.64109472   5.1903415    5.19062689   5.34382771
   5.39735904   5.54556792   5.80886103   5.95033715   6.24804899
   6.27192403   6.57641271   6.79531675   6.86270027   6.88731899
   6.92260647   7.03339367   7.09088707   7.10306089   7.1696444
   7.22875035   7.36568205   7.40226619   7.54934579   7.76979561
   7.86576135   7.93409439   8.50231896  44.80441788  45.32538683]
E_coul = 93.5825392794826
cycle= 8 E= -150.840617566717  delta_E= -9.58e-08  |g|= 0.000111  |ddm|= 0.00066
    CPU time for cycle= 8      0.06 sec, wall time      0.05 sec
diis-norm(errvec)=0.000293258
diis-c [ -2.31788819e-08   1.47971230e-04   5.22804998e-04  -4.10291755e-03
  -9.11377084e-03   2.51063829e-02   1.50652835e-01  -9.66547873e-01
   1.80333457e+00]
  HOMO = -0.487864601493186  LUMO = 0.1339837155481
  mo_energy =
[-20.63038913 -20.63012511  -1.47465289  -1.22158584  -0.72320792
  -0.70021617  -0.605122    -0.53280837  -0.4878646    0.13398372
   0.15245228   0.24592594   0.52821009   0.53444923   0.5486805
   0.58904756   0.61161743   0.63510208   0.67074923   0.69697258
   0.75499421   0.81652073   0.89213417   0.92593246   0.96496686
   1.07315002   1.40365899   1.4195105    1.66882113   1.78295814
   1.93669929   2.02795799   2.04680666   2.04846456   2.10574788
   2.27192912   2.29309999   2.34013643   2.66403467   2.67423822
   2.89989046   2.96355396   2.99670891   3.12082671   3.12463971
   3.47047613   3.49455433   3.60732592   3.61524999   3.65525766
   3.67695132   3.82249033   3.85211419   3.92974988   4.10930546
   4.23982519   4.3483087    4.35152285   4.41831788   4.52747689
   4.61436718   4.64109404   5.19034162   5.19062656   5.3438266
   5.39735918   5.54557003   5.80886278   5.9503357    6.2480448
   6.27191943   6.57641212   6.79531597   6.86269814   6.88731696
   6.9226102    7.03338997   7.09088434   7.10306315   7.16964365
   7.22875052   7.36568271   7.4022681    7.54934161   7.76979597
   7.86576199   7.93409531   8.50232239  44.80441623  45.32538567]
E_coul = 93.5825652030039
cycle= 9 E= -150.840617585361  delta_E= -1.86e-08  |g|= 2.58e-05  |ddm|= 0.000369
    CPU time for cycle= 9      0.05 sec, wall time      0.05 sec
diis-norm(errvec)=6.92915e-05
diis-c [ -2.14710441e-09   1.32814997e+00   2.34686155e-05   6.07451144e-04
   2.62385536e-04  -1.53012512e-02   4.53681082e-02   8.13903360e-02
  -4.40500473e-01]
  HOMO = -0.487866920860374  LUMO = 0.133983166173909
  mo_energy =
[-20.63039433 -20.63013032  -1.47465388  -1.2215878   -0.72320939
  -0.7002177   -0.60512724  -0.53280585  -0.48786692   0.13398317
   0.15245178   0.24592319   0.52821063   0.53444884   0.54868022
   0.58904755   0.61161709   0.63510112   0.67074819   0.69697102
   0.75499402   0.81652088   0.89213355   0.92593172   0.96496592
   1.07314916   1.40365792   1.41950956   1.66882082   1.78295756
   1.93669803   2.02795715   2.04680586   2.04846395   2.10574695
   2.27192771   2.29309845   2.34013498   2.66403334   2.67423635
   2.89988822   2.96355308   2.99670702   3.12082497   3.12463801
   3.47047487   3.49455297   3.60732451   3.61524875   3.6552557
   3.67694975   3.82248888   3.85211272   3.92974842   4.1093041
   4.23982349   4.34830764   4.35152192   4.4183162    4.52747552
   4.61436557   4.64109265   5.19033988   5.19062478   5.34382491
   5.39735793   5.54556875   5.80886182   5.95033417   6.24804417
   6.2719186    6.57641084   6.79531326   6.86269529   6.8873142
   6.92260798   7.03338782   7.09088347   7.10306259   7.16964157
   7.22874796   7.36567965   7.4022661    7.54934033   7.76979407
   7.86575984   7.93409342   8.50231963  44.80441139  45.3253807 ]
E_coul = 93.5825766327676
cycle= 10 E= -150.840617585987  delta_E= -6.25e-10  |g|= 6.84e-06  |ddm|= 5.39e-05
    CPU time for cycle= 10      0.06 sec, wall time      0.06 sec
  HOMO = -0.487866676915  LUMO = 0.133983387917204
  mo_energy =
[-20.63039207 -20.63012805  -1.47465305  -1.22158702  -0.72320855
  -0.70021701  -0.60512694  -0.53280452  -0.48786668   0.13398339
   0.15245203   0.24592354   0.52821078   0.53444902   0.54868021
   0.58904818   0.61161725   0.6351012    0.67074851   0.69697121
   0.7549943    0.81652116   0.89213385   0.92593196   0.96496625
   1.07314947   1.40365835   1.41950996   1.66882136   1.78295803
   1.93669849   2.02795754   2.04680628   2.04846427   2.10574726
   2.27192822   2.29309881   2.34013536   2.66403392   2.67423695
   2.89988879   2.96355403   2.99670802   3.12082526   3.12463882
   3.47047545   3.49455349   3.60732517   3.61524935   3.65525641
   3.67695048   3.82248952   3.85211335   3.929749     4.10930469
   4.23982399   4.3483082    4.35152257   4.41831673   4.52747618
   4.61436613   4.64109339   5.19034065   5.19062551   5.34382552
   5.39735871   5.54556938   5.80886251   5.95033484   6.24804512
   6.27191943   6.57641189   6.79531411   6.86269628   6.88731515
   6.92260906   7.03338863   7.09088416   7.10306345   7.16964231
   7.22874886   7.36568036   7.40226693   7.54934136   7.76979489
   7.8657609    7.93409415   8.50232035  44.80441352  45.32538281]
E_coul = 93.5825677873964
Extra cycle  E= -150.840617586013  delta_E= -2.7e-11  |g|= 3.43e-06  |ddm|= 7.38e-06
    CPU time for scf_cycle      1.21 sec, wall time      1.21 sec
    CPU time for SCF      1.21 sec, wall time      1.43 sec
converged SCF energy = -150.840617586013
RHF E = -150.840617586
RHF eps = [-20.63039207 -20.63012805  -1.47465305  -1.22158702  -0.72320855
  -0.70021701  -0.60512694  -0.53280452  -0.48786668   0.13398339
   0.15245203   0.24592354   0.52821078   0.53444902   0.54868021
   0.58904818   0.61161725   0.6351012    0.67074851   0.69697121
   0.7549943    0.81652116   0.89213385   0.92593196   0.96496625
   1.07314947   1.40365835   1.41950996   1.66882136   1.78295803
   1.93669849   2.02795754   2.04680628   2.04846427   2.10574726
   2.27192822   2.29309881   2.34013536   2.66403392   2.67423695
   2.89988879   2.96355403   2.99670802   3.12082526   3.12463882
   3.47047545   3.49455349   3.60732517   3.61524935   3.65525641
   3.67695048   3.82248952   3.85211335   3.929749     4.10930469
   4.23982399   4.3483082    4.35152257   4.41831673   4.52747618
   4.61436613   4.64109339   5.19034065   5.19062551   5.34382552
   5.39735871   5.54556938   5.80886251   5.95033484   6.24804512
   6.27191943   6.57641189   6.79531411   6.86269628   6.88731515
   6.92260906   7.03338863   7.09088416   7.10306345   7.16964231
   7.22874886   7.36568036   7.40226693   7.54934136   7.76979489
   7.8657609    7.93409415   8.50232035  44.80441352  45.32538281]
    CPU time for GW integral transformation      9.62 sec, wall time      9.62 sec

******** <class 'pyscf.gw.gf2.GF2'> flags ********
method = GF2
GF2 nocc = 9, nvir = 81
use perturbative linearized QP eqn = False
use diagonal approximation for sigma = True
  HOMO = -0.380279930075934  LUMO = 0.110196041848195
  GW mo_energy =
[-19.83265406 -19.83231235  -1.27803106  -1.2224455   -0.61091671
  -0.61325745  -0.54014874  -0.44100752  -0.38027993   0.11019604
   0.11731869   0.16107723   0.48511541   0.48872296   0.50659767
   0.51101448   0.56532526   0.59315743   0.60729988   0.6218889
   0.7041088    0.76752976   0.84055886   0.86759345   0.91433399
   1.01656267   1.30458014   1.40414905   1.66883702   1.76166975
   1.91002963   1.94065477   2.04748339   2.04673414   2.10605727
   2.27258192   2.09977986   2.23475924   2.49941964   2.50539301
   2.70334248   2.722138     2.80314611   2.90371701   3.12535211
   3.47606382   3.40160348   3.48149191   3.57104142   3.6536928
   3.47112395   3.82435721   3.85447238   3.92583157   4.09904942
   4.15909961   4.3480712    4.34445511   4.29305647   4.51848821
   4.61476717   4.64252758   5.00663369   5.15755169   5.25156191
   5.33019338   5.54618758   5.80970458   5.7664686    6.24943873
   6.034179     6.58805748   6.55389175   6.58552039   6.66168732
   6.63504376   6.84898277   6.94845964   7.1093271    6.88747905
   6.92467072   7.0764193    7.14747159   7.32726989   7.68059229
   7.78624454   7.92123891   8.26217817  44.12127604  44.50055247]
    CPU time for GF2      3.15 sec, wall time      3.15 sec
    CPU time for GW integral transformation      9.67 sec, wall time      9.66 sec

******** <class 'pyscf.gw.gf2.GF2'> flags ********
method = GF2
GF2 nocc = 9, nvir = 81
use perturbative linearized QP eqn = False
use diagonal approximation for sigma = True
  HOMO = -0.380279930075934  LUMO = 0.110196041848195
  GW mo_energy =
[ 0.          0.          0.          0.          0.          0.          0.
  0.         -0.38027993  0.11019604  0.          0.          0.          0.
  0.          0.          0.          0.          0.          0.          0.
  0.          0.          0.          0.          0.          0.          0.
  0.          0.          0.          0.          0.          0.          0.
  0.          0.          0.          0.          0.          0.          0.
  0.          0.          0.          0.          0.          0.          0.
  0.          0.          0.          0.          0.          0.          0.
  0.          0.          0.          0.          0.          0.          0.
  0.          0.          0.          0.          0.          0.          0.
  0.          0.          0.          0.          0.          0.          0.
  0.          0.          0.          0.          0.          0.          0.
  0.          0.          0.          0.          0.          0.        ]
    CPU time for GF2      0.02 sec, wall time      0.02 sec
IP root 0 E =  -0.380279930076
EA root 0 E =  0.110196041848
