

******** <class 'pyscf.scf.hf.RHF'> flags ********
method = RHF
initial guess = minao
damping factor = 0
level shift factor = 0
DIIS = <class 'pyscf.scf.diis.CDIIS'>
DIIS start cycle = 1
DIIS space = 8
SCF tol = 1e-09
SCF gradient tol = None
max. SCF cycles = 50
direct_scf = True
direct_scf_tol = 1e-13
chkfile to save SCF result = /tmp/tmpC18xaD
max_memory 4000 MB (current use 76 MB)
Set gradient conv threshold to 3.16228e-05
Nelec from initial guess = 3.99984741252
cond(S) = 191.123185121
E_coul = 3.37649547711001
init E= -7.7527180796073
    CPU time for initialize scf      0.03 sec, wall time      0.05 sec
  HOMO = -0.300921685516445  LUMO = -0.0261674171056223
  mo_energy =
[ -2.48359674  -0.30092169  -0.02616742   0.07342219   0.07342219
   0.12081267   0.18610508   0.36629038   0.36629038   0.38189257
   0.38189257   0.41969045   0.45756788   0.63820048   0.63820048
   0.70433064   0.96349235   0.96349235   1.22225435   1.70445624
   2.69403094   3.43571239   3.43571239   3.44197994   3.44197994
   3.60130727   4.00619285   4.00619285   4.22800885   6.30915952
   6.30915952   6.54231565  15.02018637]
E_coul = 3.49299250964229
cycle= 1 E= -7.97869962709126  delta_E= -0.226  |g|= 0.122  |ddm|=  0.7
    CPU time for cycle= 1      0.01 sec, wall time      0.01 sec
diis-norm(errvec)=0.315265
diis-c [-0.09939214  1.        ]
  HOMO = -0.288688138246213  LUMO = 0.00764391306716015
  mo_energy =
[ -2.45470910e+00  -2.88688138e-01   7.64391307e-03   8.44286127e-02
   8.44286127e-02   1.29907454e-01   2.15785132e-01   3.84695937e-01
   3.84695937e-01   3.86457388e-01   3.86457388e-01   4.24967375e-01
   5.38060642e-01   6.59627531e-01   6.59627531e-01   7.97548375e-01
   1.09566326e+00   1.09566326e+00   1.27779216e+00   1.77620391e+00
   2.91117802e+00   3.65141411e+00   3.65141411e+00   3.65716854e+00
   3.65716854e+00   3.81506091e+00   4.23454180e+00   4.23454180e+00
   4.44650619e+00   6.33340421e+00   6.33340421e+00   6.57016432e+00
   1.50459720e+01]
E_coul = 3.47772416787742
cycle= 2 E= -7.98544057590002  delta_E= -0.00674  |g|= 0.0212  |ddm|= 0.128
    CPU time for cycle= 2      0.00 sec, wall time      0.01 sec
diis-norm(errvec)=0.0575509
diis-c [-0.00160143 -0.15242198  1.15242198]
  HOMO = -0.304255174566872  LUMO = 0.00927276885463054
  mo_energy =
[ -2.44874335e+00  -3.04255175e-01   9.27276885e-03   8.50906428e-02
   8.50906428e-02   1.31002688e-01   2.14322295e-01   3.81982105e-01
   3.81982105e-01   3.88287328e-01   3.88287328e-01   4.25753595e-01
   5.27202019e-01   6.62451860e-01   6.62451860e-01   7.87064976e-01
   1.07623379e+00   1.07623379e+00   1.26986826e+00   1.77045499e+00
   2.86688889e+00   3.61282854e+00   3.61282854e+00   3.61953664e+00
   3.61953664e+00   3.77818796e+00   4.18553062e+00   4.18553062e+00
   4.39893741e+00   6.33934594e+00   6.33934594e+00   6.57545392e+00
   1.50517273e+01]
E_coul = 3.48064846599648
cycle= 3 E= -7.98591668608852  delta_E= -0.000476  |g|= 0.00581  |ddm|= 0.0383
    CPU time for cycle= 3      0.01 sec, wall time      0.01 sec
diis-norm(errvec)=0.0174884
diis-c [ -7.45062352e-05   6.17082409e-02  -6.48562233e-01   1.58685399e+00]
  HOMO = -0.301972676359309  LUMO = 0.00930530146308273
  mo_energy =
[ -2.44707340e+00  -3.01972676e-01   9.30530146e-03   8.57319943e-02
   8.57319943e-02   1.31519269e-01   2.15059711e-01   3.82584131e-01
   3.82584131e-01   3.88764241e-01   3.88764241e-01   4.25478106e-01
   5.29153516e-01   6.63794342e-01   6.63794342e-01   7.89375549e-01
   1.07952028e+00   1.07952028e+00   1.27167484e+00   1.77297053e+00
   2.87245624e+00   3.61808833e+00   3.61808833e+00   3.62504708e+00
   3.62504708e+00   3.78408075e+00   4.19137586e+00   4.19137586e+00
   4.40442930e+00   6.34073778e+00   6.34073778e+00   6.57705229e+00
   1.50526766e+01]
E_coul = 3.48261636132266
cycle= 4 E= -7.98599443529708  delta_E= -7.77e-05  |g|= 0.00109  |ddm|= 0.019
    CPU time for cycle= 4      0.01 sec, wall time      0.01 sec
diis-norm(errvec)=0.00325223
diis-c [ -8.58648871e-07  -1.46149184e-02   1.88486181e-01  -6.28941186e-01
   1.45506992e+00]
  HOMO = -0.301682670871556  LUMO = 0.00904671685698913
  mo_energy =
[ -2.44761396e+00  -3.01682671e-01   9.04671686e-03   8.56308676e-02
   8.56308676e-02   1.31515640e-01   2.15030741e-01   3.82447927e-01
   3.82447927e-01   3.88531514e-01   3.88531514e-01   4.25189867e-01
   5.29574552e-01   6.63442191e-01   6.63442191e-01   7.89512289e-01
   1.08005601e+00   1.08005601e+00   1.27181299e+00   1.77294795e+00
   2.87342067e+00   3.61906132e+00   3.61906132e+00   3.62595161e+00
   3.62595161e+00   3.78486190e+00   4.19244302e+00   4.19244302e+00
   4.40550533e+00   6.34020930e+00   6.34020930e+00   6.57656094e+00
   1.50521180e+01]
E_coul = 3.48264583218793
cycle= 5 E= -7.98599720023962  delta_E= -2.76e-06  |g|= 0.00012  |ddm|= 0.0046
    CPU time for cycle= 5      0.00 sec, wall time      0.01 sec
diis-norm(errvec)=0.000214149
diis-c [ -9.75589026e-09   2.51000636e-03  -3.47491698e-02   1.23564059e-01
  -3.25579934e-01   1.23425504e+00]
  HOMO = -0.301684156007923  LUMO = 0.00902036091646134
  mo_energy =
[ -2.44770201e+00  -3.01684156e-01   9.02036092e-03   8.56034011e-02
   8.56034011e-02   1.31505077e-01   2.15006694e-01   3.82414845e-01
   3.82414845e-01   3.88494530e-01   3.88494530e-01   4.25149377e-01
   5.29581077e-01   6.63380516e-01   6.63380516e-01   7.89471045e-01
   1.08004766e+00   1.08004766e+00   1.27177717e+00   1.77290005e+00
   2.87339171e+00   3.61904436e+00   3.61904436e+00   3.62592963e+00
   3.62592963e+00   3.78482871e+00   4.19241653e+00   4.19241653e+00
   4.40548286e+00   6.34012201e+00   6.34012201e+00   6.57647412e+00
   1.50520272e+01]
E_coul = 3.48257201337327
cycle= 6 E= -7.98599721766316  delta_E= -1.74e-08  |g|= 1.76e-05  |ddm|= 0.000675
    CPU time for cycle= 6      0.01 sec, wall time      0.01 sec
diis-norm(errvec)=3.00319e-05
diis-c [ -6.11430351e-11  -3.84350509e-04   6.29889025e-03  -2.35797815e-02
   6.38580659e-02  -3.41809680e-01   1.29561686e+00]
  HOMO = -0.30169131821943  LUMO = 0.00901534861520719
  mo_energy =
[ -2.44771699e+00  -3.01691318e-01   9.01534862e-03   8.55987636e-02
   8.55987636e-02   1.31503089e-01   2.15002960e-01   3.82408632e-01
   3.82408632e-01   3.88488206e-01   3.88488206e-01   4.25144773e-01
   5.29575727e-01   6.63369668e-01   6.63369668e-01   7.89461710e-01
   1.08003834e+00   1.08003834e+00   1.27176930e+00   1.77288804e+00
   2.87337783e+00   3.61903061e+00   3.61903061e+00   3.62591527e+00
   3.62591527e+00   3.78481340e+00   4.19240199e+00   4.19240199e+00
   4.40546873e+00   6.34010711e+00   6.34010711e+00   6.57645954e+00
   1.50520115e+01]
E_coul = 3.48256280849529
cycle= 7 E= -7.9859972180494  delta_E= -3.86e-10  |g|= 1.27e-06  |ddm|= 0.000117
    CPU time for cycle= 7      0.00 sec, wall time      0.01 sec
  HOMO = -0.301690509186729  LUMO = 0.00901546892069783
  mo_energy =
[ -2.44771672e+00  -3.01690509e-01   9.01546892e-03   8.55988116e-02
   8.55988116e-02   1.31503134e-01   2.15003096e-01   3.82408879e-01
   3.82408879e-01   3.88488290e-01   3.88488290e-01   4.25144739e-01
   5.29576277e-01   6.63369914e-01   6.63369914e-01   7.89462332e-01
   1.08003938e+00   1.08003938e+00   1.27176979e+00   1.77288866e+00
   2.87337978e+00   3.61903248e+00   3.61903248e+00   3.62591715e+00
   3.62591715e+00   3.78481531e+00   4.19240411e+00   4.19240411e+00
   4.40547074e+00   6.34010734e+00   6.34010734e+00   6.57645979e+00
   1.50520117e+01]
E_coul = 3.48256260768826
Extra cycle  E= -7.98599721805088  delta_E= -1.49e-12  |g|= 3.39e-07  |ddm|= 3.85e-06
    CPU time for scf_cycle      0.08 sec, wall time      0.10 sec
    CPU time for SCF      0.08 sec, wall time      0.10 sec
converged SCF energy = -7.98599721805088
RHF E = -7.98599721805
RHF eps = [ -2.44771672e+00  -3.01690509e-01   9.01546892e-03   8.55988116e-02
   8.55988116e-02   1.31503134e-01   2.15003096e-01   3.82408879e-01
   3.82408879e-01   3.88488290e-01   3.88488290e-01   4.25144739e-01
   5.29576277e-01   6.63369914e-01   6.63369914e-01   7.89462332e-01
   1.08003938e+00   1.08003938e+00   1.27176979e+00   1.77288866e+00
   2.87337978e+00   3.61903248e+00   3.61903248e+00   3.62591715e+00
   3.62591715e+00   3.78481531e+00   4.19240411e+00   4.19240411e+00
   4.40547074e+00   6.34010734e+00   6.34010734e+00   6.57645979e+00
   1.50520117e+01]
    CPU time for GW integral transformation      0.09 sec, wall time      0.09 sec

******** <class 'pyscf.gw.gf2.GF2'> flags ********
method = GF2
GF2 nocc = 2, nvir = 31
use perturbative linearized QP eqn = False
use diagonal approximation for sigma = True
  HOMO = -0.293535175015462  LUMO = 0.00389536538524541
  GW mo_energy =
[ -2.39030687e+00  -2.93535175e-01   3.89536539e-03   7.66647665e-02
   7.66647665e-02   1.27492771e-01   2.03898655e-01   3.66009794e-01
   3.66009794e-01   3.74907800e-01   3.74907800e-01   4.15570518e-01
   5.04612045e-01   6.39572853e-01   6.39572853e-01   7.77802312e-01
   1.03440492e+00   1.03440492e+00   1.23140189e+00   1.76666829e+00
   2.87042455e+00   3.51722270e+00   3.51722270e+00   3.52441204e+00
   3.52441204e+00   3.67264712e+00   4.03103119e+00   4.03103119e+00
   4.25653727e+00   6.26079286e+00   6.26079286e+00   6.50376791e+00
   1.48147289e+01]
    CPU time for GF2      0.05 sec, wall time      0.05 sec
    CPU time for GW integral transformation      0.10 sec, wall time      0.09 sec

******** <class 'pyscf.gw.gf2.GF2'> flags ********
method = GF2
GF2 nocc = 2, nvir = 31
use perturbative linearized QP eqn = False
use diagonal approximation for sigma = True
  HOMO = -0.293535175015462  LUMO = 0.00389536538524541
  GW mo_energy =
[ 0.         -0.29353518  0.00389537  0.          0.          0.          0.
  0.          0.          0.          0.          0.          0.          0.
  0.          0.          0.          0.          0.          0.          0.
  0.          0.          0.          0.          0.          0.          0.
  0.          0.          0.          0.          0.        ]
    CPU time for GF2      0.00 sec, wall time      0.00 sec
IP root 0 E =  -0.293535175015
EA root 0 E =  0.00389536538525
