

******** <class 'pyscf.scf.hf.RHF'> flags ********
method = RHF
initial guess = minao
damping factor = 0
level shift factor = 0
DIIS = <class 'pyscf.scf.diis.CDIIS'>
DIIS start cycle = 1
DIIS space = 8
SCF tol = 1e-09
SCF gradient tol = None
max. SCF cycles = 50
direct_scf = True
direct_scf_tol = 1e-13
chkfile to save SCF result = /tmp/tmpZSpgf0
max_memory 4000 MB (current use 76 MB)
Set gradient conv threshold to 3.16228e-05
Nelec from initial guess = 19.9986142167
cond(S) = 546.15155196
E_coul = 137.212730961379
init E= -274.206732608292
    CPU time for initialize scf      0.25 sec, wall time      0.25 sec
  HOMO = -0.457394787513773  LUMO = -0.169751545796761
  mo_energy =
[-48.98801616 -20.75440476  -3.75335949  -2.27210968  -2.25968031
  -2.25968031  -1.38031256  -0.49889808  -0.45739479  -0.45739479
  -0.16975155   0.07195124   0.07195124   0.10274488   0.17643692
   0.20117015   0.20117015   0.22309064   0.22309064   0.22874237
   0.40899442   0.40899442   0.51521151   0.61119653   0.69228533
   0.69228533   0.77666777   0.77666777   0.78404157   0.78404157
   0.85117787   1.06882101   1.65359997   1.65359997   1.84117213
   1.84117213   1.90270906   2.13242163   2.13242163   2.30773275
   2.93996741   2.93996741   3.08345012   3.25109532   4.85222822
   5.41697063   5.41697063   5.42873025   5.42873025   5.43307576
   5.43307576   5.53126505   6.56326125   6.56326125   6.66315303
   6.66315303   6.90720421   7.03878807   7.03878807   7.0655639
   7.0655639    7.1344195   44.5411141 ]
E_coul = 142.378715465656
cycle= 1 E= -274.13858209274  delta_E= 0.0682  |g|= 0.973  |ddm|= 1.67
    CPU time for cycle= 1      0.02 sec, wall time      0.02 sec
diis-norm(errvec)=2.14417
diis-c [-4.59747172  1.        ]
  HOMO = -0.0529695417117424  LUMO = -0.0144418155012839
  mo_energy =
[ -4.91461214e+01  -1.96054206e+01  -3.86316021e+00  -2.38352780e+00
  -2.38352780e+00  -2.37247716e+00  -7.05441315e-01  -1.48015451e-01
  -5.29695417e-02  -5.29695417e-02  -1.44418155e-02   3.69963967e-02
   3.69963967e-02   1.06947093e-01   1.51679350e-01   1.71250218e-01
   1.71250218e-01   2.59915582e-01   2.59915582e-01   2.94171255e-01
   3.52209264e-01   3.52209264e-01   4.98474162e-01   7.09154883e-01
   7.09154883e-01   7.87668274e-01   7.87668274e-01   9.17246339e-01
   1.04252761e+00   1.04252761e+00   1.11532682e+00   1.25515636e+00
   2.02144772e+00   2.03282942e+00   2.03282942e+00   2.17675862e+00
   2.17675862e+00   2.33249183e+00   2.33249183e+00   2.62485834e+00
   3.65740369e+00   3.65740369e+00   3.75617346e+00   3.87965341e+00
   4.83424315e+00   6.11848037e+00   6.11848037e+00   6.12663331e+00
   6.12663331e+00   6.13718690e+00   6.13718690e+00   6.18808553e+00
   6.91180453e+00   6.91180453e+00   6.93534846e+00   6.93534846e+00
   6.98464183e+00   7.41170053e+00   7.41170053e+00   7.51747036e+00
   7.51747036e+00   7.75959709e+00   4.56459343e+01]
E_coul = 128.918684637338
cycle= 2 E= -272.824178375487  delta_E= 1.31  |g|= 2.38  |ddm|= 1.92
    CPU time for cycle= 2      0.01 sec, wall time      0.02 sec
diis-norm(errvec)=5.90987
diis-c [-1.08695388  0.75638006  0.24361994]
  HOMO = -0.29718188740284  LUMO = -0.0752994673341174
  mo_energy =
[ -4.91081821e+01  -2.03302407e+01  -3.83862858e+00  -2.35765906e+00
  -2.35765906e+00  -2.35542948e+00  -1.05702596e+00  -3.14936677e-01
  -3.14936677e-01  -2.97181887e-01  -7.52994673e-02   4.27442952e-02
   4.27442952e-02   1.04635782e-01   1.61199035e-01   1.78914421e-01
   1.78914421e-01   2.27752703e-01   2.27752703e-01   2.49308997e-01
   3.71487842e-01   3.71487842e-01   4.95949164e-01   7.26892141e-01
   7.26892141e-01   7.54735018e-01   7.56256938e-01   7.56256938e-01
   8.48859731e-01   8.48859731e-01   9.70725606e-01   1.12637160e+00
   1.89182468e+00   1.89182468e+00   1.96195542e+00   2.04177215e+00
   2.04177215e+00   2.06948063e+00   2.06948063e+00   2.41003922e+00
   3.23717717e+00   3.23717717e+00   3.35482991e+00   3.51247275e+00
   4.81529789e+00   5.72612067e+00   5.72612067e+00   5.73469204e+00
   5.73469204e+00   5.74768297e+00   5.74768297e+00   5.80831408e+00
   6.90863110e+00   6.90863110e+00   6.92257359e+00   6.92257359e+00
   6.95110943e+00   6.95110943e+00   6.98884483e+00   7.05918738e+00
   7.05918738e+00   7.29266914e+00   4.49509709e+01]
E_coul = 138.817720861649
cycle= 3 E= -274.37140324622  delta_E= -1.55  |g|= 0.097  |ddm|= 1.49
    CPU time for cycle= 3      0.02 sec, wall time      0.02 sec
diis-norm(errvec)=0.150515
diis-c [-0.02146342  0.02485542  0.00677635  0.96836823]
  HOMO = -0.322973569760202  LUMO = -0.0589269953669724
  mo_energy =
[ -4.90596337e+01  -2.04282901e+01  -3.80522364e+00  -2.32358313e+00
  -2.32358313e+00  -2.32069094e+00  -1.05958785e+00  -3.25673243e-01
  -3.25673243e-01  -3.22973570e-01  -5.89269954e-02   4.61583690e-02
   4.61583690e-02   1.07329105e-01   1.59410590e-01   1.83051873e-01
   1.83051873e-01   2.35751198e-01   2.35751198e-01   2.59201770e-01
   3.76405601e-01   3.76405601e-01   5.01078035e-01   7.40230962e-01
   7.40230962e-01   7.72623947e-01   7.72623947e-01   7.76335641e-01
   8.69942177e-01   8.69942177e-01   9.92062211e-01   1.14660062e+00
   1.91352059e+00   1.91352059e+00   1.97997881e+00   2.06260013e+00
   2.06260013e+00   2.09313033e+00   2.09313033e+00   2.42532008e+00
   3.22615290e+00   3.22615290e+00   3.34533491e+00   3.51352592e+00
   4.84267106e+00   5.73502131e+00   5.73502131e+00   5.74420929e+00
   5.74420929e+00   5.75565742e+00   5.75565742e+00   5.81921616e+00
   6.89593780e+00   6.89593780e+00   6.93659814e+00   6.93659814e+00
   6.97748737e+00   6.97748737e+00   7.01778779e+00   7.06009152e+00
   7.06009152e+00   7.28003037e+00   4.48619923e+01]
E_coul = 138.728048026744
cycle= 4 E= -274.373573993544  delta_E= -0.00217  |g|= 0.0281  |ddm|= 0.128
    CPU time for cycle= 4      0.02 sec, wall time      0.02 sec
diis-norm(errvec)=0.0618809
diis-c [-0.00164432  0.0065949  -0.00622457 -0.09180838  1.09143806]
  HOMO = -0.325133646526643  LUMO = -0.0538959320458367
  mo_energy =
[-49.06088735 -20.42606121  -3.80066204  -2.31874812  -2.31874812
  -2.31639938  -1.06807704  -0.33487736  -0.33487736  -0.32513365
  -0.05389593   0.04947754   0.04947754   0.10943616   0.16282273
   0.18526921   0.18526921   0.23618203   0.23618203   0.2577605
   0.38041678   0.38041678   0.50484225   0.74563586   0.74563586
   0.77028284   0.77480533   0.77480533   0.86417071   0.86417071
   0.98881208   1.1463227    1.9049125    1.9049125    1.98027743
   2.06032715   2.06032715   2.09311989   2.09311989   2.42132047
   3.21903729   3.21903729   3.33971051   3.50631943   4.84530258
   5.72400468   5.72400468   5.73243665   5.73243665   5.74587709
   5.74587709   5.80774525   6.88861653   6.88861653   6.93413898
   6.93413898   6.98189528   6.98189528   7.02078395   7.05814404
   7.05814404   7.27224797  44.8634234 ]
E_coul = 138.749318066279
cycle= 5 E= -274.374031015711  delta_E= -0.000457  |g|= 0.0194  |ddm|= 0.0482
    CPU time for cycle= 5      0.02 sec, wall time      0.02 sec
diis-norm(errvec)=0.046803
diis-c [ -5.28645142e-04   9.16965925e-03  -2.96778918e-03  -5.16124416e-03
  -5.65269485e-01   1.56422886e+00]
  HOMO = -0.323064486744829  LUMO = -0.0515557076247817
  mo_energy =
[-49.0540207  -20.43079589  -3.79627111  -2.31397898  -2.31397898
  -2.31173393  -1.07240576  -0.34056007  -0.34056007  -0.32306449
  -0.05155571   0.05079815   0.05079815   0.11062303   0.16450766
   0.18631623   0.18631623   0.23593461   0.23593461   0.25695678
   0.38234734   0.38234734   0.50673648   0.74811853   0.74811853
   0.7675928    0.77589382   0.77589382   0.86078177   0.86078177
   0.98710279   1.14645581   1.90116176   1.90116176   1.98084692
   2.05856084   2.05856084   2.09476915   2.09476915   2.41982547
   3.21458679   3.21458679   3.3363566    3.50233413   4.84810038
   5.7192168    5.7192168    5.72686971   5.72686971   5.74242041
   5.74242041   5.80229604   6.88498433   6.88498433   6.93323316
   6.93323316   6.98629251   6.98629251   7.02410511   7.05844758
   7.05844758   7.26805199  44.85863294]
E_coul = 138.756087318992
cycle= 6 E= -274.374370821623  delta_E= -0.00034  |g|= 0.0125  |ddm|= 0.0404
    CPU time for cycle= 6      0.01 sec, wall time      0.02 sec
diis-norm(errvec)=0.0306815
diis-c [ -1.45610891e-04   4.83088749e-03   6.83739651e-04   4.95455045e-02
   1.48791051e-01  -1.59502385e+00   2.39117266e+00]
  HOMO = -0.32057856345583  LUMO = -0.0492512637992634
  mo_energy =
[-49.05555088 -20.43804071  -3.79585658  -2.31328945  -2.31328945
  -2.31127256  -1.07796797  -0.34847114  -0.34847114  -0.32057856
  -0.04925126   0.05185553   0.05185553   0.11169055   0.1660666
   0.18706176   0.18706176   0.23526089   0.23526089   0.25597377
   0.38373051   0.38373051   0.50813011   0.74954425   0.74954425
   0.76439532   0.77605281   0.77605281   0.85639694   0.85639694
   0.98447384   1.14541233   1.89634026   1.89634026   1.97972822
   2.05485813   2.05485813   2.09464441   2.09464441   2.41682914
   3.20866043   3.20866043   3.3313403    3.49711819   4.84770242
   5.71313586   5.71313586   5.71970121   5.71970121   5.73826086
   5.73826086   5.79505543   6.87996042   6.87996042   6.92928464
   6.92928464   6.98684353   6.98684353   7.02365823   7.05596629
   7.05596629   7.26159728  44.85152821]
E_coul = 138.757528174519
cycle= 7 E= -274.37461131934  delta_E= -0.00024  |g|= 0.0057  |ddm|= 0.0511
    CPU time for cycle= 7      0.02 sec, wall time      0.02 sec
diis-norm(errvec)=0.0135677
diis-c [ -1.38009432e-05   3.00387312e-03   8.83514395e-05  -2.16679098e-03
   7.89020829e-02  -9.29418729e-02  -4.61225661e-01   1.47434002e+00]
  HOMO = -0.319819250266855  LUMO = -0.0481157259802376
  mo_energy =
[ -4.90521818e+01  -2.04414873e+01  -3.79412729e+00  -2.31140002e+00
  -2.31140002e+00  -2.30955643e+00  -1.08137570e+00  -3.52961411e-01
  -3.52961411e-01  -3.19819250e-01  -4.81157260e-02   5.24913333e-02
   5.24913333e-02   1.12167460e-01   1.66980175e-01   1.87421154e-01
   1.87421154e-01   2.34901279e-01   2.34901279e-01   2.55379914e-01
   3.84536195e-01   3.84536195e-01   5.08907846e-01   7.50314057e-01
   7.50314057e-01   7.62274782e-01   7.76092714e-01   7.76092714e-01
   8.53786562e-01   8.53786562e-01   9.82768526e-01   1.14468471e+00
   1.89312765e+00   1.89312765e+00   1.97931525e+00   2.05236892e+00
   2.05236892e+00   2.09516057e+00   2.09516057e+00   2.41509970e+00
   3.20510345e+00   3.20510345e+00   3.32822519e+00   3.49401983e+00
   4.84845024e+00   5.70917078e+00   5.70917078e+00   5.71527452e+00
   5.71527452e+00   5.73517530e+00   5.73517530e+00   5.79075571e+00
   6.87672545e+00   6.87672545e+00   6.92732783e+00   6.92732783e+00
   6.98852999e+00   6.98852999e+00   7.02458727e+00   7.05543793e+00
   7.05543793e+00   7.25800586e+00   4.48480791e+01]
E_coul = 138.751740167975
cycle= 8 E= -274.374646014098  delta_E= -3.47e-05  |g|= 0.00164  |ddm|= 0.023
    CPU time for cycle= 8      0.02 sec, wall time      0.02 sec
diis-norm(errvec)=0.00376989
diis-c [ -7.63812615e-07   9.34891370e-04  -1.90395713e-04  -2.75268450e-03
  -2.43012559e-02   1.63528230e-01  -1.90659029e-01  -1.24448898e-01
   1.17788914e+00]
  HOMO = -0.319876023697256  LUMO = -0.0480200703491822
  mo_energy =
[ -4.90529008e+01  -2.04424061e+01  -3.79434925e+00  -2.31161896e+00
  -2.31161896e+00  -2.30980313e+00  -1.08216951e+00  -3.53825727e-01
  -3.53825727e-01  -3.19876024e-01  -4.80200703e-02   5.25908063e-02
   5.25908063e-02   1.12209276e-01   1.67104728e-01   1.87455368e-01
   1.87455368e-01   2.34820784e-01   2.34820784e-01   2.55259351e-01
   3.84614898e-01   3.84614898e-01   5.08978103e-01   7.50363294e-01
   7.50363294e-01   7.61835423e-01   7.76010656e-01   7.76010656e-01
   8.53255044e-01   8.53255044e-01   9.82364153e-01   1.14443843e+00
   1.89241285e+00   1.89241285e+00   1.97905339e+00   2.05177389e+00
   2.05177389e+00   2.09500421e+00   2.09500421e+00   2.41461954e+00
   3.20429807e+00   3.20429807e+00   3.32749386e+00   3.49329286e+00
   4.84819610e+00   5.70829563e+00   5.70829563e+00   5.71434659e+00
   5.71434659e+00   5.73440760e+00   5.73440760e+00   5.78984801e+00
   6.87590571e+00   6.87590571e+00   6.92664922e+00   6.92664922e+00
   6.98830348e+00   6.98830348e+00   7.02426923e+00   7.05495333e+00
   7.05495333e+00   7.25714328e+00   4.48471627e+01]
E_coul = 138.755225499304
cycle= 9 E= -274.374647078694  delta_E= -1.06e-06  |g|= 0.000257  |ddm|= 0.00294
    CPU time for cycle= 9      0.02 sec, wall time      0.02 sec
diis-norm(errvec)=0.000562542
diis-c [ -2.59560583e-08   1.11923026e+00  -9.48168476e-07   2.89830348e-05
  -5.40743857e-04  -1.37789146e-02   3.46663939e-02  -4.75492457e-02
  -9.20557884e-02]
  HOMO = -0.31987650183255  LUMO = -0.04798164338737
  mo_energy =
[ -4.90527584e+01  -2.04425576e+01  -3.79427088e+00  -2.31153827e+00
  -2.31153827e+00  -2.30971906e+00  -1.08227315e+00  -3.53939699e-01
  -3.53939699e-01  -3.19876502e-01  -4.79816434e-02   5.26122066e-02
   5.26122066e-02   1.12225171e-01   1.67139703e-01   1.87464709e-01
   1.87464709e-01   2.34813576e-01   2.34813576e-01   2.55244424e-01
   3.84641588e-01   3.84641588e-01   5.09009336e-01   7.50390701e-01
   7.50390701e-01   7.61786004e-01   7.76021439e-01   7.76021439e-01
   8.53186551e-01   8.53186551e-01   9.82321878e-01   1.14443431e+00
   1.89233409e+00   1.89233409e+00   1.97906140e+00   2.05171637e+00
   2.05171637e+00   2.09503806e+00   2.09503806e+00   2.41458924e+00
   3.20419502e+00   3.20419502e+00   3.32741183e+00   3.49320885e+00
   4.84824071e+00   5.70820009e+00   5.70820009e+00   5.71424396e+00
   5.71424396e+00   5.73432817e+00   5.73432817e+00   5.78975247e+00
   6.87581157e+00   6.87581157e+00   6.92660586e+00   6.92660586e+00
   6.98837799e+00   6.98837799e+00   7.02432168e+00   7.05496072e+00
   7.05496072e+00   7.25705325e+00   4.48470156e+01]
E_coul = 138.755558792088
cycle= 10 E= -274.374647110078  delta_E= -3.14e-08  |g|= 3.38e-05  |ddm|= 0.000628
    CPU time for cycle= 10      0.02 sec, wall time      0.02 sec
diis-norm(errvec)=6.82514e-05
diis-c [ -5.58379704e-10  -3.61089289e-01   1.34120909e+00  -4.66721424e-05
   4.96775849e-04   2.86170936e-03  -7.56931727e-03   1.16387650e-02
   1.24989337e-02]
  HOMO = -0.319871670224396  LUMO = -0.0479803350704615
  mo_energy =
[ -4.90527527e+01  -2.04425659e+01  -3.79426411e+00  -2.31153157e+00
  -2.31153157e+00  -2.30971095e+00  -1.08227571e+00  -3.53942079e-01
  -3.53942079e-01  -3.19871670e-01  -4.79803351e-02   5.26134289e-02
   5.26134289e-02   1.12225658e-01   1.67141073e-01   1.87465148e-01
   1.87465148e-01   2.34813646e-01   2.34813646e-01   2.55245417e-01
   3.84643186e-01   3.84643186e-01   5.09011907e-01   7.50393788e-01
   7.50393788e-01   7.61788285e-01   7.76024316e-01   7.76024316e-01
   8.53185198e-01   8.53185198e-01   9.82322476e-01   1.14443807e+00
   1.89233415e+00   1.89233415e+00   1.97906518e+00   2.05171740e+00
   2.05171740e+00   2.09504269e+00   2.09504269e+00   2.41459152e+00
   3.20419191e+00   3.20419191e+00   3.32741137e+00   3.49320768e+00
   4.84824573e+00   5.70819926e+00   5.70819926e+00   5.71424316e+00
   5.71424316e+00   5.73432774e+00   5.73432774e+00   5.78975239e+00
   6.87580890e+00   6.87580890e+00   6.92660634e+00   6.92660634e+00
   6.98838480e+00   6.98838480e+00   7.02432733e+00   7.05496383e+00
   7.05496383e+00   7.25705123e+00   4.48470084e+01]
E_coul = 138.755644823896
cycle= 11 E= -274.374647111159  delta_E= -1.08e-09  |g|= 5.38e-06  |ddm|= 0.000154
    CPU time for cycle= 11      0.02 sec, wall time      0.02 sec
diis-norm(errvec)=1.00862e-05
diis-c [ -2.30179209e-11   5.48756362e-02  -3.23549470e-01   1.26723012e+00
  -1.07261141e-04   5.66961642e-05   4.61910074e-04  -2.12045761e-03
   3.15282225e-03]
  HOMO = -0.319871674440312  LUMO = -0.0479804310349543
  mo_energy =
[ -4.90527510e+01  -2.04425646e+01  -3.79426357e+00  -2.31153096e+00
  -2.31153096e+00  -2.30971029e+00  -1.08227395e+00  -3.53941100e-01
  -3.53941100e-01  -3.19871674e-01  -4.79804310e-02   5.26132222e-02
   5.26132222e-02   1.12225548e-01   1.67140760e-01   1.87464897e-01
   1.87464897e-01   2.34813749e-01   2.34813749e-01   2.55245985e-01
   3.84642800e-01   3.84642800e-01   5.09011762e-01   7.50393457e-01
   7.50393457e-01   7.61789967e-01   7.76024319e-01   7.76024319e-01
   8.53186302e-01   8.53186302e-01   9.82323385e-01   1.14443860e+00
   1.89233555e+00   1.89233555e+00   1.97906570e+00   2.05171860e+00
   2.05171860e+00   2.09504297e+00   2.09504297e+00   2.41459271e+00
   3.20419324e+00   3.20419324e+00   3.32741290e+00   3.49320906e+00
   4.84824614e+00   5.70820080e+00   5.70820080e+00   5.71424473e+00
   5.71424473e+00   5.73432919e+00   5.73432919e+00   5.78975389e+00
   6.87581032e+00   6.87581032e+00   6.92660754e+00   6.92660754e+00
   6.98838538e+00   6.98838538e+00   7.02432807e+00   7.05496477e+00
   7.05496477e+00   7.25705264e+00   4.48470096e+01]
E_coul = 138.755640654611
cycle= 12 E= -274.374647111184  delta_E= -2.48e-11  |g|= 9.65e-07  |ddm|= 2.6e-05
    CPU time for cycle= 12      0.02 sec, wall time      0.02 sec
  HOMO = -0.319871475468755  LUMO = -0.0479803737039561
  mo_energy =
[ -4.90527511e+01  -2.04425639e+01  -3.79426352e+00  -2.31153090e+00
  -2.31153090e+00  -2.30971022e+00  -1.08227346e+00  -3.53940735e-01
  -3.53940735e-01  -3.19871475e-01  -4.79803737e-02   5.26132434e-02
   5.26132434e-02   1.12225577e-01   1.67140763e-01   1.87464917e-01
   1.87464917e-01   2.34813799e-01   2.34813799e-01   2.55246048e-01
   3.84642838e-01   3.84642838e-01   5.09011844e-01   7.50393531e-01
   7.50393531e-01   7.61790123e-01   7.76024446e-01   7.76024446e-01
   8.53186506e-01   8.53186506e-01   9.82323611e-01   1.14443882e+00
   1.89233587e+00   1.89233587e+00   1.97906589e+00   2.05171889e+00
   2.05171889e+00   2.09504308e+00   2.09504308e+00   2.41459294e+00
   3.20419368e+00   3.20419368e+00   3.32741331e+00   3.49320953e+00
   4.84824623e+00   5.70820124e+00   5.70820124e+00   5.71424520e+00
   5.71424520e+00   5.73432961e+00   5.73432961e+00   5.78975437e+00
   6.87581082e+00   6.87581082e+00   6.92660791e+00   6.92660791e+00
   6.98838545e+00   6.98838545e+00   7.02432820e+00   7.05496501e+00
   7.05496501e+00   7.25705311e+00   4.48470103e+01]
E_coul = 138.755637605774
Extra cycle  E= -274.374647111184  delta_E= -2.27e-13  |g|= 5.98e-07  |ddm|= 3.27e-06
    CPU time for scf_cycle      0.48 sec, wall time      0.50 sec
    CPU time for SCF      0.48 sec, wall time      0.64 sec
converged SCF energy = -274.374647111184
RHF E = -274.374647111
RHF eps = [ -4.90527511e+01  -2.04425639e+01  -3.79426352e+00  -2.31153090e+00
  -2.31153090e+00  -2.30971022e+00  -1.08227346e+00  -3.53940735e-01
  -3.53940735e-01  -3.19871475e-01  -4.79803737e-02   5.26132434e-02
   5.26132434e-02   1.12225577e-01   1.67140763e-01   1.87464917e-01
   1.87464917e-01   2.34813799e-01   2.34813799e-01   2.55246048e-01
   3.84642838e-01   3.84642838e-01   5.09011844e-01   7.50393531e-01
   7.50393531e-01   7.61790123e-01   7.76024446e-01   7.76024446e-01
   8.53186506e-01   8.53186506e-01   9.82323611e-01   1.14443882e+00
   1.89233587e+00   1.89233587e+00   1.97906589e+00   2.05171889e+00
   2.05171889e+00   2.09504308e+00   2.09504308e+00   2.41459294e+00
   3.20419368e+00   3.20419368e+00   3.32741331e+00   3.49320953e+00
   4.84824623e+00   5.70820124e+00   5.70820124e+00   5.71424520e+00
   5.71424520e+00   5.73432961e+00   5.73432961e+00   5.78975437e+00
   6.87581082e+00   6.87581082e+00   6.92660791e+00   6.92660791e+00
   6.98838545e+00   6.98838545e+00   7.02432820e+00   7.05496501e+00
   7.05496501e+00   7.25705311e+00   4.48470103e+01]
    CPU time for GW integral transformation      1.77 sec, wall time      1.77 sec

******** <class 'pyscf.gw.gf2.GF2'> flags ********
method = GF2
GF2 nocc = 10, nvir = 53
use perturbative linearized QP eqn = False
use diagonal approximation for sigma = True
  HOMO = -0.263715527119499  LUMO = -0.0485773102218768
  GW mo_energy =
[ -4.82835721e+01  -1.94899888e+01  -3.59411495e+00  -2.15373583e+00
  -2.15373583e+00  -2.14893109e+00  -7.80958097e-01  -1.71440042e-01
  -1.71440042e-01  -2.63715527e-01  -4.85773102e-02   4.05917519e-02
   4.05917519e-02   8.88607181e-02   1.45280817e-01   1.78697292e-01
   1.78697292e-01   2.18948856e-01   2.18948856e-01   2.36077381e-01
   3.56236218e-01   3.56236218e-01   4.93334394e-01   7.06849030e-01
   7.06849030e-01   6.50831059e-01   7.53530528e-01   7.53530528e-01
   7.60350241e-01   7.60350241e-01   9.28428425e-01   1.10539070e+00
   1.69515425e+00   1.69515425e+00   1.90965124e+00   1.99168994e+00
   1.99168994e+00   2.01473511e+00   2.01473511e+00   2.41341796e+00
   2.82123329e+00   2.82123329e+00   2.96184971e+00   3.23234362e+00
   4.80240855e+00   5.42076602e+00   5.42076602e+00   5.41983008e+00
   5.41983008e+00   5.45003720e+00   5.45003720e+00   5.54115050e+00
   6.40387012e+00   6.40387012e+00   6.55240842e+00   6.55240842e+00
   6.82686981e+00   6.82686981e+00   6.85167437e+00   6.76888622e+00
   6.76888622e+00   6.79609902e+00   4.39537831e+01]
    CPU time for GF2      0.62 sec, wall time      0.62 sec
    CPU time for GW integral transformation      1.78 sec, wall time      1.78 sec

******** <class 'pyscf.gw.gf2.GF2'> flags ********
method = GF2
GF2 nocc = 10, nvir = 53
use perturbative linearized QP eqn = False
use diagonal approximation for sigma = True
  HOMO = -0.263715527119499  LUMO = -0.0485773102218768
  GW mo_energy =
[ 0.          0.          0.          0.          0.          0.          0.
  0.          0.         -0.26371553 -0.04857731  0.          0.          0.
  0.          0.          0.          0.          0.          0.          0.
  0.          0.          0.          0.          0.          0.          0.
  0.          0.          0.          0.          0.          0.          0.
  0.          0.          0.          0.          0.          0.          0.
  0.          0.          0.          0.          0.          0.          0.
  0.          0.          0.          0.          0.          0.          0.
  0.          0.          0.          0.          0.          0.          0.        ]
    CPU time for GF2      0.01 sec, wall time      0.01 sec
IP root 0 E =  -0.263715527119
EA root 0 E =  -0.0485773102219
