

******** <class 'pyscf.scf.hf.RHF'> flags ********
method = RHF
initial guess = minao
damping factor = 0
level shift factor = 0
DIIS = <class 'pyscf.scf.diis.CDIIS'>
DIIS start cycle = 1
DIIS space = 8
SCF tol = 1e-09
SCF gradient tol = None
max. SCF cycles = 50
direct_scf = True
direct_scf_tol = 1e-13
chkfile to save SCF result = /tmp/tmpHb94VZ
max_memory 4000 MB (current use 76 MB)
Set gradient conv threshold to 3.16228e-05
Nelec from initial guess = 13.9996881267
cond(S) = 22567.1890297
E_coul = 62.2791965008381
init E= -109.015573470721
    CPU time for initialize scf      0.21 sec, wall time      0.26 sec
  HOMO = -0.385729272894376  LUMO = 0.0597048212158342
  mo_energy =
[-15.61964982 -15.6135426   -1.67848808  -0.66968829  -0.4810439
  -0.4810439   -0.38572927   0.05970482   0.05970482   0.37134236
   0.37512925   0.44606598   0.44606598   0.46021629   0.58009361
   0.58009361   0.62574658   1.00582404   1.07848054   1.07848054
   1.34082524   1.34082524   1.52464964   1.52464964   1.55879339
   1.93081341   1.93081341   2.01098905   2.17114553   2.33344073
   2.33344073   2.35357103   2.61797078   2.61797078   2.9172978
   3.17931801   3.84845529   3.84845529   3.99383042   3.99383042
   4.00884185   4.00884185   4.48192106   4.48192106   4.55585557
   4.80950901   4.80950901   4.93041539   4.93041539   4.94196459
   4.94196459   5.32642994   5.32642994   5.36789116   5.42791269
   5.42791269   6.62230134   6.68879474   6.68879474   7.00148188
  32.5833936   33.39150422]
E_coul = 60.7557881143147
cycle= 1 E= -108.967367101109  delta_E= 0.0482  |g|= 0.294  |ddm|= 1.32
    CPU time for cycle= 1      0.02 sec, wall time      0.02 sec
diis-norm(errvec)=0.822081
diis-c [-0.67581651  1.        ]
  HOMO = -0.663154978277338  LUMO = 0.115085256102296
  mo_energy =
[-15.79037965 -15.78697572  -1.54284348  -0.81529058  -0.66621946
  -0.66315498  -0.66315498   0.11508526   0.11508526   0.35036113
   0.37149481   0.41370967   0.41370967   0.44202127   0.57557765
   0.57557765   0.61264881   0.98833324   1.01447729   1.01447729
   1.30010185   1.30010185   1.48604989   1.48604989   1.51217396
   1.90515657   1.90515657   1.98257487   2.11810841   2.25038902
   2.25038902   2.29739283   2.54418903   2.54418903   2.84732038
   3.13142121   3.77449657   3.77449657   3.91167428   3.91167428
   3.92486034   3.92486034   4.40339186   4.40339186   4.47987944
   4.71342585   4.71342585   4.84824981   4.84824981   4.87774009
   4.87774009   5.26198537   5.26198537   5.32094222   5.36715321
   5.36715321   6.5627344    6.61800638   6.61800638   6.92415157
  32.41015424  33.21808505]
E_coul = 61.9020400174773
cycle= 2 E= -108.986581956087  delta_E= -0.0192  |g|= 0.0886  |ddm|= 0.207
    CPU time for cycle= 2      0.02 sec, wall time      0.02 sec
diis-norm(errvec)=0.211364
diis-c [-0.02122212  0.15915651  0.84084349]
  HOMO = -0.612267545850533  LUMO = 0.154440770102067
  mo_energy =
[-15.67531122 -15.67176944  -1.46804868  -0.77735156  -0.62824352
  -0.61226755  -0.61226755   0.15444077   0.15444077   0.36410046
   0.37900665   0.42919791   0.42919791   0.45077248   0.59771377
   0.59771377   0.62116893   1.04491192   1.04826194   1.04826194
   1.33158141   1.33158141   1.51224875   1.51224875   1.54263505
   1.93109566   1.93109566   2.01404687   2.15357984   2.30720949
   2.30720949   2.34222714   2.59364412   2.59364412   2.90283739
   3.16614492   3.82944292   3.82944292   3.95872262   3.95872262
   3.99457952   3.99457952   4.44802694   4.44802694   4.54593692
   4.77350641   4.77350641   4.90924587   4.90924587   4.9253217
   4.9253217    5.30978833   5.30978833   5.36668862   5.41782777
   5.41782777   6.629585     6.68065495   6.68065495   6.99950673
  32.51801641  33.32661766]
E_coul = 61.6412545639051
cycle= 3 E= -108.988028044674  delta_E= -0.00145  |g|= 0.0157  |ddm|= 0.0655
    CPU time for cycle= 3      0.01 sec, wall time      0.02 sec
diis-norm(errvec)=0.0391943
diis-c [ -1.94651921e-04  -6.89197298e-02  -1.83947629e-01   1.25286736e+00]
  HOMO = -0.614111487179149  LUMO = 0.153699374938323
  mo_energy =
[-15.68437913 -15.6808498   -1.4715269   -0.77870244  -0.63410435
  -0.61411149  -0.61411149   0.15369937   0.15369937   0.36375824
   0.37935491   0.42918391   0.42918391   0.45012051   0.59709637
   0.59709637   0.62097485   1.04279352   1.04698814   1.04698814
   1.33055146   1.33055146   1.51157703   1.51157703   1.54103207
   1.93017834   1.93017834   2.01156418   2.15194643   2.30442521
   2.30442521   2.34074067   2.59128812   2.59128812   2.90023985
   3.16415967   3.82714028   3.82714028   3.95655277   3.95655277
   3.99114127   3.99114127   4.44591488   4.44591488   4.54278808
   4.77031031   4.77031031   4.90582932   4.90582932   4.92346141
   4.92346141   5.30787595   5.30787595   5.36522083   5.41598284
   5.41598284   6.62668049   6.67759063   6.67759063   6.99553908
  32.50972543  33.31826575]
E_coul = 61.6593780213738
cycle= 4 E= -108.988115978781  delta_E= -8.79e-05  |g|= 0.00139  |ddm|= 0.0206
    CPU time for cycle= 4      0.02 sec, wall time      0.02 sec
diis-norm(errvec)=0.00270272
diis-c [ -4.13815739e-06   4.69753285e-03   7.54945468e-03  -1.08664500e-01
   1.09641751e+00]
  HOMO = -0.614003012209656  LUMO = 0.153811537974449
  mo_energy =
[-15.68354525 -15.68001433  -1.47138628  -0.77847707  -0.63407978
  -0.61400301  -0.61400301   0.15381154   0.15381154   0.36369505
   0.37942754   0.4291634    0.4291634    0.45005438   0.59716893
   0.59716893   0.62095131   1.04292934   1.04686252   1.04686252
   1.33060238   1.33060238   1.5115265    1.5115265    1.54102602
   1.93028898   1.93028898   2.01176751   2.15216635   2.30454612
   2.30454612   2.34083489   2.59136974   2.59136974   2.90023476
   3.16424266   3.82706003   3.82706003   3.95643041   3.95643041
   3.99114006   3.99114006   4.4458264    4.4458264    4.54301663
   4.77043264   4.77043264   4.90595298   4.90595298   4.92378383
   4.92378383   5.30788421   5.30788421   5.36552626   5.41622167
   5.41622167   6.62697464   6.67766116   6.67766116   6.99567421
  32.51050753  33.31905162]
E_coul = 61.6584664194296
cycle= 5 E= -108.98811657087  delta_E= -5.92e-07  |g|= 0.000215  |ddm|= 0.0018
    CPU time for cycle= 5      0.03 sec, wall time      0.02 sec
diis-norm(errvec)=0.00043488
diis-c [ -7.14068217e-08   2.31371419e-04   6.12109247e-04  -3.67297338e-04
  -1.57696737e-01   1.15722055e+00]
  HOMO = -0.614011102183589  LUMO = 0.153793316144326
  mo_energy =
[-15.68363163 -15.68010108  -1.4714005   -0.7785266   -0.63415698
  -0.6140111   -0.6140111    0.15379332   0.15379332   0.36368203
   0.37940886   0.42917518   0.42917518   0.45003995   0.59716077
   0.59716077   0.62094474   1.04290301   1.04685202   1.04685202
   1.33058126   1.33058126   1.51151506   1.51151506   1.54100873
   1.93026399   1.93026399   2.01171375   2.15211919   2.30452294
   2.30452294   2.34081559   2.59134914   2.59134914   2.90020882
   3.16421503   3.82703787   3.82703787   3.95641107   3.95641107
   3.99110661   3.99110661   4.44580442   4.44580442   4.54297311   4.7704
   4.7704       4.90591829   4.90591829   4.92374443   4.92374443
   5.30785559   5.30785559   5.36548635   5.41618569   5.41618569
   6.62693256   6.67762394   6.67762394   6.9956349   32.51042205
  33.31896549]
E_coul = 61.6585778054545
cycle= 6 E= -108.988116592594  delta_E= -2.17e-08  |g|= 3.97e-05  |ddm|= 0.00042
    CPU time for cycle= 6      0.02 sec, wall time      0.02 sec
diis-norm(errvec)=9.2384e-05
diis-c [ -1.90189609e-09  -2.10166340e-04  -6.62269370e-04   4.22146087e-03
  -3.03722377e-04  -2.34721659e-01   1.23167636e+00]
  HOMO = -0.613992624879888  LUMO = 0.153806398745352
  mo_energy =
[-15.68359403 -15.6800634   -1.47138346  -0.77851828  -0.63414947
  -0.61399262  -0.61399262   0.1538064    0.1538064    0.36368506
   0.379409     0.42918315   0.42918315   0.45004152   0.59716895
   0.59716895   0.62094799   1.0429173    1.04686243   1.04686243
   1.33059181   1.33059181   1.51152503   1.51152503   1.54101754
   1.93027299   1.93027299   2.01172141   2.15213061   2.30454257
   2.30454257   2.3408287    2.5913666    2.5913666    2.90022358
   3.16422584   3.82705219   3.82705219   3.95642611   3.95642611
   3.99112235   3.99112235   4.44581973   4.44581973   4.54299206
   4.77042113   4.77042113   4.90593884   4.90593884   4.92376298
   4.92376298   5.30787067   5.30787067   5.36550409   5.41620484
   5.41620484   6.62695106   6.6776396    6.6776396    6.99565188
  32.51045794  33.31900151]
E_coul = 61.658533875311
cycle= 7 E= -108.988116593391  delta_E= -7.96e-10  |g|= 4.4e-06  |ddm|= 8.46e-05
    CPU time for cycle= 7      0.02 sec, wall time      0.02 sec
  HOMO = -0.613993447884117  LUMO = 0.153805478609489
  mo_energy =
[-15.68359734 -15.68006671  -1.47138548  -0.77851962  -0.63415056
  -0.61399345  -0.61399345   0.15380548   0.15380548   0.36368453
   0.37940872   0.42918288   0.42918288   0.45004116   0.5971684
   0.5971684    0.62094778   1.04291568   1.04686156   1.04686156
   1.33059103   1.33059103   1.51152438   1.51152438   1.54101667
   1.93027236   1.93027236   2.01172048   2.15212948   2.30454114
   2.30454114   2.3408274    2.59136531   2.59136531   2.90022214
   3.16422489   3.82705086   3.82705086   3.95642486   3.95642486
   3.99112065   3.99112065   4.44581853   4.44581853   4.54299033
   4.77041947   4.77041947   4.90593716   4.90593716   4.92376169
   4.92376169   5.30786943   5.30786943   5.36550284   5.41620347
   5.41620347   6.62694941   6.67763804   6.67763804   6.99565006
  32.51045486  33.31899843]
E_coul = 61.6585432510142
Extra cycle  E= -108.988116593397  delta_E= -6.34e-12  |g|= 1.2e-06  |ddm|= 6.14e-06
    CPU time for scf_cycle      0.36 sec, wall time      0.41 sec
    CPU time for SCF      0.37 sec, wall time      0.57 sec
converged SCF energy = -108.988116593397
RHF E = -108.988116593
RHF eps = [-15.68359734 -15.68006671  -1.47138548  -0.77851962  -0.63415056
  -0.61399345  -0.61399345   0.15380548   0.15380548   0.36368453
   0.37940872   0.42918288   0.42918288   0.45004116   0.5971684
   0.5971684    0.62094778   1.04291568   1.04686156   1.04686156
   1.33059103   1.33059103   1.51152438   1.51152438   1.54101667
   1.93027236   1.93027236   2.01172048   2.15212948   2.30454114
   2.30454114   2.3408274    2.59136531   2.59136531   2.90022214
   3.16422489   3.82705086   3.82705086   3.95642486   3.95642486
   3.99112065   3.99112065   4.44581853   4.44581853   4.54299033
   4.77041947   4.77041947   4.90593716   4.90593716   4.92376169
   4.92376169   5.30786943   5.30786943   5.36550284   5.41620347
   5.41620347   6.62694941   6.67763804   6.67763804   6.99565006
  32.51045486  33.31899843]
    CPU time for GW integral transformation      1.65 sec, wall time      1.66 sec

******** <class 'pyscf.gw.gf2.GF2'> flags ********
method = GF2
GF2 nocc = 7, nvir = 55
use perturbative linearized QP eqn = False
use diagonal approximation for sigma = True
  HOMO = -0.630309910185695  LUMO = 0.10865840708458
  GW mo_energy =
[-15.0659994  -15.06244798  -1.28049307  -0.66635391  -0.55287518
  -0.63030991  -0.63030991   0.10865841   0.10865841   0.32400771
   0.34189685   0.386943     0.386943     0.41992999   0.52870151
   0.52870151   0.58908853   0.91161343   0.98849781   0.98849781
   1.30659544   1.30659544   1.39598592   1.39598592   1.45754433
   1.79583722   1.79583722   1.85985634   1.97971538   2.13020897
   2.13020897   2.35953194   2.36816529   2.36816529   3.02346315
   3.12672104   3.74540045   3.74540045   3.89114509   3.89114509
   3.96795184   3.96795184   4.25345563   4.25345563   4.48036157
   4.54741213   4.54741213   4.67058006   4.67058006   4.87293907
   4.87293907   5.3019274    5.3019274    5.39169029   5.12534239
   5.12534239   6.61030953   6.67730022   6.67730022   6.95518426
  32.02397608  33.42247657]
    CPU time for GF2      0.49 sec, wall time      0.49 sec
    CPU time for GW integral transformation      1.67 sec, wall time      1.67 sec

******** <class 'pyscf.gw.gf2.GF2'> flags ********
method = GF2
GF2 nocc = 7, nvir = 55
use perturbative linearized QP eqn = False
use diagonal approximation for sigma = True
  HOMO = -0.630309910185695  LUMO = 0.10865840708458
  GW mo_energy =
[ 0.          0.          0.          0.          0.          0.
 -0.63030991  0.10865841  0.          0.          0.          0.          0.
  0.          0.          0.          0.          0.          0.          0.
  0.          0.          0.          0.          0.          0.          0.
  0.          0.          0.          0.          0.          0.          0.
  0.          0.          0.          0.          0.          0.          0.
  0.          0.          0.          0.          0.          0.          0.
  0.          0.          0.          0.          0.          0.          0.
  0.          0.          0.          0.          0.          0.          0.        ]
    CPU time for GF2      0.01 sec, wall time      0.01 sec
IP root 0 E =  -0.630309910186
EA root 0 E =  0.108658407085
