

******** <class 'pyscf.scf.hf.RHF'> flags ********
method = RHF
initial guess = minao
damping factor = 0
level shift factor = 0
DIIS = <class 'pyscf.scf.diis.CDIIS'>
DIIS start cycle = 1
DIIS space = 8
SCF tol = 1e-09
SCF gradient tol = None
max. SCF cycles = 50
direct_scf = True
direct_scf_tol = 1e-13
chkfile to save SCF result = /tmp/tmpMXCbyx
max_memory 4000 MB (current use 76 MB)
Set gradient conv threshold to 3.16228e-05
Nelec from initial guess = 29.9966080764
cond(S) = 7147.62199054
E_coul = 270.214228065126
init E= -510.893063794856
    CPU time for initialize scf      1.11 sec, wall time      1.11 sec
  HOMO = -0.350568707859422  LUMO = 0.0352383078636571
  mo_energy =
[ -9.19668510e+01  -2.07945067e+01  -1.14779072e+01  -9.01444761e+00
  -6.68584310e+00  -6.67902499e+00  -6.67902499e+00  -1.79161172e+00
  -1.20684322e+00  -7.40825945e-01  -6.08349044e-01  -6.08349044e-01
  -5.49529228e-01  -3.50568708e-01  -3.50568708e-01   3.52383079e-02
   3.52383079e-02   1.03574857e-01   1.95693347e-01   2.41155541e-01
   3.24581104e-01   3.24581104e-01   3.97980279e-01   4.26057861e-01
   4.26057861e-01   4.88404556e-01   4.88404556e-01   5.05332404e-01
   6.13391959e-01   6.13391959e-01   6.82719741e-01   6.92227268e-01
   6.92227268e-01   8.50118002e-01   8.50118002e-01   8.74309137e-01
   9.63020909e-01   1.10488211e+00   1.30139768e+00   1.30139768e+00
   1.38723272e+00   1.58893023e+00   1.65822700e+00   1.65822700e+00
   1.67997675e+00   1.67997675e+00   1.71104776e+00   1.71104776e+00
   1.72953367e+00   1.72953367e+00   1.79320450e+00   1.89270724e+00
   1.89270724e+00   2.03071321e+00   2.03071321e+00   2.05619948e+00
   2.05619948e+00   2.06327491e+00   2.20888582e+00   2.20888582e+00
   2.53806348e+00   2.54512411e+00   2.54512411e+00   2.58574003e+00
   2.91463720e+00   2.91463720e+00   2.95177615e+00   3.19228688e+00
   3.19228688e+00   3.21163694e+00   3.21163694e+00   3.27452863e+00
   3.27452863e+00   3.29923046e+00   3.50889989e+00   3.50889989e+00
   3.67399362e+00   4.10809222e+00   4.10809222e+00   4.22715619e+00
   5.05362302e+00   5.44427009e+00   5.44427009e+00   5.84160233e+00
   5.84160233e+00   6.64678473e+00   6.64678473e+00   6.64779675e+00
   6.64779675e+00   6.83150027e+00   7.11593620e+00   7.11593620e+00
   7.18130206e+00   7.18130206e+00   7.37580710e+00   7.47891915e+00
   7.47891915e+00   7.70212340e+00   9.55257774e+00   9.55257774e+00
   1.00721836e+01   2.16480895e+01   2.36983389e+01   4.52444043e+01]
E_coul = 270.479183426112
cycle= 1 E= -510.265327241433  delta_E= 0.628  |g|= 0.574  |ddm|= 1.76
    CPU time for cycle= 1      0.09 sec, wall time      0.09 sec
diis-norm(errvec)=1.61772
diis-c [-2.61701094  1.        ]
  HOMO = -0.444193482399331  LUMO = 0.0641824715774675
  mo_energy =
[ -9.20292335e+01  -2.04731379e+01  -1.16822570e+01  -9.03366757e+00
  -6.71648081e+00  -6.71099548e+00  -6.71099548e+00  -1.50901681e+00
  -1.17554363e+00  -7.37899012e-01  -6.70351031e-01  -6.70351031e-01
  -6.54352943e-01  -4.44193482e-01  -4.44193482e-01   6.41824716e-02
   6.41824716e-02   1.30671582e-01   1.83288252e-01   2.48729289e-01
   2.89530084e-01   2.89530084e-01   4.15221124e-01   4.15221124e-01
   4.16221548e-01   4.56344273e-01   4.56344273e-01   5.39094453e-01
   6.26800455e-01   6.26800455e-01   6.88968115e-01   7.15001702e-01
   7.15001702e-01   7.88130321e-01   7.88130321e-01   8.84355670e-01
   1.01118103e+00   1.06820056e+00   1.28251589e+00   1.28251589e+00
   1.36186659e+00   1.53610883e+00   1.53610883e+00   1.57247732e+00
   1.69660023e+00   1.69660023e+00   1.70834530e+00   1.70834530e+00
   1.72482268e+00   1.72482268e+00   1.76603150e+00   1.88517838e+00
   1.88517838e+00   2.03952705e+00   2.03952705e+00   2.05300095e+00
   2.05300095e+00   2.05451654e+00   2.26233584e+00   2.26233584e+00
   2.54786097e+00   2.55899969e+00   2.55899969e+00   2.61462516e+00
   2.77489101e+00   2.77489101e+00   2.90988156e+00   3.04494314e+00
   3.04494314e+00   3.18508501e+00   3.18508501e+00   3.20168188e+00
   3.20168188e+00   3.46006296e+00   3.53663938e+00   3.53663938e+00
   3.62231885e+00   4.05966017e+00   4.05966017e+00   4.17801125e+00
   5.09637755e+00   5.59330761e+00   5.59330761e+00   5.96521813e+00
   5.96521813e+00   6.73024145e+00   6.73024145e+00   6.85366538e+00
   6.85366538e+00   6.92698805e+00   7.16587177e+00   7.16587177e+00
   7.31350693e+00   7.31350693e+00   7.46826360e+00   7.46826360e+00
   7.47028226e+00   7.76799583e+00   9.52833495e+00   9.52833495e+00
   1.00421197e+01   2.16098629e+01   2.35142412e+01   4.55420434e+01]
E_coul = 271.413821131441
cycle= 2 E= -510.296835691367  delta_E= -0.0315  |g|= 0.484  |ddm|= 0.487
    CPU time for cycle= 2      0.08 sec, wall time      0.09 sec
diis-norm(errvec)=1.27895
diis-c [-0.14542336  0.4370994   0.5629006 ]
  HOMO = -0.425220795465656  LUMO = 0.1049854765121
  mo_energy =
[-91.99910817 -20.68921401 -11.43555076  -9.00311082  -6.68480905
  -6.68162943  -6.68162943  -1.51550016  -1.09326687  -0.78387633
  -0.66666232  -0.66666232  -0.63689483  -0.4252208   -0.4252208
   0.10498548   0.10498548   0.15193959   0.21189909   0.25161233
   0.3184421    0.3184421    0.43231121   0.43328824   0.43328824
   0.48845543   0.48845543   0.53675654   0.64319411   0.64319411
   0.7057524    0.7057524    0.70841521   0.83904127   0.83904127
   0.89338168   0.99061994   1.12967618   1.31302101   1.31302101
   1.41681241   1.59829062   1.6483913    1.6483913    1.70947923
   1.70947923   1.73083406   1.73083406   1.74667416   1.74667416
   1.80310739   1.90947446   1.90947446   2.04907074   2.04907074
   2.06683855   2.06683855   2.08426272   2.24986997   2.24986997
   2.56601786   2.56601786   2.57108807   2.6016477    2.87933501
   2.87933501   2.96579907   3.18323508   3.18323508   3.22669465
   3.22669465   3.27668491   3.27668491   3.3708371    3.54085583
   3.54085583   3.70002067   4.12595738   4.12595738   4.2507599
   5.10941544   5.51934946   5.51934946   5.91417088   5.91417088
   6.71136808   6.71136808   6.73867739   6.73867739   6.91029011
   7.19281257   7.19281257   7.21148033   7.21148033   7.44212868
   7.49325171   7.49325171   7.74445438   9.55672603   9.55672603
  10.07698648  21.65707233  23.7305943   45.33845622]
E_coul = 271.327976882075
cycle= 3 E= -510.33868215397  delta_E= -0.0418  |g|= 0.0535  |ddm|= 0.219
    CPU time for cycle= 3      0.09 sec, wall time      0.08 sec
diis-norm(errvec)=0.130994
diis-c [-0.01010678 -0.03771641  0.0211804   1.01653601]
  HOMO = -0.419620428870227  LUMO = 0.11503074785147
  mo_energy =
[-91.9885916  -20.63559349 -11.42363748  -8.99591351  -6.67742006
  -6.67492779  -6.67492779  -1.49388433  -1.08855448  -0.76865868
  -0.65167366  -0.65167366  -0.63546322  -0.41962043  -0.41962043
   0.11503075   0.11503075   0.15606067   0.21419743   0.25397323
   0.32048842   0.32048842   0.43560945   0.43560945   0.43712175
   0.49074564   0.49074564   0.54147824   0.65026012   0.65026012
   0.70963369   0.70963369   0.71425421   0.84361085   0.84361085
   0.8980874    0.99641579   1.13524449   1.32045778   1.32045778
   1.42826192   1.60481688   1.6551491    1.6551491    1.7173967
   1.7173967    1.73687473   1.73687473   1.75124847   1.75124847
   1.80795755   1.91206219   1.91206219   2.0549386    2.0549386
   2.07066834   2.07066834   2.0911199    2.25997696   2.25997696
   2.57456158   2.57456158   2.57772812   2.61151732   2.88421392
   2.88421392   2.97292888   3.19029944   3.19029944   3.2435051
   3.2435051    3.28554197   3.28554197   3.38880137   3.55578758
   3.55578758   3.71353157   4.13712698   4.13712698   4.26469934
   5.13064472   5.53978871   5.53978871   5.93573842   5.93573842
   6.73329148   6.73329148   6.76704892   6.76704892   6.93577765
   7.1981345    7.1981345    7.23736062   7.23736062   7.46050298
   7.50116459   7.50116459   7.75995509   9.5624013    9.5624013
  10.08401602  21.66420704  23.74182681  45.38918425]
E_coul = 271.198975351939
cycle= 4 E= -510.339379917082  delta_E= -0.000698  |g|= 0.0235  |ddm|= 0.0505
    CPU time for cycle= 4      0.08 sec, wall time      0.08 sec
diis-norm(errvec)=0.060899
diis-c [-0.00108574 -0.05397873 -0.04601542  0.3116573   0.78833685]
  HOMO = -0.419766237009007  LUMO = 0.112644826755256
  mo_energy =
[-91.98362438 -20.65633433 -11.4351986   -8.99111741  -6.67279745
  -6.67024157  -6.67024157  -1.50472982  -1.08995673  -0.77773031
  -0.65945251  -0.65945251  -0.63580915  -0.41976624  -0.41976624
   0.11264483   0.11264483   0.15527569   0.21470318   0.25406479
   0.31861254   0.31861254   0.43608489   0.43641567   0.43641567
   0.4923353    0.4923353    0.53845189   0.64907312   0.64907312
   0.70791352   0.70791352   0.71267399   0.83999715   0.83999715
   0.89843669   0.99302333   1.13350025   1.31697052   1.31697052
   1.42197741   1.60063254   1.64909262   1.64909262   1.71580821
   1.71580821   1.73691102   1.73691102   1.75280532   1.75280532
   1.80971231   1.91533128   1.91533128   2.05486663   2.05486663
   2.07425566   2.07425566   2.08964122   2.25564658   2.25564658
   2.57257852   2.57257852   2.57761269   2.60735296   2.87777456
   2.87777456   2.97187034   3.18284876   3.18284876   3.23505346
   3.23505346   3.27958823   3.27958823   3.37993077   3.548891     3.548891
   3.70680996   4.13097484   4.13097484   4.25714305   5.1214321
   5.52954926   5.52954926   5.92562369   5.92562369   6.7246346
   6.7246346    6.75443714   6.75443714   6.92520215   7.20254208
   7.20254208   7.2259443    7.2259443    7.45561966   7.5032043
   7.5032043    7.75679319   9.5667161    9.5667161   10.08775185
  21.66729385  23.73193122  45.36945668]
E_coul = 271.226158514379
cycle= 5 E= -510.339512100338  delta_E= -0.000132  |g|= 0.00508  |ddm|= 0.0185
    CPU time for cycle= 5      0.08 sec, wall time      0.08 sec
diis-norm(errvec)=0.012558
diis-c [ -8.77238132e-05  -3.68069879e-03  -7.12159591e-03  -5.00410545e-02
   8.79854413e-02   9.72857908e-01]
  HOMO = -0.420702107228874  LUMO = 0.112285442984914
  mo_energy =
[-91.98964018 -20.65507123 -11.43492683  -8.9955192   -6.6773671
  -6.6747546   -6.6747546   -1.50421601  -1.09090633  -0.77733445
  -0.6588881   -0.6588881   -0.63743093  -0.42070211  -0.42070211
   0.11228544   0.11228544   0.15505271   0.2139004    0.25364033
   0.31858922   0.31858922   0.4355803    0.4358995    0.4358995
   0.49120944   0.49120944   0.53875372   0.64849982   0.64849982
   0.70769861   0.70769861   0.7120514    0.83970101   0.83970101
   0.89757231   0.99312894   1.13245449   1.31661847   1.31661847
   1.42186585   1.60039506   1.6489915    1.6489915    1.71503554
   1.71503554   1.73561366   1.73561366   1.75103677   1.75103677
   1.80775069   1.91386701   1.91386701   2.05383417   2.05383417
   2.07235486   2.07235486   2.08870755   2.25549056   2.25549056
   2.57178434   2.57178434   2.57644549   2.60708972   2.8775553
   2.8775553    2.970434     3.18274462   3.18274462   3.23529222
   3.23529222   3.27930891   3.27930891   3.38076102   3.54880751
   3.54880751   3.70663836   4.13066861   4.13066861   4.25697598
   5.12136779   5.53018374   5.53018374   5.92619922   5.92619922
   6.72447236   6.72447236   6.75533682   6.75533682   6.92548605
   7.1989921    7.1989921    7.22698889   7.22698889   7.45464039
   7.50019232   7.50019232   7.75536065   9.56300567   9.56300567
  10.08401117  21.66384316  23.73191472  45.37067846]
E_coul = 271.233186323165
cycle= 6 E= -510.339524042703  delta_E= -1.19e-05  |g|= 0.00193  |ddm|= 0.00582
    CPU time for cycle= 6      0.08 sec, wall time      0.08 sec
diis-norm(errvec)=0.00484194
diis-c [ -9.39047595e-06   6.05698996e-03   6.10264579e-03  -1.38204667e-02
  -1.18206553e-01  -1.49165265e-01   1.26903265e+00]
  HOMO = -0.420471588154671  LUMO = 0.112316567800204
  mo_energy =
[-91.98768917 -20.65546282 -11.43497628  -8.99425951  -6.67609293
  -6.67344007  -6.67344007  -1.50452842  -1.0906988   -0.77776356
  -0.65907041  -0.65907041  -0.63716862  -0.42047159  -0.42047159
   0.11231657   0.11231657   0.15503737   0.21394391   0.25371991
   0.31852634   0.31852634   0.43560184   0.43605685   0.43605685
   0.49152314   0.49152314   0.53858759   0.64858954   0.64858954
   0.70766053   0.70766053   0.71208807   0.83957792   0.83957792
   0.89771151   0.99293849   1.13253541   1.31654969   1.31654969
   1.42171316   1.6002341    1.64884745   1.64884745   1.71514225
   1.71514225   1.73595992   1.73595992   1.751439     1.751439
   1.80813079   1.91439433   1.91439433   2.05401896   2.05401896
   2.0729041    2.0729041    2.08879682   2.25534578   2.25534578
   2.57185982   2.57185982   2.57662113   2.60697484   2.87731125
   2.87731125   2.97061596   3.18254083   3.18254083   3.23506197
   3.23506197   3.2791156    3.2791156    3.38034989   3.54864041
   3.54864041   3.70652872   4.13050063   4.13050063   4.25675366
   5.1211689    5.52967051   5.52967051   5.92577013   5.92577013
   6.72429575   6.72429575   6.75485002   6.75485002   6.92520191
   7.20005201   7.20005201   7.22655987   7.22655987   7.4548082
   7.50092764   7.50092764   7.75566226   9.56410451   9.56410451
  10.08497838  21.66478846  23.73192316  45.37028112]
E_coul = 271.229278942233
cycle= 7 E= -510.339526003059  delta_E= -1.96e-06  |g|= 0.000496  |ddm|= 0.00278
    CPU time for cycle= 7      0.09 sec, wall time      0.08 sec
diis-norm(errvec)=0.00121022
diis-c [ -5.16089985e-07   5.56360106e-05  -7.36195217e-05   4.14214553e-03
  -3.19904086e-03  -6.05704800e-02  -1.33700175e-01   1.19334553e+00]
  HOMO = -0.420504281991464  LUMO = 0.112315289473942
  mo_energy =
[-91.98813274 -20.65566338 -11.43493768  -8.99446763  -6.67630779
  -6.67365564  -6.67365564  -1.50461029  -1.09075746  -0.77788546
  -0.65912933  -0.65912933  -0.63720285  -0.42050428  -0.42050428
   0.11231529   0.11231529   0.15502094   0.213929     0.25371929
   0.3185244    0.3185244    0.43557767   0.43605835   0.43605835
   0.49152195   0.49152195   0.53855693   0.64857825   0.64857825
   0.70763066   0.70763066   0.71207013   0.83956705   0.83956705
   0.89769429   0.99288653   1.13250598   1.3165301    1.3165301
   1.42169438   1.6002016    1.64885833   1.64885833   1.71509842
   1.71509842   1.73592979   1.73592979   1.75138263   1.75138263
   1.80808114   1.91441142   1.91441142   2.05399516   2.05399516
   2.07288517   2.07288517   2.08874845   2.2552845    2.2552845
   2.57181423   2.57181423   2.57659422   2.60690617   2.87731786
   2.87731786   2.97056861   3.18255701   3.18255701   3.23501532
   3.23501532   3.27909765   3.27909765   3.3802285    3.54858924
   3.54858924   3.70649071   4.13046374   4.13046374   4.25672913
   5.12108871   5.52955658   5.52955658   5.92568118   5.92568118
   6.72421111   6.72421111   6.75471092   6.75471092   6.92512846
   7.19994824   7.19994824   7.22643733   7.22643733   7.45468169
   7.50080605   7.50080605   7.75554732   9.56395561   9.56395561
  10.084809    21.66463732  23.73194385  45.37008874]
E_coul = 271.230524089059
cycle= 8 E= -510.339526153506  delta_E= -1.5e-07  |g|= 0.000122  |ddm|= 0.000911
    CPU time for cycle= 8      0.08 sec, wall time      0.08 sec
diis-norm(errvec)=0.000303676
diis-c [ -1.47909365e-08  -4.97658702e-04  -5.36884724e-04   1.37733809e-03
   8.40494385e-03   1.99534219e-02  -9.50615254e-02  -9.45892604e-02
   1.16094963e+00]
  HOMO = -0.420482761596764  LUMO = 0.112326921730621
  mo_energy =
[-91.98800069 -20.65568254 -11.43492781  -8.99438244  -6.67621812
  -6.67356703  -6.67356703  -1.50463112  -1.09072712  -0.77789624
  -0.65913448  -0.65913448  -0.63717449  -0.42048276  -0.42048276
   0.11232692   0.11232692   0.15502462   0.21393962   0.2537292
   0.31852803   0.31852803   0.43558923   0.43607111   0.43607111
   0.49155159   0.49155159   0.53855507   0.64859083   0.64859083
   0.7076337    0.7076337    0.71207923   0.83957412   0.83957412
   0.89770617   0.99288218   1.13252654   1.31653714   1.31653714
   1.42169935   1.60020353   1.648867     1.648867     1.71511347
   1.71511347   1.73596309   1.73596309   1.75142073   1.75142073
   1.80811123   1.91445319   1.91445319   2.05401582   2.05401582
   2.07292155   2.07292155   2.08876809   2.25528572   2.25528572
   2.57182859   2.57182859   2.57660866   2.60690874   2.8773279
   2.8773279    2.97059286   3.18256921   3.18256921   3.23501616
   3.23501616   3.27910584   3.27910584   3.38021445   3.54859314
   3.54859314   3.70650324   4.1304719    4.1304719    4.25672886
   5.12109111   5.52953575   5.52953575   5.92566558   5.92566558
   6.72421032   6.72421032   6.75469046   6.75469046   6.92511909
   7.20002329   7.20002329   7.22642121   7.22642121   7.45470031
   7.50086019   7.50086019   7.75557323   9.56403219   9.56403219
  10.08487933  21.66470407  23.73195874  45.37007047]
E_coul = 271.230340863898
cycle= 9 E= -510.339526159494  delta_E= -5.99e-09  |g|= 1.36e-05  |ddm|= 0.000191
    CPU time for cycle= 9      0.09 sec, wall time      0.08 sec
diis-norm(errvec)=3.34176e-05
diis-c [ -5.37663775e-10   1.01699734e+00   2.76305509e-06  -1.12190586e-04
  -1.57944240e-04   2.26206777e-03   4.04108165e-03  -3.33591881e-02
   1.03260721e-02]
  HOMO = -0.420485310085826  LUMO = 0.112323896773086
  mo_energy =
[-91.98800678 -20.65568674 -11.43492735  -8.99438839  -6.67622424
  -6.67357292  -6.67357292  -1.50463293  -1.0907302   -0.77789613
  -0.65913498  -0.65913498  -0.63717545  -0.42048531  -0.42048531
   0.1123239    0.1123239    0.15502319   0.21393852   0.2537285
   0.31852644   0.31852644   0.43558818   0.43607034   0.43607034
   0.49154972   0.49154972   0.53855383   0.64858885   0.64858885
   0.70763253   0.70763253   0.71207731   0.83957195   0.83957195
   0.89770515   0.99288123   1.13252342   1.31653467   1.31653467
   1.42169667   1.6002015    1.64886497   1.64886497   1.71511133
   1.71511133   1.7359604    1.7359604    1.75141683   1.75141683
   1.80810823   1.91445145   1.91445145   2.05401367   2.05401367
   2.07291958   2.07291958   2.08876513   2.25528382   2.25528382
   2.57182618   2.57182618   2.57660713   2.6069068    2.87732482
   2.87732482   2.97058946   3.18256639   3.18256639   3.2350131
   3.2350131    3.2791028    3.2791028    3.38021259   3.54859009
   3.54859009   3.70649905   4.1304687    4.1304687    4.25672671
   5.12108725   5.52953397   5.52953397   5.92566359   5.92566359
   6.72420776   6.72420776   6.75468801   6.75468801   6.9251173
   7.20001856   7.20001856   7.22641862   7.22641862   7.45469642
   7.50085526   7.50085526   7.75556933   9.5640273    9.5640273
  10.08487374  21.66469901  23.73195843  45.3700664 ]
E_coul = 271.230373901034
cycle= 10 E= -510.33952615956  delta_E= -6.65e-11  |g|= 3.28e-06  |ddm|= 1.97e-05
    CPU time for cycle= 10      0.08 sec, wall time      0.08 sec
  HOMO = -0.420485424795447  LUMO = 0.112323678351605
  mo_energy =
[-91.9880068  -20.65568703 -11.4349284   -8.99438791  -6.67622384
  -6.67357244  -6.67357244  -1.50463319  -1.09073028  -0.77789593
  -0.65913521  -0.65913521  -0.6371755   -0.42048542  -0.42048542
   0.11232368   0.11232368   0.15502311   0.21393844   0.25372853
   0.31852628   0.31852628   0.43558827   0.43607032   0.43607032
   0.49154978   0.49154978   0.53855383   0.64858879   0.64858879
   0.70763261   0.70763261   0.71207722   0.83957163   0.83957163
   0.89770512   0.99288137   1.13252314   1.31653443   1.31653443
   1.42169626   1.60020134   1.64886439   1.64886439   1.71511149
   1.71511149   1.73596062   1.73596062   1.751417     1.751417
   1.80810827   1.91445171   1.91445171   2.05401374   2.05401374
   2.0729198    2.0729198    2.0887651    2.25528384   2.25528384
   2.57182616   2.57182616   2.57660702   2.60690674   2.87732409
   2.87732409   2.97058929   3.18256561   3.18256561   3.23501273
   3.23501273   3.27910234   3.27910234   3.38021268   3.54858982
   3.54858982   3.70649865   4.13046834   4.13046834   4.25672627
   5.12108699   5.52953417   5.52953417   5.92566357   5.92566357
   6.72420769   6.72420769   6.75468809   6.75468809   6.92511713
   7.20001914   7.20001914   7.22641852   7.22641852   7.45469649
   7.50085558   7.50085558   7.75556941   9.56402774   9.56402774
  10.08487403  21.66469931  23.73195751  45.37006613]
E_coul = 271.23037369508
Extra cycle  E= -510.339526159564  delta_E= -4.43e-12  |g|= 1.29e-06  |ddm|= 3.19e-06
    CPU time for scf_cycle      2.03 sec, wall time      2.04 sec
    CPU time for SCF      2.03 sec, wall time      2.20 sec
converged SCF energy = -510.339526159564
RHF E = -510.33952616
RHF eps = [-91.9880068  -20.65568703 -11.4349284   -8.99438791  -6.67622384
  -6.67357244  -6.67357244  -1.50463319  -1.09073028  -0.77789593
  -0.65913521  -0.65913521  -0.6371755   -0.42048542  -0.42048542
   0.11232368   0.11232368   0.15502311   0.21393844   0.25372853
   0.31852628   0.31852628   0.43558827   0.43607032   0.43607032
   0.49154978   0.49154978   0.53855383   0.64858879   0.64858879
   0.70763261   0.70763261   0.71207722   0.83957163   0.83957163
   0.89770512   0.99288137   1.13252314   1.31653443   1.31653443
   1.42169626   1.60020134   1.64886439   1.64886439   1.71511149
   1.71511149   1.73596062   1.73596062   1.751417     1.751417
   1.80810827   1.91445171   1.91445171   2.05401374   2.05401374
   2.0729198    2.0729198    2.0887651    2.25528384   2.25528384
   2.57182616   2.57182616   2.57660702   2.60690674   2.87732409
   2.87732409   2.97058929   3.18256561   3.18256561   3.23501273
   3.23501273   3.27910234   3.27910234   3.38021268   3.54858982
   3.54858982   3.70649865   4.13046834   4.13046834   4.25672627
   5.12108699   5.52953417   5.52953417   5.92566357   5.92566357
   6.72420769   6.72420769   6.75468809   6.75468809   6.92511713
   7.20001914   7.20001914   7.22641852   7.22641852   7.45469649
   7.50085558   7.50085558   7.75556941   9.56402774   9.56402774
  10.08487403  21.66469931  23.73195751  45.37006613]
    CPU time for GW integral transformation     18.17 sec, wall time     18.16 sec

******** <class 'pyscf.gw.gf2.GF2'> flags ********
method = GF2
GF2 nocc = 15, nvir = 89
use perturbative linearized QP eqn = False
use diagonal approximation for sigma = True
  HOMO = -0.408623666501608  LUMO = 0.0555544441303355
  GW mo_energy =
[ -9.09663892e+01  -1.98124159e+01  -1.09437099e+01  -8.56553914e+00
  -6.27547683e+00  -6.26911713e+00  -6.26911713e+00  -1.25730637e+00
  -1.05863111e+00  -6.23082943e-01  -5.65386277e-01  -5.65386277e-01
  -5.85624264e-01  -4.08623667e-01  -4.08623667e-01   5.55544441e-02
   5.55544441e-02   1.07279269e-01   1.66793440e-01   2.10887659e-01
   2.73807598e-01   2.73807598e-01   3.59147864e-01   3.83074142e-01
   3.83074142e-01   4.17178725e-01   4.17178725e-01   4.77145760e-01
   6.91514774e-01   6.91514774e-01   6.61969047e-01   6.61969047e-01
   5.90168218e-01   7.21601856e-01   7.21601856e-01   8.12914035e-01
   9.93176084e-01   1.13273253e+00   1.29920466e+00   1.29920466e+00
   1.23424446e+00   1.59962240e+00   1.48538999e+00   1.39796538e+00
   1.70673006e+00   1.70673006e+00   1.64687397e+00   1.64687397e+00
   1.75169131e+00   1.75169131e+00   1.80883560e+00   1.91598900e+00
   1.91598900e+00   2.05503269e+00   2.05503269e+00   1.94329754e+00
   1.94329754e+00   2.07465175e+00   2.13485538e+00   2.13485538e+00
   2.57137892e+00   2.57137892e+00   2.50903328e+00   2.66654786e+00
   2.74057588e+00   2.74057588e+00   2.94482752e+00   3.15930004e+00
   3.15930004e+00   3.23529201e+00   3.23529201e+00   3.21165864e+00
   3.21165864e+00   3.21878350e+00   3.54136380e+00   3.54136380e+00
   3.58140517e+00   4.13020090e+00   4.13020090e+00   4.25711838e+00
   5.12283505e+00   5.47625044e+00   5.47625044e+00   5.92694918e+00
   5.92694918e+00   6.63819132e+00   6.63819132e+00   6.45045164e+00
   6.45045164e+00   6.75289167e+00   6.93601710e+00   6.93601710e+00
   6.90023185e+00   6.92586295e+00   7.21383504e+00   7.50252334e+00
   7.50252334e+00   7.48947322e+00   9.38334565e+00   9.38334565e+00
   1.00860653e+01   2.14079246e+01   2.34979279e+01   4.45860871e+01]
    CPU time for GF2      5.14 sec, wall time      5.14 sec
    CPU time for GW integral transformation     18.15 sec, wall time     18.15 sec

******** <class 'pyscf.gw.gf2.GF2'> flags ********
method = GF2
GF2 nocc = 15, nvir = 89
use perturbative linearized QP eqn = False
use diagonal approximation for sigma = True
  HOMO = -0.408623666501608  LUMO = 0.0555544441303355
  GW mo_energy =
[ 0.          0.          0.          0.          0.          0.          0.
  0.          0.          0.          0.          0.          0.          0.
 -0.40862367  0.05555444  0.          0.          0.          0.          0.
  0.          0.          0.          0.          0.          0.          0.
  0.          0.          0.          0.          0.          0.          0.
  0.          0.          0.          0.          0.          0.          0.
  0.          0.          0.          0.          0.          0.          0.
  0.          0.          0.          0.          0.          0.          0.
  0.          0.          0.          0.          0.          0.          0.
  0.          0.          0.          0.          0.          0.          0.
  0.          0.          0.          0.          0.          0.          0.
  0.          0.          0.          0.          0.          0.          0.
  0.          0.          0.          0.          0.          0.          0.
  0.          0.          0.          0.          0.          0.          0.
  0.          0.          0.          0.          0.          0.        ]
    CPU time for GF2      0.03 sec, wall time      0.04 sec
IP root 0 E =  -0.408623666502
EA root 0 E =  0.0555544441303
