

******** <class 'pyscf.scf.hf.RHF'> flags ********
method = RHF
initial guess = minao
damping factor = 0
level shift factor = 0
DIIS = <class 'pyscf.scf.diis.CDIIS'>
DIIS start cycle = 1
DIIS space = 8
SCF tol = 1e-09
SCF gradient tol = None
max. SCF cycles = 50
direct_scf = True
direct_scf_tol = 1e-13
chkfile to save SCF result = /tmp/tmpF0n98m
max_memory 4000 MB (current use 76 MB)
Set gradient conv threshold to 3.16228e-05
Nelec from initial guess = 47.9917646588
cond(S) = 6467.97832139
E_coul = 1119.11947793449
init E= -2512.24843550159
    CPU time for initialize scf      2.28 sec, wall time      2.31 sec
  HOMO = -0.316937185757168  LUMO = 0.0241713538027283
  mo_energy =
[ -4.60726369e+02  -6.05979423e+01  -5.41833047e+01  -5.41828840e+01
  -5.41828840e+01  -2.07952033e+01  -1.14727425e+01  -8.92622663e+00
  -6.64700882e+00  -6.63991586e+00  -6.63991586e+00  -2.63089664e+00
  -2.62607341e+00  -2.62607341e+00  -2.62186602e+00  -2.62186602e+00
  -1.78445557e+00  -1.11854528e+00  -7.39084939e-01  -6.02816909e-01
  -6.02816909e-01  -5.30309692e-01  -3.16937186e-01  -3.16937186e-01
   2.41713538e-02   2.41713538e-02   7.55012949e-02   1.79588704e-01
   2.25830115e-01   3.09867984e-01   3.09867984e-01   3.64484744e-01
   3.64484744e-01   3.68203852e-01   3.81345517e-01   3.81345517e-01
   4.99010555e-01   5.22887287e-01   5.22887287e-01   6.32942927e-01
   6.78998404e-01   6.78998404e-01   8.05392760e-01   8.27304390e-01
   8.27304390e-01   9.07268213e-01   9.68313261e-01   1.12821238e+00
   1.12821238e+00   1.35624037e+00   1.35624037e+00   1.37055494e+00
   1.49659129e+00   1.49659129e+00   1.55341914e+00   1.55341914e+00
   1.56578984e+00   1.56578984e+00   1.56598122e+00   1.60217110e+00
   1.62744915e+00   1.62744915e+00   1.67683710e+00   1.67683710e+00
   1.82056126e+00   1.82056126e+00   1.82308585e+00   2.00336018e+00
   2.00336018e+00   2.29685080e+00   2.35353122e+00   2.35353122e+00
   2.47705727e+00   2.66346721e+00   2.90627008e+00   2.90627008e+00
   3.17415821e+00   3.17415821e+00   3.19247198e+00   3.19247198e+00
   3.22286075e+00   3.22286075e+00   3.30033135e+00   3.32726600e+00
   3.32726600e+00   3.63889955e+00   3.84877901e+00   3.84877901e+00
   3.97869831e+00   4.03064461e+00   4.03064461e+00   4.06035312e+00
   4.06035312e+00   4.35371141e+00   4.96288164e+00   5.44307557e+00
   5.44307557e+00   5.82507858e+00   5.82507858e+00   6.64856284e+00
   6.64856284e+00   6.69347977e+00   6.69347977e+00   6.85156954e+00
   7.11259514e+00   7.11259514e+00   7.43942289e+00   8.06544144e+00
   2.36758634e+01   4.52155497e+01]
E_coul = 1116.57976181035
cycle= 1 E= -2512.55111669104  delta_E= -0.303  |g|= 0.59  |ddm|= 1.88
    CPU time for cycle= 1      0.10 sec, wall time      0.10 sec
diis-norm(errvec)=1.64956
diis-c [-2.72105118  1.        ]
  HOMO = -0.416308361620299  LUMO = 0.0427666828783477
  mo_energy =
[ -4.60934352e+02  -6.07368249e+01  -5.43377449e+01  -5.43365971e+01
  -5.43365971e+01  -2.04924070e+01  -1.17057674e+01  -8.98330710e+00
  -6.71900037e+00  -6.70940888e+00  -6.70940888e+00  -2.70662848e+00
  -2.70090697e+00  -2.70090697e+00  -2.69148359e+00  -2.69148359e+00
  -1.52165551e+00  -1.11399199e+00  -7.44446179e-01  -6.69841184e-01
  -6.69841184e-01  -6.38565598e-01  -4.16308362e-01  -4.16308362e-01
   4.27666829e-02   4.27666829e-02   1.07911899e-01   1.56399851e-01
   2.32037073e-01   2.80499195e-01   2.80499195e-01   3.46596133e-01
   3.46596133e-01   3.57431562e-01   3.57431562e-01   3.79147715e-01
   5.22281612e-01   5.22281612e-01   5.22598651e-01   6.36730006e-01
   7.08679279e-01   7.08679279e-01   7.51059326e-01   7.51059326e-01
   7.75099491e-01   9.12487119e-01   1.01115758e+00   1.09394892e+00
   1.09394892e+00   1.33907489e+00   1.33907489e+00   1.34517806e+00
   1.46840334e+00   1.46840334e+00   1.50998687e+00   1.50998687e+00
   1.54148304e+00   1.55071130e+00   1.55071130e+00   1.55684315e+00
   1.56105385e+00   1.56105385e+00   1.66019185e+00   1.66019185e+00
   1.79180951e+00   1.86517535e+00   1.86517535e+00   1.99911247e+00
   1.99911247e+00   2.27423178e+00   2.40059189e+00   2.40059189e+00
   2.48528139e+00   2.62441096e+00   2.75190601e+00   2.75190601e+00
   3.03016610e+00   3.03016610e+00   3.09354615e+00   3.09354615e+00
   3.13975908e+00   3.13975908e+00   3.35967403e+00   3.35967403e+00
   3.44387130e+00   3.56935429e+00   3.82332496e+00   3.82332496e+00
   3.93590958e+00   3.98907695e+00   3.98907695e+00   4.00796096e+00
   4.00796096e+00   4.32091743e+00   4.97695918e+00   5.57944777e+00
   5.57944777e+00   5.93676784e+00   5.93676784e+00   6.77628791e+00
   6.77628791e+00   6.84224464e+00   6.84224464e+00   6.93410572e+00
   7.29668766e+00   7.29668766e+00   7.60086590e+00   8.02899964e+00
   2.34532619e+01   4.54952950e+01]
E_coul = 1119.6265465942
cycle= 2 E= -2512.58126727782  delta_E= -0.0302  |g|= 0.511  |ddm|= 0.543
    CPU time for cycle= 2      0.10 sec, wall time      0.10 sec
diis-norm(errvec)=1.35326
diis-c [-0.14230806  0.4473005   0.5526995 ]
  HOMO = -0.392695765693077  LUMO = 0.0899987634541449
  mo_energy =
[ -4.60873884e+02  -6.06787016e+01  -5.42792041e+01  -5.42781001e+01
  -5.42781001e+01  -2.06992237e+01  -1.14402876e+01  -8.94028353e+00
  -6.67505968e+00  -6.66799989e+00  -6.66799989e+00  -2.66429824e+00
  -2.65925074e+00  -2.65925074e+00  -2.65146748e+00  -2.65146748e+00
  -1.52045794e+00  -1.02887050e+00  -7.88640310e-01  -6.64672290e-01
  -6.64672290e-01  -6.12192848e-01  -3.92695766e-01  -3.92695766e-01
   8.99987635e-02   8.99987635e-02   1.33071509e-01   1.86529044e-01
   2.35465332e-01   3.06248572e-01   3.06248572e-01   3.69569325e-01
   3.69569325e-01   3.80441249e-01   3.80441249e-01   3.91512724e-01
   5.29146314e-01   5.38142601e-01   5.38142601e-01   6.48315784e-01
   6.97437946e-01   6.97437946e-01   8.13097069e-01   8.13097069e-01
   8.27023850e-01   9.28426716e-01   9.93221530e-01   1.13512527e+00
   1.13512527e+00   1.36447931e+00   1.36447931e+00   1.39620997e+00
   1.50409434e+00   1.50409434e+00   1.56481400e+00   1.56640854e+00
   1.56640854e+00   1.58131583e+00   1.58131583e+00   1.60708267e+00
   1.61842935e+00   1.61842935e+00   1.67956844e+00   1.67956844e+00
   1.83187936e+00   1.85084290e+00   1.85084290e+00   2.01826411e+00
   2.01826411e+00   2.30414497e+00   2.38849070e+00   2.38849070e+00
   2.51826581e+00   2.67460905e+00   2.86847613e+00   2.86847613e+00
   3.16596182e+00   3.16596182e+00   3.19571976e+00   3.19571976e+00
   3.22389083e+00   3.22389083e+00   3.34837611e+00   3.34837611e+00
   3.36468735e+00   3.65249411e+00   3.85066191e+00   3.85066191e+00
   3.98767667e+00   4.03086211e+00   4.03086211e+00   4.07095204e+00
   4.07095204e+00   4.37220582e+00   5.00395843e+00   5.51114857e+00
   5.51114857e+00   5.89186472e+00   5.89186472e+00   6.73280374e+00
   6.73280374e+00   6.75876209e+00   6.75876209e+00   6.92752319e+00
   7.20083199e+00   7.20083199e+00   7.52761695e+00   8.06179512e+00
   2.37017526e+01   4.53006077e+01]
E_coul = 1118.93091842902
cycle= 3 E= -2512.6297852691  delta_E= -0.0485  |g|= 0.0569  |ddm|= 0.248
    CPU time for cycle= 3      0.10 sec, wall time      0.10 sec
diis-norm(errvec)=0.136083
diis-c [-0.01048066 -0.03981296  0.02089687  1.01891609]
  HOMO = -0.387369294314385  LUMO = 0.100303150877426
  mo_energy =
[ -4.60848730e+02  -6.06544304e+01  -5.42549723e+01  -5.42538832e+01
  -5.42538832e+01  -2.06473578e+01  -1.14310704e+01  -8.92420009e+00
  -6.65954773e+00  -6.65287056e+00  -6.65287056e+00  -2.64979051e+00
  -2.64457938e+00  -2.64457938e+00  -2.63688784e+00  -2.63688784e+00
  -1.50041811e+00  -1.02355653e+00  -7.74635138e-01  -6.50329234e-01
  -6.50329234e-01  -6.09930770e-01  -3.87369294e-01  -3.87369294e-01
   1.00303151e-01   1.00303151e-01   1.38861306e-01   1.88317640e-01
   2.38330154e-01   3.07900029e-01   3.07900029e-01   3.72389426e-01
   3.72389426e-01   3.83034012e-01   3.83034012e-01   3.95533730e-01
   5.33834184e-01   5.43502274e-01   5.43502274e-01   6.52428093e-01
   7.01594355e-01   7.01594355e-01   8.17039293e-01   8.17039293e-01
   8.32191335e-01   9.35113330e-01   9.99310973e-01   1.14180973e+00
   1.14180973e+00   1.36875203e+00   1.36875203e+00   1.40674185e+00
   1.51010370e+00   1.51010370e+00   1.57081412e+00   1.57340585e+00
   1.57340585e+00   1.58579396e+00   1.58579396e+00   1.61323704e+00
   1.62434672e+00   1.62434672e+00   1.68549019e+00   1.68549019e+00
   1.83845096e+00   1.86072437e+00   1.86072437e+00   2.02562166e+00
   2.02562166e+00   2.31115196e+00   2.39906272e+00   2.39906272e+00
   2.52925999e+00   2.68149915e+00   2.87217338e+00   2.87217338e+00
   3.17229839e+00   3.17229839e+00   3.20297098e+00   3.20297098e+00
   3.23903387e+00   3.23903387e+00   3.36347323e+00   3.36347323e+00
   3.38157951e+00   3.66333587e+00   3.85858113e+00   3.85858113e+00
   3.99905557e+00   4.03973893e+00   4.03973893e+00   4.08126115e+00
   4.08126115e+00   4.38488594e+00   5.02354698e+00   5.53019659e+00
   5.53019659e+00   5.91216859e+00   5.91216859e+00   6.75981928e+00
   6.75981928e+00   6.78174514e+00   6.78174514e+00   6.95263247e+00
   7.22504524e+00   7.22504524e+00   7.55195289e+00   8.07490018e+00
   2.37108430e+01   4.53496642e+01]
E_coul = 1118.70535062041
cycle= 4 E= -2512.63061892343  delta_E= -0.000834  |g|= 0.0241  |ddm|= 0.0575
    CPU time for cycle= 4      0.10 sec, wall time      0.10 sec
diis-norm(errvec)=0.0600598
diis-c [-0.0009933  -0.06055469 -0.05392206  0.27716413  0.83731263]
  HOMO = -0.387643587388972  LUMO = 0.0975646694581046
  mo_energy =
[ -4.60853470e+02  -6.06578558e+01  -5.42587041e+01  -5.42575962e+01
  -5.42575962e+01  -2.06686614e+01  -1.14426508e+01  -8.92415574e+00
  -6.65979574e+00  -6.65292339e+00  -6.65292339e+00  -2.65005129e+00
  -2.64467274e+00  -2.64467274e+00  -2.63675308e+00  -2.63675308e+00
  -1.51172319e+00  -1.02578141e+00  -7.84445448e-01  -6.58883777e-01
  -6.58883777e-01  -6.11308136e-01  -3.87643587e-01  -3.87643587e-01
   9.75646695e-02   9.75646695e-02   1.39390878e-01   1.86880989e-01
   2.38756344e-01   3.07109841e-01   3.07109841e-01   3.71589003e-01
   3.71589003e-01   3.84385379e-01   3.84385379e-01   3.94108607e-01
   5.30883393e-01   5.43568307e-01   5.43568307e-01   6.51735240e-01
   6.98027803e-01   6.98027803e-01   8.12670424e-01   8.12670424e-01
   8.28951010e-01   9.34821792e-01   9.94846700e-01   1.13864053e+00
   1.13864053e+00   1.37086583e+00   1.37086583e+00   1.40129470e+00
   1.51007943e+00   1.51007943e+00   1.57059241e+00   1.57306338e+00
   1.57306338e+00   1.58876039e+00   1.58876039e+00   1.61055385e+00
   1.61907163e+00   1.61907163e+00   1.68731365e+00   1.68731365e+00
   1.83599183e+00   1.85541449e+00   1.85541449e+00   2.02387173e+00
   2.02387173e+00   2.31158226e+00   2.39298799e+00   2.39298799e+00
   2.52164681e+00   2.67719942e+00   2.86519065e+00   2.86519065e+00
   3.16598160e+00   3.16598160e+00   3.19481157e+00   3.19481157e+00
   3.23032471e+00   3.23032471e+00   3.35532927e+00   3.35532927e+00
   3.37208643e+00   3.65785773e+00   3.86059517e+00   3.86059517e+00
   3.99598359e+00   4.03967734e+00   4.03967734e+00   4.07510588e+00
   4.07510588e+00   4.37930152e+00   5.01428513e+00   5.51943529e+00
   5.51943529e+00   5.90155318e+00   5.90155318e+00   6.74661007e+00
   6.74661007e+00   6.77059719e+00   6.77059719e+00   6.94088726e+00
   7.21320657e+00   7.21320657e+00   7.54063276e+00   8.07515645e+00
   2.36999725e+01   4.53293700e+01]
E_coul = 1118.74999538497
cycle= 5 E= -2512.63076504019  delta_E= -0.000146  |g|= 0.0056  |ddm|= 0.0218
    CPU time for cycle= 5      0.11 sec, wall time      0.10 sec
diis-norm(errvec)=0.0138993
diis-c [ -1.31454675e-04  -3.74737250e-03  -7.89776342e-03  -4.19393965e-02
   1.05918628e-01   9.47665905e-01]
  HOMO = -0.388442615180972  LUMO = 0.0976224723390899
  mo_energy =
[ -4.60858702e+02  -6.06627658e+01  -5.42636729e+01  -5.42625381e+01
  -5.42625381e+01  -2.06663714e+01  -1.14412804e+01  -8.92807151e+00
  -6.66374749e+00  -6.65676610e+00  -6.65676610e+00  -2.65398474e+00
  -2.64853873e+00  -2.64853873e+00  -2.64050514e+00  -2.64050514e+00
  -1.51059475e+00  -1.02626899e+00  -7.83557976e-01  -6.57720054e-01
  -6.57720054e-01  -6.12633386e-01  -3.88442615e-01  -3.88442615e-01
   9.76224723e-02   9.76224723e-02   1.38766968e-01   1.86541779e-01
   2.38313355e-01   3.07051045e-01   3.07051045e-01   3.71411904e-01
   3.71411904e-01   3.83633858e-01   3.83633858e-01   3.93867716e-01
   5.31284352e-01   5.42954755e-01   5.42954755e-01   6.51289997e-01
   6.98465441e-01   6.98465441e-01   8.12818899e-01   8.12818899e-01
   8.28630108e-01   9.33978877e-01   9.95199575e-01   1.13848623e+00
   1.13848623e+00   1.36962249e+00   1.36962249e+00   1.40124392e+00
   1.50895060e+00   1.50895060e+00   1.56944677e+00   1.57212106e+00
   1.57212106e+00   1.58739977e+00   1.58739977e+00   1.60998497e+00
   1.61925879e+00   1.61925879e+00   1.68574915e+00   1.68574915e+00
   1.83542754e+00   1.85568361e+00   1.85568361e+00   2.02314751e+00
   2.02314751e+00   2.31008560e+00   2.39351680e+00   2.39351680e+00
   2.52255131e+00   2.67717238e+00   2.86553023e+00   2.86553023e+00
   3.16640831e+00   3.16640831e+00   3.19523760e+00   3.19523760e+00
   3.23118015e+00   3.23118015e+00   3.35589497e+00   3.35589497e+00
   3.37337128e+00   3.65802378e+00   3.85837930e+00   3.85837930e+00
   3.99486162e+00   4.03772476e+00   4.03772476e+00   4.07517430e+00
   4.07517430e+00   4.37894916e+00   5.01465291e+00   5.52055916e+00
   5.52055916e+00   5.90265784e+00   5.90265784e+00   6.74814687e+00
   6.74814687e+00   6.77159542e+00   6.77159542e+00   6.94198419e+00
   7.21487034e+00   7.21487034e+00   7.54213389e+00   8.07233843e+00
   2.37012413e+01   4.53315710e+01]
E_coul = 1118.80422168358
cycle= 6 E= -2512.63078069276  delta_E= -1.57e-05  |g|= 0.0033  |ddm|= 0.00722
    CPU time for cycle= 6      0.10 sec, wall time      0.10 sec
diis-norm(errvec)=0.00683723
diis-c [ -2.34939513e-05   8.00194014e-03   6.28847569e-03  -3.96891674e-02
  -1.24631680e-01   1.37224347e-01   1.01280608e+00]
  HOMO = -0.388265262314804  LUMO = 0.0975473933379871
  mo_energy =
[ -4.60855588e+02  -6.06600520e+01  -5.42609009e+01  -5.42597432e+01
  -5.42597432e+01  -2.06672257e+01  -1.14415661e+01  -8.92647238e+00
  -6.66220262e+00  -6.65513329e+00  -6.65513329e+00  -2.65248599e+00
  -2.64699394e+00  -2.64699394e+00  -2.63886951e+00  -2.63886951e+00
  -1.51114637e+00  -1.02619212e+00  -7.84147446e-01  -6.58086283e-01
  -6.58086283e-01  -6.12508688e-01  -3.88265262e-01  -3.88265262e-01
   9.75473933e-02   9.75473933e-02   1.38778690e-01   1.86418194e-01
   2.38395895e-01   3.07037502e-01   3.07037502e-01   3.71407845e-01
   3.71407845e-01   3.83842482e-01   3.83842482e-01   3.93806221e-01
   5.31095613e-01   5.43033257e-01   5.43033257e-01   6.51259672e-01
   6.98231124e-01   6.98231124e-01   8.12546887e-01   8.12546887e-01
   8.28462164e-01   9.34084582e-01   9.94905788e-01   1.13838305e+00
   1.13838305e+00   1.37005234e+00   1.37005234e+00   1.40106174e+00
   1.50912787e+00   1.50912787e+00   1.56951195e+00   1.57221952e+00
   1.57221952e+00   1.58786809e+00   1.58786809e+00   1.60993343e+00
   1.61907863e+00   1.61907863e+00   1.68618804e+00   1.68618804e+00
   1.83536249e+00   1.85537348e+00   1.85537348e+00   2.02312727e+00
   2.02312727e+00   2.31030068e+00   2.39317851e+00   2.39317851e+00
   2.52213747e+00   2.67703805e+00   2.86511380e+00   2.86511380e+00
   3.16609034e+00   3.16609034e+00   3.19479780e+00   3.19479780e+00
   3.23075140e+00   3.23075140e+00   3.35553155e+00   3.35553155e+00
   3.37281808e+00   3.65784955e+00   3.85921976e+00   3.85921976e+00
   3.99506752e+00   4.03821522e+00   4.03821522e+00   4.07489024e+00
   4.07489024e+00   4.37882589e+00   5.01429794e+00   5.51986691e+00
   5.51986691e+00   5.90202704e+00   5.90202704e+00   6.74741398e+00
   6.74741398e+00   6.77099919e+00   6.77099919e+00   6.94139018e+00
   7.21422221e+00   7.21422221e+00   7.54158103e+00   8.07326326e+00
   2.37009578e+01   4.53307367e+01]
E_coul = 1118.77490528009
cycle= 7 E= -2512.63078426463  delta_E= -3.57e-06  |g|= 0.00108  |ddm|= 0.00391
    CPU time for cycle= 7      0.11 sec, wall time      0.10 sec
diis-norm(errvec)=0.00213977
diis-c [ -1.37227460e-06   1.90199087e-03   2.04399185e-03   2.26712399e-03
  -4.15660197e-02  -1.22294584e-01   4.96391485e-02   1.10800835e+00]
  HOMO = -0.388241507539382  LUMO = 0.0975738954769499
  mo_energy =
[ -4.60856318e+02  -6.06606557e+01  -5.42615347e+01  -5.42603643e+01
  -5.42603643e+01  -2.06674438e+01  -1.14414712e+01  -8.92667095e+00
  -6.66241479e+00  -6.65531503e+00  -6.65531503e+00  -2.65269367e+00
  -2.64718464e+00  -2.64718464e+00  -2.63902249e+00  -2.63902249e+00
  -1.51126877e+00  -1.02622257e+00  -7.84359788e-01  -6.58184986e-01
  -6.58184986e-01  -6.12492763e-01  -3.88241508e-01  -3.88241508e-01
   9.75738955e-02   9.75738955e-02   1.38776756e-01   1.86396877e-01
   2.38427672e-01   3.07036576e-01   3.07036576e-01   3.71421656e-01
   3.71421656e-01   3.83910504e-01   3.83910504e-01   3.93771976e-01
   5.31017507e-01   5.43080824e-01   5.43080824e-01   6.51259352e-01
   6.98139441e-01   6.98139441e-01   8.12504682e-01   8.12504682e-01
   8.28440545e-01   9.34104379e-01   9.94796838e-01   1.13837567e+00
   1.13837567e+00   1.37014272e+00   1.37014272e+00   1.40104314e+00
   1.50915240e+00   1.50915240e+00   1.56953212e+00   1.57225890e+00
   1.57225890e+00   1.58801606e+00   1.58801606e+00   1.60990953e+00
   1.61908540e+00   1.61908540e+00   1.68625725e+00   1.68625725e+00
   1.83533704e+00   1.85527958e+00   1.85527958e+00   2.02311716e+00
   2.02311716e+00   2.31033594e+00   2.39305862e+00   2.39305862e+00
   2.52202635e+00   2.67695516e+00   2.86507562e+00   2.86507562e+00
   3.16605034e+00   3.16605034e+00   3.19477799e+00   3.19477799e+00
   3.23067554e+00   3.23067554e+00   3.35544294e+00   3.35544294e+00
   3.37259115e+00   3.65782825e+00   3.85928204e+00   3.85928204e+00
   3.99504967e+00   4.03819116e+00   4.03819116e+00   4.07484316e+00
   4.07484316e+00   4.37879287e+00   5.01419585e+00   5.51964940e+00
   5.51964940e+00   5.90185815e+00   5.90185815e+00   6.74718068e+00
   6.74718068e+00   6.77088039e+00   6.77088039e+00   6.94128608e+00
   7.21400002e+00   7.21400002e+00   7.54139012e+00   8.07319330e+00
   2.37010374e+01   4.53305191e+01]
E_coul = 1118.7832779552
cycle= 8 E= -2512.630784748  delta_E= -4.83e-07  |g|= 0.000192  |ddm|= 0.00194
    CPU time for cycle= 8      0.10 sec, wall time      0.10 sec
diis-norm(errvec)=0.000464222
diis-c [ -3.47401534e-08  -8.25635814e-04  -9.16719377e-04   2.42949431e-03
   1.49313263e-02   1.70367314e-02  -8.61398087e-02  -1.89989424e-01
   1.24347404e+00]
  HOMO = -0.388222871889659  LUMO = 0.0975955978260506
  mo_energy =
[ -4.60856191e+02  -6.06605362e+01  -5.42614159e+01  -5.42602422e+01
  -5.42602422e+01  -2.06674863e+01  -1.14414417e+01  -8.92659147e+00
  -6.66233899e+00  -6.65523369e+00  -6.65523369e+00  -2.65262356e+00
  -2.64711099e+00  -2.64711099e+00  -2.63894008e+00  -2.63894008e+00
  -1.51129563e+00  -1.02619486e+00  -7.84374929e-01  -6.58194062e-01
  -6.58194062e-01  -6.12472431e-01  -3.88222872e-01  -3.88222872e-01
   9.75955978e-02   9.75955978e-02   1.38781194e-01   1.86410909e-01
   2.38438524e-01   3.07046387e-01   3.07046387e-01   3.71431913e-01
   3.71431913e-01   3.83932812e-01   3.83932812e-01   3.93782139e-01
   5.31020705e-01   5.43096050e-01   5.43096050e-01   6.51266103e-01
   6.98136098e-01   6.98136098e-01   8.12521966e-01   8.12521966e-01
   8.28457481e-01   9.34117634e-01   9.94794915e-01   1.13839542e+00
   1.13839542e+00   1.37017552e+00   1.37017552e+00   1.40105899e+00
   1.50917548e+00   1.50917548e+00   1.56954334e+00   1.57227793e+00
   1.57227793e+00   1.58805332e+00   1.58805332e+00   1.60992765e+00
   1.61911258e+00   1.61911258e+00   1.68628588e+00   1.68628588e+00
   1.83535599e+00   1.85527977e+00   1.85527977e+00   2.02313191e+00
   2.02313191e+00   2.31035782e+00   2.39305925e+00   2.39305925e+00
   2.52203040e+00   2.67698053e+00   2.86510748e+00   2.86510748e+00
   3.16608439e+00   3.16608439e+00   3.19480246e+00   3.19480246e+00
   3.23068608e+00   3.23068608e+00   3.35545349e+00   3.35545349e+00
   3.37257445e+00   3.65785444e+00   3.85933424e+00   3.85933424e+00
   3.99507630e+00   4.03822736e+00   4.03822736e+00   4.07486267e+00
   4.07486267e+00   4.37880787e+00   5.01420446e+00   5.51962696e+00
   5.51962696e+00   5.90184349e+00   5.90184349e+00   6.74715278e+00
   6.74715278e+00   6.77087171e+00   6.77087171e+00   6.94127537e+00
   7.21397906e+00   7.21397906e+00   7.54137485e+00   8.07324322e+00
   2.37010682e+01   4.53304796e+01]
E_coul = 1118.78256305064
cycle= 9 E= -2512.63078476483  delta_E= -1.68e-08  |g|= 1.9e-05  |ddm|= 0.000421
    CPU time for cycle= 9      0.10 sec, wall time      0.10 sec
diis-norm(errvec)=4.7239e-05
diis-c [ -8.33436292e-10   1.07614706e+00  -2.44579431e-06  -1.24339111e-04
  -1.95227276e-04   2.44510635e-03   3.54136706e-03  -1.49707715e-02
  -6.68407541e-02]
  HOMO = -0.388224835367892  LUMO = 0.0975912404875962
  mo_energy =
[ -4.60856195e+02  -6.06605406e+01  -5.42614201e+01  -5.42602462e+01
  -5.42602462e+01  -2.06674912e+01  -1.14414395e+01  -8.92659674e+00
  -6.66234479e+00  -6.65523831e+00  -6.65523831e+00  -2.65262934e+00
  -2.64711626e+00  -2.64711626e+00  -2.63894418e+00  -2.63894418e+00
  -1.51129861e+00  -1.02619710e+00  -7.84374812e-01  -6.58194285e-01
  -6.58194285e-01  -6.12472637e-01  -3.88224835e-01  -3.88224835e-01
   9.75912405e-02   9.75912405e-02   1.38779585e-01   1.86409163e-01
   2.38438354e-01   3.07044762e-01   3.07044762e-01   3.71430944e-01
   3.71430944e-01   3.83932470e-01   3.83932470e-01   3.93780854e-01
   5.31018756e-01   5.43094673e-01   5.43094673e-01   6.51264828e-01
   6.98134154e-01   6.98134154e-01   8.12518876e-01   8.12518876e-01
   8.28453884e-01   9.34116003e-01   9.94793025e-01   1.13839179e+00
   1.13839179e+00   1.37017434e+00   1.37017434e+00   1.40105537e+00
   1.50917300e+00   1.50917300e+00   1.56954147e+00   1.57227599e+00
   1.57227599e+00   1.58805297e+00   1.58805297e+00   1.60992488e+00
   1.61911009e+00   1.61911009e+00   1.68628474e+00   1.68628474e+00
   1.83535308e+00   1.85527690e+00   1.85527690e+00   2.02312914e+00
   2.02312914e+00   2.31035494e+00   2.39305634e+00   2.39305634e+00
   2.52202749e+00   2.67697585e+00   2.86510342e+00   2.86510342e+00
   3.16607965e+00   3.16607965e+00   3.19479947e+00   3.19479947e+00
   3.23068180e+00   3.23068180e+00   3.35544877e+00   3.35544877e+00
   3.37257122e+00   3.65784965e+00   3.85933228e+00   3.85933228e+00
   3.99507276e+00   4.03822348e+00   4.03822348e+00   4.07485871e+00
   4.07485871e+00   4.37880486e+00   5.01419911e+00   5.51962332e+00
   5.51962332e+00   5.90183993e+00   5.90183993e+00   6.74714865e+00
   6.74714865e+00   6.77086846e+00   6.77086846e+00   6.94127281e+00
   7.21397497e+00   7.21397497e+00   7.54137108e+00   8.07323912e+00
   2.37010697e+01   4.53304747e+01]
E_coul = 1118.78261981778
cycle= 10 E= -2512.63078476499  delta_E= -1.6e-10  |g|= 3.69e-06  |ddm|= 3.87e-05
    CPU time for cycle= 10      0.10 sec, wall time      0.10 sec
  HOMO = -0.388224837706197  LUMO = 0.0975910196298503
  mo_energy =
[ -4.60856195e+02  -6.06605410e+01  -5.42614205e+01  -5.42602466e+01
  -5.42602466e+01  -2.06674917e+01  -1.14414405e+01  -8.92659645e+00
  -6.66234459e+00  -6.65523796e+00  -6.65523796e+00  -2.65262913e+00
  -2.64711596e+00  -2.64711596e+00  -2.63894375e+00  -2.63894375e+00
  -1.51129884e+00  -1.02619691e+00  -7.84374523e-01  -6.58194477e-01
  -6.58194477e-01  -6.12472739e-01  -3.88224838e-01  -3.88224838e-01
   9.75910196e-02   9.75910196e-02   1.38779480e-01   1.86409146e-01
   2.38438390e-01   3.07044719e-01   3.07044719e-01   3.71430902e-01
   3.71430902e-01   3.83932584e-01   3.83932584e-01   3.93780999e-01
   5.31018861e-01   5.43094572e-01   5.43094572e-01   6.51264757e-01
   6.98134304e-01   6.98134304e-01   8.12518632e-01   8.12518632e-01
   8.28453686e-01   9.34115954e-01   9.94793212e-01   1.13839173e+00
   1.13839173e+00   1.37017469e+00   1.37017469e+00   1.40105508e+00
   1.50917306e+00   1.50917306e+00   1.56954125e+00   1.57227613e+00
   1.57227613e+00   1.58805342e+00   1.58805342e+00   1.60992482e+00
   1.61910972e+00   1.61910972e+00   1.68628485e+00   1.68628485e+00
   1.83535304e+00   1.85527700e+00   1.85527700e+00   2.02312916e+00
   2.02312916e+00   2.31035493e+00   2.39305641e+00   2.39305641e+00
   2.52202738e+00   2.67697589e+00   2.86510283e+00   2.86510283e+00
   3.16607932e+00   3.16607932e+00   3.19479887e+00   3.19479887e+00
   3.23068152e+00   3.23068152e+00   3.35544862e+00   3.35544862e+00
   3.37257132e+00   3.65784951e+00   3.85933277e+00   3.85933277e+00
   3.99507273e+00   4.03822366e+00   4.03822366e+00   4.07485854e+00
   4.07485854e+00   4.37880471e+00   5.01419896e+00   5.51962357e+00
   5.51962357e+00   5.90183997e+00   5.90183997e+00   6.74714870e+00
   6.74714870e+00   6.77086834e+00   6.77086834e+00   6.94127264e+00
   7.21397481e+00   7.21397481e+00   7.54137087e+00   8.07323929e+00
   2.37010688e+01   4.53304743e+01]
E_coul = 1118.78262000057
Extra cycle  E= -2512.63078476499  delta_E= -5.91e-12  |g|= 1.44e-06  |ddm|= 4.4e-06
    CPU time for scf_cycle      3.40 sec, wall time      3.43 sec
    CPU time for SCF      3.40 sec, wall time      3.59 sec
converged SCF energy = -2512.63078476499
RHF E = -2512.63078476
RHF eps = [ -4.60856195e+02  -6.06605410e+01  -5.42614205e+01  -5.42602466e+01
  -5.42602466e+01  -2.06674917e+01  -1.14414405e+01  -8.92659645e+00
  -6.66234459e+00  -6.65523796e+00  -6.65523796e+00  -2.65262913e+00
  -2.64711596e+00  -2.64711596e+00  -2.63894375e+00  -2.63894375e+00
  -1.51129884e+00  -1.02619691e+00  -7.84374523e-01  -6.58194477e-01
  -6.58194477e-01  -6.12472739e-01  -3.88224838e-01  -3.88224838e-01
   9.75910196e-02   9.75910196e-02   1.38779480e-01   1.86409146e-01
   2.38438390e-01   3.07044719e-01   3.07044719e-01   3.71430902e-01
   3.71430902e-01   3.83932584e-01   3.83932584e-01   3.93780999e-01
   5.31018861e-01   5.43094572e-01   5.43094572e-01   6.51264757e-01
   6.98134304e-01   6.98134304e-01   8.12518632e-01   8.12518632e-01
   8.28453686e-01   9.34115954e-01   9.94793212e-01   1.13839173e+00
   1.13839173e+00   1.37017469e+00   1.37017469e+00   1.40105508e+00
   1.50917306e+00   1.50917306e+00   1.56954125e+00   1.57227613e+00
   1.57227613e+00   1.58805342e+00   1.58805342e+00   1.60992482e+00
   1.61910972e+00   1.61910972e+00   1.68628485e+00   1.68628485e+00
   1.83535304e+00   1.85527700e+00   1.85527700e+00   2.02312916e+00
   2.02312916e+00   2.31035493e+00   2.39305641e+00   2.39305641e+00
   2.52202738e+00   2.67697589e+00   2.86510283e+00   2.86510283e+00
   3.16607932e+00   3.16607932e+00   3.19479887e+00   3.19479887e+00
   3.23068152e+00   3.23068152e+00   3.35544862e+00   3.35544862e+00
   3.37257132e+00   3.65784951e+00   3.85933277e+00   3.85933277e+00
   3.99507273e+00   4.03822366e+00   4.03822366e+00   4.07485854e+00
   4.07485854e+00   4.37880471e+00   5.01419896e+00   5.51962357e+00
   5.51962357e+00   5.90183997e+00   5.90183997e+00   6.74714870e+00
   6.74714870e+00   6.77086834e+00   6.77086834e+00   6.94127264e+00
   7.21397481e+00   7.21397481e+00   7.54137087e+00   8.07323929e+00
   2.37010688e+01   4.53304743e+01]
    CPU time for GW integral transformation     23.71 sec, wall time     23.71 sec

******** <class 'pyscf.gw.gf2.GF2'> flags ********
method = GF2
GF2 nocc = 24, nvir = 86
use perturbative linearized QP eqn = False
use diagonal approximation for sigma = True
  HOMO = -0.381477901545064  LUMO = 0.0385682825502867
  GW mo_energy =
[ -4.59603114e+02  -5.96918761e+01  -5.32367322e+01  -5.32353881e+01
  -5.32353881e+01  -1.98197548e+01  -1.09389748e+01  -8.36655650e+00
  -6.24997398e+00  -6.23680563e+00  -6.23680563e+00  -2.27324550e+00
  -2.26374270e+00  -2.26374270e+00  -2.25568479e+00  -2.25568479e+00
  -1.24868827e+00  -8.57404270e-01  -6.23751280e-01  -5.59640589e-01
  -5.59640589e-01  -5.66695485e-01  -3.81477902e-01  -3.81477902e-01
   3.85682826e-02   3.85682826e-02   8.65347445e-02   1.43584392e-01
   1.96900702e-01   2.65533987e-01   2.65533987e-01   3.15950618e-01
   3.15950618e-01   3.41445955e-01   3.41445955e-01   3.31087668e-01
   4.61744600e-01   4.38811212e-01   4.38811212e-01   6.40065232e-01
   6.32005674e-01   6.32005674e-01   8.12629724e-01   8.12629724e-01
   7.33573769e-01   9.34763141e-01   9.96238597e-01   1.12504523e+00
   1.12504523e+00   1.30092553e+00   1.30092553e+00   1.32876648e+00
   1.50958244e+00   1.50958244e+00   1.52030605e+00   1.57854786e+00
   1.57854786e+00   1.58752532e+00   1.58752532e+00   1.59752053e+00
   1.46346810e+00   1.44502662e+00   1.65006721e+00   1.65006721e+00
   1.75541271e+00   1.85405692e+00   1.85405692e+00   2.03365871e+00
   1.80302253e+00   2.31036514e+00   2.38849269e+00   2.38849269e+00
   2.60119930e+00   2.66199415e+00   2.78990691e+00   2.78990691e+00
   3.16541378e+00   3.16541378e+00   2.98382944e+00   2.98382944e+00
   3.19695933e+00   3.19695933e+00   3.23056560e+00   3.21389713e+00
   3.37305571e+00   3.25222447e+00   3.74921907e+00   3.74921907e+00
   3.89563433e+00   3.96379812e+00   3.96016670e+00   3.96846667e+00
   3.89185894e+00   4.37910483e+00   5.01913357e+00   5.30704611e+00
   5.30704611e+00   5.74826584e+00   5.74826584e+00   6.43421694e+00
   6.45866257e+00   6.59532435e+00   6.59836115e+00   6.70393619e+00
   6.97618865e+00   6.97618865e+00   7.26932924e+00   8.07171897e+00
   2.32442967e+01   4.45414628e+01]
    CPU time for GF2     16.52 sec, wall time     16.54 sec
    CPU time for GW integral transformation     23.65 sec, wall time     23.66 sec

******** <class 'pyscf.gw.gf2.GF2'> flags ********
method = GF2
GF2 nocc = 24, nvir = 86
use perturbative linearized QP eqn = False
use diagonal approximation for sigma = True
  HOMO = -0.381477901545064  LUMO = 0.0385682825502867
  GW mo_energy =
[ 0.          0.          0.          0.          0.          0.          0.
  0.          0.          0.          0.          0.          0.          0.
  0.          0.          0.          0.          0.          0.          0.
  0.          0.         -0.3814779   0.03856828  0.          0.          0.
  0.          0.          0.          0.          0.          0.          0.
  0.          0.          0.          0.          0.          0.          0.
  0.          0.          0.          0.          0.          0.          0.
  0.          0.          0.          0.          0.          0.          0.
  0.          0.          0.          0.          0.          0.          0.
  0.          0.          0.          0.          0.          0.          0.
  0.          0.          0.          0.          0.          0.          0.
  0.          0.          0.          0.          0.          0.          0.
  0.          0.          0.          0.          0.          0.          0.
  0.          0.          0.          0.          0.          0.          0.
  0.          0.          0.          0.          0.          0.          0.
  0.          0.          0.          0.          0.        ]
    CPU time for GF2      0.07 sec, wall time      0.06 sec
IP root 0 E =  -0.381477901545
EA root 0 E =  0.0385682825503
