

******** <class 'pyscf.scf.hf.RHF'> flags ********
method = RHF
initial guess = minao
damping factor = 0
level shift factor = 0
DIIS = <class 'pyscf.scf.diis.CDIIS'>
DIIS start cycle = 1
DIIS space = 8
SCF tol = 1e-09
SCF gradient tol = None
max. SCF cycles = 50
direct_scf = True
direct_scf_tol = 1e-13
chkfile to save SCF result = /tmp/tmpLMxmGg
max_memory 4000 MB (current use 76 MB)
Set gradient conv threshold to 3.16228e-05
Nelec from initial guess = 21.9982936377
cond(S) = 2388.40321433
E_coul = 187.77047299901
init E= -395.068203198621
    CPU time for initialize scf      0.34 sec, wall time      0.35 sec
  HOMO = -0.320987301766362  LUMO = -0.0411003286846988
  mo_energy =
[ -7.99052446e+01  -1.56160617e+01  -7.50202617e+00  -5.38588419e+00
  -5.37670624e+00  -5.37670624e+00  -1.33353118e+00  -6.02126028e-01
  -3.73110075e-01  -3.73110075e-01  -3.20987302e-01  -4.11003287e-02
  -4.11003287e-02   1.37295919e-01   3.54322385e-01   3.54322385e-01
   3.78357129e-01   4.14144603e-01   4.41275186e-01   4.41275186e-01
   5.05173676e-01   5.21505642e-01   5.21505642e-01   5.70090227e-01
   5.70090227e-01   6.22999247e-01   9.79642513e-01   1.21087568e+00
   1.21087568e+00   1.37227374e+00   1.37227374e+00   1.45706767e+00
   1.45706767e+00   1.48961903e+00   1.58101763e+00   1.58101763e+00
   1.61441523e+00   1.61441523e+00   1.71605649e+00   1.73201072e+00
   1.73201072e+00   1.76088719e+00   1.76088719e+00   2.01434617e+00
   2.08694576e+00   2.08715662e+00   2.08715662e+00   2.34593800e+00
   2.60810462e+00   2.60810462e+00   3.18293612e+00   4.21402336e+00
   4.21402336e+00   4.32060676e+00   4.32060676e+00   4.48933915e+00
   4.48933915e+00   4.89921846e+00   4.89921846e+00   4.92213154e+00
   5.22768323e+00   5.22768323e+00   5.55773204e+00   6.14218350e+00
   6.14218350e+00   6.40885886e+00   6.40885886e+00   6.53305635e+00
   7.88278124e+00   7.88278124e+00   8.49599074e+00   1.62929883e+01
   3.27122313e+01]
E_coul = 186.63391753941
cycle= 1 E= -395.136852717316  delta_E= -0.0686  |g|= 0.347  |ddm|= 1.44
    CPU time for cycle= 1      0.03 sec, wall time      0.03 sec
diis-norm(errvec)=0.938704
diis-c [-0.88116529  1.        ]
  HOMO = -0.425628268817682  LUMO = 0.0319492842603921
  mo_energy =
[ -8.01312157e+01  -1.54482942e+01  -7.65106144e+00  -5.54287263e+00
  -5.54287263e+00  -5.54164041e+00  -1.09962299e+00  -6.78575018e-01
  -4.29006623e-01  -4.25628269e-01  -4.25628269e-01   3.19492843e-02
   3.19492843e-02   1.32375687e-01   3.18502976e-01   3.23521913e-01
   3.23521913e-01   3.83180729e-01   3.83180729e-01   4.44659025e-01
   5.44965179e-01   5.46072068e-01   5.46072068e-01   6.11310022e-01
   6.11310022e-01   6.54296896e-01   9.94204619e-01   1.26279679e+00
   1.26279679e+00   1.35773862e+00   1.35773862e+00   1.36104806e+00
   1.36104806e+00   1.46882482e+00   1.49431317e+00   1.49431317e+00
   1.58501657e+00   1.58501657e+00   1.66163817e+00   1.66163817e+00
   1.67407757e+00   1.75144126e+00   1.75144126e+00   1.99299687e+00
   2.13887840e+00   2.13887840e+00   2.14129076e+00   2.46330327e+00
   2.70860076e+00   2.70860076e+00   3.29383731e+00   4.36076288e+00
   4.36076288e+00   4.46720983e+00   4.46720983e+00   4.61751406e+00
   4.61751406e+00   5.05492865e+00   5.06251701e+00   5.06251701e+00
   5.39041230e+00   5.39041230e+00   5.72256024e+00   5.99785122e+00
   5.99785122e+00   6.30661086e+00   6.30661086e+00   6.40861681e+00
   7.74104626e+00   7.74104626e+00   8.38384656e+00   1.61802354e+01
   3.28712045e+01]
E_coul = 187.17982149769
cycle= 2 E= -395.141841746182  delta_E= -0.00499  |g|= 0.372  |ddm|= 0.502
    CPU time for cycle= 2      0.03 sec, wall time      0.03 sec
diis-norm(errvec)=0.95822
diis-c [-0.10352047  0.50581317  0.49418683]
  HOMO = -0.454175065852152  LUMO = 0.0327830206314395
  mo_energy =
[ -8.00090575e+01  -1.56508266e+01  -7.55658789e+00  -5.44769439e+00
  -5.44689040e+00  -5.44689040e+00  -1.15190308e+00  -6.72563657e-01
  -4.85636298e-01  -4.54175066e-01  -4.54175066e-01   3.27830206e-02
   3.27830206e-02   1.45768867e-01   3.41180656e-01   3.41180656e-01
   3.48210857e-01   4.11663967e-01   4.11663967e-01   4.36227721e-01
   5.24218719e-01   5.50857977e-01   5.50857977e-01   5.74273353e-01
   5.74273353e-01   6.36203600e-01   9.89822120e-01   1.23224104e+00
   1.23224104e+00   1.37165534e+00   1.37165534e+00   1.41318946e+00
   1.41318946e+00   1.48771725e+00   1.53697015e+00   1.53697015e+00
   1.60451953e+00   1.60451953e+00   1.69322790e+00   1.69645654e+00
   1.69645654e+00   1.75191591e+00   1.75191591e+00   2.01033342e+00
   2.10319259e+00   2.10319259e+00   2.10572622e+00   2.37416327e+00
   2.62685531e+00   2.62685531e+00   3.22003837e+00   4.25774594e+00
   4.25774594e+00   4.37520301e+00   4.37520301e+00   4.54062195e+00
   4.54062195e+00   4.93282015e+00   4.93282015e+00   4.97039072e+00
   5.27802736e+00   5.27802736e+00   5.62235750e+00   6.07856614e+00
   6.07856614e+00   6.36834448e+00   6.36834448e+00   6.48316470e+00
   7.82124074e+00   7.82124074e+00   8.45270752e+00   1.62502473e+01
   3.26785089e+01]
E_coul = 187.353524696967
cycle= 3 E= -395.173706968802  delta_E= -0.0319  |g|= 0.0491  |ddm|= 0.237
    CPU time for cycle= 3      0.02 sec, wall time      0.03 sec
diis-norm(errvec)=0.125847
diis-c [-0.00806503 -0.03943757  0.05721509  0.98222247]
  HOMO = -0.439953444738327  LUMO = 0.0458687843381411
  mo_energy =
[ -7.99810836e+01  -1.56049791e+01  -7.53180203e+00  -5.42279474e+00
  -5.42265166e+00  -5.42265166e+00  -1.13090117e+00  -6.61506467e-01
  -4.77992058e-01  -4.39953445e-01  -4.39953445e-01   4.58687843e-02
   4.58687843e-02   1.52587980e-01   3.47178007e-01   3.47178007e-01
   3.54483989e-01   4.20585090e-01   4.20585090e-01   4.40139673e-01
   5.31239070e-01   5.55410369e-01   5.55410369e-01   5.86544058e-01
   5.86544058e-01   6.40728824e-01   1.00336305e+00   1.24333882e+00
   1.24333882e+00   1.38577574e+00   1.38577574e+00   1.42726981e+00
   1.42726981e+00   1.50176080e+00   1.54783142e+00   1.54783142e+00
   1.61685814e+00   1.61685814e+00   1.70545603e+00   1.71010826e+00
   1.71010826e+00   1.76263143e+00   1.76263143e+00   2.02212574e+00
   2.11555638e+00   2.11555638e+00   2.12272251e+00   2.38629046e+00
   2.64593250e+00   2.64593250e+00   3.24284625e+00   4.27225533e+00
   4.27225533e+00   4.39368538e+00   4.39368538e+00   4.56439456e+00
   4.56439456e+00   4.95342321e+00   4.95342321e+00   4.99775958e+00
   5.29797882e+00   5.29797882e+00   5.64180035e+00   6.09926907e+00
   6.09926907e+00   6.39008399e+00   6.39008399e+00   6.50573429e+00
   7.84249031e+00   7.84249031e+00   8.47574805e+00   1.62734728e+01
   3.27215900e+01]
E_coul = 187.215954872625
cycle= 4 E= -395.174623664381  delta_E= -0.000917  |g|= 0.0144  |ddm|= 0.0582
    CPU time for cycle= 4      0.03 sec, wall time      0.03 sec
diis-norm(errvec)=0.0361067
diis-c [ -5.31863388e-04  -4.34623046e-02  -5.14674570e-02  -6.02240594e-02
   1.15515382e+00]
  HOMO = -0.442271214964124  LUMO = 0.045009432839878
  mo_energy =
[ -7.99931683e+01  -1.56112678e+01  -7.53971887e+00  -5.43123722e+00
  -5.43103099e+00  -5.43103099e+00  -1.13528321e+00  -6.63319460e-01
  -4.83401368e-01  -4.42271215e-01  -4.42271215e-01   4.50094328e-02
   4.50094328e-02   1.51906936e-01   3.46280658e-01   3.46280658e-01
   3.53367801e-01   4.18765503e-01   4.18765503e-01   4.38558500e-01
   5.30649224e-01   5.54393168e-01   5.54393168e-01   5.85285780e-01
   5.85285780e-01   6.39612432e-01   1.00081862e+00   1.24081816e+00
   1.24081816e+00   1.38284363e+00   1.38284363e+00   1.42388442e+00
   1.42388442e+00   1.49925503e+00   1.54565417e+00   1.54565417e+00
   1.61485182e+00   1.61485182e+00   1.70352865e+00   1.70696882e+00
   1.70696882e+00   1.76067921e+00   1.76067921e+00   2.02027457e+00
   2.11367110e+00   2.11367110e+00   2.11902850e+00   2.38425896e+00
   2.64281153e+00   2.64281153e+00   3.23836163e+00   4.26821703e+00
   4.26821703e+00   4.38986922e+00   4.38986922e+00   4.55981447e+00
   4.55981447e+00   4.94939770e+00   4.94939770e+00   4.99264693e+00
   5.29509782e+00   5.29509782e+00   5.63931935e+00   6.09278168e+00
   6.09278168e+00   6.38423719e+00   6.38423719e+00   6.49997222e+00
   7.83566163e+00   7.83566163e+00   8.46921281e+00   1.62668249e+01
   3.27156458e+01]
E_coul = 187.245479004443
cycle= 5 E= -395.174739728736  delta_E= -0.000116  |g|= 0.00412  |ddm|= 0.0205
    CPU time for cycle= 5      0.03 sec, wall time      0.03 sec
diis-norm(errvec)=0.00961664
diis-c [ -5.21719291e-05   6.93071343e-03  -9.51511526e-04  -3.72667519e-02
  -1.53943152e-01   1.18523070e+00]
  HOMO = -0.442137827562419  LUMO = 0.044855064381388
  mo_energy =
[ -7.99910158e+01  -1.56126741e+01  -7.53894273e+00  -5.43038800e+00
  -5.43023571e+00  -5.43023571e+00  -1.13551206e+00  -6.63533814e-01
  -4.84301671e-01  -4.42137828e-01  -4.42137828e-01   4.48550644e-02
   4.48550644e-02   1.51727999e-01   3.46295816e-01   3.46295816e-01
   3.53246267e-01   4.18766847e-01   4.18766847e-01   4.38145518e-01
   5.30735255e-01   5.54301056e-01   5.54301056e-01   5.85162355e-01
   5.85162355e-01   6.39450175e-01   1.00052138e+00   1.24047420e+00
   1.24047420e+00   1.38275841e+00   1.38275841e+00   1.42406086e+00
   1.42406086e+00   1.49907656e+00   1.54579972e+00   1.54579972e+00
   1.61464111e+00   1.61464111e+00   1.70333662e+00   1.70708310e+00
   1.70708310e+00   1.76050590e+00   1.76050590e+00   2.01993964e+00
   2.11334818e+00   2.11334818e+00   2.11874925e+00   2.38370705e+00
   2.64219866e+00   2.64219866e+00   3.23778985e+00   4.26728242e+00
   4.26728242e+00   4.38922656e+00   4.38922656e+00   4.55935165e+00
   4.55935165e+00   4.94840597e+00   4.94840597e+00   4.99219122e+00
   5.29445808e+00   5.29445808e+00   5.63896081e+00   6.09323775e+00
   6.09323775e+00   6.38447259e+00   6.38447259e+00   6.50021406e+00
   7.83626210e+00   7.83626210e+00   8.46965554e+00   1.62673612e+01
   3.27142984e+01]
E_coul = 187.242140361139
cycle= 6 E= -395.17475098893  delta_E= -1.13e-05  |g|= 0.00141  |ddm|= 0.0067
    CPU time for cycle= 6      0.02 sec, wall time      0.03 sec
diis-norm(errvec)=0.00364078
diis-c [ -3.67550127e-06   1.76663030e-03   3.42843012e-03   1.45840920e-02
  -3.06707352e-02  -5.52026929e-01   1.56291851e+00]
  HOMO = -0.442084691146426  LUMO = 0.0449132380123404
  mo_energy =
[ -7.99912955e+01  -1.56127220e+01  -7.53881941e+00  -5.43026252e+00
  -5.43012213e+00  -5.43012213e+00  -1.13564796e+00  -6.63573871e-01
  -4.84582358e-01  -4.42084691e-01  -4.42084691e-01   4.49132380e-02
   4.49132380e-02   1.51719170e-01   3.46365144e-01   3.46365144e-01
   3.53369120e-01   4.18908023e-01   4.18908023e-01   4.37971776e-01
   5.30728378e-01   5.54270373e-01   5.54270373e-01   5.85194892e-01
   5.85194892e-01   6.39365621e-01   1.00047116e+00   1.24033540e+00
   1.24033540e+00   1.38280403e+00   1.38280403e+00   1.42435228e+00
   1.42435228e+00   1.49908831e+00   1.54610170e+00   1.54610170e+00
   1.61469972e+00   1.61469972e+00   1.70340007e+00   1.70725844e+00
   1.70725844e+00   1.76054178e+00   1.76054178e+00   2.01991816e+00
   2.11326404e+00   2.11326404e+00   2.11860969e+00   2.38346610e+00
   2.64202009e+00   2.64202009e+00   3.23757341e+00   4.26682386e+00
   4.26682386e+00   4.38890840e+00   4.38890840e+00   4.55914970e+00
   4.55914970e+00   4.94802795e+00   4.94802795e+00   4.99200985e+00
   5.29417283e+00   5.29417283e+00   5.63872795e+00   6.09353629e+00
   6.09353629e+00   6.38462175e+00   6.38462175e+00   6.50038885e+00
   7.83643398e+00   7.83643398e+00   8.46976075e+00   1.62674530e+01
   3.27142252e+01]
E_coul = 187.24237749322
cycle= 7 E= -395.17475284734  delta_E= -1.86e-06  |g|= 0.000292  |ddm|= 0.0035
    CPU time for cycle= 7      0.03 sec, wall time      0.03 sec
diis-norm(errvec)=0.000743301
diis-c [ -9.09778204e-08  -1.25853573e-03  -1.49985605e-03  -5.85951102e-04
   2.95833194e-02   3.38949237e-02  -3.64735355e-01   1.30460145e+00]
  HOMO = -0.442081582381493  LUMO = 0.0449175956184684
  mo_energy =
[ -7.99910231e+01  -1.56127708e+01  -7.53870772e+00  -5.43015104e+00
  -5.43000018e+00  -5.43000018e+00  -1.13568665e+00  -6.63586065e-01
  -4.84604445e-01  -4.42081582e-01  -4.42081582e-01   4.49175956e-02
   4.49175956e-02   1.51711491e-01   3.46381189e-01   3.46381189e-01
   3.53386367e-01   4.18936438e-01   4.18936438e-01   4.37959529e-01
   5.30728214e-01   5.54264866e-01   5.54264866e-01   5.85197864e-01
   5.85197864e-01   6.39356106e-01   1.00046783e+00   1.24032279e+00
   1.24032279e+00   1.38281418e+00   1.38281418e+00   1.42440964e+00
   1.42440964e+00   1.49908047e+00   1.54616011e+00   1.54616011e+00
   1.61470010e+00   1.61470010e+00   1.70339921e+00   1.70730345e+00
   1.70730345e+00   1.76054891e+00   1.76054891e+00   2.01989830e+00
   2.11324464e+00   2.11324464e+00   2.11859499e+00   2.38342244e+00
   2.64198964e+00   2.64198964e+00   3.23754881e+00   4.26676962e+00
   4.26676962e+00   4.38886960e+00   4.38886960e+00   4.55912871e+00
   4.55912871e+00   4.94797236e+00   4.94797236e+00   4.99199291e+00
   5.29412488e+00   5.29412488e+00   5.63868818e+00   6.09362527e+00
   6.09362527e+00   6.38467311e+00   6.38467311e+00   6.50043797e+00
   7.83653574e+00   7.83653574e+00   8.46983274e+00   1.62675303e+01
   3.27141757e+01]
E_coul = 187.242091069313
cycle= 8 E= -395.174752893357  delta_E= -4.6e-08  |g|= 4.34e-05  |ddm|= 0.000599
    CPU time for cycle= 8      0.03 sec, wall time      0.03 sec
diis-norm(errvec)=0.000101596
diis-c [ -2.56001401e-09   3.22723108e-05  -2.84620193e-05   1.58442834e-05
  -2.56689728e-03   1.51048343e-02  -1.11626188e-02  -1.10541090e-01
   1.10914612e+00]
  HOMO = -0.442084506605808  LUMO = 0.0449078101089036
  mo_energy =
[ -7.99910811e+01  -1.56127991e+01  -7.53873492e+00  -5.43018087e+00
  -5.43002890e+00  -5.43002890e+00  -1.13569807e+00  -6.63590666e-01
  -4.84609403e-01  -4.42084507e-01  -4.42084507e-01   4.49078101e-02
   4.49078101e-02   1.51706865e-01   3.46377753e-01   3.46377753e-01
   3.53381694e-01   4.18931584e-01   4.18931584e-01   4.37957613e-01
   5.30724587e-01   5.54261669e-01   5.54261669e-01   5.85189866e-01
   5.85189866e-01   6.39352507e-01   1.00046029e+00   1.24031638e+00
   1.24031638e+00   1.38280672e+00   1.38280672e+00   1.42440116e+00
   1.42440116e+00   1.49907154e+00   1.54615435e+00   1.54615435e+00
   1.61469160e+00   1.61469160e+00   1.70339086e+00   1.70729491e+00
   1.70729491e+00   1.76054212e+00   1.76054212e+00   2.01988890e+00
   2.11323695e+00   2.11323695e+00   2.11858715e+00   2.38341266e+00
   2.64197754e+00   2.64197754e+00   3.23753781e+00   4.26675962e+00
   4.26675962e+00   4.38886046e+00   4.38886046e+00   4.55911919e+00
   4.55911919e+00   4.94795799e+00   4.94795799e+00   4.99198171e+00
   5.29411163e+00   5.29411163e+00   5.63867664e+00   6.09360635e+00
   6.09360635e+00   6.38465499e+00   6.38465499e+00   6.50041853e+00
   7.83651347e+00   7.83651347e+00   8.46981041e+00   1.62675098e+01
   3.27141489e+01]
E_coul = 187.242171477814
cycle= 9 E= -395.174752893878  delta_E= -5.22e-10  |g|= 6.07e-06  |ddm|= 9.57e-05
    CPU time for cycle= 9      0.03 sec, wall time      0.03 sec
  HOMO = -0.442085735394164  LUMO = 0.0449072137668997
  mo_energy =
[ -7.99910755e+01  -1.56128009e+01  -7.53873330e+00  -5.43017910e+00
  -5.43002730e+00  -5.43002730e+00  -1.13569998e+00  -6.63590838e-01
  -4.84610153e-01  -4.42085735e-01  -4.42085735e-01   4.49072138e-02
   4.49072138e-02   1.51706651e-01   3.46377426e-01   3.46377426e-01
   3.53381689e-01   4.18930838e-01   4.18930838e-01   4.37957557e-01
   5.30724141e-01   5.54261326e-01   5.54261326e-01   5.85189019e-01
   5.85189019e-01   6.39351875e-01   1.00045957e+00   1.24031521e+00
   1.24031521e+00   1.38280586e+00   1.38280586e+00   1.42440042e+00
   1.42440042e+00   1.49907118e+00   1.54615339e+00   1.54615339e+00
   1.61469137e+00   1.61469137e+00   1.70339078e+00   1.70729427e+00
   1.70729427e+00   1.76054134e+00   1.76054134e+00   2.01988884e+00
   2.11323625e+00   2.11323625e+00   2.11858627e+00   2.38341176e+00
   2.64197612e+00   2.64197612e+00   3.23753619e+00   4.26675787e+00
   4.26675787e+00   4.38885876e+00   4.38885876e+00   4.55911760e+00
   4.55911760e+00   4.94795622e+00   4.94795622e+00   4.99198015e+00
   5.29411014e+00   5.29411014e+00   5.63867521e+00   6.09360649e+00
   6.09360649e+00   6.38465529e+00   6.38465529e+00   6.50041928e+00
   7.83651420e+00   7.83651420e+00   8.46981135e+00   1.62675105e+01
   3.27141473e+01]
E_coul = 187.242167605923
Extra cycle  E= -395.174752893887  delta_E= -8.58e-12  |g|= 2.44e-06  |ddm|= 1.62e-05
    CPU time for scf_cycle      0.61 sec, wall time      0.62 sec
    CPU time for SCF      0.61 sec, wall time      0.82 sec
converged SCF energy = -395.174752893887
RHF E = -395.174752894
RHF eps = [ -7.99910755e+01  -1.56128009e+01  -7.53873330e+00  -5.43017910e+00
  -5.43002730e+00  -5.43002730e+00  -1.13569998e+00  -6.63590838e-01
  -4.84610153e-01  -4.42085735e-01  -4.42085735e-01   4.49072138e-02
   4.49072138e-02   1.51706651e-01   3.46377426e-01   3.46377426e-01
   3.53381689e-01   4.18930838e-01   4.18930838e-01   4.37957557e-01
   5.30724141e-01   5.54261326e-01   5.54261326e-01   5.85189019e-01
   5.85189019e-01   6.39351875e-01   1.00045957e+00   1.24031521e+00
   1.24031521e+00   1.38280586e+00   1.38280586e+00   1.42440042e+00
   1.42440042e+00   1.49907118e+00   1.54615339e+00   1.54615339e+00
   1.61469137e+00   1.61469137e+00   1.70339078e+00   1.70729427e+00
   1.70729427e+00   1.76054134e+00   1.76054134e+00   2.01988884e+00
   2.11323625e+00   2.11323625e+00   2.11858627e+00   2.38341176e+00
   2.64197612e+00   2.64197612e+00   3.23753619e+00   4.26675787e+00
   4.26675787e+00   4.38885876e+00   4.38885876e+00   4.55911760e+00
   4.55911760e+00   4.94795622e+00   4.94795622e+00   4.99198015e+00
   5.29411014e+00   5.29411014e+00   5.63867521e+00   6.09360649e+00
   6.09360649e+00   6.38465529e+00   6.38465529e+00   6.50041928e+00
   7.83651420e+00   7.83651420e+00   8.46981135e+00   1.62675105e+01
   3.27141473e+01]
    CPU time for GW integral transformation      3.55 sec, wall time      3.55 sec

******** <class 'pyscf.gw.gf2.GF2'> flags ********
method = GF2
GF2 nocc = 11, nvir = 62
use perturbative linearized QP eqn = False
use diagonal approximation for sigma = True
  HOMO = -0.441987301720803  LUMO = 0.00972894558697416
  GW mo_energy =
[ -7.90365686e+01  -1.48832665e+01  -7.17241250e+00  -5.10466986e+00
  -5.10664729e+00  -5.10664729e+00  -9.20961537e-01  -5.61439925e-01
  -4.03877278e-01  -4.41987302e-01  -4.41987302e-01   9.72894559e-03
   9.72894559e-03   1.19718791e-01   3.07198216e-01   3.07198216e-01
   2.96912232e-01   3.50467157e-01   3.50467157e-01   3.73728371e-01
   4.65551559e-01   4.87244744e-01   4.87244744e-01   5.96229632e-01
   5.96229632e-01   6.52218834e-01   9.79104026e-01   1.15821258e+00
   1.15821258e+00   1.37556286e+00   1.37556286e+00   1.41951942e+00
   1.41951942e+00   1.51609913e+00   1.54486036e+00   1.54486036e+00
   1.61803710e+00   1.61803710e+00   1.66253970e+00   1.62573407e+00
   1.62573407e+00   1.83676010e+00   1.83676010e+00   2.02540373e+00
   2.13185893e+00   2.13185893e+00   2.04896628e+00   2.16813600e+00
   2.64475429e+00   2.64475429e+00   3.23705748e+00   4.07750680e+00
   4.07750680e+00   4.18689690e+00   4.18689690e+00   4.37481030e+00
   4.37481030e+00   4.61773499e+00   4.61773499e+00   4.73264538e+00
   5.10997543e+00   5.10997543e+00   5.63937246e+00   5.90362825e+00
   5.90362825e+00   6.38461272e+00   6.38461272e+00   6.32877346e+00
   7.63641397e+00   7.63641397e+00   8.20873314e+00   1.61021257e+01
   3.20355985e+01]
    CPU time for GF2      1.17 sec, wall time      1.17 sec
    CPU time for GW integral transformation      3.54 sec, wall time      3.55 sec

******** <class 'pyscf.gw.gf2.GF2'> flags ********
method = GF2
GF2 nocc = 11, nvir = 62
use perturbative linearized QP eqn = False
use diagonal approximation for sigma = True
  HOMO = -0.441987301720803  LUMO = 0.00972894558697416
  GW mo_energy =
[ 0.          0.          0.          0.          0.          0.          0.
  0.          0.          0.         -0.4419873   0.00972895  0.          0.
  0.          0.          0.          0.          0.          0.          0.
  0.          0.          0.          0.          0.          0.          0.
  0.          0.          0.          0.          0.          0.          0.
  0.          0.          0.          0.          0.          0.          0.
  0.          0.          0.          0.          0.          0.          0.
  0.          0.          0.          0.          0.          0.          0.
  0.          0.          0.          0.          0.          0.          0.
  0.          0.          0.          0.          0.          0.          0.
  0.          0.          0.        ]
    CPU time for GF2      0.02 sec, wall time      0.01 sec
IP root 0 E =  -0.441987301721
EA root 0 E =  0.00972894558697
