

******** <class 'pyscf.scf.hf.RHF'> flags ********
method = RHF
initial guess = minao
damping factor = 0
level shift factor = 0
DIIS = <class 'pyscf.scf.diis.CDIIS'>
DIIS start cycle = 1
DIIS space = 8
SCF tol = 1e-09
SCF gradient tol = None
max. SCF cycles = 50
direct_scf = True
direct_scf_tol = 1e-13
chkfile to save SCF result = /tmp/tmp43rbKz
max_memory 4000 MB (current use 76 MB)
Set gradient conv threshold to 3.16228e-05
Nelec from initial guess = 17.1021510744
cond(S) = 15605.2123676
E_coul = 37.13369504479
init E= -41.9876400358385
    CPU time for initialize scf      0.41 sec, wall time      0.41 sec
  HOMO = -0.265292199557247  LUMO = -0.154760449043094
  mo_energy =
[ -1.83524570e+00  -1.83445490e+00  -1.08933045e+00  -1.08063276e+00
  -1.08063276e+00  -1.07973986e+00  -1.07947575e+00  -1.07947575e+00
  -2.65292200e-01  -1.54760449e-01  -1.06669628e-01  -1.06669628e-01
  -8.22064395e-02  -6.11435674e-02  -6.11435674e-02  -5.55825407e-02
  -5.28202071e-02  -5.28202071e-02  -4.42202305e-02  -4.42202305e-02
  -4.03184047e-02  -2.57835825e-02  -2.57835825e-02  -1.77342058e-02
  -1.66973958e-02  -1.66973958e-02  -1.60714708e-02  -1.42330418e-02
  -1.42330418e-02  -9.68123748e-03  -7.34430931e-03  -7.34430931e-03
  -4.67231029e-03   6.97826339e-03   6.97826339e-03   1.27133772e-02
   1.27133772e-02   2.98354680e-02   3.37891595e-02   3.37891595e-02
   5.22884990e-02   5.22884990e-02   5.61565493e-02   1.29311215e-01
   2.49525152e-01   2.49525152e-01   2.50427384e-01   2.50427384e-01
   2.59244997e-01   2.59244997e-01   2.67032170e-01   2.67032170e-01
   2.70888302e-01   2.71523426e-01   4.93974099e-01   4.93974099e-01
   5.05458272e-01   5.33331491e-01   5.34674282e-01   5.34674282e-01
   6.87047382e-01   7.48852930e-01   1.89161998e+00   1.89184168e+00
   1.89184168e+00   1.89274463e+00   1.89274463e+00   1.89276696e+00
   1.89276696e+00   1.89278759e+00   1.89278759e+00   1.89415043e+00
   1.89415043e+00   1.89415058e+00   1.89415058e+00   1.89615560e+00
   1.27404975e+01   1.27984694e+01   3.89954748e+01   3.90164649e+01]
E_coul = 42.8358435959629
cycle= 1 E= -47.5646685855606  delta_E= -5.58  |g|= 0.486  |ddm|= 3.27
    CPU time for cycle= 1      0.03 sec, wall time      0.03 sec
diis-norm(errvec)=1.09668
diis-c [-1.20270439  1.        ]
  HOMO = -0.105873179328689  LUMO = 0.00748464669283942
  mo_energy =
[ -1.50677297e+00  -1.50641495e+00  -7.45284296e-01  -7.44827950e-01
  -7.44827950e-01  -7.43788914e-01  -7.43788914e-01  -7.38510933e-01
  -1.05873179e-01   7.48464669e-03   2.68009517e-02   2.68009517e-02
   2.71478834e-02   2.71478834e-02   2.77285465e-02   3.56852380e-02
   3.62622482e-02   4.07376711e-02   4.07376711e-02   4.95106979e-02
   4.95106979e-02   4.96185317e-02   4.96185317e-02   7.05706484e-02
   7.05706484e-02   8.83554633e-02   9.08709898e-02   1.01391013e-01
   1.26457906e-01   1.26457906e-01   1.40012413e-01   1.40012413e-01
   1.41906432e-01   1.44606441e-01   1.44606441e-01   1.55197753e-01
   1.55197753e-01   1.61579655e-01   1.61579655e-01   1.78504511e-01
   1.78616520e-01   2.14709407e-01   2.14709407e-01   3.02605966e-01
   5.28615274e-01   5.28615274e-01   5.30466380e-01   5.30466380e-01
   5.32765477e-01   5.32765477e-01   5.40763016e-01   5.44989249e-01
   5.44989249e-01   5.59315924e-01   7.53909602e-01   7.58000703e-01
   7.58000703e-01   7.96042796e-01   7.96042796e-01   8.01253837e-01
   9.99852887e-01   1.05219840e+00   2.29198136e+00   2.29198136e+00
   2.29198136e+00   2.29198136e+00   2.29377067e+00   2.29377067e+00
   2.29380175e+00   2.29380175e+00   2.29491924e+00   2.29491924e+00
   2.29518672e+00   2.29554036e+00   2.29554036e+00   2.29948942e+00
   1.32605169e+01   1.33185094e+01   3.95416557e+01   3.95624383e+01]
E_coul = 41.8663710170116
cycle= 2 E= -47.5964253218195  delta_E= -0.0318  |g|= 0.0624  |ddm|= 1.15
    CPU time for cycle= 2      0.04 sec, wall time      0.04 sec
diis-norm(errvec)=0.111315
diis-c [-0.01179187 -0.02294313  1.02294313]
  HOMO = -0.126547264826951  LUMO = 0.00228596568079566
  mo_energy =
[ -1.57020400e+00  -1.56980159e+00  -8.05313106e-01  -8.01798524e-01
  -8.01798524e-01  -8.00794892e-01  -8.00794892e-01  -7.98438345e-01
  -1.26547265e-01   2.28596568e-03   2.00148384e-02   2.00148384e-02
   2.65313584e-02   2.65313584e-02   2.71476431e-02   3.40533478e-02
   3.52335774e-02   3.81793095e-02   3.81793095e-02   4.67204156e-02
   4.67204156e-02   4.88824104e-02   4.88824104e-02   6.73041911e-02
   6.73041911e-02   8.18459604e-02   8.90440489e-02   9.53239593e-02
   1.10478068e-01   1.10478068e-01   1.25349559e-01   1.25349559e-01
   1.30455074e-01   1.31966310e-01   1.31966310e-01   1.50344898e-01
   1.50344898e-01   1.51566632e-01   1.51566632e-01   1.61107579e-01
   1.72673318e-01   1.98723969e-01   1.98723969e-01   2.82735730e-01
   4.87378294e-01   4.87378294e-01   4.88358606e-01   4.88358606e-01
   4.93006145e-01   4.93006145e-01   4.99947971e-01   5.03911517e-01
   5.03911517e-01   5.15059980e-01   7.22488816e-01   7.22488816e-01
   7.27252609e-01   7.61047010e-01   7.61047010e-01   7.66189701e-01
   9.44276701e-01   1.00047846e+00   2.22647789e+00   2.22647789e+00
   2.22648469e+00   2.22651615e+00   2.22651615e+00   2.22652689e+00
   2.22652689e+00   2.22652692e+00   2.22652692e+00   2.22653545e+00
   2.22653545e+00   2.22727482e+00   2.22727482e+00   2.23076402e+00
   1.31685631e+01   1.32266188e+01   3.94457521e+01   3.94665422e+01]
E_coul = 41.9095080794884
cycle= 3 E= -47.5977656999026  delta_E= -0.00134  |g|= 0.0126  |ddm|= 0.251
    CPU time for cycle= 3      0.03 sec, wall time      0.04 sec
diis-norm(errvec)=0.0241826
diis-c [ -2.13288520e-04  -9.34733131e-03   1.50741591e-01   8.58605740e-01]
  HOMO = -0.124664189683175  LUMO = 0.0015381903862344
  mo_energy =
[ -1.56707862e+00  -1.56668786e+00  -8.02348428e-01  -7.99018190e-01
  -7.99018190e-01  -7.98023728e-01  -7.98023728e-01  -7.95542256e-01
  -1.24664190e-01   1.53819039e-03   2.01241224e-02   2.01241224e-02
   2.61256409e-02   2.61256409e-02   2.63035630e-02   3.45716856e-02
   3.48685043e-02   3.85229978e-02   3.85229978e-02   4.66477713e-02
   4.66477713e-02   4.88503794e-02   4.88503794e-02   6.70715274e-02
   6.70715274e-02   8.16107719e-02   8.85051718e-02   9.50326356e-02
   1.12575206e-01   1.12575206e-01   1.26141329e-01   1.26141329e-01
   1.31172915e-01   1.31172915e-01   1.31588645e-01   1.50370504e-01
   1.50370504e-01   1.50437304e-01   1.50437304e-01   1.61351809e-01
   1.71395229e-01   1.99605727e-01   1.99605727e-01   2.83843316e-01
   4.88956170e-01   4.88956170e-01   4.89811729e-01   4.89811729e-01
   4.94437526e-01   4.94437526e-01   5.01341371e-01   5.05235142e-01
   5.05235142e-01   5.16714238e-01   7.23985428e-01   7.23985428e-01
   7.26067589e-01   7.62429463e-01   7.62429463e-01   7.66342474e-01
   9.48650333e-01   1.00401551e+00   2.22994869e+00   2.22994869e+00
   2.22994873e+00   2.22994873e+00   2.23012439e+00   2.23012439e+00
   2.23013007e+00   2.23013007e+00   2.23020452e+00   2.23020452e+00
   2.23021773e+00   2.23095943e+00   2.23095943e+00   2.23452249e+00
   1.31751163e+01   1.32331711e+01   3.94532569e+01   3.94740464e+01]
E_coul = 41.8613166221187
cycle= 4 E= -47.5979243333226  delta_E= -0.000159  |g|= 0.00356  |ddm|= 0.0899
    CPU time for cycle= 4      0.04 sec, wall time      0.04 sec
diis-norm(errvec)=0.00715199
diis-c [ -1.46920592e-05   6.89068420e-03  -1.21122665e-01  -3.86079532e-01
   1.50031151e+00]
  HOMO = -0.125716578349004  LUMO = 0.000620814390947879
  mo_energy =
[ -1.56976565e+00  -1.56937186e+00  -8.05225286e-01  -8.01673459e-01
  -8.01673459e-01  -8.00684771e-01  -8.00684771e-01  -7.98429167e-01
  -1.25716578e-01   6.20814391e-04   1.91014521e-02   1.91014521e-02
   2.57536730e-02   2.58557058e-02   2.58557058e-02   3.44609953e-02
   3.46097984e-02   3.83290978e-02   3.83290978e-02   4.62590812e-02
   4.62590812e-02   4.87374669e-02   4.87374669e-02   6.65303063e-02
   6.65303063e-02   8.08423535e-02   8.80328071e-02   9.41793046e-02
   1.11362414e-01   1.11362414e-01   1.24801564e-01   1.24801564e-01
   1.29776727e-01   1.29776727e-01   1.30437968e-01   1.49187677e-01
   1.49187677e-01   1.49463835e-01   1.49463835e-01   1.59760178e-01
   1.70208050e-01   1.98082431e-01   1.98082431e-01   2.82112092e-01
   4.86122598e-01   4.86122598e-01   4.87269063e-01   4.87269063e-01
   4.91933713e-01   4.91933713e-01   4.98634382e-01   5.02486676e-01
   5.02486676e-01   5.13743958e-01   7.21627008e-01   7.21627008e-01
   7.23739807e-01   7.60106060e-01   7.60106060e-01   7.63667561e-01
   9.45900016e-01   1.00144571e+00   2.22743558e+00   2.22743558e+00
   2.22743561e+00   2.22743561e+00   2.22753695e+00   2.22753695e+00
   2.22754353e+00   2.22754353e+00   2.22756969e+00   2.22756969e+00
   2.22756991e+00   2.22832870e+00   2.22832870e+00   2.23187620e+00
   1.31733161e+01   1.32313727e+01   3.94516544e+01   3.94724440e+01]
E_coul = 41.8390537722864
cycle= 5 E= -47.5979597951431  delta_E= -3.55e-05  |g|= 0.000652  |ddm|= 0.0661
    CPU time for cycle= 5      0.03 sec, wall time      0.04 sec
diis-norm(errvec)=0.00138399
diis-c [ -6.75337141e-07   3.28061783e-04  -4.04992074e-03  -2.40814165e-02
  -1.34141810e-01   1.16194509e+00]
  HOMO = -0.125854612694602  LUMO = 0.000468736140223751
  mo_energy =
[ -1.57065012e+00  -1.57025626e+00  -8.06110828e-01  -8.02525063e-01
  -8.02525063e-01  -8.01538638e-01  -8.01538638e-01  -7.99324172e-01
  -1.25854613e-01   4.68736140e-04   1.89435162e-02   1.89435162e-02
   2.56406103e-02   2.58014358e-02   2.58014358e-02   3.44486766e-02
   3.45474395e-02   3.83094774e-02   3.83094774e-02   4.61922432e-02
   4.61922432e-02   4.87202091e-02   4.87202091e-02   6.64384622e-02
   6.64384622e-02   8.06863668e-02   8.79400672e-02   9.40043511e-02
   1.11198658e-01   1.11198658e-01   1.24601517e-01   1.24601517e-01
   1.29524508e-01   1.29524508e-01   1.30257958e-01   1.48982874e-01
   1.48982874e-01   1.49283635e-01   1.49283635e-01   1.59487263e-01
   1.69968687e-01   1.97847087e-01   1.97847087e-01   2.81830876e-01
   4.85455105e-01   4.85455105e-01   4.86658447e-01   4.86658447e-01
   4.91330179e-01   4.91330179e-01   4.97992735e-01   5.01834433e-01
   5.01834433e-01   5.13049271e-01   7.21095913e-01   7.21095913e-01
   7.23154077e-01   7.59575962e-01   7.59575962e-01   7.63038882e-01
   9.45255411e-01   1.00081124e+00   2.22650654e+00   2.22650654e+00
   2.22650657e+00   2.22650657e+00   2.22659174e+00   2.22659174e+00
   2.22659831e+00   2.22659831e+00   2.22661129e+00   2.22661438e+00
   2.22661438e+00   2.22737365e+00   2.22737365e+00   2.23091860e+00
   1.31720456e+01   1.32301026e+01   3.94502704e+01   3.94710601e+01]
E_coul = 41.8362674608187
cycle= 6 E= -47.5979606808818  delta_E= -8.86e-07  |g|= 0.000126  |ddm|= 0.00855
    CPU time for cycle= 6      0.04 sec, wall time      0.04 sec
diis-norm(errvec)=0.00019607
diis-c [ -1.19568945e-08  -1.77739111e-04   3.95731126e-03   1.10776354e-02
  -1.12985921e-02  -1.73371193e-01   1.16981258e+00]
  HOMO = -0.125820116691295  LUMO = 0.00049590940039538
  mo_energy =
[ -1.57053952e+00  -1.57014568e+00  -8.06013065e-01  -8.02428155e-01
  -8.02428155e-01  -8.01441682e-01  -8.01441682e-01  -7.99227310e-01
  -1.25820117e-01   4.95909400e-04   1.89647171e-02   1.89647171e-02
   2.56465494e-02   2.58042435e-02   2.58042435e-02   3.44537591e-02
   3.45452077e-02   3.83166986e-02   3.83166986e-02   4.61973433e-02
   4.61973433e-02   4.87232788e-02   4.87232788e-02   6.64495946e-02
   6.64495946e-02   8.06996644e-02   8.79500323e-02   9.40221098e-02
   1.11232408e-01   1.11232408e-01   1.24636949e-01   1.24636949e-01
   1.29553927e-01   1.29553927e-01   1.30285144e-01   1.49015455e-01
   1.49015455e-01   1.49303048e-01   1.49303048e-01   1.59524003e-01
   1.69989712e-01   1.97882553e-01   1.97882553e-01   2.81871650e-01
   4.85536291e-01   4.85536291e-01   4.86739798e-01   4.86739798e-01
   4.91410083e-01   4.91410083e-01   4.98068753e-01   5.01913965e-01
   5.01913965e-01   5.13131975e-01   7.21167579e-01   7.21167579e-01
   7.23221280e-01   7.59647069e-01   7.59647069e-01   7.63112411e-01
   9.45345243e-01   1.00089800e+00   2.22661657e+00   2.22661657e+00
   2.22661661e+00   2.22661661e+00   2.22670161e+00   2.22670161e+00
   2.22670819e+00   2.22670819e+00   2.22672110e+00   2.22672421e+00
   2.22672421e+00   2.22748345e+00   2.22748345e+00   2.23102824e+00
   1.31721691e+01   1.32302260e+01   3.94503969e+01   3.94711866e+01]
E_coul = 41.8366164156089
cycle= 7 E= -47.5979607119684  delta_E= -3.11e-08  |g|= 3.47e-05  |ddm|= 0.00222
    CPU time for cycle= 7      0.04 sec, wall time      0.04 sec
diis-norm(errvec)=6.08082e-05
diis-c [ -4.81037321e-10   8.62549937e-05  -2.23589357e-03  -7.95644745e-03
   4.38324799e-03   1.32218028e-01  -8.56712690e-01   1.73021750e+00]
  HOMO = -0.125812105836128  LUMO = 0.000507552945041871
  mo_energy =
[ -1.57050808e+00  -1.57011426e+00  -8.05980898e-01  -8.02395981e-01
  -8.02395981e-01  -8.01409414e-01  -8.01409414e-01  -7.99195262e-01
  -1.25812106e-01   5.07552945e-04   1.89746863e-02   1.89746863e-02
   2.56501053e-02   2.58060632e-02   2.58060632e-02   3.44568662e-02
   3.45448193e-02   3.83203504e-02   3.83203504e-02   4.62000716e-02
   4.62000716e-02   4.87249769e-02   4.87249769e-02   6.64550960e-02
   6.64550960e-02   8.07047980e-02   8.79553608e-02   9.40317664e-02
   1.11246735e-01   1.11246735e-01   1.24651958e-01   1.24651958e-01
   1.29566711e-01   1.29566711e-01   1.30296922e-01   1.49029452e-01
   1.49029452e-01   1.49311882e-01   1.49311882e-01   1.59539276e-01
   1.69998956e-01   1.97898286e-01   1.97898286e-01   2.81888522e-01
   4.85564979e-01   4.85564979e-01   4.86768227e-01   4.86768227e-01
   4.91438053e-01   4.91438053e-01   4.98095903e-01   5.01942164e-01
   5.01942164e-01   5.13161316e-01   7.21193331e-01   7.21193331e-01
   7.23244314e-01   7.59672514e-01   7.59672514e-01   7.63137938e-01
   9.45373973e-01   1.00092559e+00   2.22664848e+00   2.22664848e+00
   2.22664852e+00   2.22664852e+00   2.22673372e+00   2.22673372e+00
   2.22674030e+00   2.22674030e+00   2.22675338e+00   2.22675646e+00
   2.22675646e+00   2.22751567e+00   2.22751567e+00   2.23106050e+00
   1.31722017e+01   1.32302586e+01   3.94504305e+01   3.94712202e+01]
E_coul = 41.8367907508463
cycle= 8 E= -47.5979607151141  delta_E= -3.15e-09  |g|= 3.57e-06  |ddm|= 0.000874
    CPU time for cycle= 8      0.03 sec, wall time      0.04 sec
diis-norm(errvec)=7.26149e-06
diis-c [ -1.67473257e-11  -2.06027819e-05   5.59219056e-04   2.01326972e-03
  -1.30554064e-03  -3.15448729e-02   2.08037213e-01  -4.94564082e-01
   1.31682540e+00]
  HOMO = -0.125810888513336  LUMO = 0.000508115505923199
  mo_energy =
[ -1.57050673e+00  -1.57011292e+00  -8.05979568e-01  -8.02394732e-01
  -8.02394732e-01  -8.01408155e-01  -8.01408155e-01  -7.99193921e-01
  -1.25810889e-01   5.08115506e-04   1.89750821e-02   1.89750821e-02
   2.56498516e-02   2.58059800e-02   2.58059800e-02   3.44566288e-02
   3.45446889e-02   3.83206216e-02   3.83206216e-02   4.62000482e-02
   4.62000482e-02   4.87250141e-02   4.87250141e-02   6.64552405e-02
   6.64552405e-02   8.07048166e-02   8.79553809e-02   9.40315687e-02
   1.11247395e-01   1.11247395e-01   1.24652490e-01   1.24652490e-01
   1.29566793e-01   1.29566793e-01   1.30297175e-01   1.49029802e-01
   1.49029802e-01   1.49311862e-01   1.49311862e-01   1.59539558e-01
   1.69998879e-01   1.97898797e-01   1.97898797e-01   2.81888883e-01
   4.85565865e-01   4.85565865e-01   4.86769141e-01   4.86769141e-01
   4.91438933e-01   4.91438933e-01   4.98096702e-01   5.01943040e-01
   5.01943040e-01   5.13162224e-01   7.21194137e-01   7.21194137e-01
   7.23244923e-01   7.59673287e-01   7.59673287e-01   7.63138667e-01
   9.45375121e-01   1.00092663e+00   2.22664984e+00   2.22664984e+00
   2.22664988e+00   2.22664988e+00   2.22673514e+00   2.22673514e+00
   2.22674171e+00   2.22674171e+00   2.22675483e+00   2.22675790e+00
   2.22675790e+00   2.22751711e+00   2.22751711e+00   2.23106195e+00
   1.31722037e+01   1.32302605e+01   3.94504325e+01   3.94712222e+01]
E_coul = 41.8368021485094
cycle= 9 E= -47.5979607151389  delta_E= -2.48e-11  |g|= 1.24e-06  |ddm|= 3.71e-05
    CPU time for cycle= 9      0.04 sec, wall time      0.04 sec
  HOMO = -0.12581108285224  LUMO = 0.000508046824066853
  mo_energy =
[ -1.57050704e+00  -1.57011322e+00  -8.05979861e-01  -8.02395037e-01
  -8.02395037e-01  -8.01408462e-01  -8.01408462e-01  -7.99194224e-01
  -1.25811083e-01   5.08046824e-04   1.89750486e-02   1.89750486e-02
   2.56497814e-02   2.58059533e-02   2.58059533e-02   3.44566931e-02
   3.45446944e-02   3.83206536e-02   3.83206536e-02   4.62000395e-02
   4.62000395e-02   4.87250118e-02   4.87250118e-02   6.64552234e-02
   6.64552234e-02   8.07048278e-02   8.79553742e-02   9.40316647e-02
   1.11247451e-01   1.11247451e-01   1.24652486e-01   1.24652486e-01
   1.29566703e-01   1.29566703e-01   1.30297177e-01   1.49029763e-01
   1.49029763e-01   1.49311778e-01   1.49311778e-01   1.59539493e-01
   1.69998792e-01   1.97898801e-01   1.97898801e-01   2.81888843e-01
   4.85565645e-01   4.85565645e-01   4.86768930e-01   4.86768930e-01
   4.91438720e-01   4.91438720e-01   4.98096493e-01   5.01942824e-01
   5.01942824e-01   5.13161998e-01   7.21193993e-01   7.21193993e-01
   7.23244716e-01   7.59673131e-01   7.59673131e-01   7.63138461e-01
   9.45374985e-01   1.00092648e+00   2.22664952e+00   2.22664952e+00
   2.22664956e+00   2.22664956e+00   2.22673481e+00   2.22673481e+00
   2.22674138e+00   2.22674138e+00   2.22675450e+00   2.22675757e+00
   2.22675757e+00   2.22751678e+00   2.22751678e+00   2.23106162e+00
   1.31722032e+01   1.32302601e+01   3.94504321e+01   3.94712218e+01]
E_coul = 41.8367997809293
Extra cycle  E= -47.5979607151426  delta_E= -3.68e-12  |g|= 4.89e-07  |ddm|= 2.42e-05
    CPU time for scf_cycle      0.76 sec, wall time      0.78 sec
    CPU time for SCF      0.76 sec, wall time      0.97 sec
converged SCF energy = -47.5979607151426
RHF E = -47.5979607151
RHF eps = [ -1.57050704e+00  -1.57011322e+00  -8.05979861e-01  -8.02395037e-01
  -8.02395037e-01  -8.01408462e-01  -8.01408462e-01  -7.99194224e-01
  -1.25811083e-01   5.08046824e-04   1.89750486e-02   1.89750486e-02
   2.56497814e-02   2.58059533e-02   2.58059533e-02   3.44566931e-02
   3.45446944e-02   3.83206536e-02   3.83206536e-02   4.62000395e-02
   4.62000395e-02   4.87250118e-02   4.87250118e-02   6.64552234e-02
   6.64552234e-02   8.07048278e-02   8.79553742e-02   9.40316647e-02
   1.11247451e-01   1.11247451e-01   1.24652486e-01   1.24652486e-01
   1.29566703e-01   1.29566703e-01   1.30297177e-01   1.49029763e-01
   1.49029763e-01   1.49311778e-01   1.49311778e-01   1.59539493e-01
   1.69998792e-01   1.97898801e-01   1.97898801e-01   2.81888843e-01
   4.85565645e-01   4.85565645e-01   4.86768930e-01   4.86768930e-01
   4.91438720e-01   4.91438720e-01   4.98096493e-01   5.01942824e-01
   5.01942824e-01   5.13161998e-01   7.21193993e-01   7.21193993e-01
   7.23244716e-01   7.59673131e-01   7.59673131e-01   7.63138461e-01
   9.45374985e-01   1.00092648e+00   2.22664952e+00   2.22664952e+00
   2.22664956e+00   2.22664956e+00   2.22673481e+00   2.22673481e+00
   2.22674138e+00   2.22674138e+00   2.22675450e+00   2.22675757e+00
   2.22675757e+00   2.22751678e+00   2.22751678e+00   2.23106162e+00
   1.31722032e+01   1.32302601e+01   3.94504321e+01   3.94712218e+01]
    CPU time for GW integral transformation      5.60 sec, wall time      5.61 sec

******** <class 'pyscf.gw.gf2.GF2'> flags ********
method = GF2
GF2 nocc = 9, nvir = 71
use perturbative linearized QP eqn = False
use diagonal approximation for sigma = True
  HOMO = -0.141187094958502  LUMO = -0.0154824176726744
  GW mo_energy =
[ -1.43348247e+00  -1.43232250e+00  -7.41726181e-01  -7.39178591e-01
  -7.39178591e-01  -7.38210866e-01  -7.38210866e-01  -7.35634720e-01
  -1.41187095e-01  -1.54824177e-02   5.92250544e-03   5.92250544e-03
   1.49895079e-02   1.89692380e-02   1.89692380e-02   2.53000730e-02
   2.98356247e-02   3.24048836e-02   3.24048836e-02   3.95018868e-02
   3.95018868e-02   4.48605730e-02   4.48605730e-02   5.27820645e-02
   5.27820645e-02   6.08535262e-02   7.30930425e-02   7.08225762e-02
   8.86150342e-02   8.86150342e-02   1.00994568e-01   1.00994568e-01
   1.02920244e-01   1.02920244e-01   1.29655279e-01   1.23992438e-01
   1.23992438e-01   1.25775149e-01   1.25775149e-01   1.31340667e-01
   1.42152265e-01   1.78105490e-01   1.78105490e-01   2.61044763e-01
   4.38237240e-01   4.38237240e-01   4.39311051e-01   4.39311051e-01
   4.46858350e-01   4.46858350e-01   4.58090540e-01   4.53856018e-01
   4.53856018e-01   4.66556828e-01   6.75604939e-01   6.75604939e-01
   6.84792999e-01   7.16024683e-01   7.16024683e-01   7.30271010e-01
   8.50624721e-01   1.00145147e+00   2.19178387e+00   2.19178387e+00
   2.17614194e+00   2.17614194e+00   2.15934745e+00   2.15934745e+00
   2.19294888e+00   2.19294888e+00   2.15933519e+00   2.15857712e+00
   2.15857712e+00   2.16224008e+00   2.16224008e+00   2.17197335e+00
   1.30178743e+01   1.30664638e+01   3.92636185e+01   3.92810312e+01]
    CPU time for GF2      1.13 sec, wall time      1.14 sec
    CPU time for GW integral transformation      5.34 sec, wall time      5.34 sec

******** <class 'pyscf.gw.gf2.GF2'> flags ********
method = GF2
GF2 nocc = 9, nvir = 71
use perturbative linearized QP eqn = False
use diagonal approximation for sigma = True
  HOMO = -0.141187094958502  LUMO = -0.0154824176726744
  GW mo_energy =
[ 0.          0.          0.          0.          0.          0.          0.
  0.         -0.14118709 -0.01548242  0.          0.          0.          0.
  0.          0.          0.          0.          0.          0.          0.
  0.          0.          0.          0.          0.          0.          0.
  0.          0.          0.          0.          0.          0.          0.
  0.          0.          0.          0.          0.          0.          0.
  0.          0.          0.          0.          0.          0.          0.
  0.          0.          0.          0.          0.          0.          0.
  0.          0.          0.          0.          0.          0.          0.
  0.          0.          0.          0.          0.          0.          0.
  0.          0.          0.          0.          0.          0.          0.
  0.          0.          0.        ]
    CPU time for GF2      0.02 sec, wall time      0.02 sec
IP root 0 E =  -0.141187094959
EA root 0 E =  -0.0154824176727
