

******** <class 'pyscf.scf.hf.RHF'> flags ********
method = RHF
initial guess = minao
damping factor = 0
level shift factor = 0
DIIS = <class 'pyscf.scf.diis.CDIIS'>
DIIS start cycle = 1
DIIS space = 8
SCF tol = 1e-09
SCF gradient tol = None
max. SCF cycles = 50
direct_scf = True
direct_scf_tol = 1e-13
chkfile to save SCF result = /tmp/tmpLzEevY
max_memory 4000 MB (current use 76 MB)
Set gradient conv threshold to 3.16228e-05
Nelec from initial guess = 81.9970765847
cond(S) = 4742.56512915
    CPU time for vj and vk     50.18 sec, wall time     50.19 sec
E_coul = 1013.6434829681
init E= -1450.98647464601
    CPU time for initialize scf     50.37 sec, wall time     50.54 sec
  HOMO = -0.239525634874771  LUMO = 0.0392306848668596
  mo_energy =
[ -6.87347305e+01  -6.87346958e+01  -6.87346946e+01  -6.87336938e+01
  -6.87336932e+01  -6.12909766e+00  -6.12824943e+00  -6.12734209e+00
  -6.12671717e+00  -6.12662182e+00  -4.21561596e+00  -4.21546634e+00
  -4.21542096e+00  -4.21540603e+00  -4.21528350e+00  -4.21511749e+00
  -4.21500414e+00  -4.21438746e+00  -4.21431300e+00  -4.21430767e+00
  -4.21430690e+00  -4.21426667e+00  -4.21389615e+00  -4.21326227e+00
  -4.21321353e+00  -9.80673528e-01  -9.11767105e-01  -8.16342054e-01
  -7.22254879e-01  -6.71915579e-01  -4.57362406e-01  -4.27278307e-01
  -4.13662035e-01  -4.04341803e-01  -3.94607984e-01  -3.72346293e-01
  -3.62990518e-01  -3.28009597e-01  -3.27808246e-01  -3.04399027e-01
  -2.39525635e-01   3.92306849e-02   6.77383299e-02   7.03511790e-02
   7.48853891e-02   8.19745853e-02   9.80804635e-02   9.97990701e-02
   1.02050040e-01   1.11431083e-01   1.24005797e-01   1.30158528e-01
   1.32022334e-01   1.43165382e-01   1.55307036e-01   1.73788401e-01
   1.88262408e-01   2.14951942e-01   2.41891975e-01   2.42946688e-01
   2.44363906e-01   2.45700451e-01   2.57703717e-01   2.60649240e-01
   2.74580782e-01   2.81727394e-01   2.84130522e-01   2.96803141e-01
   3.05514660e-01   3.15279413e-01   3.16813749e-01   3.20479411e-01
   3.38670146e-01   3.40831652e-01   3.84733984e-01   3.97600102e-01
   4.00739395e-01   4.07697027e-01   4.08239026e-01   4.13149530e-01
   4.20168249e-01   4.25007544e-01   4.32285933e-01   4.44141599e-01
   4.60154838e-01   4.61334225e-01   4.63568517e-01   4.68998160e-01
   4.85405681e-01   4.95044521e-01   4.99532065e-01   4.99722789e-01
   5.12369508e-01   5.27847193e-01   5.43711076e-01   5.45409675e-01
   5.78429547e-01   5.89534844e-01   5.93342071e-01   5.94465951e-01
   6.09650285e-01   6.33811246e-01   6.50450307e-01   6.57420616e-01
   6.65874029e-01   6.92032209e-01   7.16152050e-01   7.81422474e-01
   7.82857387e-01   8.14020665e-01   8.19886473e-01   8.21261781e-01
   8.22928241e-01   8.27936326e-01   8.37540193e-01   8.38355683e-01
   9.13216518e-01   9.14406690e-01   9.16648102e-01   9.32186611e-01
   9.34494822e-01   9.40886382e-01   9.53928121e-01   9.55206284e-01
   9.82489579e-01   9.90871019e-01   9.91306983e-01   1.01551763e+00
   1.02024979e+00   1.02741642e+00   1.06612026e+00   1.06715276e+00
   1.07550352e+00   1.09387520e+00   1.10582596e+00   1.11692068e+00
   1.12384600e+00   1.14030769e+00   1.14752302e+00   1.15881447e+00
   1.16359191e+00   1.19058398e+00   1.19421735e+00   1.20204886e+00
   1.20940051e+00   1.21363674e+00   1.22436582e+00   1.23039004e+00
   1.23430409e+00   1.23525590e+00   1.25213382e+00   1.25249848e+00
   1.27528471e+00   1.28806431e+00   1.29444635e+00   1.30024424e+00
   1.31382932e+00   1.31596842e+00   1.32834682e+00   1.33579981e+00
   1.34525156e+00   1.37672536e+00   1.38936712e+00   1.40610939e+00
   1.40848951e+00   1.41662011e+00   1.41907706e+00   1.42720379e+00
   1.44473016e+00   1.45405335e+00   1.45607593e+00   1.45852052e+00
   1.46907339e+00   1.49221715e+00   1.49953091e+00   1.50203263e+00
   1.50613913e+00   1.51543575e+00   1.52827870e+00   1.53875968e+00
   1.53931951e+00   1.55158983e+00   1.55887079e+00   1.57724763e+00
   1.58758043e+00   1.58825932e+00   1.59616022e+00   1.60615001e+00
   1.61671892e+00   1.62949019e+00   1.63240072e+00   1.66435711e+00
   1.66556010e+00   1.68279867e+00   1.68765428e+00   1.68938380e+00
   1.70848208e+00   1.70977719e+00   1.71019599e+00   1.71194438e+00
   1.71630343e+00   1.74278990e+00   1.75574372e+00   1.75590105e+00
   1.75712290e+00   1.78014093e+00   1.78913133e+00   1.79369543e+00
   1.84484432e+00   1.87045632e+00   1.87630574e+00   1.87899623e+00
   1.90854803e+00   1.92863257e+00   1.93861959e+00   1.94859092e+00
   1.96746527e+00   1.98499354e+00   2.03448004e+00   2.04252811e+00
   2.05737168e+00   2.09395241e+00   2.18054360e+00   2.23747077e+00
   2.26642409e+00   2.82517066e+00   2.91312229e+00   2.94445478e+00
   2.96757960e+00   2.98500806e+00   2.99457258e+00   3.00737114e+00
   3.04533919e+00   3.08385982e+00   3.09140324e+00   3.18768122e+00
   3.19077717e+00   3.39188360e+00   3.39310101e+00   3.43233112e+00
   3.43645786e+00   3.44556625e+00   3.44584703e+00   3.45094277e+00
   3.46593498e+00   3.48244190e+00   3.49165997e+00   3.50767017e+00
   3.55006588e+00   3.55703600e+00   3.55797396e+00   3.56854559e+00
   3.58773654e+00   3.58839681e+00   3.59170399e+00   3.59423238e+00
   3.60190014e+00   3.60710753e+00   3.63870700e+00   3.64704437e+00
   3.64898663e+00   3.73308652e+00   3.73668015e+00   3.73809099e+00
   3.73866108e+00   3.74951220e+00   3.76541589e+00   3.76878277e+00
   3.78432656e+00   3.79217062e+00   3.79767425e+00   3.80162155e+00
   3.80893106e+00   3.82564787e+00   3.83735590e+00   3.85399398e+00
   3.85691577e+00   3.86484193e+00   3.87577650e+00   3.87665561e+00
   3.87982833e+00   3.89933697e+00   3.92462355e+00   3.92907939e+00
   3.94401821e+00   3.96753495e+00   3.96983510e+00   4.00898733e+00
   4.02460017e+00   4.03219294e+00   4.06211726e+00   4.06224349e+00
   4.06614558e+00   4.06646753e+00   4.06765951e+00   4.07202287e+00
   4.07441149e+00   4.14204692e+00   4.14541802e+00   4.18301807e+00
   4.18393625e+00   4.19792178e+00   4.19934512e+00   4.20253570e+00
   4.22733316e+00   4.23384436e+00   4.23451927e+00   4.24985196e+00
   4.26383370e+00   4.27871032e+00   4.31411693e+00   4.33834815e+00
   4.35178546e+00   4.36511963e+00   4.36856996e+00   4.38627482e+00
   4.38875416e+00   4.40300298e+00   4.40632254e+00   4.40823016e+00
   4.44102006e+00   4.67918135e+00   4.68726290e+00   4.70172019e+00
   4.72422054e+00   4.72556994e+00   4.79893616e+00   4.80722080e+00
   4.80766196e+00   4.80842421e+00   4.81940485e+00   4.82134601e+00
   4.82712312e+00   4.85664870e+00   4.90782920e+00   4.97146055e+00
   4.99676869e+00   5.00006986e+00   5.00850896e+00   5.02178028e+00
   5.02464171e+00   5.05266787e+00   5.05686591e+00   5.05820819e+00
   5.06833570e+00   5.06908642e+00   5.12054883e+00   5.38926276e+00
   5.42094222e+00   5.43314494e+00   5.44209264e+00   5.48277903e+00
   5.59461201e+00   5.64401009e+00   5.68732452e+00   5.68911268e+00
   5.69198909e+00   5.69277468e+00   6.96559217e+00   6.99995336e+00
   7.03875274e+00   7.05196890e+00   7.07301690e+00   7.08613998e+00
   7.12240045e+00   7.12265845e+00   7.26240320e+00   7.26779930e+00
   7.29675163e+00   7.29951946e+00   7.30386722e+00   7.34922104e+00
   7.37761782e+00   1.20843069e+01   1.21939020e+01   1.22144553e+01
   1.25456126e+01   1.25535776e+01]
    CPU time for vj and vk     52.47 sec, wall time     52.48 sec
E_coul = 1009.62796513746
cycle= 1 E= -1451.60477911785  delta_E= -0.618  |g|= 0.372  |ddm|= 2.83
    CPU time for cycle= 1     52.55 sec, wall time     52.56 sec
diis-norm(errvec)=1.29329
diis-c [-1.67260505  1.        ]
  HOMO = -0.378508234860363  LUMO = 0.0508273964235776
  mo_energy =
[ -6.88416749e+01  -6.88382463e+01  -6.88382317e+01  -6.88317851e+01
  -6.88317709e+01  -6.18165529e+00  -6.17845310e+00  -6.17843885e+00
  -6.17115805e+00  -6.17114371e+00  -4.28618786e+00  -4.28562282e+00
  -4.28554101e+00  -4.28287018e+00  -4.28285397e+00  -4.28246813e+00
  -4.28245123e+00  -4.28235654e+00  -4.28234263e+00  -4.27573409e+00
  -4.27571953e+00  -4.27539489e+00  -4.27538053e+00  -4.27537083e+00
  -4.27535660e+00  -8.13306089e-01  -7.81162020e-01  -7.37627659e-01
  -6.90799663e-01  -6.63284629e-01  -5.32872236e-01  -5.14687274e-01
  -5.03028969e-01  -4.98530337e-01  -4.96878144e-01  -4.83488972e-01
  -4.79761066e-01  -4.48458791e-01  -4.44238684e-01  -4.32912289e-01
  -3.78508235e-01   5.08273964e-02   8.44160991e-02   8.55411734e-02
   9.32600856e-02   9.71631780e-02   1.10783097e-01   1.11745405e-01
   1.21213871e-01   1.30770093e-01   1.34860494e-01   1.40620390e-01
   1.51460581e-01   1.52784036e-01   1.82724226e-01   1.85205118e-01
   1.90512973e-01   2.10438864e-01   2.33039767e-01   2.40701778e-01
   2.41251875e-01   2.46791898e-01   2.52145377e-01   2.64200393e-01
   2.70612413e-01   2.74624115e-01   2.81920694e-01   2.87814445e-01
   3.07621720e-01   3.09482981e-01   3.10935542e-01   3.19331077e-01
   3.42677687e-01   3.47402365e-01   3.80678259e-01   3.98875871e-01
   4.02089116e-01   4.05748489e-01   4.05814163e-01   4.09920795e-01
   4.16527881e-01   4.27043750e-01   4.32789501e-01   4.46429324e-01
   4.54401923e-01   4.65996034e-01   4.67701211e-01   4.78016699e-01
   4.96592522e-01   4.97489202e-01   4.99181251e-01   5.04720210e-01
   5.08537957e-01   5.29623311e-01   5.38587302e-01   5.42405877e-01
   5.82361063e-01   5.89769885e-01   5.99887762e-01   6.00454907e-01
   6.09317621e-01   6.31545437e-01   6.53430598e-01   6.60469803e-01
   6.64593036e-01   6.93028180e-01   7.11877779e-01   7.81648593e-01
   7.87254523e-01   8.11310433e-01   8.23042802e-01   8.26410228e-01
   8.29316473e-01   8.30210142e-01   8.44097668e-01   8.47751332e-01
   9.15176891e-01   9.16233489e-01   9.17482402e-01   9.30989816e-01
   9.36756892e-01   9.40347838e-01   9.54317766e-01   9.56736413e-01
   9.77214095e-01   9.87325909e-01   9.88471336e-01   1.00651136e+00
   1.01987282e+00   1.02652895e+00   1.05790904e+00   1.06082886e+00
   1.06629854e+00   1.08481055e+00   1.10285985e+00   1.11110873e+00
   1.11457008e+00   1.13081795e+00   1.13974952e+00   1.14661611e+00
   1.15611998e+00   1.17981277e+00   1.18649592e+00   1.19347446e+00
   1.19641284e+00   1.20506047e+00   1.21582443e+00   1.22094058e+00
   1.22298052e+00   1.23365276e+00   1.24158316e+00   1.24819283e+00
   1.26213484e+00   1.27705554e+00   1.29240197e+00   1.29424101e+00
   1.30233271e+00   1.31161721e+00   1.31381953e+00   1.32792707e+00
   1.33284599e+00   1.36267269e+00   1.38284235e+00   1.39481865e+00
   1.39605916e+00   1.40349328e+00   1.40623480e+00   1.41678512e+00
   1.42985047e+00   1.44621787e+00   1.44838157e+00   1.44860671e+00
   1.46886537e+00   1.48104473e+00   1.49149140e+00   1.49171880e+00
   1.49724633e+00   1.51039522e+00   1.51948523e+00   1.52947187e+00
   1.52997346e+00   1.54274468e+00   1.54972170e+00   1.56949312e+00
   1.57662962e+00   1.58180256e+00   1.58277351e+00   1.59770047e+00
   1.60526772e+00   1.61774448e+00   1.62803289e+00   1.65558514e+00
   1.65966494e+00   1.68109231e+00   1.68219269e+00   1.68613546e+00
   1.69710215e+00   1.69854926e+00   1.70685981e+00   1.70769364e+00
   1.70887113e+00   1.73520346e+00   1.74508967e+00   1.74757222e+00
   1.74934872e+00   1.76844019e+00   1.77701063e+00   1.77950455e+00
   1.84016241e+00   1.86453256e+00   1.87343003e+00   1.87571863e+00
   1.89945762e+00   1.91740932e+00   1.92760611e+00   1.94065763e+00
   1.95065668e+00   1.97167473e+00   2.01619695e+00   2.02304825e+00
   2.03846303e+00   2.07509908e+00   2.16361470e+00   2.21632880e+00
   2.24265484e+00   2.85356978e+00   2.94400042e+00   2.97065209e+00
   2.99329286e+00   3.00915773e+00   3.02148144e+00   3.03461927e+00
   3.07378609e+00   3.10858864e+00   3.11698538e+00   3.20967654e+00
   3.21470678e+00   3.42058920e+00   3.42174557e+00   3.45684937e+00
   3.46205270e+00   3.47380276e+00   3.47408182e+00   3.47419611e+00
   3.49007300e+00   3.50546197e+00   3.51397473e+00   3.53067288e+00
   3.57174953e+00   3.57763311e+00   3.57909682e+00   3.59016303e+00
   3.61087658e+00   3.61100751e+00   3.61668640e+00   3.61927343e+00
   3.62891589e+00   3.63480130e+00   3.66191386e+00   3.66903921e+00
   3.66991430e+00   3.75688962e+00   3.76240766e+00   3.76329899e+00
   3.76345875e+00   3.77327195e+00   3.78561824e+00   3.79235825e+00
   3.80606151e+00   3.81859478e+00   3.82238490e+00   3.82674324e+00
   3.83501132e+00   3.84950330e+00   3.86010105e+00   3.87282925e+00
   3.87895465e+00   3.88967260e+00   3.89996874e+00   3.90275351e+00
   3.90600533e+00   3.92147079e+00   3.95511141e+00   3.96188655e+00
   3.97044141e+00   3.99594877e+00   3.99846150e+00   4.03062142e+00
   4.04292981e+00   4.05345216e+00   4.07918302e+00   4.08160300e+00
   4.08667338e+00   4.09041177e+00   4.09221960e+00   4.09559173e+00
   4.09730919e+00   4.16413598e+00   4.16782352e+00   4.19852961e+00
   4.20447832e+00   4.21858711e+00   4.21951306e+00   4.22541021e+00
   4.25012907e+00   4.25025765e+00   4.25055779e+00   4.27368684e+00
   4.28856411e+00   4.30104351e+00   4.33279250e+00   4.35415753e+00
   4.37152527e+00   4.38586891e+00   4.38719085e+00   4.40813925e+00
   4.41095523e+00   4.42715082e+00   4.42866977e+00   4.43034396e+00
   4.46018634e+00   4.69561048e+00   4.70187959e+00   4.71359793e+00
   4.73883198e+00   4.74052661e+00   4.80084820e+00   4.81064142e+00
   4.82095414e+00   4.82212474e+00   4.83075946e+00   4.83555648e+00
   4.84019306e+00   4.84038803e+00   4.86754623e+00   4.93374784e+00
   4.95529675e+00   4.95882372e+00   4.97107314e+00   4.97926205e+00
   4.98496903e+00   5.01949756e+00   5.02467810e+00   5.02835603e+00
   5.03169279e+00   5.03738454e+00   5.08356469e+00   5.34780670e+00
   5.37971136e+00   5.39606396e+00   5.40411066e+00   5.44535159e+00
   5.55907019e+00   5.60485201e+00   5.65634563e+00   5.65797787e+00
   5.66193879e+00   5.66264071e+00   6.90988342e+00   6.94878022e+00
   6.98855826e+00   6.99965402e+00   7.02079466e+00   7.03308166e+00
   7.06852606e+00   7.06870646e+00   7.21987168e+00   7.22963552e+00
   7.26138407e+00   7.26409889e+00   7.26702774e+00   7.31064109e+00
   7.33552850e+00   1.20372809e+01   1.21453829e+01   1.21682179e+01
   1.25050757e+01   1.25129290e+01]
    CPU time for vj and vk     50.72 sec, wall time     50.73 sec
E_coul = 1013.74249034225
cycle= 2 E= -1451.68055356414  delta_E= -0.0758  |g|= 0.119  |ddm|= 0.483
    CPU time for cycle= 2     50.80 sec, wall time     50.82 sec
diis-norm(errvec)=0.40738
diis-c [-0.13124783 -0.17656063  1.17656063]
  HOMO = -0.344692257633688  LUMO = 0.0908973253791112
  mo_energy =
[-68.74605955 -68.74605693 -68.73709088 -68.73708875 -68.73592757
  -6.10605432  -6.10605067  -6.0983924   -6.0983848   -6.09717085
  -4.2114942   -4.21149029  -4.21144671  -4.2114432   -4.21137809
  -4.21137457  -4.20365918  -4.20359725  -4.20357373  -4.20357146
  -4.20346301  -4.20345421  -4.20237879  -4.20228209  -4.20209046
  -0.7692701   -0.7440868   -0.70362715  -0.65960382  -0.63108454
  -0.50658446  -0.49323408  -0.48594088  -0.48322101  -0.47675144
  -0.46511588  -0.45909255  -0.41846164  -0.40933306  -0.4043706
  -0.34469226   0.09089733   0.1089122    0.11031393   0.12794163
   0.12818819   0.13102683   0.13538614   0.140954     0.15055512
   0.15200618   0.16098938   0.17051526   0.17338107   0.20286461
   0.20405582   0.2101231    0.22022543   0.24711862   0.25543482
   0.25670062   0.26647742   0.26958828   0.28194873   0.28290922
   0.29435681   0.29474691   0.30776118   0.32365852   0.33059771
   0.33188343   0.34339454   0.36966996   0.37057551   0.39739112
   0.41630426   0.42322673   0.42394632   0.42631276   0.42989167
   0.44250066   0.4455753    0.45076662   0.4662455    0.47506964
   0.48738346   0.49424538   0.49841294   0.51894987   0.52618912
   0.52793204   0.53153211   0.53377325   0.54786755   0.5630862
   0.56730955   0.59981179   0.62170664   0.6237269    0.62781318
   0.63429751   0.6539683    0.67616499   0.68569423   0.69405134
   0.71661336   0.73776679   0.80911833   0.81309313   0.83912579
   0.84501947   0.84564769   0.84764215   0.85748194   0.86476681
   0.86887175   0.93743987   0.93884564   0.94010526   0.95759253
   0.95770988   0.96760104   0.97968633   0.98037035   1.00563704
   1.01252672   1.01350332   1.03653032   1.04405684   1.05032967
   1.08513857   1.08998845   1.09766543   1.11750813   1.12791101
   1.13828085   1.14891506   1.16257157   1.16994502   1.18232992
   1.18756496   1.21451191   1.2185539    1.22570393   1.23298092
   1.23907174   1.24901461   1.25568301   1.25851055   1.25961609
   1.2771006    1.27899881   1.30217377   1.3099904    1.31519687
   1.32245892   1.33449377   1.33837341   1.3497163    1.35805296
   1.36665033   1.39844267   1.4090998    1.42733019   1.43355029
   1.44100651   1.44288986   1.45030373   1.46501026   1.47692869
   1.47774081   1.47874522   1.49202549   1.51364854   1.51941813
   1.52261221   1.52793708   1.53707043   1.55138214   1.55915592
   1.56282374   1.57436701   1.58217212   1.60094558   1.61015803
   1.61100136   1.61678936   1.62819468   1.63921671   1.65354672
   1.65578296   1.69057443   1.69231795   1.71096202   1.7156732
   1.71957125   1.73569962   1.73776446   1.73961777   1.74072245
   1.7436132    1.77119677   1.78002966   1.78163219   1.78638899
   1.80450207   1.80995808   1.81852648   1.87452497   1.89561877
   1.90621195   1.90679275   1.9392466    1.95589602   1.96765068
   1.97698453   1.99647736   2.01127595   2.05873767   2.07168016
   2.0865778    2.12171875   2.19887639   2.25522168   2.28524913
   2.8796825    2.96698841   2.99821138   3.01914926   3.03545583
   3.04571585   3.05714062   3.09494734   3.1338477    3.14212544
   3.23811588   3.24012919   3.44109139   3.44228055   3.48092818
   3.48492949   3.49376705   3.49401225   3.50023093   3.51557802
   3.53310814   3.5418075    3.55697682   3.5982633    3.60420838
   3.60725437   3.61641812   3.63726162   3.63765233   3.63974289
   3.64244461   3.6528446    3.65792397   3.68732076   3.69463818
   3.69744123   3.7866791    3.79036727   3.79496733   3.79520484
   3.8054266    3.82039188   3.82201523   3.84207498   3.84801344
   3.8533352    3.85742586   3.86512437   3.882868     3.89383479
   3.90552741   3.91240955   3.92217521   3.93075327   3.93163412
   3.93478173   3.95319207   3.9850167    3.98974834   4.00301729
   4.02915125   4.03137443   4.07069913   4.08575103   4.09268849
   4.11739854   4.11868031   4.12039285   4.12172645   4.12246981
   4.12727329   4.13070749   4.18616997   4.1888972    4.22583848
   4.22743006   4.24158727   4.24324609   4.2480122    4.27034587
   4.27653553   4.27655869   4.29499222   4.31047159   4.32254862
   4.35780072   4.38062277   4.39592423   4.41198969   4.41321158
   4.43087419   4.43377395   4.44782079   4.45050061   4.45237476
   4.48511719   4.72068538   4.72908671   4.74449915   4.7664081
   4.76922391   4.84095081   4.84362735   4.84812138   4.84931552
   4.8626205    4.86477561   4.86995419   4.8810697    4.92709954
   4.9935946    5.01680747   5.02278228   5.03020237   5.04222864
   5.04754186   5.07017861   5.07435477   5.07512095   5.08568573
   5.08752344   5.14256562   5.41290397   5.44539116   5.45562228
   5.46469799   5.50581561   5.6175415    5.66736896   5.70447372
   5.70643475   5.70946876   5.7102131    6.98074552   7.01155799
   7.05191045   7.06692612   7.09016423   7.09957332   7.13834797
   7.13888919   7.28394324   7.28642558   7.31254327   7.31532785
   7.32213411   7.36998489   7.40115413  12.10772594  12.21758185
  12.23708747  12.56108558  12.56911457]
    CPU time for vj and vk     49.43 sec, wall time     49.44 sec
E_coul = 1012.64021860368
cycle= 3 E= -1451.68925602723  delta_E= -0.0087  |g|= 0.0418  |ddm|= 0.208
    CPU time for cycle= 3     49.50 sec, wall time     49.53 sec
diis-norm(errvec)=0.124728
diis-c [-0.00504486 -0.09427196  0.06426951  1.03000245]
  HOMO = -0.360206336835325  LUMO = 0.0846305447811224
  mo_energy =
[-68.77560401 -68.7735915  -68.77358462 -68.77318379 -68.77317614
  -6.12532562  -6.12315105  -6.12314238  -6.1229455   -6.12293835
  -4.23147573  -4.23135449  -4.23133999  -4.22952348  -4.22951617
  -4.22919011  -4.22918286  -4.22918022  -4.22916242  -4.22911332
  -4.22910591  -4.22910301  -4.22908078  -4.22883008  -4.22882298
  -0.77824678  -0.74967714  -0.70876501  -0.66403273  -0.63665299
  -0.51259354  -0.49768139  -0.48850624  -0.4854701   -0.48198908
  -0.47028781  -0.46605442  -0.42920653  -0.42225099  -0.41470812
  -0.36020634   0.08463054   0.10517224   0.10586244   0.12076159
   0.12239112   0.12740481   0.13184474   0.13907318   0.1475699
   0.14960426   0.15798241   0.1681887    0.16948096   0.20103917
   0.2010509    0.20690271   0.21838105   0.24340323   0.25273986
   0.25371961   0.2639453    0.26464777   0.27971049   0.28016456
   0.29062041   0.29207198   0.3041713    0.32043517   0.32527697
   0.32694907   0.33901401   0.36431793   0.36449157   0.39350992
   0.41170793   0.4188984    0.41954199   0.4221286    0.42404035
   0.43645098   0.44223784   0.44764672   0.46227039   0.46947758
   0.48323772   0.48845235   0.49593724   0.51608627   0.51996628
   0.52106034   0.52594542   0.5281533    0.54430732   0.55785996
   0.55975155   0.59623164   0.61418656   0.61921996   0.62194259
   0.62821141   0.64889546   0.67151226   0.68049962   0.68710135
   0.71148054   0.73174297   0.80521732   0.80555752   0.83285856
   0.84253288   0.84349486   0.84545084   0.85135406   0.86188382
   0.86600582   0.93458357   0.93554093   0.93653896   0.95275975
   0.9550932    0.96216972   0.97507249   0.9765855    1.00005942
   1.00800817   1.00845673   1.02948402   1.04015671   1.04659942
   1.07935593   1.08452313   1.09017638   1.11008643   1.12320553
   1.13249636   1.14099012   1.15463275   1.16311051   1.17571839
   1.17744418   1.20651484   1.2120182    1.21867133   1.22373211
   1.23222192   1.24238073   1.24752465   1.25007849   1.2554822
   1.26830394   1.27280627   1.29229512   1.30302986   1.31135194
   1.3161323    1.32777755   1.33044296   1.34004245   1.35044214
   1.35811738   1.38886829   1.40346576   1.419855     1.42329137
   1.43125443   1.43767766   1.43834099   1.45548691   1.46975091
   1.47167937   1.47178893   1.48836977   1.50549253   1.51340546
   1.514748     1.52058069   1.53139754   1.54383982   1.55274939
   1.55513102   1.56697346   1.57408039   1.59404343   1.60250336
   1.60515736   1.60762766   1.62132177   1.63103682   1.64449519
   1.6512993    1.68246313   1.68476145   1.70587114   1.70828683
   1.71298732   1.72633287   1.72788012   1.73331383   1.73372866
   1.73533421   1.76275085   1.77235677   1.77317748   1.77729041
   1.79574033   1.80183048   1.80743697   1.86788715   1.88925299
   1.90024844   1.90105043   1.92951336   1.94672018   1.95709237
   1.96848899   1.98469437   2.00173732   2.04802588   2.05893017
   2.07329849   2.10869532   2.18971309   2.24424839   2.2725583
   2.88123023   2.96967805   2.99844158   3.02067747   3.03599291
   3.04727077   3.06001616   3.09818742   3.13492472   3.14327889
   3.23762595   3.2413231    3.4440635    3.44522142   3.48201765
   3.48651915   3.49701103   3.49727159   3.5002344    3.51642965
   3.53313694   3.54153111   3.55749419   3.59826214   3.60487906
   3.60618941   3.61609869   3.63775818   3.63810598   3.64174169
   3.64446135   3.65481569   3.66023253   3.68810287   3.69561163
   3.69623529   3.78742973   3.79181235   3.79480102   3.79488659
   3.80468295   3.81786845   3.82225198   3.83972347   3.84862422
   3.85377416   3.85605643   3.86505848   3.88207811   3.89213838
   3.90366209   3.91050019   3.92150089   3.93098239   3.9321737
   3.93570224   3.95231161   3.98614102   3.99197621   4.00242092
   4.02972729   4.03214283   4.0677725    4.08124987   4.09032118
   4.11569036   4.11630444   4.12081238   4.12196643   4.12354147
   4.12766514   4.13013647   4.18873439   4.19165768   4.22637515
   4.2276902    4.243088     4.24512382   4.2507872    4.27411933
   4.27684715   4.27691085   4.2981619    4.31348226   4.32504193
   4.35875823   4.38094346   4.39781249   4.4130598    4.41408232
   4.43342909   4.43595153   4.45114628   4.45353635   4.4546753
   4.48636335   4.72191347   4.72948554   4.74311352   4.76671806
   4.76854292   4.83804668   4.83977162   4.84894102   4.84922355
   4.86134793   4.86328855   4.86930464   4.87171374   4.91048011
   4.97692073   4.99937185   5.00386982   5.01405715   5.02406293
   5.0289705    5.05854546   5.06240036   5.06500091   5.07237191
   5.07471106   5.12604605   5.39460199   5.42636827   5.43989965
   5.44854893   5.48832549   5.60142241   5.64856808   5.69348104
   5.69527051   5.6987688    5.69948524   6.95847049   6.99392539
   7.03381534   7.04625125   7.06879835   7.07962934   7.11643499
   7.11669683   7.26525186   7.27180691   7.30085255   7.30358989
   7.30803391   7.35388663   7.38138019  12.0866712   12.19489442
  12.21700967  12.54740279  12.55534163]
    CPU time for vj and vk     47.55 sec, wall time     47.55 sec
E_coul = 1013.02274040053
cycle= 4 E= -1451.69001636465  delta_E= -0.00076  |g|= 0.00693  |ddm|= 0.0492
    CPU time for cycle= 4     47.63 sec, wall time     47.63 sec
diis-norm(errvec)=0.0217923
diis-c [ -3.05102229e-04   1.17253325e-02  -4.57526515e-02  -5.97485088e-02
   1.09377583e+00]
  HOMO = -0.360771478409359  LUMO = 0.0847158707213033
  mo_energy =
[-68.77496464 -68.77495844 -68.77138402 -68.77111791 -68.77111159
  -6.12540731  -6.12540057  -6.12321081  -6.12286295  -6.12283162
  -4.23159534  -4.23158829  -4.23151079  -4.23150416  -4.23148287
  -4.23147627  -4.22940262  -4.22924545  -4.22910632  -4.22878657
  -4.22877499  -4.22873579  -4.22872888  -4.22864414  -4.22853635
  -0.77819881  -0.75043824  -0.70931507  -0.66469508  -0.6368406
  -0.51262358  -0.49824383  -0.48966741  -0.48670695  -0.48237227
  -0.47095864  -0.46632811  -0.42954849  -0.4220073   -0.41544591
  -0.36077148   0.08471587   0.10489868   0.10574877   0.12101915
   0.12209051   0.12727683   0.13127484   0.13854103   0.14710638
   0.14898927   0.15755453   0.16794207   0.16892121   0.20054846
   0.20087751   0.2066318    0.21793469   0.24351714   0.25238943
   0.2533105    0.26364937   0.26455479   0.27918993   0.2799024
   0.2902346    0.29185011   0.30397544   0.32046117   0.32514261
   0.32650937   0.33845346   0.36417942   0.36429146   0.39300796
   0.41182567   0.41863843   0.41907487   0.4220406    0.423689
   0.43595084   0.4415949    0.44691108   0.46186674   0.46947762
   0.48269707   0.48802696   0.49518996   0.51535542   0.51964069
   0.5209119    0.52561874   0.52785566   0.54376802   0.55764487
   0.55951295   0.59568288   0.61372149   0.61880274   0.62165396
   0.62775683   0.64831825   0.67086708   0.67976592   0.68698474
   0.71088809   0.73095518   0.80461679   0.80521696   0.83209632
   0.84197241   0.8429146    0.84461502   0.85092657   0.86145926
   0.86539088   0.93401745   0.93485202   0.93639857   0.95232752
   0.95462171   0.96195663   0.9747414    0.97606576   0.99939507
   1.00742663   1.00792173   1.0290469    1.03946735   1.0456818
   1.07863637   1.08359376   1.08978995   1.10957477   1.12268775
   1.13190607   1.14053366   1.15433868   1.16254774   1.17555083
   1.17720995   1.2059042    1.21098446   1.21791569   1.22331649
   1.23101279   1.24105372   1.24710571   1.24923636   1.25478184
   1.26799264   1.27278764   1.29183417   1.30242657   1.31096819
   1.31544412   1.32789722   1.32970726   1.33952353   1.35030834
   1.35758302   1.38858537   1.40262288   1.41914955   1.4231276
   1.43058833   1.43747959   1.43796855   1.45511762   1.46907979
   1.47100535   1.47118186   1.48751929   1.50501552   1.51259996
   1.51452536   1.5202369    1.53102218   1.54327573   1.55178303
   1.55457219   1.5664388    1.57371355   1.59334017   1.60200005
   1.60418441   1.60682102   1.62040911   1.63040344   1.644105
   1.64988716   1.68190403   1.68461883   1.70520434   1.70773985
   1.71239766   1.72566505   1.7273518    1.73325541   1.73333326
   1.73512179   1.76225123   1.77195019   1.7722933    1.77713494
   1.79484828   1.80094686   1.80755232   1.86687385   1.88813018
   1.89912752   1.89989522   1.9291672    1.9459211    1.95707622
   1.9678964    1.98426182   2.00085694   2.04727286   2.05874014
   2.07307857   2.10865739   2.18876254   2.24351737   2.27224562
   2.88075242   2.96901921   2.99838278   3.02011036   3.03569778
   3.04676027   3.05909613   3.09718198   3.13450617   3.14287854
   3.23764596   3.24082703   3.44317858   3.44434756   3.48164576
   3.48600829   3.49601195   3.49626654   3.50014348   3.51597033
   3.53282779   3.54135609   3.55705212   3.59805858   3.60441364
   3.60607999   3.61593588   3.63713375   3.6373983    3.64080283
   3.64348802   3.65389119   3.65922972   3.68762018   3.69510217
   3.69636485   3.78618288   3.79048147   3.7939362    3.79410273
   3.80397141   3.81769102   3.82131598   3.83932948   3.84779204
   3.85325383   3.85546966   3.86431665   3.88124292   3.89175846
   3.90326469   3.91027945   3.92078913   3.93025769   3.93090247
   3.93453682   3.95166303   3.98540493   3.99109122   4.00200922
   4.02847985   4.03082721   4.06739958   4.08117203   4.08956256
   4.11550652   4.11566608   4.12048009   4.12056458   4.12215863
   4.1267824    4.12950419   4.18815087   4.19112779   4.22670993
   4.22730199   4.24267062   4.24450757   4.25023379   4.27327197
   4.27629807   4.27632723   4.29769011   4.31314913   4.32468721
   4.35882071   4.38104842   4.39749284   4.41302867   4.41412337
   4.43299198   4.43557865   4.45046184   4.45295503   4.45418977
   4.48629789   4.7212536    4.72889935   4.74311693   4.76631271
   4.76857423   4.83743367   4.83953562   4.84799777   4.84850548
   4.86141681   4.86299042   4.86891603   4.87115963   4.91017127
   4.97693445   4.99912866   5.00431536   5.01362713   5.02427568
   5.02954642   5.056904     5.06078095   5.06296433   5.07144714
   5.07288411   5.12584935   5.39468473   5.42685059   5.43907961
   5.44784707   5.48856015   5.60112833   5.64931401   5.69153649
   5.69336672   5.69687204   5.69758694   6.95905302   6.99290665
   7.03299696   7.04643122   7.0689229    7.07934479   7.11688359
   7.11732152   7.26532736   7.27043293   7.29853326   7.30128703
   7.306575     7.3529635    7.38189132  12.08697443  12.19605852
  12.21684276  12.54521494  12.55317056]
    CPU time for vj and vk     44.76 sec, wall time     44.77 sec
E_coul = 1012.99296839221
cycle= 5 E= -1451.69004404649  delta_E= -2.77e-05  |g|= 0.00171  |ddm|= 0.00993
    CPU time for cycle= 5     44.85 sec, wall time     44.85 sec
diis-norm(errvec)=0.00556854
diis-c [ -1.42317943e-05   5.28747052e-03  -3.85363602e-03  -5.03511048e-02
  -8.39444284e-02   1.13286170e+00]
  HOMO = -0.3609039749166  LUMO = 0.0848334454458851
  mo_energy =
[-68.77383263 -68.77382631 -68.77245006 -68.77119149 -68.7711848
  -6.12451311  -6.12450633  -6.12385586  -6.12275068  -6.12273829
  -4.23066853  -4.23066147  -4.23057264  -4.23056595  -4.23054705
  -4.23054041  -4.22990535  -4.22979184  -4.22975501  -4.22865637
  -4.22864867  -4.22862394  -4.22857946  -4.2285709   -4.22854766
  -0.77825254  -0.75028633  -0.70929583  -0.66466449  -0.63692601
  -0.5126502   -0.49814178  -0.48944943  -0.48648465  -0.48234834
  -0.47089678  -0.4664016   -0.42951608  -0.42217927  -0.41532308
  -0.36090397   0.08483345   0.10488924   0.10567272   0.12088928
   0.12215494   0.12719547   0.13138618   0.13860966   0.14707868
   0.14904555   0.15760378   0.16790185   0.16896085   0.20053554
   0.2008305    0.20666939   0.217931     0.24346786   0.25240607
   0.25335552   0.26371743   0.26452177   0.27924999   0.27993472
   0.29025428   0.29184305   0.30399249   0.32042881   0.32515401
   0.32659662   0.33852801   0.36409459   0.36422349   0.39306937
   0.41178575   0.41863588   0.41915879   0.42205417   0.42368216
   0.43599264   0.44167816   0.44703087   0.46187301   0.46943801
   0.48272551   0.48804588   0.49524202   0.51542475   0.51960252
   0.5208593    0.52557886   0.52780653   0.54379177   0.55756905
   0.55945539   0.59567987   0.61375165   0.61876879   0.62161584
   0.62774562   0.64830902   0.67090695   0.67982494   0.68689039
   0.71089488   0.73102508   0.80464014   0.80520256   0.83217109
   0.84197436   0.84291244   0.84466711   0.85092075   0.86141535
   0.86541171   0.93403857   0.93490233   0.93631199   0.9523372
   0.95460221   0.96189668   0.97471383   0.97608044   0.99948843
   1.00745753   1.00796754   1.02903681   1.039561     1.04582183
   1.07874065   1.08375596   1.08978861   1.10962971   1.12270989
   1.13195164   1.14057219   1.15429564   1.16260165   1.17547078
   1.1772044    1.2059817    1.21119131   1.21803496   1.22331757
   1.23126501   1.24133766   1.24713513   1.24936554   1.2548854
   1.26800264   1.2727141    1.29189027   1.30248778   1.31093368
   1.3154685    1.32774204   1.32977807   1.33957884   1.35020228
   1.35764239   1.38853171   1.40273977   1.41919055   1.42304478
   1.43065457   1.4374656    1.43798027   1.45516711   1.4691723
   1.4711309    1.4712766    1.4876494    1.50505561   1.51274559
   1.51447953   1.52024529   1.53103877   1.54331701   1.55198103
   1.55462952   1.56647924   1.57369266   1.5934222    1.60200544
   1.60434694   1.60694311   1.6205562    1.63052093   1.64411956
   1.65014714   1.6819844    1.68456361   1.70531769   1.70777846
   1.71248509   1.725774     1.7274816    1.73321483   1.73332668
   1.73509003   1.76228873   1.77190501   1.77237167   1.7771245
   1.79495311   1.80104342   1.80734907   1.86706313   1.88828325
   1.8993392    1.90008729   1.92913109   1.94602613   1.95694451
   1.96793068   1.98432394   2.0010117    2.04743164   2.05875944
   2.07309536   2.10860157   2.18887497   2.24355891   2.27220357
   2.88072234   2.96901945   2.99825346   3.02009961   3.03562209
   3.04673184   3.05915624   3.09725593   3.13446067   3.14282355
   3.23749577   3.2408002    3.44320938   3.44437632   3.48158732
   3.4859804    3.49608278   3.49633858   3.50002054   3.51593437
   3.53275726   3.54124519   3.55700078   3.59797199   3.60438295
   3.60595701   3.61583125   3.63713967   3.63742593   3.64087706
   3.64356968   3.65392751   3.6592829    3.68757536   3.6950743
   3.6962012    3.78630975   3.79062234   3.79396356   3.79410913
   3.80395838   3.81753631   3.82136659   3.8392333    3.84781912
   3.85321259   3.85542248   3.86432095   3.88128087   3.89166876
   3.90321023   3.91014651   3.92079213   3.93027123   3.93102675
   3.93464508   3.95164296   3.98538521   3.99111483   4.00191259
   4.0286127    4.03097684   4.0673077    4.08099555   4.08958892
   4.11540177   4.11569241   4.12042268   4.12075588   4.12235367
   4.12686408   4.12950394   4.18817543   4.19114112   4.22653811
   4.22729497   4.24266821   4.24455375   4.25025978   4.27335487
   4.27633162   4.27636831   4.29769006   4.31312002   4.32467216
   4.35873652   4.38096114   4.39747391   4.41294948   4.41403303
   4.43299728   4.43556196   4.45050578   4.45298658   4.45420178
   4.48623157   4.72132599   4.72895704   4.74304293   4.76633324
   4.76847981   4.83755898   4.8395233    4.84816553   4.84858584
   4.8613376    4.86296817   4.86893515   4.87126509   4.91033597
   4.97694364   4.99929276   5.00420291   5.0138124    5.02425      5.02936558
   5.05739242   5.06124423   5.06357084   5.0717291    5.07343272
   5.12588091   5.39476784   5.42676556   5.43940093   5.44814544
   5.48848176   5.60125542   5.64904873   5.69210926   5.69392965
   5.69744395   5.69815857   6.9589989    6.99336855   7.03337553
   7.04644315   7.06902938   7.07957028   7.11685328   7.11720381
   7.26529356   7.2708736    7.29923494   7.30198331   7.30700897
   7.35325773   7.38168627  12.08692301  12.19566797  12.21697181
  12.54591403  12.55386834]
    CPU time for vj and vk     42.74 sec, wall time     42.75 sec
E_coul = 1012.98809866703
cycle= 6 E= -1451.69004617113  delta_E= -2.12e-06  |g|= 0.00042  |ddm|= 0.00389
    CPU time for cycle= 6     42.83 sec, wall time     42.84 sec
diis-norm(errvec)=0.00116986
diis-c [ -6.66500538e-07  -1.00136932e-04   1.33834998e-03  -6.12610333e-04
  -5.71013354e-02   8.64625690e-02   9.70013164e-01]
  HOMO = -0.360912219356354  LUMO = 0.0848703154252172
  mo_energy =
[-68.77410302 -68.77409675 -68.77208282 -68.7712092  -68.77120263
  -6.1246335   -6.12462676  -6.12357439  -6.12273906  -6.12272405
  -4.23078843  -4.23078141  -4.23069525  -4.2306886   -4.23066928
  -4.23066268  -4.22964964  -4.22951923  -4.22946392  -4.22864165
  -4.22863364  -4.22859612  -4.22856839  -4.22855524  -4.22850068
  -0.77822429  -0.75031462  -0.7092927   -0.6646645   -0.63689829
  -0.51261651  -0.49813822  -0.4894689   -0.48650666  -0.48232918
  -0.47089012  -0.46636978  -0.42950733  -0.42211764  -0.41534988
  -0.36091222   0.08487032   0.10490407   0.10568717   0.12094188
   0.1221547    0.12720992   0.13137728   0.13860102   0.14708364
   0.14904185   0.157603     0.16791115   0.16895984   0.20054513
   0.20084751   0.20667412   0.21794337   0.2434828    0.25241061
   0.25335047   0.2637075    0.26454176   0.2792506    0.27993876
   0.29026445   0.29185117   0.30400421   0.32044521   0.32516993
   0.32659546   0.33852001   0.36413191   0.36424309   0.39305972
   0.41180405   0.41864524   0.4191499    0.4220574    0.42369104
   0.43600213   0.44167167   0.44701437   0.46188322   0.46944814
   0.48273158   0.48805814   0.49524192   0.51541548   0.51962805
   0.52088177   0.52560253   0.52783222   0.54379049   0.55758664
   0.55947629   0.5956871    0.61376475   0.61878023   0.62163564
   0.62776248   0.64832533   0.67090357   0.67982117   0.68693625
   0.71091029   0.731026     0.80464351   0.80522101   0.83217841
   0.84198966   0.84292056   0.84465942   0.8509411    0.86143482
   0.86542172   0.93404772   0.93490717   0.93634628   0.95235386
   0.95461488   0.961931     0.97473484   0.97609327   0.99948851
   1.00746854   1.00797956   1.02905856   1.03955537   1.04580792
   1.07874279   1.08375146   1.08980985   1.10964165   1.12272087
   1.13195351   1.14059431   1.15433353   1.16261035   1.17549569
   1.1772463    1.20600203   1.2111774    1.21804028   1.22335742
   1.23125298   1.24131479   1.24715775   1.24937946   1.254886
   1.26802785   1.27275366   1.29192418   1.30249248   1.31095243
   1.31548561   1.32779967   1.32977637   1.3395912    1.35025045
   1.35764715   1.38856999   1.40273175   1.41921412   1.42309793
   1.43067547   1.43750067   1.43800095   1.45516827   1.46918067
   1.47111897   1.47127673   1.4876383    1.50507325   1.51273217
   1.51451196   1.52026102   1.5310507    1.54332292   1.55196147
   1.55463441   1.56649646   1.57371934   1.59343146   1.60203953
   1.60433341   1.60694124   1.62054012   1.63051832   1.64413973
   1.65012543   1.68199393   1.68460445   1.70532056   1.70780278
   1.71250152   1.72576771   1.72748307   1.73326677   1.73334458
   1.73513021   1.76230939   1.77193585   1.77238158   1.77716471
   1.79495888   1.80103779   1.80741673   1.86705902   1.8882768
   1.89932955   1.90007737   1.92917409   1.94604224   1.95700601
   1.96795332   1.98436082   2.00101649   2.04744088   2.05880757
   2.07314438   2.10865814   2.18889074   2.24359274   2.27224967
   2.8807413    2.96902283   2.99828658   3.02012367   3.03564665
   3.04674155   3.0591579    3.09724845   3.13448099   3.14284428
   3.23754213   3.24082475   3.44321099   3.4443782    3.48160669
   3.4859912    3.49607058   3.49632617   3.50005133   3.51595417
   3.53278534   3.54128664   3.55703188   3.59800142   3.60440316
   3.60599848   3.61586183   3.63714893   3.63742873   3.64087006
   3.64356153   3.65393659   3.6592875    3.68760559   3.69510034
   3.69624684   3.78631214   3.79061989   3.79398159   3.79413238
   3.80398892   3.81759608   3.82138534   3.83928151   3.84783071
   3.85323452   3.8554542    3.86433717   3.8812957    3.89170937
   3.90324459   3.91019353   3.92081051   3.93028822   3.9310221
   3.93464227   3.95167001   3.98539997   3.991116     4.00194847
   4.02861004   4.03097138   4.06736033   4.08106982   4.08961597
   4.11545886   4.11572037   4.12046379   4.12074133   4.12233935
   4.12686794   4.12952923   4.1881884    4.19115357   4.22659365
   4.22730424   4.24267992   4.24455807   4.25027371   4.27335455
   4.27634598   4.27638054   4.29769958   4.31314236   4.32468262
   4.35876983   4.38100324   4.3975085    4.41298567   4.41407266
   4.43301409   4.43557253   4.45050233   4.45298793   4.45421127
   4.48626473   4.72133736   4.72896908   4.74309114   4.76636521
   4.76852728   4.83758949   4.83955736   4.84815915   4.84859507
   4.86138338   4.86300109   4.86896325   4.87129311   4.91037254
   4.97702305   4.99931332   5.00431033   5.0138291    5.02434488
   5.02949004   5.05736312   5.06122487   5.06351726   5.07175255
   5.07338921   5.12594762   5.39484426   5.42688152   5.43940343
   5.44815569   5.48855871   5.60126438   5.64918405   5.69204891
   5.69387074   5.69738616   5.69810093   6.95909227   6.99333693
   7.03335636   7.0465343    7.06904398   7.07959398   7.1169351
   7.11731346   7.26536763   7.27083378   7.29915144   7.30190111
   7.30698507   7.35324221   7.38180208  12.08699255  12.19584423
  12.21698153  12.54583007  12.5537824 ]
    CPU time for vj and vk     39.50 sec, wall time     39.52 sec
E_coul = 1012.98800987338
cycle= 7 E= -1451.69004625319  delta_E= -8.21e-08  |g|= 8.17e-05  |ddm|= 0.000827
    CPU time for cycle= 7     39.59 sec, wall time     39.60 sec
diis-norm(errvec)=0.000249059
diis-c [ -2.78508186e-08  -2.51279290e-04   1.19937416e-04   2.36361126e-03
   7.30472403e-03  -6.09005144e-02  -7.37756792e-02   1.12513920e+00]
  HOMO = -0.360925966753331  LUMO = 0.0848689078028424
  mo_energy =
[-68.77406394 -68.77405767 -68.77212158 -68.77119023 -68.77118365
  -6.12462096  -6.12461422  -6.12360456  -6.12274037  -6.12272573
  -4.23077573  -4.2307687   -4.23068186  -4.23067522  -4.23065584
  -4.23064925  -4.22967599  -4.22954726  -4.2294942   -4.22864149
  -4.22863354  -4.22859775  -4.22856841  -4.22855651  -4.22850546
  -0.77823418  -0.75031912  -0.70929837  -0.66467173  -0.63690446
  -0.51262093  -0.49814003  -0.48946924  -0.48650671  -0.48232831
  -0.47089299  -0.46637451  -0.4295115   -0.42212839  -0.41535198
  -0.36092597   0.08486891   0.10489842   0.10568357   0.12093498
   0.12215337   0.1272058    0.13137564   0.13859998   0.14707954
   0.14904108   0.1576003    0.16790902   0.16895531   0.20054161
   0.20084633   0.20667071   0.21794      0.24348035   0.25240883
   0.25334766   0.26370719   0.26453734   0.2792473    0.27993669
   0.29026145   0.29184999   0.30399951   0.32044439   0.32516645
   0.32659294   0.33851708   0.36412341   0.36423792   0.39305824
   0.41180029   0.41864149   0.4191482    0.42205479   0.42368627
   0.4359968    0.44167027   0.44701291   0.46188085   0.46944337
   0.48272611   0.48805404   0.49524004   0.51541363   0.51962147
   0.52087787   0.52559725   0.52782706   0.54378831   0.55758266
   0.55946943   0.59568345   0.61375982   0.61877663   0.62163058
   0.62775719   0.64831915   0.67089999   0.67981795   0.68692933
   0.71090603   0.73102119   0.80464138   0.805218     0.83217254
   0.84198604   0.84292038   0.84466091   0.85093508   0.8614323
   0.86541816   0.93404518   0.93490488   0.9363443    0.95235035
   0.95461333   0.96192753   0.97473207   0.97609119   0.99948704
   1.00746407   1.00797753   1.02905177   1.03955535   1.04580712
   1.07874024   1.08374884   1.08980488   1.10963507   1.12271764
   1.13194905   1.14058847   1.15432588   1.16260593   1.17548951
   1.17723951   1.2059971    1.21117671   1.21803678   1.22334943
   1.23125243   1.24131474   1.24715218   1.2493747    1.25488361
   1.26802195   1.27274877   1.29191731   1.30248765   1.31094755
   1.31548031   1.32779146   1.32977456   1.33958439   1.35024332
   1.35764123   1.38856107   1.40272892   1.41920719   1.42308879
   1.43066615   1.4374918    1.4379985    1.45516401   1.46917704
   1.47111702   1.47127646   1.48763825   1.50506923   1.51272948
   1.51450445   1.5202553    1.5310473    1.54331858   1.55195951
   1.55462982   1.5664909    1.57371531   1.59342792   1.60203202
   1.60433299   1.60693524   1.62053881   1.63051648   1.6441348
   1.65012257   1.68199119   1.68459748   1.70531878   1.70779678
   1.7124978    1.72576508   1.7274783    1.7332616    1.73334133
   1.73512564   1.76230265   1.77192834   1.77237628   1.7771581
   1.79495321   1.8010335    1.80740567   1.8670556    1.888274
   1.89932881   1.90007666   1.92916534   1.94603531   1.95699745
   1.96794626   1.98435253   2.00101162   2.04743522   2.05879877
   2.07313387   2.1086477    2.18888321   2.24358139   2.27223896
   2.88074197   2.96902459   2.99829012   3.02012151   3.03564814
   3.04674354   3.05915657   3.09724839   3.13448231   3.14284542
   3.2375442    3.2408234    3.44321199   3.44437924   3.48160779
   3.48599233   3.49607092   3.49632647   3.50005414   3.51595346
   3.53278531   3.54128632   3.55702962   3.59800282   3.60440234
   3.60599849   3.61586359   3.63714935   3.63742983   3.64087027
   3.6435616    3.65393695   3.65928792   3.68760356   3.69509793
   3.69624947   3.78631106   3.79061927   3.79398184   3.7941329
   3.80398754   3.81759514   3.82138312   3.83927975   3.84783031
   3.85323571   3.85545285   3.8643366    3.88129432   3.89170807
   3.90324323   3.91019289   3.92081178   3.93028841   3.93102168
   3.93464211   3.95166794   3.9854007    3.99111746   4.00194832
   4.02861069   4.03097179   4.06735898   4.08106757   4.08961391
   4.11545719   4.11571884   4.12046536   4.12074173   4.12233987
   4.12687005   4.12952993   4.18818814   4.19115382   4.2265982
   4.22730643   4.24268208   4.24456047   4.25027391   4.27335346
   4.27634608   4.27638077   4.29770142   4.31314296   4.32468481
   4.35877398   4.3810055    4.39750667   4.41298882   4.41407543
   4.43301448   4.43557531   4.45050394   4.45298952   4.45421264
   4.48626723   4.72133696   4.72896895   4.74309161   4.76636298
   4.76852909   4.83758357   4.83955794   4.84815873   4.84859621
   4.86138595   4.86300157   4.86896249   4.87128953   4.91036624
   4.97701351   4.99930753   5.00429809   5.01382467   5.02433289
   5.02947674   5.05736423   5.06122512   5.0635221    5.07174801
   5.07339264   5.12593914   5.39483499   5.42686922   5.43940084
   5.4481522    5.48854908   5.60126157   5.64916878   5.69205297
   5.69387469   5.69739271   5.69810745   6.95908146   6.9933392
   7.03335755   7.04652359   7.06904171   7.07959026   7.11692639
   7.11730011   7.26535946   7.27083747   7.29915795   7.30190748
   7.30698807   7.35324269   7.38178971  12.08698295  12.1958244
  12.21697769  12.54583754  12.55379005]
    CPU time for vj and vk     37.29 sec, wall time     37.31 sec
E_coul = 1012.98803100963
cycle= 8 E= -1451.69004625787  delta_E= -4.68e-09  |g|= 1.7e-05  |ddm|= 0.000228
    CPU time for cycle= 8     37.38 sec, wall time     37.40 sec
diis-norm(errvec)=5.57251e-05
diis-c [ -1.73397399e-09   3.92613037e-05  -6.40563110e-05  -2.94983599e-04
   1.06315943e-03   5.59936673e-03  -2.83824644e-02  -1.62079288e-01
   1.18411900e+00]
  HOMO = -0.360924878691162  LUMO = 0.0848699570268262
  mo_energy =
[-68.77406507 -68.77405881 -68.77211849 -68.7711972  -68.77119062
  -6.12462111  -6.12461437  -6.12360336  -6.12274199  -6.12272732
  -4.23077598  -4.23076896  -4.23068216  -4.23067552  -4.23065617
  -4.23064958  -4.22967507  -4.22954609  -4.22949293  -4.22864335
  -4.22863539  -4.22859933  -4.22857001  -4.22855793  -4.22850668
  -0.77823363  -0.75031893  -0.70929878  -0.66467112  -0.63690438
  -0.5126212   -0.49814011  -0.4894691   -0.48650671  -0.48232947
  -0.47089289  -0.46637488  -0.42951041  -0.42212725  -0.4153511
  -0.36092488   0.08486996   0.10489856   0.1056829    0.12093541
   0.12215343   0.12720582   0.13137598   0.13859966   0.14707937
   0.14904036   0.15760034   0.16790865   0.16895571   0.20054139
   0.20084531   0.20667061   0.21794008   0.24347997   0.2524083
   0.2533473    0.26370679   0.26453727   0.27924748   0.27993669
   0.29026096   0.29184936   0.30399981   0.3204439    0.32516653
   0.32659309   0.33851693   0.36412366   0.36423758   0.39305788
   0.41180055   0.41864149   0.41914831   0.42205496   0.42368626
   0.4359968    0.44166992   0.44701275   0.4618802    0.46944373
   0.48272648   0.48805392   0.49523966   0.51541347   0.51962192
   0.52087727   0.52559716   0.52782689   0.54378794   0.55758234
   0.55946961   0.59568338   0.6137596    0.61877623   0.62163049
   0.62775711   0.64831922   0.67090001   0.67981758   0.68692924
   0.71090582   0.73102128   0.80464089   0.80521695   0.83217291
   0.84198546   0.84291943   0.84466008   0.85093555   0.86143174
   0.86541814   0.93404502   0.93490456   0.93634354   0.95235042
   0.95461268   0.96192736   0.97473175   0.97609053   0.9994866
   1.00746418   1.00797712   1.02905206   1.03955488   1.04580668
   1.07874027   1.08374883   1.08980488   1.1096354    1.12271739
   1.1319492    1.14058901   1.15432593   1.16260556   1.17548943
   1.17723973   1.20599676   1.21117663   1.21803692   1.22334937
   1.23125229   1.24131473   1.24715234   1.24937455   1.25488362
   1.26802202   1.27274874   1.29191751   1.30248794   1.3109476
   1.31547998   1.32779121   1.32977393   1.33958509   1.35024291
   1.35764144   1.38856123   1.402729     1.41920699   1.42308825
   1.43066661   1.43749258   1.4379981    1.45516428   1.46917682
   1.47111717   1.47127588   1.48763775   1.50506901   1.51272987
   1.51450502   1.52025573   1.53104708   1.54331893   1.55195968
   1.55463021   1.56649099   1.57371532   1.59342782   1.60203203
   1.60433266   1.60693573   1.62053894   1.63051628   1.64413504
   1.65012282   1.68199114   1.68459758   1.7053185    1.7077969
   1.71249798   1.7257649    1.72747862   1.73326116   1.73334121
   1.73512519   1.76230311   1.77192832   1.77237651   1.77715853
   1.79495303   1.8010336    1.8074058    1.86705547   1.88827336
   1.8993284    1.90007598   1.92916574   1.94603537   1.95699699
   1.96794669   1.98435281   2.00101143   2.04743533   2.05879917
   2.07313461   2.10864785   2.18888312   2.2435817    2.27223833
   2.88074086   2.96902273   2.99828752   3.02012194   3.0356467
   3.04674183   3.05915628   3.09724727   3.13448084   3.14284406
   3.23754249   3.24082359   3.44321015   3.44437738   3.48160659
   3.48599111   3.49606979   3.49632535   3.50005207   3.51595328
   3.53278483   3.54128538   3.55702955   3.5980014    3.60440211
   3.60599754   3.61586192   3.63714847   3.63742876   3.64086943
   3.64356079   3.65393509   3.65928606   3.6876033    3.6950982
   3.69624744   3.78630997   3.79061799   3.79398037   3.7941311
   3.80398662   3.81759323   3.82138285   3.83927821   3.84782916
   3.85323351   3.85545187   3.86433566   3.88129382   3.89170695
   3.90324265   3.91019152   3.92080995   3.93028736   3.93102044
   3.93464089   3.95166758   3.98539897   3.99111587   4.00194711
   4.02860903   4.03097031   4.06735767   4.081066     4.08961401
   4.11545615   4.11571893   4.12046299   4.12074025   4.12233838
   4.12686794   4.12952819   4.18818776   4.19115325   4.22659548
   4.22730484   4.24268043   4.24455854   4.25027334   4.27335294
   4.27634519   4.2763798    4.29769992   4.31314235   4.32468317
   4.35877214   4.38100444   4.39750724   4.41298753   4.41407439
   4.43301419   4.43557338   4.45050233   4.45298808   4.45421152
   4.48626625   4.72133607   4.72896735   4.74309024   4.7663634
   4.76852722   4.83758311   4.83955694   4.84815748   4.84859496
   4.86138349   4.86300072   4.86896216   4.87128856   4.91036597
   4.97701334   4.99930738   5.00429832   5.01382481   5.02433295
   5.02947685   5.05736394   5.0612249    5.06352171   5.071748
   5.07339236   5.12593903   5.39483537   5.42686943   5.439401
   5.44815249   5.48854926   5.60126137   5.64916936   5.69205299
   5.69387471   5.6973922    5.69810694   6.95908143   6.99333888
   7.03335704   7.04652395   7.06904058   7.07958989   7.11692596
   7.11730029   7.26535887   7.27083664   7.2991576    7.30190714
   7.30698718   7.35324195   7.38178913  12.08698245  12.19582456
  12.21697692  12.54583733  12.55378979]
    CPU time for vj and vk     34.02 sec, wall time     34.02 sec
E_coul = 1012.9880395712
cycle= 9 E= -1451.69004625809  delta_E= -2.26e-10  |g|= 3.96e-06  |ddm|= 4.39e-05
    CPU time for cycle= 9     34.11 sec, wall time     34.11 sec
  HOMO = -0.360925032843056  LUMO = 0.0848699907726861
  mo_energy =
[-68.77406486 -68.7740586  -68.77211803 -68.77119609 -68.77118951
  -6.12462055  -6.12461381  -6.1236026   -6.1227421   -6.12272742
  -4.23077544  -4.23076842  -4.23068165  -4.23067501  -4.23065564
  -4.23064906  -4.22967441  -4.22954541  -4.22949221  -4.22864346
  -4.2286355   -4.22859935  -4.22857006  -4.22855797  -4.22850663
  -0.77823364  -0.75031891  -0.70929842  -0.66467127  -0.63690433
  -0.51262131  -0.49814023  -0.48946905  -0.48650663  -0.48232895
  -0.47089306  -0.46637496  -0.42951057  -0.42212737  -0.41535122
  -0.36092503   0.08486999   0.10489844   0.10568314   0.12093531
   0.12215338   0.12720576   0.13137589   0.13859979   0.14707941
   0.14904057   0.15760032   0.16790886   0.1689554    0.20054151
   0.20084563   0.20667054   0.21793998   0.24348003   0.25240842
   0.25334728   0.26370694   0.2645373    0.27924736   0.27993662
   0.29026102   0.29184957   0.30399956   0.32044406   0.32516648
   0.32659313   0.33851692   0.36412354   0.36423769   0.39305796
   0.41180051   0.41864147   0.41914834   0.42205489   0.42368629
   0.43599685   0.44167006   0.44701284   0.46188044   0.46944368
   0.48272621   0.48805398   0.49523976   0.51541355   0.51962171
   0.52087738   0.52559712   0.52782687   0.54378804   0.55758252
   0.55946952   0.59568336   0.61375967   0.6187763    0.62163043
   0.62775707   0.64831915   0.67090003   0.67981765   0.68692925
   0.7109059    0.73102132   0.80464113   0.80521729   0.83217271
   0.8419856    0.8429197    0.84466038   0.85093539   0.86143171
   0.86541796   0.93404493   0.93490458   0.93634358   0.95235033
   0.95461282   0.96192733   0.97473168   0.97609069   0.99948684
   1.00746403   1.00797725   1.02905188   1.0395551    1.04580684
   1.07874043   1.08374891   1.08980492   1.10963518   1.12271739
   1.13194897   1.14058891   1.15432595   1.16260561   1.17548935
   1.17723977   1.2059969    1.21117687   1.21803703   1.22334939
   1.23125261   1.24131502   1.24715235   1.24937467   1.25488356
   1.26802199   1.27274876   1.29191756   1.30248784   1.31094756   1.31548
   1.32779143   1.32977412   1.3395849    1.35024316   1.35764122
   1.38856125   1.402729     1.41920704   1.42308839   1.4306664
   1.43749254   1.43799818   1.45516429   1.46917698   1.47111725
   1.47127624   1.48763798   1.50506922   1.51272986   1.51450502
   1.52025544   1.53104711   1.54331892   1.55195977   1.55463008
   1.56649106   1.57371561   1.59342798   1.60203225   1.60433295
   1.60693567   1.620539     1.63051649   1.64413505   1.65012284
   1.68199133   1.68459754   1.70531855   1.70779681   1.71249789
   1.7257651    1.72747854   1.73326125   1.73334111   1.73512551
   1.76230304   1.77192829   1.77237646   1.7771585    1.79495306
   1.80103353   1.80740583   1.86705554   1.8882736    1.8993286
   1.90007633   1.92916552   1.94603539   1.95699722   1.96794647
   1.98435277   2.00101152   2.04743534   2.05879924   2.07313457
   2.10864789   2.18888316   2.24358156   2.27223843   2.88074079
   2.96902291   2.99828804   3.02012131   3.03564683   3.04674204
   3.05915585   3.09724716   3.13448093   3.14284414   3.23754271
   3.2408231    3.44321039   3.44437762   3.48160665   3.48599118
   3.49606978   3.49632533   3.50005245   3.51595294   3.5327846
   3.54128528   3.55702915   3.59800147   3.6044018    3.60599754
   3.61586219   3.63714844   3.6374288    3.64086935   3.6435607
   3.65393531   3.65928629   3.68760293   3.69509765   3.69624781
   3.78630991   3.79061799   3.79398048   3.79413133   3.80398649
   3.8175935    3.82138247   3.83927834   3.84782913   3.85323389
   3.85545177   3.86433555   3.8812935    3.89170695   3.90324247
   3.9101917    3.92081026   3.93028737   3.93102043   3.9346409
   3.95166731   3.98539914   3.99111593   4.0019471    4.02860917
   4.03097037   4.06735773   4.08106622   4.0896135    4.11545612
   4.11571839   4.12046342   4.12074029   4.12233841   4.12686822
   4.12952834   4.18818742   4.19115298   4.22659616   4.22730504
   4.24268064   4.24455875   4.25027305   4.27335253   4.27634511
   4.27637975   4.29769991   4.31314206   4.32468332   4.35877239
   4.38100443   4.39750659   4.41298755   4.41407437   4.43301382
   4.43557361   4.45050239   4.45298811   4.45421146   4.4862662
   4.72133592   4.72896748   4.74309036   4.76636277   4.7685275
   4.83758301   4.83955695   4.84815749   4.84859504   4.86138409
   4.86300062   4.86896188   4.87128868   4.91036587   4.97701351
   4.99930698   5.00429835   5.01382444   5.02433309   5.02947703
   5.0573643    5.06122536   5.06352223   5.07174822   5.07339275
   5.12593916   5.39483548   5.42686974   5.43940095   5.44815241
   5.48854927   5.60126109   5.64916958   5.69205327   5.69387497
   5.69739275   5.69810749   6.9590816    6.9933391    7.03335725
   7.04652435   7.06904044   7.07959003   7.11692623   7.11730047
   7.26535907   7.27083689   7.29915798   7.30190752   7.3069878
   7.35324194   7.3817894   12.08698249  12.19582504  12.2169767
  12.54583787  12.55379029]
    CPU time for vj and vk     29.99 sec, wall time     29.99 sec
E_coul = 1012.98803220222
Extra cycle  E= -1451.6900462581  delta_E= -1.07e-11  |g|= 1.53e-06  |ddm|= 7.28e-06
    CPU time for scf_cycle    479.67 sec, wall time    479.94 sec
    CPU time for SCF    479.73 sec, wall time    480.28 sec
converged SCF energy = -1451.6900462581
RHF E = -1451.69004626
RHF eps = [-68.77406486 -68.7740586  -68.77211803 -68.77119609 -68.77118951
  -6.12462055  -6.12461381  -6.1236026   -6.1227421   -6.12272742
  -4.23077544  -4.23076842  -4.23068165  -4.23067501  -4.23065564
  -4.23064906  -4.22967441  -4.22954541  -4.22949221  -4.22864346
  -4.2286355   -4.22859935  -4.22857006  -4.22855797  -4.22850663
  -0.77823364  -0.75031891  -0.70929842  -0.66467127  -0.63690433
  -0.51262131  -0.49814023  -0.48946905  -0.48650663  -0.48232895
  -0.47089306  -0.46637496  -0.42951057  -0.42212737  -0.41535122
  -0.36092503   0.08486999   0.10489844   0.10568314   0.12093531
   0.12215338   0.12720576   0.13137589   0.13859979   0.14707941
   0.14904057   0.15760032   0.16790886   0.1689554    0.20054151
   0.20084563   0.20667054   0.21793998   0.24348003   0.25240842
   0.25334728   0.26370694   0.2645373    0.27924736   0.27993662
   0.29026102   0.29184957   0.30399956   0.32044406   0.32516648
   0.32659313   0.33851692   0.36412354   0.36423769   0.39305796
   0.41180051   0.41864147   0.41914834   0.42205489   0.42368629
   0.43599685   0.44167006   0.44701284   0.46188044   0.46944368
   0.48272621   0.48805398   0.49523976   0.51541355   0.51962171
   0.52087738   0.52559712   0.52782687   0.54378804   0.55758252
   0.55946952   0.59568336   0.61375967   0.6187763    0.62163043
   0.62775707   0.64831915   0.67090003   0.67981765   0.68692925
   0.7109059    0.73102132   0.80464113   0.80521729   0.83217271
   0.8419856    0.8429197    0.84466038   0.85093539   0.86143171
   0.86541796   0.93404493   0.93490458   0.93634358   0.95235033
   0.95461282   0.96192733   0.97473168   0.97609069   0.99948684
   1.00746403   1.00797725   1.02905188   1.0395551    1.04580684
   1.07874043   1.08374891   1.08980492   1.10963518   1.12271739
   1.13194897   1.14058891   1.15432595   1.16260561   1.17548935
   1.17723977   1.2059969    1.21117687   1.21803703   1.22334939
   1.23125261   1.24131502   1.24715235   1.24937467   1.25488356
   1.26802199   1.27274876   1.29191756   1.30248784   1.31094756   1.31548
   1.32779143   1.32977412   1.3395849    1.35024316   1.35764122
   1.38856125   1.402729     1.41920704   1.42308839   1.4306664
   1.43749254   1.43799818   1.45516429   1.46917698   1.47111725
   1.47127624   1.48763798   1.50506922   1.51272986   1.51450502
   1.52025544   1.53104711   1.54331892   1.55195977   1.55463008
   1.56649106   1.57371561   1.59342798   1.60203225   1.60433295
   1.60693567   1.620539     1.63051649   1.64413505   1.65012284
   1.68199133   1.68459754   1.70531855   1.70779681   1.71249789
   1.7257651    1.72747854   1.73326125   1.73334111   1.73512551
   1.76230304   1.77192829   1.77237646   1.7771585    1.79495306
   1.80103353   1.80740583   1.86705554   1.8882736    1.8993286
   1.90007633   1.92916552   1.94603539   1.95699722   1.96794647
   1.98435277   2.00101152   2.04743534   2.05879924   2.07313457
   2.10864789   2.18888316   2.24358156   2.27223843   2.88074079
   2.96902291   2.99828804   3.02012131   3.03564683   3.04674204
   3.05915585   3.09724716   3.13448093   3.14284414   3.23754271
   3.2408231    3.44321039   3.44437762   3.48160665   3.48599118
   3.49606978   3.49632533   3.50005245   3.51595294   3.5327846
   3.54128528   3.55702915   3.59800147   3.6044018    3.60599754
   3.61586219   3.63714844   3.6374288    3.64086935   3.6435607
   3.65393531   3.65928629   3.68760293   3.69509765   3.69624781
   3.78630991   3.79061799   3.79398048   3.79413133   3.80398649
   3.8175935    3.82138247   3.83927834   3.84782913   3.85323389
   3.85545177   3.86433555   3.8812935    3.89170695   3.90324247
   3.9101917    3.92081026   3.93028737   3.93102043   3.9346409
   3.95166731   3.98539914   3.99111593   4.0019471    4.02860917
   4.03097037   4.06735773   4.08106622   4.0896135    4.11545612
   4.11571839   4.12046342   4.12074029   4.12233841   4.12686822
   4.12952834   4.18818742   4.19115298   4.22659616   4.22730504
   4.24268064   4.24455875   4.25027305   4.27335253   4.27634511
   4.27637975   4.29769991   4.31314206   4.32468332   4.35877239
   4.38100443   4.39750659   4.41298755   4.41407437   4.43301382
   4.43557361   4.45050239   4.45298811   4.45421146   4.4862662
   4.72133592   4.72896748   4.74309036   4.76636277   4.7685275
   4.83758301   4.83955695   4.84815749   4.84859504   4.86138409
   4.86300062   4.86896188   4.87128868   4.91036587   4.97701351
   4.99930698   5.00429835   5.01382444   5.02433309   5.02947703
   5.0573643    5.06122536   5.06352223   5.07174822   5.07339275
   5.12593916   5.39483548   5.42686974   5.43940095   5.44815241
   5.48854927   5.60126109   5.64916958   5.69205327   5.69387497
   5.69739275   5.69810749   6.9590816    6.9933391    7.03335725
   7.04652435   7.06904044   7.07959003   7.11692623   7.11730047
   7.26535907   7.27083689   7.29915798   7.30190752   7.3069878
   7.35324194   7.3817894   12.08698249  12.19582504  12.2169767
  12.54583787  12.55379029]
    CPU time for vj and vk     52.50 sec, wall time     52.52 sec
    CPU time for transforming oopq, ovpq   1825.22 sec, wall time   1973.72 sec
    CPU time for GW integral transformation   1877.84 sec, wall time   2026.35 sec

******** <class 'pyscf.gw.gf2.GF2'> flags ********
method = GF2
GF2 nocc = 41, nvir = 337
use perturbative linearized QP eqn = False
use diagonal approximation for sigma = True
  HOMO = -0.338079987916796  LUMO = 0.0222757859068886
  GW mo_energy =
[ -6.78343280e+01  -6.78343213e+01  -6.78215665e+01  -6.78222058e+01
  -6.78221988e+01  -5.79448171e+00  -5.84382752e+00  -5.77261918e+00
  -5.77945390e+00  -5.77944533e+00  -3.92886320e+00  -3.92885290e+00
  -3.92960756e+00  -3.92960090e+00  -3.92952613e+00  -3.92951859e+00
  -3.91188070e+00  -3.91184701e+00  -3.91193124e+00  -3.91357873e+00
  -3.91357157e+00  -3.91302019e+00  -3.91337041e+00  -3.91319584e+00
  -3.91258068e+00  -6.93301243e-01  -6.78720616e-01  -6.47900332e-01
  -6.10658893e-01  -5.85217540e-01  -4.77536777e-01  -4.67086999e-01
  -4.61612774e-01  -4.59091293e-01  -4.52442831e-01  -4.40275469e-01
  -4.33173403e-01  -3.99464541e-01  -3.91319431e-01  -3.87894608e-01
  -3.38079988e-01   2.22757859e-02   5.45054765e-02   5.56777366e-02
   5.65503889e-02   6.28952972e-02   8.20289017e-02   7.92005770e-02
   9.32146334e-02   1.00672212e-01   1.06753180e-01   1.09557546e-01
   1.21306215e-01   1.17774260e-01   1.46830729e-01   1.53069031e-01
   1.56555414e-01   1.80146582e-01   1.99624784e-01   2.05809895e-01
   2.04499950e-01   2.18768637e-01   2.08192785e-01   2.25908139e-01
   2.38376864e-01   2.35273545e-01   2.48337997e-01   2.51132952e-01
   2.74507925e-01   2.67039722e-01   2.59611259e-01   2.73740877e-01
   2.89517728e-01   3.00455519e-01   3.39383666e-01   3.61569011e-01
   3.57140682e-01   3.64009215e-01   3.72519589e-01   3.49627146e-01
   3.57162639e-01   3.81612785e-01   3.88040968e-01   3.96627737e-01
   4.14169081e-01   4.13766700e-01   4.04190280e-01   4.24546163e-01
   4.48617153e-01   4.30094848e-01   4.25810403e-01   4.43413471e-01
   4.47363371e-01   4.75011478e-01   4.84013620e-01   4.70742553e-01
   5.22151252e-01   5.10664942e-01   5.37438721e-01   5.23006563e-01
   5.33331886e-01   5.61008855e-01   5.80771323e-01   5.82647600e-01
   5.81326097e-01   6.13599596e-01   7.31258940e-01   8.04086313e-01
   8.05184717e-01   7.28850153e-01   7.50259812e-01   7.94403788e-01
   8.45318660e-01   7.76057459e-01   8.60734744e-01   7.74830811e-01
   9.33914149e-01   9.43223754e-01   8.37554823e-01   8.58182548e-01
   9.54801494e-01   8.60023240e-01   8.59721233e-01   8.63628955e-01
   1.00045573e+00   1.06345745e+00   8.75033486e-01   1.01749399e+00
   1.04007287e+00   9.19158925e-01   1.07803500e+00   9.75251896e-01
   9.77711593e-01   1.11126200e+00   1.02058031e+00   1.13194802e+00
   1.02756656e+00   1.04460155e+00   1.16285300e+00   1.13464858e+00
   1.18887792e+00   1.20621039e+00   1.21117547e+00   1.21817881e+00
   1.22270853e+00   1.10997823e+00   1.13285993e+00   1.24729897e+00
   1.09395588e+00   1.12382144e+00   1.26825907e+00   1.27200202e+00
   1.29337547e+00   1.30070361e+00   1.31097094e+00   1.31563042e+00
   1.32778569e+00   1.19451285e+00   1.33961975e+00   1.24012714e+00
   1.21137946e+00   1.39029497e+00   1.33912917e+00   1.37535243e+00
   1.42330871e+00   1.25113855e+00   1.43597762e+00   1.43732502e+00
   1.45528737e+00   1.33837227e+00   1.49212754e+00   1.47127069e+00
   1.48776282e+00   1.43992306e+00   1.51832180e+00   1.51620543e+00
   1.51998131e+00   1.49249569e+00   1.54357512e+00   1.55197890e+00
   1.45115877e+00   1.56860148e+00   1.55184353e+00   1.59274919e+00
   1.60207432e+00   1.48529590e+00   1.60737987e+00   1.62013266e+00
   1.63080034e+00   1.64479613e+00   1.62913664e+00   1.58066109e+00
   1.66043464e+00   1.70545648e+00   1.69774716e+00   1.71081526e+00
   1.63357580e+00   1.72752491e+00   1.71949563e+00   1.73331730e+00
   1.58632782e+00   1.63226150e+00   1.77613069e+00   1.77223457e+00
   1.77965871e+00   1.79520218e+00   1.80131338e+00   1.80768585e+00
   1.86683236e+00   1.88888369e+00   1.89326329e+00   1.90012665e+00
   1.92901898e+00   1.90129985e+00   1.94564015e+00   1.96228842e+00
   1.98465581e+00   2.00130946e+00   2.04551435e+00   2.05912992e+00
   2.07297378e+00   2.10935659e+00   2.16837673e+00   2.24428582e+00
   2.27261470e+00   2.88121203e+00   2.84559726e+00   2.99860543e+00
   2.95351096e+00   2.96483343e+00   2.96933689e+00   3.06035086e+00
   3.04949591e+00   3.01821426e+00   3.14128823e+00   3.13873499e+00
   3.14068286e+00   3.37561853e+00   3.37372995e+00   3.40411143e+00
   3.41138010e+00   3.41922510e+00   3.41710550e+00   3.41529242e+00
   3.44293991e+00   3.44092826e+00   3.54178027e+00   3.55699996e+00
   3.48870186e+00   3.51302975e+00   3.51575620e+00   3.51694599e+00
   3.54086283e+00   3.60248882e+00   3.62308590e+00   3.64057491e+00
   3.56693258e+00   3.57464731e+00   3.58717863e+00   3.60161019e+00
   3.60203559e+00   3.65940700e+00   3.68053028e+00   3.79445941e+00
   3.67516420e+00   3.68442217e+00   3.69943347e+00   3.68408408e+00
   3.72844529e+00   3.73286458e+00   3.73121205e+00   3.76136835e+00
   3.73636409e+00   3.75315804e+00   3.76340111e+00   3.79620627e+00
   3.78803853e+00   3.80175206e+00   3.82618813e+00   3.81814304e+00
   3.79188296e+00   3.82009701e+00   3.86020545e+00   3.85997731e+00
   3.86492856e+00   3.90232554e+00   3.90532431e+00   3.92651453e+00
   3.94556481e+00   3.95657744e+00   3.96365952e+00   3.97282290e+00
   3.98568615e+00   3.97293966e+00   3.97611398e+00   3.98535006e+00
   3.97867667e+00   4.05911663e+00   4.06548082e+00   4.08651462e+00
   4.08259728e+00   4.11031932e+00   4.12493024e+00   4.12031796e+00
   4.15238198e+00   4.13568187e+00   4.17189777e+00   4.18647148e+00
   4.20222451e+00   4.20770166e+00   4.21972369e+00   4.24720088e+00
   4.23737344e+00   4.25902134e+00   4.28860519e+00   4.29700668e+00
   4.26668595e+00   4.32497187e+00   4.28374204e+00   4.32119538e+00
   4.30652236e+00   4.63136828e+00   4.63922550e+00   4.60300964e+00
   4.63462541e+00   4.65921412e+00   4.71876837e+00   4.72830904e+00
   4.69517344e+00   4.69403892e+00   4.72554461e+00   4.75272003e+00
   4.70519548e+00   0.00000000e+00   4.73721695e+00   4.82761646e+00
   4.99982523e+00   4.91145986e+00   4.85138296e+00   4.84761112e+00
   4.88611084e+00   4.93552555e+00   4.86374053e+00   4.89305320e+00
   4.91243486e+00   5.07334656e+00   5.12597163e+00   5.16649606e+00
   5.21794256e+00   5.25593339e+00   5.24878564e+00   5.31824275e+00
   5.44316177e+00   5.64983455e+00   5.55848302e+00   5.59525590e+00
   5.51681258e+00   5.49414464e+00   6.81714294e+00   6.80034663e+00
   6.79987508e+00   6.83149250e+00   6.84414932e+00   6.83316787e+00
   6.98296868e+00   6.90401977e+00   7.11526167e+00   7.07801418e+00
   7.12318467e+00   7.08557887e+00   7.14150581e+00   7.14296094e+00
   7.17938283e+00   1.18859047e+01   1.18753126e+01   1.19909825e+01
   1.25420096e+01   1.25542495e+01]
    CPU time for GF2   7797.16 sec, wall time   8128.47 sec
    CPU time for vj and vk     53.71 sec, wall time     53.75 sec
    CPU time for transforming oopq, ovpq   1846.20 sec, wall time   2000.17 sec
    CPU time for GW integral transformation   1900.02 sec, wall time   2054.27 sec

******** <class 'pyscf.gw.gf2.GF2'> flags ********
method = GF2
GF2 nocc = 41, nvir = 337
use perturbative linearized QP eqn = False
use diagonal approximation for sigma = True
  HOMO = -0.338079987916796  LUMO = 0.0222757859068886
  GW mo_energy =
[ 0.          0.          0.          0.          0.          0.          0.
  0.          0.          0.          0.          0.          0.          0.
  0.          0.          0.          0.          0.          0.          0.
  0.          0.          0.          0.          0.          0.          0.
  0.          0.          0.          0.          0.          0.          0.
  0.          0.          0.          0.          0.         -0.33807999
  0.02227579  0.          0.          0.          0.          0.          0.
  0.          0.          0.          0.          0.          0.          0.
  0.          0.          0.          0.          0.          0.          0.
  0.          0.          0.          0.          0.          0.          0.
  0.          0.          0.          0.          0.          0.          0.
  0.          0.          0.          0.          0.          0.          0.
  0.          0.          0.          0.          0.          0.          0.
  0.          0.          0.          0.          0.          0.          0.
  0.          0.          0.          0.          0.          0.          0.
  0.          0.          0.          0.          0.          0.          0.
  0.          0.          0.          0.          0.          0.          0.
  0.          0.          0.          0.          0.          0.          0.
  0.          0.          0.          0.          0.          0.          0.
  0.          0.          0.          0.          0.          0.          0.
  0.          0.          0.          0.          0.          0.          0.
  0.          0.          0.          0.          0.          0.          0.
  0.          0.          0.          0.          0.          0.          0.
  0.          0.          0.          0.          0.          0.          0.
  0.          0.          0.          0.          0.          0.          0.
  0.          0.          0.          0.          0.          0.          0.
  0.          0.          0.          0.          0.          0.          0.
  0.          0.          0.          0.          0.          0.          0.
  0.          0.          0.          0.          0.          0.          0.
  0.          0.          0.          0.          0.          0.          0.
  0.          0.          0.          0.          0.          0.          0.
  0.          0.          0.          0.          0.          0.          0.
  0.          0.          0.          0.          0.          0.          0.
  0.          0.          0.          0.          0.          0.          0.
  0.          0.          0.          0.          0.          0.          0.
  0.          0.          0.          0.          0.          0.          0.
  0.          0.          0.          0.          0.          0.          0.
  0.          0.          0.          0.          0.          0.          0.
  0.          0.          0.          0.          0.          0.          0.
  0.          0.          0.          0.          0.          0.          0.
  0.          0.          0.          0.          0.          0.          0.
  0.          0.          0.          0.          0.          0.          0.
  0.          0.          0.          0.          0.          0.          0.
  0.          0.          0.          0.          0.          0.          0.
  0.          0.          0.          0.          0.          0.          0.
  0.          0.          0.          0.          0.          0.          0.
  0.          0.          0.          0.          0.          0.          0.
  0.          0.          0.          0.          0.          0.          0.
  0.          0.          0.          0.          0.          0.          0.
  0.          0.          0.          0.          0.          0.          0.
  0.          0.          0.          0.          0.          0.          0.
  0.          0.          0.          0.          0.          0.          0.
  0.          0.          0.          0.          0.          0.          0.
  0.          0.          0.          0.          0.          0.          0.
  0.        ]
    CPU time for GF2     10.40 sec, wall time    128.21 sec
IP root 0 E = -0.338079987917
EA root 0 E = 0.0222757859069
