

******** <class 'pyscf.scf.hf.RHF'> flags ********
method = RHF
initial guess = minao
damping factor = 0
level shift factor = 0
DIIS = <class 'pyscf.scf.diis.CDIIS'>
DIIS start cycle = 1
DIIS space = 8
SCF tol = 1e-09
SCF gradient tol = None
max. SCF cycles = 50
direct_scf = True
direct_scf_tol = 1e-13
chkfile to save SCF result = /tmp/tmpGvicJj
max_memory 4000 MB (current use 76 MB)
Set gradient conv threshold to 3.16228e-05
Nelec from initial guess = 17.9989925143
cond(S) = 1088.26416947
E_coul = 133.218560014848
init E= -290.846801092992
    CPU time for initialize scf      0.72 sec, wall time      0.73 sec
  HOMO = -0.403389568100636  LUMO = 0.109678310290235
  mo_energy =
[-68.73352485  -6.12810536  -4.21432112  -4.21432112  -4.21432112
  -0.86156866  -0.40338957  -0.40338957  -0.40338957   0.10967831
   0.10967831   0.10967831   0.12652459   0.26906818   0.26906818
   0.26906818   0.3113059    0.3113059    0.38961016   0.39818107
   0.39818107   0.39818107   0.5099621    0.6961576    0.6961576
   0.6961576    0.82486403   0.82486403   0.82486403   0.96727494
   0.96727494   0.96727494   1.10840981   1.10840981   1.1400603
   1.1400603    1.1400603    1.32217468   1.32217468   1.37266981
   1.45711868   1.45711868   1.45711868   1.56655534   1.56655534
   1.56655534   1.60467932   1.61144554   1.61144554   1.61144554
   1.85714476   1.85714476   1.85714476   2.85116349   2.94315951
   2.94315951   2.94315951   3.38804723   3.38804723   3.38804723
   3.43071435   3.43071435   3.59814723   3.59814723   3.59814723
   3.7080669    3.7080669    3.79408185   3.79408185   3.79408185
   3.90910938   3.92939875   3.92939875   3.92939875   4.08927656
   4.08927656   4.08927656   4.18351338   4.18351338   4.18351338
   4.29703751   4.29703751   4.29703751   4.38028679   4.38028679
   4.67674566   4.84984576   4.84984576   4.84984576   5.10428534
   5.10428534   5.74373301   5.74373301   5.74373301   7.29417957
   7.29417957   7.29417957  12.89585171]
E_coul = 132.523049025105
cycle= 1 E= -291.240401939226  delta_E= -0.394  |g|= 0.181  |ddm|= 1.35
    CPU time for cycle= 1      0.07 sec, wall time      0.07 sec
diis-norm(errvec)=0.634907
diis-c [-0.40310678  1.        ]
  HOMO = -0.4980244836798  LUMO = 0.132155574802241
  mo_energy =
[-68.82250981  -6.16269577  -4.26725183  -4.26725183  -4.26725183
  -0.75363899  -0.49802448  -0.49802448  -0.49802448   0.13215557
   0.13215557   0.13215557   0.15642831   0.2710531    0.2710531
   0.2710531    0.3136083    0.3136083    0.40783372   0.40783372
   0.40783372   0.41373438   0.53589201   0.71133709   0.71133709
   0.71133709   0.83365694   0.83365694   0.83365694   0.97458895
   0.97458895   0.97458895   1.10503643   1.10503643   1.14430154
   1.14430154   1.14430154   1.33360733   1.33360733   1.3784027
   1.45312897   1.45312897   1.45312897   1.56767553   1.56767553
   1.56767553   1.60616898   1.61443248   1.61443248   1.61443248
   1.86319164   1.86319164   1.86319164   2.88569376   2.9755112
   2.9755112    2.9755112    3.41795915   3.41795915   3.41795915
   3.45972709   3.45972709   3.62700384   3.62700384   3.62700384
   3.73133253   3.73133253   3.82635092   3.82635092   3.82635092
   3.94480555   3.96679993   3.96679993   3.96679993   4.11675172
   4.11675172   4.11675172   4.20766105   4.20766105   4.20766105
   4.31859501   4.31859501   4.31859501   4.40627628   4.40627628
   4.70158619   4.87181351   4.87181351   4.87181351   5.08293766
   5.08293766   5.72071136   5.72071136   5.72071136   7.26541896
   7.26541896   7.26541896  12.86259373]
E_coul = 133.172657882319
cycle= 2 E= -291.256788931413  delta_E= -0.0164  |g|= 0.0515  |ddm|= 0.179
    CPU time for cycle= 2      0.07 sec, wall time      0.07 sec
diis-norm(errvec)=0.179174
diis-c [-0.01860242 -0.23059207  1.23059207]
  HOMO = -0.482657873018126  LUMO = 0.144572194097394
  mo_energy =
[-68.73996515  -6.1015502   -4.20714716  -4.20714716  -4.20714716
  -0.72675585  -0.48265787  -0.48265787  -0.48265787   0.14457219
   0.14457219   0.14457219   0.16904168   0.28004877   0.28004877
   0.28004877   0.33228341   0.33228341   0.42101818   0.42101818
   0.42101818   0.42461842   0.55385998   0.7261332    0.7261332
   0.7261332    0.84985014   0.84985014   0.84985014   0.99108085
   0.99108085   0.99108085   1.13252172   1.13252172   1.16420308
   1.16420308   1.16420308   1.34967112   1.34967112   1.39608856
   1.47680636   1.47680636   1.47680636   1.58814956   1.58814956
   1.58814956   1.62974217   1.63780037   1.63780037   1.63780037
   1.88954707   1.88954707   1.88954707   2.91063519   3.00002473
   3.00002473   3.00002473   3.44207187   3.44207187   3.44207187
   3.48246418   3.48246418   3.65422999   3.65422999   3.65422999
   3.76554785   3.76554785   3.85369064   3.85369064   3.85369064
   3.97924499   3.99594048   3.99594048   3.99594048   4.14926825
   4.14926825   4.14926825   4.22832897   4.22832897   4.22832897
   4.34510738   4.34510738   4.34510738   4.43086439   4.43086439
   4.72653763   4.89771379   4.89771379   4.89771379   5.12536099
   5.12536099   5.76382912   5.76382912   5.76382912   7.31459668
   7.31459668   7.31459668  12.91433107]
E_coul = 133.022348551191
cycle= 3 E= -291.258401052236  delta_E= -0.00161  |g|= 0.0164  |ddm|= 0.0841
    CPU time for cycle= 3      0.07 sec, wall time      0.07 sec
diis-norm(errvec)=0.041349
diis-c [ -5.88661206e-04  -5.62723887e-02   3.10195942e-03   1.05317043e+00]
  HOMO = -0.486513151551847  LUMO = 0.143224278364501
  mo_energy =
[-68.77431274  -6.12263189  -4.22900768  -4.22900768  -4.22900768
  -0.72976579  -0.48651315  -0.48651315  -0.48651315   0.14322428
   0.14322428   0.14322428   0.16820619   0.27886745   0.27886745
   0.27886745   0.32968378   0.32968378   0.41875185   0.41875185
   0.41875185   0.42307345   0.55163559   0.72385943   0.72385943
   0.72385943   0.84840045   0.84840045   0.84840045   0.98879908
   0.98879908   0.98879908   1.12585998   1.12585998   1.16057946
   1.16057946   1.16057946   1.3482316    1.3482316    1.39328297
   1.47096975   1.47096975   1.47096975   1.58376374   1.58376374
   1.58376374   1.62460568   1.63305208   1.63305208   1.63305208
   1.88435159   1.88435159   1.88435159   2.91123952   3.00043262
   3.00043262   3.00043262   3.44213855   3.44213855   3.44213855
   3.48284134   3.48284134   3.65328071   3.65328071   3.65328071
   3.7619384    3.7619384    3.85331737   3.85331737   3.85331737
   3.97740883   3.99613065   3.99613065   3.99613065   4.14742125
   4.14742125   4.14742125   4.22907105   4.22907105   4.22907105
   4.3440378    4.3440378    4.3440378    4.43119946   4.43119946
   4.72667131   4.89699915   4.89699915   4.89699915   5.11323088
   5.11323088   5.75119669   5.75119669   5.75119669   7.2992765
   7.2992765    7.2992765   12.89757106]
E_coul = 133.071554789269
cycle= 4 E= -291.258475528502  delta_E= -7.45e-05  |g|= 0.00291  |ddm|= 0.0132
    CPU time for cycle= 4      0.06 sec, wall time      0.07 sec
diis-norm(errvec)=0.00631352
diis-c [ -2.78262669e-05   7.70717974e-03  -3.24163830e-02  -1.93798127e-02
   1.04408902e+00]
  HOMO = -0.486726429962865  LUMO = 0.143058694239418
  mo_energy =
[-68.77038638  -6.12171519  -4.22792596  -4.22792596  -4.22792596
  -0.72996903  -0.48672643  -0.48672643  -0.48672643   0.14305869
   0.14305869   0.14305869   0.16805133   0.27878933   0.27878933
   0.27878933   0.32947214   0.32947214   0.41858531   0.41858531
   0.41858531   0.42284307   0.55141569   0.72362313   0.72362313
   0.72362313   0.84815225   0.84815225   0.84815225   0.98858938
   0.98858938   0.98858938   1.12551383   1.12551383   1.16031476
   1.16031476   1.16031476   1.34805345   1.34805345   1.39302244
   1.4706711    1.4706711    1.4706711    1.58340094   1.58340094
   1.58340094   1.6243686    1.63281005   1.63281005   1.63281005
   1.88408302   1.88408302   1.88408302   2.91103263   3.00022796
   3.00022796   3.00022796   3.4419156    3.4419156    3.4419156
   3.48264037   3.48264037   3.65304817   3.65304817   3.65304817
   3.7617201    3.7617201    3.85308364   3.85308364   3.85308364
   3.97713241   3.9958594    3.9958594    3.9958594    4.1472685
   4.1472685    4.1472685    4.22893153   4.22893153   4.22893153
   4.34393679   4.34393679   4.34393679   4.43108697   4.43108697
   4.72655823   4.89690143   4.89690143   4.89690143   5.11324962
   5.11324962   5.75126135   5.75126135   5.75126135   7.29973224
   7.29973224   7.29973224  12.898056  ]
E_coul = 133.064539263096
cycle= 5 E= -291.258477537134  delta_E= -2.01e-06  |g|= 0.000504  |ddm|= 0.00326
    CPU time for cycle= 5      0.07 sec, wall time      0.07 sec
diis-norm(errvec)=0.0013629
diis-c [ -3.19195801e-07   1.83442190e-03   2.54500019e-03  -4.46375656e-02
  -1.42241605e-01   1.18249975e+00]
  HOMO = -0.486683869083828  LUMO = 0.143080615361329
  mo_energy =
[-68.77080043  -6.12169979  -4.22789711  -4.22789711  -4.22789711
  -0.72994047  -0.48668387  -0.48668387  -0.48668387   0.14308062
   0.14308062   0.14308062   0.16803886   0.27880895   0.27880895
   0.27880895   0.32952501   0.32952501   0.4186195    0.4186195
   0.4186195    0.42284792   0.5514245    0.72364264   0.72364264
   0.72364264   0.8481698    0.8481698    0.8481698    0.98862349
   0.98862349   0.98862349   1.12559472   1.12559472   1.16036078
   1.16036078   1.16036078   1.34807931   1.34807931   1.3930669
   1.47072704   1.47072704   1.47072704   1.58344987   1.58344987
   1.58344987   1.62441068   1.63286808   1.63286808   1.63286808
   1.88415843   1.88415843   1.88415843   2.91106182   3.00025562
   3.00025562   3.00025562   3.4419462    3.4419462    3.4419462
   3.4826664    3.4826664    3.65309086   3.65309086   3.65309086
   3.76179012   3.76179012   3.8531233    3.8531233    3.8531233
   3.97719885   3.99589636   3.99589636   3.99589636   4.14732856
   4.14732856   4.14732856   4.22896212   4.22896212   4.22896212
   4.34398225   4.34398225   4.34398225   4.43112022   4.43112022
   4.72660583   4.89695294   4.89695294   4.89695294   5.11335832
   5.11335832   5.75136047   5.75136047   5.75136047   7.29978985
   7.29978985   7.29978985  12.89810031]
E_coul = 133.064782751873
cycle= 6 E= -291.258477655998  delta_E= -1.19e-07  |g|= 4.13e-05  |ddm|= 0.00125
    CPU time for cycle= 6      0.07 sec, wall time      0.07 sec
diis-norm(errvec)=0.000114736
diis-c [ -1.43244550e-09  -4.33045743e-04  -1.25294727e-04   8.28844094e-03
   7.39430642e-03  -1.90188637e-01   1.17506423e+00]
  HOMO = -0.486685925973981  LUMO = 0.143081749299298
  mo_energy =
[-68.77077011  -6.1217024   -4.22789774  -4.22789774  -4.22789774
  -0.72994748  -0.48668593  -0.48668593  -0.48668593   0.14308175
   0.14308175   0.14308175   0.16803664   0.27880912   0.27880912
   0.27880912   0.32952532   0.32952532   0.41861896   0.41861896
   0.41861896   0.4228478    0.55142416   0.72364224   0.72364224
   0.72364224   0.84817172   0.84817172   0.84817172   0.98862583
   0.98862583   0.98862583   1.12558945   1.12558945   1.16035978
   1.16035978   1.16035978   1.3480812    1.3480812    1.39306746
   1.47072281   1.47072281   1.47072281   1.58344729   1.58344729
   1.58344729   1.62440774   1.63286676   1.63286676   1.63286676
   1.8841576    1.8841576    1.8841576    2.91107111   3.00026428
   3.00026428   3.00026428   3.44195352   3.44195352   3.44195352
   3.48267392   3.48267392   3.65309757   3.65309757   3.65309757
   3.76179486   3.76179486   3.85313126   3.85313126   3.85313126
   3.97720657   3.99590589   3.99590589   3.99590589   4.1473368
   4.1473368    4.1473368    4.22897059   4.22897059   4.22897059
   4.34399015   4.34399015   4.34399015   4.43112979   4.43112979
   4.7266154    4.89696153   4.89696153   4.89696153   5.11335389
   5.11335389   5.75135649   5.75135649   5.75135649   7.29978881
   7.29978881   7.29978881  12.89809636]
E_coul = 133.064768312471
cycle= 7 E= -291.25847765699  delta_E= -9.93e-10  |g|= 3.21e-06  |ddm|= 0.000144
    CPU time for cycle= 7      0.07 sec, wall time      0.07 sec
  HOMO = -0.486684964210689  LUMO = 0.143081813238874
  mo_energy =
[-68.77076964  -6.12170061  -4.22789587  -4.22789587  -4.22789587
  -0.72994685  -0.48668496  -0.48668496  -0.48668496   0.14308181
   0.14308181   0.14308181   0.16803654   0.27880918   0.27880918
   0.27880918   0.32952573   0.32952573   0.41861916   0.41861916
   0.41861916   0.42284775   0.55142431   0.72364242   0.72364242
   0.72364242   0.8481718    0.8481718    0.8481718    0.98862599
   0.98862599   0.98862599   1.12559027   1.12559027   1.16036018
   1.16036018   1.16036018   1.34808133   1.34808133   1.39306773
   1.47072346   1.47072346   1.47072346   1.58344777   1.58344777
   1.58344777   1.62440826   1.63286731   1.63286731   1.63286731
   1.88415822   1.88415822   1.88415822   2.91107092   3.00026412
   3.00026412   3.00026412   3.44195344   3.44195344   3.44195344
   3.48267381   3.48267381   3.65309761   3.65309761   3.65309761
   3.76179523   3.76179523   3.85313121   3.85313121   3.85313121
   3.9772067    3.99590574   3.99590574   3.99590574   4.14733694
   4.14733694   4.14733694   4.22897046   4.22897046   4.22897046
   4.34399022   4.34399022   4.34399022   4.43112968   4.43112968
   4.72661535   4.89696158   4.89696158   4.89696158   5.11335532
   5.11335532   5.7513579    5.7513579    5.7513579    7.29979021
   7.29979021   7.29979021  12.89809792]
E_coul = 133.06476664568
Extra cycle  E= -291.258477656996  delta_E= -5.12e-12  |g|= 8.43e-07  |ddm|= 1.03e-05
    CPU time for scf_cycle      1.27 sec, wall time      1.28 sec
    CPU time for SCF      1.27 sec, wall time      1.43 sec
converged SCF energy = -291.258477656996
RHF E = -291.258477657
RHF eps = [-68.77076964  -6.12170061  -4.22789587  -4.22789587  -4.22789587
  -0.72994685  -0.48668496  -0.48668496  -0.48668496   0.14308181
   0.14308181   0.14308181   0.16803654   0.27880918   0.27880918
   0.27880918   0.32952573   0.32952573   0.41861916   0.41861916
   0.41861916   0.42284775   0.55142431   0.72364242   0.72364242
   0.72364242   0.8481718    0.8481718    0.8481718    0.98862599
   0.98862599   0.98862599   1.12559027   1.12559027   1.16036018
   1.16036018   1.16036018   1.34808133   1.34808133   1.39306773
   1.47072346   1.47072346   1.47072346   1.58344777   1.58344777
   1.58344777   1.62440826   1.63286731   1.63286731   1.63286731
   1.88415822   1.88415822   1.88415822   2.91107092   3.00026412
   3.00026412   3.00026412   3.44195344   3.44195344   3.44195344
   3.48267381   3.48267381   3.65309761   3.65309761   3.65309761
   3.76179523   3.76179523   3.85313121   3.85313121   3.85313121
   3.9772067    3.99590574   3.99590574   3.99590574   4.14733694
   4.14733694   4.14733694   4.22897046   4.22897046   4.22897046
   4.34399022   4.34399022   4.34399022   4.43112968   4.43112968
   4.72661535   4.89696158   4.89696158   4.89696158   5.11335532
   5.11335532   5.7513579    5.7513579    5.7513579    7.29979021
   7.29979021   7.29979021  12.89809792]
    CPU time for GW integral transformation     14.07 sec, wall time     14.07 sec

******** <class 'pyscf.gw.gf2.GF2'> flags ********
method = GF2
GF2 nocc = 9, nvir = 89
use perturbative linearized QP eqn = False
use diagonal approximation for sigma = True
  HOMO = -0.471689634251548  LUMO = 0.114863465492429
  GW mo_energy =
[-67.84378871  -5.79266346  -3.94776656  -3.94776656  -3.94776656
  -0.69257881  -0.47168963  -0.47168963  -0.47168963   0.11486347
   0.11486347   0.11486347   0.1362323    0.24937388   0.24937388
   0.24937388   0.28208175   0.28208175   0.37770363   0.37770363
   0.37770363   0.37894313   0.49663117   0.66062897   0.66062897
   0.66062897   0.8084535    0.8084535    0.8084535    0.88898679
   0.88898679   0.88898679   1.12278184   1.12278184   1.07928177
   1.07928177   1.07928177   1.35674518   1.35674518   1.38400596
   1.45815815   1.45815815   1.45815815   1.55348238   1.55348238
   1.55348238   1.54818531   1.63262322   1.63262322   1.63262322
   1.82924094   1.82924094   1.82924094   2.76756968   2.94916393
   2.94916393   2.94916393   3.3831111    3.3831111    3.3831111
   3.41994847   3.41994847   3.57253445   3.57253445   3.57253445
   3.66581161   3.66581161   3.74080014   3.74080014   3.74080014
   3.91727108   3.87675918   3.87675918   3.87675918   4.12287146
   4.12287146   4.12287146   4.15752423   4.15752423   4.15752423
   4.33712362   4.33712362   4.33712362   4.27436543   4.27436543
   4.61171073   4.73398662   4.73398662   4.73398662   5.07485038
   5.07485038   5.52389323   5.52389323   5.52389323   7.11767028
   7.11767028   7.11767028  12.89154737]
    CPU time for GF2      2.68 sec, wall time      2.68 sec
    CPU time for GW integral transformation     14.15 sec, wall time     14.16 sec

******** <class 'pyscf.gw.gf2.GF2'> flags ********
method = GF2
GF2 nocc = 9, nvir = 89
use perturbative linearized QP eqn = False
use diagonal approximation for sigma = True
  HOMO = -0.471689634251548  LUMO = 0.114863465492429
  GW mo_energy =
[ 0.          0.          0.          0.          0.          0.          0.
  0.         -0.47168963  0.11486347  0.          0.          0.          0.
  0.          0.          0.          0.          0.          0.          0.
  0.          0.          0.          0.          0.          0.          0.
  0.          0.          0.          0.          0.          0.          0.
  0.          0.          0.          0.          0.          0.          0.
  0.          0.          0.          0.          0.          0.          0.
  0.          0.          0.          0.          0.          0.          0.
  0.          0.          0.          0.          0.          0.          0.
  0.          0.          0.          0.          0.          0.          0.
  0.          0.          0.          0.          0.          0.          0.
  0.          0.          0.          0.          0.          0.          0.
  0.          0.          0.          0.          0.          0.          0.
  0.          0.          0.          0.          0.          0.          0.        ]
    CPU time for GF2      0.02 sec, wall time      0.02 sec
IP root 0 E = -0.471689634252
EA root 0 E = 0.114863465492
