

******** <class 'pyscf.scf.hf.RHF'> flags ********
method = RHF
initial guess = minao
damping factor = 0
level shift factor = 0
DIIS = <class 'pyscf.scf.diis.CDIIS'>
DIIS start cycle = 1
DIIS space = 8
SCF tol = 1e-09
SCF gradient tol = None
max. SCF cycles = 50
direct_scf = True
direct_scf_tol = 1e-13
chkfile to save SCF result = /tmp/tmpoiQb3J
max_memory 4000 MB (current use 76 MB)
Set gradient conv threshold to 3.16228e-05
Nelec from initial guess = 24.4615543382
cond(S) = 591.356738953
E_coul = 206.194309358207
init E= -281.807165913404
    CPU time for initialize scf      0.28 sec, wall time      0.29 sec
  HOMO = -1.28270455555894  LUMO = -0.261069402220795
  mo_energy =
[ -10.14563858   -7.86425555   -7.86425555   -7.86425555   -4.39953035
   -4.39953035   -4.39953035   -4.39953035   -4.39953035   -1.96272839
   -1.28270456   -1.28270456   -1.28270456   -0.2610694    -0.2610694
   -0.2610694    -0.2610694    -0.2610694    -0.12678977   -0.12624489
   -0.12624489   -0.12624489    0.17538972    0.17538972    0.17538972
    0.17538972    0.17538972    0.17538972    0.17538972    0.74233756
    0.74233756    0.74233756    0.75296376    0.75296376    0.75296376
    0.75296376    0.75296376    2.12926391    2.12926391    2.12926391
    2.12926391    2.12926391    2.12926391    2.12926391    3.43673304
   31.77682327   31.77682327   31.77682327   42.17365926  106.24501902]
E_coul = 259.315343871756
cycle= 1 E= -327.427338617255  delta_E= -45.6  |g|= 2.74  |ddm|= 16.6
    CPU time for cycle= 1      0.01 sec, wall time      0.01 sec
diis-norm(errvec)=3.72997
diis-c [-13.9126585   1.       ]
  HOMO = -0.235241380068787  LUMO = 0.339152139047072
  mo_energy =
[  -7.57476352   -5.33676128   -5.33676128   -5.33676128   -1.92040505
   -1.92040505   -1.92040505   -1.92040505   -1.92040505   -0.73454033
   -0.23524138   -0.23524138   -0.23524138    0.33915214    0.33915214
    0.33915214    0.47373477    0.47373477    0.47373477    0.47373477
    0.47373477    0.66347851    1.45296015    1.45296015    1.45296015
    1.45296015    1.45296015    1.45296015    1.45296015    1.81368997
    1.81368997    1.81368997    2.01380929    2.01380929    2.01380929
    2.01380929    2.01380929    4.29279803    4.29279803    4.29279803
    4.29279803    4.29279803    4.29279803    4.29279803    5.44012297
   35.6889568    35.6889568    35.6889568    46.1070036   110.39558605]
E_coul = 237.345379152604
cycle= 2 E= -328.172329843054  delta_E= -0.745  |g|= 1.15  |ddm|=  4.7
    CPU time for cycle= 2      0.01 sec, wall time      0.01 sec
diis-norm(errvec)=1.41203
diis-c [-1.01790984  0.21575065  0.78424935]
  HOMO = -0.467174944345375  LUMO = 0.291061746284026
  mo_energy =
[  -8.4737117    -6.20300396   -6.20300396   -6.20300396   -2.72584502
   -2.72584502   -2.72584502   -2.72584502   -2.72584502   -1.02795761
   -0.46717494   -0.46717494   -0.46717494    0.29106175    0.29106175
    0.29106175    0.34384104    0.34384104    0.34384104    0.34384104
    0.34384104    0.4932041     1.12727282    1.12727282    1.12727282
    1.12727282    1.12727282    1.12727282    1.12727282    1.52822721
    1.52822721    1.52822721    1.65723736    1.65723736    1.65723736
    1.65723736    1.65723736    3.58826607    3.58826607    3.58826607
    3.58826607    3.58826607    3.58826607    3.58826607    4.82249645
   34.53782568   34.53782568   34.53782568   44.9775703   109.14193936]
E_coul = 243.947184387041
cycle= 3 E= -328.296847476731  delta_E= -0.125  |g|= 0.122  |ddm|=  1.1
    CPU time for cycle= 3      0.01 sec, wall time      0.01 sec
diis-norm(errvec)=0.132117
diis-c [ -8.52284837e-04  -7.30544018e-03   7.41929539e-02   9.33112486e-01]
  HOMO = -0.455799630999036  LUMO = 0.298385091826137
  mo_energy =
[  -8.39783995   -6.1313981    -6.1313981    -6.1313981    -2.66169274
   -2.66169274   -2.66169274   -2.66169274   -2.66169274   -1.00955063
   -0.45579963   -0.45579963   -0.45579963    0.29838509    0.29838509
    0.29838509    0.35295212    0.35295212    0.35295212    0.35295212
    0.35295212    0.5105485     1.15049371    1.15049371    1.15049371
    1.15049371    1.15049371    1.15049371    1.15049371    1.55371262
    1.55371262    1.55371262    1.68468936    1.68468936    1.68468936
    1.68468936    1.68468936    3.64152583    3.64152583    3.64152583
    3.64152583    3.64152583    3.64152583    3.64152583    4.87342638
   34.65315984   34.65315984   34.65315984   45.08995221  109.27551572]
E_coul = 243.288652206369
cycle= 4 E= -328.298386825779  delta_E= -0.00154  |g|= 0.00508  |ddm|= 0.161
    CPU time for cycle= 4      0.01 sec, wall time      0.01 sec
diis-norm(errvec)=0.00632846
diis-c [ -1.73755412e-06   1.35574996e-03  -1.28674992e-02  -1.17861437e-01
   1.12937319e+00]
  HOMO = -0.456018065856189  LUMO = 0.298572733429772
  mo_energy =
[  -8.39953015   -6.13322548   -6.13322548   -6.13322548   -2.66356563
   -2.66356563   -2.66356563   -2.66356563   -2.66356563   -1.00936496
   -0.45601807   -0.45601807   -0.45601807    0.29857273    0.29857273
    0.29857273    0.35305414    0.35305414    0.35305414    0.35305414
    0.35305414    0.51092775    1.15014432    1.15014432    1.15014432
    1.15014432    1.15014432    1.15014432    1.15014432    1.55362878
    1.55362878    1.55362878    1.68427976    1.68427976    1.68427976
    1.68427976    1.68427976    3.6400111     3.6400111     3.6400111
    3.6400111     3.6400111     3.6400111     3.6400111     4.87256485
   34.65109487   34.65109487   34.65109487   45.08792049  109.27306235]
E_coul = 243.301772098388
cycle= 5 E= -328.298393568207  delta_E= -6.74e-06  |g|= 0.000635  |ddm|= 0.0145
    CPU time for cycle= 5      0.01 sec, wall time      0.01 sec
diis-norm(errvec)=0.000763585
diis-c [ -1.64207455e-08  -1.30981916e-04   1.12405854e-03   1.32859465e-02
  -1.89184542e-01   1.17490552e+00]
  HOMO = -0.456069585551051  LUMO = 0.298582712955499
  mo_energy =
[  -8.39981436   -6.13352193   -6.13352193   -6.13352193   -2.66384896
   -2.66384896   -2.66384896   -2.66384896   -2.66384896   -1.00935517
   -0.45606959   -0.45606959   -0.45606959    0.29858271    0.29858271
    0.29858271    0.35306155    0.35306155    0.35306155    0.35306155
    0.35306155    0.51098287    1.15008504    1.15008504    1.15008504
    1.15008504    1.15008504    1.15008504    1.15008504    1.55359908
    1.55359908    1.55359908    1.68420004    1.68420004    1.68420004
    1.68420004    1.68420004    3.63977097    3.63977097    3.63977097
    3.63977097    3.63977097    3.63977097    3.63977097    4.8724078
   34.6507252    34.6507252    34.6507252    45.08756297  109.27266286]
E_coul = 243.304772159927
cycle= 6 E= -328.298393675281  delta_E= -1.07e-07  |g|= 4.06e-05  |ddm|= 0.002
    CPU time for cycle= 6      0.01 sec, wall time      0.01 sec
diis-norm(errvec)=4.60638e-05
diis-c [ -1.41182513e-10   4.00225544e-06  -2.38622295e-05  -7.58961963e-04
   1.66873350e-02  -1.35969506e-01   1.12006099e+00]
  HOMO = -0.456059914789033  LUMO = 0.298585969879267
  mo_energy =
[  -8.39978415   -6.13349271   -6.13349271   -6.13349271   -2.6638204
   -2.6638204    -2.6638204    -2.6638204    -2.6638204    -1.00933774
   -0.45605991   -0.45605991   -0.45605991    0.29858597    0.29858597
    0.29858597    0.35307007    0.35307007    0.35307007    0.35307007
    0.35307007    0.51099572    1.1501016     1.1501016     1.1501016
    1.1501016     1.1501016     1.1501016     1.1501016     1.55361209
    1.55361209    1.55361209    1.68421613    1.68421613    1.68421613
    1.68421613    1.68421613    3.63979723    3.63979723    3.63979723
    3.63979723    3.63979723    3.63979723    3.63979723    4.87243268
   34.6507583    34.6507583    34.6507583    45.08759598  109.27269729]
E_coul = 243.304590779917
cycle= 7 E= -328.298393675614  delta_E= -3.33e-10  |g|= 2.53e-06  |ddm|= 0.000131
    CPU time for cycle= 7      0.01 sec, wall time      0.01 sec
  HOMO = -0.456060638181443  LUMO = 0.298585858862948
  mo_energy =
[  -8.39978613   -6.13349468   -6.13349468   -6.13349468   -2.66382223
   -2.66382223   -2.66382223   -2.66382223   -2.66382223   -1.00933824
   -0.45606064   -0.45606064   -0.45606064    0.29858586    0.29858586
    0.29858586    0.35306972    0.35306972    0.35306972    0.35306972
    0.35306972    0.51099554    1.15010069    1.15010069    1.15010069
    1.15010069    1.15010069    1.15010069    1.15010069    1.55361142
    1.55361142    1.55361142    1.68421524    1.68421524    1.68421524
    1.68421524    1.68421524    3.63979557    3.63979557    3.63979557
    3.63979557    3.63979557    3.63979557    3.63979557    4.87243138
   34.65075623   34.65075623   34.65075623   45.08759395  109.27269513]
E_coul = 243.304602341129
Extra cycle  E= -328.298393675616  delta_E= -1.59e-12  |g|= 7.5e-07  |ddm|= 7.19e-06
    CPU time for scf_cycle      0.36 sec, wall time      0.37 sec
    CPU time for SCF      0.37 sec, wall time      0.56 sec
converged SCF energy = -328.298393675616
RHF E = -328.298393676
RHF eps = [  -8.39978613   -6.13349468   -6.13349468   -6.13349468   -2.66382223
   -2.66382223   -2.66382223   -2.66382223   -2.66382223   -1.00933824
   -0.45606064   -0.45606064   -0.45606064    0.29858586    0.29858586
    0.29858586    0.35306972    0.35306972    0.35306972    0.35306972
    0.35306972    0.51099554    1.15010069    1.15010069    1.15010069
    1.15010069    1.15010069    1.15010069    1.15010069    1.55361142
    1.55361142    1.55361142    1.68421524    1.68421524    1.68421524
    1.68421524    1.68421524    3.63979557    3.63979557    3.63979557
    3.63979557    3.63979557    3.63979557    3.63979557    4.87243138
   34.65075623   34.65075623   34.65075623   45.08759395  109.27269513]
    CPU time for GW integral transformation      0.68 sec, wall time      0.68 sec

******** <class 'pyscf.gw.gf2.GF2'> flags ********
method = GF2
GF2 nocc = 13, nvir = 37
use perturbative linearized QP eqn = False
use diagonal approximation for sigma = True
  HOMO = -0.450587987931466  LUMO = 0.280001000695168
  GW mo_energy =
[  -8.36209048   -5.71248395   -5.71248395   -5.71248395   -2.44590961
   -2.44590961   -2.44590961   -2.44590961   -2.44590961   -0.879456
   -0.45058799   -0.45058799   -0.45058799    0.280001      0.280001
    0.280001      0.32755795    0.32755795    0.32755795    0.32755795
    0.32755795    0.43299522    1.01715684    1.01715684    1.01715684
    1.01715684    1.01715684    1.01715684    1.01715684    1.52115764
    1.52115764    1.52115764    1.56791307    1.56791307    1.56791307
    1.56791307    1.56791307    3.49209337    3.49209337    3.49209337
    3.49209337    3.49209337    3.49209337    3.49209337    4.89703878
   34.22210984   34.22210984   34.22210984   44.85168078  108.77067235]
    CPU time for GF2      0.28 sec, wall time      0.28 sec
    CPU time for GW integral transformation      0.65 sec, wall time      0.65 sec

******** <class 'pyscf.gw.gf2.GF2'> flags ********
method = GF2
GF2 nocc = 13, nvir = 37
use perturbative linearized QP eqn = False
use diagonal approximation for sigma = True
  HOMO = -0.450587987931466  LUMO = 0.280001000695168
  GW mo_energy =
[ 0.          0.          0.          0.          0.          0.          0.
  0.          0.          0.          0.          0.         -0.45058799
  0.280001    0.          0.          0.          0.          0.          0.
  0.          0.          0.          0.          0.          0.          0.
  0.          0.          0.          0.          0.          0.          0.
  0.          0.          0.          0.          0.          0.          0.
  0.          0.          0.          0.          0.          0.          0.
  0.          0.        ]
    CPU time for GF2      0.01 sec, wall time      0.01 sec
IP root 0 E = -0.450587987931
EA root 0 E = 0.280001000695
