

******** <class 'pyscf.scf.hf.RHF'> flags ********
method = RHF
initial guess = minao
damping factor = 0
level shift factor = 0
Do DIIS = True
DIIS start cycle = 1
DIIS space = 8
SCF tol = 1e-09
SCF gradient tol = None
max. SCF cycles = 50
direct_scf = True
direct_scf_tol = 1e-13
chkfile to save SCF result = /tmp/tmpwee1Rj
max_memory 4000 MB (current use 39 MB)
Set gradient conv threshold to 3.16228e-05
Nelec from initial guess = 35.1819
cond(S) = 985.785105569
E_coul = 255.598408467124
init E= -269.291390166131
    CPU time for initialize scf      3.74 sec, wall time      3.74 sec
  HOMO = -1.09975696915176  LUMO = -0.807365442043705
  mo_energy =
[ -5.83941451e+00  -5.83699257e+00  -4.30880244e+00  -4.29399490e+00
  -4.29006823e+00  -4.29006823e+00  -4.28815410e+00  -4.28815410e+00
  -1.96139023e+00  -1.93016897e+00  -1.93016897e+00  -1.89901576e+00
  -1.89901576e+00  -1.89255952e+00  -1.89255952e+00  -1.88746878e+00
  -1.88746878e+00  -1.87464261e+00  -1.09975697e+00  -8.07365442e-01
  -6.57191031e-01  -6.57191031e-01  -6.18408324e-01  -5.08962119e-01
  -5.08962119e-01  -3.91217121e-01  -3.78722810e-01  -3.00798176e-01
  -3.00798176e-01  -2.75755418e-01  -2.61074940e-01  -2.55592202e-01
  -2.55592202e-01  -2.27784916e-01  -2.27784916e-01  -2.13903013e-01
  -2.13903013e-01  -1.79355277e-01  -1.36677957e-01  -1.36677957e-01
  -3.27358487e-02  -4.60567607e-03  -4.60567607e-03   1.01716924e-01
   4.53837775e-01   5.80082929e-01   5.80082929e-01   6.33336404e-01
   6.33336404e-01   6.56033460e-01   6.56033460e-01   6.57606294e-01
   6.57606294e-01   6.58356480e-01   6.58356480e-01   7.12685595e-01
   7.12685595e-01   8.15395454e-01   8.34255181e-01   8.34255181e-01
   8.83706423e-01   9.02614478e-01   9.02614478e-01   9.51156023e-01
   1.06572024e+00   1.19243918e+00   1.19243918e+00   1.21743824e+00
   1.21743824e+00   1.24102266e+00   1.24102266e+00   1.28086615e+00
   1.30010138e+00   1.30010138e+00   1.43529863e+00   1.47616825e+00
   3.77623567e+00   3.77623567e+00   3.78846758e+00   3.82236632e+00
   3.82236632e+00   3.84167947e+00   3.84167947e+00   3.84381222e+00
   3.84381222e+00   3.85246082e+00   3.85246082e+00   3.94336302e+00
   3.94336302e+00   4.15726224e+00   4.66535886e+00   4.66535886e+00
   4.66673813e+00   4.66936707e+00   4.66936707e+00   4.66956099e+00
   4.66956099e+00   4.67015663e+00   4.67015663e+00   4.67557547e+00
   4.67557547e+00   4.67564558e+00   4.67564558e+00   4.68007693e+00
   4.68265722e+00   4.68265722e+00   4.68266221e+00   4.68266221e+00
   3.17908132e+01   3.20365896e+01   1.09085211e+02   1.09164771e+02]
E_coul = 328.717225960944
cycle= 1 E= -290.721073226152  delta_E= -21.4  |g|= 3.31  |ddm|= 6.87
    CPU time for cycle= 1      0.11 sec, wall time      0.11 sec
diis-norm(errvec)=4.84947
diis-c [-23.51740172   1.        ]
  HOMO = 0.026401657518212  LUMO = 0.046384803297019
  mo_energy =
[ -3.60289224e+00  -3.60177807e+00  -2.11657292e+00  -2.11657292e+00
  -2.11504024e+00  -2.11504024e+00  -2.10586680e+00  -2.09440449e+00
  -7.78439057e-02  -3.37185081e-02  -3.22887761e-02  -3.22887761e-02
  -2.03028786e-02  -2.03028786e-02  -7.03129803e-03  -7.03129803e-03
   1.95525358e-02   1.95525358e-02   2.64016575e-02   4.63848033e-02
   9.59825693e-02   9.59825693e-02   9.73878547e-02   1.31143298e-01
   1.31143298e-01   1.88021581e-01   2.55021499e-01   3.15045907e-01
   3.95661029e-01   4.06371617e-01   4.06371617e-01   4.75670833e-01
   4.75670833e-01   6.51058233e-01   6.51058233e-01   6.74212262e-01
   7.24383091e-01   7.24383091e-01   7.24624543e-01   7.24624543e-01
   8.47199341e-01   8.47199341e-01   8.87587139e-01   1.04154128e+00
   2.09616544e+00   2.22981035e+00   2.22981035e+00   2.27218325e+00
   2.27218325e+00   2.27830234e+00   2.27830234e+00   2.27931252e+00
   2.27931252e+00   2.28102099e+00   2.28102099e+00   2.29127148e+00
   2.29707321e+00   2.29707321e+00   2.31162502e+00   2.31162502e+00
   2.38326872e+00   2.44047662e+00   2.44047662e+00   2.51046270e+00
   2.75685641e+00   2.81084116e+00   2.81084116e+00   2.84237168e+00
   2.84237168e+00   2.84558533e+00   2.84558533e+00   2.94390060e+00
   2.94390060e+00   2.95921522e+00   3.16435870e+00   3.20849681e+00
   6.10132620e+00   6.10132620e+00   6.10311004e+00   6.13438922e+00
   6.13438922e+00   6.13570216e+00   6.13570216e+00   6.13740847e+00
   6.13740847e+00   6.15785487e+00   6.15785487e+00   6.24257159e+00
   6.24257159e+00   6.42924223e+00   6.63187730e+00   6.63187730e+00
   6.63187963e+00   6.63187963e+00   6.64028250e+00   6.64028250e+00
   6.64032436e+00   6.64032436e+00   6.64657716e+00   6.64657716e+00
   6.64695518e+00   6.64695518e+00   6.65044588e+00   6.65044588e+00
   6.65416630e+00   6.65416630e+00   6.65417486e+00   6.67554577e+00
   3.48957111e+01   3.51394739e+01   1.12326407e+02   1.12405278e+02]
E_coul = 282.499954699705
cycle= 2 E= -290.663428159794  delta_E= 0.0576  |g|= 3.39  |ddm|= 9.47
    CPU time for cycle= 2      0.10 sec, wall time      0.11 sec
diis-norm(errvec)=5.49591
diis-c [-1.76037956  0.53345297  0.46654703]
  HOMO = -0.244103361769698  LUMO = 0.00123283538956436
  mo_energy =
[ -4.32600502e+00  -4.32509867e+00  -2.78599514e+00  -2.78056188e+00
  -2.78056188e+00  -2.77959894e+00  -2.77959894e+00  -2.77629403e+00
  -5.41203235e-01  -5.21570390e-01  -5.21570390e-01  -5.06974209e-01
  -5.06974209e-01  -4.99532005e-01  -4.99532005e-01  -4.70786036e-01
  -4.70786036e-01  -4.61315309e-01  -2.44103362e-01   1.23283539e-03
   4.75913827e-02   4.75913827e-02   6.42800915e-02   1.01739090e-01
   1.01739090e-01   1.53348890e-01   1.80614042e-01   2.35277503e-01
   2.89830102e-01   2.89830102e-01   2.90176862e-01   3.63444018e-01
   3.63444018e-01   5.07874422e-01   5.07874422e-01   5.18225269e-01
   5.57234890e-01   5.57234890e-01   6.01832380e-01   6.01832380e-01
   7.21959716e-01   7.27662132e-01   7.27662132e-01   8.76434090e-01
   1.67761216e+00   1.82246698e+00   1.82246698e+00   1.87319736e+00
   1.87319736e+00   1.88828211e+00   1.88828211e+00   1.89084310e+00
   1.89084310e+00   1.90830983e+00   1.90830983e+00   1.92170708e+00
   1.92170708e+00   1.92747384e+00   1.92747384e+00   1.95262355e+00
   2.03954760e+00   2.03954760e+00   2.04117521e+00   2.08194006e+00
   2.29861568e+00   2.38267358e+00   2.38267358e+00   2.40172252e+00
   2.40172252e+00   2.42090235e+00   2.42090235e+00   2.48282650e+00
   2.49355048e+00   2.49355048e+00   2.67296567e+00   2.72525368e+00
   5.39118613e+00   5.39118613e+00   5.39734548e+00   5.43016820e+00
   5.43016820e+00   5.44123719e+00   5.44123719e+00   5.44309470e+00
   5.44309470e+00   5.45607314e+00   5.45607314e+00   5.53966111e+00
   5.53966111e+00   5.73196540e+00   6.08971367e+00   6.08971367e+00
   6.09120497e+00   6.09120497e+00   6.09174316e+00   6.09190976e+00
   6.09190976e+00   6.09262238e+00   6.09262238e+00   6.09269013e+00
   6.09269013e+00   6.09399333e+00   6.09399333e+00   6.09399346e+00
   6.09399346e+00   6.09500305e+00   6.09500305e+00   6.11217236e+00
   3.39034861e+01   3.41483232e+01   1.11254840e+02   1.11333850e+02]
E_coul = 307.122124296276
cycle= 3 E= -292.243488298203  delta_E= -1.58  |g|= 0.0777  |ddm|= 8.35
    CPU time for cycle= 3      0.11 sec, wall time      0.11 sec
diis-norm(errvec)=0.148164
diis-c [-0.01656596 -0.03162943 -0.02166429  1.05329373]
  HOMO = -0.227579059213843  LUMO = 0.0143541656045203
  mo_energy =
[ -4.31254798e+00  -4.31172113e+00  -2.77019006e+00  -2.76390638e+00
  -2.76390638e+00  -2.76310741e+00  -2.76310741e+00  -2.76103960e+00
  -5.27414374e-01  -5.10403395e-01  -5.10403395e-01  -4.91222877e-01
  -4.91222877e-01  -4.83277428e-01  -4.83277428e-01  -4.66114457e-01
  -4.66114457e-01  -4.54687731e-01  -2.27579059e-01   1.43541656e-02
   5.98250256e-02   5.98250256e-02   7.67027862e-02   1.11944512e-01
   1.11944512e-01   1.60607523e-01   2.02265999e-01   2.48051846e-01
   3.10127178e-01   3.10759155e-01   3.10759155e-01   3.84542583e-01
   3.84542583e-01   5.35626415e-01   5.35626415e-01   5.43698086e-01
   5.85059080e-01   5.85059080e-01   6.27707323e-01   6.27707323e-01
   7.50610625e-01   7.51347912e-01   7.51347912e-01   9.02277358e-01
   1.71135467e+00   1.85508381e+00   1.85508381e+00   1.90561446e+00
   1.90561446e+00   1.92149427e+00   1.92149427e+00   1.92406630e+00
   1.92406630e+00   1.94058971e+00   1.94058971e+00   1.95041592e+00
   1.95041592e+00   1.95675529e+00   1.95675529e+00   1.97808144e+00
   2.06660564e+00   2.07018081e+00   2.07018081e+00   2.11217621e+00
   2.32849602e+00   2.41421767e+00   2.41421767e+00   2.43217682e+00
   2.43217682e+00   2.45167783e+00   2.45167783e+00   2.51423208e+00
   2.52398631e+00   2.52398631e+00   2.70320507e+00   2.75571795e+00
   5.40952981e+00   5.40952981e+00   5.41578114e+00   5.44838002e+00
   5.44838002e+00   5.45911690e+00   5.45911690e+00   5.46097923e+00
   5.46097923e+00   5.47435423e+00   5.47435423e+00   5.55845805e+00
   5.55845805e+00   5.75163440e+00   6.12314777e+00   6.12314777e+00
   6.12472627e+00   6.12472627e+00   6.12515699e+00   6.12543490e+00
   6.12543490e+00   6.12615583e+00   6.12615583e+00   6.12621877e+00
   6.12621877e+00   6.12734853e+00   6.12734853e+00   6.12734907e+00
   6.12734907e+00   6.12852899e+00   6.12852899e+00   6.14555128e+00
   3.38873527e+01   3.41321963e+01   1.11230354e+02   1.11309366e+02]
E_coul = 306.695625218539
cycle= 4 E= -292.247318673313  delta_E= -0.00383  |g|= 0.039  |ddm|= 0.425
    CPU time for cycle= 4      0.11 sec, wall time      0.11 sec
diis-norm(errvec)=0.0814007
diis-c [-0.00418049 -0.01127988 -0.01135104  0.29373278  0.72889814]
  HOMO = -0.23091481326224  LUMO = 0.0125134914929027
  mo_energy =
[ -4.31518112e+00  -4.31433581e+00  -2.77395019e+00  -2.76689431e+00
  -2.76689431e+00  -2.76610044e+00  -2.76610044e+00  -2.76469878e+00
  -5.33105803e-01  -5.15505391e-01  -5.15505391e-01  -4.95045921e-01
  -4.95045921e-01  -4.87030746e-01  -4.87030746e-01  -4.70844681e-01
  -4.70844681e-01  -4.58968171e-01  -2.30914813e-01   1.25134915e-02
   5.68000302e-02   5.68000302e-02   7.58057054e-02   1.10792211e-01
   1.10792211e-01   1.59524325e-01   2.00401290e-01   2.46945070e-01
   3.07185039e-01   3.07185039e-01   3.07756998e-01   3.81279433e-01
   3.81279433e-01   5.30936624e-01   5.30936624e-01   5.39607773e-01
   5.80217923e-01   5.80217923e-01   6.24190045e-01   6.24190045e-01
   7.46300560e-01   7.47631973e-01   7.47631973e-01   8.97400614e-01
   1.70274491e+00   1.84802900e+00   1.84802900e+00   1.89947666e+00
   1.89947666e+00   1.91601675e+00   1.91601675e+00   1.91858900e+00
   1.91858900e+00   1.93418813e+00   1.93418813e+00   1.94593512e+00
   1.94593512e+00   1.95134064e+00   1.95134064e+00   1.97565465e+00
   2.06446684e+00   2.06446684e+00   2.06469007e+00   2.10616808e+00
   2.32339616e+00   2.40964288e+00   2.40964288e+00   2.42699827e+00
   2.42699827e+00   2.44739317e+00   2.44739317e+00   2.50767576e+00
   2.51855368e+00   2.51855368e+00   2.69650289e+00   2.74931911e+00
   5.40651496e+00   5.40651496e+00   5.41291188e+00   5.44546144e+00
   5.44546144e+00   5.45664614e+00   5.45664614e+00   5.45850573e+00
   5.45850573e+00   5.47144235e+00   5.47144235e+00   5.55519185e+00
   5.55519185e+00   5.74776409e+00   6.11745026e+00   6.11745026e+00
   6.11922375e+00   6.11922375e+00   6.11940515e+00   6.11992445e+00
   6.11992445e+00   6.12098263e+00   6.12098263e+00   6.12104421e+00
   6.12104421e+00   6.12259237e+00   6.12259237e+00   6.12259286e+00
   6.12259286e+00   6.12278465e+00   6.12278465e+00   6.13965382e+00
   3.38889657e+01   3.41338108e+01   1.11233264e+02   1.11312276e+02]
E_coul = 306.618845836451
cycle= 5 E= -292.247767401386  delta_E= -0.000449  |g|= 0.014  |ddm|= 0.0759
    CPU time for cycle= 5      0.11 sec, wall time      0.11 sec
diis-norm(errvec)=0.0269328
diis-c [ -3.11918616e-04   1.95151248e-03  -1.95998666e-03  -1.08204041e-01
  -2.27268033e-02   1.13093932e+00]
  HOMO = -0.232051073507406  LUMO = 0.0101342804347201
  mo_energy =
[ -4.32107608e+00  -4.32023188e+00  -2.78001702e+00  -2.77275072e+00
  -2.77275072e+00  -2.77197645e+00  -2.77197645e+00  -2.77077851e+00
  -5.39184564e-01  -5.21350321e-01  -5.21350321e-01  -5.00280472e-01
  -5.00280472e-01  -4.92312795e-01  -4.92312795e-01  -4.76807723e-01
  -4.76807723e-01  -4.64437567e-01  -2.32051074e-01   1.01342804e-02
   5.47912173e-02   5.47912173e-02   7.48203310e-02   1.09676965e-01
   1.09676965e-01   1.58292833e-01   1.99538022e-01   2.45300337e-01
   3.05110106e-01   3.05110106e-01   3.05237781e-01   3.78486962e-01
   3.78486962e-01   5.27726069e-01   5.27726069e-01   5.36039271e-01
   5.76519001e-01   5.76519001e-01   6.21366329e-01   6.21366329e-01
   7.43145609e-01   7.44564460e-01   7.44564460e-01   8.94096140e-01
   1.69655997e+00   1.84191033e+00   1.84191033e+00   1.89358334e+00
   1.89358334e+00   1.91042614e+00   1.91042614e+00   1.91299366e+00
   1.91299366e+00   1.92817688e+00   1.92817688e+00   1.94119852e+00
   1.94119852e+00   1.94603003e+00   1.94603003e+00   1.97032873e+00
   2.05883332e+00   2.05883332e+00   2.05922391e+00   2.10026329e+00
   2.31814856e+00   2.40455213e+00   2.40455213e+00   2.42166189e+00
   2.42166189e+00   2.44239086e+00   2.44239086e+00   2.50277421e+00
   2.51313653e+00   2.51313653e+00   2.69164522e+00   2.74341714e+00
   5.40052798e+00   5.40052798e+00   5.40686502e+00   5.43957101e+00
   5.43957101e+00   5.45090161e+00   5.45090161e+00   5.45276090e+00
   5.45276090e+00   5.46554576e+00   5.46554576e+00   5.54926688e+00
   5.54926688e+00   5.74199707e+00   6.11114951e+00   6.11114951e+00
   6.11296204e+00   6.11296204e+00   6.11309870e+00   6.11365111e+00
   6.11365111e+00   6.11480969e+00   6.11480969e+00   6.11486980e+00
   6.11486980e+00   6.11641361e+00   6.11641361e+00   6.11652738e+00
   6.11652738e+00   6.11652777e+00   6.11652777e+00   6.13314897e+00
   3.38835081e+01   3.41283614e+01   1.11227880e+02   1.11306892e+02]
E_coul = 306.610616332917
cycle= 6 E= -292.247945169446  delta_E= -0.000178  |g|= 0.00495  |ddm|= 0.068
    CPU time for cycle= 6      0.11 sec, wall time      0.11 sec
diis-norm(errvec)=0.0106259
diis-c [ -2.29228226e-05   7.44732871e-04   1.84919843e-04  -1.20357815e-02
  -1.10745363e-01  -1.21627665e-01   1.24347916e+00]
  HOMO = -0.232096865362291  LUMO = 0.00937013259612952
  mo_energy =
[ -4.32227874e+00  -4.32143340e+00  -2.78130012e+00  -2.77407628e+00
  -2.77407628e+00  -2.77330561e+00  -2.77330561e+00  -2.77206835e+00
  -5.40685836e-01  -5.22769148e-01  -5.22769148e-01  -5.01577014e-01
  -5.01577014e-01  -4.93616879e-01  -4.93616879e-01  -4.78201846e-01
  -4.78201846e-01  -4.65713869e-01  -2.32096865e-01   9.37013260e-03
   5.41422271e-02   5.41422271e-02   7.46027659e-02   1.09297271e-01
   1.09297271e-01   1.57967951e-01   1.99261362e-01   2.44907303e-01
   3.04596413e-01   3.04596413e-01   3.04722639e-01   3.77745628e-01
   3.77745628e-01   5.26754246e-01   5.26754246e-01   5.35092577e-01
   5.75517794e-01   5.75517794e-01   6.20505079e-01   6.20505079e-01
   7.42325221e-01   7.43698772e-01   7.43698772e-01   8.93207200e-01
   1.69518975e+00   1.84055830e+00   1.84055830e+00   1.89223820e+00
   1.89223820e+00   1.90909184e+00   1.90909184e+00   1.91165826e+00
   1.91165826e+00   1.92680172e+00   1.92680172e+00   1.94007460e+00
   1.94007460e+00   1.94479649e+00   1.94479649e+00   1.96940011e+00
   2.05756510e+00   2.05756510e+00   2.05831809e+00   2.09889999e+00
   2.31687200e+00   2.40332798e+00   2.40332798e+00   2.42041710e+00
   2.42041710e+00   2.44118321e+00   2.44118321e+00   2.50148946e+00
   2.51187663e+00   2.51187663e+00   2.69038023e+00   2.74212342e+00
   5.39925946e+00   5.39925946e+00   5.40562596e+00   5.43827207e+00
   5.43827207e+00   5.44960186e+00   5.44960186e+00   5.45146048e+00
   5.45146048e+00   5.46424453e+00   5.46424453e+00   5.54795919e+00
   5.54795919e+00   5.74062396e+00   6.10990026e+00   6.10990026e+00
   6.11170397e+00   6.11170397e+00   6.11185347e+00   6.11239547e+00
   6.11239547e+00   6.11353187e+00   6.11353187e+00   6.11359193e+00
   6.11359193e+00   6.11518471e+00   6.11518471e+00   6.11522054e+00
   6.11522054e+00   6.11522091e+00   6.11522091e+00   6.13196410e+00
   3.38820685e+01   3.41269210e+01   1.11226342e+02   1.11305354e+02]
E_coul = 306.60180725222
cycle= 7 E= -292.247965479135  delta_E= -2.03e-05  |g|= 0.000975  |ddm|= 0.0216
    CPU time for cycle= 7      0.11 sec, wall time      0.11 sec
diis-norm(errvec)=0.0019884
diis-c [ -9.68635556e-07  -1.54747418e-04   2.86546152e-05   5.81610198e-03
   2.04031934e-02   2.23373440e-02  -4.22409237e-01   1.37397869e+00]
  HOMO = -0.232126556240076  LUMO = 0.00924337580675127
  mo_energy =
[ -4.32243183e+00  -4.32158630e+00  -2.78146714e+00  -2.77424076e+00
  -2.77424076e+00  -2.77346976e+00  -2.77346976e+00  -2.77223622e+00
  -5.40899579e-01  -5.22941190e-01  -5.22941190e-01  -5.01750796e-01
  -5.01750796e-01  -4.93788643e-01  -4.93788643e-01  -4.78337329e-01
  -4.78337329e-01  -4.65885022e-01  -2.32126556e-01   9.24337581e-03
   5.40441030e-02   5.40441030e-02   7.46290576e-02   1.09251009e-01
   1.09251009e-01   1.57974419e-01   1.99145927e-01   2.44858164e-01
   3.04494896e-01   3.04494896e-01   3.04714354e-01   3.77655343e-01
   3.77655343e-01   5.26592874e-01   5.26592874e-01   5.35007436e-01
   5.75417998e-01   5.75417998e-01   6.20377233e-01   6.20377233e-01
   7.42247443e-01   7.43623635e-01   7.43623635e-01   8.93116419e-01
   1.69501910e+00   1.84041754e+00   1.84041754e+00   1.89210319e+00
   1.89210319e+00   1.90894252e+00   1.90894252e+00   1.91150908e+00
   1.91150908e+00   1.92665497e+00   1.92665497e+00   1.93993863e+00
   1.93993863e+00   1.94465582e+00   1.94465582e+00   1.96934261e+00
   2.05742191e+00   2.05742191e+00   2.05825656e+00   2.09877311e+00
   2.31671186e+00   2.40317283e+00   2.40317283e+00   2.42028323e+00
   2.42028323e+00   2.44103998e+00   2.44103998e+00   2.50134259e+00
   2.51174471e+00   2.51174471e+00   2.69022518e+00   2.74193313e+00
   5.39908404e+00   5.39908404e+00   5.40545149e+00   5.43810375e+00
   5.43810375e+00   5.44944683e+00   5.44944683e+00   5.45130549e+00
   5.45130549e+00   5.46407680e+00   5.46407680e+00   5.54778382e+00
   5.54778382e+00   5.74044595e+00   6.10977074e+00   6.10977074e+00
   6.11157303e+00   6.11157303e+00   6.11172442e+00   6.11226426e+00
   6.11226426e+00   6.11340065e+00   6.11340065e+00   6.11346070e+00
   6.11346070e+00   6.11505361e+00   6.11505361e+00   6.11509182e+00
   6.11509182e+00   6.11509220e+00   6.11509220e+00   6.13182960e+00
   3.38818182e+01   3.41266705e+01   1.11226064e+02   1.11305077e+02]
E_coul = 306.601806857474
cycle= 8 E= -292.247966404554  delta_E= -9.25e-07  |g|= 0.000224  |ddm|= 0.00491
    CPU time for cycle= 8      0.11 sec, wall time      0.11 sec
diis-norm(errvec)=0.000444967
diis-c [ -3.04159840e-08   1.62321266e-05   5.14864801e-05  -1.47918428e-03
  -1.32126647e-03  -2.28265512e-03   8.07047219e-02  -4.25179351e-01
   1.34949002e+00]
  HOMO = -0.232127885122666  LUMO = 0.00923602848385486
  mo_energy =
[ -4.32239964e+00  -4.32155415e+00  -2.78142556e+00  -2.77420706e+00
  -2.77420706e+00  -2.77343605e+00  -2.77343605e+00  -2.77219495e+00
  -5.40865942e-01  -5.22900337e-01  -5.22900337e-01  -5.01722853e-01
  -5.01722853e-01  -4.93759799e-01  -4.93759799e-01  -4.78288612e-01
  -4.78288612e-01  -4.65855670e-01  -2.32127885e-01   9.23602848e-03
   5.40530050e-02   5.40530050e-02   7.46471319e-02   1.09255580e-01
   1.09255580e-01   1.57988609e-01   1.99137837e-01   2.44856857e-01
   3.04493743e-01   3.04493743e-01   3.04732239e-01   3.77661666e-01
   3.77661666e-01   5.26601415e-01   5.26601415e-01   5.35028450e-01
   5.75443675e-01   5.75443675e-01   6.20384836e-01   6.20384836e-01
   7.42268221e-01   7.43643223e-01   7.43643223e-01   8.93135210e-01
   1.69505509e+00   1.84044914e+00   1.84044914e+00   1.89212967e+00
   1.89212967e+00   1.90896010e+00   1.90896010e+00   1.91152675e+00
   1.91152675e+00   1.92668202e+00   1.92668202e+00   1.93995584e+00
   1.93995584e+00   1.94467936e+00   1.94467936e+00   1.96937234e+00
   2.05744760e+00   2.05744760e+00   2.05828426e+00   2.09880609e+00
   2.31673382e+00   2.40319150e+00   2.40319150e+00   2.42031348e+00
   2.42031348e+00   2.44105902e+00   2.44105902e+00   2.50137425e+00
   2.51177673e+00   2.51177673e+00   2.69025729e+00   2.74195928e+00
   5.39912307e+00   5.39912307e+00   5.40549048e+00   5.43814060e+00
   5.43814060e+00   5.44947795e+00   5.44947795e+00   5.45133662e+00
   5.45133662e+00   5.46411351e+00   5.46411351e+00   5.54782229e+00
   5.54782229e+00   5.74048412e+00   6.10980030e+00   6.10980030e+00
   6.11159971e+00   6.11159971e+00   6.11175492e+00   6.11229099e+00
   6.11229099e+00   6.11342282e+00   6.11342282e+00   6.11348288e+00
   6.11348288e+00   6.11508348e+00   6.11508348e+00   6.11510859e+00
   6.11510859e+00   6.11510896e+00   6.11510896e+00   6.13186132e+00
   3.38818804e+01   3.41267327e+01   1.11226137e+02   1.11305149e+02]
E_coul = 306.601126111554
cycle= 9 E= -292.247966449648  delta_E= -4.51e-08  |g|= 3.83e-05  |ddm|= 0.00113
    CPU time for cycle= 9      0.11 sec, wall time      0.11 sec
diis-norm(errvec)=7.2937e-05
diis-c [ -1.53737695e-09   1.34603372e+00  -1.05193547e-05   2.25536414e-04
  -1.38014269e-04   1.92846172e-04  -1.06270484e-02   8.62619898e-02
  -4.21938515e-01]
  HOMO = -0.232121977425365  LUMO = 0.00924177623920291
  mo_energy =
[ -4.32238596e+00  -4.32154047e+00  -2.78141135e+00  -2.77419264e+00
  -2.77419264e+00  -2.77342161e+00  -2.77342161e+00  -2.77218081e+00
  -5.40852613e-01  -5.22885906e-01  -5.22885906e-01  -5.01708729e-01
  -5.01708729e-01  -4.93745428e-01  -4.93745428e-01  -4.78274012e-01
  -4.78274012e-01  -4.65846067e-01  -2.32121977e-01   9.24177624e-03
   5.40588081e-02   5.40588081e-02   7.46515595e-02   1.09259001e-01
   1.09259001e-01   1.57992234e-01   1.99139170e-01   2.44860462e-01
   3.04498612e-01   3.04498612e-01   3.04739306e-01   3.77668831e-01
   3.77668831e-01   5.26610171e-01   5.26610171e-01   5.35038815e-01
   5.75454485e-01   5.75454485e-01   6.20393170e-01   6.20393170e-01
   7.42277081e-01   7.43652501e-01   7.43652501e-01   8.93144206e-01
   1.69506980e+00   1.84046402e+00   1.84046402e+00   1.89214461e+00
   1.89214461e+00   1.90897478e+00   1.90897478e+00   1.91154145e+00
   1.91154145e+00   1.92669695e+00   1.92669695e+00   1.93996763e+00
   1.93996763e+00   1.94469230e+00   1.94469230e+00   1.96938518e+00
   2.05746140e+00   2.05746140e+00   2.05829709e+00   2.09882101e+00
   2.31674719e+00   2.40320453e+00   2.40320453e+00   2.42032740e+00
   2.42032740e+00   2.44107203e+00   2.44107203e+00   2.50138722e+00
   2.51179088e+00   2.51179088e+00   2.69027017e+00   2.74197275e+00
   5.39913741e+00   5.39913741e+00   5.40550466e+00   5.43815520e+00
   5.43815520e+00   5.44949249e+00   5.44949249e+00   5.45135116e+00
   5.45135116e+00   5.46412813e+00   5.46412813e+00   5.54783675e+00
   5.54783675e+00   5.74049868e+00   6.10981574e+00   6.10981574e+00
   6.11161509e+00   6.11161509e+00   6.11177039e+00   6.11230635e+00
   6.11230635e+00   6.11343816e+00   6.11343816e+00   6.11349823e+00
   6.11349823e+00   6.11509883e+00   6.11509883e+00   6.11512405e+00
   6.11512405e+00   6.11512443e+00   6.11512443e+00   6.13187644e+00
   3.38818935e+01   3.41267458e+01   1.11226149e+02   1.11305162e+02]
E_coul = 306.601108942852
cycle= 10 E= -292.247966450902  delta_E= -1.25e-09  |g|= 8.33e-06  |ddm|= 0.000251
    CPU time for cycle= 10      0.11 sec, wall time      0.11 sec
diis-norm(errvec)=1.7968e-05
diis-c [ -9.31195954e-11  -5.14379226e-01   1.43811809e+00  -9.12050827e-06
   1.33076795e-04  -2.59508540e-05  -6.03912513e-05  -1.05489754e-02
   8.67724968e-02]
  HOMO = -0.232122062484217  LUMO = 0.00924209430821901
  mo_energy =
[ -4.32238604e+00  -4.32154056e+00  -2.78141140e+00  -2.77419289e+00
  -2.77419289e+00  -2.77342186e+00  -2.77342186e+00  -2.77218090e+00
  -5.40852793e-01  -5.22886091e-01  -5.22886091e-01  -5.01708769e-01
  -5.01708769e-01  -4.93745470e-01  -4.93745470e-01  -4.78274171e-01
  -4.78274171e-01  -4.65846829e-01  -2.32122062e-01   9.24209431e-03
   5.40587992e-02   5.40587992e-02   7.46513570e-02   1.09258916e-01
   1.09258916e-01   1.57991956e-01   1.99139636e-01   2.44860529e-01
   3.04498753e-01   3.04498753e-01   3.04739189e-01   3.77668764e-01
   3.77668764e-01   5.26610096e-01   5.26610096e-01   5.35038740e-01
   5.75454212e-01   5.75454212e-01   6.20393097e-01   6.20393097e-01
   7.42276767e-01   7.43652371e-01   7.43652371e-01   8.93143965e-01
   1.69506971e+00   1.84046387e+00   1.84046387e+00   1.89214441e+00
   1.89214441e+00   1.90897445e+00   1.90897445e+00   1.91154112e+00
   1.91154112e+00   1.92669671e+00   1.92669671e+00   1.93996745e+00
   1.93996745e+00   1.94469210e+00   1.94469210e+00   1.96938520e+00
   2.05746120e+00   2.05746120e+00   2.05829710e+00   2.09882083e+00
   2.31674701e+00   2.40320429e+00   2.40320429e+00   2.42032727e+00
   2.42032727e+00   2.44107177e+00   2.44107177e+00   2.50138711e+00
   2.51179069e+00   2.51179069e+00   2.69027007e+00   2.74197248e+00
   5.39913728e+00   5.39913728e+00   5.40550455e+00   5.43815498e+00
   5.43815498e+00   5.44949210e+00   5.44949210e+00   5.45135077e+00
   5.45135077e+00   5.46412791e+00   5.46412791e+00   5.54783663e+00
   5.54783663e+00   5.74049860e+00   6.10981572e+00   6.10981572e+00
   6.11161499e+00   6.11161499e+00   6.11177039e+00   6.11230624e+00
   6.11230624e+00   6.11343794e+00   6.11343794e+00   6.11349800e+00
   6.11349800e+00   6.11509879e+00   6.11509879e+00   6.11512365e+00
   6.11512365e+00   6.11512402e+00   6.11512402e+00   6.13187637e+00
   3.38818931e+01   3.41267455e+01   1.11226149e+02   1.11305161e+02]
E_coul = 306.601136201416
cycle= 11 E= -292.247966450988  delta_E= -8.67e-11  |g|= 2.42e-06  |ddm|= 3.48e-05
    CPU time for cycle= 11      0.11 sec, wall time      0.11 sec
  HOMO = -0.232122147086742  LUMO = 0.00924196232062506
  mo_energy =
[ -4.32238673e+00  -4.32154125e+00  -2.78141211e+00  -2.77419358e+00
  -2.77419358e+00  -2.77342254e+00  -2.77342254e+00  -2.77218162e+00
  -5.40853419e-01  -5.22886750e-01  -5.22886750e-01  -5.01709375e-01
  -5.01709375e-01  -4.93746084e-01  -4.93746084e-01  -4.78274848e-01
  -4.78274848e-01  -4.65847426e-01  -2.32122147e-01   9.24196232e-03
   5.40586346e-02   5.40586346e-02   7.46511463e-02   1.09258816e-01
   1.09258816e-01   1.57991797e-01   1.99139711e-01   2.44860430e-01
   3.04498663e-01   3.04498663e-01   3.04738893e-01   3.77668553e-01
   3.77668553e-01   5.26609858e-01   5.26609858e-01   5.35038405e-01
   5.75453875e-01   5.75453875e-01   6.20392841e-01   6.20392841e-01
   7.42276468e-01   7.43652074e-01   7.43652074e-01   8.93143669e-01
   1.69506918e+00   1.84046331e+00   1.84046331e+00   1.89214383e+00
   1.89214383e+00   1.90897387e+00   1.90897387e+00   1.91154053e+00
   1.91154053e+00   1.92669613e+00   1.92669613e+00   1.93996700e+00
   1.93996700e+00   1.94469159e+00   1.94469159e+00   1.96938467e+00
   2.05746067e+00   2.05746067e+00   2.05829658e+00   2.09882022e+00
   2.31674647e+00   2.40320378e+00   2.40320378e+00   2.42032673e+00
   2.42032673e+00   2.44107125e+00   2.44107125e+00   2.50138664e+00
   2.51179014e+00   2.51179014e+00   2.69026959e+00   2.74197196e+00
   5.39913656e+00   5.39913656e+00   5.40550383e+00   5.43815428e+00
   5.43815428e+00   5.44949143e+00   5.44949143e+00   5.45135010e+00
   5.45135010e+00   5.46412721e+00   5.46412721e+00   5.54783592e+00
   5.54783592e+00   5.74049789e+00   6.10981508e+00   6.10981508e+00
   6.11161434e+00   6.11161434e+00   6.11176975e+00   6.11230560e+00
   6.11230560e+00   6.11343729e+00   6.11343729e+00   6.11349736e+00
   6.11349736e+00   6.11509814e+00   6.11509814e+00   6.11512300e+00
   6.11512300e+00   6.11512337e+00   6.11512337e+00   6.13187573e+00
   3.38818923e+01   3.41267446e+01   1.11226148e+02   1.11305160e+02]
    CPU time for scf_cycle      4.96 sec, wall time      4.96 sec
    CPU time for SCF      4.96 sec, wall time      4.96 sec
converged SCF energy = -292.247966450988
RHF E = -292.247966451
RHF eps = [ -4.32238673e+00  -4.32154125e+00  -2.78141211e+00  -2.77419358e+00
  -2.77419358e+00  -2.77342254e+00  -2.77342254e+00  -2.77218162e+00
  -5.40853419e-01  -5.22886750e-01  -5.22886750e-01  -5.01709375e-01
  -5.01709375e-01  -4.93746084e-01  -4.93746084e-01  -4.78274848e-01
  -4.78274848e-01  -4.65847426e-01  -2.32122147e-01   9.24196232e-03
   5.40586346e-02   5.40586346e-02   7.46511463e-02   1.09258816e-01
   1.09258816e-01   1.57991797e-01   1.99139711e-01   2.44860430e-01
   3.04498663e-01   3.04498663e-01   3.04738893e-01   3.77668553e-01
   3.77668553e-01   5.26609858e-01   5.26609858e-01   5.35038405e-01
   5.75453875e-01   5.75453875e-01   6.20392841e-01   6.20392841e-01
   7.42276468e-01   7.43652074e-01   7.43652074e-01   8.93143669e-01
   1.69506918e+00   1.84046331e+00   1.84046331e+00   1.89214383e+00
   1.89214383e+00   1.90897387e+00   1.90897387e+00   1.91154053e+00
   1.91154053e+00   1.92669613e+00   1.92669613e+00   1.93996700e+00
   1.93996700e+00   1.94469159e+00   1.94469159e+00   1.96938467e+00
   2.05746067e+00   2.05746067e+00   2.05829658e+00   2.09882022e+00
   2.31674647e+00   2.40320378e+00   2.40320378e+00   2.42032673e+00
   2.42032673e+00   2.44107125e+00   2.44107125e+00   2.50138664e+00
   2.51179014e+00   2.51179014e+00   2.69026959e+00   2.74197196e+00
   5.39913656e+00   5.39913656e+00   5.40550383e+00   5.43815428e+00
   5.43815428e+00   5.44949143e+00   5.44949143e+00   5.45135010e+00
   5.45135010e+00   5.46412721e+00   5.46412721e+00   5.54783592e+00
   5.54783592e+00   5.74049789e+00   6.10981508e+00   6.10981508e+00
   6.11161434e+00   6.11161434e+00   6.11176975e+00   6.11230560e+00
   6.11230560e+00   6.11343729e+00   6.11343729e+00   6.11349736e+00
   6.11349736e+00   6.11509814e+00   6.11509814e+00   6.11512300e+00
   6.11512300e+00   6.11512337e+00   6.11512337e+00   6.13187573e+00
   3.38818923e+01   3.41267446e+01   1.11226148e+02   1.11305160e+02]
    CPU time for transforming oopq      4.34 sec, wall time      4.34 sec
    CPU time for transforming ovpq      4.97 sec, wall time      4.96 sec
MO integrals cint2e_sph are saved in <HDF5 file "tmppfj93z" (mode r+)>/eri_mo
num. MO ints = 74805201, required disk 598.44161 MB
step1: tmpfile /tmp/tmpY4suLC  437.84698 MB
step1: (ij,kl) = (8649,6328), mem cache 4000 MB, iobuf 800 MB
    CPU time for Initializing ao2mo.outcore.half_e1      0.04 sec, wall time      0.03 sec
step 1 [1/1], AO [0:528], len(buf) = 6328
      fill iobuf micro [1/1], AO [0:528], len(aobuf) = 6328
    CPU time for gen AO/transform MO [1/1]      5.18 sec, wall time      5.18 sec
    CPU time for AO->MO transformation for cint2e_sph 1 pass      5.87 sec, wall time      5.87 sec
step2: kl-pair (ao 6328, mo 8649), mem 291.59424 MB, ioblock 398.54592 MB
step 2 [1/2], [0,0:5760], row = 5760
step 2 [1/2] CPU time:      1.91, Wall time:      1.91
step 2 [2/2], [0,5760:8649], row = 2889
step 2 [2/2] CPU time:      1.14, Wall time:      1.14
    CPU time for AO->MO transformation for cint2e_sph 2 pass      3.24 sec, wall time      3.24 sec
    CPU time for AO->MO transformation for cint2e_sph       9.11 sec, wall time      9.11 sec
    CPU time for transforming vvvv     10.23 sec, wall time     10.24 sec
    CPU time for CCSD integral transformation     21.48 sec, wall time     21.49 sec

******** <class 'pyscf.cc.rccsd_slow.RCCSD'> flags ********
CCSD nocc = 17, nvir = 93
frozen orbitals [0, 1]
max_cycle = 50
direct = 0
conv_tol = 1e-07
conv_tol_normt = 1e-05
diis_space = 6
diis_start_cycle = 0
diis_start_energy_diff = 1e+09
Init t2, MP2 energy = -1.24529484300889
    CPU time for init mp2      0.06 sec, wall time      0.06 sec
    CPU time for update t1 t2      4.52 sec, wall time      4.53 sec
istep = 0  E(CCSD) = -1.24482357214051  dE = -1.24482357  norm(t1,t2) = 0.0764179
    CPU time for CCSD iter      4.57 sec, wall time      4.58 sec
    CPU time for update t1 t2      4.42 sec, wall time      4.43 sec
DIIS for step 1
istep = 1  E(CCSD) = -1.25414721034652  dE = -0.00932363821  norm(t1,t2) = 0.0366042
    CPU time for CCSD iter      4.49 sec, wall time      4.50 sec
    CPU time for update t1 t2      4.53 sec, wall time      4.52 sec
diis-c [ -2.82770629e-04   1.00000000e+00]
DIIS for step 2
istep = 2  E(CCSD) = -1.25509553168438  dE = -0.000948321338  norm(t1,t2) = 0.0200715
    CPU time for CCSD iter      4.62 sec, wall time      4.62 sec
    CPU time for update t1 t2      4.50 sec, wall time      4.50 sec
diis-c [ -4.99692534e-05  -2.03169342e-01   1.20316934e+00]
DIIS for step 3
istep = 3  E(CCSD) = -1.25719427004801  dE = -0.00209873836  norm(t1,t2) = 0.0106234
    CPU time for CCSD iter      4.61 sec, wall time      4.61 sec
    CPU time for update t1 t2      4.50 sec, wall time      4.51 sec
diis-c [ -8.52198593e-06  -3.81655573e-01   2.68440145e-01   1.11321543e+00]
DIIS for step 4
istep = 4  E(CCSD) = -1.2579566862763  dE = -0.000762416228  norm(t1,t2) = 0.00648279
    CPU time for CCSD iter      4.62 sec, wall time      4.63 sec
    CPU time for update t1 t2      4.49 sec, wall time      4.50 sec
diis-c [ -2.57087674e-06   2.01235770e-01  -1.31603282e-01  -8.16443845e-01
   1.74681136e+00]
DIIS for step 5
istep = 5  E(CCSD) = -1.25792986225314  dE = 2.68240232e-05  norm(t1,t2) = 0.0026699
    CPU time for CCSD iter      4.63 sec, wall time      4.62 sec
    CPU time for update t1 t2      4.50 sec, wall time      4.51 sec
diis-c [ -4.76277322e-07   2.12723014e-01  -9.42462091e-02  -7.15251804e-01
   1.39450264e-01   1.45732474e+00]
DIIS for step 6
istep = 6  E(CCSD) = -1.25794388911523  dE = -1.40268621e-05  norm(t1,t2) = 0.00157751
    CPU time for CCSD iter      4.63 sec, wall time      4.64 sec
    CPU time for update t1 t2      4.51 sec, wall time      4.52 sec
diis-c [ -9.33425511e-08  -1.51829358e-01   7.25907584e-02   5.54266303e-01
  -4.31063822e-01  -7.05780870e-01   1.66181699e+00]
DIIS for step 7
istep = 7  E(CCSD) = -1.2579550382061  dE = -1.11490909e-05  norm(t1,t2) = 0.000576956
    CPU time for CCSD iter      4.66 sec, wall time      4.67 sec
    CPU time for update t1 t2      4.49 sec, wall time      4.50 sec
diis-c [ -2.19491403e-08   1.38032210e+00  -1.26346335e-02   4.99475302e-03
   5.28488118e-02  -4.93208006e-02  -3.76210231e-01]
DIIS for step 8
istep = 8  E(CCSD) = -1.25796093342475  dE = -5.89521865e-06  norm(t1,t2) = 0.000243994
    CPU time for CCSD iter      4.63 sec, wall time      4.63 sec
    CPU time for update t1 t2      4.49 sec, wall time      4.50 sec
diis-c [ -1.75886700e-09   3.02119795e-01   8.78995601e-01   2.92676084e-03
   5.21070362e-03   8.71110184e-03  -1.97963962e-01]
DIIS for step 9
istep = 9  E(CCSD) = -1.25796162628292  dE = -6.92858171e-07  norm(t1,t2) = 9.8784e-05
    CPU time for CCSD iter      4.60 sec, wall time      4.61 sec
    CPU time for update t1 t2      4.42 sec, wall time      4.42 sec
diis-c [ -3.90237287e-10  -8.48892444e-02  -7.47175183e-02   1.13940547e+00
  -9.89187811e-03   1.33467438e-02   1.67464258e-02]
DIIS for step 10
istep = 10  E(CCSD) = -1.2579612154773  dE = 4.10805624e-07  norm(t1,t2) = 3.13091e-05
    CPU time for CCSD iter      4.53 sec, wall time      4.53 sec
    CPU time for update t1 t2      4.41 sec, wall time      4.42 sec
diis-c [ -4.45726234e-11  -5.09944185e-02  -2.08814026e-01  -9.44232590e-02
   1.31774770e+00   1.55425564e-03   3.49297466e-02]
DIIS for step 11
istep = 11  E(CCSD) = -1.25796040561953  dE = 8.09857772e-07  norm(t1,t2) = 1.62822e-05
    CPU time for CCSD iter      4.53 sec, wall time      4.53 sec
    CPU time for update t1 t2      4.40 sec, wall time      4.41 sec
diis-c [ -8.47508175e-12   5.63271477e-03  -2.45507898e-02  -1.56460064e-01
   2.87990055e-01   8.86299598e-01   1.08848591e-03]
DIIS for step 12
istep = 12  E(CCSD) = -1.25796072981284  dE = -3.24193313e-07  norm(t1,t2) = 5.57267e-06
    CPU time for CCSD iter      4.51 sec, wall time      4.52 sec
    CPU time for update t1 t2      4.41 sec, wall time      4.42 sec
diis-c [ -1.81421544e-12   3.01201322e-03  -1.21148758e-03  -3.00004154e-02
   8.24499181e-03  -1.33056711e-01   1.15301161e+00]
DIIS for step 13
istep = 13  E(CCSD) = -1.25796069291751  dE = 3.68953257e-08  norm(t1,t2) = 2.1803e-06
    CPU time for CCSD iter      4.52 sec, wall time      4.53 sec
    CPU time for CCSD     64.15 sec, wall time     64.24 sec
CCSD converged
E(CC2) = -293.505927143906  E_corr = -1.257960692917512
    CPU time for EOM-CCSD shared one-electron intermediates      0.73 sec, wall time      0.73 sec
    CPU time for EOM-CCSD shared two-electron intermediates      2.13 sec, wall time      2.14 sec
    CPU time for EOM-CCSD IP intermediates      3.05 sec, wall time      3.04 sec
tol 1e-07  toloose 0.000316228
max_cycle 50  max_space 38  max_memory 2000  incore True
davidson 0 6  |r|=  0.5  e= [ 0.30409899  0.57179353  0.58420405  0.58420405  0.59651206  0.59651206]  max|de|= 0.597  lindep=    1
davidson 1 12  |r|= 0.109  e= [ 0.28002614  0.42669534  0.42385942  0.42385942  0.43674754  0.43674754]  max|de|= -0.16  lindep= 0.817
davidson 2 16  |r|= 0.0974  e= [ 0.28053685  0.41402507  0.42385941  0.4230297   0.43674726  0.43569912]  max|de|= -0.0127  lindep= 0.927
davidson 3 22  |r|= 0.0176  e= [ 0.28058324  0.41418385  0.42302969  0.42332851  0.43569856  0.43599521]  max|de|= -0.00105  lindep= 0.651
davidson 4 28  |r|= 0.00395  e= [ 0.28044303  0.41362278  0.42332851  0.42326895  0.43599521  0.43593385]  max|de|= -0.000561  lindep= 0.872
davidson 5 34  |r|= 0.00105  e= [ 0.28043296  0.41353539  0.42326895  0.42325596  0.4359338   0.43592241]  max|de|= -8.74e-05  lindep= 0.899
root 3 converged  |r|= 0.000193  e= 0.423255960766  max|de|= -1.67e-16
root 5 converged  |r|= 0.000189  e= 0.435922407431  max|de|= -5e-16
davidson 6 6  |r|= 0.00105  e= [ 0.28043296  0.41353539  0.42326895  0.42325596  0.4359338   0.43592241]  max|de|= -7.22e-16  lindep= 0.997
davidson 7 10  |r|= 0.000274  e= [ 0.28042703  0.41353984  0.42325777  0.42325596  0.43592558  0.43592241]  max|de|= -1.12e-05  lindep= 0.967
davidson 8 14  |r|= 9.96e-05  e= [ 0.28042691  0.41354055  0.42325754  0.42325596  0.43592443  0.43592241]  max|de|= -1.16e-06  lindep= 0.879
davidson 9 18  |r|= 2.2e-05  e= [ 0.28042639  0.41354342  0.42325686  0.42325596  0.43592527  0.43592241]  max|de|= 2.87e-06  lindep= 0.776
root 0 converged  |r|= 6.98e-06  e= 0.280426438408  max|de|= 5.22e-08
davidson 10 22  |r|= 6.98e-06  e= [ 0.28042644  0.41354231  0.42325828  0.42325588  0.43592599  0.43592239]  max|de|= 1.42e-06  lindep= 0.712
davidson 11 25  |r|= 9.93e-05  e= [ 0.28042644  0.41354301  0.43592561  0.42325798  0.43592227  0.42325533]  max|de|= 0.0127  lindep= 0.719
root 2 converged  |r|= 4.77e-07  e= 0.435925705062  max|de|= 9.22e-08
davidson 12 28  |r|= 1.48e-05  e= [ 0.28042644  0.41354262  0.43592571  0.42325798  0.43592508  0.42325533]  max|de|= 2.81e-06  lindep= 0.681
root 1 converged  |r|= 2.85e-07  e= 0.4135427218  max|de|= 9.93e-08
davidson 13 30  |r|= 1.5e-05  e= [ 0.28042644  0.41354272  0.42325798  0.42325533  0.43592618  0.4359257 ]  max|de|= 0.0127  lindep=  0.9
davidson 14 31  |r|= 2.65e-06  e= [ 0.28042644  0.41354272  0.42325798  0.42325533  0.43592555  0.4359257 ]  max|de|= -6.27e-07  lindep= 0.946
davidson 15 32  |r|= 1.32e-06  e= [ 0.28042644  0.41354272  0.42325798  0.42325533  0.43592578  0.43592569]  max|de|= 2.27e-07  lindep= 0.638
davidson 16 33  |r|= 3.1e-07  e= [ 0.28042644  0.41354272  0.42325798  0.42325533  0.43592563  0.43592569]  max|de|= -1.45e-07  lindep= 0.812
root 0 converged  |r|= 6.98e-06  e= 0.280426438408  max|de|= 1.61e-15
root 1 converged  |r|= 2.85e-07  e= 0.4135427218  max|de|= 9.44e-16
root 2 converged  |r|= 1.74e-06  e= 0.423257975208  max|de|= -5.33e-15
root 3 converged  |r|= 3.11e-05  e= 0.423255328454  max|de|= 5.88e-15
root 4 converged  |r|= 3.28e-07  e= 0.43592568951  max|de|= 5.53e-08
root 5 converged  |r|= 3.1e-07  e= 0.435925634222  max|de|= -5.53e-08
converge 17 6  |r|= 3.11e-05  e= [ 0.28042644  0.41354272  0.42325798  0.42325533  0.43592569  0.43592563]  max|de|= -5.53e-08
IP root 0 E = 0.2804264384079165  qpwt = 0.975593
IP root 1 E = 0.4135427218004855  qpwt = 0.931667
IP root 2 E = 0.4232579752075334  qpwt = 0.949388
IP root 3 E = 0.4232553284537258  qpwt = 0.949385
IP root 4 E = 0.4359256895097871  qpwt = 0.945642
IP root 5 E = 0.4359256342224062  qpwt = 0.945642
    CPU time for IP-CCSD     21.47 sec, wall time     21.49 sec
    CPU time for EOM-CCSD shared one-electron intermediates      0.72 sec, wall time      0.71 sec
    CPU time for EOM-CCSD EA intermediates     38.02 sec, wall time     38.07 sec
tol 1e-07  toloose 0.000316228
max_cycle 50  max_space 38  max_memory 2000  incore True
davidson 0 6  |r|= 0.207  e= [ 0.01599992  0.06229164  0.06229164  0.0809512   0.11272266  0.11272266]  max|de|= 0.113  lindep=    1
davidson 1 12  |r|= 0.0492  e= [-0.01970412  0.03957609  0.03957609  0.05760093  0.09370836  0.09370836]  max|de|= -0.0357  lindep= 0.988
davidson 2 16  |r|= 0.034  e= [-0.02571752  0.03957609  0.03743556  0.05327885  0.09370836  0.09059924]  max|de|= -0.00601  lindep= 0.92
davidson 3 22  |r|= 0.0145  e= [-0.02563523  0.03743556  0.03745848  0.05339435  0.09059924  0.09068559]  max|de|= -0.00311  lindep= 0.974
davidson 4 28  |r|= 0.0037  e= [-0.02556065  0.03745848  0.03745274  0.05339369  0.09068559  0.09070849]  max|de|= 8.64e-05  lindep= 0.879
davidson 5 34  |r|= 0.000812  e= [-0.02558621  0.03745274  0.03745627  0.05340059  0.09070849  0.09070316]  max|de|= -2.56e-05  lindep= 0.782
root 0 converged  |r|= 0.000243  e= -0.0255862104263  max|de|= -1.22e-15
root 2 converged  |r|= 9.61e-05  e= 0.037456268681  max|de|= -1.18e-16
root 5 converged  |r|= 0.00024  e= 0.0907031615096  max|de|= 3.89e-16
davidson 6 6  |r|= 0.000812  e= [-0.02558621  0.03745274  0.03745627  0.05340059  0.09070849  0.09070316]  max|de|= -1.22e-15  lindep= 0.999
davidson 7 9  |r|= 0.000252  e= [-0.02558621  0.03745574  0.03745627  0.05340159  0.09070333  0.09070316]  max|de|= -5.15e-06  lindep= 0.906
root 1 converged  |r|= 2.59e-05  e= 0.0374558217003  max|de|= 7.99e-08
davidson 8 12  |r|= 8.02e-05  e= [-0.02558621  0.03745582  0.03745627  0.05340029  0.09070505  0.09070316]  max|de|= 1.72e-06  lindep= 0.693
davidson 9 14  |r|= 2.45e-05  e= [-0.02558621  0.03745582  0.03745627  0.05340121  0.09070784  0.09070308]  max|de|= 2.78e-06  lindep= 0.475
davidson 10 16  |r|= 8.32e-06  e= [-0.02558621  0.03745582  0.03745627  0.05340077  0.09070696  0.09070309]  max|de|= -8.77e-07  lindep= 0.877
davidson 11 18  |r|= 2.95e-06  e= [-0.02558621  0.03745582  0.03745627  0.05340112  0.09070706  0.09070313]  max|de|= 3.46e-07  lindep= 0.484
root 4 converged  |r|= 5.81e-07  e= 0.0907070652221  max|de|= 1.79e-09
davidson 12 20  |r|= 7.29e-07  e= [-0.02558621  0.03745582  0.03745627  0.053401    0.09070707  0.09070319]  max|de|= -1.12e-07  lindep= 0.86
root 3 converged  |r|= 1.31e-07  e= 0.0534010103269  max|de|= 6.61e-09
converge 13 21  |r|= 1.31e-07  e= [-0.02558621  0.03745582  0.03745627  0.05340101  0.09070707  0.09070319]  max|de|= 6.61e-09
EA root 0 E = -0.02558621042634404  qpwt = 0.968704
EA root 1 E = 0.03745582170028228  qpwt = 0.972131
EA root 2 E = 0.03745626864399425  qpwt = 0.972132
EA root 3 E = 0.05340101032687053  qpwt = 0.92073
EA root 4 E = 0.09070706522212812  qpwt = 0.92398
EA root 5 E = 0.09070318979111561  qpwt = 0.92401
    CPU time for EA-CCSD    162.64 sec, wall time    162.76 sec
