

******** <class 'pyscf.scf.hf.RHF'> flags ********
method = RHF
initial guess = minao
damping factor = 0
level shift factor = 0
Do DIIS = True
DIIS start cycle = 1
DIIS space = 8
SCF tol = 1e-09
SCF gradient tol = None
max. SCF cycles = 50
direct_scf = True
direct_scf_tol = 1e-13
chkfile to save SCF result = /tmp/tmpWB7Nyf
max_memory 4000 MB (current use 39 MB)
Set gradient conv threshold to 3.16228e-05
Nelec from initial guess = 39.9943
cond(S) = 750.66756642
E_coul = 371.368025132661
init E= -540.343349058085
    CPU time for initialize scf      2.65 sec, wall time      2.66 sec
  HOMO = -0.677186091796856  LUMO = -0.0787437035877174
  mo_energy =
[ -5.84283351e+01  -2.64777500e+01  -2.64773941e+01  -2.64773918e+01
  -4.88988121e+00  -3.19034992e+00  -3.19034932e+00  -3.17696772e+00
  -1.81444665e+00  -1.73203274e+00  -1.73203002e+00  -8.24350089e-01
  -7.40152019e-01  -7.40151818e-01  -7.18590348e-01  -7.03826828e-01
  -7.03825027e-01  -6.94593898e-01  -6.94591852e-01  -6.77186092e-01
  -7.87437036e-02   5.66080672e-02   1.26915034e-01   1.26916197e-01
   2.53229954e-01   3.24696061e-01   3.24696520e-01   3.33359028e-01
   3.45507909e-01   3.45510420e-01   3.57934956e-01   5.02300665e-01
   5.02300875e-01   6.57137847e-01   7.04855054e-01   7.22729499e-01
   7.22731174e-01   7.87974788e-01   7.87975455e-01   7.99379404e-01
   8.85304105e-01   8.85304858e-01   8.85405860e-01   8.85405876e-01
   9.12471785e-01   1.00511397e+00   1.00511506e+00   1.02856164e+00
   1.02856731e+00   1.04239343e+00   1.07887812e+00   1.07888032e+00
   1.10226580e+00   1.26018533e+00   1.28069454e+00   1.28071151e+00
   1.39656061e+00   2.13168987e+00   2.17773049e+00   2.20783779e+00
   2.20783940e+00   2.29219656e+00   2.29220163e+00   2.30451547e+00
   2.30453283e+00   2.39041469e+00   2.53717856e+00   2.54762552e+00
   2.54764270e+00   2.62443363e+00   2.62444002e+00   2.70005678e+00
   2.87080693e+00   2.89297025e+00   2.89297796e+00   3.49147438e+00
   3.49147447e+00   3.57147475e+00   3.59907888e+00   3.63607966e+00
   3.63608094e+00   3.72853296e+00   3.72853313e+00   3.83589661e+00
   3.85521610e+00   3.85522982e+00   3.90457794e+00   4.11592923e+00
   4.11593064e+00   4.33600793e+00   4.44586914e+00   4.44587845e+00
   7.20398390e+00   7.20950668e+00   7.21162096e+00   7.22171558e+00
   7.22171671e+00   7.22281219e+00   7.22860226e+00   7.22860396e+00
   7.23554436e+00   7.23995037e+00   7.24511150e+00   7.24511198e+00
   7.24656521e+00   7.24656782e+00   7.24928567e+00   7.24928990e+00
   7.25814788e+00   7.25814814e+00   7.26989707e+00   7.29835152e+00
   7.29835391e+00   8.49260518e+00   8.67832741e+00   8.73485222e+00
   8.73485438e+00   8.76868366e+00   8.76868643e+00   8.92005111e+00
   8.92747413e+00   8.98702920e+00   8.98703879e+00   9.01217398e+00
   9.01217758e+00   9.13070828e+00   9.13070843e+00   9.25688309e+00
   9.28261875e+00   9.92657979e+00   1.04996988e+01   1.04997127e+01
   5.83858006e+01   5.83858093e+01   5.84765603e+01]
E_coul = 376.318464398869
cycle= 1 E= -540.513310656082  delta_E= -0.17  |g|= 0.79  |ddm|=  1.9
    CPU time for cycle= 1      0.22 sec, wall time      0.22 sec
diis-norm(errvec)=1.76347
diis-c [-3.10981913  1.        ]
  HOMO = -0.557013652503222  LUMO = 0.0401584889488375
  mo_energy =
[ -5.86680252e+01  -2.60356126e+01  -2.60356102e+01  -2.60356010e+01
  -5.04703778e+00  -3.36621281e+00  -3.36167619e+00  -3.36167587e+00
  -1.50202375e+00  -1.48640665e+00  -1.48640303e+00  -6.69746364e-01
  -6.18171917e-01  -6.18171242e-01  -6.00469060e-01  -5.84247445e-01
  -5.84245573e-01  -5.78993854e-01  -5.78990858e-01  -5.57013653e-01
   4.01584889e-02   7.30539155e-02   1.59505303e-01   1.59506969e-01
   2.59041462e-01   2.92933210e-01   3.10431612e-01   3.10433031e-01
   3.71396653e-01   3.79709820e-01   3.79713556e-01   5.07937122e-01
   5.07939106e-01   7.12246904e-01   7.53697555e-01   7.53697794e-01
   7.79202232e-01   7.79202959e-01   7.82300494e-01   8.72528847e-01
   8.78815972e-01   9.01937443e-01   9.01937786e-01   9.19785814e-01
   9.19787303e-01   9.85935417e-01   1.01029491e+00   1.01029955e+00
   1.04256064e+00   1.04256233e+00   1.14108049e+00   1.14108241e+00
   1.14547975e+00   1.30342773e+00   1.31225113e+00   1.31226902e+00
   1.41884342e+00   2.05103108e+00   2.21358498e+00   2.21359817e+00
   2.28498942e+00   2.39408316e+00   2.39409003e+00   2.43747678e+00
   2.43748047e+00   2.53885805e+00   2.66761962e+00   2.68043095e+00
   2.68044784e+00   2.74287760e+00   2.74288329e+00   2.84220730e+00
   3.02483281e+00   3.02483854e+00   3.03790193e+00   3.44069873e+00
   3.44070028e+00   3.44825204e+00   3.70933089e+00   3.70933859e+00
   3.80591867e+00   3.88123724e+00   3.88123775e+00   3.95789373e+00
   3.95789429e+00   4.05810914e+00   4.11320814e+00   4.34378621e+00
   4.34378719e+00   4.53385118e+00   4.59832653e+00   4.59833896e+00
   7.43589134e+00   7.44618406e+00   7.44740121e+00   7.45488292e+00
   7.45981289e+00   7.45981451e+00   7.46670428e+00   7.46670772e+00
   7.46736406e+00   7.46736673e+00   7.47695898e+00   7.48122252e+00
   7.48125195e+00   7.48125590e+00   7.48621385e+00   7.48621479e+00
   7.49416240e+00   7.49416324e+00   7.50337693e+00   7.52971617e+00
   7.52971927e+00   8.47595923e+00   8.98513721e+00   9.04070366e+00
   9.04070676e+00   9.07433064e+00   9.07433236e+00   9.18814921e+00
   9.22757146e+00   9.28564638e+00   9.28565359e+00   9.31155519e+00
   9.31155788e+00   9.37873919e+00   9.37874230e+00   9.51074598e+00
   9.55495431e+00   9.73968700e+00   1.03986740e+01   1.03986882e+01
   5.88054911e+01   5.88054991e+01   5.88961350e+01]
E_coul = 371.941697104904
cycle= 2 E= -540.582084220006  delta_E= -0.0688  |g|= 0.526  |ddm|= 0.636
    CPU time for cycle= 2      0.22 sec, wall time      0.22 sec
diis-norm(errvec)=1.08826
diis-c [-0.10197212  0.37494697  0.62505303]
  HOMO = -0.641222020228746  LUMO = 0.0455729464472197
  mo_energy =
[ -5.85547828e+01  -2.63056573e+01  -2.63056569e+01  -2.63056481e+01
  -4.96821903e+00  -3.28611770e+00  -3.28319001e+00  -3.28318968e+00
  -1.58755046e+00  -1.57488652e+00  -1.57488411e+00  -7.42037902e-01
  -6.97253897e-01  -6.97253066e-01  -6.75204298e-01  -6.65596238e-01
  -6.65594713e-01  -6.58081145e-01  -6.58079263e-01  -6.41222020e-01
   4.55729464e-02   7.92196426e-02   1.57103688e-01   1.57105127e-01
   2.64089372e-01   3.12371051e-01   3.16415004e-01   3.16416121e-01
   3.73773068e-01   3.73776362e-01   3.79373253e-01   5.17801700e-01
   5.17803328e-01   6.98932105e-01   7.46799831e-01   7.46800220e-01
   7.58670509e-01   7.94870080e-01   7.94870849e-01   8.47532885e-01
   8.87134299e-01   8.87134854e-01   8.91963727e-01   9.12952329e-01
   9.12953292e-01   1.00195327e+00   1.01769261e+00   1.01769769e+00
   1.02800468e+00   1.02800651e+00   1.12121221e+00   1.12121417e+00
   1.13323521e+00   1.29296696e+00   1.30640265e+00   1.30642085e+00
   1.41495680e+00   2.09870272e+00   2.23058262e+00   2.23373461e+00
   2.23374485e+00   2.35091637e+00   2.35092570e+00   2.38626493e+00
   2.38626946e+00   2.48726408e+00   2.62040859e+00   2.63590966e+00
   2.63592699e+00   2.70154434e+00   2.70155056e+00   2.79221062e+00
   2.97497768e+00   2.97498440e+00   2.97506819e+00   3.47286757e+00
   3.47286852e+00   3.50229380e+00   3.69645330e+00   3.70490295e+00
   3.70490703e+00   3.79060092e+00   3.79060150e+00   3.88844446e+00
   3.88844947e+00   3.95583197e+00   4.01803539e+00   4.23746638e+00
   4.23746693e+00   4.44954200e+00   4.53164085e+00   4.53165307e+00
   7.34747893e+00   7.35630050e+00   7.35728886e+00   7.36637299e+00
   7.36871846e+00   7.36871962e+00   7.37585702e+00   7.37585882e+00
   7.38422745e+00   7.38437229e+00   7.38437713e+00   7.38828400e+00
   7.39143780e+00   7.39144044e+00   7.39418431e+00   7.39418467e+00
   7.40375255e+00   7.40375263e+00   7.41496192e+00   7.44214081e+00
   7.44214275e+00   8.49616123e+00   8.84337147e+00   8.89933779e+00
   8.89933950e+00   8.93294363e+00   8.93294677e+00   9.06070147e+00
   9.08909499e+00   9.14898770e+00   9.14899719e+00   9.17293437e+00
   9.17293850e+00   9.26858338e+00   9.26858392e+00   9.39777144e+00
   9.41798685e+00   9.81620541e+00   1.04398065e+01   1.04398206e+01
   5.85504975e+01   5.85505079e+01   5.86411328e+01]
E_coul = 374.140948863285
cycle= 3 E= -540.617517235679  delta_E= -0.0354  |g|= 0.0409  |ddm|= 0.212
    CPU time for cycle= 3      0.22 sec, wall time      0.22 sec
diis-norm(errvec)=0.0916113
diis-c [ -4.83284523e-03  -3.44521915e-02   9.81574528e-04   1.03347062e+00]
  HOMO = -0.63225117952103  LUMO = 0.0512058360372412
  mo_energy =
[ -5.85397691e+01  -2.62822511e+01  -2.62822496e+01  -2.62822425e+01
  -4.95285745e+00  -3.27158685e+00  -3.26886376e+00  -3.26886342e+00
  -1.57779118e+00  -1.56532814e+00  -1.56532526e+00  -7.33793568e-01
  -6.89894969e-01  -6.89893766e-01  -6.65718305e-01  -6.57250819e-01
  -6.57248998e-01  -6.48401992e-01  -6.48399746e-01  -6.32251180e-01
   5.12058360e-02   8.36969243e-02   1.59006958e-01   1.59008334e-01
   2.67288443e-01   3.19131074e-01   3.20228168e-01   3.20229305e-01
   3.77276883e-01   3.77280056e-01   3.87452806e-01   5.25297088e-01
   5.25298879e-01   7.01196191e-01   7.49788013e-01   7.49788354e-01
   7.60719115e-01   8.00752536e-01   8.00753395e-01   8.50575129e-01
   8.93336389e-01   8.93336764e-01   8.98024719e-01   9.16542270e-01
   9.16543155e-01   1.00748453e+00   1.02305318e+00   1.02305838e+00
   1.03174455e+00   1.03174631e+00   1.12555028e+00   1.12555203e+00
   1.13966677e+00   1.30091776e+00   1.31790238e+00   1.31792056e+00
   1.42294332e+00   2.10937241e+00   2.23729617e+00   2.24286429e+00
   2.24287443e+00   2.35833091e+00   2.35834061e+00   2.39317112e+00
   2.39317545e+00   2.49400519e+00   2.62768274e+00   2.64385373e+00
   2.64387084e+00   2.70911476e+00   2.70912077e+00   2.79892940e+00
   2.98111178e+00   2.98194978e+00   2.98195629e+00   3.48439256e+00
   3.48439358e+00   3.51408637e+00   3.70708970e+00   3.71627473e+00
   3.71627883e+00   3.80180213e+00   3.80180227e+00   3.90090371e+00
   3.90090900e+00   3.96649858e+00   4.02929063e+00   4.24405490e+00
   4.24405594e+00   4.46115342e+00   4.54681012e+00   4.54682202e+00
   7.35784941e+00   7.36597285e+00   7.36778511e+00   7.37700035e+00
   7.37824457e+00   7.37824578e+00   7.38516680e+00   7.38516890e+00
   7.39324100e+00   7.39524448e+00   7.39524885e+00   7.39716332e+00
   7.40164551e+00   7.40164853e+00   7.40341472e+00   7.40341531e+00
   7.41358954e+00   7.41358969e+00   7.42513172e+00   7.45299240e+00
   7.45299469e+00   8.51000914e+00   8.85593031e+00   8.91183175e+00
   8.91183407e+00   8.94535867e+00   8.94536121e+00   9.07318292e+00
   9.10220102e+00   9.16197201e+00   9.16198105e+00   9.18578466e+00
   9.18578822e+00   9.28209707e+00   9.28209805e+00   9.41092748e+00
   9.43094796e+00   9.82986034e+00   1.04536337e+01   1.04536478e+01
   5.85729408e+01   5.85729500e+01   5.86635574e+01]
E_coul = 373.963284732594
cycle= 4 E= -540.617946331273  delta_E= -0.000429  |g|= 0.00769  |ddm|= 0.0341
    CPU time for cycle= 4      0.22 sec, wall time      0.22 sec
diis-norm(errvec)=0.0201989
diis-c [ -2.05487848e-04  -1.79205056e-02  -2.90603944e-02   1.03851206e-02
   1.03659578e+00]
  HOMO = -0.633291988717782  LUMO = 0.0505240509769432
  mo_energy =
[ -5.85449265e+01  -2.62848456e+01  -2.62848448e+01  -2.62848379e+01
  -4.95623757e+00  -3.27507625e+00  -3.27262880e+00  -3.27262847e+00
  -1.57912125e+00  -1.56665830e+00  -1.56665573e+00  -7.35105083e-01
  -6.91571328e-01  -6.91570230e-01  -6.66249869e-01  -6.58514347e-01
  -6.58512650e-01  -6.48894632e-01  -6.48892697e-01  -6.33291989e-01
   5.05240510e-02   8.33105829e-02   1.58755415e-01   1.58756790e-01
   2.66821390e-01   3.18213657e-01   3.19675093e-01   3.19676210e-01
   3.76841270e-01   3.76844469e-01   3.86522572e-01   5.24151051e-01
   5.24152804e-01   7.00944087e-01   7.49292497e-01   7.49292877e-01
   7.60573404e-01   7.99669112e-01   7.99669918e-01   8.50449889e-01
   8.92607871e-01   8.92608352e-01   8.96877803e-01   9.15962745e-01
   9.15963646e-01   1.00631777e+00   1.02201354e+00   1.02201873e+00
   1.03122011e+00   1.03122191e+00   1.12491913e+00   1.12492096e+00
   1.13872273e+00   1.29964845e+00   1.31592402e+00   1.31594228e+00
   1.42159940e+00   2.10718995e+00   2.23651560e+00   2.24119812e+00
   2.24120825e+00   2.35733737e+00   2.35734686e+00   2.39238033e+00
   2.39238481e+00   2.49324370e+00   2.62684981e+00   2.64289810e+00
   2.64291535e+00   2.70822731e+00   2.70823346e+00   2.79826640e+00
   2.98062151e+00   2.98121171e+00   2.98121840e+00   3.48211239e+00
   3.48211334e+00   3.51140457e+00   3.70608674e+00   3.71447737e+00
   3.71448138e+00   3.80047310e+00   3.80047356e+00   3.89901110e+00
   3.89901618e+00   3.96538480e+00   4.02791119e+00   4.24362159e+00
   4.24362229e+00   4.45966608e+00   4.54463118e+00   4.54464334e+00
   7.35685511e+00   7.36499830e+00   7.36680879e+00   7.37596988e+00
   7.37722043e+00   7.37722153e+00   7.38407030e+00   7.38407217e+00
   7.39214863e+00   7.39416243e+00   7.39416708e+00   7.39604394e+00
   7.40059624e+00   7.40059895e+00   7.40234346e+00   7.40234393e+00
   7.41256125e+00   7.41256131e+00   7.42414327e+00   7.45197735e+00
   7.45197935e+00   8.50748629e+00   8.85446310e+00   8.91039678e+00
   8.91039868e+00   8.94393392e+00   8.94393687e+00   9.07165004e+00
   9.10088165e+00   9.16070081e+00   9.16071018e+00   9.18449501e+00
   9.18449897e+00   9.28055877e+00   9.28055942e+00   9.40947305e+00
   9.42969993e+00   9.82642089e+00   1.04504321e+01   1.04504463e+01
   5.85704781e+01   5.85704881e+01   5.86610985e+01]
E_coul = 373.980491960341
cycle= 5 E= -540.617975870432  delta_E= -2.95e-05  |g|= 0.00215  |ddm|= 0.00918
    CPU time for cycle= 5      0.22 sec, wall time      0.22 sec
diis-norm(errvec)=0.00531465
diis-c [ -9.11933892e-06   6.43629063e-03   9.87600503e-03  -3.64038412e-02
  -3.69839237e-01   1.38993078e+00]
  HOMO = -0.633306299864648  LUMO = 0.0502893504562678
  mo_energy =
[ -5.85450674e+01  -2.62848700e+01  -2.62848685e+01  -2.62848618e+01
  -4.95689178e+00  -3.27575691e+00  -3.27331173e+00  -3.27331139e+00
  -1.57915443e+00  -1.56668640e+00  -1.56668354e+00  -7.35378431e-01
  -6.91908072e-01  -6.91906781e-01  -6.66029717e-01  -6.58633942e-01
  -6.58632065e-01  -6.48628421e-01  -6.48626226e-01  -6.33306300e-01
   5.02893505e-02   8.32238685e-02   1.58694751e-01   1.58696133e-01
   2.66667343e-01   3.17940777e-01   3.19546811e-01   3.19547943e-01
   3.76724115e-01   3.76727304e-01   3.86258616e-01   5.23867130e-01
   5.23868892e-01   7.00844640e-01   7.49132719e-01   7.49133048e-01
   7.60556532e-01   7.99378999e-01   7.99379837e-01   8.50485266e-01
   8.92484799e-01   8.92485202e-01   8.96552467e-01   9.15823481e-01
   9.15824395e-01   1.00601404e+00   1.02176189e+00   1.02176707e+00
   1.03110315e+00   1.03110490e+00   1.12480428e+00   1.12480605e+00
   1.13847243e+00   1.29940761e+00   1.31548026e+00   1.31549841e+00
   1.42130068e+00   2.10659025e+00   2.23643390e+00   2.24080306e+00
   2.24081327e+00   2.35716867e+00   2.35717826e+00   2.39228466e+00
   2.39228900e+00   2.49315779e+00   2.62672662e+00   2.64274855e+00
   2.64276568e+00   2.70807058e+00   2.70807661e+00   2.79815610e+00
   2.98057708e+00   2.98106868e+00   2.98107520e+00   3.48154296e+00
   3.48154398e+00   3.51069281e+00   3.70612404e+00   3.71411802e+00
   3.71412219e+00   3.80038340e+00   3.80038358e+00   3.89870559e+00
   3.89871077e+00   3.96520537e+00   4.02781925e+00   4.24355529e+00
   4.24355629e+00   4.45958304e+00   4.54440466e+00   4.54441658e+00
   7.35682296e+00   7.36495890e+00   7.36680810e+00   7.37593635e+00
   7.37716808e+00   7.37716926e+00   7.38398917e+00   7.38399125e+00
   7.39207726e+00   7.39412643e+00   7.39413082e+00   7.39595240e+00
   7.40056239e+00   7.40056538e+00   7.40228107e+00   7.40228164e+00
   7.41251593e+00   7.41251605e+00   7.42413334e+00   7.45198639e+00
   7.45198865e+00   8.50702594e+00   8.85442067e+00   8.91035742e+00
   8.91035969e+00   8.94388990e+00   8.94389248e+00   9.07154689e+00
   9.10085467e+00   9.16069521e+00   9.16070427e+00   9.18446469e+00
   9.18446828e+00   9.28049962e+00   9.28050059e+00   9.40939632e+00
   9.42971121e+00   9.82582153e+00   1.04499137e+01   1.04499278e+01
   5.85704415e+01   5.85704507e+01   5.86610611e+01]
E_coul = 373.974055530552
cycle= 6 E= -540.617978796781  delta_E= -2.93e-06  |g|= 0.000479  |ddm|= 0.00297
    CPU time for cycle= 6      0.21 sec, wall time      0.22 sec
diis-norm(errvec)=0.00102753
diis-c [ -5.18915997e-07   2.32634964e-04   2.98028998e-04   4.80365942e-04
   5.07099597e-03  -1.81734612e-01   1.17565259e+00]
  HOMO = -0.633323651672383  LUMO = 0.0502897623702452
  mo_energy =
[ -5.85455247e+01  -2.62848914e+01  -2.62848906e+01  -2.62848837e+01
  -4.95703622e+00  -3.27591857e+00  -3.27345677e+00  -3.27345643e+00
  -1.57917025e+00  -1.56670061e+00  -1.56669805e+00  -7.35455678e-01
  -6.91984171e-01  -6.91983047e-01  -6.66008731e-01  -6.58670871e-01
  -6.58669157e-01  -6.48592670e-01  -6.48590753e-01  -6.33323652e-01
   5.02897624e-02   8.32477962e-02   1.58698324e-01   1.58699700e-01
   2.66667251e-01   3.17946035e-01   3.19565756e-01   3.19566873e-01
   3.76726749e-01   3.76729953e-01   3.86259657e-01   5.23874990e-01
   5.23876739e-01   7.00825386e-01   7.49121538e-01   7.49121916e-01
   7.60545470e-01   7.99380384e-01   7.99381186e-01   8.50493446e-01
   8.92506903e-01   8.92507391e-01   8.96556873e-01   9.15819309e-01
   9.15820215e-01   1.00603183e+00   1.02177172e+00   1.02177690e+00
   1.03110224e+00   1.03110405e+00   1.12480191e+00   1.12480375e+00
   1.13845849e+00   1.29942200e+00   1.31547605e+00   1.31549431e+00
   1.42130113e+00   2.10655804e+00   2.23641364e+00   2.24078544e+00
   2.24079559e+00   2.35714924e+00   2.35715870e+00   2.39226824e+00
   2.39227272e+00   2.49314145e+00   2.62671631e+00   2.64273437e+00
   2.64275162e+00   2.70805536e+00   2.70806152e+00   2.79813679e+00
   2.98055465e+00   2.98103980e+00   2.98104649e+00   3.48150857e+00
   3.48150952e+00   3.51065562e+00   3.70612242e+00   3.71408427e+00
   3.71408829e+00   3.80037891e+00   3.80037939e+00   3.89868045e+00
   3.89868549e+00   3.96516328e+00   4.02780994e+00   4.24351728e+00
   4.24351797e+00   4.45957791e+00   4.54440364e+00   4.54441581e+00
   7.35680642e+00   7.36493659e+00   7.36679688e+00   7.37592141e+00
   7.37714228e+00   7.37714337e+00   7.38395689e+00   7.38395876e+00
   7.39204430e+00   7.39410984e+00   7.39411450e+00   7.39591539e+00
   7.40054448e+00   7.40054718e+00   7.40225144e+00   7.40225192e+00
   7.41249403e+00   7.41249410e+00   7.42411872e+00   7.45197962e+00
   7.45198161e+00   8.50694849e+00   8.85438765e+00   8.91032521e+00
   8.91032708e+00   8.94385641e+00   8.94385937e+00   9.07150707e+00
   9.10083061e+00   9.16067345e+00   9.16068283e+00   9.18443931e+00
   9.18444328e+00   9.28046718e+00   9.28046782e+00   9.40936891e+00
   9.42969319e+00   9.82565978e+00   1.04497799e+01   1.04497940e+01
   5.85704220e+01   5.85704321e+01   5.86610420e+01]
E_coul = 373.973894450178
cycle= 7 E= -540.617978889425  delta_E= -9.26e-08  |g|= 0.000108  |ddm|= 0.000492
    CPU time for cycle= 7      0.22 sec, wall time      0.22 sec
diis-norm(errvec)=0.000197091
diis-c [ -1.43195754e-08  -2.63472347e-04  -4.43029934e-04   1.49580441e-03
   2.02861696e-02  -8.10982540e-02   6.69497050e-02   9.93073077e-01]
  HOMO = -0.633324077302071  LUMO = 0.0502947231710573
  mo_energy =
[ -5.85453803e+01  -2.62848829e+01  -2.62848817e+01  -2.62848749e+01
  -4.95697556e+00  -3.27585742e+00  -3.27339220e+00  -3.27339187e+00
  -1.57917019e+00  -1.56670063e+00  -1.56669784e+00  -7.35460058e-01
  -6.91987784e-01  -6.91986532e-01  -6.66002501e-01  -6.58672692e-01
  -6.58670854e-01  -6.48584252e-01  -6.48582129e-01  -6.33324077e-01
   5.02947232e-02   8.32557167e-02   1.58700030e-01   1.58701410e-01
   2.66671203e-01   3.17956226e-01   3.19572898e-01   3.19574026e-01
   3.76729229e-01   3.76732422e-01   3.86268602e-01   5.23884476e-01
   5.23886235e-01   7.00824080e-01   7.49123100e-01   7.49123442e-01
   7.60543128e-01   7.99388638e-01   7.99389466e-01   8.50495091e-01
   8.92515258e-01   8.92515682e-01   8.96567070e-01   9.15821981e-01
   9.15822892e-01   1.00604370e+00   1.02177919e+00   1.02178437e+00
   1.03110483e+00   1.03110659e+00   1.12480358e+00   1.12480536e+00
   1.13846393e+00   1.29942848e+00   1.31548775e+00   1.31550593e+00
   1.42130863e+00   2.10658543e+00   2.23641145e+00   2.24080038e+00
   2.24081058e+00   2.35715177e+00   2.35716133e+00   2.39226778e+00
   2.39227216e+00   2.49314044e+00   2.62671737e+00   2.64273614e+00
   2.64275330e+00   2.70805837e+00   2.70806443e+00   2.79813765e+00
   2.98055226e+00   2.98104222e+00   2.98104878e+00   3.48153481e+00
   3.48153581e+00   3.51068961e+00   3.70612488e+00   3.71409824e+00
   3.71410237e+00   3.80038641e+00   3.80038667e+00   3.89869149e+00
   3.89869664e+00   3.96516389e+00   4.02781178e+00   4.24351566e+00
   4.24351658e+00   4.45957999e+00   4.54441039e+00   4.54442237e+00
   7.35680474e+00   7.36493377e+00   7.36679526e+00   7.37591946e+00
   7.37713898e+00   7.37714014e+00   7.38395265e+00   7.38395468e+00
   7.39204006e+00   7.39411060e+00   7.39411505e+00   7.39591066e+00
   7.40054200e+00   7.40054492e+00   7.40224787e+00   7.40224842e+00
   7.41249125e+00   7.41249133e+00   7.42411726e+00   7.45197870e+00
   7.45198089e+00   8.50698260e+00   8.85438589e+00   8.91032348e+00
   8.91032565e+00   8.94385488e+00   8.94385756e+00   9.07150896e+00
   9.10083034e+00   9.16067393e+00   9.16068308e+00   9.18443907e+00
   9.18444276e+00   9.28047460e+00   9.28047548e+00   9.40937578e+00
   9.42969340e+00   9.82572509e+00   1.04498350e+01   1.04498491e+01
   5.85704305e+01   5.85704400e+01   5.86610502e+01]
E_coul = 373.973656401998
cycle= 8 E= -540.617978891874  delta_E= -2.45e-09  |g|= 1.29e-05  |ddm|= 7.86e-05
    CPU time for cycle= 8      0.22 sec, wall time      0.22 sec
diis-norm(errvec)=2.88392e-05
diis-c [ -2.30382691e-10   5.01253820e-05   8.51910707e-05  -2.37418762e-04
  -4.36673037e-03   1.94137097e-02  -3.81100649e-02  -1.77250566e-01
   1.20041575e+00]
  HOMO = -0.633324468141254  LUMO = 0.0502948989929599
  mo_energy =
[ -5.85453865e+01  -2.62848825e+01  -2.62848816e+01  -2.62848748e+01
  -4.95697746e+00  -3.27585945e+00  -3.27339430e+00  -3.27339396e+00
  -1.57917079e+00  -1.56670129e+00  -1.56669867e+00  -7.35459843e-01
  -6.91987634e-01  -6.91986472e-01  -6.66000886e-01  -6.58672830e-01
  -6.58671079e-01  -6.48582227e-01  -6.48580249e-01  -6.33324468e-01
   5.02948990e-02   8.32564697e-02   1.58699982e-01   1.58701360e-01
   2.66671470e-01   3.17956698e-01   3.19573662e-01   3.19574782e-01
   3.76729000e-01   3.76732200e-01   3.86268994e-01   5.23884499e-01
   5.23886252e-01   7.00823751e-01   7.49123349e-01   7.49123717e-01
   7.60542617e-01   7.99389151e-01   7.99389960e-01   8.50495324e-01
   8.92515652e-01   8.92516121e-01   8.96567783e-01   9.15821949e-01
   9.15822856e-01   1.00604517e+00   1.02177981e+00   1.02178500e+00
   1.03110477e+00   1.03110656e+00   1.12480328e+00   1.12480511e+00
   1.13846364e+00   1.29942820e+00   1.31548698e+00   1.31550521e+00
   1.42130889e+00   2.10658605e+00   2.23641109e+00   2.24080019e+00
   2.24081036e+00   2.35715153e+00   2.35716102e+00   2.39226751e+00
   2.39227196e+00   2.49314010e+00   2.62671714e+00   2.64273557e+00
   2.64275279e+00   2.70805819e+00   2.70806432e+00   2.79813723e+00
   2.98055182e+00   2.98104173e+00   2.98104839e+00   3.48153487e+00
   3.48153583e+00   3.51069009e+00   3.70612497e+00   3.71409756e+00
   3.71410162e+00   3.80038652e+00   3.80038693e+00   3.89869084e+00
   3.89869591e+00   3.96516331e+00   4.02781140e+00   4.24351535e+00
   4.24351611e+00   4.45957940e+00   4.54440975e+00   4.54442186e+00
   7.35680400e+00   7.36493316e+00   7.36679464e+00   7.37591865e+00
   7.37713839e+00   7.37713949e+00   7.38395202e+00   7.38395394e+00
   7.39203951e+00   7.39410972e+00   7.39411431e+00   7.39591004e+00
   7.40054142e+00   7.40054419e+00   7.40224732e+00   7.40224782e+00
   7.41249064e+00   7.41249066e+00   7.42411673e+00   7.45197820e+00
   7.45198025e+00   8.50698152e+00   8.85438558e+00   8.91032329e+00
   8.91032526e+00   8.94385448e+00   8.94385736e+00   9.07150849e+00
   9.10082992e+00   9.16067354e+00   9.16068285e+00   9.18443860e+00
   9.18444249e+00   9.28047405e+00   9.28047476e+00   9.40937532e+00
   9.42969314e+00   9.82572332e+00   1.04498330e+01   1.04498472e+01
   5.85704303e+01   5.85704402e+01   5.86610502e+01]
E_coul = 373.973675747611
cycle= 9 E= -540.617978891947  delta_E= -7.25e-11  |g|= 2.23e-06  |ddm|= 1.55e-05
    CPU time for cycle= 9      0.22 sec, wall time      0.22 sec
  HOMO = -0.633324716773658  LUMO = 0.0502949846921759
  mo_energy =
[ -5.85453864e+01  -2.62848830e+01  -2.62848818e+01  -2.62848750e+01
  -4.95697743e+00  -3.27585941e+00  -3.27339428e+00  -3.27339395e+00
  -1.57917093e+00  -1.56670149e+00  -1.56669874e+00  -7.35459907e-01
  -6.91987736e-01  -6.91986500e-01  -6.66000836e-01  -6.58673045e-01
  -6.58671222e-01  -6.48582185e-01  -6.48580087e-01  -6.33324717e-01
   5.02949847e-02   8.32565485e-02   1.58699979e-01   1.58701358e-01
   2.66671489e-01   3.17956749e-01   3.19573720e-01   3.19574846e-01
   3.76729005e-01   3.76732200e-01   3.86269070e-01   5.23884552e-01
   5.23886309e-01   7.00823786e-01   7.49123414e-01   7.49123760e-01
   7.60542621e-01   7.99389188e-01   7.99390013e-01   8.50495426e-01
   8.92515778e-01   8.92516210e-01   8.96567801e-01   9.15821971e-01
   9.15822882e-01   1.00604522e+00   1.02177985e+00   1.02178504e+00
   1.03110479e+00   1.03110656e+00   1.12480332e+00   1.12480511e+00
   1.13846367e+00   1.29942822e+00   1.31548709e+00   1.31550528e+00
   1.42130894e+00   2.10658608e+00   2.23641116e+00   2.24080020e+00
   2.24081039e+00   2.35715155e+00   2.35716110e+00   2.39226760e+00
   2.39227199e+00   2.49314016e+00   2.62671719e+00   2.64273564e+00
   2.64275281e+00   2.70805827e+00   2.70806435e+00   2.79813727e+00
   2.98055185e+00   2.98104182e+00   2.98104840e+00   3.48153487e+00
   3.48153587e+00   3.51069010e+00   3.70612502e+00   3.71409752e+00
   3.71410164e+00   3.80038663e+00   3.80038691e+00   3.89869079e+00
   3.89869592e+00   3.96516333e+00   4.02781138e+00   4.24351528e+00
   4.24351618e+00   4.45957937e+00   4.54440979e+00   4.54442180e+00
   7.35680405e+00   7.36493324e+00   7.36679472e+00   7.37591870e+00
   7.37713845e+00   7.37713959e+00   7.38395204e+00   7.38395405e+00
   7.39203960e+00   7.39410984e+00   7.39411431e+00   7.39591012e+00
   7.40054143e+00   7.40054432e+00   7.40224739e+00   7.40224793e+00
   7.41249069e+00   7.41249075e+00   7.42411683e+00   7.45197823e+00
   7.45198040e+00   8.50698155e+00   8.85438557e+00   8.91032321e+00
   8.91032534e+00   8.94385455e+00   8.94385727e+00   9.07150848e+00
   9.10082990e+00   9.16067362e+00   9.16068279e+00   9.18443866e+00
   9.18444239e+00   9.28047398e+00   9.28047483e+00   9.40937532e+00
   9.42969316e+00   9.82572336e+00   1.04498331e+01   1.04498472e+01
   5.85704302e+01   5.85704397e+01   5.86610499e+01]
    CPU time for scf_cycle      4.63 sec, wall time      4.64 sec
    CPU time for SCF      4.63 sec, wall time      4.64 sec
converged SCF energy = -540.617978891947
RHF E = -540.617978892
RHF eps = [ -5.85453864e+01  -2.62848830e+01  -2.62848818e+01  -2.62848750e+01
  -4.95697743e+00  -3.27585941e+00  -3.27339428e+00  -3.27339395e+00
  -1.57917093e+00  -1.56670149e+00  -1.56669874e+00  -7.35459907e-01
  -6.91987736e-01  -6.91986500e-01  -6.66000836e-01  -6.58673045e-01
  -6.58671222e-01  -6.48582185e-01  -6.48580087e-01  -6.33324717e-01
   5.02949847e-02   8.32565485e-02   1.58699979e-01   1.58701358e-01
   2.66671489e-01   3.17956749e-01   3.19573720e-01   3.19574846e-01
   3.76729005e-01   3.76732200e-01   3.86269070e-01   5.23884552e-01
   5.23886309e-01   7.00823786e-01   7.49123414e-01   7.49123760e-01
   7.60542621e-01   7.99389188e-01   7.99390013e-01   8.50495426e-01
   8.92515778e-01   8.92516210e-01   8.96567801e-01   9.15821971e-01
   9.15822882e-01   1.00604522e+00   1.02177985e+00   1.02178504e+00
   1.03110479e+00   1.03110656e+00   1.12480332e+00   1.12480511e+00
   1.13846367e+00   1.29942822e+00   1.31548709e+00   1.31550528e+00
   1.42130894e+00   2.10658608e+00   2.23641116e+00   2.24080020e+00
   2.24081039e+00   2.35715155e+00   2.35716110e+00   2.39226760e+00
   2.39227199e+00   2.49314016e+00   2.62671719e+00   2.64273564e+00
   2.64275281e+00   2.70805827e+00   2.70806435e+00   2.79813727e+00
   2.98055185e+00   2.98104182e+00   2.98104840e+00   3.48153487e+00
   3.48153587e+00   3.51069010e+00   3.70612502e+00   3.71409752e+00
   3.71410164e+00   3.80038663e+00   3.80038691e+00   3.89869079e+00
   3.89869592e+00   3.96516333e+00   4.02781138e+00   4.24351528e+00
   4.24351618e+00   4.45957937e+00   4.54440979e+00   4.54442180e+00
   7.35680405e+00   7.36493324e+00   7.36679472e+00   7.37591870e+00
   7.37713845e+00   7.37713959e+00   7.38395204e+00   7.38395405e+00
   7.39203960e+00   7.39410984e+00   7.39411431e+00   7.39591012e+00
   7.40054143e+00   7.40054432e+00   7.40224739e+00   7.40224793e+00
   7.41249069e+00   7.41249075e+00   7.42411683e+00   7.45197823e+00
   7.45198040e+00   8.50698155e+00   8.85438557e+00   8.91032321e+00
   8.91032534e+00   8.94385455e+00   8.94385727e+00   9.07150848e+00
   9.10082990e+00   9.16067362e+00   9.16068279e+00   9.18443866e+00
   9.18444239e+00   9.28047398e+00   9.28047483e+00   9.40937532e+00
   9.42969316e+00   9.82572336e+00   1.04498331e+01   1.04498472e+01
   5.85704302e+01   5.85704397e+01   5.86610499e+01]
    CPU time for transforming oopq      6.38 sec, wall time      6.38 sec
    CPU time for transforming ovpq      7.32 sec, wall time      7.32 sec
MO integrals cint2e_sph are saved in <HDF5 file "tmpJW5YCm" (mode r+)>/eri_mo
num. MO ints = 1.7490062e+08, required disk 1399.205 MB
step1: tmpfile /tmp/tmpXw_kOo  971.244 MB
step1: (ij,kl) = (13225,9180), mem cache 4000 MB, iobuf 800 MB
    CPU time for Initializing ao2mo.outcore.half_e1      0.01 sec, wall time      0.02 sec
step 1 [1/2], AO [0:1030], len(buf) = 7561
      fill iobuf micro [1/1], AO [0:1030], len(aobuf) = 7561
    CPU time for gen AO/transform MO [1/2]      8.08 sec, wall time      8.07 sec
step 1 [2/2], AO [1030:1128], len(buf) = 1619
      fill iobuf micro [1/1], AO [1030:1128], len(aobuf) = 1619
    CPU time for gen AO/transform MO [2/2]      2.71 sec, wall time      2.72 sec
    CPU time for AO->MO transformation for cint2e_sph 1 pass     11.13 sec, wall time     11.14 sec
step2: kl-pair (ao 9180, mo 13225), mem 270.2592 MB, ioblock 389.344 MB
step 2 [1/4], [0,0:3680], row = 3680
step 2 [1/4] CPU time:      2.21, Wall time:      2.22
step 2 [2/4], [0,3680:7360], row = 3680
step 2 [2/4] CPU time:      2.22, Wall time:      2.22
step 2 [3/4], [0,7360:11040], row = 3680
step 2 [3/4] CPU time:      2.14, Wall time:      2.14
step 2 [4/4], [0,11040:13225], row = 2185
step 2 [4/4] CPU time:      1.35, Wall time:      1.35
    CPU time for AO->MO transformation for cint2e_sph 2 pass      8.14 sec, wall time      8.14 sec
    CPU time for AO->MO transformation for cint2e_sph      19.27 sec, wall time     19.29 sec
    CPU time for transforming vvvv     21.83 sec, wall time     21.97 sec
    CPU time for CCSD integral transformation     35.76 sec, wall time     35.91 sec

******** <class 'pyscf.cc.rccsd_slow.RCCSD'> flags ********
CCSD nocc = 12, nvir = 115
frozen orbitals [0, 1, 2, 3, 4, 5, 6, 7]
max_cycle = 50
direct = 0
conv_tol = 1e-07
conv_tol_normt = 1e-05
diis_space = 6
diis_start_cycle = 0
diis_start_energy_diff = 1e+09
Init t2, MP2 energy = -0.824708777669676
    CPU time for init mp2      0.04 sec, wall time      0.04 sec
    CPU time for update t1 t2      7.67 sec, wall time      7.68 sec
istep = 0  E(CCSD) = -0.824267403419611  dE = -0.824267403  norm(t1,t2) = 0.0559263
    CPU time for CCSD iter      7.71 sec, wall time      7.72 sec
    CPU time for update t1 t2      7.59 sec, wall time      7.61 sec
DIIS for step 1
istep = 1  E(CCSD) = -0.832422425364615  dE = -0.00815502195  norm(t1,t2) = 0.0241303
    CPU time for CCSD iter      7.67 sec, wall time      7.68 sec
    CPU time for update t1 t2      7.60 sec, wall time      7.62 sec
diis-c [ -1.31690847e-04   1.00000000e+00]
DIIS for step 2
istep = 2  E(CCSD) = -0.833324004921085  dE = -0.000901579556  norm(t1,t2) = 0.0134775
    CPU time for CCSD iter      7.69 sec, wall time      7.70 sec
    CPU time for update t1 t2      7.63 sec, wall time      7.65 sec
diis-c [ -1.69845154e-05  -2.01778580e-01   1.20177858e+00]
DIIS for step 3
istep = 3  E(CCSD) = -0.834728861867096  dE = -0.00140485695  norm(t1,t2) = 0.00629619
    CPU time for CCSD iter      7.72 sec, wall time      7.74 sec
    CPU time for update t1 t2      7.62 sec, wall time      7.63 sec
diis-c [ -4.57887887e-07  -3.11314275e-01   9.43437131e-02   1.21697056e+00]
DIIS for step 4
istep = 4  E(CCSD) = -0.835205823814391  dE = -0.000476961947  norm(t1,t2) = 0.00310523
    CPU time for CCSD iter      7.72 sec, wall time      7.72 sec
    CPU time for update t1 t2      7.60 sec, wall time      7.61 sec
diis-c [ -3.23209655e-08   1.10143872e-01  -4.58613103e-02  -4.29665506e-01
   1.36538294e+00]
DIIS for step 5
istep = 5  E(CCSD) = -0.835154005538049  dE = 5.18182763e-05  norm(t1,t2) = 0.000358539
    CPU time for CCSD iter      7.70 sec, wall time      7.72 sec
    CPU time for update t1 t2      7.60 sec, wall time      7.60 sec
diis-c [ -2.78489073e-09   5.54824656e-02  -1.70782566e-02  -2.21331028e-01
   2.36364614e-01   9.46562205e-01]
DIIS for step 6
istep = 6  E(CCSD) = -0.83514924305  dE = 4.76248805e-06  norm(t1,t2) = 0.00011911
    CPU time for CCSD iter      7.70 sec, wall time      7.71 sec
    CPU time for update t1 t2      7.57 sec, wall time      7.58 sec
diis-c [ -1.40589457e-10  -2.90773629e-02   1.05112784e-02   1.12779529e-01
  -1.63295972e-01  -4.29397417e-01   1.49847994e+00]
DIIS for step 7
istep = 7  E(CCSD) = -0.835153047374533  dE = -3.80432453e-06  norm(t1,t2) = 3.02221e-05
    CPU time for CCSD iter      7.69 sec, wall time      7.69 sec
    CPU time for update t1 t2      7.54 sec, wall time      7.55 sec
diis-c [ -1.97679928e-11   1.08775023e+00  -3.14804284e-04   8.32065007e-04
  -4.32367164e-04  -4.28459788e-03  -8.35505305e-02]
DIIS for step 8
istep = 8  E(CCSD) = -0.835152600891182  dE = 4.46483351e-07  norm(t1,t2) = 6.86498e-06
    CPU time for CCSD iter      7.64 sec, wall time      7.66 sec
    CPU time for update t1 t2      7.53 sec, wall time      7.54 sec
diis-c [ -2.74968937e-12   2.08597813e-02   1.02555690e+00   1.42024100e-04
  -7.89612499e-04   7.42425183e-03  -5.31933410e-02]
DIIS for step 9
istep = 9  E(CCSD) = -0.835152633391828  dE = -3.2500646e-08  norm(t1,t2) = 2.61212e-06
    CPU time for CCSD iter      7.63 sec, wall time      7.64 sec
    CPU time for CCSD     76.87 sec, wall time     76.97 sec
CCSD converged
E(CC2) = -541.4531315253387  E_corr = -0.8351526333918275
    CPU time for EOM-CCSD shared one-electron intermediates      0.76 sec, wall time      0.76 sec
    CPU time for EOM-CCSD shared two-electron intermediates      1.66 sec, wall time      1.67 sec
    CPU time for EOM-CCSD IP intermediates      2.24 sec, wall time      2.23 sec
tol 1e-07  toloose 0.000316228
max_cycle 50  max_space 38  max_memory 2000  incore True
davidson 0 6  |r|= 0.486  e= [ 0.72478381  0.73736757  0.7373694   0.74681436  0.74681651  0.75002538]  max|de|= 0.75  lindep=    1
davidson 1 12  |r|= 0.113  e= [ 0.56938877  0.58983677  0.59101745  0.59991787  0.5994738   0.61067244]  max|de|= -0.155  lindep= 0.902
davidson 2 18  |r|= 0.0354  e= [ 0.56772789  0.58787372  0.58776628  0.59567097  0.59564056  0.60898585]  max|de|= -0.00425  lindep= 0.718
davidson 3 24  |r|= 0.00763  e= [ 0.56856149  0.58876004  0.58871488  0.59649335  0.59650752  0.60987179]  max|de|= 0.000949  lindep= 0.706
davidson 4 30  |r|= 0.0054  e= [ 0.56865899  0.58890523  0.58890198  0.59699065  0.59700557  0.60998422]  max|de|= 0.000498  lindep= 0.738
davidson 5 36  |r|= 0.0047  e= [ 0.56864717  0.58889038  0.58889482  0.59691013  0.5969211   0.60996079]  max|de|= -8.45e-05  lindep= 0.752
root 0 converged  |r|= 0.00022  e= 0.568647169899  max|de|= 5.55e-16
root 5 converged  |r|= 0.0003  e= 0.609960786978  max|de|= 1.44e-15
davidson 6 6  |r|= 0.0047  e= [ 0.56864717  0.58889038  0.58889482  0.59691013  0.5969211   0.60996079]  max|de|= -1.44e-15  lindep=    1
davidson 7 10  |r|= 0.0023  e= [ 0.56864712  0.58888192  0.5888852   0.59675279  0.59675534  0.60996079]  max|de|= -0.000166  lindep= 0.847
davidson 8 14  |r|= 0.00244  e= [ 0.56864715  0.58888056  0.5888829   0.59676089  0.59676897  0.60996079]  max|de|= 1.36e-05  lindep= 0.821
davidson 9 18  |r|= 0.00226  e= [ 0.56864712  0.58887998  0.58888222  0.5966061   0.59659711  0.60996076]  max|de|= -0.000172  lindep= 0.708
davidson 10 22  |r|= 0.00101  e= [ 0.56864713  0.58888079  0.58888288  0.5967746   0.59676668  0.60996076]  max|de|= 0.00017  lindep= 0.646
root 2 converged  |r|= 6.76e-07  e= 0.588882779342  max|de|= -9.57e-08
davidson 11 26  |r|= 0.000301  e= [ 0.56864713  0.58888067  0.58888278  0.59676011  0.59676483  0.60996075]  max|de|= -1.45e-05  lindep= 0.671
root 1 converged  |r|= 2.27e-07  e= 0.588880734042  max|de|= 6.48e-08
davidson 12 29  |r|= 0.000119  e= [ 0.56864715  0.58888073  0.58888278  0.5967411   0.59674228  0.60996084]  max|de|= -2.25e-05  lindep= 0.658
davidson 13 31  |r|= 3.25e-05  e= [ 0.56864715  0.58888073  0.58888278  0.59674604  0.59674754  0.60996084]  max|de|= 5.26e-06  lindep= 0.868
davidson 14 33  |r|= 8.27e-06  e= [ 0.56864718  0.58888073  0.58888278  0.59674423  0.59674659  0.60996084]  max|de|= -1.81e-06  lindep= 0.812
root 0 converged  |r|= 0.000215  e= 0.568647175075  max|de|= -1.55e-15
root 1 converged  |r|= 2.27e-07  e= 0.588880734042  max|de|= -9.99e-16
root 2 converged  |r|= 6.76e-07  e= 0.588882779342  max|de|= -3.33e-16
root 3 converged  |r|= 7.23e-06  e= 0.596744225539  max|de|= 6.66e-16
root 4 converged  |r|= 8.27e-06  e= 0.596746586462  max|de|= 7.77e-16
root 5 converged  |r|= 0.0003  e= 0.609960842589  max|de|= 2.22e-16
converge 15 6  |r|= 0.0003  e= [ 0.56864718  0.58888073  0.58888278  0.59674423  0.59674659  0.60996084]  max|de|= -1.55e-15
IP root 0 E = 0.5686471750753939  qpwt = 0.954377
IP root 1 E = 0.5888807340415292  qpwt = 0.95435
IP root 2 E = 0.5888827793421683  qpwt = 0.95435
IP root 3 E = 0.5967442255388629  qpwt = 0.955059
IP root 4 E = 0.5967465864621808  qpwt = 0.955059
IP root 5 E = 0.6099608425891884  qpwt = 0.955436
    CPU time for IP-CCSD     14.92 sec, wall time     14.94 sec
    CPU time for EOM-CCSD shared one-electron intermediates      0.73 sec, wall time      0.74 sec
    CPU time for EOM-CCSD EA intermediates     57.67 sec, wall time     58.11 sec
tol 1e-07  toloose 0.000316228
max_cycle 50  max_space 38  max_memory 2000  incore True
davidson 0 6  |r|= 0.256  e= [ 0.06209029  0.09887495  0.16580132  0.16580247  0.27378193  0.32686744]  max|de|= 0.327  lindep=    1
davidson 1 12  |r|= 0.0461  e= [ 0.02829327  0.07179529  0.14615983  0.14615765  0.25029438  0.29177838]  max|de|= -0.0351  lindep= 0.926
davidson 2 18  |r|= 0.0152  e= [ 0.02526742  0.07050657  0.14415425  0.14415639  0.24785745  0.289507  ]  max|de|= -0.00303  lindep= 0.903
davidson 3 24  |r|= 0.00469  e= [ 0.0252395   0.07058158  0.14416288  0.14416402  0.2478499   0.28959002]  max|de|= 8.3e-05  lindep= 0.778
davidson 4 30  |r|= 0.00131  e= [ 0.02525955  0.07060629  0.14415111  0.14415238  0.24785629  0.28962233]  max|de|= 3.23e-05  lindep= 0.951
davidson 5 36  |r|= 0.000281  e= [ 0.02525789  0.07060859  0.14415567  0.14415695  0.24784524  0.28962097]  max|de|= -1.11e-05  lindep= 0.904
root 0 converged  |r|= 9.53e-05  e= 0.025257885173  max|de|= -7.98e-17
root 1 converged  |r|= 8.9e-05  e= 0.0706085926583  max|de|= -5.41e-16
root 2 converged  |r|= 0.000176  e= 0.144155665764  max|de|= 1.39e-16
root 3 converged  |r|= 0.000176  e= 0.144156950304  max|de|= 7.49e-16
root 4 converged  |r|= 0.000281  e= 0.24784523879  max|de|= 1.11e-15
root 5 converged  |r|= 0.000241  e= 0.289620974894  max|de|= 1.55e-15
converge 6 6  |r|= 0.000281  e= [ 0.02525789  0.07060859  0.14415567  0.14415695  0.24784524  0.28962097]  max|de|= 1.55e-15
EA root 0 E = 0.02525788517299976  qpwt = 0.987232
EA root 1 E = 0.07060859265827958  qpwt = 0.988139
EA root 2 E = 0.1441556657635077  qpwt = 0.991955
EA root 3 E = 0.1441569503044727  qpwt = 0.991955
EA root 4 E = 0.2478452387898976  qpwt = 0.988189
EA root 5 E = 0.2896209748942799  qpwt = 0.984174
    CPU time for EA-CCSD    185.90 sec, wall time    186.44 sec
