

******** <class 'pyscf.scf.hf.RHF'> flags ********
method = RHF
initial guess = minao
damping factor = 0
level shift factor = 0
Do DIIS = True
DIIS start cycle = 1
DIIS space = 8
SCF tol = 1e-09
SCF gradient tol = None
max. SCF cycles = 50
direct_scf = True
direct_scf_tol = 1e-13
chkfile to save SCF result = /tmp/tmpLWYUNx
max_memory 4000 MB (current use 39 MB)
Set gradient conv threshold to 3.16228e-05
Nelec from initial guess = 69.9871
cond(S) = 487.941601193
E_coul = 2306.69906466321
init E= -5142.76476764359
    CPU time for initialize scf      2.24 sec, wall time      2.46 sec
  HOMO = -0.323174334313135  LUMO = -0.12654069626893
  mo_energy =
[ -4.89894698e+02  -4.89894694e+02  -6.51092978e+01  -6.51092663e+01
  -5.84483462e+01  -5.84483305e+01  -5.84481813e+01  -5.84481813e+01
  -5.84481769e+01  -5.84481769e+01  -9.84649072e+00  -9.84586018e+00
  -7.44325952e+00  -7.44252407e+00  -7.44096854e+00  -7.44096854e+00
  -7.44087130e+00  -7.44087130e+00  -3.18041380e+00  -3.17838020e+00
  -3.17838020e+00  -3.17729832e+00  -3.17729832e+00  -3.17710730e+00
  -3.17675753e+00  -3.17675753e+00  -3.17663321e+00  -3.17663321e+00
  -1.18038284e+00  -9.27615673e-01  -5.48228589e-01  -4.71809786e-01
  -4.71809786e-01  -3.23174334e-01  -3.23174334e-01  -1.26540696e-01
   2.92117891e-01   3.09169956e-01   3.39077840e-01   3.39077840e-01
   3.75546898e-01   3.75546898e-01   3.87061743e-01   3.87061743e-01
   3.87571114e-01   3.87571114e-01   4.97127995e-01   4.97127995e-01
   5.14908183e-01   6.02586961e-01   6.79849692e-01   6.79849692e-01
   7.39874007e-01   1.19178754e+00   1.37628982e+00   1.48566175e+00
   1.48566175e+00   1.54036537e+00   1.54036537e+00   1.58910557e+00
   1.58910557e+00   1.64976363e+00   1.65081317e+00   1.65081317e+00
   1.68576940e+00   1.68576940e+00   1.69399491e+00   1.69399491e+00
   1.76418616e+00   1.76418616e+00   1.79100755e+00   1.79100755e+00
   1.84608708e+00   1.84608708e+00   1.88307256e+00   1.88597987e+00
   1.88597987e+00   1.89762030e+00   1.89779064e+00   1.89779064e+00
   2.09644657e+00   2.24890305e+00   2.24890305e+00   2.93430025e+00
   4.35811840e+00   4.35811840e+00   4.38128249e+00   4.38600284e+00
   4.38600284e+00   4.43929218e+00   4.43929218e+00   4.58001595e+00
   4.58001595e+00   4.86406416e+00   7.61318165e+00   8.02231268e+00]
E_coul = 2297.78352083499
cycle= 1 E= -5144.80373747534  delta_E= -2.04  |g|= 0.293  |ddm|= 1.58
    CPU time for cycle= 1      0.07 sec, wall time      0.07 sec
diis-norm(errvec)=0.635122
diis-c [-0.4033797  1.       ]
  HOMO = -0.425441285952281  LUMO = -0.0234429418217674
  mo_energy =
[ -4.90165037e+02  -4.90165032e+02  -6.53008354e+01  -6.53008318e+01
  -5.86570355e+01  -5.86570231e+01  -5.86550315e+01  -5.86550315e+01
  -5.86550275e+01  -5.86550275e+01  -9.94818424e+00  -9.94813841e+00
  -7.56165922e+00  -7.56149937e+00  -7.54983626e+00  -7.54983626e+00
  -7.54981641e+00  -7.54981641e+00  -3.30420617e+00  -3.30177818e+00
  -3.29856647e+00  -3.29856647e+00  -3.29781249e+00  -3.29781249e+00
  -3.28472498e+00  -3.28472498e+00  -3.28468356e+00  -3.28468356e+00
  -1.14103048e+00  -9.71877965e-01  -5.61247426e-01  -5.31389435e-01
  -5.31389435e-01  -4.25441286e-01  -4.25441286e-01  -2.34429418e-02
   2.87381337e-01   2.91877274e-01   3.23880999e-01   3.23880999e-01
   3.56686133e-01   3.56686133e-01   3.72619532e-01   3.72619532e-01
   3.83300956e-01   3.83300956e-01   4.84079160e-01   4.84079160e-01
   5.09921279e-01   5.90951808e-01   6.70172684e-01   6.70172684e-01
   7.18149553e-01   1.17192514e+00   1.32183943e+00   1.43403781e+00
   1.43403781e+00   1.52278556e+00   1.52278556e+00   1.56523770e+00
   1.56523770e+00   1.60709277e+00   1.60709277e+00   1.61107289e+00
   1.65256603e+00   1.65256603e+00   1.66393468e+00   1.66393468e+00
   1.75361405e+00   1.75361405e+00   1.78057528e+00   1.78057528e+00
   1.81871592e+00   1.81871592e+00   1.84530395e+00   1.85211107e+00
   1.86163309e+00   1.86163309e+00   1.87497336e+00   1.87497336e+00
   2.05178694e+00   2.21412647e+00   2.21412647e+00   2.87951916e+00
   4.29079959e+00   4.29079959e+00   4.30424389e+00   4.34270876e+00
   4.34270876e+00   4.39615998e+00   4.39615998e+00   4.51331440e+00
   4.51331440e+00   4.79394577e+00   7.54015635e+00   7.94991770e+00]
E_coul = 2304.49484036406
cycle= 2 E= -5144.8177340318  delta_E= -0.014  |g|= 0.147  |ddm|= 0.26
    CPU time for cycle= 2      0.06 sec, wall time      0.06 sec
diis-norm(errvec)=0.257664
diis-c [-0.01846215  0.26082982  0.73917018]
  HOMO = -0.403701168117333  LUMO = 0.00383857183658907
  mo_energy =
[ -4.90055445e+02  -4.90055441e+02  -6.51996076e+01  -6.51996039e+01
  -5.85547003e+01  -5.85546877e+01  -5.85524521e+01  -5.85524521e+01
  -5.85524480e+01  -5.85524480e+01  -9.87692497e+00  -9.87687988e+00
  -7.49064973e+00  -7.49048749e+00  -7.47989353e+00  -7.47989353e+00
  -7.47987631e+00  -7.47987631e+00  -3.23468382e+00  -3.23228347e+00
  -3.22910800e+00  -3.22910800e+00  -3.22834943e+00  -3.22834943e+00
  -3.21568727e+00  -3.21568727e+00  -3.21564635e+00  -3.21564635e+00
  -1.10219130e+00  -9.47550887e-01  -5.33420000e-01  -5.04766232e-01
  -5.04766232e-01  -4.03701168e-01  -4.03701168e-01   3.83857184e-03
   2.96001801e-01   3.01865734e-01   3.39089018e-01   3.39089018e-01
   3.74567511e-01   3.74567511e-01   3.91362183e-01   3.91362183e-01
   3.92173518e-01   3.92173518e-01   4.99516966e-01   4.99516966e-01
   5.20067968e-01   6.12145840e-01   6.82920818e-01   6.82920818e-01
   7.42104786e-01   1.18548589e+00   1.35762855e+00   1.47061501e+00
   1.47061501e+00   1.54597891e+00   1.54597891e+00   1.59292564e+00
   1.59292564e+00   1.63649374e+00   1.64135867e+00   1.64135867e+00
   1.68249190e+00   1.68249190e+00   1.68699199e+00   1.68699199e+00
   1.77890400e+00   1.77890400e+00   1.80562994e+00   1.80562994e+00
   1.84471746e+00   1.84471746e+00   1.86872954e+00   1.88472044e+00
   1.88472044e+00   1.88585660e+00   1.89874084e+00   1.89874084e+00
   2.08386075e+00   2.24085874e+00   2.24085874e+00   2.91700122e+00
   4.33348399e+00   4.33348399e+00   4.35018264e+00   4.38304227e+00
   4.38304227e+00   4.43631590e+00   4.43631590e+00   4.55635623e+00
   4.55635623e+00   4.83917055e+00   7.59410587e+00   8.00282880e+00]
E_coul = 2302.12883948033
cycle= 3 E= -5144.82052054102  delta_E= -0.00279  |g|= 0.0225  |ddm|= 0.095
    CPU time for cycle= 3      0.06 sec, wall time      0.06 sec
diis-norm(errvec)=0.0516925
diis-c [ -6.66838616e-04  -1.09082874e-01  -9.67534501e-02   1.20583632e+00]
  HOMO = -0.404405007651769  LUMO = 0.00675918521998706
  mo_energy =
[ -4.90068346e+02  -4.90068341e+02  -6.52091355e+01  -6.52091318e+01
  -5.85650325e+01  -5.85650201e+01  -5.85626498e+01  -5.85626498e+01
  -5.85626458e+01  -5.85626458e+01  -9.88061637e+00  -9.88057277e+00
  -7.49448539e+00  -7.49432362e+00  -7.48420181e+00  -7.48420181e+00
  -7.48418481e+00  -7.48418481e+00  -3.23903898e+00  -3.23662690e+00
  -3.23344295e+00  -3.23344295e+00  -3.23268501e+00  -3.23268501e+00
  -3.22010106e+00  -3.22010106e+00  -3.22005856e+00  -3.22005856e+00
  -1.10255703e+00  -9.46570893e-01  -5.33981305e-01  -5.05267530e-01
  -5.05267530e-01  -4.04405008e-01  -4.04405008e-01   6.75918522e-03
   2.97685563e-01   3.01545627e-01   3.39211655e-01   3.39211655e-01
   3.74071954e-01   3.74071954e-01   3.91740189e-01   3.91740189e-01
   3.91906895e-01   3.91906895e-01   4.99538554e-01   4.99538554e-01
   5.21679134e-01   6.12560929e-01   6.83727429e-01   6.83727429e-01
   7.42530938e-01   1.18668556e+00   1.35743059e+00   1.47045063e+00
   1.47045063e+00   1.54584307e+00   1.54584307e+00   1.59236399e+00
   1.59236399e+00   1.63765834e+00   1.64131991e+00   1.64131991e+00
   1.68286544e+00   1.68286544e+00   1.68803526e+00   1.68803526e+00
   1.77898672e+00   1.77898672e+00   1.80572237e+00   1.80572237e+00
   1.84449963e+00   1.84449963e+00   1.87021508e+00   1.88487988e+00
   1.88487988e+00   1.88632775e+00   1.89970743e+00   1.89970743e+00
   2.08457031e+00   2.24175501e+00   2.24175501e+00   2.91727920e+00
   4.33277878e+00   4.33277878e+00   4.34964747e+00   4.38174583e+00
   4.38174583e+00   4.43504921e+00   4.43504921e+00   4.55548808e+00
   4.55548808e+00   4.83847961e+00   7.59234979e+00   8.00120482e+00]
E_coul = 2302.38962284853
cycle= 4 E= -5144.82067839686  delta_E= -0.000158  |g|= 0.00358  |ddm|= 0.0217
    CPU time for cycle= 4      0.07 sec, wall time      0.06 sec
diis-norm(errvec)=0.00780368
diis-c [ -3.23625044e-05  -7.27935233e-03  -2.22723425e-02  -5.24303210e-02
   1.08198202e+00]
  HOMO = -0.404998408819541  LUMO = 0.00634843906322949
  mo_energy =
[ -4.90066428e+02  -4.90066423e+02  -6.52078363e+01  -6.52078326e+01
  -5.85636125e+01  -5.85636000e+01  -5.85612204e+01  -5.85612204e+01
  -5.85612163e+01  -5.85612163e+01  -9.88080573e+00  -9.88076151e+00
  -7.49475672e+00  -7.49459380e+00  -7.48428311e+00  -7.48428311e+00
  -7.48426597e+00  -7.48426597e+00  -3.23928967e+00  -3.23687334e+00
  -3.23362223e+00  -3.23362223e+00  -3.23286307e+00  -3.23286307e+00
  -3.22014846e+00  -3.22014846e+00  -3.22010592e+00  -3.22010592e+00
  -1.10336946e+00  -9.47095867e-01  -5.34886828e-01  -5.05775535e-01
  -5.05775535e-01  -4.04998409e-01  -4.04998409e-01   6.34843906e-03
   2.97537837e-01   3.00880659e-01   3.38929583e-01   3.38929583e-01
   3.73521413e-01   3.73521413e-01   3.91475680e-01   3.91475680e-01
   3.91625978e-01   3.91625978e-01   4.99187748e-01   4.99187748e-01
   5.21447997e-01   6.11963453e-01   6.83313489e-01   6.83313489e-01
   7.41832924e-01   1.18617542e+00   1.35640471e+00   1.46950466e+00
   1.46950466e+00   1.54539587e+00   1.54539587e+00   1.59187142e+00
   1.59187142e+00   1.63685611e+00   1.64054374e+00   1.64054374e+00
   1.68205207e+00   1.68205207e+00   1.68729440e+00   1.68729440e+00
   1.77845464e+00   1.77845464e+00   1.80519498e+00   1.80519498e+00
   1.84406167e+00   1.84406167e+00   1.86953394e+00   1.88448047e+00
   1.88448047e+00   1.88543961e+00   1.89899264e+00   1.89899264e+00
   2.08358718e+00   2.24087200e+00   2.24087200e+00   2.91628022e+00
   4.33204379e+00   4.33204379e+00   4.34881318e+00   4.38129999e+00
   4.38129999e+00   4.43460930e+00   4.43460930e+00   4.55473980e+00
   4.55473980e+00   4.83764636e+00   7.59185176e+00   8.00072748e+00]
E_coul = 2302.36210417161
cycle= 5 E= -5144.82068231805  delta_E= -3.92e-06  |g|= 0.00121  |ddm|= 0.00352
    CPU time for cycle= 5      0.06 sec, wall time      0.06 sec
diis-norm(errvec)=0.0018034
diis-c [ -7.80545365e-07   2.94298446e-03  -1.55251371e-03  -5.84606157e-02
   1.96070344e-01   8.60999801e-01]
  HOMO = -0.405028861464947  LUMO = 0.00631140645931195
  mo_energy =
[ -4.90067168e+02  -4.90067164e+02  -6.52085129e+01  -6.52085092e+01
  -5.85642967e+01  -5.85642842e+01  -5.85619053e+01  -5.85619053e+01
  -5.85619013e+01  -5.85619013e+01  -9.88114649e+00  -9.88110223e+00
  -7.49509614e+00  -7.49493330e+00  -7.48460223e+00  -7.48460223e+00
  -7.48458511e+00  -7.48458511e+00  -3.23960706e+00  -3.23719188e+00
  -3.23393303e+00  -3.23393303e+00  -3.23317420e+00  -3.23317420e+00
  -3.22045293e+00  -3.22045293e+00  -3.22041047e+00  -3.22041047e+00
  -1.10336219e+00  -9.47172141e-01  -5.34939746e-01  -5.05747507e-01
  -5.05747507e-01  -4.05028861e-01  -4.05028861e-01   6.31140646e-03
   2.97469004e-01   3.00839145e-01   3.38951815e-01   3.38951815e-01
   3.73521059e-01   3.73521059e-01   3.91492606e-01   3.91492606e-01
   3.91626299e-01   3.91626299e-01   4.99181921e-01   4.99181921e-01
   5.21386514e-01   6.11928829e-01   6.83269846e-01   6.83269846e-01
   7.41780567e-01   1.18606792e+00   1.35642116e+00   1.46953468e+00
   1.46953468e+00   1.54537695e+00   1.54537695e+00   1.59188668e+00
   1.59188668e+00   1.63675868e+00   1.64054461e+00   1.64054461e+00
   1.68205697e+00   1.68205697e+00   1.68721067e+00   1.68721067e+00
   1.77846735e+00   1.77846735e+00   1.80520621e+00   1.80520621e+00
   1.84400928e+00   1.84400928e+00   1.86939508e+00   1.88440768e+00
   1.88440768e+00   1.88539837e+00   1.89895546e+00   1.89895546e+00
   2.08352233e+00   2.24081657e+00   2.24081657e+00   2.91622337e+00
   4.33192579e+00   4.33192579e+00   4.34869982e+00   4.38121242e+00
   4.38121242e+00   4.43452175e+00   4.43452175e+00   4.55462683e+00
   4.55462683e+00   4.83754806e+00   7.59163413e+00   8.00050654e+00]
E_coul = 2302.37220140502
cycle= 6 E= -5144.82068249737  delta_E= -1.79e-07  |g|= 0.000195  |ddm|= 0.000955
    CPU time for cycle= 6      0.07 sec, wall time      0.06 sec
diis-norm(errvec)=0.000312612
diis-c [ -1.62142659e-08  -2.44217225e-04   2.46497441e-04   1.15627646e-02
  -6.49970874e-02  -7.03163213e-02   1.12374836e+00]
  HOMO = -0.405005175435945  LUMO = 0.00632884720561339
  mo_energy =
[ -4.90067035e+02  -4.90067030e+02  -6.52083983e+01  -6.52083946e+01
  -5.85641777e+01  -5.85641652e+01  -5.85617874e+01  -5.85617874e+01
  -5.85617834e+01  -5.85617834e+01  -9.88105335e+00  -9.88100907e+00
  -7.49499718e+00  -7.49483434e+00  -7.48450675e+00  -7.48450675e+00
  -7.48448964e+00  -7.48448964e+00  -3.23950374e+00  -3.23708835e+00
  -3.23383142e+00  -3.23383142e+00  -3.23307253e+00  -3.23307253e+00
  -3.22035818e+00  -3.22035818e+00  -3.22031573e+00  -3.22031573e+00
  -1.10334406e+00  -9.47151384e-01  -5.34916836e-01  -5.05718404e-01
  -5.05718404e-01  -4.05005175e-01  -4.05005175e-01   6.32884721e-03
   2.97474560e-01   3.00842155e-01   3.38961484e-01   3.38961484e-01
   3.73533485e-01   3.73533485e-01   3.91497883e-01   3.91497883e-01
   3.91631411e-01   3.91631411e-01   4.99190379e-01   4.99190379e-01
   5.21394395e-01   6.11935435e-01   6.83282467e-01   6.83282467e-01
   7.41799674e-01   1.18608664e+00   1.35644258e+00   1.46955598e+00
   1.46955598e+00   1.54540115e+00   1.54540115e+00   1.59190841e+00
   1.59190841e+00   1.63679161e+00   1.64056920e+00   1.64056920e+00
   1.68208041e+00   1.68208041e+00   1.68724033e+00   1.68724033e+00
   1.77848718e+00   1.77848718e+00   1.80522607e+00   1.80522607e+00
   1.84403861e+00   1.84403861e+00   1.86942828e+00   1.88443768e+00
   1.88443768e+00   1.88542697e+00   1.89898028e+00   1.89898028e+00
   2.08355383e+00   2.24084457e+00   2.24084457e+00   2.91625855e+00
   4.33198157e+00   4.33198157e+00   4.34875999e+00   4.38126135e+00
   4.38126135e+00   4.43457059e+00   4.43457059e+00   4.55468102e+00
   4.55468102e+00   4.83760300e+00   7.59170130e+00   8.00057443e+00]
E_coul = 2302.36958418693
cycle= 7 E= -5144.82068250582  delta_E= -8.45e-09  |g|= 1.72e-05  |ddm|= 0.000264
    CPU time for cycle= 7      0.06 sec, wall time      0.06 sec
diis-norm(errvec)=2.73812e-05
diis-c [ -2.30673536e-10  -5.81705416e-05  -7.63490631e-06   2.70660177e-04
   1.91494233e-03  -1.47949213e-02  -8.66665524e-02   1.09934168e+00]
  HOMO = -0.405012546529888  LUMO = 0.0063198049974821
  mo_energy =
[ -4.90067046e+02  -4.90067042e+02  -6.52084105e+01  -6.52084068e+01
  -5.85641895e+01  -5.85641770e+01  -5.85617994e+01  -5.85617994e+01
  -5.85617954e+01  -5.85617954e+01  -9.88106920e+00  -9.88102492e+00
  -7.49501230e+00  -7.49484946e+00  -7.48452258e+00  -7.48452258e+00
  -7.48450546e+00  -7.48450546e+00  -3.23951905e+00  -3.23710367e+00
  -3.23384701e+00  -3.23384701e+00  -3.23308813e+00  -3.23308813e+00
  -3.22037451e+00  -3.22037451e+00  -3.22033206e+00  -3.22033206e+00
  -1.10335395e+00  -9.47162112e-01  -5.34925053e-01  -5.05724695e-01
  -5.05724695e-01  -4.05012547e-01  -4.05012547e-01   6.31980500e-03
   2.97470105e-01   3.00838069e-01   3.38958628e-01   3.38958628e-01
   3.73528623e-01   3.73528623e-01   3.91492228e-01   3.91492228e-01
   3.91628963e-01   3.91628963e-01   4.99184380e-01   4.99184380e-01
   5.21388050e-01   6.11928916e-01   6.83276630e-01   6.83276630e-01
   7.41791975e-01   1.18607906e+00   1.35643512e+00   1.46954845e+00
   1.46954845e+00   1.54539251e+00   1.54539251e+00   1.59190035e+00
   1.59190035e+00   1.63678223e+00   1.64056092e+00   1.64056092e+00
   1.68207124e+00   1.68207124e+00   1.68723050e+00   1.68723050e+00
   1.77847729e+00   1.77847729e+00   1.80521611e+00   1.80521611e+00
   1.84402983e+00   1.84402983e+00   1.86941879e+00   1.88442872e+00
   1.88442872e+00   1.88541769e+00   1.89897030e+00   1.89897030e+00
   2.08354391e+00   2.24083464e+00   2.24083464e+00   2.91624830e+00
   4.33196934e+00   4.33196934e+00   4.34874799e+00   4.38124852e+00
   4.38124852e+00   4.43455780e+00   4.43455780e+00   4.55466880e+00
   4.55466880e+00   4.83759108e+00   7.59168708e+00   8.00056030e+00]
E_coul = 2302.36972573409
cycle= 8 E= -5144.82068250595  delta_E= -1.35e-10  |g|= 2.15e-06  |ddm|= 3.92e-05
    CPU time for cycle= 8      0.07 sec, wall time      0.06 sec
  HOMO = -0.405012050607273  LUMO = 0.00632012539745039
  mo_energy =
[ -4.90067047e+02  -4.90067042e+02  -6.52084104e+01  -6.52084067e+01
  -5.85641895e+01  -5.85641770e+01  -5.85617994e+01  -5.85617994e+01
  -5.85617953e+01  -5.85617953e+01  -9.88106843e+00  -9.88102415e+00
  -7.49501158e+00  -7.49484874e+00  -7.48452181e+00  -7.48452181e+00
  -7.48450469e+00  -7.48450469e+00  -3.23951837e+00  -3.23710299e+00
  -3.23384632e+00  -3.23384632e+00  -3.23308745e+00  -3.23308745e+00
  -3.22037376e+00  -3.22037376e+00  -3.22033131e+00  -3.22033131e+00
  -1.10335330e+00  -9.47161725e-01  -5.34924255e-01  -5.05724091e-01
  -5.05724091e-01  -4.05012051e-01  -4.05012051e-01   6.32012540e-03
   2.97470143e-01   3.00838279e-01   3.38958915e-01   3.38958915e-01
   3.73529047e-01   3.73529047e-01   3.91492658e-01   3.91492658e-01
   3.91629138e-01   3.91629138e-01   4.99184750e-01   4.99184750e-01
   5.21388236e-01   6.11929256e-01   6.83276906e-01   6.83276906e-01
   7.41792373e-01   1.18607932e+00   1.35643572e+00   1.46954910e+00
   1.46954910e+00   1.54539306e+00   1.54539306e+00   1.59190097e+00
   1.59190097e+00   1.63678265e+00   1.64056152e+00   1.64056152e+00
   1.68207189e+00   1.68207189e+00   1.68723096e+00   1.68723096e+00
   1.77847797e+00   1.77847797e+00   1.80521679e+00   1.80521679e+00
   1.84403037e+00   1.84403037e+00   1.86941914e+00   1.88442920e+00
   1.88442920e+00   1.88541828e+00   1.89897086e+00   1.89897086e+00
   2.08354447e+00   2.24083519e+00   2.24083519e+00   2.91624894e+00
   4.33197000e+00   4.33197000e+00   4.34874868e+00   4.38124928e+00
   4.38124928e+00   4.43455855e+00   4.43455855e+00   4.55466947e+00
   4.55466947e+00   4.83759179e+00   7.59168780e+00   8.00056100e+00]
    CPU time for scf_cycle      2.77 sec, wall time      2.99 sec
    CPU time for SCF      2.78 sec, wall time      2.99 sec
converged SCF energy = -5144.82068250595
RHF E = -5144.82068251
RHF eps = [ -4.90067047e+02  -4.90067042e+02  -6.52084104e+01  -6.52084067e+01
  -5.85641895e+01  -5.85641770e+01  -5.85617994e+01  -5.85617994e+01
  -5.85617953e+01  -5.85617953e+01  -9.88106843e+00  -9.88102415e+00
  -7.49501158e+00  -7.49484874e+00  -7.48452181e+00  -7.48452181e+00
  -7.48450469e+00  -7.48450469e+00  -3.23951837e+00  -3.23710299e+00
  -3.23384632e+00  -3.23384632e+00  -3.23308745e+00  -3.23308745e+00
  -3.22037376e+00  -3.22037376e+00  -3.22033131e+00  -3.22033131e+00
  -1.10335330e+00  -9.47161725e-01  -5.34924255e-01  -5.05724091e-01
  -5.05724091e-01  -4.05012051e-01  -4.05012051e-01   6.32012540e-03
   2.97470143e-01   3.00838279e-01   3.38958915e-01   3.38958915e-01
   3.73529047e-01   3.73529047e-01   3.91492658e-01   3.91492658e-01
   3.91629138e-01   3.91629138e-01   4.99184750e-01   4.99184750e-01
   5.21388236e-01   6.11929256e-01   6.83276906e-01   6.83276906e-01
   7.41792373e-01   1.18607932e+00   1.35643572e+00   1.46954910e+00
   1.46954910e+00   1.54539306e+00   1.54539306e+00   1.59190097e+00
   1.59190097e+00   1.63678265e+00   1.64056152e+00   1.64056152e+00
   1.68207189e+00   1.68207189e+00   1.68723096e+00   1.68723096e+00
   1.77847797e+00   1.77847797e+00   1.80521679e+00   1.80521679e+00
   1.84403037e+00   1.84403037e+00   1.86941914e+00   1.88442920e+00
   1.88442920e+00   1.88541828e+00   1.89897086e+00   1.89897086e+00
   2.08354447e+00   2.24083519e+00   2.24083519e+00   2.91624894e+00
   4.33197000e+00   4.33197000e+00   4.34874868e+00   4.38124928e+00
   4.38124928e+00   4.43455855e+00   4.43455855e+00   4.55466947e+00
   4.55466947e+00   4.83759179e+00   7.59168780e+00   8.00056100e+00]
    CPU time for CCSD integral transformation      6.42 sec, wall time      6.44 sec

******** <class 'pyscf.cc.rccsd_slow.RCCSD'> flags ********
CCSD nocc = 7, nvir = 61
frozen orbitals [0, 1, 2, 3, 4, 5, 6, 7, 8, 9, 10, 11, 12, 13, 14, 15, 16, 17, 18, 19, 20, 21, 22, 23, 24, 25, 26, 27]
max_cycle = 50
direct = 0
conv_tol = 1e-07
conv_tol_normt = 1e-05
diis_space = 6
diis_start_cycle = 0
diis_start_energy_diff = 1e+09
Init t2, MP2 energy = -0.322104905264116
    CPU time for init mp2      0.00 sec, wall time      0.00 sec
    CPU time for update t1 t2      0.35 sec, wall time      0.36 sec
istep = 0  E(CCSD) = -0.322097712945267  dE = -0.322097713  norm(t1,t2) = 0.0228051
    CPU time for CCSD iter      0.37 sec, wall time      0.37 sec
    CPU time for update t1 t2      0.35 sec, wall time      0.35 sec
DIIS for step 1
istep = 1  E(CCSD) = -0.323350477862703  dE = -0.00125276492  norm(t1,t2) = 0.010641
    CPU time for CCSD iter      0.35 sec, wall time      0.36 sec
    CPU time for update t1 t2      0.35 sec, wall time      0.35 sec
diis-c [ -1.03746814e-05   1.00000000e+00]
DIIS for step 2
istep = 2  E(CCSD) = -0.32359482755284  dE = -0.00024434969  norm(t1,t2) = 0.00415708
    CPU time for CCSD iter      0.36 sec, wall time      0.36 sec
    CPU time for update t1 t2      0.35 sec, wall time      0.35 sec
diis-c [ -6.66852924e-07  -5.06565175e-01   1.50656517e+00]
DIIS for step 3
istep = 3  E(CCSD) = -0.323809740698492  dE = -0.000214913146  norm(t1,t2) = 0.0018739
    CPU time for CCSD iter      0.35 sec, wall time      0.36 sec
    CPU time for update t1 t2      0.37 sec, wall time      0.37 sec
diis-c [ -1.45437467e-08  -1.62692466e-01   2.44503520e-01   9.18188946e-01]
DIIS for step 4
istep = 4  E(CCSD) = -0.32382433571919  dE = -1.45950207e-05  norm(t1,t2) = 0.000354725
    CPU time for CCSD iter      0.38 sec, wall time      0.37 sec
    CPU time for update t1 t2      0.35 sec, wall time      0.35 sec
diis-c [ -4.22404445e-10   8.49286215e-02  -1.41281512e-01  -4.25972126e-01
   1.48232502e+00]
DIIS for step 5
istep = 5  E(CCSD) = -0.323821163629441  dE = 3.17208975e-06  norm(t1,t2) = 6.30638e-05
    CPU time for CCSD iter      0.36 sec, wall time      0.36 sec
    CPU time for update t1 t2      0.35 sec, wall time      0.35 sec
diis-c [ -3.53055640e-11   6.30451788e-03  -9.27623881e-03  -3.51990058e-02
   9.11043543e-03   1.02906029e+00]
DIIS for step 6
istep = 6  E(CCSD) = -0.323821347432528  dE = -1.83803087e-07  norm(t1,t2) = 9.49011e-06
    CPU time for CCSD iter      0.35 sec, wall time      0.36 sec
    CPU time for update t1 t2      0.36 sec, wall time      0.35 sec
diis-c [ -1.41411882e-12  -7.62375647e-03   1.23077021e-02   3.94248133e-02
  -1.09006174e-01  -2.34591735e-01   1.29948915e+00]
DIIS for step 7
istep = 7  E(CCSD) = -0.323821390984419  dE = -4.35518903e-08  norm(t1,t2) = 2.94245e-06
    CPU time for CCSD iter      0.36 sec, wall time      0.36 sec
    CPU time for CCSD      2.88 sec, wall time      2.88 sec
CCSD converged
E(CC2) = -5145.144503896934  E_corr = -0.3238213909844185
    CPU time for EOM-CCSD shared one-electron intermediates      0.02 sec, wall time      0.02 sec
    CPU time for EOM-CCSD shared two-electron intermediates      0.06 sec, wall time      0.05 sec
    CPU time for EOM-CCSD IP intermediates      0.07 sec, wall time      0.07 sec
tol 1e-07  toloose 0.000316228
max_cycle 50  max_space 38  max_memory 2000  incore True
davidson 0 6  |r|= 0.29  e= [ 0.45414436  0.45414436  0.54983462  0.54983462  0.59787344  0.9828708 ]  max|de|= 0.983  lindep=    1
davidson 1 12  |r|= 0.224  e= [ 0.38359541  0.38359541  0.4705476   0.4705476   0.52925065  0.89916799]  max|de|= -0.0837  lindep= 0.932
davidson 2 16  |r|= 0.21  e= [ 0.38310168  0.38359541  0.4691784   0.4705477   0.52708194  0.89622448]  max|de|= -0.00294  lindep= 0.0768
davidson 3 22  |r|= 0.0998  e= [ 0.38327591  0.38310167  0.46942665  0.46917849  0.52778275  0.81591555]  max|de|= -0.0803  lindep= 0.862
davidson 4 28  |r|= 0.033  e= [ 0.38327956  0.38327591  0.46941721  0.46942661  0.52783028  0.80691859]  max|de|= -0.009  lindep= 0.894
davidson 5 34  |r|= 0.0156  e= [ 0.38327845  0.38327957  0.46941215  0.4694172   0.52778276  0.80556318]  max|de|= -0.00136  lindep= 0.824
root 0 converged  |r|= 4.94e-05  e= 0.38327845266  max|de|= 1.11e-16
root 1 converged  |r|= 0.000291  e= 0.383279566161  max|de|= 6.11e-16
root 2 converged  |r|= 0.000115  e= 0.469412154357  max|de|= 9.44e-16
davidson 6 6  |r|= 0.0156  e= [ 0.38327845  0.38327957  0.46941215  0.4694172   0.52778276  0.80556318]  max|de|= -2.44e-15  lindep= 0.99
davidson 7 9  |r|= 0.00626  e= [ 0.38327845  0.38327957  0.46941216  0.46941579  0.52778248  0.80517517]  max|de|= -0.000388  lindep= 0.937
davidson 8 12  |r|= 0.0142  e= [ 0.38327845  0.38327957  0.46941216  0.46940689  0.5277798   0.8052251 ]  max|de|= 4.99e-05  lindep= 0.354
davidson 9 15  |r|= 0.00443  e= [ 0.38327845  0.38327957  0.46941213  0.46941115  0.52777945  0.80511889]  max|de|= -0.000106  lindep= 0.546
davidson 10 18  |r|= 0.00183  e= [ 0.38327845  0.38327957  0.46941041  0.46941214  0.52778005  0.80520354]  max|de|= 8.47e-05  lindep= 0.626
davidson 11 21  |r|= 0.000884  e= [ 0.38327845  0.38327957  0.46941041  0.46941006  0.52777977  0.80517067]  max|de|= -3.29e-05  lindep= 0.471
root 4 converged  |r|= 9.15e-07  e= 0.527779821944  max|de|= 4.78e-08
davidson 12 24  |r|= 0.000535  e= [ 0.38327845  0.38327957  0.46941041  0.46941063  0.52777982  0.80516046]  max|de|= -1.02e-05  lindep= 0.556
davidson 13 26  |r|= 0.000534  e= [ 0.38327845  0.38327957  0.46941041  0.46941039  0.52777982  0.80516022]  max|de|= -2.42e-07  lindep= 0.06
davidson 14 28  |r|= 0.000323  e= [ 0.38327845  0.38327957  0.46941041  0.46941058  0.52777982  0.80517013]  max|de|= 9.91e-06  lindep= 0.265
root 3 converged  |r|= 1.28e-07  e= 0.469410558476  max|de|= -2e-08
davidson 15 30  |r|= 0.000224  e= [ 0.38327845  0.38327957  0.46941041  0.46941056  0.52777982  0.8051747 ]  max|de|= 4.58e-06  lindep= 0.929
davidson 16 31  |r|= 0.000295  e= [ 0.38327845  0.38327957  0.46941056  0.46941041  0.52777982  0.80517653]  max|de|= 1.83e-06  lindep= 0.239
davidson 17 32  |r|= 0.000109  e= [ 0.38327845  0.38327957  0.46941056  0.46941041  0.52777982  0.80516927]  max|de|= -7.26e-06  lindep= 0.797
davidson 18 33  |r|= 0.000125  e= [ 0.38327845  0.38327957  0.46941056  0.4694104   0.52777982  0.80517063]  max|de|= 1.36e-06  lindep= 0.622
root 0 converged  |r|= 4.94e-05  e= 0.38327845266  max|de|= -7.77e-16
root 1 converged  |r|= 0.000291  e= 0.383279566161  max|de|= 9.99e-16
root 2 converged  |r|= 1.28e-07  e= 0.469410558526  max|de|= 1.28e-15
root 3 converged  |r|= 2.55e-06  e= 0.469410398689  max|de|= 2.28e-15
root 4 converged  |r|= 8.98e-07  e= 0.527779821766  max|de|= 1.33e-15
root 5 converged  |r|= 0.000125  e= 0.805170632734  max|de|= 1.11e-16
converge 19 6  |r|= 0.000291  e= [ 0.38327845  0.38327957  0.46941056  0.4694104   0.52777982  0.80517063]  max|de|= 2.28e-15
IP root 0 E = 0.3832784526597662  qpwt = 0.960349
IP root 1 E = 0.3832795661606523  qpwt = 0.960364
IP root 2 E = 0.4694105585264174  qpwt = 0.941634
IP root 3 E = 0.4694103986892695  qpwt = 0.941634
IP root 4 E = 0.5277798217657772  qpwt = 0.958322
IP root 5 E = 0.8051706327338561  qpwt = 0.653306
    CPU time for IP-CCSD      0.66 sec, wall time      0.65 sec
    CPU time for EOM-CCSD shared one-electron intermediates      0.02 sec, wall time      0.02 sec
    CPU time for EOM-CCSD EA intermediates      1.59 sec, wall time      1.60 sec
tol 1e-07  toloose 0.000316228
max_cycle 50  max_space 38  max_memory 2000  incore True
davidson 0 6  |r|= 0.31  e= [ 0.03962775  0.30667622  0.31113489  0.34732283  0.34790433  0.39182415]  max|de|= 0.392  lindep=    1
davidson 1 12  |r|= 0.0815  e= [-0.04017376  0.2587308   0.26561565  0.31024565  0.31581343  0.33674872]  max|de|= -0.0798  lindep= 0.306
davidson 2 18  |r|= 0.0743  e= [-0.04001685  0.2575388   0.25965943  0.30113995  0.30465342  0.33622552]  max|de|= -0.0112  lindep= 0.127
davidson 3 24  |r|= 0.0408  e= [-0.03992849  0.25769581  0.25971313  0.29801804  0.30212846  0.33510011]  max|de|= -0.00312  lindep= 0.606
davidson 4 30  |r|= 0.0347  e= [-0.03996619  0.25771677  0.25972392  0.29755633  0.29878267  0.33519021]  max|de|= -0.00335  lindep= 0.376
davidson 5 36  |r|= 0.0101  e= [-0.03996706  0.25771384  0.25971798  0.29751504  0.29794187  0.33517015]  max|de|= -0.000841  lindep= 0.196
root 0 converged  |r|= 7.22e-05  e= -0.0399670612753  max|de|= 2.36e-16
root 1 converged  |r|= 0.000215  e= 0.257713843476  max|de|= 3.89e-16
davidson 6 6  |r|= 0.0101  e= [-0.03996706  0.25771384  0.25971798  0.29751504  0.29794187  0.33517015]  max|de|= -5e-16  lindep= 0.924
davidson 7 10  |r|= 0.00689  e= [-0.03996706  0.25771384  0.25972529  0.29751458  0.29747484  0.33517166]  max|de|= -0.000467  lindep= 0.331
davidson 8 14  |r|= 0.00836  e= [-0.03996706  0.25771384  0.2597142   0.29750914  0.2976637   0.33517123]  max|de|= 0.000189  lindep= 0.196
davidson 9 18  |r|= 0.00299  e= [-0.03996706  0.25771384  0.25972639  0.29751356  0.29738089  0.33517273]  max|de|= -0.000283  lindep= 0.584
davidson 10 22  |r|= 0.000949  e= [-0.03996706  0.25771384  0.25972259  0.29751231  0.29750143  0.33517372]  max|de|= 0.000121  lindep= 0.345
davidson 11 26  |r|= 0.000407  e= [-0.03996706  0.25771384  0.25972305  0.297513    0.29750981  0.33517273]  max|de|= 8.38e-06  lindep= 0.155
root 3 converged  |r|= 1.07e-05  e= 0.29751306922  max|de|= 7.16e-08
root 5 converged  |r|= 1.29e-05  e= 0.335172629125  max|de|= -9.7e-08
davidson 12 30  |r|= 0.000101  e= [-0.03996706  0.25771384  0.25972319  0.29751307  0.29751102  0.33517263]  max|de|= 1.21e-06  lindep= 0.852
root 2 converged  |r|= 5.18e-07  e= 0.259723159075  max|de|= -2.62e-08
davidson 13 32  |r|= 2.47e-05  e= [-0.03996706  0.25771384  0.25972316  0.29751308  0.29751269  0.33517261]  max|de|= 1.67e-06  lindep= 0.909
davidson 14 33  |r|= 1.5e-05  e= [-0.03996706  0.25771384  0.25972316  0.29751303  0.29751306  0.33517259]  max|de|= 3.71e-07  lindep= 0.914
root 0 converged  |r|= 7.22e-05  e= -0.0399670612753  max|de|= 2.78e-16
root 1 converged  |r|= 0.000215  e= 0.257713843476  max|de|=    0
root 2 converged  |r|= 5.18e-07  e= 0.259723159075  max|de|= 5e-16
root 3 converged  |r|= 1.5e-05  e= 0.297513064307  max|de|= 3.01e-08
root 4 converged  |r|= 6.96e-06  e= 0.297513034195  max|de|= -3.01e-08
root 5 converged  |r|= 1.27e-05  e= 0.335172591088  max|de|= 6.66e-16
converge 15 6  |r|= 0.000215  e= [-0.03996706  0.25771384  0.25972316  0.29751306  0.29751303  0.33517259]  max|de|= -3.01e-08
EA root 0 E = -0.03996706127529243  qpwt = 0.966835
EA root 1 E = 0.2577138434757849  qpwt = 0.969029
EA root 2 E = 0.2597231590750986  qpwt = 0.937184
EA root 3 E = 0.2975130643071935  qpwt = 0.72215
EA root 4 E = 0.2975130341952978  qpwt = 0.722147
EA root 5 E = 0.3351725910877521  qpwt = 0.966636
    CPU time for EA-CCSD      8.96 sec, wall time      8.96 sec
