

******** <class 'pyscf.scf.hf.RHF'> flags ********
method = RHF
initial guess = minao
damping factor = 0
level shift factor = 0
Do DIIS = True
DIIS start cycle = 1
DIIS space = 8
SCF tol = 1e-09
SCF gradient tol = None
max. SCF cycles = 50
direct_scf = True
direct_scf_tol = 1e-13
chkfile to save SCF result = /tmp/tmpMsx8ot
max_memory 4000 MB (current use 39 MB)
Set gradient conv threshold to 3.16228e-05
Nelec from initial guess = 145.975
cond(S) = 2022.86162382
E_coul = 5516.82139009642
init E= -10324.0338328797
    CPU time for initialize scf     35.75 sec, wall time     35.77 sec
  HOMO = -0.338227273736515  LUMO = -0.0715360750905353
  mo_energy =
[ -4.89896816e+02  -4.89896816e+02  -4.89896816e+02  -4.89896816e+02
  -6.51120396e+01  -6.51120295e+01  -6.51120295e+01  -6.51120295e+01
  -5.84509205e+01  -5.84509176e+01  -5.84509176e+01  -5.84509176e+01
  -5.84507209e+01  -5.84507209e+01  -5.84507209e+01  -5.84507208e+01
  -5.84507208e+01  -5.84507208e+01  -5.84507198e+01  -5.84507198e+01
  -1.14336744e+01  -9.84995141e+00  -9.84931241e+00  -9.84931241e+00
  -9.84931241e+00  -7.44641445e+00  -7.44600943e+00  -7.44600943e+00
  -7.44600943e+00  -7.44352274e+00  -7.44352274e+00  -7.44352274e+00
  -7.44350684e+00  -7.44350684e+00  -7.44346448e+00  -7.44346448e+00
  -7.44346448e+00  -3.18243530e+00  -3.18174334e+00  -3.18174334e+00
  -3.18174334e+00  -3.18069471e+00  -3.18069471e+00  -3.18069471e+00
  -3.18065069e+00  -3.18065069e+00  -3.18046896e+00  -3.18046896e+00
  -3.18046896e+00  -3.17917238e+00  -3.17917238e+00  -3.17917238e+00
  -3.17915586e+00  -3.17915586e+00  -3.17912347e+00  -3.17912347e+00
  -3.17912347e+00  -1.43930987e+00  -1.05070034e+00  -1.05070034e+00
  -1.05070034e+00  -7.85940191e-01  -5.67749123e-01  -5.67749123e-01
  -5.67749123e-01  -4.38868641e-01  -4.38868641e-01  -3.77193899e-01
  -3.77193899e-01  -3.77193899e-01  -3.38227274e-01  -3.38227274e-01
  -3.38227274e-01  -7.15360751e-02   7.90208777e-02   7.90208777e-02
   7.90208777e-02   2.08849056e-01   2.77873634e-01   2.77873634e-01
   2.77873634e-01   3.33398588e-01   3.33398588e-01   3.33398588e-01
   3.39788760e-01   3.39788760e-01   3.48761900e-01   3.48761900e-01
   3.48761900e-01   3.76356779e-01   3.76356779e-01   3.97160522e-01
   3.97160522e-01   3.97160522e-01   4.09674406e-01   4.09674406e-01
   4.09674406e-01   4.47360689e-01   4.92371792e-01   4.92371792e-01
   4.92371792e-01   5.54515747e-01   5.54515747e-01   6.55660316e-01
   6.55660316e-01   6.55660316e-01   7.00382870e-01   7.16988702e-01
   7.16988702e-01   7.16988702e-01   8.55353181e-01   8.55353181e-01
   8.55353181e-01   1.05799303e+00   1.05799303e+00   1.08280935e+00
   1.08280935e+00   1.08280935e+00   1.17030632e+00   1.17030632e+00
   1.17030632e+00   1.19349347e+00   1.51775592e+00   1.53492998e+00
   1.53492998e+00   1.53492998e+00   1.55643952e+00   1.55643952e+00
   1.55643952e+00   1.57544633e+00   1.57544633e+00   1.57544633e+00
   1.59763110e+00   1.59763110e+00   1.60790780e+00   1.60790780e+00
   1.60790780e+00   1.61004487e+00   1.61004487e+00   1.62820193e+00
   1.62820193e+00   1.62820193e+00   1.74761991e+00   1.74761991e+00
   1.74761991e+00   1.74889025e+00   1.75671481e+00   1.75671481e+00
   1.75671481e+00   1.78551002e+00   1.80683813e+00   1.81937951e+00
   1.81937951e+00   1.81937951e+00   1.83487335e+00   1.83487335e+00
   1.83988391e+00   1.83988391e+00   1.83988391e+00   1.91258800e+00
   1.91258800e+00   1.91258800e+00   1.92448133e+00   1.92448133e+00
   1.92448133e+00   1.93807238e+00   1.93807238e+00   1.97373129e+00
   1.97373129e+00   1.97373129e+00   2.06598918e+00   2.12327049e+00
   2.12327049e+00   2.12327049e+00   2.12735517e+00   2.12735517e+00
   2.12735517e+00   2.30846370e+00   2.30846370e+00   2.30846370e+00
   2.38891446e+00   2.38891446e+00   2.65792437e+00   2.91784139e+00
   2.91784139e+00   2.91784139e+00   3.43110998e+00   3.43110998e+00
   3.43110998e+00   3.50030531e+00   3.50030531e+00   3.50030531e+00
   3.70814683e+00   3.70814683e+00   3.96048320e+00   3.96048320e+00
   3.96048320e+00   4.01741067e+00   4.40771652e+00   4.40771652e+00
   4.40771652e+00   4.46116970e+00   4.46116970e+00   4.46454058e+00
   4.46454058e+00   4.46454058e+00   4.62110082e+00   4.62110082e+00
   4.62110082e+00   4.69662848e+00   4.69662848e+00   4.69662848e+00
   4.70228914e+00   4.70228914e+00   5.01272030e+00   5.02096495e+00
   5.02096495e+00   5.02096495e+00   8.16623247e+00   8.18848522e+00
   8.18848522e+00   8.18848522e+00   2.29404824e+01]
E_coul = 5499.65980858219
cycle= 1 E= -10327.2939831714  delta_E= -3.26  |g|= 0.826  |ddm|= 2.31
    CPU time for cycle= 1      1.49 sec, wall time      1.50 sec
diis-norm(errvec)=2.44877
diis-c [-5.99645765  1.        ]
  HOMO = -0.449727698140005  LUMO = -0.0826650078126928
  mo_energy =
[ -4.90126213e+02  -4.90126213e+02  -4.90126213e+02  -4.90126213e+02
  -6.52683252e+01  -6.52683252e+01  -6.52683252e+01  -6.52683246e+01
  -5.86233647e+01  -5.86233620e+01  -5.86233620e+01  -5.86233620e+01
  -5.86220068e+01  -5.86220068e+01  -5.86220068e+01  -5.86220067e+01
  -5.86220067e+01  -5.86220067e+01  -5.86220061e+01  -5.86220061e+01
  -1.20273173e+01  -9.92655141e+00  -9.92655141e+00  -9.92655141e+00
  -9.92653956e+00  -7.53911493e+00  -7.53911493e+00  -7.53911493e+00
  -7.53910584e+00  -7.52929702e+00  -7.52929702e+00  -7.52929702e+00
  -7.52929403e+00  -7.52929403e+00  -7.52929077e+00  -7.52929077e+00
  -7.52929077e+00  -3.27955769e+00  -3.27950714e+00  -3.27950714e+00
  -3.27950714e+00  -3.27546435e+00  -3.27546435e+00  -3.27546435e+00
  -3.27546274e+00  -3.27546274e+00  -3.27545922e+00  -3.27545922e+00
  -3.27545922e+00  -3.26532732e+00  -3.26532732e+00  -3.26532732e+00
  -3.26532191e+00  -3.26532191e+00  -3.26531057e+00  -3.26531057e+00
  -3.26531057e+00  -1.37092218e+00  -1.12744892e+00  -1.12744892e+00
  -1.12744892e+00  -8.81398237e-01  -7.14394353e-01  -7.14394353e-01
  -7.14394353e-01  -5.29614808e-01  -5.29614808e-01  -4.96198934e-01
  -4.96198934e-01  -4.96198934e-01  -4.49727698e-01  -4.49727698e-01
  -4.49727698e-01  -8.26650078e-02  -3.42282590e-02  -3.42282590e-02
  -3.42282590e-02   1.90714426e-01   2.62210409e-01   2.62210409e-01
   2.62210409e-01   2.74155194e-01   2.74155194e-01   2.74155194e-01
   2.78406224e-01   2.78406224e-01   3.13033902e-01   3.13033902e-01
   3.13033902e-01   3.46983914e-01   3.46983914e-01   3.70805306e-01
   3.70805306e-01   3.70805306e-01   3.79744351e-01   3.79744351e-01
   3.79744351e-01   3.94003000e-01   4.59874801e-01   4.59874801e-01
   4.59874801e-01   5.22628848e-01   5.22628848e-01   5.88686387e-01
   5.88686387e-01   5.88686387e-01   6.43045226e-01   6.88836556e-01
   6.88836556e-01   6.88836556e-01   8.08871194e-01   8.08871194e-01
   8.08871194e-01   9.07984144e-01   9.07984144e-01   9.31744528e-01
   9.31744528e-01   9.31744528e-01   1.12556745e+00   1.12556745e+00
   1.12556745e+00   1.16867258e+00   1.42186059e+00   1.43847087e+00
   1.43847087e+00   1.43847087e+00   1.46513547e+00   1.46513547e+00
   1.46513547e+00   1.50234225e+00   1.50234225e+00   1.50234225e+00
   1.53856827e+00   1.53856827e+00   1.53856827e+00   1.54061328e+00
   1.54061328e+00   1.56016456e+00   1.56016456e+00   1.56016456e+00
   1.57139296e+00   1.57139296e+00   1.57833761e+00   1.71004282e+00
   1.71004282e+00   1.71004282e+00   1.71133775e+00   1.71133775e+00
   1.71133775e+00   1.73042615e+00   1.76413655e+00   1.79368141e+00
   1.79368141e+00   1.79368141e+00   1.79573245e+00   1.79573245e+00
   1.81054797e+00   1.81054797e+00   1.81054797e+00   1.84979583e+00
   1.84979583e+00   1.84979583e+00   1.88457549e+00   1.88457549e+00
   1.88457549e+00   1.92301058e+00   1.92301058e+00   1.94163880e+00
   1.94163880e+00   1.94163880e+00   1.98897508e+00   1.98897508e+00
   1.98897508e+00   2.02591566e+00   2.08686392e+00   2.08686392e+00
   2.08686392e+00   2.22722512e+00   2.22722512e+00   2.22722512e+00
   2.25633377e+00   2.25633377e+00   2.52380397e+00   2.69595321e+00
   2.69595321e+00   2.69595321e+00   3.15577497e+00   3.15577497e+00
   3.15577497e+00   3.22168947e+00   3.22168947e+00   3.22168947e+00
   3.37148155e+00   3.37148155e+00   3.65878559e+00   3.65878559e+00
   3.65878559e+00   3.77793946e+00   4.36322931e+00   4.36322931e+00
   4.36322931e+00   4.41914895e+00   4.41914895e+00   4.42269074e+00
   4.42269074e+00   4.42269074e+00   4.54978202e+00   4.54978202e+00
   4.54978202e+00   4.62501333e+00   4.62501333e+00   4.62501333e+00
   4.62792777e+00   4.62792777e+00   4.89504510e+00   4.92171266e+00
   4.92171266e+00   4.92171266e+00   8.10239332e+00   8.12393113e+00
   8.12393113e+00   8.12393113e+00   2.23808862e+01]
E_coul = 5518.522645446
cycle= 2 E= -10327.2767491797  delta_E= 0.0172  |g|= 0.98  |ddm|=  1.1
    CPU time for cycle= 2      1.50 sec, wall time      1.50 sec
diis-norm(errvec)=2.64342
diis-c [-0.35120417  0.52020951  0.47979049]
  HOMO = -0.410329890786252  LUMO = 0.0297021831279528
  mo_energy =
[ -4.90073137e+02  -4.90073137e+02  -4.90073137e+02  -4.90073137e+02
  -6.52148396e+01  -6.52148396e+01  -6.52148396e+01  -6.52148390e+01
  -5.85699905e+01  -5.85699879e+01  -5.85699879e+01  -5.85699879e+01
  -5.85684165e+01  -5.85684165e+01  -5.85684165e+01  -5.85684165e+01
  -5.85684165e+01  -5.85684165e+01  -5.85684156e+01  -5.85684156e+01
  -1.14800880e+01  -9.88008732e+00  -9.88008732e+00  -9.88008732e+00
  -9.88007607e+00  -7.49202911e+00  -7.49202911e+00  -7.49202911e+00
  -7.49202100e+00  -7.48386447e+00  -7.48386447e+00  -7.48386447e+00
  -7.48386184e+00  -7.48386184e+00  -7.48385908e+00  -7.48385908e+00
  -7.48385908e+00  -3.23404547e+00  -3.23401999e+00  -3.23401999e+00
  -3.23401999e+00  -3.23015246e+00  -3.23015246e+00  -3.23015055e+00
  -3.23015055e+00  -3.23015055e+00  -3.23014699e+00  -3.23014699e+00
  -3.23014699e+00  -3.22041769e+00  -3.22041769e+00  -3.22041769e+00
  -3.22041232e+00  -3.22041232e+00  -3.22040112e+00  -3.22040112e+00
  -3.22040112e+00  -1.18318995e+00  -1.03623718e+00  -1.03623718e+00
  -1.03623718e+00  -7.95560726e-01  -5.95508694e-01  -5.95508694e-01
  -5.95508694e-01  -4.77765056e-01  -4.77765056e-01  -4.36258896e-01
  -4.36258896e-01  -4.36258896e-01  -4.10329891e-01  -4.10329891e-01
  -4.10329891e-01   2.97021831e-02   1.08121140e-01   1.08121140e-01
   1.08121140e-01   2.14743484e-01   2.82168930e-01   2.82168930e-01
   2.82168930e-01   3.37122242e-01   3.37122242e-01   3.37122242e-01
   3.39378192e-01   3.39378192e-01   3.49782443e-01   3.49782443e-01
   3.49782443e-01   3.82073911e-01   3.82073911e-01   4.01639845e-01
   4.01639845e-01   4.01639845e-01   4.16051157e-01   4.16051157e-01
   4.16051157e-01   4.62980923e-01   4.96043676e-01   4.96043676e-01
   4.96043676e-01   5.57616162e-01   5.57616162e-01   6.61623671e-01
   6.61623671e-01   6.61623671e-01   7.06074261e-01   7.19094618e-01
   7.19094618e-01   7.19094618e-01   8.55684733e-01   8.55684733e-01
   8.55684733e-01   1.04167054e+00   1.04167054e+00   1.06746407e+00
   1.06746407e+00   1.06746407e+00   1.16686761e+00   1.16686761e+00
   1.16686761e+00   1.19483668e+00   1.51023852e+00   1.53851820e+00
   1.53851820e+00   1.53851820e+00   1.55098430e+00   1.55098430e+00
   1.55098430e+00   1.56983044e+00   1.56983044e+00   1.56983044e+00
   1.59691588e+00   1.59691588e+00   1.61401804e+00   1.61401804e+00
   1.61401804e+00   1.61664753e+00   1.61664753e+00   1.62164281e+00
   1.62164281e+00   1.62164281e+00   1.75440987e+00   1.75440987e+00
   1.75440987e+00   1.75790942e+00   1.76574858e+00   1.76574858e+00
   1.76574858e+00   1.79278970e+00   1.80194866e+00   1.82868331e+00
   1.82868331e+00   1.82868331e+00   1.83760120e+00   1.83760120e+00
   1.83872341e+00   1.83872341e+00   1.83872341e+00   1.91464443e+00
   1.91464443e+00   1.91464443e+00   1.92245215e+00   1.92245215e+00
   1.92245215e+00   1.93935001e+00   1.93935001e+00   1.97026522e+00
   1.97026522e+00   1.97026522e+00   2.06162004e+00   2.11608636e+00
   2.11608636e+00   2.11608636e+00   2.12161752e+00   2.12161752e+00
   2.12161752e+00   2.30064998e+00   2.30064998e+00   2.30064998e+00
   2.37757682e+00   2.37757682e+00   2.64131098e+00   2.89249753e+00
   2.89249753e+00   2.89249753e+00   3.39829231e+00   3.39829231e+00
   3.39829231e+00   3.46524337e+00   3.46524337e+00   3.46524337e+00
   3.66678410e+00   3.66678410e+00   3.92270208e+00   3.92270208e+00
   3.92270208e+00   3.98544974e+00   4.40515720e+00   4.40515720e+00
   4.40515720e+00   4.45882855e+00   4.45882855e+00   4.46262022e+00
   4.46262022e+00   4.46262022e+00   4.60306338e+00   4.60306338e+00
   4.60306338e+00   4.67857797e+00   4.67857797e+00   4.67857797e+00
   4.68569629e+00   4.68569629e+00   4.99399584e+00   5.00377651e+00
   5.00377651e+00   5.00377651e+00   8.14913661e+00   8.17082038e+00
   8.17082038e+00   8.17082038e+00   2.28993425e+01]
E_coul = 5510.54203608643
cycle= 3 E= -10327.4900616517  delta_E= -0.213  |g|= 0.082  |ddm|= 0.583
    CPU time for cycle= 3      1.50 sec, wall time      1.50 sec
diis-norm(errvec)=0.199169
diis-c [-0.02166337 -0.11399141 -0.0575714   1.17156281]
  HOMO = -0.410960370469103  LUMO = 0.0413278913037079
  mo_energy =
[ -4.90036078e+02  -4.90036078e+02  -4.90036078e+02  -4.90036078e+02
  -6.51805470e+01  -6.51805470e+01  -6.51805470e+01  -6.51805464e+01
  -5.85355278e+01  -5.85355251e+01  -5.85355251e+01  -5.85355251e+01
  -5.85337743e+01  -5.85337743e+01  -5.85337743e+01  -5.85337742e+01
  -5.85337742e+01  -5.85337742e+01  -5.85337734e+01  -5.85337734e+01
  -1.14717056e+01  -9.86077908e+00  -9.86077908e+00  -9.86077908e+00
  -9.86076903e+00  -7.47337466e+00  -7.47337466e+00  -7.47337466e+00
  -7.47336687e+00  -7.46545031e+00  -7.46545031e+00  -7.46545031e+00
  -7.46544766e+00  -7.46544766e+00  -7.46544516e+00  -7.46544516e+00
  -7.46544516e+00  -3.21656739e+00  -3.21653185e+00  -3.21653185e+00
  -3.21653185e+00  -3.21249046e+00  -3.21249046e+00  -3.21249046e+00
  -3.21249041e+00  -3.21249041e+00  -3.21248091e+00  -3.21248091e+00
  -3.21248091e+00  -3.20239975e+00  -3.20239975e+00  -3.20239975e+00
  -3.20239541e+00  -3.20239541e+00  -3.20238473e+00  -3.20238473e+00
  -3.20238473e+00  -1.18408098e+00  -1.03379407e+00  -1.03379407e+00
  -1.03379407e+00  -7.94004953e-01  -5.98199406e-01  -5.98199406e-01
  -5.98199406e-01  -4.77858409e-01  -4.77858409e-01  -4.37341301e-01
  -4.37341301e-01  -4.37341301e-01  -4.10960370e-01  -4.10960370e-01
  -4.10960370e-01   4.13278913e-02   1.15874538e-01   1.15874538e-01
   1.15874538e-01   2.15852601e-01   2.84427922e-01   2.84427922e-01
   2.84427922e-01   3.36058819e-01   3.36058819e-01   3.36058819e-01
   3.40242288e-01   3.40242288e-01   3.51277352e-01   3.51277352e-01
   3.51277352e-01   3.81275789e-01   3.81275789e-01   4.02782899e-01
   4.02782899e-01   4.02782899e-01   4.16355761e-01   4.16355761e-01
   4.16355761e-01   4.64607704e-01   4.96114607e-01   4.96114607e-01
   4.96114607e-01   5.57877015e-01   5.57877015e-01   6.64513091e-01
   6.64513091e-01   6.64513091e-01   7.08187262e-01   7.21206220e-01
   7.21206220e-01   7.21206220e-01   8.55779451e-01   8.55779451e-01
   8.55779451e-01   1.04083995e+00   1.04083995e+00   1.06775053e+00
   1.06775053e+00   1.06775053e+00   1.16994965e+00   1.16994965e+00
   1.16994965e+00   1.19849953e+00   1.51188391e+00   1.54044793e+00
   1.54044793e+00   1.54044793e+00   1.55087801e+00   1.55087801e+00
   1.55087801e+00   1.57220039e+00   1.57220039e+00   1.57220039e+00
   1.59967738e+00   1.59967738e+00   1.61350338e+00   1.61350338e+00
   1.61350338e+00   1.61641649e+00   1.61641649e+00   1.62306658e+00
   1.62306658e+00   1.62306658e+00   1.75696312e+00   1.75696312e+00
   1.75696312e+00   1.76075892e+00   1.76777998e+00   1.76777998e+00
   1.76777998e+00   1.79555871e+00   1.80307185e+00   1.83139646e+00
   1.83139646e+00   1.83139646e+00   1.84037429e+00   1.84037429e+00
   1.84375447e+00   1.84375447e+00   1.84375447e+00   1.91899078e+00
   1.91899078e+00   1.91899078e+00   1.92481183e+00   1.92481183e+00
   1.92481183e+00   1.94502358e+00   1.94502358e+00   1.97437122e+00
   1.97437122e+00   1.97437122e+00   2.06558094e+00   2.11917648e+00
   2.11917648e+00   2.11917648e+00   2.12556694e+00   2.12556694e+00
   2.12556694e+00   2.30352371e+00   2.30352371e+00   2.30352371e+00
   2.38042579e+00   2.38042579e+00   2.64418530e+00   2.89565500e+00
   2.89565500e+00   2.89565500e+00   3.40217683e+00   3.40217683e+00
   3.40217683e+00   3.47159634e+00   3.47159634e+00   3.47159634e+00
   3.67230117e+00   3.67230117e+00   3.92733768e+00   3.92733768e+00
   3.92733768e+00   3.99132480e+00   4.41197600e+00   4.41197600e+00
   4.41197600e+00   4.46568487e+00   4.46568487e+00   4.46947568e+00
   4.46947568e+00   4.46947568e+00   4.60982922e+00   4.60982922e+00
   4.60982922e+00   4.68538916e+00   4.68538916e+00   4.68538916e+00
   4.69166206e+00   4.69166206e+00   4.99992486e+00   5.01062288e+00
   5.01062288e+00   5.01062288e+00   8.16190103e+00   8.18351675e+00
   8.18351675e+00   8.18351675e+00   2.29073717e+01]
E_coul = 5509.42987097218
cycle= 4 E= -10327.4928356895  delta_E= -0.00277  |g|= 0.0402  |ddm|= 0.114
    CPU time for cycle= 4      1.49 sec, wall time      1.50 sec
diis-norm(errvec)=0.0659756
diis-c [-0.00173884 -0.05646369 -0.04855128  0.17568738  0.92932759]
  HOMO = -0.413063983858833  LUMO = 0.0419442459780364
  mo_energy =
[ -4.90057875e+02  -4.90057875e+02  -4.90057875e+02  -4.90057875e+02
  -6.51994056e+01  -6.51994056e+01  -6.51994056e+01  -6.51994051e+01
  -5.85549543e+01  -5.85549516e+01  -5.85549516e+01  -5.85549516e+01
  -5.85531320e+01  -5.85531320e+01  -5.85531320e+01  -5.85531320e+01
  -5.85531320e+01  -5.85531320e+01  -5.85531312e+01  -5.85531312e+01
  -1.14707031e+01  -9.87128267e+00  -9.87128267e+00  -9.87128267e+00
  -9.87127331e+00  -7.48407761e+00  -7.48407761e+00  -7.48407761e+00
  -7.48407024e+00  -7.47588769e+00  -7.47588769e+00  -7.47588769e+00
  -7.47588532e+00  -7.47588532e+00  -7.47588281e+00  -7.47588281e+00
  -7.47588281e+00  -3.22726817e+00  -3.22723156e+00  -3.22723156e+00
  -3.22723156e+00  -3.22302228e+00  -3.22302228e+00  -3.22302228e+00
  -3.22302220e+00  -3.22302220e+00  -3.22301209e+00  -3.22301209e+00
  -3.22301209e+00  -3.21258047e+00  -3.21258047e+00  -3.21258047e+00
  -3.21257643e+00  -3.21257643e+00  -3.21256618e+00  -3.21256618e+00
  -3.21256618e+00  -1.18477264e+00  -1.03537028e+00  -1.03537028e+00
  -1.03537028e+00  -7.95277559e-01  -5.99392799e-01  -5.99392799e-01
  -5.99392799e-01  -4.79572819e-01  -4.79572819e-01  -4.39208935e-01
  -4.39208935e-01  -4.39208935e-01  -4.13063984e-01  -4.13063984e-01
  -4.13063984e-01   4.19442460e-02   1.15485645e-01   1.15485645e-01
   1.15485645e-01   2.15434658e-01   2.84048206e-01   2.84048206e-01
   2.84048206e-01   3.35278286e-01   3.35278286e-01   3.35278286e-01
   3.39831902e-01   3.39831902e-01   3.50814655e-01   3.50814655e-01
   3.50814655e-01   3.80467149e-01   3.80467149e-01   4.02567764e-01
   4.02567764e-01   4.02567764e-01   4.15540093e-01   4.15540093e-01
   4.15540093e-01   4.63941229e-01   4.95319061e-01   4.95319061e-01
   4.95319061e-01   5.56937513e-01   5.56937513e-01   6.63697298e-01
   6.63697298e-01   6.63697298e-01   7.07506732e-01   7.20184872e-01
   7.20184872e-01   7.20184872e-01   8.54867951e-01   8.54867951e-01
   8.54867951e-01   1.04005728e+00   1.04005728e+00   1.06680728e+00
   1.06680728e+00   1.06680728e+00   1.16838601e+00   1.16838601e+00
   1.16838601e+00   1.19691489e+00   1.50978985e+00   1.53880751e+00
   1.53880751e+00   1.53880751e+00   1.54944244e+00   1.54944244e+00
   1.54944244e+00   1.57061646e+00   1.57061646e+00   1.57061646e+00
   1.59770071e+00   1.59770071e+00   1.61210089e+00   1.61210089e+00
   1.61210089e+00   1.61496344e+00   1.61496344e+00   1.62172092e+00
   1.62172092e+00   1.62172092e+00   1.75564141e+00   1.75564141e+00
   1.75564141e+00   1.75949973e+00   1.76655698e+00   1.76655698e+00
   1.76655698e+00   1.79537404e+00   1.80203550e+00   1.83006518e+00
   1.83006518e+00   1.83006518e+00   1.83848999e+00   1.83848999e+00
   1.84145548e+00   1.84145548e+00   1.84145548e+00   1.91658434e+00
   1.91658434e+00   1.91658434e+00   1.92334218e+00   1.92334218e+00
   1.92334218e+00   1.94295334e+00   1.94295334e+00   1.97223165e+00
   1.97223165e+00   1.97223165e+00   2.06366172e+00   2.11738600e+00
   2.11738600e+00   2.11738600e+00   2.12372407e+00   2.12372407e+00
   2.12372407e+00   2.30165619e+00   2.30165619e+00   2.30165619e+00
   2.37892059e+00   2.37892059e+00   2.64213407e+00   2.89479289e+00
   2.89479289e+00   2.89479289e+00   3.40201012e+00   3.40201012e+00
   3.40201012e+00   3.47102432e+00   3.47102432e+00   3.47102432e+00
   3.67269531e+00   3.67269531e+00   3.92715408e+00   3.92715408e+00
   3.92715408e+00   3.98981535e+00   4.40793966e+00   4.40793966e+00
   4.40793966e+00   4.46164716e+00   4.46164716e+00   4.46546696e+00
   4.46546696e+00   4.46546696e+00   4.60541693e+00   4.60541693e+00
   4.60541693e+00   4.68098116e+00   4.68098116e+00   4.68098116e+00
   4.68729159e+00   4.68729159e+00   4.99672151e+00   5.00690410e+00
   5.00690410e+00   5.00690410e+00   8.15505277e+00   8.17664681e+00
   8.17664681e+00   8.17664681e+00   2.29083635e+01]
E_coul = 5510.16474720541
cycle= 5 E= -10327.4931259066  delta_E= -0.00029  |g|= 0.00882  |ddm|= 0.035
    CPU time for cycle= 5      1.50 sec, wall time      1.50 sec
diis-norm(errvec)=0.0178511
diis-c [ -6.23217760e-05   1.05251000e-02   1.46393829e-03  -1.09689488e-01
   1.20750209e-02   1.08562543e+00]
  HOMO = -0.412815631691185  LUMO = 0.042486671279021
  mo_energy =
[ -4.90054096e+02  -4.90054096e+02  -4.90054096e+02  -4.90054096e+02
  -6.51962843e+01  -6.51962843e+01  -6.51962843e+01  -6.51962837e+01
  -5.85517234e+01  -5.85517207e+01  -5.85517207e+01  -5.85517207e+01
  -5.85498676e+01  -5.85498676e+01  -5.85498676e+01  -5.85498676e+01
  -5.85498676e+01  -5.85498676e+01  -5.85498668e+01  -5.85498668e+01
  -1.14695655e+01  -9.86966707e+00  -9.86966707e+00  -9.86966707e+00
  -9.86965778e+00  -7.48253999e+00  -7.48253999e+00  -7.48253999e+00
  -7.48253263e+00  -7.47416152e+00  -7.47416152e+00  -7.47416152e+00
  -7.47415916e+00  -7.47415916e+00  -7.47415669e+00  -7.47415669e+00
  -7.47415669e+00  -3.22573991e+00  -3.22570250e+00  -3.22570250e+00
  -3.22570250e+00  -3.22140801e+00  -3.22140801e+00  -3.22140800e+00
  -3.22140800e+00  -3.22140800e+00  -3.22139690e+00  -3.22139690e+00
  -3.22139690e+00  -3.21079258e+00  -3.21079258e+00  -3.21079258e+00
  -3.21078874e+00  -3.21078874e+00  -3.21077859e+00  -3.21077859e+00
  -3.21077859e+00  -1.18389278e+00  -1.03483189e+00  -1.03483189e+00
  -1.03483189e+00  -7.94688932e-01  -5.98635801e-01  -5.98635801e-01
  -5.98635801e-01  -4.79279667e-01  -4.79279667e-01  -4.38840381e-01
  -4.38840381e-01  -4.38840381e-01  -4.12815632e-01  -4.12815632e-01
  -4.12815632e-01   4.24866713e-02   1.15531477e-01   1.15531477e-01
   1.15531477e-01   2.15512716e-01   2.84149737e-01   2.84149737e-01
   2.84149737e-01   3.35482474e-01   3.35482474e-01   3.35482474e-01
   3.40060645e-01   3.40060645e-01   3.50899725e-01   3.50899725e-01
   3.50899725e-01   3.80715517e-01   3.80715517e-01   4.02789041e-01
   4.02789041e-01   4.02789041e-01   4.15789153e-01   4.15789153e-01
   4.15789153e-01   4.64284093e-01   4.95625435e-01   4.95625435e-01
   4.95625435e-01   5.57163427e-01   5.57163427e-01   6.63790414e-01
   6.63790414e-01   6.63790414e-01   7.07571306e-01   7.20348300e-01
   7.20348300e-01   7.20348300e-01   8.55022287e-01   8.55022287e-01
   8.55022287e-01   1.04023041e+00   1.04023041e+00   1.06700381e+00
   1.06700381e+00   1.06700381e+00   1.16847686e+00   1.16847686e+00
   1.16847686e+00   1.19701339e+00   1.51006617e+00   1.53920387e+00
   1.53920387e+00   1.53920387e+00   1.54981144e+00   1.54981144e+00
   1.54981144e+00   1.57095226e+00   1.57095226e+00   1.57095226e+00
   1.59801430e+00   1.59801430e+00   1.61264921e+00   1.61264921e+00
   1.61264921e+00   1.61551500e+00   1.61551500e+00   1.62201689e+00
   1.62201689e+00   1.62201689e+00   1.75594260e+00   1.75594260e+00
   1.75594260e+00   1.75992836e+00   1.76697003e+00   1.76697003e+00
   1.76697003e+00   1.79591284e+00   1.80256300e+00   1.83042505e+00
   1.83042505e+00   1.83042505e+00   1.83885078e+00   1.83885078e+00
   1.84172356e+00   1.84172356e+00   1.84172356e+00   1.91706145e+00
   1.91706145e+00   1.91706145e+00   1.92367499e+00   1.92367499e+00
   1.92367499e+00   1.94315915e+00   1.94315915e+00   1.97238872e+00
   1.97238872e+00   1.97238872e+00   2.06368911e+00   2.11775505e+00
   2.11775505e+00   2.11775505e+00   2.12383151e+00   2.12383151e+00
   2.12383151e+00   2.30183023e+00   2.30183023e+00   2.30183023e+00
   2.37918117e+00   2.37918117e+00   2.64241309e+00   2.89517839e+00
   2.89517839e+00   2.89517839e+00   3.40244783e+00   3.40244783e+00
   3.40244783e+00   3.47153231e+00   3.47153231e+00   3.47153231e+00
   3.67326206e+00   3.67326206e+00   3.92769161e+00   3.92769161e+00
   3.92769161e+00   3.99033245e+00   4.40884345e+00   4.40884345e+00
   4.40884345e+00   4.46255309e+00   4.46255309e+00   4.46638200e+00
   4.46638200e+00   4.46638200e+00   4.60600350e+00   4.60600350e+00
   4.60600350e+00   4.68156095e+00   4.68156095e+00   4.68156095e+00
   4.68790245e+00   4.68790245e+00   4.99729295e+00   5.00750007e+00
   5.00750007e+00   5.00750007e+00   8.15606313e+00   8.17764274e+00
   8.17764274e+00   8.17764274e+00   2.29094371e+01]
E_coul = 5510.0075295403
cycle= 6 E= -10327.4931523704  delta_E= -2.65e-05  |g|= 0.00164  |ddm|= 0.0116
    CPU time for cycle= 6      1.49 sec, wall time      1.50 sec
diis-norm(errvec)=0.00444832
diis-c [ -2.40572346e-06   3.24309001e-03   1.41735303e-03  -8.05754932e-03
  -4.40315854e-02  -3.17111724e-02   1.07913986e+00]
  HOMO = -0.412898344822506  LUMO = 0.0426446499583271
  mo_energy =
[ -4.90054252e+02  -4.90054252e+02  -4.90054252e+02  -4.90054252e+02
  -6.51964460e+01  -6.51964460e+01  -6.51964460e+01  -6.51964455e+01
  -5.85518857e+01  -5.85518830e+01  -5.85518830e+01  -5.85518830e+01
  -5.85500231e+01  -5.85500231e+01  -5.85500231e+01  -5.85500231e+01
  -5.85500231e+01  -5.85500231e+01  -5.85500223e+01  -5.85500223e+01
  -1.14680280e+01  -9.86981476e+00  -9.86981476e+00  -9.86981476e+00
  -9.86980549e+00  -7.48267711e+00  -7.48267711e+00  -7.48267711e+00
  -7.48266976e+00  -7.47429663e+00  -7.47429663e+00  -7.47429663e+00
  -7.47429429e+00  -7.47429429e+00  -7.47429182e+00  -7.47429182e+00
  -7.47429182e+00  -3.22587626e+00  -3.22583878e+00  -3.22583878e+00
  -3.22583878e+00  -3.22154147e+00  -3.22154147e+00  -3.22154147e+00
  -3.22154146e+00  -3.22154146e+00  -3.22153028e+00  -3.22153028e+00
  -3.22153028e+00  -3.21092059e+00  -3.21092059e+00  -3.21092059e+00
  -3.21091678e+00  -3.21091678e+00  -3.21090665e+00  -3.21090665e+00
  -3.21090665e+00  -1.18379381e+00  -1.03488450e+00  -1.03488450e+00
  -1.03488450e+00  -7.94588918e-01  -5.98535368e-01  -5.98535368e-01
  -5.98535368e-01  -4.79374355e-01  -4.79374355e-01  -4.38875645e-01
  -4.38875645e-01  -4.38875645e-01  -4.12898345e-01  -4.12898345e-01
  -4.12898345e-01   4.26446500e-02   1.15669810e-01   1.15669810e-01
   1.15669810e-01   2.15486326e-01   2.84162825e-01   2.84162825e-01
   2.84162825e-01   3.35438608e-01   3.35438608e-01   3.35438608e-01
   3.40047452e-01   3.40047452e-01   3.50914652e-01   3.50914652e-01
   3.50914652e-01   3.80648691e-01   3.80648691e-01   4.02775248e-01
   4.02775248e-01   4.02775248e-01   4.15746590e-01   4.15746590e-01
   4.15746590e-01   4.64265595e-01   4.95573011e-01   4.95573011e-01
   4.95573011e-01   5.57114933e-01   5.57114933e-01   6.63854574e-01
   6.63854574e-01   6.63854574e-01   7.07607556e-01   7.20321720e-01
   7.20321720e-01   7.20321720e-01   8.54989832e-01   8.54989832e-01
   8.54989832e-01   1.04028871e+00   1.04028871e+00   1.06707441e+00
   1.06707441e+00   1.06707441e+00   1.16846106e+00   1.16846106e+00
   1.16846106e+00   1.19697621e+00   1.51003706e+00   1.53915432e+00
   1.53915432e+00   1.53915432e+00   1.54974871e+00   1.54974871e+00
   1.54974871e+00   1.57098710e+00   1.57098710e+00   1.57098710e+00
   1.59794565e+00   1.59794565e+00   1.61254725e+00   1.61254725e+00
   1.61254725e+00   1.61541697e+00   1.61541697e+00   1.62201645e+00
   1.62201645e+00   1.62201645e+00   1.75588991e+00   1.75588991e+00
   1.75588991e+00   1.75991373e+00   1.76693318e+00   1.76693318e+00
   1.76693318e+00   1.79614339e+00   1.80247954e+00   1.83036523e+00
   1.83036523e+00   1.83036523e+00   1.83877919e+00   1.83877919e+00
   1.84167428e+00   1.84167428e+00   1.84167428e+00   1.91698899e+00
   1.91698899e+00   1.91698899e+00   1.92368156e+00   1.92368156e+00
   1.92368156e+00   1.94312265e+00   1.94312265e+00   1.97234174e+00
   1.97234174e+00   1.97234174e+00   2.06366612e+00   2.11781335e+00
   2.11781335e+00   2.11781335e+00   2.12379553e+00   2.12379553e+00
   2.12379553e+00   2.30183387e+00   2.30183387e+00   2.30183387e+00
   2.37922543e+00   2.37922543e+00   2.64243926e+00   2.89541235e+00
   2.89541235e+00   2.89541235e+00   3.40273000e+00   3.40273000e+00
   3.40273000e+00   3.47190703e+00   3.47190703e+00   3.47190703e+00
   3.67377887e+00   3.67377887e+00   3.92809409e+00   3.92809409e+00
   3.92809409e+00   3.99054410e+00   4.40875026e+00   4.40875026e+00
   4.40875026e+00   4.46245574e+00   4.46245574e+00   4.46628541e+00
   4.46628541e+00   4.46628541e+00   4.60592416e+00   4.60592416e+00
   4.60592416e+00   4.68148331e+00   4.68148331e+00   4.68148331e+00
   4.68781422e+00   4.68781422e+00   4.99731715e+00   5.00749747e+00
   5.00749747e+00   5.00749747e+00   8.15594875e+00   8.17752745e+00
   8.17752745e+00   8.17752745e+00   2.29108516e+01]
E_coul = 5510.01110606006
cycle= 7 E= -10327.4931534587  delta_E= -1.09e-06  |g|= 0.000292  |ddm|= 0.00246
    CPU time for cycle= 7      1.52 sec, wall time      1.51 sec
diis-norm(errvec)=0.000850395
diis-c [ -8.82559503e-08  -4.85758775e-04  -2.32672241e-04   6.28808572e-03
   3.33246076e-04  -5.40342588e-02  -4.90623255e-02   1.09719368e+00]
  HOMO = -0.412866866453689  LUMO = 0.0426921448735424
  mo_energy =
[ -4.90054211e+02  -4.90054211e+02  -4.90054211e+02  -4.90054211e+02
  -6.51963969e+01  -6.51963969e+01  -6.51963969e+01  -6.51963964e+01
  -5.85518388e+01  -5.85518361e+01  -5.85518361e+01  -5.85518361e+01
  -5.85499749e+01  -5.85499749e+01  -5.85499749e+01  -5.85499748e+01
  -5.85499748e+01  -5.85499748e+01  -5.85499740e+01  -5.85499740e+01
  -1.14679498e+01  -9.86975606e+00  -9.86975606e+00  -9.86975606e+00
  -9.86974679e+00  -7.48261754e+00  -7.48261754e+00  -7.48261754e+00
  -7.48261020e+00  -7.47423819e+00  -7.47423819e+00  -7.47423819e+00
  -7.47423585e+00  -7.47423585e+00  -7.47423339e+00  -7.47423339e+00
  -7.47423339e+00  -3.22581940e+00  -3.22578190e+00  -3.22578190e+00
  -3.22578190e+00  -3.22148437e+00  -3.22148437e+00  -3.22148437e+00
  -3.22148436e+00  -3.22148436e+00  -3.22147317e+00  -3.22147317e+00
  -3.22147317e+00  -3.21086260e+00  -3.21086260e+00  -3.21086260e+00
  -3.21085879e+00  -3.21085879e+00  -3.21084867e+00  -3.21084867e+00
  -3.21084867e+00  -1.18373165e+00  -1.03484776e+00  -1.03484776e+00
  -1.03484776e+00  -7.94557246e-01  -5.98487080e-01  -5.98487080e-01
  -5.98487080e-01  -4.79345051e-01  -4.79345051e-01  -4.38838256e-01
  -4.38838256e-01  -4.38838256e-01  -4.12866866e-01  -4.12866866e-01
  -4.12866866e-01   4.26921449e-02   1.15724016e-01   1.15724016e-01
   1.15724016e-01   2.15499694e-01   2.84177065e-01   2.84177065e-01
   2.84177065e-01   3.35472172e-01   3.35472172e-01   3.35472172e-01
   3.40074716e-01   3.40074716e-01   3.50941436e-01   3.50941436e-01
   3.50941436e-01   3.80675928e-01   3.80675928e-01   4.02790647e-01
   4.02790647e-01   4.02790647e-01   4.15777190e-01   4.15777190e-01
   4.15777190e-01   4.64307198e-01   4.95600868e-01   4.95600868e-01
   4.95600868e-01   5.57138794e-01   5.57138794e-01   6.63892839e-01
   6.63892839e-01   6.63892839e-01   7.07639248e-01   7.20346548e-01
   7.20346548e-01   7.20346548e-01   8.55018120e-01   8.55018120e-01
   8.55018120e-01   1.04034908e+00   1.04034908e+00   1.06713495e+00
   1.06713495e+00   1.06713495e+00   1.16848833e+00   1.16848833e+00
   1.16848833e+00   1.19699610e+00   1.51009287e+00   1.53919184e+00
   1.53919184e+00   1.53919184e+00   1.54980248e+00   1.54980248e+00
   1.54980248e+00   1.57103752e+00   1.57103752e+00   1.57103752e+00
   1.59798638e+00   1.59798638e+00   1.61259047e+00   1.61259047e+00
   1.61259047e+00   1.61545746e+00   1.61545746e+00   1.62206848e+00
   1.62206848e+00   1.62206848e+00   1.75592725e+00   1.75592725e+00
   1.75592725e+00   1.75995458e+00   1.76697196e+00   1.76697196e+00
   1.76697196e+00   1.79621218e+00   1.80251657e+00   1.83039895e+00
   1.83039895e+00   1.83039895e+00   1.83881650e+00   1.83881650e+00
   1.84170226e+00   1.84170226e+00   1.84170226e+00   1.91701881e+00
   1.91701881e+00   1.91701881e+00   1.92372609e+00   1.92372609e+00
   1.92372609e+00   1.94314481e+00   1.94314481e+00   1.97237268e+00
   1.97237268e+00   1.97237268e+00   2.06369852e+00   2.11787681e+00
   2.11787681e+00   2.11787681e+00   2.12382729e+00   2.12382729e+00
   2.12382729e+00   2.30188073e+00   2.30188073e+00   2.30188073e+00
   2.37928626e+00   2.37928626e+00   2.64250188e+00   2.89548875e+00
   2.89548875e+00   2.89548875e+00   3.40282325e+00   3.40282325e+00
   3.40282325e+00   3.47199197e+00   3.47199197e+00   3.47199197e+00
   3.67387423e+00   3.67387423e+00   3.92818653e+00   3.92818653e+00
   3.92818653e+00   3.99062744e+00   4.40879656e+00   4.40879656e+00
   4.40879656e+00   4.46250104e+00   4.46250104e+00   4.46633082e+00
   4.46633082e+00   4.46633082e+00   4.60597330e+00   4.60597330e+00
   4.60597330e+00   4.68153252e+00   4.68153252e+00   4.68153252e+00
   4.68786628e+00   4.68786628e+00   4.99737706e+00   5.00755133e+00
   5.00755133e+00   5.00755133e+00   8.15599908e+00   8.17757773e+00
   8.17757773e+00   8.17757773e+00   2.29109284e+01]
E_coul = 5510.00767864036
cycle= 8 E= -10327.4931534931  delta_E= -3.43e-08  |g|= 3.71e-05  |ddm|= 0.000446
    CPU time for cycle= 8      1.51 sec, wall time      1.52 sec
diis-norm(errvec)=8.97921e-05
diis-c [ -2.40050906e-09  -3.46554273e-06  -4.51312833e-06  -1.17716377e-03
   8.79829463e-04   1.43514125e-02  -1.88101991e-02  -2.50318005e-01
   1.25508210e+00]
  HOMO = -0.41287178216773  LUMO = 0.0426873714582577
  mo_energy =
[ -4.90054224e+02  -4.90054224e+02  -4.90054224e+02  -4.90054224e+02
  -6.51964080e+01  -6.51964080e+01  -6.51964080e+01  -6.51964074e+01
  -5.85518503e+01  -5.85518476e+01  -5.85518476e+01  -5.85518476e+01
  -5.85499861e+01  -5.85499861e+01  -5.85499861e+01  -5.85499861e+01
  -5.85499861e+01  -5.85499861e+01  -5.85499853e+01  -5.85499853e+01
  -1.14679409e+01  -9.86976602e+00  -9.86976602e+00  -9.86976602e+00
  -9.86975676e+00  -7.48262840e+00  -7.48262840e+00  -7.48262840e+00
  -7.48262106e+00  -7.47424805e+00  -7.47424805e+00  -7.47424805e+00
  -7.47424570e+00  -7.47424570e+00  -7.47424324e+00  -7.47424324e+00
  -7.47424324e+00  -3.22583102e+00  -3.22579353e+00  -3.22579353e+00
  -3.22579353e+00  -3.22149567e+00  -3.22149567e+00  -3.22149567e+00
  -3.22149566e+00  -3.22149566e+00  -3.22148448e+00  -3.22148448e+00
  -3.22148448e+00  -3.21087234e+00  -3.21087234e+00  -3.21087234e+00
  -3.21086853e+00  -3.21086853e+00  -3.21085841e+00  -3.21085841e+00
  -3.21085841e+00  -1.18373496e+00  -1.03485162e+00  -1.03485162e+00
  -1.03485162e+00  -7.94561140e-01  -5.98487088e-01  -5.98487088e-01
  -5.98487088e-01  -4.79349387e-01  -4.79349387e-01  -4.38840685e-01
  -4.38840685e-01  -4.38840685e-01  -4.12871782e-01  -4.12871782e-01
  -4.12871782e-01   4.26873715e-02   1.15719483e-01   1.15719483e-01
   1.15719483e-01   2.15498618e-01   2.84176065e-01   2.84176065e-01
   2.84176065e-01   3.35469405e-01   3.35469405e-01   3.35469405e-01
   3.40072520e-01   3.40072520e-01   3.50939946e-01   3.50939946e-01
   3.50939946e-01   3.80674209e-01   3.80674209e-01   4.02789107e-01
   4.02789107e-01   4.02789107e-01   4.15775569e-01   4.15775569e-01
   4.15775569e-01   4.64305314e-01   4.95598180e-01   4.95598180e-01
   4.95598180e-01   5.57135321e-01   5.57135321e-01   6.63890612e-01
   6.63890612e-01   6.63890612e-01   7.07636294e-01   7.20343451e-01
   7.20343451e-01   7.20343451e-01   8.55014833e-01   8.55014833e-01
   8.55014833e-01   1.04034616e+00   1.04034616e+00   1.06713179e+00
   1.06713179e+00   1.06713179e+00   1.16848495e+00   1.16848495e+00
   1.16848495e+00   1.19699275e+00   1.51008848e+00   1.53918789e+00
   1.53918789e+00   1.53918789e+00   1.54979835e+00   1.54979835e+00
   1.54979835e+00   1.57103393e+00   1.57103393e+00   1.57103393e+00
   1.59798139e+00   1.59798139e+00   1.61258659e+00   1.61258659e+00
   1.61258659e+00   1.61545358e+00   1.61545358e+00   1.62206476e+00
   1.62206476e+00   1.62206476e+00   1.75592305e+00   1.75592305e+00
   1.75592305e+00   1.75995100e+00   1.76696826e+00   1.76696826e+00
   1.76696826e+00   1.79621010e+00   1.80251300e+00   1.83039485e+00
   1.83039485e+00   1.83039485e+00   1.83881182e+00   1.83881182e+00
   1.84169753e+00   1.84169753e+00   1.84169753e+00   1.91701436e+00
   1.91701436e+00   1.91701436e+00   1.92372217e+00   1.92372217e+00
   1.92372217e+00   1.94314027e+00   1.94314027e+00   1.97236767e+00
   1.97236767e+00   1.97236767e+00   2.06369331e+00   2.11787268e+00
   2.11787268e+00   2.11787268e+00   2.12382242e+00   2.12382242e+00
   2.12382242e+00   2.30187612e+00   2.30187612e+00   2.30187612e+00
   2.37928192e+00   2.37928192e+00   2.64249734e+00   2.89548652e+00
   2.89548652e+00   2.89548652e+00   3.40282125e+00   3.40282125e+00
   3.40282125e+00   3.47199012e+00   3.47199012e+00   3.47199012e+00
   3.67387478e+00   3.67387478e+00   3.92818558e+00   3.92818558e+00
   3.92818558e+00   3.99062349e+00   4.40879054e+00   4.40879054e+00
   4.40879054e+00   4.46249505e+00   4.46249505e+00   4.46632490e+00
   4.46632490e+00   4.46632490e+00   4.60596599e+00   4.60596599e+00
   4.60596599e+00   4.68152518e+00   4.68152518e+00   4.68152518e+00
   4.68785896e+00   4.68785896e+00   4.99737120e+00   5.00754486e+00
   5.00754486e+00   5.00754486e+00   8.15599080e+00   8.17756938e+00
   8.17756938e+00   8.17756938e+00   2.29109371e+01]
E_coul = 5510.00821570583
cycle= 9 E= -10327.4931534938  delta_E= -7.49e-10  |g|= 6.68e-06  |ddm|= 7.55e-05
    CPU time for cycle= 9      1.49 sec, wall time      1.50 sec
  HOMO = -0.412871141206017  LUMO = 0.04268744118082
  mo_energy =
[ -4.90054221e+02  -4.90054221e+02  -4.90054221e+02  -4.90054221e+02
  -6.51964055e+01  -6.51964055e+01  -6.51964055e+01  -6.51964050e+01
  -5.85518478e+01  -5.85518451e+01  -5.85518451e+01  -5.85518451e+01
  -5.85499836e+01  -5.85499836e+01  -5.85499836e+01  -5.85499835e+01
  -5.85499835e+01  -5.85499835e+01  -5.85499827e+01  -5.85499827e+01
  -1.14679421e+01  -9.86976394e+00  -9.86976394e+00  -9.86976394e+00
  -9.86975467e+00  -7.48262634e+00  -7.48262634e+00  -7.48262634e+00
  -7.48261900e+00  -7.47424586e+00  -7.47424586e+00  -7.47424586e+00
  -7.47424352e+00  -7.47424352e+00  -7.47424106e+00  -7.47424106e+00
  -7.47424106e+00  -3.22582886e+00  -3.22579136e+00  -3.22579136e+00
  -3.22579136e+00  -3.22149347e+00  -3.22149347e+00  -3.22149347e+00
  -3.22149346e+00  -3.22149346e+00  -3.22148228e+00  -3.22148228e+00
  -3.22148228e+00  -3.21087005e+00  -3.21087005e+00  -3.21087005e+00
  -3.21086624e+00  -3.21086624e+00  -3.21085612e+00  -3.21085612e+00
  -3.21085612e+00  -1.18373480e+00  -1.03485079e+00  -1.03485079e+00
  -1.03485079e+00  -7.94560744e-01  -5.98486652e-01  -5.98486652e-01
  -5.98486652e-01  -4.79348752e-01  -4.79348752e-01  -4.38839876e-01
  -4.38839876e-01  -4.38839876e-01  -4.12871141e-01  -4.12871141e-01
  -4.12871141e-01   4.26874412e-02   1.15719378e-01   1.15719378e-01
   1.15719378e-01   2.15498905e-01   2.84176323e-01   2.84176323e-01
   2.84176323e-01   3.35469621e-01   3.35469621e-01   3.35469621e-01
   3.40072767e-01   3.40072767e-01   3.50940152e-01   3.50940152e-01
   3.50940152e-01   3.80674742e-01   3.80674742e-01   4.02789289e-01
   4.02789289e-01   4.02789289e-01   4.15776043e-01   4.15776043e-01
   4.15776043e-01   4.64305490e-01   4.95598664e-01   4.95598664e-01
   4.95598664e-01   5.57135689e-01   5.57135689e-01   6.63890825e-01
   6.63890825e-01   6.63890825e-01   7.07636410e-01   7.20343946e-01
   7.20343946e-01   7.20343946e-01   8.55015048e-01   8.55015048e-01
   8.55015048e-01   1.04034616e+00   1.04034616e+00   1.06713187e+00
   1.06713187e+00   1.06713187e+00   1.16848548e+00   1.16848548e+00
   1.16848548e+00   1.19699336e+00   1.51008901e+00   1.53918864e+00
   1.53918864e+00   1.53918864e+00   1.54979887e+00   1.54979887e+00
   1.54979887e+00   1.57103446e+00   1.57103446e+00   1.57103446e+00
   1.59798219e+00   1.59798219e+00   1.61258734e+00   1.61258734e+00
   1.61258734e+00   1.61545435e+00   1.61545435e+00   1.62206527e+00
   1.62206527e+00   1.62206527e+00   1.75592392e+00   1.75592392e+00
   1.75592392e+00   1.75995174e+00   1.76696909e+00   1.76696909e+00
   1.76696909e+00   1.79620998e+00   1.80251398e+00   1.83039577e+00
   1.83039577e+00   1.83039577e+00   1.83881269e+00   1.83881269e+00
   1.84169844e+00   1.84169844e+00   1.84169844e+00   1.91701531e+00
   1.91701531e+00   1.91701531e+00   1.92372280e+00   1.92372280e+00
   1.92372280e+00   1.94314120e+00   1.94314120e+00   1.97236845e+00
   1.97236845e+00   1.97236845e+00   2.06369400e+00   2.11787311e+00
   2.11787311e+00   2.11787311e+00   2.12382322e+00   2.12382322e+00
   2.12382322e+00   2.30187671e+00   2.30187671e+00   2.30187671e+00
   2.37928239e+00   2.37928239e+00   2.64249776e+00   2.89548650e+00
   2.89548650e+00   2.89548650e+00   3.40282094e+00   3.40282094e+00
   3.40282094e+00   3.47198995e+00   3.47198995e+00   3.47198995e+00
   3.67387424e+00   3.67387424e+00   3.92818519e+00   3.92818519e+00
   3.92818519e+00   3.99062360e+00   4.40879201e+00   4.40879201e+00
   4.40879201e+00   4.46249652e+00   4.46249652e+00   4.46632637e+00
   4.46632637e+00   4.46632637e+00   4.60596723e+00   4.60596723e+00
   4.60596723e+00   4.68152642e+00   4.68152642e+00   4.68152642e+00
   4.68786020e+00   4.68786020e+00   4.99737203e+00   5.00754588e+00
   5.00754588e+00   5.00754588e+00   8.15599244e+00   8.17757101e+00
   8.17757101e+00   8.17757101e+00   2.29109359e+01]
    CPU time for scf_cycle     49.28 sec, wall time     49.30 sec
    CPU time for SCF     49.28 sec, wall time     49.30 sec
converged SCF energy = -10327.4931534938
RHF E = -10327.4931535
RHF eps = [ -4.90054221e+02  -4.90054221e+02  -4.90054221e+02  -4.90054221e+02
  -6.51964055e+01  -6.51964055e+01  -6.51964055e+01  -6.51964050e+01
  -5.85518478e+01  -5.85518451e+01  -5.85518451e+01  -5.85518451e+01
  -5.85499836e+01  -5.85499836e+01  -5.85499836e+01  -5.85499835e+01
  -5.85499835e+01  -5.85499835e+01  -5.85499827e+01  -5.85499827e+01
  -1.14679421e+01  -9.86976394e+00  -9.86976394e+00  -9.86976394e+00
  -9.86975467e+00  -7.48262634e+00  -7.48262634e+00  -7.48262634e+00
  -7.48261900e+00  -7.47424586e+00  -7.47424586e+00  -7.47424586e+00
  -7.47424352e+00  -7.47424352e+00  -7.47424106e+00  -7.47424106e+00
  -7.47424106e+00  -3.22582886e+00  -3.22579136e+00  -3.22579136e+00
  -3.22579136e+00  -3.22149347e+00  -3.22149347e+00  -3.22149347e+00
  -3.22149346e+00  -3.22149346e+00  -3.22148228e+00  -3.22148228e+00
  -3.22148228e+00  -3.21087005e+00  -3.21087005e+00  -3.21087005e+00
  -3.21086624e+00  -3.21086624e+00  -3.21085612e+00  -3.21085612e+00
  -3.21085612e+00  -1.18373480e+00  -1.03485079e+00  -1.03485079e+00
  -1.03485079e+00  -7.94560744e-01  -5.98486652e-01  -5.98486652e-01
  -5.98486652e-01  -4.79348752e-01  -4.79348752e-01  -4.38839876e-01
  -4.38839876e-01  -4.38839876e-01  -4.12871141e-01  -4.12871141e-01
  -4.12871141e-01   4.26874412e-02   1.15719378e-01   1.15719378e-01
   1.15719378e-01   2.15498905e-01   2.84176323e-01   2.84176323e-01
   2.84176323e-01   3.35469621e-01   3.35469621e-01   3.35469621e-01
   3.40072767e-01   3.40072767e-01   3.50940152e-01   3.50940152e-01
   3.50940152e-01   3.80674742e-01   3.80674742e-01   4.02789289e-01
   4.02789289e-01   4.02789289e-01   4.15776043e-01   4.15776043e-01
   4.15776043e-01   4.64305490e-01   4.95598664e-01   4.95598664e-01
   4.95598664e-01   5.57135689e-01   5.57135689e-01   6.63890825e-01
   6.63890825e-01   6.63890825e-01   7.07636410e-01   7.20343946e-01
   7.20343946e-01   7.20343946e-01   8.55015048e-01   8.55015048e-01
   8.55015048e-01   1.04034616e+00   1.04034616e+00   1.06713187e+00
   1.06713187e+00   1.06713187e+00   1.16848548e+00   1.16848548e+00
   1.16848548e+00   1.19699336e+00   1.51008901e+00   1.53918864e+00
   1.53918864e+00   1.53918864e+00   1.54979887e+00   1.54979887e+00
   1.54979887e+00   1.57103446e+00   1.57103446e+00   1.57103446e+00
   1.59798219e+00   1.59798219e+00   1.61258734e+00   1.61258734e+00
   1.61258734e+00   1.61545435e+00   1.61545435e+00   1.62206527e+00
   1.62206527e+00   1.62206527e+00   1.75592392e+00   1.75592392e+00
   1.75592392e+00   1.75995174e+00   1.76696909e+00   1.76696909e+00
   1.76696909e+00   1.79620998e+00   1.80251398e+00   1.83039577e+00
   1.83039577e+00   1.83039577e+00   1.83881269e+00   1.83881269e+00
   1.84169844e+00   1.84169844e+00   1.84169844e+00   1.91701531e+00
   1.91701531e+00   1.91701531e+00   1.92372280e+00   1.92372280e+00
   1.92372280e+00   1.94314120e+00   1.94314120e+00   1.97236845e+00
   1.97236845e+00   1.97236845e+00   2.06369400e+00   2.11787311e+00
   2.11787311e+00   2.11787311e+00   2.12382322e+00   2.12382322e+00
   2.12382322e+00   2.30187671e+00   2.30187671e+00   2.30187671e+00
   2.37928239e+00   2.37928239e+00   2.64249776e+00   2.89548650e+00
   2.89548650e+00   2.89548650e+00   3.40282094e+00   3.40282094e+00
   3.40282094e+00   3.47198995e+00   3.47198995e+00   3.47198995e+00
   3.67387424e+00   3.67387424e+00   3.92818519e+00   3.92818519e+00
   3.92818519e+00   3.99062360e+00   4.40879201e+00   4.40879201e+00
   4.40879201e+00   4.46249652e+00   4.46249652e+00   4.46632637e+00
   4.46632637e+00   4.46632637e+00   4.60596723e+00   4.60596723e+00
   4.60596723e+00   4.68152642e+00   4.68152642e+00   4.68152642e+00
   4.68786020e+00   4.68786020e+00   4.99737203e+00   5.00754588e+00
   5.00754588e+00   5.00754588e+00   8.15599244e+00   8.17757101e+00
   8.17757101e+00   8.17757101e+00   2.29109359e+01]
    CPU time for transforming oopq     76.80 sec, wall time     76.83 sec
    CPU time for transforming ovpq     80.60 sec, wall time     80.63 sec
MO integrals cint2e_sph are saved in <HDF5 file "tmpHX_kzu" (mode r+)>/eri_mo
num. MO ints = 5.0625e+08, required disk 4050 MB
step1: tmpfile /tmp/tmpT7SyoT  4495.68 MB
step1: (ij,kl) = (22500,24976), mem cache 4000 MB, iobuf 800 MB
    CPU time for Initializing ao2mo.outcore.half_e1      0.13 sec, wall time      0.13 sec
step 1 [1/6], AO [0:663], len(buf) = 4441
      fill iobuf micro [1/1], AO [0:663], len(aobuf) = 4441
    CPU time for gen AO/transform MO [1/6]     21.18 sec, wall time     21.19 sec
step 1 [2/6], AO [663:1215], len(buf) = 4442
      fill iobuf micro [1/1], AO [663:1215], len(aobuf) = 4442
    CPU time for gen AO/transform MO [2/6]     19.26 sec, wall time     19.27 sec
step 1 [3/6], AO [1215:1651], len(buf) = 4443
      fill iobuf micro [1/1], AO [1215:1651], len(aobuf) = 4443
    CPU time for gen AO/transform MO [3/6]     19.45 sec, wall time     19.46 sec
step 1 [4/6], AO [1651:2302], len(buf) = 4438
      fill iobuf micro [1/1], AO [1651:2302], len(aobuf) = 4438
    CPU time for gen AO/transform MO [4/6]     18.70 sec, wall time     18.71 sec
step 1 [5/6], AO [2302:2689], len(buf) = 4442
      fill iobuf micro [1/1], AO [2302:2689], len(aobuf) = 4442
    CPU time for gen AO/transform MO [5/6]     17.98 sec, wall time     17.99 sec
step 1 [6/6], AO [2689:2850], len(buf) = 2770
      fill iobuf micro [1/1], AO [2689:2850], len(aobuf) = 2770
    CPU time for gen AO/transform MO [6/6]     10.95 sec, wall time     10.95 sec
    CPU time for AO->MO transformation for cint2e_sph 1 pass    108.54 sec, wall time    108.60 sec
step2: kl-pair (ao 24976, mo 22500), mem 383.63136 MB, ioblock 345.6 MB
step 2 [1/12], [0,0:1920], row = 1920
step 2 [1/12] CPU time:      3.31, Wall time:      3.32
step 2 [2/12], [0,1920:3840], row = 1920
step 2 [2/12] CPU time:      3.10, Wall time:      3.10
step 2 [3/12], [0,3840:5760], row = 1920
step 2 [3/12] CPU time:      3.15, Wall time:      3.14
step 2 [4/12], [0,5760:7680], row = 1920
step 2 [4/12] CPU time:      3.14, Wall time:      3.15
step 2 [5/12], [0,7680:9600], row = 1920
step 2 [5/12] CPU time:      3.13, Wall time:      3.13
step 2 [6/12], [0,9600:11520], row = 1920
step 2 [6/12] CPU time:      3.19, Wall time:      3.20
step 2 [7/12], [0,11520:13440], row = 1920
step 2 [7/12] CPU time:      3.22, Wall time:      4.52
step 2 [8/12], [0,13440:15360], row = 1920
step 2 [8/12] CPU time:      3.23, Wall time:      3.33
step 2 [9/12], [0,15360:17280], row = 1920
step 2 [9/12] CPU time:      3.23, Wall time:      3.48
step 2 [10/12], [0,17280:19200], row = 1920
step 2 [10/12] CPU time:      3.24, Wall time:      3.24
step 2 [11/12], [0,19200:21120], row = 1920
step 2 [11/12] CPU time:      3.12, Wall time:      3.19
step 2 [12/12], [0,21120:22500], row = 1380
step 2 [12/12] CPU time:      2.18, Wall time:      2.18
    CPU time for AO->MO transformation for cint2e_sph 2 pass     37.50 sec, wall time     39.34 sec
    CPU time for AO->MO transformation for cint2e_sph     146.04 sec, wall time    147.94 sec
    CPU time for transforming vvvv    153.92 sec, wall time    159.37 sec
    CPU time for CCSD integral transformation    312.87 sec, wall time    318.38 sec

******** <class 'pyscf.cc.rccsd_slow.RCCSD'> flags ********
CCSD nocc = 16, nvir = 150
frozen orbitals [0, 1, 2, 3, 4, 5, 6, 7, 8, 9, 10, 11, 12, 13, 14, 15, 16, 17, 18, 19, 20, 21, 22, 23, 24, 25, 26, 27, 28, 29, 30, 31, 32, 33, 34, 35, 36, 37, 38, 39, 40, 41, 42, 43, 44, 45, 46, 47, 48, 49, 50, 51, 52, 53, 54, 55, 56]
max_cycle = 100
direct = 0
conv_tol = 1e-07
conv_tol_normt = 1e-05
diis_space = 6
diis_start_cycle = 0
diis_start_energy_diff = 1e+09
Init t2, MP2 energy = -0.826384634521576
    CPU time for init mp2      0.17 sec, wall time      0.16 sec
    CPU time for update t1 t2     26.80 sec, wall time     26.83 sec
istep = 0  E(CCSD) = -0.825877934025751  dE = -0.825877934  norm(t1,t2) = 0.0538904
    CPU time for CCSD iter     27.00 sec, wall time     27.04 sec
    CPU time for update t1 t2     27.00 sec, wall time     27.04 sec
DIIS for step 1
istep = 1  E(CCSD) = -0.832877948769105  dE = -0.00700001474  norm(t1,t2) = 0.0267529
    CPU time for CCSD iter     27.23 sec, wall time     27.27 sec
    CPU time for update t1 t2     26.95 sec, wall time     26.99 sec
diis-c [ -1.10576515e-04   1.00000000e+00]
DIIS for step 2
istep = 2  E(CCSD) = -0.833407036853125  dE = -0.000529088084  norm(t1,t2) = 0.0128958
    CPU time for CCSD iter     27.27 sec, wall time     27.31 sec
    CPU time for update t1 t2     26.96 sec, wall time     26.99 sec
diis-c [ -2.31700631e-05  -4.07409824e-02   1.04074098e+00]
DIIS for step 3
istep = 3  E(CCSD) = -0.834513808370026  dE = -0.00110677152  norm(t1,t2) = 0.00681236
    CPU time for CCSD iter     27.31 sec, wall time     27.34 sec
    CPU time for update t1 t2     27.02 sec, wall time     27.06 sec
diis-c [ -1.52392116e-06  -3.46166961e-01  -7.98620623e-02   1.42602902e+00]
DIIS for step 4
istep = 4  E(CCSD) = -0.835029743143329  dE = -0.000515934773  norm(t1,t2) = 0.0037727
    CPU time for CCSD iter     27.40 sec, wall time     27.44 sec
    CPU time for update t1 t2     27.16 sec, wall time     27.20 sec
diis-c [ -1.46596748e-07   2.36389382e-01   3.36731607e-03  -9.91583524e-01
   1.75182683e+00]
DIIS for step 5
istep = 5  E(CCSD) = -0.83495959283448  dE = 7.01503088e-05  norm(t1,t2) = 0.000898538
    CPU time for CCSD iter     27.58 sec, wall time     27.62 sec
    CPU time for update t1 t2     27.26 sec, wall time     27.30 sec
diis-c [ -8.17833762e-09   6.55791365e-02   1.10706864e-02  -2.73460658e-01
   2.04430097e-01   9.92380739e-01]
DIIS for step 6
istep = 6  E(CCSD) = -0.834958422215112  dE = 1.17061937e-06  norm(t1,t2) = 0.000208116
    CPU time for CCSD iter     27.71 sec, wall time     27.75 sec
    CPU time for update t1 t2     27.41 sec, wall time     27.44 sec
diis-c [ -3.93211658e-10  -3.57241950e-02  -3.09266862e-03   1.47250139e-01
  -1.66802188e-01  -3.11802477e-01   1.37017139e+00]
DIIS for step 7
istep = 7  E(CCSD) = -0.834962067953789  dE = -3.64573868e-06  norm(t1,t2) = 4.85677e-05
    CPU time for CCSD iter     27.90 sec, wall time     27.93 sec
    CPU time for update t1 t2     27.44 sec, wall time     27.48 sec
diis-c [ -4.59473570e-11   1.08721086e+00  -6.32368994e-04   5.88278363e-04
   7.17200943e-04  -1.19074154e-02  -7.59765588e-02]
DIIS for step 8
istep = 8  E(CCSD) = -0.834961783307779  dE = 2.8464601e-07  norm(t1,t2) = 1.07397e-05
    CPU time for CCSD iter     27.93 sec, wall time     27.98 sec
    CPU time for update t1 t2     27.46 sec, wall time     27.48 sec
diis-c [ -4.57436866e-12   4.87982804e-02   9.93719505e-01   3.48804298e-04
  -3.03527727e-04   5.01934283e-03  -4.75824048e-02]
DIIS for step 9
istep = 9  E(CCSD) = -0.834961780272414  dE = 3.03536529e-09  norm(t1,t2) = 3.68647e-06
    CPU time for CCSD iter     27.94 sec, wall time     27.98 sec
    CPU time for CCSD    275.27 sec, wall time    275.65 sec
CCSD converged
E(CC2) = -10328.32811527407  E_corr = -0.8349617802724139
    CPU time for EOM-CCSD shared one-electron intermediates      2.80 sec, wall time      2.80 sec
    CPU time for EOM-CCSD shared two-electron intermediates      7.46 sec, wall time      7.47 sec
    CPU time for EOM-CCSD IP intermediates     10.09 sec, wall time     10.11 sec
tol 1e-07  toloose 0.000316228
max_cycle 100  max_space 38  max_memory 2000  incore True
davidson 0 6  |r|= 0.244  e= [ 0.46278648  0.46278648  0.46278648  0.49266587  0.49266587  0.49266587]  max|de|= 0.493  lindep=    1
davidson 1 12  |r|= 0.061  e= [ 0.38242743  0.38242743  0.38246972  0.4125542   0.41259141  0.41258493]  max|de|= -0.0804  lindep= 0.958
davidson 2 17  |r|= 0.0575  e= [ 0.38101689  0.38242686  0.38101156  0.41109468  0.41109605  0.41109468]  max|de|= -0.0015  lindep= 0.914
davidson 3 22  |r|= 0.0132  e= [ 0.38139389  0.38101598  0.38139279  0.41149143  0.41109605  0.41149225]  max|de|= -0.00141  lindep= 0.914
davidson 4 28  |r|= 0.00331  e= [ 0.38144971  0.38139355  0.38144997  0.41157317  0.41149266  0.4115732 ]  max|de|= 0.000397  lindep= 0.842
davidson 5 34  |r|= 0.000612  e= [ 0.38145646  0.38144983  0.38145639  0.41156618  0.41156629  0.41156629]  max|de|= 7.36e-05  lindep= 0.946
root 0 converged  |r|= 0.000162  e= 0.381456458743  max|de|= -1.22e-15
root 2 converged  |r|= 0.000162  e= 0.38145639393  max|de|= 1.72e-15
davidson 6 5  |r|= 0.000612  e= [ 0.38145646  0.38144983  0.38145639  0.41156618  0.41156629  0.41156629]  max|de|= 1.72e-15  lindep=    1
davidson 7 8  |r|= 0.000199  e= [ 0.38145646  0.38145373  0.38145639  0.41156431  0.41156429  0.41156429]  max|de|= 3.9e-06  lindep= 0.989
davidson 8 11  |r|= 0.000113  e= [ 0.38145646  0.38145221  0.38145639  0.41155833  0.41155833  0.41155833]  max|de|= -5.98e-06  lindep= 0.963
davidson 9 14  |r|= 3.24e-05  e= [ 0.38145646  0.38145409  0.38145639  0.41156069  0.41156066  0.41156066]  max|de|= 2.36e-06  lindep= 0.845
root 1 converged  |r|= 2.78e-06  e= 0.381454119822  max|de|= 2.84e-08
davidson 10 17  |r|= 9.19e-06  e= [ 0.38145646  0.38145412  0.38145639  0.41156122  0.41156123  0.41156123]  max|de|= 5.62e-07  lindep= 0.955
davidson 11 19  |r|= 2.42e-06  e= [ 0.38145646  0.38145412  0.38145639  0.41156158  0.41156159  0.41156159]  max|de|= 3.66e-07  lindep= 0.822
davidson 12 21  |r|= 1.16e-06  e= [ 0.38145646  0.38145411  0.3814564   0.41156143  0.41156141  0.41156141]  max|de|= -1.81e-07  lindep= 0.723
root 3 converged  |r|= 5.05e-07  e= 0.411561448255  max|de|= 1.87e-08
root 4 converged  |r|= 4.91e-07  e= 0.411561462656  max|de|= 5.21e-08
root 5 converged  |r|= 4.91e-07  e= 0.411561462656  max|de|= 5.21e-08
converge 13 23  |r|= 5.05e-07  e= [ 0.38145647  0.38145412  0.38145639  0.41156145  0.41156146  0.41156146]  max|de|= 5.21e-08
IP root 0 E = 0.3814564702920539  qpwt = 0.954432
IP root 1 E = 0.381454116230017  qpwt = 0.954425
IP root 2 E = 0.3814563919627397  qpwt = 0.954432
IP root 3 E = 0.4115614482550652  qpwt = 0.955204
IP root 4 E = 0.4115614626560624  qpwt = 0.955204
IP root 5 E = 0.4115614626560624  qpwt = 0.955204
    CPU time for IP-CCSD     52.20 sec, wall time     52.26 sec
    CPU time for EOM-CCSD shared one-electron intermediates      2.78 sec, wall time      2.78 sec
    CPU time for EOM-CCSD EA intermediates    287.01 sec, wall time    288.61 sec
tol 1e-07  toloose 0.000316228
max_cycle 100  max_space 38  max_memory 2000  incore True
davidson 0 6  |r|= 0.348  e= [ 0.08472313  0.15572101  0.15572101  0.15490823  0.2225139   0.29375325]  max|de|= 0.294  lindep=    1
davidson 1 12  |r|= 0.0879  e= [-0.01460018  0.05972522  0.05974596  0.05653026  0.16983318  0.23979786]  max|de|= -0.0993  lindep= 0.95
davidson 2 18  |r|= 0.0354  e= [-0.01760599  0.04924588  0.04924038  0.04887323  0.16881879  0.23733078]  max|de|= -0.0105  lindep= 0.926
davidson 3 24  |r|= 0.012  e= [-0.01744044  0.04890062  0.04878623  0.04878623  0.16868184  0.23714036]  max|de|= -0.000454  lindep= 0.709
davidson 4 29  |r|= 0.0106  e= [-0.0175861   0.04851532  0.04890059  0.04850881  0.16871063  0.23686997]  max|de|= -0.000385  lindep= 0.96
davidson 5 35  |r|= 0.00301  e= [-0.01758234  0.04850474  0.04851564  0.04850458  0.16870088  0.23667603]  max|de|= -0.000385  lindep= 0.827
root 0 converged  |r|= 0.000193  e= -0.0175823441535  max|de|= -2.39e-15
root 4 converged  |r|= 0.000206  e= 0.168700880653  max|de|= -5.66e-15
davidson 6 6  |r|= 0.00301  e= [-0.01758234  0.04850474  0.04851564  0.04850458  0.16870088  0.23667603]  max|de|= -5.66e-15  lindep= 0.999
davidson 7 10  |r|= 0.00156  e= [-0.01758234  0.04851441  0.04852112  0.04851245  0.16870088  0.23668113]  max|de|= 9.67e-06  lindep= 0.967
davidson 8 14  |r|= 0.00109  e= [-0.01758234  0.04850889  0.04850657  0.04850927  0.16870088  0.2366458 ]  max|de|= -3.53e-05  lindep= 0.726
davidson 9 18  |r|= 0.000529  e= [-0.01758234  0.04851118  0.048509    0.04851072  0.16870088  0.23664711]  max|de|= 2.43e-06  lindep= 0.768
davidson 10 22  |r|= 0.000266  e= [-0.01758234  0.04850918  0.04851134  0.04850981  0.16870088  0.23664926]  max|de|= 2.34e-06  lindep= 0.691
davidson 11 26  |r|= 0.000104  e= [-0.01758235  0.04851021  0.04850942  0.04851004  0.16870088  0.23665144]  max|de|= 2.18e-06  lindep= 0.66
root 3 converged  |r|= 2.17e-07  e= 0.0485100152837  max|de|= -1.98e-08
davidson 12 30  |r|= 4.45e-05  e= [-0.01758237  0.04850998  0.04851011  0.04851002  0.16870087  0.23665047]  max|de|= -9.74e-07  lindep= 0.374
root 1 converged  |r|= 1.94e-07  e= 0.0485100194513  max|de|= 3.86e-08
davidson 13 33  |r|= 3.14e-05  e= [-0.01758239  0.04851002  0.04851     0.04851001  0.16870086  0.23665083]  max|de|= 3.67e-07  lindep= 0.101
root 0 converged  |r|= 0.000193  e= -0.0175823859042  max|de|= 1.1e-15
root 1 converged  |r|= 1.94e-07  e= 0.0485100194513  max|de|= -3.74e-15
root 2 converged  |r|= 5.14e-07  e= 0.0485100017112  max|de|= 6.52e-16
root 3 converged  |r|= 1.87e-07  e= 0.048510014922  max|de|= 5.55e-16
root 4 converged  |r|= 0.000206  e= 0.168700857319  max|de|= -4.16e-16
root 5 converged  |r|= 3.14e-05  e= 0.236650832989  max|de|= -3.61e-16
converge 14 6  |r|= 0.000206  e= [-0.01758239  0.04851002  0.04851     0.04851001  0.16870086  0.23665083]  max|de|= -3.74e-15
EA root 0 E = -0.01758238590418124  qpwt = 0.962238
EA root 1 E = 0.04851001945129196  qpwt = 0.956874
EA root 2 E = 0.04851000171118941  qpwt = 0.956874
EA root 3 E = 0.0485100149220165  qpwt = 0.956874
EA root 4 E = 0.1687008573191085  qpwt = 0.974869
EA root 5 E = 0.2366508329891777  qpwt = 0.967666
    CPU time for EA-CCSD    905.60 sec, wall time    907.87 sec
