

******** <class 'pyscf.scf.hf.RHF'> flags ********
method = RHF
initial guess = minao
damping factor = 0
level shift factor = 0
Do DIIS = True
DIIS start cycle = 1
DIIS space = 8
SCF tol = 1e-09
SCF gradient tol = None
max. SCF cycles = 50
direct_scf = True
direct_scf_tol = 1e-13
chkfile to save SCF result = /tmp/tmpS_Sr3_
max_memory 4000 MB (current use 39 MB)
Set gradient conv threshold to 3.16228e-05
Nelec from initial guess = 73.9912
cond(S) = 2358.29740777
E_coul = 1152.51029376478
init E= -1876.79976273863
    CPU time for initialize scf     11.27 sec, wall time     11.51 sec
  HOMO = -0.386256072846643  LUMO = -0.0152986424651781
  mo_energy =
[ -1.04853451e+02  -1.04853446e+02  -1.04853446e+02  -1.04853446e+02
  -1.14386413e+01  -1.06187567e+01  -1.06178903e+01  -1.06178903e+01
  -1.06178903e+01  -8.07659308e+00  -8.07629692e+00  -8.07629692e+00
  -8.07629692e+00  -8.07404161e+00  -8.07404161e+00  -8.07404161e+00
  -8.07402971e+00  -8.07402971e+00  -8.07400287e+00  -8.07400287e+00
  -8.07400287e+00  -1.57719159e+00  -1.15941032e+00  -1.15941032e+00
  -1.15941032e+00  -8.28825678e-01  -6.31352533e-01  -6.31352533e-01
  -6.31352533e-01  -4.93979004e-01  -4.93979004e-01  -4.30482457e-01
  -4.30482457e-01  -4.30482457e-01  -3.86256073e-01  -3.86256073e-01
  -3.86256073e-01  -1.52986425e-02   1.17968602e-01   1.17968602e-01
   1.17968602e-01   2.30258779e-01   3.34031605e-01   3.34031605e-01
   3.34031605e-01   4.08368816e-01   4.08368816e-01   4.08368816e-01
   4.47828541e-01   4.47828541e-01   4.73312090e-01   4.73312090e-01
   4.85925783e-01   4.85925783e-01   4.85925783e-01   5.10666735e-01
   5.10666735e-01   5.10666735e-01   5.21771575e-01   5.40733034e-01
   5.40733034e-01   5.40733034e-01   6.20981585e-01   6.20981585e-01
   6.20981585e-01   6.72002572e-01   6.72002572e-01   8.25639950e-01
   8.25639950e-01   8.25639950e-01   8.34121238e-01   8.34121238e-01
   8.34121238e-01   9.34553995e-01   9.34553995e-01   9.34553995e-01
   9.35694654e-01   1.23154917e+00   1.23154917e+00   1.23154917e+00
   1.26281901e+00   1.30852344e+00   1.30852344e+00   1.30852344e+00
   1.34649509e+00   1.34649509e+00   1.69441267e+00   1.95113080e+00
   1.95113080e+00   1.96453028e+00   1.96453028e+00   1.96453028e+00
   2.01800439e+00   2.01800439e+00   2.01800439e+00   2.04524247e+00
   2.04524247e+00   2.04524247e+00   2.06463459e+00   2.06463459e+00
   2.06463459e+00   2.07781889e+00   2.08410554e+00   2.08410554e+00
   2.13883826e+00   2.13883826e+00   2.13883826e+00   2.22406937e+00
   2.22406937e+00   2.22406937e+00   2.27078820e+00   2.27078820e+00
   2.27078820e+00   2.34096352e+00   2.36215837e+00   2.36237700e+00
   2.36237700e+00   2.36237700e+00   2.36344626e+00   2.36344626e+00
   2.37831833e+00   2.37831833e+00   2.37831833e+00   2.46863499e+00
   2.46863499e+00   2.46863499e+00   2.51400384e+00   2.51400384e+00
   2.51400384e+00   2.51681270e+00   2.51681270e+00   2.51738962e+00
   2.51738962e+00   2.51738962e+00   2.57037334e+00   2.57037334e+00
   2.57037334e+00   2.57458421e+00   2.57458421e+00   2.57458421e+00
   2.69860332e+00   2.91646870e+00   2.91646870e+00   2.91646870e+00
   3.16927331e+00   3.16927331e+00   3.38632410e+00   3.41102889e+00
   3.41102889e+00   3.41102889e+00   3.86190999e+00   3.86190999e+00
   3.86190999e+00   3.92870189e+00   3.92870189e+00   3.99234078e+00
   3.99234078e+00   3.99234078e+00   4.34319853e+00   4.34319853e+00
   4.34319853e+00   4.52829455e+00   8.56183018e+00   8.56183018e+00
   8.57826332e+00   8.57826332e+00   8.57826332e+00   8.60629134e+00
   8.60629134e+00   8.60629134e+00   8.64163142e+00   8.64163142e+00
   8.70680523e+00   8.70680523e+00   8.70680523e+00   8.76605353e+00
   8.76605353e+00   8.76605353e+00   8.82436582e+00   8.85780366e+00
   8.85780366e+00   8.85780366e+00   1.14531259e+01   1.14531259e+01
   1.14531259e+01   1.14652008e+01   1.14652008e+01   1.14652008e+01
   1.15474362e+01   1.15474362e+01   1.19881589e+01   1.19881589e+01
   1.19881589e+01   1.20593886e+01   2.26612669e+01   2.59925848e+01
   2.59925848e+01   2.59925848e+01   2.60254564e+01]
E_coul = 1148.69538032864
cycle= 1 E= -1875.69112947007  delta_E= 1.11  |g|= 0.833  |ddm|= 1.93
    CPU time for cycle= 1      0.96 sec, wall time      0.96 sec
diis-norm(errvec)=2.44601
diis-c [-5.98294182  1.        ]
  HOMO = -0.492977898353142  LUMO = -0.0242593968713076
  mo_energy =
[ -1.04892275e+02  -1.04892275e+02  -1.04892275e+02  -1.04892275e+02
  -1.20315392e+01  -1.06271015e+01  -1.06271015e+01  -1.06271015e+01
  -1.06270769e+01  -8.09474665e+00  -8.09474665e+00  -8.09474665e+00
  -8.09474244e+00  -8.08986675e+00  -8.08986675e+00  -8.08986600e+00
  -8.08986600e+00  -8.08986600e+00  -8.08986252e+00  -8.08986252e+00
  -8.08986252e+00  -1.45032744e+00  -1.21612779e+00  -1.21612779e+00
  -1.21612779e+00  -9.08012466e-01  -7.58634737e-01  -7.58634737e-01
  -7.58634737e-01  -5.78789068e-01  -5.78789068e-01  -5.42263298e-01
  -5.42263298e-01  -5.42263298e-01  -4.92977898e-01  -4.92977898e-01
  -4.92977898e-01  -2.42593969e-02   1.02997522e-02   1.02997522e-02
   1.02997522e-02   2.08183313e-01   2.93599987e-01   2.93599987e-01
   2.93599987e-01   3.64625641e-01   3.64625641e-01   3.64625641e-01
   3.69284628e-01   3.69284628e-01   4.50686653e-01   4.50686653e-01
   4.64569463e-01   4.64569463e-01   4.64569463e-01   4.81236254e-01
   4.87328976e-01   4.87328976e-01   4.87328976e-01   5.06072689e-01
   5.06072689e-01   5.06072689e-01   5.92741579e-01   5.92741579e-01
   5.92741579e-01   6.49471408e-01   6.49471408e-01   7.54130577e-01
   7.54130577e-01   7.54130577e-01   8.04774493e-01   8.04774493e-01
   8.04774493e-01   8.79385758e-01   8.85454943e-01   8.85454943e-01
   8.85454943e-01   1.15395893e+00   1.15395893e+00   1.15395893e+00
   1.20552192e+00   1.20552192e+00   1.20552192e+00   1.21032606e+00
   1.21032606e+00   1.22911594e+00   1.49825705e+00   1.81269248e+00
   1.81269248e+00   1.81269248e+00   1.93091323e+00   1.93091323e+00
   1.96381205e+00   1.96381205e+00   1.96381205e+00   2.02408049e+00
   2.02408049e+00   2.02408049e+00   2.03803006e+00   2.03803006e+00
   2.03803006e+00   2.04390121e+00   2.06599628e+00   2.06599628e+00
   2.08543397e+00   2.08543397e+00   2.08543397e+00   2.17365128e+00
   2.17365128e+00   2.17365128e+00   2.20589252e+00   2.20589252e+00
   2.20589252e+00   2.32360832e+00   2.32360832e+00   2.33423331e+00
   2.33993511e+00   2.33993511e+00   2.33993511e+00   2.34990525e+00
   2.34990525e+00   2.34990525e+00   2.35465540e+00   2.41342766e+00
   2.41342766e+00   2.41342766e+00   2.44701049e+00   2.44701049e+00
   2.44701049e+00   2.47022288e+00   2.47022288e+00   2.47022288e+00
   2.51057710e+00   2.51057710e+00   2.52345668e+00   2.52345668e+00
   2.52345668e+00   2.56888404e+00   2.56888404e+00   2.56888404e+00
   2.65617826e+00   2.82054708e+00   2.82054708e+00   2.82054708e+00
   2.96689807e+00   2.96689807e+00   3.21271093e+00   3.21271093e+00
   3.21271093e+00   3.21324469e+00   3.63357202e+00   3.63357202e+00
   3.63357202e+00   3.71158037e+00   3.71158037e+00   3.71224618e+00
   3.71224618e+00   3.71224618e+00   4.18164263e+00   4.18164263e+00
   4.18164263e+00   4.34443713e+00   8.55189623e+00   8.55189623e+00
   8.57378081e+00   8.57378081e+00   8.57378081e+00   8.60074146e+00
   8.60074146e+00   8.60074146e+00   8.63119539e+00   8.63119539e+00
   8.68959186e+00   8.68959186e+00   8.68959186e+00   8.75032597e+00
   8.75032597e+00   8.75032597e+00   8.79855281e+00   8.83435194e+00
   8.83435194e+00   8.83435194e+00   1.14408978e+01   1.14408978e+01
   1.14408978e+01   1.14523972e+01   1.14523972e+01   1.14523972e+01
   1.15350712e+01   1.15350712e+01   1.19598892e+01   1.19598892e+01
   1.19598892e+01   1.20318036e+01   2.21025753e+01   2.59759145e+01
   2.59759145e+01   2.59759145e+01   2.60080529e+01]
E_coul = 1156.80366656004
cycle= 2 E= -1875.72115904801  delta_E= -0.03  |g|= 0.899  |ddm|= 0.945
    CPU time for cycle= 2      0.97 sec, wall time      0.97 sec
diis-norm(errvec)=2.40119
diis-c [-0.3173292   0.49511298  0.50488702]
  HOMO = -0.456595997552557  LUMO = 0.0862207463889789
  mo_energy =
[ -1.04879984e+02  -1.04879984e+02  -1.04879984e+02  -1.04879984e+02
  -1.15196012e+01  -1.06051493e+01  -1.06051493e+01  -1.06051493e+01
  -1.06051262e+01  -8.07231683e+00  -8.07231683e+00  -8.07231683e+00
  -8.07231249e+00  -8.06958994e+00  -8.06958994e+00  -8.06958901e+00
  -8.06958901e+00  -8.06958901e+00  -8.06958621e+00  -8.06958621e+00
  -8.06958621e+00  -1.28361207e+00  -1.12878073e+00  -1.12878073e+00
  -1.12878073e+00  -8.35174231e-01  -6.57530498e-01  -6.57530498e-01
  -6.57530498e-01  -5.29922194e-01  -5.29922194e-01  -4.86083590e-01
  -4.86083590e-01  -4.86083590e-01  -4.56595998e-01  -4.56595998e-01
  -4.56595998e-01   8.62207464e-02   1.49180960e-01   1.49180960e-01
   1.49180960e-01   2.37305810e-01   3.39443675e-01   3.39443675e-01
   3.39443675e-01   4.02827314e-01   4.02827314e-01   4.02827314e-01
   4.45469473e-01   4.45469473e-01   4.82628488e-01   4.82628488e-01
   4.95242604e-01   4.95242604e-01   4.95242604e-01   5.16495410e-01
   5.16495410e-01   5.16495410e-01   5.43369130e-01   5.52768050e-01
   5.52768050e-01   5.52768050e-01   6.30810242e-01   6.30810242e-01
   6.30810242e-01   6.81926431e-01   6.81926431e-01   8.34917931e-01
   8.34917931e-01   8.34917931e-01   8.41633407e-01   8.41633407e-01
   8.41633407e-01   9.37506973e-01   9.37506973e-01   9.37506973e-01
   9.48584344e-01   1.23948692e+00   1.23948692e+00   1.23948692e+00
   1.26986821e+00   1.29160071e+00   1.29160071e+00   1.29160071e+00
   1.33302588e+00   1.33302588e+00   1.66883834e+00   1.96184053e+00
   1.96184053e+00   1.96184053e+00   1.96781151e+00   1.96781151e+00
   2.01811896e+00   2.01811896e+00   2.01811896e+00   2.06565295e+00
   2.06565295e+00   2.06565295e+00   2.07414702e+00   2.07414702e+00
   2.07414702e+00   2.08100949e+00   2.10423390e+00   2.10423390e+00
   2.14646652e+00   2.14646652e+00   2.14646652e+00   2.23249299e+00
   2.23249299e+00   2.23249299e+00   2.27694707e+00   2.27694707e+00
   2.27694707e+00   2.36726592e+00   2.37510796e+00   2.37510796e+00
   2.38712493e+00   2.38712493e+00   2.38712493e+00   2.38937364e+00
   2.39983510e+00   2.39983510e+00   2.39983510e+00   2.47814425e+00
   2.47814425e+00   2.47814425e+00   2.52483819e+00   2.52483819e+00
   2.52483819e+00   2.53071563e+00   2.53071563e+00   2.53071563e+00
   2.53348525e+00   2.53348525e+00   2.56263023e+00   2.56263023e+00
   2.56263023e+00   2.58657562e+00   2.58657562e+00   2.58657562e+00
   2.70317204e+00   2.91435496e+00   2.91435496e+00   2.91435496e+00
   3.14788553e+00   3.14788553e+00   3.37355043e+00   3.38513038e+00
   3.38513038e+00   3.38513038e+00   3.82843300e+00   3.82843300e+00
   3.82843300e+00   3.89258676e+00   3.89258676e+00   3.94658344e+00
   3.94658344e+00   3.94658344e+00   4.31869123e+00   4.31869123e+00
   4.31869123e+00   4.49649286e+00   8.57771146e+00   8.57771146e+00
   8.59991392e+00   8.59991392e+00   8.59991392e+00   8.62673958e+00
   8.62673958e+00   8.62673958e+00   8.65723889e+00   8.65723889e+00
   8.71531539e+00   8.71531539e+00   8.71531539e+00   8.77710218e+00
   8.77710218e+00   8.77710218e+00   8.82966655e+00   8.86466956e+00
   8.86466956e+00   8.86466956e+00   1.14648242e+01   1.14648242e+01
   1.14648242e+01   1.14769378e+01   1.14769378e+01   1.14769378e+01
   1.15594729e+01   1.15594729e+01   1.19906561e+01   1.19906561e+01
   1.19906561e+01   1.20617755e+01   2.25862375e+01   2.60042548e+01
   2.60042548e+01   2.60042548e+01   2.60370177e+01]
E_coul = 1152.88507974504
cycle= 3 E= -1875.88241100794  delta_E= -0.161  |g|= 0.0677  |ddm|= 0.454
    CPU time for cycle= 3      0.96 sec, wall time      0.96 sec
diis-norm(errvec)=0.186762
diis-c [-0.01890431 -0.13791339 -0.10447025  1.24238364]
  HOMO = -0.457950716224655  LUMO = 0.100017905192779
  mo_energy =
[ -1.04868598e+02  -1.04868598e+02  -1.04868598e+02  -1.04868598e+02
  -1.14935182e+01  -1.05987843e+01  -1.05987843e+01  -1.05987843e+01
  -1.05987643e+01  -8.06529229e+00  -8.06529229e+00  -8.06529229e+00
  -8.06528919e+00  -8.06366171e+00  -8.06366171e+00  -8.06366059e+00
  -8.06366059e+00  -8.06366059e+00  -8.06365837e+00  -8.06365837e+00
  -8.06365837e+00  -1.28165584e+00  -1.12664885e+00  -1.12664885e+00
  -1.12664885e+00  -8.32707684e-01  -6.57939555e-01  -6.57939555e-01
  -6.57939555e-01  -5.30265105e-01  -5.30265105e-01  -4.86943481e-01
  -4.86943481e-01  -4.86943481e-01  -4.57950716e-01  -4.57950716e-01
  -4.57950716e-01   1.00017905e-01   1.59321267e-01   1.59321267e-01
   1.59321267e-01   2.37815194e-01   3.41566513e-01   3.41566513e-01
   3.41566513e-01   4.04113874e-01   4.04113874e-01   4.04113874e-01
   4.47413590e-01   4.47413590e-01   4.82331167e-01   4.82331167e-01
   4.96638603e-01   4.96638603e-01   4.96638603e-01   5.17994186e-01
   5.17994186e-01   5.17994186e-01   5.46364588e-01   5.53416429e-01
   5.53416429e-01   5.53416429e-01   6.31531572e-01   6.31531572e-01
   6.31531572e-01   6.82565239e-01   6.82565239e-01   8.37270897e-01
   8.37270897e-01   8.37270897e-01   8.46593965e-01   8.46593965e-01
   8.46593965e-01   9.39580589e-01   9.39580589e-01   9.39580589e-01
   9.53641229e-01   1.24164393e+00   1.24164393e+00   1.24164393e+00
   1.27273045e+00   1.29521762e+00   1.29521762e+00   1.29521762e+00
   1.33624028e+00   1.33624028e+00   1.67291536e+00   1.96645895e+00
   1.96645895e+00   1.96645895e+00   1.96997141e+00   1.96997141e+00
   2.02234907e+00   2.02234907e+00   2.02234907e+00   2.06727367e+00
   2.06727367e+00   2.06727367e+00   2.07666845e+00   2.07666845e+00
   2.07666845e+00   2.08517226e+00   2.10541077e+00   2.10541077e+00
   2.14824416e+00   2.14824416e+00   2.14824416e+00   2.23395752e+00
   2.23395752e+00   2.23395752e+00   2.27970218e+00   2.27970218e+00
   2.27970218e+00   2.36878133e+00   2.37722412e+00   2.37722412e+00
   2.38836258e+00   2.38836258e+00   2.38836258e+00   2.39054528e+00
   2.40133033e+00   2.40133033e+00   2.40133033e+00   2.48204319e+00
   2.48204319e+00   2.48204319e+00   2.52874119e+00   2.52874119e+00
   2.52874119e+00   2.53141706e+00   2.53141706e+00   2.53141706e+00
   2.53656037e+00   2.53656037e+00   2.56818047e+00   2.56818047e+00
   2.56818047e+00   2.59119748e+00   2.59119748e+00   2.59119748e+00
   2.70746999e+00   2.91710078e+00   2.91710078e+00   2.91710078e+00
   3.15590664e+00   3.15590664e+00   3.37817095e+00   3.39281261e+00
   3.39281261e+00   3.39281261e+00   3.83603964e+00   3.83603964e+00
   3.83603964e+00   3.90041797e+00   3.90041797e+00   3.95586635e+00
   3.95586635e+00   3.95586635e+00   4.32724875e+00   4.32724875e+00
   4.32724875e+00   4.50456535e+00   8.58229229e+00   8.58229229e+00
   8.60461335e+00   8.60461335e+00   8.60461335e+00   8.63141221e+00
   8.63141221e+00   8.63141221e+00   8.66177386e+00   8.66177386e+00
   8.71984526e+00   8.71984526e+00   8.71984526e+00   8.78145759e+00
   8.78145759e+00   8.78145759e+00   8.83437146e+00   8.86914863e+00
   8.86914863e+00   8.86914863e+00   1.14696507e+01   1.14696507e+01
   1.14696507e+01   1.14816936e+01   1.14816936e+01   1.14816936e+01
   1.15642428e+01   1.15642428e+01   1.19962386e+01   1.19962386e+01
   1.19962386e+01   1.20673251e+01   2.26107381e+01   2.60096069e+01
   2.60096069e+01   2.60096069e+01   2.60423692e+01]
E_coul = 1152.89243713837
cycle= 4 E= -1875.88506412083  delta_E= -0.00265  |g|= 0.0164  |ddm|= 0.101
    CPU time for cycle= 4      0.96 sec, wall time      0.97 sec
diis-norm(errvec)=0.0456079
diis-c [ -6.05131737e-04  -1.50774095e-02  -1.57209750e-02  -1.74086602e-01
   1.20488499e+00]
  HOMO = -0.4592218581819  LUMO = 0.100092107745905
  mo_energy =
[ -1.04873646e+02  -1.04873646e+02  -1.04873646e+02  -1.04873646e+02
  -1.14983110e+01  -1.06014825e+01  -1.06014825e+01  -1.06014825e+01
  -1.06014636e+01  -8.06828393e+00  -8.06828393e+00  -8.06828393e+00
  -8.06828079e+00  -8.06645407e+00  -8.06645407e+00  -8.06645288e+00
  -8.06645288e+00  -8.06645288e+00  -8.06645081e+00  -8.06645081e+00
  -8.06645081e+00  -1.28260656e+00  -1.12740580e+00  -1.12740580e+00
  -1.12740580e+00  -8.33870670e-01  -6.58853303e-01  -6.58853303e-01
  -6.58853303e-01  -5.31304526e-01  -5.31304526e-01  -4.88137945e-01
  -4.88137945e-01  -4.88137945e-01  -4.59221858e-01  -4.59221858e-01
  -4.59221858e-01   1.00092108e-01   1.58015960e-01   1.58015960e-01
   1.58015960e-01   2.37485561e-01   3.40922731e-01   3.40922731e-01
   3.40922731e-01   4.03099939e-01   4.03099939e-01   4.03099939e-01
   4.46681151e-01   4.46681151e-01   4.81677590e-01   4.81677590e-01
   4.96272053e-01   4.96272053e-01   4.96272053e-01   5.18013170e-01
   5.18013170e-01   5.18013170e-01   5.45855302e-01   5.52898017e-01
   5.52898017e-01   5.52898017e-01   6.30979586e-01   6.30979586e-01
   6.30979586e-01   6.81887822e-01   6.81887822e-01   8.36371823e-01
   8.36371823e-01   8.36371823e-01   8.45079822e-01   8.45079822e-01
   8.45079822e-01   9.38570221e-01   9.38570221e-01   9.38570221e-01
   9.52301356e-01   1.24058724e+00   1.24058724e+00   1.24058724e+00
   1.27175112e+00   1.29329003e+00   1.29329003e+00   1.29329003e+00
   1.33439790e+00   1.33439790e+00   1.67112022e+00   1.96475347e+00
   1.96475347e+00   1.96475347e+00   1.96889464e+00   1.96889464e+00
   2.02102739e+00   2.02102739e+00   2.02102739e+00   2.06651944e+00
   2.06651944e+00   2.06651944e+00   2.07545980e+00   2.07545980e+00
   2.07545980e+00   2.08350321e+00   2.10470341e+00   2.10470341e+00
   2.14718443e+00   2.14718443e+00   2.14718443e+00   2.23276577e+00
   2.23276577e+00   2.23276577e+00   2.27848752e+00   2.27848752e+00
   2.27848752e+00   2.36856789e+00   2.37619420e+00   2.37619420e+00
   2.38810050e+00   2.38810050e+00   2.38810050e+00   2.39041828e+00
   2.40094456e+00   2.40094456e+00   2.40094456e+00   2.48070196e+00
   2.48070196e+00   2.48070196e+00   2.52757102e+00   2.52757102e+00
   2.52757102e+00   2.53042663e+00   2.53042663e+00   2.53042663e+00
   2.53577215e+00   2.53577215e+00   2.56649037e+00   2.56649037e+00
   2.56649037e+00   2.59006753e+00   2.59006753e+00   2.59006753e+00
   2.70586507e+00   2.91545838e+00   2.91545838e+00   2.91545838e+00
   3.15378645e+00   3.15378645e+00   3.37617390e+00   3.39064056e+00
   3.39064056e+00   3.39064056e+00   3.83381092e+00   3.83381092e+00
   3.83381092e+00   3.89820718e+00   3.89820718e+00   3.95343152e+00
   3.95343152e+00   3.95343152e+00   4.32498595e+00   4.32498595e+00
   4.32498595e+00   4.50227183e+00   8.58038048e+00   8.58038048e+00
   8.60304986e+00   8.60304986e+00   8.60304986e+00   8.62977750e+00
   8.62977750e+00   8.62977750e+00   8.65992094e+00   8.65992094e+00
   8.71756626e+00   8.71756626e+00   8.71756626e+00   8.77934949e+00
   8.77934949e+00   8.77934949e+00   8.83193725e+00   8.86680877e+00
   8.86680877e+00   8.86680877e+00   1.14675907e+01   1.14675907e+01
   1.14675907e+01   1.14796400e+01   1.14796400e+01   1.14796400e+01
   1.15622117e+01   1.15622117e+01   1.19935734e+01   1.19935734e+01
   1.19935734e+01   1.20646475e+01   2.26062163e+01   2.60073643e+01
   2.60073643e+01   2.60073643e+01   2.60401471e+01]
E_coul = 1152.93308201509
cycle= 5 E= -1875.88528483624  delta_E= -0.000221  |g|= 0.00405  |ddm|= 0.0299
    CPU time for cycle= 5      0.97 sec, wall time      0.97 sec
diis-norm(errvec)=0.0109564
diis-c [ -1.44923438e-05   9.41529886e-03   4.13088394e-03  -2.90298214e-02
  -2.03473592e-01   1.21895723e+00]
  HOMO = -0.459294931943031  LUMO = 0.100448144602579
  mo_energy =
[ -1.04873108e+02  -1.04873108e+02  -1.04873108e+02  -1.04873108e+02
  -1.14949134e+01  -1.06013793e+01  -1.06013793e+01  -1.06013793e+01
  -1.06013604e+01  -8.06817948e+00  -8.06817948e+00  -8.06817948e+00
  -8.06817625e+00  -8.06628579e+00  -8.06628579e+00  -8.06628458e+00
  -8.06628458e+00  -8.06628458e+00  -8.06628255e+00  -8.06628255e+00
  -8.06628255e+00  -1.28218705e+00  -1.12728407e+00  -1.12728407e+00
  -1.12728407e+00  -8.33549487e-01  -6.58338406e-01  -6.58338406e-01
  -6.58338406e-01  -5.31369832e-01  -5.31369832e-01  -4.88039817e-01
  -4.88039817e-01  -4.88039817e-01  -4.59294932e-01  -4.59294932e-01
  -4.59294932e-01   1.00448145e-01   1.58265092e-01   1.58265092e-01
   1.58265092e-01   2.37479208e-01   3.41020332e-01   3.41020332e-01
   3.41020332e-01   4.03087047e-01   4.03087047e-01   4.03087047e-01
   4.46779718e-01   4.46779718e-01   4.81648115e-01   4.81648115e-01
   4.96313166e-01   4.96313166e-01   4.96313166e-01   5.18085615e-01
   5.18085615e-01   5.18085615e-01   5.45923343e-01   5.52917769e-01
   5.52917769e-01   5.52917769e-01   6.31001141e-01   6.31001141e-01
   6.31001141e-01   6.81891130e-01   6.81891130e-01   8.36363129e-01
   8.36363129e-01   8.36363129e-01   8.45268205e-01   8.45268205e-01
   8.45268205e-01   9.38624072e-01   9.38624072e-01   9.38624072e-01
   9.52408009e-01   1.24058987e+00   1.24058987e+00   1.24058987e+00
   1.27178060e+00   1.29357421e+00   1.29357421e+00   1.29357421e+00
   1.33458941e+00   1.33458941e+00   1.67159692e+00   1.96504322e+00
   1.96504322e+00   1.96504322e+00   1.96882950e+00   1.96882950e+00
   2.02121627e+00   2.02121627e+00   2.02121627e+00   2.06650790e+00
   2.06650790e+00   2.06650790e+00   2.07539638e+00   2.07539638e+00
   2.07539638e+00   2.08343817e+00   2.10467753e+00   2.10467753e+00
   2.14714856e+00   2.14714856e+00   2.14714856e+00   2.23272331e+00
   2.23272331e+00   2.23272331e+00   2.27852817e+00   2.27852817e+00
   2.27852817e+00   2.36861551e+00   2.37617312e+00   2.37617312e+00
   2.38814790e+00   2.38814790e+00   2.38814790e+00   2.39047531e+00
   2.40102661e+00   2.40102661e+00   2.40102661e+00   2.48066766e+00
   2.48066766e+00   2.48066766e+00   2.52766966e+00   2.52766966e+00
   2.52766966e+00   2.53042631e+00   2.53042631e+00   2.53042631e+00
   2.53581008e+00   2.53581008e+00   2.56677080e+00   2.56677080e+00
   2.56677080e+00   2.59010159e+00   2.59010159e+00   2.59010159e+00
   2.70589865e+00   2.91555268e+00   2.91555268e+00   2.91555268e+00
   3.15428140e+00   3.15428140e+00   3.37637042e+00   3.39120433e+00
   3.39120433e+00   3.39120433e+00   3.83436480e+00   3.83436480e+00
   3.83436480e+00   3.89891325e+00   3.89891325e+00   3.95426779e+00
   3.95426779e+00   3.95426779e+00   4.32542081e+00   4.32542081e+00
   4.32542081e+00   4.50273732e+00   8.58041590e+00   8.58041590e+00
   8.60314873e+00   8.60314873e+00   8.60314873e+00   8.62986234e+00
   8.62986234e+00   8.62986234e+00   8.65996301e+00   8.65996301e+00
   8.71753521e+00   8.71753521e+00   8.71753521e+00   8.77934018e+00
   8.77934018e+00   8.77934018e+00   8.83189749e+00   8.86677097e+00
   8.86677097e+00   8.86677097e+00   1.14677141e+01   1.14677141e+01
   1.14677141e+01   1.14797631e+01   1.14797631e+01   1.14797631e+01
   1.15623392e+01   1.15623392e+01   1.19935809e+01   1.19935809e+01
   1.19935809e+01   1.20646497e+01   2.26093442e+01   2.60074185e+01
   2.60074185e+01   2.60074185e+01   2.60402100e+01]
E_coul = 1152.92427649704
cycle= 6 E= -1875.88529344945  delta_E= -8.61e-06  |g|= 0.000679  |ddm|= 0.00597
    CPU time for cycle= 6      0.97 sec, wall time      0.96 sec
diis-norm(errvec)=0.00183679
diis-c [ -4.79634390e-07  -9.96319319e-04  -7.78851793e-04   1.39578319e-02
  -1.18839906e-02  -1.89542017e-01   1.18924335e+00]
  HOMO = -0.459238223793308  LUMO = 0.100532735042414
  mo_energy =
[ -1.04873069e+02  -1.04873069e+02  -1.04873069e+02  -1.04873069e+02
  -1.14946730e+01  -1.06012931e+01  -1.06012931e+01  -1.06012931e+01
  -1.06012742e+01  -8.06808506e+00  -8.06808506e+00  -8.06808506e+00
  -8.06808184e+00  -8.06619647e+00  -8.06619647e+00  -8.06619525e+00
  -8.06619525e+00  -8.06619525e+00  -8.06619323e+00  -8.06619323e+00
  -8.06619323e+00  -1.28208673e+00  -1.12722212e+00  -1.12722212e+00
  -1.12722212e+00  -8.33514138e-01  -6.58247103e-01  -6.58247103e-01
  -6.58247103e-01  -5.31315187e-01  -5.31315187e-01  -4.87971795e-01
  -4.87971795e-01  -4.87971795e-01  -4.59238224e-01  -4.59238224e-01
  -4.59238224e-01   1.00532735e-01   1.58389901e-01   1.58389901e-01
   1.58389901e-01   2.37510265e-01   3.41085683e-01   3.41085683e-01
   3.41085683e-01   4.03146023e-01   4.03146023e-01   4.03146023e-01
   4.46858996e-01   4.46858996e-01   4.81697960e-01   4.81697960e-01
   4.96353779e-01   4.96353779e-01   4.96353779e-01   5.18130277e-01
   5.18130277e-01   5.18130277e-01   5.45993729e-01   5.52985386e-01
   5.52985386e-01   5.52985386e-01   6.31068720e-01   6.31068720e-01
   6.31068720e-01   6.81947329e-01   6.81947329e-01   8.36419695e-01
   8.36419695e-01   8.36419695e-01   8.45368670e-01   8.45368670e-01
   8.45368670e-01   9.38693276e-01   9.38693276e-01   9.38693276e-01
   9.52485987e-01   1.24064537e+00   1.24064537e+00   1.24064537e+00
   1.27182532e+00   1.29370077e+00   1.29370077e+00   1.29370077e+00
   1.33470804e+00   1.33470804e+00   1.67175014e+00   1.96516621e+00
   1.96516621e+00   1.96516621e+00   1.96891013e+00   1.96891013e+00
   2.02130646e+00   2.02130646e+00   2.02130646e+00   2.06658970e+00
   2.06658970e+00   2.06658970e+00   2.07547058e+00   2.07547058e+00
   2.07547058e+00   2.08350002e+00   2.10476091e+00   2.10476091e+00
   2.14723638e+00   2.14723638e+00   2.14723638e+00   2.23281075e+00
   2.23281075e+00   2.23281075e+00   2.27862339e+00   2.27862339e+00
   2.27862339e+00   2.36868616e+00   2.37625386e+00   2.37625386e+00
   2.38822274e+00   2.38822274e+00   2.38822274e+00   2.39054819e+00
   2.40110762e+00   2.40110762e+00   2.40110762e+00   2.48073035e+00
   2.48073035e+00   2.48073035e+00   2.52775722e+00   2.52775722e+00
   2.52775722e+00   2.53051826e+00   2.53051826e+00   2.53051826e+00
   2.53586760e+00   2.53586760e+00   2.56688007e+00   2.56688007e+00
   2.56688007e+00   2.59015900e+00   2.59015900e+00   2.59015900e+00
   2.70597036e+00   2.91566205e+00   2.91566205e+00   2.91566205e+00
   3.15442598e+00   3.15442598e+00   3.37652568e+00   3.39135347e+00
   3.39135347e+00   3.39135347e+00   3.83453629e+00   3.83453629e+00
   3.83453629e+00   3.89907807e+00   3.89907807e+00   3.95446141e+00
   3.95446141e+00   3.95446141e+00   4.32554565e+00   4.32554565e+00
   4.32554565e+00   4.50287528e+00   8.58051284e+00   8.58051284e+00
   8.60324933e+00   8.60324933e+00   8.60324933e+00   8.62996185e+00
   8.62996185e+00   8.62996185e+00   8.66006012e+00   8.66006012e+00
   8.71762711e+00   8.71762711e+00   8.71762711e+00   8.77943482e+00
   8.77943482e+00   8.77943482e+00   8.83199075e+00   8.86686501e+00
   8.86686501e+00   8.86686501e+00   1.14678003e+01   1.14678003e+01
   1.14678003e+01   1.14798498e+01   1.14798498e+01   1.14798498e+01
   1.15624259e+01   1.15624259e+01   1.19936706e+01   1.19936706e+01
   1.19936706e+01   1.20647391e+01   2.26095725e+01   2.60075023e+01
   2.60075023e+01   2.60075023e+01   2.60402939e+01]
E_coul = 1152.92151937412
cycle= 7 E= -1875.88529361049  delta_E= -1.61e-07  |g|= 8.88e-05  |ddm|= 0.000891
    CPU time for cycle= 7      0.97 sec, wall time      0.98 sec
diis-norm(errvec)=0.000194265
diis-c [ -2.35484800e-08  -1.59814045e-04  -3.38763747e-05  -7.28421536e-04
   6.69617181e-03  -1.68355092e-02  -9.15668475e-02   1.10262830e+00]
  HOMO = -0.459257358941778  LUMO = 0.100515114813704
  mo_energy =
[ -1.04873126e+02  -1.04873126e+02  -1.04873126e+02  -1.04873126e+02
  -1.14946383e+01  -1.06013375e+01  -1.06013375e+01  -1.06013375e+01
  -1.06013185e+01  -8.06812902e+00  -8.06812902e+00  -8.06812902e+00
  -8.06812581e+00  -8.06624146e+00  -8.06624146e+00  -8.06624025e+00
  -8.06624025e+00  -8.06624025e+00  -8.06623822e+00  -8.06623822e+00
  -8.06623822e+00  -1.28210573e+00  -1.12724175e+00  -1.12724175e+00
  -1.12724175e+00  -8.33527925e-01  -6.58253623e-01  -6.58253623e-01
  -6.58253623e-01  -5.31332841e-01  -5.31332841e-01  -4.87986074e-01
  -4.87986074e-01  -4.87986074e-01  -4.59257359e-01  -4.59257359e-01
  -4.59257359e-01   1.00515115e-01   1.58375285e-01   1.58375285e-01
   1.58375285e-01   2.37503283e-01   3.41076835e-01   3.41076835e-01
   3.41076835e-01   4.03138326e-01   4.03138326e-01   4.03138326e-01
   4.46845637e-01   4.46845637e-01   4.81686604e-01   4.81686604e-01
   4.96344449e-01   4.96344449e-01   4.96344449e-01   5.18121540e-01
   5.18121540e-01   5.18121540e-01   5.45982105e-01   5.52971822e-01
   5.52971822e-01   5.52971822e-01   6.31052737e-01   6.31052737e-01
   6.31052737e-01   6.81931308e-01   6.81931308e-01   8.36404827e-01
   8.36404827e-01   8.36404827e-01   8.45355344e-01   8.45355344e-01
   8.45355344e-01   9.38679914e-01   9.38679914e-01   9.38679914e-01
   9.52471453e-01   1.24062999e+00   1.24062999e+00   1.24062999e+00
   1.27181285e+00   1.29368730e+00   1.29368730e+00   1.29368730e+00
   1.33469258e+00   1.33469258e+00   1.67173589e+00   1.96515007e+00
   1.96515007e+00   1.96515007e+00   1.96888696e+00   1.96888696e+00
   2.02129084e+00   2.02129084e+00   2.02129084e+00   2.06656807e+00
   2.06656807e+00   2.06656807e+00   2.07545063e+00   2.07545063e+00
   2.07545063e+00   2.08348261e+00   2.10473874e+00   2.10473874e+00
   2.14721727e+00   2.14721727e+00   2.14721727e+00   2.23279039e+00
   2.23279039e+00   2.23279039e+00   2.27860391e+00   2.27860391e+00
   2.27860391e+00   2.36866958e+00   2.37623480e+00   2.37623480e+00
   2.38820544e+00   2.38820544e+00   2.38820544e+00   2.39053148e+00
   2.40109057e+00   2.40109057e+00   2.40109057e+00   2.48071173e+00
   2.48071173e+00   2.48071173e+00   2.52773817e+00   2.52773817e+00
   2.52773817e+00   2.53049575e+00   2.53049575e+00   2.53049575e+00
   2.53584904e+00   2.53584904e+00   2.56686327e+00   2.56686327e+00
   2.56686327e+00   2.59014073e+00   2.59014073e+00   2.59014073e+00
   2.70595234e+00   2.91564219e+00   2.91564219e+00   2.91564219e+00
   3.15441286e+00   3.15441286e+00   3.37650302e+00   3.39134116e+00
   3.39134116e+00   3.39134116e+00   3.83452267e+00   3.83452267e+00
   3.83452267e+00   3.89906814e+00   3.89906814e+00   3.95445112e+00
   3.95445112e+00   3.95445112e+00   4.32553325e+00   4.32553325e+00
   4.32553325e+00   4.50286289e+00   8.58047644e+00   8.58047644e+00
   8.60321426e+00   8.60321426e+00   8.60321426e+00   8.62992656e+00
   8.62992656e+00   8.62992656e+00   8.66002406e+00   8.66002406e+00
   8.71758974e+00   8.71758974e+00   8.71758974e+00   8.77939794e+00
   8.77939794e+00   8.77939794e+00   8.83195319e+00   8.86682753e+00
   8.86682753e+00   8.86682753e+00   1.14677631e+01   1.14677631e+01
   1.14677631e+01   1.14798126e+01   1.14798126e+01   1.14798126e+01
   1.15623888e+01   1.15623888e+01   1.19936326e+01   1.19936326e+01
   1.19936326e+01   1.20647009e+01   2.26096034e+01   2.60074637e+01
   2.60074637e+01   2.60074637e+01   2.60402558e+01]
E_coul = 1152.92232671626
cycle= 8 E= -1875.88529361373  delta_E= -3.24e-09  |g|= 2.76e-05  |ddm|= 0.000146
    CPU time for cycle= 8      0.96 sec, wall time      0.97 sec
diis-norm(errvec)=5.32515e-05
diis-c [ -1.48913552e-09  -1.54666430e-05   4.42801301e-06  -3.07405724e-04
   1.13331026e-03   3.35011441e-03  -5.21748060e-02   5.84274558e-02
   9.89582370e-01]
  HOMO = -0.459253288372741  LUMO = 0.100516593202378
  mo_energy =
[ -1.04873103e+02  -1.04873103e+02  -1.04873103e+02  -1.04873103e+02
  -1.14946389e+01  -1.06013228e+01  -1.06013228e+01  -1.06013228e+01
  -1.06013039e+01  -8.06811387e+00  -8.06811387e+00  -8.06811387e+00
  -8.06811065e+00  -8.06622617e+00  -8.06622617e+00  -8.06622495e+00
  -8.06622495e+00  -8.06622495e+00  -8.06622293e+00  -8.06622293e+00
  -8.06622293e+00  -1.28210135e+00  -1.12723667e+00  -1.12723667e+00
  -1.12723667e+00  -8.33524360e-01  -6.58248445e-01  -6.58248445e-01
  -6.58248445e-01  -5.31328559e-01  -5.31328559e-01  -4.87981041e-01
  -4.87981041e-01  -4.87981041e-01  -4.59253288e-01  -4.59253288e-01
  -4.59253288e-01   1.00516593e-01   1.58376956e-01   1.58376956e-01
   1.58376956e-01   2.37504813e-01   3.41078513e-01   3.41078513e-01
   3.41078513e-01   4.03140728e-01   4.03140728e-01   4.03140728e-01
   4.46848805e-01   4.46848805e-01   4.81690022e-01   4.81690022e-01
   4.96346393e-01   4.96346393e-01   4.96346393e-01   5.18123517e-01
   5.18123517e-01   5.18123517e-01   5.45985194e-01   5.52975999e-01
   5.52975999e-01   5.52975999e-01   6.31056834e-01   6.31056834e-01
   6.31056834e-01   6.81934792e-01   6.81934792e-01   8.36408554e-01
   8.36408554e-01   8.36408554e-01   8.45358815e-01   8.45358815e-01
   8.45358815e-01   9.38682797e-01   9.38682797e-01   9.38682797e-01
   9.52474579e-01   1.24063369e+00   1.24063369e+00   1.24063369e+00
   1.27181591e+00   1.29368994e+00   1.29368994e+00   1.29368994e+00
   1.33469572e+00   1.33469572e+00   1.67173875e+00   1.96515460e+00
   1.96515460e+00   1.96515460e+00   1.96889343e+00   1.96889343e+00
   2.02129573e+00   2.02129573e+00   2.02129573e+00   2.06657441e+00
   2.06657441e+00   2.06657441e+00   2.07545624e+00   2.07545624e+00
   2.07545624e+00   2.08348708e+00   2.10474525e+00   2.10474525e+00
   2.14722248e+00   2.14722248e+00   2.14722248e+00   2.23279584e+00
   2.23279584e+00   2.23279584e+00   2.27860870e+00   2.27860870e+00
   2.27860870e+00   2.36867466e+00   2.37623951e+00   2.37623951e+00
   2.38821057e+00   2.38821057e+00   2.38821057e+00   2.39053658e+00
   2.40109564e+00   2.40109564e+00   2.40109564e+00   2.48071642e+00
   2.48071642e+00   2.48071642e+00   2.52774334e+00   2.52774334e+00
   2.52774334e+00   2.53050179e+00   2.53050179e+00   2.53050179e+00
   2.53585423e+00   2.53585423e+00   2.56686778e+00   2.56686778e+00
   2.56686778e+00   2.59014542e+00   2.59014542e+00   2.59014542e+00
   2.70595633e+00   2.91564674e+00   2.91564674e+00   2.91564674e+00
   3.15441645e+00   3.15441645e+00   3.37650858e+00   3.39134461e+00
   3.39134461e+00   3.39134461e+00   3.83452572e+00   3.83452572e+00
   3.83452572e+00   3.89907106e+00   3.89907106e+00   3.95445387e+00
   3.95445387e+00   3.95445387e+00   4.32553664e+00   4.32553664e+00
   4.32553664e+00   4.50286583e+00   8.58048800e+00   8.58048800e+00
   8.60322616e+00   8.60322616e+00   8.60322616e+00   8.62993836e+00
   8.62993836e+00   8.62993836e+00   8.66003562e+00   8.66003562e+00
   8.71760081e+00   8.71760081e+00   8.71760081e+00   8.77940916e+00
   8.77940916e+00   8.77940916e+00   8.83196399e+00   8.86683846e+00
   8.86683846e+00   8.86683846e+00   1.14677756e+01   1.14677756e+01
   1.14677756e+01   1.14798251e+01   1.14798251e+01   1.14798251e+01
   1.15624013e+01   1.15624013e+01   1.19936446e+01   1.19936446e+01
   1.19936446e+01   1.20647129e+01   2.26096031e+01   2.60074759e+01
   2.60074759e+01   2.60074759e+01   2.60402679e+01]
E_coul = 1152.92212711699
cycle= 9 E= -1875.88529361392  delta_E= -1.82e-10  |g|= 5.7e-06  |ddm|= 2.84e-05
    CPU time for cycle= 9      0.96 sec, wall time      0.97 sec
  HOMO = -0.459254046124713  LUMO = 0.100515792563655
  mo_energy =
[ -1.04873108e+02  -1.04873108e+02  -1.04873108e+02  -1.04873108e+02
  -1.14946406e+01  -1.06013253e+01  -1.06013253e+01  -1.06013253e+01
  -1.06013064e+01  -8.06811655e+00  -8.06811655e+00  -8.06811655e+00
  -8.06811333e+00  -8.06622878e+00  -8.06622878e+00  -8.06622757e+00
  -8.06622757e+00  -8.06622757e+00  -8.06622554e+00  -8.06622554e+00
  -8.06622554e+00  -1.28210233e+00  -1.12723742e+00  -1.12723742e+00
  -1.12723742e+00  -8.33525140e-01  -6.58249293e-01  -6.58249293e-01
  -6.58249293e-01  -5.31329280e-01  -5.31329280e-01  -4.87981735e-01
  -4.87981735e-01  -4.87981735e-01  -4.59254046e-01  -4.59254046e-01
  -4.59254046e-01   1.00515793e-01   1.58376073e-01   1.58376073e-01
   1.58376073e-01   2.37504597e-01   3.41078100e-01   3.41078100e-01
   3.41078100e-01   4.03140288e-01   4.03140288e-01   4.03140288e-01
   4.46848198e-01   4.46848198e-01   4.81689717e-01   4.81689717e-01
   4.96345946e-01   4.96345946e-01   4.96345946e-01   5.18123092e-01
   5.18123092e-01   5.18123092e-01   5.45984588e-01   5.52975532e-01
   5.52975532e-01   5.52975532e-01   6.31056201e-01   6.31056201e-01
   6.31056201e-01   6.81934136e-01   6.81934136e-01   8.36407957e-01
   8.36407957e-01   8.36407957e-01   8.45357973e-01   8.45357973e-01
   8.45357973e-01   9.38682186e-01   9.38682186e-01   9.38682186e-01
   9.52473761e-01   1.24063305e+00   1.24063305e+00   1.24063305e+00
   1.27181535e+00   1.29368911e+00   1.29368911e+00   1.29368911e+00
   1.33469490e+00   1.33469490e+00   1.67173780e+00   1.96515363e+00
   1.96515363e+00   1.96515363e+00   1.96889244e+00   1.96889244e+00
   2.02129482e+00   2.02129482e+00   2.02129482e+00   2.06657348e+00
   2.06657348e+00   2.06657348e+00   2.07545532e+00   2.07545532e+00
   2.07545532e+00   2.08348617e+00   2.10474431e+00   2.10474431e+00
   2.14722161e+00   2.14722161e+00   2.14722161e+00   2.23279492e+00
   2.23279492e+00   2.23279492e+00   2.27860785e+00   2.27860785e+00
   2.27860785e+00   2.36867403e+00   2.37623873e+00   2.37623873e+00
   2.38820991e+00   2.38820991e+00   2.38820991e+00   2.39053596e+00
   2.40109494e+00   2.40109494e+00   2.40109494e+00   2.48071557e+00
   2.48071557e+00   2.48071557e+00   2.52774241e+00   2.52774241e+00
   2.52774241e+00   2.53050085e+00   2.53050085e+00   2.53050085e+00
   2.53585344e+00   2.53585344e+00   2.56686679e+00   2.56686679e+00
   2.56686679e+00   2.59014462e+00   2.59014462e+00   2.59014462e+00
   2.70595548e+00   2.91564579e+00   2.91564579e+00   2.91564579e+00
   3.15441541e+00   3.15441541e+00   3.37650730e+00   3.39134357e+00
   3.39134357e+00   3.39134357e+00   3.83452467e+00   3.83452467e+00
   3.83452467e+00   3.89907006e+00   3.89907006e+00   3.95445272e+00
   3.95445272e+00   3.95445272e+00   4.32553559e+00   4.32553559e+00
   4.32553559e+00   4.50286481e+00   8.58048614e+00   8.58048614e+00
   8.60322432e+00   8.60322432e+00   8.60322432e+00   8.62993652e+00
   8.62993652e+00   8.62993652e+00   8.66003376e+00   8.66003376e+00
   8.71759893e+00   8.71759893e+00   8.71759893e+00   8.77940729e+00
   8.77940729e+00   8.77940729e+00   8.83196211e+00   8.86683658e+00
   8.86683658e+00   8.86683658e+00   1.14677735e+01   1.14677735e+01
   1.14677735e+01   1.14798230e+01   1.14798230e+01   1.14798230e+01
   1.15623993e+01   1.15623993e+01   1.19936424e+01   1.19936424e+01
   1.19936424e+01   1.20647107e+01   2.26096014e+01   2.60074739e+01
   2.60074739e+01   2.60074739e+01   2.60402659e+01]
    CPU time for scf_cycle     19.98 sec, wall time     20.23 sec
    CPU time for SCF     19.99 sec, wall time     20.23 sec
converged SCF energy = -1875.88529361392
RHF E = -1875.88529361
RHF eps = [ -1.04873108e+02  -1.04873108e+02  -1.04873108e+02  -1.04873108e+02
  -1.14946406e+01  -1.06013253e+01  -1.06013253e+01  -1.06013253e+01
  -1.06013064e+01  -8.06811655e+00  -8.06811655e+00  -8.06811655e+00
  -8.06811333e+00  -8.06622878e+00  -8.06622878e+00  -8.06622757e+00
  -8.06622757e+00  -8.06622757e+00  -8.06622554e+00  -8.06622554e+00
  -8.06622554e+00  -1.28210233e+00  -1.12723742e+00  -1.12723742e+00
  -1.12723742e+00  -8.33525140e-01  -6.58249293e-01  -6.58249293e-01
  -6.58249293e-01  -5.31329280e-01  -5.31329280e-01  -4.87981735e-01
  -4.87981735e-01  -4.87981735e-01  -4.59254046e-01  -4.59254046e-01
  -4.59254046e-01   1.00515793e-01   1.58376073e-01   1.58376073e-01
   1.58376073e-01   2.37504597e-01   3.41078100e-01   3.41078100e-01
   3.41078100e-01   4.03140288e-01   4.03140288e-01   4.03140288e-01
   4.46848198e-01   4.46848198e-01   4.81689717e-01   4.81689717e-01
   4.96345946e-01   4.96345946e-01   4.96345946e-01   5.18123092e-01
   5.18123092e-01   5.18123092e-01   5.45984588e-01   5.52975532e-01
   5.52975532e-01   5.52975532e-01   6.31056201e-01   6.31056201e-01
   6.31056201e-01   6.81934136e-01   6.81934136e-01   8.36407957e-01
   8.36407957e-01   8.36407957e-01   8.45357973e-01   8.45357973e-01
   8.45357973e-01   9.38682186e-01   9.38682186e-01   9.38682186e-01
   9.52473761e-01   1.24063305e+00   1.24063305e+00   1.24063305e+00
   1.27181535e+00   1.29368911e+00   1.29368911e+00   1.29368911e+00
   1.33469490e+00   1.33469490e+00   1.67173780e+00   1.96515363e+00
   1.96515363e+00   1.96515363e+00   1.96889244e+00   1.96889244e+00
   2.02129482e+00   2.02129482e+00   2.02129482e+00   2.06657348e+00
   2.06657348e+00   2.06657348e+00   2.07545532e+00   2.07545532e+00
   2.07545532e+00   2.08348617e+00   2.10474431e+00   2.10474431e+00
   2.14722161e+00   2.14722161e+00   2.14722161e+00   2.23279492e+00
   2.23279492e+00   2.23279492e+00   2.27860785e+00   2.27860785e+00
   2.27860785e+00   2.36867403e+00   2.37623873e+00   2.37623873e+00
   2.38820991e+00   2.38820991e+00   2.38820991e+00   2.39053596e+00
   2.40109494e+00   2.40109494e+00   2.40109494e+00   2.48071557e+00
   2.48071557e+00   2.48071557e+00   2.52774241e+00   2.52774241e+00
   2.52774241e+00   2.53050085e+00   2.53050085e+00   2.53050085e+00
   2.53585344e+00   2.53585344e+00   2.56686679e+00   2.56686679e+00
   2.56686679e+00   2.59014462e+00   2.59014462e+00   2.59014462e+00
   2.70595548e+00   2.91564579e+00   2.91564579e+00   2.91564579e+00
   3.15441541e+00   3.15441541e+00   3.37650730e+00   3.39134357e+00
   3.39134357e+00   3.39134357e+00   3.83452467e+00   3.83452467e+00
   3.83452467e+00   3.89907006e+00   3.89907006e+00   3.95445272e+00
   3.95445272e+00   3.95445272e+00   4.32553559e+00   4.32553559e+00
   4.32553559e+00   4.50286481e+00   8.58048614e+00   8.58048614e+00
   8.60322432e+00   8.60322432e+00   8.60322432e+00   8.62993652e+00
   8.62993652e+00   8.62993652e+00   8.66003376e+00   8.66003376e+00
   8.71759893e+00   8.71759893e+00   8.71759893e+00   8.77940729e+00
   8.77940729e+00   8.77940729e+00   8.83196211e+00   8.86683658e+00
   8.86683658e+00   8.86683658e+00   1.14677735e+01   1.14677735e+01
   1.14677735e+01   1.14798230e+01   1.14798230e+01   1.14798230e+01
   1.15623993e+01   1.15623993e+01   1.19936424e+01   1.19936424e+01
   1.19936424e+01   1.20647107e+01   2.26096014e+01   2.60074739e+01
   2.60074739e+01   2.60074739e+01   2.60402659e+01]
    CPU time for transforming oopq     27.99 sec, wall time     28.01 sec
    CPU time for transforming ovpq     32.24 sec, wall time     33.03 sec
MO integrals cint2e_sph are saved in <HDF5 file "tmpUIIudp" (mode r+)>/eri_mo
num. MO ints = 6.8874754e+08, required disk 5509.9803 MB
step1: tmpfile /tmp/tmpvY7osC  4178.0448 MB
step1: (ij,kl) = (26244,19900), mem cache 4000 MB, iobuf 800 MB
    CPU time for Initializing ao2mo.outcore.half_e1      0.04 sec, wall time      0.04 sec
step 1 [1/6], AO [0:558], len(buf) = 3804
      fill iobuf micro [1/1], AO [0:558], len(aobuf) = 3804
    CPU time for gen AO/transform MO [1/6]     10.16 sec, wall time     10.16 sec
step 1 [2/6], AO [558:1032], len(buf) = 3810
      fill iobuf micro [1/1], AO [558:1032], len(aobuf) = 3810
    CPU time for gen AO/transform MO [2/6]     10.55 sec, wall time     10.56 sec
step 1 [3/6], AO [1032:1386], len(buf) = 3809
      fill iobuf micro [1/1], AO [1032:1386], len(aobuf) = 3809
    CPU time for gen AO/transform MO [3/6]      9.23 sec, wall time      9.23 sec
step 1 [4/6], AO [1386:1955], len(buf) = 3808
      fill iobuf micro [1/1], AO [1386:1955], len(aobuf) = 3808
    CPU time for gen AO/transform MO [4/6]     10.45 sec, wall time     10.45 sec
step 1 [5/6], AO [1955:2236], len(buf) = 3808
      fill iobuf micro [1/1], AO [1955:2236], len(aobuf) = 3808
    CPU time for gen AO/transform MO [5/6]      9.30 sec, wall time      9.32 sec
step 1 [6/6], AO [2236:2278], len(buf) = 861
      fill iobuf micro [1/1], AO [2236:2278], len(aobuf) = 861
    CPU time for gen AO/transform MO [6/6]      3.24 sec, wall time      3.24 sec
    CPU time for AO->MO transformation for cint2e_sph 1 pass     53.35 sec, wall time     53.38 sec
step2: kl-pair (ao 19900, mo 26244), mem 280.192 MB, ioblock 369.51552 MB
step 2 [1/15], [0,0:1760], row = 1760
step 2 [1/15] CPU time:      2.78, Wall time:      2.78
step 2 [2/15], [0,1760:3520], row = 1760
step 2 [2/15] CPU time:      2.74, Wall time:      2.74
step 2 [3/15], [0,3520:5280], row = 1760
step 2 [3/15] CPU time:      2.72, Wall time:      2.72
step 2 [4/15], [0,5280:7040], row = 1760
step 2 [4/15] CPU time:      2.72, Wall time:      2.72
step 2 [5/15], [0,7040:8800], row = 1760
step 2 [5/15] CPU time:      2.70, Wall time:      2.70
step 2 [6/15], [0,8800:10560], row = 1760
step 2 [6/15] CPU time:      2.78, Wall time:      2.78
step 2 [7/15], [0,10560:12320], row = 1760
step 2 [7/15] CPU time:      2.80, Wall time:      2.81
step 2 [8/15], [0,12320:14080], row = 1760
step 2 [8/15] CPU time:      2.81, Wall time:      2.80
step 2 [9/15], [0,14080:15840], row = 1760
step 2 [9/15] CPU time:      2.76, Wall time:      2.77
step 2 [10/15], [0,15840:17600], row = 1760
step 2 [10/15] CPU time:      2.81, Wall time:      2.81
step 2 [11/15], [0,17600:19360], row = 1760
step 2 [11/15] CPU time:      2.79, Wall time:      2.79
step 2 [12/15], [0,19360:21120], row = 1760
step 2 [12/15] CPU time:      2.79, Wall time:      2.80
step 2 [13/15], [0,21120:22880], row = 1760
step 2 [13/15] CPU time:      2.80, Wall time:      2.81
step 2 [14/15], [0,22880:24640], row = 1760
step 2 [14/15] CPU time:      2.80, Wall time:      3.00
step 2 [15/15], [0,24640:26244], row = 1604
step 2 [15/15] CPU time:      2.37, Wall time:      2.37
    CPU time for AO->MO transformation for cint2e_sph 2 pass     41.50 sec, wall time     41.72 sec
    CPU time for AO->MO transformation for cint2e_sph      94.85 sec, wall time     95.10 sec
    CPU time for transforming vvvv    111.71 sec, wall time    142.43 sec
    CPU time for CCSD integral transformation    172.97 sec, wall time    204.51 sec

******** <class 'pyscf.cc.rccsd_slow.RCCSD'> flags ********
CCSD nocc = 16, nvir = 162
frozen orbitals [0, 1, 2, 3, 4, 5, 6, 7, 8, 9, 10, 11, 12, 13, 14, 15, 16, 17, 18, 19, 20]
max_cycle = 100
direct = 0
conv_tol = 1e-07
conv_tol_normt = 1e-05
diis_space = 6
diis_start_cycle = 0
diis_start_energy_diff = 1e+09
Init t2, MP2 energy = -0.928487417532517
    CPU time for init mp2      0.20 sec, wall time      0.21 sec
    CPU time for update t1 t2     52.91 sec, wall time     53.00 sec
istep = 0  E(CCSD) = -0.928139246779826  dE = -0.928139247  norm(t1,t2) = 0.0486368
    CPU time for CCSD iter     53.19 sec, wall time     53.28 sec
    CPU time for update t1 t2     51.52 sec, wall time     51.60 sec
DIIS for step 1
istep = 1  E(CCSD) = -0.934392326257613  dE = -0.00625307948  norm(t1,t2) = 0.0235371
    CPU time for CCSD iter     51.83 sec, wall time     51.90 sec
    CPU time for update t1 t2     51.46 sec, wall time     51.53 sec
diis-c [ -9.53185515e-05   1.00000000e+00]
DIIS for step 2
istep = 2  E(CCSD) = -0.935022412108928  dE = -0.000630085851  norm(t1,t2) = 0.011843
    CPU time for CCSD iter     51.86 sec, wall time     51.93 sec
    CPU time for update t1 t2     51.93 sec, wall time     52.01 sec
diis-c [ -1.81846845e-05  -1.62230096e-01   1.16223010e+00]
DIIS for step 3
istep = 3  E(CCSD) = -0.936052982074953  dE = -0.00103056997  norm(t1,t2) = 0.00626523
    CPU time for CCSD iter     52.36 sec, wall time     52.44 sec
    CPU time for update t1 t2     52.33 sec, wall time     52.41 sec
diis-c [ -1.11469806e-06  -3.59377389e-01   2.50319092e-02   1.33434548e+00]
DIIS for step 4
istep = 4  E(CCSD) = -0.936482554384868  dE = -0.00042957231  norm(t1,t2) = 0.00340888
    CPU time for CCSD iter     52.82 sec, wall time     52.89 sec
    CPU time for update t1 t2     54.08 sec, wall time     54.16 sec
diis-c [ -5.80006927e-08   2.28758115e-01  -4.63581221e-02  -8.64716805e-01
   1.68231681e+00]
DIIS for step 5
istep = 5  E(CCSD) = -0.936407682687217  dE = 7.48716977e-05  norm(t1,t2) = 0.000683642
    CPU time for CCSD iter     54.63 sec, wall time     54.71 sec
    CPU time for update t1 t2     58.13 sec, wall time     58.22 sec
diis-c [ -4.31935174e-09   5.91169835e-02  -8.94167641e-03  -2.29707202e-01
   2.34163686e-01   9.45368209e-01]
DIIS for step 6
istep = 6  E(CCSD) = -0.936412569958048  dE = -4.88727083e-06  norm(t1,t2) = 0.000143235
    CPU time for CCSD iter     58.80 sec, wall time     58.88 sec
    CPU time for update t1 t2     62.83 sec, wall time     62.91 sec
diis-c [ -2.64029965e-10  -2.60759206e-02   6.04457054e-03   9.92449762e-02
  -1.42130761e-01  -1.76494401e-01   1.23941154e+00]
DIIS for step 7
istep = 7  E(CCSD) = -0.936415141622861  dE = -2.57166481e-06  norm(t1,t2) = 3.31417e-05
    CPU time for CCSD iter     63.57 sec, wall time     63.66 sec
    CPU time for update t1 t2     62.78 sec, wall time     62.85 sec
diis-c [ -3.76568776e-11   1.07887553e+00  -6.22829112e-04   2.01396532e-04
   5.89070987e-04  -3.26495255e-02  -4.63936455e-02]
DIIS for step 8
istep = 8  E(CCSD) = -0.936415121960986  dE = 1.96618754e-08  norm(t1,t2) = 9.88558e-06
    CPU time for CCSD iter     63.46 sec, wall time     63.53 sec
    CPU time for CCSD    502.52 sec, wall time    503.23 sec
CCSD converged
E(CC2) = -1876.821708735876  E_corr = -0.9364151219609856
    CPU time for EOM-CCSD shared one-electron intermediates      3.54 sec, wall time      3.55 sec
    CPU time for EOM-CCSD shared two-electron intermediates      9.51 sec, wall time      9.52 sec
    CPU time for EOM-CCSD IP intermediates     12.73 sec, wall time     12.75 sec
tol 1e-07  toloose 0.000316228
max_cycle 100  max_space 38  max_memory 2000  incore True
davidson 0 6  |r|= 0.285  e= [ 0.51858366  0.51858366  0.51858366  0.54996964  0.54996964  0.54996964]  max|de|= 0.55  lindep=    1
davidson 1 11  |r|= 0.0688  e= [ 0.42340544  0.42340544  0.42339152  0.45645815  0.45644675  0.45646545]  max|de|= -0.0952  lindep= 0.962
davidson 2 16  |r|= 0.0146  e= [ 0.42188318  0.42187808  0.42187808  0.45506949  0.45507231  0.45506843]  max|de|= -0.00153  lindep= 0.933
davidson 3 21  |r|= 0.285  e= [ 0.42235762  0.51858246  0.42235618  0.4555671   0.45556767  0.45556727]  max|de|= 0.0967  lindep= 0.979
davidson 4 27  |r|= 0.0673  e= [ 0.42241573  0.4234005   0.4224155   0.45563064  0.45563107  0.45563155]  max|de|= -0.0952  lindep= 0.848
davidson 5 33  |r|= 0.0135  e= [ 0.422426    0.42242601  0.42187924  0.45562312  0.45562305  0.45562316]  max|de|= -0.000974  lindep= 0.939
root 0 converged  |r|= 0.000189  e= 0.422425997471  max|de|= 7.77e-15
root 1 converged  |r|= 0.00019  e= 0.422426007578  max|de|= -5e-15
davidson 6 6  |r|= 0.0135  e= [ 0.422426    0.42242601  0.42187924  0.45562312  0.45562305  0.45562316]  max|de|= 7.77e-15  lindep=    1
davidson 7 10  |r|= 0.00363  e= [ 0.422426    0.42242601  0.42234721  0.45561915  0.45561929  0.45561929]  max|de|= 0.000468  lindep= 0.812
davidson 8 13  |r|= 0.000673  e= [ 0.422426    0.42242601  0.42242811  0.45561375  0.45561915  0.45561378]  max|de|= 8.09e-05  lindep= 0.953
davidson 9 17  |r|= 0.00022  e= [ 0.422426    0.42242601  0.42241827  0.45561502  0.45561376  0.45561495]  max|de|= -9.84e-06  lindep= 0.783
davidson 10 21  |r|= 4.64e-05  e= [ 0.422426    0.42242641  0.42242641  0.4556161   0.45561503  0.45561602]  max|de|= 8.14e-06  lindep= 0.814
davidson 11 25  |r|= 0.000188  e= [ 0.42242321  0.42242321  0.422426    0.45561651  0.45561611  0.45561645]  max|de|= -3.2e-06  lindep= 0.711
root 5 converged  |r|= 1.9e-06  e= 0.455616368594  max|de|= -7.96e-08
davidson 12 29  |r|= 4.75e-05  e= [ 0.42242318  0.42242601  0.42242418  0.45561632  0.45561652  0.45561637]  max|de|= 2.81e-06  lindep= 0.701
root 3 converged  |r|= 6.41e-07  e= 0.455616322851  max|de|= 3.27e-09
davidson 13 32  |r|= 1.6e-05  e= [ 0.42242314  0.42242603  0.42242338  0.45561632  0.45561637  0.45561637]  max|de|= -8.03e-07  lindep= 0.809
root 2 converged  |r|= 3.74e-06  e= 0.422423466165  max|de|= 8.61e-08
root 4 converged  |r|= 9.22e-07  e= 0.455616305039  max|de|= -6.34e-08
converge 14 34  |r|= 3.74e-06  e= [ 0.42242316  0.42242603  0.42242347  0.45561632  0.45561631  0.45561629]  max|de|= 8.61e-08
IP root 0 E = 0.4224231550258347  qpwt = 0.953231
IP root 1 E = 0.422426030601336  qpwt = 0.953238
IP root 2 E = 0.4224234661653787  qpwt = 0.953233
IP root 3 E = 0.4556163247863904  qpwt = 0.954552
IP root 4 E = 0.4556163050393249  qpwt = 0.954552
IP root 5 E = 0.4556162914830904  qpwt = 0.954552
    CPU time for IP-CCSD     66.67 sec, wall time     66.74 sec
    CPU time for EOM-CCSD shared one-electron intermediates      3.65 sec, wall time      3.66 sec
    CPU time for EOM-CCSD EA intermediates    395.57 sec, wall time    398.77 sec
tol 1e-07  toloose 0.000316228
max_cycle 100  max_space 38  max_memory 2000  incore True
davidson 0 6  |r|= 0.39  e= [ 0.14450013  0.1993369   0.20023772  0.20023772  0.24507223  0.35743328]  max|de|= 0.357  lindep=    1
davidson 1 12  |r|= 0.0886  e= [ 0.03534047  0.08841527  0.09394341  0.09394341  0.19166715  0.28852542]  max|de|= -0.111  lindep= 0.954
davidson 2 17  |r|= 0.0922  e= [ 0.03036376  0.08288439  0.08337789  0.09394198  0.19049267  0.28511033]  max|de|= -0.0106  lindep=  0.9
davidson 3 23  |r|= 0.0382  e= [ 0.03059283  0.08305861  0.08323031  0.08337816  0.19041371  0.28518098]  max|de|= -0.0106  lindep=  0.7
davidson 4 29  |r|= 0.0114  e= [ 0.03043741  0.08285024  0.08287551  0.08323039  0.19043438  0.28504797]  max|de|= -0.000355  lindep= 0.883
davidson 5 35  |r|= 0.00368  e= [ 0.03043898  0.08284129  0.08283845  0.0828755   0.19042929  0.284889  ]  max|de|= -0.000355  lindep= 0.804
root 0 converged  |r|= 0.000243  e= 0.0304389751914  max|de|= 9.89e-16
root 4 converged  |r|= 0.000181  e= 0.19042928885  max|de|= -2.05e-15
davidson 6 6  |r|= 0.00368  e= [ 0.03043898  0.08284129  0.08283845  0.0828755   0.19042929  0.284889  ]  max|de|= -3.33e-15  lindep=    1
davidson 7 10  |r|= 0.000955  e= [ 0.03043898  0.08284625  0.08285118  0.08285534  0.19042929  0.28487794]  max|de|= -2.02e-05  lindep= 0.964
davidson 8 14  |r|= 0.000389  e= [ 0.03043898  0.08284562  0.08284484  0.0828411   0.19042929  0.28487474]  max|de|= -1.42e-05  lindep= 0.748
davidson 9 18  |r|= 0.00012  e= [ 0.03043898  0.08284545  0.08284594  0.08284382  0.19042929  0.28486473]  max|de|= -1e-05  lindep= 0.748
davidson 10 22  |r|= 7.27e-05  e= [ 0.03043898  0.08284523  0.08284453  0.08284733  0.19042929  0.28487089]  max|de|= 6.16e-06  lindep= 0.61
davidson 11 26  |r|= 3.57e-05  e= [ 0.03043897  0.0828454   0.08284561  0.08284458  0.19042929  0.28486798]  max|de|= -2.9e-06  lindep= 0.486
root 1 converged  |r|= 1.13e-07  e= 0.0828453565204  max|de|= -4.07e-08
davidson 12 30  |r|= 1.32e-05  e= [ 0.03043898  0.08284536  0.0828453   0.08284548  0.19042929  0.28486944]  max|de|= 1.45e-06  lindep= 0.726
root 2 converged  |r|= 2.57e-07  e= 0.0828453686184  max|de|= 7.22e-08
davidson 13 33  |r|= 4.79e-06  e= [ 0.03043898  0.08284536  0.08284537  0.08284534  0.19042929  0.28486877]  max|de|= -6.73e-07  lindep= 0.767
root 0 converged  |r|= 0.000243  e= 0.0304389793822  max|de|= -5.8e-15
root 1 converged  |r|= 1.12e-07  e= 0.0828453563477  max|de|= 1.07e-15
root 2 converged  |r|= 2.57e-07  e= 0.0828453686184  max|de|= 1.32e-15
root 3 converged  |r|= 6.63e-07  e= 0.0828453410767  max|de|= 9.85e-16
root 4 converged  |r|= 0.000181  e= 0.190429289489  max|de|= -4.58e-15
root 5 converged  |r|= 4.79e-06  e= 0.284868765302  max|de|= 6.11e-16
converge 14 6  |r|= 0.000243  e= [ 0.03043898  0.08284536  0.08284537  0.08284534  0.19042929  0.28486877]  max|de|= -5.8e-15
EA root 0 E = 0.03043897938219231  qpwt = 0.962112
EA root 1 E = 0.0828453563477085  qpwt = 0.958951
EA root 2 E = 0.08284536861844435  qpwt = 0.958951
EA root 3 E = 0.08284534107672693  qpwt = 0.958951
EA root 4 E = 0.1904292894888187  qpwt = 0.978697
EA root 5 E = 0.2848687653017141  qpwt = 0.969602
    CPU time for EA-CCSD   1279.04 sec, wall time   1283.24 sec
