

******** <class 'pyscf.scf.hf.RHF'> flags ********
method = RHF
initial guess = minao
damping factor = 0
level shift factor = 0
Do DIIS = True
DIIS start cycle = 1
DIIS space = 8
SCF tol = 1e-09
SCF gradient tol = None
max. SCF cycles = 50
direct_scf = True
direct_scf_tol = 1e-13
chkfile to save SCF result = /tmp/tmprz5NNM
max_memory 4000 MB (current use 39 MB)
Set gradient conv threshold to 3.16228e-05
Nelec from initial guess = 41.9916
cond(S) = 3706.07466662
E_coul = 373.374414832668
init E= -436.742112285036
    CPU time for initialize scf      5.05 sec, wall time      5.06 sec
  HOMO = -0.6104472572075  LUMO = 0.173800167767327
  mo_energy =
[-26.45701778 -26.4562849  -26.4562849  -26.4562849  -11.44941546
  -2.13527179  -1.7642435   -1.7642435   -1.7642435   -1.03841406
  -0.86433117  -0.86433117  -0.86433117  -0.71805509  -0.71805509
  -0.66520152  -0.66520152  -0.66520152  -0.61044726  -0.61044726
  -0.61044726   0.17380017   0.26152895   0.26152895   0.26152895
   0.34368298   0.41521914   0.41521914   0.41521914   0.62160985
   0.62160985   0.62160985   0.64157793   0.64257815   0.64257815
   0.82784879   0.82784879   0.82784879   0.9292947    0.9292947
   0.9292947    1.05890407   1.05890407   1.05890407   1.09305009
   1.09441579   1.09441579   1.19712071   1.19712071   1.19712071
   1.76214259   1.91405012   1.91405012   1.91405012   2.13470467
   2.13470467   2.13470467   2.18920385   2.18920385   2.38039712
   2.38039712   2.38039712   2.59093896   2.59093896   2.59093896
   2.69627395   2.69627395   2.69627395   2.83974045   2.83974045
   2.83974045   2.86261944   2.93444845   2.93444845   3.35934548
   3.35934548   3.46916203   3.46916203   3.46916203   3.49646801
   3.49646801   3.49646801   3.630941     3.630941     3.630941
   4.01694122   4.01694122   4.01694122   4.02593055   4.18057489
   4.18057489   4.18057489   4.18363015   4.18363015   4.27613634
   4.27613634   4.27613634   4.29507228   5.07542542   5.55378539
   5.55378539   5.55378539   7.22395132   7.22395132   7.22395132
   7.25261679   7.25261679   7.25261679   7.25310412   7.25625991
   7.25625991   7.25625991   7.2720126    7.2855662    7.2855662
   7.36739906   7.36739906   7.36739906   7.54458782   7.54458782
   7.54458782   7.61234937   7.61234937   7.65488421   8.05767308
   8.05767308   8.05767308   8.12236886   8.12236886   8.12236886
   8.75136345   8.75136345   8.79441774   8.79441774   8.79441774
   9.00650956   9.00650956   9.00650956   9.20417261   9.20417261
   9.20417261   9.34320638   9.34320638   9.34320638   9.41215621
   9.48613773   9.48613773   9.48613773   9.62211203   9.62211203
  24.26852839  58.62485857  58.62485857  58.62485857  58.76639775]
E_coul = 373.633226902598
cycle= 1 E= -435.668137424334  delta_E= 1.07  |g|= 0.982  |ddm|= 1.84
    CPU time for cycle= 1      0.37 sec, wall time      0.37 sec
diis-norm(errvec)=2.5453
diis-c [-6.47856259  1.        ]
  HOMO = -0.684821790557541  LUMO = 0.190113324449122
  mo_energy =
[-26.29576293 -26.29576293 -26.29576293 -26.29570969 -12.02138663
  -1.87275394  -1.71460793  -1.71460793  -1.71460793  -1.05049119
  -0.9309484   -0.9309484   -0.9309484   -0.77398269  -0.77398269
  -0.73100557  -0.73100557  -0.73100557  -0.68482179  -0.68482179
  -0.68482179   0.19011332   0.24757358   0.24757358   0.24757358
   0.30251922   0.30251922   0.30251922   0.3286122    0.63298779
   0.63298779   0.63298779   0.6454396    0.6454396    0.6527051
   0.83563084   0.83563084   0.83563084   0.9225416    0.9225416
   0.9225416    0.98726895   0.98726895   1.04654028   1.04654028
   1.04654028   1.08069982   1.08069982   1.08069982   1.08130295
   1.6262185    1.76702579   1.76702579   1.76702579   2.096427     2.096427
   2.096427     2.17878286   2.17878286   2.35400712   2.35400712
   2.35400712   2.48482504   2.48482504   2.48482504   2.63313289
   2.63313289   2.63313289   2.82653174   2.82653174   2.82653174
   2.87503501   2.93164979   2.93164979   3.11613531   3.11613531
   3.34867549   3.34867549   3.34867549   3.49018901   3.49018901
   3.49018901   3.58602397   3.58602397   3.58602397   3.88311537
   4.02062177   4.02062177   4.02062177   4.06164568   4.06164568
   4.06164568   4.19784907   4.19784907   4.27208864   4.27208864
   4.27208864   4.30168261   4.99333061   5.46623946   5.46623946
   5.46623946   7.25799009   7.25799009   7.25799009   7.31081294
   7.31081294   7.31081294   7.31204951   7.31465696   7.31465696
   7.31465696   7.32155975   7.32155975   7.32815095   7.3760546
   7.3760546    7.3760546    7.55471302   7.55471302   7.55471302
   7.60675247   7.60675247   7.64347261   8.04673174   8.04673174
   8.04673174   8.09217215   8.09217215   8.09217215   8.8440614
   8.8440614    8.88607033   8.88607033   8.88607033   9.10301965
   9.10301965   9.10301965   9.28996442   9.28996442   9.28996442
   9.42218413   9.42218413   9.42218413   9.47787021   9.55307965
   9.55307965   9.55307965   9.69942463   9.69942463  23.73648138
  58.77138602  58.77138602  58.77138602  58.91222817]
E_coul = 374.243526037218
cycle= 2 E= -435.787093777652  delta_E= -0.119  |g|= 0.598  |ddm|= 0.732
    CPU time for cycle= 2      0.37 sec, wall time      0.37 sec
diis-norm(errvec)=1.53174
diis-c [-0.21620396  0.3683702   0.6316298 ]
  HOMO = -0.693115650858313  LUMO = 0.208445962391294
  mo_energy =
[-26.40153219 -26.40153219 -26.40153219 -26.40148249 -11.6355102
  -1.81502661  -1.69033163  -1.69033163  -1.69033163  -1.02405182
  -0.90001485  -0.90001485  -0.90001485  -0.77253699  -0.77253699
  -0.7231974   -0.7231974   -0.7231974   -0.69311565  -0.69311565
  -0.69311565   0.20844596   0.27537171   0.27537171   0.27537171
   0.41513421   0.41513421   0.41513421   0.42855525   0.63621585
   0.63621585   0.63621585   0.65036533   0.65036533   0.66887544
   0.83735879   0.83735879   0.83735879   0.93467666   0.93467666
   0.93467666   1.06609846   1.06609846   1.06635822   1.06635822
   1.06635822   1.10023286   1.16212625   1.16212625   1.16212625
   1.71331091   1.86637974   1.86637974   1.86637974   2.13462955
   2.13462955   2.13462955   2.20020195   2.20020195   2.38343262
   2.38343262   2.38343262   2.57588365   2.57588365   2.57588365
   2.67731245   2.67731245   2.67731245   2.84875775   2.84875775
   2.84875775   2.88513814   2.95432733   2.95432733   3.26260353
   3.26260353   3.44988327   3.44988327   3.44988327   3.49116989
   3.49116989   3.49116989   3.62494564   3.62494564   3.62494564
   3.99453481   4.03565038   4.03565038   4.03565038   4.14145373
   4.14145373   4.14145373   4.20496987   4.20496987   4.28073841
   4.28073841   4.28073841   4.29486888   5.05937708   5.53532298
   5.53532298   5.53532298   7.26038943   7.26038943   7.26038943
   7.30484685   7.30484685   7.30484685   7.30574085   7.30861933
   7.30861933   7.30861933   7.32299433   7.32299433   7.32328396
   7.39131799   7.39131799   7.39131799   7.57041573   7.57041573
   7.57041573   7.63015057   7.63015057   7.67018229   8.07198704
   8.07198704   8.07198704   8.12979524   8.12979524   8.12979524
   8.81064902   8.81064902   8.85345651   8.85345651   8.85345651
   9.06798293   9.06798293   9.06798293   9.25731526   9.25731526
   9.25731526   9.39306843   9.39306843   9.39306843   9.455759
   9.52948026   9.52948026   9.52948026   9.67124797   9.67124797
  24.09388192  58.67366317  58.67366317  58.67366317  58.81492942]
E_coul = 374.786468889781
cycle= 3 E= -435.837743767794  delta_E= -0.0506  |g|= 0.0612  |ddm|= 0.229
    CPU time for cycle= 3      0.37 sec, wall time      0.37 sec
diis-norm(errvec)=0.124323
diis-c [-0.0128935  -0.03564784 -0.03026501  1.06591285]
  HOMO = -0.679399491486648  LUMO = 0.212339829831914
  mo_energy =
[-26.36215335 -26.36215335 -26.36215335 -26.36210803 -11.61112462
  -1.79748214  -1.67336043  -1.67336043  -1.67336043  -1.00778085
  -0.88503006  -0.88503006  -0.88503006  -0.75880075  -0.75880075
  -0.70773743  -0.70773743  -0.70773743  -0.67939949  -0.67939949
  -0.67939949   0.21233983   0.27840931   0.27840931   0.27840931
   0.4325533    0.4325533    0.4325533    0.44899968   0.64142202
   0.64142202   0.64142202   0.65446372   0.65446372   0.67790147
   0.84145441   0.84145441   0.84145441   0.93874322   0.93874322
   0.93874322   1.0724839    1.0724839    1.0724839    1.07743277
   1.07743277   1.10648293   1.17334954   1.17334954   1.17334954
   1.7218074    1.87815965   1.87815965   1.87815965   2.14669901
   2.14669901   2.14669901   2.21172073   2.21172073   2.39597192
   2.39597192   2.39597192   2.58831925   2.58831925   2.58831925
   2.6914513    2.6914513    2.6914513    2.86069103   2.86069103
   2.86069103   2.89741823   2.96610652   2.96610652   3.27827919
   3.27827919   3.46382282   3.46382282   3.46382282   3.50680734
   3.50680734   3.50680734   3.64145782   3.64145782   3.64145782
   4.01072508   4.05130348   4.05130348   4.05130348   4.15584801
   4.15584801   4.15584801   4.22177392   4.22177392   4.29665165
   4.29665165   4.29665165   4.30943464   5.07860459   5.55458477
   5.55458477   5.55458477   7.277225     7.277225     7.277225
   7.32155642   7.32155642   7.32155642   7.322441     7.32533305
   7.32533305   7.32533305   7.33978871   7.33978871   7.34003896
   7.40882839   7.40882839   7.40882839   7.58821332   7.58821332
   7.58821332   7.64832706   7.64832706   7.68834895   8.0909636
   8.0909636    8.0909636    8.14908224   8.14908224   8.14908224
   8.83332127   8.83332127   8.87602915   8.87602915   8.87602915
   9.09015895   9.09015895   9.09015895   9.27828086   9.27828086
   9.27828086   9.4147406    9.4147406    9.4147406    9.47824748
   9.55161111   9.55161111   9.55161111   9.69296117   9.69296117
  24.11750891  58.71118488  58.71118488  58.71118488  58.85244787]
E_coul = 374.509739070683
cycle= 4 E= -435.838642749832  delta_E= -0.000899  |g|= 0.0231  |ddm|= 0.0554
    CPU time for cycle= 4      0.36 sec, wall time      0.37 sec
diis-norm(errvec)=0.0518488
diis-c [ -6.67009989e-04  -3.36529942e-02  -6.36795508e-02   1.44347117e-01
   9.52985428e-01]
  HOMO = -0.684848602283923  LUMO = 0.21157040977795
  mo_energy =
[-26.374754   -26.374754   -26.374754   -26.3747102  -11.61178545
  -1.80198314  -1.67810487  -1.67810487  -1.67810487  -1.0108654
  -0.8886619   -0.8886619   -0.8886619   -0.76382307  -0.76382307
  -0.71227162  -0.71227162  -0.71227162  -0.6848486   -0.6848486
  -0.6848486    0.21157041   0.27745746   0.27745746   0.27745746
   0.43004666   0.43004666   0.43004666   0.44704497   0.64023173
   0.64023173   0.64023173   0.65314344   0.65314344   0.67644578
   0.8402811    0.8402811    0.8402811    0.93766687   0.93766687
   0.93766687   1.0709696    1.0709696    1.0709696    1.07426817
   1.07426817   1.10522753   1.17095156   1.17095156   1.17095156
   1.72011956   1.87569095   1.87569095   1.87569095   2.14363486
   2.14363486   2.14363486   2.20872358   2.20872358   2.39273423
   2.39273423   2.39273423   2.58558312   2.58558312   2.58558312
   2.68823924   2.68823924   2.68823924   2.85772066   2.85772066
   2.85772066   2.894628     2.96305425   2.96305425   3.27568612
   3.27568612   3.46112177   3.46112177   3.46112177   3.50236768
   3.50236768   3.50236768   3.63696781   3.63696781   3.63696781
   4.0070719    4.04746541   4.04746541   4.04746541   4.15226235
   4.15226235   4.15226235   4.21676847   4.21676847   4.29249341
   4.29249341   4.29249341   4.30584143   5.0734852    5.54963664
   5.54963664   5.54963664   7.27285794   7.27285794   7.27285794
   7.31753773   7.31753773   7.31753773   7.31843553   7.3213164
   7.3213164    7.3213164    7.33542109   7.33542109   7.33599428
   7.40411336   7.40411336   7.40411336   7.58350078   7.58350078
   7.58350078   7.64344149   7.64344149   7.68360767   8.08565728
   8.08565728   8.08565728   8.14406272   8.14406272   8.14406272
   8.82707272   8.82707272   8.86984259   8.86984259   8.86984259
   9.0841596    9.0841596    9.0841596    9.27256403   9.27256403
   9.27256403   9.40870935   9.40870935   9.40870935   9.47199552
   9.54543472   9.54543472   9.54543472   9.68686958   9.68686958
  24.11642425  58.69928336  58.69928336  58.69928336  58.84054984]
E_coul = 374.624927805741
cycle= 5 E= -435.838760156116  delta_E= -0.000117  |g|= 0.0035  |ddm|= 0.0183
    CPU time for cycle= 5      0.37 sec, wall time      0.37 sec
diis-norm(errvec)=0.00906677
diis-c [ -1.24458663e-05   1.35168755e-02   2.09296012e-02  -1.03286854e-01
  -2.73609681e-01   1.34245006e+00]
  HOMO = -0.684945637363163  LUMO = 0.211588777764803
  mo_energy =
[-26.37401794 -26.37401794 -26.37401794 -26.37397426 -11.60985362
  -1.80157796  -1.67774401  -1.67774401  -1.67774401  -1.01032084
  -0.88802847  -0.88802847  -0.88802847  -0.7638561   -0.7638561
  -0.71193491  -0.71193491  -0.71193491  -0.68494564  -0.68494564
  -0.68494564   0.21158878   0.27742167   0.27742167   0.27742167
   0.43030714   0.43030714   0.43030714   0.44731379   0.6402726
   0.6402726    0.6402726    0.65312763   0.65312763   0.67668      0.84027304
   0.84027304   0.84027304   0.93766568   0.93766568   0.93766568
   1.07102674   1.07102674   1.07102674   1.07430806   1.07430806
   1.10530771   1.17115551   1.17115551   1.17115551   1.72030509
   1.87596587   1.87596587   1.87596587   2.14377473   2.14377473
   2.14377473   2.20883713   2.20883713   2.39284938   2.39284938
   2.39284938   2.5857807    2.5857807    2.5857807    2.68848037
   2.68848037   2.68848037   2.85783226   2.85783226   2.85783226
   2.8947312    2.96315996   2.96315996   3.27612476   3.27612476
   3.46143997   3.46143997   3.46143997   3.50251563   3.50251563
   3.50251563   3.63717784   3.63717784   3.63717784   4.00736802
   4.047669     4.047669     4.047669     4.15247638   4.15247638
   4.15247638   4.21692486   4.21692486   4.2927073    4.2927073
   4.2927073    4.30604931   5.07379637   5.54994623   5.54994623
   5.54994623   7.27297116   7.27297116   7.27297116   7.31778407
   7.31778407   7.31778407   7.31868597   7.32156505   7.32156505
   7.32156505   7.33553985   7.33553985   7.33623762   7.40420381
   7.40420381   7.40420381   7.58364136   7.58364136   7.58364136
   7.64355689   7.64355689   7.68372237   8.08580462   8.08580462
   8.08580462   8.14423418   8.14423418   8.14423418   8.82739583
   8.82739583   8.87016955   8.87016955   8.87016955   9.08448111
   9.08448111   9.08448111   9.27272076   9.27272076   9.27272076
   9.40888694   9.40888694   9.40888694   9.47217355   9.54560022
   9.54560022   9.54560022   9.68705866   9.68705866  24.11814326
  58.6999622   58.6999622   58.6999622   58.84122974]
E_coul = 374.620333947713
cycle= 6 E= -435.838766013313  delta_E= -5.86e-06  |g|= 0.00038  |ddm|= 0.0042
    CPU time for cycle= 6      0.38 sec, wall time      0.37 sec
diis-norm(errvec)=0.000949775
diis-c [ -2.36787617e-07  -1.69533905e-03  -2.57599039e-03   1.45211937e-02
   3.66386975e-02  -2.61684482e-01   1.21479592e+00]
  HOMO = -0.684913565255161  LUMO = 0.211613948972141
  mo_energy =
[-26.37394189 -26.37394189 -26.37394189 -26.3738982  -11.60957972
  -1.80150727  -1.6776819   -1.6776819   -1.6776819   -1.01029181
  -0.88797442  -0.88797442  -0.88797442  -0.76381912  -0.76381912
  -0.71187073  -0.71187073  -0.71187073  -0.68491357  -0.68491357
  -0.68491357   0.21161395   0.27744025   0.27744025   0.27744025
   0.43049413   0.43049413   0.43049413   0.44743664   0.64030681
   0.64030681   0.64030681   0.65314677   0.65314677   0.67675064
   0.84028915   0.84028915   0.84028915   0.93769205   0.93769205
   0.93769205   1.07106918   1.07106918   1.07106918   1.07441264
   1.07441264   1.10535321   1.17128401   1.17128401   1.17128401
   1.72039984   1.8760883    1.8760883    1.8760883    2.1438568
   2.1438568    2.1438568    2.20890578   2.20890578   2.3929292
   2.3929292    2.3929292    2.5858825    2.5858825    2.5858825
   2.68858915   2.68858915   2.68858915   2.85790587   2.85790587
   2.85790587   2.89479777   2.96321603   2.96321603   3.27630002
   3.27630002   3.46157359   3.46157359   3.46157359   3.50257948
   3.50257948   3.50257948   3.637273     3.637273     3.637273
   4.00751356   4.04775154   4.04775154   4.04775154   4.15260107
   4.15260107   4.15260107   4.2170036    4.2170036    4.29279147
   4.29279147   4.29279147   4.30612387   5.07391717   5.55007266
   5.55007266   5.55007266   7.27304898   7.27304898   7.27304898
   7.31785963   7.31785963   7.31785963   7.31876138   7.32164058
   7.32164058   7.32164058   7.33561736   7.33561736   7.3363138
   7.40428877   7.40428877   7.40428877   7.58372918   7.58372918
   7.58372918   7.64364886   7.64364886   7.68381398   8.08590049
   8.08590049   8.08590049   8.14433713   8.14433713   8.14433713
   8.82747135   8.82747135   8.87024525   8.87024525   8.87024525
   9.08455502   9.08455502   9.08455502   9.27279412   9.27279412
   9.27279412   9.40896295   9.40896295   9.40896295   9.472253
   9.54567837   9.54567837   9.54567837   9.6871348    9.6871348
  24.11840504  58.70003759  58.70003759  58.70003759  58.84130527]
E_coul = 374.620617719802
cycle= 7 E= -435.838766069204  delta_E= -5.59e-08  |g|= 5.11e-05  |ddm|= 0.000405
    CPU time for cycle= 7      0.36 sec, wall time      0.37 sec
diis-norm(errvec)=0.000116142
diis-c [ -5.29025344e-09   9.13463732e-05   9.83549925e-05  -5.22551704e-04
  -1.61958220e-03   1.44213744e-02  -1.28631344e-01   1.11616240e+00]
  HOMO = -0.684910018913926  LUMO = 0.211613351646557
  mo_energy =
[-26.37393021 -26.37393021 -26.37393021 -26.37388652 -11.60953882
  -1.80150109  -1.67767724  -1.67767724  -1.67767724  -1.01027815
  -0.8879599   -0.8879599   -0.8879599   -0.76381454  -0.76381454
  -0.71186104  -0.71186104  -0.71186104  -0.68491002  -0.68491002
  -0.68491002   0.21161335   0.27743987   0.27743987   0.27743987
   0.43049595   0.43049595   0.43049595   0.44743611   0.64030923
   0.64030923   0.64030923   0.65314706   0.65314706   0.67675388
   0.84028984   0.84028984   0.84028984   0.93769322   0.93769322
   0.93769322   1.07106995   1.07106995   1.07106995   1.07441527
   1.07441527   1.10535468   1.17128718   1.17128718   1.17128718
   1.72040388   1.87609536   1.87609536   1.87609536   2.14385985
   2.14385985   2.14385985   2.20890864   2.20890864   2.39293215
   2.39293215   2.39293215   2.58588837   2.58588837   2.58588837
   2.68859428   2.68859428   2.68859428   2.8579097    2.8579097
   2.8579097    2.8948031    2.96321987   2.96321987   3.27631042
   3.27631042   3.46158171   3.46158171   3.46158171   3.50258419
   3.50258419   3.50258419   3.63727784   3.63727784   3.63727784
   4.007521     4.04775713   4.04775713   4.04775713   4.15260622
   4.15260622   4.15260622   4.217007     4.217007     4.2927958
   4.2927958    4.2927958    4.30612884   5.07392145   5.55007781
   5.55007781   5.55007781   7.27305273   7.27305273   7.27305273
   7.31786357   7.31786357   7.31786357   7.31876531   7.32164451
   7.32164451   7.32164451   7.33562109   7.33562109   7.33631775
   7.40429267   7.40429267   7.40429267   7.58373311   7.58373311
   7.58373311   7.6436529    7.6436529    7.68381865   8.08590435
   8.08590435   8.08590435   8.14434193   8.14434193   8.14434193
   8.82747698   8.82747698   8.87025088   8.87025088   8.87025088
   9.08456078   9.08456078   9.08456078   9.27279999   9.27279999
   9.27279999   9.40896865   9.40896865   9.40896865   9.47225897
   9.54568431   9.54568431   9.54568431   9.68714031   9.68714031
  24.11844281  58.70004896  58.70004896  58.70004896  58.84131666]
E_coul = 374.620562042782
cycle= 8 E= -435.838766069881  delta_E= -6.77e-10  |g|= 7.42e-06  |ddm|= 5e-05
    CPU time for cycle= 8      0.37 sec, wall time      0.37 sec
  HOMO = -0.684911658938384  LUMO = 0.211612974542191
  mo_energy =
[-26.37393469 -26.37393469 -26.37393469 -26.373891   -11.60954746
  -1.80150344  -1.6776795   -1.6776795   -1.6776795   -1.01028027
  -0.88796202  -0.88796202  -0.88796202  -0.76381611  -0.76381611
  -0.71186275  -0.71186275  -0.71186275  -0.68491166  -0.68491166
  -0.68491166   0.21161297   0.27743947   0.27743947   0.27743947
   0.43049366   0.43049366   0.43049366   0.44743395   0.64030882
   0.64030882   0.64030882   0.65314661   0.65314661   0.67675328
   0.84028942   0.84028942   0.84028942   0.93769276   0.93769276
   0.93769276   1.07106934   1.07106934   1.07106934   1.07441377
   1.07441377   1.10535399   1.17128567   1.17128567   1.17128567
   1.72040246   1.87609337   1.87609337   1.87609337   2.14385865
   2.14385865   2.14385865   2.20890762   2.20890762   2.39293089
   2.39293089   2.39293089   2.58588659   2.58588659   2.58588659
   2.68859249   2.68859249   2.68859249   2.85790844   2.85790844
   2.85790844   2.89480172   2.96321864   2.96321864   3.27630744
   3.27630744   3.46157939   3.46157939   3.46157939   3.50258247
   3.50258247   3.50258247   3.6372759    3.6372759    3.6372759
   4.00751866   4.04775527   4.04775527   4.04775527   4.15260429
   4.15260429   4.15260429   4.21700526   4.21700526   4.29279396
   4.29279396   4.29279396   4.30612702   5.07391934   5.55007562
   5.55007562   5.55007562   7.27305132   7.27305132   7.27305132
   7.31786236   7.31786236   7.31786236   7.31876412   7.32164331
   7.32164331   7.32164331   7.33561969   7.33561969   7.33631653
   7.40429112   7.40429112   7.40429112   7.58373159   7.58373159
   7.58373159   7.64365128   7.64365128   7.68381685   8.08590276
   8.08590276   8.08590276   8.14434004   8.14434004   8.14434004
   8.82747497   8.82747497   8.87024887   8.87024887   8.87024887
   9.08455874   9.08455874   9.08455874   9.27279774   9.27279774
   9.27279774   9.40896642   9.40896642   9.40896642   9.4722566
   9.54568196   9.54568196   9.54568196   9.68713814   9.68713814
  24.11843475  58.70004469  58.70004469  58.70004469  58.84131239]
    CPU time for scf_cycle      8.01 sec, wall time      8.02 sec
    CPU time for SCF      8.01 sec, wall time      8.02 sec
converged SCF energy = -435.838766069881
RHF E = -435.83876607
RHF eps = [-26.37393469 -26.37393469 -26.37393469 -26.373891   -11.60954746
  -1.80150344  -1.6776795   -1.6776795   -1.6776795   -1.01028027
  -0.88796202  -0.88796202  -0.88796202  -0.76381611  -0.76381611
  -0.71186275  -0.71186275  -0.71186275  -0.68491166  -0.68491166
  -0.68491166   0.21161297   0.27743947   0.27743947   0.27743947
   0.43049366   0.43049366   0.43049366   0.44743395   0.64030882
   0.64030882   0.64030882   0.65314661   0.65314661   0.67675328
   0.84028942   0.84028942   0.84028942   0.93769276   0.93769276
   0.93769276   1.07106934   1.07106934   1.07106934   1.07441377
   1.07441377   1.10535399   1.17128567   1.17128567   1.17128567
   1.72040246   1.87609337   1.87609337   1.87609337   2.14385865
   2.14385865   2.14385865   2.20890762   2.20890762   2.39293089
   2.39293089   2.39293089   2.58588659   2.58588659   2.58588659
   2.68859249   2.68859249   2.68859249   2.85790844   2.85790844
   2.85790844   2.89480172   2.96321864   2.96321864   3.27630744
   3.27630744   3.46157939   3.46157939   3.46157939   3.50258247
   3.50258247   3.50258247   3.6372759    3.6372759    3.6372759
   4.00751866   4.04775527   4.04775527   4.04775527   4.15260429
   4.15260429   4.15260429   4.21700526   4.21700526   4.29279396
   4.29279396   4.29279396   4.30612702   5.07391934   5.55007562
   5.55007562   5.55007562   7.27305132   7.27305132   7.27305132
   7.31786236   7.31786236   7.31786236   7.31876412   7.32164331
   7.32164331   7.32164331   7.33561969   7.33561969   7.33631653
   7.40429112   7.40429112   7.40429112   7.58373159   7.58373159
   7.58373159   7.64365128   7.64365128   7.68381685   8.08590276
   8.08590276   8.08590276   8.14434004   8.14434004   8.14434004
   8.82747497   8.82747497   8.87024887   8.87024887   8.87024887
   9.08455874   9.08455874   9.08455874   9.27279774   9.27279774
   9.27279774   9.40896642   9.40896642   9.40896642   9.4722566
   9.54568196   9.54568196   9.54568196   9.68713814   9.68713814
  24.11843475  58.70004469  58.70004469  58.70004469  58.84131239]
    CPU time for transforming oopq     12.34 sec, wall time     12.35 sec
    CPU time for transforming ovpq     14.38 sec, wall time     14.39 sec
MO integrals cint2e_sph are saved in <HDF5 file "tmpvX_nf0" (mode r+)>/eri_mo
num. MO ints = 3.2241794e+08, required disk 2579.3435 MB
step1: tmpfile /tmp/tmphmfiTi  1736.7043 MB
step1: (ij,kl) = (17956,12090), mem cache 4000 MB, iobuf 800 MB
    CPU time for Initializing ao2mo.outcore.half_e1      0.02 sec, wall time      0.03 sec
step 1 [1/3], AO [0:836], len(buf) = 5568
      fill iobuf micro [1/1], AO [0:836], len(aobuf) = 5568
    CPU time for gen AO/transform MO [1/3]      8.98 sec, wall time      8.98 sec
step 1 [2/3], AO [836:1493], len(buf) = 5556
      fill iobuf micro [1/1], AO [836:1493], len(aobuf) = 5556
    CPU time for gen AO/transform MO [2/3]      9.07 sec, wall time      9.07 sec
step 1 [3/3], AO [1493:1540], len(buf) = 966
      fill iobuf micro [1/1], AO [1493:1540], len(aobuf) = 966
    CPU time for gen AO/transform MO [3/3]      2.44 sec, wall time      2.43 sec
    CPU time for AO->MO transformation for cint2e_sph 1 pass     20.79 sec, wall time     20.81 sec
step2: kl-pair (ao 12090, mo 17956), mem 263.0784 MB, ioblock 390.72256 MB
step 2 [1/7], [0,0:2720], row = 2720
step 2 [1/7] CPU time:      2.34, Wall time:      2.33
step 2 [2/7], [0,2720:5440], row = 2720
step 2 [2/7] CPU time:      2.32, Wall time:      2.33
step 2 [3/7], [0,5440:8160], row = 2720
step 2 [3/7] CPU time:      2.36, Wall time:      2.36
step 2 [4/7], [0,8160:10880], row = 2720
step 2 [4/7] CPU time:      2.40, Wall time:      2.52
step 2 [5/7], [0,10880:13600], row = 2720
step 2 [5/7] CPU time:      2.40, Wall time:      2.53
step 2 [6/7], [0,13600:16320], row = 2720
step 2 [6/7] CPU time:      2.34, Wall time:      2.33
step 2 [7/7], [0,16320:17956], row = 1636
step 2 [7/7] CPU time:      1.49, Wall time:      1.49
    CPU time for AO->MO transformation for cint2e_sph 2 pass     15.86 sec, wall time     16.12 sec
    CPU time for AO->MO transformation for cint2e_sph      36.65 sec, wall time     36.93 sec
    CPU time for transforming vvvv     41.79 sec, wall time     66.22 sec
    CPU time for CCSD integral transformation     68.92 sec, wall time     93.38 sec

******** <class 'pyscf.cc.rccsd_slow.RCCSD'> flags ********
CCSD nocc = 16, nvir = 134
frozen orbitals [0, 1, 2, 3, 4]
max_cycle = 50
direct = 0
conv_tol = 1e-07
conv_tol_normt = 1e-05
diis_space = 6
diis_start_cycle = 0
diis_start_energy_diff = 1e+09
Init t2, MP2 energy = -1.14377644062278
    CPU time for init mp2      0.12 sec, wall time      0.12 sec
    CPU time for update t1 t2     17.42 sec, wall time     17.44 sec
istep = 0  E(CCSD) = -1.14317192195042  dE = -1.14317192  norm(t1,t2) = 0.0581732
    CPU time for CCSD iter     17.61 sec, wall time     17.63 sec
    CPU time for update t1 t2     17.53 sec, wall time     17.55 sec
DIIS for step 1
istep = 1  E(CCSD) = -1.15504771913367  dE = -0.0118757972  norm(t1,t2) = 0.024257
    CPU time for CCSD iter     17.74 sec, wall time     17.75 sec
    CPU time for update t1 t2     17.78 sec, wall time     17.81 sec
diis-c [ -1.12463608e-04   1.00000000e+00]
DIIS for step 2
istep = 2  E(CCSD) = -1.15611169957714  dE = -0.00106398044  norm(t1,t2) = 0.0124579
    CPU time for CCSD iter     18.03 sec, wall time     18.07 sec
    CPU time for update t1 t2     17.36 sec, wall time     17.38 sec
diis-c [ -1.54174010e-05  -1.66925691e-01   1.16692569e+00]
DIIS for step 3
istep = 3  E(CCSD) = -1.15794252370599  dE = -0.00183082413  norm(t1,t2) = 0.00588076
    CPU time for CCSD iter     17.64 sec, wall time     17.66 sec
    CPU time for update t1 t2     17.35 sec, wall time     17.37 sec
diis-c [ -6.30115683e-07  -2.90365017e-01   2.57946548e-02   1.26457036e+00]
DIIS for step 4
istep = 4  E(CCSD) = -1.15853813941402  dE = -0.000595615708  norm(t1,t2) = 0.00293443
    CPU time for CCSD iter     17.67 sec, wall time     17.68 sec
    CPU time for update t1 t2     17.33 sec, wall time     17.36 sec
diis-c [ -2.55044015e-08   1.42932079e-01  -4.33698894e-02  -5.97363069e-01
   1.49780088e+00]
DIIS for step 5
istep = 5  E(CCSD) = -1.15845942747402  dE = 7.871194e-05  norm(t1,t2) = 0.00043551
    CPU time for CCSD iter     17.68 sec, wall time     17.70 sec
    CPU time for update t1 t2     17.34 sec, wall time     17.35 sec
diis-c [ -2.43623063e-09   4.00361795e-02  -8.86180621e-03  -1.71839961e-01
   1.96894546e-01   9.43771041e-01]
DIIS for step 6
istep = 6  E(CCSD) = -1.15846136074135  dE = -1.93326733e-06  norm(t1,t2) = 9.75204e-05
    CPU time for CCSD iter     17.71 sec, wall time     17.73 sec
    CPU time for update t1 t2     17.31 sec, wall time     17.34 sec
diis-c [ -6.77456424e-11  -2.23004502e-02   5.69899929e-03   9.50683555e-02
  -1.54402735e-01  -3.06378969e-01   1.38231480e+00]
DIIS for step 7
istep = 7  E(CCSD) = -1.15846595603484  dE = -4.59529349e-06  norm(t1,t2) = 2.39367e-05
    CPU time for CCSD iter     17.71 sec, wall time     17.74 sec
    CPU time for update t1 t2     17.32 sec, wall time     17.34 sec
diis-c [ -6.81096846e-12   1.05903194e+00  -1.79561198e-04   3.17185202e-04
  -2.79822333e-04  -1.76771099e-02  -4.12126362e-02]
DIIS for step 8
istep = 8  E(CCSD) = -1.15846557036539  dE = 3.85669444e-07  norm(t1,t2) = 4.11045e-06
    CPU time for CCSD iter     17.72 sec, wall time     17.74 sec
    CPU time for update t1 t2     17.32 sec, wall time     17.34 sec
diis-c [ -4.68347583e-13   7.82033189e-02   9.41380843e-01   5.90800301e-05
   2.00124321e-04   9.58084857e-04  -2.08014515e-02]
DIIS for step 9
istep = 9  E(CCSD) = -1.15846561744077  dE = -4.707538e-08  norm(t1,t2) = 1.13178e-06
    CPU time for CCSD iter     17.72 sec, wall time     17.74 sec
    CPU time for CCSD    177.23 sec, wall time    177.44 sec
CCSD converged
E(CC2) = -436.9972316873215  E_corr = -1.158465617440771
    CPU time for EOM-CCSD shared one-electron intermediates      1.98 sec, wall time      1.98 sec
    CPU time for EOM-CCSD shared two-electron intermediates      5.36 sec, wall time      5.37 sec
    CPU time for EOM-CCSD IP intermediates      7.34 sec, wall time      7.35 sec
tol 1e-07  toloose 0.000316228
max_cycle 50  max_space 38  max_memory 2000  incore True
davidson 0 6  |r|= 0.515  e= [ 0.77146246  0.77146246  0.77146246  0.80257237  0.80257237  0.80257237]  max|de|= 0.803  lindep=    1
davidson 1 12  |r|= 0.108  e= [ 0.60219385  0.60214409  0.6021192   0.64439212  0.64433753  0.64437191]  max|de|= -0.169  lindep= 0.954
davidson 2 18  |r|= 0.0177  e= [ 0.6001179   0.60011539  0.60011131  0.64242283  0.64242559  0.64242559]  max|de|= -0.00208  lindep= 0.962
davidson 3 23  |r|= 0.0177  e= [ 0.60081519  0.60081577  0.60081519  0.64328638  0.64328859  0.64242571]  max|de|= 0.000864  lindep= 0.852
davidson 4 28  |r|= 0.00884  e= [ 0.60090804  0.60090844  0.60090804  0.64329812  0.64330067  0.6432869 ]  max|de|= 0.000861  lindep= 0.756
davidson 5 33  |r|= 0.00418  e= [ 0.60091198  0.6009121   0.6009121   0.64319638  0.64319742  0.64329668]  max|de|= -0.000103  lindep= 0.761
root 0 converged  |r|= 0.000195  e= 0.600911977066  max|de|= 9.99e-16
root 1 converged  |r|= 0.000218  e= 0.600912100154  max|de|= 3.33e-15
root 2 converged  |r|= 0.000218  e= 0.600912100154  max|de|= 3.33e-15
davidson 6 5  |r|= 0.00418  e= [ 0.60091198  0.6009121   0.6009121   0.64319638  0.64319742  0.64329668]  max|de|= 4.88e-15  lindep= 0.999
davidson 7 8  |r|= 0.00177  e= [ 0.60091198  0.6009121   0.6009121   0.64316326  0.64316336  0.64319796]  max|de|= -9.87e-05  lindep= 0.939
davidson 8 11  |r|= 0.000789  e= [ 0.60091198  0.6009121   0.6009121   0.64316257  0.64316261  0.64313851]  max|de|= -5.95e-05  lindep= 0.728
davidson 9 14  |r|= 0.000376  e= [ 0.60091198  0.6009121   0.6009121   0.64316008  0.64315963  0.6431513 ]  max|de|= 1.28e-05  lindep= 0.822
davidson 10 17  |r|= 0.000157  e= [ 0.60091198  0.6009121   0.6009121   0.64316054  0.6431609   0.64316743]  max|de|= 1.61e-05  lindep= 0.773
davidson 11 20  |r|= 5.06e-05  e= [ 0.60091198  0.6009121   0.6009121   0.64316268  0.64316355  0.64316191]  max|de|= -5.52e-06  lindep= 0.668
root 3 converged  |r|= 5.08e-06  e= 0.643162769602  max|de|= 8.48e-08
davidson 12 23  |r|= 5.62e-06  e= [ 0.60091199  0.60091206  0.60091206  0.64316277  0.64316249  0.64316249]  max|de|= -1.06e-06  lindep= 0.711
root 5 converged  |r|= 3.68e-06  e= 0.643162441938  max|de|= -4.96e-08
davidson 13 24  |r|= 3.8e-06  e= [ 0.60091202  0.60091202  0.60091204  0.64316279  0.64316279  0.64316244]  max|de|= 3e-07  lindep= 0.925
root 4 converged  |r|= 3.47e-06  e= 0.643162806843  max|de|= 1.49e-08
converge 14 25  |r|= 3.47e-06  e= [ 0.60091202  0.60091202  0.60091204  0.6431625   0.64316281  0.64316245]  max|de|= -2.88e-07
IP root 0 E = 0.6009120238243079  qpwt = 0.954277
IP root 1 E = 0.6009120238243079  qpwt = 0.954277
IP root 2 E = 0.6009120443235124  qpwt = 0.954278
IP root 3 E = 0.6431625043112076  qpwt = 0.956454
IP root 4 E = 0.6431628068425367  qpwt = 0.956454
IP root 5 E = 0.6431624465780058  qpwt = 0.956454
    CPU time for IP-CCSD     41.50 sec, wall time     41.54 sec
    CPU time for EOM-CCSD shared one-electron intermediates      1.97 sec, wall time      1.98 sec
    CPU time for EOM-CCSD EA intermediates    157.18 sec, wall time    158.12 sec
tol 1e-07  toloose 0.000316228
max_cycle 50  max_space 38  max_memory 2000  incore True
davidson 0 6  |r|= 0.539  e= [ 0.21903974  0.29100868  0.29100868  0.29189453  0.47378334  0.47378334]  max|de|= 0.474  lindep=    1
davidson 1 12  |r|= 0.102  e= [ 0.18439752  0.25672628  0.25672872  0.26220657  0.35113041  0.35110084]  max|de|= -0.123  lindep= 0.851
davidson 2 18  |r|= 0.0509  e= [ 0.180204    0.25407176  0.25407058  0.25634892  0.34076258  0.34076823]  max|de|= -0.0104  lindep= 0.957
davidson 3 24  |r|= 0.0249  e= [ 0.17975478  0.25410667  0.25410642  0.25530163  0.3408819   0.34088203]  max|de|= -0.00105  lindep= 0.811
davidson 4 30  |r|= 0.0135  e= [ 0.17943086  0.25408657  0.25408662  0.25423475  0.34073307  0.34073295]  max|de|= -0.00107  lindep= 0.97
davidson 5 36  |r|= 0.00255  e= [ 0.17943715  0.25409059  0.25409056  0.25410518  0.34072508  0.34072517]  max|de|= -0.00013  lindep= 0.866
root 1 converged  |r|= 0.000171  e= 0.254090594264  max|de|= 2.16e-15
root 2 converged  |r|= 0.00017  e= 0.254090556002  max|de|= -1.67e-16
davidson 6 6  |r|= 0.00255  e= [ 0.17943715  0.25409059  0.25409056  0.25410518  0.34072508  0.34072517]  max|de|= 3.05e-15  lindep=    1
davidson 7 10  |r|= 0.000707  e= [ 0.17943452  0.25409057  0.25409056  0.25409891  0.3407281   0.34072809]  max|de|= -6.27e-06  lindep= 0.953
davidson 8 14  |r|= 0.000124  e= [ 0.1794327   0.25409095  0.25409093  0.25409186  0.34072945  0.34072945]  max|de|= -7.05e-06  lindep= 0.77
davidson 9 18  |r|= 5.3e-05  e= [ 0.17943339  0.25409093  0.25409091  0.25409109  0.34072776  0.34072776]  max|de|= -1.7e-06  lindep=  0.6
root 3 converged  |r|= 1.85e-05  e= 0.254091148058  max|de|= 5.99e-08
davidson 10 22  |r|= 1.85e-05  e= [ 0.17943306  0.25409093  0.25409091  0.25409115  0.34072849  0.34072849]  max|de|= 7.29e-07  lindep= 0.412
root 5 converged  |r|= 3.68e-06  e= 0.340728487272  max|de|= -3.52e-11
davidson 11 24  |r|= 3.7e-06  e= [ 0.1794333   0.25409092  0.25409078  0.25409115  0.34072827  0.34072849]  max|de|= 2.42e-07  lindep= 0.568
root 0 converged  |r|= 8.18e-07  e= 0.179433236362  max|de|= -6.27e-08
root 4 converged  |r|= 3.79e-07  e= 0.340728300777  max|de|= 2.87e-08
converge 12 26  |r|= 8.18e-07  e= [ 0.17943324  0.25409092  0.2540908   0.25409115  0.3407283   0.34072849]  max|de|= -6.27e-08
EA root 0 E = 0.1794332363619865  qpwt = 0.989398
EA root 1 E = 0.2540909244569293  qpwt = 0.987912
EA root 2 E = 0.2540907969524117  qpwt = 0.987912
EA root 3 E = 0.2540911483391902  qpwt = 0.987913
EA root 4 E = 0.3407283007766072  qpwt = 0.968221
EA root 5 E = 0.3407284876253411  qpwt = 0.968221
    CPU time for EA-CCSD    517.53 sec, wall time    518.80 sec
