

******** <class 'pyscf.scf.hf.RHF'> flags ********
method = RHF
initial guess = minao
damping factor = 0
level shift factor = 0
Do DIIS = True
DIIS start cycle = 1
DIIS space = 8
SCF tol = 1e-09
SCF gradient tol = None
max. SCF cycles = 50
direct_scf = True
direct_scf_tol = 1e-13
chkfile to save SCF result = /tmp/tmpCDYp_f
max_memory 4000 MB (current use 39 MB)
Set gradient conv threshold to 3.16228e-05
Nelec from initial guess = 31.9979
cond(S) = 14073.6010652
E_coul = 200.412444851016
init E= -224.874524915249
    CPU time for initialize scf      8.24 sec, wall time      8.49 sec
  HOMO = -0.285329422521528  LUMO = 0.0829859353862321
  mo_energy =
[-20.77325658 -15.64304745 -15.64231546 -11.4586192   -1.84315452
  -1.46529234  -1.38118613  -0.8407778   -0.70142186  -0.69943869
  -0.59422796  -0.57651386  -0.52680886  -0.42259444  -0.3571961
  -0.28532942   0.08298594   0.09555914   0.145423     0.16264196
   0.19779225   0.21895651   0.28433186   0.32200901   0.33479433
   0.36801661   0.44127652   0.46668606   0.48554541   0.48690184
   0.50064354   0.52990882   0.53437981   0.56474989   0.58382841
   0.58456903   0.61156072   0.62234566   0.67422844   0.67982617
   0.6823345    0.74056645   0.84060461   0.90109241   0.91061445
   0.9328758    0.94462103   0.9920319    1.04435536   1.1071878
   1.1277063    1.16569636   1.1850246    1.22225244   1.28469482
   1.35487721   1.36736633   1.46605493   1.4664936    1.48110199
   1.55426298   1.56109536   1.62353459   1.65544647   1.66975356
   1.67797451   1.70434719   1.72427486   1.77403057   1.84426882
   1.84642989   1.90538063   1.92592124   2.00735372   2.05754652
   2.13798746   2.19372325   2.25206191   2.38289627   2.4330064
   2.44841733   2.46309246   2.57449471   2.63768994   2.64698969
   2.82388575   2.92241406   2.98487521   3.01444754   3.08871658
   3.14908551   3.15147916   3.1692166    3.19987795   3.24751391
   3.26308182   3.32393681   3.35191798   3.38921918   3.41133553
   3.42591761   3.50947557   3.51193328   3.53268796   3.58645004
   3.66083434   3.68020414   3.72444361   3.73179187   3.77308705
   3.81393053   3.82078935   3.85908182   3.86424011   3.97352465
   3.98239417   3.99889328   4.1219141    4.13397325   4.15531511
   4.21071144   4.23910144   4.25590056   4.27065898   4.32865085
   4.36368296   4.41668766   4.41922782   4.44515798   4.59114836
   4.6478087    4.68890701   4.72662122   4.74525817   4.82438891
   4.8361702    4.92745858   4.94739107   5.06951672   5.07649065
   5.10822651   5.12999389   5.18768685   5.29092876   5.37731061
   5.3992477    5.48917239   5.54798818   5.54970749   5.62102943
   5.65893257   5.71903508   5.84467762   5.88307968   5.94990668
   6.03217672   6.04286711   6.15336755   6.19065632   6.23281953
   6.27786562   6.3411553    6.41419739   6.49409192   6.61180327
   6.7075697    6.75085973   6.76468836   6.79512396   6.95289591
   6.95379016   6.98768568   7.15891811   7.32877916   7.42949081
   7.5846414   24.39265343  33.84651819  34.07314297  45.18644869]
E_coul = 203.94159608099
cycle= 1 E= -223.966531772452  delta_E= 0.908  |g|= 0.733  |ddm|= 2.05
    CPU time for cycle= 1      0.65 sec, wall time      0.66 sec
diis-norm(errvec)=2.03342
diis-c [-4.13481311  1.        ]
  HOMO = -0.302341787655662  LUMO = 0.0874577218117599
  mo_energy =
[-20.09966305 -15.6523661  -15.65233219 -11.51107495  -1.37052416
  -1.2343569   -1.19633356  -0.86539908  -0.7877816   -0.76595132
  -0.67950385  -0.61829908  -0.4823906   -0.46193027  -0.33905612
  -0.30234179   0.08745772   0.13883601   0.16414681   0.18819042
   0.21326989   0.2565956    0.31904272   0.33470083   0.34322095
   0.39402265   0.44076426   0.47401543   0.48421341   0.50947959
   0.53282362   0.53758307   0.56808239   0.57006245   0.59188937
   0.61825282   0.66031923   0.66076135   0.70699635   0.70700952
   0.76718706   0.82678482   0.89694168   0.91619844   0.9565294
   0.9619611    0.98727841   1.02349185   1.04792581   1.08394406
   1.13813735   1.1537457    1.18245989   1.21639777   1.27634418
   1.34466905   1.34687137   1.43326219   1.44808191   1.5366592
   1.56812467   1.57829693   1.64631067   1.66334425   1.67135174
   1.69450743   1.69779712   1.76461926   1.78046288   1.82789528
   1.88232081   1.91824274   1.93662637   2.0688977    2.15290559
   2.15851165   2.34653442   2.35079424   2.46246509   2.46597649
   2.51991565   2.58425889   2.61396968   2.67922256   2.71542461
   2.83419223   2.93660975   2.99276279   3.08583751   3.11808106
   3.14234533   3.15413299   3.21671985   3.22108223   3.29461946
   3.31327208   3.33534885   3.36753375   3.40708886   3.41547106
   3.45701214   3.48386279   3.52169002   3.56775323   3.68248996
   3.68467479   3.69834007   3.72242944   3.78604295   3.78791882
   3.81635005   3.82027364   3.8335219    3.88163684   3.9503455
   3.98257291   3.98377646   4.06765678   4.10196951   4.12375938
   4.16438299   4.19527825   4.20523565   4.23044555   4.27013581
   4.33594892   4.36881747   4.40981222   4.45405863   4.57827962
   4.63443537   4.68037978   4.71095428   4.73367226   4.83594966
   4.87296896   4.90955608   5.00058259   5.05994714   5.07374221
   5.12229247   5.12635821   5.20973106   5.36924505   5.38916733
   5.50472283   5.51752629   5.58389103   5.64351765   5.65401974
   5.85666885   5.86800474   5.90366513   5.95159473   6.02075883
   6.03232065   6.12068285   6.20621493   6.26240444   6.2895805
   6.3585749    6.3736824    6.5107361    6.61860006   6.65853076
   6.83499575   6.88339477   6.94320308   6.95842177   7.0320583
   7.18485806   7.36048992   7.59011444   7.61306783   7.85162619
   7.88600788  24.34498331  33.82549153  34.05247191  45.82600075]
E_coul = 202.996785547912
cycle= 2 E= -224.031103512594  delta_E= -0.0646  |g|= 0.572  |ddm|= 0.854
    CPU time for cycle= 2      0.67 sec, wall time      0.66 sec
diis-norm(errvec)=1.49546
diis-c [-0.51159206  0.40826903  0.59173097]
  HOMO = -0.418511491707422  LUMO = 0.110196104124146
  mo_energy =
[-20.54494731 -15.56865376 -15.56862318 -11.37395702  -1.39197306
  -1.23219688  -1.17858872  -0.82203625  -0.74354087  -0.7331234
  -0.63471086  -0.60482504  -0.60064033  -0.44024184  -0.42849849
  -0.41851149   0.1101961    0.15376132   0.17439877   0.20068031
   0.22493251   0.2643879    0.31968783   0.34820398   0.36624094
   0.39228308   0.46307076   0.49847482   0.51832526   0.53515439
   0.5562648    0.56227908   0.58836484   0.58964766   0.61369814
   0.61922291   0.65830505   0.66213866   0.71986388   0.72999596
   0.76743438   0.78274798   0.90608896   0.91911209   0.9575106
   0.95894307   1.00717402   1.01350055   1.07034062   1.10754152
   1.12676129   1.17701066   1.17735058   1.23022136   1.29542783
   1.36787177   1.37747633   1.46166757   1.46946482   1.54229492
   1.58700473   1.58911124   1.6804455    1.6857295    1.69992883
   1.72055369   1.72958681   1.77391332   1.80482901   1.86606712
   1.89774715   1.94200206   1.9450295    2.07284922   2.12008848
   2.19723045   2.29340852   2.3227496    2.48005603   2.48608291
   2.50990148   2.54690602   2.61880152   2.68664028   2.69986004
   2.85860498   2.9638678    3.03738536   3.1087752    3.12177743
   3.18101612   3.1896045    3.23309096   3.26386307   3.29524413
   3.2970702    3.35991094   3.37675399   3.43632431   3.44739634
   3.47672548   3.5133315    3.54359899   3.59279473   3.60002005
   3.70412392   3.71636217   3.73432728   3.77559889   3.81551768
   3.83288324   3.85081228   3.86903803   3.86931902   3.97711867
   3.98920673   4.02326866   4.11005653   4.13694053   4.1592584
   4.19146401   4.2246975    4.24322121   4.25888003   4.30571003
   4.37803141   4.40464117   4.44799622   4.46787684   4.61481963
   4.66707599   4.71411081   4.74915616   4.77042081   4.87788456
   4.88293532   4.94436899   4.98245707   5.11180442   5.11713371
   5.16936289   5.18225318   5.25190752   5.38725219   5.44208491
   5.52082925   5.57166841   5.62063392   5.65116079   5.69021803
   5.74204152   5.78554469   5.92379145   5.95423523   6.01692462
   6.0667108    6.13137872   6.21461158   6.24380102   6.32495186
   6.32950642   6.39005356   6.50689193   6.59578172   6.68354521
   6.83353065   6.83841208   6.91560087   6.927084     7.00194441
   7.0179914    7.13767388   7.35813307   7.49220258   7.63065962
   7.7323116   24.47115754  33.90623097  34.13282492  45.40365793]
E_coul = 203.401872142281
cycle= 3 E= -224.086942785977  delta_E= -0.0558  |g|= 0.0764  |ddm|= 0.441
    CPU time for cycle= 3      0.66 sec, wall time      0.66 sec
diis-norm(errvec)=0.221181
diis-c [ -1.97479043e-02  -9.23454465e-02  -6.50800962e-04   1.09299625e+00]
  HOMO = -0.418350376357518  LUMO = 0.114370928294579
  mo_energy =
[-20.50214847 -15.58867057 -15.58864494 -11.37443348  -1.38606375
  -1.23267172  -1.18018887  -0.82264041  -0.74443579  -0.73185245
  -0.63815694  -0.60403836  -0.60104084  -0.43914744  -0.4352046
  -0.41835038   0.11437093   0.15765979   0.17677297   0.20393236
   0.23041839   0.26221537   0.31947774   0.345622     0.36995919
   0.39205856   0.46514554   0.49820771   0.51944494   0.53856104
   0.56042728   0.56452044   0.58929038   0.58983997   0.61657384
   0.61874562   0.65895701   0.6605049    0.72018069   0.73117388
   0.76758724   0.78476891   0.90546702   0.91950619   0.958343
   0.96105041   1.00842549   1.01307373   1.07198104   1.11395597
   1.13004877   1.18041265   1.18165877   1.23248737   1.29670599
   1.36934404   1.38008679   1.46551776   1.47261828   1.54221181
   1.5870632    1.58898638   1.67977653   1.68574543   1.69921467
   1.71852233   1.72861261   1.77436454   1.80506557   1.86542196
   1.89763378   1.94232652   1.94612971   2.07477991   2.11953006
   2.19494965   2.29488875   2.32455613   2.48373555   2.48660577
   2.50569263   2.54636167   2.62035822   2.68414152   2.7014414
   2.86111233   2.96483352   3.03916653   3.11601385   3.12249829
   3.17793889   3.18860706   3.23230594   3.26609391   3.29867412
   3.30000439   3.36219289   3.38251918   3.44055491   3.45027045
   3.48294895   3.52219559   3.54817456   3.59645919   3.60695065
   3.70548791   3.72114392   3.7375828    3.78277429   3.82377696
   3.83636207   3.85569386   3.87371772   3.87564113   3.98550918
   3.9994557    4.02541824   4.11818723   4.14415716   4.16374932
   4.20086084   4.2338505    4.25117304   4.26820939   4.31527395
   4.3837794    4.41331844   4.45386004   4.47296043   4.61702321
   4.67282613   4.71760706   4.75335803   4.77320928   4.87881372
   4.88970381   4.94959456   4.98891543   5.11142991   5.11920095
   5.16665603   5.17778267   5.24724198   5.38595291   5.43848288
   5.51981702   5.57038698   5.6196761    5.65675748   5.69294468
   5.74516725   5.7891543    5.92522496   5.96047798   6.02079637
   6.06894987   6.13470166   6.21855662   6.2464329    6.3297385
   6.33111665   6.39102495   6.51097484   6.60326808   6.68630143
   6.84114994   6.84411888   6.92892248   6.93793339   7.00726835
   7.02385046   7.15015181   7.37004099   7.50457204   7.64473619
   7.73804501  24.47046751  33.8878487   34.11455375  45.44362074]
E_coul = 203.414308253449
cycle= 4 E= -224.088757092932  delta_E= -0.00181  |g|= 0.016  |ddm|= 0.0729
    CPU time for cycle= 4      0.65 sec, wall time      0.66 sec
diis-norm(errvec)=0.0499826
diis-c [-0.00185036 -0.01366831 -0.02307927  0.00796802  1.02877956]
  HOMO = -0.416999803964906  LUMO = 0.114708210348545
  mo_energy =
[-20.50354343 -15.57903128 -15.57900603 -11.37726492  -1.38626521
  -1.23065505  -1.17729337  -0.82070738  -0.7428871   -0.72977541
  -0.636075    -0.60426021  -0.59934022  -0.43980592  -0.43322796
  -0.4169998    0.11470821   0.15790757   0.17724402   0.2043863
   0.23153332   0.26238037   0.31989203   0.34595967   0.37046149
   0.39211141   0.46569807   0.49917351   0.52071953   0.53901163
   0.56110477   0.56517163   0.59014801   0.59070161   0.6178187
   0.61939617   0.6600168    0.66131137   0.72083279   0.7323583
   0.76806688   0.78558846   0.9058668    0.92022116   0.95878216
   0.96097539   1.00877252   1.01353311   1.07237972   1.11409663
   1.13019269   1.18065679   1.18191888   1.23303558   1.29702368
   1.36994149   1.38086351   1.46622107   1.4734407    1.54220166
   1.58735667   1.58965217   1.68134795   1.68670359   1.70035328
   1.71839117   1.72939765   1.77521111   1.80604497   1.8665587
   1.89874368   1.94320872   1.9474188    2.07548861   2.1207498
   2.19545025   2.29525197   2.32552405   2.48451006   2.48862024
   2.50905665   2.54722026   2.62232573   2.68616346   2.70322465
   2.86288443   2.96653851   3.04032034   3.11677155   3.12393071
   3.17809905   3.18914304   3.23348645   3.26729069   3.29931695
   3.30032684   3.36295802   3.38356198   3.44178689   3.449711
   3.48364002   3.52296077   3.54946675   3.59732807   3.6078867
   3.70605249   3.72168259   3.73863471   3.7831       3.82517589
   3.83699075   3.85706494   3.8740232    3.8763062    3.98672934
   3.99992925   4.02598164   4.11881986   4.1448656    4.16462539
   4.20180846   4.2343058    4.25197093   4.26896926   4.31574294
   4.38484269   4.41394645   4.45522175   4.47304657   4.61902584
   4.6740725    4.71908948   4.75540913   4.77522609   4.88101797
   4.8907215    4.9513138    4.98984739   5.1142609    5.12076563
   5.16920105   5.1814766    5.25110348   5.38860466   5.4414363
   5.5222894    5.57268169   5.62200331   5.657907     5.6954175
   5.7463629    5.79047853   5.92814744   5.96157791   6.02282205
   6.07126684   6.1366361    6.22002724   6.24903822   6.33102108
   6.33378704   6.39382973   6.51247285   6.60437543   6.68857412
   6.84215516   6.84615943   6.92861804   6.93861648   7.00969003
   7.02593216   7.15089466   7.37050275   7.50491376   7.6450628
   7.73971064  24.46797217  33.8969104   34.12359392  45.44237564]
E_coul = 203.378293679107
cycle= 5 E= -224.08888689898  delta_E= -0.00013  |g|= 0.00674  |ddm|= 0.0274
    CPU time for cycle= 5      0.66 sec, wall time      0.67 sec
diis-norm(errvec)=0.0194439
diis-c [ -2.55751130e-04   5.83878732e-03  -4.63809044e-03  -7.83164246e-02
   6.89909225e-02   1.00812481e+00]
  HOMO = -0.417429613297312  LUMO = 0.114566484409565
  mo_energy =
[-20.50552302 -15.58280615 -15.58278109 -11.37536358  -1.38654593
  -1.2313971   -1.17824876  -0.82146435  -0.74367496  -0.73063167
  -0.63690005  -0.60491682  -0.59959059  -0.44089084  -0.43473138
  -0.41742961   0.11456648   0.15777696   0.17715292   0.20431938
   0.23157972   0.26232316   0.31976067   0.34600697   0.37021134
   0.39198244   0.46545033   0.49884389   0.52032548   0.53869348
   0.56069063   0.5648603    0.58985221   0.59039861   0.617379     0.6192257
   0.6596331    0.66107918   0.72062201   0.73193644   0.76793278
   0.78520536   0.90548772   0.91999151   0.95852812   0.9607392
   1.00854443   1.01333652   1.07216568   1.11388001   1.12996415
   1.1804589    1.18172686   1.23289334   1.29677998   1.36967047
   1.38054274   1.46581644   1.47309262   1.54203285   1.58714217
   1.58934558   1.6807824    1.68622726   1.69991681   1.7186506
   1.72902006   1.77474948   1.80566041   1.86608505   1.89830494
   1.94270004   1.94681066   2.07509915   2.12020653   2.19533018
   2.29482396   2.32491718   2.48394692   2.48789546   2.50794024
   2.54682885   2.62143492   2.68528273   2.70241082   2.86216368
   2.96556733   3.03978632   3.11606499   3.1235174    3.17813514
   3.18899072   3.23305806   3.2667344    3.29887941   3.30002999
   3.36261492   3.38308237   3.44116711   3.44969305   3.48307518
   3.52247459   3.54886336   3.596797     3.60742161   3.70569001
   3.72120185   3.73818445   3.78260327   3.82470532   3.83652982
   3.85645144   3.87372548   3.87599564   3.98645041   3.99942934
   4.02574926   4.11838819   4.1444556    4.16429511   4.20156778
   4.23406749   4.25166162   4.26865174   4.31543921   4.38437502
   4.41357257   4.45466718   4.47273942   4.61826613   4.67345886
   4.71850406   4.75455157   4.77443552   4.88014501   4.8898348
   4.95041849   4.98925513   5.11305768   5.12000656   5.16809512
   5.18009124   5.24971849   5.38753907   5.44042885   5.52117942
   5.57178427   5.62097062   5.65699697   5.69432491   5.74547721
   5.78947661   5.92719433   5.96075926   6.02187797   6.07024826
   6.13572557   6.21920166   6.24788748   6.33009127   6.33268946
   6.39254928   6.51154228   6.60331626   6.68762743   6.84113085
   6.8448831    6.92796049   6.9376435    7.0085507    7.02481571
   7.14982809   7.36955144   7.50408363   7.64427756   7.73904451
  24.4696338   33.89336417  34.12004954  45.44050141]
E_coul = 203.393971373755
cycle= 6 E= -224.088913425892  delta_E= -2.65e-05  |g|= 0.00296  |ddm|= 0.013
    CPU time for cycle= 6      0.67 sec, wall time      0.66 sec
diis-norm(errvec)=0.00892773
diis-c [ -2.59151847e-05   3.02066414e-03   3.08016353e-03   2.14853009e-03
  -1.98458251e-01   5.41310054e-03   1.18479579e+00]
  HOMO = -0.417324054760052  LUMO = 0.114731496832655
  mo_energy =
[-20.50602856 -15.58157591 -15.58155091 -11.37548115  -1.38679107
  -1.23116264  -1.17779468  -0.8211723   -0.74332362  -0.73027805
  -0.63646927  -0.60528234  -0.59945919  -0.44150469  -0.43460262
  -0.41732405   0.1147315    0.15789544   0.17723953   0.20444877
   0.23169297   0.26227275   0.31972406   0.34601622   0.3703615
   0.39191222   0.46557829   0.4990234    0.52043139   0.53887364
   0.56078987   0.56500052   0.58999836   0.59051051   0.61760398
   0.61918969   0.65979509   0.66108187   0.72073901   0.73217312
   0.76776569   0.78535696   0.90530428   0.92009602   0.95861046
   0.9607084    1.00862941   1.01322904   1.07226748   1.11407649
   1.12991762   1.18055544   1.18190485   1.23300572   1.29686044
   1.36980756   1.38074788   1.4660533    1.47328269   1.54200642
   1.58715495   1.58941157   1.68105947   1.68631245   1.70008488
   1.71866161   1.729218     1.77484646   1.80585092   1.8663484
   1.89840932   1.9428681    1.94704524   2.07509484   2.12024393
   2.19539406   2.29459071   2.32492619   2.48386554   2.48818221
   2.50832753   2.54662805   2.62163728   2.68554865   2.70263214
   2.86241933   2.96589595   3.04004353   3.11600003   3.12369584
   3.17816554   3.18909728   3.23313658   3.26692827   3.29899048
   3.30004392   3.36275896   3.38321553   3.44143411   3.4497396
   3.48321109   3.52273223   3.54903609   3.59658111   3.60762428
   3.70577371   3.72137539   3.73839444   3.78262495   3.82496452
   3.83657503   3.8567524    3.87381802   3.87621534   3.98662876
   3.99968603   4.02586014   4.11863944   4.14467574   4.16447964
   4.2017943    4.23427535   4.25191163   4.2688733    4.3156894
   4.38464416   4.41383175   4.45497917   4.47280042   4.6185815
   4.67371699   4.71877398   4.75491909   4.77476096   4.88049438
   4.89005437   4.95078309   4.98938799   5.11358432   5.12033313
   5.16847763   5.18060547   5.25019786   5.38781146   5.4407841
   5.52132442   5.57214767   5.62132759   5.65697322   5.69484388
   5.74527611   5.78955443   5.92758357   5.9608343    6.02213512
   6.07064636   6.13585493   6.21932563   6.24830543   6.33016202
   6.33305901   6.39293301   6.5116474    6.60339723   6.68786353
   6.84131017   6.84510118   6.92754652   6.93744539   7.00896969
   7.02510327   7.14939585   7.36890084   7.50387563   7.64374727
   7.73880171  24.46952831  33.89452027  34.12120505  45.43999161]
E_coul = 203.390862488206
cycle= 7 E= -224.088919679302  delta_E= -6.25e-06  |g|= 0.000814  |ddm|= 0.0074
    CPU time for cycle= 7      0.65 sec, wall time      0.66 sec
diis-norm(errvec)=0.00232799
diis-c [ -1.60477154e-06  -1.10358088e-03  -8.98078597e-04   7.62411681e-03
   4.16040030e-02  -8.46300216e-02  -3.38024973e-01   1.37542853e+00]
  HOMO = -0.417272706269559  LUMO = 0.11476680406102
  mo_energy =
[-20.50615981 -15.58146986 -15.58144489 -11.3751501   -1.38682863
  -1.23110186  -1.17768912  -0.82107024  -0.74323246  -0.73020165
  -0.63633442  -0.60537388  -0.59941972  -0.44168366  -0.43458326
  -0.41727271   0.1147668    0.15792804   0.17726882   0.20448637
   0.2317843    0.26227945   0.31972012   0.34603712   0.37041411
   0.39190776   0.46561931   0.49906443   0.52050055   0.53892359
   0.5608168    0.56506244   0.59004348   0.59055228   0.61766732
   0.61919446   0.65984698   0.6610873    0.72079008   0.73225166
   0.76772526   0.78541878   0.90526462   0.92015698   0.95866808
   0.96075009   1.00868716   1.01322314   1.07231685   1.11413474
   1.12992565   1.18060515   1.18196006   1.23307202   1.2969202
   1.3698722    1.38081895   1.46611236   1.47334501   1.54206632
   1.5872248    1.58946699   1.68113956   1.6863376    1.70014621
   1.71877305   1.72930297   1.774875     1.80591224   1.86643647
   1.89846573   1.94290581   1.94711603   2.07511859   2.12025125
   2.19549328   2.29454102   2.32492038   2.48383449   2.48826294
   2.50841094   2.54661144   2.62168326   2.68560479   2.70266246
   2.86249602   2.96596433   3.04014871   3.11599264   3.12380474
   3.17830407   3.18922453   3.23323555   3.26701412   3.2990585
   3.30010774   3.36285367   3.38329226   3.44151882   3.44983133
   3.48324853   3.52281461   3.54909599   3.59654735   3.60771858
   3.70586353   3.72146194   3.73848666   3.78264542   3.82506039
   3.8366184    3.85683978   3.87388575   3.87630687   3.98672661
   3.99974361   4.0259653    4.1187267    4.14475813   4.16457086
   4.20188393   4.23436251   4.25199932   4.26895751   4.31576888
   4.38474104   4.41391333   4.45506602   4.47285651   4.61867325
   4.67380372   4.71886518   4.75501464   4.77485139   4.88058793
   4.89009486   4.95085904   4.98945606   5.1136806    5.1204255
   5.16857404   5.18071122   5.25030211   5.38787473   5.44090344
   5.52133874   5.57226151   5.6214179    5.6569269    5.69494437
   5.74519466   5.7895341    5.92769633   5.96082702   6.02219526
   6.07073576   6.13588575   6.21935915   6.24839437   6.33017411
   6.33315223   6.39301133   6.51167848   6.60340025   6.68794953
   6.84133921   6.8451308    6.92744997   6.93738287   7.00906667
   7.02515625   7.14924822   7.3687191    7.50383858   7.64362232
   7.73876151  24.46983849  33.89462708  34.12131147  45.43985927]
E_coul = 203.390438789228
cycle= 8 E= -224.088920214968  delta_E= -5.36e-07  |g|= 0.000206  |ddm|= 0.00209
    CPU time for cycle= 8      0.66 sec, wall time      0.66 sec
diis-norm(errvec)=0.000595114
diis-c [ -2.07633741e-07   2.50159555e-05  -1.93070327e-04  -1.27314006e-03
   3.97883297e-03   1.47490852e-02  -6.09251269e-03  -2.38156164e-01
   1.22696195e+00]
  HOMO = -0.417286269741631  LUMO = 0.114770185007833
  mo_energy =
[-20.50633731 -15.58149199 -15.58146702 -11.37525137  -1.38690134
  -1.23113465  -1.17770198  -0.82108548  -0.74324928  -0.7302132
  -0.63634804  -0.60544573  -0.59945764  -0.44176053  -0.43459228
  -0.41728627   0.11477019   0.15792886   0.17726816   0.20448542
   0.23174495   0.26226861   0.31971037   0.3460231    0.37041124
   0.39189653   0.46561441   0.49906431   0.52048778   0.5389222
   0.56080296   0.56505322   0.5900375    0.59054387   0.61766418
   0.61918143   0.65983378   0.66107599   0.720775     0.732238
   0.76769958   0.78540445   0.90523828   0.92014654   0.9586524
   0.96072154   1.00867608   1.01319691   1.07230809   1.11413892
   1.12990719   1.18059455   1.18196079   1.23306495   1.29691007
   1.36986268   1.38081246   1.46611014   1.47333965   1.54203349
   1.58720159   1.58944735   1.68113173   1.6863157    1.70013284
   1.71873497   1.7292893    1.77485489   1.8058988    1.86642874
   1.89844526   1.94289046   1.94710495   2.07509325   2.12022596
   2.19546335   2.2944977    2.32488977   2.48380212   2.48825415
   2.50839922   2.54656446   2.62166501   2.68558522   2.70264514
   2.86248468   2.9659477    3.04013527   3.11593861   3.12378577
   3.1782708    3.18919599   3.23319561   3.26698971   3.29902922
   3.3000763    3.36283557   3.38327654   3.44150654   3.44980189
   3.48322834   3.5228101    3.54907876   3.59649753   3.60770644
   3.70583548   3.72143845   3.73847745   3.78261651   3.82506081
   3.83658832   3.85683035   3.87386768   3.87629955   3.98672274
   3.99973781   4.02594105   4.11872395   4.14474981   4.16456096
   4.20188738   4.23436259   4.25199809   4.26895742   4.3157705
   4.38473228   4.41391287   4.45506133   4.47282907   4.61866342
   4.67379065   4.71885503   4.75500846   4.77484056   4.88057298
   4.89006703   4.950853     4.98943008   5.1136745    5.1204126
   5.16854996   5.18069797   5.25028468   5.38784296   5.4408789
   5.52129864   5.57223827   5.62139181   5.65688038   5.6949404
   5.74513408   5.78949312   5.92768598   5.96078957   6.02217408
   6.07072462   6.13585311   6.21932567   6.24838029   6.3301322
   6.33313681   6.39299514   6.51164124   6.60335586   6.68792477
   6.84130307   6.84509383   6.92735957   6.93731107   7.00905376
   7.02513251   7.1491574    7.36862291   7.50376189   7.64352809
   7.73869947  24.46974274  33.89460649  34.12129083  45.43968963]
E_coul = 203.391087281558
cycle= 9 E= -224.088920240999  delta_E= -2.6e-08  |g|= 6.91e-05  |ddm|= 0.000393
    CPU time for cycle= 9      0.66 sec, wall time      0.66 sec
diis-norm(errvec)=0.000205226
diis-c [ -2.23124113e-08   9.46021491e-01  -1.49854553e-05  -2.54314063e-04
  -1.19360645e-03   6.97231761e-03   1.92650346e-02  -1.45657378e-01
   1.74861440e-01]
  HOMO = -0.417262496803344  LUMO = 0.114772370957675
  mo_energy =
[-20.50629705 -15.5814684  -15.58144343 -11.37520466  -1.38687738
  -1.23111678  -1.17768766  -0.82107024  -0.74323544  -0.73020417
  -0.63633675  -0.60543324  -0.5994416   -0.44174793  -0.43457819
  -0.4172625    0.11477237   0.15793064   0.17726988   0.204488     0.2317611
   0.26227487   0.31971355   0.34602959   0.37041728   0.39190004
   0.46561922   0.49906982   0.52049671   0.53892757   0.56080956
   0.56506243   0.5900435    0.59055023   0.61766919   0.61918708
   0.65984131   0.66107986   0.72078393   0.73224842   0.76770622
   0.78541373   0.90524361   0.92015485   0.9586623    0.96073427
   1.00868473   1.01320461   1.07231544   1.11414132   1.12991271
   1.18060265   1.18196509   1.23307266   1.29691853   1.36987096
   1.38081938   1.46611555   1.47334604   1.54205006   1.58721452
   1.58945792   1.68114093   1.68632593   1.70014295   1.71875484
   1.72930184   1.77486506   1.80590861   1.86643938   1.89845629
   1.94290022   1.94711374   2.07510323   2.12023603   2.1954816
   2.29450919   2.32490017   2.48381084   2.48826347   2.50841078
   2.5465792    2.62167528   2.68559906   2.7026541    2.86249294
   2.96595985   3.04014807   3.11595711   3.12379962   3.1782941
   3.18921552   3.23321667   3.26700426   3.2990455    3.30009138
   3.36284907   3.38328613   3.44151695   3.44982079   3.48323715
   3.5228168    3.54908852   3.5965099    3.60771593   3.70585235
   3.72145348   3.73848748   3.78262794   3.8250656    3.83660252
   3.85684068   3.87387952   3.87630852   3.98672889   3.99974416
   4.0259572    4.11873097   4.14475871   4.16457104   4.20189086
   4.23436793   4.25200408   4.26896221   4.31577502   4.38474177
   4.41391849   4.455069     4.47284331   4.61867395   4.67380091
   4.71886546   4.75501683   4.774851     4.88058581   4.8900805
   4.95086126   4.98944292   5.11368583   5.12042488   5.16856754
   5.1807126    5.25029995   5.38786023   5.44089697   5.52131356
   5.57225405   5.62140837   5.65689121   5.69494911   5.74514729
   5.78950509   5.92769642   5.96080265   6.02218565   6.07073543
   6.13586665   6.21933952   6.24839206   6.33014766   6.33314879
   6.39300798   6.51165839   6.60337219   6.68793878   6.84131814
   6.84510833   6.92738199   6.93732882   7.00906483   7.02514429
   7.1491733    7.36863926   7.50378557   7.64354945   7.73871716
  24.46978712  33.89462893  34.12131323  45.4397276 ]
E_coul = 203.390788025845
cycle= 10 E= -224.088920243502  delta_E= -2.5e-09  |g|= 1.9e-05  |ddm|= 0.000101
    CPU time for cycle= 10      0.66 sec, wall time      0.66 sec
diis-norm(errvec)=5.5301e-05
diis-c [ -8.73523476e-10  -9.37397309e-02   1.19819094e+00   1.60990599e-05
   4.11088591e-05  -1.33345397e-03  -1.41810919e-03   3.20498438e-02
  -1.33806702e-01]
  HOMO = -0.417262305231495  LUMO = 0.114771779753606
  mo_energy =
[-20.50630651 -15.58147273 -15.58144776 -11.37521394  -1.38688186
  -1.23111984  -1.17769011  -0.82107311  -0.74323868  -0.73020687
  -0.63633993  -0.60543866  -0.59944471  -0.44175292  -0.43457865
  -0.41726231   0.11477178   0.15792988   0.17726932   0.20448732
   0.23175856   0.26227448   0.31971314   0.34602888   0.37041611
   0.39189949   0.46561828   0.49906958   0.52049504   0.53892646
   0.5608077    0.56506099   0.59004242   0.59054901   0.61766786
   0.61918634   0.65983932   0.66107915   0.72078232   0.73224616
   0.76770579   0.78541173   0.90524245   0.9201535    0.95866047
   0.96073187   1.00868328   1.01320314   1.07231397   1.11414014
   1.12991105   1.18060105   1.18196399   1.23307147   1.29691702
   1.36986931   1.38081773   1.46611398   1.47334451   1.54204741
   1.58721224   1.58945574   1.68113922   1.68632396   1.70014114
   1.71875134   1.72929982   1.77486299   1.80590671   1.86643773
   1.89845419   1.94289837   1.94711164   2.0751011    2.12023422
   2.19547891   2.29450682   2.32489779   2.48380865   2.48826175
   2.50840911   2.54657666   2.62167313   2.68559685   2.70265187
   2.86249094   2.96595721   3.0401455    3.11595366   3.12379716
   3.17829089   3.18921237   3.23321302   3.26700117   3.29904258
   3.30008839   3.36284657   3.38328395   3.44151453   3.4498174
   3.48323462   3.52281458   3.54908616   3.59650723   3.60771342
   3.70584943   3.72145026   3.73848533   3.78262511   3.82506394
   3.8365996    3.8568384    3.8738771    3.87630629   3.98672721
   3.99974192   4.02595416   4.11872883   4.14475642   4.16456888
   4.20188945   4.23436623   4.25200218   4.26896052   4.31577319
   4.38473931   4.41391654   4.45506684   4.47284024   4.61867167
   4.6737983    4.71886317   4.75501462   4.77484858   4.88058311
   4.89007713   4.9508589    4.98944001   5.11368333   5.12042227
   5.16856414   5.18070988   5.25029713   5.38785682   5.44089383
   5.52131016   5.57225083   5.62140501   5.65688759   5.6949466
   5.74514352   5.78950161   5.92769409   5.96079929   6.02218273
   6.07073267   6.13586366   6.21933629   6.24838925   6.33014395
   6.33314601   6.39300499   6.5116548    6.60336814   6.68793586
   6.84131422   6.84510454   6.9273768    6.93732415   7.00906192
   7.02514111   7.14916869   7.3686352    7.50378079   7.64354514
   7.73871424  24.46977847  33.89462474  34.12130904  45.43971872]
E_coul = 203.390826124558
cycle= 11 E= -224.088920243747  delta_E= -2.44e-10  |g|= 4.4e-06  |ddm|= 3.66e-05
    CPU time for cycle= 11      0.66 sec, wall time      0.66 sec
  HOMO = -0.417262149517395  LUMO = 0.114771961169698
  mo_energy =
[-20.50630845 -15.5814722  -15.58144723 -11.37521227  -1.38688195
  -1.23111954  -1.17768969  -0.82107288  -0.74323827  -0.73020671
  -0.63633963  -0.60543927  -0.5994445   -0.44175384  -0.43457814
  -0.41726215   0.11477196   0.15792992   0.17726934   0.20448744
   0.23175882   0.26227458   0.31971312   0.34602911   0.37041639
   0.39189949   0.46561851   0.49906985   0.52049521   0.53892672
   0.56080787   0.56506125   0.59004261   0.59054916   0.61766793
   0.61918629   0.65983943   0.66107912   0.72078252   0.73224642
   0.76770551   0.78541195   0.90524226   0.92015367   0.9586607
   0.96073207   1.00868352   1.01320304   1.0723142    1.11414032
   1.12991098   1.18060127   1.18196422   1.23307163   1.2969172
   1.36986952   1.38081796   1.46611423   1.4733447    1.54204764
   1.58721245   1.58945591   1.68113949   1.68632403   1.70014138
   1.71875191   1.72930021   1.77486312   1.80590698   1.8664381
   1.89845436   1.94289858   1.94711188   2.0751011    2.12023422
   2.19547934   2.29450656   2.32489773   2.48380842   2.48826193
   2.50840932   2.54657645   2.62167319   2.68559714   2.70265198
   2.86249111   2.9659575    3.04014589   3.11595337   3.12379744
   3.17829153   3.18921286   3.23321337   3.26700151   3.29904283
   3.30008862   3.36284686   3.383284     3.44151479   3.44981793
   3.48323471   3.52281481   3.54908625   3.59650686   3.60771364
   3.70584975   3.72145067   3.73848561   3.78262516   3.82506409
   3.83659973   3.85683872   3.87387735   3.87630662   3.98672727
   3.99974221   4.02595457   4.11872916   4.14475673   4.1645692
   4.20188953   4.23436641   4.25200243   4.26896066   4.31577346
   4.38473962   4.41391681   4.45506711   4.47284049   4.6186719
   4.67379855   4.71886343   4.75501485   4.77484879   4.88058344
   4.89007732   4.9508592    4.98944011   5.11368373   5.12042264
   5.16856456   5.18071024   5.25029744   5.38785699   5.44089422
   5.52131012   5.57225124   5.62140536   5.65688732   5.69494691
   5.74514307   5.7895015    5.92769425   5.96079918   6.02218282
   6.07073298   6.13586359   6.21933629   6.24838953   6.33014392
   6.33314624   6.3930053    6.51165492   6.60336806   6.68793602
   6.84131428   6.84510455   6.92737611   6.93732359   7.00906223
   7.02514126   7.14916765   7.36863395   7.50378024   7.64354406
   7.73871364  24.46978001  33.89462525  34.12130956  45.43971685]
    CPU time for scf_cycle     15.52 sec, wall time     15.77 sec
    CPU time for SCF     15.52 sec, wall time     15.77 sec
converged SCF energy = -224.088920243747
RHF E = -224.088920244
RHF eps = [-20.50630845 -15.5814722  -15.58144723 -11.37521227  -1.38688195
  -1.23111954  -1.17768969  -0.82107288  -0.74323827  -0.73020671
  -0.63633963  -0.60543927  -0.5994445   -0.44175384  -0.43457814
  -0.41726215   0.11477196   0.15792992   0.17726934   0.20448744
   0.23175882   0.26227458   0.31971312   0.34602911   0.37041639
   0.39189949   0.46561851   0.49906985   0.52049521   0.53892672
   0.56080787   0.56506125   0.59004261   0.59054916   0.61766793
   0.61918629   0.65983943   0.66107912   0.72078252   0.73224642
   0.76770551   0.78541195   0.90524226   0.92015367   0.9586607
   0.96073207   1.00868352   1.01320304   1.0723142    1.11414032
   1.12991098   1.18060127   1.18196422   1.23307163   1.2969172
   1.36986952   1.38081796   1.46611423   1.4733447    1.54204764
   1.58721245   1.58945591   1.68113949   1.68632403   1.70014138
   1.71875191   1.72930021   1.77486312   1.80590698   1.8664381
   1.89845436   1.94289858   1.94711188   2.0751011    2.12023422
   2.19547934   2.29450656   2.32489773   2.48380842   2.48826193
   2.50840932   2.54657645   2.62167319   2.68559714   2.70265198
   2.86249111   2.9659575    3.04014589   3.11595337   3.12379744
   3.17829153   3.18921286   3.23321337   3.26700151   3.29904283
   3.30008862   3.36284686   3.383284     3.44151479   3.44981793
   3.48323471   3.52281481   3.54908625   3.59650686   3.60771364
   3.70584975   3.72145067   3.73848561   3.78262516   3.82506409
   3.83659973   3.85683872   3.87387735   3.87630662   3.98672727
   3.99974221   4.02595457   4.11872916   4.14475673   4.1645692
   4.20188953   4.23436641   4.25200243   4.26896066   4.31577346
   4.38473962   4.41391681   4.45506711   4.47284049   4.6186719
   4.67379855   4.71886343   4.75501485   4.77484879   4.88058344
   4.89007732   4.9508592    4.98944011   5.11368373   5.12042264
   5.16856456   5.18071024   5.25029744   5.38785699   5.44089422
   5.52131012   5.57225124   5.62140536   5.65688732   5.69494691
   5.74514307   5.7895015    5.92769425   5.96079918   6.02218282
   6.07073298   6.13586359   6.21933629   6.24838953   6.33014392
   6.33314624   6.3930053    6.51165492   6.60336806   6.68793602
   6.84131428   6.84510455   6.92737611   6.93732359   7.00906223
   7.02514126   7.14916765   7.36863395   7.50378024   7.64354406
   7.73871364  24.46978001  33.89462525  34.12130956  45.43971685]
    CPU time for transforming oopq     19.55 sec, wall time     19.58 sec
    CPU time for transforming ovpq     22.37 sec, wall time     22.37 sec
MO integrals cint2e_sph are saved in <HDF5 file "tmpNyLv43" (mode r+)>/eri_mo
num. MO ints = 7.2339482e+08, required disk 5787.1585 MB
step1: tmpfile /tmp/tmpLAUSx_  3505.0867 MB
step1: (ij,kl) = (26896,16290), mem cache 4000 MB, iobuf 800 MB
    CPU time for Initializing ao2mo.outcore.half_e1      0.02 sec, wall time      0.03 sec
step 1 [1/5], AO [0:526], len(buf) = 3701
      fill iobuf micro [1/1], AO [0:526], len(aobuf) = 3701
    CPU time for gen AO/transform MO [1/5]      8.51 sec, wall time      8.52 sec
step 1 [2/5], AO [526:975], len(buf) = 3713
      fill iobuf micro [1/1], AO [526:975], len(aobuf) = 3713
    CPU time for gen AO/transform MO [2/5]      9.18 sec, wall time      9.18 sec
step 1 [3/5], AO [975:1560], len(buf) = 3714
      fill iobuf micro [1/1], AO [975:1560], len(aobuf) = 3714
    CPU time for gen AO/transform MO [3/5]      8.55 sec, wall time      8.55 sec
step 1 [4/5], AO [1560:2205], len(buf) = 3711
      fill iobuf micro [1/1], AO [1560:2205], len(aobuf) = 3711
    CPU time for gen AO/transform MO [4/5]      8.52 sec, wall time      8.53 sec
step 1 [5/5], AO [2205:2346], len(buf) = 1451
      fill iobuf micro [1/1], AO [2205:2346], len(aobuf) = 1451
    CPU time for gen AO/transform MO [5/5]      3.79 sec, wall time      3.80 sec
    CPU time for AO->MO transformation for cint2e_sph 1 pass     39.12 sec, wall time     39.13 sec
step2: kl-pair (ao 16290, mo 26896), mem 229.3632 MB, ioblock 378.69568 MB
step 2 [1/16], [0,0:1760], row = 1760
step 2 [1/16] CPU time:      2.31, Wall time:      2.31
step 2 [2/16], [0,1760:3520], row = 1760
step 2 [2/16] CPU time:      2.33, Wall time:      2.34
step 2 [3/16], [0,3520:5280], row = 1760
step 2 [3/16] CPU time:      2.37, Wall time:      2.36
step 2 [4/16], [0,5280:7040], row = 1760
step 2 [4/16] CPU time:      2.36, Wall time:      2.37
step 2 [5/16], [0,7040:8800], row = 1760
step 2 [5/16] CPU time:      2.34, Wall time:      2.34
step 2 [6/16], [0,8800:10560], row = 1760
step 2 [6/16] CPU time:      2.35, Wall time:      2.36
step 2 [7/16], [0,10560:12320], row = 1760
step 2 [7/16] CPU time:      2.49, Wall time:      2.52
step 2 [8/16], [0,12320:14080], row = 1760
step 2 [8/16] CPU time:      2.37, Wall time:      2.42
step 2 [9/16], [0,14080:15840], row = 1760
step 2 [9/16] CPU time:      2.35, Wall time:      2.37
step 2 [10/16], [0,15840:17600], row = 1760
step 2 [10/16] CPU time:      2.36, Wall time:      2.36
step 2 [11/16], [0,17600:19360], row = 1760
step 2 [11/16] CPU time:      2.36, Wall time:      2.36
step 2 [12/16], [0,19360:21120], row = 1760
step 2 [12/16] CPU time:      2.37, Wall time:      2.37
step 2 [13/16], [0,21120:22880], row = 1760
step 2 [13/16] CPU time:      2.35, Wall time:      2.47
step 2 [14/16], [0,22880:24640], row = 1760
step 2 [14/16] CPU time:      2.38, Wall time:      2.38
step 2 [15/16], [0,24640:26400], row = 1760
step 2 [15/16] CPU time:      2.29, Wall time:      2.35
step 2 [16/16], [0,26400:26896], row = 496
step 2 [16/16] CPU time:      0.89, Wall time:      0.88
    CPU time for AO->MO transformation for cint2e_sph 2 pass     36.38 sec, wall time     45.99 sec
    CPU time for AO->MO transformation for cint2e_sph      75.50 sec, wall time     85.12 sec
    CPU time for transforming vvvv     91.35 sec, wall time    114.61 sec
    CPU time for CCSD integral transformation    133.96 sec, wall time    157.25 sec

******** <class 'pyscf.cc.rccsd_slow.RCCSD'> flags ********
CCSD nocc = 12, nvir = 164
frozen orbitals [0, 1, 2, 3]
max_cycle = 50
direct = 0
conv_tol = 1e-07
conv_tol_normt = 1e-05
diis_space = 6
diis_start_cycle = 0
diis_start_energy_diff = 1e+09
Init t2, MP2 energy = -0.807478932459094
    CPU time for init mp2      0.08 sec, wall time      0.09 sec
    CPU time for update t1 t2     45.07 sec, wall time     45.14 sec
istep = 0  E(CCSD) = -0.807025952878035  dE = -0.807025953  norm(t1,t2) = 0.0574128
    CPU time for CCSD iter     45.17 sec, wall time     45.23 sec
    CPU time for update t1 t2     40.99 sec, wall time     41.05 sec
DIIS for step 1
istep = 1  E(CCSD) = -0.815952478011124  dE = -0.00892652513  norm(t1,t2) = 0.0274222
    CPU time for CCSD iter     41.12 sec, wall time     41.17 sec
    CPU time for update t1 t2     44.95 sec, wall time     45.02 sec
diis-c [ -1.72887354e-04   1.00000000e+00]
DIIS for step 2
istep = 2  E(CCSD) = -0.816842522648872  dE = -0.000890044638  norm(t1,t2) = 0.0154728
    CPU time for CCSD iter     45.12 sec, wall time     45.19 sec
    CPU time for update t1 t2     45.10 sec, wall time     45.17 sec
diis-c [ -2.86665343e-05  -1.26158303e-01   1.12615830e+00]
DIIS for step 3
istep = 3  E(CCSD) = -0.818384948873182  dE = -0.00154242622  norm(t1,t2) = 0.00776896
    CPU time for CCSD iter     45.28 sec, wall time     45.35 sec
    CPU time for update t1 t2     45.31 sec, wall time     45.37 sec
diis-c [ -1.15239742e-06  -3.76899568e-01   1.00886629e-01   1.27601294e+00]
DIIS for step 4
istep = 4  E(CCSD) = -0.819098971742906  dE = -0.00071402287  norm(t1,t2) = 0.00443408
    CPU time for CCSD iter     45.50 sec, wall time     45.56 sec
    CPU time for update t1 t2     45.40 sec, wall time     45.46 sec
diis-c [ -1.89102613e-07   1.23135275e-02  -1.68939675e-02  -7.01597651e-02
   1.07474021e+00]
DIIS for step 5
istep = 5  E(CCSD) = -0.819049247416329  dE = 4.97243266e-05  norm(t1,t2) = 0.000654528
    CPU time for CCSD iter     45.60 sec, wall time     45.67 sec
    CPU time for update t1 t2     45.45 sec, wall time     45.50 sec
diis-c [ -1.85695427e-08   1.08532893e-01  -1.50040359e-02  -3.84720322e-01
   3.41973377e-02   1.25699413e+00]
DIIS for step 6
istep = 6  E(CCSD) = -0.819020521175997  dE = 2.87262403e-05  norm(t1,t2) = 0.000349935
    CPU time for CCSD iter     45.67 sec, wall time     45.73 sec
    CPU time for update t1 t2     45.97 sec, wall time     46.04 sec
diis-c [ -3.13887516e-09  -4.24839972e-02   9.39909717e-03   1.43277157e-01
  -8.28192319e-03  -6.22009771e-01   1.52009944e+00]
DIIS for step 7
istep = 7  E(CCSD) = -0.819031449076146  dE = -1.09279001e-05  norm(t1,t2) = 0.000103014
    CPU time for CCSD iter     46.22 sec, wall time     46.28 sec
    CPU time for update t1 t2     46.98 sec, wall time     47.07 sec
diis-c [ -8.01955224e-10   1.22542778e+00  -8.30494736e-04   1.11998419e-03
   4.44926295e-03  -4.71239642e-02  -1.83042567e-01]
DIIS for step 8
istep = 8  E(CCSD) = -0.819030229561865  dE = 1.21951428e-06  norm(t1,t2) = 4.39747e-05
    CPU time for CCSD iter     47.21 sec, wall time     47.29 sec
    CPU time for update t1 t2     46.58 sec, wall time     46.66 sec
diis-c [ -1.56265334e-10   1.96419046e-01   1.00197480e+00   7.21996333e-04
   3.05689246e-03   2.25556547e-02  -2.24728393e-01]
DIIS for step 9
istep = 9  E(CCSD) = -0.819031030547455  dE = -8.0098559e-07  norm(t1,t2) = 2.16104e-05
    CPU time for CCSD iter     46.80 sec, wall time     46.88 sec
    CPU time for update t1 t2     46.43 sec, wall time     46.50 sec
diis-c [ -2.92584568e-11  -2.46046020e-01  -3.28706056e-01   1.49892665e+00
  -7.98704371e-03   1.02920483e-02   7.35204230e-02]
DIIS for step 10
istep = 10  E(CCSD) = -0.819030691297104  dE = 3.39250351e-07  norm(t1,t2) = 9.94036e-06
    CPU time for CCSD iter     46.65 sec, wall time     46.72 sec
    CPU time for update t1 t2     46.35 sec, wall time     46.42 sec
diis-c [ -4.83718621e-12   7.19403411e-03  -1.41268645e-01  -2.86338809e-01
   1.38963211e+00   2.38983961e-04   3.05423237e-02]
DIIS for step 11
istep = 11  E(CCSD) = -0.819030638178396  dE = 5.3118708e-08  norm(t1,t2) = 4.34749e-06
    CPU time for CCSD iter     46.57 sec, wall time     46.64 sec
    CPU time for CCSD    546.91 sec, wall time    547.70 sec
CCSD converged
E(CC2) = -224.907950881925  E_corr = -0.8190306381783961
    CPU time for EOM-CCSD shared one-electron intermediates      2.18 sec, wall time      2.19 sec
    CPU time for EOM-CCSD shared two-electron intermediates      4.71 sec, wall time      4.71 sec
    CPU time for EOM-CCSD IP intermediates      6.04 sec, wall time      6.04 sec
tol 1e-07  toloose 0.000316228
max_cycle 50  max_space 38  max_memory 2000  incore True
davidson 0 6  |r|= 0.397  e= [ 0.5062091   0.50266062  0.53205139  0.67173134  0.69208468  0.70407981]  max|de|= 0.704  lindep=    1
davidson 1 12  |r|= 0.0998  e= [ 0.3785909   0.39429197  0.3947127   0.55630364  0.55084164  0.59784016]  max|de|= -0.141  lindep= 0.948
davidson 2 18  |r|= 0.037  e= [ 0.3760842   0.39095848  0.39232505  0.55150176  0.54453292  0.59594323]  max|de|= -0.00631  lindep= 0.951
davidson 3 24  |r|= 0.0189  e= [ 0.37680267  0.3917617   0.39312357  0.55251138  0.54513486  0.59618655]  max|de|= 0.00101  lindep= 0.717
davidson 4 30  |r|= 0.00765  e= [ 0.37690749  0.39194541  0.39320984  0.55271662  0.54474785  0.59613182]  max|de|= -0.000387  lindep= 0.951
davidson 5 36  |r|= 0.00239  e= [ 0.37691047  0.39194654  0.39319338  0.55269206  0.5444504   0.59591226]  max|de|= -0.000297  lindep= 0.857
root 0 converged  |r|= 0.000292  e= 0.376910469585  max|de|= 1.67e-16
root 1 converged  |r|= 0.000196  e= 0.391946537503  max|de|= 1.72e-15
davidson 6 6  |r|= 0.00239  e= [ 0.37691047  0.39194654  0.39319338  0.55269206  0.5444504   0.59591226]  max|de|= 3.22e-15  lindep=    1
davidson 7 10  |r|= 0.00082  e= [ 0.37690824  0.39194647  0.39319103  0.55268939  0.54443002  0.5959176 ]  max|de|= -2.04e-05  lindep= 0.763
davidson 8 14  |r|= 0.000423  e= [ 0.3769084   0.39194641  0.39319256  0.55269042  0.54443151  0.59591344]  max|de|= -4.16e-06  lindep= 0.178
davidson 9 18  |r|= 0.000215  e= [ 0.37690865  0.39194611  0.39319191  0.55268757  0.5444146   0.5959012 ]  max|de|= -1.69e-05  lindep= 0.138
davidson 10 22  |r|= 0.000132  e= [ 0.37690886  0.39194564  0.39319209  0.55269048  0.54442256  0.59590571]  max|de|= 7.96e-06  lindep= 0.0877
root 2 converged  |r|= 3.53e-07  e= 0.393192121844  max|de|= 3.31e-08
davidson 11 26  |r|= 9.3e-05  e= [ 0.37690884  0.39194487  0.39319212  0.55269075  0.54442429  0.59590754]  max|de|= 1.83e-06  lindep= 0.0351
root 3 converged  |r|= 1.42e-05  e= 0.552690764176  max|de|= 1.33e-08
davidson 12 29  |r|= 4.26e-05  e= [ 0.37690822  0.39194638  0.39319213  0.55269076  0.54441842  0.59590672]  max|de|= -5.87e-06  lindep= 0.548
davidson 13 31  |r|= 1.56e-05  e= [ 0.37690792  0.39194654  0.39319212  0.55269075  0.54442209  0.59590759]  max|de|= 3.68e-06  lindep= 0.582
davidson 14 33  |r|= 6.2e-06  e= [ 0.37690805  0.39194651  0.39319212  0.55269079  0.54442184  0.5959072 ]  max|de|= -3.92e-07  lindep= 0.52
root 0 converged  |r|= 0.000187  e= 0.376908052442  max|de|= -2.94e-15
root 1 converged  |r|= 0.000195  e= 0.39194650682  max|de|= 6.11e-16
root 2 converged  |r|= 2.95e-07  e= 0.393192123849  max|de|= -1.28e-15
root 3 converged  |r|= 1.32e-05  e= 0.552690786812  max|de|= -2.55e-15
root 4 converged  |r|= 6.2e-06  e= 0.54442184203  max|de|= -7.77e-16
root 5 converged  |r|= 2.08e-06  e= 0.595907202604  max|de|= -3.33e-16
converge 15 6  |r|= 0.000195  e= [ 0.37690805  0.39194651  0.39319212  0.55269079  0.54442184  0.5959072 ]  max|de|= -2.94e-15
IP root 0 E = 0.3769080524417563  qpwt = 0.947506
IP root 1 E = 0.3919465068197704  qpwt = 0.949281
IP root 2 E = 0.3931921238485543  qpwt = 0.945548
IP root 3 E = 0.5526907868119085  qpwt = 0.926476
IP root 4 E = 0.544421842030429  qpwt = 0.945812
IP root 5 E = 0.5959072026040181  qpwt = 0.959381
    CPU time for IP-CCSD     30.63 sec, wall time     30.66 sec
    CPU time for EOM-CCSD shared one-electron intermediates      2.20 sec, wall time      2.20 sec
    CPU time for EOM-CCSD EA intermediates    277.52 sec, wall time    280.08 sec
tol 1e-07  toloose 0.000316228
max_cycle 50  max_space 38  max_memory 2000  incore True
davidson 0 6  |r|= 0.458  e= [ 0.12336648  0.16851445  0.18600968  0.21402146  0.28441366  0.26925579]  max|de|= 0.284  lindep=    1
davidson 1 12  |r|= 0.0809  e= [ 0.08852636  0.13374795  0.15455766  0.17467212  0.1874504   0.23192117]  max|de|= -0.097  lindep= 0.968
davidson 2 18  |r|= 0.0351  e= [ 0.08526226  0.12976579  0.15074168  0.18173708  0.16594241  0.22895079]  max|de|= -0.0215  lindep= 0.976
davidson 3 24  |r|= 0.00885  e= [ 0.08520687  0.12977402  0.1505485   0.18153512  0.16586238  0.22877877]  max|de|= -0.000202  lindep= 0.857
davidson 4 30  |r|= 0.00501  e= [ 0.08521552  0.12977222  0.15056999  0.18153204  0.16580713  0.22870691]  max|de|= -7.19e-05  lindep= 0.969
davidson 5 36  |r|= 0.00174  e= [ 0.08522159  0.1297747   0.15056633  0.18151728  0.1657637   0.22867557]  max|de|= -4.34e-05  lindep= 0.718
root 0 converged  |r|= 0.000237  e= 0.0852215940971  max|de|= 1.39e-15
root 1 converged  |r|= 0.000315  e= 0.129774700685  max|de|= 7.77e-16
davidson 6 6  |r|= 0.00174  e= [ 0.08522159  0.1297747   0.15056633  0.18151728  0.1657637   0.22867557]  max|de|= 2.22e-15  lindep= 0.999
davidson 7 10  |r|= 0.000753  e= [ 0.08522163  0.12977595  0.15056101  0.18151707  0.16577408  0.22867604]  max|de|= 1.04e-05  lindep= 0.787
davidson 8 14  |r|= 0.000337  e= [ 0.08522134  0.12977646  0.15055844  0.18151248  0.16577049  0.2286683 ]  max|de|= -7.75e-06  lindep= 0.179
davidson 9 18  |r|= 0.000154  e= [ 0.08522148  0.12977497  0.1505591   0.18151267  0.16576821  0.22866847]  max|de|= -2.28e-06  lindep= 0.111
root 4 converged  |r|= 2.03e-05  e= 0.165768195604  max|de|= -1.56e-08
davidson 10 22  |r|= 8.09e-05  e= [ 0.08522121  0.12977558  0.15055951  0.18151336  0.1657682   0.22867146]  max|de|= 2.98e-06  lindep= 0.431
davidson 11 25  |r|= 3.48e-05  e= [ 0.08522076  0.12977547  0.15055937  0.18151324  0.165768    0.2286697 ]  max|de|= -1.76e-06  lindep= 0.41
root 2 converged  |r|= 7.27e-07  e= 0.150559408948  max|de|= 4.13e-08
root 3 converged  |r|= 1.11e-06  e= 0.181513205669  max|de|= -3.15e-08
davidson 12 28  |r|= 1.05e-05  e= [ 0.08522093  0.12977537  0.15055941  0.18151321  0.16576808  0.22866993]  max|de|= 2.22e-07  lindep= 0.496
davidson 13 29  |r|= 2.69e-06  e= [ 0.08522107  0.12977537  0.1505594   0.18151321  0.16576808  0.22867019]  max|de|= 2.6e-07  lindep= 0.76
davidson 14 30  |r|= 8.74e-07  e= [ 0.08522101  0.12977537  0.1505594   0.18151321  0.16576808  0.22867008]  max|de|= -1.08e-07  lindep= 0.528
root 5 converged  |r|= 3.34e-07  e= 0.228670113392  max|de|= 3.56e-08
converge 15 31  |r|= 3.34e-07  e= [ 0.0852208   0.12977537  0.1505594   0.18151321  0.16576808  0.22867011]  max|de|= -2.09e-07
EA root 0 E = 0.08522080042355622  qpwt = 0.984995
EA root 1 E = 0.1297753685967266  qpwt = 0.981127
EA root 2 E = 0.1505594024720834  qpwt = 0.984829
EA root 3 E = 0.1815132056689966  qpwt = 0.980164
EA root 4 E = 0.1657680753928969  qpwt = 0.965817
EA root 5 E = 0.2286701133917236  qpwt = 0.984044
    CPU time for EA-CCSD    867.72 sec, wall time    870.86 sec
