

******** <class 'pyscf.scf.hf.RHF'> flags ********
method = RHF
initial guess = minao
damping factor = 0
level shift factor = 0
Do DIIS = True
DIIS start cycle = 1
DIIS space = 8
SCF tol = 1e-09
SCF gradient tol = None
max. SCF cycles = 50
direct_scf = True
direct_scf_tol = 1e-13
chkfile to save SCF result = /tmp/tmpJf8gz3
max_memory 4000 MB (current use 39 MB)
Set gradient conv threshold to 3.16228e-05
Nelec from initial guess = 9.99757
cond(S) = 2464.65534786
E_coul = 36.6361859208422
init E= -75.8838230163361
    CPU time for initialize scf      0.13 sec, wall time      0.34 sec
  HOMO = -0.479268923173834  LUMO = 0.0698438126389333
  mo_energy =
[-20.77503671  -1.61990707  -0.75396113  -0.5904695   -0.47926892
   0.06984381   0.16664922   0.47039317   0.49190911   0.53111413
   0.53856735   0.63943052   0.67439005   0.79323347   0.84457252
   0.92777836   1.19016032   1.34581563   1.41142017   1.89957341
   1.92527534   1.96624331   2.0020626    2.05828469   2.35442268
   2.63146813   2.82011511   2.93944542   3.32490505   3.42857506
   3.55907086   3.56597121   3.59813235   3.6785717    3.83801002
   3.89309105   3.94439493   3.94910674   4.27926976   4.37398727
   4.38712479   4.46252079   4.90817412   4.92567283   5.0839729
   5.27924257   5.90551232   6.47742113   6.73610072   6.7631978
   6.83324287   6.88612456   6.91271663   7.09407507   7.21541425
   7.73310804   7.77300923   7.99154677  44.90255701]
E_coul = 38.8190838103217
cycle= 1 E= -76.0264027669849  delta_E= -0.143  |g|= 0.438  |ddm|= 0.981
    CPU time for cycle= 1      0.02 sec, wall time      0.01 sec
diis-norm(errvec)=1.2638
diis-c [-1.59717981  1.        ]
  HOMO = -0.432885084597562  LUMO = 0.123370693223596
  mo_energy =
[-20.33140337  -1.28541827  -0.66836057  -0.50695074  -0.43288508
   0.12337069   0.19436403   0.53461405   0.57460265   0.60573496
   0.62487571   0.73746526   0.74253026   0.82992472   0.85387113
   0.95291818   1.18292968   1.37176119   1.43998584   1.96020452
   2.06653846   2.09017492   2.1068665    2.20619299   2.43027295
   2.77012748   3.05866292   3.21099961   3.35192107   3.45719606
   3.55734157   3.60376401   3.66224636   3.70446063   3.85160834
   3.86916835   3.93153427   3.93913873   4.31213923   4.43690567
   4.44493865   4.46614059   4.98593744   5.02914429   5.17536833
   5.35422421   6.11432661   6.63272866   6.97897575   7.04886678
   7.06910193   7.09926132   7.20995653   7.30671172   7.49723282
   7.91405905   8.01494046   8.16639685  45.32090368]
E_coul = 37.1249613947093
cycle= 2 E= -76.0524665850702  delta_E= -0.0261  |g|= 0.253  |ddm|= 0.335
    CPU time for cycle= 2      0.01 sec, wall time      0.01 sec
diis-norm(errvec)=0.652761
diis-c [-0.07296757  0.32493143  0.67506857]
  HOMO = -0.517806385658291  LUMO = 0.121606679482153
  mo_energy =
[-20.59309738  -1.36290546  -0.72746047  -0.59113217  -0.51780639
   0.12160668   0.19278227   0.52013853   0.55202063   0.59229798
   0.59293897   0.70932161   0.72061029   0.81828963   0.85204168
   0.94643965   1.18670017   1.36173117   1.42624722   1.93834949
   2.01563124   2.05451252   2.06220825   2.1492155    2.40206257
   2.71329532   2.94716559   3.08975447   3.34576881   3.45114865
   3.56568363   3.59499856   3.63507509   3.68803284   3.86125518
   3.86855223   3.94447352   3.94695151   4.29967677   4.41646632
   4.41791377   4.46274778   4.94876641   4.99279867   5.14343886
   5.32500485   6.03226765   6.57164013   6.88243553   6.91992246
   6.9785002    6.99324968   7.07575818   7.22007874   7.3679658
   7.84920896   7.89353355   8.09517636  45.07334919]
E_coul = 37.9126854361716
cycle= 3 E= -76.0622604726023  delta_E= -0.00979  |g|= 0.0339  |ddm|= 0.11
    CPU time for cycle= 3      0.02 sec, wall time      0.01 sec
diis-norm(errvec)=0.0972676
diis-c [-0.00447835 -0.00486826  0.09146227  0.91340599]
  HOMO = -0.506968731069042  LUMO = 0.125326307420458
  mo_energy =
[-20.55800009  -1.34866859  -0.71465735  -0.58128261  -0.50696873
   0.12532631   0.19628372   0.52463382   0.55384645   0.5957715
   0.60173082   0.71577345   0.72450895   0.82431003   0.8585856
   0.95235809   1.19188169   1.36892914   1.43326065   1.94502165
   2.02365467   2.06255315   2.07041414   2.15739264   2.4142748
   2.72473721   2.96178015   3.09900491   3.35581215   3.46198331
   3.57831303   3.60654331   3.64939775   3.7004653    3.8747671
   3.87922291   3.95615495   3.95753148   4.30970449   4.42794133
   4.42823982   4.47344261   4.96236436   5.00528038   5.15664478
   5.34091012   6.04607518   6.58830299   6.89876508   6.93911632
   6.99182811   7.00591572   7.09252815   7.23217406   7.38571598
   7.86432334   7.91308471   8.11015538  45.10654278]
E_coul = 37.8275921973795
cycle= 4 E= -76.0624872224845  delta_E= -0.000227  |g|= 0.00575  |ddm|= 0.0194
    CPU time for cycle= 4      0.01 sec, wall time      0.01 sec
diis-norm(errvec)=0.0184907
diis-c [ -1.16989987e-04  -1.55823937e-02  -4.43695930e-02  -1.34878099e-01
   1.19483009e+00]
  HOMO = -0.507716300476348  LUMO = 0.125439871796194
  mo_energy =
[-20.55906968  -1.34899143  -0.7143666   -0.5813288   -0.5077163
   0.12543987   0.19664223   0.52498888   0.55391565   0.59548453
   0.60202654   0.71629864   0.72461032   0.82452813   0.85892477
   0.95259064   1.19230623   1.36912184   1.43377559   1.94526215
   2.02380176   2.06281718   2.07057452   2.15762235   2.41482115
   2.72539393   2.96120428   3.0994811    3.35657191   3.4624926
   3.57883598   3.60709789   3.6497788    3.7016232    3.87555771
   3.88048231   3.95730921   3.95877621   4.31044265   4.42842201
   4.42902671   4.47435287   4.96299245   5.00562272   5.15718995
   5.34135085   6.04592292   6.58813061   6.89874464   6.93868443
   6.99195975   7.00638065   7.09247869   7.23252886   7.38562338
   7.86484551   7.91293745   8.11078825  45.10560593]
E_coul = 37.8312893516204
cycle= 5 E= -76.0625019299297  delta_E= -1.47e-05  |g|= 0.00102  |ddm|= 0.00795
    CPU time for cycle= 5      0.03 sec, wall time      0.01 sec
diis-norm(errvec)=0.00320837
diis-c [ -2.52395067e-06   3.48378007e-03   7.85206767e-03   1.20923056e-02
  -3.09628764e-01   1.28620061e+00]
  HOMO = -0.50792632678301  LUMO = 0.125403089067764
  mo_energy =
[-20.55925931  -1.34904647  -0.71425107  -0.58142546  -0.50792633
   0.12540309   0.19666376   0.52492393   0.55386983   0.59537261
   0.60193171   0.71630888   0.72461073   0.82448544   0.85889668
   0.95256049   1.19225887   1.36909189   1.43376706   1.94520658
   2.02377409   2.06275263   2.07051688   2.15758447   2.41474073
   2.72533086   2.96108128   3.09939523   3.35650865   3.46245031
   3.57877716   3.60704155   3.64974086   3.70158215   3.87546339
   3.88046616   3.95729802   3.95874345   4.31041455   4.42840005
   4.42896871   4.47432558   4.96293737   5.00558008   5.15711821
   5.34128429   6.04586919   6.5881086    6.89867833   6.93855048
   6.99189613   7.00621308   7.09236644   7.23244463   7.38547518
   7.86474896   7.91278727   8.11064684  45.1054113 ]
E_coul = 37.8314633071289
cycle= 6 E= -76.0625025604835  delta_E= -6.31e-07  |g|= 0.00019  |ddm|= 0.0015
    CPU time for cycle= 6      0.01 sec, wall time      0.01 sec
diis-norm(errvec)=0.000559247
diis-c [ -4.64416623e-08  -8.66304995e-04  -1.61625304e-03  -3.23437311e-03
   8.65798723e-02  -4.72345664e-01   1.39148272e+00]
  HOMO = -0.507980004594163  LUMO = 0.125402143208356
  mo_energy =
[-20.55922802  -1.3490467   -0.71421244  -0.58144621  -0.50798      0.12540214
   0.19667923   0.52492396   0.55386009   0.5953475    0.60193005
   0.71633277   0.72461177   0.82448926   0.85890075   0.95256487
   1.19226455   1.36909851   1.43378341   1.94520885   2.02376626
   2.06274629   2.07051791   2.15757744   2.41474852   2.72534212
   2.96107049   3.09939035   3.35651514   3.46245938   3.57878733
   3.60705204   3.64975499   3.70160149   3.87547177   3.88048391
   3.9573125    3.95875666   4.31042165   4.42840729   4.42897652
   4.47434014   4.96295045   5.00558526   5.15712267   5.34129395
   6.04586896   6.58811848   6.89868238   6.93855158   6.99189547
   7.00620667   7.09236713   7.23244262   7.38547482   7.86475111
   7.91279014   8.11064462  45.10544114]
E_coul = 37.8313525029862
cycle= 7 E= -76.0625025828723  delta_E= -2.24e-08  |g|= 2.8e-05  |ddm|= 0.000284
    CPU time for cycle= 7      0.01 sec, wall time      0.01 sec
diis-norm(errvec)=7.5899e-05
diis-c [ -4.85784829e-10   1.76872015e-04   3.50659034e-04   4.37357317e-04
  -1.72917823e-02   1.05612167e-01  -4.07656964e-01   1.31837169e+00]
  HOMO = -0.50797935828872  LUMO = 0.125403126122949
  mo_energy =
[-20.55921381  -1.34904024  -0.71419968  -0.58144098  -0.50797936
   0.12540313   0.19668172   0.52492475   0.55386037   0.59534499
   0.60193182   0.71633728   0.7246132    0.82449097   0.85890277
   0.95256685   1.19226719   1.36910094   1.43378655   1.94521135
   2.02376892   2.06274931   2.07052067   2.15758051   2.41475235
   2.72534735   2.96107387   3.09939522   3.35651858   3.46246304
   3.57879088   3.60705627   3.64975973   3.70160635   3.8754755
   3.88048797   3.95731597   3.95876027   4.31042498   4.42841084
   4.42898069   4.47434442   4.96295515   5.00558955   5.1571266
   5.34129818   6.04587434   6.5881242    6.89868887   6.93855873
   6.99190161   7.00621107   7.09237435   7.23244761   7.38548153
   7.86475605   7.91279672   8.11064916  45.10545422]
E_coul = 37.8313315784802
cycle= 8 E= -76.0625025832063  delta_E= -3.34e-10  |g|= 2.09e-06  |ddm|= 4.41e-05
    CPU time for cycle= 8      0.02 sec, wall time      0.01 sec
  HOMO = -0.50797888125433  LUMO = 0.125403285462475
  mo_energy =
[-20.55921253  -1.3490396   -0.71419951  -0.58144053  -0.50797888
   0.12540329   0.19668186   0.52492523   0.5538608    0.59534542
   0.60193213   0.71633779   0.72461355   0.82449134   0.85890298
   0.95256715   1.19226735   1.36910119   1.43378685   1.94521181
   2.02376958   2.06274995   2.07052117   2.15758119   2.41475289
   2.72534802   2.96107474   3.09939616   3.35651897   3.46246344
   3.57879122   3.60705668   3.64976017   3.70160666   3.87547595
   3.88048809   3.95731617   3.95876053   4.31042534   4.42841132
   4.42898116   4.47434469   4.96295565   5.00559018   5.15712722
   5.34129873   6.04587532   6.58812504   6.89868987   6.93855985
   6.99190262   7.00621193   7.09237548   7.23244852   7.3854826
   7.86475688   7.91279775   8.11065     45.10545551]
    CPU time for scf_cycle      0.26 sec, wall time      0.46 sec
    CPU time for SCF      0.26 sec, wall time      0.46 sec
converged SCF energy = -76.0625025832063
RHF E = -76.0625025832
RHF eps = [-20.55921253  -1.3490396   -0.71419951  -0.58144053  -0.50797888
   0.12540329   0.19668186   0.52492523   0.5538608    0.59534542
   0.60193213   0.71633779   0.72461355   0.82449134   0.85890298
   0.95256715   1.19226735   1.36910119   1.43378685   1.94521181
   2.02376958   2.06274995   2.07052117   2.15758119   2.41475289
   2.72534802   2.96107474   3.09939616   3.35651897   3.46246344
   3.57879122   3.60705668   3.64976017   3.70160666   3.87547595
   3.88048809   3.95731617   3.95876053   4.31042534   4.42841132
   4.42898116   4.47434469   4.96295565   5.00559018   5.15712722
   5.34129873   6.04587532   6.58812504   6.89868987   6.93855985
   6.99190262   7.00621193   7.09237548   7.23244852   7.3854826
   7.86475688   7.91279775   8.11065     45.10545551]
    CPU time for CCSD integral transformation      0.99 sec, wall time      1.00 sec

******** <class 'pyscf.cc.rccsd_slow.RCCSD'> flags ********
CCSD nocc = 4, nvir = 54
frozen orbitals [0]
max_cycle = 50
direct = 0
conv_tol = 1e-07
conv_tol_normt = 1e-05
diis_space = 6
diis_start_cycle = 0
diis_start_energy_diff = 1e+09
Init t2, MP2 energy = -0.261017280050896
    CPU time for init mp2      0.00 sec, wall time      0.00 sec
    CPU time for update t1 t2      0.15 sec, wall time      0.15 sec
istep = 0  E(CCSD) = -0.260984564899494  dE = -0.260984565  norm(t1,t2) = 0.0186033
    CPU time for CCSD iter      0.15 sec, wall time      0.15 sec
    CPU time for update t1 t2      0.14 sec, wall time      0.14 sec
DIIS for step 1
istep = 1  E(CCSD) = -0.262535352720958  dE = -0.00155078782  norm(t1,t2) = 0.00750823
    CPU time for CCSD iter      0.14 sec, wall time      0.14 sec
    CPU time for update t1 t2      0.14 sec, wall time      0.14 sec
diis-c [ -4.73362131e-06   1.00000000e+00]
DIIS for step 2
istep = 2  E(CCSD) = -0.262742875040807  dE = -0.00020752232  norm(t1,t2) = 0.00277135
    CPU time for CCSD iter      0.14 sec, wall time      0.14 sec
    CPU time for update t1 t2      0.14 sec, wall time      0.14 sec
diis-c [ -2.41195982e-07  -4.63094872e-01   1.46309487e+00]
DIIS for step 3
istep = 3  E(CCSD) = -0.26289718635671  dE = -0.000154311316  norm(t1,t2) = 0.00116115
    CPU time for CCSD iter      0.14 sec, wall time      0.14 sec
    CPU time for update t1 t2      0.14 sec, wall time      0.14 sec
diis-c [ -3.12597598e-08  -1.54963596e-01   2.24250136e-01   9.30713461e-01]
DIIS for step 4
istep = 4  E(CCSD) = -0.262904967846687  dE = -7.78148998e-06  norm(t1,t2) = 0.000305728
    CPU time for CCSD iter      0.15 sec, wall time      0.14 sec
    CPU time for update t1 t2      0.14 sec, wall time      0.14 sec
diis-c [ -1.36280237e-09   1.24783640e-01  -2.21555161e-01  -6.72512110e-01
   1.76928363e+00]
DIIS for step 5
istep = 5  E(CCSD) = -0.262896847892154  dE = 8.11995453e-06  norm(t1,t2) = 0.000114596
    CPU time for CCSD iter      0.14 sec, wall time      0.14 sec
    CPU time for update t1 t2      0.14 sec, wall time      0.14 sec
diis-c [ -1.89408322e-10   2.05451588e-03   1.82504165e-03  -4.84452091e-02
  -3.81614207e-02   1.08272707e+00]
DIIS for step 6
istep = 6  E(CCSD) = -0.262898299058165  dE = -1.45116601e-06  norm(t1,t2) = 2.19508e-05
    CPU time for CCSD iter      0.14 sec, wall time      0.14 sec
    CPU time for update t1 t2      0.14 sec, wall time      0.14 sec
diis-c [ -5.10144704e-12  -1.32025342e-02   2.37106951e-02   7.08979102e-02
  -1.49408090e-01  -3.25891940e-01   1.39389396e+00]
DIIS for step 7
istep = 7  E(CCSD) = -0.26289851719642  dE = -2.18138255e-07  norm(t1,t2) = 6.83087e-06
    CPU time for CCSD iter      0.14 sec, wall time      0.14 sec
    CPU time for update t1 t2      0.14 sec, wall time      0.14 sec
diis-c [ -4.30183666e-13   1.06661294e+00   9.03625464e-05  -5.20818223e-04
   1.13333904e-03  -1.06462720e-02  -5.66695497e-02]
DIIS for step 8
istep = 8  E(CCSD) = -0.262898434587076  dE = 8.26093436e-08  norm(t1,t2) = 1.07692e-06
    CPU time for CCSD iter      0.15 sec, wall time      0.14 sec
    CPU time for CCSD      1.29 sec, wall time      1.29 sec
CCSD converged
E(CC2) = -76.32540101779333  E_corr = -0.2628984345870764
    CPU time for EOM-CCSD shared one-electron intermediates      0.00 sec, wall time      0.01 sec
    CPU time for EOM-CCSD shared two-electron intermediates      0.01 sec, wall time      0.01 sec
    CPU time for EOM-CCSD IP intermediates      0.02 sec, wall time      0.01 sec
tol 1e-07  toloose 0.000316228
max_cycle 50  max_space 35  max_memory 2000  incore True
davidson 0 5  |r|= 0.453  e= [  0.5812309    0.65574648   0.79048198   1.39751235  45.02973598]  max|de|=   45  lindep=    1
davidson 1 10  |r|= 0.156  e= [  0.45983347   0.54032453   0.6939068    1.22914898  45.01687797]  max|de|= -0.168  lindep= 0.873
davidson 2 15  |r|= 0.0647  e= [  0.45992411   0.54100302   0.69504694   1.20300063  45.01650606]  max|de|= -0.0261  lindep= 0.769
davidson 3 20  |r|= 0.0276  e= [  0.46043675   0.54144018   0.6952156    1.2013918   45.016498  ]  max|de|= -0.00161  lindep= 0.857
davidson 4 25  |r|= 0.0185  e= [  0.46045764   0.54143877   0.69518712   1.20085915  45.0164982 ]  max|de|= -0.000533  lindep= 0.0478
root 4 converged  |r|= 1.85e-06  e= 45.016498167  max|de|= -3.43e-08
davidson 5 30  |r|= 0.00736  e= [  0.46046136   0.54144195   0.69518648   1.20032055  45.01649817]  max|de|= -0.000539  lindep= 0.899
davidson 6 34  |r|= 0.0038  e= [  0.46046288   0.54144308   0.69518677   1.20026339  45.01649817]  max|de|= -5.72e-05  lindep=  0.9
root 0 converged  |r|= 5.01e-06  e= 0.460462879224  max|de|= 3e-15
root 1 converged  |r|= 8.26e-06  e= 0.541443078792  max|de|= -2.66e-15
root 2 converged  |r|= 1.12e-05  e= 0.69518677265  max|de|= -7.77e-16
root 4 converged  |r|= 1.86e-06  e= 45.016498167  max|de|= 7.82e-14
davidson 7 5  |r|= 0.0038  e= [  0.46046288   0.54144308   0.69518677   1.20026339  45.01649817]  max|de|= 7.82e-14  lindep=    1
davidson 8 6  |r|= 0.000983  e= [  0.46046288   0.54144307   0.69518677   1.20030152  45.01649817]  max|de|= 3.81e-05  lindep= 0.998
davidson 9 7  |r|= 0.000565  e= [  0.46046288   0.54144307   0.69518677   1.20030485  45.01649817]  max|de|= 3.33e-06  lindep= 0.94
davidson 10 8  |r|= 0.000187  e= [  0.46046288   0.54144307   0.69518677   1.20029111  45.01649817]  max|de|= -1.37e-05  lindep= 0.938
davidson 11 9  |r|= 0.000141  e= [  0.46046288   0.54144307   0.69518677   1.20029712  45.01649817]  max|de|= 6.02e-06  lindep= 0.789
davidson 12 10  |r|= 7.58e-05  e= [  0.46046288   0.54144306   0.69518677   1.20029447  45.01649817]  max|de|= -2.65e-06  lindep= 0.843
davidson 13 11  |r|= 2.41e-05  e= [  0.46046288   0.54144306   0.69518677   1.20029537  45.01649817]  max|de|= 9.02e-07  lindep= 0.864
root 3 converged  |r|= 1.15e-05  e= 1.20029541564  max|de|= 4.5e-08
converge 14 12  |r|= 1.15e-05  e= [  0.46046288   0.54144306   0.69518677   1.20029542  45.01649817]  max|de|= 4.5e-08
IP root 0 E = 0.4604628792237251  qpwt = 0.957995
IP root 1 E = 0.5414430624474608  qpwt = 0.959437
IP root 2 E = 0.6951867726498993  qpwt = 0.968507
IP root 3 E = 1.200295415636593  qpwt = 0.719127
IP root 4 E = 45.0164981670413  qpwt = 1.45735e-08
    CPU time for IP-CCSD      0.17 sec, wall time      0.17 sec
    CPU time for EOM-CCSD shared one-electron intermediates      0.00 sec, wall time      0.01 sec
    CPU time for EOM-CCSD EA intermediates      0.59 sec, wall time      0.59 sec
tol 1e-07  toloose 0.000316228
max_cycle 50  max_space 38  max_memory 2000  incore True
davidson 0 6  |r|= 0.383  e= [ 0.13199381  0.20511986  0.53242268  0.56495972  0.61614059  0.61723392]  max|de|= 0.617  lindep=    1
davidson 1 12  |r|= 0.098  e= [ 0.10616715  0.18251611  0.49206225  0.52792871  0.56595089  0.55581198]  max|de|= -0.0614  lindep= 0.577
davidson 2 18  |r|= 0.0353  e= [ 0.10544413  0.1804929   0.48866937  0.52431529  0.56482832  0.54492788]  max|de|= -0.0109  lindep= 0.827
davidson 3 24  |r|= 0.0304  e= [ 0.10541901  0.18049979  0.48837698  0.52402866  0.5648179   0.54330816]  max|de|= -0.00162  lindep= 0.249
davidson 4 30  |r|= 0.0204  e= [ 0.1054255   0.18051553  0.48834344  0.52397388  0.56488052  0.54166165]  max|de|= -0.00165  lindep= 0.273
root 0 converged  |r|= 3.36e-05  e= 0.105425461972  max|de|= -3.38e-08
davidson 5 36  |r|= 0.00663  e= [ 0.10542546  0.18051567  0.48833895  0.52398757  0.56487481  0.54134134]  max|de|= -0.00032  lindep= 0.765
root 0 converged  |r|= 3.36e-05  e= 0.105425461972  max|de|= -9.71e-17
root 1 converged  |r|= 8.17e-05  e= 0.180515668273  max|de|= -8.6e-16
davidson 6 6  |r|= 0.00663  e= [ 0.10542546  0.18051567  0.48833895  0.52398757  0.56487481  0.54134134]  max|de|= -1.55e-15  lindep= 0.999
davidson 7 10  |r|= 0.00207  e= [ 0.10542552  0.18051672  0.48835041  0.52396113  0.56487786  0.54136364]  max|de|= -2.64e-05  lindep= 0.89
davidson 8 14  |r|= 0.000829  e= [ 0.10542552  0.18051662  0.48834565  0.52396453  0.5648766   0.5413379 ]  max|de|= -2.57e-05  lindep= 0.683
davidson 9 18  |r|= 0.000495  e= [ 0.10542552  0.18051646  0.48834716  0.52396182  0.56487405  0.5413689 ]  max|de|= 3.1e-05  lindep= 0.205
davidson 10 22  |r|= 0.000329  e= [ 0.10542553  0.18051664  0.48834656  0.52396233  0.56487668  0.54135059]  max|de|= -1.83e-05  lindep= 0.453
davidson 11 26  |r|= 0.00038  e= [ 0.10542553  0.18051649  0.48834695  0.5239633   0.56487853  0.54134427]  max|de|= -6.32e-06  lindep= 0.0648
davidson 12 30  |r|= 0.000144  e= [ 0.1054254   0.18051681  0.48834676  0.52396372  0.56487826  0.54135345]  max|de|= 9.18e-06  lindep= 0.0426
root 2 converged  |r|= 2.55e-07  e= 0.488346799018  max|de|= 4.33e-08
root 3 converged  |r|= 4.61e-06  e= 0.523963731378  max|de|= 7.45e-09
davidson 13 34  |r|= 3.6e-05  e= [ 0.10542547  0.18051681  0.4883468   0.52396373  0.564878    0.5413495 ]  max|de|= -3.96e-06  lindep= 0.167
root 0 converged  |r|= 3.04e-05  e= 0.105425467135  max|de|= -2.32e-15
root 1 converged  |r|= 4.11e-05  e= 0.18051680932  max|de|= 5.83e-16
root 2 converged  |r|= 2.55e-07  e= 0.488346799018  max|de|= -7.77e-16
root 3 converged  |r|= 4.61e-06  e= 0.523963731378  max|de|= 3.33e-16
root 4 converged  |r|= 2.69e-06  e= 0.564878000334  max|de|= -7.77e-16
root 5 converged  |r|= 3.6e-05  e= 0.541349497726  max|de|= -3.33e-16
converge 14 6  |r|= 4.11e-05  e= [ 0.10542547  0.18051681  0.4883468   0.52396373  0.564878    0.5413495 ]  max|de|= -2.32e-15
EA root 0 E = 0.1054254671346443  qpwt = 0.991424
EA root 1 E = 0.1805168093196911  qpwt = 0.989879
EA root 2 E = 0.4883467990179406  qpwt = 0.982536
EA root 3 E = 0.5239637313781315  qpwt = 0.895168
EA root 4 E = 0.5648780003338147  qpwt = 0.978633
EA root 5 E = 0.541349497725704  qpwt = 0.846372
    CPU time for EA-CCSD      4.17 sec, wall time      4.18 sec
