

******** <class 'pyscf.scf.hf.RHF'> flags ********
method = RHF
initial guess = minao
damping factor = 0
level shift factor = 0
Do DIIS = True
DIIS start cycle = 1
DIIS space = 8
SCF tol = 1e-09
SCF gradient tol = None
max. SCF cycles = 50
direct_scf = True
direct_scf_tol = 1e-13
chkfile to save SCF result = /tmp/tmpJeUEjW
max_memory 4000 MB (current use 39 MB)
Set gradient conv threshold to 3.16228e-05
Nelec from initial guess = 47.1037
cond(S) = 890.312319914
E_coul = 484.334759511324
init E= -506.891038621023
    CPU time for initialize scf      4.56 sec, wall time      4.56 sec
  HOMO = -1.32697984688808  LUMO = -1.21083698792273
  mo_energy =
[ -9.66492613e+00  -9.66459818e+00  -7.50503362e+00  -7.50438655e+00
  -7.49770900e+00  -7.49770900e+00  -7.49765945e+00  -7.49765945e+00
  -4.19433877e+00  -4.18985173e+00  -4.18985173e+00  -4.18978605e+00
  -4.18861000e+00  -4.18861000e+00  -4.18372095e+00  -4.18372095e+00
  -4.18362202e+00  -4.18362202e+00  -2.19827943e+00  -1.98197750e+00
  -1.54361349e+00  -1.43392719e+00  -1.43392719e+00  -1.32697985e+00
  -1.32697985e+00  -1.21083699e+00  -6.11422146e-01  -6.11422146e-01
  -5.72458639e-01  -5.26280807e-01  -5.26280807e-01  -4.44158839e-01
  -4.44158839e-01  -4.13620863e-01  -3.93356511e-01  -3.81893394e-01
  -3.81893394e-01  -3.68681283e-01  -3.68681283e-01  -3.30673589e-01
  -2.75916559e-01  -2.46574714e-01  -2.46574714e-01  -1.10656976e-01
  -1.10656976e-01  -9.84974947e-02  -7.32308282e-02  -7.32308282e-02
  -3.64373184e-02  -3.64373184e-02  -2.80659513e-02  -2.71913928e-02
  -2.71913928e-02  -1.32779158e-02  -1.32779158e-02   4.50836795e-02
   4.50836795e-02   1.42434250e-01   3.44494369e-01   3.44494369e-01
   3.96796215e-01   4.28274072e-01   4.28274072e-01   4.50575180e-01
   4.50575180e-01   5.04025752e-01   5.11363045e-01   5.11363045e-01
   5.22426178e-01   5.22426178e-01   6.13796422e-01   6.13796422e-01
   6.66595622e-01   7.28460430e-01   1.69163933e+00   1.69163933e+00
   1.73592475e+00   1.73592475e+00   1.75828007e+00   1.77695166e+00
   1.77695166e+00   1.78700318e+00   1.78700318e+00   1.82209628e+00
   1.82209628e+00   1.98901945e+00   1.98901945e+00   2.28323346e+00
   2.86582719e+00   3.12690313e+00   3.22096741e+01   3.22096741e+01
   3.22475386e+01   3.22475386e+01   3.23046982e+01   3.24134651e+01
   4.02769325e+01   4.05243868e+01   1.15554817e+02   1.15619845e+02]
E_coul = 594.779301665685
cycle= 1 E= -591.79683294677  delta_E= -84.9  |g|=  3.6  |ddm|= 27.1
    CPU time for cycle= 1      0.07 sec, wall time      0.07 sec
diis-norm(errvec)=5.07425
diis-c [-25.7479783   1.       ]
  HOMO = -0.1467060844079  LUMO = 0.117317854752641
  mo_energy =
[ -6.99181582e+00  -6.99176183e+00  -4.87831987e+00  -4.87766942e+00
  -4.86119439e+00  -4.86119439e+00  -4.86118919e+00  -4.86118919e+00
  -1.63327010e+00  -1.62586843e+00  -1.62458411e+00  -1.62458411e+00
  -1.62190956e+00  -1.62190956e+00  -1.60646792e+00  -1.60646792e+00
  -1.60630470e+00  -1.60630470e+00  -6.69630616e-01  -5.84952768e-01
  -2.16557630e-01  -2.16557630e-01  -2.12076681e-01  -1.46706084e-01
  -1.46706084e-01   1.17317855e-01   2.92346660e-01   3.05504331e-01
   3.05504331e-01   3.14937917e-01   3.27356435e-01   3.27356435e-01
   4.35005293e-01   4.35005293e-01   4.43709889e-01   4.43709889e-01
   5.04798280e-01   5.15849679e-01   5.15849679e-01   6.34905144e-01
   6.43803454e-01   6.43803454e-01   6.91374167e-01   9.92906161e-01
   1.26737657e+00   1.26737657e+00   1.30799653e+00   1.32422381e+00
   1.32422381e+00   1.38431753e+00   1.38431753e+00   1.39784529e+00
   1.39784529e+00   1.44433007e+00   1.44433007e+00   1.53567585e+00
   1.55077162e+00   1.55077162e+00   1.59608580e+00   1.59608580e+00
   1.71047016e+00   1.72929872e+00   1.72929872e+00   1.93251325e+00
   1.93251325e+00   1.95133920e+00   1.96815904e+00   1.96815904e+00
   1.98454023e+00   1.98454023e+00   2.02265467e+00   2.02265467e+00
   2.15865310e+00   2.25822195e+00   3.99904086e+00   3.99904086e+00
   4.03309451e+00   4.03309451e+00   4.04036574e+00   4.06996235e+00
   4.06996235e+00   4.07585246e+00   4.07585246e+00   4.08672431e+00
   4.08672431e+00   4.18963389e+00   4.18963389e+00   4.39250506e+00
   4.98500442e+00   5.23220611e+00   3.61297031e+01   3.61297031e+01
   3.61674946e+01   3.61674946e+01   3.62205513e+01   3.63287216e+01
   4.41991205e+01   4.44450826e+01   1.19639104e+02   1.19703438e+02]
E_coul = 552.806402352597
cycle= 2 E= -593.05271702709  delta_E= -1.26  |g|= 1.64  |ddm|= 6.63
    CPU time for cycle= 2      0.07 sec, wall time      0.07 sec
diis-norm(errvec)=2.32796
diis-c [-2.51004129  0.26135781  0.73864219]
  HOMO = -0.36806740133569  LUMO = -0.0348581829498955
  mo_energy =
[ -7.80587534e+00  -7.80584683e+00  -5.66066759e+00  -5.66038564e+00
  -5.64643780e+00  -5.64643780e+00  -5.64640660e+00  -5.64640660e+00
  -2.35443042e+00  -2.34845138e+00  -2.34661507e+00  -2.34661507e+00
  -2.34476466e+00  -2.34476466e+00  -2.33006149e+00  -2.33006149e+00
  -2.32992948e+00  -2.32992948e+00  -9.87834669e-01  -8.51761668e-01
  -4.75848334e-01  -4.53530496e-01  -4.53530496e-01  -3.68067401e-01
  -3.68067401e-01  -3.48581829e-02   2.07010763e-01   2.25312553e-01
   2.35958154e-01   2.35958154e-01   2.66761908e-01   2.66761908e-01
   2.78631932e-01   2.78631932e-01   2.92729585e-01   2.92729585e-01
   3.79520534e-01   3.79521492e-01   3.79521492e-01   4.56964202e-01
   5.18520522e-01   5.22335173e-01   5.22335173e-01   8.42738305e-01
   9.66643171e-01   9.66643171e-01   9.75900844e-01   1.03233369e+00
   1.03233369e+00   1.09084215e+00   1.09084215e+00   1.10358567e+00
   1.10358567e+00   1.12945801e+00   1.12945801e+00   1.21534754e+00
   1.21534754e+00   1.22947816e+00   1.32745157e+00   1.32745157e+00
   1.40885675e+00   1.43300526e+00   1.43300526e+00   1.58388183e+00
   1.58388183e+00   1.59515477e+00   1.63412143e+00   1.63412143e+00
   1.63537338e+00   1.63537338e+00   1.70122662e+00   1.70122662e+00
   1.79613407e+00   1.87606681e+00   3.35548972e+00   3.35548972e+00
   3.39318036e+00   3.39318036e+00   3.40285112e+00   3.43250296e+00
   3.43250296e+00   3.43958815e+00   3.43958815e+00   3.45635630e+00
   3.45635630e+00   3.57682340e+00   3.57682340e+00   3.80526452e+00
   4.42606047e+00   4.67718662e+00   3.50840600e+01   3.50840600e+01
   3.51220824e+01   3.51220824e+01   3.51755453e+01   3.52842698e+01
   4.31791927e+01   4.34261110e+01   1.18516605e+02   1.18580996e+02]
E_coul = 566.352581543562
cycle= 3 E= -593.326734486941  delta_E= -0.274  |g|= 0.286  |ddm|= 1.53
    CPU time for cycle= 3      0.08 sec, wall time      0.07 sec
diis-norm(errvec)=0.500521
diis-c [-0.09817481  0.00753755  0.15004582  0.84241662]
  HOMO = -0.361452010771633  LUMO = -0.0205394438886583
  mo_energy =
[ -7.78271771e+00  -7.78269038e+00  -5.63827528e+00  -5.63803947e+00
  -5.62541638e+00  -5.62541638e+00  -5.62538838e+00  -5.62538838e+00
  -2.33435412e+00  -2.32884411e+00  -2.32703189e+00  -2.32703189e+00
  -2.32526555e+00  -2.32526555e+00  -2.31201136e+00  -2.31201136e+00
  -2.31188968e+00  -2.31188968e+00  -9.59432884e-01  -8.47060331e-01
  -4.66796591e-01  -4.38910413e-01  -4.38910413e-01  -3.61452011e-01
  -3.61452011e-01  -2.05394439e-02   2.19636904e-01   2.20634108e-01
   2.51944201e-01   2.51944201e-01   2.81430690e-01   2.81430690e-01
   2.87360292e-01   2.87360292e-01   3.08901116e-01   3.08901116e-01
   3.82567751e-01   3.88559627e-01   3.88559627e-01   4.73759452e-01
   5.25726282e-01   5.25726282e-01   5.30412482e-01   8.43571831e-01
   9.84616065e-01   9.84616065e-01   1.00467647e+00   1.04691093e+00
   1.04691093e+00   1.10506039e+00   1.10506039e+00   1.11754521e+00
   1.11754521e+00   1.14870132e+00   1.14870132e+00   1.24505010e+00
   1.24537861e+00   1.24537861e+00   1.34699162e+00   1.34699162e+00
   1.42040246e+00   1.45058150e+00   1.45058150e+00   1.60252592e+00
   1.60252592e+00   1.61047070e+00   1.64915712e+00   1.64915712e+00
   1.65077261e+00   1.65077261e+00   1.70781070e+00   1.70781070e+00
   1.81555758e+00   1.90087443e+00   3.37413831e+00   3.37413831e+00
   3.41098661e+00   3.41098661e+00   3.42232691e+00   3.44874961e+00
   3.44874961e+00   3.45575945e+00   3.45575945e+00   3.47380544e+00
   3.47380544e+00   3.59481606e+00   3.59481606e+00   3.82456990e+00
   4.44526468e+00   4.69481894e+00   3.51210935e+01   3.51210935e+01
   3.51590876e+01   3.51590876e+01   3.52134956e+01   3.53223464e+01
   4.32146805e+01   4.34613517e+01   1.18560973e+02   1.18625357e+02]
E_coul = 565.121373362488
cycle= 4 E= -593.335820652426  delta_E= -0.00909  |g|= 0.109  |ddm|= 0.237
    CPU time for cycle= 4      0.07 sec, wall time      0.07 sec
diis-norm(errvec)=0.188676
diis-c [-0.00176712 -0.00362445  0.0238212   0.31453136  0.66527189]
  HOMO = -0.359603527166398  LUMO = -0.0171488540697726
  mo_energy =
[ -7.76429443e+00  -7.76426547e+00  -5.62120270e+00  -5.62095398e+00
  -5.60827509e+00  -5.60827509e+00  -5.60824428e+00  -5.60824428e+00
  -2.31961490e+00  -2.31392443e+00  -2.31222568e+00  -2.31222568e+00
  -2.31039058e+00  -2.31039058e+00  -2.29724713e+00  -2.29724713e+00
  -2.29711842e+00  -2.29711842e+00  -9.60177376e-01  -8.41949752e-01
  -4.66762392e-01  -4.38983927e-01  -4.38983927e-01  -3.59603527e-01
  -3.59603527e-01  -1.71488541e-02   2.19758177e-01   2.23227639e-01
   2.51038111e-01   2.51038111e-01   2.81324150e-01   2.81324150e-01
   2.88143184e-01   2.88143184e-01   3.07948350e-01   3.07948350e-01
   3.85966027e-01   3.89299027e-01   3.89299027e-01   4.73818928e-01
   5.28389343e-01   5.28389343e-01   5.33025560e-01   8.48442865e-01
   9.86748734e-01   9.86748734e-01   1.00434577e+00   1.04990765e+00
   1.04990765e+00   1.10786194e+00   1.10786194e+00   1.12044900e+00
   1.12044900e+00   1.15096905e+00   1.15096905e+00   1.24626999e+00
   1.24626999e+00   1.24968271e+00   1.35074312e+00   1.35074312e+00
   1.42640490e+00   1.45444495e+00   1.45444495e+00   1.60661641e+00
   1.60661641e+00   1.61482189e+00   1.65438639e+00   1.65438639e+00
   1.65529494e+00   1.65529494e+00   1.71464406e+00   1.71464406e+00
   1.81937733e+00   1.90366754e+00   3.38606920e+00   3.38606920e+00
   3.42276439e+00   3.42276439e+00   3.43405207e+00   3.46041884e+00
   3.46041884e+00   3.46741341e+00   3.46741341e+00   3.48539015e+00
   3.48539015e+00   3.60601296e+00   3.60601296e+00   3.83478946e+00
   4.45637545e+00   4.70625485e+00   3.51495084e+01   3.51495084e+01
   3.51875034e+01   3.51875034e+01   3.52417381e+01   3.53505234e+01
   4.32422701e+01   4.34890023e+01   1.18592989e+02   1.18657373e+02]
E_coul = 564.97544497158
cycle= 5 E= -593.337009209829  delta_E= -0.00119  |g|= 0.00952  |ddm|= 0.0722
    CPU time for cycle= 5      0.07 sec, wall time      0.07 sec
diis-norm(errvec)=0.0188956
diis-c [ -4.72532591e-05   1.46302561e-03  -1.38309145e-02  -1.06550139e-01
  -2.68672503e-01   1.38759053e+00]
  HOMO = -0.360291222142724  LUMO = -0.0167100934996261
  mo_energy =
[ -7.76671788e+00  -7.76668874e+00  -5.62366267e+00  -5.62341189e+00
  -5.61082472e+00  -5.61082472e+00  -5.61079301e+00  -5.61079301e+00
  -2.32205735e+00  -2.31636220e+00  -2.31468613e+00  -2.31468613e+00
  -2.31284641e+00  -2.31284641e+00  -2.29983631e+00  -2.29983631e+00
  -2.29970660e+00  -2.29970660e+00  -9.61107325e-01  -8.42278772e-01
  -4.68888956e-01  -4.39755060e-01  -4.39755060e-01  -3.60291222e-01
  -3.60291222e-01  -1.67100935e-02   2.19137656e-01   2.23193048e-01
   2.50843762e-01   2.50843762e-01   2.80711303e-01   2.80711303e-01
   2.88224784e-01   2.88224784e-01   3.07328997e-01   3.07328997e-01
   3.85774095e-01   3.88809152e-01   3.88809152e-01   4.73368587e-01
   5.28203691e-01   5.28203691e-01   5.32729755e-01   8.48108391e-01
   9.85739494e-01   9.85739494e-01   1.00309133e+00   1.04892368e+00
   1.04892368e+00   1.10675848e+00   1.10675848e+00   1.11934557e+00
   1.11934557e+00   1.14982630e+00   1.14982630e+00   1.24513791e+00
   1.24513791e+00   1.24878895e+00   1.35003234e+00   1.35003234e+00
   1.42554720e+00   1.45352810e+00   1.45352810e+00   1.60542972e+00
   1.60542972e+00   1.61373707e+00   1.65337119e+00   1.65337119e+00
   1.65417211e+00   1.65417211e+00   1.71377573e+00   1.71377573e+00
   1.81821821e+00   1.90227277e+00   3.38388831e+00   3.38388831e+00
   3.42053360e+00   3.42053360e+00   3.43198405e+00   3.45811203e+00
   3.45811203e+00   3.46511237e+00   3.46511237e+00   3.48319470e+00
   3.48319470e+00   3.60396678e+00   3.60396678e+00   3.83294827e+00
   4.45468211e+00   4.70461249e+00   3.51467256e+01   3.51467256e+01
   3.51847211e+01   3.51847211e+01   3.52389447e+01   3.53477312e+01
   4.32395425e+01   4.34862791e+01   1.18589952e+02   1.18654337e+02]
E_coul = 565.003814358537
cycle= 6 E= -593.337045155875  delta_E= -3.59e-05  |g|= 0.000919  |ddm|= 0.0207
    CPU time for cycle= 6      0.08 sec, wall time      0.07 sec
diis-norm(errvec)=0.00200764
diis-c [ -4.77711695e-07  -2.54922803e-04   2.15715709e-03   1.47883408e-02
   3.57594705e-02  -2.95636461e-01   1.24318642e+00]
  HOMO = -0.360298109528939  LUMO = -0.0165621433612935
  mo_energy =
[ -7.76674290e+00  -7.76671376e+00  -5.62367110e+00  -5.62341990e+00
  -5.61085251e+00  -5.61085251e+00  -5.61082070e+00  -5.61082070e+00
  -2.32204929e+00  -2.31635068e+00  -2.31468468e+00  -2.31468468e+00
  -2.31284462e+00  -2.31284462e+00  -2.29985250e+00  -2.29985250e+00
  -2.29972276e+00  -2.29972276e+00  -9.61095037e-01  -8.42226686e-01
  -4.68984929e-01  -4.39733155e-01  -4.39733155e-01  -3.60298110e-01
  -3.60298110e-01  -1.65621434e-02   2.19028477e-01   2.23198422e-01
   2.50825976e-01   2.50825976e-01   2.80691903e-01   2.80691903e-01
   2.88222208e-01   2.88222208e-01   3.07304708e-01   3.07304708e-01
   3.85777926e-01   3.88791216e-01   3.88791216e-01   4.73358807e-01
   5.28205796e-01   5.28205796e-01   5.32731821e-01   8.48104823e-01
   9.85748459e-01   9.85748459e-01   1.00307768e+00   1.04893042e+00
   1.04893042e+00   1.10673789e+00   1.10673789e+00   1.11932488e+00
   1.11932488e+00   1.14982146e+00   1.14982146e+00   1.24515505e+00
   1.24515505e+00   1.24882278e+00   1.35002158e+00   1.35002158e+00
   1.42556992e+00   1.45350688e+00   1.45350688e+00   1.60540464e+00
   1.60540464e+00   1.61373682e+00   1.65335744e+00   1.65335744e+00
   1.65416452e+00   1.65416452e+00   1.71378055e+00   1.71378055e+00
   1.81820783e+00   1.90226655e+00   3.38389055e+00   3.38389055e+00
   3.42052254e+00   3.42052254e+00   3.43200355e+00   3.45808719e+00
   3.45808719e+00   3.46508751e+00   3.46508751e+00   3.48318246e+00
   3.48318246e+00   3.60396997e+00   3.60396997e+00   3.83296860e+00
   4.45465985e+00   4.70459654e+00   3.51466488e+01   3.51466488e+01
   3.51846444e+01   3.51846444e+01   3.52388842e+01   3.53476698e+01
   4.32394789e+01   4.34862163e+01   1.18589885e+02   1.18654270e+02]
E_coul = 565.005457554597
cycle= 7 E= -593.337045641709  delta_E= -4.86e-07  |g|= 0.000178  |ddm|= 0.00223
    CPU time for cycle= 7      0.07 sec, wall time      0.07 sec
diis-norm(errvec)=0.000271381
diis-c [ -8.96390434e-09   2.59198976e-06   1.28694715e-05  -3.59803148e-04
  -9.18192940e-04   2.11088286e-02  -1.65139969e-01   1.14529368e+00]
  HOMO = -0.360291301545381  LUMO = -0.0165524465156775
  mo_energy =
[ -7.76668539e+00  -7.76665625e+00  -5.62361626e+00  -5.62336503e+00
  -5.61079117e+00  -5.61079117e+00  -5.61075936e+00  -5.61075936e+00
  -2.32199725e+00  -2.31629800e+00  -2.31463078e+00  -2.31463078e+00
  -2.31279063e+00  -2.31279063e+00  -2.29979119e+00  -2.29979119e+00
  -2.29966144e+00  -2.29966144e+00  -9.61091121e-01  -8.42226218e-01
  -4.68982714e-01  -4.39721532e-01  -4.39721532e-01  -3.60291302e-01
  -3.60291302e-01  -1.65524465e-02   2.19028565e-01   2.23197355e-01
   2.50828870e-01   2.50828870e-01   2.80695783e-01   2.80695783e-01
   2.88222411e-01   2.88222411e-01   3.07309354e-01   3.07309354e-01
   3.85777787e-01   3.88796943e-01   3.88796943e-01   4.73361105e-01
   5.28209064e-01   5.28209064e-01   5.32730219e-01   8.48104394e-01
   9.85759063e-01   9.85759063e-01   1.00308751e+00   1.04894519e+00
   1.04894519e+00   1.10675796e+00   1.10675796e+00   1.11934508e+00
   1.11934508e+00   1.14983681e+00   1.14983681e+00   1.24516909e+00
   1.24516909e+00   1.24883332e+00   1.35003238e+00   1.35003238e+00
   1.42557892e+00   1.45351911e+00   1.45351911e+00   1.60542793e+00
   1.60542793e+00   1.61375282e+00   1.65338067e+00   1.65338067e+00
   1.65418269e+00   1.65418269e+00   1.71379804e+00   1.71379804e+00
   1.81822413e+00   1.90228336e+00   3.38393712e+00   3.38393712e+00
   3.42057168e+00   3.42057168e+00   3.43204808e+00   3.45814206e+00
   3.45814206e+00   3.46514225e+00   3.46514225e+00   3.48323043e+00
   3.48323043e+00   3.60401286e+00   3.60401286e+00   3.83300703e+00
   4.45469417e+00   4.70463092e+00   3.51467240e+01   3.51467240e+01
   3.51847195e+01   3.51847195e+01   3.52389579e+01   3.53477436e+01
   4.32395510e+01   4.34862884e+01   1.18589966e+02   1.18654351e+02]
E_coul = 565.004511904192
cycle= 8 E= -593.337045649241  delta_E= -7.53e-09  |g|= 1.92e-05  |ddm|= 0.000402
    CPU time for cycle= 8      0.07 sec, wall time      0.07 sec
diis-norm(errvec)=3.65171e-05
diis-c [ -2.80210080e-10   3.95835969e-06  -3.82473830e-05  -2.35237817e-04
  -4.10922865e-04   1.66761038e-03   6.87373639e-03  -1.90303570e-01
   1.18244267e+00]
  HOMO = -0.360291215891224  LUMO = -0.016552815741331
  mo_energy =
[ -7.76668382e+00  -7.76665468e+00  -5.62361394e+00  -5.62336272e+00
  -5.61078947e+00  -5.61078947e+00  -5.61075766e+00  -5.61075766e+00
  -2.32199500e+00  -2.31629577e+00  -2.31462884e+00  -2.31462884e+00
  -2.31278872e+00  -2.31278872e+00  -2.29978951e+00  -2.29978951e+00
  -2.29965976e+00  -2.29965976e+00  -9.61090441e-01  -8.42227575e-01
  -4.68980680e-01  -4.39719824e-01  -4.39719824e-01  -3.60291216e-01
  -3.60291216e-01  -1.65528157e-02   2.19028855e-01   2.23196447e-01
   2.50829760e-01   2.50829760e-01   2.80696620e-01   2.80696620e-01
   2.88222374e-01   2.88222374e-01   3.07309933e-01   3.07309933e-01
   3.85777018e-01   3.88796905e-01   3.88796905e-01   4.73360782e-01
   5.28208566e-01   5.28208566e-01   5.32729565e-01   8.48103481e-01
   9.85759947e-01   9.85759947e-01   1.00308906e+00   1.04894590e+00
   1.04894590e+00   1.10675850e+00   1.10675850e+00   1.11934558e+00
   1.11934558e+00   1.14983768e+00   1.14983768e+00   1.24517066e+00
   1.24517066e+00   1.24883386e+00   1.35003282e+00   1.35003282e+00
   1.42557917e+00   1.45351955e+00   1.45351955e+00   1.60542878e+00
   1.60542878e+00   1.61375345e+00   1.65338119e+00   1.65338119e+00
   1.65418358e+00   1.65418358e+00   1.71379815e+00   1.71379815e+00
   1.81822504e+00   1.90228488e+00   3.38393906e+00   3.38393906e+00
   3.42057336e+00   3.42057336e+00   3.43205015e+00   3.45814345e+00
   3.45814345e+00   3.46514363e+00   3.46514363e+00   3.48323203e+00
   3.48323203e+00   3.60401463e+00   3.60401463e+00   3.83300878e+00
   4.45469497e+00   4.70463169e+00   3.51467259e+01   3.51467259e+01
   3.51847215e+01   3.51847215e+01   3.52389600e+01   3.53477457e+01
   4.32395529e+01   4.34862903e+01   1.18589968e+02   1.18654353e+02]
E_coul = 565.004448093009
cycle= 9 E= -593.337045649389  delta_E= -1.48e-10  |g|= 2.96e-06  |ddm|= 5.58e-05
    CPU time for cycle= 9      0.08 sec, wall time      0.07 sec
  HOMO = -0.360291726533476  LUMO = -0.0165534284804212
  mo_energy =
[ -7.76668514e+00  -7.76665600e+00  -5.62361528e+00  -5.62336406e+00
  -5.61079076e+00  -5.61079076e+00  -5.61075895e+00  -5.61075895e+00
  -2.32199626e+00  -2.31629703e+00  -2.31463011e+00  -2.31463011e+00
  -2.31278999e+00  -2.31278999e+00  -2.29979075e+00  -2.29979075e+00
  -2.29966101e+00  -2.29966101e+00  -9.61091126e-01  -8.42228157e-01
  -4.68980978e-01  -4.39720250e-01  -4.39720250e-01  -3.60291727e-01
  -3.60291727e-01  -1.65534285e-02   2.19028502e-01   2.23196361e-01
   2.50829544e-01   2.50829544e-01   2.80696155e-01   2.80696155e-01
   2.88222266e-01   2.88222266e-01   3.07309519e-01   3.07309519e-01
   3.85776766e-01   3.88796542e-01   3.88796542e-01   4.73360318e-01
   5.28208211e-01   5.28208211e-01   5.32729086e-01   8.48103130e-01
   9.85759268e-01   9.85759268e-01   1.00308830e+00   1.04894524e+00
   1.04894524e+00   1.10675789e+00   1.10675789e+00   1.11934497e+00
   1.11934497e+00   1.14983697e+00   1.14983697e+00   1.24516989e+00
   1.24516989e+00   1.24883312e+00   1.35003230e+00   1.35003230e+00
   1.42557849e+00   1.45351896e+00   1.45351896e+00   1.60542809e+00
   1.60542809e+00   1.61375274e+00   1.65338056e+00   1.65338056e+00
   1.65418283e+00   1.65418283e+00   1.71379750e+00   1.71379750e+00
   1.81822428e+00   1.90228402e+00   3.38393788e+00   3.38393788e+00
   3.42057221e+00   3.42057221e+00   3.43204898e+00   3.45814234e+00
   3.45814234e+00   3.46514252e+00   3.46514252e+00   3.48323089e+00
   3.48323089e+00   3.60401349e+00   3.60401349e+00   3.83300770e+00
   4.45469394e+00   4.70463068e+00   3.51467243e+01   3.51467243e+01
   3.51847199e+01   3.51847199e+01   3.52389584e+01   3.53477441e+01
   4.32395513e+01   4.34862887e+01   1.18589966e+02   1.18654351e+02]
    CPU time for scf_cycle      5.22 sec, wall time      5.23 sec
    CPU time for SCF      5.22 sec, wall time      5.23 sec
converged SCF energy = -593.337045649389
RHF E = -593.337045649
RHF eps = [ -7.76668514e+00  -7.76665600e+00  -5.62361528e+00  -5.62336406e+00
  -5.61079076e+00  -5.61079076e+00  -5.61075895e+00  -5.61075895e+00
  -2.32199626e+00  -2.31629703e+00  -2.31463011e+00  -2.31463011e+00
  -2.31278999e+00  -2.31278999e+00  -2.29979075e+00  -2.29979075e+00
  -2.29966101e+00  -2.29966101e+00  -9.61091126e-01  -8.42228157e-01
  -4.68980978e-01  -4.39720250e-01  -4.39720250e-01  -3.60291727e-01
  -3.60291727e-01  -1.65534285e-02   2.19028502e-01   2.23196361e-01
   2.50829544e-01   2.50829544e-01   2.80696155e-01   2.80696155e-01
   2.88222266e-01   2.88222266e-01   3.07309519e-01   3.07309519e-01
   3.85776766e-01   3.88796542e-01   3.88796542e-01   4.73360318e-01
   5.28208211e-01   5.28208211e-01   5.32729086e-01   8.48103130e-01
   9.85759268e-01   9.85759268e-01   1.00308830e+00   1.04894524e+00
   1.04894524e+00   1.10675789e+00   1.10675789e+00   1.11934497e+00
   1.11934497e+00   1.14983697e+00   1.14983697e+00   1.24516989e+00
   1.24516989e+00   1.24883312e+00   1.35003230e+00   1.35003230e+00
   1.42557849e+00   1.45351896e+00   1.45351896e+00   1.60542809e+00
   1.60542809e+00   1.61375274e+00   1.65338056e+00   1.65338056e+00
   1.65418283e+00   1.65418283e+00   1.71379750e+00   1.71379750e+00
   1.81822428e+00   1.90228402e+00   3.38393788e+00   3.38393788e+00
   3.42057221e+00   3.42057221e+00   3.43204898e+00   3.45814234e+00
   3.45814234e+00   3.46514252e+00   3.46514252e+00   3.48323089e+00
   3.48323089e+00   3.60401349e+00   3.60401349e+00   3.83300770e+00
   4.45469394e+00   4.70463068e+00   3.51467243e+01   3.51467243e+01
   3.51847199e+01   3.51847199e+01   3.52389584e+01   3.53477441e+01
   4.32395513e+01   4.34862887e+01   1.18589966e+02   1.18654351e+02]
    CPU time for CCSD integral transformation     11.66 sec, wall time     11.67 sec

******** <class 'pyscf.cc.rccsd_slow.RCCSD'> flags ********
CCSD nocc = 17, nvir = 75
frozen orbitals [0, 1, 2, 3, 4, 5, 6, 7]
max_cycle = 50
direct = 0
conv_tol = 1e-07
conv_tol_normt = 1e-05
diis_space = 6
diis_start_cycle = 0
diis_start_energy_diff = 1e+09
Init t2, MP2 energy = -0.985882755398377
    CPU time for init mp2      0.04 sec, wall time      0.04 sec
    CPU time for update t1 t2      1.78 sec, wall time      1.78 sec
istep = 0  E(CCSD) = -0.985816789232458  dE = -0.985816789  norm(t1,t2) = 0.0361452
    CPU time for CCSD iter      1.82 sec, wall time      1.82 sec
    CPU time for update t1 t2      1.77 sec, wall time      1.78 sec
DIIS for step 1
istep = 1  E(CCSD) = -0.989281938473911  dE = -0.00346514924  norm(t1,t2) = 0.0147198
    CPU time for CCSD iter      1.82 sec, wall time      1.82 sec
    CPU time for update t1 t2      1.79 sec, wall time      1.79 sec
diis-c [ -2.22349364e-05   1.00000000e+00]
DIIS for step 2
istep = 2  E(CCSD) = -0.989874504015933  dE = -0.000592565542  norm(t1,t2) = 0.00597936
    CPU time for CCSD iter      1.86 sec, wall time      1.86 sec
    CPU time for update t1 t2      1.79 sec, wall time      1.79 sec
diis-c [ -1.89318542e-06  -4.39955014e-01   1.43995501e+00]
DIIS for step 3
istep = 3  E(CCSD) = -0.990316183780063  dE = -0.000441679764  norm(t1,t2) = 0.00274871
    CPU time for CCSD iter      1.86 sec, wall time      1.86 sec
    CPU time for update t1 t2      1.78 sec, wall time      1.78 sec
diis-c [ -1.02808648e-07  -1.96657981e-01   2.46625074e-01   9.50032906e-01]
DIIS for step 4
istep = 4  E(CCSD) = -0.99036697031081  dE = -5.07865307e-05  norm(t1,t2) = 0.000758093
    CPU time for CCSD iter      1.85 sec, wall time      1.85 sec
    CPU time for update t1 t2      1.79 sec, wall time      1.79 sec
diis-c [ -4.03328074e-09   9.46093997e-02  -1.50210300e-01  -3.97720646e-01
   1.45332155e+00]
DIIS for step 5
istep = 5  E(CCSD) = -0.990348651749686  dE = 1.83185611e-05  norm(t1,t2) = 0.00017096
    CPU time for CCSD iter      1.87 sec, wall time      1.87 sec
    CPU time for update t1 t2      1.78 sec, wall time      1.78 sec
diis-c [ -4.61460509e-10   1.29480749e-02  -1.42443022e-02  -6.52243790e-02
   2.84847252e-02   1.03803588e+00]
DIIS for step 6
istep = 6  E(CCSD) = -0.990348719348692  dE = -6.75990052e-08  norm(t1,t2) = 3.44274e-05
    CPU time for CCSD iter      1.86 sec, wall time      1.87 sec
    CPU time for update t1 t2      1.78 sec, wall time      1.78 sec
diis-c [ -1.78694559e-11  -1.26506587e-02   1.84577357e-02   5.37698755e-02
  -1.39628409e-01  -2.84773671e-01   1.36482513e+00]
DIIS for step 7
istep = 7  E(CCSD) = -0.990349431890406  dE = -7.12541714e-07  norm(t1,t2) = 1.13676e-05
    CPU time for CCSD iter      1.87 sec, wall time      1.87 sec
    CPU time for update t1 t2      1.78 sec, wall time      1.78 sec
diis-c [ -2.69351208e-12   1.07544174e+00  -1.35187925e-04   4.14804308e-04
   2.86212615e-03  -1.63733717e-02  -6.22101147e-02]
DIIS for step 8
istep = 8  E(CCSD) = -0.990349240835861  dE = 1.91054545e-07  norm(t1,t2) = 2.47858e-06
    CPU time for CCSD iter      1.86 sec, wall time      1.87 sec
    CPU time for update t1 t2      1.78 sec, wall time      1.78 sec
diis-c [ -2.68074452e-12   8.90024919e-01   1.80854115e-01   1.76829448e-04
   1.43895495e-03  -6.74106729e-03  -6.57537505e-02]
DIIS for step 9
istep = 9  E(CCSD) = -0.990349195183091  dE = 4.56527696e-08  norm(t1,t2) = 2.19036e-06
    CPU time for CCSD iter      1.87 sec, wall time      1.86 sec
    CPU time for CCSD     18.54 sec, wall time     18.56 sec
CCSD converged
E(CC2) = -594.3273948445725  E_corr = -0.9903491951830914
    CPU time for EOM-CCSD shared one-electron intermediates      0.15 sec, wall time      0.16 sec
    CPU time for EOM-CCSD shared two-electron intermediates      0.93 sec, wall time      0.94 sec
    CPU time for EOM-CCSD IP intermediates      1.43 sec, wall time      1.43 sec
tol 1e-07  toloose 0.000316228
max_cycle 50  max_space 38  max_memory 2000  incore True
davidson 0 6  |r|= 0.318  e= [ 0.41662228  0.41662228  0.49036122  0.49036122  0.53690398  0.89066814]  max|de|= 0.891  lindep=    1
davidson 1 12  |r|= 0.248  e= [ 0.35338178  0.35338178  0.4210115   0.4210115   0.47415457  0.83633554]  max|de|= -0.0693  lindep= 0.949
davidson 2 16  |r|= 0.107  e= [ 0.35318834  0.35338181  0.42101164  0.42022565  0.47252875  0.76896353]  max|de|= -0.0674  lindep= 0.782
davidson 3 22  |r|= 0.127  e= [ 0.35334876  0.35318836  0.42022582  0.4204571   0.47314494  0.72889092]  max|de|= -0.0401  lindep= 0.885
davidson 4 28  |r|= 0.0601  e= [ 0.3533507   0.35334876  0.42045711  0.42045108  0.47316708  0.73812468]  max|de|= 0.00923  lindep= 0.514
davidson 5 34  |r|= 0.0239  e= [ 0.35335014  0.3533507   0.42045108  0.42044776  0.4731469   0.73354682]  max|de|= -0.00458  lindep= 0.788
root 0 converged  |r|= 5.34e-05  e= 0.353350144887  max|de|= -1.11e-16
root 1 converged  |r|= 0.000243  e= 0.353350695414  max|de|= -1.67e-16
root 3 converged  |r|= 0.000103  e= 0.420447756274  max|de|= -1.67e-16
root 4 converged  |r|= 0.000218  e= 0.473146895665  max|de|= -9.99e-16
davidson 6 6  |r|= 0.0239  e= [ 0.35335014  0.3533507   0.42045108  0.42044776  0.4731469   0.73354682]  max|de|= -1.33e-15  lindep= 0.991
davidson 7 8  |r|= 0.00783  e= [ 0.35335014  0.3533507   0.42044967  0.42044776  0.4731469   0.73286653]  max|de|= -0.00068  lindep= 0.943
davidson 8 10  |r|= 0.00869  e= [ 0.35335014  0.3533507   0.42044534  0.42044776  0.4731469   0.7330726 ]  max|de|= 0.000206  lindep= 0.594
davidson 9 12  |r|= 0.00843  e= [ 0.35335014  0.3533507   0.42044743  0.42044775  0.4731469   0.73306214]  max|de|= -1.05e-05  lindep= 0.0373
davidson 10 14  |r|= 0.00177  e= [ 0.35335014  0.3533507   0.42044776  0.42044699  0.4731469   0.73297097]  max|de|= -9.12e-05  lindep= 0.467
davidson 11 16  |r|= 0.000633  e= [ 0.35335014  0.3533507   0.42044708  0.42044698  0.4731469   0.73285793]  max|de|= -0.000113  lindep= 0.787
root 2 converged  |r|= 2.42e-06  e= 0.420447076175  max|de|= -2.9e-09
davidson 12 18  |r|= 0.000154  e= [ 0.35335014  0.3533507   0.42044708  0.42044698  0.4731469   0.73288698]  max|de|= 2.9e-05  lindep= 0.929
davidson 13 19  |r|= 6.74e-05  e= [ 0.35335014  0.3533507   0.42044698  0.42044708  0.47314689  0.73288111]  max|de|= -5.87e-06  lindep= 0.944
davidson 14 20  |r|= 4.74e-05  e= [ 0.35335014  0.3533507   0.42044698  0.42044708  0.47314661  0.73288294]  max|de|= 1.83e-06  lindep= 0.918
davidson 15 21  |r|= 0.000161  e= [ 0.35335014  0.3533507   0.42044698  0.42044708  0.47314626  0.73287868]  max|de|= -4.25e-06  lindep= 0.379
davidson 16 22  |r|= 2.88e-05  e= [ 0.35335014  0.3533507   0.42044698  0.42044708  0.47314574  0.7328836 ]  max|de|= 4.92e-06  lindep= 0.813
davidson 17 23  |r|= 2.71e-05  e= [ 0.35335014  0.3533507   0.42044698  0.42044708  0.47314573  0.73288255]  max|de|= -1.05e-06  lindep= 0.754
davidson 18 24  |r|= 1.47e-05  e= [ 0.35335014  0.3533507   0.42044698  0.42044708  0.47314573  0.73288272]  max|de|= 1.71e-07  lindep= 0.562
davidson 19 25  |r|= 1.08e-05  e= [ 0.35335014  0.3533507   0.42044698  0.42044708  0.47314573  0.73288291]  max|de|= 1.86e-07  lindep= 0.724
davidson 20 26  |r|= 3.11e-05  e= [ 0.35335014  0.3533507   0.42044698  0.42044708  0.47314573  0.73288278]  max|de|= -1.35e-07  lindep= 0.768
davidson 21 27  |r|= 9.18e-06  e= [ 0.35335014  0.3533507   0.42044698  0.42044708  0.47314573  0.73288294]  max|de|= 1.65e-07  lindep= 0.51
root 5 converged  |r|= 4.2e-06  e= 0.732883013155  max|de|= 7.27e-08
converge 22 28  |r|= 4.2e-06  e= [ 0.35335014  0.3533507   0.42044698  0.42044708  0.47314573  0.73288301]  max|de|= 7.27e-08
IP root 0 E = 0.3533501448868421  qpwt = 0.962861
IP root 1 E = 0.3533506954143613  qpwt = 0.962869
IP root 2 E = 0.4204469785212451  qpwt = 0.947254
IP root 3 E = 0.4204470761630992  qpwt = 0.947254
IP root 4 E = 0.4731457339124736  qpwt = 0.96034
IP root 5 E = 0.7328830131553514  qpwt = 0.677848
    CPU time for IP-CCSD      6.20 sec, wall time      6.20 sec
    CPU time for EOM-CCSD shared one-electron intermediates      0.15 sec, wall time      0.16 sec
    CPU time for EOM-CCSD EA intermediates      9.97 sec, wall time      9.98 sec
tol 1e-07  toloose 0.000316228
max_cycle 50  max_space 38  max_memory 2000  incore True
davidson 0 6  |r|= 0.313  e= [ 0.02137562  0.2312433   0.2351909   0.25932793  0.26019915  0.30517396]  max|de|= 0.305  lindep=    1
davidson 1 12  |r|= 0.0519  e= [-0.05475613  0.19308287  0.1910351   0.22444312  0.22931364  0.24852405]  max|de|= -0.0761  lindep= 0.809
davidson 2 18  |r|= 0.0314  e= [-0.05481413  0.18925575  0.18956425  0.22292579  0.2248275   0.24801332]  max|de|= -0.00449  lindep= 0.584
davidson 3 24  |r|= 0.0177  e= [-0.05477283  0.18936564  0.18966762  0.22317001  0.22457932  0.24799804]  max|de|= -0.000248  lindep= 0.555
davidson 4 30  |r|= 0.0131  e= [-0.05483487  0.18931816  0.18968915  0.22320434  0.22363634  0.24770985]  max|de|= -0.000943  lindep= 0.683
davidson 5 36  |r|= 0.00505  e= [-0.0548396   0.1893127   0.1896861   0.22319783  0.22320417  0.24769334]  max|de|= -0.000432  lindep= 0.837
root 0 converged  |r|= 9.85e-05  e= -0.0548395997049  max|de|= 2.15e-16
root 2 converged  |r|= 0.000193  e= 0.189686095037  max|de|= 7.49e-16
root 3 converged  |r|= 0.000268  e= 0.223197833857  max|de|= 2.78e-17
davidson 6 6  |r|= 0.00505  e= [-0.0548396   0.1893127   0.1896861   0.22319783  0.22320417  0.24769334]  max|de|= 7.49e-16  lindep= 0.99
davidson 7 9  |r|= 0.00148  e= [-0.0548396   0.1893119   0.1896861   0.22319864  0.22324917  0.24768754]  max|de|= 4.5e-05  lindep= 0.883
davidson 8 12  |r|= 0.00154  e= [-0.0548396   0.18930966  0.1896861   0.22319743  0.22320737  0.24768967]  max|de|= -4.18e-05  lindep= 0.368
davidson 9 15  |r|= 0.000529  e= [-0.0548396   0.18931164  0.1896861   0.22320172  0.22318127  0.24768652]  max|de|= -2.61e-05  lindep= 0.453
davidson 10 18  |r|= 0.000148  e= [-0.0548396   0.18931074  0.1896861   0.22319953  0.22320759  0.24768669]  max|de|= 2.63e-05  lindep= 0.598
davidson 11 21  |r|= 0.000155  e= [-0.0548396   0.18931135  0.1896861   0.2231995   0.22319777  0.24768681]  max|de|= -9.82e-06  lindep= 0.551
davidson 12 24  |r|= 9.67e-05  e= [-0.0548396   0.18931125  0.1896861   0.22319958  0.22320165  0.2476867 ]  max|de|= 3.88e-06  lindep= 0.599
root 1 converged  |r|= 3.92e-07  e= 0.189311301542  max|de|= 5.46e-08
root 4 converged  |r|= 2.6e-05  e= 0.223201549182  max|de|= -9.67e-08
davidson 13 27  |r|= 2.6e-05  e= [-0.0548396   0.1893113   0.1896861   0.22319962  0.22320155  0.24768695]  max|de|= 2.58e-07  lindep= 0.501
root 5 converged  |r|= 5.79e-06  e= 0.247686925446  max|de|= -2.9e-08
converge 14 28  |r|= 5.79e-06  e= [-0.0548396   0.1893113   0.1896861   0.22319973  0.22320181  0.24768693]  max|de|= 2.58e-07
EA root 0 E = -0.05483959970487457  qpwt = 0.968634
EA root 1 E = 0.1893113015422175  qpwt = 0.959845
EA root 2 E = 0.1896860950371369  qpwt = 0.970443
EA root 3 E = 0.2231997336210757  qpwt = 0.966528
EA root 4 E = 0.223201807349491  qpwt = 0.966522
EA root 5 E = 0.2476869254460434  qpwt = 0.921454
    CPU time for EA-CCSD     39.49 sec, wall time     39.53 sec
