

******** <class 'pyscf.scf.hf.RHF'> flags ********
method = RHF
initial guess = minao
damping factor = 0
level shift factor = 0
Do DIIS = True
DIIS start cycle = 1
DIIS space = 8
SCF tol = 1e-09
SCF gradient tol = None
max. SCF cycles = 50
direct_scf = True
direct_scf_tol = 1e-13
chkfile to save SCF result = /tmp/tmptqr3sB
max_memory 4000 MB (current use 39 MB)
Set gradient conv threshold to 3.16228e-05
Nelec from initial guess = 9.99963
cond(S) = 90.163976743
E_coul = 55.0771739757452
init E= -128.526162296164
    CPU time for initialize scf      0.04 sec, wall time      0.27 sec
  HOMO = -0.775451134361622  LUMO = 0.82021235346237
  mo_energy =
[-32.55683135  -1.85226495  -0.77545113  -0.77545113  -0.77545113
   0.82021235   0.83948603   0.83948603   0.83948603   2.85895367
   2.85895367   2.85895367   2.85895367   2.85895367   4.40523976
   4.40523976   4.40523976   4.89331421   9.72017541   9.72017541
   9.72017541   9.72017541   9.72017541   9.72017541   9.72017541
  11.33465817  11.33465817  11.33465817  11.33465817  11.33465817
  73.61201907]
E_coul = 53.549569263329
cycle= 1 E= -128.538010233108  delta_E= -0.0118  |g|= 0.195  |ddm|= 0.177
    CPU time for cycle= 1      0.00 sec, wall time      0.00 sec
diis-norm(errvec)=0.294168
diis-c [-0.08653468  1.        ]
  HOMO = -0.884329579111259  LUMO = 0.789979146710157
  mo_energy =
[-32.87789926  -1.96596544  -0.88432958  -0.88432958  -0.88432958
   0.78997915   0.81157207   0.81157207   0.81157207   2.79056569
   2.79056569   2.79056569   2.79056569   2.79056569   4.28061052
   4.28061052   4.28061052   4.78383672   9.60931345   9.60931345
   9.60931345   9.60931345   9.60931345   9.60931345   9.60931345
  11.17111743  11.17111743  11.17111743  11.17111743  11.17111743
  73.30637973]
E_coul = 54.3035193249945
cycle= 2 E= -128.540587784304  delta_E= -0.00258  |g|= 0.0986  |ddm|= 0.0815
    CPU time for cycle= 2      0.00 sec, wall time      0.00 sec
diis-norm(errvec)=0.14927
diis-c [ -1.16528970e-05   3.36577214e-01   6.63422786e-01]
  HOMO = -0.848857101683225  LUMO = 0.799590015496032
  mo_energy =
[-32.77099275  -1.92860394  -0.8488571   -0.8488571   -0.8488571
   0.79959002   0.82059733   0.82059733   0.82059733   2.81220054
   2.81220054   2.81220054   2.81220054   2.81220054   4.32115999
   4.32115999   4.32115999   4.81954064   9.64475519   9.64475519
   9.64475519   9.64475519   9.64475519   9.64475519   9.64475519
  11.22474924  11.22474924  11.22474924  11.22474924  11.22474924
  73.40755619]
E_coul = 54.046944543036
cycle= 3 E= -128.541492738119  delta_E= -0.000905  |g|= 0.000376  |ddm|= 0.0278
    CPU time for cycle= 3      0.01 sec, wall time      0.00 sec
diis-norm(errvec)=0.000399191
diis-c [ -6.73218824e-08  -2.79033183e-02  -5.38336401e-02   1.08173696e+00]
  HOMO = -0.84908268216398  LUMO = 0.799547816447883
  mo_energy =
[-32.77122321  -1.92874512  -0.84908268  -0.84908268  -0.84908268
   0.79954782   0.82056638   0.82056638   0.82056638   2.81204365
   2.81204365   2.81204365   2.81204365   2.81204365   4.32099854
   4.32099854   4.32099854   4.81940928   9.64453718   9.64453718
   9.64453718   9.64453718   9.64453718   9.64453718   9.64453718
  11.22452759  11.22452759  11.22452759  11.22452759  11.22452759
  73.40731354]
E_coul = 54.046896307113
cycle= 4 E= -128.541492758329  delta_E= -2.02e-08  |g|= 3.84e-05  |ddm|= 0.000329
    CPU time for cycle= 4      0.00 sec, wall time      0.00 sec
diis-norm(errvec)=5.46887e-05
diis-c [ -5.18933174e-10   5.76227286e-04   1.24548759e-03  -1.27764204e-01
   1.12594249e+00]
  HOMO = -0.849098417412988  LUMO = 0.799541831372746
  mo_energy =
[-32.77123745  -1.92875261  -0.84909842  -0.84909842  -0.84909842
   0.79954183   0.82055788   0.82055788   0.82055788   2.81202735
   2.81202735   2.81202735   2.81202735   2.81202735   4.32097786
   4.32097786   4.32097786   4.81939423   9.64451313   9.64451313
   9.64451313   9.64451313   9.64451313   9.64451313   9.64451313
  11.22450256  11.22450256  11.22450256  11.22450256  11.22450256
  73.40729879]
E_coul = 54.0469483675436
cycle= 5 E= -128.541492758574  delta_E= -2.45e-10  |g|= 4.38e-06  |ddm|= 3.06e-05
    CPU time for cycle= 5      0.01 sec, wall time      0.00 sec
  HOMO = -0.849096118004419  LUMO = 0.79954316961017
  mo_energy =
[-32.77123424  -1.9287496   -0.84909612  -0.84909612  -0.84909612
   0.79954317   0.82055875   0.82055875   0.82055875   2.81202964
   2.81202964   2.81202964   2.81202964   2.81202964   4.32098047
   4.32098047   4.32098047   4.81939705   9.64451641   9.64451641
   9.64451641   9.64451641   9.64451641   9.64451641   9.64451641
  11.2245061   11.2245061   11.2245061   11.2245061   11.2245061
  73.40730195]
    CPU time for scf_cycle      0.06 sec, wall time      0.30 sec
    CPU time for SCF      0.06 sec, wall time      0.30 sec
converged SCF energy = -128.541492758574
RHF E = -128.541492759
RHF eps = [-32.77123424  -1.9287496   -0.84909612  -0.84909612  -0.84909612
   0.79954317   0.82055875   0.82055875   0.82055875   2.81202964
   2.81202964   2.81202964   2.81202964   2.81202964   4.32098047
   4.32098047   4.32098047   4.81939705   9.64451641   9.64451641
   9.64451641   9.64451641   9.64451641   9.64451641   9.64451641
  11.2245061   11.2245061   11.2245061   11.2245061   11.2245061
  73.40730195]
    CPU time for CCSD integral transformation      0.10 sec, wall time      0.10 sec

******** <class 'pyscf.cc.rccsd_slow.RCCSD'> flags ********
CCSD nocc = 4, nvir = 26
frozen orbitals [0]
max_cycle = 50
direct = 0
conv_tol = 1e-07
conv_tol_normt = 1e-05
diis_space = 6
diis_start_cycle = 0
diis_start_energy_diff = 1e+09
Init t2, MP2 energy = -0.261626434829338
    CPU time for init mp2      0.00 sec, wall time      0.00 sec
    CPU time for update t1 t2      0.01 sec, wall time      0.02 sec
istep = 0  E(CCSD) = -0.261576514368842  dE = -0.261576514  norm(t1,t2) = 0.0159549
    CPU time for CCSD iter      0.01 sec, wall time      0.02 sec
    CPU time for update t1 t2      0.02 sec, wall time      0.02 sec
DIIS for step 1
istep = 1  E(CCSD) = -0.262693300275975  dE = -0.00111678591  norm(t1,t2) = 0.00496783
    CPU time for CCSD iter      0.02 sec, wall time      0.02 sec
    CPU time for update t1 t2      0.02 sec, wall time      0.02 sec
diis-c [ -1.70288124e-06   1.00000000e+00]
DIIS for step 2
istep = 2  E(CCSD) = -0.26282184763686  dE = -0.000128547361  norm(t1,t2) = 0.0016039
    CPU time for CCSD iter      0.02 sec, wall time      0.02 sec
    CPU time for update t1 t2      0.02 sec, wall time      0.02 sec
diis-c [ -6.11916965e-08  -1.94196788e-01   1.19419679e+00]
DIIS for step 3
istep = 3  E(CCSD) = -0.262914039572144  dE = -9.21919353e-05  norm(t1,t2) = 0.000454945
    CPU time for CCSD iter      0.02 sec, wall time      0.02 sec
    CPU time for update t1 t2      0.02 sec, wall time      0.02 sec
diis-c [ -1.88071614e-10  -8.86356475e-02   1.23024088e-01   9.65611559e-01]
DIIS for step 4
istep = 4  E(CCSD) = -0.262922302426955  dE = -8.26285481e-06  norm(t1,t2) = 9.71938e-05
    CPU time for CCSD iter      0.02 sec, wall time      0.02 sec
    CPU time for update t1 t2      0.02 sec, wall time      0.02 sec
diis-c [ -3.05216963e-12   3.05614209e-02  -4.18869992e-02  -3.38738625e-01
   1.35006420e+00]
DIIS for step 5
istep = 5  E(CCSD) = -0.262921896267643  dE = 4.06159313e-07  norm(t1,t2) = 5.496e-06
    CPU time for CCSD iter      0.02 sec, wall time      0.02 sec
    CPU time for update t1 t2      0.02 sec, wall time      0.02 sec
diis-c [ -7.21644966e-15   4.05217524e-03  -5.73479195e-03  -4.57868269e-02
   9.23946994e-02   9.55074744e-01]
DIIS for step 6
istep = 6  E(CCSD) = -0.262921949757526  dE = -5.3489883e-08  norm(t1,t2) = 4.74858e-07
    CPU time for CCSD iter      0.02 sec, wall time      0.02 sec
    CPU time for CCSD      0.13 sec, wall time      0.13 sec
CCSD converged
E(CC2) = -128.8044147083319  E_corr = -0.2629219497575258
    CPU time for EOM-CCSD shared one-electron intermediates      0.00 sec, wall time      0.00 sec
    CPU time for EOM-CCSD shared two-electron intermediates      0.00 sec, wall time      0.00 sec
    CPU time for EOM-CCSD IP intermediates      0.01 sec, wall time      0.00 sec
tol 1e-07  toloose 0.000316228
max_cycle 50  max_space 35  max_memory 2000  incore True
davidson 0 5  |r|= 0.669  e= [  0.93057602   0.93057602   0.93057602   1.97865586  73.56862562]  max|de|= 73.6  lindep=    1
davidson 1 10  |r|= 0.229  e= [  0.77963106   0.77966083   0.77966083   1.77572911  73.52581992]  max|de|= -0.203  lindep= 0.918
davidson 2 14  |r|= 0.0773  e= [  0.78115327   0.78115097   0.77967935   1.7765518   73.52660581]  max|de|= 0.00152  lindep= 0.906
root 4 converged  |r|= 5.25e-06  e= 73.5266057688  max|de|= -3.82e-08
davidson 3 19  |r|= 0.00471  e= [  0.78150903   0.78150809   0.78115196   1.77671111  73.52660577]  max|de|= 0.00147  lindep= 0.959
davidson 4 23  |r|= 0.000944  e= [  0.78155071   0.78155079   0.78150739   1.77670622  73.52660577]  max|de|= 0.000355  lindep= 0.798
davidson 5 27  |r|= 9.46e-05  e= [  0.78155208   0.7815521    0.78155095   1.77670262  73.52660577]  max|de|= 4.36e-05  lindep= 0.928
root 0 converged  |r|= 6.19e-07  e= 0.781552064039  max|de|= -1.6e-08
root 1 converged  |r|= 6.12e-07  e= 0.781552060387  max|de|= -3.93e-08
davidson 6 31  |r|= 6.79e-06  e= [  0.78155206   0.78155206   0.78155211   1.77670178  73.52660577]  max|de|= 1.17e-06  lindep= 0.927
root 0 converged  |r|= 6.19e-07  e= 0.781552064039  max|de|= -1.08e-14
root 1 converged  |r|= 6.12e-07  e= 0.781552060387  max|de|= -3.44e-15
root 2 converged  |r|= 6.79e-06  e= 0.78155211454  max|de|= -5.33e-15
root 3 converged  |r|= 2.53e-06  e= 1.77670177637  max|de|= 5.77e-15
root 4 converged  |r|= 5.17e-06  e= 73.5266057688  max|de|= 4.26e-14
converge 7 5  |r|= 6.79e-06  e= [  0.78155206   0.78155206   0.78155211   1.77670178  73.52660577]  max|de|= 4.26e-14
IP root 0 E = 0.7815520640385508  qpwt = 0.968035
IP root 1 E = 0.7815520603874732  qpwt = 0.968035
IP root 2 E = 0.7815521145401663  qpwt = 0.968035
IP root 3 E = 1.776701776366396  qpwt = 0.942791
IP root 4 E = 73.52660576883466  qpwt = 1.89794e-21
    CPU time for IP-CCSD      0.09 sec, wall time      0.09 sec
    CPU time for EOM-CCSD shared one-electron intermediates      0.00 sec, wall time      0.00 sec
    CPU time for EOM-CCSD EA intermediates      0.08 sec, wall time      0.08 sec
tol 1e-07  toloose 0.000316228
max_cycle 50  max_space 38  max_memory 2000  incore True
davidson 0 6  |r|= 0.493  e= [ 0.80896426  0.83868729  0.83868729  0.83868729  2.81838406  2.81838406]  max|de|= 2.82  lindep=    1
davidson 1 12  |r|= 0.114  e= [ 0.76582593  0.80537286  0.80537286  0.80538401  2.72744167  2.72745796]  max|de|= -0.0909  lindep= 0.973
davidson 2 17  |r|= 0.0566  e= [ 0.76545981  0.80489448  0.80537623  0.80488959  2.72934633  2.72934633]  max|de|= 0.0019  lindep= 0.949
davidson 3 22  |r|= 0.0133  e= [ 0.76542211  0.80489367  0.80489367  0.80489284  2.72934603  2.7291944 ]  max|de|= -0.000483  lindep= 0.795
davidson 4 27  |r|= 0.00407  e= [ 0.76542155  0.8048942   0.8048942   0.80489351  2.7291945   2.72920767]  max|de|= -0.000152  lindep= 0.46
davidson 5 32  |r|= 0.00423  e= [ 0.76542082  0.80489347  0.80489347  0.80489473  2.72920956  2.7292546 ]  max|de|= 4.69e-05  lindep= 0.299
root 0 converged  |r|= 7.02e-07  e= 0.765420727232  max|de|= -8.81e-08
davidson 6 37  |r|= 0.00912  e= [ 0.76542073  0.80489392  0.80489392  0.80489494  2.72922993  2.72916318]  max|de|= -9.14e-05  lindep= 0.181
root 0 converged  |r|= 7.02e-07  e= 0.765420727232  max|de|= 4.44e-16
root 1 converged  |r|= 6.16e-05  e= 0.804893889528  max|de|= -3.16e-08
root 3 converged  |r|= 1.16e-06  e= 0.804894935364  max|de|= 9.99e-16
davidson 7 5  |r|= 0.00912  e= [ 0.76542073  0.80489389  0.80489494  0.80489494  2.72922993  2.72916318]  max|de|= 1.01e-06  lindep= 0.999
davidson 8 8  |r|= 0.00554  e= [ 0.80489389  0.80489494  0.76542073  0.80489494  2.72922812  2.7291981 ]  max|de|= -0.0395  lindep= 0.343
root 2 converged  |r|= 1.14e-07  e= 0.765420714189  max|de|= -1.4e-08
davidson 9 11  |r|= 0.232  e= [ 0.80489389  0.80489494  0.76542071  0.80489494  2.73040178  2.72922773]  max|de|= 0.00117  lindep=  0.3
davidson 10 13  |r|= 0.000592  e= [ 0.76542071  0.80489389  0.80489494  0.80489494  2.72922765  2.72922379]  max|de|= 0.0395  lindep= 0.576
davidson 11 15  |r|= 0.0119  e= [ 0.76542072  0.80489389  0.80489494  0.80489494  2.72922714  2.72931823]  max|de|= 9.44e-05  lindep= 0.0975
davidson 12 17  |r|= 0.000115  e= [ 0.76542072  0.80489389  0.80489494  0.80489494  2.72922769  2.72922644]  max|de|= -9.18e-05  lindep= 0.636
root 4 converged  |r|= 2.14e-06  e= 2.72922771356  max|de|= 2.23e-08
davidson 13 19  |r|= 1.5e-05  e= [ 0.76542072  0.80489389  0.80489494  0.80489494  2.72922771  2.72922795]  max|de|= 1.52e-06  lindep= 0.567
davidson 14 20  |r|= 4.28e-06  e= [ 0.76542072  0.80489389  0.80489494  0.80489494  2.72922771  2.72922762]  max|de|= -3.31e-07  lindep= 0.501
root 5 converged  |r|= 5.07e-07  e= 2.72922771081  max|de|= 8.64e-08
converge 15 21  |r|= 5.07e-07  e= [ 0.76542072  0.80489389  0.80489494  0.80489494  2.72922771  2.72922771]  max|de|= 8.64e-08
EA root 0 E = 0.7654207164558926  qpwt = 0.993181
EA root 1 E = 0.8048938881561103  qpwt = 0.994114
EA root 2 E = 0.8048949360397397  qpwt = 0.994113
EA root 3 E = 0.8048949360397397  qpwt = 0.994113
EA root 4 E = 2.72922771081115  qpwt = 0.871322
EA root 5 E = 2.72922771081115  qpwt = 0.871322
    CPU time for EA-CCSD      0.77 sec, wall time      0.77 sec
