

******** <class 'pyscf.scf.hf.RHF'> flags ********
method = RHF
initial guess = minao
damping factor = 0
level shift factor = 0
Do DIIS = True
DIIS start cycle = 1
DIIS space = 8
SCF tol = 1e-09
SCF gradient tol = None
max. SCF cycles = 50
direct_scf = True
direct_scf_tol = 1e-13
chkfile to save SCF result = /tmp/tmp9g5bW6
max_memory 4000 MB (current use 39 MB)
Set gradient conv threshold to 3.16228e-05
Nelec from initial guess = 17.9981
cond(S) = 1280.48062356
E_coul = 148.256666707336
init E= -342.193417664143
    CPU time for initialize scf      0.43 sec, wall time      0.43 sec
  HOMO = -0.299505541938385  LUMO = 0.0938070101044012
  mo_energy =
[-79.91054774  -7.50769643  -5.38509899  -5.38509889  -5.3845643
  -0.98715619  -0.45913226  -0.45912922  -0.29950554   0.09380701
   0.09380765   0.10731827   0.2886465    0.2886466    0.33629448
   0.38187063   0.38631908   0.38632128   0.44482534   0.44482547
   0.51516458   0.6466581    0.7405555    0.74055767   0.9226735
   0.96286995   0.96288639   1.0720819    1.07208875   1.19916885
   1.2781161    1.27812947   1.39290041   1.43129409   1.43129912
   1.50299954   1.55353495   1.72016304   1.7201713    1.78151564
   1.78151595   1.79114509   1.80890672   1.89570236   1.89572033
   2.00348797   2.25686871   2.25687903   2.91745199   2.93542764
   2.935443     3.44071809   3.44072236   3.45602791   3.49940442
   3.4994136    3.74062681   3.81504178   3.81506596   3.87872968
   3.89601217   3.96748257   3.96749485   4.09231143   4.19504264
   4.20835363   4.20836436   4.29937586   4.29940464   4.45349738
   4.47517088   4.47518313   4.66753545   4.90666161   4.9066978
   6.32240844   6.35175866   6.3517843    7.06680943   7.06682784
   8.10433552   8.36905352   8.36906656  16.65506254]
E_coul = 148.030189594711
cycle= 1 E= -342.468118897607  delta_E= -0.275  |g|= 0.167  |ddm|= 1.14
    CPU time for cycle= 1      0.04 sec, wall time      0.04 sec
diis-norm(errvec)=0.562638
diis-c [-0.31656153  1.        ]
  HOMO = -0.390397837069796  LUMO = 0.128362690909563
  mo_energy =
[-79.96560348  -7.50434929  -5.3972698   -5.39726973  -5.39584397
  -0.8733011   -0.5319201   -0.53191856  -0.39039784   0.12836269
   0.13854195   0.13854219   0.28379045   0.28379086   0.34610986
   0.39600557   0.39706383   0.39706573   0.46767387   0.46767402
   0.55536849   0.65559045   0.75919663   0.75919841   0.92089432
   0.96806218   0.96808029   1.07524815   1.07525479   1.20652851
   1.28717335   1.28718786   1.40791712   1.45036085   1.45036589
   1.52300309   1.57615192   1.73367966   1.7336909    1.79710617
   1.79710785   1.80535911   1.82648725   1.91554068   1.91555822
   2.02325274   2.2765401    2.27655059   2.92714658   2.94426075
   2.9442796    3.44589907   3.44590646   3.46391613   3.50856254
   3.50857068   3.74654512   3.82891539   3.8289401    3.89079676
   3.90965557   3.97561303   3.97562524   4.10596686   4.19087244
   4.2089596    4.20897348   4.3083674    4.30839797   4.45387445
   4.47740153   4.47741656   4.66766427   4.90673471   4.9067744
   6.33046004   6.35466828   6.35469427   7.07382129   7.07383975
   8.10752702   8.36569221   8.36570638  16.65548886]
E_coul = 148.361182379668
cycle= 2 E= -342.481849335525  delta_E= -0.0137  |g|= 0.0545  |ddm|= 0.142
    CPU time for cycle= 2      0.04 sec, wall time      0.04 sec
diis-norm(errvec)=0.186463
diis-c [-0.03247611 -0.09869678  1.09869678]
  HOMO = -0.388125940501915  LUMO = 0.137395403713686
  mo_energy =
[-79.93151652  -7.48091624  -5.37418251  -5.37418239  -5.37339894
  -0.8519363   -0.51685215  -0.51685109  -0.38812594   0.1373954
   0.14719452   0.14719485   0.29002352   0.29002368   0.34719301
   0.41102973   0.41103143   0.41107692   0.47288547   0.47288573
   0.57327492   0.66255661   0.76852617   0.76852827   0.9398846
   0.98382022   0.98383754   1.09036297   1.09036992   1.22114187
   1.29753472   1.29754853   1.42754402   1.46244057   1.46244524
   1.53516426   1.5875758    1.74866936   1.74867717   1.80747664
   1.80747769   1.81447201   1.83965974   1.92815511   1.92817322
   2.02665899   2.28589146   2.2859017    2.95823821   2.97557779
   2.97559631   3.47658894   3.47659578   3.4983775    3.54010629
   3.54011459   3.77457504   3.86068817   3.86071258   3.91999497
   3.94891956   4.01174463   4.01175653   4.14285728   4.2217576
   4.24065261   4.2406663    4.34262218   4.34265204   4.48278136
   4.50526183   4.50527637   4.70018295   4.93743023   4.9374693
   6.35073572   6.37446159   6.37448787   7.08984597   7.08986408
   8.12621262   8.39055407   8.39056813  16.67764937]
E_coul = 148.299199713364
cycle= 3 E= -342.48349883368  delta_E= -0.00165  |g|= 0.0183  |ddm|= 0.0652
    CPU time for cycle= 3      0.05 sec, wall time      0.04 sec
diis-norm(errvec)=0.060525
diis-c [ -1.07384251e-03  -9.36885107e-02  -5.00377908e-02   1.14372630e+00]
  HOMO = -0.387990594443235  LUMO = 0.137408123120397
  mo_energy =
[-79.94102275  -7.48602291  -5.3796784   -5.37967828  -5.37902587
  -0.85242319  -0.51939591  -0.51939492  -0.38799059   0.13740812
   0.14873631   0.14873674   0.28934504   0.28934512   0.34725993
   0.41101505   0.41138674   0.41138837   0.47387065   0.473871
   0.57291553   0.66195153   0.76869703   0.76869916   0.93932254
   0.98363125   0.98364848   1.08980331   1.08981025   1.22122234
   1.29771182   1.29772576   1.42625014   1.46130366   1.4613083
   1.53563479   1.58746302   1.74839333   1.74840169   1.80675334
   1.8067537    1.81418112   1.83818702   1.92789222   1.92791032
   2.02684307   2.28567881   2.285689     2.95978931   2.97715788
   2.97717623   3.47711511   3.47712166   3.49812225   3.54091075
   3.54091921   3.77553013   3.86217645   3.86220097   3.92151924
   3.94926156   4.01301154   4.01302345   4.14421869   4.22365301
   4.24175573   4.24176918   4.34372611   4.34375599   4.48397082
   4.50632913   4.50634342   4.70062656   4.93814802   4.93818687
   6.3475128    6.37090495   6.37093132   7.08769458   7.08771267
   8.12276389   8.38593074   8.38594484  16.6735352 ]
E_coul = 148.307200857829
cycle= 4 E= -342.48371577994  delta_E= -0.000217  |g|= 0.00286  |ddm|= 0.0259
    CPU time for cycle= 4      0.04 sec, wall time      0.04 sec
diis-norm(errvec)=0.00949299
diis-c [ -3.33042049e-05   1.40100458e-02   3.85452541e-03  -2.61997275e-01
   1.24413270e+00]
  HOMO = -0.388462082002105  LUMO = 0.137095431957351
  mo_energy =
[-79.94188201  -7.48713397  -5.38077374  -5.38077362  -5.38000262
  -0.85307599  -0.52002572  -0.52002472  -0.38846208   0.13709543
   0.148439     0.14843943   0.28901497   0.28901505   0.34715688
   0.41067192   0.41087455   0.41087619   0.47361111   0.47361146
   0.57225784   0.66147481   0.7682422    0.76824431   0.93858293
   0.98311438   0.98313162   1.08924008   1.08924702   1.22077755
   1.29720448   1.29721843   1.42572278   1.46050407   1.46050872
   1.53511229   1.58688071   1.74771893   1.74772734   1.80597764
   1.80597796   1.81324913   1.83764665   1.92735128   1.92736937
   2.02622601   2.28505996   2.28507017   2.95908402   2.97647935
   2.97649773   3.47636782   3.47637439   3.49731498   3.54013536
   3.5401438    3.77481926   3.86133526   3.86135978   3.92066008
   3.94844288   4.01225208   4.012264     4.14339462   4.2230641
   4.24115382   4.24116728   4.34293347   4.34296339   4.48337421
   4.50570742   4.50572171   4.69999412   4.93749483   4.93753369
   6.34666399   6.36976831   6.36979468   7.08663525   7.08665335
   8.12197649   8.38485256   8.38486667  16.67251683]
E_coul = 148.305622180739
cycle= 5 E= -342.483722414514  delta_E= -6.63e-06  |g|= 0.000498  |ddm|= 0.00601
    CPU time for cycle= 5      0.04 sec, wall time      0.04 sec
diis-norm(errvec)=0.00156331
diis-c [ -5.31713276e-07  -1.56772903e-03  -8.27929861e-04   3.96892713e-02
  -3.10893000e-01   1.27359939e+00]
  HOMO = -0.38849907348183  LUMO = 0.137083513300205
  mo_energy =
[-79.94204997  -7.48715463  -5.38078687  -5.38078675  -5.38001354
  -0.85308857  -0.51999792  -0.51999692  -0.38849907   0.13708351
   0.14845374   0.14845417   0.28903048   0.28903056   0.34714534
   0.4107173    0.41089242   0.41089406   0.47362191   0.47362226
   0.57225943   0.66146244   0.76824702   0.76824913   0.93860892
   0.98314085   0.98315809   1.08927224   1.08927918   1.22080507
   1.29721408   1.29722803   1.4257748    1.46050524   1.46050989
   1.53514871   1.58688459   1.74775095   1.74775936   1.8059742
   1.80597453   1.81321285   1.83766917   1.92738001   1.9273981
   2.02620581   2.28506517   2.28507538   2.95916188   2.97656064
   2.97657901   3.47644079   3.47644736   3.49740582   3.54020604
   3.54021448   3.77488226   3.86140117   3.8614257    3.92071098
   3.94854814   4.01235135   4.01236328   4.14348352   4.22316109
   4.24124985   4.24126331   4.34301848   4.3430484    4.483456
   4.50578723   4.50580151   4.70008821   4.93758458   4.93762344
   6.34671935   6.36978298   6.36980936   7.08665772   7.08667583
   8.1220001    8.38484555   8.38485966  16.67250703]
E_coul = 148.305672269149
cycle= 6 E= -342.483722597215  delta_E= -1.83e-07  |g|= 7.02e-05  |ddm|= 0.00121
    CPU time for cycle= 6      0.04 sec, wall time      0.04 sec
diis-norm(errvec)=0.000196324
diis-c [ -1.72323950e-08  -1.50520273e-04   2.55121015e-04   5.11094547e-04
   1.37500888e-02  -1.66610281e-01   1.15224450e+00]
  HOMO = -0.388499440012193  LUMO = 0.137081143532765
  mo_energy =
[-79.94195797  -7.48712006  -5.38074862  -5.3807485   -5.37997829
  -0.85309021  -0.51999145  -0.51999046  -0.38849944   0.13708114
   0.14845511   0.14845555   0.28903145   0.28903153   0.34714318
   0.41071937   0.41089419   0.41089582   0.47362524   0.47362559
   0.5722578    0.66146273   0.76824825   0.76825037   0.93860799
   0.98313876   0.983156     1.08927283   1.08927977   1.22080381
   1.29721637   1.29723032   1.42577799   1.46051054   1.46051519
   1.53515149   1.58688772   1.74775452   1.74776293   1.80598068
   1.80598101   1.8132158    1.83767128   1.92738213   1.92740022
   2.02621096   2.2850699    2.28508012   2.95915964   2.97655884
   2.97657721   3.47643795   3.47644451   3.49740235   3.54020342
   3.54021187   3.77487952   3.86140105   3.86142558   3.92071052
   3.94854574   4.01234863   4.01236056   4.14348257   4.22316049
   4.24124745   4.2412609    4.34302084   4.34305076   4.48345467
   4.50578851   4.5058028    4.7000892    4.93758627   4.93762513
   6.34673848   6.36979975   6.36982613   7.08667511   7.08669322
   8.1220262    8.38486966   8.38488377  16.67253168]
E_coul = 148.305528919173
cycle= 7 E= -342.483722599675  delta_E= -2.46e-09  |g|= 1.83e-05  |ddm|= 0.000109
    CPU time for cycle= 7      0.05 sec, wall time      0.04 sec
diis-norm(errvec)=3.918e-05
diis-c [ -9.52628337e-10   3.28130143e-05   4.86734543e-05  -1.21597116e-03
   9.41346485e-03  -3.87162268e-02  -1.48416633e-02   1.04527891e+00]
  HOMO = -0.388503051023935  LUMO = 0.137080791281895
  mo_energy =
[-79.94199048  -7.48713607  -5.38076538  -5.38076527  -5.37999518
  -0.85309224  -0.51999239  -0.51999139  -0.38850305   0.13708079
   0.14845393   0.14845437   0.28903127   0.28903135   0.34714183
   0.41071851   0.41089252   0.41089415   0.47362373   0.47362408
   0.57225676   0.66146173   0.76824722   0.76824934   0.93860804
   0.9831383    0.98315554   1.08927209   1.08927903   1.22080291
   1.2972149    1.29722885   1.42577596   1.46050631   1.46051096
   1.53514897   1.58688532   1.74775164   1.74776005   1.80597713
   1.80597745   1.81321306   1.83766784   1.92738016   1.92739825
   2.02620791   2.2850669    2.28507711   2.9591598    2.97655929
   2.97657766   3.47643839   3.47644495   3.49740291   3.54020345
   3.5402119    3.77487966   3.86140038   3.86142491   3.92070999
   3.94854553   4.01234912   4.01236105   4.14348175   4.22316158
   4.24124772   4.24126118   4.34301942   4.34304934   4.4834545
   4.50578821   4.5058025    4.70008883   4.93758531   4.93762417
   6.34672886   6.36978964   6.36981602   7.08666529   7.0866834    8.122014
   8.38485796   8.38487207  16.67251966]
E_coul = 148.305591355831
cycle= 8 E= -342.483722599766  delta_E= -9.13e-11  |g|= 3.89e-06  |ddm|= 1.95e-05
    CPU time for cycle= 8      0.04 sec, wall time      0.04 sec
  HOMO = -0.388502189100361  LUMO = 0.137081039358679
  mo_energy =
[-79.94198376  -7.48713214  -5.3807614   -5.38076128  -5.37999111
  -0.85309132  -0.51999189  -0.5199909   -0.38850219   0.13708104
   0.14845448   0.14845491   0.28903142   0.2890315    0.34714222
   0.41071928   0.41089313   0.41089477   0.47362439   0.47362474
   0.57225724   0.66146222   0.76824774   0.76824986   0.93860819
   0.98313853   0.98315577   1.08927244   1.08927938   1.22080326
   1.29721551   1.29722945   1.42577694   1.46050773   1.46051238
   1.53515002   1.58688636   1.74775267   1.74776108   1.80597836
   1.80597868   1.81321394   1.83766909   1.92738116   1.92739925
   2.02620914   2.28506807   2.28507828   2.95915985   2.97655931
   2.97657768   3.47643843   3.47644499   3.49740302   3.54020355
   3.540212     3.77487975   3.86140066   3.86142519   3.92071022
   3.94854575   4.01234917   4.0123611    4.14348203   4.22316148
   4.24124776   4.24126122   4.34301988   4.3430498    4.48345459
   4.5057885    4.50580278   4.70008908   4.93758566   4.93762452
   6.34673168   6.36979229   6.36981867   7.08666799   7.08668609
   8.12201732   8.38486076   8.38487487  16.67252275]
    CPU time for scf_cycle      0.78 sec, wall time      0.79 sec
    CPU time for SCF      0.79 sec, wall time      0.79 sec
converged SCF energy = -342.483722599766
RHF E = -342.4837226
RHF eps = [-79.94198376  -7.48713214  -5.3807614   -5.38076128  -5.37999111
  -0.85309132  -0.51999189  -0.5199909   -0.38850219   0.13708104
   0.14845448   0.14845491   0.28903142   0.2890315    0.34714222
   0.41071928   0.41089313   0.41089477   0.47362439   0.47362474
   0.57225724   0.66146222   0.76824774   0.76824986   0.93860819
   0.98313853   0.98315577   1.08927244   1.08927938   1.22080326
   1.29721551   1.29722945   1.42577694   1.46050773   1.46051238
   1.53515002   1.58688636   1.74775267   1.74776108   1.80597836
   1.80597868   1.81321394   1.83766909   1.92738116   1.92739925
   2.02620914   2.28506807   2.28507828   2.95915985   2.97655931
   2.97657768   3.47643843   3.47644499   3.49740302   3.54020355
   3.540212     3.77487975   3.86140066   3.86142519   3.92071022
   3.94854575   4.01234917   4.0123611    4.14348203   4.22316148
   4.24124776   4.24126122   4.34301988   4.3430498    4.48345459
   4.5057885    4.50580278   4.70008908   4.93758566   4.93762452
   6.34673168   6.36979229   6.36981867   7.08666799   7.08668609
   8.12201732   8.38486076   8.38487487  16.67252275]
    CPU time for CCSD integral transformation      3.90 sec, wall time      3.91 sec

******** <class 'pyscf.cc.rccsd_slow.RCCSD'> flags ********
CCSD nocc = 4, nvir = 75
frozen orbitals [0, 1, 2, 3, 4]
max_cycle = 50
direct = 0
conv_tol = 1e-07
conv_tol_normt = 1e-05
diis_space = 6
diis_start_cycle = 0
diis_start_energy_diff = 1e+09
Init t2, MP2 energy = -0.170446966300334
    CPU time for init mp2      0.01 sec, wall time      0.00 sec
    CPU time for update t1 t2      0.59 sec, wall time      0.59 sec
istep = 0  E(CCSD) = -0.170420939878523  dE = -0.17042094  norm(t1,t2) = 0.022173
    CPU time for CCSD iter      0.59 sec, wall time      0.59 sec
    CPU time for update t1 t2      0.57 sec, wall time      0.58 sec
DIIS for step 1
istep = 1  E(CCSD) = -0.17133584091496  dE = -0.000914901036  norm(t1,t2) = 0.010731
    CPU time for CCSD iter      0.57 sec, wall time      0.58 sec
    CPU time for update t1 t2      0.58 sec, wall time      0.57 sec
diis-c [ -1.45988530e-05   1.00000000e+00]
DIIS for step 2
istep = 2  E(CCSD) = -0.171545063824892  dE = -0.00020922291  norm(t1,t2) = 0.00491246
    CPU time for CCSD iter      0.58 sec, wall time      0.58 sec
    CPU time for update t1 t2      0.57 sec, wall time      0.57 sec
diis-c [ -3.26186142e-07  -8.14669689e-01   1.81466969e+00]
DIIS for step 3
istep = 3  E(CCSD) = -0.171765058336162  dE = -0.000219994511  norm(t1,t2) = 0.00241742
    CPU time for CCSD iter      0.57 sec, wall time      0.57 sec
    CPU time for update t1 t2      0.58 sec, wall time      0.57 sec
diis-c [ -2.03770608e-08  -1.16776342e-01   1.69378932e-01   9.47397410e-01]
DIIS for step 4
istep = 4  E(CCSD) = -0.17176563269027  dE = -5.74354107e-07  norm(t1,t2) = 0.00026838
    CPU time for CCSD iter      0.58 sec, wall time      0.58 sec
    CPU time for update t1 t2      0.57 sec, wall time      0.57 sec
diis-c [ -5.12202447e-10   8.93366639e-02  -1.58456204e-01  -3.72455736e-01
   1.44157528e+00]
DIIS for step 5
istep = 5  E(CCSD) = -0.171762397237013  dE = 3.23545326e-06  norm(t1,t2) = 7.11264e-05
    CPU time for CCSD iter      0.58 sec, wall time      0.57 sec
    CPU time for update t1 t2      0.58 sec, wall time      0.59 sec
diis-c [ -5.45903323e-11  -2.14469276e-02   3.95481215e-02   7.07974382e-02
  -3.84008318e-01   1.29510969e+00]
DIIS for step 6
istep = 6  E(CCSD) = -0.171762543632139  dE = -1.46395126e-07  norm(t1,t2) = 1.25394e-05
    CPU time for CCSD iter      0.58 sec, wall time      0.59 sec
    CPU time for update t1 t2      0.59 sec, wall time      0.59 sec
diis-c [ -4.50064985e-12  -9.01331837e-03   1.61527376e-02   3.67631416e-02
  -1.29473773e-01  -1.26381069e-01   1.21195228e+00]
DIIS for step 7
istep = 7  E(CCSD) = -0.171762404687755  dE = 1.38944383e-07  norm(t1,t2) = 4.34179e-06
    CPU time for CCSD iter      0.59 sec, wall time      0.59 sec
    CPU time for update t1 t2      0.58 sec, wall time      0.58 sec
diis-c [ -1.24794619e-12   1.23132999e+00   3.66422846e-04  -3.04645640e-03
   5.80486399e-03   2.60476758e-02  -2.60502492e-01]
DIIS for step 8
istep = 8  E(CCSD) = -0.171762256918759  dE = 1.47768996e-07  norm(t1,t2) = 1.72422e-06
    CPU time for CCSD iter      0.58 sec, wall time      0.58 sec
    CPU time for update t1 t2      0.57 sec, wall time      0.57 sec
diis-c [ -1.27511890e-12   1.89440955e-01   9.01111970e-01  -7.05956784e-04
   2.43039746e-03   1.57139501e-02  -1.07991315e-01]
DIIS for step 9
istep = 9  E(CCSD) = -0.171762153314746  dE = 1.03604013e-07  norm(t1,t2) = 1.34248e-06
    CPU time for CCSD iter      0.57 sec, wall time      0.57 sec
    CPU time for update t1 t2      0.59 sec, wall time      0.58 sec
diis-c [ -5.55944180e-13  -3.37509147e-01   3.67404154e+00  -2.24666249e+00
   2.43081765e-04   2.47593091e-02  -1.14872299e-01]
DIIS for step 10
istep = 10  E(CCSD) = -0.17176237046767  dE = -2.17152924e-07  norm(t1,t2) = 1.64776e-06
    CPU time for CCSD iter      0.59 sec, wall time      0.59 sec
    CPU time for update t1 t2      0.57 sec, wall time      0.57 sec
diis-c [ -2.26763053e-14  -2.99254846e-01   1.33944282e+00   2.89910435e-01
  -3.05205646e-01   1.33421576e-02  -3.82349185e-02]
DIIS for step 11
istep = 11  E(CCSD) = -0.171762134043286  dE = 2.36424384e-07  norm(t1,t2) = 5.33693e-06
    CPU time for CCSD iter      0.58 sec, wall time      0.57 sec
    CPU time for update t1 t2      0.57 sec, wall time      0.57 sec
diis-c [ -2.93931546e-14  -3.20873320e-01   1.17608409e+00   5.01790121e-01
  -2.15880455e-01  -1.41702814e-01   5.82380470e-04]
DIIS for step 12
istep = 12  E(CCSD) = -0.171762142149223  dE = -8.10593739e-09  norm(t1,t2) = 4.20431e-06
    CPU time for CCSD iter      0.57 sec, wall time      0.57 sec
    CPU time for CCSD      7.53 sec, wall time      7.54 sec
CCSD converged
E(CC2) = -342.6554847419152  E_corr = -0.1717621421492234
    CPU time for EOM-CCSD shared one-electron intermediates      0.02 sec, wall time      0.02 sec
    CPU time for EOM-CCSD shared two-electron intermediates      0.02 sec, wall time      0.03 sec
    CPU time for EOM-CCSD IP intermediates      0.04 sec, wall time      0.03 sec
tol 1e-07  toloose 0.000316228
max_cycle 50  max_space 38  max_memory 2000  incore True
davidson 0 6  |r|= 0.245  e= [  0.43240027   0.56266936   0.56267043   0.88386781  17.0012627
   8.74515617]  max|de|=   17  lindep=    1
davidson 1 12  |r|= 0.126  e= [  0.38006966   0.49864153   0.4986229    0.76101694  16.99824751
   8.745995  ]  max|de|= -0.123  lindep= 0.924
davidson 2 18  |r|= 0.0389  e= [  0.37968362   0.49752165   0.49751134   0.73561686  16.99806367
   8.74578051]  max|de|= -0.0254  lindep= 0.275
davidson 3 24  |r|= 0.0724  e= [  0.37987789   0.49775122   0.4977496    0.73423321  16.99805479
   8.74551849]  max|de|= -0.00138  lindep= 0.0511
davidson 4 30  |r|= 0.00512  e= [  0.37989542   0.49772728   0.49772672   0.73413744  16.99805107
   8.74551987]  max|de|= -9.58e-05  lindep= 0.207
root 4 converged  |r|= 1.72e-06  e= 16.9980510834  max|de|= 1.07e-08
davidson 5 36  |r|= 0.00384  e= [  0.37989485   0.49772185   0.49772287   0.73412571  16.99805108
   8.74552019]  max|de|= -1.17e-05  lindep= 0.556
root 0 converged  |r|= 4.69e-05  e= 0.379894849279  max|de|= -1.89e-15
root 1 converged  |r|= 0.000108  e= 0.497721851888  max|de|= 2.39e-15
root 2 converged  |r|= 0.000103  e= 0.497722867637  max|de|= 4.27e-15
root 4 converged  |r|= 1.72e-06  e= 16.9980510834  max|de|= -7.11e-15
davidson 6 6  |r|= 0.00384  e= [  0.37989485   0.49772185   0.49772287   0.73412571  16.99805108
   8.74552019]  max|de|= -8.88e-15  lindep=    1
davidson 7 8  |r|= 0.00257  e= [  0.37989481   0.49772185   0.49772297   0.73411006  16.99805108
   8.74551585]  max|de|= -1.56e-05  lindep= 0.685
davidson 8 10  |r|= 0.00149  e= [  0.37989476   0.49772185   0.49772298   0.73410776  16.99805108
   8.74551844]  max|de|= 2.58e-06  lindep= 0.731
davidson 9 12  |r|= 0.0014  e= [  0.37989475   0.49772185   0.49772297   0.73410961  16.99805108
   8.74551817]  max|de|= 1.85e-06  lindep= 0.358
davidson 10 14  |r|= 0.00299  e= [  0.37989475   0.49772185   0.49772299   0.73410852  16.99805108
   8.74551348]  max|de|= -4.7e-06  lindep= 0.195
davidson 11 16  |r|= 0.00457  e= [  0.37989476   0.49772185   0.49772299   0.73410763  16.99805108
   8.74551184]  max|de|= -1.63e-06  lindep= 0.243
davidson 12 18  |r|= 0.00258  e= [  0.37989477   0.49772185   0.49772295   0.7341073   16.99805108
   8.74551137]  max|de|= -4.74e-07  lindep= 0.0426
davidson 13 20  |r|= 0.00508  e= [  0.37989473   0.49772185   0.49772295   0.73410752  16.99805108
   8.74550735]  max|de|= -4.02e-06  lindep= 0.0256
root 3 converged  |r|= 5.61e-06  e= 0.734107513922  max|de|= -8.58e-09
davidson 14 22  |r|= 0.00186  e= [  0.37989474   0.49772185   0.4977233    0.73410751  16.99805108
   8.74552318]  max|de|= 1.58e-05  lindep= 0.0202
davidson 15 23  |r|= 7.45e-05  e= [  0.37989474   0.49772185   0.4977233    0.73410751  16.99805108
   8.7455184 ]  max|de|= -4.78e-06  lindep= 0.658
davidson 16 24  |r|= 0.0041  e= [  0.37989474   0.49772185   0.4977233    0.73410751  16.99805108
   8.7455064 ]  max|de|= -1.2e-05  lindep= 0.109
davidson 17 25  |r|= 2.7e-06  e= [  0.37989474   0.49772185   0.4977233    0.73410751  16.99805108
   8.74551819]  max|de|= 1.18e-05  lindep= 0.53
root 5 converged  |r|= 7.53e-07  e= 8.74551818997  max|de|= -3.95e-09
converge 18 26  |r|= 7.53e-07  e= [  0.37989474   0.49772185   0.4977233    0.73410751  16.99805108
   8.74551819]  max|de|= -3.95e-09
IP root 0 E = 0.3798947431569202  qpwt = 0.959469
IP root 1 E = 0.4977218540534193  qpwt = 0.949572
IP root 2 E = 0.4977232972051991  qpwt = 0.949573
IP root 3 E = 0.7341075139218106  qpwt = 0.67509
IP root 4 E = 16.99805108339839  qpwt = 5.54711e-08
IP root 5 E = 8.745518189969895  qpwt = 1.73768e-09
    CPU time for IP-CCSD      0.33 sec, wall time      0.33 sec
    CPU time for EOM-CCSD shared one-electron intermediates      0.02 sec, wall time      0.02 sec
    CPU time for EOM-CCSD EA intermediates      2.27 sec, wall time      2.28 sec
tol 1e-07  toloose 0.000316228
max_cycle 50  max_space 38  max_memory 2000  incore True
davidson 0 6  |r|= 0.237  e= [ 0.14175268  0.16135126  0.16135159  0.29443387  0.29443394  0.3544156 ]  max|de|= 0.354  lindep=    1
davidson 1 12  |r|= 0.0471  e= [ 0.10855989  0.11346462  0.11345999  0.26121849  0.26120754  0.31814322]  max|de|= -0.0479  lindep= 0.974
davidson 2 18  |r|= 0.0166  e= [ 0.10620466  0.1095026   0.10950028  0.25991711  0.25991913  0.31682992]  max|de|= -0.00396  lindep= 0.829
davidson 3 24  |r|= 0.0042  e= [ 0.1063244   0.10972438  0.10972556  0.25995652  0.25995599  0.31678781]  max|de|= 0.000225  lindep= 0.822
davidson 4 30  |r|= 0.00178  e= [ 0.1063066   0.10967263  0.10967341  0.25995557  0.25995428  0.31679134]  max|de|= -5.22e-05  lindep= 0.887
davidson 5 36  |r|= 0.000861  e= [ 0.10630564  0.1096822   0.10968265  0.25996606  0.25996758  0.31678899]  max|de|= 1.33e-05  lindep= 0.775
root 0 converged  |r|= 0.000175  e= 0.106305640229  max|de|= -8.05e-16
root 1 converged  |r|= 0.000155  e= 0.109682203508  max|de|= -4.58e-16
root 2 converged  |r|= 0.000155  e= 0.109682647066  max|de|= 9.71e-17
davidson 6 6  |r|= 0.000861  e= [ 0.10630564  0.1096822   0.10968265  0.25996606  0.25996758  0.31678899]  max|de|= 8.33e-16  lindep=    1
davidson 7 9  |r|= 0.000507  e= [ 0.10630553  0.10968199  0.10968232  0.25996775  0.25996832  0.31678435]  max|de|= -4.64e-06  lindep= 0.985
davidson 8 12  |r|= 0.00048  e= [ 0.10630547  0.10968197  0.10968233  0.25996607  0.25996672  0.31677768]  max|de|= -6.67e-06  lindep= 0.618
davidson 9 15  |r|= 0.000244  e= [ 0.10630539  0.10968206  0.10968242  0.25996631  0.25996696  0.31677596]  max|de|= -1.72e-06  lindep= 0.866
root 3 converged  |r|= 1.3e-05  e= 0.259966379247  max|de|= 6.51e-08
root 4 converged  |r|= 1.25e-05  e= 0.259967051565  max|de|= 9.11e-08
davidson 10 18  |r|= 0.000103  e= [ 0.10630537  0.10968183  0.10968215  0.25996638  0.25996705  0.31677667]  max|de|= 7.11e-07  lindep= 0.802
davidson 11 19  |r|= 4.52e-05  e= [ 0.10630529  0.10968183  0.10968215  0.25996638  0.25996705  0.31677845]  max|de|= 1.79e-06  lindep= 0.89
davidson 12 20  |r|= 2.15e-05  e= [ 0.10630511  0.10968183  0.10968215  0.25996638  0.25996705  0.31677735]  max|de|= -1.11e-06  lindep= 0.661
davidson 13 21  |r|= 7.03e-06  e= [ 0.10630562  0.10968183  0.10968215  0.25996638  0.25996705  0.31677774]  max|de|= 5.1e-07  lindep= 0.739
davidson 14 22  |r|= 2.21e-06  e= [ 0.10630652  0.10968183  0.10968215  0.25996638  0.25996705  0.31677758]  max|de|= 8.92e-07  lindep= 0.814
root 5 converged  |r|= 7.53e-07  e= 0.31677764068  max|de|= 6.14e-08
converge 15 23  |r|= 7.53e-07  e= [ 0.10630654  0.10968183  0.10968215  0.25996638  0.25996705  0.31677764]  max|de|= 6.14e-08
EA root 0 E = 0.1063065382235805  qpwt = 0.981673
EA root 1 E = 0.1096818269422911  qpwt = 0.971026
EA root 2 E = 0.109682151374252  qpwt = 0.971026
EA root 3 E = 0.259966379073094  qpwt = 0.966886
EA root 4 E = 0.2599670515646048  qpwt = 0.966888
EA root 5 E = 0.316777640679807  qpwt = 0.965924
    CPU time for EA-CCSD     10.01 sec, wall time     10.02 sec
