

******** <class 'pyscf.scf.hf.RHF'> flags ********
method = RHF
initial guess = minao
damping factor = 0
level shift factor = 0
Do DIIS = True
DIIS start cycle = 1
DIIS space = 8
SCF tol = 1e-09
SCF gradient tol = None
max. SCF cycles = 50
direct_scf = True
direct_scf_tol = 1e-13
chkfile to save SCF result = /tmp/tmpb1V7zf
max_memory 4000 MB (current use 39 MB)
Set gradient conv threshold to 3.16228e-05
Nelec from initial guess = 23.9995
cond(S) = 37409.5320423
E_coul = 121.571649919438
init E= -152.584521207908
    CPU time for initialize scf      2.48 sec, wall time      2.50 sec
  HOMO = -0.257454381710652  LUMO = -0.13750990677499
  mo_energy =
[ -1.14699834e+01  -1.14626063e+01  -1.14355499e+01  -1.14349658e+01
  -1.81435460e+00  -1.07329264e+00  -7.52393044e-01  -5.01349448e-01
  -4.68204157e-01  -4.03129648e-01  -2.83197792e-01  -2.57454382e-01
  -1.37509907e-01  -1.69964493e-02   5.81620272e-02   1.28702594e-01
   1.97076642e-01   2.23104695e-01   2.54420682e-01   2.80439588e-01
   2.82750405e-01   2.96469175e-01   3.15015036e-01   3.60298853e-01
   3.68879652e-01   3.87204302e-01   4.13242231e-01   4.26580002e-01
   4.46541566e-01   4.56804386e-01   4.61946962e-01   4.76664161e-01
   5.51980353e-01   5.69082669e-01   5.86728389e-01   6.63984142e-01
   7.65434486e-01   8.46965810e-01   9.22776814e-01   9.45537623e-01
   1.03321513e+00   1.05432564e+00   1.05904836e+00   1.14362894e+00
   1.17078507e+00   1.21533874e+00   1.23957506e+00   1.26718363e+00
   1.27298188e+00   1.31043801e+00   1.31732761e+00   1.33865691e+00
   1.42133082e+00   1.42669167e+00   1.44088448e+00   1.44535095e+00
   1.58588042e+00   1.62501946e+00   1.62665221e+00   1.63336696e+00
   1.80282474e+00   1.82811815e+00   1.85962482e+00   1.93129443e+00
   1.99384741e+00   2.12398782e+00   2.14381927e+00   2.24015374e+00
   2.33560521e+00   2.47068029e+00   2.49521649e+00   2.50615413e+00
   2.53359940e+00   2.53745033e+00   2.66908906e+00   2.77613729e+00
   2.78349822e+00   2.81730532e+00   2.85143334e+00   2.91411731e+00
   2.98568122e+00   3.10220303e+00   3.11686573e+00   3.12169667e+00
   3.17152149e+00   3.23559299e+00   3.27990264e+00   3.28796279e+00
   3.34048390e+00   3.34779998e+00   3.42115223e+00   3.45834664e+00
   3.50106990e+00   3.50211503e+00   3.51591927e+00   3.55924043e+00
   3.57586358e+00   3.64051017e+00   3.66175961e+00   3.66898835e+00
   3.68508066e+00   3.85531012e+00   4.20336747e+00   4.27871393e+00
   4.28254139e+00   4.30390215e+00   4.32041379e+00   4.36030101e+00
   4.37031899e+00   4.37124008e+00   4.48290277e+00   4.53665271e+00
   4.54958218e+00   4.62158391e+00   4.76262847e+00   4.83502343e+00
   4.92108370e+00   5.00827981e+00   5.09703581e+00   5.39503022e+00
   2.27901948e+01   2.27931156e+01   2.30827137e+01   2.31667547e+01]
E_coul = 122.041816851808
cycle= 1 E= -151.15903950567  delta_E= 1.43  |g|= 0.325  |ddm|= 1.97
    CPU time for cycle= 1      0.16 sec, wall time      0.16 sec
diis-norm(errvec)=1.12215
diis-c [-1.25921291  1.        ]
  HOMO = -0.450707758598669  LUMO = -0.0582392409280642
  mo_energy =
[-11.42986849 -11.42983319 -11.41687057 -11.41593199  -1.42155858
  -1.05688668  -0.80540183  -0.62340078  -0.61245608  -0.60209179
  -0.47267339  -0.45070776  -0.05823924   0.03227728   0.07537514
   0.17679445   0.20803239   0.21465706   0.25480789   0.26172113
   0.27031196   0.28258716   0.31650868   0.35888164   0.35904415
   0.38040086   0.39126617   0.42763066   0.43995252   0.45593811
   0.4630229    0.47129824   0.55204424   0.58909852   0.60593742
   0.66753824   0.73826594   0.81651306   0.90127583   0.90890725
   1.0198174    1.04133669   1.05765888   1.13021311   1.16498654
   1.19893474   1.24278382   1.25519876   1.2778217    1.30413983
   1.30504325   1.35179171   1.42278782   1.42995104   1.44381179
   1.44532691   1.57940081   1.59874193   1.62453545   1.62937453
   1.76822121   1.82629763   1.83412135   1.89758597   1.97228664
   2.09199368   2.11001789   2.22287624   2.3215064    2.43428426
   2.45430713   2.49176196   2.51879052   2.51943352   2.65662946
   2.74540585   2.74615801   2.7839909    2.82742055   2.91848802
   2.96646758   3.09306647   3.09404501   3.09416142   3.14967936
   3.22057993   3.26419855   3.2723791    3.32824447   3.34501333
   3.40796214   3.44207903   3.49107665   3.49949972   3.49954057
   3.56405952   3.59377227   3.63293797   3.63763546   3.65128968
   3.66362079   3.84761904   4.20212947   4.2789521    4.28121507
   4.2960072    4.29995383   4.3415762    4.37632045   4.37651592
   4.4859702    4.5087264    4.55543894   4.59106288   4.75122479
   4.8193643    4.90619106   5.00161582   5.10238669   5.39783933
  22.79970613  22.80590729  23.12379932  23.19974973]
E_coul = 123.46043960147
cycle= 2 E= -151.194045800181  delta_E= -0.035  |g|= 0.103  |ddm|= 0.389
    CPU time for cycle= 2      0.16 sec, wall time      0.16 sec
diis-norm(errvec)=0.33351
diis-c [-0.09958249  0.09108705  0.90891295]
  HOMO = -0.418695966343906  LUMO = -0.0200616198446368
  mo_energy =
[ -1.13630498e+01  -1.13630387e+01  -1.13318237e+01  -1.13308028e+01
  -1.35016792e+00  -1.00175214e+00  -7.63221445e-01  -5.92748142e-01
  -5.65060838e-01  -5.63228640e-01  -4.51199165e-01  -4.18695966e-01
  -2.00616198e-02   6.94258220e-02   1.07066555e-01   2.01815131e-01
   2.19074198e-01   2.30874305e-01   2.67680190e-01   2.68597571e-01
   2.89159426e-01   2.90897881e-01   3.23693740e-01   3.66590883e-01
   3.74384955e-01   4.01262782e-01   4.01403906e-01   4.36997982e-01
   4.50920003e-01   4.65055288e-01   4.82695222e-01   4.97834922e-01
   5.83191432e-01   6.36043546e-01   6.37542871e-01   7.04419632e-01
   7.65725108e-01   8.47558712e-01   9.29270029e-01   9.36033861e-01
   1.04059129e+00   1.06537894e+00   1.08394234e+00   1.15574243e+00
   1.18705242e+00   1.22332955e+00   1.26613385e+00   1.27985240e+00
   1.30812713e+00   1.32690065e+00   1.32746347e+00   1.37174242e+00
   1.44885965e+00   1.44904287e+00   1.46613478e+00   1.46668841e+00
   1.60441728e+00   1.64566686e+00   1.65090999e+00   1.66284793e+00
   1.80419876e+00   1.85664712e+00   1.87420491e+00   1.93909404e+00
   2.00954048e+00   2.13684072e+00   2.15843486e+00   2.24922482e+00
   2.35612841e+00   2.48916577e+00   2.51238293e+00   2.54423316e+00
   2.55726337e+00   2.56224615e+00   2.69434457e+00   2.78382043e+00
   2.79835138e+00   2.83034430e+00   2.88142226e+00   2.96090109e+00
   3.01869850e+00   3.12585799e+00   3.13445280e+00   3.14383296e+00
   3.19470158e+00   3.25193553e+00   3.30976627e+00   3.31742450e+00
   3.36817144e+00   3.38245375e+00   3.44577337e+00   3.48077293e+00
   3.52636737e+00   3.53565020e+00   3.53568803e+00   3.59876737e+00
   3.62670225e+00   3.66876291e+00   3.68032515e+00   3.69079055e+00
   3.70574526e+00   3.88476667e+00   4.25646805e+00   4.32667851e+00
   4.33809446e+00   4.34291073e+00   4.34295182e+00   4.38477360e+00
   4.41974423e+00   4.42449459e+00   4.53801559e+00   4.55283825e+00
   4.60079060e+00   4.64140429e+00   4.79642225e+00   4.87357995e+00
   4.96186710e+00   5.05859431e+00   5.15512965e+00   5.45532252e+00
   2.28633442e+01   2.28718138e+01   2.32047742e+01   2.32771896e+01]
E_coul = 123.080097300395
cycle= 3 E= -151.19752967501  delta_E= -0.00348  |g|= 0.033  |ddm|= 0.186
    CPU time for cycle= 3      0.16 sec, wall time      0.16 sec
diis-norm(errvec)=0.107233
diis-c [-0.00350181 -0.08924942 -0.02824536  1.11749478]
  HOMO = -0.422522425528572  LUMO = -0.0196429537987127
  mo_energy =
[ -1.13638623e+01  -1.13638134e+01  -1.13511747e+01  -1.13502142e+01
  -1.35915607e+00  -1.00792362e+00  -7.67652676e-01  -5.95261015e-01
  -5.71534932e-01  -5.70835779e-01  -4.56412367e-01  -4.22522426e-01
  -1.96429538e-02   6.42971339e-02   1.05346684e-01   2.00489932e-01
   2.19103946e-01   2.30044864e-01   2.67456446e-01   2.68123330e-01
   2.88513898e-01   2.90096111e-01   3.23742730e-01   3.66078813e-01
   3.74196845e-01   3.98329028e-01   4.00764607e-01   4.36006829e-01
   4.49897277e-01   4.64899159e-01   4.81694006e-01   4.96079041e-01
   5.81382470e-01   6.32282714e-01   6.32985988e-01   6.99918727e-01
   7.63476596e-01   8.43102834e-01   9.27147040e-01   9.33140350e-01
   1.03982695e+00   1.06307846e+00   1.08202877e+00   1.15412170e+00
   1.18472448e+00   1.22091125e+00   1.26380393e+00   1.27596064e+00
   1.30318063e+00   1.32554781e+00   1.32659351e+00   1.37077068e+00
   1.44647792e+00   1.44747684e+00   1.46462213e+00   1.46528036e+00
   1.60472410e+00   1.64023336e+00   1.64980413e+00   1.65931337e+00
   1.80297993e+00   1.85436514e+00   1.86609608e+00   1.93468236e+00
   2.00704822e+00   2.13265420e+00   2.15069487e+00   2.24819318e+00
   2.35168435e+00   2.48214384e+00   2.50274962e+00   2.53756226e+00
   2.55342865e+00   2.55501458e+00   2.68974743e+00   2.78028552e+00
   2.79207253e+00   2.82552328e+00   2.87330290e+00   2.95744145e+00
   3.01242435e+00   3.12441770e+00   3.12983944e+00   3.13843902e+00
   3.19095637e+00   3.24970078e+00   3.30576594e+00   3.31415734e+00
   3.36326326e+00   3.38053057e+00   3.44360095e+00   3.47754947e+00
   3.52526379e+00   3.53017525e+00   3.53288892e+00   3.59690861e+00
   3.62732973e+00   3.66662164e+00   3.67333466e+00   3.68639282e+00
   3.70148226e+00   3.88395543e+00   4.25001044e+00   4.32132248e+00
   4.32761201e+00   4.33537557e+00   4.34038321e+00   4.38029710e+00
   4.41710317e+00   4.41970760e+00   4.53300883e+00   4.54751032e+00
   4.59499313e+00   4.63574300e+00   4.79180796e+00   4.86731695e+00
   4.95293708e+00   5.05138324e+00   5.14993264e+00   5.44774572e+00
   2.28627847e+01   2.28678515e+01   2.31869211e+01   2.32630624e+01]
E_coul = 123.150340643406
cycle= 4 E= -151.198068347607  delta_E= -0.000539  |g|= 0.00729  |ddm|= 0.0602
    CPU time for cycle= 4      0.17 sec, wall time      0.16 sec
diis-norm(errvec)=0.0204044
diis-c [ -2.31370196e-04  -1.11321382e-02  -3.98483736e-02   8.93227495e-02
   9.61657762e-01]
  HOMO = -0.421985684701655  LUMO = -0.0206994986615352
  mo_energy =
[ -1.13696027e+01  -1.13695930e+01  -1.13478048e+01  -1.13468032e+01
  -1.35905680e+00  -1.00865409e+00  -7.67245985e-01  -5.96299648e-01
  -5.71790976e-01  -5.71692302e-01  -4.58546589e-01  -4.21985685e-01
  -2.06994987e-02   6.46941254e-02   1.05158751e-01   1.99860852e-01
   2.19191594e-01   2.29892690e-01   2.67332753e-01   2.67855045e-01
   2.88137633e-01   2.89840654e-01   3.23952870e-01   3.65885002e-01
   3.73551046e-01   3.98717111e-01   4.00381768e-01   4.35876823e-01
   4.50077310e-01   4.64708124e-01   4.81154315e-01   4.95210545e-01
   5.80795218e-01   6.32301700e-01   6.32736640e-01   6.99619943e-01
   7.62822911e-01   8.43415556e-01   9.26277314e-01   9.32717051e-01
   1.03893848e+00   1.06277141e+00   1.08136127e+00   1.15315386e+00
   1.18442644e+00   1.22078396e+00   1.26345952e+00   1.27658720e+00
   1.30371886e+00   1.32498913e+00   1.32576007e+00   1.36995194e+00
   1.44640324e+00   1.44710900e+00   1.46418381e+00   1.46478120e+00
   1.60342848e+00   1.63970651e+00   1.64892973e+00   1.65968085e+00
   1.80061237e+00   1.85463054e+00   1.86717498e+00   1.93389909e+00
   2.00553370e+00   2.13129496e+00   2.15122000e+00   2.24657826e+00
   2.35162585e+00   2.48138320e+00   2.50309267e+00   2.53701638e+00
   2.55238569e+00   2.55578316e+00   2.68946629e+00   2.77914631e+00
   2.79126109e+00   2.82455728e+00   2.87342164e+00   2.95659780e+00
   3.01208820e+00   3.12268917e+00   3.12935130e+00   3.13765724e+00
   3.18942804e+00   3.24837852e+00   3.30426328e+00   3.31295505e+00
   3.36326356e+00   3.37964841e+00   3.44216192e+00   3.47656641e+00
   3.52358078e+00   3.53098686e+00   3.53208327e+00   3.59656143e+00
   3.62569134e+00   3.66584868e+00   3.67431469e+00   3.68640435e+00
   3.70108290e+00   3.88248264e+00   4.24971322e+00   4.32074534e+00
   4.32886461e+00   4.33607429e+00   4.33942911e+00   4.37956884e+00
   4.41636117e+00   4.41925478e+00   4.53218120e+00   4.54721390e+00
   4.59518804e+00   4.63488808e+00   4.79106312e+00   4.86677079e+00
   4.95339013e+00   5.05089926e+00   5.14904972e+00   5.44767269e+00
   2.28574072e+01   2.28643377e+01   2.31900414e+01   2.32643100e+01]
E_coul = 123.1472104978
cycle= 5 E= -151.198088940135  delta_E= -2.06e-05  |g|= 0.0017  |ddm|= 0.0123
    CPU time for cycle= 5      0.16 sec, wall time      0.16 sec
diis-norm(errvec)=0.00520852
diis-c [ -8.67719829e-06   6.84872421e-03   9.06129034e-04  -8.37855995e-02
   3.27050978e-02   1.04332565e+00]
  HOMO = -0.422055987841184  LUMO = -0.0204181175557206
  mo_energy =
[ -1.13686002e+01  -1.13685860e+01  -1.13484742e+01  -1.13474781e+01
  -1.35904087e+00  -1.00848061e+00  -7.67370068e-01  -5.96076528e-01
  -5.71938296e-01  -5.71705354e-01  -4.58377914e-01  -4.22055988e-01
  -2.04181176e-02   6.43935388e-02   1.05202836e-01   1.99918744e-01
   2.19164996e-01   2.29893253e-01   2.67314964e-01   2.67906676e-01
   2.88156150e-01   2.89854072e-01   3.23931052e-01   3.65885036e-01
   3.73650025e-01   3.98535329e-01   4.00368031e-01   4.35855049e-01
   4.49989589e-01   4.64713245e-01   4.81216937e-01   4.95219105e-01
   5.80886902e-01   6.32409656e-01   6.32631157e-01   6.99528695e-01
   7.62788348e-01   8.43213352e-01   9.26370005e-01   9.32697242e-01
   1.03899764e+00   1.06269891e+00   1.08149442e+00   1.15322401e+00
   1.18435432e+00   1.22073482e+00   1.26348532e+00   1.27631606e+00
   1.30358068e+00   1.32498429e+00   1.32589845e+00   1.37010838e+00
   1.44633972e+00   1.44707014e+00   1.46416957e+00   1.46490708e+00
   1.60366315e+00   1.63966267e+00   1.64904482e+00   1.65949187e+00
   1.80089373e+00   1.85449854e+00   1.86683443e+00   1.93390388e+00
   2.00566221e+00   2.13140399e+00   2.15102974e+00   2.24674534e+00
   2.35153082e+00   2.48144381e+00   2.50294736e+00   2.53707963e+00
   2.55243983e+00   2.55557563e+00   2.68943918e+00   2.77914646e+00
   2.79123974e+00   2.82454868e+00   2.87327073e+00   2.95665090e+00
   3.01207678e+00   3.12284177e+00   3.12930040e+00   3.13770502e+00
   3.18951609e+00   3.24843253e+00   3.30444152e+00   3.31315459e+00
   3.36312877e+00   3.37978866e+00   3.44232221e+00   3.47663868e+00
   3.52381591e+00   3.53062864e+00   3.53211792e+00   3.59659968e+00
   3.62604944e+00   3.66593032e+00   3.67393565e+00   3.68622340e+00
   3.70102531e+00   3.88280741e+00   4.24971897e+00   4.32076229e+00
   4.32852936e+00   4.33579044e+00   4.33966235e+00   4.37954172e+00
   4.41654079e+00   4.41932148e+00   4.53224208e+00   4.54714018e+00
   4.59497989e+00   4.63494281e+00   4.79107487e+00   4.86680045e+00
   4.95322907e+00   5.05091445e+00   5.14918902e+00   5.44762031e+00
   2.28583386e+01   2.28649337e+01   2.31893908e+01   2.32639969e+01]
E_coul = 123.146946404468
cycle= 6 E= -151.198090266972  delta_E= -1.33e-06  |g|= 0.00026  |ddm|= 0.00366
    CPU time for cycle= 6      0.16 sec, wall time      0.16 sec
diis-norm(errvec)=0.000793338
diis-c [ -1.22519667e-07  -1.12802766e-03   7.67123625e-05   1.68544914e-02
  -3.34057218e-02  -2.30782637e-01   1.24838518e+00]
  HOMO = -0.422000908413754  LUMO = -0.0203661121369792
  mo_energy =
[ -1.13685579e+01  -1.13685439e+01  -1.13483648e+01  -1.13473683e+01
  -1.35898149e+00  -1.00842057e+00  -7.67327116e-01  -5.96061848e-01
  -5.71907603e-01  -5.71659019e-01  -4.58385777e-01  -4.22000908e-01
  -2.03661121e-02   6.44254653e-02   1.05248362e-01   1.99935607e-01
   2.19175724e-01   2.29915515e-01   2.67336140e-01   2.67907874e-01
   2.88183520e-01   2.89867895e-01   3.23944634e-01   3.65890561e-01
   3.73662826e-01   3.98560090e-01   4.00376300e-01   4.35870349e-01
   4.50012882e-01   4.64724996e-01   4.81232261e-01   4.95226406e-01
   5.80913981e-01   6.32452838e-01   6.32673772e-01   6.99576218e-01
   7.62819462e-01   8.43265279e-01   9.26392412e-01   9.32731688e-01
   1.03901597e+00   1.06272897e+00   1.08152143e+00   1.15324799e+00
   1.18438504e+00   1.22076906e+00   1.26350603e+00   1.27636018e+00
   1.30361621e+00   1.32501241e+00   1.32591054e+00   1.37011965e+00
   1.44637025e+00   1.44709369e+00   1.46419899e+00   1.46492736e+00
   1.60367647e+00   1.63971528e+00   1.64906989e+00   1.65954197e+00
   1.80092148e+00   1.85453208e+00   1.86690560e+00   1.93395053e+00
   2.00570235e+00   2.13144530e+00   2.15109637e+00   2.24676798e+00
   2.35158062e+00   2.48149721e+00   2.50301928e+00   2.53713124e+00
   2.55247469e+00   2.55563229e+00   2.68948245e+00   2.77918584e+00
   2.79129861e+00   2.82460157e+00   2.87333043e+00   2.95669072e+00
   3.01213828e+00   3.12286654e+00   3.12934358e+00   3.13776066e+00
   3.18955820e+00   3.24845974e+00   3.30447674e+00   3.31319362e+00
   3.36317810e+00   3.37982511e+00   3.44235664e+00   3.47667835e+00
   3.52384324e+00   3.53068530e+00   3.53215809e+00   3.59664226e+00
   3.62607413e+00   3.66596502e+00   3.67400396e+00   3.68627960e+00
   3.70107579e+00   3.88283465e+00   4.24977523e+00   4.32081656e+00
   4.32859317e+00   4.33585763e+00   4.33969555e+00   4.37959169e+00
   4.41658397e+00   4.41936608e+00   4.53229007e+00   4.54719782e+00
   4.59503042e+00   4.63499365e+00   4.79111953e+00   4.86685734e+00
   4.95329384e+00   5.05096948e+00   5.14923300e+00   5.44767701e+00
   2.28583791e+01   2.28649875e+01   2.31894978e+01   2.32640898e+01]
E_coul = 123.146637381325
cycle= 7 E= -151.198090302064  delta_E= -3.51e-08  |g|= 3.66e-05  |ddm|= 0.00124
    CPU time for cycle= 7      0.16 sec, wall time      0.16 sec
diis-norm(errvec)=0.000131952
diis-c [ -5.49268053e-09   1.64465384e-04   1.06676513e-04  -3.45899075e-03
   9.74497316e-03   4.34401385e-02  -3.46593778e-01   1.29659652e+00]
  HOMO = -0.422005299147531  LUMO = -0.0203662553221475
  mo_energy =
[ -1.13685692e+01  -1.13685552e+01  -1.13483873e+01  -1.13473907e+01
  -1.35899161e+00  -1.00842855e+00  -7.67336156e-01  -5.96064540e-01
  -5.71916480e-01  -5.71664255e-01  -4.58387073e-01  -4.22005299e-01
  -2.03662553e-02   6.44157966e-02   1.05240668e-01   1.99930549e-01
   2.19173418e-01   2.29913182e-01   2.67334735e-01   2.67906584e-01
   2.88180939e-01   2.89867037e-01   3.23943386e-01   3.65888798e-01
   3.73660753e-01   3.98554482e-01   4.00374291e-01   4.35868521e-01
   4.50010733e-01   4.64723210e-01   4.81228333e-01   4.95222072e-01
   5.80907605e-01   6.32447985e-01   6.32664991e-01   6.99569239e-01
   7.62814478e-01   8.43259100e-01   9.26387990e-01   9.32727654e-01
   1.03901229e+00   1.06272361e+00   1.08151801e+00   1.15324353e+00
   1.18437997e+00   1.22076550e+00   1.26350229e+00   1.27635441e+00
   1.30361034e+00   1.32500804e+00   1.32590730e+00   1.37011664e+00
   1.44636442e+00   1.44709016e+00   1.46419379e+00   1.46492445e+00
   1.60367237e+00   1.63970661e+00   1.64906473e+00   1.65953346e+00
   1.80091566e+00   1.85452631e+00   1.86689605e+00   1.93394294e+00
   2.00569611e+00   2.13143866e+00   2.15108960e+00   2.24676326e+00
   2.35157433e+00   2.48149014e+00   2.50301201e+00   2.53712413e+00
   2.55246744e+00   2.55562482e+00   2.68947535e+00   2.77917866e+00
   2.79129039e+00   2.82459378e+00   2.87332140e+00   2.95668156e+00
   3.01213057e+00   3.12286151e+00   3.12933587e+00   3.13775232e+00
   3.18954885e+00   3.24845362e+00   3.30447033e+00   3.31318735e+00
   3.36316914e+00   3.37981789e+00   3.44234963e+00   3.47667153e+00
   3.52383718e+00   3.53067514e+00   3.53215159e+00   3.59663514e+00
   3.62607026e+00   3.66595760e+00   3.67399400e+00   3.68627018e+00
   3.70106710e+00   3.88283028e+00   4.24976572e+00   4.32081005e+00
   4.32858171e+00   4.33584927e+00   4.33968989e+00   4.37958371e+00
   4.41657738e+00   4.41935804e+00   4.53227956e+00   4.54719072e+00
   4.59501938e+00   4.63498611e+00   4.79111052e+00   4.86684854e+00
   4.95328507e+00   5.05096051e+00   5.14922516e+00   5.44766688e+00
   2.28583685e+01   2.28649748e+01   2.31894767e+01   2.32640708e+01]
E_coul = 123.146710666126
cycle= 8 E= -151.198090303008  delta_E= -9.44e-10  |g|= 7.2e-06  |ddm|= 0.000144
    CPU time for cycle= 8      0.16 sec, wall time      0.16 sec
  HOMO = -0.422004133936917  LUMO = -0.0203650466234238
  mo_energy =
[ -1.13685664e+01  -1.13685524e+01  -1.13483846e+01  -1.13473881e+01
  -1.35899061e+00  -1.00842760e+00  -7.67334948e-01  -5.96063774e-01
  -5.71916195e-01  -5.71663226e-01  -4.58386205e-01  -4.22004134e-01
  -2.03650466e-02   6.44163342e-02   1.05241228e-01   1.99930786e-01
   2.19173838e-01   2.29913397e-01   2.67334980e-01   2.67906823e-01
   2.88181247e-01   2.89867439e-01   3.23943719e-01   3.65889116e-01
   3.73660991e-01   3.98554811e-01   4.00374275e-01   4.35868842e-01
   4.50011050e-01   4.64723544e-01   4.81228636e-01   4.95222673e-01
   5.80908335e-01   6.32448901e-01   6.32665960e-01   6.99570456e-01
   7.62815140e-01   8.43259891e-01   9.26388416e-01   9.32728030e-01
   1.03901272e+00   1.06272430e+00   1.08151861e+00   1.15324413e+00
   1.18438087e+00   1.22076614e+00   1.26350309e+00   1.27635519e+00
   1.30361136e+00   1.32500866e+00   1.32590762e+00   1.37011742e+00
   1.44636551e+00   1.44709064e+00   1.46419476e+00   1.46492520e+00
   1.60367300e+00   1.63970759e+00   1.64906556e+00   1.65953471e+00
   1.80091651e+00   1.85452728e+00   1.86689699e+00   1.93394379e+00
   2.00569712e+00   2.13143949e+00   2.15109046e+00   2.24676407e+00
   2.35157533e+00   2.48149089e+00   2.50301293e+00   2.53712524e+00
   2.55246846e+00   2.55562590e+00   2.68947629e+00   2.77917956e+00
   2.79129152e+00   2.82459488e+00   2.87332257e+00   2.95668301e+00
   3.01213185e+00   3.12286234e+00   3.12933705e+00   3.13775340e+00
   3.18955014e+00   3.24845466e+00   3.30447127e+00   3.31318852e+00
   3.36317045e+00   3.37981889e+00   3.44235076e+00   3.47667264e+00
   3.52383824e+00   3.53067660e+00   3.53215258e+00   3.59663644e+00
   3.62607145e+00   3.66595851e+00   3.67399536e+00   3.68627139e+00
   3.70106815e+00   3.88283093e+00   4.24976703e+00   4.32081102e+00
   4.32858312e+00   4.33585043e+00   4.33969101e+00   4.37958468e+00
   4.41657867e+00   4.41935923e+00   4.53228096e+00   4.54719179e+00
   4.59502080e+00   4.63498700e+00   4.79111171e+00   4.86684975e+00
   4.95328634e+00   5.05096187e+00   5.14922641e+00   5.44766830e+00
   2.28583711e+01   2.28649773e+01   2.31894792e+01   2.32640733e+01]
    CPU time for scf_cycle      3.78 sec, wall time      3.80 sec
    CPU time for SCF      3.78 sec, wall time      3.80 sec
converged SCF energy = -151.198090303008
RHF E = -151.198090303
RHF eps = [ -1.13685664e+01  -1.13685524e+01  -1.13483846e+01  -1.13473881e+01
  -1.35899061e+00  -1.00842760e+00  -7.67334948e-01  -5.96063774e-01
  -5.71916195e-01  -5.71663226e-01  -4.58386205e-01  -4.22004134e-01
  -2.03650466e-02   6.44163342e-02   1.05241228e-01   1.99930786e-01
   2.19173838e-01   2.29913397e-01   2.67334980e-01   2.67906823e-01
   2.88181247e-01   2.89867439e-01   3.23943719e-01   3.65889116e-01
   3.73660991e-01   3.98554811e-01   4.00374275e-01   4.35868842e-01
   4.50011050e-01   4.64723544e-01   4.81228636e-01   4.95222673e-01
   5.80908335e-01   6.32448901e-01   6.32665960e-01   6.99570456e-01
   7.62815140e-01   8.43259891e-01   9.26388416e-01   9.32728030e-01
   1.03901272e+00   1.06272430e+00   1.08151861e+00   1.15324413e+00
   1.18438087e+00   1.22076614e+00   1.26350309e+00   1.27635519e+00
   1.30361136e+00   1.32500866e+00   1.32590762e+00   1.37011742e+00
   1.44636551e+00   1.44709064e+00   1.46419476e+00   1.46492520e+00
   1.60367300e+00   1.63970759e+00   1.64906556e+00   1.65953471e+00
   1.80091651e+00   1.85452728e+00   1.86689699e+00   1.93394379e+00
   2.00569712e+00   2.13143949e+00   2.15109046e+00   2.24676407e+00
   2.35157533e+00   2.48149089e+00   2.50301293e+00   2.53712524e+00
   2.55246846e+00   2.55562590e+00   2.68947629e+00   2.77917956e+00
   2.79129152e+00   2.82459488e+00   2.87332257e+00   2.95668301e+00
   3.01213185e+00   3.12286234e+00   3.12933705e+00   3.13775340e+00
   3.18955014e+00   3.24845466e+00   3.30447127e+00   3.31318852e+00
   3.36317045e+00   3.37981889e+00   3.44235076e+00   3.47667264e+00
   3.52383824e+00   3.53067660e+00   3.53215258e+00   3.59663644e+00
   3.62607145e+00   3.66595851e+00   3.67399536e+00   3.68627139e+00
   3.70106815e+00   3.88283093e+00   4.24976703e+00   4.32081102e+00
   4.32858312e+00   4.33585043e+00   4.33969101e+00   4.37958468e+00
   4.41657867e+00   4.41935923e+00   4.53228096e+00   4.54719179e+00
   4.59502080e+00   4.63498700e+00   4.79111171e+00   4.86684975e+00
   4.95328634e+00   5.05096187e+00   5.14922641e+00   5.44766830e+00
   2.28583711e+01   2.28649773e+01   2.31894792e+01   2.32640733e+01]
    CPU time for transforming oopq      5.38 sec, wall time      5.39 sec
    CPU time for transforming ovpq      5.95 sec, wall time      5.95 sec
MO integrals cint2e_sph are saved in <HDF5 file "tmp2CGflE" (mode r+)>/eri_mo
num. MO ints = 1.5735194e+08, required disk 1258.8155 MB
step1: tmpfile /tmp/tmpwJvyab  777.728 MB
step1: (ij,kl) = (12544,7750), mem cache 4000 MB, iobuf 800 MB
    CPU time for Initializing ao2mo.outcore.half_e1      0.01 sec, wall time      0.02 sec
step 1 [1/1], AO [0:990], len(buf) = 7750
      fill iobuf micro [1/1], AO [0:990], len(aobuf) = 7750
    CPU time for gen AO/transform MO [1/1]      7.95 sec, wall time      7.95 sec
    CPU time for AO->MO transformation for cint2e_sph 1 pass      9.22 sec, wall time      9.22 sec
step2: kl-pair (ao 7750, mo 12544), mem 238.08 MB, ioblock 385.35168 MB
step 2 [1/4], [0,0:3840], row = 3840
step 2 [1/4] CPU time:      1.93, Wall time:      1.93
step 2 [2/4], [0,3840:7680], row = 3840
step 2 [2/4] CPU time:      1.97, Wall time:      1.98
step 2 [3/4], [0,7680:11520], row = 3840
step 2 [3/4] CPU time:      1.90, Wall time:      1.90
step 2 [4/4], [0,11520:12544], row = 1024
step 2 [4/4] CPU time:      0.76, Wall time:      0.77
    CPU time for AO->MO transformation for cint2e_sph 2 pass      6.66 sec, wall time      6.67 sec
    CPU time for AO->MO transformation for cint2e_sph      15.88 sec, wall time     15.90 sec
    CPU time for transforming vvvv     19.02 sec, wall time     19.04 sec
    CPU time for CCSD integral transformation     30.50 sec, wall time     30.53 sec

******** <class 'pyscf.cc.rccsd_slow.RCCSD'> flags ********
CCSD nocc = 8, nvir = 112
frozen orbitals [0, 1, 2, 3]
max_cycle = 50
direct = 0
conv_tol = 1e-07
conv_tol_normt = 1e-05
diis_space = 6
diis_start_cycle = 0
diis_start_energy_diff = 1e+09
Init t2, MP2 energy = -0.544775871729008
    CPU time for init mp2      0.02 sec, wall time      0.02 sec
    CPU time for update t1 t2     18.78 sec, wall time     19.13 sec
istep = 0  E(CCSD) = -0.530324016597124  dE = -0.530324017  norm(t1,t2) = 0.121789
    CPU time for CCSD iter     18.99 sec, wall time     19.34 sec
    CPU time for update t1 t2     16.78 sec, wall time     16.99 sec
DIIS for step 1
istep = 1  E(CCSD) = -0.553262427523456  dE = -0.0229384109  norm(t1,t2) = 0.0413924
    CPU time for CCSD iter     17.00 sec, wall time     17.21 sec
    CPU time for update t1 t2     18.80 sec, wall time     18.83 sec
diis-c [ -2.35661368e-04   1.00000000e+00]
DIIS for step 2
istep = 2  E(CCSD) = -0.552057463459441  dE = 0.00120496406  norm(t1,t2) = 0.0208782
    CPU time for CCSD iter     19.03 sec, wall time     19.05 sec
    CPU time for update t1 t2     19.09 sec, wall time     19.11 sec
diis-c [ -6.48036207e-05  -2.44260597e-01   1.24426060e+00]
DIIS for step 3
istep = 3  E(CCSD) = -0.555237221781689  dE = -0.00317975832  norm(t1,t2) = 0.0100998
    CPU time for CCSD iter     19.32 sec, wall time     19.34 sec
    CPU time for update t1 t2     18.84 sec, wall time     18.87 sec
diis-c [ -2.79829603e-06  -3.05896922e-01  -2.70969230e-02   1.33299384e+00]
DIIS for step 4
istep = 4  E(CCSD) = -0.555653608219699  dE = -0.000416386438  norm(t1,t2) = 0.00530491
    CPU time for CCSD iter     19.07 sec, wall time     19.10 sec
    CPU time for update t1 t2     19.07 sec, wall time     19.09 sec
diis-c [ -4.86760871e-07   1.48695776e-01  -2.67224705e-02  -6.27274080e-01
   1.50530077e+00]
DIIS for step 5
istep = 5  E(CCSD) = -0.555482062573941  dE = 0.000171545646  norm(t1,t2) = 0.00111215
    CPU time for CCSD iter     19.30 sec, wall time     19.32 sec
    CPU time for update t1 t2     18.79 sec, wall time     18.81 sec
diis-c [ -6.69153850e-08   6.89574697e-02   2.31463158e-04  -3.04238424e-01
   2.27187478e-01   1.00786201e+00]
DIIS for step 6
istep = 6  E(CCSD) = -0.555494482606075  dE = -1.24200321e-05  norm(t1,t2) = 0.00042743
    CPU time for CCSD iter     19.02 sec, wall time     19.04 sec
    CPU time for update t1 t2     19.02 sec, wall time     19.04 sec
diis-c [ -1.39883944e-08  -6.31214500e-02   3.82578291e-03   2.73806714e-01
  -3.64704766e-01  -5.62539749e-01   1.71273347e+00]
DIIS for step 7
istep = 7  E(CCSD) = -0.555510255465807  dE = -1.57728597e-05  norm(t1,t2) = 0.000186633
    CPU time for CCSD iter     19.26 sec, wall time     19.28 sec
    CPU time for update t1 t2     18.80 sec, wall time     18.82 sec
diis-c [ -3.46977774e-09   1.33031094e+00  -7.07906565e-04   3.47875161e-03
   2.16326244e-02  -8.55056429e-02  -2.69208762e-01]
DIIS for step 8
istep = 8  E(CCSD) = -0.555502980680456  dE = 7.27478535e-06  norm(t1,t2) = 8.52041e-05
    CPU time for CCSD iter     19.02 sec, wall time     19.05 sec
    CPU time for update t1 t2     18.84 sec, wall time     18.86 sec
diis-c [ -8.61471866e-10  -3.22023849e-03   1.14246647e+00  -1.70169903e-03
   1.29986907e-02   5.45181971e-03  -1.55995039e-01]
DIIS for step 9
istep = 9  E(CCSD) = -0.555507171825622  dE = -4.19114517e-06  norm(t1,t2) = 4.25247e-05
    CPU time for CCSD iter     19.07 sec, wall time     19.09 sec
    CPU time for update t1 t2     18.89 sec, wall time     18.91 sec
diis-c [ -5.96683536e-11  -3.37694724e-01  -3.65665541e-01   1.58416232e+00
  -8.33081037e-03   1.44219192e-02   1.13106837e-01]
DIIS for step 10
istep = 10  E(CCSD) = -0.555504414688854  dE = 2.75713677e-06  norm(t1,t2) = 1.88415e-05
    CPU time for CCSD iter     19.12 sec, wall time     19.14 sec
    CPU time for update t1 t2     18.85 sec, wall time     18.87 sec
diis-c [ -9.71320246e-12   2.32926716e-02  -2.94888297e-02  -1.50445593e-01
   1.15775099e+00  -1.16119775e-03   5.19585118e-05]
DIIS for step 11
istep = 11  E(CCSD) = -0.555505119891345  dE = -7.0520249e-07  norm(t1,t2) = 4.45651e-06
    CPU time for CCSD iter     19.08 sec, wall time     19.10 sec
    CPU time for update t1 t2     18.79 sec, wall time     18.80 sec
diis-c [ -1.56780144e-12   2.61333336e-02   3.32149229e-02  -1.43022747e-01
  -8.46944537e-02   1.17697264e+00  -8.60369974e-03]
DIIS for step 12
istep = 12  E(CCSD) = -0.555504951209896  dE = 1.68681449e-07  norm(t1,t2) = 2.00201e-06
    CPU time for CCSD iter     19.02 sec, wall time     19.03 sec
    CPU time for update t1 t2     18.84 sec, wall time     18.86 sec
diis-c [ -2.37948550e-13  -3.68183114e-03   4.53009603e-03   1.96619546e-02
  -1.37150109e-01  -4.96752968e-02   1.16631519e+00]
DIIS for step 13
istep = 13  E(CCSD) = -0.555504972271133  dE = -2.10612379e-08  norm(t1,t2) = 7.17972e-07
    CPU time for CCSD iter     19.08 sec, wall time     19.10 sec
    CPU time for CCSD    265.38 sec, wall time    266.17 sec
CCSD converged
E(CCSD) = -151.7535952752791  E_corr = -0.5555049722711334
    CPU time for EOM-CCSD shared one-electron intermediates      0.39 sec, wall time      0.39 sec
    CPU time for EOM-CCSD IP intermediates      0.77 sec, wall time      0.77 sec
tol 1e-07  toloose 0.000316228
max_cycle 50  max_space 38  max_memory 2000  incore True
davidson 0 6  |r|= 0.303  e= [ 0.49998826  0.51853032  0.64750289  0.65783627  0.65261906  0.82213267]  max|de|= 0.822  lindep=    1
davidson 1 12  |r|= 0.0659  e= [ 0.41490272  0.42279551  0.54992894  0.59422874  0.54357419  0.6857894 ]  max|de|= -0.136  lindep= 0.832
davidson 2 18  |r|= 0.0024  e= [ 0.41484893  0.42301126  0.55002501  0.59397633  0.54369662  0.67631648]  max|de|= -0.00947  lindep= 0.776
root 2 converged  |r|= 1.22e-13  e= 0.550025006393  max|de|= -4.9e-09
root 3 converged  |r|= 4.95e-13  e= 0.593976386862  max|de|= 5.28e-08
davidson 3 24  |r|= 0.000166  e= [ 0.41485558  0.42301404  0.55002501  0.59397639  0.54369295  0.67632922]  max|de|= 1.27e-05  lindep= 0.921
root 5 converged  |r|= 6.66e-09  e= 0.676329223745  max|de|= 5.55e-16
davidson 4 27  |r|= 1.9e-07  e= [ 0.41485572  0.42300921  0.55002501  0.59397639  0.54369277  0.67632922]  max|de|= -4.83e-06  lindep= 0.894
root 0 converged  |r|= 5.42e-09  e= 0.41485572417  max|de|= 1.67e-16
root 1 converged  |r|= 9.32e-13  e= 0.423009205948  max|de|= -3.03e-09
root 4 converged  |r|= 9.97e-10  e= 0.543692765117  max|de|= -1.67e-15
converge 5 28  |r|= 5.42e-09  e= [ 0.41485572  0.42300921  0.55002501  0.59397639  0.54369277  0.67632922]  max|de|= -3.03e-09
IP root 0 E = 0.4148557241698922  qpwt = 0.954275
IP root 1 E = 0.423009205948068  qpwt = 0.950804
IP root 2 E = 0.5500250063934616  qpwt = 0.954611
IP root 3 E = 0.5939763868623459  qpwt = 0.96168
IP root 4 E = 0.5436927651165734  qpwt = 0.931156
IP root 5 E = 0.6763292237447948  qpwt = 0.869614
    CPU time for IP-CCSD      1.27 sec, wall time      1.28 sec
    CPU time for EOM-CCSD shared one-electron intermediates      0.39 sec, wall time      0.39 sec
    CPU time for EOM-CCSD EA intermediates     38.15 sec, wall time     38.19 sec
tol 1e-07  toloose 0.000316228
max_cycle 50  max_space 38  max_memory 2000  incore True
davidson 0 6  |r|= 0.379  e= [ 0.01959779  0.1008239   0.15597479  0.22012924  0.22950704  0.24097064]  max|de|= 0.241  lindep=    1
davidson 1 12  |r|= 0.084  e= [-0.08134951  0.00850942  0.07028759  0.13906461  0.18556078  0.19215202]  max|de|= -0.101  lindep= 0.955
davidson 2 18  |r|= 0.0686  e= [-0.08803718 -0.00170437  0.0635225   0.115775    0.18186726  0.18969703]  max|de|= -0.0233  lindep= 0.962
davidson 3 24  |r|= 0.0167  e= [-0.08792535 -0.00175888  0.06370364  0.11217094  0.18180503  0.18948539]  max|de|= -0.0036  lindep= 0.87
davidson 4 30  |r|= 0.00799  e= [-0.08793747 -0.00175803  0.06368248  0.11168546  0.18179088  0.18945861]  max|de|= -0.000485  lindep= 0.944
davidson 5 36  |r|= 0.00165  e= [-0.08794189 -0.00176507  0.06367679  0.11156568  0.18177143  0.18942552]  max|de|= -0.00012  lindep= 0.813
root 0 converged  |r|= 3.45e-05  e= -0.0879418902124  max|de|= 4.16e-17
root 1 converged  |r|= 6.73e-05  e= -0.0017650670511  max|de|= 7.89e-16
root 2 converged  |r|= 7.41e-05  e= 0.0636767945098  max|de|= 1.94e-16
root 4 converged  |r|= 0.000302  e= 0.181771426567  max|de|= -5.55e-17
davidson 6 6  |r|= 0.00165  e= [-0.08794189 -0.00176507  0.06367679  0.11156568  0.18177143  0.18942552]  max|de|= 7.89e-16  lindep=    1
davidson 7 8  |r|= 0.000412  e= [-0.08794189 -0.00176507  0.06367679  0.11152486  0.18177143  0.18942306]  max|de|= -4.08e-05  lindep= 0.922
davidson 8 10  |r|= 0.000143  e= [-0.08794189 -0.00176507  0.06367679  0.11153996  0.18177143  0.1894214 ]  max|de|= 1.51e-05  lindep= 0.79
davidson 9 12  |r|= 5.8e-05  e= [-0.08794189 -0.00176507  0.06367679  0.11153052  0.18177143  0.18942245]  max|de|= -9.44e-06  lindep= 0.708
davidson 10 14  |r|= 1.99e-05  e= [-0.08794189 -0.00176507  0.06367679  0.11153491  0.18177143  0.18942224]  max|de|= 4.4e-06  lindep= 0.639
davidson 11 16  |r|= 1.03e-05  e= [-0.08794189 -0.00176507  0.06367679  0.1115337   0.18177143  0.18942244]  max|de|= -1.21e-06  lindep= 0.661
root 3 converged  |r|= 1.09e-06  e= 0.111533684342  max|de|= -1.9e-08
root 5 converged  |r|= 4.11e-06  e= 0.189422346358  max|de|= -9.31e-08
converge 12 18  |r|= 4.11e-06  e= [-0.08794189 -0.00176507  0.06367679  0.11153368  0.18177143  0.18942235]  max|de|= -9.31e-08
EA root 0 E = -0.08794189021237912  qpwt = 0.960717
EA root 1 E = -0.001765067051096795  qpwt = 0.959438
EA root 2 E = 0.06367679450977619  qpwt = 0.966522
EA root 3 E = 0.1115336843422382  qpwt = 0.930621
EA root 4 E = 0.1817714265669476  qpwt = 0.979285
EA root 5 E = 0.1894223463581908  qpwt = 0.976974
    CPU time for EA-CCSD     57.97 sec, wall time     58.03 sec
