

******** <class 'pyscf.scf.hf.RHF'> flags ********
method = RHF
initial guess = minao
damping factor = 0
level shift factor = 0
Do DIIS = True
DIIS start cycle = 1
DIIS space = 8
SCF tol = 1e-09
SCF gradient tol = None
max. SCF cycles = 50
direct_scf = True
direct_scf_tol = 1e-13
chkfile to save SCF result = /tmp/tmpwJ7nVT
max_memory 4000 MB (current use 39 MB)
Set gradient conv threshold to 3.16228e-05
Nelec from initial guess = 21.9969
cond(S) = 11338.236803
E_coul = 124.864305345403
init E= -188.292367154523
    CPU time for initialize scf      0.90 sec, wall time      0.90 sec
  HOMO = -0.492257820866795  LUMO = 0.0853776604318219
  mo_energy =
[-20.79322955 -20.79307563 -11.48461446  -1.87493403  -1.62762771
  -0.79016143  -0.66241382  -0.65826594  -0.65826594  -0.49225782
  -0.49225782   0.08537766   0.10621381   0.10621381   0.24726719
   0.31058474   0.31058474   0.38954571   0.46572356   0.53376628
   0.55627227   0.55627227   0.72257013   0.72257013   0.78377893
   0.78377893   0.8491374    0.94612848   1.1718108    1.18158129
   1.18158129   1.49842758   1.54062407   1.59637644   1.59637644
   1.59780477   1.59780477   1.87688819   1.87688819   1.8977777
   2.12486776   2.12486776   2.23782776   2.23782776   2.48796529
   2.6742189    2.89915614   2.89915614   3.01323847   3.01323847
   3.06527015   3.06527015   3.17196509   3.17990435   3.17990435
   3.2207485    3.2207485    3.31848474   3.63334803   3.67404157
   3.67404157   3.960841     4.12943418   4.12943418   5.1853328
   5.20222868   5.40898462   5.40898462   5.48001163   5.48001163
   5.53882736   5.53882736   6.16247271   6.16247271   6.40389425
   6.51589118   6.51589118   6.66983452   6.66983452   6.67116725
   6.67116725   6.81038824   6.81038824   7.12273635   7.12273635
   7.25269677   7.39425951   7.39425951   7.79114182   7.94280726
  25.00468969  45.30414453  45.46765684]
E_coul = 126.44166267172
cycle= 1 E= -187.625500871249  delta_E= 0.667  |g|= 0.692  |ddm|= 1.74
    CPU time for cycle= 1      0.06 sec, wall time      0.06 sec
diis-norm(errvec)=1.92526
diis-c [-3.70661385  1.        ]
  HOMO = -0.532652777066514  LUMO = 0.110857353640329
  mo_energy =
[-20.51451955 -20.51446899 -11.72616243  -1.57036123  -1.50096197
  -0.77575544  -0.73947374  -0.73947374  -0.71041474  -0.53265278
  -0.53265278   0.11085735   0.1573288    0.1573288    0.26276313
   0.26276313   0.26544968   0.44056798   0.50261859   0.55449614
   0.58609464   0.58609464   0.69519206   0.69519206   0.76666786
   0.76666786   0.885483     0.99277379   1.1670277    1.1670277
   1.20503008   1.42685022   1.44866892   1.44866892   1.51744273
   1.63713447   1.63713447   1.91231139   1.93490234   1.93490234
   2.19346242   2.19346242   2.2874795    2.2874795    2.56630526
   2.71694533   2.73181465   2.73181465   2.98745278   2.98745278
   3.071859     3.071859     3.13904706   3.13904706   3.1479789
   3.1479789    3.31170234   3.42527559   3.58174719   3.70504449
   3.70504449   3.93432142   4.06913775   4.06913775   5.24020828
   5.25869602   5.53205326   5.53205326   5.60055055   5.60055055
   5.64159241   5.64159241   6.25310816   6.25310816   6.48203277
   6.5928977    6.5928977    6.84582069   6.84582069   6.84691106
   6.84691106   6.9654957    6.9654957    7.20104355   7.20104355
   7.42293211   7.54968108   7.54968108   7.92151496   7.98827919
  24.78590201  45.56117558  45.72549046]
E_coul = 126.049032557011
cycle= 2 E= -187.677646279706  delta_E= -0.0521  |g|= 0.483  |ddm|= 0.525
    CPU time for cycle= 2      0.06 sec, wall time      0.06 sec
diis-norm(errvec)=1.27281
diis-c [-0.13491627  0.39203491  0.60796509]
  HOMO = -0.55577901558392  LUMO = 0.131044851509859
  mo_energy =
[-20.67944049 -20.67939157 -11.45852294  -1.54203199  -1.4879757
  -0.80866541  -0.74731553  -0.72381876  -0.72381876  -0.55577902
  -0.55577902   0.13104485   0.18974091   0.18974091   0.26029985
   0.30084341   0.30084341   0.48121537   0.48997799   0.54957756
   0.57597601   0.57597601   0.75358427   0.75358427   0.75363956
   0.75363956   0.87711953   0.97753565   1.19375109   1.19375109
   1.2581615    1.4961102    1.54174038   1.56473355   1.56473355
   1.63145076   1.63145076   1.91918167   1.91918167   1.92263448
   2.18036274   2.18036274   2.27775869   2.27775869   2.55174189
   2.71522349   2.83833912   2.83833912   3.08317565   3.08317565
   3.09884728   3.09884728   3.1274098    3.1274098    3.21534959
   3.21534959   3.24695666   3.38995825   3.63898972   3.71504515
   3.71504515   3.99976455   4.13472895   4.13472895   5.23971848
   5.26022943   5.48808307   5.48808307   5.55772972   5.55772972
   5.61466592   5.61466592   6.23129048   6.23129048   6.48652626
   6.5892296    6.5892296    6.76676619   6.76676619   6.76757702
   6.76757702   6.90442927   6.90442927   7.18592002   7.18592002
   7.3550077    7.4864752    7.4864752    7.88438869   8.01538501
  25.0254055   45.4061616   45.5696325 ]
E_coul = 126.578038339421
cycle= 3 E= -187.71580271466  delta_E= -0.0382  |g|= 0.0498  |ddm|= 0.218
    CPU time for cycle= 3      0.06 sec, wall time      0.06 sec
diis-norm(errvec)=0.117766
diis-c [-0.00790932 -0.02579322  0.02348869  1.00230453]
  HOMO = -0.541084489429635  LUMO = 0.134968346227501
  mo_energy =
[-20.63948367 -20.63943904 -11.45132396  -1.52626413  -1.47273505
  -0.79614125  -0.73756327  -0.71216819  -0.71216819  -0.54108449
  -0.54108449   0.13496835   0.20000318   0.20000318   0.26170969
   0.30472659   0.30472659   0.48934008   0.49644969   0.55165202
   0.57981469   0.57981469   0.75782016   0.75782016   0.75871209
   0.75871209   0.88214779   0.98217933   1.20210871   1.20210871
   1.27321186   1.50288666   1.54695791   1.56960428   1.56960428
   1.64136165   1.64136165   1.92845358   1.92845358   1.93092544
   2.19007813   2.19007813   2.28758384   2.28758384   2.56303286
   2.72389749   2.84233232   2.84233232   3.10128721   3.10128721
   3.11354057   3.11354057   3.1331784    3.1331784    3.22372338
   3.22372338   3.26096299   3.40342796   3.64841353   3.72845202
   3.72845202   4.01587186   4.14468594   4.14468594   5.25766436
   5.27822639   5.50312628   5.50312628   5.57259278   5.57259278
   5.63058956   5.63058956   6.24857983   6.24857983   6.50684937
   6.60858036   6.60858036   6.78698028   6.78698028   6.78814257
   6.78814257   6.92029073   6.92029073   7.2059138    7.2059138
   7.37543519   7.50502495   7.50502495   7.90526124   8.03372832
  25.03347986  45.44400791  45.60736762]
E_coul = 126.41995328349
cycle= 4 E= -187.716320550214  delta_E= -0.000518  |g|= 0.0122  |ddm|= 0.0354
    CPU time for cycle= 4      0.07 sec, wall time      0.06 sec
diis-norm(errvec)=0.0342804
diis-c [ -2.38699567e-04  -3.47984077e-02  -5.16355545e-02   7.64982117e-02
   1.00993575e+00]
  HOMO = -0.544312563270265  LUMO = 0.133980758439103
  mo_energy =
[-20.64964205 -20.64959895 -11.45882806  -1.53059433  -1.47756171
  -0.79956179  -0.7426083   -0.71554381  -0.71554381  -0.54431256
  -0.54431256   0.13398076   0.1980298    0.1980298    0.26145454
   0.30320421   0.30320421   0.48893394   0.49363346   0.55117079
   0.57915941   0.57915941   0.75565569   0.75565569   0.75781973
   0.75781973   0.88098569   0.98125536   1.19955011   1.19955011
   1.26784359   1.50041273   1.54505125   1.56622459   1.56622459
   1.63884044   1.63884044   1.926325     1.926325     1.92848436
   2.18780883   2.18780883   2.28530478   2.28530478   2.56009845
   2.72179578   2.83899467   2.83899467   3.0971051    3.0971051
   3.10927112   3.10927112   3.12893356   3.12893356   3.22047647
   3.22047647   3.25779568   3.40050178   3.64471785   3.72470968
   3.72470968   4.01081384   4.14120875   4.14120875   5.25319142
   5.27343583   5.49963985   5.49963985   5.56911413   5.56911413
   5.62701927   5.62701927   6.24445574   6.24445574   6.50192434
   6.60386325   6.60386325   6.78253061   6.78253061   6.78313362
   6.78313362   6.91704644   6.91704644   7.20087952   7.20087952
   7.37109496   7.50099404   7.50099404   7.90051823   8.0290886
  25.02642829  45.4344812   45.59786958]
E_coul = 126.455826505085
cycle= 5 E= -187.716364745729  delta_E= -4.42e-05  |g|= 0.00202  |ddm|= 0.01
    CPU time for cycle= 5      0.06 sec, wall time      0.06 sec
diis-norm(errvec)=0.00518269
diis-c [ -7.96852955e-06   1.19968519e-02   1.55357777e-02  -5.01929027e-02
  -3.29231532e-01   1.35189181e+00]
  HOMO = -0.544169807809512  LUMO = 0.133911902590846
  mo_energy =
[-20.64950076 -20.64945762 -11.45843177  -1.53051043  -1.47740431
  -0.79962851  -0.74283761  -0.71541102  -0.71541102  -0.54416981
  -0.54416981   0.1339119    0.1979646    0.1979646    0.26143838
   0.30308103   0.30308103   0.48897163   0.4934229    0.55114578
   0.57914519   0.57914519   0.75553773   0.75553773   0.75781168
   0.75781168   0.88088862   0.98122259   1.19945993   1.19945993
   1.26777308   1.50038994   1.54493069   1.5661763    1.5661763
   1.63870067   1.63870067   1.92620192   1.92620192   1.92835799
   2.18774043   2.18774043   2.28524978   2.28524978   2.56005114
   2.72178885   2.8388825    2.8388825    3.09705775   3.09705775
   3.10925313   3.10925313   3.12887957   3.12887957   3.22036269
   3.22036269   3.25772901   3.40048678   3.64468101   3.72463564
   3.72463564   4.01080983   4.14113086   4.14113086   5.25308976
   5.2733587    5.49941739   5.49941739   5.5688935    5.5688935
   5.62689053   5.62689053   6.24430823   6.24430823   6.50190853
   6.60379142   6.60379142   6.7824215    6.7824215    6.78300698
   6.78300698   6.91705216   6.91705216   7.20080035   7.20080035
   7.37111581   7.50097806   7.50097806   7.90057971   8.02913023
  25.02677856  45.43459971  45.59798699]
E_coul = 126.452900746099
cycle= 6 E= -187.716366777511  delta_E= -2.03e-06  |g|= 0.000359  |ddm|= 0.00264
    CPU time for cycle= 6      0.06 sec, wall time      0.06 sec
diis-norm(errvec)=0.000920851
diis-c [ -3.73568920e-07  -3.91336774e-04  -3.44463343e-04   3.78152180e-03
   5.04737169e-03  -1.88315326e-01   1.18022223e+00]
  HOMO = -0.544176042370738  LUMO = 0.133917529448743
  mo_energy =
[-20.64960933 -20.64956618 -11.45860615  -1.53056006  -1.47744367
  -0.79972251  -0.74294629  -0.71547676  -0.71547676  -0.54417604
  -0.54417604   0.13391753   0.19798167   0.19798167   0.26143219
   0.3030839    0.3030839    0.48896609   0.49339157   0.55113981
   0.57913779   0.57913779   0.75554647   0.75554647   0.75780516
   0.75780516   0.88087017   0.98120681   1.1994738    1.1994738
   1.26777678   1.50039199   1.54493172   1.56615292   1.56615292
   1.63868005   1.63868005   1.9261829    1.9261829    1.92834418
   2.18770877   2.18770877   2.28522346   2.28522346   2.56000715
   2.72176591   2.83890398   2.83890398   3.09702328   3.09702328
   3.10923316   3.10923316   3.12887037   3.12887037   3.22036677
   3.22036677   3.25766499   3.40043534   3.64466365   3.72461261
   3.72461261   4.01078949   4.14112933   4.14112933   5.25307292
   5.27333367   5.49937095   5.49937095   5.56884761   5.56884761
   5.62685645   5.62685645   6.24428089   6.24428089   6.50186632
   6.60376152   6.60376152   6.78235628   6.78235628   6.78294515
   6.78294515   6.91699387   6.91699387   7.20077428   7.20077428
   7.37105815   7.50092425   7.50092425   7.90052646   8.02908446
  25.02662029  45.43449514  45.59788171]
E_coul = 126.453123597638
cycle= 7 E= -187.716366839645  delta_E= -6.21e-08  |g|= 7.89e-05  |ddm|= 0.000457
    CPU time for cycle= 7      0.06 sec, wall time      0.06 sec
diis-norm(errvec)=0.00020506
diis-c [ -1.01612388e-08  -1.94373415e-04  -3.60060945e-04   5.59536613e-04
   7.45890447e-03   6.70057140e-03  -3.14349639e-01   1.30018506e+00]
  HOMO = -0.544158188470428  LUMO = 0.133923027112529
  mo_energy =
[-20.64959262 -20.64954947 -11.45855811  -1.53054702  -1.47743089
  -0.7997138   -0.74293541  -0.71546376  -0.71546376  -0.54415819
  -0.54415819   0.13392303   0.19799457   0.19799457   0.26143225
   0.30309286   0.30309286   0.48897265   0.4933996    0.55114349
   0.57913966   0.57913966   0.75556318   0.75556318   0.75780815
   0.75780815   0.88087347   0.981208     1.1994881    1.1994881
   1.26780072   1.50041383   1.54494206   1.56617788   1.56617788
   1.63868762   1.63868762   1.92618943   1.92618943   1.92835397
   2.1877169    2.1877169    2.28523138   2.28523138   2.56001742
   2.72177836   2.83893453   2.83893453   3.09703224   3.09703224
   3.10925218   3.10925218   3.12890432   3.12890432   3.22038823
   3.22038823   3.25767193   3.40044212   3.6446863    3.72462844
   3.72462844   4.0108123    4.14115063   4.14115063   5.25308478
   5.27335077   5.49937415   5.49937415   5.56885118   5.56885118
   5.6268654    5.6268654    6.24429105   6.24429105   6.50188118
   6.60377582   6.60377582   6.78236312   6.78236312   6.78295164
   6.78295164   6.91700535   6.91700535   7.20078912   7.20078912
   7.37107054   7.50093658   7.50093658   7.90054236   8.02910365
  25.02666568  45.4345118   45.59789839]
E_coul = 126.453103262268
cycle= 8 E= -187.71636684199  delta_E= -2.35e-09  |g|= 9.38e-06  |ddm|= 8.94e-05
    CPU time for cycle= 8      0.07 sec, wall time      0.06 sec
diis-norm(errvec)=2.43497e-05
diis-c [ -3.44603512e-11   2.57860149e-05   4.80127675e-05  -2.63078987e-05
  -1.37877314e-03   3.52259147e-03   2.39574811e-02  -1.98968276e-01
   1.17281949e+00]
  HOMO = -0.544159862419728  LUMO = 0.133922056335505
  mo_energy =
[-20.64959863 -20.64955548 -11.45856463  -1.53054983  -1.47743419
  -0.79971509  -0.74293687  -0.71546519  -0.71546519  -0.54415986
  -0.54415986   0.13392206   0.19799223   0.19799223   0.26143199
   0.30309144   0.30309144   0.48897199   0.49339772   0.55114331
   0.57913923   0.57913923   0.75556181   0.75556181   0.75780747
   0.75780747   0.8808725    0.98120714   1.19948604   1.19948604
   1.26779639   1.50041221   1.54494102   1.5661751    1.5661751
   1.63868614   1.63868614   1.9261881    1.9261881    1.92835268
   2.18771521   2.18771521   2.28522995   2.28522995   2.56001554
   2.72177672   2.8389324    2.8389324    3.09702971   3.09702971
   3.10924926   3.10924926   3.12890122   3.12890122   3.22038597
   3.22038597   3.25766958   3.40043986   3.64468351   3.72462583
   3.72462583   4.01080868   4.14114828   4.14114828   5.25308222
   5.27334756   5.49937212   5.49937212   5.56884915   5.56884915
   5.62686316   5.62686316   6.24428869   6.24428869   6.50187801
   6.60377293   6.60377293   6.78236022   6.78236022   6.78294863
   6.78294863   6.91700273   6.91700273   7.20078618   7.20078618
   7.37106745   7.50093366   7.50093366   7.90053895   8.02910024
  25.0266595   45.43450603  45.59789262]
E_coul = 126.453125099209
cycle= 9 E= -187.716366842016  delta_E= -2.63e-11  |g|= 6.13e-07  |ddm|= 1.31e-05
    CPU time for cycle= 9      0.06 sec, wall time      0.06 sec
  HOMO = -0.544159911751988  LUMO = 0.133922058571547
  mo_energy =
[-20.64959857 -20.64955542 -11.4585644   -1.53054984  -1.47743423
  -0.79971512  -0.74293694  -0.71546529  -0.71546529  -0.54415991
  -0.54415991   0.13392206   0.19799229   0.19799229   0.26143198
   0.30309149   0.30309149   0.48897201   0.49339777   0.55114331
   0.57913921   0.57913921   0.75556179   0.75556179   0.75780746
   0.75780746   0.88087249   0.98120711   1.19948606   1.19948606
   1.26779648   1.50041226   1.54494101   1.56617516   1.56617516
   1.63868611   1.63868611   1.92618806   1.92618806   1.92835269
   2.1877152    2.1877152    2.28522994   2.28522994   2.56001556
   2.72177672   2.8389324    2.8389324    3.09702971   3.09702971
   3.1092493    3.1092493    3.12890127   3.12890127   3.22038599
   3.22038599   3.25766956   3.40043984   3.64468355   3.72462584
   3.72462584   4.01080874   4.14114831   4.14114831   5.25308224
   5.27334758   5.49937208   5.49937208   5.56884911   5.56884911
   5.62686314   5.62686314   6.24428867   6.24428867   6.50187806
   6.60377296   6.60377296   6.7823602    6.7823602    6.78294861
   6.78294861   6.91700272   6.91700272   7.2007862    7.2007862
   7.37106746   7.50093366   7.50093366   7.90053899   8.0291003
  25.0266597   45.43450609  45.59789268]
    CPU time for scf_cycle      1.48 sec, wall time      1.47 sec
    CPU time for SCF      1.48 sec, wall time      1.48 sec
converged SCF energy = -187.716366842016
RHF E = -187.716366842
RHF eps = [-20.64959857 -20.64955542 -11.4585644   -1.53054984  -1.47743423
  -0.79971512  -0.74293694  -0.71546529  -0.71546529  -0.54415991
  -0.54415991   0.13392206   0.19799229   0.19799229   0.26143198
   0.30309149   0.30309149   0.48897201   0.49339777   0.55114331
   0.57913921   0.57913921   0.75556179   0.75556179   0.75780746
   0.75780746   0.88087249   0.98120711   1.19948606   1.19948606
   1.26779648   1.50041226   1.54494101   1.56617516   1.56617516
   1.63868611   1.63868611   1.92618806   1.92618806   1.92835269
   2.1877152    2.1877152    2.28522994   2.28522994   2.56001556
   2.72177672   2.8389324    2.8389324    3.09702971   3.09702971
   3.1092493    3.1092493    3.12890127   3.12890127   3.22038599
   3.22038599   3.25766956   3.40043984   3.64468355   3.72462584
   3.72462584   4.01080874   4.14114831   4.14114831   5.25308224
   5.27334758   5.49937208   5.49937208   5.56884911   5.56884911
   5.62686314   5.62686314   6.24428867   6.24428867   6.50187806
   6.60377296   6.60377296   6.7823602    6.7823602    6.78294861
   6.78294861   6.91700272   6.91700272   7.2007862    7.2007862
   7.37106746   7.50093366   7.50093366   7.90053899   8.0291003
  25.0266597   45.43450609  45.59789268]
    CPU time for CCSD integral transformation      6.86 sec, wall time      6.87 sec

******** <class 'pyscf.cc.rccsd_slow.RCCSD'> flags ********
CCSD nocc = 8, nvir = 82
frozen orbitals [0, 1, 2]
max_cycle = 50
direct = 0
conv_tol = 1e-07
conv_tol_normt = 1e-05
diis_space = 6
diis_start_cycle = 0
diis_start_energy_diff = 1e+09
Init t2, MP2 energy = -0.598127535417981
    CPU time for init mp2      0.01 sec, wall time      0.01 sec
    CPU time for update t1 t2      5.80 sec, wall time      5.80 sec
istep = 0  E(CCSD) = -0.567544826326196  dE = -0.567544826  norm(t1,t2) = 0.117744
    CPU time for CCSD iter      5.88 sec, wall time      5.88 sec
    CPU time for update t1 t2      5.81 sec, wall time      5.83 sec
DIIS for step 1
istep = 1  E(CCSD) = -0.591230152981266  dE = -0.0236853267  norm(t1,t2) = 0.0445098
    CPU time for CCSD iter      5.90 sec, wall time      5.91 sec
    CPU time for update t1 t2      5.80 sec, wall time      5.81 sec
diis-c [ -2.96792038e-04   1.00000000e+00]
DIIS for step 2
istep = 2  E(CCSD) = -0.586335085996167  dE = 0.00489506699  norm(t1,t2) = 0.0233712
    CPU time for CCSD iter      5.89 sec, wall time      5.90 sec
    CPU time for update t1 t2      5.77 sec, wall time      5.78 sec
diis-c [ -2.28921292e-05   2.61020746e-01   7.38979254e-01]
DIIS for step 3
istep = 3  E(CCSD) = -0.588956325298516  dE = -0.0026212393  norm(t1,t2) = 0.00996776
    CPU time for CCSD iter      5.86 sec, wall time      5.87 sec
    CPU time for update t1 t2      5.77 sec, wall time      5.77 sec
diis-c [ -3.56926434e-07  -3.00830786e-01  -4.80780528e-01   1.78161131e+00]
DIIS for step 4
istep = 4  E(CCSD) = -0.589612271344135  dE = -0.000655946046  norm(t1,t2) = 0.00347197
    CPU time for CCSD iter      5.85 sec, wall time      5.86 sec
    CPU time for update t1 t2      5.75 sec, wall time      5.76 sec
diis-c [ -5.65097249e-08   3.66875168e-02   5.53313575e-02  -2.16064654e-01
   1.12404578e+00]
DIIS for step 5
istep = 5  E(CCSD) = -0.589511454852722  dE = 0.000100816491  norm(t1,t2) = 0.000340604
    CPU time for CCSD iter      5.85 sec, wall time      5.85 sec
    CPU time for update t1 t2      5.79 sec, wall time      5.79 sec
diis-c [ -2.55277427e-09   3.71682458e-02   5.87543597e-02  -2.30313095e-01
  -1.20953653e-01   1.25534414e+00]
DIIS for step 6
istep = 6  E(CCSD) = -0.589515126270005  dE = -3.67141728e-06  norm(t1,t2) = 0.000135534
    CPU time for CCSD iter      5.87 sec, wall time      5.88 sec
    CPU time for update t1 t2      5.82 sec, wall time      5.83 sec
diis-c [ -3.00427350e-10  -9.28140700e-03  -1.42753063e-02   5.49012381e-02
  -5.17608699e-02  -1.58027922e-01   1.17844427e+00]
DIIS for step 7
istep = 7  E(CCSD) = -0.589519106243517  dE = -3.97997351e-06  norm(t1,t2) = 3.08873e-05
    CPU time for CCSD iter      5.92 sec, wall time      5.93 sec
    CPU time for update t1 t2      5.76 sec, wall time      5.77 sec
diis-c [ -2.89642199e-11   1.14523870e+00   7.79731107e-05   1.48210904e-03
   6.57659342e-03  -3.95277690e-02  -1.13847611e-01]
DIIS for step 8
istep = 8  E(CCSD) = -0.589516819672012  dE = 2.28657151e-06  norm(t1,t2) = 8.86845e-06
    CPU time for CCSD iter      5.85 sec, wall time      5.86 sec
    CPU time for update t1 t2      5.71 sec, wall time      5.72 sec
diis-c [ -1.95632399e-12   1.34287126e-01   9.69891397e-01  -5.92573301e-05
   3.67479792e-03  -3.19434597e-03  -1.04599718e-01]
DIIS for step 9
istep = 9  E(CCSD) = -0.589517664513815  dE = -8.44841803e-07  norm(t1,t2) = 3.24793e-06
    CPU time for CCSD iter      5.80 sec, wall time      5.81 sec
    CPU time for update t1 t2      5.71 sec, wall time      5.72 sec
diis-c [ -2.44859688e-13  -3.77514920e-02  -2.14301527e-01   1.23670779e+00
  -4.56007096e-04   1.39974001e-03   1.44015000e-02]
DIIS for step 10
istep = 10  E(CCSD) = -0.589517556496343  dE = 1.08017472e-07  norm(t1,t2) = 8.11752e-07
    CPU time for CCSD iter      5.79 sec, wall time      5.81 sec
    CPU time for update t1 t2      5.71 sec, wall time      5.71 sec
diis-c [ -3.42503803e-14  -1.66823263e-02  -1.45901435e-01   1.94100499e-01
   9.56759226e-01  -2.41430929e-04   1.19654676e-02]
DIIS for step 11
istep = 11  E(CCSD) = -0.589517601455083  dE = -4.49587395e-08  norm(t1,t2) = 3.61763e-07
    CPU time for CCSD iter      5.80 sec, wall time      5.80 sec
    CPU time for CCSD     70.26 sec, wall time     70.34 sec
CCSD converged
E(CCSD) = -188.3058844434712  E_corr = -0.5895176014550829
    CPU time for EOM-CCSD shared one-electron intermediates      0.10 sec, wall time      0.10 sec
    CPU time for EOM-CCSD IP intermediates      0.29 sec, wall time      0.28 sec
tol 1e-07  toloose 0.000316228
max_cycle 50  max_space 38  max_memory 2000  incore True
davidson 0 6  |r|= 0.424  e= [ 0.63435695  0.63435695  0.78696657  0.78696657  0.82021979  0.87063929]  max|de|= 0.871  lindep=    1
davidson 1 12  |r|= 0.0434  e= [ 0.49371717  0.49371717  0.6519813   0.6519813   0.64854635  0.69692316]  max|de|= -0.174  lindep= 0.866
davidson 2 18  |r|= 0.015  e= [ 0.49346266  0.49346266  0.65086156  0.65086156  0.64815936  0.69616632]  max|de|= -0.00112  lindep= 0.862
root 0 converged  |r|= 9.74e-15  e= 0.493462686632  max|de|= 2.22e-08
root 1 converged  |r|= 9.14e-15  e= 0.493462686632  max|de|= 2.22e-08
davidson 3 24  |r|= 0.00405  e= [ 0.49346269  0.49346269  0.65086179  0.65086179  0.64844416  0.69640331]  max|de|= 0.000285  lindep= 0.893
root 2 converged  |r|= 9.02e-13  e= 0.650861788  max|de|= -1.11e-15
root 3 converged  |r|= 9.02e-13  e= 0.650861788  max|de|= -9.99e-16
davidson 4 26  |r|= 6.29e-07  e= [ 0.49346269  0.49346269  0.65086179  0.65086179  0.64836636  0.69632412]  max|de|= -7.92e-05  lindep= 0.897
root 4 converged  |r|= 5.2e-12  e= 0.648366338988  max|de|= -1.72e-08
root 5 converged  |r|= 4.36e-11  e= 0.696324108677  max|de|= -1.5e-08
converge 5 28  |r|= 4.36e-11  e= [ 0.49346269  0.49346269  0.65086179  0.65086179  0.64836634  0.69632411]  max|de|= -1.72e-08
IP root 0 E = 0.4934626866319581  qpwt = 0.943684
IP root 1 E = 0.4934626866319546  qpwt = 0.943684
IP root 2 E = 0.6508617880001101  qpwt = 0.923136
IP root 3 E = 0.6508617880001049  qpwt = 0.923136
IP root 4 E = 0.6483663389883481  qpwt = 0.933919
IP root 5 E = 0.6963241086770562  qpwt = 0.926066
    CPU time for IP-CCSD      0.49 sec, wall time      0.48 sec
    CPU time for EOM-CCSD shared one-electron intermediates      0.09 sec, wall time      0.09 sec
    CPU time for EOM-CCSD EA intermediates      8.15 sec, wall time      8.16 sec
tol 1e-07  toloose 0.000316228
max_cycle 50  max_space 38  max_memory 2000  incore True
davidson 0 6  |r|= 0.372  e= [ 0.14554806  0.24360338  0.24360338  0.26646219  0.32599639  0.32599639]  max|de|= 0.326  lindep=    1
davidson 1 12  |r|= 0.0627  e= [ 0.10888758  0.16337931  0.16337931  0.24387541  0.27128294  0.27128294]  max|de|= -0.0802  lindep= 0.964
davidson 2 18  |r|= 0.0323  e= [ 0.10347352  0.15859222  0.15859222  0.24258102  0.2700648   0.2700648 ]  max|de|= -0.00541  lindep= 0.963
davidson 3 24  |r|= 0.0063  e= [ 0.1033437   0.15868923  0.15868923  0.24260964  0.27007844  0.27007844]  max|de|= -0.00013  lindep= 0.911
davidson 4 30  |r|= 0.00213  e= [ 0.10331849  0.15869304  0.15869304  0.24261055  0.27007861  0.27007861]  max|de|= -2.52e-05  lindep= 0.926
root 3 converged  |r|= 5.26e-05  e= 0.24261053627  max|de|= -1.85e-08
davidson 5 36  |r|= 0.000193  e= [ 0.10330888  0.15869173  0.15869173  0.24261054  0.27007892  0.27007892]  max|de|= -9.61e-06  lindep= 0.902
root 0 converged  |r|= 0.000193  e= 0.103308882998  max|de|= 1.5e-15
root 1 converged  |r|= 1.69e-05  e= 0.158691727637  max|de|= -1.58e-15
root 2 converged  |r|= 1.69e-05  e= 0.158691727637  max|de|= 3.19e-15
root 3 converged  |r|= 5.26e-05  e= 0.24261053627  max|de|= 2.78e-16
root 4 converged  |r|= 1.05e-05  e= 0.270078917288  max|de|= -1.67e-16
root 5 converged  |r|= 1.05e-05  e= 0.270078917288  max|de|= 1.55e-15
converge 6 6  |r|= 0.000193  e= [ 0.10330888  0.15869173  0.15869173  0.24261054  0.27007892  0.27007892]  max|de|= 3.19e-15
EA root 0 E = 0.103308882997671  qpwt = 0.987977
EA root 1 E = 0.1586917276366538  qpwt = 0.971871
EA root 2 E = 0.1586917276366563  qpwt = 0.971871
EA root 3 E = 0.2426105362703031  qpwt = 0.991785
EA root 4 E = 0.2700789172884046  qpwt = 0.986586
EA root 5 E = 0.2700789172884  qpwt = 0.986586
    CPU time for EA-CCSD     14.45 sec, wall time     14.47 sec
