

******** <class 'pyscf.scf.hf.RHF'> flags ********
method = RHF
initial guess = minao
damping factor = 0
level shift factor = 0
Do DIIS = True
DIIS start cycle = 1
DIIS space = 8
SCF tol = 1e-09
SCF gradient tol = None
max. SCF cycles = 50
direct_scf = True
direct_scf_tol = 1e-13
chkfile to save SCF result = /tmp/tmpfIg5w5
max_memory 4000 MB (current use 39 MB)
Set gradient conv threshold to 3.16228e-05
Nelec from initial guess = 57.9914
cond(S) = 655.721069116
E_coul = 1512.75463578314
init E= -3277.16781448809
    CPU time for initialize scf      4.06 sec, wall time      4.07 sec
  HOMO = -0.192704442762883  LUMO = -0.0107965792403152
  mo_energy =
[ -3.28422425e+02  -3.28422420e+02  -4.05312816e+01  -4.05312642e+01
  -3.53169519e+01  -3.53169294e+01  -3.53167539e+01  -3.53167539e+01
  -3.53167527e+01  -3.53167527e+01  -4.88651361e+00  -4.88385444e+00
  -3.20615576e+00  -3.19615554e+00  -3.19615554e+00  -3.19439218e+00
  -3.19439218e+00  -3.19289005e+00  -4.36647420e-01  -4.19318827e-01
  -4.19318827e-01  -3.90412853e-01  -3.90412853e-01  -3.76328723e-01
  -3.76328723e-01  -3.56454061e-01  -3.56454061e-01  -3.48286649e-01
  -1.92704443e-01  -1.07965792e-02   1.07178134e-01   1.07178134e-01
   1.18688262e-01   1.76590581e-01   1.87644808e-01   1.87644808e-01
   2.07518551e-01   2.46981236e-01   2.46981236e-01   2.96483271e-01
   3.13766176e-01   3.13766176e-01   3.23979566e-01   3.23979566e-01
   3.55018969e-01   4.04568561e-01   4.04568561e-01   5.78943457e-01
   7.35226493e-01   7.35226493e-01   8.19720133e-01   9.04129388e-01
   9.04129388e-01   9.95650574e-01   1.06316385e+00   1.06316385e+00
   1.08755884e+00   1.08755884e+00   1.17763667e+00   1.17763667e+00
   1.18655686e+00   1.30117504e+00   1.30117504e+00   1.55636733e+00
   3.42721420e+00   3.42721420e+00   3.52099439e+00   3.53946788e+00
   3.58705752e+00   3.58705752e+00   3.66278669e+00   3.86091603e+00
   3.86091603e+00   3.87567327e+00   3.87567327e+00   3.87740673e+00
   3.88451397e+00   3.88451397e+00   3.88523206e+00   3.88523206e+00
   3.88699855e+00   3.88699855e+00   3.91620716e+00   3.92402526e+00
   3.92402526e+00   4.21406935e+00   4.30143874e+00   4.30143874e+00
   4.34813098e+00   4.34813098e+00   4.36099880e+00   4.36099880e+00
   4.40139154e+00   4.40139154e+00   4.59632773e+00   4.62809058e+00
   1.38718192e+01   1.38720751e+01   1.38720751e+01   1.38725312e+01
   1.38725312e+01   1.38725865e+01   1.38725865e+01   1.38726200e+01
   1.38726200e+01   1.38732880e+01   1.38738006e+01   1.38738006e+01
   1.38738071e+01   1.38738071e+01   1.38752395e+01   1.38752395e+01
   1.38752402e+01   1.38752402e+01   1.41639328e+01   1.41705589e+01
   1.41705589e+01   1.41738019e+01   1.41738019e+01   1.41762209e+01
   1.41762209e+01   1.41763936e+01   1.41763936e+01   1.41774025e+01
   1.41774025e+01   1.42019616e+01   1.42019616e+01   1.43230333e+01]
E_coul = 1485.79603068471
cycle= 1 E= -3277.7490216466  delta_E= -0.581  |g|= 1.24  |ddm|= 1.15
    CPU time for cycle= 1      0.19 sec, wall time      0.19 sec
diis-norm(errvec)=1.96929
diis-c [-3.87809516  1.        ]
  HOMO = -0.263201508790222  LUMO = -0.000217117794097226
  mo_energy =
[ -3.29281677e+02  -3.29281671e+02  -4.12618272e+01  -4.12618165e+01
  -3.60675202e+01  -3.60675202e+01  -3.60675107e+01  -3.60675107e+01
  -3.60674564e+01  -3.60674413e+01  -5.25580544e+00  -5.25509172e+00
  -3.56097373e+00  -3.55492950e+00  -3.55483347e+00  -3.55483347e+00
  -3.55450030e+00  -3.55450030e+00  -7.03996135e-01  -6.90849213e-01
  -6.90849213e-01  -6.75811087e-01  -6.75811087e-01  -6.71058975e-01
  -6.71058975e-01  -6.60636664e-01  -6.60636664e-01  -6.50489754e-01
  -2.63201509e-01  -2.17117794e-04   9.42744679e-02   9.42744679e-02
   9.97758873e-02   1.65856933e-01   1.74228872e-01   1.74228872e-01
   1.94437043e-01   2.46260362e-01   2.46260362e-01   2.83888385e-01
   3.03104218e-01   3.03104218e-01   3.20372691e-01   3.20372691e-01
   3.35511999e-01   3.97229458e-01   3.97229458e-01   5.44930163e-01
   7.03966710e-01   7.03966710e-01   7.82595895e-01   8.60944572e-01
   8.60944572e-01   9.26184816e-01   9.94090825e-01   9.94090825e-01
   1.03079918e+00   1.03079918e+00   1.10450197e+00   1.11802143e+00
   1.11802143e+00   1.24275615e+00   1.24275615e+00   1.50226329e+00
   3.23567601e+00   3.23567601e+00   3.28671480e+00   3.36174908e+00
   3.39591154e+00   3.39591154e+00   3.46692941e+00   3.69244618e+00
   3.71189001e+00   3.71189001e+00   3.72876451e+00   3.73469707e+00
   3.73469707e+00   3.74616628e+00   3.74616628e+00   3.74680199e+00
   3.74680199e+00   3.74906189e+00   3.74906189e+00   3.77726128e+00
   3.77726128e+00   3.99054014e+00   4.05406749e+00   4.05406749e+00
   4.09869626e+00   4.09869626e+00   4.12115350e+00   4.12115350e+00
   4.16037949e+00   4.16037949e+00   4.36524473e+00   4.44252272e+00
   1.35914028e+01   1.35917589e+01   1.35917589e+01   1.35923650e+01
   1.35923650e+01   1.35923852e+01   1.35923852e+01   1.35924023e+01
   1.35924023e+01   1.35933868e+01   1.35937900e+01   1.35937900e+01
   1.35937905e+01   1.35937905e+01   1.35954343e+01   1.35954343e+01
   1.35954361e+01   1.35954361e+01   1.37596135e+01   1.37663198e+01
   1.37663198e+01   1.37695172e+01   1.37695172e+01   1.37717567e+01
   1.37717567e+01   1.37719278e+01   1.37719278e+01   1.37731480e+01
   1.37731480e+01   1.37980412e+01   1.37980412e+01   1.39208515e+01]
E_coul = 1524.06966746917
cycle= 2 E= -3277.67485082468  delta_E= 0.0742  |g|= 1.65  |ddm|= 0.685
    CPU time for cycle= 2      0.19 sec, wall time      0.19 sec
diis-norm(errvec)=2.46547
diis-c [-0.03072267  0.55629889  0.44370111]
  HOMO = -0.238375245934535  LUMO = 0.0129755936255997
  mo_energy =
[ -3.28777758e+02  -3.28777752e+02  -4.08098479e+01  -4.08098353e+01
  -3.56077133e+01  -3.56077133e+01  -3.56077035e+01  -3.56077035e+01
  -3.56075882e+01  -3.56075741e+01  -5.00900379e+00  -5.00818781e+00
  -3.32531527e+00  -3.31932590e+00  -3.31932590e+00  -3.31878549e+00
  -3.31878549e+00  -3.31835170e+00  -5.15654035e-01  -5.02992628e-01
  -5.02992628e-01  -4.85181779e-01  -4.85181779e-01  -4.77826914e-01
  -4.77826914e-01  -4.64393317e-01  -4.64393317e-01  -4.55458460e-01
  -2.38375246e-01   1.29755936e-02   1.09705111e-01   1.09705111e-01
   1.12067580e-01   1.78626210e-01   1.84204431e-01   1.84204431e-01
   2.08617827e-01   2.54613085e-01   2.54613085e-01   2.91925311e-01
   3.12501346e-01   3.12501346e-01   3.26061945e-01   3.26061945e-01
   3.52067733e-01   4.07787747e-01   4.07787747e-01   5.75531539e-01
   7.38179439e-01   7.38179439e-01   8.15939542e-01   8.95024719e-01
   8.95024719e-01   9.69778864e-01   1.04610223e+00   1.04610223e+00
   1.07685738e+00   1.07685738e+00   1.16331536e+00   1.16462760e+00
   1.16462760e+00   1.29040732e+00   1.29040732e+00   1.55070784e+00
   3.36595199e+00   3.36595199e+00   3.43704093e+00   3.48816033e+00
   3.52487510e+00   3.52487510e+00   3.60636741e+00   3.81580333e+00
   3.81580333e+00   3.83225448e+00   3.83573695e+00   3.83573695e+00
   3.83819332e+00   3.84587160e+00   3.84587160e+00   3.84651578e+00
   3.84651578e+00   3.84973085e+00   3.84973085e+00   3.88776511e+00
   3.88776511e+00   4.14517782e+00   4.21699426e+00   4.21699426e+00
   4.26105455e+00   4.26105455e+00   4.28245095e+00   4.28245095e+00
   4.31506193e+00   4.31506193e+00   4.52507178e+00   4.56556885e+00
   1.37783172e+01   1.37785939e+01   1.37785939e+01   1.37790157e+01
   1.37790157e+01   1.37790467e+01   1.37790467e+01   1.37791837e+01
   1.37791837e+01   1.37801341e+01   1.37801341e+01   1.37801341e+01
   1.37801341e+01   1.37804158e+01   1.37813815e+01   1.37813815e+01
   1.37813828e+01   1.37813828e+01   1.40211952e+01   1.40277582e+01
   1.40277582e+01   1.40306578e+01   1.40306578e+01   1.40325168e+01
   1.40325168e+01   1.40326865e+01   1.40326865e+01   1.40342538e+01
   1.40342538e+01   1.40591781e+01   1.40591781e+01   1.41807577e+01]
E_coul = 1502.23248007759
cycle= 3 E= -3277.85916032719  delta_E= -0.184  |g|= 0.0312  |ddm|= 0.399
    CPU time for cycle= 3      0.20 sec, wall time      0.19 sec
diis-norm(errvec)=0.0568284
diis-c [-0.00160071  0.00515408  0.02001295  0.97483297]
  HOMO = -0.238141225282779  LUMO = 0.0153577917639592
  mo_energy =
[ -3.28788807e+02  -3.28788801e+02  -4.08163493e+01  -4.08163367e+01
  -3.56149486e+01  -3.56149486e+01  -3.56149389e+01  -3.56149389e+01
  -3.56148726e+01  -3.56148588e+01  -5.00703246e+00  -5.00621381e+00
  -3.32393532e+00  -3.31768695e+00  -3.31768695e+00  -3.31713817e+00
  -3.31713817e+00  -3.31696897e+00  -5.14349385e-01  -5.02104312e-01
  -5.02104312e-01  -4.84755986e-01  -4.84755986e-01  -4.77327700e-01
  -4.77327700e-01  -4.63474705e-01  -4.63474705e-01  -4.54420944e-01
  -2.38141225e-01   1.53577918e-02   1.11218902e-01   1.11218902e-01
   1.12343851e-01   1.80096324e-01   1.85508690e-01   1.85508690e-01
   2.10513754e-01   2.55563804e-01   2.55563804e-01   2.92947834e-01
   3.13220524e-01   3.13220524e-01   3.26807825e-01   3.26807825e-01
   3.52958015e-01   4.08880362e-01   4.08880362e-01   5.77284500e-01
   7.40302726e-01   7.40302726e-01   8.17911028e-01   8.97870003e-01
   8.97870003e-01   9.73252696e-01   1.04864394e+00   1.04864394e+00
   1.07920455e+00   1.07920455e+00   1.16580243e+00   1.16707271e+00
   1.16707271e+00   1.29265871e+00   1.29265871e+00   1.55263419e+00
   3.36869506e+00   3.36869506e+00   3.44194921e+00   3.49024814e+00
   3.52798740e+00   3.52798740e+00   3.60806011e+00   3.82059174e+00
   3.82059174e+00   3.83674224e+00   3.84016179e+00   3.84016179e+00
   3.84240673e+00   3.85013936e+00   3.85013936e+00   3.85078762e+00
   3.85078762e+00   3.85384527e+00   3.85384527e+00   3.89080103e+00
   3.89080103e+00   4.14720357e+00   4.21899638e+00   4.21899638e+00
   4.26336942e+00   4.26336942e+00   4.28405601e+00   4.28405601e+00
   4.31801900e+00   4.31801900e+00   4.52581308e+00   4.56896708e+00
   1.37819830e+01   1.37822648e+01   1.37822648e+01   1.37827340e+01
   1.37827340e+01   1.37827617e+01   1.37827617e+01   1.37828146e+01
   1.37828146e+01   1.37838941e+01   1.37839090e+01   1.37839090e+01
   1.37839091e+01   1.37839091e+01   1.37852260e+01   1.37852260e+01
   1.37852272e+01   1.37852272e+01   1.40224221e+01   1.40289859e+01
   1.40289859e+01   1.40318840e+01   1.40318840e+01   1.40337778e+01
   1.40337778e+01   1.40339478e+01   1.40339478e+01   1.40354876e+01
   1.40354876e+01   1.40604664e+01   1.40604664e+01   1.41821788e+01]
E_coul = 1502.65517903659
cycle= 4 E= -3277.85940039469  delta_E= -0.00024  |g|= 0.0102  |ddm|= 0.0231
    CPU time for cycle= 4      0.19 sec, wall time      0.20 sec
diis-norm(errvec)=0.0230991
diis-c [ -2.94202559e-04  -5.27766508e-02  -4.08803397e-02   3.73283574e-02
   1.05632863e+00]
  HOMO = -0.237351789238622  LUMO = 0.0162602008743901
  mo_energy =
[ -3.28788461e+02  -3.28788455e+02  -4.08154481e+01  -4.08154356e+01
  -3.56141411e+01  -3.56141411e+01  -3.56141316e+01  -3.56141316e+01
  -3.56140873e+01  -3.56140735e+01  -5.00512361e+00  -5.00430935e+00
  -3.32210933e+00  -3.31584969e+00  -3.31584969e+00  -3.31529914e+00
  -3.31529914e+00  -3.31515489e+00  -5.12260680e-01  -5.00297849e-01
  -5.00297849e-01  -4.83338808e-01  -4.83338808e-01  -4.75920322e-01
  -4.75920322e-01  -4.61799988e-01  -4.61799988e-01  -4.52589189e-01
  -2.37351789e-01   1.62602009e-02   1.12340496e-01   1.12349397e-01
   1.12349397e-01   1.80517972e-01   1.85895007e-01   1.85895007e-01
   2.11326566e-01   2.56429883e-01   2.56429883e-01   2.93175421e-01
   3.13629507e-01   3.13629507e-01   3.27224232e-01   3.27224232e-01
   3.53388683e-01   4.09532041e-01   4.09532041e-01   5.78302082e-01
   7.41995842e-01   7.41995842e-01   8.19197705e-01   8.99022981e-01
   8.99022981e-01   9.73993494e-01   1.05020974e+00   1.05020974e+00
   1.08077519e+00   1.08077519e+00   1.16732904e+00   1.16851889e+00
   1.16851889e+00   1.29428522e+00   1.29428522e+00   1.55453532e+00
   3.37053982e+00   3.37053982e+00   3.44301883e+00   3.49252121e+00
   3.52973097e+00   3.52973097e+00   3.61045645e+00   3.82247931e+00
   3.82247931e+00   3.83868355e+00   3.84222520e+00   3.84222520e+00
   3.84375104e+00   3.85222257e+00   3.85222257e+00   3.85287154e+00
   3.85287154e+00   3.85605681e+00   3.85605681e+00   3.89334525e+00
   3.89334525e+00   4.14945812e+00   4.22084035e+00   4.22084035e+00
   4.26505276e+00   4.26505276e+00   4.28623979e+00   4.28623979e+00
   4.31963832e+00   4.31963832e+00   4.52839920e+00   4.57083300e+00
   1.37840060e+01   1.37842931e+01   1.37842931e+01   1.37847589e+01
   1.37847589e+01   1.37847888e+01   1.37847888e+01   1.37848644e+01
   1.37848644e+01   1.37859371e+01   1.37859371e+01   1.37859374e+01
   1.37859374e+01   1.37860138e+01   1.37872565e+01   1.37872565e+01
   1.37872577e+01   1.37872577e+01   1.40242130e+01   1.40307648e+01
   1.40307648e+01   1.40336253e+01   1.40336253e+01   1.40354700e+01
   1.40354700e+01   1.40356401e+01   1.40356401e+01   1.40372257e+01
   1.40372257e+01   1.40622177e+01   1.40622177e+01   1.41838813e+01]
E_coul = 1502.69062673899
cycle= 5 E= -3277.8594508447  delta_E= -5.05e-05  |g|= 0.00287  |ddm|= 0.0125
    CPU time for cycle= 5      0.20 sec, wall time      0.20 sec
diis-norm(errvec)=0.00699227
diis-c [ -1.13701391e-05   6.82050410e-03   2.77633497e-03  -9.19329867e-02
  -3.25311930e-01   1.40764808e+00]
  HOMO = -0.237449009468306  LUMO = 0.0165172346020825
  mo_energy =
[ -3.28787116e+02  -3.28787110e+02  -4.08145749e+01  -4.08145624e+01
  -3.56131873e+01  -3.56131873e+01  -3.56131778e+01  -3.56131778e+01
  -3.56131543e+01  -3.56131406e+01  -5.00504820e+00  -5.00423416e+00
  -3.32201293e+00  -3.31572099e+00  -3.31572099e+00  -3.31516936e+00
  -3.31516936e+00  -3.31505719e+00  -5.11876866e-01  -5.00001757e-01
  -5.00001757e-01  -4.83188891e-01  -4.83188891e-01  -4.75785457e-01
  -4.75785457e-01  -4.61583670e-01  -4.61583670e-01  -4.52267567e-01
  -2.37449009e-01   1.65172346e-02   1.12079405e-01   1.12496336e-01
   1.12496336e-01   1.80552796e-01   1.85948014e-01   1.85948014e-01
   2.11501665e-01   2.56624622e-01   2.56624622e-01   2.93190417e-01
   3.13647509e-01   3.13647509e-01   3.27302296e-01   3.27302296e-01
   3.53287162e-01   4.09603266e-01   4.09603266e-01   5.78340846e-01
   7.42170767e-01   7.42170767e-01   8.19234950e-01   8.99137220e-01
   8.99137220e-01   9.73943109e-01   1.05031865e+00   1.05031865e+00
   1.08092641e+00   1.08092641e+00   1.16739033e+00   1.16863415e+00
   1.16863415e+00   1.29437210e+00   1.29437210e+00   1.55460595e+00
   3.37063032e+00   3.37063032e+00   3.44295390e+00   3.49257948e+00
   3.52982204e+00   3.52982204e+00   3.61057841e+00   3.82239861e+00
   3.82239861e+00   3.83861505e+00   3.84217726e+00   3.84217726e+00
   3.84371388e+00   3.85219648e+00   3.85219648e+00   3.85284508e+00
   3.85284508e+00   3.85603507e+00   3.85603507e+00   3.89338764e+00
   3.89338764e+00   4.14959715e+00   4.22093775e+00   4.22093775e+00
   4.26512681e+00   4.26512681e+00   4.28638153e+00   4.28638153e+00
   4.31968336e+00   4.31968336e+00   4.52858636e+00   4.57085085e+00
   1.37838671e+01   1.37841585e+01   1.37841585e+01   1.37846341e+01
   1.37846341e+01   1.37846645e+01   1.37846645e+01   1.37847335e+01
   1.37847335e+01   1.37858288e+01   1.37858288e+01   1.37858291e+01
   1.37858291e+01   1.37858907e+01   1.37871685e+01   1.37871685e+01
   1.37871696e+01   1.37871696e+01   1.40243136e+01   1.40308635e+01
   1.40308635e+01   1.40337202e+01   1.40337202e+01   1.40355668e+01
   1.40355668e+01   1.40357369e+01   1.40357369e+01   1.40373204e+01
   1.40373204e+01   1.40623124e+01   1.40623124e+01   1.41839665e+01]
E_coul = 1502.68589637749
cycle= 6 E= -3277.85945962168  delta_E= -8.78e-06  |g|= 0.000624  |ddm|= 0.00702
    CPU time for cycle= 6      0.19 sec, wall time      0.20 sec
diis-norm(errvec)=0.00126582
diis-c [ -5.09989170e-07   5.94497325e-04   1.26850582e-03   2.19825049e-02
   2.34690910e-02  -3.33024373e-01   1.28570977e+00]
  HOMO = -0.237436114330707  LUMO = 0.0165769196913837
  mo_energy =
[ -3.28787160e+02  -3.28787154e+02  -4.08146004e+01  -4.08145879e+01
  -3.56132124e+01  -3.56132124e+01  -3.56132030e+01  -3.56132030e+01
  -3.56131814e+01  -3.56131677e+01  -5.00497765e+00  -5.00416365e+00
  -3.32192493e+00  -3.31564115e+00  -3.31564115e+00  -3.31508891e+00
  -3.31508891e+00  -3.31496858e+00  -5.11747838e-01  -4.99884795e-01
  -4.99884795e-01  -4.83091314e-01  -4.83091314e-01  -4.75687475e-01
  -4.75687475e-01  -4.61479921e-01  -4.61479921e-01  -4.52145021e-01
  -2.37436114e-01   1.65769197e-02   1.12094562e-01   1.12542806e-01
   1.12542806e-01   1.80582345e-01   1.86000344e-01   1.86000344e-01
   2.11540056e-01   2.56656742e-01   2.56656742e-01   2.93228200e-01
   3.13678810e-01   3.13678810e-01   3.27328796e-01   3.27328796e-01
   3.53318924e-01   4.09638007e-01   4.09638007e-01   5.78397302e-01
   7.42233686e-01   7.42233686e-01   8.19304077e-01   8.99213791e-01
   8.99213791e-01   9.74035981e-01   1.05040809e+00   1.05040809e+00
   1.08100000e+00   1.08100000e+00   1.16748332e+00   1.16870837e+00
   1.16870837e+00   1.29445025e+00   1.29445025e+00   1.55469987e+00
   3.37071879e+00   3.37071879e+00   3.44302718e+00   3.49269425e+00
   3.52991273e+00   3.52991273e+00   3.61067976e+00   3.82253353e+00
   3.82253353e+00   3.83874862e+00   3.84230963e+00   3.84230963e+00
   3.84379612e+00   3.85232416e+00   3.85232416e+00   3.85297275e+00
   3.85297275e+00   3.85616922e+00   3.85616922e+00   3.89352290e+00
   3.89352290e+00   4.14970761e+00   4.22103560e+00   4.22103560e+00
   4.26522422e+00   4.26522422e+00   4.28648822e+00   4.28648822e+00
   4.31978937e+00   4.31978937e+00   4.52870452e+00   4.57097045e+00
   1.37839964e+01   1.37842878e+01   1.37842878e+01   1.37847627e+01
   1.37847627e+01   1.37847932e+01   1.37847932e+01   1.37848635e+01
   1.37848635e+01   1.37859563e+01   1.37859563e+01   1.37859567e+01
   1.37859567e+01   1.37860231e+01   1.37872944e+01   1.37872944e+01
   1.37872956e+01   1.37872956e+01   1.40244123e+01   1.40309615e+01
   1.40309615e+01   1.40338163e+01   1.40338163e+01   1.40356608e+01
   1.40356608e+01   1.40358309e+01   1.40358309e+01   1.40374164e+01
   1.40374164e+01   1.40624094e+01   1.40624094e+01   1.41840622e+01]
E_coul = 1502.68918322188
cycle= 7 E= -3277.85945992041  delta_E= -2.99e-07  |g|= 0.000139  |ddm|= 0.00153
    CPU time for cycle= 7      0.20 sec, wall time      0.20 sec
diis-norm(errvec)=0.000295792
diis-c [ -1.67741880e-08  -2.11839914e-04  -2.98853228e-04  -4.38209553e-03
   3.58655768e-03   5.78162426e-02  -4.88433763e-01   1.43192375e+00]
  HOMO = -0.237448877810417  LUMO = 0.016584131673523
  mo_energy =
[ -3.28787157e+02  -3.28787152e+02  -4.08146132e+01  -4.08146007e+01
  -3.56132239e+01  -3.56132239e+01  -3.56132144e+01  -3.56132144e+01
  -3.56131923e+01  -3.56131786e+01  -5.00499130e+00  -5.00417731e+00
  -3.32193678e+00  -3.31565340e+00  -3.31565340e+00  -3.31510103e+00
  -3.31510103e+00  -3.31498029e+00  -5.11758866e-01  -4.99892986e-01
  -4.99892986e-01  -4.83097473e-01  -4.83097473e-01  -4.75693348e-01
  -4.75693348e-01  -4.61491206e-01  -4.61491206e-01  -4.52153397e-01
  -2.37448878e-01   1.65841317e-02   1.12102745e-01   1.12543081e-01
   1.12543081e-01   1.80585941e-01   1.86013404e-01   1.86013404e-01
   2.11541454e-01   2.56656612e-01   2.56656612e-01   2.93238317e-01
   3.13684935e-01   3.13684935e-01   3.27333098e-01   3.27333098e-01
   3.53324510e-01   4.09641485e-01   4.09641485e-01   5.78400979e-01
   7.42228344e-01   7.42228344e-01   8.19307180e-01   8.99221158e-01
   8.99221158e-01   9.74051947e-01   1.05041350e+00   1.05041350e+00
   1.08100174e+00   1.08100174e+00   1.16748915e+00   1.16871208e+00
   1.16871208e+00   1.29445191e+00   1.29445191e+00   1.55470260e+00
   3.37071542e+00   3.37071542e+00   3.44302797e+00   3.49269123e+00
   3.52991088e+00   3.52991088e+00   3.61067117e+00   3.82253585e+00
   3.82253585e+00   3.83875005e+00   3.84230911e+00   3.84230911e+00
   3.84379572e+00   3.85232230e+00   3.85232230e+00   3.85297090e+00
   3.85297090e+00   3.85616732e+00   3.85616732e+00   3.89351652e+00
   3.89351652e+00   4.14969768e+00   4.22103001e+00   4.22103001e+00
   4.26522081e+00   4.26522081e+00   4.28647968e+00   4.28647968e+00
   4.31978885e+00   4.31978885e+00   4.52869656e+00   4.57097279e+00
   1.37839852e+01   1.37842766e+01   1.37842766e+01   1.37847513e+01
   1.37847513e+01   1.37847818e+01   1.37847818e+01   1.37848523e+01
   1.37848523e+01   1.37859448e+01   1.37859448e+01   1.37859451e+01
   1.37859451e+01   1.37860121e+01   1.37872826e+01   1.37872826e+01
   1.37872838e+01   1.37872838e+01   1.40243977e+01   1.40309469e+01
   1.40309469e+01   1.40338018e+01   1.40338018e+01   1.40356464e+01
   1.40356464e+01   1.40358165e+01   1.40358165e+01   1.40374018e+01
   1.40374018e+01   1.40623946e+01   1.40623946e+01   1.41840473e+01]
E_coul = 1502.69057397337
cycle= 8 E= -3277.85945993679  delta_E= -1.64e-08  |g|= 3.01e-05  |ddm|= 0.000469
    CPU time for cycle= 8      0.19 sec, wall time      0.19 sec
diis-norm(errvec)=5.61216e-05
diis-c [ -1.06566771e-09  -2.12180334e-05  -2.82902776e-05   3.35760081e-04
  -1.78550489e-03  -3.09859476e-04   7.56272064e-02  -3.63444297e-01
   1.28962620e+00]
  HOMO = -0.237445821718916  LUMO = 0.0165849117452357
  mo_energy =
[ -3.28787155e+02  -3.28787149e+02  -4.08146055e+01  -4.08145930e+01
  -3.56132170e+01  -3.56132170e+01  -3.56132075e+01  -3.56132075e+01
  -3.56131848e+01  -3.56131711e+01  -5.00498220e+00  -5.00416821e+00
  -3.32192788e+00  -3.31564488e+00  -3.31564488e+00  -3.31509250e+00
  -3.31509250e+00  -3.31497142e+00  -5.11753697e-01  -4.99886059e-01
  -4.99886059e-01  -4.83089892e-01  -4.83089892e-01  -4.75685740e-01
  -4.75685740e-01  -4.61484728e-01  -4.61484728e-01  -4.52147234e-01
  -2.37445822e-01   1.65849117e-02   1.12104603e-01   1.12544853e-01
   1.12544853e-01   1.80587259e-01   1.86014834e-01   1.86014834e-01
   2.11541727e-01   2.56656962e-01   2.56656962e-01   2.93238990e-01
   3.13685916e-01   3.13685916e-01   3.27333637e-01   3.27333637e-01
   3.53326546e-01   4.09642811e-01   4.09642811e-01   5.78403501e-01
   7.42230735e-01   7.42230735e-01   8.19310472e-01   8.99223769e-01
   8.99223769e-01   9.74054838e-01   1.05041702e+00   1.05041702e+00
   1.08100472e+00   1.08100472e+00   1.16749266e+00   1.16871511e+00
   1.16871511e+00   1.29445525e+00   1.29445525e+00   1.55470736e+00
   3.37072127e+00   3.37072127e+00   3.44303416e+00   3.49269851e+00
   3.52991672e+00   3.52991672e+00   3.61067754e+00   3.82254252e+00
   3.82254252e+00   3.83875684e+00   3.84231558e+00   3.84231558e+00
   3.84380199e+00   3.85232834e+00   3.85232834e+00   3.85297693e+00
   3.85297693e+00   3.85617392e+00   3.85617392e+00   3.89352368e+00
   3.89352368e+00   4.14970406e+00   4.22103620e+00   4.22103620e+00
   4.26522688e+00   4.26522688e+00   4.28648626e+00   4.28648626e+00
   4.31979475e+00   4.31979475e+00   4.52870391e+00   4.57097905e+00
   1.37839936e+01   1.37842849e+01   1.37842849e+01   1.37847594e+01
   1.37847594e+01   1.37847899e+01   1.37847899e+01   1.37848607e+01
   1.37848607e+01   1.37859525e+01   1.37859525e+01   1.37859529e+01
   1.37859529e+01   1.37860206e+01   1.37872899e+01   1.37872899e+01
   1.37872910e+01   1.37872910e+01   1.40244062e+01   1.40309554e+01
   1.40309554e+01   1.40338100e+01   1.40338100e+01   1.40356542e+01
   1.40356542e+01   1.40358243e+01   1.40358243e+01   1.40374100e+01
   1.40374100e+01   1.40624031e+01   1.40624031e+01   1.41840558e+01]
E_coul = 1502.69033475369
cycle= 9 E= -3277.85945993721  delta_E= -4.14e-10  |g|= 7.27e-06  |ddm|= 3.95e-05
    CPU time for cycle= 9      0.19 sec, wall time      0.19 sec
  HOMO = -0.237446355983545  LUMO = 0.0165844875104546
  mo_energy =
[ -3.28787155e+02  -3.28787149e+02  -4.08146062e+01  -4.08145937e+01
  -3.56132177e+01  -3.56132177e+01  -3.56132082e+01  -3.56132082e+01
  -3.56131854e+01  -3.56131717e+01  -5.00498359e+00  -5.00416960e+00
  -3.32192929e+00  -3.31564617e+00  -3.31564617e+00  -3.31509380e+00
  -3.31509380e+00  -3.31497281e+00  -5.11755358e-01  -4.99887281e-01
  -4.99887281e-01  -4.83090952e-01  -4.83090952e-01  -4.75686800e-01
  -4.75686800e-01  -4.61485992e-01  -4.61485992e-01  -4.52148551e-01
  -2.37446356e-01   1.65844875e-02   1.12104204e-01   1.12544159e-01
   1.12544159e-01   1.80587022e-01   1.86014407e-01   1.86014407e-01
   2.11541292e-01   2.56656565e-01   2.56656565e-01   2.93238580e-01
   3.13685486e-01   3.13685486e-01   3.27333372e-01   3.27333372e-01
   3.53326062e-01   4.09642365e-01   4.09642365e-01   5.78402810e-01
   7.42229822e-01   7.42229822e-01   8.19309568e-01   8.99223045e-01
   8.99223045e-01   9.74053770e-01   1.05041593e+00   1.05041593e+00
   1.08100385e+00   1.08100385e+00   1.16749142e+00   1.16871425e+00
   1.16871425e+00   1.29445412e+00   1.29445412e+00   1.55470611e+00
   3.37072007e+00   3.37072007e+00   3.44303312e+00   3.49269693e+00
   3.52991556e+00   3.52991556e+00   3.61067593e+00   3.82254110e+00
   3.82254110e+00   3.83875534e+00   3.84231414e+00   3.84231414e+00
   3.84380085e+00   3.85232699e+00   3.85232699e+00   3.85297558e+00
   3.85297558e+00   3.85617243e+00   3.85617243e+00   3.89352203e+00
   3.89352203e+00   4.14970247e+00   4.22103501e+00   4.22103501e+00
   4.26522575e+00   4.26522575e+00   4.28648483e+00   4.28648483e+00
   4.31979353e+00   4.31979353e+00   4.52870232e+00   4.57097772e+00
   1.37839922e+01   1.37842835e+01   1.37842835e+01   1.37847580e+01
   1.37847580e+01   1.37847885e+01   1.37847885e+01   1.37848592e+01
   1.37848592e+01   1.37859511e+01   1.37859511e+01   1.37859514e+01
   1.37859514e+01   1.37860191e+01   1.37872885e+01   1.37872885e+01
   1.37872897e+01   1.37872897e+01   1.40244049e+01   1.40309541e+01
   1.40309541e+01   1.40338087e+01   1.40338087e+01   1.40356529e+01
   1.40356529e+01   1.40358230e+01   1.40358230e+01   1.40374088e+01
   1.40374088e+01   1.40624018e+01   1.40624018e+01   1.41840545e+01]
    CPU time for scf_cycle      5.82 sec, wall time      5.84 sec
    CPU time for SCF      5.82 sec, wall time      5.84 sec
converged SCF energy = -3277.85945993721
RHF E = -3277.85945994
RHF eps = [ -3.28787155e+02  -3.28787149e+02  -4.08146062e+01  -4.08145937e+01
  -3.56132177e+01  -3.56132177e+01  -3.56132082e+01  -3.56132082e+01
  -3.56131854e+01  -3.56131717e+01  -5.00498359e+00  -5.00416960e+00
  -3.32192929e+00  -3.31564617e+00  -3.31564617e+00  -3.31509380e+00
  -3.31509380e+00  -3.31497281e+00  -5.11755358e-01  -4.99887281e-01
  -4.99887281e-01  -4.83090952e-01  -4.83090952e-01  -4.75686800e-01
  -4.75686800e-01  -4.61485992e-01  -4.61485992e-01  -4.52148551e-01
  -2.37446356e-01   1.65844875e-02   1.12104204e-01   1.12544159e-01
   1.12544159e-01   1.80587022e-01   1.86014407e-01   1.86014407e-01
   2.11541292e-01   2.56656565e-01   2.56656565e-01   2.93238580e-01
   3.13685486e-01   3.13685486e-01   3.27333372e-01   3.27333372e-01
   3.53326062e-01   4.09642365e-01   4.09642365e-01   5.78402810e-01
   7.42229822e-01   7.42229822e-01   8.19309568e-01   8.99223045e-01
   8.99223045e-01   9.74053770e-01   1.05041593e+00   1.05041593e+00
   1.08100385e+00   1.08100385e+00   1.16749142e+00   1.16871425e+00
   1.16871425e+00   1.29445412e+00   1.29445412e+00   1.55470611e+00
   3.37072007e+00   3.37072007e+00   3.44303312e+00   3.49269693e+00
   3.52991556e+00   3.52991556e+00   3.61067593e+00   3.82254110e+00
   3.82254110e+00   3.83875534e+00   3.84231414e+00   3.84231414e+00
   3.84380085e+00   3.85232699e+00   3.85232699e+00   3.85297558e+00
   3.85297558e+00   3.85617243e+00   3.85617243e+00   3.89352203e+00
   3.89352203e+00   4.14970247e+00   4.22103501e+00   4.22103501e+00
   4.26522575e+00   4.26522575e+00   4.28648483e+00   4.28648483e+00
   4.31979353e+00   4.31979353e+00   4.52870232e+00   4.57097772e+00
   1.37839922e+01   1.37842835e+01   1.37842835e+01   1.37847580e+01
   1.37847580e+01   1.37847885e+01   1.37847885e+01   1.37848592e+01
   1.37848592e+01   1.37859511e+01   1.37859511e+01   1.37859514e+01
   1.37859514e+01   1.37860191e+01   1.37872885e+01   1.37872885e+01
   1.37872897e+01   1.37872897e+01   1.40244049e+01   1.40309541e+01
   1.40309541e+01   1.40338087e+01   1.40338087e+01   1.40356529e+01
   1.40356529e+01   1.40358230e+01   1.40358230e+01   1.40374088e+01
   1.40374088e+01   1.40624018e+01   1.40624018e+01   1.41840545e+01]
    CPU time for transforming oopq      8.33 sec, wall time      8.34 sec
    CPU time for transforming ovpq      8.83 sec, wall time      8.83 sec
MO integrals cint2e_sph are saved in <HDF5 file "tmpKd_0MH" (mode r+)>/eri_mo
num. MO ints = 96059601, required disk 768.47681 MB
step1: tmpfile /tmp/tmpXfBB6h  647.33645 MB
step1: (ij,kl) = (9801,8256), mem cache 4000 MB, iobuf 800 MB
    CPU time for Initializing ao2mo.outcore.half_e1      0.05 sec, wall time      0.05 sec
step 1 [1/1], AO [0:666], len(buf) = 8256
      fill iobuf micro [1/1], AO [0:666], len(aobuf) = 8256
    CPU time for gen AO/transform MO [1/1]     10.36 sec, wall time     10.36 sec
    CPU time for AO->MO transformation for cint2e_sph 1 pass     11.44 sec, wall time     11.45 sec
step2: kl-pair (ao 8256, mo 9801), mem 327.59808 MB, ioblock 388.90368 MB
step 2 [1/2], [0,0:4960], row = 4960
step 2 [1/2] CPU time:      2.37, Wall time:      2.37
step 2 [2/2], [0,4960:9801], row = 4841
step 2 [2/2] CPU time:      2.08, Wall time:      2.09
    CPU time for AO->MO transformation for cint2e_sph 2 pass      4.83 sec, wall time      4.84 sec
    CPU time for AO->MO transformation for cint2e_sph      16.27 sec, wall time     16.28 sec
    CPU time for transforming vvvv     17.80 sec, wall time     17.82 sec
    CPU time for CCSD integral transformation     35.17 sec, wall time     35.19 sec

******** <class 'pyscf.cc.rccsd_slow.RCCSD'> flags ********
CCSD nocc = 11, nvir = 99
frozen orbitals [0, 1, 2, 3, 4, 5, 6, 7, 8, 9, 10, 11, 12, 13, 14, 15, 16, 17]
max_cycle = 50
direct = 0
conv_tol = 1e-07
conv_tol_normt = 1e-05
diis_space = 6
diis_start_cycle = 0
diis_start_energy_diff = 1e+09
Init t2, MP2 energy = -1.01288891057803
    CPU time for init mp2      0.03 sec, wall time      0.03 sec
    CPU time for update t1 t2     15.45 sec, wall time     15.54 sec
istep = 0  E(CCSD) = -0.819831619485064  dE = -0.819831619  norm(t1,t2) = 0.238477
    CPU time for CCSD iter     15.59 sec, wall time     20.97 sec
    CPU time for update t1 t2     15.22 sec, wall time     15.23 sec
DIIS for step 1
istep = 1  E(CCSD) = -0.908319393556678  dE = -0.0884877741  norm(t1,t2) = 0.160344
    CPU time for CCSD iter     15.39 sec, wall time     15.39 sec
    CPU time for update t1 t2     15.46 sec, wall time     15.48 sec
diis-c [-0.00934806  1.        ]
DIIS for step 2
istep = 2  E(CCSD) = -0.861998351265073  dE = 0.0463210423  norm(t1,t2) = 0.134329
    CPU time for CCSD iter     15.64 sec, wall time     15.66 sec
    CPU time for update t1 t2     15.53 sec, wall time     15.55 sec
diis-c [ -1.04675702e-04   4.31717066e-01   5.68282934e-01]
DIIS for step 3
istep = 3  E(CCSD) = -0.881173577167405  dE = -0.0191752259  norm(t1,t2) = 0.104042
    CPU time for CCSD iter     15.71 sec, wall time     15.73 sec
    CPU time for update t1 t2     15.40 sec, wall time     15.41 sec
diis-c [ -4.34939682e-05   3.38278037e-02   1.07801485e-01   8.58370712e-01]
DIIS for step 4
istep = 4  E(CCSD) = -0.88260216238116  dE = -0.00142858521  norm(t1,t2) = 0.011708
    CPU time for CCSD iter     15.58 sec, wall time     15.59 sec
    CPU time for update t1 t2     15.28 sec, wall time     15.29 sec
diis-c [ -6.57507744e-06  -1.96618097e-01  -2.12515992e-01  -4.72632573e-02
   1.45639735e+00]
DIIS for step 5
istep = 5  E(CCSD) = -0.88262295319404  dE = -2.07908129e-05  norm(t1,t2) = 0.0062637
    CPU time for CCSD iter     15.46 sec, wall time     15.48 sec
    CPU time for update t1 t2     15.33 sec, wall time     15.34 sec
diis-c [ -4.49447309e-06  -5.00386724e-02  -6.02158221e-02  -1.15749352e-01
   4.43235687e-01   7.82768159e-01]
DIIS for step 6
istep = 6  E(CCSD) = -0.882441027393197  dE = 0.000181925801  norm(t1,t2) = 0.00304895
    CPU time for CCSD iter     15.52 sec, wall time     15.53 sec
    CPU time for update t1 t2     15.36 sec, wall time     15.38 sec
diis-c [ -1.08401416e-06   1.64466588e-01   1.82200669e-01  -4.77149161e-02
  -1.02880561e+00  -7.45722885e-01   2.47557616e+00]
DIIS for step 7
istep = 7  E(CCSD) = -0.882452246517291  dE = -1.12191241e-05  norm(t1,t2) = 0.00213581
    CPU time for CCSD iter     15.56 sec, wall time     15.57 sec
    CPU time for update t1 t2     15.45 sec, wall time     15.46 sec
diis-c [ -5.70446533e-07   1.24304962e+00   7.64601852e-03  -4.38644700e-02
   5.39769517e-02  -2.44237435e-01  -1.65706807e-02]
DIIS for step 8
istep = 8  E(CCSD) = -0.882543503738818  dE = -9.12572215e-05  norm(t1,t2) = 0.00144391
    CPU time for CCSD iter     15.63 sec, wall time     15.65 sec
    CPU time for update t1 t2     15.46 sec, wall time     15.47 sec
diis-c [ -1.42823013e-07   2.14766384e-01   1.01420517e+00  -1.04428550e-02
   1.78893732e-02  -1.91525688e-02  -2.17265507e-01]
DIIS for step 9
istep = 9  E(CCSD) = -0.882471209627064  dE = 7.22941118e-05  norm(t1,t2) = 0.000650525
    CPU time for CCSD iter     15.64 sec, wall time     15.66 sec
    CPU time for update t1 t2     15.48 sec, wall time     15.51 sec
diis-c [ -5.97829946e-08  -4.15652290e-02   4.30010460e-01   6.99767937e-01
   2.32664500e-02  -6.91174099e-03  -1.04567877e-01]
DIIS for step 10
istep = 10  E(CCSD) = -0.882498121041859  dE = -2.69114148e-05  norm(t1,t2) = 0.000437986
    CPU time for CCSD iter     15.68 sec, wall time     15.69 sec
    CPU time for update t1 t2     15.45 sec, wall time     15.48 sec
diis-c [ -5.10561191e-09  -1.64613762e-01  -3.01603517e-01  -2.26321127e-01
   1.61344696e+00   1.26986967e-02   6.63927539e-02]
DIIS for step 11
istep = 11  E(CCSD) = -0.882512100175011  dE = -1.39791332e-05  norm(t1,t2) = 0.000207522
    CPU time for CCSD iter     15.64 sec, wall time     15.67 sec
    CPU time for update t1 t2     15.36 sec, wall time     15.37 sec
diis-c [ -1.73936063e-09  -2.40626899e-02  -4.04336169e-02  -6.63109059e-02
   1.92060961e-01   9.21536885e-01   1.72093663e-02]
DIIS for step 12
istep = 12  E(CCSD) = -0.882504890565228  dE = 7.20960978e-06  norm(t1,t2) = 6.19944e-05
    CPU time for CCSD iter     15.54 sec, wall time     15.55 sec
    CPU time for update t1 t2     15.42 sec, wall time     15.44 sec
diis-c [ -3.54870189e-10   4.40764113e-03   1.51630571e-02   3.55505701e-03
  -1.51973879e-01   1.56748336e-01   9.72099788e-01]
DIIS for step 13
istep = 13  E(CCSD) = -0.882508911681539  dE = -4.02111631e-06  norm(t1,t2) = 3.27022e-05
    CPU time for CCSD iter     15.62 sec, wall time     15.63 sec
    CPU time for update t1 t2     15.40 sec, wall time     15.42 sec
diis-c [ -8.81637818e-11   1.07310981e+00   4.84617559e-03   2.97216411e-02
  -5.53476358e-02  -2.11900732e-01   1.59570736e-01]
DIIS for step 14
istep = 14  E(CCSD) = -0.882509160050135  dE = -2.48368596e-07  norm(t1,t2) = 1.86133e-05
    CPU time for CCSD iter     15.59 sec, wall time     15.61 sec
    CPU time for update t1 t2     15.30 sec, wall time     15.31 sec
diis-c [ -3.32477101e-11   1.21538701e-01   9.67284362e-01   1.24848149e-02
  -1.66632210e-02  -2.97551865e-02  -5.48894704e-02]
DIIS for step 15
istep = 15  E(CCSD) = -0.882508514561312  dE = 6.45488824e-07  norm(t1,t2) = 8.93635e-06
    CPU time for CCSD iter     15.48 sec, wall time     15.49 sec
    CPU time for update t1 t2     15.33 sec, wall time     15.34 sec
diis-c [ -9.18942700e-12  -3.15873325e-01  -2.82871535e-01   1.50101240e+00
  -1.52400977e-02   9.98331079e-02   1.31394482e-02]
DIIS for step 16
istep = 16  E(CCSD) = -0.882508901306633  dE = -3.86745321e-07  norm(t1,t2) = 5.79983e-06
    CPU time for CCSD iter     15.52 sec, wall time     15.53 sec
    CPU time for update t1 t2     15.40 sec, wall time     15.42 sec
diis-c [ -3.55404595e-12  -1.20959816e-01  -4.19643495e-01   3.87273339e-01
   1.12331502e+00   4.96078670e-02  -1.95929110e-02]
DIIS for step 17
istep = 17  E(CCSD) = -0.882508752488832  dE = 1.48817801e-07  norm(t1,t2) = 3.98306e-06
    CPU time for CCSD iter     15.59 sec, wall time     15.60 sec
    CPU time for update t1 t2     15.40 sec, wall time     15.42 sec
diis-c [ -6.96498414e-13   7.44148524e-02  -9.81703341e-02  -2.60406904e-01
   4.02140647e-01   8.95418464e-01  -1.33967254e-02]
DIIS for step 18
istep = 18  E(CCSD) = -0.882508793897518  dE = -4.14086867e-08  norm(t1,t2) = 1.98797e-06
    CPU time for CCSD iter     15.60 sec, wall time     15.61 sec
    CPU time for CCSD    295.98 sec, wall time    301.61 sec
CCSD converged
E(CCSD) = -3278.741968731104  E_corr = -0.8825087938975185
    CPU time for EOM-CCSD shared one-electron intermediates      0.45 sec, wall time      0.45 sec
    CPU time for EOM-CCSD IP intermediates      1.22 sec, wall time      1.22 sec
tol 1e-07  toloose 0.000316228
max_cycle 50  max_space 38  max_memory 2000  incore True
davidson 0 6  |r|= 0.548  e= [ 0.29663797  0.56848559  0.57805178  0.57805178  0.58943078  0.58943078]  max|de|= 0.589  lindep=    1
davidson 1 12  |r|= 0.12  e= [ 0.26983386  0.26699929  0.2682319   0.2682319   0.28274705  0.28274705]  max|de|= -0.31  lindep= 0.875
davidson 2 18  |r|= 0.0273  e= [ 0.26870412  0.25276784  0.25614377  0.25614377  0.26818745  0.26818745]  max|de|= -0.0146  lindep= 0.808
davidson 3 24  |r|= 0.0204  e= [ 0.26179458  0.25273763  0.25611503  0.25611503  0.26815562  0.26815562]  max|de|= -0.00691  lindep= 0.853
root 1 converged  |r|= 8.77e-08  e= 0.252737628806  max|de|= -2.78e-16
root 2 converged  |r|= 1.38e-08  e= 0.256115029876  max|de|= 5e-16
root 3 converged  |r|= 1.38e-08  e= 0.256115029876  max|de|= 1.11e-16
root 4 converged  |r|= 2.27e-08  e= 0.268155618113  max|de|= -3.33e-16
root 5 converged  |r|= 2.27e-08  e= 0.268155618113  max|de|= -4.44e-16
davidson 4 25  |r|= 4.67e-05  e= [ 0.26231395  0.25273763  0.25611503  0.25611503  0.26815562  0.26815562]  max|de|= 0.000519  lindep= 0.891
davidson 5 26  |r|= 1.47e-09  e= [ 0.26231367  0.25273763  0.25611503  0.25611503  0.26815562  0.26815562]  max|de|= -2.81e-07  lindep=    1
Linear dependency in trial subspace. |r| for each state [1.474869400031306e-09, 0, 0, 0, 0, 0]
IP root 0 E = 0.2623136685209659  qpwt = 0.958458
IP root 1 E = 0.2527376288059267  qpwt = 0.897816
IP root 2 E = 0.2561150298758537  qpwt = 0.897368
IP root 3 E = 0.2561150298758458  qpwt = 0.897368
IP root 4 E = 0.2681556181131929  qpwt = 0.896805
IP root 5 E = 0.268155618113181  qpwt = 0.896805
    CPU time for IP-CCSD      1.83 sec, wall time      1.83 sec
    CPU time for EOM-CCSD shared one-electron intermediates      0.44 sec, wall time      0.45 sec
    CPU time for EOM-CCSD EA intermediates     29.58 sec, wall time     29.60 sec
tol 1e-07  toloose 0.000316228
max_cycle 50  max_space 38  max_memory 2000  incore True
davidson 0 6  |r|= 0.212  e= [ 0.02107663  0.11653845  0.12225365  0.12225365  0.18281737  0.19040303]  max|de|= 0.19  lindep=    1
davidson 1 12  |r|= 0.0307  e= [-0.01039052  0.08696034  0.08420709  0.08420709  0.15515446  0.15677567]  max|de|= -0.038  lindep= 0.983
davidson 2 18  |r|= 0.0187  e= [-0.01092348  0.08506695  0.08333524  0.08333524  0.15357862  0.15469121]  max|de|= -0.00208  lindep= 0.909
davidson 3 24  |r|= 0.00386  e= [-0.01102007  0.08476655  0.08324148  0.08324148  0.15344746  0.15454657]  max|de|= -0.0003  lindep= 0.897
davidson 4 30  |r|= 0.00179  e= [-0.01101626  0.08477898  0.08324694  0.08324694  0.15345071  0.15459252]  max|de|= 4.6e-05  lindep= 0.87
root 5 converged  |r|= 6.54e-05  e= 0.154592583274  max|de|= 6.13e-08
davidson 5 36  |r|= 0.000362  e= [-0.01101586  0.08478537  0.08324812  0.08324812  0.15345021  0.15459258]  max|de|= 6.39e-06  lindep=  0.7
root 0 converged  |r|= 1.36e-05  e= -0.0110158601029  max|de|= 6.21e-16
root 2 converged  |r|= 4.68e-05  e= 0.0832481209996  max|de|= 1.39e-16
root 3 converged  |r|= 4.68e-05  e= 0.0832481209996  max|de|= -8.6e-16
root 4 converged  |r|= 5.45e-05  e= 0.153450213363  max|de|= -5.55e-16
root 5 converged  |r|= 6.54e-05  e= 0.154592583274  max|de|= -1.14e-15
davidson 6 6  |r|= 0.000362  e= [-0.01101586  0.08478537  0.08324812  0.08324812  0.15345021  0.15459258]  max|de|= -1.14e-15  lindep= 0.999
davidson 7 7  |r|= 0.000162  e= [-0.01101586  0.08477734  0.08324812  0.08324812  0.15345021  0.15459258]  max|de|= -8.03e-06  lindep= 0.928
davidson 8 8  |r|= 4.04e-05  e= [-0.01101586  0.08477843  0.08324812  0.08324812  0.15345021  0.15459258]  max|de|= 1.1e-06  lindep= 0.788
davidson 9 9  |r|= 1.82e-05  e= [-0.01101586  0.08477792  0.08324812  0.08324812  0.15345021  0.15459258]  max|de|= -5.11e-07  lindep= 0.507
davidson 10 10  |r|= 5.13e-06  e= [-0.01101586  0.0847784   0.08324812  0.08324812  0.15345021  0.15459258]  max|de|= 4.78e-07  lindep= 0.433
davidson 11 11  |r|= 1.85e-06  e= [-0.01101586  0.08477822  0.08324812  0.08324812  0.15345021  0.15459258]  max|de|= -1.76e-07  lindep= 0.559
root 1 converged  |r|= 3.18e-07  e= 0.0847782300978  max|de|= 6.63e-09
converge 12 12  |r|= 3.18e-07  e= [-0.01101586  0.08477823  0.08324812  0.08324812  0.15345021  0.15459258]  max|de|= 6.63e-09
EA root 0 E = -0.0110158601029411  qpwt = 0.972082
EA root 1 E = 0.08477823009779807  qpwt = 0.955667
EA root 2 E = 0.0832481209995721  qpwt = 0.964145
EA root 3 E = 0.08324812099957163  qpwt = 0.964145
EA root 4 E = 0.1534502133633223  qpwt = 0.977793
EA root 5 E = 0.1545925832738932  qpwt = 0.941646
    CPU time for EA-CCSD     48.28 sec, wall time     48.33 sec
