

******** <class 'pyscf.scf.hf.RHF'> flags ********
method = RHF
initial guess = minao
damping factor = 0
level shift factor = 0
Do DIIS = True
DIIS start cycle = 1
DIIS space = 8
SCF tol = 1e-09
SCF gradient tol = None
max. SCF cycles = 50
direct_scf = True
direct_scf_tol = 1e-13
chkfile to save SCF result = /tmp/tmpj8ZmvF
max_memory 4000 MB (current use 39 MB)
Set gradient conv threshold to 3.16228e-05
Nelec from initial guess = 47.9927
cond(S) = 305.24810605
E_coul = 1066.71980365248
init E= -2382.21374095134
    CPU time for initialize scf      1.16 sec, wall time      1.17 sec
  HOMO = -0.272945758463226  LUMO = 0.0241645316719603
  mo_energy =
[ -3.78583351e+02  -1.04858161e+02  -4.80156301e+01  -4.23286721e+01
  -4.23285180e+01  -4.23285180e+01  -1.06210835e+01  -8.07968128e+00
  -8.07815012e+00  -8.07815012e+00  -6.32431930e+00  -4.40696276e+00
  -4.40363217e+00  -4.40363217e+00  -1.18333223e+00  -1.11514781e+00
  -1.11514781e+00  -1.11208042e+00  -1.11208042e+00  -1.09310935e+00
  -5.88375099e-01  -4.61184215e-01  -4.61184215e-01  -2.72945758e-01
   2.41645317e-02   2.41645317e-02   1.05126414e-01   2.77509009e-01
   2.92028472e-01   2.92028472e-01   3.20348050e-01   3.20348050e-01
   3.23318104e-01   3.91039004e-01   3.91989771e-01   3.91989771e-01
   4.98033455e-01   4.98033455e-01   5.29676816e-01   5.97454719e-01
   5.97454719e-01   6.94185047e-01   6.94185047e-01   7.58072075e-01
   1.00289909e+00   1.00289909e+00   1.03638080e+00   1.03638080e+00
   1.12277026e+00   1.13879189e+00   1.13879189e+00   1.14994690e+00
   1.14994690e+00   1.22983468e+00   1.32684003e+00   1.32684003e+00
   1.36608217e+00   2.03064513e+00   2.03064513e+00   2.11625669e+00
   2.11625669e+00   2.16301282e+00   2.34965778e+00   2.34965778e+00
   2.38063404e+00   2.38063404e+00   2.43418271e+00   2.50191345e+00
   2.50191345e+00   2.55471711e+00   2.55471711e+00   2.61002962e+00
   2.62842868e+00   2.62842868e+00   2.75716132e+00   2.75716132e+00
   3.03520409e+00   3.75028970e+00   3.75028970e+00   4.06168690e+00
   5.28208383e+00   8.58807284e+00   8.58807284e+00   8.67175223e+00
   8.67175223e+00   8.72701753e+00   1.14361950e+01   1.14361950e+01
   1.17089643e+01   2.54819987e+01]
E_coul = 1062.7353508813
cycle= 1 E= -2382.79559213122  delta_E= -0.582  |g|= 0.36  |ddm|= 1.11
    CPU time for cycle= 1      0.06 sec, wall time      0.05 sec
diis-norm(errvec)=0.713066
diis-c [-0.50846243  1.        ]
  HOMO = -0.348069195942502  LUMO = 0.0155318646212734
  mo_energy =
[ -3.79008961e+02  -1.04616502e+02  -4.83477263e+01  -4.26752137e+01
  -4.26752137e+01  -4.26749134e+01  -1.03712235e+01  -7.83567881e+00
  -7.83397902e+00  -7.83397902e+00  -6.52335320e+00  -4.60902327e+00
  -4.60902327e+00  -4.60661936e+00  -1.31295535e+00  -1.31274741e+00
  -1.31274741e+00  -1.30964002e+00  -1.30964002e+00  -9.78966699e-01
  -5.16903666e-01  -3.81711119e-01  -3.81711119e-01  -3.48069196e-01
   1.55318646e-02   1.55318646e-02   1.08413461e-01   2.59645511e-01
   2.59645511e-01   2.60587173e-01   3.08010219e-01   3.08010219e-01
   3.16451522e-01   3.49451086e-01   3.49451086e-01   4.07436573e-01
   5.67457385e-01   5.78610782e-01   5.78610782e-01   7.15781592e-01
   7.15781592e-01   7.71574211e-01   7.71574211e-01   8.30671450e-01
   9.30824400e-01   9.30824400e-01   9.93117797e-01   9.93117797e-01
   1.06168104e+00   1.06168104e+00   1.10287428e+00   1.10287428e+00
   1.12588709e+00   1.28661131e+00   1.31629237e+00   1.31629237e+00
   1.36823135e+00   2.21042385e+00   2.21042385e+00   2.28363648e+00
   2.28363648e+00   2.32239616e+00   2.45148241e+00   2.47453792e+00
   2.47453792e+00   2.51391290e+00   2.51391290e+00   2.51549684e+00
   2.51549684e+00   2.57008035e+00   2.57008035e+00   2.68415087e+00
   2.68415087e+00   2.69041165e+00   2.81142466e+00   2.81142466e+00
   3.09603030e+00   3.60256786e+00   3.60256786e+00   3.92017515e+00
   5.17138787e+00   8.81957286e+00   8.81957286e+00   8.90051529e+00
   8.90051529e+00   8.95573235e+00   1.16622914e+01   1.16622914e+01
   1.19288850e+01   2.57108675e+01]
E_coul = 1065.48432486337
cycle= 2 E= -2382.82437922163  delta_E= -0.0288  |g|= 0.27  |ddm|= 0.534
    CPU time for cycle= 2      0.05 sec, wall time      0.05 sec
diis-norm(errvec)=0.405848
diis-c [-0.02195297  0.35136471  0.64863529]
  HOMO = -0.350565925661248  LUMO = 0.0323657647455919
  mo_energy =
[ -3.78812685e+02  -1.04795357e+02  -4.81699081e+01  -4.24948588e+01
  -4.24948588e+01  -4.24941560e+01  -1.05184139e+01  -7.98508408e+00
  -7.98406021e+00  -7.98406021e+00  -6.41063834e+00  -4.49969745e+00
  -4.49969745e+00  -4.49657022e+00  -1.21367622e+00  -1.21191967e+00
  -1.21191967e+00  -1.20823947e+00  -1.20823947e+00  -1.03802295e+00
  -5.37180374e-01  -4.35804934e-01  -4.35804934e-01  -3.50565926e-01
   3.23657647e-02   3.23657647e-02   1.18731405e-01   2.72390244e-01
   2.72390244e-01   2.76199452e-01   3.16029043e-01   3.16029043e-01
   3.17579120e-01   3.70284346e-01   3.70284346e-01   4.03386197e-01
   5.46567257e-01   5.46567257e-01   5.52686310e-01   6.64939173e-01
   6.64939173e-01   7.37246997e-01   7.37246997e-01   7.99729664e-01
   9.58153246e-01   9.58153246e-01   1.01451757e+00   1.01451757e+00
   1.08811180e+00   1.08811180e+00   1.12207737e+00   1.12207737e+00
   1.13156394e+00   1.26072798e+00   1.32069904e+00   1.32069904e+00
   1.36479852e+00   2.12550043e+00   2.12550043e+00   2.20744473e+00
   2.20744473e+00   2.24931815e+00   2.44503416e+00   2.44503416e+00
   2.45755379e+00   2.45755379e+00   2.46355009e+00   2.53933015e+00
   2.53933015e+00   2.57057052e+00   2.57057052e+00   2.60535503e+00
   2.60535503e+00   2.63418180e+00   2.77691321e+00   2.77691321e+00
   3.07049865e+00   3.67486192e+00   3.67486192e+00   3.99855973e+00
   5.22853653e+00   8.69112604e+00   8.69112604e+00   8.77304599e+00
   8.77304599e+00   8.82766985e+00   1.15323020e+01   1.15323020e+01
   1.18024304e+01   2.55817065e+01]
E_coul = 1063.73057647661
cycle= 3 E= -2382.83299247538  delta_E= -0.00861  |g|= 0.045  |ddm|= 0.178
    CPU time for cycle= 3      0.05 sec, wall time      0.05 sec
diis-norm(errvec)=0.0657923
diis-c [-0.00310229  0.00629867  0.08820436  0.90549697]
  HOMO = -0.350425578935145  LUMO = 0.0351991776931314
  mo_energy =
[ -3.78845928e+02  -1.04804639e+02  -4.81959116e+01  -4.25221803e+01
  -4.25221803e+01  -4.25211799e+01  -1.05323320e+01  -7.99877944e+00
  -7.99805289e+00  -7.99805289e+00  -6.41949220e+00  -4.50861921e+00
  -4.50861921e+00  -4.50520042e+00  -1.22114382e+00  -1.21998315e+00
  -1.21998315e+00  -1.21591978e+00  -1.21591978e+00  -1.04883438e+00
  -5.43614917e-01  -4.46197341e-01  -4.46197341e-01  -3.50425579e-01
   3.51991777e-02   3.51991777e-02   1.21773375e-01   2.74226581e-01
   2.74226581e-01   2.77782689e-01   3.17527954e-01   3.17527954e-01
   3.18358371e-01   3.72225965e-01   3.72225965e-01   4.01218742e-01
   5.39563230e-01   5.39563230e-01   5.50457771e-01   6.55452258e-01
   6.55452258e-01   7.30711961e-01   7.30711961e-01   7.93950718e-01
   9.60530368e-01   9.60530368e-01   1.01764197e+00   1.01764197e+00
   1.09154197e+00   1.09154197e+00   1.12551460e+00   1.12551460e+00
   1.13323336e+00   1.25641467e+00   1.32206683e+00   1.32206683e+00
   1.36298435e+00   2.11290034e+00   2.11290034e+00   2.19550767e+00
   2.19550767e+00   2.23768869e+00   2.43289329e+00   2.43289329e+00
   2.44783518e+00   2.44783518e+00   2.45944851e+00   2.53584290e+00
   2.53584290e+00   2.56894656e+00   2.56894656e+00   2.59386454e+00
   2.59386454e+00   2.62684882e+00   2.77115680e+00   2.77115680e+00
   3.06258391e+00   3.67111786e+00   3.67111786e+00   3.99878769e+00
   5.22185732e+00   8.67658424e+00   8.67658424e+00   8.75863275e+00
   8.75863275e+00   8.81319929e+00   1.15185692e+01   1.15185692e+01
   1.17892396e+01   2.55681599e+01]
E_coul = 1064.20697410738
cycle= 4 E= -2382.83338621652  delta_E= -0.000394  |g|= 0.017  |ddm|= 0.0538
    CPU time for cycle= 4      0.06 sec, wall time      0.05 sec
diis-norm(errvec)=0.026005
diis-c [ -3.50003897e-04  -4.08262756e-02  -5.00808170e-02   1.85858649e-01
   9.05048443e-01]
  HOMO = -0.349590720956869  LUMO = 0.0356690810463819
  mo_energy =
[ -3.78836398e+02  -1.04794802e+02  -4.81873200e+01  -4.25135568e+01
  -4.25135568e+01  -4.25124061e+01  -1.05254588e+01  -7.99168252e+00
  -7.99104792e+00  -7.99104792e+00  -6.41527119e+00  -4.50483630e+00
  -4.50483630e+00  -4.50126154e+00  -1.21782903e+00  -1.21687322e+00
  -1.21687322e+00  -1.21261445e+00  -1.21261445e+00  -1.04744639e+00
  -5.42779999e-01  -4.45622911e-01  -4.45622911e-01  -3.49590721e-01
   3.56690810e-02   3.56690810e-02   1.22945183e-01   2.74313964e-01
   2.74313964e-01   2.78623989e-01   3.18173106e-01   3.18173106e-01
   3.18908290e-01   3.72454307e-01   3.72454307e-01   4.01834699e-01
   5.39418642e-01   5.39418642e-01   5.50910772e-01   6.56179429e-01
   6.56179429e-01   7.31342455e-01   7.31342455e-01   7.95038726e-01
   9.60468422e-01   9.60468422e-01   1.01852276e+00   1.01852276e+00
   1.09126377e+00   1.09126377e+00   1.12593112e+00   1.12593112e+00
   1.13468538e+00   1.25755654e+00   1.32288875e+00   1.32288875e+00
   1.36341350e+00   2.11528254e+00   2.11528254e+00   2.19750188e+00
   2.19750188e+00   2.23964202e+00   2.43420715e+00   2.43420715e+00
   2.44912928e+00   2.44912928e+00   2.46113484e+00   2.53721687e+00
   2.53721687e+00   2.56976101e+00   2.56976101e+00   2.59588028e+00
   2.59588028e+00   2.62915066e+00   2.77279780e+00   2.77279780e+00
   3.06418939e+00   3.67309718e+00   3.67309718e+00   4.00215887e+00
   5.22352710e+00   8.68194018e+00   8.68194018e+00   8.76392883e+00
   8.76392883e+00   8.81852261e+00   1.15241126e+01   1.15241126e+01
   1.17947868e+01   2.55737753e+01]
E_coul = 1064.03227898076
cycle= 5 E= -2382.83346640365  delta_E= -8.02e-05  |g|= 0.00409  |ddm|= 0.0275
    CPU time for cycle= 5      0.06 sec, wall time      0.05 sec
diis-norm(errvec)=0.00750598
diis-c [ -2.19947719e-05  -1.33506124e-03   1.79763920e-04  -9.16342677e-02
  -6.43362674e-02   1.15712583e+00]
  HOMO = -0.349657391265208  LUMO = 0.0354478854401084
  mo_energy =
[ -3.78838632e+02  -1.04797259e+02  -4.81893733e+01  -4.25156790e+01
  -4.25156790e+01  -4.25144625e+01  -1.05263303e+01  -7.99263478e+00
  -7.99200549e+00  -7.99200549e+00  -6.41685881e+00  -4.50649013e+00
  -4.50649013e+00  -4.50284563e+00  -1.21927991e+00  -1.21848729e+00
  -1.21848729e+00  -1.21413457e+00  -1.21413457e+00  -1.04764789e+00
  -5.43047889e-01  -4.45920526e-01  -4.45920526e-01  -3.49657391e-01
   3.54478854e-02   3.54478854e-02   1.22973958e-01   2.74139990e-01
   2.74139990e-01   2.78549511e-01   3.18070925e-01   3.18070925e-01
   3.18781009e-01   3.72132128e-01   3.72132128e-01   4.01591786e-01
   5.39196421e-01   5.39196421e-01   5.50744365e-01   6.56000633e-01
   6.56000633e-01   7.31070866e-01   7.31070866e-01   7.94820854e-01
   9.59940674e-01   9.59940674e-01   1.01822248e+00   1.01822248e+00
   1.09068917e+00   1.09068917e+00   1.12555950e+00   1.12555950e+00
   1.13453645e+00   1.25730880e+00   1.32260193e+00   1.32260193e+00
   1.36298364e+00   2.11515334e+00   2.11515334e+00   2.19728471e+00
   2.19728471e+00   2.23937488e+00   2.43417511e+00   2.43417511e+00
   2.44890563e+00   2.44890563e+00   2.46068801e+00   2.53661272e+00
   2.53661272e+00   2.56890592e+00   2.56890592e+00   2.59570885e+00
   2.59570885e+00   2.62880172e+00   2.77242185e+00   2.77242185e+00
   3.06371635e+00   3.67183922e+00   3.67183922e+00   4.00117494e+00
   5.22238241e+00   8.68153200e+00   8.68153200e+00   8.76344222e+00
   8.76344222e+00   8.81801534e+00   1.15234523e+01   1.15234523e+01
   1.17940718e+01   2.55731340e+01]
E_coul = 1064.04847431368
cycle= 6 E= -2382.83347532327  delta_E= -8.92e-06  |g|= 0.000825  |ddm|= 0.0107
    CPU time for cycle= 6      0.06 sec, wall time      0.05 sec
diis-norm(errvec)=0.00196724
diis-c [ -1.59854651e-06   3.15236491e-03   4.25983322e-03   1.45365317e-02
  -3.28094101e-02  -3.63534010e-01   1.37439469e+00]
  HOMO = -0.349624962788668  LUMO = 0.0353760471489647
  mo_energy =
[ -3.78838840e+02  -1.04796739e+02  -4.81895926e+01  -4.25159024e+01
  -4.25159024e+01  -4.25146738e+01  -1.05261910e+01  -7.99248691e+00
  -7.99184809e+00  -7.99184809e+00  -6.41708329e+00  -4.50672638e+00
  -4.50672638e+00  -4.50305841e+00  -1.21947398e+00  -1.21872485e+00
  -1.21872485e+00  -1.21433904e+00  -1.21433904e+00  -1.04765244e+00
  -5.43087691e-01  -4.45982231e-01  -4.45982231e-01  -3.49624963e-01
   3.53760471e-02   3.53760471e-02   1.22942111e-01   2.74079780e-01
   2.74079780e-01   2.78500175e-01   3.18021274e-01   3.18021274e-01
   3.18744562e-01   3.72050755e-01   3.72050755e-01   4.01536519e-01
   5.39196307e-01   5.39196307e-01   5.50724398e-01   6.55989844e-01
   6.55989844e-01   7.31023942e-01   7.31023942e-01   7.94793115e-01
   9.59805914e-01   9.59805914e-01   1.01813449e+00   1.01813449e+00
   1.09053161e+00   1.09053161e+00   1.12544843e+00   1.12544843e+00
   1.13449270e+00   1.25726469e+00   1.32251742e+00   1.32251742e+00
   1.36288692e+00   2.11518409e+00   2.11518409e+00   2.19724767e+00
   2.19724767e+00   2.23931292e+00   2.43421983e+00   2.43421983e+00
   2.44887079e+00   2.44887079e+00   2.46059748e+00   2.53651400e+00
   2.53651400e+00   2.56873733e+00   2.56873733e+00   2.59572514e+00
   2.59572514e+00   2.62875540e+00   2.77233808e+00   2.77233808e+00
   3.06362840e+00   3.67163154e+00   3.67163154e+00   4.00100841e+00
   5.22221109e+00   8.68161954e+00   8.68161954e+00   8.76347030e+00
   8.76347030e+00   8.81802776e+00   1.15235739e+01   1.15235739e+01
   1.17941434e+01   2.55732260e+01]
E_coul = 1064.04808441613
cycle= 7 E= -2382.83347597979  delta_E= -6.57e-07  |g|= 0.000201  |ddm|= 0.00227
    CPU time for cycle= 7      0.05 sec, wall time      0.05 sec
diis-norm(errvec)=0.000481188
diis-c [ -3.41135127e-08  -4.95605265e-04  -1.35904426e-03   2.66158205e-03
   1.39736654e-02   6.65427444e-03  -3.60388510e-01   1.33895364e+00]
  HOMO = -0.349584667799274  LUMO = 0.0354022330771825
  mo_energy =
[ -3.78838794e+02  -1.04796855e+02  -4.81895357e+01  -4.25158471e+01
  -4.25158471e+01  -4.25146182e+01  -1.05262301e+01  -7.99252790e+00
  -7.99189081e+00  -7.99189081e+00  -6.41700045e+00  -4.50664331e+00
  -4.50664331e+00  -4.50297320e+00  -1.21939097e+00  -1.21864702e+00
  -1.21864702e+00  -1.21425535e+00  -1.21425535e+00  -1.04766099e+00
  -5.43078872e-01  -4.46010670e-01  -4.46010670e-01  -3.49584668e-01
   3.54022331e-02   3.54022331e-02   1.22963500e-01   2.74097177e-01
   2.74097177e-01   2.78517697e-01   3.18037194e-01   3.18037194e-01
   3.18760008e-01   3.72078630e-01   3.72078630e-01   4.01541479e-01
   5.39190489e-01   5.39190489e-01   5.50742308e-01   6.55982431e-01
   6.55982431e-01   7.31024134e-01   7.31024134e-01   7.94801699e-01
   9.59842603e-01   9.59842603e-01   1.01817211e+00   1.01817211e+00
   1.09057070e+00   1.09057070e+00   1.12548774e+00   1.12548774e+00
   1.13452225e+00   1.25727386e+00   1.32255176e+00   1.32255176e+00
   1.36291847e+00   2.11517904e+00   2.11517904e+00   2.19722994e+00
   2.19722994e+00   2.23929372e+00   2.43421705e+00   2.43421705e+00
   2.44887099e+00   2.44887099e+00   2.46062213e+00   2.53655264e+00
   2.53655264e+00   2.56878548e+00   2.56878548e+00   2.59571724e+00
   2.59571724e+00   2.62876391e+00   2.77235105e+00   2.77235105e+00
   3.06365108e+00   3.67170352e+00   3.67170352e+00   4.00108252e+00
   5.22227746e+00   8.68160843e+00   8.68160843e+00   8.76344286e+00
   8.76344286e+00   8.81799536e+00   1.15235433e+01   1.15235433e+01
   1.17941063e+01   2.55731948e+01]
E_coul = 1064.04867972395
cycle= 8 E= -2382.83347601238  delta_E= -3.26e-08  |g|= 4.27e-05  |ddm|= 0.00045
    CPU time for cycle= 8      0.06 sec, wall time      0.06 sec
diis-norm(errvec)=7.68803e-05
diis-c [ -1.24505309e-09   6.70395681e-05   1.24901965e-04  -5.37174218e-04
  -3.13632386e-03   7.47725819e-03   4.86005675e-02  -2.79606481e-01
   1.22701021e+00]
  HOMO = -0.349581758871126  LUMO = 0.0354034874299173
  mo_energy =
[ -3.78838764e+02  -1.04796847e+02  -4.81895121e+01  -4.25158223e+01
  -4.25158223e+01  -4.25145939e+01  -1.05262282e+01  -7.99252525e+00
  -7.99188859e+00  -7.99188859e+00  -6.41698697e+00  -4.50662901e+00
  -4.50662901e+00  -4.50296009e+00  -1.21937784e+00  -1.21863298e+00
  -1.21863298e+00  -1.21424224e+00  -1.21424224e+00  -1.04765927e+00
  -5.43074156e-01  -4.46008603e-01  -4.46008603e-01  -3.49581759e-01
   3.54034874e-02   3.54034874e-02   1.22962775e-01   2.74098641e-01
   2.74098641e-01   2.78518616e-01   3.18037419e-01   3.18037419e-01
   3.18761409e-01   3.72080767e-01   3.72080767e-01   4.01540995e-01
   5.39192300e-01   5.39192300e-01   5.50743747e-01   6.55984299e-01
   6.55984299e-01   7.31025739e-01   7.31025739e-01   7.94804154e-01
   9.59846972e-01   9.59846972e-01   1.01817396e+00   1.01817396e+00
   1.09057536e+00   1.09057536e+00   1.12549023e+00   1.12549023e+00
   1.13452263e+00   1.25727520e+00   1.32255369e+00   1.32255369e+00
   1.36292221e+00   2.11518051e+00   2.11518051e+00   2.19723125e+00
   2.19723125e+00   2.23929515e+00   2.43421881e+00   2.43421881e+00
   2.44887346e+00   2.44887346e+00   2.46062534e+00   2.53655716e+00
   2.53655716e+00   2.56879254e+00   2.56879254e+00   2.59571878e+00
   2.59571878e+00   2.62876677e+00   2.77235351e+00   2.77235351e+00
   3.06365540e+00   3.67171400e+00   3.67171400e+00   4.00108839e+00
   5.22228819e+00   8.68161046e+00   8.68161046e+00   8.76344356e+00
   8.76344356e+00   8.81799563e+00   1.15235453e+01   1.15235453e+01
   1.17941082e+01   2.55731962e+01]
E_coul = 1064.04848150013
cycle= 9 E= -2382.83347601296  delta_E= -5.8e-10  |g|= 5.36e-06  |ddm|= 7.76e-05
    CPU time for cycle= 9      0.05 sec, wall time      0.06 sec
  HOMO = -0.34958201149042  LUMO = 0.0354035410165336
  mo_energy =
[ -3.78838763e+02  -1.04796849e+02  -4.81895111e+01  -4.25158213e+01
  -4.25158213e+01  -4.25145930e+01  -1.05262296e+01  -7.99252670e+00
  -7.99188999e+00  -7.99188999e+00  -6.41698641e+00  -4.50662841e+00
  -4.50662841e+00  -4.50295947e+00  -1.21937710e+00  -1.21863230e+00
  -1.21863230e+00  -1.21424156e+00  -1.21424156e+00  -1.04765962e+00
  -5.43074361e-01  -4.46008872e-01  -4.46008872e-01  -3.49582011e-01
   3.54035410e-02   3.54035410e-02   1.22962873e-01   2.74098664e-01
   2.74098664e-01   2.78518692e-01   3.18037429e-01   3.18037429e-01
   3.18761633e-01   3.72080892e-01   3.72080892e-01   4.01540880e-01
   5.39192324e-01   5.39192324e-01   5.50743685e-01   6.55984179e-01
   6.55984179e-01   7.31025517e-01   7.31025517e-01   7.94804068e-01
   9.59847128e-01   9.59847128e-01   1.01817413e+00   1.01817413e+00
   1.09057555e+00   1.09057555e+00   1.12549039e+00   1.12549039e+00
   1.13452276e+00   1.25727507e+00   1.32255377e+00   1.32255377e+00
   1.36292216e+00   2.11518016e+00   2.11518016e+00   2.19723097e+00
   2.19723097e+00   2.23929481e+00   2.43421866e+00   2.43421866e+00
   2.44887325e+00   2.44887325e+00   2.46062529e+00   2.53655723e+00
   2.53655723e+00   2.56879282e+00   2.56879282e+00   2.59571829e+00
   2.59571829e+00   2.62876650e+00   2.77235345e+00   2.77235345e+00
   3.06365520e+00   3.67171440e+00   3.67171440e+00   4.00108901e+00
   5.22228831e+00   8.68160951e+00   8.68160951e+00   8.76344250e+00
   8.76344250e+00   8.81799450e+00   1.15235443e+01   1.15235443e+01
   1.17941071e+01   2.55731951e+01]
    CPU time for scf_cycle      1.67 sec, wall time      1.67 sec
    CPU time for SCF      1.67 sec, wall time      1.67 sec
converged SCF energy = -2382.83347601296
RHF E = -2382.83347601
RHF eps = [ -3.78838763e+02  -1.04796849e+02  -4.81895111e+01  -4.25158213e+01
  -4.25158213e+01  -4.25145930e+01  -1.05262296e+01  -7.99252670e+00
  -7.99188999e+00  -7.99188999e+00  -6.41698641e+00  -4.50662841e+00
  -4.50662841e+00  -4.50295947e+00  -1.21937710e+00  -1.21863230e+00
  -1.21863230e+00  -1.21424156e+00  -1.21424156e+00  -1.04765962e+00
  -5.43074361e-01  -4.46008872e-01  -4.46008872e-01  -3.49582011e-01
   3.54035410e-02   3.54035410e-02   1.22962873e-01   2.74098664e-01
   2.74098664e-01   2.78518692e-01   3.18037429e-01   3.18037429e-01
   3.18761633e-01   3.72080892e-01   3.72080892e-01   4.01540880e-01
   5.39192324e-01   5.39192324e-01   5.50743685e-01   6.55984179e-01
   6.55984179e-01   7.31025517e-01   7.31025517e-01   7.94804068e-01
   9.59847128e-01   9.59847128e-01   1.01817413e+00   1.01817413e+00
   1.09057555e+00   1.09057555e+00   1.12549039e+00   1.12549039e+00
   1.13452276e+00   1.25727507e+00   1.32255377e+00   1.32255377e+00
   1.36292216e+00   2.11518016e+00   2.11518016e+00   2.19723097e+00
   2.19723097e+00   2.23929481e+00   2.43421866e+00   2.43421866e+00
   2.44887325e+00   2.44887325e+00   2.46062529e+00   2.53655723e+00
   2.53655723e+00   2.56879282e+00   2.56879282e+00   2.59571829e+00
   2.59571829e+00   2.62876650e+00   2.77235345e+00   2.77235345e+00
   3.06365520e+00   3.67171440e+00   3.67171440e+00   4.00108901e+00
   5.22228831e+00   8.68160951e+00   8.68160951e+00   8.76344250e+00
   8.76344250e+00   8.81799450e+00   1.15235443e+01   1.15235443e+01
   1.17941071e+01   2.55731951e+01]
    CPU time for CCSD integral transformation      5.07 sec, wall time      5.08 sec

******** <class 'pyscf.cc.rccsd_slow.RCCSD'> flags ********
CCSD nocc = 10, nvir = 66
frozen orbitals [0, 1, 2, 3, 4, 5, 6, 7, 8, 9, 10, 11, 12, 13]
max_cycle = 50
direct = 0
conv_tol = 1e-07
conv_tol_normt = 1e-05
diis_space = 6
diis_start_cycle = 0
diis_start_energy_diff = 1e+09
Init t2, MP2 energy = -0.384380318014488
    CPU time for init mp2      0.00 sec, wall time      0.01 sec
    CPU time for update t1 t2      2.20 sec, wall time      2.19 sec
istep = 0  E(CCSD) = -0.384673612416312  dE = -0.384673612  norm(t1,t2) = 0.0999493
    CPU time for CCSD iter      2.23 sec, wall time      2.23 sec
    CPU time for update t1 t2      2.17 sec, wall time      2.17 sec
DIIS for step 1
istep = 1  E(CCSD) = -0.398186415117597  dE = -0.0135128027  norm(t1,t2) = 0.0328524
    CPU time for CCSD iter      2.21 sec, wall time      2.21 sec
    CPU time for update t1 t2      2.17 sec, wall time      2.18 sec
diis-c [ -1.28546209e-04   1.00000000e+00]
DIIS for step 2
istep = 2  E(CCSD) = -0.397762271071007  dE = 0.000424144047  norm(t1,t2) = 0.0160061
    CPU time for CCSD iter      2.21 sec, wall time      2.21 sec
    CPU time for update t1 t2      2.18 sec, wall time      2.18 sec
diis-c [ -2.30052532e-05  -1.38520491e-01   1.13852049e+00]
DIIS for step 3
istep = 3  E(CCSD) = -0.399445277691937  dE = -0.00168300662  norm(t1,t2) = 0.00661854
    CPU time for CCSD iter      2.22 sec, wall time      2.22 sec
    CPU time for update t1 t2      2.18 sec, wall time      2.18 sec
diis-c [ -6.48408330e-07  -2.53399596e-01   4.52334403e-02   1.20816616e+00]
DIIS for step 4
istep = 4  E(CCSD) = -0.399610912959236  dE = -0.000165635267  norm(t1,t2) = 0.00339248
    CPU time for CCSD iter      2.21 sec, wall time      2.22 sec
    CPU time for update t1 t2      2.17 sec, wall time      2.17 sec
diis-c [ -9.45594978e-08   8.68686867e-02  -2.96536500e-02  -4.25004624e-01
   1.36778959e+00]
DIIS for step 5
istep = 5  E(CCSD) = -0.399524789411044  dE = 8.61235482e-05  norm(t1,t2) = 0.000525656
    CPU time for CCSD iter      2.22 sec, wall time      2.21 sec
    CPU time for update t1 t2      2.17 sec, wall time      2.17 sec
diis-c [ -1.13639520e-08   5.18011148e-02  -7.62953976e-03  -2.58870198e-01
   1.42720416e-01   1.07197821e+00]
DIIS for step 6
istep = 6  E(CCSD) = -0.399530527407042  dE = -5.737996e-06  norm(t1,t2) = 0.000229168
    CPU time for CCSD iter      2.21 sec, wall time      2.21 sec
    CPU time for update t1 t2      2.19 sec, wall time      2.19 sec
diis-c [ -1.05766856e-09  -3.25754765e-02   9.48426614e-03   1.55344958e-01
  -1.95128940e-01  -5.19695942e-01   1.58257114e+00]
DIIS for step 7
istep = 7  E(CCSD) = -0.399536235682625  dE = -5.70827558e-06  norm(t1,t2) = 7.55816e-05
    CPU time for CCSD iter      2.22 sec, wall time      2.23 sec
    CPU time for update t1 t2      2.19 sec, wall time      2.19 sec
diis-c [ -1.54417257e-10   1.16801239e+00   8.08860287e-05  -1.01104977e-04
   1.20641795e-02  -4.92388563e-02  -1.30817497e-01]
DIIS for step 8
istep = 8  E(CCSD) = -0.399534767491136  dE = 1.46819149e-06  norm(t1,t2) = 2.20771e-05
    CPU time for CCSD iter      2.23 sec, wall time      2.23 sec
    CPU time for update t1 t2      2.17 sec, wall time      2.17 sec
diis-c [ -1.49526502e-11   1.10193990e-01   9.60917898e-01  -2.86795888e-04
   6.33910801e-03  -1.20107531e-03  -7.59631248e-02]
DIIS for step 9
istep = 9  E(CCSD) = -0.39953534714288  dE = -5.79651744e-07  norm(t1,t2) = 6.71309e-06
    CPU time for CCSD iter      2.22 sec, wall time      2.21 sec
    CPU time for update t1 t2      2.14 sec, wall time      2.15 sec
diis-c [ -4.93299845e-13  -1.54621840e-01  -2.47905882e-01   1.36693390e+00
  -2.43668780e-03   3.63781690e-03   3.43926948e-02]
DIIS for step 10
istep = 10  E(CCSD) = -0.399535071729689  dE = 2.75413191e-07  norm(t1,t2) = 2.20002e-06
    CPU time for CCSD iter      2.19 sec, wall time      2.20 sec
    CPU time for update t1 t2      2.14 sec, wall time      2.15 sec
diis-c [ -6.70019595e-14   5.53087756e-03  -5.88237956e-03  -7.54867654e-02
   1.07547669e+00  -1.55521177e-04   5.17099978e-04]
DIIS for step 11
istep = 11  E(CCSD) = -0.399535103325468  dE = -3.15957792e-08  norm(t1,t2) = 3.75329e-07
    CPU time for CCSD iter      2.19 sec, wall time      2.19 sec
    CPU time for CCSD     26.56 sec, wall time     26.58 sec
CCSD converged
E(CCSD) = -2383.233011116282  E_corr = -0.3995351033254684
    CPU time for EOM-CCSD shared one-electron intermediates      0.04 sec, wall time      0.05 sec
    CPU time for EOM-CCSD IP intermediates      0.23 sec, wall time      0.23 sec
tol 1e-07  toloose 0.000316228
max_cycle 50  max_space 38  max_memory 2000  incore True
davidson 0 6  |r|= 0.575  e= [ 0.40357053  0.50715401  0.50715481  0.60110523  1.08652498  1.25711803]  max|de|= 1.26  lindep=    1
davidson 1 12  |r|= 0.14  e= [ 0.36185584  0.42049613  0.42053855  0.52326507  0.96580392  1.03051812]  max|de|= -0.227  lindep= 0.804
davidson 2 18  |r|= 0.0758  e= [ 0.36179021  0.42045579  0.42048445  0.52268033  0.91124083  0.99678494]  max|de|= -0.0546  lindep= 0.477
davidson 3 24  |r|= 0.0169  e= [ 0.36175577  0.42045557  0.42046405  0.52263769  0.90307443  0.9955154 ]  max|de|= -0.00817  lindep= 0.619
root 1 converged  |r|= 4.12e-09  e= 0.420455569091  max|de|= -6.22e-11
davidson 4 29  |r|= 0.000608  e= [ 0.36175525  0.42045557  0.42045557  0.52263     0.90275559  0.99493233]  max|de|= -0.000583  lindep= 0.431
root 0 converged  |r|= 1.58e-11  e= 0.361755251366  max|de|= 2.8e-09
root 2 converged  |r|= 5.07e-08  e= 0.420455569863  max|de|= 5e-16
root 3 converged  |r|= 6.72e-12  e= 0.522629996982  max|de|= -1.88e-10
davidson 5 33  |r|= 3.93e-05  e= [ 0.36175525  0.42045557  0.42045557  0.52263     0.90279343  0.99492291]  max|de|= 3.78e-05  lindep= 0.123
root 0 converged  |r|= 1.58e-11  e= 0.361755251366  max|de|= 1.55e-15
root 1 converged  |r|= 4.13e-09  e= 0.420455569087  max|de|= 8.88e-16
root 2 converged  |r|= 5.07e-08  e= 0.420455569863  max|de|= -1.67e-16
root 3 converged  |r|= 6.72e-12  e= 0.522629996982  max|de|= -3.33e-16
root 4 converged  |r|= 3.93e-05  e= 0.902793426429  max|de|= 1.11e-15
root 5 converged  |r|= 1.8e-07  e= 0.994922911406  max|de|= 1.33e-15
converge 6 6  |r|= 3.93e-05  e= [ 0.36175525  0.42045557  0.42045557  0.52263     0.90279343  0.99492291]  max|de|= 1.55e-15
IP root 0 E = 0.3617552513658949  qpwt = 0.973348
IP root 1 E = 0.4204555690867908  qpwt = 0.945268
IP root 2 E = 0.4204555698634393  qpwt = 0.945268
IP root 3 E = 0.5226299969818574  qpwt = 0.938437
IP root 4 E = 0.9027934264289383  qpwt = 0.797397
IP root 5 E = 0.9949229114058598  qpwt = 0.925527
    CPU time for IP-CCSD      0.44 sec, wall time      0.45 sec
    CPU time for EOM-CCSD shared one-electron intermediates      0.04 sec, wall time      0.04 sec
    CPU time for EOM-CCSD EA intermediates      3.36 sec, wall time      3.36 sec
tol 1e-07  toloose 0.000316228
max_cycle 50  max_space 38  max_memory 2000  incore True
davidson 0 6  |r|= 0.216  e= [ 0.05078707  0.05078707  0.13306234  0.27931051  0.27931051  0.28674916]  max|de|= 0.287  lindep=    1
davidson 1 12  |r|= 0.0293  e= [ 0.01329142  0.01329142  0.09613908  0.24685167  0.24685167  0.24234663]  max|de|= -0.0444  lindep= 0.932
davidson 2 18  |r|= 0.0179  e= [ 0.01158285  0.01158285  0.09385359  0.24515     0.24515     0.24114469]  max|de|= -0.00229  lindep= 0.886
davidson 3 24  |r|= 0.00695  e= [ 0.01161132  0.01161132  0.0938591   0.24514936  0.24514936  0.24051142]  max|de|= -0.000633  lindep= 0.727
davidson 4 30  |r|= 0.00219  e= [ 0.01161802  0.01161802  0.09385545  0.24517982  0.24517982  0.24043506]  max|de|= -7.64e-05  lindep= 0.889
davidson 5 36  |r|= 0.000652  e= [ 0.01161391  0.01161391  0.09385145  0.24517674  0.24517674  0.24043314]  max|de|= -4.1e-06  lindep= 0.678
root 0 converged  |r|= 6.18e-05  e= 0.0116139147401  max|de|= 4.86e-16
root 1 converged  |r|= 6.18e-05  e= 0.0116139147401  max|de|= 5.34e-16
root 2 converged  |r|= 4.84e-05  e= 0.093851447751  max|de|= -2.5e-16
root 3 converged  |r|= 9.01e-05  e= 0.245176742665  max|de|= -9.16e-16
root 4 converged  |r|= 9.01e-05  e= 0.245176742665  max|de|= -3.05e-16
davidson 6 6  |r|= 0.000652  e= [ 0.01161391  0.01161391  0.09385145  0.24517674  0.24517674  0.24043314]  max|de|= -9.16e-16  lindep=    1
davidson 7 7  |r|= 0.000277  e= [ 0.01161391  0.01161391  0.09385146  0.24517674  0.24517674  0.24043435]  max|de|= 1.21e-06  lindep= 0.957
davidson 8 8  |r|= 9.36e-05  e= [ 0.01161391  0.01161391  0.09385122  0.24517674  0.24517674  0.24043637]  max|de|= 2.01e-06  lindep= 0.779
davidson 9 9  |r|= 3.25e-05  e= [ 0.01161391  0.01161391  0.09385122  0.24517674  0.24517674  0.24043583]  max|de|= -5.39e-07  lindep= 0.859
davidson 10 10  |r|= 9.36e-06  e= [ 0.01161391  0.01161391  0.09385123  0.24517674  0.24517674  0.2404362 ]  max|de|= 3.72e-07  lindep= 0.77
davidson 11 11  |r|= 6.2e-06  e= [ 0.01161391  0.01161391  0.09385125  0.24517674  0.24517674  0.24043607]  max|de|= -1.3e-07  lindep= 0.805
root 5 converged  |r|= 1.81e-06  e= 0.240436095968  max|de|= 2.77e-08
converge 12 12  |r|= 1.81e-06  e= [ 0.01161391  0.01161391  0.09385124  0.24517674  0.24517674  0.2404361 ]  max|de|= 2.77e-08
EA root 0 E = 0.01161391474011458  qpwt = 0.977226
EA root 1 E = 0.01161391474011753  qpwt = 0.977226
EA root 2 E = 0.09385123660881341  qpwt = 0.978637
EA root 3 E = 0.2451767426646478  qpwt = 0.93876
EA root 4 E = 0.2451767426646513  qpwt = 0.93876
EA root 5 E = 0.2404360959683761  qpwt = 0.969267
    CPU time for EA-CCSD      6.69 sec, wall time      6.69 sec
