

******** <class 'pyscf.scf.hf.RHF'> flags ********
method = RHF
initial guess = minao
damping factor = 0
level shift factor = 0
Do DIIS = True
DIIS start cycle = 1
DIIS space = 8
SCF tol = 1e-09
SCF gradient tol = None
max. SCF cycles = 50
direct_scf = True
direct_scf_tol = 1e-13
chkfile to save SCF result = /tmp/tmp3yTk8n
max_memory 4000 MB (current use 39 MB)
Set gradient conv threshold to 3.16228e-05
Nelec from initial guess = 1.99955
cond(S) = 2635.98667195
E_coul = 0.715825457804209
init E= -0.813071926370864
    CPU time for initialize scf      0.03 sec, wall time      0.17 sec
  HOMO = -0.554264067302797  LUMO = 0.135699438576271
  mo_energy =
[-0.55426407  0.13569944  0.30194821  0.59456139  0.66761582  0.66761582
  1.08323152  1.1024297   1.1024297   1.52207976  2.3021635   2.3700567
  3.12782087  3.12782087  3.34977704  3.34977704  3.64204985  3.86728576
  3.86728576  4.04720556  4.04720556  4.08282653  4.08282653  4.62110376
  5.6791327   5.6791327   5.76030792  6.90540836]
E_coul = 0.642998096605602
cycle= 1 E= -1.13200668259769  delta_E= -0.319  |g|= 0.0447  |ddm|= 0.472
    CPU time for cycle= 1      0.01 sec, wall time      0.00 sec
diis-norm(errvec)=0.169746
diis-c [-0.02881364  1.        ]
  HOMO = -0.601756905486071  LUMO = 0.164075578670255
  mo_energy =
[-0.60175691  0.16407558  0.30469467  0.63908717  0.6843469   0.6843469
  1.09155969  1.11469327  1.11469327  1.52582675  2.33591126  2.40437994
  3.1624661   3.1624661   3.39553109  3.39553109  3.66295901  3.88389742
  3.88389742  4.07292435  4.07292435  4.10269399  4.10269399  4.63834468
  5.7133554   5.7133554   5.79434044  6.9528585 ]
E_coul = 0.655556948203292
cycle= 2 E= -1.13292806965728  delta_E= -0.000921  |g|= 0.00708  |ddm|= 0.0316
    CPU time for cycle= 2      0.00 sec, wall time      0.01 sec
diis-norm(errvec)=0.0230028
diis-c [ -7.33064266e-05  -1.44081709e-01   1.14408171e+00]
  HOMO = -0.59466418591448  LUMO = 0.167313044468874
  mo_energy =
[-0.59466419  0.16731304  0.30662389  0.64548803  0.69208005  0.69208005
  1.09625256  1.11953057  1.11953057  1.52855988  2.34645664  2.41721656
  3.17454131  3.17454131  3.41110301  3.41110301  3.67415583  3.89341937
  3.89341937  4.08314098  4.08314098  4.11296551  4.11296551  4.64825352
  5.7266104   5.7266104   5.80807666  6.97085194]
E_coul = 0.657974071612071
cycle= 3 E= -1.13295869532686  delta_E= -3.06e-05  |g|= 0.000783  |ddm|= 0.00823
    CPU time for cycle= 3      0.01 sec, wall time      0.01 sec
diis-norm(errvec)=0.00163323
diis-c [ -5.56541008e-08   2.90238275e-02  -2.53141080e-01   1.22411725e+00]
  HOMO = -0.594259627247716  LUMO = 0.167542428018566
  mo_energy =
[-0.59425963  0.16754243  0.30672324  0.64582158  0.69253508  0.69253508
  1.09658214  1.11987237  1.11987237  1.52878489  2.34703583  2.41793162
  3.17523447  3.17523447  3.41187863  3.41187863  3.67479285  3.89400172
  3.89400172  4.08378113  4.08378113  4.11360779  4.11360779  4.64886221
  5.72734163  5.72734163  5.80879581  6.97171399]
E_coul = 0.658168486294375
cycle= 4 E= -1.13295899532651  delta_E= -3e-07  |g|= 3e-05  |ddm|= 0.00112
    CPU time for cycle= 4      0.00 sec, wall time      0.01 sec
diis-norm(errvec)=5.95148e-05
diis-c [ -8.73943418e-11  -8.75196537e-03   7.75482911e-02  -3.81380930e-01
   1.31258460e+00]
  HOMO = -0.594251390495084  LUMO = 0.167550772784875
  mo_energy =
[-0.59425139  0.16755077  0.30673095  0.64583344  0.692551    0.692551
  1.09659951  1.11988545  1.11988545  1.52879566  2.3470618   2.41795567
  3.17525755  3.17525755  3.41190582  3.41190582  3.67482196  3.8940268
  3.8940268   4.08380425  4.08380425  4.1136338   4.1136338   4.64888859
  5.72737006  5.72737006  5.80882547  6.97174833]
E_coul = 0.658173194964162
cycle= 5 E= -1.13295899578117  delta_E= -4.55e-10  |g|= 1.21e-06  |ddm|= 5.33e-05
    CPU time for cycle= 5      0.00 sec, wall time      0.01 sec
  HOMO = -0.594250644069661  LUMO = 0.167550485340574
  mo_energy =
[-0.59425064  0.16755049  0.30672989  0.645833    0.69255044  0.69255044
  1.09659871  1.11988489  1.11988489  1.5287952   2.34706082  2.41795458
  3.17525657  3.17525657  3.41190471  3.41190471  3.67482095  3.8940259
  3.8940259   4.08380328  4.08380328  4.11363282  4.11363282  4.64888765
  5.727369    5.727369    5.80882444  6.97174721]
    CPU time for scf_cycle      0.06 sec, wall time      0.20 sec
    CPU time for SCF      0.06 sec, wall time      0.20 sec
converged SCF energy = -1.13295899578117
RHF E = -1.13295899578
RHF eps = [-0.59425064  0.16755049  0.30672989  0.645833    0.69255044  0.69255044
  1.09659871  1.11988489  1.11988489  1.5287952   2.34706082  2.41795458
  3.17525657  3.17525657  3.41190471  3.41190471  3.67482095  3.8940259
  3.8940259   4.08380328  4.08380328  4.11363282  4.11363282  4.64888765
  5.727369    5.727369    5.80882444  6.97174721]
    CPU time for CCSD integral transformation      0.07 sec, wall time      0.09 sec

******** <class 'pyscf.cc.rccsd_slow.RCCSD'> flags ********
CCSD nocc = 1, nvir = 27
max_cycle = 50
direct = 0
conv_tol = 1e-07
conv_tol_normt = 1e-05
diis_space = 6
diis_start_cycle = 0
diis_start_energy_diff = 1e+09
Init t2, MP2 energy = -0.0316813762297753
    CPU time for init mp2      0.00 sec, wall time      0.00 sec
    CPU time for update t1 t2      0.07 sec, wall time      0.06 sec
istep = 0  E(CCSD) = -0.0369825645846497  dE = -0.0369825646  norm(t1,t2) = 0.0297657
    CPU time for CCSD iter      0.07 sec, wall time      0.06 sec
    CPU time for update t1 t2      0.06 sec, wall time      0.06 sec
DIIS for step 1
istep = 1  E(CCSD) = -0.038565620453193  dE = -0.00158305587  norm(t1,t2) = 0.010299
    CPU time for CCSD iter      0.06 sec, wall time      0.06 sec
    CPU time for update t1 t2      0.06 sec, wall time      0.06 sec
diis-c [ -1.14260430e-05   1.00000000e+00]
DIIS for step 2
istep = 2  E(CCSD) = -0.0390861789035431  dE = -0.00052055845  norm(t1,t2) = 0.00399478
    CPU time for CCSD iter      0.06 sec, wall time      0.06 sec
    CPU time for update t1 t2      0.07 sec, wall time      0.06 sec
diis-c [ -8.98812791e-08  -6.56041376e-01   1.65604138e+00]
DIIS for step 3
istep = 3  E(CCSD) = -0.0393897490946369  dE = -0.000303570191  norm(t1,t2) = 0.0016379
    CPU time for CCSD iter      0.07 sec, wall time      0.06 sec
    CPU time for update t1 t2      0.06 sec, wall time      0.06 sec
diis-c [ -3.33875871e-10   3.00600293e-01  -7.79460172e-01   1.47885988e+00]
DIIS for step 4
istep = 4  E(CCSD) = -0.0393802600919219  dE = 9.48900271e-06  norm(t1,t2) = 0.000125776
    CPU time for CCSD iter      0.06 sec, wall time      0.06 sec
    CPU time for update t1 t2      0.06 sec, wall time      0.06 sec
diis-c [ -4.59562943e-12  -1.00138765e-01   2.60079875e-01  -5.06664416e-01
   1.34672331e+00]
DIIS for step 5
istep = 5  E(CCSD) = -0.039380480171872  dE = -2.2007995e-07  norm(t1,t2) = 7.37912e-06
    CPU time for CCSD iter      0.06 sec, wall time      0.06 sec
    CPU time for update t1 t2      0.06 sec, wall time      0.06 sec
diis-c [ -6.29774011e-14   3.69950070e-02  -9.60187922e-02   1.88060474e-01
  -5.40222400e-01   1.41118571e+00]
DIIS for step 6
istep = 6  E(CCSD) = -0.0393804665928102  dE = 1.35790618e-08  norm(t1,t2) = 9.66073e-07
    CPU time for CCSD iter      0.06 sec, wall time      0.06 sec
    CPU time for CCSD      0.44 sec, wall time      0.44 sec
CCSD converged
E(CCSD) = -1.172339462373977  E_corr = -0.03938046659281021
    CPU time for EOM-CCSD shared one-electron intermediates      0.00 sec, wall time      0.00 sec
    CPU time for EOM-CCSD IP intermediates      0.00 sec, wall time      0.00 sec
tol 1e-07  toloose 0.000316228
max_cycle 50  max_space 23  max_memory 2000  incore True
davidson 0 1  |r|= 0.175  e= [ 0.63262244]  max|de|= 0.633  lindep=    1
davidson 1 2  |r|= 0.00182  e= [ 0.60674326]  max|de|= -0.0259  lindep= 0.922
davidson 2 3  |r|= 2.56e-10  e= [ 0.60674427]  max|de|= 1.01e-06  lindep=    1
Linear dependency in trial subspace. |r| for each state [2.5615486285271838e-10]
IP root 0 E = 0.6067442724879597  qpwt = 0.975969
    CPU time for IP-CCSD      0.00 sec, wall time      0.01 sec
    CPU time for EOM-CCSD shared one-electron intermediates      0.00 sec, wall time      0.00 sec
    CPU time for EOM-CCSD EA intermediates      0.09 sec, wall time      0.08 sec
tol 1e-07  toloose 0.000316228
max_cycle 50  max_space 38  max_memory 2000  incore True
davidson 0 6  |r|= 0.286  e= [ 0.17257819  0.31045067  0.65628804  0.69782917  0.69782917  1.09892557]  max|de|=  1.1  lindep=    1
davidson 1 12  |r|= 0.0365  e= [ 0.15806956  0.29854721  0.61810914  0.66452988  0.66452988  1.07096079]  max|de|= -0.0382  lindep= 0.55
davidson 2 18  |r|= 0.00369  e= [ 0.15812465  0.29847557  0.61784045  0.66448766  0.66448766  1.07030114]  max|de|= -0.00066  lindep= 0.574
davidson 3 24  |r|= 0.000283  e= [ 0.15812353  0.29847886  0.61784736  0.66451276  0.66451276  1.07029792]  max|de|= 2.51e-05  lindep= 0.321
root 1 converged  |r|= 7.62e-07  e= 0.298478789927  max|de|= -7.13e-08
root 2 converged  |r|= 8.68e-06  e= 0.617847311109  max|de|= -5.36e-08
davidson 4 30  |r|= 1.51e-05  e= [ 0.15812335  0.29847879  0.61784731  0.66451218  0.66451218  1.07029407]  max|de|= -3.85e-06  lindep= 0.633
root 0 converged  |r|= 1.21e-08  e= 0.15812335044  max|de|= 2.43e-09
root 3 converged  |r|= 1.52e-07  e= 0.664512170032  max|de|= -5.56e-09
root 4 converged  |r|= 1.52e-07  e= 0.664512170032  max|de|= -5.56e-09
davidson 5 34  |r|= 6.51e-07  e= [ 0.15812335  0.29847879  0.61784734  0.66451217  0.66451217  1.07029424]  max|de|= 1.62e-07  lindep= 0.694
root 0 converged  |r|= 1.21e-08  e= 0.15812335044  max|de|= 2.33e-15
root 1 converged  |r|= 1.89e-07  e= 0.29847878888  max|de|= -1.05e-15
root 2 converged  |r|= 2.1e-06  e= 0.617847340549  max|de|= -9.99e-16
root 3 converged  |r|= 1.52e-07  e= 0.664512170032  max|de|= 5.55e-16
root 4 converged  |r|= 1.52e-07  e= 0.664512170032  max|de|= 9.99e-16
root 5 converged  |r|= 6.51e-07  e= 1.0702942354  max|de|= 2.44e-15
converge 6 6  |r|= 2.1e-06  e= [ 0.15812335  0.29847879  0.61784734  0.66451217  0.66451217  1.07029424]  max|de|= 2.44e-15
EA root 0 E = 0.1581233504398023  qpwt = 0.995374
EA root 1 E = 0.2984787888801431  qpwt = 0.994665
EA root 2 E = 0.6178473405494636  qpwt = 0.975991
EA root 3 E = 0.6645121700316129  qpwt = 0.98785
EA root 4 E = 0.6645121700316116  qpwt = 0.98785
EA root 5 E = 1.070294235399162  qpwt = 0.877132
    CPU time for EA-CCSD      0.16 sec, wall time      0.16 sec
