

******** <class 'pyscf.scf.hf.RHF'> flags ********
method = RHF
initial guess = minao
damping factor = 0
level shift factor = 0
Do DIIS = True
DIIS start cycle = 1
DIIS space = 8
SCF tol = 1e-09
SCF gradient tol = None
max. SCF cycles = 50
direct_scf = True
direct_scf_tol = 1e-13
chkfile to save SCF result = /tmp/tmp1lDxUp
max_memory 4000 MB (current use 39 MB)
Set gradient conv threshold to 3.16228e-05
Nelec from initial guess = 47.1037
cond(S) = 890.312319914
E_coul = 484.334759511324
init E= -506.891038621023
    CPU time for initialize scf      4.56 sec, wall time      4.57 sec
  HOMO = -1.32697984688808  LUMO = -1.21083698792273
  mo_energy =
[ -9.66492613e+00  -9.66459818e+00  -7.50503362e+00  -7.50438655e+00
  -7.49770900e+00  -7.49770900e+00  -7.49765945e+00  -7.49765945e+00
  -4.19433877e+00  -4.18985173e+00  -4.18985173e+00  -4.18978605e+00
  -4.18861000e+00  -4.18861000e+00  -4.18372095e+00  -4.18372095e+00
  -4.18362202e+00  -4.18362202e+00  -2.19827943e+00  -1.98197750e+00
  -1.54361349e+00  -1.43392719e+00  -1.43392719e+00  -1.32697985e+00
  -1.32697985e+00  -1.21083699e+00  -6.11422146e-01  -6.11422146e-01
  -5.72458639e-01  -5.26280807e-01  -5.26280807e-01  -4.44158839e-01
  -4.44158839e-01  -4.13620863e-01  -3.93356511e-01  -3.81893394e-01
  -3.81893394e-01  -3.68681283e-01  -3.68681283e-01  -3.30673589e-01
  -2.75916559e-01  -2.46574714e-01  -2.46574714e-01  -1.10656976e-01
  -1.10656976e-01  -9.84974947e-02  -7.32308282e-02  -7.32308282e-02
  -3.64373184e-02  -3.64373184e-02  -2.80659513e-02  -2.71913928e-02
  -2.71913928e-02  -1.32779158e-02  -1.32779158e-02   4.50836795e-02
   4.50836795e-02   1.42434250e-01   3.44494369e-01   3.44494369e-01
   3.96796215e-01   4.28274072e-01   4.28274072e-01   4.50575180e-01
   4.50575180e-01   5.04025752e-01   5.11363045e-01   5.11363045e-01
   5.22426178e-01   5.22426178e-01   6.13796422e-01   6.13796422e-01
   6.66595622e-01   7.28460430e-01   1.69163933e+00   1.69163933e+00
   1.73592475e+00   1.73592475e+00   1.75828007e+00   1.77695166e+00
   1.77695166e+00   1.78700318e+00   1.78700318e+00   1.82209628e+00
   1.82209628e+00   1.98901945e+00   1.98901945e+00   2.28323346e+00
   2.86582719e+00   3.12690313e+00   3.22096741e+01   3.22096741e+01
   3.22475386e+01   3.22475386e+01   3.23046982e+01   3.24134651e+01
   4.02769325e+01   4.05243868e+01   1.15554817e+02   1.15619845e+02]
E_coul = 594.779301665685
cycle= 1 E= -591.79683294677  delta_E= -84.9  |g|=  3.6  |ddm|= 27.1
    CPU time for cycle= 1      0.07 sec, wall time      0.07 sec
diis-norm(errvec)=5.07425
diis-c [-25.7479783   1.       ]
  HOMO = -0.1467060844079  LUMO = 0.117317854752641
  mo_energy =
[ -6.99181582e+00  -6.99176183e+00  -4.87831987e+00  -4.87766942e+00
  -4.86119439e+00  -4.86119439e+00  -4.86118919e+00  -4.86118919e+00
  -1.63327010e+00  -1.62586843e+00  -1.62458411e+00  -1.62458411e+00
  -1.62190956e+00  -1.62190956e+00  -1.60646792e+00  -1.60646792e+00
  -1.60630470e+00  -1.60630470e+00  -6.69630616e-01  -5.84952768e-01
  -2.16557630e-01  -2.16557630e-01  -2.12076681e-01  -1.46706084e-01
  -1.46706084e-01   1.17317855e-01   2.92346660e-01   3.05504331e-01
   3.05504331e-01   3.14937917e-01   3.27356435e-01   3.27356435e-01
   4.35005293e-01   4.35005293e-01   4.43709889e-01   4.43709889e-01
   5.04798280e-01   5.15849679e-01   5.15849679e-01   6.34905144e-01
   6.43803454e-01   6.43803454e-01   6.91374167e-01   9.92906161e-01
   1.26737657e+00   1.26737657e+00   1.30799653e+00   1.32422381e+00
   1.32422381e+00   1.38431753e+00   1.38431753e+00   1.39784529e+00
   1.39784529e+00   1.44433007e+00   1.44433007e+00   1.53567585e+00
   1.55077162e+00   1.55077162e+00   1.59608580e+00   1.59608580e+00
   1.71047016e+00   1.72929872e+00   1.72929872e+00   1.93251325e+00
   1.93251325e+00   1.95133920e+00   1.96815904e+00   1.96815904e+00
   1.98454023e+00   1.98454023e+00   2.02265467e+00   2.02265467e+00
   2.15865310e+00   2.25822195e+00   3.99904086e+00   3.99904086e+00
   4.03309451e+00   4.03309451e+00   4.04036574e+00   4.06996235e+00
   4.06996235e+00   4.07585246e+00   4.07585246e+00   4.08672431e+00
   4.08672431e+00   4.18963389e+00   4.18963389e+00   4.39250506e+00
   4.98500442e+00   5.23220611e+00   3.61297031e+01   3.61297031e+01
   3.61674946e+01   3.61674946e+01   3.62205513e+01   3.63287216e+01
   4.41991205e+01   4.44450826e+01   1.19639104e+02   1.19703438e+02]
E_coul = 552.806402352597
cycle= 2 E= -593.05271702709  delta_E= -1.26  |g|= 1.64  |ddm|= 6.63
    CPU time for cycle= 2      0.07 sec, wall time      0.07 sec
diis-norm(errvec)=2.32796
diis-c [-2.51004129  0.26135781  0.73864219]
  HOMO = -0.36806740133569  LUMO = -0.0348581829498955
  mo_energy =
[ -7.80587534e+00  -7.80584683e+00  -5.66066759e+00  -5.66038564e+00
  -5.64643780e+00  -5.64643780e+00  -5.64640660e+00  -5.64640660e+00
  -2.35443042e+00  -2.34845138e+00  -2.34661507e+00  -2.34661507e+00
  -2.34476466e+00  -2.34476466e+00  -2.33006149e+00  -2.33006149e+00
  -2.32992948e+00  -2.32992948e+00  -9.87834669e-01  -8.51761668e-01
  -4.75848334e-01  -4.53530496e-01  -4.53530496e-01  -3.68067401e-01
  -3.68067401e-01  -3.48581829e-02   2.07010763e-01   2.25312553e-01
   2.35958154e-01   2.35958154e-01   2.66761908e-01   2.66761908e-01
   2.78631932e-01   2.78631932e-01   2.92729585e-01   2.92729585e-01
   3.79520534e-01   3.79521492e-01   3.79521492e-01   4.56964202e-01
   5.18520522e-01   5.22335173e-01   5.22335173e-01   8.42738305e-01
   9.66643171e-01   9.66643171e-01   9.75900844e-01   1.03233369e+00
   1.03233369e+00   1.09084215e+00   1.09084215e+00   1.10358567e+00
   1.10358567e+00   1.12945801e+00   1.12945801e+00   1.21534754e+00
   1.21534754e+00   1.22947816e+00   1.32745157e+00   1.32745157e+00
   1.40885675e+00   1.43300526e+00   1.43300526e+00   1.58388183e+00
   1.58388183e+00   1.59515477e+00   1.63412143e+00   1.63412143e+00
   1.63537338e+00   1.63537338e+00   1.70122662e+00   1.70122662e+00
   1.79613407e+00   1.87606681e+00   3.35548972e+00   3.35548972e+00
   3.39318036e+00   3.39318036e+00   3.40285112e+00   3.43250296e+00
   3.43250296e+00   3.43958815e+00   3.43958815e+00   3.45635630e+00
   3.45635630e+00   3.57682340e+00   3.57682340e+00   3.80526452e+00
   4.42606047e+00   4.67718662e+00   3.50840600e+01   3.50840600e+01
   3.51220824e+01   3.51220824e+01   3.51755453e+01   3.52842698e+01
   4.31791927e+01   4.34261110e+01   1.18516605e+02   1.18580996e+02]
E_coul = 566.352581543562
cycle= 3 E= -593.326734486941  delta_E= -0.274  |g|= 0.286  |ddm|= 1.53
    CPU time for cycle= 3      0.07 sec, wall time      0.07 sec
diis-norm(errvec)=0.500521
diis-c [-0.09817481  0.00753755  0.15004582  0.84241662]
  HOMO = -0.361452010771633  LUMO = -0.0205394438886583
  mo_energy =
[ -7.78271771e+00  -7.78269038e+00  -5.63827528e+00  -5.63803947e+00
  -5.62541638e+00  -5.62541638e+00  -5.62538838e+00  -5.62538838e+00
  -2.33435412e+00  -2.32884411e+00  -2.32703189e+00  -2.32703189e+00
  -2.32526555e+00  -2.32526555e+00  -2.31201136e+00  -2.31201136e+00
  -2.31188968e+00  -2.31188968e+00  -9.59432884e-01  -8.47060331e-01
  -4.66796591e-01  -4.38910413e-01  -4.38910413e-01  -3.61452011e-01
  -3.61452011e-01  -2.05394439e-02   2.19636904e-01   2.20634108e-01
   2.51944201e-01   2.51944201e-01   2.81430690e-01   2.81430690e-01
   2.87360292e-01   2.87360292e-01   3.08901116e-01   3.08901116e-01
   3.82567751e-01   3.88559627e-01   3.88559627e-01   4.73759452e-01
   5.25726282e-01   5.25726282e-01   5.30412482e-01   8.43571831e-01
   9.84616065e-01   9.84616065e-01   1.00467647e+00   1.04691093e+00
   1.04691093e+00   1.10506039e+00   1.10506039e+00   1.11754521e+00
   1.11754521e+00   1.14870132e+00   1.14870132e+00   1.24505010e+00
   1.24537861e+00   1.24537861e+00   1.34699162e+00   1.34699162e+00
   1.42040246e+00   1.45058150e+00   1.45058150e+00   1.60252592e+00
   1.60252592e+00   1.61047070e+00   1.64915712e+00   1.64915712e+00
   1.65077261e+00   1.65077261e+00   1.70781070e+00   1.70781070e+00
   1.81555758e+00   1.90087443e+00   3.37413831e+00   3.37413831e+00
   3.41098661e+00   3.41098661e+00   3.42232691e+00   3.44874961e+00
   3.44874961e+00   3.45575945e+00   3.45575945e+00   3.47380544e+00
   3.47380544e+00   3.59481606e+00   3.59481606e+00   3.82456990e+00
   4.44526468e+00   4.69481894e+00   3.51210935e+01   3.51210935e+01
   3.51590876e+01   3.51590876e+01   3.52134956e+01   3.53223464e+01
   4.32146805e+01   4.34613517e+01   1.18560973e+02   1.18625357e+02]
E_coul = 565.121373362488
cycle= 4 E= -593.335820652426  delta_E= -0.00909  |g|= 0.109  |ddm|= 0.237
    CPU time for cycle= 4      0.08 sec, wall time      0.07 sec
diis-norm(errvec)=0.188676
diis-c [-0.00176712 -0.00362445  0.0238212   0.31453136  0.66527189]
  HOMO = -0.359603527166398  LUMO = -0.0171488540697726
  mo_energy =
[ -7.76429443e+00  -7.76426547e+00  -5.62120270e+00  -5.62095398e+00
  -5.60827509e+00  -5.60827509e+00  -5.60824428e+00  -5.60824428e+00
  -2.31961490e+00  -2.31392443e+00  -2.31222568e+00  -2.31222568e+00
  -2.31039058e+00  -2.31039058e+00  -2.29724713e+00  -2.29724713e+00
  -2.29711842e+00  -2.29711842e+00  -9.60177376e-01  -8.41949752e-01
  -4.66762392e-01  -4.38983927e-01  -4.38983927e-01  -3.59603527e-01
  -3.59603527e-01  -1.71488541e-02   2.19758177e-01   2.23227639e-01
   2.51038111e-01   2.51038111e-01   2.81324150e-01   2.81324150e-01
   2.88143184e-01   2.88143184e-01   3.07948350e-01   3.07948350e-01
   3.85966027e-01   3.89299027e-01   3.89299027e-01   4.73818928e-01
   5.28389343e-01   5.28389343e-01   5.33025560e-01   8.48442865e-01
   9.86748734e-01   9.86748734e-01   1.00434577e+00   1.04990765e+00
   1.04990765e+00   1.10786194e+00   1.10786194e+00   1.12044900e+00
   1.12044900e+00   1.15096905e+00   1.15096905e+00   1.24626999e+00
   1.24626999e+00   1.24968271e+00   1.35074312e+00   1.35074312e+00
   1.42640490e+00   1.45444495e+00   1.45444495e+00   1.60661641e+00
   1.60661641e+00   1.61482189e+00   1.65438639e+00   1.65438639e+00
   1.65529494e+00   1.65529494e+00   1.71464406e+00   1.71464406e+00
   1.81937733e+00   1.90366754e+00   3.38606920e+00   3.38606920e+00
   3.42276439e+00   3.42276439e+00   3.43405207e+00   3.46041884e+00
   3.46041884e+00   3.46741341e+00   3.46741341e+00   3.48539015e+00
   3.48539015e+00   3.60601296e+00   3.60601296e+00   3.83478946e+00
   4.45637545e+00   4.70625485e+00   3.51495084e+01   3.51495084e+01
   3.51875034e+01   3.51875034e+01   3.52417381e+01   3.53505234e+01
   4.32422701e+01   4.34890023e+01   1.18592989e+02   1.18657373e+02]
E_coul = 564.97544497158
cycle= 5 E= -593.337009209829  delta_E= -0.00119  |g|= 0.00952  |ddm|= 0.0722
    CPU time for cycle= 5      0.07 sec, wall time      0.07 sec
diis-norm(errvec)=0.0188956
diis-c [ -4.72532591e-05   1.46302561e-03  -1.38309145e-02  -1.06550139e-01
  -2.68672503e-01   1.38759053e+00]
  HOMO = -0.360291222142724  LUMO = -0.0167100934996261
  mo_energy =
[ -7.76671788e+00  -7.76668874e+00  -5.62366267e+00  -5.62341189e+00
  -5.61082472e+00  -5.61082472e+00  -5.61079301e+00  -5.61079301e+00
  -2.32205735e+00  -2.31636220e+00  -2.31468613e+00  -2.31468613e+00
  -2.31284641e+00  -2.31284641e+00  -2.29983631e+00  -2.29983631e+00
  -2.29970660e+00  -2.29970660e+00  -9.61107325e-01  -8.42278772e-01
  -4.68888956e-01  -4.39755060e-01  -4.39755060e-01  -3.60291222e-01
  -3.60291222e-01  -1.67100935e-02   2.19137656e-01   2.23193048e-01
   2.50843762e-01   2.50843762e-01   2.80711303e-01   2.80711303e-01
   2.88224784e-01   2.88224784e-01   3.07328997e-01   3.07328997e-01
   3.85774095e-01   3.88809152e-01   3.88809152e-01   4.73368587e-01
   5.28203691e-01   5.28203691e-01   5.32729755e-01   8.48108391e-01
   9.85739494e-01   9.85739494e-01   1.00309133e+00   1.04892368e+00
   1.04892368e+00   1.10675848e+00   1.10675848e+00   1.11934557e+00
   1.11934557e+00   1.14982630e+00   1.14982630e+00   1.24513791e+00
   1.24513791e+00   1.24878895e+00   1.35003234e+00   1.35003234e+00
   1.42554720e+00   1.45352810e+00   1.45352810e+00   1.60542972e+00
   1.60542972e+00   1.61373707e+00   1.65337119e+00   1.65337119e+00
   1.65417211e+00   1.65417211e+00   1.71377573e+00   1.71377573e+00
   1.81821821e+00   1.90227277e+00   3.38388831e+00   3.38388831e+00
   3.42053360e+00   3.42053360e+00   3.43198405e+00   3.45811203e+00
   3.45811203e+00   3.46511237e+00   3.46511237e+00   3.48319470e+00
   3.48319470e+00   3.60396678e+00   3.60396678e+00   3.83294827e+00
   4.45468211e+00   4.70461249e+00   3.51467256e+01   3.51467256e+01
   3.51847211e+01   3.51847211e+01   3.52389447e+01   3.53477312e+01
   4.32395425e+01   4.34862791e+01   1.18589952e+02   1.18654337e+02]
E_coul = 565.003814358537
cycle= 6 E= -593.337045155875  delta_E= -3.59e-05  |g|= 0.000919  |ddm|= 0.0207
    CPU time for cycle= 6      0.07 sec, wall time      0.07 sec
diis-norm(errvec)=0.00200764
diis-c [ -4.77711695e-07  -2.54922803e-04   2.15715709e-03   1.47883408e-02
   3.57594705e-02  -2.95636461e-01   1.24318642e+00]
  HOMO = -0.360298109528939  LUMO = -0.0165621433612935
  mo_energy =
[ -7.76674290e+00  -7.76671376e+00  -5.62367110e+00  -5.62341990e+00
  -5.61085251e+00  -5.61085251e+00  -5.61082070e+00  -5.61082070e+00
  -2.32204929e+00  -2.31635068e+00  -2.31468468e+00  -2.31468468e+00
  -2.31284462e+00  -2.31284462e+00  -2.29985250e+00  -2.29985250e+00
  -2.29972276e+00  -2.29972276e+00  -9.61095037e-01  -8.42226686e-01
  -4.68984929e-01  -4.39733155e-01  -4.39733155e-01  -3.60298110e-01
  -3.60298110e-01  -1.65621434e-02   2.19028477e-01   2.23198422e-01
   2.50825976e-01   2.50825976e-01   2.80691903e-01   2.80691903e-01
   2.88222208e-01   2.88222208e-01   3.07304708e-01   3.07304708e-01
   3.85777926e-01   3.88791216e-01   3.88791216e-01   4.73358807e-01
   5.28205796e-01   5.28205796e-01   5.32731821e-01   8.48104823e-01
   9.85748459e-01   9.85748459e-01   1.00307768e+00   1.04893042e+00
   1.04893042e+00   1.10673789e+00   1.10673789e+00   1.11932488e+00
   1.11932488e+00   1.14982146e+00   1.14982146e+00   1.24515505e+00
   1.24515505e+00   1.24882278e+00   1.35002158e+00   1.35002158e+00
   1.42556992e+00   1.45350688e+00   1.45350688e+00   1.60540464e+00
   1.60540464e+00   1.61373682e+00   1.65335744e+00   1.65335744e+00
   1.65416452e+00   1.65416452e+00   1.71378055e+00   1.71378055e+00
   1.81820783e+00   1.90226655e+00   3.38389055e+00   3.38389055e+00
   3.42052254e+00   3.42052254e+00   3.43200355e+00   3.45808719e+00
   3.45808719e+00   3.46508751e+00   3.46508751e+00   3.48318246e+00
   3.48318246e+00   3.60396997e+00   3.60396997e+00   3.83296860e+00
   4.45465985e+00   4.70459654e+00   3.51466488e+01   3.51466488e+01
   3.51846444e+01   3.51846444e+01   3.52388842e+01   3.53476698e+01
   4.32394789e+01   4.34862163e+01   1.18589885e+02   1.18654270e+02]
E_coul = 565.005457554597
cycle= 7 E= -593.337045641709  delta_E= -4.86e-07  |g|= 0.000178  |ddm|= 0.00223
    CPU time for cycle= 7      0.08 sec, wall time      0.07 sec
diis-norm(errvec)=0.000271381
diis-c [ -8.96390434e-09   2.59198976e-06   1.28694715e-05  -3.59803148e-04
  -9.18192940e-04   2.11088286e-02  -1.65139969e-01   1.14529368e+00]
  HOMO = -0.360291301545381  LUMO = -0.0165524465156775
  mo_energy =
[ -7.76668539e+00  -7.76665625e+00  -5.62361626e+00  -5.62336503e+00
  -5.61079117e+00  -5.61079117e+00  -5.61075936e+00  -5.61075936e+00
  -2.32199725e+00  -2.31629800e+00  -2.31463078e+00  -2.31463078e+00
  -2.31279063e+00  -2.31279063e+00  -2.29979119e+00  -2.29979119e+00
  -2.29966144e+00  -2.29966144e+00  -9.61091121e-01  -8.42226218e-01
  -4.68982714e-01  -4.39721532e-01  -4.39721532e-01  -3.60291302e-01
  -3.60291302e-01  -1.65524465e-02   2.19028565e-01   2.23197355e-01
   2.50828870e-01   2.50828870e-01   2.80695783e-01   2.80695783e-01
   2.88222411e-01   2.88222411e-01   3.07309354e-01   3.07309354e-01
   3.85777787e-01   3.88796943e-01   3.88796943e-01   4.73361105e-01
   5.28209064e-01   5.28209064e-01   5.32730219e-01   8.48104394e-01
   9.85759063e-01   9.85759063e-01   1.00308751e+00   1.04894519e+00
   1.04894519e+00   1.10675796e+00   1.10675796e+00   1.11934508e+00
   1.11934508e+00   1.14983681e+00   1.14983681e+00   1.24516909e+00
   1.24516909e+00   1.24883332e+00   1.35003238e+00   1.35003238e+00
   1.42557892e+00   1.45351911e+00   1.45351911e+00   1.60542793e+00
   1.60542793e+00   1.61375282e+00   1.65338067e+00   1.65338067e+00
   1.65418269e+00   1.65418269e+00   1.71379804e+00   1.71379804e+00
   1.81822413e+00   1.90228336e+00   3.38393712e+00   3.38393712e+00
   3.42057168e+00   3.42057168e+00   3.43204808e+00   3.45814206e+00
   3.45814206e+00   3.46514225e+00   3.46514225e+00   3.48323043e+00
   3.48323043e+00   3.60401286e+00   3.60401286e+00   3.83300703e+00
   4.45469417e+00   4.70463092e+00   3.51467240e+01   3.51467240e+01
   3.51847195e+01   3.51847195e+01   3.52389579e+01   3.53477436e+01
   4.32395510e+01   4.34862884e+01   1.18589966e+02   1.18654351e+02]
E_coul = 565.004511904192
cycle= 8 E= -593.337045649241  delta_E= -7.53e-09  |g|= 1.92e-05  |ddm|= 0.000402
    CPU time for cycle= 8      0.07 sec, wall time      0.07 sec
diis-norm(errvec)=3.65171e-05
diis-c [ -2.80210080e-10   3.95835969e-06  -3.82473830e-05  -2.35237817e-04
  -4.10922865e-04   1.66761038e-03   6.87373639e-03  -1.90303570e-01
   1.18244267e+00]
  HOMO = -0.360291215891224  LUMO = -0.016552815741331
  mo_energy =
[ -7.76668382e+00  -7.76665468e+00  -5.62361394e+00  -5.62336272e+00
  -5.61078947e+00  -5.61078947e+00  -5.61075766e+00  -5.61075766e+00
  -2.32199500e+00  -2.31629577e+00  -2.31462884e+00  -2.31462884e+00
  -2.31278872e+00  -2.31278872e+00  -2.29978951e+00  -2.29978951e+00
  -2.29965976e+00  -2.29965976e+00  -9.61090441e-01  -8.42227575e-01
  -4.68980680e-01  -4.39719824e-01  -4.39719824e-01  -3.60291216e-01
  -3.60291216e-01  -1.65528157e-02   2.19028855e-01   2.23196447e-01
   2.50829760e-01   2.50829760e-01   2.80696620e-01   2.80696620e-01
   2.88222374e-01   2.88222374e-01   3.07309933e-01   3.07309933e-01
   3.85777018e-01   3.88796905e-01   3.88796905e-01   4.73360782e-01
   5.28208566e-01   5.28208566e-01   5.32729565e-01   8.48103481e-01
   9.85759947e-01   9.85759947e-01   1.00308906e+00   1.04894590e+00
   1.04894590e+00   1.10675850e+00   1.10675850e+00   1.11934558e+00
   1.11934558e+00   1.14983768e+00   1.14983768e+00   1.24517066e+00
   1.24517066e+00   1.24883386e+00   1.35003282e+00   1.35003282e+00
   1.42557917e+00   1.45351955e+00   1.45351955e+00   1.60542878e+00
   1.60542878e+00   1.61375345e+00   1.65338119e+00   1.65338119e+00
   1.65418358e+00   1.65418358e+00   1.71379815e+00   1.71379815e+00
   1.81822504e+00   1.90228488e+00   3.38393906e+00   3.38393906e+00
   3.42057336e+00   3.42057336e+00   3.43205015e+00   3.45814345e+00
   3.45814345e+00   3.46514363e+00   3.46514363e+00   3.48323203e+00
   3.48323203e+00   3.60401463e+00   3.60401463e+00   3.83300878e+00
   4.45469497e+00   4.70463169e+00   3.51467259e+01   3.51467259e+01
   3.51847215e+01   3.51847215e+01   3.52389600e+01   3.53477457e+01
   4.32395529e+01   4.34862903e+01   1.18589968e+02   1.18654353e+02]
E_coul = 565.004448093009
cycle= 9 E= -593.337045649389  delta_E= -1.48e-10  |g|= 2.96e-06  |ddm|= 5.58e-05
    CPU time for cycle= 9      0.08 sec, wall time      0.08 sec
  HOMO = -0.360291726533476  LUMO = -0.0165534284804212
  mo_energy =
[ -7.76668514e+00  -7.76665600e+00  -5.62361528e+00  -5.62336406e+00
  -5.61079076e+00  -5.61079076e+00  -5.61075895e+00  -5.61075895e+00
  -2.32199626e+00  -2.31629703e+00  -2.31463011e+00  -2.31463011e+00
  -2.31278999e+00  -2.31278999e+00  -2.29979075e+00  -2.29979075e+00
  -2.29966101e+00  -2.29966101e+00  -9.61091126e-01  -8.42228157e-01
  -4.68980978e-01  -4.39720250e-01  -4.39720250e-01  -3.60291727e-01
  -3.60291727e-01  -1.65534285e-02   2.19028502e-01   2.23196361e-01
   2.50829544e-01   2.50829544e-01   2.80696155e-01   2.80696155e-01
   2.88222266e-01   2.88222266e-01   3.07309519e-01   3.07309519e-01
   3.85776766e-01   3.88796542e-01   3.88796542e-01   4.73360318e-01
   5.28208211e-01   5.28208211e-01   5.32729086e-01   8.48103130e-01
   9.85759268e-01   9.85759268e-01   1.00308830e+00   1.04894524e+00
   1.04894524e+00   1.10675789e+00   1.10675789e+00   1.11934497e+00
   1.11934497e+00   1.14983697e+00   1.14983697e+00   1.24516989e+00
   1.24516989e+00   1.24883312e+00   1.35003230e+00   1.35003230e+00
   1.42557849e+00   1.45351896e+00   1.45351896e+00   1.60542809e+00
   1.60542809e+00   1.61375274e+00   1.65338056e+00   1.65338056e+00
   1.65418283e+00   1.65418283e+00   1.71379750e+00   1.71379750e+00
   1.81822428e+00   1.90228402e+00   3.38393788e+00   3.38393788e+00
   3.42057221e+00   3.42057221e+00   3.43204898e+00   3.45814234e+00
   3.45814234e+00   3.46514252e+00   3.46514252e+00   3.48323089e+00
   3.48323089e+00   3.60401349e+00   3.60401349e+00   3.83300770e+00
   4.45469394e+00   4.70463068e+00   3.51467243e+01   3.51467243e+01
   3.51847199e+01   3.51847199e+01   3.52389584e+01   3.53477441e+01
   4.32395513e+01   4.34862887e+01   1.18589966e+02   1.18654351e+02]
    CPU time for scf_cycle      5.22 sec, wall time      5.24 sec
    CPU time for SCF      5.23 sec, wall time      5.24 sec
converged SCF energy = -593.337045649389
RHF E = -593.337045649
RHF eps = [ -7.76668514e+00  -7.76665600e+00  -5.62361528e+00  -5.62336406e+00
  -5.61079076e+00  -5.61079076e+00  -5.61075895e+00  -5.61075895e+00
  -2.32199626e+00  -2.31629703e+00  -2.31463011e+00  -2.31463011e+00
  -2.31278999e+00  -2.31278999e+00  -2.29979075e+00  -2.29979075e+00
  -2.29966101e+00  -2.29966101e+00  -9.61091126e-01  -8.42228157e-01
  -4.68980978e-01  -4.39720250e-01  -4.39720250e-01  -3.60291727e-01
  -3.60291727e-01  -1.65534285e-02   2.19028502e-01   2.23196361e-01
   2.50829544e-01   2.50829544e-01   2.80696155e-01   2.80696155e-01
   2.88222266e-01   2.88222266e-01   3.07309519e-01   3.07309519e-01
   3.85776766e-01   3.88796542e-01   3.88796542e-01   4.73360318e-01
   5.28208211e-01   5.28208211e-01   5.32729086e-01   8.48103130e-01
   9.85759268e-01   9.85759268e-01   1.00308830e+00   1.04894524e+00
   1.04894524e+00   1.10675789e+00   1.10675789e+00   1.11934497e+00
   1.11934497e+00   1.14983697e+00   1.14983697e+00   1.24516989e+00
   1.24516989e+00   1.24883312e+00   1.35003230e+00   1.35003230e+00
   1.42557849e+00   1.45351896e+00   1.45351896e+00   1.60542809e+00
   1.60542809e+00   1.61375274e+00   1.65338056e+00   1.65338056e+00
   1.65418283e+00   1.65418283e+00   1.71379750e+00   1.71379750e+00
   1.81822428e+00   1.90228402e+00   3.38393788e+00   3.38393788e+00
   3.42057221e+00   3.42057221e+00   3.43204898e+00   3.45814234e+00
   3.45814234e+00   3.46514252e+00   3.46514252e+00   3.48323089e+00
   3.48323089e+00   3.60401349e+00   3.60401349e+00   3.83300770e+00
   4.45469394e+00   4.70463068e+00   3.51467243e+01   3.51467243e+01
   3.51847199e+01   3.51847199e+01   3.52389584e+01   3.53477441e+01
   4.32395513e+01   4.34862887e+01   1.18589966e+02   1.18654351e+02]
    CPU time for CCSD integral transformation     11.63 sec, wall time     11.63 sec

******** <class 'pyscf.cc.rccsd_slow.RCCSD'> flags ********
CCSD nocc = 17, nvir = 75
frozen orbitals [0, 1, 2, 3, 4, 5, 6, 7]
max_cycle = 50
direct = 0
conv_tol = 1e-07
conv_tol_normt = 1e-05
diis_space = 6
diis_start_cycle = 0
diis_start_energy_diff = 1e+09
Init t2, MP2 energy = -0.985882755398377
    CPU time for init mp2      0.04 sec, wall time      0.04 sec
    CPU time for update t1 t2      8.64 sec, wall time      8.65 sec
istep = 0  E(CCSD) = -0.907003899913465  dE = -0.9070039  norm(t1,t2) = 0.0938508
    CPU time for CCSD iter      8.70 sec, wall time      8.71 sec
    CPU time for update t1 t2      8.53 sec, wall time      8.54 sec
DIIS for step 1
istep = 1  E(CCSD) = -0.930918822985502  dE = -0.0239149231  norm(t1,t2) = 0.0255503
    CPU time for CCSD iter      8.62 sec, wall time      8.62 sec
    CPU time for update t1 t2      8.67 sec, wall time      8.68 sec
diis-c [ -4.84368918e-05   1.00000000e+00]
DIIS for step 2
istep = 2  E(CCSD) = -0.929009456542875  dE = 0.00190936644  norm(t1,t2) = 0.00979251
    CPU time for CCSD iter      8.77 sec, wall time      8.78 sec
    CPU time for update t1 t2      8.68 sec, wall time      8.69 sec
diis-c [ -9.44271724e-06  -1.32525969e-01   1.13252597e+00]
DIIS for step 3
istep = 3  E(CCSD) = -0.930306386863834  dE = -0.00129693032  norm(t1,t2) = 0.00384142
    CPU time for CCSD iter      8.78 sec, wall time      8.79 sec
    CPU time for update t1 t2      8.68 sec, wall time      8.69 sec
diis-c [ -3.33304101e-07  -1.85454521e-01  -1.44721168e-02   1.19992664e+00]
DIIS for step 4
istep = 4  E(CCSD) = -0.930362513504324  dE = -5.61266405e-05  norm(t1,t2) = 0.00175034
    CPU time for CCSD iter      8.79 sec, wall time      8.80 sec
    CPU time for update t1 t2      8.68 sec, wall time      8.69 sec
diis-c [ -4.52820610e-08   5.84678629e-02  -2.08533725e-02  -3.66250560e-01
   1.32863607e+00]
DIIS for step 5
istep = 5  E(CCSD) = -0.930261428944618  dE = 0.00010108456  norm(t1,t2) = 0.000325628
    CPU time for CCSD iter      8.79 sec, wall time      8.80 sec
    CPU time for update t1 t2      8.65 sec, wall time      8.67 sec
diis-c [ -2.86058177e-09   2.55304413e-02   1.53617482e-03  -1.79650370e-01
  -1.21258845e-03   1.15379634e+00]
DIIS for step 6
istep = 6  E(CCSD) = -0.93028254214204  dE = -2.11131974e-05  norm(t1,t2) = 0.000131522
    CPU time for CCSD iter      8.77 sec, wall time      8.79 sec
    CPU time for update t1 t2      8.66 sec, wall time      8.66 sec
diis-c [ -1.38017320e-10  -1.40583227e-02   1.64740360e-03   9.56899209e-02
  -6.78406238e-02  -5.26186686e-01   1.51074831e+00]
DIIS for step 7
istep = 7  E(CCSD) = -0.930286709004416  dE = -4.16686238e-06  norm(t1,t2) = 2.92454e-05
    CPU time for CCSD iter      8.78 sec, wall time      8.79 sec
    CPU time for update t1 t2      8.63 sec, wall time      8.64 sec
diis-c [ -1.40182310e-11   1.10111755e+00  -7.98421499e-05   3.41790213e-04
   5.47953952e-03  -1.78210329e-02  -8.90380059e-02]
DIIS for step 8
istep = 8  E(CCSD) = -0.930285132610848  dE = 1.57639357e-06  norm(t1,t2) = 5.87152e-06
    CPU time for CCSD iter      8.76 sec, wall time      8.77 sec
    CPU time for update t1 t2      8.65 sec, wall time      8.66 sec
diis-c [ -1.82029392e-12  -1.19316266e-01   1.14186632e+00  -3.03151244e-04
   2.86337890e-04   5.92437330e-03  -2.84576101e-02]
DIIS for step 9
istep = 9  E(CCSD) = -0.930285537888968  dE = -4.05278121e-07  norm(t1,t2) = 1.99849e-06
    CPU time for CCSD iter      8.77 sec, wall time      8.78 sec
    CPU time for update t1 t2      8.62 sec, wall time      8.63 sec
diis-c [ -1.06831211e-13  -1.28424914e-01  -1.25921780e-01   1.23940515e+00
  -6.57979141e-04   1.46929656e-03   1.41302238e-02]
DIIS for step 10
istep = 10  E(CCSD) = -0.930285362932404  dE = 1.74956564e-07  norm(t1,t2) = 7.07981e-07
    CPU time for CCSD iter      8.74 sec, wall time      8.75 sec
    CPU time for update t1 t2      8.64 sec, wall time      8.65 sec
diis-c [ -1.65423231e-14   2.98462929e-02  -2.09992445e-02  -2.83886715e-01
   1.27718777e+00   4.63089974e-05  -2.19441531e-03]
DIIS for step 11
istep = 11  E(CCSD) = -0.930285371423181  dE = -8.49077675e-09  norm(t1,t2) = 2.08509e-07
    CPU time for CCSD iter      8.75 sec, wall time      8.77 sec
    CPU time for CCSD    105.02 sec, wall time    105.14 sec
CCSD converged
E(CCSD) = -594.2673310208127  E_corr = -0.9302853714231809
    CPU time for EOM-CCSD shared one-electron intermediates      0.25 sec, wall time      0.24 sec
    CPU time for EOM-CCSD IP intermediates      1.48 sec, wall time      1.49 sec
tol 1e-07  toloose 0.000316228
max_cycle 50  max_space 38  max_memory 2000  incore True
davidson 0 6  |r|= 0.323  e= [ 0.4150675   0.4150675   0.48929994  0.48929994  0.53354884  0.8901552 ]  max|de|= 0.89  lindep=    1
davidson 1 12  |r|= 0.143  e= [ 0.34938534  0.34938534  0.41676759  0.41676759  0.46869406  0.79232565]  max|de|= -0.0978  lindep= 0.836
davidson 2 18  |r|= 0.0191  e= [ 0.34944817  0.34944817  0.41680267  0.41680267  0.46846261  0.7546689 ]  max|de|= -0.0377  lindep= 0.975
davidson 3 24  |r|= 0.00103  e= [ 0.34944805  0.34944805  0.41680256  0.41680256  0.46846119  0.75372688]  max|de|= -0.000942  lindep= 0.293
root 0 converged  |r|= 1.59e-08  e= 0.349448052186  max|de|= 1.43e-09
root 1 converged  |r|= 1.59e-08  e= 0.349448052186  max|de|= 1.43e-09
root 2 converged  |r|= 2.29e-08  e= 0.416802538364  max|de|= -2.59e-08
root 3 converged  |r|= 2.29e-08  e= 0.416802538364  max|de|= -2.59e-08
root 4 converged  |r|= 2.01e-05  e= 0.468461293734  max|de|= 9.91e-08
davidson 4 30  |r|= 0.000776  e= [ 0.34944805  0.34944805  0.41680254  0.41680254  0.46846129  0.75372368]  max|de|= -3.2e-06  lindep= 0.0106
davidson 5 31  |r|= 6.97e-05  e= [ 0.34944805  0.34944805  0.41680254  0.41680254  0.46846129  0.75371356]  max|de|= -1.01e-05  lindep= 0.0602
davidson 6 32  |r|= 1.27e-09  e= [ 0.34944805  0.34944805  0.41680254  0.41680254  0.46846129  0.75371296]  max|de|= -6.01e-07  lindep=    1
Linear dependency in trial subspace. |r| for each state [0, 0, 0, 0, 0, 1.2687393475075368e-09]
IP root 0 E = 0.3494480521863206  qpwt = 0.962686
IP root 1 E = 0.349448052186322  qpwt = 0.962686
IP root 2 E = 0.416802538364175  qpwt = 0.94941
IP root 3 E = 0.4168025383641764  qpwt = 0.94941
IP root 4 E = 0.4684612937336246  qpwt = 0.962958
IP root 5 E = 0.7537129604832841  qpwt = 0.818166
    CPU time for IP-CCSD      2.12 sec, wall time      2.12 sec
    CPU time for EOM-CCSD shared one-electron intermediates      0.24 sec, wall time      0.24 sec
    CPU time for EOM-CCSD EA intermediates     12.07 sec, wall time     12.07 sec
tol 1e-07  toloose 0.000316228
max_cycle 50  max_space 38  max_memory 2000  incore True
davidson 0 6  |r|= 0.318  e= [ 0.02158967  0.22992733  0.23487092  0.25877203  0.25949139  0.30279576]  max|de|= 0.303  lindep=    1
davidson 1 12  |r|= 0.0449  e= [-0.05518169  0.19116925  0.1915102   0.22335042  0.22893023  0.24788769]  max|de|= -0.0768  lindep= 0.779
davidson 2 18  |r|= 0.0308  e= [-0.05648918  0.1885998   0.190063    0.22249604  0.22474369  0.24694125]  max|de|= -0.00419  lindep= 0.954
davidson 3 24  |r|= 0.0187  e= [-0.05652629  0.18847741  0.19003121  0.22251645  0.2239302   0.24693791]  max|de|= -0.000813  lindep= 0.564
davidson 4 30  |r|= 0.0136  e= [-0.05654664  0.18844747  0.19003503  0.22251695  0.22268257  0.2469368 ]  max|de|= -0.00125  lindep= 0.931
root 3 converged  |r|= 6.69e-06  e= 0.222516911758  max|de|= -3.8e-08
davidson 5 36  |r|= 0.00083  e= [-0.05654828  0.18842647  0.1900348   0.22251691  0.22251731  0.24693641]  max|de|= -0.000165  lindep= 0.855
root 0 converged  |r|= 4.34e-05  e= -0.0565482758202  max|de|= 1.44e-15
root 2 converged  |r|= 5.29e-05  e= 0.190034796071  max|de|= 8.6e-16
root 3 converged  |r|= 6.69e-06  e= 0.222516911758  max|de|= -3.61e-16
root 5 converged  |r|= 2.59e-05  e= 0.246936409178  max|de|= 6.94e-16
davidson 6 6  |r|= 0.00083  e= [-0.05654828  0.18842647  0.1900348   0.22251691  0.22251731  0.24693641]  max|de|= 1.44e-15  lindep= 0.999
davidson 7 8  |r|= 0.000227  e= [-0.05654828  0.18842598  0.1900348   0.22251691  0.2225165   0.24693641]  max|de|= -8.17e-07  lindep= 0.944
davidson 8 10  |r|= 6.92e-05  e= [-0.05654828  0.18842547  0.1900348   0.22251691  0.22251748  0.24693641]  max|de|= 9.82e-07  lindep= 0.746
davidson 9 12  |r|= 1.84e-05  e= [-0.05654828  0.18842486  0.1900348   0.22251691  0.22251651  0.24693641]  max|de|= -9.63e-07  lindep= 0.724
davidson 10 14  |r|= 8.27e-06  e= [-0.05654828  0.18842547  0.1900348   0.22251691  0.22251703  0.24693641]  max|de|= 6.12e-07  lindep= 0.685
root 4 converged  |r|= 4.65e-06  e= 0.222517045397  max|de|= 1.75e-08
davidson 11 16  |r|= 4.65e-06  e= [-0.05654828  0.18842513  0.1900348   0.22251691  0.22251705  0.24693641]  max|de|= -3.41e-07  lindep= 0.578
root 1 converged  |r|= 3.43e-07  e= 0.188425210707  max|de|= 8.16e-08
converge 12 17  |r|= 3.43e-07  e= [-0.05654828  0.18842521  0.1900348   0.22251691  0.22251705  0.24693641]  max|de|= 8.16e-08
EA root 0 E = -0.05654827582023358  qpwt = 0.97229
EA root 1 E = 0.1884252107066582  qpwt = 0.97528
EA root 2 E = 0.1900347960707985  qpwt = 0.978623
EA root 3 E = 0.2225169117578937  qpwt = 0.978866
EA root 4 E = 0.2225170453973337  qpwt = 0.978867
EA root 5 E = 0.2469364091781543  qpwt = 0.979453
    CPU time for EA-CCSD     25.33 sec, wall time     25.35 sec
