

******** <class 'pyscf.scf.hf.RHF'> flags ********
method = RHF
initial guess = minao
damping factor = 0
level shift factor = 0
Do DIIS = True
DIIS start cycle = 1
DIIS space = 8
SCF tol = 1e-09
SCF gradient tol = None
max. SCF cycles = 50
direct_scf = True
direct_scf_tol = 1e-13
chkfile to save SCF result = /tmp/tmpEo1Y94
max_memory 4000 MB (current use 39 MB)
Set gradient conv threshold to 3.16228e-05
Nelec from initial guess = 35.9935
cond(S) = 134.252240284
E_coul = 1082.90570610234
init E= -2750.72358717952
    CPU time for initialize scf      0.29 sec, wall time      0.30 sec
  HOMO = -0.49277894993724  LUMO = 0.40947330316754
  mo_energy =
[ -5.19896779e+02  -6.97207021e+01  -6.28103765e+01  -6.28103765e+01
  -6.28103765e+01  -1.07437834e+01  -8.21545908e+00  -8.21545908e+00
  -8.21545908e+00  -3.70248490e+00  -3.70248490e+00  -3.70248490e+00
  -3.70248490e+00  -3.70248490e+00  -1.11912083e+00  -4.92778950e-01
  -4.92778950e-01  -4.92778950e-01   4.09473303e-01   4.09473303e-01
   4.09473303e-01   5.00643823e-01   5.00643823e-01   5.00643823e-01
   5.00643823e-01   5.00643823e-01   7.89804015e-01   1.75837091e+00
   1.75837091e+00   1.75837091e+00   1.75837091e+00   1.75837091e+00
   1.95866409e+00   1.95866409e+00   1.95866409e+00   1.95866409e+00
   1.95866409e+00   1.95866409e+00   1.95866409e+00   2.11980882e+00
   2.11980882e+00   2.11980882e+00   4.96731171e+00   4.96731171e+00
   4.96731171e+00   4.96731171e+00   4.96731171e+00   8.50292226e+00]
E_coul = 1076.81654020897
cycle= 1 E= -2752.00053807262  delta_E= -1.28  |g|= 0.185  |ddm|= 0.669
    CPU time for cycle= 1      0.01 sec, wall time      0.01 sec
diis-norm(errvec)=0.280024
diis-c [-0.0784133  1.       ]
  HOMO = -0.531468872952027  LUMO = 0.400187859920798
  mo_energy =
[ -5.20245293e+02  -6.99780292e+01  -6.30855614e+01  -6.30855614e+01
  -6.30855614e+01  -1.08938208e+01  -8.37521879e+00  -8.37521879e+00
  -8.37521879e+00  -3.86738340e+00  -3.86738340e+00  -3.86738340e+00
  -3.86738340e+00  -3.86738340e+00  -1.16268420e+00  -5.31468873e-01
  -5.31468873e-01  -5.31468873e-01   4.00187860e-01   4.00187860e-01
   4.00187860e-01   4.76631483e-01   4.76631483e-01   4.76631483e-01
   4.76631483e-01   4.76631483e-01   7.59731507e-01   1.71588524e+00
   1.71588524e+00   1.71588524e+00   1.71588524e+00   1.71588524e+00
   1.91818409e+00   1.91818409e+00   1.91818409e+00   1.91818409e+00
   1.91818409e+00   1.91818409e+00   1.91818409e+00   2.06818937e+00
   2.06818937e+00   2.06818937e+00   4.88273912e+00   4.88273912e+00
   4.88273912e+00   4.88273912e+00   4.88273912e+00   8.39725916e+00]
E_coul = 1079.24001397193
cycle= 2 E= -2752.00232880144  delta_E= -0.00179  |g|= 0.0871  |ddm|= 0.0875
    CPU time for cycle= 2      0.01 sec, wall time      0.01 sec
diis-norm(errvec)=0.0994386
diis-c [ -2.17206805e-04   2.60176167e-01   7.39823833e-01]
  HOMO = -0.522808937560761  LUMO = 0.402667963292821
  mo_energy =
[ -5.20152457e+02  -6.98949960e+01  -6.30010014e+01  -6.30010014e+01
  -6.30010014e+01  -1.08451582e+01  -8.32726278e+00  -8.32726278e+00
  -8.32726278e+00  -3.81993679e+00  -3.81993679e+00  -3.81993679e+00
  -3.81993679e+00  -3.81993679e+00  -1.15122139e+00  -5.22808938e-01
  -5.22808938e-01  -5.22808938e-01   4.02667963e-01   4.02667963e-01
   4.02667963e-01   4.81728991e-01   4.81728991e-01   4.81728991e-01
   4.81728991e-01   4.81728991e-01   7.68136549e-01   1.72531781e+00
   1.72531781e+00   1.72531781e+00   1.72531781e+00   1.72531781e+00
   1.92636947e+00   1.92636947e+00   1.92636947e+00   1.92636947e+00
   1.92636947e+00   1.92636947e+00   1.92636947e+00   2.08140744e+00
   2.08140744e+00   2.08140744e+00   4.90402599e+00   4.90402599e+00
   4.90402599e+00   4.90402599e+00   4.90402599e+00   8.43015697e+00]
E_coul = 1078.39796256027
cycle= 3 E= -2752.00272368457  delta_E= -0.000395  |g|= 0.00723  |ddm|= 0.0399
    CPU time for cycle= 3      0.01 sec, wall time      0.01 sec
diis-norm(errvec)=0.011295
diis-c [ -6.93438849e-07  -4.45927640e-02  -6.63495574e-03   1.05122772e+00]
  HOMO = -0.523666747150134  LUMO = 0.402481925622235
  mo_energy =
[ -5.20161128e+02  -6.99013126e+01  -6.30078326e+01  -6.30078326e+01
  -6.30078326e+01  -1.08484682e+01  -8.33098686e+00  -8.33098686e+00
  -8.33098686e+00  -3.82392987e+00  -3.82392987e+00  -3.82392987e+00
  -3.82392987e+00  -3.82392987e+00  -1.15188807e+00  -5.23666747e-01
  -5.23666747e-01  -5.23666747e-01   4.02481926e-01   4.02481926e-01
   4.02481926e-01   4.81258094e-01   4.81258094e-01   4.81258094e-01
   4.81258094e-01   4.81258094e-01   7.67732811e-01   1.72442541e+00
   1.72442541e+00   1.72442541e+00   1.72442541e+00   1.72442541e+00
   1.92559027e+00   1.92559027e+00   1.92559027e+00   1.92559027e+00
   1.92559027e+00   1.92559027e+00   1.92559027e+00   2.08033090e+00
   2.08033090e+00   2.08033090e+00   4.90213847e+00   4.90213847e+00
   4.90213847e+00   4.90213847e+00   4.90213847e+00   8.42789831e+00]
E_coul = 1078.45906536261
cycle= 4 E= -2752.0027275641  delta_E= -3.88e-06  |g|= 0.00023  |ddm|= 0.00366
    CPU time for cycle= 4      0.01 sec, wall time      0.01 sec
diis-norm(errvec)=0.000271095
diis-c [ -1.13948690e-08   4.56960114e-03   1.28364570e-03  -1.25649963e-01
   1.11979672e+00]
  HOMO = -0.523684615775357  LUMO = 0.402486104555748
  mo_energy =
[ -5.20161194e+02  -6.99014145e+01  -6.30079257e+01  -6.30079257e+01
  -6.30079257e+01  -1.08485650e+01  -8.33108243e+00  -8.33108243e+00
  -8.33108243e+00  -3.82402450e+00  -3.82402450e+00  -3.82402450e+00
  -3.82402450e+00  -3.82402450e+00  -1.15187074e+00  -5.23684616e-01
  -5.23684616e-01  -5.23684616e-01   4.02486105e-01   4.02486105e-01
   4.02486105e-01   4.81264012e-01   4.81264012e-01   4.81264012e-01
   4.81264012e-01   4.81264012e-01   7.67760428e-01   1.72441698e+00
   1.72441698e+00   1.72441698e+00   1.72441698e+00   1.72441698e+00
   1.92558981e+00   1.92558981e+00   1.92558981e+00   1.92558981e+00
   1.92558981e+00   1.92558981e+00   1.92558981e+00   2.08031812e+00
   2.08031812e+00   2.08031812e+00   4.90210121e+00   4.90210121e+00
   4.90210121e+00   4.90210121e+00   4.90210121e+00   8.42784332e+00]
E_coul = 1078.46058648675
cycle= 5 E= -2752.00272757863  delta_E= -1.45e-08  |g|= 2.36e-05  |ddm|= 0.000545
    CPU time for cycle= 5      0.02 sec, wall time      0.01 sec
diis-norm(errvec)=1.48792e-05
diis-c [ -7.22032434e-11   6.85170642e-05   1.91323939e-05   7.02623924e-05
  -9.32488374e-02   1.09309093e+00]
  HOMO = -0.523677181708656  LUMO = 0.402489441812392
  mo_energy =
[ -5.20161188e+02  -6.99014047e+01  -6.30079173e+01  -6.30079173e+01
  -6.30079173e+01  -1.08485510e+01  -8.33106969e+00  -8.33106969e+00
  -8.33106969e+00  -3.82401141e+00  -3.82401141e+00  -3.82401141e+00
  -3.82401141e+00  -3.82401141e+00  -1.15185713e+00  -5.23677182e-01
  -5.23677182e-01  -5.23677182e-01   4.02489442e-01   4.02489442e-01
   4.02489442e-01   4.81271508e-01   4.81271508e-01   4.81271508e-01
   4.81271508e-01   4.81271508e-01   7.67772404e-01   1.72442661e+00
   1.72442661e+00   1.72442661e+00   1.72442661e+00   1.72442661e+00
   1.92560129e+00   1.92560129e+00   1.92560129e+00   1.92560129e+00
   1.92560129e+00   1.92560129e+00   1.92560129e+00   2.08032821e+00
   2.08032821e+00   2.08032821e+00   4.90211378e+00   4.90211378e+00
   4.90211378e+00   4.90211378e+00   4.90211378e+00   8.42785769e+00]
E_coul = 1078.46054481968
cycle= 6 E= -2752.00272757881  delta_E= -1.76e-10  |g|= 2.44e-06  |ddm|= 6.85e-05
    CPU time for cycle= 6      0.01 sec, wall time      0.01 sec
  HOMO = -0.523678028359735  LUMO = 0.402489268462814
  mo_energy =
[ -5.20161192e+02  -6.99014074e+01  -6.30079201e+01  -6.30079201e+01
  -6.30079201e+01  -1.08485533e+01  -8.33107222e+00  -8.33107222e+00
  -8.33107222e+00  -3.82401399e+00  -3.82401399e+00  -3.82401399e+00
  -3.82401399e+00  -3.82401399e+00  -1.15185783e+00  -5.23678028e-01
  -5.23678028e-01  -5.23678028e-01   4.02489268e-01   4.02489268e-01
   4.02489268e-01   4.81271063e-01   4.81271063e-01   4.81271063e-01
   4.81271063e-01   4.81271063e-01   7.67772011e-01   1.72442578e+00
   1.72442578e+00   1.72442578e+00   1.72442578e+00   1.72442578e+00
   1.92560045e+00   1.92560045e+00   1.92560045e+00   1.92560045e+00
   1.92560045e+00   1.92560045e+00   1.92560045e+00   2.08032728e+00
   2.08032728e+00   2.08032728e+00   4.90211225e+00   4.90211225e+00
   4.90211225e+00   4.90211225e+00   4.90211225e+00   8.42785592e+00]
    CPU time for scf_cycle      0.36 sec, wall time      0.36 sec
    CPU time for SCF      0.36 sec, wall time      0.36 sec
converged SCF energy = -2752.00272757881
RHF E = -2752.00272758
RHF eps = [ -5.20161192e+02  -6.99014074e+01  -6.30079201e+01  -6.30079201e+01
  -6.30079201e+01  -1.08485533e+01  -8.33107222e+00  -8.33107222e+00
  -8.33107222e+00  -3.82401399e+00  -3.82401399e+00  -3.82401399e+00
  -3.82401399e+00  -3.82401399e+00  -1.15185783e+00  -5.23678028e-01
  -5.23678028e-01  -5.23678028e-01   4.02489268e-01   4.02489268e-01
   4.02489268e-01   4.81271063e-01   4.81271063e-01   4.81271063e-01
   4.81271063e-01   4.81271063e-01   7.67772011e-01   1.72442578e+00
   1.72442578e+00   1.72442578e+00   1.72442578e+00   1.72442578e+00
   1.92560045e+00   1.92560045e+00   1.92560045e+00   1.92560045e+00
   1.92560045e+00   1.92560045e+00   1.92560045e+00   2.08032728e+00
   2.08032728e+00   2.08032728e+00   4.90211225e+00   4.90211225e+00
   4.90211225e+00   4.90211225e+00   4.90211225e+00   8.42785592e+00]
    CPU time for CCSD integral transformation      0.62 sec, wall time      0.62 sec

******** <class 'pyscf.cc.rccsd_slow.RCCSD'> flags ********
CCSD nocc = 4, nvir = 30
frozen orbitals [0, 1, 2, 3, 4, 5, 6, 7, 8, 9, 10, 11, 12, 13]
max_cycle = 50
direct = 0
conv_tol = 1e-07
conv_tol_normt = 1e-05
diis_space = 6
diis_start_cycle = 0
diis_start_energy_diff = 1e+09
Init t2, MP2 energy = -0.172542774562302
    CPU time for init mp2      0.00 sec, wall time      0.00 sec
    CPU time for update t1 t2      0.09 sec, wall time      0.09 sec
istep = 0  E(CCSD) = -0.185208446204767  dE = -0.185208446  norm(t1,t2) = 0.0312322
    CPU time for CCSD iter      0.09 sec, wall time      0.09 sec
    CPU time for update t1 t2      0.09 sec, wall time      0.09 sec
DIIS for step 1
istep = 1  E(CCSD) = -0.187624056058786  dE = -0.00241560985  norm(t1,t2) = 0.00709773
    CPU time for CCSD iter      0.09 sec, wall time      0.09 sec
    CPU time for update t1 t2      0.09 sec, wall time      0.09 sec
diis-c [ -3.44164400e-06   1.00000000e+00]
DIIS for step 2
istep = 2  E(CCSD) = -0.188105177877318  dE = -0.000481121819  norm(t1,t2) = 0.0021321
    CPU time for CCSD iter      0.09 sec, wall time      0.10 sec
    CPU time for update t1 t2      0.09 sec, wall time      0.09 sec
diis-c [ -2.27519323e-08  -4.57672891e-01   1.45767289e+00]
DIIS for step 3
istep = 3  E(CCSD) = -0.188277968168021  dE = -0.000172790291  norm(t1,t2) = 0.00070645
    CPU time for CCSD iter      0.10 sec, wall time      0.09 sec
    CPU time for update t1 t2      0.09 sec, wall time      0.09 sec
diis-c [ -2.15043650e-10   1.44724191e-01  -4.86506275e-01   1.34178208e+00]
DIIS for step 4
istep = 4  E(CCSD) = -0.188268576599482  dE = 9.39156854e-06  norm(t1,t2) = 5.64188e-05
    CPU time for CCSD iter      0.09 sec, wall time      0.09 sec
    CPU time for update t1 t2      0.09 sec, wall time      0.09 sec
diis-c [ -7.93434762e-12  -1.38277393e-02   4.66030254e-02  -1.59990884e-01
   1.12721560e+00]
DIIS for step 5
istep = 5  E(CCSD) = -0.188268963724177  dE = -3.87124695e-07  norm(t1,t2) = 4.62775e-06
    CPU time for CCSD iter      0.09 sec, wall time      0.09 sec
    CPU time for update t1 t2      0.10 sec, wall time      0.09 sec
diis-c [ -2.82052159e-13  -5.01791085e-03   1.70567180e-02  -4.33245553e-02
  -1.39720536e-01   1.17100628e+00]
DIIS for step 6
istep = 6  E(CCSD) = -0.188268988229148  dE = -2.4504971e-08  norm(t1,t2) = 1.25278e-06
    CPU time for CCSD iter      0.10 sec, wall time      0.09 sec
    CPU time for CCSD      0.65 sec, wall time      0.66 sec
CCSD converged
E(CCSD) = -2752.190996567036  E_corr = -0.1882689882291484
    CPU time for EOM-CCSD shared one-electron intermediates      0.00 sec, wall time      0.00 sec
    CPU time for EOM-CCSD IP intermediates      0.01 sec, wall time      0.01 sec
tol 1e-07  toloose 0.000316228
max_cycle 50  max_space 38  max_memory 2000  incore True
davidson 0 6  |r|= 0.324  e= [ 0.57501655  0.57501655  0.57501655  1.18361868  9.4752379   5.94946838]  max|de|= 9.48  lindep=    1
root 5 converged  |r|= 1.47e-07  e= 5.94946834015  max|de|= -3.74e-08
davidson 1 12  |r|= 0.0402  e= [ 0.51684459  0.51684459  0.51684459  1.04290787  9.47521219  5.94946834]  max|de|= -0.141  lindep= 2.98e-05
root 4 converged  |r|= 2.41e-07  e= 9.47521219473  max|de|= 3.23e-09
davidson 2 16  |r|= 0.0047  e= [ 0.51689145  0.51684459  0.51689145  1.04083408  9.47521219  5.94946834]  max|de|= -0.00207  lindep= 0.818
root 0 converged  |r|= 4.03e-08  e= 0.516891454458  max|de|= 9.99e-16
root 2 converged  |r|= 4.03e-08  e= 0.516891454458  max|de|= -1.11e-15
davidson 3 18  |r|= 4.03e-08  e= [ 0.51689145  0.51689145  0.51689145  1.04083449  9.47521219  5.94946834]  max|de|= 4.69e-05  lindep=    1
Linear dependency in trial subspace. |r| for each state [4.026308767494737e-08, 4.026308772191051e-08, 4.026308772191051e-08, 1.7458924669690623e-12, 0, 0]
IP root 0 E = 0.5168914544582293  qpwt = 0.971569
IP root 1 E = 0.5168914544582259  qpwt = 0.971569
IP root 2 E = 0.5168914544582259  qpwt = 0.971569
IP root 3 E = 1.040834494601809  qpwt = 0.85377
IP root 4 E = 9.475212194734027  qpwt = 2.84981e-26
IP root 5 E = 5.949468340145922  qpwt = 8.57046e-25
    CPU time for IP-CCSD      0.03 sec, wall time      0.03 sec
    CPU time for EOM-CCSD shared one-electron intermediates      0.00 sec, wall time      0.00 sec
    CPU time for EOM-CCSD EA intermediates      0.13 sec, wall time      0.12 sec
tol 1e-07  toloose 0.000316228
max_cycle 50  max_space 38  max_memory 2000  incore True
davidson 0 6  |r|= 0.24  e= [ 0.40922187  0.40922187  0.40922187  0.49781756  0.49781756  0.49781756]  max|de|= 0.498  lindep=    1
davidson 1 12  |r|= 0.0304  e= [ 0.3848986   0.3848986   0.3848986   0.45509216  0.45509294  0.45509215]  max|de|= -0.0427  lindep= 0.999
davidson 2 18  |r|= 0.00544  e= [ 0.38453699  0.38453699  0.38453699  0.45425171  0.45425171  0.45425171]  max|de|= -0.000841  lindep= 0.994
davidson 3 24  |r|= 0.000891  e= [ 0.38452911  0.38452911  0.38452911  0.45436878  0.45436267  0.45436891]  max|de|= 0.000117  lindep= 0.681
davidson 4 30  |r|= 0.0002  e= [ 0.3845289   0.3845289   0.3845289   0.45436713  0.45436788  0.45436656]  max|de|= 5.21e-06  lindep= 0.298
root 0 converged  |r|= 1.48e-10  e= 0.384528895533  max|de|= -1.67e-16
root 1 converged  |r|= 1.48e-10  e= 0.384528895533  max|de|= -6.66e-16
root 2 converged  |r|= 1.48e-10  e= 0.384528895533  max|de|= 1.11e-16
davidson 5 33  |r|= 1.3e-05  e= [ 0.3845289   0.3845289   0.3845289   0.45436642  0.45436642  0.4543663 ]  max|de|= -1.46e-06  lindep= 0.76
root 0 converged  |r|= 1.48e-10  e= 0.384528895533  max|de|= -3.89e-16
root 1 converged  |r|= 1.48e-10  e= 0.384528895533  max|de|= -1.11e-16
root 2 converged  |r|= 1.48e-10  e= 0.384528895533  max|de|= -4.44e-16
root 3 converged  |r|= 1.29e-05  e= 0.454366424198  max|de|= -3.33e-16
root 4 converged  |r|= 1.3e-05  e= 0.454366424831  max|de|= -6.66e-16
root 5 converged  |r|= 6.01e-07  e= 0.454366295152  max|de|= 7.77e-16
converge 6 6  |r|= 1.3e-05  e= [ 0.3845289   0.3845289   0.3845289   0.45436642  0.45436642  0.4543663 ]  max|de|= 7.77e-16
EA root 0 E = 0.3845288955328991  qpwt = 0.992521
EA root 1 E = 0.3845288955329172  qpwt = 0.992521
EA root 2 E = 0.3845288955329094  qpwt = 0.992521
EA root 3 E = 0.4543664241978334  qpwt = 0.987164
EA root 4 E = 0.4543664248311158  qpwt = 0.987164
EA root 5 E = 0.4543662951518412  qpwt = 0.987164
    CPU time for EA-CCSD      0.25 sec, wall time      0.25 sec
