

******** <class 'pyscf.scf.hf.RHF'> flags ********
method = RHF
initial guess = minao
damping factor = 0
level shift factor = 0
Do DIIS = True
DIIS start cycle = 1
DIIS space = 8
SCF tol = 1e-09
SCF gradient tol = None
max. SCF cycles = 50
direct_scf = True
direct_scf_tol = 1e-13
chkfile to save SCF result = /tmp/tmpJSWWEo
max_memory 4000 MB (current use 39 MB)
Set gradient conv threshold to 3.16228e-05
Nelec from initial guess = 13.9997
cond(S) = 22567.1890296
E_coul = 62.279196500838
init E= -109.015573470721
    CPU time for initialize scf      0.22 sec, wall time      0.24 sec
  HOMO = -0.385729272894386  LUMO = 0.0597048212158408
  mo_energy =
[-15.61964982 -15.6135426   -1.67848808  -0.66968829  -0.4810439
  -0.4810439   -0.38572927   0.05970482   0.05970482   0.37134236
   0.37512925   0.44606598   0.44606598   0.46021629   0.58009361
   0.58009361   0.62574658   1.00582404   1.07848054   1.07848054
   1.34082524   1.34082524   1.52464964   1.52464964   1.55879339
   1.93081341   1.93081341   2.01098905   2.17114553   2.33344073
   2.33344073   2.35357103   2.61797078   2.61797078   2.9172978
   3.17931801   3.84845529   3.84845529   3.99383042   3.99383042
   4.00884185   4.00884185   4.48192106   4.48192106   4.55585557
   4.80950901   4.80950901   4.93041539   4.93041539   4.94196459
   4.94196459   5.32642994   5.32642994   5.36789116   5.42791269
   5.42791269   6.62230134   6.68879474   6.68879474   7.00148188
  32.5833936   33.39150422]
E_coul = 60.7557881143147
cycle= 1 E= -108.967367101109  delta_E= 0.0482  |g|= 0.294  |ddm|= 1.32
    CPU time for cycle= 1      0.02 sec, wall time      0.02 sec
diis-norm(errvec)=0.822081
diis-c [-0.67581651  1.        ]
  HOMO = -0.663154978277334  LUMO = 0.115085256102308
  mo_energy =
[-15.79037965 -15.78697572  -1.54284348  -0.81529058  -0.66621946
  -0.66315498  -0.66315498   0.11508526   0.11508526   0.35036113
   0.37149481   0.41370967   0.41370967   0.44202127   0.57557765
   0.57557765   0.61264881   0.98833324   1.01447729   1.01447729
   1.30010185   1.30010185   1.48604989   1.48604989   1.51217396
   1.90515657   1.90515657   1.98257487   2.11810841   2.25038902
   2.25038902   2.29739283   2.54418903   2.54418903   2.84732038
   3.13142121   3.77449657   3.77449657   3.91167428   3.91167428
   3.92486034   3.92486034   4.40339186   4.40339186   4.47987944
   4.71342585   4.71342585   4.84824981   4.84824981   4.87774009
   4.87774009   5.26198537   5.26198537   5.32094222   5.36715321
   5.36715321   6.5627344    6.61800638   6.61800638   6.92415157
  32.41015424  33.21808505]
E_coul = 61.9020400174773
cycle= 2 E= -108.986581956087  delta_E= -0.0192  |g|= 0.0886  |ddm|= 0.207
    CPU time for cycle= 2      0.02 sec, wall time      0.02 sec
diis-norm(errvec)=0.211364
diis-c [-0.02122212  0.15915651  0.84084349]
  HOMO = -0.612267545850527  LUMO = 0.154440770102076
  mo_energy =
[-15.67531122 -15.67176944  -1.46804868  -0.77735156  -0.62824352
  -0.61226755  -0.61226755   0.15444077   0.15444077   0.36410046
   0.37900665   0.42919791   0.42919791   0.45077248   0.59771377
   0.59771377   0.62116893   1.04491192   1.04826194   1.04826194
   1.33158141   1.33158141   1.51224875   1.51224875   1.54263505
   1.93109566   1.93109566   2.01404687   2.15357984   2.30720949
   2.30720949   2.34222714   2.59364412   2.59364412   2.90283739
   3.16614492   3.82944292   3.82944292   3.95872262   3.95872262
   3.99457952   3.99457952   4.44802694   4.44802694   4.54593692
   4.77350641   4.77350641   4.90924587   4.90924587   4.9253217
   4.9253217    5.30978833   5.30978833   5.36668862   5.41782777
   5.41782777   6.629585     6.68065495   6.68065495   6.99950673
  32.51801641  33.32661766]
E_coul = 61.6412545639051
cycle= 3 E= -108.988028044674  delta_E= -0.00145  |g|= 0.0157  |ddm|= 0.0655
    CPU time for cycle= 3      0.02 sec, wall time      0.02 sec
diis-norm(errvec)=0.0391943
diis-c [ -1.94651921e-04  -6.89197298e-02  -1.83947629e-01   1.25286736e+00]
  HOMO = -0.614111487179145  LUMO = 0.153699374938326
  mo_energy =
[-15.68437913 -15.6808498   -1.4715269   -0.77870244  -0.63410435
  -0.61411149  -0.61411149   0.15369937   0.15369937   0.36375824
   0.37935491   0.42918391   0.42918391   0.45012051   0.59709637
   0.59709637   0.62097485   1.04279352   1.04698814   1.04698814
   1.33055146   1.33055146   1.51157703   1.51157703   1.54103207
   1.93017834   1.93017834   2.01156418   2.15194643   2.30442521
   2.30442521   2.34074067   2.59128812   2.59128812   2.90023985
   3.16415967   3.82714028   3.82714028   3.95655277   3.95655277
   3.99114127   3.99114127   4.44591488   4.44591488   4.54278808
   4.77031031   4.77031031   4.90582932   4.90582932   4.92346141
   4.92346141   5.30787595   5.30787595   5.36522083   5.41598284
   5.41598284   6.62668049   6.67759063   6.67759063   6.99553908
  32.50972543  33.31826575]
E_coul = 61.6593780213737
cycle= 4 E= -108.988115978781  delta_E= -8.79e-05  |g|= 0.00139  |ddm|= 0.0206
    CPU time for cycle= 4      0.01 sec, wall time      0.02 sec
diis-norm(errvec)=0.00270272
diis-c [ -4.13815739e-06   4.69753285e-03   7.54945468e-03  -1.08664500e-01
   1.09641751e+00]
  HOMO = -0.614003012209657  LUMO = 0.153811537974451
  mo_energy =
[-15.68354525 -15.68001433  -1.47138628  -0.77847707  -0.63407978
  -0.61400301  -0.61400301   0.15381154   0.15381154   0.36369505
   0.37942754   0.4291634    0.4291634    0.45005438   0.59716893
   0.59716893   0.62095131   1.04292934   1.04686252   1.04686252
   1.33060238   1.33060238   1.5115265    1.5115265    1.54102602
   1.93028898   1.93028898   2.01176751   2.15216635   2.30454612
   2.30454612   2.34083489   2.59136974   2.59136974   2.90023476
   3.16424266   3.82706003   3.82706003   3.95643041   3.95643041
   3.99114006   3.99114006   4.4458264    4.4458264    4.54301663
   4.77043264   4.77043264   4.90595298   4.90595298   4.92378383
   4.92378383   5.30788421   5.30788421   5.36552626   5.41622167
   5.41622167   6.62697464   6.67766116   6.67766116   6.99567421
  32.51050753  33.31905162]
E_coul = 61.6584664194295
cycle= 5 E= -108.98811657087  delta_E= -5.92e-07  |g|= 0.000215  |ddm|= 0.0018
    CPU time for cycle= 5      0.02 sec, wall time      0.02 sec
diis-norm(errvec)=0.00043488
diis-c [ -7.14068218e-08   2.31371419e-04   6.12109247e-04  -3.67297333e-04
  -1.57696737e-01   1.15722055e+00]
  HOMO = -0.614011102183592  LUMO = 0.153793316144329
  mo_energy =
[-15.68363163 -15.68010108  -1.4714005   -0.7785266   -0.63415698
  -0.6140111   -0.6140111    0.15379332   0.15379332   0.36368203
   0.37940886   0.42917518   0.42917518   0.45003995   0.59716077
   0.59716077   0.62094474   1.04290301   1.04685202   1.04685202
   1.33058126   1.33058126   1.51151506   1.51151506   1.54100873
   1.93026399   1.93026399   2.01171375   2.15211919   2.30452294
   2.30452294   2.34081559   2.59134914   2.59134914   2.90020882
   3.16421503   3.82703787   3.82703787   3.95641107   3.95641107
   3.99110661   3.99110661   4.44580442   4.44580442   4.54297311   4.7704
   4.7704       4.90591829   4.90591829   4.92374443   4.92374443
   5.30785559   5.30785559   5.36548635   5.41618569   5.41618569
   6.62693256   6.67762394   6.67762394   6.9956349   32.51042205
  33.31896549]
E_coul = 61.6585778054544
cycle= 6 E= -108.988116592594  delta_E= -2.17e-08  |g|= 3.97e-05  |ddm|= 0.00042
    CPU time for cycle= 6      0.02 sec, wall time      0.02 sec
diis-norm(errvec)=9.2384e-05
diis-c [ -1.90189609e-09  -2.10166340e-04  -6.62269368e-04   4.22146087e-03
  -3.03722823e-04  -2.34721655e-01   1.23167635e+00]
  HOMO = -0.613992624879928  LUMO = 0.153806398745322
  mo_energy =
[-15.68359403 -15.6800634   -1.47138346  -0.77851828  -0.63414947
  -0.61399262  -0.61399262   0.1538064    0.1538064    0.36368506
   0.379409     0.42918315   0.42918315   0.45004152   0.59716895
   0.59716895   0.62094799   1.0429173    1.04686243   1.04686243
   1.33059181   1.33059181   1.51152503   1.51152503   1.54101754
   1.93027299   1.93027299   2.01172141   2.15213061   2.30454257
   2.30454257   2.3408287    2.5913666    2.5913666    2.90022358
   3.16422584   3.82705219   3.82705219   3.95642611   3.95642611
   3.99112235   3.99112235   4.44581973   4.44581973   4.54299206
   4.77042113   4.77042113   4.90593884   4.90593884   4.92376298
   4.92376298   5.30787067   5.30787067   5.36550409   5.41620484
   5.41620484   6.62695106   6.6776396    6.6776396    6.99565188
  32.51045794  33.31900151]
E_coul = 61.6585338753112
cycle= 7 E= -108.98811659339  delta_E= -7.96e-10  |g|= 4.4e-06  |ddm|= 8.46e-05
    CPU time for cycle= 7      0.02 sec, wall time      0.02 sec
  HOMO = -0.613993447884114  LUMO = 0.153805478609496
  mo_energy =
[-15.68359734 -15.68006671  -1.47138548  -0.77851962  -0.63415056
  -0.61399345  -0.61399345   0.15380548   0.15380548   0.36368453
   0.37940872   0.42918288   0.42918288   0.45004116   0.5971684
   0.5971684    0.62094778   1.04291568   1.04686156   1.04686156
   1.33059103   1.33059103   1.51152438   1.51152438   1.54101667
   1.93027236   1.93027236   2.01172048   2.15212948   2.30454114
   2.30454114   2.3408274    2.59136531   2.59136531   2.90022214
   3.16422489   3.82705086   3.82705086   3.95642486   3.95642486
   3.99112065   3.99112065   4.44581853   4.44581853   4.54299033
   4.77041947   4.77041947   4.90593716   4.90593716   4.92376169
   4.92376169   5.30786943   5.30786943   5.36550284   5.41620347
   5.41620347   6.62694941   6.67763804   6.67763804   6.99565006
  32.51045486  33.31899843]
    CPU time for scf_cycle      0.36 sec, wall time      0.37 sec
    CPU time for SCF      0.36 sec, wall time      0.37 sec
converged SCF energy = -108.98811659339
RHF E = -108.988116593
RHF eps = [-15.68359734 -15.68006671  -1.47138548  -0.77851962  -0.63415056
  -0.61399345  -0.61399345   0.15380548   0.15380548   0.36368453
   0.37940872   0.42918288   0.42918288   0.45004116   0.5971684
   0.5971684    0.62094778   1.04291568   1.04686156   1.04686156
   1.33059103   1.33059103   1.51152438   1.51152438   1.54101667
   1.93027236   1.93027236   2.01172048   2.15212948   2.30454114
   2.30454114   2.3408274    2.59136531   2.59136531   2.90022214
   3.16422489   3.82705086   3.82705086   3.95642486   3.95642486
   3.99112065   3.99112065   4.44581853   4.44581853   4.54299033
   4.77041947   4.77041947   4.90593716   4.90593716   4.92376169
   4.92376169   5.30786943   5.30786943   5.36550284   5.41620347
   5.41620347   6.62694941   6.67763804   6.67763804   6.99565006
  32.51045486  33.31899843]
    CPU time for CCSD integral transformation      1.36 sec, wall time      1.36 sec

******** <class 'pyscf.cc.rccsd_slow.RCCSD'> flags ********
CCSD nocc = 5, nvir = 55
frozen orbitals [0, 1]
max_cycle = 50
direct = 0
conv_tol = 1e-07
conv_tol_normt = 1e-05
diis_space = 6
diis_start_cycle = 0
diis_start_energy_diff = 1e+09
Init t2, MP2 energy = -0.372282993031849
    CPU time for init mp2      0.00 sec, wall time      0.00 sec
    CPU time for update t1 t2      0.69 sec, wall time      0.70 sec
istep = 0  E(CCSD) = -0.355055639277916  dE = -0.355055639  norm(t1,t2) = 0.0840115
    CPU time for CCSD iter      0.71 sec, wall time      0.71 sec
    CPU time for update t1 t2      0.70 sec, wall time      0.70 sec
DIIS for step 1
istep = 1  E(CCSD) = -0.370543545193227  dE = -0.0154879059  norm(t1,t2) = 0.0280465
    CPU time for CCSD iter      0.71 sec, wall time      0.71 sec
    CPU time for update t1 t2      0.68 sec, wall time      0.68 sec
diis-c [ -5.50491400e-05   1.00000000e+00]
DIIS for step 2
istep = 2  E(CCSD) = -0.36907999585106  dE = 0.00146354934  norm(t1,t2) = 0.0103527
    CPU time for CCSD iter      0.70 sec, wall time      0.70 sec
    CPU time for update t1 t2      0.68 sec, wall time      0.69 sec
diis-c [ -1.82827130e-05  -5.14981620e-02   1.05149816e+00]
DIIS for step 3
istep = 3  E(CCSD) = -0.370642746915482  dE = -0.00156275106  norm(t1,t2) = 0.00495939
    CPU time for CCSD iter      0.70 sec, wall time      0.70 sec
    CPU time for update t1 t2      0.68 sec, wall time      0.69 sec
diis-c [ -3.47716925e-07  -2.10190294e-01  -2.91600657e-01   1.50179095e+00]
DIIS for step 4
istep = 4  E(CCSD) = -0.370891595620521  dE = -0.000248848705  norm(t1,t2) = 0.00232276
    CPU time for CCSD iter      0.69 sec, wall time      0.70 sec
    CPU time for update t1 t2      0.69 sec, wall time      0.68 sec
diis-c [ -7.78884832e-09   1.37262538e-01   9.89462379e-02  -8.39998176e-01
   1.60378940e+00]
DIIS for step 5
istep = 5  E(CCSD) = -0.370879549045414  dE = 1.20465751e-05  norm(t1,t2) = 0.000329094
    CPU time for CCSD iter      0.71 sec, wall time      0.70 sec
    CPU time for update t1 t2      0.67 sec, wall time      0.67 sec
diis-c [ -6.68428868e-10  -3.19466308e-02  -2.23893758e-02   1.94264423e-01
  -4.27184754e-01   1.28725634e+00]
DIIS for step 6
istep = 6  E(CCSD) = -0.370886568835267  dE = -7.01978985e-06  norm(t1,t2) = 4.08211e-05
    CPU time for CCSD iter      0.68 sec, wall time      0.69 sec
    CPU time for update t1 t2      0.67 sec, wall time      0.67 sec
diis-c [ -1.87547200e-11  -1.14879593e-02  -8.32206679e-03   7.16111231e-02
  -1.31308199e-01  -4.60190918e-02   1.12552619e+00]
DIIS for step 7
istep = 7  E(CCSD) = -0.370886052402924  dE = 5.16432343e-07  norm(t1,t2) = 1.17474e-05
    CPU time for CCSD iter      0.69 sec, wall time      0.69 sec
    CPU time for update t1 t2      0.66 sec, wall time      0.66 sec
diis-c [ -1.48397961e-12   1.06614977e+00  -1.73303391e-04   1.16917987e-04
   8.56529126e-04  -1.24310794e-02  -5.45188327e-02]
DIIS for step 8
istep = 8  E(CCSD) = -0.370886059052525  dE = -6.64960015e-09  norm(t1,t2) = 1.86006e-06
    CPU time for CCSD iter      0.67 sec, wall time      0.67 sec
    CPU time for CCSD      6.26 sec, wall time      6.28 sec
CCSD converged
E(CCSD) = -109.359002652443  E_corr = -0.3708860590525246
    CPU time for EOM-CCSD shared one-electron intermediates      0.01 sec, wall time      0.01 sec
    CPU time for EOM-CCSD IP intermediates      0.03 sec, wall time      0.03 sec
tol 1e-07  toloose 0.000316228
max_cycle 50  max_space 38  max_memory 2000  incore True
davidson 0 6  |r|= 0.438  e= [  0.70373456   0.70373456   0.69149258   0.8332558    1.51305083
  34.54698535]  max|de|= 34.5  lindep=    1
root 5 converged  |r|= 6.31e-06  e= 34.5469852781  max|de|= -7.04e-08
davidson 1 12  |r|= 0.243  e= [  0.63115895   0.63115895   0.57059703   0.69559006   1.37034195
  34.54698528]  max|de|= -0.143  lindep= 0.889
davidson 2 17  |r|= 0.0103  e= [  0.63117297   0.63117297   0.57101451   0.69592076   1.30791288
  34.54698528]  max|de|= -0.0624  lindep= 0.881
root 0 converged  |r|= 2.34e-08  e= 0.631172970346  max|de|= -1.55e-15
root 1 converged  |r|= 2.34e-08  e= 0.631172970346  max|de|= 2.22e-16
root 3 converged  |r|= 5.7e-13  e= 0.695920813029  max|de|= 4.8e-08
davidson 3 20  |r|= 2.72e-05  e= [  0.63117297   0.63117297   0.57101422   0.69592081   1.30772182
  34.54698542]  max|de|= -0.000191  lindep= 0.788
root 2 converged  |r|= 2.09e-09  e= 0.571014215635  max|de|= -1.5e-10
davidson 4 21  |r|= 2.09e-09  e= [  0.63117297   0.63117297   0.57101422   0.69592081   1.30772244
  34.54698542]  max|de|= 6.12e-07  lindep=    1
Linear dependency in trial subspace. |r| for each state [0, 0, 2.0872064407191758e-09, 0, 1.4308948352630618e-09, 0]
IP root 0 E = 0.6311729703464221  qpwt = 0.968551
IP root 1 E = 0.6311729703464244  qpwt = 0.968551
IP root 2 E = 0.571014215635382  qpwt = 0.949163
IP root 3 E = 0.6959208130293536  qpwt = 0.92806
IP root 4 E = 1.30772243550455  qpwt = 0.786868
IP root 5 E = 34.54698541888374  qpwt = 4.57806e-09
    CPU time for IP-CCSD      0.08 sec, wall time      0.08 sec
    CPU time for EOM-CCSD shared one-electron intermediates      0.01 sec, wall time      0.01 sec
    CPU time for EOM-CCSD EA intermediates      0.97 sec, wall time      0.98 sec
tol 1e-07  toloose 0.000316228
max_cycle 50  max_space 38  max_memory 2000  incore True
davidson 0 6  |r|= 0.427  e= [ 0.20767878  0.20767878  0.37766011  0.38721468  0.43670767  0.43670767]  max|de|= 0.437  lindep=    1
davidson 1 12  |r|= 0.0702  e= [ 0.12601729  0.12601729  0.33251579  0.35027859  0.39406527  0.39406527]  max|de|= -0.0817  lindep= 0.949
davidson 2 18  |r|= 0.0251  e= [ 0.11677273  0.11677273  0.33133594  0.34879556  0.39282524  0.39282524]  max|de|= -0.00924  lindep= 0.834
davidson 3 24  |r|= 0.00288  e= [ 0.11710849  0.11710849  0.33141601  0.34887284  0.39283885  0.39283885]  max|de|= 0.000336  lindep= 0.555
davidson 4 30  |r|= 0.00133  e= [ 0.11711579  0.11711579  0.3314134   0.34887126  0.39284022  0.39284022]  max|de|= 7.29e-06  lindep= 0.811
davidson 5 36  |r|= 0.000106  e= [ 0.11711044  0.11711044  0.33140649  0.34886962  0.39284235  0.39284235]  max|de|= -6.91e-06  lindep= 0.801
root 0 converged  |r|= 2.66e-05  e= 0.117110442188  max|de|= -2.5e-16
root 1 converged  |r|= 2.66e-05  e= 0.117110442188  max|de|= 5.55e-16
root 2 converged  |r|= 0.000106  e= 0.331406489045  max|de|= 1.72e-15
root 3 converged  |r|= 9.64e-05  e= 0.348869619774  max|de|= -9.99e-16
root 4 converged  |r|= 1.35e-05  e= 0.392842347488  max|de|= -9.99e-16
root 5 converged  |r|= 1.35e-05  e= 0.392842347488  max|de|= -2.22e-16
converge 6 6  |r|= 0.000106  e= [ 0.11711044  0.11711044  0.33140649  0.34886962  0.39284235  0.39284235]  max|de|= 1.72e-15
EA root 0 E = 0.1171104421880373  qpwt = 0.973913
EA root 1 E = 0.1171104421880384  qpwt = 0.973913
EA root 2 E = 0.3314064890451262  qpwt = 0.983975
EA root 3 E = 0.3488696197739995  qpwt = 0.985312
EA root 4 E = 0.3928423474877115  qpwt = 0.981139
EA root 5 E = 0.3928423474877136  qpwt = 0.981139
    CPU time for EA-CCSD      1.60 sec, wall time      1.61 sec
