

******** <class 'pyscf.scf.hf.RHF'> flags ********
method = RHF
initial guess = minao
damping factor = 0
level shift factor = 0
Do DIIS = True
DIIS start cycle = 1
DIIS space = 8
SCF tol = 1e-09
SCF gradient tol = None
max. SCF cycles = 50
direct_scf = True
direct_scf_tol = 1e-13
chkfile to save SCF result = /tmp/tmpO6GGKv
max_memory 4000 MB (current use 39 MB)
Set gradient conv threshold to 3.16228e-05
Nelec from initial guess = 21.9989
cond(S) = 626.69351929
E_coul = 152.987934145534
init E= -323.650755105561
    CPU time for initialize scf      0.25 sec, wall time      0.25 sec
  HOMO = -0.142776903508566  LUMO = -0.0210285911421377
  mo_energy =
[ -4.04607161e+01  -4.04607058e+01  -2.79638239e+00  -2.79633171e+00
  -1.51739763e+00  -1.51480139e+00  -1.51480139e+00  -1.51460662e+00
  -1.51445841e+00  -1.51445841e+00  -1.42776904e-01  -2.10285911e-02
   3.07426471e-02   3.07426471e-02   4.94764692e-02   7.20595660e-02
   7.20595660e-02   8.31104555e-02   8.73621859e-02   1.39090329e-01
   2.03247151e-01   2.03247151e-01   2.09400668e-01   2.51886150e-01
   2.51886150e-01   2.58045773e-01   2.58045773e-01   2.82343690e-01
   2.82343690e-01   3.15658289e-01   3.16743927e-01   3.16743927e-01
   3.61072153e-01   4.17432267e-01   4.17432267e-01   5.98167094e-01
   1.21778722e+00   1.21778722e+00   1.23513841e+00   1.23513841e+00
   1.24760815e+00   1.24760815e+00   1.24766891e+00   1.24766891e+00
   1.26095724e+00   1.26766725e+00   1.45611979e+00   1.45611979e+00
   1.48069720e+00   1.48069720e+00   1.55564736e+00   1.56649131e+00
   3.86033638e+00   4.11243270e+00   6.17816014e+00   6.17816014e+00
   6.18557919e+00   6.18557919e+00   6.19095323e+00   6.19095323e+00
   6.19185836e+00   6.19185836e+00   6.20050685e+00   6.20788044e+00]
E_coul = 152.946753788524
cycle= 1 E= -323.70182345887  delta_E= -0.0511  |g|= 0.0509  |ddm|= 0.851
    CPU time for cycle= 1      0.01 sec, wall time      0.02 sec
diis-norm(errvec)=0.0962276
diis-c [-0.00925976  1.        ]
  HOMO = -0.168025139277111  LUMO = 0.00301890859378913
  mo_energy =
[ -4.04753158e+01  -4.04753112e+01  -2.79191001e+00  -2.79179605e+00
  -1.51344096e+00  -1.51233918e+00  -1.51233918e+00  -1.51205406e+00
  -1.51205406e+00  -1.51154649e+00  -1.68025139e-01   3.01890859e-03
   3.53178427e-02   3.53178427e-02   4.96357623e-02   7.42186705e-02
   7.42186705e-02   8.66605240e-02   9.34182762e-02   1.43017032e-01
   2.16727079e-01   2.17676452e-01   2.17676452e-01   2.62296748e-01
   2.62296748e-01   2.62635677e-01   2.62635677e-01   2.86142724e-01
   2.86142724e-01   3.13662396e-01   3.24068719e-01   3.24068719e-01
   3.68279779e-01   4.25487621e-01   4.25487621e-01   6.13125099e-01
   1.22778420e+00   1.22778420e+00   1.24477573e+00   1.24477573e+00
   1.25741933e+00   1.25741933e+00   1.25777298e+00   1.25777298e+00
   1.26567375e+00   1.28093883e+00   1.46485840e+00   1.46485840e+00
   1.48886580e+00   1.48886580e+00   1.56834995e+00   1.56950489e+00
   3.86589503e+00   4.11856246e+00   6.18083977e+00   6.18083977e+00
   6.18824923e+00   6.18824923e+00   6.19418564e+00   6.19418564e+00
   6.19513109e+00   6.19513109e+00   6.20400909e+00   6.21119676e+00]
E_coul = 153.099126032006
cycle= 2 E= -323.702685800315  delta_E= -0.000862  |g|= 0.0136  |ddm|= 0.0588
    CPU time for cycle= 2      0.02 sec, wall time      0.02 sec
diis-norm(errvec)=0.026932
diis-c [ -5.49972333e-04  -1.65355673e-01   1.16535567e+00]
  HOMO = -0.166923730748826  LUMO = 0.0045249233619164
  mo_energy =
[ -4.04608433e+01  -4.04608387e+01  -2.78448454e+00  -2.78437080e+00
  -1.50617212e+00  -1.50504609e+00  -1.50504609e+00  -1.50475954e+00
  -1.50475954e+00  -1.50428675e+00  -1.66923731e-01   4.52492336e-03
   3.66879766e-02   3.66879766e-02   4.94405092e-02   7.47245978e-02
   7.47245978e-02   8.72413843e-02   9.48384939e-02   1.43623858e-01
   2.17990511e-01   2.20195521e-01   2.20195521e-01   2.63647510e-01
   2.63647510e-01   2.64850125e-01   2.64850125e-01   2.87490953e-01
   2.87490953e-01   3.14299453e-01   3.25748170e-01   3.25748170e-01
   3.69912610e-01   4.27273431e-01   4.27273431e-01   6.15624866e-01
   1.23121796e+00   1.23121796e+00   1.24813606e+00   1.24813606e+00
   1.26091615e+00   1.26091615e+00   1.26122482e+00   1.26122482e+00
   1.26885944e+00   1.28467151e+00   1.46953536e+00   1.46953536e+00
   1.49348573e+00   1.49348573e+00   1.57330572e+00   1.57401611e+00
   3.87227693e+00   4.12477680e+00   6.18786448e+00   6.18786448e+00
   6.19526651e+00   6.19526651e+00   6.20125789e+00   6.20125789e+00
   6.20220054e+00   6.20220054e+00   6.21109713e+00   6.21826140e+00]
E_coul = 153.090893004112
cycle= 3 E= -323.702831629956  delta_E= -0.000146  |g|= 0.00518  |ddm|= 0.0323
    CPU time for cycle= 3      0.02 sec, wall time      0.02 sec
diis-norm(errvec)=0.009576
diis-c [ -2.11924595e-05  -9.13850510e-02  -3.57094090e-02   1.12709446e+00]
  HOMO = -0.166321006904161  LUMO = 0.00507038872962037
  mo_energy =
[ -4.04644001e+01  -4.04643955e+01  -2.78494236e+00  -2.78482962e+00
  -1.50665227e+00  -1.50552074e+00  -1.50552074e+00  -1.50523496e+00
  -1.50523496e+00  -1.50477828e+00  -1.66321007e-01   5.07038873e-03
   3.73109271e-02   3.73109271e-02   4.92960862e-02   7.49103431e-02
   7.49103431e-02   8.74043613e-02   9.54221074e-02   1.43746920e-01
   2.18385404e-01   2.21381419e-01   2.21381419e-01   2.64053834e-01
   2.64053834e-01   2.65877856e-01   2.65877856e-01   2.87987039e-01
   2.87987039e-01   3.14297697e-01   3.26472535e-01   3.26472535e-01
   3.70640551e-01   4.28050862e-01   4.28050862e-01   6.16748284e-01
   1.23212829e+00   1.23212829e+00   1.24901424e+00   1.24901424e+00
   1.26176527e+00   1.26176527e+00   1.26209094e+00   1.26209094e+00
   1.26938576e+00   1.28574565e+00   1.47012589e+00   1.47012589e+00
   1.49402959e+00   1.49402959e+00   1.57409438e+00   1.57421010e+00
   3.87223880e+00   4.12475939e+00   6.18746556e+00   6.18746556e+00
   6.19486681e+00   6.19486681e+00   6.20089036e+00   6.20089036e+00
   6.20183375e+00   6.20183375e+00   6.21074580e+00   6.21789719e+00]
E_coul = 153.115985194271
cycle= 4 E= -323.702850345147  delta_E= -1.87e-05  |g|= 0.000895  |ddm|= 0.0149
    CPU time for cycle= 4      0.02 sec, wall time      0.02 sec
diis-norm(errvec)=0.00159862
diis-c [ -1.06217173e-06  -4.57938030e-03  -4.85446926e-02   6.11815963e-02
   9.91942477e-01]
  HOMO = -0.166183210193909  LUMO = 0.00515418242717939
  mo_energy =
[ -4.04633166e+01  -4.04633120e+01  -2.78446414e+00  -2.78435142e+00
  -1.50617785e+00  -1.50503407e+00  -1.50503407e+00  -1.50474815e+00
  -1.50474815e+00  -1.50430401e+00  -1.66183210e-01   5.15418243e-03
   3.74001114e-02   3.74001114e-02   4.92462001e-02   7.49322358e-02
   7.49322358e-02   8.74269510e-02   9.55260447e-02   1.43745445e-01
   2.18426607e-01   2.21577685e-01   2.21577685e-01   2.64103727e-01
   2.64103727e-01   2.66028735e-01   2.66028735e-01   2.88030858e-01
   2.88030858e-01   3.14254992e-01   3.26572910e-01   3.26572910e-01
   3.70730181e-01   4.28150809e-01   4.28150809e-01   6.16932035e-01
   1.23231731e+00   1.23231731e+00   1.24919885e+00   1.24919885e+00
   1.26192816e+00   1.26192816e+00   1.26225660e+00   1.26225660e+00
   1.26949658e+00   1.28594558e+00   1.47043231e+00   1.47043231e+00
   1.49432851e+00   1.49432851e+00   1.57441131e+00   1.57442300e+00
   3.87266306e+00   4.12518576e+00   6.18792498e+00   6.18792498e+00
   6.19532580e+00   6.19532580e+00   6.20135056e+00   6.20135056e+00
   6.20229401e+00   6.20229401e+00   6.21120641e+00   6.21835642e+00]
E_coul = 153.11339896383
cycle= 5 E= -323.70285109996  delta_E= -7.55e-07  |g|= 0.000178  |ddm|= 0.00394
    CPU time for cycle= 5      0.02 sec, wall time      0.02 sec
diis-norm(errvec)=0.000364123
diis-c [ -4.12651239e-08   6.48828833e-03   1.40382713e-02  -8.32470892e-02
  -1.88300664e-01   1.25102119e+00]
  HOMO = -0.166188046548043  LUMO = 0.00515103876927634
  mo_energy =
[ -4.04634949e+01  -4.04634903e+01  -2.78457773e+00  -2.78446499e+00
  -1.50629561e+00  -1.50514384e+00  -1.50514384e+00  -1.50485798e+00
  -1.50485798e+00  -1.50442217e+00  -1.66188047e-01   5.15103877e-03
   3.73873693e-02   3.73873693e-02   4.92194527e-02   7.49241955e-02
   7.49241955e-02   8.74213147e-02   9.55331867e-02   1.43709599e-01
   2.18388176e-01   2.21567213e-01   2.21567213e-01   2.64075869e-01
   2.64075869e-01   2.66015369e-01   2.66015369e-01   2.87995534e-01
   2.87995534e-01   3.14209128e-01   3.26557305e-01   3.26557305e-01
   3.70695066e-01   4.28121733e-01   4.28121733e-01   6.16889357e-01
   1.23225849e+00   1.23225849e+00   1.24914000e+00   1.24914000e+00
   1.26185663e+00   1.26185663e+00   1.26218339e+00   1.26218339e+00
   1.26942132e+00   1.28586773e+00   1.47036139e+00   1.47036139e+00
   1.49425863e+00   1.49425863e+00   1.57432751e+00   1.57433636e+00
   3.87256436e+00   4.12508942e+00   6.18781728e+00   6.18781728e+00
   6.19521814e+00   6.19521814e+00   6.20123944e+00   6.20123944e+00
   6.20218273e+00   6.20218273e+00   6.21109384e+00   6.21824431e+00]
E_coul = 153.113326159817
cycle= 6 E= -323.702851159232  delta_E= -5.93e-08  |g|= 2.78e-05  |ddm|= 0.00151
    CPU time for cycle= 6      0.02 sec, wall time      0.02 sec
diis-norm(errvec)=5.51343e-05
diis-c [ -1.46368501e-10  -9.86372208e-04  -1.90118546e-03   1.36310690e-02
   1.14995740e-02  -2.92476106e-01   1.27023302e+00]
  HOMO = -0.166193670489931  LUMO = 0.00514975375075532
  mo_energy =
[ -4.04635056e+01  -4.04635010e+01  -2.78459131e+00  -2.78447856e+00
  -1.50631080e+00  -1.50515866e+00  -1.50515866e+00  -1.50487283e+00
  -1.50487283e+00  -1.50443749e+00  -1.66193670e-01   5.14975375e-03
   3.73834773e-02   3.73834773e-02   4.92156845e-02   7.49220838e-02
   7.49220838e-02   8.74200508e-02   9.55348865e-02   1.43701639e-01
   2.18380671e-01   2.21563817e-01   2.21563817e-01   2.64069477e-01
   2.64069477e-01   2.66011231e-01   2.66011231e-01   2.87987442e-01
   2.87987442e-01   3.14199492e-01   3.26553036e-01   3.26553036e-01
   3.70686626e-01   4.28114530e-01   4.28114530e-01   6.16879234e-01
   1.23224635e+00   1.23224635e+00   1.24912789e+00   1.24912789e+00
   1.26184187e+00   1.26184187e+00   1.26216822e+00   1.26216822e+00
   1.26940631e+00   1.28585131e+00   1.47034886e+00   1.47034886e+00
   1.49424639e+00   1.49424639e+00   1.57431261e+00   1.57432166e+00
   3.87255106e+00   4.12507655e+00   6.18780329e+00   6.18780329e+00
   6.19520415e+00   6.19520415e+00   6.20122474e+00   6.20122474e+00
   6.20216799e+00   6.20216799e+00   6.21107882e+00   6.21822942e+00]
E_coul = 153.113186691093
cycle= 7 E= -323.702851161191  delta_E= -1.96e-09  |g|= 2.53e-06  |ddm|= 0.000336
    CPU time for cycle= 7      0.02 sec, wall time      0.02 sec
diis-norm(errvec)=3.53706e-06
diis-c [ -3.86404797e-12   1.54987299e-04   2.01272126e-04  -2.12353907e-03
   1.70604247e-04   3.81393625e-02  -2.08423820e-01   1.17188113e+00]
  HOMO = -0.166193710598663  LUMO = 0.00514953103244351
  mo_energy =
[ -4.04635077e+01  -4.04635031e+01  -2.78459286e+00  -2.78448011e+00
  -1.50631229e+00  -1.50516051e+00  -1.50516051e+00  -1.50487468e+00
  -1.50487468e+00  -1.50443899e+00  -1.66193711e-01   5.14953103e-03
   3.73830326e-02   3.73830326e-02   4.92151641e-02   7.49218550e-02
   7.49218550e-02   8.74199136e-02   9.55347052e-02   1.43701155e-01
   2.18379875e-01   2.21563246e-01   2.21563246e-01   2.64068885e-01
   2.64068885e-01   2.66010589e-01   2.66010589e-01   2.87986703e-01
   2.87986703e-01   3.14198868e-01   3.26552425e-01   3.26552425e-01
   3.70685831e-01   4.28113786e-01   4.28113786e-01   6.16878218e-01
   1.23224506e+00   1.23224506e+00   1.24912660e+00   1.24912660e+00
   1.26184057e+00   1.26184057e+00   1.26216689e+00   1.26216689e+00
   1.26940509e+00   1.28584990e+00   1.47034740e+00   1.47034740e+00
   1.49424495e+00   1.49424495e+00   1.57431124e+00   1.57432044e+00
   3.87254961e+00   4.12507511e+00   6.18780161e+00   6.18780161e+00
   6.19520246e+00   6.19520246e+00   6.20122306e+00   6.20122306e+00
   6.20216631e+00   6.20216631e+00   6.21107714e+00   6.21822774e+00]
E_coul = 153.11318119766
cycle= 8 E= -323.7028511612  delta_E= -8.92e-12  |g|= 3.73e-07  |ddm|= 2.38e-05
    CPU time for cycle= 8      0.02 sec, wall time      0.02 sec
  HOMO = -0.166193788834087  LUMO = 0.00514949169239987
  mo_energy =
[ -4.04635079e+01  -4.04635033e+01  -2.78459302e+00  -2.78448028e+00
  -1.50631244e+00  -1.50516070e+00  -1.50516070e+00  -1.50487487e+00
  -1.50487487e+00  -1.50443914e+00  -1.66193789e-01   5.14949169e-03
   3.73829799e-02   3.73829799e-02   4.92151473e-02   7.49218211e-02
   7.49218211e-02   8.74198948e-02   9.55346954e-02   1.43701099e-01
   2.18379813e-01   2.21563205e-01   2.21563205e-01   2.64068812e-01
   2.64068812e-01   2.66010526e-01   2.66010526e-01   2.87986620e-01
   2.87986620e-01   3.14198785e-01   3.26552357e-01   3.26552357e-01
   3.70685751e-01   4.28113709e-01   4.28113709e-01   6.16878131e-01
   1.23224493e+00   1.23224493e+00   1.24912647e+00   1.24912647e+00
   1.26184043e+00   1.26184043e+00   1.26216675e+00   1.26216675e+00
   1.26940496e+00   1.28584976e+00   1.47034726e+00   1.47034726e+00
   1.49424481e+00   1.49424481e+00   1.57431112e+00   1.57432031e+00
   3.87254946e+00   4.12507496e+00   6.18780144e+00   6.18780144e+00
   6.19520229e+00   6.19520229e+00   6.20122289e+00   6.20122289e+00
   6.20216614e+00   6.20216614e+00   6.21107697e+00   6.21822758e+00]
    CPU time for scf_cycle      0.40 sec, wall time      0.42 sec
    CPU time for SCF      0.41 sec, wall time      0.42 sec
converged SCF energy = -323.7028511612
RHF E = -323.702851161
RHF eps = [ -4.04635079e+01  -4.04635033e+01  -2.78459302e+00  -2.78448028e+00
  -1.50631244e+00  -1.50516070e+00  -1.50516070e+00  -1.50487487e+00
  -1.50487487e+00  -1.50443914e+00  -1.66193789e-01   5.14949169e-03
   3.73829799e-02   3.73829799e-02   4.92151473e-02   7.49218211e-02
   7.49218211e-02   8.74198948e-02   9.55346954e-02   1.43701099e-01
   2.18379813e-01   2.21563205e-01   2.21563205e-01   2.64068812e-01
   2.64068812e-01   2.66010526e-01   2.66010526e-01   2.87986620e-01
   2.87986620e-01   3.14198785e-01   3.26552357e-01   3.26552357e-01
   3.70685751e-01   4.28113709e-01   4.28113709e-01   6.16878131e-01
   1.23224493e+00   1.23224493e+00   1.24912647e+00   1.24912647e+00
   1.26184043e+00   1.26184043e+00   1.26216675e+00   1.26216675e+00
   1.26940496e+00   1.28584976e+00   1.47034726e+00   1.47034726e+00
   1.49424481e+00   1.49424481e+00   1.57431112e+00   1.57432031e+00
   3.87254946e+00   4.12507496e+00   6.18780144e+00   6.18780144e+00
   6.19520229e+00   6.19520229e+00   6.20122289e+00   6.20122289e+00
   6.20216614e+00   6.20216614e+00   6.21107697e+00   6.21822758e+00]
    CPU time for CCSD integral transformation      1.55 sec, wall time      1.56 sec

******** <class 'pyscf.cc.rccsd_slow.RCCSD'> flags ********
CCSD nocc = 9, nvir = 53
frozen orbitals [0, 1]
max_cycle = 50
direct = 0
conv_tol = 1e-07
conv_tol_normt = 1e-05
diis_space = 6
diis_start_cycle = 0
diis_start_energy_diff = 1e+09
Init t2, MP2 energy = -0.347427337595402
    CPU time for init mp2      0.00 sec, wall time      0.00 sec
    CPU time for update t1 t2      1.02 sec, wall time      1.02 sec
istep = 0  E(CCSD) = -0.357313843306452  dE = -0.357313843  norm(t1,t2) = 0.0900442
    CPU time for CCSD iter      1.04 sec, wall time      1.04 sec
    CPU time for update t1 t2      1.01 sec, wall time      1.01 sec
DIIS for step 1
istep = 1  E(CCSD) = -0.362508704655339  dE = -0.00519486135  norm(t1,t2) = 0.0392199
    CPU time for CCSD iter      1.02 sec, wall time      1.03 sec
    CPU time for update t1 t2      1.01 sec, wall time      1.00 sec
diis-c [ -2.58000838e-04   1.00000000e+00]
DIIS for step 2
istep = 2  E(CCSD) = -0.363406381010871  dE = -0.000897676356  norm(t1,t2) = 0.0199661
    CPU time for CCSD iter      1.03 sec, wall time      1.02 sec
    CPU time for update t1 t2      1.02 sec, wall time      1.02 sec
diis-c [ -5.74947854e-06  -1.10928930e+00   2.10928930e+00]
DIIS for step 3
istep = 3  E(CCSD) = -0.364590779043637  dE = -0.00118439803  norm(t1,t2) = 0.0105666
    CPU time for CCSD iter      1.03 sec, wall time      1.04 sec
    CPU time for update t1 t2      1.02 sec, wall time      1.01 sec
diis-c [ -9.55873575e-07   1.36714210e-01  -2.86476040e-01   1.14976183e+00]
DIIS for step 4
istep = 4  E(CCSD) = -0.364438961041551  dE = 0.000151818002  norm(t1,t2) = 0.00131304
    CPU time for CCSD iter      1.03 sec, wall time      1.03 sec
    CPU time for update t1 t2      1.01 sec, wall time      1.01 sec
diis-c [ -5.44116392e-08   1.85607358e-01  -3.57574411e-01  -2.37389128e-01
   1.40935618e+00]
DIIS for step 5
istep = 5  E(CCSD) = -0.364443228968645  dE = -4.26792709e-06  norm(t1,t2) = 0.000613274
    CPU time for CCSD iter      1.03 sec, wall time      1.03 sec
    CPU time for update t1 t2      1.01 sec, wall time      1.01 sec
diis-c [ -6.47583942e-09  -9.66542411e-02   1.86881127e-01   4.73700908e-02
  -6.74988804e-01   1.53739183e+00]
DIIS for step 6
istep = 6  E(CCSD) = -0.364455741578162  dE = -1.25126095e-05  norm(t1,t2) = 0.000153162
    CPU time for CCSD iter      1.04 sec, wall time      1.03 sec
    CPU time for update t1 t2      1.00 sec, wall time      1.01 sec
diis-c [ -1.13570264e-09  -1.91468268e-02   3.77767084e-02   2.40493668e-02
  -1.45570785e-01   1.35812817e-02   1.08931025e+00]
DIIS for step 7
istep = 7  E(CCSD) = -0.364453452810968  dE = 2.28876719e-06  norm(t1,t2) = 5.24057e-05
    CPU time for CCSD iter      1.03 sec, wall time      1.03 sec
    CPU time for update t1 t2      1.00 sec, wall time      1.01 sec
diis-c [ -2.69185535e-10   1.13434796e+00  -1.55477497e-04   1.04504814e-03
   8.25904328e-03  -7.92520020e-02  -6.42445769e-02]
DIIS for step 8
istep = 8  E(CCSD) = -0.364453229956021  dE = 2.22854947e-07  norm(t1,t2) = 2.41418e-05
    CPU time for CCSD iter      1.03 sec, wall time      1.03 sec
    CPU time for update t1 t2      0.99 sec, wall time      1.00 sec
diis-c [ -2.58921218e-11  -3.72302300e-01   1.55010925e+00  -3.31836747e-03
   4.82209887e-04   7.05112198e-02  -2.45482017e-01]
DIIS for step 9
istep = 9  E(CCSD) = -0.364452595773854  dE = 6.34182168e-07  norm(t1,t2) = 1.18748e-05
    CPU time for CCSD iter      1.02 sec, wall time      1.02 sec
    CPU time for update t1 t2      1.00 sec, wall time      1.01 sec
diis-c [ -4.04590250e-12  -8.14448904e-02  -1.36268675e-01   1.18099126e+00
  -5.86728877e-04   2.87239081e-04   3.70217953e-02]
DIIS for step 10
istep = 10  E(CCSD) = -0.364452616403517  dE = -2.06296631e-08  norm(t1,t2) = 3.37641e-06
    CPU time for CCSD iter      1.03 sec, wall time      1.03 sec
    CPU time for CCSD     11.33 sec, wall time     11.33 sec
CCSD converged
E(CCSD) = -324.0673037776031  E_corr = -0.3644526164035168
    CPU time for EOM-CCSD shared one-electron intermediates      0.02 sec, wall time      0.03 sec
    CPU time for EOM-CCSD IP intermediates      0.11 sec, wall time      0.11 sec
tol 1e-07  toloose 0.000316228
max_cycle 50  max_space 38  max_memory 2000  incore True
davidson 0 6  |r|= 0.634  e= [ 0.19651033  1.56077275  1.56101132  1.56101132  1.56125584  1.56125584]  max|de|= 1.56  lindep=    1
davidson 1 12  |r|= 0.141  e= [ 0.18554693  1.36816847  1.36918227  1.36918227  1.36961855  1.36961855]  max|de|= -0.193  lindep= 0.632
davidson 2 18  |r|= 0.00335  e= [ 0.18548988  1.35943497  1.36027275  1.36027275  1.36064332  1.36064332]  max|de|= -0.00898  lindep= 0.65
davidson 3 24  |r|= 0.000399  e= [ 0.18547908  1.3594434   1.36028248  1.36028248  1.36065305  1.36065305]  max|de|= -1.08e-05  lindep= 0.947
root 2 converged  |r|= 7.92e-09  e= 1.36028247595  max|de|= -2.22e-15
root 3 converged  |r|= 7.92e-09  e= 1.36028247595  max|de|= 2e-15
root 4 converged  |r|= 8.02e-09  e= 1.36065304562  max|de|= -1.78e-15
root 5 converged  |r|= 8.02e-09  e= 1.36065304562  max|de|= 3.11e-15
davidson 4 26  |r|= 8.23e-05  e= [ 0.18547956  1.35944361  1.36028248  1.36028248  1.36065305  1.36065305]  max|de|= 4.85e-07  lindep= 0.679
root 0 converged  |r|= 8.04e-06  e= 0.185479504989  max|de|= -5.99e-08
davidson 5 28  |r|= 8.04e-06  e= [ 0.1854795   1.35944294  1.36028248  1.36028248  1.36065305  1.36065305]  max|de|= -6.71e-07  lindep=    1
Linear dependency in trial subspace. |r| for each state [8.0444027846961649e-06, 7.2508052814223716e-10, 0, 0, 0, 0]
IP root 0 E = 0.1854795049887456  qpwt = 0.965381
IP root 1 E = 1.359442936691156  qpwt = 0.926867
IP root 2 E = 1.360282475954938  qpwt = 0.927079
IP root 3 E = 1.360282475954939  qpwt = 0.927079
IP root 4 E = 1.360653045615936  qpwt = 0.926994
IP root 5 E = 1.360653045615933  qpwt = 0.926994
    CPU time for IP-CCSD      0.22 sec, wall time      0.23 sec
    CPU time for EOM-CCSD shared one-electron intermediates      0.02 sec, wall time      0.02 sec
    CPU time for EOM-CCSD EA intermediates      1.50 sec, wall time      1.50 sec
tol 1e-07  toloose 0.000316228
max_cycle 50  max_space 38  max_memory 2000  incore True
davidson 0 6  |r|= 0.103  e= [ 0.01082963  0.04329104  0.04329104  0.05250494  0.07600497  0.07600497]  max|de|= 0.076  lindep=    1
davidson 1 12  |r|= 0.0122  e= [-0.00635254  0.0270283   0.0270283   0.03727916  0.06296228  0.06296228]  max|de|= -0.0172  lindep= 0.992
davidson 2 18  |r|= 0.00869  e= [-0.00750467  0.026299    0.026299    0.03647658  0.06212893  0.06212893]  max|de|= -0.00115  lindep= 0.936
davidson 3 24  |r|= 0.00124  e= [-0.00748217  0.02637063  0.02637063  0.0364628   0.06211674  0.06211674]  max|de|= 7.16e-05  lindep= 0.948
davidson 4 30  |r|= 0.000684  e= [-0.00748195  0.02637119  0.02637119  0.03647101  0.0621237   0.0621237 ]  max|de|= 8.22e-06  lindep= 0.846
davidson 5 36  |r|= 0.000181  e= [-0.007483    0.02637058  0.02637058  0.03646587  0.06212349  0.06212349]  max|de|= -5.14e-06  lindep= 0.763
root 0 converged  |r|= 2.73e-05  e= -0.00748300331565  max|de|= -1.04e-17
root 1 converged  |r|= 1.08e-05  e= 0.0263705826034  max|de|= 1.6e-16
root 2 converged  |r|= 1.08e-05  e= 0.0263705826034  max|de|= -3.12e-16
root 3 converged  |r|= 0.000181  e= 0.0364658749818  max|de|= 2.08e-17
root 4 converged  |r|= 6.17e-06  e= 0.0621234892233  max|de|= 9.71e-17
root 5 converged  |r|= 6.17e-06  e= 0.0621234892233  max|de|= -1.39e-17
converge 6 6  |r|= 0.000181  e= [-0.007483    0.02637058  0.02637058  0.03646587  0.06212349  0.06212349]  max|de|= -3.12e-16
EA root 0 E = -0.007483003315648339  qpwt = 0.964589
EA root 1 E = 0.0263705826034366  qpwt = 0.967128
EA root 2 E = 0.02637058260343639  qpwt = 0.967128
EA root 3 E = 0.03646587498183258  qpwt = 0.956711
EA root 4 E = 0.0621234892232636  qpwt = 0.954402
EA root 5 E = 0.06212348922326242  qpwt = 0.954402
    CPU time for EA-CCSD      3.02 sec, wall time      3.02 sec
