

******** <class 'pyscf.scf.hf.RHF'> flags ********
method = RHF
initial guess = minao
damping factor = 0
level shift factor = 0
Do DIIS = True
DIIS start cycle = 1
DIIS space = 8
SCF tol = 1e-09
SCF gradient tol = None
max. SCF cycles = 50
direct_scf = True
direct_scf_tol = 1e-13
chkfile to save SCF result = /tmp/tmp3VKqnq
max_memory 4000 MB (current use 39 MB)
Set gradient conv threshold to 3.16228e-05
Nelec from initial guess = 27.9977
cond(S) = 224.622990173
E_coul = 283.26499563613
init E= -621.200028944367
    CPU time for initialize scf      0.38 sec, wall time      0.38 sec
  HOMO = -0.457204842998878  LUMO = -0.0504489724459473
  mo_energy =
[ -1.04864568e+02  -4.04577491e+01  -1.06260229e+01  -8.08518622e+00
  -8.08417962e+00  -8.08417962e+00  -2.79517985e+00  -1.51934273e+00
  -1.51201532e+00  -1.51201532e+00  -1.11907397e+00  -4.73260768e-01
  -4.57204843e-01  -4.57204843e-01  -5.04489724e-02   5.27018622e-02
   5.27018622e-02   6.50182901e-02   1.00734003e-01   2.30077326e-01
   2.30077326e-01   2.68550249e-01   2.75530771e-01   2.75530771e-01
   2.99310204e-01   2.99310204e-01   3.45345736e-01   5.04075935e-01
   5.04075935e-01   5.18654224e-01   5.95532363e-01   5.95532363e-01
   6.09845588e-01   6.89434990e-01   6.89434990e-01   1.09766696e+00
   1.22331036e+00   1.22331036e+00   1.22637283e+00   1.22637283e+00
   1.33324791e+00   1.45964697e+00   1.45964697e+00   1.47505975e+00
   2.00772096e+00   2.00772096e+00   2.07178886e+00   2.07178886e+00
   2.12265063e+00   2.34038882e+00   2.34038882e+00   2.34381009e+00
   2.34381009e+00   2.36545657e+00   2.36545657e+00   2.45554630e+00
   2.51120146e+00   2.51120146e+00   2.61395966e+00   3.93106249e+00
   6.18397599e+00   6.18397599e+00   6.19526941e+00   6.19526941e+00
   6.26775302e+00   8.57405251e+00   8.57405251e+00   8.61366901e+00
   8.61366901e+00   8.65599940e+00   1.14166942e+01   1.14166942e+01
   1.14600614e+01   2.54326960e+01]
E_coul = 288.007076367128
cycle= 1 E= -621.410409067835  delta_E= -0.21  |g|= 0.293  |ddm|= 0.882
    CPU time for cycle= 1      0.03 sec, wall time      0.03 sec
diis-norm(errvec)=0.574176
diis-c [-0.32967804  1.        ]
  HOMO = -0.286624828477509  LUMO = -0.021879896926815
  mo_energy =
[ -1.04485478e+02  -4.05330054e+01  -1.02470007e+01  -7.71060455e+00
  -7.70998771e+00  -7.70998771e+00  -2.84431536e+00  -1.56706111e+00
  -1.56706111e+00  -1.56514822e+00  -8.61679300e-01  -3.02679794e-01
  -2.86624828e-01  -2.86624828e-01  -2.18798969e-02   4.40528037e-02
   4.40528037e-02   8.33154103e-02   9.37758892e-02   2.07395814e-01
   2.07395814e-01   2.42090119e-01   2.55803319e-01   2.55803319e-01
   3.11534363e-01   3.11534363e-01   4.06142615e-01   6.59263958e-01
   6.59263958e-01   6.63940428e-01   7.98493517e-01   8.12561630e-01
   8.12561630e-01   8.75188764e-01   8.75188764e-01   1.18275502e+00
   1.18275502e+00   1.20193588e+00   1.20193588e+00   1.20663045e+00
   1.33886616e+00   1.42034995e+00   1.42034995e+00   1.55400489e+00
   2.29364845e+00   2.29364845e+00   2.34959492e+00   2.34959492e+00
   2.38826072e+00   2.60392771e+00   2.60392771e+00   2.60888261e+00
   2.60888261e+00   2.62349629e+00   2.62349629e+00   2.70069082e+00
   2.78021770e+00   2.78021770e+00   2.85637311e+00   3.90265384e+00
   6.12839316e+00   6.12839316e+00   6.14430967e+00   6.14430967e+00
   6.21920147e+00   8.92817606e+00   8.92817606e+00   8.96661850e+00
   8.96661850e+00   9.00801472e+00   1.17655516e+01   1.17655516e+01
   1.18083410e+01   2.57848201e+01]
E_coul = 284.92665124755
cycle= 2 E= -621.43617446543  delta_E= -0.0258  |g|= 0.141  |ddm|= 0.463
    CPU time for cycle= 2      0.04 sec, wall time      0.03 sec
diis-norm(errvec)=0.219434
diis-c [-0.01012412  0.25648602  0.74351398]
  HOMO = -0.350601483363403  LUMO = -0.0176588683511376
  mo_energy =
[ -1.04714971e+02  -4.05008060e+01  -1.04328760e+01  -7.89996168e+00
  -7.89957635e+00  -7.89957635e+00  -2.82436534e+00  -1.54707586e+00
  -1.54707586e+00  -1.54660410e+00  -9.39181587e-01  -3.66436459e-01
  -3.50601483e-01  -3.50601483e-01  -1.76588684e-02   4.67390753e-02
   4.67390753e-02   8.26903876e-02   9.67507086e-02   2.13087734e-01
   2.13087734e-01   2.45153319e-01   2.60657963e-01   2.60657963e-01
   3.08013706e-01   3.08013706e-01   3.93113777e-01   6.24610814e-01
   6.24610814e-01   6.29106212e-01   7.42569285e-01   7.49285116e-01
   7.49285116e-01   8.19032790e-01   8.19032790e-01   1.18661255e+00
   1.19460244e+00   1.19460244e+00   1.20858555e+00   1.20858555e+00
   1.32473636e+00   1.43313206e+00   1.43313206e+00   1.52830131e+00
   2.19051257e+00   2.19051257e+00   2.25097197e+00   2.25097197e+00
   2.29501492e+00   2.52394384e+00   2.52394384e+00   2.52836110e+00
   2.52836110e+00   2.54450194e+00   2.54450194e+00   2.62077641e+00
   2.68616715e+00   2.68616715e+00   2.77336184e+00   3.91488371e+00
   6.14787625e+00   6.14787625e+00   6.16320833e+00   6.16320833e+00
   6.23732107e+00   8.76817292e+00   8.76817292e+00   8.80738401e+00
   8.80738401e+00   8.84917887e+00   1.16033069e+01   1.16033069e+01
   1.16468356e+01   2.56229867e+01]
E_coul = 285.837753773082
cycle= 3 E= -621.43959182676  delta_E= -0.00342  |g|= 0.0145  |ddm|= 0.128
    CPU time for cycle= 3      0.03 sec, wall time      0.03 sec
diis-norm(errvec)=0.0213183
diis-c [ -3.03734058e-04  -7.72573809e-03   3.69015114e-02   9.70824227e-01]
  HOMO = -0.352319852480753  LUMO = -0.0167251364804036
  mo_energy =
[ -1.04698562e+02  -4.05010359e+01  -1.04276989e+01  -7.89419034e+00
  -7.89392615e+00  -7.89392615e+00  -2.82292807e+00  -1.54571366e+00
  -1.54571366e+00  -1.54563413e+00  -9.40863282e-01  -3.68584629e-01
  -3.52319852e-01  -3.52319852e-01  -1.67251365e-02   4.73525394e-02
   4.73525394e-02   8.27675582e-02   9.77728899e-02   2.14138044e-01
   2.14138044e-01   2.46102681e-01   2.61543110e-01   2.61543110e-01
   3.08491975e-01   3.08491975e-01   3.92775456e-01   6.23350024e-01
   6.23350024e-01   6.27877128e-01   7.41092010e-01   7.47391452e-01
   7.47391452e-01   8.17772418e-01   8.17772418e-01   1.18694871e+00
   1.19626685e+00   1.19626685e+00   1.21024160e+00   1.21024160e+00
   1.32599620e+00   1.43449669e+00   1.43449669e+00   1.52828970e+00
   2.18906846e+00   2.18906846e+00   2.24976472e+00   2.24976472e+00
   2.29371271e+00   2.52162968e+00   2.52162968e+00   2.52575245e+00
   2.52575245e+00   2.54249729e+00   2.54249729e+00   2.61934911e+00
   2.68487372e+00   2.68487372e+00   2.77251193e+00   3.91600425e+00
   6.14922443e+00   6.14922443e+00   6.16451295e+00   6.16451295e+00
   6.23861726e+00   8.76986281e+00   8.76986281e+00   8.80925726e+00
   8.80925726e+00   8.85109383e+00   1.16064879e+01   1.16064879e+01
   1.16502724e+01   2.56261922e+01]
E_coul = 285.806401312921
cycle= 4 E= -621.43963534494  delta_E= -4.35e-05  |g|= 0.00246  |ddm|= 0.0147
    CPU time for cycle= 4      0.03 sec, wall time      0.03 sec
diis-norm(errvec)=0.00502719
diis-c [ -8.74707756e-06  -7.36697242e-03  -1.64753669e-02  -1.71205300e-01
   1.19504764e+00]
  HOMO = -0.352115843456413  LUMO = -0.0164730432695406
  mo_energy =
[ -1.04698994e+02  -4.05001889e+01  -1.04271332e+01  -7.89362328e+00
  -7.89338656e+00  -7.89338656e+00  -2.82218034e+00  -1.54501248e+00
  -1.54496639e+00  -1.54496639e+00  -9.40693732e-01  -3.68665239e-01
  -3.52115843e-01  -3.52115843e-01  -1.64730433e-02   4.75342320e-02
   4.75342320e-02   8.27960753e-02   9.80799975e-02   2.14447759e-01
   2.14447759e-01   2.46346284e-01   2.61842789e-01   2.61842789e-01
   3.08737146e-01   3.08737146e-01   3.92831726e-01   6.23248081e-01
   6.23248081e-01   6.27826038e-01   7.41162710e-01   7.47469903e-01
   7.47469903e-01   8.17929644e-01   8.17929644e-01   1.18731305e+00
   1.19682966e+00   1.19682966e+00   1.21080686e+00   1.21080686e+00
   1.32641719e+00   1.43509972e+00   1.43509972e+00   1.52870851e+00
   2.18933332e+00   2.18933332e+00   2.25012438e+00   2.25012438e+00
   2.29403695e+00   2.52176674e+00   2.52176674e+00   2.52577355e+00
   2.52577355e+00   2.54273347e+00   2.54273347e+00   2.61963700e+00
   2.68503829e+00   2.68503829e+00   2.77286404e+00   3.91667641e+00
   6.14992605e+00   6.14992605e+00   6.16521101e+00   6.16521101e+00
   6.23931573e+00   8.77046202e+00   8.77046202e+00   8.80994310e+00
   8.80994310e+00   8.85180260e+00   1.16069221e+01   1.16069221e+01
   1.16507983e+01   2.56267097e+01]
E_coul = 285.802491898245
cycle= 5 E= -621.439639679188  delta_E= -4.33e-06  |g|= 0.000514  |ddm|= 0.00535
    CPU time for cycle= 5      0.03 sec, wall time      0.03 sec
diis-norm(errvec)=0.00107972
diis-c [ -3.68602285e-07   2.19244308e-03   6.08938421e-03   2.03808060e-02
  -3.37761788e-01   1.30909915e+00]
  HOMO = -0.351975871647237  LUMO = -0.0164776671599088
  mo_energy =
[ -1.04698621e+02  -4.05004138e+01  -1.04269263e+01  -7.89340692e+00
  -7.89316563e+00  -7.89316563e+00  -2.82228370e+00  -1.54513058e+00
  -1.54506466e+00  -1.54506466e+00  -9.40588541e-01  -3.68641469e-01
  -3.51975872e-01  -3.51975872e-01  -1.64776672e-02   4.75368111e-02
   4.75368111e-02   8.27951739e-02   9.80783271e-02   2.14441675e-01
   2.14441675e-01   2.46329793e-01   2.61841935e-01   2.61841935e-01
   3.08749386e-01   3.08749386e-01   3.92853993e-01   6.23304838e-01
   6.23304838e-01   6.27871113e-01   7.41226704e-01   7.47563882e-01
   7.47563882e-01   8.18010904e-01   8.18010904e-01   1.18733297e+00
   1.19679938e+00   1.19679938e+00   1.21077734e+00   1.21077734e+00
   1.32640133e+00   1.43505573e+00   1.43505573e+00   1.52871563e+00
   2.18944189e+00   2.18944189e+00   2.25023818e+00   2.25023818e+00
   2.29415347e+00   2.52188061e+00   2.52188061e+00   2.52587075e+00
   2.52587075e+00   2.54285644e+00   2.54285644e+00   2.61976891e+00
   2.68516448e+00   2.68516448e+00   2.77296039e+00   3.91660465e+00
   6.14982409e+00   6.14982409e+00   6.16510867e+00   6.16510867e+00
   6.23921377e+00   8.77061441e+00   8.77061441e+00   8.81011901e+00
   8.81011901e+00   8.85198647e+00   1.16071114e+01   1.16071114e+01
   1.16509981e+01   2.56268887e+01]
E_coul = 285.802315266488
cycle= 6 E= -621.439639906683  delta_E= -2.27e-07  |g|= 0.000119  |ddm|= 0.00126
    CPU time for cycle= 6      0.03 sec, wall time      0.03 sec
diis-norm(errvec)=0.000248984
diis-c [ -5.30000663e-08  -1.72879739e-04  -4.44584286e-04   1.98077900e-03
   4.80294250e-03  -1.25198973e-01   1.11903272e+00]
  HOMO = -0.351952998475119  LUMO = -0.016478984139416
  mo_energy =
[ -1.04698578e+02  -4.05003141e+01  -1.04268859e+01  -7.89336683e+00
  -7.89312522e+00  -7.89312522e+00  -2.82224782e+00  -1.54509496e+00
  -1.54503052e+00  -1.54503052e+00  -9.40567297e-01  -3.68642889e-01
  -3.51952998e-01  -3.51952998e-01  -1.64789841e-02   4.75378303e-02
   4.75378303e-02   8.27960763e-02   9.80798467e-02   2.14441607e-01
   2.14441607e-01   2.46328349e-01   2.61842508e-01   2.61842508e-01
   3.08757849e-01   3.08757849e-01   3.92861741e-01   6.23320761e-01
   6.23320761e-01   6.27882399e-01   7.41238528e-01   7.47581682e-01
   7.47581682e-01   8.18026575e-01   8.18026575e-01   1.18734838e+00
   1.19680280e+00   1.19680280e+00   1.21078316e+00   1.21078316e+00
   1.32641032e+00   1.43507067e+00   1.43507067e+00   1.52873603e+00
   2.18946498e+00   2.18946498e+00   2.25026905e+00   2.25026905e+00
   2.29418427e+00   2.52190290e+00   2.52190290e+00   2.52588872e+00
   2.52588872e+00   2.54288111e+00   2.54288111e+00   2.61978909e+00
   2.68518592e+00   2.68518592e+00   2.77298786e+00   3.91663556e+00
   6.14985671e+00   6.14985671e+00   6.16514212e+00   6.16514212e+00
   6.23924725e+00   8.77064533e+00   8.77064533e+00   8.81015778e+00
   8.81015778e+00   8.85202724e+00   1.16071453e+01   1.16071453e+01
   1.16510367e+01   2.56269256e+01]
E_coul = 285.801853088287
cycle= 7 E= -621.439639917063  delta_E= -1.04e-08  |g|= 4.26e-05  |ddm|= 0.000286
    CPU time for cycle= 7      0.03 sec, wall time      0.03 sec
diis-norm(errvec)=9.0606e-05
diis-c [ -2.43729004e-09  -2.27316035e-04  -6.82086698e-04  -1.43800150e-03
   3.59782029e-02  -1.74162749e-01   1.79526831e-02   1.12257927e+00]
  HOMO = -0.35195145729704  LUMO = -0.0164822612335806
  mo_energy =
[ -1.04698601e+02  -4.05003554e+01  -1.04268986e+01  -7.89338057e+00
  -7.89313864e+00  -7.89313864e+00  -2.82226973e+00  -1.54511737e+00
  -1.54505308e+00  -1.54505308e+00  -9.40569822e-01  -3.68652582e-01
  -3.51951457e-01  -3.51951457e-01  -1.64822612e-02   4.75360255e-02
   4.75360255e-02   8.27952668e-02   9.80758223e-02   2.14437321e-01
   2.14437321e-01   2.46324034e-01   2.61838111e-01   2.61838111e-01
   3.08755131e-01   3.08755131e-01   3.92860771e-01   6.23322220e-01
   6.23322220e-01   6.27881483e-01   7.41235646e-01   7.47580068e-01
   7.47580068e-01   8.18025427e-01   8.18025427e-01   1.18734098e+00
   1.19679198e+00   1.19679198e+00   1.21077229e+00   1.21077229e+00
   1.32640214e+00   1.43505675e+00   1.43505675e+00   1.52872612e+00
   2.18945966e+00   2.18945966e+00   2.25026517e+00   2.25026517e+00
   2.29418222e+00   2.52190094e+00   2.52190094e+00   2.52588488e+00
   2.52588488e+00   2.54287997e+00   2.54287997e+00   2.61978849e+00
   2.68518353e+00   2.68518353e+00   2.77298249e+00   3.91661751e+00
   6.14983530e+00   6.14983530e+00   6.16512051e+00   6.16512051e+00
   6.23922565e+00   8.77063376e+00   8.77063376e+00   8.81014969e+00
   8.81014969e+00   8.85202040e+00   1.16071344e+01   1.16071344e+01
   1.16510275e+01   2.56269157e+01]
E_coul = 285.801961700218
cycle= 8 E= -621.439639918381  delta_E= -1.32e-09  |g|= 8.06e-06  |ddm|= 0.00013
    CPU time for cycle= 8      0.03 sec, wall time      0.03 sec
diis-norm(errvec)=1.74707e-05
diis-c [ -7.85946030e-11   3.33568975e-05   8.71566646e-05  -2.23695327e-04
  -2.92628073e-03   3.35337854e-02  -6.52361653e-02  -1.80478968e-01
   1.21521081e+00]
  HOMO = -0.351951697053392  LUMO = -0.0164825997007448
  mo_energy =
[ -1.04698599e+02  -4.05003555e+01  -1.04268987e+01  -7.89338063e+00
  -7.89313867e+00  -7.89313867e+00  -2.82227055e+00  -1.54511811e+00
  -1.54505405e+00  -1.54505405e+00  -9.40570577e-01  -3.68653429e-01
  -3.51951697e-01  -3.51951697e-01  -1.64825997e-02   4.75357436e-02
   4.75357436e-02   8.27950980e-02   9.80752962e-02   2.14436883e-01
   2.14436883e-01   2.46323656e-01   2.61837523e-01   2.61837523e-01
   3.08754486e-01   3.08754486e-01   3.92860281e-01   6.23321431e-01
   6.23321431e-01   6.27880798e-01   7.41234484e-01   7.47579024e-01
   7.47579024e-01   8.18024560e-01   8.18024560e-01   1.18733990e+00
   1.19679099e+00   1.19679099e+00   1.21077126e+00   1.21077126e+00
   1.32640151e+00   1.43505572e+00   1.43505572e+00   1.52872500e+00
   2.18945838e+00   2.18945838e+00   2.25026431e+00   2.25026431e+00
   2.29418161e+00   2.52189970e+00   2.52189970e+00   2.52588344e+00
   2.52588344e+00   2.54287880e+00   2.54287880e+00   2.61978718e+00
   2.68518238e+00   2.68518238e+00   2.77298153e+00   3.91661658e+00
   6.14983442e+00   6.14983442e+00   6.16511957e+00   6.16511957e+00
   6.23922472e+00   8.77063284e+00   8.77063284e+00   8.81014911e+00
   8.81014911e+00   8.85201991e+00   1.16071339e+01   1.16071339e+01
   1.16510272e+01   2.56269152e+01]
E_coul = 285.801962184822
cycle= 9 E= -621.439639918428  delta_E= -4.74e-11  |g|= 1.33e-06  |ddm|= 1.91e-05
    CPU time for cycle= 9      0.03 sec, wall time      0.03 sec
  HOMO = -0.351951464457363  LUMO = -0.0164825816096748
  mo_energy =
[ -1.04698599e+02  -4.05003549e+01  -1.04268982e+01  -7.89338010e+00
  -7.89313815e+00  -7.89313815e+00  -2.82227032e+00  -1.54511788e+00
  -1.54505381e+00  -1.54505381e+00  -9.40570272e-01  -3.68653145e-01
  -3.51951464e-01  -3.51951464e-01  -1.64825816e-02   4.75357588e-02
   4.75357588e-02   8.27951168e-02   9.80753308e-02   2.14436899e-01
   2.14436899e-01   2.46323701e-01   2.61837531e-01   2.61837531e-01
   3.08754564e-01   3.08754564e-01   3.92860380e-01   6.23321573e-01
   6.23321573e-01   6.27881007e-01   7.41234796e-01   7.47579329e-01
   7.47579329e-01   8.18024851e-01   8.18024851e-01   1.18734009e+00
   1.19679105e+00   1.19679105e+00   1.21077135e+00   1.21077135e+00
   1.32640168e+00   1.43505583e+00   1.43505583e+00   1.52872523e+00
   2.18945881e+00   2.18945881e+00   2.25026476e+00   2.25026476e+00
   2.29418205e+00   2.52190011e+00   2.52190011e+00   2.52588383e+00
   2.52588383e+00   2.54287921e+00   2.54287921e+00   2.61978756e+00
   2.68518277e+00   2.68518277e+00   2.77298197e+00   3.91661677e+00
   6.14983463e+00   6.14983463e+00   6.16511979e+00   6.16511979e+00
   6.23922494e+00   8.77063338e+00   8.77063338e+00   8.81014964e+00
   8.81014964e+00   8.85202043e+00   1.16071344e+01   1.16071344e+01
   1.16510277e+01   2.56269157e+01]
    CPU time for scf_cycle      0.66 sec, wall time      0.66 sec
    CPU time for SCF      0.66 sec, wall time      0.67 sec
converged SCF energy = -621.439639918428
RHF E = -621.439639918
RHF eps = [ -1.04698599e+02  -4.05003549e+01  -1.04268982e+01  -7.89338010e+00
  -7.89313815e+00  -7.89313815e+00  -2.82227032e+00  -1.54511788e+00
  -1.54505381e+00  -1.54505381e+00  -9.40570272e-01  -3.68653145e-01
  -3.51951464e-01  -3.51951464e-01  -1.64825816e-02   4.75357588e-02
   4.75357588e-02   8.27951168e-02   9.80753308e-02   2.14436899e-01
   2.14436899e-01   2.46323701e-01   2.61837531e-01   2.61837531e-01
   3.08754564e-01   3.08754564e-01   3.92860380e-01   6.23321573e-01
   6.23321573e-01   6.27881007e-01   7.41234796e-01   7.47579329e-01
   7.47579329e-01   8.18024851e-01   8.18024851e-01   1.18734009e+00
   1.19679105e+00   1.19679105e+00   1.21077135e+00   1.21077135e+00
   1.32640168e+00   1.43505583e+00   1.43505583e+00   1.52872523e+00
   2.18945881e+00   2.18945881e+00   2.25026476e+00   2.25026476e+00
   2.29418205e+00   2.52190011e+00   2.52190011e+00   2.52588383e+00
   2.52588383e+00   2.54287921e+00   2.54287921e+00   2.61978756e+00
   2.68518277e+00   2.68518277e+00   2.77298197e+00   3.91661677e+00
   6.14983463e+00   6.14983463e+00   6.16511979e+00   6.16511979e+00
   6.23922494e+00   8.77063338e+00   8.77063338e+00   8.81014964e+00
   8.81014964e+00   8.85202043e+00   1.16071344e+01   1.16071344e+01
   1.16510277e+01   2.56269157e+01]
    CPU time for CCSD integral transformation      2.36 sec, wall time      2.37 sec

******** <class 'pyscf.cc.rccsd_slow.RCCSD'> flags ********
CCSD nocc = 8, nvir = 60
frozen orbitals [0, 1, 2, 3, 4, 5]
max_cycle = 50
direct = 0
conv_tol = 1e-07
conv_tol_normt = 1e-05
diis_space = 6
diis_start_cycle = 0
diis_start_energy_diff = 1e+09
Init t2, MP2 energy = -0.36326310747035
    CPU time for init mp2      0.00 sec, wall time      0.00 sec
    CPU time for update t1 t2      1.35 sec, wall time      1.36 sec
istep = 0  E(CCSD) = -0.378484815151235  dE = -0.378484815  norm(t1,t2) = 0.0522534
    CPU time for CCSD iter      1.38 sec, wall time      1.39 sec
    CPU time for update t1 t2      1.37 sec, wall time      1.37 sec
DIIS for step 1
istep = 1  E(CCSD) = -0.383319612740678  dE = -0.00483479759  norm(t1,t2) = 0.0125613
    CPU time for CCSD iter      1.39 sec, wall time      1.40 sec
    CPU time for update t1 t2      1.38 sec, wall time      1.38 sec
diis-c [ -1.97165224e-05   1.00000000e+00]
DIIS for step 2
istep = 2  E(CCSD) = -0.383977012197886  dE = -0.000657399457  norm(t1,t2) = 0.00627877
    CPU time for CCSD iter      1.41 sec, wall time      1.41 sec
    CPU time for update t1 t2      1.39 sec, wall time      1.39 sec
diis-c [ -4.01090174e-06  -6.44481649e-02   1.06444816e+00]
DIIS for step 3
istep = 3  E(CCSD) = -0.384274701923155  dE = -0.000297689725  norm(t1,t2) = 0.00278893
    CPU time for CCSD iter      1.41 sec, wall time      1.42 sec
    CPU time for update t1 t2      1.39 sec, wall time      1.40 sec
diis-c [ -4.53139179e-07  -3.00075858e-01   1.79729996e-01   1.12034586e+00]
DIIS for step 4
istep = 4  E(CCSD) = -0.384414196190043  dE = -0.000139494267  norm(t1,t2) = 0.00173335
    CPU time for CCSD iter      1.41 sec, wall time      1.42 sec
    CPU time for update t1 t2      1.38 sec, wall time      1.39 sec
diis-c [ -1.16330276e-07   2.72949963e-02  -8.92655831e-02  -1.77971709e-01
   1.23994230e+00]
DIIS for step 5
istep = 5  E(CCSD) = -0.384383555898339  dE = 3.06402917e-05  norm(t1,t2) = 0.000534404
    CPU time for CCSD iter      1.41 sec, wall time      1.41 sec
    CPU time for update t1 t2      1.38 sec, wall time      1.38 sec
diis-c [ -7.16733994e-09   8.19339852e-02  -4.27787068e-02  -3.37549114e-01
   1.95018102e-01   1.10337573e+00]
DIIS for step 6
istep = 6  E(CCSD) = -0.384364873251984  dE = 1.86826464e-05  norm(t1,t2) = 0.00023424
    CPU time for CCSD iter      1.40 sec, wall time      1.40 sec
    CPU time for update t1 t2      1.37 sec, wall time      1.38 sec
diis-c [ -1.24222932e-09  -3.70270065e-03   7.45882108e-03   1.68646731e-02
  -7.71572466e-02  -2.49632686e-02   1.08149972e+00]
DIIS for step 7
istep = 7  E(CCSD) = -0.384368794196699  dE = -3.92094472e-06  norm(t1,t2) = 5.66272e-05
    CPU time for CCSD iter      1.40 sec, wall time      1.41 sec
    CPU time for update t1 t2      1.39 sec, wall time      1.39 sec
diis-c [ -2.21540064e-10   1.08063816e+00  -8.72144966e-04   2.82532574e-03
  -1.26735445e-03  -5.21760448e-02  -2.91479385e-02]
DIIS for step 8
istep = 8  E(CCSD) = -0.38436898993632  dE = -1.9573962e-07  norm(t1,t2) = 2.36726e-05
    CPU time for CCSD iter      1.42 sec, wall time      1.42 sec
    CPU time for update t1 t2      1.39 sec, wall time      1.40 sec
diis-c [ -1.91510419e-11   3.78666629e-02   1.16506799e+00  -8.15821986e-05
   1.34659663e-02  -5.24690586e-03  -2.11072129e-01]
DIIS for step 9
istep = 9  E(CCSD) = -0.384369686503646  dE = -6.96567326e-07  norm(t1,t2) = 1.06696e-05
    CPU time for CCSD iter      1.42 sec, wall time      1.43 sec
    CPU time for update t1 t2      1.36 sec, wall time      1.37 sec
diis-c [ -3.08744696e-12  -5.59943052e-02   6.38678647e-03   1.04886506e+00
  -7.64016997e-04   1.19733990e-03   3.09138970e-04]
DIIS for step 10
istep = 10  E(CCSD) = -0.384369720532562  dE = -3.40289163e-08  norm(t1,t2) = 2.75851e-06
    CPU time for CCSD iter      1.39 sec, wall time      1.40 sec
    CPU time for CCSD     15.44 sec, wall time     15.51 sec
CCSD converged
E(CCSD) = -621.8240096389608  E_corr = -0.3843697205325624
    CPU time for EOM-CCSD shared one-electron intermediates      0.03 sec, wall time      0.03 sec
    CPU time for EOM-CCSD IP intermediates      0.11 sec, wall time      0.11 sec
tol 1e-07  toloose 0.000316228
max_cycle 50  max_space 38  max_memory 2000  incore True
davidson 0 6  |r|= 0.632  e= [ 0.41105274  0.41105274  0.42815648  0.97886643  1.60331256  1.60331256]  max|de|=  1.6  lindep=    1
davidson 1 12  |r|= 0.183  e= [ 0.33312252  0.33312252  0.34939019  0.90792265  1.42901362  1.42901362]  max|de|= -0.174  lindep= 0.772
davidson 2 18  |r|= 0.0658  e= [ 0.33301253  0.33301253  0.34908892  0.8223197   1.42905689  1.42905689]  max|de|= -0.0856  lindep= 0.775
root 0 converged  |r|= 2.49e-09  e= 0.333012569731  max|de|= 4.03e-08
root 1 converged  |r|= 2.49e-09  e= 0.333012569731  max|de|= 4.03e-08
davidson 3 24  |r|= 0.033  e= [ 0.33301257  0.33301257  0.34908377  0.82469745  1.42906348  1.42906348]  max|de|= 0.00238  lindep= 0.366
root 4 converged  |r|= 5.62e-11  e= 1.42906347663  max|de|= -1.08e-09
root 5 converged  |r|= 2.18e-10  e= 1.42906347663  max|de|= -1.08e-09
davidson 4 28  |r|= 0.123  e= [ 0.33301257  0.33301257  0.3490848   0.812275    1.42906348  1.42906348]  max|de|= -0.0124  lindep= 0.598
root 2 converged  |r|= 1.18e-05  e= 0.349084840955  max|de|= 4.3e-08
davidson 5 30  |r|= 0.00824  e= [ 0.33301257  0.33301257  0.34908484  0.80978379  1.42906348  1.42906348]  max|de|= -0.00249  lindep= 0.365
davidson 6 31  |r|= 0.00127  e= [ 0.33301257  0.33301257  0.34908483  0.81003949  1.42906348  1.42906348]  max|de|= 0.000256  lindep= 0.526
davidson 7 32  |r|= 4.19e-05  e= [ 0.33301257  0.33301257  0.34908475  0.81003331  1.42906348  1.42906348]  max|de|= -6.18e-06  lindep= 0.305
davidson 8 33  |r|= 8.94e-07  e= [ 0.33301257  0.33301257  0.34908477  0.81003296  1.42906348  1.42906348]  max|de|= -3.52e-07  lindep= 0.42
root 0 converged  |r|= 2.38e-09  e= 0.333012569716  max|de|= -1.11e-16
root 1 converged  |r|= 2.38e-09  e= 0.333012569716  max|de|= 1.11e-16
root 2 converged  |r|= 4.15e-06  e= 0.349084770946  max|de|= -7.22e-16
root 3 converged  |r|= 8.94e-07  e= 0.810032956188  max|de|= 1.22e-15
root 4 converged  |r|= 6.9e-10  e= 1.42906347663  max|de|= 4.44e-16
root 5 converged  |r|= 1.26e-10  e= 1.42906347663  max|de|= 2.22e-16
converge 9 6  |r|= 4.15e-06  e= [ 0.33301257  0.33301257  0.34908477  0.81003296  1.42906348  1.42906348]  max|de|= 1.22e-15
IP root 0 E = 0.3330125697164832  qpwt = 0.950102
IP root 1 E = 0.3330125697164816  qpwt = 0.950102
IP root 2 E = 0.34908477094638  qpwt = 0.949247
IP root 3 E = 0.8100329561884698  qpwt = 0.501101
IP root 4 E = 1.429063476633279  qpwt = 0.961133
IP root 5 E = 1.429063476633268  qpwt = 0.961133
    CPU time for IP-CCSD      0.28 sec, wall time      0.28 sec
    CPU time for EOM-CCSD shared one-electron intermediates      0.03 sec, wall time      0.03 sec
    CPU time for EOM-CCSD EA intermediates      2.05 sec, wall time      2.06 sec
tol 1e-07  toloose 0.000316228
max_cycle 50  max_space 38  max_memory 2000  incore True
davidson 0 6  |r|= 0.148  e= [-0.01480616  0.04916298  0.0491714   0.08370708  0.10141081  0.21722386]  max|de|= 0.217  lindep=    1
davidson 1 12  |r|= 0.0168  e= [-0.0209054   0.04414312  0.04426513  0.07758067  0.08929483  0.20700974]  max|de|= -0.0121  lindep= 0.98
davidson 2 18  |r|= 0.00654  e= [-0.02099377  0.04396825  0.04397188  0.07721548  0.08883961  0.2065497 ]  max|de|= -0.00046  lindep= 0.932
root 0 converged  |r|= 0.000309  e= -0.0209937358805  max|de|= 3.12e-08
davidson 3 24  |r|= 0.00126  e= [-0.02099374  0.04397345  0.04397347  0.07721287  0.08883523  0.20651568]  max|de|= -3.4e-05  lindep= 0.816
root 4 converged  |r|= 0.000161  e= 0.0888351911336  max|de|= -3.46e-08
davidson 4 29  |r|= 0.000443  e= [-0.02099359  0.04397385  0.04397391  0.07721323  0.08883519  0.2065156 ]  max|de|= 4.45e-07  lindep= 0.879
root 1 converged  |r|= 8.16e-06  e= 0.0439737809141  max|de|= -7e-08
davidson 5 33  |r|= 4.54e-05  e= [-0.02099363  0.04397378  0.04397378  0.0772131   0.088835    0.20651485]  max|de|= -7.5e-07  lindep= 0.84
root 0 converged  |r|= 6.55e-05  e= -0.020993625457  max|de|= -3.57e-16
root 1 converged  |r|= 8.16e-06  e= 0.0439737809141  max|de|= 2.57e-16
root 2 converged  |r|= 1.76e-05  e= 0.0439737825863  max|de|= -9.02e-17
root 3 converged  |r|= 9.09e-06  e= 0.077213097907  max|de|= -2.64e-16
root 4 converged  |r|= 0.000139  e= 0.0888349965626  max|de|= -6.11e-16
root 5 converged  |r|= 4.54e-05  e= 0.206514845814  max|de|= -4.16e-16
converge 6 6  |r|= 0.000139  e= [-0.02099363  0.04397378  0.04397378  0.0772131   0.088835    0.20651485]  max|de|= -6.11e-16
EA root 0 E = -0.02099362545697506  qpwt = 0.996766
EA root 1 E = 0.04397378091409907  qpwt = 0.997056
EA root 2 E = 0.04397378258627642  qpwt = 0.997056
EA root 3 E = 0.0772130979069828  qpwt = 0.996947
EA root 4 E = 0.08883499656255177  qpwt = 0.995065
EA root 5 E = 0.2065148458136037  qpwt = 0.993633
    CPU time for EA-CCSD      3.64 sec, wall time      3.65 sec
