

******** <class 'pyscf.scf.hf.RHF'> flags ********
method = RHF
initial guess = minao
damping factor = 0
level shift factor = 0
Do DIIS = True
DIIS start cycle = 1
DIIS space = 8
SCF tol = 1e-09
SCF gradient tol = None
max. SCF cycles = 50
direct_scf = True
direct_scf_tol = 1e-13
chkfile to save SCF result = /tmp/tmpV_VVeh
max_memory 4000 MB (current use 39 MB)
Set gradient conv threshold to 3.16228e-05
Nelec from initial guess = 9.99963
cond(S) = 90.163976743
E_coul = 55.0771739757452
init E= -128.526162296164
    CPU time for initialize scf      0.04 sec, wall time      0.35 sec
  HOMO = -0.775451134361622  LUMO = 0.82021235346237
  mo_energy =
[-32.55683135  -1.85226495  -0.77545113  -0.77545113  -0.77545113
   0.82021235   0.83948603   0.83948603   0.83948603   2.85895367
   2.85895367   2.85895367   2.85895367   2.85895367   4.40523976
   4.40523976   4.40523976   4.89331421   9.72017541   9.72017541
   9.72017541   9.72017541   9.72017541   9.72017541   9.72017541
  11.33465817  11.33465817  11.33465817  11.33465817  11.33465817
  73.61201907]
E_coul = 53.549569263329
cycle= 1 E= -128.538010233108  delta_E= -0.0118  |g|= 0.195  |ddm|= 0.177
    CPU time for cycle= 1      0.00 sec, wall time      0.01 sec
diis-norm(errvec)=0.294168
diis-c [-0.08653468  1.        ]
  HOMO = -0.884329579111259  LUMO = 0.789979146710157
  mo_energy =
[-32.87789926  -1.96596544  -0.88432958  -0.88432958  -0.88432958
   0.78997915   0.81157207   0.81157207   0.81157207   2.79056569
   2.79056569   2.79056569   2.79056569   2.79056569   4.28061052
   4.28061052   4.28061052   4.78383672   9.60931345   9.60931345
   9.60931345   9.60931345   9.60931345   9.60931345   9.60931345
  11.17111743  11.17111743  11.17111743  11.17111743  11.17111743
  73.30637973]
E_coul = 54.3035193249945
cycle= 2 E= -128.540587784304  delta_E= -0.00258  |g|= 0.0986  |ddm|= 0.0815
    CPU time for cycle= 2      0.01 sec, wall time      0.01 sec
diis-norm(errvec)=0.14927
diis-c [ -1.16528970e-05   3.36577214e-01   6.63422786e-01]
  HOMO = -0.848857101683225  LUMO = 0.799590015496032
  mo_energy =
[-32.77099275  -1.92860394  -0.8488571   -0.8488571   -0.8488571
   0.79959002   0.82059733   0.82059733   0.82059733   2.81220054
   2.81220054   2.81220054   2.81220054   2.81220054   4.32115999
   4.32115999   4.32115999   4.81954064   9.64475519   9.64475519
   9.64475519   9.64475519   9.64475519   9.64475519   9.64475519
  11.22474924  11.22474924  11.22474924  11.22474924  11.22474924
  73.40755619]
E_coul = 54.046944543036
cycle= 3 E= -128.541492738119  delta_E= -0.000905  |g|= 0.000376  |ddm|= 0.0278
    CPU time for cycle= 3      0.00 sec, wall time      0.01 sec
diis-norm(errvec)=0.000399191
diis-c [ -6.73218824e-08  -2.79033183e-02  -5.38336401e-02   1.08173696e+00]
  HOMO = -0.84908268216398  LUMO = 0.799547816447883
  mo_energy =
[-32.77122321  -1.92874512  -0.84908268  -0.84908268  -0.84908268
   0.79954782   0.82056638   0.82056638   0.82056638   2.81204365
   2.81204365   2.81204365   2.81204365   2.81204365   4.32099854
   4.32099854   4.32099854   4.81940928   9.64453718   9.64453718
   9.64453718   9.64453718   9.64453718   9.64453718   9.64453718
  11.22452759  11.22452759  11.22452759  11.22452759  11.22452759
  73.40731354]
E_coul = 54.046896307113
cycle= 4 E= -128.541492758329  delta_E= -2.02e-08  |g|= 3.84e-05  |ddm|= 0.000329
    CPU time for cycle= 4      0.01 sec, wall time      0.01 sec
diis-norm(errvec)=5.46887e-05
diis-c [ -5.18933174e-10   5.76227286e-04   1.24548759e-03  -1.27764204e-01
   1.12594249e+00]
  HOMO = -0.849098417412988  LUMO = 0.799541831372746
  mo_energy =
[-32.77123745  -1.92875261  -0.84909842  -0.84909842  -0.84909842
   0.79954183   0.82055788   0.82055788   0.82055788   2.81202735
   2.81202735   2.81202735   2.81202735   2.81202735   4.32097786
   4.32097786   4.32097786   4.81939423   9.64451313   9.64451313
   9.64451313   9.64451313   9.64451313   9.64451313   9.64451313
  11.22450256  11.22450256  11.22450256  11.22450256  11.22450256
  73.40729879]
E_coul = 54.0469483675436
cycle= 5 E= -128.541492758574  delta_E= -2.45e-10  |g|= 4.38e-06  |ddm|= 3.06e-05
    CPU time for cycle= 5      0.00 sec, wall time      0.01 sec
  HOMO = -0.849096118004419  LUMO = 0.79954316961017
  mo_energy =
[-32.77123424  -1.9287496   -0.84909612  -0.84909612  -0.84909612
   0.79954317   0.82055875   0.82055875   0.82055875   2.81202964
   2.81202964   2.81202964   2.81202964   2.81202964   4.32098047
   4.32098047   4.32098047   4.81939705   9.64451641   9.64451641
   9.64451641   9.64451641   9.64451641   9.64451641   9.64451641
  11.2245061   11.2245061   11.2245061   11.2245061   11.2245061
  73.40730195]
    CPU time for scf_cycle      0.07 sec, wall time      0.38 sec
    CPU time for SCF      0.07 sec, wall time      0.38 sec
converged SCF energy = -128.541492758574
RHF E = -128.541492759
RHF eps = [-32.77123424  -1.9287496   -0.84909612  -0.84909612  -0.84909612
   0.79954317   0.82055875   0.82055875   0.82055875   2.81202964
   2.81202964   2.81202964   2.81202964   2.81202964   4.32098047
   4.32098047   4.32098047   4.81939705   9.64451641   9.64451641
   9.64451641   9.64451641   9.64451641   9.64451641   9.64451641
  11.2245061   11.2245061   11.2245061   11.2245061   11.2245061
  73.40730195]
    CPU time for CCSD integral transformation      0.11 sec, wall time      0.13 sec

******** <class 'pyscf.cc.rccsd_slow.RCCSD'> flags ********
CCSD nocc = 4, nvir = 26
frozen orbitals [0]
max_cycle = 50
direct = 0
conv_tol = 1e-07
conv_tol_normt = 1e-05
diis_space = 6
diis_start_cycle = 0
diis_start_energy_diff = 1e+09
Init t2, MP2 energy = -0.261626434829338
    CPU time for init mp2      0.00 sec, wall time      0.00 sec
    CPU time for update t1 t2      0.07 sec, wall time      0.07 sec
istep = 0  E(CCSD) = -0.261389656360533  dE = -0.261389656  norm(t1,t2) = 0.0284079
    CPU time for CCSD iter      0.07 sec, wall time      0.07 sec
    CPU time for update t1 t2      0.07 sec, wall time      0.07 sec
DIIS for step 1
istep = 1  E(CCSD) = -0.264114146135504  dE = -0.00272448977  norm(t1,t2) = 0.00625823
    CPU time for CCSD iter      0.07 sec, wall time      0.07 sec
    CPU time for update t1 t2      0.07 sec, wall time      0.07 sec
diis-c [ -2.27891011e-06   1.00000000e+00]
DIIS for step 2
istep = 2  E(CCSD) = -0.264205431357071  dE = -9.12852216e-05  norm(t1,t2) = 0.00212181
    CPU time for CCSD iter      0.08 sec, wall time      0.07 sec
    CPU time for update t1 t2      0.06 sec, wall time      0.07 sec
diis-c [ -1.97983935e-07  -1.19199948e-01   1.11919995e+00]
DIIS for step 3
istep = 3  E(CCSD) = -0.264346496205896  dE = -0.000141064849  norm(t1,t2) = 0.000571781
    CPU time for CCSD iter      0.06 sec, wall time      0.07 sec
    CPU time for update t1 t2      0.07 sec, wall time      0.07 sec
diis-c [ -5.67316416e-10  -9.19184339e-02  -8.58957593e-03   1.10050801e+00]
DIIS for step 4
istep = 4  E(CCSD) = -0.264362883477338  dE = -1.63872714e-05  norm(t1,t2) = 0.000184065
    CPU time for CCSD iter      0.08 sec, wall time      0.07 sec
    CPU time for update t1 t2      0.06 sec, wall time      0.07 sec
diis-c [ -7.14658888e-12   2.52216677e-02  -7.44537628e-03  -2.61779015e-01
   1.24400272e+00]
DIIS for step 5
istep = 5  E(CCSD) = -0.264361017487635  dE = 1.8659897e-06  norm(t1,t2) = 8.73402e-06
    CPU time for CCSD iter      0.07 sec, wall time      0.07 sec
    CPU time for update t1 t2      0.06 sec, wall time      0.07 sec
diis-c [ -2.07195372e-13   4.93579031e-04  -8.39999321e-04  -5.56543230e-03
  -4.62539421e-02   1.05216579e+00]
DIIS for step 6
istep = 6  E(CCSD) = -0.264361328747814  dE = -3.1126018e-07  norm(t1,t2) = 9.3726e-07
    CPU time for CCSD iter      0.06 sec, wall time      0.07 sec
    CPU time for update t1 t2      0.08 sec, wall time      0.07 sec
diis-c [ -1.94289029e-15  -6.89282066e-04   2.84588055e-04   7.64132377e-03
  -2.32273631e-02  -1.71883637e-01   1.18787437e+00]
DIIS for step 7
istep = 7  E(CCSD) = -0.264361337378861  dE = -8.63104732e-09  norm(t1,t2) = 1.41825e-07
    CPU time for CCSD iter      0.08 sec, wall time      0.07 sec
    CPU time for CCSD      0.57 sec, wall time      0.57 sec
CCSD converged
E(CCSD) = -128.8058540959533  E_corr = -0.2643613373788615
    CPU time for EOM-CCSD shared one-electron intermediates      0.00 sec, wall time      0.00 sec
    CPU time for EOM-CCSD IP intermediates      0.01 sec, wall time      0.00 sec
tol 1e-07  toloose 0.000316228
max_cycle 50  max_space 35  max_memory 2000  incore True
davidson 0 5  |r|= 0.674  e= [  0.92947038   0.92947038   0.92947038   1.97954331  75.10549415]  max|de|= 75.1  lindep=    1
davidson 1 10  |r|= 0.0367  e= [  0.76079887   0.76079887   0.76079887   1.76862404  75.10549354]  max|de|= -0.211  lindep= 0.00173
root 4 converged  |r|= 2.8e-07  e= 75.1054935374  max|de|= 2.44e-12
davidson 2 15  |r|= 2.31e-05  e= [  0.76082745   0.76082745   0.76082745   1.76764999  75.10549354]  max|de|= -0.000974  lindep= 0.73
root 0 converged  |r|= 6.69e-08  e= 0.760827453436  max|de|= 3.22e-15
root 1 converged  |r|= 6.69e-08  e= 0.760827453436  max|de|= -1.55e-15
root 2 converged  |r|= 6.69e-08  e= 0.760827453436  max|de|= 1.22e-15
davidson 3 16  |r|= 6.69e-08  e= [  0.76082745   0.76082745   0.76082745   1.76765041  75.10549354]  max|de|= 4.3e-07  lindep=    1
Linear dependency in trial subspace. |r| for each state [6.6899005056837936e-08, 6.6899004156738322e-08, 6.6899005049980199e-08, 1.721637209282608e-12, 0]
IP root 0 E = 0.7608274534364168  qpwt = 0.957901
IP root 1 E = 0.7608274534364207  qpwt = 0.957901
IP root 2 E = 0.7608274534364169  qpwt = 0.957901
IP root 3 E = 1.767650414768723  qpwt = 0.937828
IP root 4 E = 75.10549353741612  qpwt = 5.02988e-24
    CPU time for IP-CCSD      0.03 sec, wall time      0.03 sec
    CPU time for EOM-CCSD shared one-electron intermediates      0.00 sec, wall time      0.00 sec
    CPU time for EOM-CCSD EA intermediates      0.09 sec, wall time      0.09 sec
tol 1e-07  toloose 0.000316228
max_cycle 50  max_space 38  max_memory 2000  incore True
davidson 0 6  |r|= 0.495  e= [ 0.80978681  0.83787498  0.83787498  0.83787498  2.81983773  2.81983773]  max|de|= 2.82  lindep=    1
davidson 1 11  |r|= 0.378  e= [ 0.76949477  0.80594684  0.80594684  0.83787498  2.7400346   2.7400351 ]  max|de|= -0.0798  lindep= 0.905
davidson 2 17  |r|= 0.0463  e= [ 0.7690986   0.80539855  0.80594684  0.80539855  2.73975296  2.73975337]  max|de|= -0.0325  lindep= 0.906
davidson 3 23  |r|= 0.00604  e= [ 0.76913801  0.8053855   0.80539855  0.8053855   2.73978803  2.73978174]  max|de|= -0.000548  lindep= 0.318
davidson 4 29  |r|= 0.000337  e= [ 0.76913714  0.80538518  0.80538518  0.80538518  2.73978977  2.73979013]  max|de|= -1.34e-05  lindep= 0.0551
root 0 converged  |r|= 3.37e-08  e= 0.769137137551  max|de|= -2.93e-09
root 1 converged  |r|= 1.7e-10  e= 0.805385177396  max|de|= -1.89e-15
root 3 converged  |r|= 1.7e-10  e= 0.805385177396  max|de|= 5.55e-16
davidson 5 32  |r|= 2.92e-05  e= [ 0.76913714  0.80538518  0.8053855   0.80538518  2.73979157  2.73979157]  max|de|= 1.8e-06  lindep= 0.804
root 4 converged  |r|= 1.01e-08  e= 2.73979157077  max|de|= 9.33e-15
root 5 converged  |r|= 1.01e-08  e= 2.73979157077  max|de|= 5.77e-15
davidson 6 33  |r|= 1.01e-08  e= [ 0.76913714  0.80538518  0.80538518  0.80538518  2.73979157  2.73979157]  max|de|= -3.23e-07  lindep=    1
Linear dependency in trial subspace. |r| for each state [0, 0, 1.6971250663194235e-10, 0, 1.0123861110253955e-08, 1.0104288795162418e-08]
EA root 0 E = 0.7691371375513576  qpwt = 0.994296
EA root 1 E = 0.8053851773964913  qpwt = 0.995084
EA root 2 E = 0.805385177396488  qpwt = 0.995084
EA root 3 E = 0.8053851773964921  qpwt = 0.995084
EA root 4 E = 2.73979157076834  qpwt = 0.978446
EA root 5 E = 2.73979157076834  qpwt = 0.978446
    CPU time for EA-CCSD      0.19 sec, wall time      0.20 sec
