

******** <class 'pyscf.scf.hf.RHF'> flags ********
method = RHF
initial guess = minao
damping factor = 0
level shift factor = 0
Do DIIS = True
DIIS start cycle = 1
DIIS space = 8
SCF tol = 1e-09
SCF gradient tol = None
max. SCF cycles = 50
direct_scf = True
direct_scf_tol = 1e-13
chkfile to save SCF result = /tmp/tmpWNNJ8K
max_memory 4000 MB (current use 39 MB)
Set gradient conv threshold to 3.16228e-05
Nelec from initial guess = 17.9981
cond(S) = 1280.48062356
E_coul = 148.256666707336
init E= -342.193417664143
    CPU time for initialize scf      0.48 sec, wall time      0.64 sec
  HOMO = -0.299505541938385  LUMO = 0.0938070101044012
  mo_energy =
[-79.91054774  -7.50769643  -5.38509899  -5.38509889  -5.3845643
  -0.98715619  -0.45913226  -0.45912922  -0.29950554   0.09380701
   0.09380765   0.10731827   0.2886465    0.2886466    0.33629448
   0.38187063   0.38631908   0.38632128   0.44482534   0.44482547
   0.51516458   0.6466581    0.7405555    0.74055767   0.9226735
   0.96286995   0.96288639   1.0720819    1.07208875   1.19916885
   1.2781161    1.27812947   1.39290041   1.43129409   1.43129912
   1.50299954   1.55353495   1.72016304   1.7201713    1.78151564
   1.78151595   1.79114509   1.80890672   1.89570236   1.89572033
   2.00348797   2.25686871   2.25687903   2.91745199   2.93542764
   2.935443     3.44071809   3.44072236   3.45602791   3.49940442
   3.4994136    3.74062681   3.81504178   3.81506596   3.87872968
   3.89601217   3.96748257   3.96749485   4.09231143   4.19504264
   4.20835363   4.20836436   4.29937586   4.29940464   4.45349738
   4.47517088   4.47518313   4.66753545   4.90666161   4.9066978
   6.32240844   6.35175866   6.3517843    7.06680943   7.06682784
   8.10433552   8.36905352   8.36906656  16.65506254]
E_coul = 148.030189594711
cycle= 1 E= -342.468118897607  delta_E= -0.275  |g|= 0.167  |ddm|= 1.14
    CPU time for cycle= 1      0.05 sec, wall time      0.05 sec
diis-norm(errvec)=0.562638
diis-c [-0.31656153  1.        ]
  HOMO = -0.390397837069796  LUMO = 0.128362690909563
  mo_energy =
[-79.96560348  -7.50434929  -5.3972698   -5.39726973  -5.39584397
  -0.8733011   -0.5319201   -0.53191856  -0.39039784   0.12836269
   0.13854195   0.13854219   0.28379045   0.28379086   0.34610986
   0.39600557   0.39706383   0.39706573   0.46767387   0.46767402
   0.55536849   0.65559045   0.75919663   0.75919841   0.92089432
   0.96806218   0.96808029   1.07524815   1.07525479   1.20652851
   1.28717335   1.28718786   1.40791712   1.45036085   1.45036589
   1.52300309   1.57615192   1.73367966   1.7336909    1.79710617
   1.79710785   1.80535911   1.82648725   1.91554068   1.91555822
   2.02325274   2.2765401    2.27655059   2.92714658   2.94426075
   2.9442796    3.44589907   3.44590646   3.46391613   3.50856254
   3.50857068   3.74654512   3.82891539   3.8289401    3.89079676
   3.90965557   3.97561303   3.97562524   4.10596686   4.19087244
   4.2089596    4.20897348   4.3083674    4.30839797   4.45387445
   4.47740153   4.47741656   4.66766427   4.90673471   4.9067744
   6.33046004   6.35466828   6.35469427   7.07382129   7.07383975
   8.10752702   8.36569221   8.36570638  16.65548886]
E_coul = 148.361182379668
cycle= 2 E= -342.481849335525  delta_E= -0.0137  |g|= 0.0545  |ddm|= 0.142
    CPU time for cycle= 2      0.04 sec, wall time      0.05 sec
diis-norm(errvec)=0.186463
diis-c [-0.03247611 -0.09869678  1.09869678]
  HOMO = -0.388125940501915  LUMO = 0.137395403713686
  mo_energy =
[-79.93151652  -7.48091624  -5.37418251  -5.37418239  -5.37339894
  -0.8519363   -0.51685215  -0.51685109  -0.38812594   0.1373954
   0.14719452   0.14719485   0.29002352   0.29002368   0.34719301
   0.41102973   0.41103143   0.41107692   0.47288547   0.47288573
   0.57327492   0.66255661   0.76852617   0.76852827   0.9398846
   0.98382022   0.98383754   1.09036297   1.09036992   1.22114187
   1.29753472   1.29754853   1.42754402   1.46244057   1.46244524
   1.53516426   1.5875758    1.74866936   1.74867717   1.80747664
   1.80747769   1.81447201   1.83965974   1.92815511   1.92817322
   2.02665899   2.28589146   2.2859017    2.95823821   2.97557779
   2.97559631   3.47658894   3.47659578   3.4983775    3.54010629
   3.54011459   3.77457504   3.86068817   3.86071258   3.91999497
   3.94891956   4.01174463   4.01175653   4.14285728   4.2217576
   4.24065261   4.2406663    4.34262218   4.34265204   4.48278136
   4.50526183   4.50527637   4.70018295   4.93743023   4.9374693
   6.35073572   6.37446159   6.37448787   7.08984597   7.08986408
   8.12621262   8.39055407   8.39056813  16.67764937]
E_coul = 148.299199713364
cycle= 3 E= -342.48349883368  delta_E= -0.00165  |g|= 0.0183  |ddm|= 0.0652
    CPU time for cycle= 3      0.05 sec, wall time      0.05 sec
diis-norm(errvec)=0.060525
diis-c [ -1.07384251e-03  -9.36885107e-02  -5.00377908e-02   1.14372630e+00]
  HOMO = -0.387990594443235  LUMO = 0.137408123120397
  mo_energy =
[-79.94102275  -7.48602291  -5.3796784   -5.37967828  -5.37902587
  -0.85242319  -0.51939591  -0.51939492  -0.38799059   0.13740812
   0.14873631   0.14873674   0.28934504   0.28934512   0.34725993
   0.41101505   0.41138674   0.41138837   0.47387065   0.473871
   0.57291553   0.66195153   0.76869703   0.76869916   0.93932254
   0.98363125   0.98364848   1.08980331   1.08981025   1.22122234
   1.29771182   1.29772576   1.42625014   1.46130366   1.4613083
   1.53563479   1.58746302   1.74839333   1.74840169   1.80675334
   1.8067537    1.81418112   1.83818702   1.92789222   1.92791032
   2.02684307   2.28567881   2.285689     2.95978931   2.97715788
   2.97717623   3.47711511   3.47712166   3.49812225   3.54091075
   3.54091921   3.77553013   3.86217645   3.86220097   3.92151924
   3.94926156   4.01301154   4.01302345   4.14421869   4.22365301
   4.24175573   4.24176918   4.34372611   4.34375599   4.48397082
   4.50632913   4.50634342   4.70062656   4.93814802   4.93818687
   6.3475128    6.37090495   6.37093132   7.08769458   7.08771267
   8.12276389   8.38593074   8.38594484  16.6735352 ]
E_coul = 148.307200857829
cycle= 4 E= -342.48371577994  delta_E= -0.000217  |g|= 0.00286  |ddm|= 0.0259
    CPU time for cycle= 4      0.04 sec, wall time      0.05 sec
diis-norm(errvec)=0.00949299
diis-c [ -3.33042049e-05   1.40100458e-02   3.85452541e-03  -2.61997275e-01
   1.24413270e+00]
  HOMO = -0.388462082002105  LUMO = 0.137095431957351
  mo_energy =
[-79.94188201  -7.48713397  -5.38077374  -5.38077362  -5.38000262
  -0.85307599  -0.52002572  -0.52002472  -0.38846208   0.13709543
   0.148439     0.14843943   0.28901497   0.28901505   0.34715688
   0.41067192   0.41087455   0.41087619   0.47361111   0.47361146
   0.57225784   0.66147481   0.7682422    0.76824431   0.93858293
   0.98311438   0.98313162   1.08924008   1.08924702   1.22077755
   1.29720448   1.29721843   1.42572278   1.46050407   1.46050872
   1.53511229   1.58688071   1.74771893   1.74772734   1.80597764
   1.80597796   1.81324913   1.83764665   1.92735128   1.92736937
   2.02622601   2.28505996   2.28507017   2.95908402   2.97647935
   2.97649773   3.47636782   3.47637439   3.49731498   3.54013536
   3.5401438    3.77481926   3.86133526   3.86135978   3.92066008
   3.94844288   4.01225208   4.012264     4.14339462   4.2230641
   4.24115382   4.24116728   4.34293347   4.34296339   4.48337421
   4.50570742   4.50572171   4.69999412   4.93749483   4.93753369
   6.34666399   6.36976831   6.36979468   7.08663525   7.08665335
   8.12197649   8.38485256   8.38486667  16.67251683]
E_coul = 148.305622180739
cycle= 5 E= -342.483722414514  delta_E= -6.63e-06  |g|= 0.000498  |ddm|= 0.00601
    CPU time for cycle= 5      0.05 sec, wall time      0.05 sec
diis-norm(errvec)=0.00156331
diis-c [ -5.31713276e-07  -1.56772903e-03  -8.27929861e-04   3.96892713e-02
  -3.10893000e-01   1.27359939e+00]
  HOMO = -0.38849907348183  LUMO = 0.137083513300205
  mo_energy =
[-79.94204997  -7.48715463  -5.38078687  -5.38078675  -5.38001354
  -0.85308857  -0.51999792  -0.51999692  -0.38849907   0.13708351
   0.14845374   0.14845417   0.28903048   0.28903056   0.34714534
   0.4107173    0.41089242   0.41089406   0.47362191   0.47362226
   0.57225943   0.66146244   0.76824702   0.76824913   0.93860892
   0.98314085   0.98315809   1.08927224   1.08927918   1.22080507
   1.29721408   1.29722803   1.4257748    1.46050524   1.46050989
   1.53514871   1.58688459   1.74775095   1.74775936   1.8059742
   1.80597453   1.81321285   1.83766917   1.92738001   1.9273981
   2.02620581   2.28506517   2.28507538   2.95916188   2.97656064
   2.97657901   3.47644079   3.47644736   3.49740582   3.54020604
   3.54021448   3.77488226   3.86140117   3.8614257    3.92071098
   3.94854814   4.01235135   4.01236328   4.14348352   4.22316109
   4.24124985   4.24126331   4.34301848   4.3430484    4.483456
   4.50578723   4.50580151   4.70008821   4.93758458   4.93762344
   6.34671935   6.36978298   6.36980936   7.08665772   7.08667583
   8.1220001    8.38484555   8.38485966  16.67250703]
E_coul = 148.305672269149
cycle= 6 E= -342.483722597215  delta_E= -1.83e-07  |g|= 7.02e-05  |ddm|= 0.00121
    CPU time for cycle= 6      0.05 sec, wall time      0.05 sec
diis-norm(errvec)=0.000196324
diis-c [ -1.72323950e-08  -1.50520273e-04   2.55121015e-04   5.11094547e-04
   1.37500888e-02  -1.66610281e-01   1.15224450e+00]
  HOMO = -0.388499440012193  LUMO = 0.137081143532765
  mo_energy =
[-79.94195797  -7.48712006  -5.38074862  -5.3807485   -5.37997829
  -0.85309021  -0.51999145  -0.51999046  -0.38849944   0.13708114
   0.14845511   0.14845555   0.28903145   0.28903153   0.34714318
   0.41071937   0.41089419   0.41089582   0.47362524   0.47362559
   0.5722578    0.66146273   0.76824825   0.76825037   0.93860799
   0.98313876   0.983156     1.08927283   1.08927977   1.22080381
   1.29721637   1.29723032   1.42577799   1.46051054   1.46051519
   1.53515149   1.58688772   1.74775452   1.74776293   1.80598068
   1.80598101   1.8132158    1.83767128   1.92738213   1.92740022
   2.02621096   2.2850699    2.28508012   2.95915964   2.97655884
   2.97657721   3.47643795   3.47644451   3.49740235   3.54020342
   3.54021187   3.77487952   3.86140105   3.86142558   3.92071052
   3.94854574   4.01234863   4.01236056   4.14348257   4.22316049
   4.24124745   4.2412609    4.34302084   4.34305076   4.48345467
   4.50578851   4.5058028    4.7000892    4.93758627   4.93762513
   6.34673848   6.36979975   6.36982613   7.08667511   7.08669322
   8.1220262    8.38486966   8.38488377  16.67253168]
E_coul = 148.305528919173
cycle= 7 E= -342.483722599675  delta_E= -2.46e-09  |g|= 1.83e-05  |ddm|= 0.000109
    CPU time for cycle= 7      0.04 sec, wall time      0.05 sec
diis-norm(errvec)=3.918e-05
diis-c [ -9.52628337e-10   3.28130143e-05   4.86734543e-05  -1.21597116e-03
   9.41346485e-03  -3.87162268e-02  -1.48416633e-02   1.04527891e+00]
  HOMO = -0.388503051023935  LUMO = 0.137080791281895
  mo_energy =
[-79.94199048  -7.48713607  -5.38076538  -5.38076527  -5.37999518
  -0.85309224  -0.51999239  -0.51999139  -0.38850305   0.13708079
   0.14845393   0.14845437   0.28903127   0.28903135   0.34714183
   0.41071851   0.41089252   0.41089415   0.47362373   0.47362408
   0.57225676   0.66146173   0.76824722   0.76824934   0.93860804
   0.9831383    0.98315554   1.08927209   1.08927903   1.22080291
   1.2972149    1.29722885   1.42577596   1.46050631   1.46051096
   1.53514897   1.58688532   1.74775164   1.74776005   1.80597713
   1.80597745   1.81321306   1.83766784   1.92738016   1.92739825
   2.02620791   2.2850669    2.28507711   2.9591598    2.97655929
   2.97657766   3.47643839   3.47644495   3.49740291   3.54020345
   3.5402119    3.77487966   3.86140038   3.86142491   3.92070999
   3.94854553   4.01234912   4.01236105   4.14348175   4.22316158
   4.24124772   4.24126118   4.34301942   4.34304934   4.4834545
   4.50578821   4.5058025    4.70008883   4.93758531   4.93762417
   6.34672886   6.36978964   6.36981602   7.08666529   7.0866834    8.122014
   8.38485796   8.38487207  16.67251966]
E_coul = 148.305591355831
cycle= 8 E= -342.483722599766  delta_E= -9.13e-11  |g|= 3.89e-06  |ddm|= 1.95e-05
    CPU time for cycle= 8      0.05 sec, wall time      0.05 sec
  HOMO = -0.388502189100361  LUMO = 0.137081039358679
  mo_energy =
[-79.94198376  -7.48713214  -5.3807614   -5.38076128  -5.37999111
  -0.85309132  -0.51999189  -0.5199909   -0.38850219   0.13708104
   0.14845448   0.14845491   0.28903142   0.2890315    0.34714222
   0.41071928   0.41089313   0.41089477   0.47362439   0.47362474
   0.57225724   0.66146222   0.76824774   0.76824986   0.93860819
   0.98313853   0.98315577   1.08927244   1.08927938   1.22080326
   1.29721551   1.29722945   1.42577694   1.46050773   1.46051238
   1.53515002   1.58688636   1.74775267   1.74776108   1.80597836
   1.80597868   1.81321394   1.83766909   1.92738116   1.92739925
   2.02620914   2.28506807   2.28507828   2.95915985   2.97655931
   2.97657768   3.47643843   3.47644499   3.49740302   3.54020355
   3.540212     3.77487975   3.86140066   3.86142519   3.92071022
   3.94854575   4.01234917   4.0123611    4.14348203   4.22316148
   4.24124776   4.24126122   4.34301988   4.3430498    4.48345459
   4.5057885    4.50580278   4.70008908   4.93758566   4.93762452
   6.34673168   6.36979229   6.36981867   7.08666799   7.08668609
   8.12201732   8.38486076   8.38487487  16.67252275]
    CPU time for scf_cycle      0.86 sec, wall time      1.02 sec
    CPU time for SCF      0.86 sec, wall time      1.02 sec
converged SCF energy = -342.483722599766
RHF E = -342.4837226
RHF eps = [-79.94198376  -7.48713214  -5.3807614   -5.38076128  -5.37999111
  -0.85309132  -0.51999189  -0.5199909   -0.38850219   0.13708104
   0.14845448   0.14845491   0.28903142   0.2890315    0.34714222
   0.41071928   0.41089313   0.41089477   0.47362439   0.47362474
   0.57225724   0.66146222   0.76824774   0.76824986   0.93860819
   0.98313853   0.98315577   1.08927244   1.08927938   1.22080326
   1.29721551   1.29722945   1.42577694   1.46050773   1.46051238
   1.53515002   1.58688636   1.74775267   1.74776108   1.80597836
   1.80597868   1.81321394   1.83766909   1.92738116   1.92739925
   2.02620914   2.28506807   2.28507828   2.95915985   2.97655931
   2.97657768   3.47643843   3.47644499   3.49740302   3.54020355
   3.540212     3.77487975   3.86140066   3.86142519   3.92071022
   3.94854575   4.01234917   4.0123611    4.14348203   4.22316148
   4.24124776   4.24126122   4.34301988   4.3430498    4.48345459
   4.5057885    4.50580278   4.70008908   4.93758566   4.93762452
   6.34673168   6.36979229   6.36981867   7.08666799   7.08668609
   8.12201732   8.38486076   8.38487487  16.67252275]
    CPU time for CCSD integral transformation      4.26 sec, wall time      4.36 sec

******** <class 'pyscf.cc.rccsd_slow.RCCSD'> flags ********
CCSD nocc = 4, nvir = 75
frozen orbitals [0, 1, 2, 3, 4]
max_cycle = 50
direct = 0
conv_tol = 1e-07
conv_tol_normt = 1e-05
diis_space = 6
diis_start_cycle = 0
diis_start_energy_diff = 1e+09
Init t2, MP2 energy = -0.170446966300334
    CPU time for init mp2      0.01 sec, wall time      0.00 sec
    CPU time for update t1 t2      2.09 sec, wall time      2.10 sec
istep = 0  E(CCSD) = -0.191002319150326  dE = -0.191002319  norm(t1,t2) = 0.0691009
    CPU time for CCSD iter      2.14 sec, wall time      2.14 sec
    CPU time for update t1 t2      2.09 sec, wall time      2.10 sec
DIIS for step 1
istep = 1  E(CCSD) = -0.196434243401412  dE = -0.00543192425  norm(t1,t2) = 0.0235356
    CPU time for CCSD iter      2.14 sec, wall time      2.15 sec
    CPU time for update t1 t2      2.08 sec, wall time      2.09 sec
diis-c [ -5.99031646e-05   1.00000000e+00]
DIIS for step 2
istep = 2  E(CCSD) = -0.197968078791916  dE = -0.00153383539  norm(t1,t2) = 0.0105607
    CPU time for CCSD iter      2.13 sec, wall time      2.13 sec
    CPU time for update t1 t2      2.09 sec, wall time      2.09 sec
diis-c [ -1.63116481e-06  -8.21627846e-01   1.82162785e+00]
DIIS for step 3
istep = 3  E(CCSD) = -0.199012093189011  dE = -0.0010440144  norm(t1,t2) = 0.00504852
    CPU time for CCSD iter      2.14 sec, wall time      2.14 sec
    CPU time for update t1 t2      2.06 sec, wall time      2.06 sec
diis-c [ -1.81975580e-07   3.39706922e-01  -8.16864385e-01   1.47715746e+00]
DIIS for step 4
istep = 4  E(CCSD) = -0.198944183496345  dE = 6.79096927e-05  norm(t1,t2) = 0.000838375
    CPU time for CCSD iter      2.11 sec, wall time      2.11 sec
    CPU time for update t1 t2      2.08 sec, wall time      2.09 sec
diis-c [ -1.17759599e-08   7.15849825e-02  -1.58099984e-01  -5.03195031e-02
   1.13683450e+00]
DIIS for step 5
istep = 5  E(CCSD) = -0.198939468764827  dE = 4.71473152e-06  norm(t1,t2) = 0.00022371
    CPU time for CCSD iter      2.14 sec, wall time      2.14 sec
    CPU time for update t1 t2      2.08 sec, wall time      2.09 sec
diis-c [ -5.45673479e-10  -6.84338813e-02   1.57373790e-01  -1.09824556e-01
  -5.60742061e-01   1.58162671e+00]
DIIS for step 6
istep = 6  E(CCSD) = -0.198943461033625  dE = -3.9922688e-06  norm(t1,t2) = 7.21131e-05
    CPU time for CCSD iter      2.13 sec, wall time      2.14 sec
    CPU time for update t1 t2      2.07 sec, wall time      2.07 sec
diis-c [ -3.56913665e-11   3.16035846e-02  -7.31057437e-02   5.99654950e-02
   2.29214631e-01  -7.88587626e-01   1.54090966e+00]
DIIS for step 7
istep = 7  E(CCSD) = -0.198942811462947  dE = 6.49570678e-07  norm(t1,t2) = 1.46037e-05
    CPU time for CCSD iter      2.11 sec, wall time      2.12 sec
    CPU time for update t1 t2      2.11 sec, wall time      2.10 sec
diis-c [ -3.65515951e-12   1.21817150e+00   4.55483654e-05  -1.08304337e-03
   2.32296418e-03   1.48179963e-02  -2.34274968e-01]
DIIS for step 8
istep = 8  E(CCSD) = -0.198942864329048  dE = -5.28661008e-08  norm(t1,t2) = 3.522e-06
    CPU time for CCSD iter      2.16 sec, wall time      2.15 sec
    CPU time for CCSD     19.20 sec, wall time     19.23 sec
CCSD converged
E(CCSD) = -342.6826654640951  E_corr = -0.1989428643290478
    CPU time for EOM-CCSD shared one-electron intermediates      0.02 sec, wall time      0.02 sec
    CPU time for EOM-CCSD IP intermediates      0.04 sec, wall time      0.04 sec
tol 1e-07  toloose 0.000316228
max_cycle 50  max_space 38  max_memory 2000  incore True
davidson 0 6  |r|= 0.242  e= [  0.43993692   0.56899552   0.56899663   0.8897533   17.44952752
   9.16187909]  max|de|= 17.4  lindep=    1
root 4 converged  |r|= 6.44e-10  e= 17.4495275158  max|de|= 1.74e-10
root 5 converged  |r|= 2.29e-10  e= 9.16187908854  max|de|= 2.98e-11
davidson 1 12  |r|= 0.0313  e= [  0.39375305   0.51324131   0.51324288   0.7943352   17.44952752
   9.16187909]  max|de|= -0.0954  lindep= 0.841
davidson 2 16  |r|= 6.26e-05  e= [  0.39376154   0.51325671   0.51325827   0.79261425  17.44952752
   9.16187909]  max|de|= -0.00172  lindep= 0.912
root 0 converged  |r|= 2.11e-11  e= 0.393761533048  max|de|= -8.2e-09
root 1 converged  |r|= 3.77e-08  e= 0.513256713274  max|de|=    0
root 2 converged  |r|= 3.77e-08  e= 0.51325827081  max|de|= 2.22e-16
davidson 3 18  |r|= 3.77e-08  e= [  0.39376153   0.51325671   0.51325827   0.79261366  17.44952752
   9.16187909]  max|de|= -5.96e-07  lindep=    1
Linear dependency in trial subspace. |r| for each state [2.1149383197125414e-11, 3.7715439990436864e-08, 3.7704600622574594e-08, 9.0006310209173187e-09, 0, 0]
IP root 0 E = 0.3937615330483734  qpwt = 0.969284
IP root 1 E = 0.5132567132738839  qpwt = 0.963263
IP root 2 E = 0.5132582708104031  qpwt = 0.963262
IP root 3 E = 0.792613657415863  qpwt = 0.875993
IP root 4 E = 17.44952751576453  qpwt = 5.09302e-08
IP root 5 E = 9.161879088542159  qpwt = 9.9161e-09
    CPU time for IP-CCSD      0.09 sec, wall time      0.09 sec
    CPU time for EOM-CCSD shared one-electron intermediates      0.02 sec, wall time      0.02 sec
    CPU time for EOM-CCSD EA intermediates      3.04 sec, wall time      3.05 sec
tol 1e-07  toloose 0.000316228
max_cycle 50  max_space 38  max_memory 2000  incore True
davidson 0 6  |r|= 0.237  e= [ 0.14295977  0.16474792  0.16474824  0.29510843  0.29510849  0.35513749]  max|de|= 0.355  lindep=    1
davidson 1 12  |r|= 0.0343  e= [ 0.11314596  0.121814    0.12181443  0.26645014  0.26645066  0.3233078 ]  max|de|= -0.0429  lindep= 0.965
davidson 2 18  |r|= 0.0145  e= [ 0.11117213  0.117999    0.11799943  0.26582856  0.26582908  0.32245838]  max|de|= -0.00382  lindep= 0.779
davidson 3 24  |r|= 0.00249  e= [ 0.11127549  0.11821673  0.11821716  0.26579225  0.26579277  0.32244841]  max|de|= 0.000218  lindep= 0.619
davidson 4 30  |r|= 0.00114  e= [ 0.11127357  0.11821626  0.11821669  0.26578825  0.26578877  0.32242101]  max|de|= -2.74e-05  lindep= 0.644
davidson 5 36  |r|= 0.000592  e= [ 0.11127099  0.11821177  0.1182122   0.2657866   0.26578712  0.32241453]  max|de|= -6.48e-06  lindep= 0.628
root 0 converged  |r|= 7.8e-05  e= 0.111270992039  max|de|= -5.55e-16
root 1 converged  |r|= 7.1e-05  e= 0.118211765462  max|de|= 3.47e-16
root 2 converged  |r|= 7.1e-05  e= 0.118212196412  max|de|= -5.27e-16
root 3 converged  |r|= 0.000182  e= 0.265786596783  max|de|= 1.22e-15
root 4 converged  |r|= 0.000182  e= 0.265787117781  max|de|= 1.05e-15
davidson 6 6  |r|= 0.000592  e= [ 0.11127099  0.11821177  0.1182122   0.2657866   0.26578712  0.32241453]  max|de|= 1.22e-15  lindep=    1
davidson 7 7  |r|= 0.000168  e= [ 0.11127113  0.11821177  0.1182122   0.2657866   0.26578712  0.32241407]  max|de|= -4.59e-07  lindep= 0.907
davidson 8 8  |r|= 0.000126  e= [ 0.11127113  0.11821177  0.1182122   0.2657866   0.26578712  0.32241477]  max|de|= 6.96e-07  lindep= 0.711
davidson 9 9  |r|= 7.62e-05  e= [ 0.11127112  0.11821177  0.1182122   0.2657866   0.26578712  0.32241286]  max|de|= -1.91e-06  lindep= 0.729
davidson 10 10  |r|= 2.17e-05  e= [ 0.11127116  0.11821177  0.1182122   0.2657866   0.26578712  0.32241388]  max|de|= 1.02e-06  lindep= 0.727
davidson 11 11  |r|= 7.51e-06  e= [ 0.11127115  0.11821177  0.1182122   0.2657866   0.26578712  0.32241333]  max|de|= -5.49e-07  lindep= 0.421
davidson 12 12  |r|= 1.88e-06  e= [ 0.11127124  0.11821177  0.1182122   0.2657866   0.26578712  0.3224135 ]  max|de|= 1.64e-07  lindep= 0.531
root 5 converged  |r|= 4.75e-07  e= 0.322413460515  max|de|= -3.87e-08
converge 13 13  |r|= 4.75e-07  e= [ 0.11127102  0.11821177  0.1182122   0.2657866   0.26578712  0.32241346]  max|de|= -2.22e-07
EA root 0 E = 0.1112710205607358  qpwt = 0.986403
EA root 1 E = 0.1182117654620759  qpwt = 0.979643
EA root 2 E = 0.1182121964047599  qpwt = 0.979643
EA root 3 E = 0.2657865967565011  qpwt = 0.983658
EA root 4 E = 0.2657871177813298  qpwt = 0.983658
EA root 5 E = 0.3224134605146171  qpwt = 0.981683
    CPU time for EA-CCSD      4.52 sec, wall time      4.52 sec
