

******** <class 'pyscf.scf.hf.RHF'> flags ********
method = RHF
initial guess = minao
damping factor = 0
level shift factor = 0
Do DIIS = True
DIIS start cycle = 1
DIIS space = 8
SCF tol = 1e-09
SCF gradient tol = None
max. SCF cycles = 50
direct_scf = True
direct_scf_tol = 1e-13
chkfile to save SCF result = /tmp/tmpDw0HaB
max_memory 4000 MB (current use 39 MB)
Set gradient conv threshold to 3.16228e-05
Nelec from initial guess = 35.988
cond(S) = 996.227268075
E_coul = 916.906874633831
init E= -2234.93735009649
    CPU time for initialize scf      1.11 sec, wall time      1.32 sec
  HOMO = -0.30301339649752  LUMO = 0.084557851546387
  mo_energy =
[ -4.32433506e+02  -5.62350172e+01  -5.00641530e+01  -5.00641530e+01
  -5.00641045e+01  -8.03217920e+00  -5.87018876e+00  -5.87018836e+00
  -5.86974998e+00  -2.09923844e+00  -2.09923827e+00  -2.09609199e+00
  -2.09609184e+00  -2.09587315e+00  -9.51607626e-01  -4.40567908e-01
  -4.40553148e-01  -3.03013396e-01   8.45578515e-02   8.45667837e-02
   1.00918245e-01   2.99237082e-01   2.99240266e-01   3.20801629e-01
   3.22912020e-01   3.22913961e-01   4.06310748e-01   4.84944134e-01
   4.97071463e-01   4.97072710e-01   6.36065893e-01   6.36080605e-01
   6.66793199e-01   8.75950780e-01   9.06367249e-01   9.06383174e-01
   1.07901606e+00   1.07902904e+00   1.14068557e+00   1.19574296e+00
   1.19574597e+00   1.24654223e+00   1.24654456e+00   1.26091079e+00
   1.38844080e+00   1.42466255e+00   1.58581289e+00   1.58582572e+00
   1.62057229e+00   1.70731379e+00   1.70733594e+00   1.84711504e+00
   1.89225135e+00   1.89227131e+00   2.60960249e+00   2.69999429e+00
   2.70000043e+00   2.98695586e+00   2.98697364e+00   3.00873734e+00
   3.36400847e+00   3.36401307e+00   3.39193560e+00   3.40846897e+00
   3.40846934e+00   3.41923137e+00   3.44774414e+00   3.44774858e+00
   3.64809391e+00   3.66819310e+00   3.66819956e+00   3.76463459e+00
   3.80472878e+00   3.80474980e+00   3.92196486e+00   4.05058293e+00
   4.05058410e+00   4.10466064e+00   4.12721302e+00   4.18240617e+00
   4.18241896e+00   4.46060157e+00   4.52202309e+00   4.52207814e+00
   4.59729018e+00   4.59730953e+00   4.61342689e+00   5.09737605e+00
   5.09737682e+00   7.38512634e+00]
E_coul = 914.494991461943
cycle= 1 E= -2235.91635123079  delta_E= -0.979  |g|= 0.216  |ddm|= 1.32
    CPU time for cycle= 1      0.06 sec, wall time      0.05 sec
diis-norm(errvec)=0.532924
diis-c [-0.28400765  1.        ]
  HOMO = -0.38390518341217  LUMO = 0.126232873699946
  mo_energy =
[ -4.32648838e+02  -5.63694627e+01  -5.02146068e+01  -5.02146067e+01
  -5.02142352e+01  -8.06115800e+00  -5.91355756e+00  -5.91355747e+00
  -5.91044741e+00  -2.14362872e+00  -2.14362859e+00  -2.14017152e+00
  -2.14017133e+00  -2.13783084e+00  -8.52265804e-01  -5.07798659e-01
  -5.07787192e-01  -3.83905183e-01   1.26232874e-01   1.32022361e-01
   1.32028798e-01   2.98256691e-01   2.98259823e-01   3.32035539e-01
   3.34802335e-01   3.34804513e-01   4.24629525e-01   5.15668260e-01
   5.15669838e-01   5.24697489e-01   6.57709802e-01   6.57724285e-01
   6.80015263e-01   8.80200630e-01   9.15622225e-01   9.15638884e-01
   1.08353394e+00   1.08354654e+00   1.15329767e+00   1.20715035e+00
   1.20715388e+00   1.26236793e+00   1.26237019e+00   1.27996965e+00
   1.40985843e+00   1.44048496e+00   1.60810659e+00   1.60811929e+00
   1.63874774e+00   1.72955492e+00   1.72957735e+00   1.86743117e+00
   1.90720579e+00   1.90722618e+00   2.62366162e+00   2.71345775e+00
   2.71346373e+00   2.99507454e+00   2.99509188e+00   3.02427078e+00
   3.36936568e+00   3.36937058e+00   3.40066638e+00   3.42031740e+00
   3.42031748e+00   3.43210013e+00   3.45696395e+00   3.45696923e+00
   3.66024133e+00   3.68204859e+00   3.68205770e+00   3.78132619e+00
   3.81145332e+00   3.81147673e+00   3.93787015e+00   4.06180323e+00
   4.06180366e+00   4.12236305e+00   4.13076242e+00   4.18852325e+00
   4.18853636e+00   4.46481945e+00   4.53039068e+00   4.53044928e+00
   4.60918958e+00   4.60921106e+00   4.61718774e+00   5.10854871e+00
   5.10854933e+00   7.37763837e+00]
E_coul = 916.90360995562
cycle= 2 E= -2235.92932362332  delta_E= -0.013  |g|= 0.106  |ddm|= 0.183
    CPU time for cycle= 2      0.05 sec, wall time      0.05 sec
diis-norm(errvec)=0.186521
diis-c [-0.03388799  0.05665544  0.94334456]
  HOMO = -0.378618517530942  LUMO = 0.135722736627132
  mo_energy =
[ -4.32528856e+02  -5.62610642e+01  -5.01046262e+01  -5.01046261e+01
  -5.01041285e+01  -7.99926177e+00  -5.85385031e+00  -5.85385030e+00
  -5.85065975e+00  -2.08747954e+00  -2.08747944e+00  -2.08356215e+00
  -2.08356208e+00  -2.08090173e+00  -8.31892985e-01  -4.94097094e-01
  -4.94085992e-01  -3.78618518e-01   1.35722737e-01   1.41396409e-01
   1.41402513e-01   3.04301183e-01   3.04304380e-01   3.42923860e-01
   3.43574682e-01   3.43576489e-01   4.27023039e-01   5.22791794e-01
   5.22793424e-01   5.41552174e-01   6.64606495e-01   6.64621223e-01
   6.89484986e-01   8.96320945e-01   9.29226696e-01   9.29243083e-01
   1.09831325e+00   1.09832610e+00   1.16558547e+00   1.21827210e+00
   1.21827557e+00   1.27412534e+00   1.27412755e+00   1.29350896e+00
   1.42538735e+00   1.45398597e+00   1.61590803e+00   1.61592103e+00
   1.64838071e+00   1.74317909e+00   1.74320184e+00   1.87865822e+00
   1.92489592e+00   1.92491640e+00   2.64626047e+00   2.73881159e+00
   2.73881712e+00   3.01860805e+00   3.01862525e+00   3.04694708e+00
   3.39509300e+00   3.39509764e+00   3.42778802e+00   3.44525865e+00
   3.44525880e+00   3.45980494e+00   3.48250236e+00   3.48250744e+00
   3.68408553e+00   3.71006339e+00   3.71007195e+00   3.80612983e+00
   3.83786003e+00   3.83788311e+00   3.97106599e+00   4.09070368e+00
   4.09070447e+00   4.15238571e+00   4.15676810e+00   4.21503738e+00
   4.21505039e+00   4.49101929e+00   4.55466186e+00   4.55471961e+00
   4.63788455e+00   4.63790443e+00   4.64463224e+00   5.13577270e+00
   5.13577295e+00   7.41803972e+00]
E_coul = 915.645342615749
cycle= 3 E= -2235.93089444833  delta_E= -0.00157  |g|= 0.05  |ddm|= 0.0872
    CPU time for cycle= 3      0.05 sec, wall time      0.05 sec
diis-norm(errvec)=0.0844072
diis-c [-0.00241959 -0.12735232  0.13799853  0.98935379]
  HOMO = -0.380815511745474  LUMO = 0.136564842814094
  mo_energy =
[ -4.32576341e+02  -5.63008727e+01  -5.01458467e+01  -5.01458466e+01
  -5.01452412e+01  -8.02010375e+00  -5.87490804e+00  -5.87490798e+00
  -5.87160862e+00  -2.10810237e+00  -2.10810228e+00  -2.10387504e+00
  -2.10387503e+00  -2.10107951e+00  -8.31687170e-01  -4.95336976e-01
  -4.95325891e-01  -3.80815512e-01   1.36564843e-01   1.42590873e-01
   1.42596964e-01   3.04344340e-01   3.04347541e-01   3.43364598e-01
   3.44240664e-01   3.44242370e-01   4.26664353e-01   5.22379380e-01
   5.22381068e-01   5.42425117e-01   6.65135570e-01   6.65150340e-01
   6.88835488e-01   8.98300613e-01   9.30775029e-01   9.30791342e-01
   1.09976123e+00   1.09977408e+00   1.16633121e+00   1.21822085e+00
   1.21822427e+00   1.27268959e+00   1.27269179e+00   1.29245976e+00
   1.42564823e+00   1.45456675e+00   1.61506124e+00   1.61507426e+00
   1.64729027e+00   1.74286738e+00   1.74289022e+00   1.87717514e+00
   1.92381536e+00   1.92383574e+00   2.64269847e+00   2.73956857e+00
   2.73957349e+00   3.01732744e+00   3.01734415e+00   3.04939392e+00
   3.39160403e+00   3.39160824e+00   3.42177244e+00   3.44792490e+00
   3.44792495e+00   3.46462122e+00   3.48414620e+00   3.48415161e+00
   3.68862500e+00   3.71145179e+00   3.71146179e+00   3.81091707e+00
   3.83842138e+00   3.83844590e+00   3.97548277e+00   4.09637156e+00
   4.09637223e+00   4.15760530e+00   4.16307490e+00   4.22117357e+00
   4.22118650e+00   4.49507357e+00   4.55881923e+00   4.55887693e+00
   4.64238704e+00   4.64240709e+00   4.64874275e+00   5.13986995e+00
   5.13987018e+00   7.40736882e+00]
E_coul = 916.145686562238
cycle= 4 E= -2235.93124462667  delta_E= -0.00035  |g|= 0.0096  |ddm|= 0.0383
    CPU time for cycle= 4      0.05 sec, wall time      0.05 sec
diis-norm(errvec)=0.0176427
diis-c [ -1.33415837e-04  -2.40006608e-02  -3.74343875e-02   1.55967498e-01
   9.05467550e-01]
  HOMO = -0.380245681378526  LUMO = 0.13620483340164
  mo_energy =
[ -4.32569084e+02  -5.62947413e+01  -5.01395409e+01  -5.01395409e+01
  -5.01388886e+01  -8.01711943e+00  -5.87200664e+00  -5.87200658e+00
  -5.86856787e+00  -2.10541595e+00  -2.10541586e+00  -2.10100825e+00
  -2.10100824e+00  -2.09814446e+00  -8.31994950e-01  -4.96137268e-01
  -4.96126146e-01  -3.80245681e-01   1.36204833e-01   1.42851680e-01
   1.42857783e-01   3.03862853e-01   3.03866039e-01   3.43060460e-01
   3.44310392e-01   3.44312114e-01   4.27352948e-01   5.22707742e-01
   5.22709439e-01   5.41682010e-01   6.65140579e-01   6.65155322e-01
   6.88683993e-01   8.97197428e-01   9.30022745e-01   9.30039068e-01
   1.09893573e+00   1.09894858e+00   1.16588027e+00   1.21814340e+00
   1.21814687e+00   1.27289205e+00   1.27289424e+00   1.29253841e+00
   1.42542655e+00   1.45422222e+00   1.61561735e+00   1.61563032e+00
   1.64727826e+00   1.74268902e+00   1.74271187e+00   1.87732002e+00
   1.92352036e+00   1.92354077e+00   2.64351243e+00   2.73946467e+00
   2.73946970e+00   3.01732685e+00   3.01734367e+00   3.04915748e+00
   3.39186555e+00   3.39186983e+00   3.42256449e+00   3.44708154e+00
   3.44708157e+00   3.46302711e+00   3.48333614e+00   3.48334149e+00
   3.68752025e+00   3.71056922e+00   3.71057908e+00   3.80991256e+00
   3.83812426e+00   3.83814864e+00   3.97424708e+00   4.09514282e+00
   4.09514348e+00   4.15642550e+00   4.16187735e+00   4.21994573e+00
   4.21995865e+00   4.49384124e+00   4.55773641e+00   4.55779428e+00
   4.64131116e+00   4.64133143e+00   4.64778015e+00   5.13879405e+00
   5.13879423e+00   7.40864806e+00]
E_coul = 916.055286845061
cycle= 5 E= -2235.93126285974  delta_E= -1.82e-05  |g|= 0.00133  |ddm|= 0.00948
    CPU time for cycle= 5      0.05 sec, wall time      0.05 sec
diis-norm(errvec)=0.00359523
diis-c [ -3.89265632e-06   9.01767710e-03   3.54871221e-03  -7.68227130e-02
  -2.08702109e-01   1.27295843e+00]
  HOMO = -0.380581289176101  LUMO = 0.136069970294731
  mo_energy =
[ -4.32569807e+02  -5.62955283e+01  -5.01403132e+01  -5.01403131e+01
  -5.01396378e+01  -8.01786132e+00  -5.87273609e+00  -5.87273604e+00
  -5.86921477e+00  -2.10616089e+00  -2.10616081e+00  -2.10166167e+00
  -2.10166166e+00  -2.09874963e+00  -8.32243410e-01  -4.96288446e-01
  -4.96277313e-01  -3.80581289e-01   1.36069970e-01   1.42682473e-01
   1.42688573e-01   3.03765549e-01   3.03768743e-01   3.42959188e-01
   3.44137318e-01   3.44139036e-01   4.27276990e-01   5.22513673e-01
   5.22515365e-01   5.41461104e-01   6.64968289e-01   6.64983028e-01
   6.88466628e-01   8.97011846e-01   9.29908929e-01   9.29925257e-01
   1.09880041e+00   1.09881325e+00   1.16573546e+00   1.21795048e+00
   1.21795393e+00   1.27252974e+00   1.27253192e+00   1.29231374e+00
   1.42523924e+00   1.45397689e+00   1.61529614e+00   1.61530911e+00
   1.64679829e+00   1.74246105e+00   1.74248391e+00   1.87694750e+00
   1.92323610e+00   1.92325652e+00   2.64318817e+00   2.73919106e+00
   2.73919610e+00   3.01700340e+00   3.01702019e+00   3.04898722e+00
   3.39142891e+00   3.39143318e+00   3.42223285e+00   3.44691324e+00
   3.44691328e+00   3.46297473e+00   3.48316053e+00   3.48316591e+00
   3.68739949e+00   3.71036480e+00   3.71037469e+00   3.80970830e+00
   3.83784411e+00   3.83786851e+00   3.97413445e+00   4.09506641e+00
   4.09506705e+00   4.15631071e+00   4.16185262e+00   4.21991701e+00
   4.21992994e+00   4.49380310e+00   4.55762730e+00   4.55768513e+00
   4.64118731e+00   4.64120757e+00   4.64771177e+00   5.13868662e+00
   5.13868676e+00   7.40810084e+00]
E_coul = 916.059755112986
cycle= 6 E= -2235.93126411961  delta_E= -1.26e-06  |g|= 0.000163  |ddm|= 0.00413
    CPU time for cycle= 6      0.05 sec, wall time      0.05 sec
diis-norm(errvec)=0.000484477
diis-c [ -5.85676650e-08  -9.74555671e-04   4.45518135e-04   9.27087786e-03
   8.89075847e-03  -2.13336658e-01   1.19570406e+00]
  HOMO = -0.380545821986149  LUMO = 0.136072073165959
  mo_energy =
[ -4.32569773e+02  -5.62954698e+01  -5.01402611e+01  -5.01402611e+01
  -5.01395810e+01  -8.01775572e+00  -5.87263220e+00  -5.87263215e+00
  -5.86911042e+00  -2.10606097e+00  -2.10606088e+00  -2.10155802e+00
  -2.10155801e+00  -2.09864259e+00  -8.32214532e-01  -4.96254533e-01
  -4.96243405e-01  -3.80545822e-01   1.36072073e-01   1.42718113e-01
   1.42724212e-01   3.03778093e-01   3.03781284e-01   3.42984375e-01
   3.44168652e-01   3.44170369e-01   4.27300850e-01   5.22546810e-01
   5.22548502e-01   5.41479688e-01   6.64993832e-01   6.65008569e-01
   6.88492025e-01   8.97029769e-01   9.29927752e-01   9.29944073e-01
   1.09882210e+00   1.09883495e+00   1.16575542e+00   1.21798249e+00
   1.21798595e+00   1.27258147e+00   1.27258365e+00   1.29236018e+00
   1.42528690e+00   1.45401853e+00   1.61534740e+00   1.61536036e+00
   1.64685177e+00   1.74251348e+00   1.74253635e+00   1.87700170e+00
   1.92329133e+00   1.92331174e+00   2.64325377e+00   2.73924153e+00
   2.73924656e+00   3.01705266e+00   3.01706945e+00   3.04902385e+00
   3.39149456e+00   3.39149883e+00   3.42231410e+00   3.44694820e+00
   3.44694824e+00   3.46299880e+00   3.48319659e+00   3.48320196e+00
   3.68742228e+00   3.71041292e+00   3.71042281e+00   3.80974545e+00
   3.83789615e+00   3.83792055e+00   3.97418386e+00   4.09509553e+00
   4.09509618e+00   4.15634655e+00   4.16187375e+00   4.21993763e+00
   4.21995055e+00   4.49382728e+00   4.55765949e+00   4.55771733e+00
   4.64122970e+00   4.64124997e+00   4.64774870e+00   5.13872864e+00
   5.13872879e+00   7.40818779e+00]
E_coul = 916.059191042445
cycle= 7 E= -2235.9312641412  delta_E= -2.16e-08  |g|= 2.48e-05  |ddm|= 0.000569
    CPU time for cycle= 7      0.06 sec, wall time      0.05 sec
diis-norm(errvec)=5.76387e-05
diis-c [ -1.50816892e-09  -1.65770202e-04  -2.57925799e-05   1.26108936e-03
   2.90162487e-03  -1.41528435e-02  -5.78553691e-02   1.06803706e+00]
  HOMO = -0.380555562492491  LUMO = 0.136069582871924
  mo_energy =
[ -4.32569771e+02  -5.62954721e+01  -5.01402630e+01  -5.01402629e+01
  -5.01395825e+01  -8.01777091e+00  -5.87264799e+00  -5.87264794e+00
  -5.86912580e+00  -2.10607739e+00  -2.10607730e+00  -2.10157410e+00
  -2.10157409e+00  -2.09865814e+00  -8.32222662e-01  -4.96258383e-01
  -4.96247254e-01  -3.80555562e-01   1.36069583e-01   1.42713357e-01
   1.42719455e-01   3.03776871e-01   3.03780062e-01   3.42980539e-01
   3.44163839e-01   3.44165555e-01   4.27296042e-01   5.22542149e-01
   5.22543842e-01   5.41474978e-01   6.64989727e-01   6.65004464e-01
   6.88486894e-01   8.97027767e-01   9.29924628e-01   9.29940950e-01
   1.09882019e+00   1.09883304e+00   1.16575130e+00   1.21797711e+00
   1.21798057e+00   1.27257254e+00   1.27257473e+00   1.29235183e+00
   1.42527939e+00   1.45401245e+00   1.61533887e+00   1.61535183e+00
   1.64684117e+00   1.74250475e+00   1.74252761e+00   1.87699126e+00
   1.92328263e+00   1.92330304e+00   2.64324376e+00   2.73923574e+00
   2.73924078e+00   3.01704579e+00   3.01706258e+00   3.04902083e+00
   3.39148385e+00   3.39148812e+00   3.42230133e+00   3.44694478e+00
   3.44694482e+00   3.46299802e+00   3.48319269e+00   3.48319807e+00
   3.68742117e+00   3.71040684e+00   3.71041673e+00   3.80974249e+00
   3.83789026e+00   3.83791466e+00   3.97418030e+00   4.09509522e+00
   4.09509587e+00   4.15634419e+00   4.16187583e+00   4.21993897e+00
   4.21995189e+00   4.49382661e+00   4.55765796e+00   4.55771580e+00
   4.64122704e+00   4.64124730e+00   4.64774763e+00   5.13872566e+00
   5.13872581e+00   7.40817438e+00]
E_coul = 916.059201645415
cycle= 8 E= -2235.93126414152  delta_E= -3.15e-10  |g|= 4.89e-06  |ddm|= 5.74e-05
    CPU time for cycle= 8      0.05 sec, wall time      0.05 sec
  HOMO = -0.380554638165014  LUMO = 0.136069709968781
  mo_energy =
[ -4.32569772e+02  -5.62954725e+01  -5.01402635e+01  -5.01402635e+01
  -5.01395830e+01  -8.01776968e+00  -5.87264684e+00  -5.87264679e+00
  -5.86912447e+00  -2.10607624e+00  -2.10607615e+00  -2.10157280e+00
  -2.10157279e+00  -2.09865673e+00  -8.32221775e-01  -4.96257753e-01
  -4.96246625e-01  -3.80554638e-01   1.36069710e-01   1.42713855e-01
   1.42719953e-01   3.03776773e-01   3.03779964e-01   3.42981146e-01
   3.44164402e-01   3.44166119e-01   4.27296760e-01   5.22542877e-01
   5.22544570e-01   5.41475203e-01   6.64990262e-01   6.65004999e-01
   6.88487580e-01   8.97027650e-01   9.29924729e-01   9.29941050e-01
   1.09882010e+00   1.09883294e+00   1.16575151e+00   1.21797757e+00
   1.21798103e+00   1.27257358e+00   1.27257576e+00   1.29235284e+00
   1.42528030e+00   1.45401299e+00   1.61534000e+00   1.61535296e+00
   1.64684223e+00   1.74250585e+00   1.74252872e+00   1.87699244e+00
   1.92328346e+00   1.92330387e+00   2.64324495e+00   2.73923603e+00
   2.73924107e+00   3.01704625e+00   3.01706304e+00   3.04902086e+00
   3.39148466e+00   3.39148893e+00   3.42230285e+00   3.44694473e+00
   3.44694477e+00   3.46299763e+00   3.48319271e+00   3.48319808e+00
   3.68742075e+00   3.71040708e+00   3.71041697e+00   3.80974225e+00
   3.83789041e+00   3.83791481e+00   3.97418012e+00   4.09509465e+00
   4.09509529e+00   4.15634383e+00   4.16187498e+00   4.21993816e+00
   4.21995108e+00   4.49382607e+00   4.55765766e+00   4.55771550e+00
   4.64122678e+00   4.64124705e+00   4.64774719e+00   5.13872543e+00
   5.13872558e+00   7.40817560e+00]
    CPU time for scf_cycle      1.54 sec, wall time      1.75 sec
    CPU time for SCF      1.54 sec, wall time      1.75 sec
converged SCF energy = -2235.93126414152
RHF E = -2235.93126414
RHF eps = [ -4.32569772e+02  -5.62954725e+01  -5.01402635e+01  -5.01402635e+01
  -5.01395830e+01  -8.01776968e+00  -5.87264684e+00  -5.87264679e+00
  -5.86912447e+00  -2.10607624e+00  -2.10607615e+00  -2.10157280e+00
  -2.10157279e+00  -2.09865673e+00  -8.32221775e-01  -4.96257753e-01
  -4.96246625e-01  -3.80554638e-01   1.36069710e-01   1.42713855e-01
   1.42719953e-01   3.03776773e-01   3.03779964e-01   3.42981146e-01
   3.44164402e-01   3.44166119e-01   4.27296760e-01   5.22542877e-01
   5.22544570e-01   5.41475203e-01   6.64990262e-01   6.65004999e-01
   6.88487580e-01   8.97027650e-01   9.29924729e-01   9.29941050e-01
   1.09882010e+00   1.09883294e+00   1.16575151e+00   1.21797757e+00
   1.21798103e+00   1.27257358e+00   1.27257576e+00   1.29235284e+00
   1.42528030e+00   1.45401299e+00   1.61534000e+00   1.61535296e+00
   1.64684223e+00   1.74250585e+00   1.74252872e+00   1.87699244e+00
   1.92328346e+00   1.92330387e+00   2.64324495e+00   2.73923603e+00
   2.73924107e+00   3.01704625e+00   3.01706304e+00   3.04902086e+00
   3.39148466e+00   3.39148893e+00   3.42230285e+00   3.44694473e+00
   3.44694477e+00   3.46299763e+00   3.48319271e+00   3.48319808e+00
   3.68742075e+00   3.71040708e+00   3.71041697e+00   3.80974225e+00
   3.83789041e+00   3.83791481e+00   3.97418012e+00   4.09509465e+00
   4.09509529e+00   4.15634383e+00   4.16187498e+00   4.21993816e+00
   4.21995108e+00   4.49382607e+00   4.55765766e+00   4.55771550e+00
   4.64122678e+00   4.64124705e+00   4.64774719e+00   5.13872543e+00
   5.13872558e+00   7.40817560e+00]
    CPU time for CCSD integral transformation      5.46 sec, wall time      5.50 sec

******** <class 'pyscf.cc.rccsd_slow.RCCSD'> flags ********
CCSD nocc = 9, nvir = 72
frozen orbitals [0, 1, 2, 3, 4, 5, 6, 7, 8]
max_cycle = 100
direct = 0
conv_tol = 1e-07
conv_tol_normt = 1e-05
diis_space = 6
diis_start_cycle = 0
diis_start_energy_diff = 1e+09
Init t2, MP2 energy = -0.28704685798217
    CPU time for init mp2      0.02 sec, wall time      0.01 sec
    CPU time for update t1 t2      0.80 sec, wall time      0.81 sec
istep = 0  E(CCSD) = -0.286790591084133  dE = -0.286790591  norm(t1,t2) = 0.0333281
    CPU time for CCSD iter      0.80 sec, wall time      0.81 sec
    CPU time for update t1 t2      0.79 sec, wall time      0.79 sec
DIIS for step 1
istep = 1  E(CCSD) = -0.290920101287307  dE = -0.0041295102  norm(t1,t2) = 0.0144116
    CPU time for CCSD iter      0.79 sec, wall time      0.79 sec
    CPU time for update t1 t2      0.79 sec, wall time      0.79 sec
diis-c [ -2.35381191e-05   1.00000000e+00]
DIIS for step 2
istep = 2  E(CCSD) = -0.291283088966247  dE = -0.000362987679  norm(t1,t2) = 0.00620615
    CPU time for CCSD iter      0.80 sec, wall time      0.79 sec
    CPU time for update t1 t2      0.79 sec, wall time      0.79 sec
diis-c [ -1.12423636e-06  -6.76449113e-01   1.67644911e+00]
DIIS for step 3
istep = 3  E(CCSD) = -0.291862826744526  dE = -0.000579737778  norm(t1,t2) = 0.00296166
    CPU time for CCSD iter      0.80 sec, wall time      0.80 sec
    CPU time for update t1 t2      0.78 sec, wall time      0.79 sec
diis-c [ -7.55178978e-08  -1.22925367e-01   1.39035917e-01   9.83889450e-01]
DIIS for step 4
istep = 4  E(CCSD) = -0.291818755330001  dE = 4.40714145e-05  norm(t1,t2) = 0.000542927
    CPU time for CCSD iter      0.79 sec, wall time      0.80 sec
    CPU time for update t1 t2      0.79 sec, wall time      0.79 sec
diis-c [ -2.05264072e-09   9.83984360e-02  -1.68235636e-01  -4.12627340e-01
   1.48246454e+00]
DIIS for step 5
istep = 5  E(CCSD) = -0.29180156574365  dE = 1.71895864e-05  norm(t1,t2) = 0.000144665
    CPU time for CCSD iter      0.80 sec, wall time      0.80 sec
    CPU time for update t1 t2      0.79 sec, wall time      0.79 sec
diis-c [ -2.72045886e-10  -1.57286971e-02   2.95569864e-02   5.48090527e-02
  -2.89886632e-01   1.22124929e+00]
DIIS for step 6
istep = 6  E(CCSD) = -0.291802690837172  dE = -1.12509352e-06  norm(t1,t2) = 2.52307e-05
    CPU time for CCSD iter      0.81 sec, wall time      0.80 sec
    CPU time for update t1 t2      0.78 sec, wall time      0.79 sec
diis-c [ -1.55778446e-11  -1.28942833e-02   2.16457218e-02   5.33997605e-02
  -1.76879021e-01  -1.75999861e-01   1.29072768e+00]
DIIS for step 7
istep = 7  E(CCSD) = -0.291802890171287  dE = -1.99334116e-07  norm(t1,t2) = 9.9441e-06
    CPU time for CCSD iter      0.80 sec, wall time      0.80 sec
    CPU time for update t1 t2      0.78 sec, wall time      0.79 sec
diis-c [ -3.60786401e-12   1.16349879e+00   3.59055147e-04  -1.14767391e-03
   2.80286191e-03   2.31898390e-02  -1.88702873e-01]
DIIS for step 8
istep = 8  E(CCSD) = -0.291802628523946  dE = 2.61647342e-07  norm(t1,t2) = 2.94189e-06
    CPU time for CCSD iter      0.79 sec, wall time      0.80 sec
    CPU time for update t1 t2      0.79 sec, wall time      0.78 sec
diis-c [ -3.83670873e-12   1.02578580e+00   1.11344522e-01   2.74909633e-04
   2.21891896e-03   1.03939279e-02  -1.50018078e-01]
DIIS for step 9
istep = 9  E(CCSD) = -0.291802620981495  dE = 7.54245072e-09  norm(t1,t2) = 2.569e-06
    CPU time for CCSD iter      0.80 sec, wall time      0.80 sec
    CPU time for CCSD      7.98 sec, wall time      8.00 sec
CCSD converged
E(CC2) = -2236.2230667625  E_corr = -0.2918026209814948
    CPU time for EOM-CCSD shared one-electron intermediates      0.04 sec, wall time      0.04 sec
    CPU time for EOM-CCSD IP intermediates      0.20 sec, wall time      0.20 sec
tol 1e-07  toloose 0.000316228
max_cycle 100  max_space 38  max_memory 2000  incore True
davidson 0 6  |r|= 0.679  e= [ 0.42571965  0.53999726  0.54000823  0.86659942  2.13000319  2.13280808]  max|de|= 2.13  lindep=    1
davidson 1 12  |r|= 0.165  e= [ 0.38169753  0.48587724  0.48589817  0.77234586  1.85131864  1.88346934]  max|de|= -0.279  lindep= 0.872
davidson 2 18  |r|= 0.0909  e= [ 0.38170516  0.48581315  0.48583095  0.76897347  1.85020532  1.84539469]  max|de|= -0.0381  lindep= 0.63
root 0 converged  |r|= 5.49e-08  e= 0.381705123383  max|de|= -3.54e-08
davidson 3 24  |r|= 0.0459  e= [ 0.38170512  0.4857973   0.48580713  0.76896777  1.83974984  1.83713262]  max|de|= -0.0105  lindep= 0.348
root 3 converged  |r|= 2.19e-08  e= 0.768967766878  max|de|= -4.68e-10
davidson 4 29  |r|= 0.00681  e= [ 0.38170512  0.48579911  0.48580905  0.76896777  1.83316598  1.83608073]  max|de|= -0.00658  lindep= 0.755
root 1 converged  |r|= 1.76e-10  e= 0.485799115083  max|de|= 4e-09
root 2 converged  |r|= 4.26e-07  e= 0.485809048852  max|de|= 1.83e-10
davidson 5 33  |r|= 0.00805  e= [ 0.38170512  0.48579912  0.48580905  0.76896777  1.83298412  1.83572137]  max|de|= -0.000359  lindep= 0.705
root 0 converged  |r|= 2.26e-08  e= 0.381705123159  max|de|= -8.88e-16
root 1 converged  |r|= 1.76e-10  e= 0.485799115083  max|de|= -7.22e-16
root 2 converged  |r|= 4.26e-07  e= 0.485809048852  max|de|= 7.22e-16
root 3 converged  |r|= 5.54e-09  e= 0.768967766875  max|de|= -3.44e-15
davidson 6 6  |r|= 0.00805  e= [ 0.38170512  0.48579912  0.48580905  0.76896777  1.83298412  1.83572137]  max|de|= -3.44e-15  lindep= 0.996
davidson 7 8  |r|= 0.00196  e= [ 0.38170512  0.48579912  0.48580905  0.76896777  1.83300653  1.83598272]  max|de|= 0.000261  lindep= 0.851
davidson 8 10  |r|= 0.000193  e= [ 0.38170512  0.48579912  0.48580905  0.76896777  1.83299989  1.83590616]  max|de|= -7.66e-05  lindep= 0.812
davidson 9 12  |r|= 0.000101  e= [ 0.38170512  0.48579912  0.48580905  0.76896777  1.83300304  1.83591916]  max|de|= 1.3e-05  lindep= 0.374
davidson 10 14  |r|= 0.000181  e= [ 0.38170512  0.48579912  0.48580905  0.76896777  1.83300321  1.83592518]  max|de|= 6.02e-06  lindep= 0.253
davidson 11 16  |r|= 0.000738  e= [ 0.38170512  0.48579912  0.48580905  0.76896777  1.83299853  1.83588284]  max|de|= -4.23e-05  lindep= 0.218
davidson 12 18  |r|= 1.67e-05  e= [ 0.38170512  0.48579912  0.48580905  0.76896777  1.83300231  1.83591897]  max|de|= 3.61e-05  lindep= 0.168
davidson 13 20  |r|= 1.04e-06  e= [ 0.38170512  0.48579912  0.48580905  0.76896777  1.83300297  1.83591792]  max|de|= -1.06e-06  lindep= 0.489
root 4 converged  |r|= 4.62e-07  e= 1.83300297536  max|de|= 1.6e-09
root 5 converged  |r|= 8.75e-09  e= 1.83591791505  max|de|= -1.94e-11
converge 14 21  |r|= 4.62e-07  e= [ 0.38170512  0.48579912  0.48580905  0.76896777  1.83300298  1.83591792]  max|de|= 1.6e-09
IP root 0 E = 0.3817051231340951  qpwt = 0.972496
IP root 1 E = 0.485799115082331  qpwt = 0.964173
IP root 2 E = 0.4858090497272691  qpwt = 0.964172
IP root 3 E = 0.7689677668648837  qpwt = 0.866279
IP root 4 E = 1.833002975357991  qpwt = 0.903559
IP root 5 E = 1.835917915047777  qpwt = 0.884269
    CPU time for IP-CCSD      0.43 sec, wall time      0.42 sec
    CPU time for EOM-CCSD shared one-electron intermediates      0.04 sec, wall time      0.04 sec
    CPU time for EOM-CCSD EA intermediates      3.86 sec, wall time      3.86 sec
tol 1e-07  toloose 0.000316228
max_cycle 100  max_space 38  max_memory 2000  incore True
davidson 0 6  |r|= 0.243  e= [ 0.14114704  0.15743642  0.15744178  0.31047865  0.31048168  0.3556539 ]  max|de|= 0.356  lindep=    1
davidson 1 12  |r|= 0.03  e= [ 0.10779208  0.1124779   0.1124843   0.27768675  0.27769047  0.31135983]  max|de|= -0.045  lindep= 0.983
davidson 2 18  |r|= 0.0139  e= [ 0.10578203  0.11013773  0.11014434  0.27716773  0.27717195  0.31031497]  max|de|= -0.00234  lindep= 0.68
davidson 3 24  |r|= 0.00296  e= [ 0.10586653  0.11030594  0.11031206  0.27712526  0.27712878  0.31035378]  max|de|= 0.000168  lindep= 0.534
davidson 4 30  |r|= 0.00182  e= [ 0.10586281  0.11030143  0.11030753  0.2771182   0.2771264   0.31036994]  max|de|= 1.62e-05  lindep= 0.732
davidson 5 36  |r|= 0.0143  e= [ 0.10586229  0.11029939  0.11030572  0.27710749  0.27711262  0.31052504]  max|de|= 0.000155  lindep= 0.666
root 0 converged  |r|= 7.09e-05  e= 0.105862285526  max|de|= -1.25e-16
root 1 converged  |r|= 2.14e-05  e= 0.11029938565  max|de|= -7.63e-16
root 2 converged  |r|= 1.9e-05  e= 0.110305715071  max|de|= 2.78e-16
davidson 6 6  |r|= 0.0143  e= [ 0.10586229  0.11029939  0.11030572  0.27710749  0.27711262  0.31052504]  max|de|= -7.63e-16  lindep= 0.99
root 3 converged  |r|= 0.000124  e= 0.277107458324  max|de|= -3.34e-08
davidson 7 9  |r|= 0.00332  e= [ 0.1058623   0.11029941  0.11030575  0.27710746  0.27711068  0.31029265]  max|de|= -0.000232  lindep= 0.156
davidson 8 11  |r|= 0.00335  e= [ 0.1058623   0.11029944  0.11030574  0.27710516  0.27711121  0.31028954]  max|de|= -3.1e-06  lindep= 0.0561
davidson 9 13  |r|= 0.00265  e= [ 0.1058623   0.11029946  0.11030575  0.27710765  0.27711167  0.31018493]  max|de|= -0.000105  lindep= 0.615
davidson 10 15  |r|= 0.00426  e= [ 0.10586229  0.11029946  0.11030576  0.2771077   0.27711101  0.31028379]  max|de|= 9.89e-05  lindep= 0.143
davidson 11 17  |r|= 0.00426  e= [ 0.10586229  0.11029947  0.11030576  0.2771077   0.27711112  0.31028391]  max|de|= 1.21e-07  lindep= 0.0163
root 4 converged  |r|= 8.34e-07  e= 0.27711115927  max|de|= 3.99e-08
davidson 12 19  |r|= 0.0367  e= [ 0.10586229  0.11029945  0.11030575  0.27710772  0.27711116  0.31195875]  max|de|= 0.00167  lindep= 0.404
davidson 13 20  |r|= 0.0118  e= [ 0.10586241  0.11029945  0.11030576  0.27710753  0.27711116  0.31005288]  max|de|= -0.00191  lindep= 0.516
davidson 14 21  |r|= 0.00322  e= [ 0.10586246  0.11029945  0.11030576  0.27710753  0.27711116  0.31023281]  max|de|= 0.00018  lindep= 0.49
davidson 15 22  |r|= 0.000955  e= [ 0.10586228  0.11029945  0.11030576  0.27710756  0.27711116  0.31039567]  max|de|= 0.000163  lindep= 0.762
davidson 16 23  |r|= 0.000263  e= [ 0.10586233  0.11029945  0.11030576  0.27710754  0.27711116  0.31035393]  max|de|= -4.17e-05  lindep= 0.718
davidson 17 24  |r|= 0.000122  e= [ 0.10586243  0.11029945  0.11030576  0.27710755  0.27711116  0.31036059]  max|de|= 6.66e-06  lindep= 0.739
davidson 18 25  |r|= 3.07e-05  e= [ 0.1058624   0.11029945  0.11030575  0.27710753  0.27711116  0.31035794]  max|de|= -2.66e-06  lindep= 0.767
davidson 19 26  |r|= 1.13e-05  e= [ 0.10586246  0.11029945  0.11030574  0.27710754  0.27711116  0.31035902]  max|de|= 1.08e-06  lindep= 0.727
davidson 20 27  |r|= 2.87e-06  e= [ 0.10586265  0.11029945  0.11030573  0.27710752  0.27711116  0.31035879]  max|de|= -2.27e-07  lindep= 0.767
root 5 converged  |r|= 4.88e-07  e= 0.310358806746  max|de|= 1.74e-08
converge 21 28  |r|= 4.88e-07  e= [ 0.10586265  0.11029945  0.11030573  0.27710752  0.27711116  0.31035881]  max|de|= 1.74e-08
EA root 0 E = 0.1058626492284332  qpwt = 0.985189
EA root 1 E = 0.1102994515076413  qpwt = 0.979808
EA root 2 E = 0.1103057291861774  qpwt = 0.979809
EA root 3 E = 0.2771075215648098  qpwt = 0.979763
EA root 4 E = 0.2771111592699714  qpwt = 0.979764
EA root 5 E = 0.3103588067459266  qpwt = 0.981202
    CPU time for EA-CCSD      9.22 sec, wall time      9.24 sec
