

******** <class 'pyscf.scf.hf.RHF'> flags ********
method = RHF
initial guess = minao
damping factor = 0
level shift factor = 0
Do DIIS = True
DIIS start cycle = 1
DIIS space = 8
SCF tol = 1e-09
SCF gradient tol = None
max. SCF cycles = 50
direct_scf = True
direct_scf_tol = 1e-13
chkfile to save SCF result = /tmp/tmplSZpZm
max_memory 4000 MB (current use 39 MB)
Set gradient conv threshold to 3.16228e-05
Nelec from initial guess = 23.9971
cond(S) = 43826.7467239
E_coul = 129.863353694709
init E= -177.389156057122
    CPU time for initialize scf      2.77 sec, wall time      2.77 sec
  HOMO = -0.300755498838987  LUMO = 0.0431258368486271
  mo_energy =
[ -2.64515652e+01  -1.14718479e+01  -1.14640382e+01  -1.88008813e+00
  -1.37101915e+00  -9.35771205e-01  -7.60527603e-01  -7.09046599e-01
  -6.75384397e-01  -5.24914523e-01  -4.53870398e-01  -3.00755499e-01
   4.31258368e-02   1.32598565e-01   1.46601582e-01   1.60113450e-01
   2.05336781e-01   2.80816275e-01   2.97655559e-01   3.08288816e-01
   3.69729985e-01   3.93910652e-01   4.06409744e-01   4.30566807e-01
   4.98856972e-01   5.27365208e-01   5.51143418e-01   6.39493821e-01
   6.47202997e-01   6.58111380e-01   7.63837969e-01   7.70507233e-01
   8.05550924e-01   8.60854617e-01   8.99756851e-01   9.53414327e-01
   1.01127093e+00   1.02665511e+00   1.09444935e+00   1.13772901e+00
   1.16689379e+00   1.17534772e+00   1.23354877e+00   1.30043508e+00
   1.35006959e+00   1.38096470e+00   1.44920892e+00   1.49474814e+00
   1.51712382e+00   1.56355322e+00   1.62304764e+00   1.65228991e+00
   1.68104889e+00   1.77992125e+00   1.80132686e+00   1.84994612e+00
   2.11982735e+00   2.16304935e+00   2.17007851e+00   2.26609255e+00
   2.36579208e+00   2.41990218e+00   2.54446014e+00   2.65870848e+00
   2.71455781e+00   2.71737630e+00   2.77744422e+00   2.90566607e+00
   2.91134669e+00   2.96250873e+00   2.99304009e+00   3.00488065e+00
   3.04808397e+00   3.10687082e+00   3.12846834e+00   3.14191570e+00
   3.28575077e+00   3.28831324e+00   3.33899282e+00   3.42544413e+00
   3.43978632e+00   3.45360584e+00   3.48744459e+00   3.55802303e+00
   3.58255440e+00   3.66242821e+00   3.74781140e+00   3.75055808e+00
   3.82286915e+00   3.87779283e+00   3.88585449e+00   3.96936931e+00
   4.02453363e+00   4.08036170e+00   4.09047480e+00   4.13986872e+00
   4.14685595e+00   4.23225257e+00   4.29467635e+00   4.31920996e+00
   4.40177645e+00   4.44630512e+00   4.54987733e+00   4.56838926e+00
   4.56950819e+00   4.75146699e+00   4.83550905e+00   4.92905739e+00
   4.99125884e+00   5.03784054e+00   5.18444934e+00   5.26738317e+00
   5.34329262e+00   5.38267995e+00   5.47251124e+00   5.62187162e+00
   5.74158318e+00   5.87610214e+00   5.99039275e+00   6.42486728e+00
   7.26683127e+00   7.27256270e+00   7.40257732e+00   7.46920636e+00
   7.67254146e+00   7.86492766e+00   8.10181443e+00   8.80981486e+00
   8.93478853e+00   9.22749185e+00   9.42192566e+00   9.47461714e+00
   2.37451560e+01   2.44626815e+01   5.88422372e+01]
E_coul = 132.887340401165
cycle= 1 E= -176.915472012616  delta_E= 0.474  |g|= 0.445  |ddm|= 1.69
    CPU time for cycle= 1      0.22 sec, wall time      0.22 sec
diis-norm(errvec)=1.31566
diis-c [-1.73095427  1.        ]
  HOMO = -0.395639247622576  LUMO = 0.129255666325556
  mo_energy =
[-26.16181416 -11.44550648 -11.18433989  -1.58917543  -1.0699089
  -0.8451194   -0.73109591  -0.66814407  -0.65145673  -0.5681092
  -0.55460776  -0.39563925   0.12925567   0.15751304   0.18295169
   0.21039036   0.22725307   0.29008444   0.30799135   0.31948327
   0.40836733   0.42404755   0.43262109   0.49087761   0.51935495
   0.57247962   0.61922102   0.67406441   0.70872222   0.7209509
   0.80225279   0.81894478   0.83957018   0.92141455   0.94206021
   0.97580654   1.03922256   1.04839853   1.15460032   1.15520907
   1.18661567   1.18730388   1.25509864   1.3295326    1.38077325
   1.42676009   1.46351773   1.52331913   1.53787108   1.59657193
   1.65370103   1.66691492   1.7435421    1.8448733    1.87702936
   1.87788162   2.19075957   2.20724281   2.22687203   2.3656418
   2.40621183   2.48516593   2.62016567   2.74396723   2.79286436
   2.80025666   2.81391419   2.94820334   2.9752806    3.02525039
   3.03948954   3.06290716   3.12290121   3.16625712   3.17713166
   3.22885672   3.35388867   3.36414868   3.39721519   3.45882037
   3.48954803   3.51654754   3.54112416   3.61836254   3.638586
   3.69800668   3.79424213   3.81418481   3.86583879   3.91033858
   3.91115424   4.00664534   4.07413652   4.11317233   4.14282945
   4.14330056   4.20113769   4.32245525   4.34939183   4.37032074
   4.42259366   4.47337102   4.59705484   4.63104201   4.64352055
   4.82188786   4.87152329   4.96178213   5.03892838   5.07543294
   5.23866047   5.32389437   5.39661118   5.43474659   5.47111066
   5.71176465   5.8348603    5.95579064   6.05489648   6.49522866
   7.44484811   7.45048243   7.56354355   7.62589091   7.8134339
   7.99808448   8.23715705   9.02670491   9.1511703    9.43544641
   9.62844615   9.67618675  23.82833267  24.66090998  59.11690457]
E_coul = 132.285995522859
cycle= 2 E= -176.952819006962  delta_E= -0.0373  |g|= 0.233  |ddm|= 0.425
    CPU time for cycle= 2      0.22 sec, wall time      0.22 sec
diis-norm(errvec)=0.628948
diis-c [-0.23465375  0.24695548  0.75304452]
  HOMO = -0.386097888778259  LUMO = 0.146867100868418
  mo_energy =
[-26.34796968 -11.30692185 -11.23954611  -1.63495223  -1.05302282
  -0.84288952  -0.7435136   -0.69732578  -0.68751744  -0.59110179
  -0.55914151  -0.38609789   0.1468671    0.17136336   0.18592541
   0.21380889   0.23221492   0.29122142   0.31690456   0.3297865
   0.41206445   0.4269396    0.44247401   0.50563042   0.52694184
   0.59207059   0.61822051   0.67788904   0.70848721   0.73819886
   0.80268402   0.82305393   0.84046999   0.90693114   0.94719697
   0.99043103   1.04829215   1.0512926    1.14488254   1.1642494
   1.19846526   1.2048039    1.26813478   1.33820362   1.39172154
   1.44050208   1.46864716   1.52930958   1.54275035   1.60241638
   1.69327461   1.70419529   1.74012835   1.84913937   1.88080592
   1.88624097   2.19538735   2.2314638    2.23936241   2.34487658
   2.41531954   2.4830882    2.62463184   2.73632624   2.78841377
   2.81318117   2.82583412   2.95001639   2.98702046   3.04991398
   3.05474832   3.08187386   3.12819524   3.19134847   3.20059936
   3.22541271   3.35996776   3.36811976   3.40250107   3.48491779   3.5022
   3.51282556   3.5588119    3.63236467   3.64634266   3.72190632
   3.80654325   3.81571845   3.87409774   3.92012329   3.92799082
   4.01292473   4.07691473   4.12931182   4.14476498   4.16059931
   4.20665177   4.30595385   4.33596258   4.35540052   4.43982156
   4.4887986    4.5979826    4.64832718   4.66528595   4.84439136
   4.88696731   4.98679786   5.05684112   5.09605852   5.25265635
   5.33064899   5.40409418   5.4473419    5.53001484   5.70514379
   5.8246699    5.96111385   6.06784017   6.51071173   7.38310721
   7.3887791    7.50720891   7.57155741   7.76519817   7.95815568
   8.19638816   8.93057576   9.05561516   9.34204674   9.53695219
   9.58621069  23.91161063  24.65675344  58.94108679]
E_coul = 132.648191489194
cycle= 3 E= -176.961394499714  delta_E= -0.00858  |g|= 0.0646  |ddm|= 0.145
    CPU time for cycle= 3      0.22 sec, wall time      0.22 sec
diis-norm(errvec)=0.168317
diis-c [-0.00797695 -0.09599469  0.0706872   1.02530749]
  HOMO = -0.385712031444851  LUMO = 0.14869570921941
  mo_energy =
[-26.29714231 -11.32800617 -11.23376288  -1.62184521  -1.05275121
  -0.83619191  -0.73722752  -0.68650939  -0.68208112  -0.58686786
  -0.55871117  -0.38571203   0.14869571   0.17292961   0.18869655
   0.21664772   0.23269315   0.29464865   0.31668992   0.32912955
   0.41267836   0.42756351   0.44333843   0.50802419   0.5275474
   0.59395045   0.62495785   0.68030398   0.70867422   0.73928712
   0.80537506   0.82538474   0.84149175   0.90841466   0.94914989
   0.99060811   1.05051395   1.05462828   1.14689292   1.16679727
   1.20020557   1.20521608   1.26903145   1.33973836   1.39425938
   1.44079626   1.47228129   1.53077051   1.54517918   1.60433438
   1.6922005    1.69979457   1.74630752   1.85062257   1.87972337
   1.88711041   2.19611617   2.22971905   2.23873897   2.35033888
   2.41641968   2.48618075   2.62730622   2.74038654   2.7929015
   2.81252928   2.83237699   2.95841125   2.99163076   3.05391756
   3.05534389   3.07890583   3.12966581   3.19052825   3.20095392
   3.22830521   3.36785406   3.37254277   3.40374386   3.48711643
   3.50453724   3.5191896    3.56245673   3.63747175   3.64630475
   3.72444749   3.81123385   3.82166839   3.88103298   3.92745106
   3.93446774   4.01880774   4.08574563   4.13468622   4.15142436
   4.16787457   4.21601335   4.31793978   4.34555159   4.36347891
   4.44590705   4.49355329   4.60610052   4.64778467   4.66630845
   4.84441666   4.89122558   4.99022946   5.06360314   5.10141855
   5.25658035   5.3386101    5.4102084    5.45443502   5.5300342
   5.71521508   5.83567664   5.96834524   6.07380635   6.51576557
   7.39829516   7.40396421   7.52151278   7.58590674   7.77953547
   7.97165132   8.20990993   8.95492323   9.07966847   9.36467184
   9.55902059   9.60844546  23.89982348  24.65540599  58.98894612]
E_coul = 132.555374318865
cycle= 4 E= -176.962340537721  delta_E= -0.000946  |g|= 0.0111  |ddm|= 0.0479
    CPU time for cycle= 4      0.21 sec, wall time      0.22 sec
diis-norm(errvec)=0.0295337
diis-c [ -4.54991864e-04  -1.19133864e-02  -3.11286461e-02   4.40170664e-02
   9.99024966e-01]
  HOMO = -0.385011899084776  LUMO = 0.149004211691161
  mo_energy =
[-26.30749865 -11.32774054 -11.23113976  -1.62529512  -1.05155651
  -0.83702879  -0.73891032  -0.68989024  -0.68313841  -0.58789727
  -0.55936647  -0.3850119    0.14900421   0.17292742   0.18878514
   0.21665082   0.23244887   0.29452413   0.31677859   0.32956423
   0.41240346   0.42760538   0.44381267   0.50772184   0.52755638
   0.59385171   0.62518178   0.68037899   0.70858877   0.73945742
   0.80506797   0.82533471   0.84126915   0.9079538    0.94909613
   0.9904134    1.05038894   1.05452768   1.14641758   1.16693212
   1.20017365   1.20510327   1.26872551   1.33943059   1.394258
   1.44091096   1.4722537    1.53071937   1.54515159   1.60390317
   1.69203638   1.70056882   1.74656585   1.85086542   1.88049583
   1.88702752   2.19616775   2.2298583    2.23924178   2.34894658
   2.41599959   2.48484995   2.62639311   2.73938736   2.79223413
   2.81321568   2.83244459   2.95841633   2.99184653   3.05433791
   3.05495455   3.08003861   3.13031603   3.19105574   3.20076928
   3.2285682    3.36771044   3.37187652   3.40297739   3.48671142
   3.50492052   3.5185078    3.56207757   3.63720616   3.64573063
   3.72431531   3.8112548    3.82098232   3.88093832   3.92653391
   3.93439681   4.01896014   4.08503685   4.13441309   4.15113568
   4.16764168   4.21559583   4.31655857   4.34484384   4.36346664
   4.44588279   4.49372092   4.60527569   4.64826786   4.66678229
   4.8449614    4.89156214   4.99023137   5.06336119   5.10119955
   5.25713493   5.33895569   5.41024644   5.45466139   5.52971562
   5.7136594    5.83576605   5.96807031   6.0740539    6.51593249
   7.39528266   7.40096029   7.51822928   7.58254565   7.77571215
   7.96789722   8.20635756   8.95012226   9.07498602   9.3601447
   9.5545593    9.60379179  23.90061742  24.65718727  58.97920179]
E_coul = 132.579622778766
cycle= 5 E= -176.962380228702  delta_E= -3.97e-05  |g|= 0.00436  |ddm|= 0.013
    CPU time for cycle= 5      0.22 sec, wall time      0.22 sec
diis-norm(errvec)=0.0129392
diis-c [ -1.07209032e-04   4.56159391e-03  -1.29131269e-02  -5.68766312e-02
   2.16367158e-01   8.48861006e-01]
  HOMO = -0.385101261877564  LUMO = 0.148935619929822
  mo_energy =
[-26.30441537 -11.32615675 -11.23358431  -1.6237702   -1.05171008
  -0.83649906  -0.73800454  -0.68877276  -0.6829838   -0.58816029
  -0.55942469  -0.38510126   0.14893562   0.17288677   0.18857648
   0.21644611   0.23272723   0.29415645   0.31668441   0.32963073
   0.41258354   0.42751137   0.44370872   0.50807176   0.52766651
   0.59407994   0.62447059   0.68013696   0.70871935   0.73923408
   0.80516383   0.82528709   0.84137291   0.90833629   0.94901029
   0.9904805    1.05033729   1.05403066   1.14691176   1.16668914
   1.20003108   1.20516755   1.26881249   1.33925638   1.39390414
   1.44072681   1.47185968   1.53058608   1.54487165   1.6040684
   1.69236781   1.70062824   1.74573869   1.85048231   1.88007296
   1.88703227   2.19598161   2.22998837   2.23899923   2.34978343
   2.41611486   2.48568984   2.62706827   2.74007029   2.79262847
   2.81297229   2.83203713   2.95776927   2.99125324   3.05407255
   3.05515648   3.07976115   3.12965945   3.19093044   3.20086984
   3.22847702   3.36724189   3.37182308   3.4035291    3.4867349
   3.50454859   3.51832973   3.56209215   3.63705558   3.64622472
   3.72442442   3.81101236   3.82114649   3.88058551   3.92679171
   3.93394486   4.01853304   4.08500649   4.13436188   4.15098104
   4.16760024   4.21532502   4.31720511   4.34490733   4.36289023
   4.4456842    4.49342239   4.60539983   4.64786257   4.66653572
   4.84472843   4.8912449    4.98997248   5.06322004   5.10107591
   5.25663791   5.33828619   5.40957176   5.45406279   5.5301922
   5.71384331   5.83499649   5.96772568   6.07362143   6.51565583
   7.39680874   7.40248273   7.51966896   7.58398831   7.77718495
   7.96929918   8.20763036   8.95204901   9.07689269   9.36198435
   9.55631767   9.60558507  23.90102724  24.65596692  58.98214171]
E_coul = 132.572197992337
cycle= 6 E= -176.962386302382  delta_E= -6.07e-06  |g|= 0.00141  |ddm|= 0.00383
    CPU time for cycle= 6      0.23 sec, wall time      0.22 sec
diis-norm(errvec)=0.00408479
diis-c [ -6.63703317e-06   2.18613052e-03   3.66734104e-03  -6.12516539e-03
  -1.59474258e-01  -9.89950789e-02   1.25874103e+00]
  HOMO = -0.385061452651432  LUMO = 0.148956928561954
  mo_energy =
[-26.30510389 -11.32610627 -11.23330929  -1.62398967  -1.05171889
  -0.8365127   -0.73807812  -0.68915567  -0.68306145  -0.58825386
  -0.5594282   -0.38506145   0.14895693   0.17293095   0.18856619
   0.21644012   0.23271513   0.29415184   0.31669525   0.32969662
   0.41257142   0.42751536   0.44378302   0.50804451   0.52766681
   0.59412291   0.62446619   0.68010266   0.70866151   0.73924615
   0.80510609   0.82529019   0.8413705    0.90824751   0.94898481
   0.99050445   1.05034656   1.05401282   1.14684831   1.16668511
   1.20005475   1.20521457   1.26881873   1.33928097   1.39393418
   1.44074743   1.47183845   1.53056966   1.54485617   1.60406551
   1.69245642   1.70071052   1.74574866   1.85049112   1.88014371
   1.88703365   2.19596716   2.23001115   2.23903184   2.34964899
   2.41610605   2.4856243    2.62699506   2.73995235   2.79254586
   2.81296522   2.83205636   2.95775469   2.99129562   3.05410269
   3.05517464   3.07974195   3.12964384   3.19092581   3.20094481
   3.22842321   3.36724679   3.37182379   3.40351366   3.48680442
   3.50455065   3.51832187   3.56210731   3.63702455   3.64624724
   3.72444501   3.81098654   3.82110442   3.88056669   3.92678522
   3.93399288   4.01850159   4.08496399   4.13437278   4.15092792
   4.16765807   4.21531991   4.31701205   4.34484859   4.36285844
   4.44568661   4.49343301   4.60537578   4.64787183   4.66657271
   4.84475285   4.89125017   4.99002319   5.06322777   5.10111578
   5.25663584   5.33832282   5.40959914   5.4541121    5.53028766
   5.71382304   5.83500727   5.96776304   6.0736475    6.5156484
   7.39657268   7.40224656   7.51938428   7.58371662   7.776908
   7.96901685   8.20735457   8.95167109   9.07651858   9.36156669
   9.55588079   9.60514127  23.901131    24.65615608  58.98148547]
E_coul = 132.574730335009
cycle= 7 E= -176.962387771332  delta_E= -1.47e-06  |g|= 0.000404  |ddm|= 0.00257
    CPU time for cycle= 7      0.22 sec, wall time      0.22 sec
diis-norm(errvec)=0.00128801
diis-c [ -3.33169221e-07  -9.69493072e-04  -6.33548153e-04   7.19452509e-03
   3.51719038e-02  -9.21975647e-02  -2.74434539e-01   1.32586872e+00]
  HOMO = -0.385039705347261  LUMO = 0.1489699944891
  mo_energy =
[-26.30491436 -11.32586794 -11.23345001  -1.62389849  -1.05169456
  -0.83644694  -0.73798478  -0.68912018  -0.6830299   -0.58825663
  -0.55938369  -0.38503971   0.14896999   0.17295209   0.18855818
   0.21642858   0.23274969   0.29413335   0.31670669   0.32971501
   0.41259817   0.42751803   0.44379582   0.50809713   0.52769357
   0.5941851    0.62442598   0.68010033   0.70868629   0.73926765
   0.80511727   0.82531711   0.84139974   0.90827425   0.94900335
   0.99053837   1.05036532   1.05399065   1.14688885   1.16668907
   1.20006925   1.20526591   1.26886447   1.33928457   1.3939401
   1.44076779   1.47182441   1.53057683   1.54484708   1.60410092
   1.69254008   1.70076343   1.74570032   1.85049293   1.88014427
   1.88706649   2.19598532   2.23006578   2.23905912   2.34971173
   2.41613631   2.48570935   2.62707542   2.74001721   2.79259827
   2.81298916   2.83206104   2.9577196    2.99129246   3.05413599
   3.055238     3.07977069   3.12962145   3.19095857   3.20101563
   3.22845103   3.36724451   3.37184403   3.40359899   3.48685972
   3.504563     3.51833054   3.56215092   3.63704129   3.64634023
   3.72451354   3.8110037    3.82115298   3.88057316   3.92684605
   3.93400109   4.0185015    4.08498542   4.13441161   4.15094728
   4.16771424   4.21532711   4.31706551   4.34487878   4.36283282
   4.44571594   4.49345121   4.60542144   4.64788247   4.66660671
   4.84478486   4.89127496   4.9900531    5.06326058   5.10116001
   5.25664532   5.3383103    5.40958095   5.45410776   5.53041036
   5.71386178   5.83497778   5.96777672   6.07366584   6.51567587
   7.39666122   7.40233502   7.51946699   7.58380127   7.77699728
   7.96910332   8.20743121   8.95178282   9.07663045   9.36167922
   9.55598337   9.60524701  23.90125578  24.65612934  58.98166698]
E_coul = 132.57455567742
cycle= 8 E= -176.962387871828  delta_E= -1e-07  |g|= 7.07e-05  |ddm|= 0.000782
    CPU time for cycle= 8      0.22 sec, wall time      0.23 sec
diis-norm(errvec)=0.000233454
diis-c [ -2.41350893e-08   1.23817272e-04  -8.90755053e-05  -1.16970874e-03
  -1.32834867e-03   2.47587556e-02   2.10917846e-02  -3.60683678e-01
   1.31729645e+00]
  HOMO = -0.385049536675816  LUMO = 0.148962233472397
  mo_energy =
[-26.30492566 -11.32588018 -11.2334772   -1.62389233  -1.05170308
  -0.83644553  -0.73797724  -0.68911598  -0.68303478  -0.58826348
  -0.55938633  -0.38504954   0.14896223   0.17295171   0.18855407
   0.21642242   0.2327537    0.29412509   0.31670412   0.32971116
   0.41260152   0.42751457   0.44378946   0.50809336   0.52769464
   0.5941852    0.62441187   0.68009283   0.7086881    0.7392609
   0.80511721   0.82531448   0.8413999    0.90828165   0.94899701
   0.99053666   1.05036276   1.05397915   1.14689316   1.16668251
   1.20006497   1.20526639   1.26886398   1.33927916   1.39393125
   1.44076223   1.47181443   1.53057054   1.54483886   1.60410219
   1.69254371   1.70075506   1.74568392   1.85048354   1.88013286
   1.88706373   2.195977     2.23006192   2.23905302   2.34971893
   2.41613282   2.48571626   2.62707961   2.7400217    2.79259829
   2.81298123   2.83205137   2.95770328   2.99127877   3.05412661
   3.05523955   3.07976018   3.12960598   3.19095084   3.20101237
   3.22844409   3.36723272   3.37183761   3.40360122   3.48685628
   3.50455088   3.51832175   3.5621449    3.63703158   3.64634156
   3.72451089   3.81099447   3.82114827   3.88056226   3.92684653
   3.93399109   4.01849041   4.08497798   4.13440608   4.15093885
   4.1677148    4.21531694   4.31706396   4.34487621   4.36281789
   4.4457095    4.49344375   4.60541726   4.64787181   4.6665975
   4.84477747   4.89126628   4.99004638   5.06325232   5.10115493
   5.25663373   5.33829531   5.40956617   5.45409388   5.53041293
   5.71385453   5.83495979   5.96776534   6.07365362   6.51566497
   7.39667187   7.40234557   7.51947709   7.58381179   7.77700841
   7.96911123   8.20743794   8.95178877   9.07663626   9.36168557
   9.55598814   9.60525224  23.90124057  24.65610751  58.981657  ]
E_coul = 132.574704200467
cycle= 9 E= -176.96238787572  delta_E= -3.89e-09  |g|= 2.15e-05  |ddm|= 0.000183
    CPU time for cycle= 9      0.24 sec, wall time      0.23 sec
diis-norm(errvec)=6.56263e-05
diis-c [ -2.47357965e-09   1.22131570e+00   1.32953094e-05   3.88371584e-05
  -1.13765076e-03  -6.33276803e-04   1.01970910e-02  -8.87580206e-03
  -2.20918194e-01]
  HOMO = -0.385046149286585  LUMO = 0.148964837681073
  mo_energy =
[-26.30491377 -11.32586558 -11.23346971  -1.62388485  -1.05169739
  -0.83644114  -0.73797136  -0.68910887  -0.6830308   -0.58826031
  -0.5593832   -0.38504615   0.14896484   0.17295254   0.18855423
   0.21642201   0.23275632   0.29412453   0.31670532   0.32971215
   0.41260376   0.42751505   0.44379128   0.50809752   0.52769631
   0.59418805   0.62441187   0.68009485   0.70869098   0.73926442
   0.80511937   0.82531644   0.84140244   0.90828493   0.94899938
   0.99053955   1.05036478   1.05397885   1.14689648   1.16668305
   1.20006619   1.20526915   1.268867     1.3392807    1.39393305
   1.44076514   1.47181448   1.53057223   1.54483937   1.60410507
   1.69254786   1.70076051   1.74568447   1.85048617   1.88013687
   1.88706679   2.19598109   2.23006665   2.23905712   2.34972419
   2.41613617   2.48572221   2.62708543   2.74002699   2.79260267
   2.8129864    2.83205213   2.95770279   2.99128144   3.05413114
   3.05524296   3.07976525   3.12960847   3.19095576   3.20101671
   3.22844863   3.3672351    3.37184197   3.40360656   3.48686022
   3.50455357   3.51832454   3.56214898   3.63703508   3.64634727
   3.72451492   3.81099675   3.82115211   3.88056362   3.92684941
   3.9339922    4.01849111   4.08497988   4.13440884   4.15094098
   4.16771597   4.2153182    4.31706758   4.34487778   4.36281751
   4.44571091   4.49344531   4.60542034   4.64787588   4.6666025
   4.84478208   4.89126855   4.99004933   5.06325512   5.10115804
   5.25663605   5.33829672   5.40956749   5.45409566   5.53041823
   5.71385943   5.83496146   5.96776895   6.07365646   6.51566852
   7.39667785   7.40235155   7.51948402   7.5838188    7.77701638
   7.96911928   8.20744552   8.95179618   9.07664356   9.36169337
   9.55599577   9.60526025  23.90125232  24.65611636  58.98166851]
E_coul = 132.574663720753
cycle= 10 E= -176.962387876007  delta_E= -2.87e-10  |g|= 7.08e-06  |ddm|= 4.18e-05
    CPU time for cycle= 10      0.22 sec, wall time      0.22 sec
  HOMO = -0.38504851229238  LUMO = 0.148963282546406
  mo_energy =
[-26.30491802 -11.32586928 -11.2334771   -1.62388636  -1.05170018
  -0.83644292  -0.73797281  -0.68910987  -0.68303309  -0.58826257
  -0.55938508  -0.38504851   0.14896328   0.17295216   0.18855371
   0.21642146   0.23275599   0.2941238    0.31670462   0.32971136
   0.41260344   0.42751444   0.44378989   0.50809611   0.5276959
   0.59418706   0.6244103    0.68009353   0.70869048   0.73926252
   0.80511887   0.8253154    0.84140168   0.90828474   0.94899796
   0.99053849   1.05036369   1.05397771   1.14689602   1.16668205
   1.20006522   1.20526815   1.26886586   1.33927939   1.39393152
   1.44076342   1.47181342   1.53057096   1.54483827   1.60410413
   1.692547     1.70075794   1.74568239   1.85048411   1.88013409
   1.88706542   2.19597878   2.23006483   2.2390549    2.34972311
   2.41613459   2.48572103   2.62708414   2.74002578   2.79260136
   2.81298373   2.83205087   2.9577013    2.99127907   3.05412869
   3.05524195   3.07976234   3.12960583   3.19095327   3.20101523
   3.2284462    3.367233     3.37183971   3.40360528   3.48685857
   3.50455144   3.51832276   3.56214704   3.63703288   3.64634565
   3.72451335   3.81099502   3.82115036   3.88056204   3.9268485
   3.93399087   4.01848964   4.08497858   4.13440747   4.15093948
   4.16771556   4.21531686   4.31706653   4.34487679   4.36281615
   4.44570973   4.49344397   4.60541905   4.64787329   4.66659982
   4.84477968   4.89126685   4.99004763   5.06325334   5.1011564
   5.25663401   5.3382947    5.40956543   5.45409368   5.53041714
   5.71385699   5.83495888   5.96776653   6.07365428   6.51566632
   7.39667641   7.40235011   7.5194826    7.58381735   7.77701477
   7.96911747   8.20744372   8.95179409   9.0766415    9.36169157
   9.55599398   9.6052584   23.90124785  24.6561104   58.98166451]
    CPU time for scf_cycle      5.00 sec, wall time      5.01 sec
    CPU time for SCF      5.00 sec, wall time      5.01 sec
converged SCF energy = -176.962387876007
RHF E = -176.962387876
RHF eps = [-26.30491802 -11.32586928 -11.2334771   -1.62388636  -1.05170018
  -0.83644292  -0.73797281  -0.68910987  -0.68303309  -0.58826257
  -0.55938508  -0.38504851   0.14896328   0.17295216   0.18855371
   0.21642146   0.23275599   0.2941238    0.31670462   0.32971136
   0.41260344   0.42751444   0.44378989   0.50809611   0.5276959
   0.59418706   0.6244103    0.68009353   0.70869048   0.73926252
   0.80511887   0.8253154    0.84140168   0.90828474   0.94899796
   0.99053849   1.05036369   1.05397771   1.14689602   1.16668205
   1.20006522   1.20526815   1.26886586   1.33927939   1.39393152
   1.44076342   1.47181342   1.53057096   1.54483827   1.60410413
   1.692547     1.70075794   1.74568239   1.85048411   1.88013409
   1.88706542   2.19597878   2.23006483   2.2390549    2.34972311
   2.41613459   2.48572103   2.62708414   2.74002578   2.79260136
   2.81298373   2.83205087   2.9577013    2.99127907   3.05412869
   3.05524195   3.07976234   3.12960583   3.19095327   3.20101523
   3.2284462    3.367233     3.37183971   3.40360528   3.48685857
   3.50455144   3.51832276   3.56214704   3.63703288   3.64634565
   3.72451335   3.81099502   3.82115036   3.88056204   3.9268485
   3.93399087   4.01848964   4.08497858   4.13440747   4.15093948
   4.16771556   4.21531686   4.31706653   4.34487679   4.36281615
   4.44570973   4.49344397   4.60541905   4.64787329   4.66659982
   4.84477968   4.89126685   4.99004763   5.06325334   5.1011564
   5.25663401   5.3382947    5.40956543   5.45409368   5.53041714
   5.71385699   5.83495888   5.96776653   6.07365428   6.51566632
   7.39667641   7.40235011   7.5194826    7.58381735   7.77701477
   7.96911747   8.20744372   8.95179409   9.0766415    9.36169157
   9.55599398   9.6052584   23.90124785  24.6561104   58.98166451]
    CPU time for transforming oopq      6.46 sec, wall time      6.46 sec
    CPU time for transforming ovpq      7.23 sec, wall time      7.23 sec
MO integrals cint2e_sph are saved in <HDF5 file "tmpoCzJsg" (mode r+)>/eri_mo
num. MO ints = 2.2888664e+08, required disk 1831.0931 MB
step1: tmpfile /tmp/tmpF6HzkS  1111.0738 MB
step1: (ij,kl) = (15129,9180), mem cache 4000 MB, iobuf 800 MB
    CPU time for Initializing ao2mo.outcore.half_e1      0.02 sec, wall time      0.02 sec
step 1 [1/2], AO [0:1118], len(buf) = 6607
      fill iobuf micro [1/1], AO [0:1118], len(aobuf) = 6607
    CPU time for gen AO/transform MO [1/2]      7.79 sec, wall time      7.78 sec
step 1 [2/2], AO [1118:1326], len(buf) = 2573
      fill iobuf micro [1/1], AO [1118:1326], len(aobuf) = 2573
    CPU time for gen AO/transform MO [2/2]      4.10 sec, wall time      4.11 sec
    CPU time for AO->MO transformation for cint2e_sph 1 pass     12.57 sec, wall time     12.57 sec
step2: kl-pair (ao 9180, mo 15129), mem 235.008 MB, ioblock 387.3024 MB
step 2 [1/5], [0,0:3200], row = 3200
step 2 [1/5] CPU time:      2.04, Wall time:      2.04
step 2 [2/5], [0,3200:6400], row = 3200
step 2 [2/5] CPU time:      2.12, Wall time:      2.12
step 2 [3/5], [0,6400:9600], row = 3200
step 2 [3/5] CPU time:      2.11, Wall time:      2.11
step 2 [4/5], [0,9600:12800], row = 3200
step 2 [4/5] CPU time:      2.07, Wall time:      2.07
step 2 [5/5], [0,12800:15129], row = 2329
step 2 [5/5] CPU time:      1.53, Wall time:      1.53
    CPU time for AO->MO transformation for cint2e_sph 2 pass     10.12 sec, wall time     10.12 sec
    CPU time for AO->MO transformation for cint2e_sph      22.69 sec, wall time     22.69 sec
    CPU time for transforming vvvv     25.78 sec, wall time     26.32 sec
    CPU time for CCSD integral transformation     39.69 sec, wall time     40.24 sec

******** <class 'pyscf.cc.rccsd_slow.RCCSD'> flags ********
CCSD nocc = 9, nvir = 123
frozen orbitals [0, 1, 2]
max_cycle = 100
direct = 0
conv_tol = 1e-07
conv_tol_normt = 1e-05
diis_space = 6
diis_start_cycle = 0
diis_start_energy_diff = 1e+09
Init t2, MP2 energy = -0.572579182310733
    CPU time for init mp2      0.02 sec, wall time      0.02 sec
    CPU time for update t1 t2      8.30 sec, wall time      8.31 sec
istep = 0  E(CCSD) = -0.572242547417661  dE = -0.572242547  norm(t1,t2) = 0.0442849
    CPU time for CCSD iter      8.33 sec, wall time      8.34 sec
    CPU time for update t1 t2      8.23 sec, wall time      8.24 sec
DIIS for step 1
istep = 1  E(CCSD) = -0.577991081493905  dE = -0.00574853408  norm(t1,t2) = 0.0188287
    CPU time for CCSD iter      8.27 sec, wall time      8.28 sec
    CPU time for update t1 t2      8.37 sec, wall time      8.38 sec
diis-c [ -7.91084976e-05   1.00000000e+00]
DIIS for step 2
istep = 2  E(CCSD) = -0.578485755766145  dE = -0.000494674272  norm(t1,t2) = 0.01029
    CPU time for CCSD iter      8.41 sec, wall time      8.43 sec
    CPU time for update t1 t2      8.34 sec, wall time      8.35 sec
diis-c [ -1.23914487e-05  -9.35395813e-02   1.09353958e+00]
DIIS for step 3
istep = 3  E(CCSD) = -0.579303214442181  dE = -0.000817458676  norm(t1,t2) = 0.00499542
    CPU time for CCSD iter      8.39 sec, wall time      8.40 sec
    CPU time for update t1 t2      8.33 sec, wall time      8.34 sec
diis-c [ -1.22783232e-06  -3.72474378e-01   7.19701647e-02   1.30050421e+00]
DIIS for step 4
istep = 4  E(CCSD) = -0.579673931034205  dE = -0.000370716592  norm(t1,t2) = 0.00307216
    CPU time for CCSD iter      8.38 sec, wall time      8.39 sec
    CPU time for update t1 t2      8.34 sec, wall time      8.35 sec
diis-c [ -1.44068496e-07   1.31254095e-01  -3.09047702e-02  -5.61666029e-01
   1.46131670e+00]
DIIS for step 5
istep = 5  E(CCSD) = -0.579619070223362  dE = 5.48608108e-05  norm(t1,t2) = 0.000741917
    CPU time for CCSD iter      8.40 sec, wall time      8.41 sec
    CPU time for update t1 t2      8.32 sec, wall time      8.33 sec
diis-c [ -1.41522097e-08   9.69877608e-02  -2.33756227e-03  -3.78490286e-01
   2.00710473e-01   1.08312961e+00]
DIIS for step 6
istep = 6  E(CCSD) = -0.579611713113667  dE = 7.35710969e-06  norm(t1,t2) = 0.000293973
    CPU time for CCSD iter      8.39 sec, wall time      8.39 sec
    CPU time for update t1 t2      8.32 sec, wall time      8.34 sec
diis-c [ -1.02841893e-09  -4.42432388e-02   6.02166682e-03   1.66078257e-01
  -1.15764269e-01  -5.33025077e-01   1.52093266e+00]
DIIS for step 7
istep = 7  E(CCSD) = -0.579619832752147  dE = -8.11963848e-06  norm(t1,t2) = 7.34928e-05
    CPU time for CCSD iter      8.38 sec, wall time      8.40 sec
    CPU time for update t1 t2      8.35 sec, wall time      8.35 sec
diis-c [ -1.54472685e-10   1.13425191e+00  -6.71335739e-04   8.26833818e-04
   7.73587141e-03  -2.99401240e-02  -1.12203153e-01]
DIIS for step 8
istep = 8  E(CCSD) = -0.579619238002496  dE = 5.94749651e-07  norm(t1,t2) = 1.99483e-05
    CPU time for CCSD iter      8.40 sec, wall time      8.41 sec
    CPU time for update t1 t2      8.32 sec, wall time      8.33 sec
diis-c [ -1.67424130e-11   9.76455724e-02   9.68916491e-01   1.53183689e-04
   1.36850075e-03   2.66292591e-03  -7.07466742e-02]
DIIS for step 9
istep = 9  E(CCSD) = -0.579619514939281  dE = -2.76936785e-07  norm(t1,t2) = 6.69902e-06
    CPU time for CCSD iter      8.38 sec, wall time      8.38 sec
    CPU time for update t1 t2      8.34 sec, wall time      8.34 sec
diis-c [ -1.42025280e-12  -1.25903877e-01  -1.68244022e-01   1.27247934e+00
  -1.18877660e-03   2.98617508e-03   1.98711645e-02]
DIIS for step 10
istep = 10  E(CCSD) = -0.579619341259229  dE = 1.73680052e-07  norm(t1,t2) = 2.40518e-06
    CPU time for CCSD iter      8.39 sec, wall time      8.40 sec
    CPU time for update t1 t2      8.32 sec, wall time      8.34 sec
diis-c [ -1.65811809e-13  -2.27802536e-02  -1.18486771e-01   1.29334892e-01
   1.00327278e+00   4.76689079e-05   8.61168642e-03]
DIIS for step 11
istep = 11  E(CCSD) = -0.579619327850893  dE = 1.34083364e-08  norm(t1,t2) = 7.88873e-07
    CPU time for CCSD iter      8.39 sec, wall time      8.39 sec
    CPU time for CCSD    100.51 sec, wall time    100.62 sec
CCSD converged
E(CC2) = -177.5420072038577  E_corr = -0.5796193278508925
    CPU time for EOM-CCSD shared one-electron intermediates      0.59 sec, wall time      0.60 sec
    CPU time for EOM-CCSD IP intermediates      1.35 sec, wall time      1.35 sec
tol 1e-07  toloose 0.000316228
max_cycle 100  max_space 38  max_memory 2000  incore True
davidson 0 6  |r|= 0.479  e= [ 0.4606375   0.61549012  0.65296258  0.75390689  0.77424711  0.81294264]  max|de|= 0.813  lindep=    1
davidson 1 12  |r|= 0.069  e= [ 0.38521681  0.50133108  0.54023401  0.62221418  0.59205035  0.67274271]  max|de|= -0.182  lindep= 0.886
davidson 2 18  |r|= 0.026  e= [ 0.38517782  0.50094218  0.53985761  0.61878146  0.59008755  0.66539262]  max|de|= -0.00735  lindep= 0.815
root 0 converged  |r|= 1.41e-11  e= 0.385177839317  max|de|= 2.31e-08
davidson 3 24  |r|= 0.00511  e= [ 0.38517784  0.5007045   0.53971581  0.61730965  0.59008927  0.66430431]  max|de|= -0.00147  lindep= 0.89
root 4 converged  |r|= 6.24e-10  e= 0.590089274617  max|de|= -1.11e-16
davidson 4 28  |r|= 0.000207  e= [ 0.38517784  0.50070326  0.53971869  0.61719131  0.59008927  0.66423028]  max|de|= -0.000118  lindep= 0.849
root 1 converged  |r|= 5.29e-10  e= 0.500703293517  max|de|= 3.29e-08
root 2 converged  |r|= 5.71e-10  e= 0.539718720025  max|de|= 2.63e-08
davidson 5 32  |r|= 1.28e-08  e= [ 0.38517784  0.50070329  0.53971872  0.61719248  0.59008927  0.66423093]  max|de|= 1.17e-06  lindep=    1
Linear dependency in trial subspace. |r| for each state [0, 5.289926227749113e-10, 5.7126886419726014e-10, 5.9404595250124741e-09, 0, 1.2798498247151849e-08]
IP root 0 E = 0.3851778393167755  qpwt = 0.965996
IP root 1 E = 0.5007032935167981  qpwt = 0.947287
IP root 2 E = 0.5397187200247749  qpwt = 0.957161
IP root 3 E = 0.6171924834119183  qpwt = 0.946321
IP root 4 E = 0.5900892746174833  qpwt = 0.929675
IP root 5 E = 0.664230934007789  qpwt = 0.939041
    CPU time for IP-CCSD      2.09 sec, wall time      2.10 sec
    CPU time for EOM-CCSD shared one-electron intermediates      0.59 sec, wall time      0.59 sec
    CPU time for EOM-CCSD EA intermediates     61.26 sec, wall time     61.85 sec
tol 1e-07  toloose 0.000316228
max_cycle 100  max_space 38  max_memory 2000  incore True
davidson 0 6  |r|= 0.359  e= [ 0.18445854  0.18189985  0.19579942  0.22424385  0.24273479  0.30026929]  max|de|=  0.3  lindep=    1
davidson 1 12  |r|= 0.0628  e= [ 0.11288301  0.1485049   0.16327632  0.19474864  0.20354343  0.27018515]  max|de|= -0.0716  lindep= 0.935
davidson 2 18  |r|= 0.0472  e= [ 0.10254777  0.14541626  0.16014415  0.1868655   0.20036101  0.2683572 ]  max|de|= -0.0103  lindep= 0.831
davidson 3 24  |r|= 0.0109  e= [ 0.10247754  0.14532573  0.16009306  0.1858008   0.20016209  0.26828714]  max|de|= -0.00106  lindep= 0.443
davidson 4 30  |r|= 0.00368  e= [ 0.10247709  0.14531755  0.16008677  0.18567674  0.20013627  0.26826915]  max|de|= -0.000124  lindep= 0.67
davidson 5 36  |r|= 0.00191  e= [ 0.10246732  0.14531367  0.16008404  0.18564598  0.20012681  0.26823149]  max|de|= -3.77e-05  lindep= 0.614
root 0 converged  |r|= 0.000135  e= 0.102467324946  max|de|= 8.05e-16
root 1 converged  |r|= 0.000151  e= 0.145313674446  max|de|= 1.75e-15
root 2 converged  |r|= 0.000168  e= 0.160084042882  max|de|= 6.38e-16
root 4 converged  |r|= 0.000206  e= 0.200126813841  max|de|= 8.6e-16
davidson 6 6  |r|= 0.00191  e= [ 0.10246732  0.14531367  0.16008404  0.18564598  0.20012681  0.26823149]  max|de|= 1.75e-15  lindep= 0.999
davidson 7 8  |r|= 0.00106  e= [ 0.10246732  0.14531385  0.16008393  0.18564642  0.20012693  0.26822375]  max|de|= -7.74e-06  lindep= 0.683
root 3 converged  |r|= 2.94e-05  e= 0.185646459371  max|de|= 3.99e-08
davidson 8 10  |r|= 0.000823  e= [ 0.10246732  0.1453139   0.1600839   0.18564646  0.20012691  0.26822708]  max|de|= 3.33e-06  lindep= 0.462
davidson 9 11  |r|= 0.000466  e= [ 0.10246732  0.14531386  0.16008389  0.18564661  0.20012717  0.26822118]  max|de|= -5.9e-06  lindep= 0.218
davidson 10 12  |r|= 0.000516  e= [ 0.10246732  0.14531383  0.16008383  0.18564638  0.20012689  0.26822379]  max|de|= 2.61e-06  lindep= 0.0901
davidson 11 13  |r|= 0.000532  e= [ 0.10246732  0.14531383  0.16008383  0.18564629  0.20012643  0.26822743]  max|de|= 3.64e-06  lindep= 0.0773
davidson 12 14  |r|= 0.000267  e= [ 0.10246732  0.14531381  0.16008382  0.18564652  0.20012681  0.26822035]  max|de|= -7.08e-06  lindep= 0.577
davidson 13 15  |r|= 9.69e-05  e= [ 0.10246732  0.14531398  0.160084    0.18564656  0.2001265   0.26822272]  max|de|= 2.37e-06  lindep= 0.612
davidson 14 16  |r|= 4.21e-05  e= [ 0.10246732  0.1453141   0.16008438  0.18564651  0.20012655  0.2682234 ]  max|de|= 6.73e-07  lindep= 0.414
davidson 15 17  |r|= 1.84e-05  e= [ 0.10246732  0.14531411  0.16008446  0.1856465   0.2001263   0.26822266]  max|de|= -7.33e-07  lindep= 0.364
root 5 converged  |r|= 6.7e-06  e= 0.268222700817  max|de|= 3.65e-08
converge 16 18  |r|= 6.7e-06  e= [ 0.10246732  0.14531407  0.1600844   0.18564627  0.20012635  0.2682227 ]  max|de|= -2.3e-07
EA root 0 E = 0.1024673249458974  qpwt = 0.970827
EA root 1 E = 0.1453140708582834  qpwt = 0.985811
EA root 2 E = 0.1600844017263951  qpwt = 0.98518
EA root 3 E = 0.1856462650186917  qpwt = 0.981298
EA root 4 E = 0.2001263491292007  qpwt = 0.987384
EA root 5 E = 0.2682227008174384  qpwt = 0.987096
    CPU time for EA-CCSD     92.02 sec, wall time     92.64 sec
