

******** <class 'pyscf.scf.hf.RHF'> flags ********
method = RHF
initial guess = minao
damping factor = 0
level shift factor = 0
Do DIIS = True
DIIS start cycle = 1
DIIS space = 8
SCF tol = 1e-09
SCF gradient tol = None
max. SCF cycles = 50
direct_scf = True
direct_scf_tol = 1e-13
chkfile to save SCF result = /tmp/tmpHaS6Z6
max_memory 4000 MB (current use 39 MB)
Set gradient conv threshold to 3.16228e-05
Nelec from initial guess = 17.999
cond(S) = 20341.8020386
E_coul = 64.8807742133646
init E= -79.3471570026857
    CPU time for initialize scf      3.48 sec, wall time      3.48 sec
  HOMO = -0.412042423543268  LUMO = 0.0908588699747139
  mo_energy =
[-11.46342865 -11.46087605  -1.45591589  -1.03463081  -0.58430003
  -0.58424945  -0.46209331  -0.41209032  -0.41204242   0.09085887
   0.13241189   0.17785792   0.17786274   0.19416567   0.19417801
   0.25609916   0.28360097   0.32539939   0.3254005    0.33580237
   0.33583011   0.46841955   0.47490002   0.50880778   0.52352914
   0.52353713   0.5828667    0.58290039   0.64207986   0.66269141
   0.66271501   0.66676726   0.8902394    0.89024557   1.00515452
   1.0256251    1.05918302   1.059232     1.07616915   1.16466757
   1.16721864   1.16724066   1.20784181   1.20784523   1.28809538
   1.32838832   1.32838882   1.3954403    1.50687468   1.5281107
   1.52813305   1.58494283   1.58789289   1.58793064   1.62804929
   1.62805543   1.69122621   1.69135307   1.72340346   1.72347723
   2.11309951   2.11322548   2.21700891   2.28410473   2.28417144
   2.68278043   2.71135141   2.73074019   2.73084537   2.73614488
   2.7661375    2.76618311   2.97745269   3.04592567   3.04594248
   3.06027682   3.06033994   3.06744011   3.15220584   3.15221313
   3.19178475   3.2641862    3.26419272   3.27423556   3.29359295
   3.29359503   3.40896136   3.40902122   3.54364102   3.57467184
   3.68158239   3.68175689   3.73196428   3.73369722   3.73382284
   3.80872537   3.80875634   3.88386626   4.00509953   4.00514289
   4.02384269   4.11124941   4.15464577   4.15496786   4.15507098
   4.21638464   4.21640486   4.26652246   4.26656206   4.30229816
   4.302356     4.32626617   4.39343939   4.47828993   4.55668728
   4.55680051   4.56259554   4.56263355   4.58337816   4.76746376
   4.84468519   4.87566047   4.87574524   4.97163241   5.06820688
   5.10837939   5.10852033   5.21210187   5.21231953   5.4718348
   5.55413001   5.56281531   5.56298343   5.57232682   5.58899413
   5.58916641   5.59133787   5.74435541   5.75557187   5.75563033
   5.95016405   5.95029036   5.95292962   5.95294142  24.45456913
  24.46360331]
E_coul = 67.7891074449886
cycle= 1 E= -79.2433605018608  delta_E= 0.104  |g|= 0.242  |ddm|=  1.6
    CPU time for cycle= 1      0.29 sec, wall time      0.30 sec
diis-norm(errvec)=0.947259
diis-c [-0.89729874  1.        ]
  HOMO = -0.476609117667435  LUMO = 0.141415264324642
  mo_energy =
[-11.16919149 -11.1685968   -1.00453875  -0.83664559  -0.58610189
  -0.58606599  -0.48580541  -0.47664738  -0.47660912   0.14141526
   0.17987832   0.22261224   0.22262494   0.23343185   0.23343536
   0.31224477   0.31269648   0.35006783   0.35006922   0.372734
   0.37275924   0.53003155   0.54897787   0.60639431   0.60640641
   0.61582783   0.681074     0.68110596   0.7143477    0.72110978
   0.72113833   0.74297367   0.94652328   0.94652803   1.04519767
   1.09690715   1.114639     1.11600918   1.11606027   1.22761471
   1.22763733   1.24606167   1.27309762   1.27310338   1.36249097
   1.382581     1.38258192   1.44531512   1.57752273   1.5922383
   1.59226655   1.63258508   1.66169953   1.66173775   1.69866638
   1.69867851   1.74374745   1.74388097   1.83065106   1.8314929
   2.21315517   2.21327996   2.34926454   2.40297572   2.40303604
   2.77072996   2.80366303   2.80376811   2.82989717   2.84585848
   2.84590624   2.8835418    3.09219168   3.17699368   3.17701107
   3.17912698   3.18388064   3.18393909   3.26388759   3.27402148
   3.274039     3.39682076   3.39682695   3.4077301    3.41592501
   3.41592935   3.49986831   3.49993627   3.61429872   3.6451248
   3.77520211   3.77536604   3.83383858   3.83585851   3.83596896
   3.88940335   3.88944148   3.97832071   4.09247352   4.09251847
   4.13229414   4.18236369   4.22807628   4.22817969   4.24139507
   4.28995536   4.28997612   4.33722057   4.33724901   4.3771448
   4.38466694   4.38472431   4.44218463   4.54433836   4.6252296
   4.62526667   4.63325907   4.63337005   4.688156     4.8997156
   4.92957732   4.9505857    4.95066468   5.08073198   5.17176863
   5.20872524   5.20882781   5.31940679   5.31965877   5.59846782
   5.66050908   5.66068419   5.68149958   5.68977416   5.6956147
   5.69579307   5.69815957   5.85381954   5.86711466   5.8671784
   6.08382476   6.08382803   6.08516866   6.08530274  24.72818247
  24.73816854]
E_coul = 67.2792182231778
cycle= 2 E= -79.2599264887487  delta_E= -0.0166  |g|= 0.0678  |ddm|= 0.198
    CPU time for cycle= 2      0.30 sec, wall time      0.30 sec
diis-norm(errvec)=0.257557
diis-c [-0.06329048 -0.06431029  1.06431029]
  HOMO = -0.493597176070225  LUMO = 0.139345317151538
  mo_energy =
[-11.23704139 -11.23646634  -1.02748842  -0.84975663  -0.60358648
  -0.60355045  -0.51803639  -0.49363581  -0.49359718   0.13934532
   0.17964561   0.21963895   0.21965129   0.23045324   0.23045737
   0.30856869   0.31017603   0.34719074   0.34719161   0.36735214
   0.36737779   0.52470218   0.54493623   0.59545208   0.59580081
   0.59581259   0.67060171   0.67063417   0.71205957   0.71482766
   0.71485392   0.73971187   0.94019627   0.9402012    1.04324658
   1.08480482   1.10882058   1.10887007   1.11342605   1.21914164
   1.21916383   1.23423233   1.26428186   1.26428705   1.34996716
   1.37604924   1.37604987   1.44215521   1.56565752   1.58204387
   1.58207014   1.62732553   1.6504894    1.65052671   1.68820712
   1.68821699   1.73952879   1.73966066   1.81779237   1.81840653
   2.1962253    2.19635281   2.32265476   2.37978226   2.37984675
   2.76470939   2.80074657   2.80085282   2.80647014   2.84243742
   2.84248405   2.85421934   3.07525313   3.15329087   3.15330794
   3.16240692   3.16246507   3.16469108   3.25551169   3.25552373
   3.25929658   3.37626966   3.37627538   3.38721946   3.39913775
   3.39914166   3.49288488   3.49295058   3.61698413   3.64742736
   3.76449146   3.76466003   3.81996016   3.82251439   3.82263035
   3.8857136    3.88575087   3.96919692   4.08653997   4.08658376
   4.12222471   4.18504411   4.22595664   4.22605938   4.23659093
   4.28832214   4.28834224   4.33952474   4.33955551   4.37935225
   4.37941039   4.3816078    4.44708392   4.54337199   4.62707907
   4.62711472   4.62882074   4.62893261   4.67601042   4.87891517
   4.92569004   4.9485614    4.94864162   5.06873413   5.1579786
   5.19853972   5.19865832   5.30781219   5.30805065   5.58268828
   5.65481044   5.65498567   5.66653259   5.67016003   5.68641462
   5.68659076   5.68956856   5.84236248   5.8548376    5.8548978
   6.0693223    6.06945483   6.06983789   6.06984372  24.66572312
  24.67558847]
E_coul = 67.578440960277
cycle= 3 E= -79.2613432595111  delta_E= -0.00142  |g|= 0.0288  |ddm|= 0.0601
    CPU time for cycle= 3      0.30 sec, wall time      0.30 sec
diis-norm(errvec)=0.112184
diis-c [-0.00152648 -0.10498685  0.25170802  0.85327883]
  HOMO = -0.486304694531848  LUMO = 0.141688803395083
  mo_energy =
[-11.21153842 -11.21095462  -1.01439656  -0.84029148  -0.59475238
  -0.59471619  -0.50670513  -0.48634328  -0.48630469   0.1416888
   0.18168192   0.22240177   0.22241441   0.23325492   0.23325865
   0.31065788   0.31317013   0.34923928   0.34924004   0.37077152
   0.37079737   0.52816984   0.54824924   0.60267083   0.60268303
   0.60626059   0.67784098   0.67787343   0.71652063   0.72047814
   0.72050487   0.74490571   0.94516959   0.94517423   1.04681852
   1.09079018   1.1139337    1.11398311   1.11682343   1.22456905
   1.22459126   1.24079805   1.26990565   1.26991092   1.356222
   1.38097298   1.38097392   1.44592396   1.57201642   1.58797153
   1.5879984    1.63129546   1.65708762   1.65712463   1.69465824
   1.69466843   1.74378225   1.74391471   1.82613566   1.82654005
   2.20477769   2.20490478   2.33478919   2.39072784   2.39079177
   2.77192774   2.80676034   2.80686595   2.81753054   2.84916583
   2.84921222   2.86802209   3.08543067   3.16547948   3.16549679
   3.17417211   3.1742305    3.17441037   3.26555685   3.26626943
   3.2662826    3.38775072   3.38775652   3.39765579   3.40969302
   3.40969698   3.50013601   3.5002021    3.62218595   3.6526334
   3.77303751   3.77320473   3.82938167   3.83180552   3.8319197
   3.8924918    3.89252943   3.97764116   4.09469261   4.09473609
   4.1315819    4.1906535    4.23179974   4.23190223   4.24367745
   4.29480652   4.29482678   4.34559108   4.34562051   4.38622169
   4.38648135   4.38653188   4.45153375   4.54917258   4.6325571
   4.63259284   4.63582168   4.63593287   4.68549954   4.89075487
   4.93289598   4.95540237   4.95548164   5.07825452   5.1676726
   5.2078108    5.20792616   5.3166693    5.31691164   5.59358088
   5.66275582   5.66293137   5.67658766   5.68270843   5.69542999
   5.69560687   5.69884955   5.85191401   5.8647699    5.86483065
   6.080603     6.08061046   6.08085552   6.08098627  24.68971836
  24.69966294]
E_coul = 67.4725553255275
cycle= 4 E= -79.2615786790649  delta_E= -0.000235  |g|= 0.00265  |ddm|= 0.0218
    CPU time for cycle= 4      0.31 sec, wall time      0.32 sec
diis-norm(errvec)=0.0101857
diis-c [ -3.15598928e-05   2.26617208e-02  -7.04156694e-02  -2.04760253e-01
   1.25251420e+00]
  HOMO = -0.486720933333146  LUMO = 0.14167855379562
  mo_energy =
[-11.2125169  -11.21193138  -1.01458496  -0.84051237  -0.59499289
  -0.59495657  -0.50742261  -0.4867596   -0.48672093   0.14167855
   0.18165168   0.2224105    0.22242318   0.2332746    0.23327832
   0.31042582   0.31307466   0.34914984   0.34915064   0.37067519
   0.37070104   0.52805653   0.54814278   0.60252527   0.60253742
   0.60581737   0.67766659   0.67769899   0.71630349   0.72034426
   0.72037098   0.74469238   0.94502396   0.94502864   1.04670552
   1.09043966   1.11380091   1.11385036   1.11671963   1.22440396
   1.22442621   1.24057802   1.26972727   1.26973251   1.35585205
   1.38083055   1.38083146   1.44575986   1.57184722   1.58780292
   1.58782977   1.63117131   1.65695492   1.65699196   1.69453782
   1.69454799   1.74362066   1.74375305   1.82571193   1.82615125
   2.20440032   2.20452738   2.33438704   2.39034649   2.39041037
   2.7717719    2.80661054   2.80671617   2.81713229   2.8490542
   2.84910063   2.86762048   3.08505009   3.16513725   3.16515453
   3.17390122   3.17395935   3.17403497   3.2654181    3.26591416
   3.26592738   3.38730084   3.38730664   3.39701785   3.40928193
   3.4092859    3.49984445   3.49991056   3.621999     3.65244412
   3.77286365   3.77303097   3.82917827   3.83158621   3.83170045
   3.89231512   3.89235276   3.97744705   4.09464485   4.09468834
   4.13137897   4.19054334   4.23161111   4.23171359   4.24347266
   4.29472974   4.29474994   4.34555277   4.34558235   4.38625038
   4.38634613   4.38637871   4.45158936   4.54910994   4.63253589
   4.63257163   4.63573688   4.63584814   4.68531484   4.89045861
   4.93274625   4.95535637   4.95543568   5.07796725   5.16748069
   5.20768143   5.20779694   5.31632988   5.31657205   5.59320835
   5.66248723   5.66266268   5.67634011   5.68248604   5.6951591
   5.69533596   5.69861275   5.85165479   5.86453194   5.86459281
   6.08016605   6.08017314   6.08045115   6.08058229  24.68876629
  24.69871203]
E_coul = 67.4718384091394
cycle= 5 E= -79.2615830253906  delta_E= -4.35e-06  |g|= 0.000413  |ddm|= 0.0053
    CPU time for cycle= 5      0.31 sec, wall time      0.30 sec
diis-norm(errvec)=0.00162727
diis-c [ -1.30738936e-06  -1.21110103e-03   3.48255233e-03   1.49950342e-02
  -1.88611025e-01   1.17134454e+00]
  HOMO = -0.48670695586529  LUMO = 0.141672738930486
  mo_energy =
[-11.21238235 -11.21179637  -1.01461659  -0.84051124  -0.59497967
  -0.59494333  -0.50747402  -0.48674564  -0.48670696   0.14167274
   0.18165851   0.22241528   0.22242798   0.23327471   0.23327842
   0.31040723   0.3130937    0.3491481    0.3491489    0.3706641
   0.37068995   0.52804706   0.54813596   0.60253164   0.60254378
   0.60581729   0.67768595   0.67771834   0.71631831   0.7203621
   0.72038881   0.74469345   0.94502025   0.94502493   1.04669444
   1.09043985   1.11379958   1.11384903   1.11671432   1.22440917
   1.22443142   1.24057155   1.26972384   1.26972908   1.35585998
   1.38082859   1.38082949   1.4457773    1.57182807   1.5877902
   1.58781705   1.63116942   1.65697211   1.65700914   1.69454793
   1.69455809   1.74363237   1.74376476   1.82573956   1.82619067
   2.20442192   2.20454899   2.33438563   2.39034379   2.39040768
   2.77177906   2.80663413   2.80673976   2.81714272   2.84906724
   2.84911367   2.86763133   3.08503532   3.16513651   3.16515379
   3.17389944   3.17395752   3.17402808   3.26542328   3.26593151
   3.26594472   3.38731708   3.38732288   3.39706416   3.40930229
   3.40930627   3.4998721    3.49993822   3.62203388   3.65247798
   3.77286552   3.77303285   3.82917318   3.8315835    3.83169774
   3.89233852   3.89237616   3.97744914   4.09465741   4.09470089
   4.13142719   4.19058978   4.23162919   4.23173167   4.24350165
   4.29474374   4.29476392   4.34558449   4.34561407   4.38627767
   4.38637319   4.38640566   4.45161746   4.54913384   4.63256087
   4.6325966    4.63575605   4.63586731   4.68533451   4.89049149
   4.9327866    4.95537852   4.95545784   5.07798965   5.16746182
   5.20770002   5.20781558   5.31636934   5.31661147   5.59323438
   5.66253879   5.66271425   5.67632335   5.68250596   5.69519429
   5.69537116   5.69865633   5.85168948   5.86456635   5.8646272
   6.08021241   6.08021953   6.08049347   6.08062458  24.68889103
  24.69883809]
E_coul = 67.4713362769324
cycle= 6 E= -79.2615831494956  delta_E= -1.24e-07  |g|= 0.000101  |ddm|= 0.00128
    CPU time for cycle= 6      0.30 sec, wall time      0.30 sec
diis-norm(errvec)=0.000414
diis-c [ -1.42292438e-08  -1.15560186e-03   3.12973599e-03   1.21490953e-02
  -4.69668232e-02  -1.46584127e-01   1.17942772e+00]
  HOMO = -0.486727495344459  LUMO = 0.141664915740945
  mo_energy =
[-11.21246356 -11.21187762  -1.014653    -0.84054927  -0.59499934
  -0.594963    -0.50751072  -0.48676618  -0.4867275    0.14166492
   0.18164875   0.22240937   0.22242206   0.23327066   0.23327437
   0.31039402   0.31308254   0.34914081   0.34914161   0.37065842
   0.37068426   0.52803486   0.54812513   0.60251844   0.60253057
   0.60578491   0.67767111   0.6777035    0.71630307   0.72034823
   0.72037494   0.74467831   0.94500771   0.94501239   1.04668471
   1.09041715   1.113788     1.11383746   1.11670505   1.22439649
   1.22441873   1.24055399   1.26970871   1.26971394   1.35583537
   1.3808148    1.38081571   1.44576298   1.5718136    1.58777578
   1.58780262   1.63115874   1.65695696   1.656994     1.69453328
   1.69454344   1.74361843   1.74375081   1.82570716   1.82615914
   2.20439432   2.20452139   2.334354     2.39031636   2.39038024
   2.77176271   2.8066185    2.80672414   2.81711145   2.84905315
   2.84909958   2.86759657   3.08501082   3.16510814   3.16512543
   3.17387419   3.17393228   3.1740041    3.26540921   3.26590261
   3.26591581   3.38728445   3.38729025   3.39702368   3.40927362
   3.40927759   3.49984946   3.49991558   3.62201659   3.65246068
   3.77284767   3.77301501   3.82915372   3.83156324   3.83167749
   3.89232052   3.89235815   3.97743115   4.09464368   4.09468717
   4.13140392   4.19057451   4.23161175   4.23171424   4.24348148
   4.2947319    4.29475208   4.3455732    4.34560279   4.38626672
   4.38635755   4.38638691   4.45160998   4.54912114   4.63254933
   4.63258507   4.63574177   4.63585303   4.68531321   4.89046124
   4.93276741   4.95536626   4.95544557   5.07796468   5.1674438
   5.20768101   5.20779657   5.31634162   5.31658375   5.59320578
   5.66251584   5.6626913    5.676303     5.68247985   5.69517083
   5.6953477    5.69863283   5.85166529   5.86454268   5.86460353
   6.08018045   6.08018757   6.08046251   6.08059362  24.6888162
  24.69876306]
E_coul = 67.4715221034586
cycle= 7 E= -79.2615831541187  delta_E= -4.62e-09  |g|= 6.67e-06  |ddm|= 0.000296
    CPU time for cycle= 7      0.29 sec, wall time      0.30 sec
diis-norm(errvec)=2.25448e-05
diis-c [ -1.01609804e-10   1.30835241e-04  -3.60024260e-04  -1.37299435e-03
   6.89783487e-03   9.99239174e-03  -1.54900303e-01   1.13961226e+00]
  HOMO = -0.486727409756276  LUMO = 0.141664539834175
  mo_energy =
[-11.21246504 -11.2118791   -1.01465369  -0.84054938  -0.59499907
  -0.59496273  -0.50751137  -0.48676609  -0.48672741   0.14166454
   0.18164839   0.22240914   0.22242184   0.23327047   0.23327418
   0.31039409   0.31308238   0.34914074   0.34914154   0.37065801
   0.37068386   0.52803447   0.54812472   0.60251789   0.60253002
   0.60578433   0.67767068   0.67770307   0.71630254   0.72034779
   0.7203745    0.74467753   0.94500729   0.94501197   1.04668438
   1.09041688   1.11378764   1.11383709   1.11670472   1.22439611
   1.22441835   1.24055344   1.2697083    1.26971353   1.35583503
   1.38081434   1.38081525   1.44576277   1.57181303   1.58777533
   1.58780217   1.63115835   1.65695648   1.65699352   1.69453275
   1.69454291   1.74361819   1.74375058   1.82570657   1.82615856
   2.20439391   2.20452098   2.33435325   2.3903157    2.39037958
   2.77176206   2.80661806   2.8067237    2.81711072   2.84905254
   2.84909897   2.86759566   3.08501001   3.16510726   3.16512454
   3.17387331   3.1739314    3.17400333   3.26540864   3.26590205
   3.26591526   3.38728383   3.38728963   3.39702356   3.40927303
   3.409277     3.49984911   3.49991523   3.62201627   3.65246037
   3.77284698   3.77301432   3.82915291   3.83156248   3.83167673
   3.89232005   3.89235768   3.97743036   4.09464289   4.09468638
   4.13140343   4.19057411   4.23161135   4.23171384   4.24348095
   4.29473131   4.29475149   4.34557267   4.34560226   4.38626626
   4.38635707   4.38638641   4.45160954   4.54912072   4.6325488
   4.63258453   4.6357412    4.63585246   4.68531258   4.89046055
   4.93276696   4.95536563   4.95544494   5.077964     5.16744287
   5.20768021   5.20779578   5.31634122   5.31658334   5.59320507
   5.66251548   5.66269093   5.67630205   5.68247886   5.69517031
   5.69534718   5.69863215   5.85166467   5.86454195   5.8646028
   6.08017997   6.08018708   6.08046185   6.08059296  24.68881457
  24.69876145]
E_coul = 67.4715249019142
cycle= 8 E= -79.2615831541358  delta_E= -1.71e-11  |g|= 8.76e-07  |ddm|= 1.28e-05
    CPU time for cycle= 8      0.30 sec, wall time      0.30 sec
  HOMO = -0.486727421952397  LUMO = 0.141664529827467
  mo_energy =
[-11.21246503 -11.21187909  -1.01465377  -0.8405495   -0.59499913
  -0.59496279  -0.50751144  -0.48676611  -0.48672742   0.14166453
   0.1816484    0.22240914   0.22242184   0.23327048   0.23327419
   0.3103941    0.31308238   0.34914074   0.34914154   0.37065802
   0.37068387   0.52803446   0.54812473   0.60251789   0.60253003
   0.60578435   0.67767068   0.67770307   0.71630256   0.72034778
   0.72037449   0.74467758   0.94500728   0.94501196   1.04668439
   1.09041687   1.11378764   1.11383709   1.11670473   1.22439611
   1.22441836   1.24055344   1.2697083    1.26971353   1.35583504
   1.38081434   1.38081524   1.44576279   1.57181303   1.58777532
   1.58780217   1.63115836   1.65695648   1.65699352   1.69453274
   1.69454291   1.7436182    1.74375059   1.82570658   1.82615858
   2.20439391   2.20452099   2.33435323   2.39031568   2.39037957
   2.77176206   2.80661807   2.80672371   2.8171107    2.84905254
   2.84909897   2.86759562   3.08501      3.16510723   3.16512451
   3.17387327   3.17393137   3.17400332   3.26540864   3.26590205
   3.26591525   3.38728382   3.38728962   3.39702359   3.40927303
   3.409277     3.49984913   3.49991525   3.62201629   3.65246039
   3.77284697   3.77301431   3.82915289   3.83156246   3.83167671
   3.89232006   3.89235769   3.97743035   4.09464287   4.09468636
   4.13140344   4.19057413   4.23161137   4.23171385   4.24348095
   4.29473132   4.2947515    4.34557268   4.34560227   4.38626627
   4.38635707   4.38638642   4.45160956   4.54912074   4.63254881
   4.63258454   4.6357412    4.63585246   4.68531257   4.89046053
   4.93276697   4.95536563   4.95544495   5.07796399   5.16744285
   5.20768019   5.20779576   5.31634123   5.31658335   5.59320507
   5.66251551   5.66269096   5.67630202   5.68247882   5.69517033
   5.69534719   5.69863215   5.85166467   5.86454195   5.8646028
   6.08017998   6.0801871    6.08046185   6.08059297  24.68881459
  24.69876146]
    CPU time for scf_cycle      5.89 sec, wall time      5.90 sec
    CPU time for SCF      5.89 sec, wall time      5.90 sec
converged SCF energy = -79.2615831541358
RHF E = -79.2615831541
RHF eps = [-11.21246503 -11.21187909  -1.01465377  -0.8405495   -0.59499913
  -0.59496279  -0.50751144  -0.48676611  -0.48672742   0.14166453
   0.1816484    0.22240914   0.22242184   0.23327048   0.23327419
   0.3103941    0.31308238   0.34914074   0.34914154   0.37065802
   0.37068387   0.52803446   0.54812473   0.60251789   0.60253003
   0.60578435   0.67767068   0.67770307   0.71630256   0.72034778
   0.72037449   0.74467758   0.94500728   0.94501196   1.04668439
   1.09041687   1.11378764   1.11383709   1.11670473   1.22439611
   1.22441836   1.24055344   1.2697083    1.26971353   1.35583504
   1.38081434   1.38081524   1.44576279   1.57181303   1.58777532
   1.58780217   1.63115836   1.65695648   1.65699352   1.69453274
   1.69454291   1.7436182    1.74375059   1.82570658   1.82615858
   2.20439391   2.20452099   2.33435323   2.39031568   2.39037957
   2.77176206   2.80661807   2.80672371   2.8171107    2.84905254
   2.84909897   2.86759562   3.08501      3.16510723   3.16512451
   3.17387327   3.17393137   3.17400332   3.26540864   3.26590205
   3.26591525   3.38728382   3.38728962   3.39702359   3.40927303
   3.409277     3.49984913   3.49991525   3.62201629   3.65246039
   3.77284697   3.77301431   3.82915289   3.83156246   3.83167671
   3.89232006   3.89235769   3.97743035   4.09464287   4.09468636
   4.13140344   4.19057413   4.23161137   4.23171385   4.24348095
   4.29473132   4.2947515    4.34557268   4.34560227   4.38626627
   4.38635707   4.38638642   4.45160956   4.54912074   4.63254881
   4.63258454   4.6357412    4.63585246   4.68531257   4.89046053
   4.93276697   4.95536563   4.95544495   5.07796399   5.16744285
   5.20768019   5.20779576   5.31634123   5.31658335   5.59320507
   5.66251551   5.66269096   5.67630202   5.68247882   5.69517033
   5.69534719   5.69863215   5.85166467   5.86454195   5.8646028
   6.08017998   6.0801871    6.08046185   6.08059297  24.68881459
  24.69876146]
    CPU time for transforming oopq      8.00 sec, wall time      8.00 sec
    CPU time for transforming ovpq      8.90 sec, wall time      8.91 sec
MO integrals cint2e_sph are saved in <HDF5 file "tmpgiv26C" (mode r+)>/eri_mo
num. MO ints = 3.5227536e+08, required disk 2818.2029 MB
step1: tmpfile /tmp/tmpuZR1xL  1611.2811 MB
step1: (ij,kl) = (18769,10731), mem cache 4000 MB, iobuf 800 MB
    CPU time for Initializing ao2mo.outcore.half_e1      0.02 sec, wall time      0.02 sec
step 1 [1/3], AO [0:807], len(buf) = 5305
      fill iobuf micro [1/1], AO [0:807], len(aobuf) = 5305
    CPU time for gen AO/transform MO [1/3]      7.15 sec, wall time      7.15 sec
step 1 [2/3], AO [807:1703], len(buf) = 5326
      fill iobuf micro [1/1], AO [807:1703], len(aobuf) = 5326
    CPU time for gen AO/transform MO [2/3]      7.89 sec, wall time      7.90 sec
step 1 [3/3], AO [1703:1711], len(buf) = 100
      fill iobuf micro [1/1], AO [1703:1711], len(aobuf) = 100
    CPU time for gen AO/transform MO [3/3]      0.27 sec, wall time      0.27 sec
    CPU time for AO->MO transformation for cint2e_sph 1 pass     16.49 sec, wall time     16.51 sec
step2: kl-pair (ao 10731, mo 18769), mem 219.77088 MB, ioblock 384.38912 MB
step 2 [1/8], [0,0:2560], row = 2560
step 2 [1/8] CPU time:      2.05, Wall time:      2.05
step 2 [2/8], [0,2560:5120], row = 2560
step 2 [2/8] CPU time:      2.11, Wall time:      2.10
step 2 [3/8], [0,5120:7680], row = 2560
step 2 [3/8] CPU time:      2.09, Wall time:      2.09
step 2 [4/8], [0,7680:10240], row = 2560
step 2 [4/8] CPU time:      2.10, Wall time:      2.11
step 2 [5/8], [0,10240:12800], row = 2560
step 2 [5/8] CPU time:      2.10, Wall time:      2.09
step 2 [6/8], [0,12800:15360], row = 2560
step 2 [6/8] CPU time:      2.10, Wall time:      2.10
step 2 [7/8], [0,15360:17920], row = 2560
step 2 [7/8] CPU time:      2.00, Wall time:      2.01
step 2 [8/8], [0,17920:18769], row = 849
step 2 [8/8] CPU time:      0.85, Wall time:      0.86
    CPU time for AO->MO transformation for cint2e_sph 2 pass     15.59 sec, wall time     15.59 sec
    CPU time for AO->MO transformation for cint2e_sph      32.08 sec, wall time     32.10 sec
    CPU time for transforming vvvv     38.52 sec, wall time     38.54 sec
    CPU time for CCSD integral transformation     55.72 sec, wall time     55.75 sec

******** <class 'pyscf.cc.rccsd_slow.RCCSD'> flags ********
CCSD nocc = 7, nvir = 137
frozen orbitals [0, 1]
max_cycle = 100
direct = 0
conv_tol = 1e-07
conv_tol_normt = 1e-05
diis_space = 6
diis_start_cycle = 0
diis_start_energy_diff = 1e+09
Init t2, MP2 energy = -0.369072554072167
    CPU time for init mp2      0.02 sec, wall time      0.02 sec
    CPU time for update t1 t2     15.30 sec, wall time     15.33 sec
istep = 0  E(CCSD) = -0.368959128142429  dE = -0.368959128  norm(t1,t2) = 0.0236176
    CPU time for CCSD iter     15.32 sec, wall time     15.36 sec
    CPU time for update t1 t2     15.31 sec, wall time     15.33 sec
DIIS for step 1
istep = 1  E(CCSD) = -0.370895762804176  dE = -0.00193663466  norm(t1,t2) = 0.00880461
    CPU time for CCSD iter     15.34 sec, wall time     15.36 sec
    CPU time for update t1 t2     15.24 sec, wall time     15.26 sec
diis-c [ -6.75744772e-06   1.00000000e+00]
DIIS for step 2
istep = 2  E(CCSD) = -0.371116772384349  dE = -0.00022100958  norm(t1,t2) = 0.00332961
    CPU time for CCSD iter     15.28 sec, wall time     15.30 sec
    CPU time for update t1 t2     15.29 sec, wall time     15.32 sec
diis-c [ -3.76415898e-07  -5.12960625e-01   1.51296063e+00]
DIIS for step 3
istep = 3  E(CCSD) = -0.371320097747101  dE = -0.000203325363  norm(t1,t2) = 0.00141281
    CPU time for CCSD iter     15.33 sec, wall time     15.36 sec
    CPU time for update t1 t2     15.22 sec, wall time     15.24 sec
diis-c [ -1.65092867e-08  -1.27441962e-01   1.64355718e-01   9.63086244e-01]
DIIS for step 4
istep = 4  E(CCSD) = -0.371317855484332  dE = 2.24226277e-06  norm(t1,t2) = 0.000304037
    CPU time for CCSD iter     15.26 sec, wall time     15.28 sec
    CPU time for update t1 t2     15.14 sec, wall time     15.16 sec
diis-c [ -6.36428160e-10   6.39567477e-02  -1.14607089e-01  -3.42689430e-01
   1.39333977e+00]
DIIS for step 5
istep = 5  E(CCSD) = -0.371311213034299  dE = 6.64245003e-06  norm(t1,t2) = 6.33511e-05
    CPU time for CCSD iter     15.18 sec, wall time     15.20 sec
    CPU time for update t1 t2     15.10 sec, wall time     15.13 sec
diis-c [ -7.09672876e-11   5.94712172e-03  -5.25657754e-03  -5.02730632e-02
   3.16681719e-02   1.01791435e+00]
DIIS for step 6
istep = 6  E(CCSD) = -0.371311451116906  dE = -2.38082607e-07  norm(t1,t2) = 1.29093e-05
    CPU time for CCSD iter     15.15 sec, wall time     15.17 sec
    CPU time for update t1 t2     15.10 sec, wall time     15.12 sec
diis-c [ -1.94172456e-12  -6.59662525e-03   1.08720222e-02   3.42396789e-02
  -1.10619577e-01  -2.59370269e-01   1.33147477e+00]
DIIS for step 7
istep = 7  E(CCSD) = -0.371311710418834  dE = -2.59301928e-07  norm(t1,t2) = 4.06797e-06
    CPU time for CCSD iter     15.15 sec, wall time     15.17 sec
    CPU time for update t1 t2     15.08 sec, wall time     15.10 sec
diis-c [ -2.86354274e-13   1.07849202e+00  -1.79131678e-04   6.04194847e-04
   2.92398293e-03  -3.88713673e-02  -4.29696977e-02]
DIIS for step 8
istep = 8  E(CCSD) = -0.371311695878286  dE = 1.4540548e-08  norm(t1,t2) = 8.14436e-07
    CPU time for CCSD iter     15.12 sec, wall time     15.14 sec
    CPU time for CCSD    137.13 sec, wall time    137.35 sec
CCSD converged
E(CC2) = -79.63289485001414  E_corr = -0.3713116958782865
    CPU time for EOM-CCSD shared one-electron intermediates      0.63 sec, wall time      0.64 sec
    CPU time for EOM-CCSD IP intermediates      1.12 sec, wall time      1.12 sec
tol 1e-07  toloose 0.000316228
max_cycle 100  max_space 38  max_memory 2000  incore True
davidson 0 6  |r|=  0.3  e= [ 0.53963294  0.5396709   0.57040265  0.64605766  0.64609304  0.88116138]  max|de|= 0.881  lindep=    1
davidson 1 12  |r|= 0.0192  e= [ 0.46452276  0.46455799  0.47676526  0.56381515  0.56384837  0.77636262]  max|de|= -0.105  lindep= 0.927
davidson 2 18  |r|= 0.00844  e= [ 0.46461456  0.46464982  0.4765538   0.56390424  0.56393752  0.77601198]  max|de|= -0.000351  lindep= 0.877
root 0 converged  |r|= 6.96e-08  e= 0.464614556902  max|de|= -2.83e-09
root 1 converged  |r|= 8.4e-07  e= 0.464649823636  max|de|= -1.27e-09
root 3 converged  |r|= 1.91e-08  e= 0.563904237138  max|de|= -2.79e-09
root 4 converged  |r|= 9.63e-09  e= 0.56393751657  max|de|= -2.78e-09
root 5 converged  |r|= 2.63e-09  e= 0.776011988769  max|de|= 1.17e-08
davidson 3 24  |r|= 0.00158  e= [ 0.46461456  0.46464982  0.47648382  0.56390424  0.56393752  0.77601199]  max|de|= -7e-05  lindep= 0.903
davidson 4 25  |r|= 1.35e-07  e= [ 0.46461456  0.46464982  0.4764446   0.56390424  0.56393752  0.77601199]  max|de|= -3.92e-05  lindep= 0.922
root 2 converged  |r|= 7.49e-13  e= 0.47644460265  max|de|= 2.17e-09
converge 5 26  |r|= 7.49e-13  e= [ 0.46461456  0.46464982  0.4764446   0.56390424  0.56393752  0.77601199]  max|de|= 2.17e-09
IP root 0 E = 0.4646145568876657  qpwt = 0.965677
IP root 1 E = 0.4646498220372331  qpwt = 0.965676
IP root 2 E = 0.4764446026496472  qpwt = 0.959335
IP root 3 E = 0.5639042371423274  qpwt = 0.958409
IP root 4 E = 0.5639375165708669  qpwt = 0.958408
IP root 5 E = 0.7760119887691334  qpwt = 0.931295
    CPU time for IP-CCSD      1.85 sec, wall time      1.85 sec
    CPU time for EOM-CCSD shared one-electron intermediates      0.62 sec, wall time      0.63 sec
    CPU time for EOM-CCSD EA intermediates     78.83 sec, wall time     79.45 sec
tol 1e-07  toloose 0.000316228
max_cycle 100  max_space 38  max_memory 2000  incore True
davidson 0 6  |r|= 0.21  e= [ 0.14721239  0.18673202  0.23010131  0.2301149   0.23897416  0.23897688]  max|de|= 0.239  lindep=    1
davidson 1 12  |r|= 0.0372  e= [ 0.11783912  0.15877304  0.19762228  0.19763359  0.20923293  0.20923835]  max|de|= -0.0325  lindep= 0.991
davidson 2 18  |r|= 0.0223  e= [ 0.1156625   0.15630751  0.19432131  0.19433204  0.20653918  0.20654512]  max|de|= -0.0033  lindep= 0.963
davidson 3 24  |r|= 0.00359  e= [ 0.11563973  0.15620205  0.19415841  0.19416912  0.20653339  0.20653932]  max|de|= -0.000163  lindep= 0.897
davidson 4 30  |r|= 0.00239  e= [ 0.11563989  0.15619575  0.19416611  0.19417682  0.2065147   0.20652062]  max|de|= -1.87e-05  lindep= 0.977
davidson 5 36  |r|= 0.000581  e= [ 0.11563821  0.15618272  0.19415794  0.19416864  0.20651679  0.20652272]  max|de|= -1.3e-05  lindep= 0.614
root 0 converged  |r|= 4.74e-05  e= 0.115638211002  max|de|= -1.28e-15
root 4 converged  |r|= 0.000305  e= 0.206516794606  max|de|= -1.05e-15
root 5 converged  |r|= 0.000305  e= 0.206522723327  max|de|= -8.6e-16
davidson 6 6  |r|= 0.000581  e= [ 0.11563821  0.15618272  0.19415794  0.19416864  0.20651679  0.20652272]  max|de|= -2.61e-15  lindep=    1
davidson 7 9  |r|= 0.000264  e= [ 0.11563821  0.15618147  0.1941575   0.1941682   0.20651679  0.20652272]  max|de|= -1.24e-06  lindep= 0.884
root 2 converged  |r|= 3e-05  e= 0.194157413998  max|de|= -8.88e-08
root 3 converged  |r|= 3e-05  e= 0.194168112396  max|de|= -8.88e-08
davidson 8 12  |r|= 7.8e-05  e= [ 0.11563821  0.15618109  0.19415741  0.19416811  0.20651679  0.20652272]  max|de|= -3.79e-07  lindep= 0.706
root 1 converged  |r|= 3.75e-05  e= 0.156181004594  max|de|= -9.01e-08
converge 9 13  |r|= 3.75e-05  e= [ 0.11563821  0.156181    0.19415741  0.19416811  0.20651679  0.20652272]  max|de|= -9.01e-08
EA root 0 E = 0.1156382110022647  qpwt = 0.988537
EA root 1 E = 0.1561810045936548  qpwt = 0.988317
EA root 2 E = 0.1941574139980739  qpwt = 0.986225
EA root 3 E = 0.1941681123961181  qpwt = 0.986224
EA root 4 E = 0.2065167946054768  qpwt = 0.988153
EA root 5 E = 0.206522723327316  qpwt = 0.988154
    CPU time for EA-CCSD    109.15 sec, wall time    109.80 sec
