

******** <class 'pyscf.scf.hf.RHF'> flags ********
method = RHF
initial guess = minao
damping factor = 0
level shift factor = 0
Do DIIS = True
DIIS start cycle = 1
DIIS space = 8
SCF tol = 1e-09
SCF gradient tol = None
max. SCF cycles = 50
direct_scf = True
direct_scf_tol = 1e-13
chkfile to save SCF result = /tmp/tmpv95mM9
max_memory 4000 MB (current use 39 MB)
Set gradient conv threshold to 3.16228e-05
Nelec from initial guess = 33.9944
cond(S) = 442.330124008
E_coul = 427.45404155706
init E= -919.08061371217
    CPU time for initialize scf      0.52 sec, wall time      0.73 sec
  HOMO = -0.355914606440215  LUMO = -0.117832155498929
  mo_energy =
[-104.85271386 -104.85269624  -10.61626565  -10.61531432   -8.07474177
   -8.07411634   -8.07267187   -8.07267187   -8.072595     -8.072595
   -1.33424951   -0.99928262   -0.61487601   -0.54302226   -0.54302226
   -0.35591461   -0.35591461   -0.11783216    0.39100794    0.40767115
    0.45088906    0.45088906    0.48010318    0.48010318    0.50888441
    0.50888441    0.53463146    0.53463146    0.59997364    0.64963851
    0.64963851    0.80567772    0.84080723    0.86100334    0.86100334
    1.30820333    1.96139274    1.96139274    2.01316847    2.04203111
    2.04203111    2.04733978    2.04733978    2.10609898    2.11893511
    2.11893511    2.12175273    2.12175273    2.22300154    2.22300154
    2.33156235    2.33156235    2.37560732    2.37560732    2.47036156
    2.47036156    2.48762035    2.50458305    2.50458305    2.51906965
    2.53430955    2.53430955    2.71063235    3.08268391    3.08268391
    4.11171588    8.56413862    8.56413862    8.60817284    8.60817284
    8.6121318     8.6121318     8.66250489    8.68448754    8.68448754
    8.79168846   11.37997525   11.37997525   11.45994367   11.45994367
   11.55823748   11.9515324    24.60903961   25.26690835]
E_coul = 425.621678773831
cycle= 1 E= -918.965059329311  delta_E= 0.116  |g|= 0.28  |ddm|= 1.29
    CPU time for cycle= 1      0.04 sec, wall time      0.04 sec
diis-norm(errvec)=0.715401
diis-c [-0.51179869  1.        ]
  HOMO = -0.464146274003766  LUMO = 0.0108310442754164
  mo_energy =
[ -1.04960628e+02  -1.04960625e+02  -1.06739237e+01  -1.06737560e+01
  -8.14275865e+00  -8.14250818e+00  -8.13766287e+00  -8.13766287e+00
  -8.13765198e+00  -8.13765198e+00  -1.25996323e+00  -1.03704247e+00
  -6.23975564e-01  -5.97885921e-01  -5.97885921e-01  -4.64146274e-01
  -4.64146274e-01   1.08310443e-02   3.66321158e-01   4.13480886e-01
   4.27652239e-01   4.27652239e-01   4.66546418e-01   4.66546418e-01
   5.03526323e-01   5.03526323e-01   5.19635912e-01   5.19635912e-01
   5.97379901e-01   6.35331917e-01   6.35331917e-01   7.91057075e-01
   8.31520042e-01   8.50534877e-01   8.50534877e-01   1.29299331e+00
   1.95018286e+00   1.95018286e+00   1.96987880e+00   2.00429889e+00
   2.00429889e+00   2.03429020e+00   2.03429020e+00   2.07544134e+00
   2.08283196e+00   2.08283196e+00   2.08572342e+00   2.08572342e+00
   2.19958100e+00   2.19958100e+00   2.33107424e+00   2.33107424e+00
   2.37547895e+00   2.37547895e+00   2.45718568e+00   2.45718568e+00
   2.46440238e+00   2.48888404e+00   2.49498631e+00   2.49498631e+00
   2.51797001e+00   2.51797001e+00   2.65354340e+00   3.05226988e+00
   3.05226988e+00   4.06667267e+00   8.52958656e+00   8.52958656e+00
   8.55783875e+00   8.55783875e+00   8.57429710e+00   8.57429710e+00
   8.60299256e+00   8.63145951e+00   8.63145951e+00   8.73482562e+00
   1.13322873e+01   1.13322873e+01   1.14131002e+01   1.14131002e+01
   1.14914633e+01   1.18896893e+01   2.45581961e+01   2.52174019e+01]
E_coul = 427.759663670845
cycle= 2 E= -918.980002204135  delta_E= -0.0149  |g|= 0.136  |ddm|= 0.225
    CPU time for cycle= 2      0.04 sec, wall time      0.04 sec
diis-norm(errvec)=0.312566
diis-c [-0.03021678  0.27237271  0.72762729]
  HOMO = -0.441587550595574  LUMO = 0.0396239389501258
  mo_energy =
[ -1.04892395e+02  -1.04892393e+02  -1.06185073e+01  -1.06183413e+01
  -8.08571825e+00  -8.08545428e+00  -8.08233574e+00  -8.08233574e+00
  -8.08232745e+00  -8.08232745e+00  -1.21718478e+00  -1.01501657e+00
  -5.95985144e-01  -5.68687767e-01  -5.68687767e-01  -4.41587551e-01
  -4.41587551e-01   3.96239390e-02   3.86700833e-01   4.17317804e-01
   4.51589875e-01   4.51589875e-01   4.84262355e-01   4.84262355e-01
   5.14660975e-01   5.14660975e-01   5.45724261e-01   5.45724261e-01
   6.07339066e-01   6.57945345e-01   6.57945345e-01   8.24227834e-01
   8.56328956e-01   8.71895072e-01   8.71895072e-01   1.31234070e+00
   1.98183512e+00   1.98183512e+00   2.00390976e+00   2.04183188e+00
   2.04183188e+00   2.06687475e+00   2.06687475e+00   2.09699087e+00
   2.11607629e+00   2.11607629e+00   2.12161985e+00   2.12161985e+00
   2.23070768e+00   2.23070768e+00   2.35830454e+00   2.35830454e+00
   2.40232390e+00   2.40232390e+00   2.48334255e+00   2.48334255e+00
   2.48725027e+00   2.51807659e+00   2.51807659e+00   2.52126018e+00
   2.54608568e+00   2.54608568e+00   2.70420163e+00   3.08507351e+00
   3.08507351e+00   4.10368688e+00   8.57742886e+00   8.57742886e+00
   8.60632954e+00   8.60632954e+00   8.62163742e+00   8.62163742e+00
   8.65091342e+00   8.67889570e+00   8.67889570e+00   8.78060332e+00
   1.13804462e+01   1.13804462e+01   1.14610562e+01   1.14610562e+01
   1.15437322e+01   1.19396996e+01   2.46077117e+01   2.52662432e+01]
E_coul = 427.128182482062
cycle= 3 E= -918.982791523387  delta_E= -0.00279  |g|= 0.0207  |ddm|= 0.0747
    CPU time for cycle= 3      0.05 sec, wall time      0.04 sec
diis-norm(errvec)=0.0576433
diis-c [ -1.14716521e-03  -1.03125185e-01  -1.07848777e-01   1.21097396e+00]
  HOMO = -0.441345256534989  LUMO = 0.0438441508528916
  mo_energy =
[ -1.04891439e+02  -1.04891436e+02  -1.06167067e+01  -1.06165403e+01
  -8.08346552e+00  -8.08319581e+00  -8.08107426e+00  -8.08107426e+00
  -8.08106717e+00  -8.08106717e+00  -1.21672961e+00  -1.01305457e+00
  -5.95600823e-01  -5.68123749e-01  -5.68123749e-01  -4.41345257e-01
  -4.41345257e-01   4.38441509e-02   3.86395746e-01   4.19667026e-01
   4.52230905e-01   4.52230905e-01   4.84432190e-01   4.84432190e-01
   5.15449631e-01   5.15449631e-01   5.46302908e-01   5.46302908e-01
   6.09906485e-01   6.58764394e-01   6.58764394e-01   8.25191844e-01
   8.57477224e-01   8.73606182e-01   8.73606182e-01   1.31359253e+00
   1.98315129e+00   1.98315129e+00   2.00529267e+00   2.04322047e+00
   2.04322047e+00   2.06804065e+00   2.06804065e+00   2.09968652e+00
   2.11786099e+00   2.11786099e+00   2.12300382e+00   2.12300382e+00
   2.23210885e+00   2.23210885e+00   2.35931576e+00   2.35931576e+00
   2.40335374e+00   2.40335374e+00   2.48454308e+00   2.48454308e+00
   2.49012063e+00   2.51965351e+00   2.51965351e+00   2.52310326e+00
   2.54756461e+00   2.54756461e+00   2.70577498e+00   3.08644221e+00
   3.08644221e+00   4.10563639e+00   8.57910074e+00   8.57910074e+00
   8.60814442e+00   8.60814442e+00   8.62336255e+00   8.62336255e+00
   8.65296451e+00   8.68079714e+00   8.68079714e+00   8.78266294e+00
   1.13817852e+01   1.13817852e+01   1.14623759e+01   1.14623759e+01
   1.15459886e+01   1.19418847e+01   2.46094250e+01   2.52680835e+01]
E_coul = 427.138363790804
cycle= 4 E= -918.982995094268  delta_E= -0.000204  |g|= 0.00418  |ddm|= 0.0205
    CPU time for cycle= 4      0.04 sec, wall time      0.04 sec
diis-norm(errvec)=0.0112877
diis-c [ -2.31308304e-05   4.54718780e-03   3.29798088e-03  -2.61288298e-01
   1.25344313e+00]
  HOMO = -0.442575108966975  LUMO = 0.0430282703692203
  mo_energy =
[ -1.04895065e+02  -1.04895063e+02  -1.06196216e+01  -1.06194542e+01
  -8.08657364e+00  -8.08630245e+00  -8.08397797e+00  -8.08397797e+00
  -8.08397102e+00  -8.08397102e+00  -1.21827086e+00  -1.01423155e+00
  -5.97200633e-01  -5.69151399e-01  -5.69151399e-01  -4.42575109e-01
  -4.42575109e-01   4.30282704e-02   3.85095785e-01   4.19214174e-01
   4.51557172e-01   4.51557172e-01   4.83364383e-01   4.83364383e-01
   5.15128456e-01   5.15128456e-01   5.45302464e-01   5.45302464e-01
   6.09275485e-01   6.57784016e-01   6.57784016e-01   8.23837938e-01
   8.56142061e-01   8.72453171e-01   8.72453171e-01   1.31229720e+00
   1.98167592e+00   1.98167592e+00   2.00362437e+00   2.04150441e+00
   2.04150441e+00   2.06667624e+00   2.06667624e+00   2.09798413e+00
   2.11618876e+00   2.11618876e+00   2.12139339e+00   2.12139339e+00
   2.23080625e+00   2.23080625e+00   2.35828737e+00   2.35828737e+00
   2.40233173e+00   2.40233173e+00   2.48329407e+00   2.48329407e+00
   2.48850494e+00   2.51843877e+00   2.51843877e+00   2.52150610e+00
   2.54620905e+00   2.54620905e+00   2.70363528e+00   3.08476647e+00
   3.08476647e+00   4.10377347e+00   8.57673215e+00   8.57673215e+00
   8.60556106e+00   8.60556106e+00   8.62101357e+00   8.62101357e+00
   8.65032120e+00   8.67823998e+00   8.67823998e+00   8.78004765e+00
   1.13793528e+01   1.13793528e+01   1.14599561e+01   1.14599561e+01
   1.15432140e+01   1.19391776e+01   2.46068660e+01   2.52655541e+01]
E_coul = 427.158094909516
cycle= 5 E= -918.983003902968  delta_E= -8.81e-06  |g|= 0.000783  |ddm|= 0.00423
    CPU time for cycle= 5      0.04 sec, wall time      0.04 sec
diis-norm(errvec)=0.00125568
diis-c [ -7.72846167e-07   2.05948867e-03   1.65099106e-04  -2.60764036e-02
   4.10949751e-02   9.82756841e-01]
  HOMO = -0.442380739137162  LUMO = 0.0432146242812219
  mo_energy =
[ -1.04894022e+02  -1.04894019e+02  -1.06189129e+01  -1.06187454e+01
  -8.08585851e+00  -8.08558712e+00  -8.08323018e+00  -8.08323018e+00
  -8.08322321e+00  -8.08322321e+00  -1.21803530e+00  -1.01401541e+00
  -5.96988610e-01  -5.68929410e-01  -5.68929410e-01  -4.42380739e-01
  -4.42380739e-01   4.32146243e-02   3.85175249e-01   4.19286503e-01
   4.51693284e-01   4.51693284e-01   4.83511734e-01   4.83511734e-01
   5.15206332e-01   5.15206332e-01   5.45474053e-01   5.45474053e-01
   6.09399764e-01   6.57965170e-01   6.57965170e-01   8.24016854e-01
   8.56332216e-01   8.72642952e-01   8.72642952e-01   1.31247361e+00
   1.98198423e+00   1.98198423e+00   2.00385024e+00   2.04179396e+00
   2.04179396e+00   2.06697351e+00   2.06697351e+00   2.09825574e+00
   2.11642582e+00   2.11642582e+00   2.12166764e+00   2.12166764e+00
   2.23101683e+00   2.23101683e+00   2.35849769e+00   2.35849769e+00
   2.40254236e+00   2.40254236e+00   2.48356164e+00   2.48356164e+00
   2.48875297e+00   2.51870480e+00   2.51870480e+00   2.52174101e+00
   2.54642164e+00   2.54642164e+00   2.70395383e+00   3.08499786e+00
   3.08499786e+00   4.10402885e+00   8.57729767e+00   8.57729767e+00
   8.60612407e+00   8.60612407e+00   8.62157705e+00   8.62157705e+00
   8.65088468e+00   8.67879947e+00   8.67879947e+00   8.78060298e+00
   1.13799542e+01   1.13799542e+01   1.14605564e+01   1.14605564e+01
   1.15437976e+01   1.19397549e+01   2.46074553e+01   2.52661428e+01]
E_coul = 427.152840124719
cycle= 6 E= -918.983004006773  delta_E= -1.04e-07  |g|= 0.000141  |ddm|= 0.000544
    CPU time for cycle= 6      0.04 sec, wall time      0.04 sec
diis-norm(errvec)=0.000230235
diis-c [ -1.84231883e-08  -1.13273916e-04  -3.33143838e-04   9.19445694e-03
  -4.31477318e-02  -1.96692679e-03   1.03636662e+00]
  HOMO = -0.442394956831484  LUMO = 0.0431927228579133
  mo_energy =
[ -1.04894153e+02  -1.04894151e+02  -1.06189782e+01  -1.06188107e+01
  -8.08592748e+00  -8.08565615e+00  -8.08329654e+00  -8.08329654e+00
  -8.08328959e+00  -8.08328959e+00  -1.21805317e+00  -1.01404057e+00
  -5.97005278e-01  -5.68935230e-01  -5.68935230e-01  -4.42394957e-01
  -4.42394957e-01   4.31927229e-02   3.85166632e-01   4.19271303e-01
   4.51692308e-01   4.51692308e-01   4.83503753e-01   4.83503753e-01
   5.15201203e-01   5.15201203e-01   5.45462081e-01   5.45462081e-01
   6.09382401e-01   6.57950809e-01   6.57950809e-01   8.23999754e-01
   8.56317977e-01   8.72627676e-01   8.72627676e-01   1.31245765e+00
   1.98196133e+00   1.98196133e+00   2.00383682e+00   2.04177589e+00
   2.04177589e+00   2.06695231e+00   2.06695231e+00   2.09823346e+00
   2.11641168e+00   2.11641168e+00   2.12165035e+00   2.12165035e+00
   2.23100374e+00   2.23100374e+00   2.35848149e+00   2.35848149e+00
   2.40252582e+00   2.40252582e+00   2.48354265e+00   2.48354265e+00
   2.48872893e+00   2.51868406e+00   2.51868406e+00   2.52172378e+00
   2.54640557e+00   2.54640557e+00   2.70393891e+00   3.08498236e+00
   3.08498236e+00   4.10401180e+00   8.57725086e+00   8.57725086e+00
   8.60608216e+00   8.60608216e+00   8.62153019e+00   8.62153019e+00
   8.65084423e+00   8.67875743e+00   8.67875743e+00   8.78056213e+00
   1.13799019e+01   1.13799019e+01   1.14605040e+01   1.14605040e+01
   1.15437464e+01   1.19397034e+01   2.46074027e+01   2.52660903e+01]
E_coul = 427.153131453378
cycle= 7 E= -918.983004010811  delta_E= -4.04e-09  |g|= 1.74e-05  |ddm|= 0.000145
    CPU time for cycle= 7      0.04 sec, wall time      0.04 sec
diis-norm(errvec)=3.25537e-05
diis-c [ -3.42613715e-10  -5.14913568e-05  -2.86674995e-05   2.22581456e-04
   1.29242200e-03  -1.99134862e-02  -1.08409596e-01   1.12688824e+00]
  HOMO = -0.442398051089791  LUMO = 0.0431880501881092
  mo_energy =
[ -1.04894151e+02  -1.04894148e+02  -1.06189826e+01  -1.06188151e+01
  -8.08593108e+00  -8.08565975e+00  -8.08330054e+00  -8.08330054e+00
  -8.08329359e+00  -8.08329359e+00  -1.21805788e+00  -1.01404557e+00
  -5.97007507e-01  -5.68937220e-01  -5.68937220e-01  -4.42398051e-01
  -4.42398051e-01   4.31880502e-02   3.85164600e-01   4.19269223e-01
   4.51691064e-01   4.51691064e-01   4.83501601e-01   4.83501601e-01
   5.15200092e-01   5.15200092e-01   5.45458870e-01   5.45458870e-01
   6.09379396e-01   6.57947347e-01   6.57947347e-01   8.23995799e-01
   8.56314653e-01   8.72624266e-01   8.72624266e-01   1.31245485e+00
   1.98195662e+00   1.98195662e+00   2.00383363e+00   2.04177198e+00
   2.04177198e+00   2.06694800e+00   2.06694800e+00   2.09822966e+00
   2.11640792e+00   2.11640792e+00   2.12164668e+00   2.12164668e+00
   2.23100020e+00   2.23100020e+00   2.35847739e+00   2.35847739e+00
   2.40252168e+00   2.40252168e+00   2.48353903e+00   2.48353903e+00
   2.48872511e+00   2.51868033e+00   2.51868033e+00   2.52172008e+00
   2.54640148e+00   2.54640148e+00   2.70393483e+00   3.08497830e+00
   3.08497830e+00   4.10400804e+00   8.57724527e+00   8.57724527e+00
   8.60607722e+00   8.60607722e+00   8.62152461e+00   8.62152461e+00
   8.65083953e+00   8.67875251e+00   8.67875251e+00   8.78055740e+00
   1.13798977e+01   1.13798977e+01   1.14604998e+01   1.14604998e+01
   1.15437428e+01   1.19396998e+01   2.46073980e+01   2.52660856e+01]
E_coul = 427.153145551902
cycle= 8 E= -918.983004010931  delta_E= -1.2e-10  |g|= 3.23e-06  |ddm|= 2.99e-05
    CPU time for cycle= 8      0.04 sec, wall time      0.04 sec
  HOMO = -0.44239738488176  LUMO = 0.0431885602354322
  mo_energy =
[ -1.04894150e+02  -1.04894147e+02  -1.06189810e+01  -1.06188135e+01
  -8.08592934e+00  -8.08565801e+00  -8.08329885e+00  -8.08329885e+00
  -8.08329190e+00  -8.08329190e+00  -1.21805691e+00  -1.01404498e+00
  -5.97006312e-01  -5.68936399e-01  -5.68936399e-01  -4.42397385e-01
  -4.42397385e-01   4.31885602e-02   3.85165068e-01   4.19269409e-01
   4.51691604e-01   4.51691604e-01   4.83502164e-01   4.83502164e-01
   5.15200405e-01   5.15200405e-01   5.45459636e-01   5.45459636e-01
   6.09379742e-01   6.57948066e-01   6.57948066e-01   8.23996551e-01
   8.56315259e-01   8.72624894e-01   8.72624894e-01   1.31245545e+00
   1.98195771e+00   1.98195771e+00   2.00383451e+00   2.04177303e+00
   2.04177303e+00   2.06694911e+00   2.06694911e+00   2.09823034e+00
   2.11640876e+00   2.11640876e+00   2.12164770e+00   2.12164770e+00
   2.23100107e+00   2.23100107e+00   2.35847830e+00   2.35847830e+00
   2.40252259e+00   2.40252259e+00   2.48353991e+00   2.48353991e+00
   2.48872576e+00   2.51868115e+00   2.51868115e+00   2.52172094e+00
   2.54640229e+00   2.54640229e+00   2.70393603e+00   3.08497914e+00
   3.08497914e+00   4.10400894e+00   8.57724691e+00   8.57724691e+00
   8.60607874e+00   8.60607874e+00   8.62152623e+00   8.62152623e+00
   8.65084100e+00   8.67875401e+00   8.67875401e+00   8.78055882e+00
   1.13798992e+01   1.13798992e+01   1.14605013e+01   1.14605013e+01
   1.15437442e+01   1.19397012e+01   2.46073995e+01   2.52660871e+01]
    CPU time for scf_cycle      0.86 sec, wall time      1.07 sec
    CPU time for SCF      0.86 sec, wall time      1.07 sec
converged SCF energy = -918.983004010931
RHF E = -918.983004011
RHF eps = [ -1.04894150e+02  -1.04894147e+02  -1.06189810e+01  -1.06188135e+01
  -8.08592934e+00  -8.08565801e+00  -8.08329885e+00  -8.08329885e+00
  -8.08329190e+00  -8.08329190e+00  -1.21805691e+00  -1.01404498e+00
  -5.97006312e-01  -5.68936399e-01  -5.68936399e-01  -4.42397385e-01
  -4.42397385e-01   4.31885602e-02   3.85165068e-01   4.19269409e-01
   4.51691604e-01   4.51691604e-01   4.83502164e-01   4.83502164e-01
   5.15200405e-01   5.15200405e-01   5.45459636e-01   5.45459636e-01
   6.09379742e-01   6.57948066e-01   6.57948066e-01   8.23996551e-01
   8.56315259e-01   8.72624894e-01   8.72624894e-01   1.31245545e+00
   1.98195771e+00   1.98195771e+00   2.00383451e+00   2.04177303e+00
   2.04177303e+00   2.06694911e+00   2.06694911e+00   2.09823034e+00
   2.11640876e+00   2.11640876e+00   2.12164770e+00   2.12164770e+00
   2.23100107e+00   2.23100107e+00   2.35847830e+00   2.35847830e+00
   2.40252259e+00   2.40252259e+00   2.48353991e+00   2.48353991e+00
   2.48872576e+00   2.51868115e+00   2.51868115e+00   2.52172094e+00
   2.54640229e+00   2.54640229e+00   2.70393603e+00   3.08497914e+00
   3.08497914e+00   4.10400894e+00   8.57724691e+00   8.57724691e+00
   8.60607874e+00   8.60607874e+00   8.62152623e+00   8.62152623e+00
   8.65084100e+00   8.67875401e+00   8.67875401e+00   8.78055882e+00
   1.13798992e+01   1.13798992e+01   1.14605013e+01   1.14605013e+01
   1.15437442e+01   1.19397012e+01   2.46073995e+01   2.52660871e+01]
    CPU time for CCSD integral transformation      3.28 sec, wall time      3.30 sec

******** <class 'pyscf.cc.rccsd_slow.RCCSD'> flags ********
CCSD nocc = 7, nvir = 67
frozen orbitals [0, 1, 2, 3, 4, 5, 6, 7, 8, 9]
max_cycle = 100
direct = 0
conv_tol = 1e-07
conv_tol_normt = 1e-05
diis_space = 6
diis_start_cycle = 0
diis_start_energy_diff = 1e+09
Init t2, MP2 energy = -0.379441094473123
    CPU time for init mp2      0.00 sec, wall time      0.00 sec
    CPU time for update t1 t2      0.53 sec, wall time      0.53 sec
istep = 0  E(CCSD) = -0.379407267447018  dE = -0.379407267  norm(t1,t2) = 0.0240673
    CPU time for CCSD iter      0.54 sec, wall time      0.54 sec
    CPU time for update t1 t2      0.51 sec, wall time      0.52 sec
DIIS for step 1
istep = 1  E(CCSD) = -0.381125000309178  dE = -0.00171773286  norm(t1,t2) = 0.0109969
    CPU time for CCSD iter      0.51 sec, wall time      0.52 sec
    CPU time for update t1 t2      0.52 sec, wall time      0.52 sec
diis-c [ -1.15486814e-05   1.00000000e+00]
DIIS for step 2
istep = 2  E(CCSD) = -0.381409320255029  dE = -0.000284319946  norm(t1,t2) = 0.00433961
    CPU time for CCSD iter      0.53 sec, wall time      0.52 sec
    CPU time for update t1 t2      0.52 sec, wall time      0.52 sec
diis-c [ -9.12424109e-07  -4.70633837e-01   1.47063384e+00]
DIIS for step 3
istep = 3  E(CCSD) = -0.381677367393759  dE = -0.000268047139  norm(t1,t2) = 0.00199568
    CPU time for CCSD iter      0.53 sec, wall time      0.52 sec
    CPU time for update t1 t2      0.51 sec, wall time      0.52 sec
diis-c [ -1.77476485e-08  -1.78467871e-01   2.38300305e-01   9.40167565e-01]
DIIS for step 4
istep = 4  E(CCSD) = -0.38170148964031  dE = -2.41222466e-05  norm(t1,t2) = 0.000450282
    CPU time for CCSD iter      0.52 sec, wall time      0.53 sec
    CPU time for update t1 t2      0.52 sec, wall time      0.52 sec
diis-c [ -7.69060898e-10   8.30957418e-02  -1.23211248e-01  -4.04077969e-01
   1.44419348e+00]
DIIS for step 5
istep = 5  E(CCSD) = -0.38169679051152  dE = 4.69912879e-06  norm(t1,t2) = 6.98416e-05
    CPU time for CCSD iter      0.52 sec, wall time      0.53 sec
    CPU time for update t1 t2      0.52 sec, wall time      0.52 sec
diis-c [ -5.88331328e-11   1.11919747e-02  -1.48706150e-02  -5.88996503e-02
   2.92854426e-02   1.03329285e+00]
DIIS for step 6
istep = 6  E(CCSD) = -0.381697095197088  dE = -3.04685568e-07  norm(t1,t2) = 1.33144e-05
    CPU time for CCSD iter      0.53 sec, wall time      0.53 sec
    CPU time for update t1 t2      0.53 sec, wall time      0.52 sec
diis-c [ -2.83298385e-12  -8.76607471e-03   1.25500732e-02   4.38975182e-02
  -1.07716497e-01  -2.62659791e-01   1.32269477e+00]
DIIS for step 7
istep = 7  E(CCSD) = -0.381697228574109  dE = -1.33377021e-07  norm(t1,t2) = 3.977e-06
    CPU time for CCSD iter      0.53 sec, wall time      0.53 sec
    CPU time for update t1 t2      0.52 sec, wall time      0.52 sec
diis-c [ -3.23963079e-13   1.10453689e+00  -7.21873751e-05   2.63174760e-04
   3.00642351e-03  -2.06906375e-02  -8.70436587e-02]
DIIS for step 8
istep = 8  E(CCSD) = -0.381697180301782  dE = 4.82723274e-08  norm(t1,t2) = 9.07426e-07
    CPU time for CCSD iter      0.53 sec, wall time      0.53 sec
    CPU time for CCSD      4.74 sec, wall time      4.75 sec
CCSD converged
E(CC2) = -919.3647011912329  E_corr = -0.3816971803017816
    CPU time for EOM-CCSD shared one-electron intermediates      0.03 sec, wall time      0.03 sec
    CPU time for EOM-CCSD IP intermediates      0.08 sec, wall time      0.09 sec
tol 1e-07  toloose 0.000316228
max_cycle 100  max_space 38  max_memory 2000  incore True
davidson 0 6  |r|= 0.333  e= [ 0.50066512  0.50066512  0.62009024  0.62009024  0.66924462  1.05373287]  max|de|= 1.05  lindep=    1
davidson 1 12  |r|= 0.0502  e= [ 0.4185601   0.4185601   0.52785462  0.52785462  0.58960915  0.9114807 ]  max|de|= -0.142  lindep= 0.914
davidson 2 18  |r|= 0.0185  e= [ 0.41879536  0.41879536  0.52822257  0.52822257  0.58974299  0.89695978]  max|de|= -0.0145  lindep= 0.627
root 0 converged  |r|= 5.58e-14  e= 0.418795368498  max|de|= 6.2e-09
root 1 converged  |r|= 5.58e-14  e= 0.418795368498  max|de|= 6.2e-09
root 2 converged  |r|= 2.79e-13  e= 0.52822258457  max|de|= 1.49e-08
root 3 converged  |r|= 2.79e-13  e= 0.52822258457  max|de|= 1.49e-08
davidson 3 24  |r|= 0.00027  e= [ 0.41879537  0.41879537  0.52822258  0.52822258  0.58973206  0.89594295]  max|de|= -0.00102  lindep= 0.871
davidson 4 26  |r|= 1.32e-07  e= [ 0.41879537  0.41879537  0.52822258  0.52822258  0.58973271  0.89594269]  max|de|= 6.48e-07  lindep= 0.823
root 4 converged  |r|= 1.82e-12  e= 0.589732715385  max|de|= 4.49e-09
root 5 converged  |r|= 8.68e-12  e= 0.895942688203  max|de|= 4.11e-15
converge 5 27  |r|= 8.68e-12  e= [ 0.41879537  0.41879537  0.52822258  0.52822258  0.58973272  0.89594269]  max|de|= 4.49e-09
IP root 0 E = 0.4187953684984156  qpwt = 0.962928
IP root 1 E = 0.4187953684984136  qpwt = 0.962928
IP root 2 E = 0.5282225845697277  qpwt = 0.949963
IP root 3 E = 0.5282225845697256  qpwt = 0.949963
IP root 4 E = 0.5897327153850771  qpwt = 0.963669
IP root 5 E = 0.8959426882031449  qpwt = 0.738548
    CPU time for IP-CCSD      0.18 sec, wall time      0.18 sec
    CPU time for EOM-CCSD shared one-electron intermediates      0.03 sec, wall time      0.03 sec
    CPU time for EOM-CCSD EA intermediates      2.36 sec, wall time      2.37 sec
tol 1e-07  toloose 0.000316228
max_cycle 100  max_space 38  max_memory 2000  incore True
davidson 0 6  |r|= 0.367  e= [ 0.08244226  0.40084212  0.43202599  0.4648201   0.46633149  0.50825257]  max|de|= 0.508  lindep=    1
davidson 1 12  |r|= 0.0717  e= [-0.01037969  0.34168227  0.37226503  0.3973653   0.41448845  0.44207282]  max|de|= -0.0928  lindep= 0.725
davidson 2 18  |r|= 0.0617  e= [-0.01098455  0.33772958  0.37104763  0.39613544  0.40338399  0.44141433]  max|de|= -0.0111  lindep= 0.822
davidson 3 24  |r|= 0.0445  e= [-0.01090407  0.3373097   0.37105323  0.39621691  0.39846264  0.44141523]  max|de|= -0.00492  lindep= 0.715
davidson 4 30  |r|= 0.0105  e= [-0.01093657  0.33728691  0.37105115  0.39621632  0.39637061  0.4414123 ]  max|de|= -0.00209  lindep= 0.953
davidson 5 36  |r|= 0.00105  e= [-0.01093701  0.33725469  0.37105051  0.39621604  0.39622035  0.44141216]  max|de|= -0.00015  lindep= 0.747
root 0 converged  |r|= 3.79e-05  e= -0.0109370061212  max|de|= 1.1e-15
root 2 converged  |r|= 5.41e-05  e= 0.371050511626  max|de|= 9.44e-16
root 3 converged  |r|= 8.27e-06  e= 0.396216039746  max|de|= 1.67e-16
root 5 converged  |r|= 5.17e-06  e= 0.441412158987  max|de|= 2.22e-16
davidson 6 6  |r|= 0.00105  e= [-0.01093701  0.33725469  0.37105051  0.39621604  0.39622035  0.44141216]  max|de|= 1.1e-15  lindep= 0.996
davidson 7 8  |r|= 0.000228  e= [-0.01093701  0.33725207  0.37105051  0.39621604  0.39621486  0.44141216]  max|de|= -5.49e-06  lindep= 0.891
davidson 8 10  |r|= 6.01e-05  e= [-0.01093701  0.33725134  0.37105051  0.39621604  0.39621751  0.44141216]  max|de|= 2.64e-06  lindep= 0.677
davidson 9 12  |r|= 1.45e-05  e= [-0.01093701  0.33725058  0.37105051  0.39621604  0.39621535  0.44141216]  max|de|= -2.16e-06  lindep= 0.716
davidson 10 14  |r|= 9.54e-06  e= [-0.01093701  0.33725128  0.37105051  0.39621604  0.39621621  0.44141216]  max|de|= 8.6e-07  lindep= 0.538
root 4 converged  |r|= 2.97e-06  e= 0.396216158283  max|de|= -4.81e-08
davidson 11 16  |r|= 2.97e-06  e= [-0.01093701  0.33725085  0.37105051  0.39621604  0.39621616  0.44141216]  max|de|= -4.24e-07  lindep= 0.582
root 1 converged  |r|= 3.33e-07  e= 0.337250950539  max|de|= 9.83e-08
converge 12 17  |r|= 3.33e-07  e= [-0.01093701  0.33725095  0.37105051  0.39621604  0.39621616  0.44141216]  max|de|= 9.83e-08
EA root 0 E = -0.0109370061212163  qpwt = 0.97069
EA root 1 E = 0.337250950539181  qpwt = 0.970494
EA root 2 E = 0.3710505116256133  qpwt = 0.974717
EA root 3 E = 0.3962160397459032  qpwt = 0.969918
EA root 4 E = 0.3962161582828374  qpwt = 0.969918
EA root 5 E = 0.4414121589869195  qpwt = 0.98109
    CPU time for EA-CCSD      5.02 sec, wall time      5.02 sec
