

******** <class 'pyscf.scf.hf.RHF'> flags ********
method = RHF
initial guess = minao
damping factor = 0
level shift factor = 0
Do DIIS = True
DIIS start cycle = 1
DIIS space = 8
SCF tol = 1e-09
SCF gradient tol = None
max. SCF cycles = 50
direct_scf = True
direct_scf_tol = 1e-13
chkfile to save SCF result = /tmp/tmpSj9n6A
max_memory 4000 MB (current use 39 MB)
Set gradient conv threshold to 3.16228e-05
Nelec from initial guess = 29.997
cond(S) = 464.343631439
E_coul = 235.275563070363
init E= -398.267520320285
    CPU time for initialize scf      0.76 sec, wall time      0.96 sec
  HOMO = -0.672438488261585  LUMO = -0.130978285294997
  mo_energy =
[-48.98939908 -26.45899302 -26.45877205  -3.75751965  -2.2822109
  -2.26145942  -2.26145942  -1.7159565   -1.67519087  -0.72466546
  -0.68554972  -0.67452712  -0.67452712  -0.67243849  -0.67243849
  -0.13097829   0.07656838   0.07656838   0.13593228   0.181655
   0.19978483   0.19978483   0.23294675   0.23294675   0.2634265
   0.40446903   0.40446903   0.62332549   0.71672255   0.76024998
   0.76024998   0.76481801   0.76481801   0.78223657   0.78223657
   0.78722743   0.91027498   0.91027498   1.02140193   1.14445763
   1.26254476   1.94828663   2.13342159   2.13342159   2.14869268
   2.14869268   2.17110772   2.17110772   2.19209526   2.19209526
   2.41577642   2.41577642   2.68126934   2.78376352   3.55741595
   3.55741595   3.60246561   3.65860049   3.65860049   3.92232784
   4.18055371   4.19475913   5.04675494   7.03202111   7.03202111
   7.03583971   7.03583971   7.19643316   7.22900999   7.22900999
   7.23378495   7.23378495   7.24307699   7.24307699   7.24711739
   7.24711739   7.24711749   7.24711749   7.28106224   7.28106224
   7.28762883   7.34402054   8.69471271   8.69471271   8.70704676
   8.70704676   8.72624133   8.72624133   8.86234184   8.86234184
   8.99506073   9.10502958  58.30102585  58.34434783]
E_coul = 241.045432011385
cycle= 1 E= -398.597761317353  delta_E= -0.33  |g|= 0.787  |ddm|= 1.68
    CPU time for cycle= 1      0.06 sec, wall time      0.06 sec
diis-norm(errvec)=1.6268
diis-c [-2.646464  1.      ]
  HOMO = -0.444873975585822  LUMO = 0.0097170191918913
  mo_energy =
[ -4.91392810e+01  -2.58349056e+01  -2.58349043e+01  -3.85649038e+00
  -2.37951581e+00  -2.37951581e+00  -2.37280492e+00  -1.33510175e+00
  -1.32909692e+00  -4.81646346e-01  -4.54796417e-01  -4.46656243e-01
  -4.46656243e-01  -4.44873976e-01  -4.44873976e-01   9.71701919e-03
   7.50304492e-02   7.50304492e-02   1.69983936e-01   1.69983936e-01
   1.71262702e-01   2.08089654e-01   2.46542582e-01   2.46542582e-01
   2.93381511e-01   3.71196761e-01   3.71196761e-01   6.80557727e-01
   7.07161636e-01   7.07161636e-01   7.69020032e-01   7.69020032e-01
   8.74302104e-01   9.00626774e-01   9.00626774e-01   9.04965241e-01
   1.03946233e+00   1.03946233e+00   1.13002981e+00   1.25661865e+00
   1.36375905e+00   1.97642375e+00   2.03960308e+00   2.03960308e+00
   2.40459034e+00   2.40459034e+00   2.42581490e+00   2.42581490e+00
   2.43871071e+00   2.43871071e+00   2.65239491e+00   2.65239491e+00
   2.92176401e+00   2.97361815e+00   3.91611641e+00   3.91611641e+00
   3.94907021e+00   4.01534211e+00   4.01534211e+00   4.23914081e+00
   4.50784626e+00   4.52488179e+00   4.97258503e+00   6.91291066e+00
   6.91291066e+00   6.94589155e+00   6.94589155e+00   7.18337300e+00
   7.59094054e+00   7.59094054e+00   7.59730264e+00   7.59730264e+00
   7.60364430e+00   7.60364430e+00   7.61291757e+00   7.61291757e+00
   7.61291764e+00   7.61291764e+00   7.62278866e+00   7.62532662e+00
   7.62532662e+00   7.64582534e+00   9.14312163e+00   9.14312163e+00
   9.15507489e+00   9.15507489e+00   9.17252065e+00   9.17252065e+00
   9.30370430e+00   9.30370430e+00   9.43520537e+00   9.53944303e+00
   5.88984287e+01   5.89416405e+01]
E_coul = 235.579882698239
cycle= 2 E= -398.656451320721  delta_E= -0.0587  |g|= 0.61  |ddm|= 0.614
    CPU time for cycle= 2      0.06 sec, wall time      0.06 sec
diis-norm(errvec)=1.17877
diis-c [-0.05605062  0.41774885  0.58225115]
  HOMO = -0.569636140012912  LUMO = 0.00870388580775709
  mo_energy =
[ -4.90783009e+01  -2.62126654e+01  -2.62126642e+01  -3.81925120e+00
  -2.34121572e+00  -2.34121572e+00  -2.33868400e+00  -1.47604382e+00
  -1.47055720e+00  -6.02654137e-01  -5.81790719e-01  -5.70457361e-01
  -5.70457361e-01  -5.69636140e-01  -5.69636140e-01   8.70388581e-03
   7.57634115e-02   7.57634115e-02   1.64618628e-01   1.74789486e-01
   1.74789486e-01   2.06406542e-01   2.41654706e-01   2.41654706e-01
   2.85948324e-01   3.78252789e-01   3.78252789e-01   6.60922405e-01
   7.21915464e-01   7.21915464e-01   7.63290910e-01   7.63290910e-01
   8.25118572e-01   8.54871886e-01   8.54871886e-01   8.69214914e-01
   9.95875857e-01   9.95875857e-01   1.09298234e+00   1.22010439e+00
   1.32574991e+00   1.96599727e+00   2.06474943e+00   2.06474943e+00
   2.31246047e+00   2.31246047e+00   2.33410860e+00   2.33410860e+00
   2.34891446e+00   2.34891446e+00   2.56560739e+00   2.56560739e+00
   2.83080518e+00   2.90165162e+00   3.75016141e+00   3.75016141e+00
   3.78808596e+00   3.85016646e+00   3.85016646e+00   4.09215027e+00
   4.36593615e+00   4.38169315e+00   4.99436876e+00   6.95002786e+00
   6.95002786e+00   6.97848884e+00   6.97848884e+00   7.20764533e+00
   7.44723533e+00   7.44723533e+00   7.45288917e+00   7.45288917e+00
   7.45974140e+00   7.45974140e+00   7.46749836e+00   7.46749836e+00
   7.46749851e+00   7.46749851e+00   7.48497601e+00   7.48497601e+00
   7.48754636e+00   7.50346225e+00   8.93287452e+00   8.93287452e+00
   8.94496115e+00   8.94496115e+00   8.96340333e+00   8.96340333e+00
   9.09657374e+00   9.09657374e+00   9.22894442e+00   9.33501693e+00
   5.85404519e+01   5.85836970e+01]
E_coul = 238.051497019034
cycle= 3 E= -398.70520903011  delta_E= -0.0488  |g|= 0.0251  |ddm|= 0.234
    CPU time for cycle= 3      0.06 sec, wall time      0.06 sec
diis-norm(errvec)=0.0585231
diis-c [-0.00224509 -0.04252575 -0.03095644  1.07348218]
  HOMO = -0.567611164196538  LUMO = 0.0114674505651899
  mo_energy =
[ -4.90659282e+01  -2.62032184e+01  -2.62032178e+01  -3.80862035e+00
  -2.33111607e+00  -2.33111607e+00  -2.32944953e+00  -1.47418421e+00
  -1.46878224e+00  -6.02345152e-01  -5.82543845e-01  -5.68449238e-01
  -5.68449238e-01  -5.67611164e-01  -5.67611164e-01   1.14674506e-02
   7.82640043e-02   7.82640043e-02   1.65213580e-01   1.76254302e-01
   1.76254302e-01   2.09840035e-01   2.43091405e-01   2.43091405e-01
   2.86597870e-01   3.82562698e-01   3.82562698e-01   6.66524843e-01
   7.26562607e-01   7.26562607e-01   7.69051916e-01   7.69051916e-01
   8.23252133e-01   8.56363629e-01   8.56363629e-01   8.68297027e-01
   9.96595264e-01   9.96595264e-01   1.09749619e+00   1.22167770e+00
   1.32971590e+00   1.97282143e+00   2.07213669e+00   2.07213669e+00
   2.31369141e+00   2.31369141e+00   2.33536531e+00   2.33536531e+00
   2.35082086e+00   2.35082086e+00   2.56777290e+00   2.56777290e+00
   2.83159043e+00   2.90438868e+00   3.75301545e+00   3.75301545e+00
   3.79145926e+00   3.85297904e+00   3.85297904e+00   4.09765406e+00
   4.36891374e+00   4.38401315e+00   5.00327685e+00   6.95969983e+00
   6.95969983e+00   6.98831319e+00   6.98831319e+00   7.21703548e+00
   7.44952287e+00   7.44952287e+00   7.45469130e+00   7.45469130e+00
   7.46159598e+00   7.46159598e+00   7.46855389e+00   7.46855389e+00
   7.46855403e+00   7.46855403e+00   7.48776350e+00   7.48776350e+00
   7.49108497e+00   7.50622381e+00   8.93567434e+00   8.93567434e+00
   8.94774030e+00   8.94774030e+00   8.96689346e+00   8.96689346e+00
   9.09989796e+00   9.09989796e+00   9.23250358e+00   9.33852810e+00
   5.85495615e+01   5.85928138e+01]
E_coul = 237.979247838396
cycle= 4 E= -398.705489147788  delta_E= -0.00028  |g|= 0.00578  |ddm|= 0.0267
    CPU time for cycle= 4      0.06 sec, wall time      0.06 sec
diis-norm(errvec)=0.0143971
diis-c [ -1.37322246e-04  -1.23918219e-02  -1.72357447e-02  -6.23523234e-02
   1.09197989e+00]
  HOMO = -0.567370303778456  LUMO = 0.0112887971645613
  mo_energy =
[ -4.90690501e+01  -2.62033971e+01  -2.62033966e+01  -3.81013106e+00
  -2.33268525e+00  -2.33268525e+00  -2.33144957e+00  -1.47456280e+00
  -1.46916341e+00  -6.03195310e-01  -5.83740850e-01  -5.68204449e-01
  -5.68204449e-01  -5.67370304e-01  -5.67370304e-01   1.12887972e-02
   7.81818397e-02   7.81818397e-02   1.65098243e-01   1.76080097e-01
   1.76080097e-01   2.09631810e-01   2.43030205e-01   2.43030205e-01
   2.86559871e-01   3.82252790e-01   3.82252790e-01   6.65780399e-01
   7.26043337e-01   7.26043337e-01   7.68493281e-01   7.68493281e-01
   8.23373499e-01   8.56367279e-01   8.56367279e-01   8.68311098e-01
   9.96611811e-01   9.96611811e-01   1.09694762e+00   1.22140750e+00
   1.32919979e+00   1.97182624e+00   2.07118100e+00   2.07118100e+00
   2.31342236e+00   2.31342236e+00   2.33510731e+00   2.33510731e+00
   2.35056931e+00   2.35056931e+00   2.56755568e+00   2.56755568e+00
   2.83159777e+00   2.90408424e+00   3.75286618e+00   3.75286618e+00
   3.79116878e+00   3.85282938e+00   3.85282938e+00   4.09713801e+00
   4.36854480e+00   4.38375129e+00   5.00213167e+00   6.95806494e+00
   6.95806494e+00   6.98670734e+00   6.98670734e+00   7.21554153e+00
   7.44933399e+00   7.44933399e+00   7.45439265e+00   7.45439265e+00
   7.46128838e+00   7.46128838e+00   7.46804913e+00   7.46804913e+00
   7.46804928e+00   7.46804928e+00   7.48747742e+00   7.48747742e+00
   7.49072688e+00   7.50601517e+00   8.93525867e+00   8.93525867e+00
   8.94732763e+00   8.94732763e+00   8.96667614e+00   8.96667614e+00
   9.09971670e+00   9.09971670e+00   9.23237197e+00   9.33839845e+00
   5.85493568e+01   5.85926081e+01]
E_coul = 237.98296711855
cycle= 5 E= -398.705514404814  delta_E= -2.53e-05  |g|= 0.00202  |ddm|= 0.00923
    CPU time for cycle= 5      0.06 sec, wall time      0.06 sec
diis-norm(errvec)=0.00475172
diis-c [ -6.81396995e-06   6.40457330e-03   8.35813438e-03  -3.16792772e-02
  -4.27971523e-01   1.44488809e+00]
  HOMO = -0.566920272276773  LUMO = 0.0111691550944473
  mo_energy =
[ -4.90688771e+01  -2.62031159e+01  -2.62031154e+01  -3.81038120e+00
  -2.33295036e+00  -2.33295036e+00  -2.33172876e+00  -1.47434807e+00
  -1.46894755e+00  -6.03417926e-01  -5.84071717e-01  -5.67760966e-01
  -5.67760966e-01  -5.66920272e-01  -5.66920272e-01   1.11691551e-02
   7.81264842e-02   7.81264842e-02   1.65069294e-01   1.75990472e-01
   1.75990472e-01   2.09499682e-01   2.43017003e-01   2.43017003e-01
   2.86557287e-01   3.82100222e-01   3.82100222e-01   6.65595254e-01
   7.25770902e-01   7.25770902e-01   7.68337564e-01   7.68337564e-01
   8.23397327e-01   8.56473665e-01   8.56473665e-01   8.68306992e-01
   9.96716396e-01   9.96716396e-01   1.09686354e+00   1.22140521e+00
   1.32907920e+00   1.97168056e+00   2.07088930e+00   2.07088930e+00
   2.31355404e+00   2.31355404e+00   2.33524009e+00   2.33524009e+00
   2.35070308e+00   2.35070308e+00   2.56766482e+00   2.56766482e+00
   2.83173794e+00   2.90414004e+00   3.75312433e+00   3.75312433e+00
   3.79124034e+00   3.85308332e+00   3.85308332e+00   4.09719087e+00
   4.36872361e+00   4.38392960e+00   5.00190851e+00   6.95777629e+00
   6.95777629e+00   6.98644068e+00   6.98644068e+00   7.21531507e+00
   7.44963025e+00   7.44963025e+00   7.45463362e+00   7.45463362e+00
   7.46152763e+00   7.46152763e+00   7.46819855e+00   7.46819855e+00
   7.46819870e+00   7.46819870e+00   7.48776381e+00   7.48776381e+00
   7.49100795e+00   7.50632991e+00   8.93549139e+00   8.93549139e+00
   8.94755963e+00   8.94755963e+00   8.96698136e+00   8.96698136e+00
   9.10001401e+00   9.10001401e+00   9.23269232e+00   9.33871860e+00
   5.85496178e+01   5.85928691e+01]
E_coul = 237.978061559176
cycle= 6 E= -398.705517698659  delta_E= -3.29e-06  |g|= 0.000458  |ddm|= 0.00413
    CPU time for cycle= 6      0.06 sec, wall time      0.06 sec
diis-norm(errvec)=0.000932461
diis-c [ -3.17283773e-07  -7.91720988e-04  -1.16487449e-03   6.66630879e-03
   7.08380362e-02  -3.89805841e-01   1.31425809e+00]
  HOMO = -0.566941365136402  LUMO = 0.0111442018952203
  mo_energy =
[ -4.90693854e+01  -2.62032246e+01  -2.62032241e+01  -3.81061744e+00
  -2.33320317e+00  -2.33320317e+00  -2.33195110e+00  -1.47439900e+00
  -1.46899875e+00  -6.03570652e-01  -5.84233285e-01  -5.67785526e-01
  -5.67785526e-01  -5.66941365e-01  -5.66941365e-01   1.11442019e-02
   7.81200994e-02   7.81200994e-02   1.65064468e-01   1.75976667e-01
   1.75976667e-01   2.09465324e-01   2.43021214e-01   2.43021214e-01
   2.86550166e-01   3.82061228e-01   3.82061228e-01   6.65560232e-01
   7.25717491e-01   7.25717491e-01   7.68304905e-01   7.68304905e-01
   8.23369579e-01   8.56480495e-01   8.56480495e-01   8.68279381e-01
   9.96715566e-01   9.96715566e-01   1.09682986e+00   1.22138184e+00
   1.32902765e+00   1.97159832e+00   2.07075138e+00   2.07075138e+00
   2.31351299e+00   2.31351299e+00   2.33519972e+00   2.33519972e+00
   2.35066920e+00   2.35066920e+00   2.56762580e+00   2.56762580e+00
   2.83169535e+00   2.90407762e+00   3.75308607e+00   3.75308607e+00
   3.79115327e+00   3.85304439e+00   3.85304439e+00   4.09710637e+00
   4.36868344e+00   4.38388750e+00   5.00172892e+00   6.95754396e+00
   6.95754396e+00   6.98621009e+00   6.98621009e+00   7.21509925e+00
   7.44959251e+00   7.44959251e+00   7.45458446e+00   7.45458446e+00
   7.46147809e+00   7.46147809e+00   7.46813108e+00   7.46813108e+00
   7.46813122e+00   7.46813122e+00   7.48772416e+00   7.48772416e+00
   7.49096441e+00   7.50629674e+00   8.93541306e+00   8.93541306e+00
   8.94748111e+00   8.94748111e+00   8.96691725e+00   8.96691725e+00
   9.09994791e+00   9.09994791e+00   9.23263110e+00   9.33865807e+00
   5.85495200e+01   5.85927713e+01]
E_coul = 237.978012320342
cycle= 7 E= -398.705517798498  delta_E= -9.98e-08  |g|= 9.66e-05  |ddm|= 0.000625
    CPU time for cycle= 7      0.06 sec, wall time      0.06 sec
diis-norm(errvec)=0.000137536
diis-c [ -9.95677181e-09  -1.60748117e-04  -2.51585183e-04   9.23085030e-04
   1.79558211e-02  -6.63239171e-02   7.78221131e-02   9.70035231e-01]
  HOMO = -0.566944626077256  LUMO = 0.0111436147782097
  mo_energy =
[ -4.90692161e+01  -2.62032216e+01  -2.62032211e+01  -3.81055607e+00
  -2.33314087e+00  -2.33314087e+00  -2.33188543e+00  -1.47440654e+00
  -1.46900586e+00  -6.03580609e-01  -5.84242396e-01  -5.67788773e-01
  -5.67788773e-01  -5.66944626e-01  -5.66944626e-01   1.11436148e-02
   7.81208311e-02   7.81208311e-02   1.65063117e-01   1.75977781e-01
   1.75977781e-01   2.09466270e-01   2.43021072e-01   2.43021072e-01
   2.86549564e-01   3.82064082e-01   3.82064082e-01   6.65559076e-01
   7.25722293e-01   7.25722293e-01   7.68305473e-01   7.68305473e-01
   8.23361595e-01   8.56475625e-01   8.56475625e-01   8.68273531e-01
   9.96710488e-01   9.96710488e-01   1.09682570e+00   1.22137714e+00
   1.32902546e+00   1.97161307e+00   2.07077918e+00   2.07077918e+00
   2.31350186e+00   2.31350186e+00   2.33518878e+00   2.33518878e+00
   2.35065944e+00   2.35065944e+00   2.56761685e+00   2.56761685e+00
   2.83168667e+00   2.90407728e+00   3.75307843e+00   3.75307843e+00
   3.79114452e+00   3.85303679e+00   3.85303679e+00   4.09709955e+00
   4.36867507e+00   4.38387898e+00   5.00177287e+00   6.95760553e+00
   6.95760553e+00   6.98626860e+00   6.98626860e+00   7.21515168e+00
   7.44957968e+00   7.44957968e+00   7.45457094e+00   7.45457094e+00
   7.46146483e+00   7.46146483e+00   7.46811651e+00   7.46811651e+00
   7.46811666e+00   7.46811666e+00   7.48771297e+00   7.48771297e+00
   7.49095700e+00   7.50628457e+00   8.93540215e+00   8.93540215e+00
   8.94747021e+00   8.94747021e+00   8.96690707e+00   8.96690707e+00
   9.09993800e+00   9.09993800e+00   9.23262142e+00   9.33864883e+00
   5.85495214e+01   5.85927727e+01]
E_coul = 237.977786962996
cycle= 8 E= -398.705517800017  delta_E= -1.52e-09  |g|= 1.26e-05  |ddm|= 7.31e-05
    CPU time for cycle= 8      0.06 sec, wall time      0.06 sec
diis-norm(errvec)=2.02421e-05
diis-c [ -9.10985462e-11   3.98025659e-05   5.39349525e-05  -2.62298117e-04
  -2.75964110e-03   1.42612189e-02  -4.29175225e-02  -2.19436026e-02
   1.05352811e+00]
  HOMO = -0.566944633018981  LUMO = 0.0111436065664341
  mo_energy =
[ -4.90692342e+01  -2.62032207e+01  -2.62032202e+01  -3.81056182e+00
  -2.33314696e+00  -2.33314696e+00  -2.33189147e+00  -1.47440771e+00
  -1.46900710e+00  -6.03581153e-01  -5.84242859e-01  -5.67788781e-01
  -5.67788781e-01  -5.66944633e-01  -5.66944633e-01   1.11436066e-02
   7.81210071e-02   7.81210071e-02   1.65062882e-01   1.75978229e-01
   1.75978229e-01   2.09466086e-01   2.43021067e-01   2.43021067e-01
   2.86549290e-01   3.82064078e-01   3.82064078e-01   6.65558195e-01
   7.25722987e-01   7.25722987e-01   7.68305141e-01   7.68305141e-01
   8.23360171e-01   8.56474703e-01   8.56474703e-01   8.68272497e-01
   9.96709530e-01   9.96709530e-01   1.09682487e+00   1.22137627e+00
   1.32902450e+00   1.97161124e+00   2.07077717e+00   2.07077717e+00
   2.31350035e+00   2.31350035e+00   2.33518731e+00   2.33518731e+00
   2.35065807e+00   2.35065807e+00   2.56761553e+00   2.56761553e+00
   2.83168520e+00   2.90407536e+00   3.75307749e+00   3.75307749e+00
   3.79114304e+00   3.85303586e+00   3.85303586e+00   4.09709820e+00
   4.36867378e+00   4.38387767e+00   5.00176887e+00   6.95759995e+00
   6.95759995e+00   6.98626285e+00   6.98626285e+00   7.21514619e+00
   7.44957789e+00   7.44957789e+00   7.45456915e+00   7.45456915e+00
   7.46146303e+00   7.46146303e+00   7.46811471e+00   7.46811471e+00
   7.46811485e+00   7.46811485e+00   7.48771115e+00   7.48771115e+00
   7.49095501e+00   7.50628280e+00   8.93540107e+00   8.93540107e+00
   8.94746913e+00   8.94746913e+00   8.96690595e+00   8.96690595e+00
   9.09993684e+00   9.09993684e+00   9.23262023e+00   9.33864766e+00
   5.85495219e+01   5.85927732e+01]
E_coul = 237.97781044259
cycle= 9 E= -398.705517800051  delta_E= -3.47e-11  |g|= 1.26e-06  |ddm|= 1.51e-05
    CPU time for cycle= 9      0.06 sec, wall time      0.06 sec
  HOMO = -0.56694474453386  LUMO = 0.0111436610414133
  mo_energy =
[ -4.90692334e+01  -2.62032214e+01  -2.62032209e+01  -3.81056146e+00
  -2.33314658e+00  -2.33314658e+00  -2.33189112e+00  -1.47440794e+00
  -1.46900733e+00  -6.03581240e-01  -5.84242953e-01  -5.67788906e-01
  -5.67788906e-01  -5.66944745e-01  -5.66944745e-01   1.11436610e-02
   7.81210691e-02   7.81210691e-02   1.65062909e-01   1.75978260e-01
   1.75978260e-01   2.09466158e-01   2.43021111e-01   2.43021111e-01
   2.86549311e-01   3.82064162e-01   3.82064162e-01   6.65558325e-01
   7.25723078e-01   7.25723078e-01   7.68305275e-01   7.68305275e-01
   8.23360210e-01   8.56474781e-01   8.56474781e-01   8.68272541e-01
   9.96709590e-01   9.96709590e-01   1.09682495e+00   1.22137633e+00
   1.32902464e+00   1.97161142e+00   2.07077738e+00   2.07077738e+00
   2.31350042e+00   2.31350042e+00   2.33518737e+00   2.33518737e+00
   2.35065815e+00   2.35065815e+00   2.56761561e+00   2.56761561e+00
   2.83168525e+00   2.90407546e+00   3.75307742e+00   3.75307742e+00
   3.79114298e+00   3.85303579e+00   3.85303579e+00   4.09709816e+00
   4.36867370e+00   4.38387758e+00   5.00176915e+00   6.95760031e+00
   6.95760031e+00   6.98626320e+00   6.98626320e+00   7.21514652e+00
   7.44957795e+00   7.44957795e+00   7.45456920e+00   7.45456920e+00
   7.46146309e+00   7.46146309e+00   7.46811477e+00   7.46811477e+00
   7.46811491e+00   7.46811491e+00   7.48771122e+00   7.48771122e+00
   7.49095510e+00   7.50628286e+00   8.93540096e+00   8.93540096e+00
   8.94746901e+00   8.94746901e+00   8.96690583e+00   8.96690583e+00
   9.09993672e+00   9.09993672e+00   9.23262012e+00   9.33864754e+00
   5.85495212e+01   5.85927725e+01]
    CPU time for scf_cycle      1.30 sec, wall time      1.51 sec
    CPU time for SCF      1.30 sec, wall time      1.51 sec
converged SCF energy = -398.705517800051
RHF E = -398.7055178
RHF eps = [ -4.90692334e+01  -2.62032214e+01  -2.62032209e+01  -3.81056146e+00
  -2.33314658e+00  -2.33314658e+00  -2.33189112e+00  -1.47440794e+00
  -1.46900733e+00  -6.03581240e-01  -5.84242953e-01  -5.67788906e-01
  -5.67788906e-01  -5.66944745e-01  -5.66944745e-01   1.11436610e-02
   7.81210691e-02   7.81210691e-02   1.65062909e-01   1.75978260e-01
   1.75978260e-01   2.09466158e-01   2.43021111e-01   2.43021111e-01
   2.86549311e-01   3.82064162e-01   3.82064162e-01   6.65558325e-01
   7.25723078e-01   7.25723078e-01   7.68305275e-01   7.68305275e-01
   8.23360210e-01   8.56474781e-01   8.56474781e-01   8.68272541e-01
   9.96709590e-01   9.96709590e-01   1.09682495e+00   1.22137633e+00
   1.32902464e+00   1.97161142e+00   2.07077738e+00   2.07077738e+00
   2.31350042e+00   2.31350042e+00   2.33518737e+00   2.33518737e+00
   2.35065815e+00   2.35065815e+00   2.56761561e+00   2.56761561e+00
   2.83168525e+00   2.90407546e+00   3.75307742e+00   3.75307742e+00
   3.79114298e+00   3.85303579e+00   3.85303579e+00   4.09709816e+00
   4.36867370e+00   4.38387758e+00   5.00176915e+00   6.95760031e+00
   6.95760031e+00   6.98626320e+00   6.98626320e+00   7.21514652e+00
   7.44957795e+00   7.44957795e+00   7.45456920e+00   7.45456920e+00
   7.46146309e+00   7.46146309e+00   7.46811477e+00   7.46811477e+00
   7.46811491e+00   7.46811491e+00   7.48771122e+00   7.48771122e+00
   7.49095510e+00   7.50628286e+00   8.93540096e+00   8.93540096e+00
   8.94746901e+00   8.94746901e+00   8.96690583e+00   8.96690583e+00
   9.09993672e+00   9.09993672e+00   9.23262012e+00   9.33864754e+00
   5.85495212e+01   5.85927725e+01]
    CPU time for CCSD integral transformation      6.12 sec, wall time      6.15 sec

******** <class 'pyscf.cc.rccsd_slow.RCCSD'> flags ********
CCSD nocc = 11, nvir = 79
frozen orbitals [0, 1, 2, 3]
max_cycle = 100
direct = 0
conv_tol = 1e-07
conv_tol_normt = 1e-05
diis_space = 6
diis_start_cycle = 0
diis_start_energy_diff = 1e+09
Init t2, MP2 energy = -0.677311166963075
    CPU time for init mp2      0.02 sec, wall time      0.02 sec
    CPU time for update t1 t2      1.41 sec, wall time      1.41 sec
istep = 0  E(CCSD) = -0.676903751095056  dE = -0.676903751  norm(t1,t2) = 0.0546405
    CPU time for CCSD iter      1.42 sec, wall time      1.43 sec
    CPU time for update t1 t2      1.41 sec, wall time      1.41 sec
DIIS for step 1
istep = 1  E(CCSD) = -0.683453319925613  dE = -0.00654956883  norm(t1,t2) = 0.0251621
    CPU time for CCSD iter      1.42 sec, wall time      1.43 sec
    CPU time for update t1 t2      1.41 sec, wall time      1.41 sec
diis-c [ -2.00702409e-04   1.00000000e+00]
DIIS for step 2
istep = 2  E(CCSD) = -0.684110865334318  dE = -0.000657545409  norm(t1,t2) = 0.0163767
    CPU time for CCSD iter      1.43 sec, wall time      1.43 sec
    CPU time for update t1 t2      1.42 sec, wall time      1.42 sec
diis-c [ -3.30967492e-05  -1.59196942e-01   1.15919694e+00]
DIIS for step 3
istep = 3  E(CCSD) = -0.685426830255304  dE = -0.00131596492  norm(t1,t2) = 0.00837134
    CPU time for CCSD iter      1.44 sec, wall time      1.44 sec
    CPU time for update t1 t2      1.41 sec, wall time      1.41 sec
diis-c [ -1.22665539e-06  -4.38677351e-01   5.61062717e-02   1.38257108e+00]
DIIS for step 4
istep = 4  E(CCSD) = -0.686085260022643  dE = -0.000658429767  norm(t1,t2) = 0.00506036
    CPU time for CCSD iter      1.43 sec, wall time      1.44 sec
    CPU time for update t1 t2      1.42 sec, wall time      1.41 sec
diis-c [ -1.32242533e-07   1.55939119e-01  -3.84128696e-02  -4.90407219e-01
   1.37288097e+00]
DIIS for step 5
istep = 5  E(CCSD) = -0.686021014646893  dE = 6.42453758e-05  norm(t1,t2) = 0.000661586
    CPU time for CCSD iter      1.45 sec, wall time      1.44 sec
    CPU time for update t1 t2      1.40 sec, wall time      1.41 sec
diis-c [ -1.85388204e-08   1.06686176e-01  -1.22138915e-02  -3.42569826e-01
   2.41664350e-01   1.00643319e+00]
DIIS for step 6
istep = 6  E(CCSD) = -0.686010599325478  dE = 1.04153214e-05  norm(t1,t2) = 0.000284183
    CPU time for CCSD iter      1.43 sec, wall time      1.44 sec
    CPU time for update t1 t2      1.43 sec, wall time      1.43 sec
diis-c [ -1.66210273e-09  -6.57117945e-02   1.24028813e-02   2.02925451e-01
  -2.09147788e-01  -5.65744782e-01   1.62527603e+00]
DIIS for step 7
istep = 7  E(CCSD) = -0.686019901727574  dE = -9.3024021e-06  norm(t1,t2) = 9.38952e-05
    CPU time for CCSD iter      1.46 sec, wall time      1.46 sec
    CPU time for update t1 t2      1.41 sec, wall time      1.41 sec
diis-c [ -3.01629943e-10   1.14148445e+00  -1.33970428e-03   2.20471275e-03
  -6.65312614e-03  -2.89248312e-03  -1.32803853e-01]
DIIS for step 8
istep = 8  E(CCSD) = -0.686019387824886  dE = 5.13902688e-07  norm(t1,t2) = 2.80709e-05
    CPU time for CCSD iter      1.44 sec, wall time      1.44 sec
    CPU time for update t1 t2      1.41 sec, wall time      1.42 sec
diis-c [ -6.95495883e-11   7.43033685e-02   1.01107819e+00   7.62681179e-04
   2.68057845e-04   1.83777991e-02  -1.04790095e-01]
DIIS for step 9
istep = 9  E(CCSD) = -0.686019639182015  dE = -2.51357129e-07  norm(t1,t2) = 1.4222e-05
    CPU time for CCSD iter      1.44 sec, wall time      1.45 sec
    CPU time for update t1 t2      1.41 sec, wall time      1.41 sec
diis-c [ -3.94695387e-11   5.90584596e-02  -6.34234213e-02   1.03307248e+00
   2.23400882e-03   2.41572144e-03  -3.33572440e-02]
DIIS for step 10
istep = 10  E(CCSD) = -0.686019662705121  dE = -2.35231059e-08  norm(t1,t2) = 8.80238e-06
    CPU time for CCSD iter      1.43 sec, wall time      1.44 sec
    CPU time for CCSD     15.79 sec, wall time     15.82 sec
CCSD converged
E(CC2) = -399.3915374627563  E_corr = -0.6860196627051212
    CPU time for EOM-CCSD shared one-electron intermediates      0.08 sec, wall time      0.08 sec
    CPU time for EOM-CCSD IP intermediates      0.47 sec, wall time      0.47 sec
tol 1e-07  toloose 0.000316228
max_cycle 100  max_space 38  max_memory 2000  incore True
davidson 0 6  |r|= 0.478  e= [ 0.66014466  0.66014466  0.66021628  0.66021628  0.67986404  0.6947673 ]  max|de|= 0.695  lindep=    1
davidson 1 12  |r|= 0.0445  e= [ 0.48322793  0.48322793  0.48531491  0.48531491  0.49924576  0.52131816]  max|de|= -0.181  lindep= 0.867
davidson 2 18  |r|= 0.00679  e= [ 0.48174579  0.48174579  0.48385525  0.48385525  0.4978848   0.51986856]  max|de|= -0.00148  lindep= 0.841
davidson 3 24  |r|= 0.00206  e= [ 0.48174636  0.48174636  0.48385606  0.48385606  0.49787555  0.519848  ]  max|de|= -2.06e-05  lindep= 0.888
root 0 converged  |r|= 4.41e-12  e= 0.481746362916  max|de|= -2.22e-15
root 1 converged  |r|= 4.41e-12  e= 0.481746362916  max|de|= 2.66e-15
davidson 4 28  |r|= 0.000166  e= [ 0.48174636  0.48174636  0.48385595  0.48385595  0.49788866  0.51986858]  max|de|= 2.06e-05  lindep= 0.836
root 2 converged  |r|= 9.82e-13  e= 0.483855924914  max|de|= -2.76e-08
root 3 converged  |r|= 9.82e-13  e= 0.483855924914  max|de|= -2.76e-08
root 4 converged  |r|= 1.6e-05  e= 0.497888626064  max|de|= -2.98e-08
davidson 5 32  |r|= 1.6e-05  e= [ 0.48174636  0.48174636  0.48385592  0.48385592  0.49788863  0.51986848]  max|de|= -1.06e-07  lindep=    1
Linear dependency in trial subspace. |r| for each state [0, 0, 9.8172404838614265e-13, 9.8173950530184658e-13, 1.5964934403000383e-05, 1.4528112951014124e-10]
IP root 0 E = 0.4817463629156067  qpwt = 0.92822
IP root 1 E = 0.481746362915604  qpwt = 0.92822
IP root 2 E = 0.483855924913819  qpwt = 0.92856
IP root 3 E = 0.4838559249138157  qpwt = 0.92856
IP root 4 E = 0.4978886260636273  qpwt = 0.929537
IP root 5 E = 0.5198684774043781  qpwt = 0.929291
    CPU time for IP-CCSD      0.74 sec, wall time      0.74 sec
    CPU time for EOM-CCSD shared one-electron intermediates      0.08 sec, wall time      0.08 sec
    CPU time for EOM-CCSD EA intermediates      7.02 sec, wall time      7.02 sec
tol 1e-07  toloose 0.000316228
max_cycle 100  max_space 38  max_memory 2000  incore True
davidson 0 6  |r|= 0.183  e= [ 0.01763825  0.08722152  0.08722152  0.16659454  0.17734775  0.17734775]  max|de|= 0.177  lindep=    1
davidson 1 12  |r|= 0.0238  e= [ 0.00220068  0.07433005  0.07433005  0.15406647  0.17224279  0.17224279]  max|de|= -0.0154  lindep= 0.946
davidson 2 18  |r|= 0.0118  e= [ 0.0007852   0.07367163  0.07367163  0.15354484  0.17219432  0.17219432]  max|de|= -0.00142  lindep= 0.905
davidson 3 24  |r|= 0.000929  e= [ 0.00073981  0.07364811  0.07364811  0.15353195  0.17219559  0.17219559]  max|de|= -4.54e-05  lindep= 0.914
root 4 converged  |r|= 3.48e-06  e= 0.172195668382  max|de|= 8.3e-08
root 5 converged  |r|= 3.48e-06  e= 0.172195668382  max|de|= 8.3e-08
davidson 4 30  |r|= 0.000278  e= [ 0.00074056  0.07364946  0.07364946  0.15353126  0.17219567  0.17219567]  max|de|= 1.35e-06  lindep= 0.88
root 1 converged  |r|= 1.33e-06  e= 0.0736493842046  max|de|= -7.27e-08
root 2 converged  |r|= 1.33e-06  e= 0.0736493842046  max|de|= -7.27e-08
davidson 5 34  |r|= 3.62e-05  e= [ 0.00074141  0.07364938  0.07364938  0.15353145  0.17219567  0.17219567]  max|de|= 8.49e-07  lindep= 0.782
root 0 converged  |r|= 3.62e-05  e= 0.000741408747337  max|de|= 1.44e-15
root 1 converged  |r|= 1.33e-06  e= 0.0736493842046  max|de|= 1.39e-17
root 2 converged  |r|= 1.33e-06  e= 0.0736493842046  max|de|= 4.16e-17
root 3 converged  |r|= 3.38e-05  e= 0.153531448118  max|de|= -2.22e-16
root 4 converged  |r|= 3.48e-06  e= 0.172195668382  max|de|= 2.5e-16
root 5 converged  |r|= 3.48e-06  e= 0.172195668382  max|de|= 4.44e-16
converge 6 6  |r|= 3.62e-05  e= [ 0.00074141  0.07364938  0.07364938  0.15353145  0.17219567  0.17219567]  max|de|= 1.44e-15
EA root 0 E = 0.0007414087473370372  qpwt = 0.994091
EA root 1 E = 0.07364938420461034  qpwt = 0.99463
EA root 2 E = 0.07364938420461192  qpwt = 0.99463
EA root 3 E = 0.1535314481181156  qpwt = 0.995814
EA root 4 E = 0.1721956683818746  qpwt = 0.996875
EA root 5 E = 0.172195668381878  qpwt = 0.996875
    CPU time for EA-CCSD     14.29 sec, wall time     14.30 sec
