

******** <class 'pyscf.scf.hf.RHF'> flags ********
method = RHF
initial guess = minao
damping factor = 0
level shift factor = 0
Do DIIS = True
DIIS start cycle = 1
DIIS space = 8
SCF tol = 1e-09
SCF gradient tol = None
max. SCF cycles = 50
direct_scf = True
direct_scf_tol = 1e-13
chkfile to save SCF result = /tmp/tmpOH_FuE
max_memory 4000 MB (current use 39 MB)
Set gradient conv threshold to 3.16228e-05
Nelec from initial guess = 9.99548
cond(S) = 1165.61049537
E_coul = 44.4186407266114
init E= -99.8712083211044
    CPU time for initialize scf      0.07 sec, wall time      0.23 sec
  HOMO = -0.663746472430192  LUMO = 0.0837996497790958
  mo_energy =
[-26.44586326  -1.78104567  -0.83014261  -0.66374647  -0.66374647
   0.08379965   0.519944     0.6073657    0.65407331   0.65407331
   0.83158998   0.91037723   0.91037723   1.43393925   2.13650668
   2.13650668   2.21309055   2.45854415   2.45854415   2.93751996
   3.43638532   3.43638532   3.56337175   3.56337175   3.82049389
   3.84250435   3.95264594   3.95264594   4.5694727    4.5694727
   5.02254398   5.60365608   7.26177998   7.26177998   7.46840008
   7.46840008   8.33945259   8.33945259   8.74916291   8.74916291
   9.16046359   9.18970018   9.18970018   9.64926912  58.25910013]
E_coul = 46.2698300203157
cycle= 1 E= -100.038252270676  delta_E= -0.167  |g|= 0.398  |ddm|= 0.74
    CPU time for cycle= 1      0.01 sec, wall time      0.01 sec
diis-norm(errvec)=1.03746
diis-c [-1.07631906  1.        ]
  HOMO = -0.577614940186591  LUMO = 0.118111540065506
  mo_energy =
[-26.0937197   -1.53627974  -0.71411348  -0.57761494  -0.57761494
   0.11811154   0.54929384   0.69790918   0.7243405    0.7243405
   0.88798577   0.88798577   0.89647655   1.42714521   2.19560128
   2.2657869    2.2657869    2.56562684   2.56562684   3.04920532
   3.5076968    3.5076968    3.5997122    3.5997122    3.79720053
   3.86600045   3.86600045   4.04123771   4.57317298   4.57317298
   5.06991988   5.60878069   7.47887675   7.47887675   7.66236523
   7.66236523   8.5039826    8.5039826    9.01240266   9.01240266
   9.30408159   9.43844095   9.43844095   9.86632006  58.59369562]
E_coul = 44.7483601676102
cycle= 2 E= -100.05900325697  delta_E= -0.0208  |g|= 0.226  |ddm|= 0.281
    CPU time for cycle= 2      0.00 sec, wall time      0.01 sec
diis-norm(errvec)=0.471055
diis-c [-0.0380352   0.29617439  0.70382561]
  HOMO = -0.657548669937458  LUMO = 0.122579334219953
  mo_energy =
[-26.32673123  -1.61115528  -0.77889625  -0.65754867  -0.65754867
   0.12257933   0.55363621   0.66592281   0.70083823   0.70083823
   0.87751465   0.89418364   0.89418364   1.42590592   2.20133241
   2.21794216   2.21794216   2.52347139   2.52347139   3.00228102
   3.52289203   3.52289203   3.5270296    3.5270296    3.80157185
   3.88656293   3.88656293   3.93877033   4.56817405   4.56817405
   5.03774764   5.60600915   7.39382611   7.39382611   7.58194577
   7.58194577   8.42744313   8.42744313   8.88613644   8.88613644
   9.23368529   9.31860943   9.31860943   9.75993441  58.37302473]
E_coul = 45.4553013283409
cycle= 3 E= -100.065131292245  delta_E= -0.00613  |g|= 0.0365  |ddm|= 0.0852
    CPU time for cycle= 3      0.01 sec, wall time      0.01 sec
diis-norm(errvec)=0.0862941
diis-c [-0.00301942  0.01309864  0.14297761  0.84392374]
  HOMO = -0.64664948104705  LUMO = 0.126841667529281
  mo_energy =
[-26.29009903  -1.59759285  -0.76655484  -0.64664948  -0.64664948
   0.12684167   0.56283746   0.66575542   0.70447029   0.70447029
   0.88143283   0.89969298   0.89969298   1.43389738   2.20994193
   2.22592509   2.22592509   2.53212514   2.53212514   3.01185098
   3.53663285   3.53663285   3.53763012   3.53763012   3.8154774
   3.89895057   3.89895057   3.94863575   4.57943328   4.57943328
   5.05413813   5.61986703   7.40569775   7.40569775   7.59446646
   7.59446646   8.444096     8.444096     8.90401722   8.90401722
   9.25285171   9.33341118   9.33341118   9.77452631  58.4076958 ]
E_coul = 45.3612831109981
cycle= 4 E= -100.065337103963  delta_E= -0.000206  |g|= 0.00621  |ddm|= 0.0171
    CPU time for cycle= 4      0.01 sec, wall time      0.01 sec
diis-norm(errvec)=0.0166564
diis-c [ -1.09351635e-04  -1.53303573e-02  -5.66381517e-02  -2.06217372e-01
   1.27818588e+00]
  HOMO = -0.647459380714374  LUMO = 0.12756362697152
  mo_energy =
[-26.29035412  -1.59772955  -0.7653482   -0.64745938  -0.64745938
   0.12756363   0.56418326   0.66565365   0.70419448   0.70419448
   0.88145695   0.90058115   0.90058115   1.4350967    2.21110699
   2.2259423    2.2259423    2.53248977   2.53248977   3.01274064
   3.53663051   3.53663051   3.53946486   3.53946486   3.8176171
   3.90153535   3.90153535   3.94888409   4.58075541   4.58075541
   5.05530736   5.62129717   7.40566891   7.40566891   7.59434899
   7.59434899   8.44385733   8.44385733   8.9039257    8.9039257
   9.25304979   9.33363989   9.33363989   9.77503491  58.40747628]
E_coul = 45.3625911816141
cycle= 5 E= -100.065353622462  delta_E= -1.65e-05  |g|= 0.00119  |ddm|= 0.00803
    CPU time for cycle= 5      0.01 sec, wall time      0.01 sec
diis-norm(errvec)=0.00327775
diis-c [ -2.10197024e-06   3.24018170e-03   7.77447568e-03   1.41855374e-02
  -3.13917562e-01   1.28871737e+00]
  HOMO = -0.647647273737271  LUMO = 0.127598411203409
  mo_energy =
[-26.29044414  -1.59775468  -0.76507873  -0.64764727  -0.64764727
   0.12759841   0.56417876   0.66565259   0.70408652   0.70408652
   0.88145678   0.90060909   0.90060909   1.43517145   2.21113275
   2.2259418    2.2259418    2.53244362   2.53244362   3.01271463
   3.53654813   3.53654813   3.5395088    3.5395088    3.81775292
   3.90164899   3.90164899   3.9488221    4.58077152   4.58077152
   5.05533912   5.62127203   7.40572527   7.40572527   7.59429401
   7.59429401   8.44378007   8.44378007   8.9039311    8.9039311
   9.2529756    9.33350136   9.33350136   9.77485938  58.40737832]
E_coul = 45.3624027440924
cycle= 6 E= -100.065354431927  delta_E= -8.09e-07  |g|= 0.000173  |ddm|= 0.0014
    CPU time for cycle= 6      0.00 sec, wall time      0.01 sec
diis-norm(errvec)=0.000451003
diis-c [ -2.55627054e-08  -6.30153464e-04  -1.26207908e-03  -2.24366878e-03
   7.08727540e-02  -4.03119203e-01   1.33638235e+00]
  HOMO = -0.647695519361486  LUMO = 0.127604143621365
  mo_energy =
[-26.29045191  -1.59777424  -0.76505375  -0.64769552  -0.64769552
   0.12760414   0.5641899    0.66564597   0.70406612   0.70406612
   0.88145127   0.9006139    0.9006139    1.43518709   2.21114114
   2.22592395   2.22592395   2.53242726   2.53242726   3.01270454
   3.53652645   3.53652645   3.53952004   3.53952004   3.817775     3.9016687
   3.9016687    3.94880069   4.58077356   4.58077356   5.0553439
   5.62126809   7.40570707   7.40570707   7.59426949   7.59426949
   8.44375927   8.44375927   8.90391073   8.90391073   9.2529576
   9.33347193   9.33347193   9.77482858  58.407371  ]
E_coul = 45.3623305695376
cycle= 7 E= -100.065354450147  delta_E= -1.82e-08  |g|= 1.88e-05  |ddm|= 0.000263
    CPU time for cycle= 7      0.01 sec, wall time      0.01 sec
diis-norm(errvec)=4.49356e-05
diis-c [ -2.12853346e-10   1.24216905e-04   2.63939018e-04   1.39818142e-04
  -1.22895636e-02   7.52069050e-02  -2.99310029e-01   1.23586471e+00]
  HOMO = -0.647693248433158  LUMO = 0.127606434611597
  mo_energy =
[-26.2904408   -1.59777071  -0.76504524  -0.64769325  -0.64769325
   0.12760643   0.56419332   0.6656456    0.70406575   0.70406575
   0.88145195   0.9006165    0.9006165    1.43519087   2.21114456
   2.22592562   2.22592562   2.53242969   2.53242969   3.01270826
   3.5365298    3.5365298    3.53952555   3.53952555   3.81778171
   3.90167528   3.90167528   3.94880334   4.58077805   4.58077805
   5.05534981   5.62127234   7.40571      7.40571      7.59427251
   7.59427251   8.44376326   8.44376326   8.90391586   8.90391586
   9.25296217   9.33347651   9.33347651   9.77483296  58.40738115]
E_coul = 45.3623087711096
cycle= 8 E= -100.065354450262  delta_E= -1.15e-10  |g|= 1.71e-06  |ddm|= 2.62e-05
    CPU time for cycle= 8      0.01 sec, wall time      0.01 sec
  HOMO = -0.64769282335949  LUMO = 0.127606577834554
  mo_energy =
[-26.29043977  -1.59777033  -0.76504504  -0.64769282  -0.64769282
   0.12760658   0.56419371   0.66564575   0.70406599   0.70406599
   0.88145217   0.90061662   0.90061662   1.43519112   2.2111448
   2.22592606   2.22592606   2.53243011   2.53243011   3.01270871
   3.53653035   3.53653035   3.53952578   3.53952578   3.81778192
   3.90167541   3.90167541   3.94880391   4.58077836   4.58077836
   5.05535025   5.62127265   7.40571066   7.40571066   7.59427317
   7.59427317   8.44376389   8.44376389   8.90391663   8.90391663
   9.25296273   9.33347731   9.33347731   9.7748337   58.40738218]
    CPU time for scf_cycle      0.13 sec, wall time      0.30 sec
    CPU time for SCF      0.13 sec, wall time      0.30 sec
converged SCF energy = -100.065354450262
RHF E = -100.06535445
RHF eps = [-26.29043977  -1.59777033  -0.76504504  -0.64769282  -0.64769282
   0.12760658   0.56419371   0.66564575   0.70406599   0.70406599
   0.88145217   0.90061662   0.90061662   1.43519112   2.2111448
   2.22592606   2.22592606   2.53243011   2.53243011   3.01270871
   3.53653035   3.53653035   3.53952578   3.53952578   3.81778192
   3.90167541   3.90167541   3.94880391   4.58077836   4.58077836
   5.05535025   5.62127265   7.40571066   7.40571066   7.59427317
   7.59427317   8.44376389   8.44376389   8.90391663   8.90391663
   9.25296273   9.33347731   9.33347731   9.7748337   58.40738218]
    CPU time for CCSD integral transformation      0.34 sec, wall time      0.35 sec

******** <class 'pyscf.cc.rccsd_slow.RCCSD'> flags ********
CCSD nocc = 4, nvir = 40
frozen orbitals [0]
max_cycle = 100
direct = 0
conv_tol = 1e-07
conv_tol_normt = 1e-05
diis_space = 6
diis_start_cycle = 0
diis_start_energy_diff = 1e+09
Init t2, MP2 energy = -0.27049864768948
    CPU time for init mp2      0.00 sec, wall time      0.00 sec
    CPU time for update t1 t2      0.05 sec, wall time      0.05 sec
istep = 0  E(CCSD) = -0.270436345227418  dE = -0.270436345  norm(t1,t2) = 0.0206268
    CPU time for CCSD iter      0.05 sec, wall time      0.05 sec
    CPU time for update t1 t2      0.05 sec, wall time      0.05 sec
DIIS for step 1
istep = 1  E(CCSD) = -0.272160463620683  dE = -0.00172411839  norm(t1,t2) = 0.00743955
    CPU time for CCSD iter      0.06 sec, wall time      0.05 sec
    CPU time for update t1 t2      0.05 sec, wall time      0.05 sec
diis-c [ -4.98676026e-06   1.00000000e+00]
DIIS for step 2
istep = 2  E(CCSD) = -0.272369582247923  dE = -0.000209118627  norm(t1,t2) = 0.00273821
    CPU time for CCSD iter      0.05 sec, wall time      0.05 sec
    CPU time for update t1 t2      0.05 sec, wall time      0.05 sec
diis-c [ -3.14224835e-07  -2.16758323e-01   1.21675832e+00]
DIIS for step 3
istep = 3  E(CCSD) = -0.272533064915667  dE = -0.000163482668  norm(t1,t2) = 0.000959386
    CPU time for CCSD iter      0.05 sec, wall time      0.05 sec
    CPU time for update t1 t2      0.05 sec, wall time      0.05 sec
diis-c [ -6.87383800e-09  -1.36283586e-01   1.32872968e-01   1.00341062e+00]
DIIS for step 4
istep = 4  E(CCSD) = -0.272556727627688  dE = -2.3662712e-05  norm(t1,t2) = 0.00028602
    CPU time for CCSD iter      0.06 sec, wall time      0.05 sec
    CPU time for update t1 t2      0.05 sec, wall time      0.05 sec
diis-c [ -2.27574293e-10   6.82253512e-02  -7.52337468e-02  -5.03640187e-01
   1.51064858e+00]
DIIS for step 5
istep = 5  E(CCSD) = -0.272553193618167  dE = 3.53400952e-06  norm(t1,t2) = 4.37956e-05
    CPU time for CCSD iter      0.05 sec, wall time      0.05 sec
    CPU time for update t1 t2      0.05 sec, wall time      0.05 sec
diis-c [ -2.68819689e-11   1.28282125e-02  -1.20669479e-02  -1.01412294e-01
   1.49810560e-01   9.50840469e-01]
DIIS for step 6
istep = 6  E(CCSD) = -0.272553462285463  dE = -2.68667295e-07  norm(t1,t2) = 7.9398e-06
    CPU time for CCSD iter      0.05 sec, wall time      0.05 sec
    CPU time for update t1 t2      0.06 sec, wall time      0.05 sec
diis-c [ -1.06320508e-12  -8.60053303e-03   9.44462673e-03   6.23691041e-02
  -1.25432094e-01  -4.58933629e-01   1.52115253e+00]
DIIS for step 7
istep = 7  E(CCSD) = -0.272553611128756  dE = -1.48843293e-07  norm(t1,t2) = 2.84101e-06
    CPU time for CCSD iter      0.06 sec, wall time      0.05 sec
    CPU time for update t1 t2      0.05 sec, wall time      0.05 sec
diis-c [ -6.21724894e-14   1.05491329e+00   2.40602395e-05   1.67310995e-04
   2.00550592e-03  -4.21093803e-02  -1.50007904e-02]
DIIS for step 8
istep = 8  E(CCSD) = -0.272553569889361  dE = 4.12393951e-08  norm(t1,t2) = 4.74727e-07
    CPU time for CCSD iter      0.05 sec, wall time      0.05 sec
    CPU time for CCSD      0.48 sec, wall time      0.48 sec
CCSD converged
E(CC2) = -100.3379080201514  E_corr = -0.272553569889361
    CPU time for EOM-CCSD shared one-electron intermediates      0.01 sec, wall time      0.00 sec
    CPU time for EOM-CCSD IP intermediates      0.00 sec, wall time      0.01 sec
tol 1e-07  toloose 0.000316228
max_cycle 100  max_space 35  max_memory 2000  incore True
davidson 0 5  |r|= 0.554  e= [  0.72874891   0.72874891   0.84983965   1.65029204  59.70276819]  max|de|= 59.7  lindep=    1
davidson 1 10  |r|= 0.227  e= [  0.56999934   0.56999934   0.71786111   1.52655434  59.70276762]  max|de|= -0.159  lindep= 1.16e-06
davidson 2 15  |r|= 0.0428  e= [  0.57019404   0.57019404   0.71784133   1.45823966  59.70276876]  max|de|= -0.0683  lindep= 0.496
root 0 converged  |r|= 6.13e-14  e= 0.57019405028  max|de|= 6.27e-09
root 1 converged  |r|= 6.3e-14  e= 0.57019405028  max|de|= 6.27e-09
davidson 3 19  |r|= 0.000453  e= [  0.57019405   0.57019405   0.7178208    1.46162354  59.70276762]  max|de|= 0.00338  lindep= 0.00018
root 2 converged  |r|= 4.53e-08  e= 0.717820800779  max|de|= -2.11e-10
root 4 converged  |r|= 1.16e-07  e= 59.7027676218  max|de|= -1.21e-13
davidson 4 21  |r|= 2.42e-07  e= [  0.57019405   0.57019405   0.7178208    1.4616151   59.70276762]  max|de|= -8.44e-06  lindep= 0.852
davidson 5 22  |r|= 1.2e-07  e= [  0.57019405   0.57019405   0.7178208   59.70276876   1.4616151 ]  max|de|= 58.2  lindep= 2.91e-05
root 3 converged  |r|= 7.76e-05  e= 59.7027687553  max|de|= 8.96e-11
converge 6 23  |r|= 7.76e-05  e= [  0.57019405   0.57019405   0.7178208   59.70276876   1.4616151 ]  max|de|= 8.96e-11
IP root 0 E = 0.570194050280096  qpwt = 0.951425
IP root 1 E = 0.5701940502800994  qpwt = 0.951425
IP root 2 E = 0.7178208011012643  qpwt = 0.95753
IP root 3 E = 59.70276875528934  qpwt = 1.7796e-08
IP root 4 E = 1.461615100868564  qpwt = 0.687614
    CPU time for IP-CCSD      0.05 sec, wall time      0.05 sec
    CPU time for EOM-CCSD shared one-electron intermediates      0.00 sec, wall time      0.00 sec
    CPU time for EOM-CCSD EA intermediates      0.23 sec, wall time      0.22 sec
tol 1e-07  toloose 0.000316228
max_cycle 100  max_space 38  max_memory 2000  incore True
davidson 0 6  |r|= 0.376  e= [ 0.13560702  0.58109059  0.67511214  0.72510177  0.72510177  0.88795777]  max|de|= 0.888  lindep=    1
davidson 1 12  |r|= 0.0498  e= [ 0.11446502  0.52826451  0.63931053  0.68255718  0.68255718  0.8465595 ]  max|de|= -0.0528  lindep= 0.914
davidson 2 18  |r|= 0.0115  e= [ 0.11429109  0.52682391  0.63860954  0.6815003   0.6815003   0.84547506]  max|de|= -0.00144  lindep= 0.931
davidson 3 24  |r|= 0.00132  e= [ 0.11427937  0.5267155   0.63858539  0.68149069  0.68149069  0.8455266 ]  max|de|= -0.000108  lindep= 0.595
davidson 4 30  |r|= 0.000568  e= [ 0.11427875  0.52671448  0.63858619  0.6814782   0.6814782   0.84552647]  max|de|= -1.25e-05  lindep= 0.891
root 0 converged  |r|= 4.66e-07  e= 0.11427872499  max|de|= -2.3e-08
davidson 5 36  |r|= 1.88e-05  e= [ 0.11427872  0.52671347  0.63858631  0.68148037  0.68148037  0.8455263 ]  max|de|= 2.18e-06  lindep= 0.655
root 0 converged  |r|= 4.66e-07  e= 0.11427872499  max|de|= 8.47e-16
root 1 converged  |r|= 3.64e-06  e= 0.526713470714  max|de|= -5.55e-16
root 2 converged  |r|= 1.45e-06  e= 0.638586309205  max|de|= 7.77e-16
root 3 converged  |r|= 1.88e-05  e= 0.681480374807  max|de|= -1.67e-15
root 4 converged  |r|= 1.88e-05  e= 0.681480374807  max|de|= -5.55e-16
root 5 converged  |r|= 4.6e-06  e= 0.845526303533  max|de|= 1.44e-15
converge 6 6  |r|= 1.88e-05  e= [ 0.11427872  0.52671347  0.63858631  0.68148037  0.68148037  0.8455263 ]  max|de|= -1.67e-15
EA root 0 E = 0.114278724989933  qpwt = 0.995173
EA root 1 E = 0.5267134707136581  qpwt = 0.985541
EA root 2 E = 0.6385863092048449  qpwt = 0.989904
EA root 3 E = 0.681480374807437  qpwt = 0.989721
EA root 4 E = 0.6814803748074342  qpwt = 0.989721
EA root 5 E = 0.8455263035333651  qpwt = 0.985181
    CPU time for EA-CCSD      0.41 sec, wall time      0.41 sec
