

******** <class 'pyscf.scf.hf.RHF'> flags ********
method = RHF
initial guess = minao
damping factor = 0
level shift factor = 0
Do DIIS = True
DIIS start cycle = 1
DIIS space = 8
SCF tol = 1e-09
SCF gradient tol = None
max. SCF cycles = 50
direct_scf = True
direct_scf_tol = 1e-13
chkfile to save SCF result = /tmp/tmpsPWiAw
max_memory 4000 MB (current use 39 MB)
Set gradient conv threshold to 3.16228e-05
Nelec from initial guess = 35.9938
cond(S) = 871.860061279
E_coul = 868.387246814024
init E= -2076.7485778814
    CPU time for initialize scf      1.56 sec, wall time      1.57 sec
  HOMO = -0.386406060255724  LUMO = 0.108796266564874
  mo_energy =
[ -4.04984026e+02  -5.19890258e+01  -4.60591419e+01  -4.60591419e+01
  -4.60591419e+01  -7.13473023e+00  -5.09224202e+00  -5.09224202e+00
  -5.09224202e+00  -1.56562070e+00  -1.56562070e+00  -1.56562070e+00
  -1.56080531e+00  -1.56080531e+00  -8.48974440e-01  -3.86406060e-01
  -3.86406060e-01  -3.86406060e-01   1.08796267e-01   1.29697789e-01
   1.29697789e-01   1.29697789e-01   2.84889856e-01   2.84889856e-01
   3.03756033e-01   3.03756033e-01   3.03756033e-01   3.84174929e-01
   4.86313531e-01   4.86313531e-01   4.86313531e-01   5.47325038e-01
   6.42663323e-01   6.42663323e-01   6.42663323e-01   8.07530712e-01
   8.07530712e-01   8.07530712e-01   9.96695479e-01   9.96695479e-01
   9.96695479e-01   1.00464001e+00   1.00464001e+00   1.19616475e+00
   1.19616475e+00   1.19616475e+00   1.33520378e+00   1.33520378e+00
   1.35425568e+00   1.50525723e+00   1.50525723e+00   1.50525723e+00
   1.58861803e+00   1.58861803e+00   1.58861803e+00   1.70830782e+00
   1.75930161e+00   1.75930161e+00   1.75930161e+00   2.67930404e+00
   2.67930404e+00   2.67930404e+00   2.82498515e+00   2.97859042e+00
   2.97859042e+00   3.06565619e+00   3.06565619e+00   3.06565619e+00
   3.39438958e+00   3.39438958e+00   3.39438958e+00   3.44321701e+00
   3.44321701e+00   3.62816306e+00   3.62816306e+00   3.62816306e+00
   3.82864256e+00   3.82864256e+00   3.82864256e+00   3.90357967e+00
   3.90357967e+00   3.91618680e+00   3.92649808e+00   3.92649808e+00
   3.92649808e+00   4.11373392e+00   4.11373392e+00   4.11373392e+00
   4.16961517e+00   4.16961517e+00   4.16961517e+00   4.40543238e+00
   4.40543238e+00   4.47306237e+00   4.47306237e+00   4.47306237e+00
   4.62230751e+00   4.88586899e+00   4.88586899e+00   4.88586899e+00
   5.50488791e+00   5.50488791e+00   5.50488791e+00   7.08470369e+00]
E_coul = 862.030532921716
cycle= 1 E= -2077.65814362116  delta_E= -0.91  |g|= 0.329  |ddm|= 1.36
    CPU time for cycle= 1      0.09 sec, wall time      0.08 sec
diis-norm(errvec)=0.688876
diis-c [-0.47454986  1.        ]
  HOMO = -0.488248213245553  LUMO = 0.136068932153434
  mo_energy =
[ -4.05398660e+02  -5.22927319e+01  -4.63819342e+01  -4.63819342e+01
  -4.63819342e+01  -7.27706130e+00  -5.24875030e+00  -5.24875030e+00
  -5.24875030e+00  -1.71660544e+00  -1.71660544e+00  -1.71660544e+00
  -1.71355703e+00  -1.71355703e+00  -7.66847401e-01  -4.88248213e-01
  -4.88248213e-01  -4.88248213e-01   1.36068932e-01   1.48633993e-01
   1.48633993e-01   1.48633993e-01   2.80501284e-01   2.80501284e-01
   2.98850882e-01   2.98850882e-01   2.98850882e-01   4.16111171e-01
   4.84753307e-01   4.84753307e-01   4.84753307e-01   5.50135443e-01
   6.52403603e-01   6.52403603e-01   6.52403603e-01   8.10132290e-01
   8.10132290e-01   8.10132290e-01   9.92245864e-01   9.92245864e-01
   1.00007656e+00   1.00007656e+00   1.00007656e+00   1.18537147e+00
   1.18537147e+00   1.18537147e+00   1.33860830e+00   1.33860830e+00
   1.35517593e+00   1.50075419e+00   1.50075419e+00   1.50075419e+00
   1.57839093e+00   1.57839093e+00   1.57839093e+00   1.69074902e+00
   1.74867743e+00   1.74867743e+00   1.74867743e+00   2.69226262e+00
   2.69226262e+00   2.69226262e+00   2.85037960e+00   2.92144463e+00
   2.92144463e+00   3.02594873e+00   3.02594873e+00   3.02594873e+00
   3.41589018e+00   3.41589018e+00   3.41589018e+00   3.46174061e+00
   3.46174061e+00   3.64803632e+00   3.64803632e+00   3.64803632e+00
   3.84840675e+00   3.84840675e+00   3.84840675e+00   3.92780871e+00
   3.92780871e+00   3.92821733e+00   3.95333054e+00   3.95333054e+00
   3.95333054e+00   4.13189229e+00   4.13189229e+00   4.13189229e+00
   4.18517023e+00   4.18517023e+00   4.18517023e+00   4.42564746e+00
   4.42564746e+00   4.47556837e+00   4.47556837e+00   4.47556837e+00
   4.63461328e+00   4.86919975e+00   4.86919975e+00   4.86919975e+00
   5.45704788e+00   5.45704788e+00   5.45704788e+00   7.00034675e+00]
E_coul = 867.460047585755
cycle= 2 E= -2077.67460085462  delta_E= -0.0165  |g|= 0.228  |ddm|= 0.246
    CPU time for cycle= 2      0.08 sec, wall time      0.08 sec
diis-norm(errvec)=0.318273
diis-c [-0.06390503  0.23180796  0.76819204]
  HOMO = -0.474040651006671  LUMO = 0.147339228573907
  mo_energy =
[ -4.05175703e+02  -5.20941551e+01  -4.61799743e+01  -4.61799743e+01
  -4.61799743e+01  -7.15964150e+00  -5.13496560e+00  -5.13496560e+00
  -5.13496560e+00  -1.61015390e+00  -1.61015390e+00  -1.61015390e+00
  -1.60651712e+00  -1.60651712e+00  -7.43475181e-01  -4.74040651e-01
  -4.74040651e-01  -4.74040651e-01   1.47339229e-01   1.60325536e-01
   1.60325536e-01   1.60325536e-01   2.91445570e-01   2.91445570e-01
   3.04057449e-01   3.04057449e-01   3.04057449e-01   4.26679807e-01
   4.97391590e-01   4.97391590e-01   4.97391590e-01   5.65138851e-01
   6.65162519e-01   6.65162519e-01   6.65162519e-01   8.21760827e-01
   8.21760827e-01   8.21760827e-01   1.01075078e+00   1.01075078e+00
   1.01139492e+00   1.01139492e+00   1.01139492e+00   1.20344360e+00
   1.20344360e+00   1.20344360e+00   1.35126357e+00   1.35126357e+00
   1.36923098e+00   1.51693246e+00   1.51693246e+00   1.51693246e+00
   1.59728388e+00   1.59728388e+00   1.59728388e+00   1.71416953e+00
   1.77183189e+00   1.77183189e+00   1.77183189e+00   2.71466431e+00
   2.71466431e+00   2.71466431e+00   2.86641206e+00   2.96980027e+00
   2.96980027e+00   3.06627167e+00   3.06627167e+00   3.06627167e+00
   3.43095726e+00   3.43095726e+00   3.43095726e+00   3.47716723e+00
   3.47716723e+00   3.66322581e+00   3.66322581e+00   3.66322581e+00
   3.86884910e+00   3.86884910e+00   3.86884910e+00   3.94768246e+00
   3.94768246e+00   3.95659207e+00   3.97177239e+00   3.97177239e+00
   3.97177239e+00   4.15068020e+00   4.15068020e+00   4.15068020e+00
   4.19858980e+00   4.19858980e+00   4.19858980e+00   4.43815734e+00
   4.43815734e+00   4.50070538e+00   4.50070538e+00   4.50070538e+00
   4.65281463e+00   4.90240670e+00   4.90240670e+00   4.90240670e+00
   5.50584585e+00   5.50584585e+00   5.50584585e+00   7.07223043e+00]
E_coul = 864.862242980709
cycle= 3 E= -2077.6782321815  delta_E= -0.00363  |g|= 0.0711  |ddm|= 0.115
    CPU time for cycle= 3      0.08 sec, wall time      0.08 sec
diis-norm(errvec)=0.112312
diis-c [-0.00173283 -0.13795897  0.10041244  1.03754654]
  HOMO = -0.472863692801988  LUMO = 0.150377677017051
  mo_energy =
[ -4.05225447e+02  -5.21334415e+01  -4.62210918e+01  -4.62210918e+01
  -4.62210918e+01  -7.17541022e+00  -5.15108827e+00  -5.15108827e+00
  -5.15108827e+00  -1.62527029e+00  -1.62527029e+00  -1.62527029e+00
  -1.62156136e+00  -1.62156136e+00  -7.38872641e-01  -4.72863693e-01
  -4.72863693e-01  -4.72863693e-01   1.50377677e-01   1.63524561e-01
   1.63524561e-01   1.63524561e-01   2.94131293e-01   2.94131293e-01
   3.04923258e-01   3.04923258e-01   3.04923258e-01   4.30183945e-01
   4.99163495e-01   4.99163495e-01   4.99163495e-01   5.67222604e-01
   6.67816359e-01   6.67816359e-01   6.67816359e-01   8.25863309e-01
   8.25863309e-01   8.25863309e-01   1.01304352e+00   1.01304352e+00
   1.01488963e+00   1.01488963e+00   1.01488963e+00   1.20570343e+00
   1.20570343e+00   1.20570343e+00   1.35481023e+00   1.35481023e+00
   1.37282833e+00   1.52004322e+00   1.52004322e+00   1.52004322e+00
   1.60030709e+00   1.60030709e+00   1.60030709e+00   1.71588943e+00
   1.77449016e+00   1.77449016e+00   1.77449016e+00   2.72130196e+00
   2.72130196e+00   2.72130196e+00   2.87481952e+00   2.96763556e+00
   2.96763556e+00   3.06648933e+00   3.06648933e+00   3.06648933e+00
   3.43869328e+00   3.43869328e+00   3.43869328e+00   3.48444878e+00
   3.48444878e+00   3.67068976e+00   3.67068976e+00   3.67068976e+00
   3.87721106e+00   3.87721106e+00   3.87721106e+00   3.95665286e+00
   3.95665286e+00   3.96423893e+00   3.98131963e+00   3.98131963e+00
   3.98131963e+00   4.15883465e+00   4.15883465e+00   4.15883465e+00
   4.20557483e+00   4.20557483e+00   4.20557483e+00   4.44598864e+00
   4.44598864e+00   4.50650700e+00   4.50650700e+00   4.50650700e+00
   4.66007537e+00   4.90565597e+00   4.90565597e+00   4.90565597e+00
   5.50519234e+00   5.50519234e+00   5.50519234e+00   7.06621693e+00]
E_coul = 865.461555278535
cycle= 4 E= -2077.67875326457  delta_E= -0.000521  |g|= 0.00438  |ddm|= 0.0383
    CPU time for cycle= 4      0.09 sec, wall time      0.08 sec
diis-norm(errvec)=0.00863958
diis-c [ -3.31900357e-05  -2.22685876e-03  -2.18357900e-02  -3.49201524e-02
   1.05898280e+00]
  HOMO = -0.474210023498333  LUMO = 0.149892903132615
  mo_energy =
[ -4.05225045e+02  -5.21339881e+01  -4.62214834e+01  -4.62214834e+01
  -4.62214834e+01  -7.17832802e+00  -5.15402394e+00  -5.15402394e+00
  -5.15402394e+00  -1.62830189e+00  -1.62830189e+00  -1.62830189e+00
  -1.62454755e+00  -1.62454755e+00  -7.40132462e-01  -4.74210023e-01
  -4.74210023e-01  -4.74210023e-01   1.49892903e-01   1.62813002e-01
   1.62813002e-01   1.62813002e-01   2.93324583e-01   2.93324583e-01
   3.04538571e-01   3.04538571e-01   3.04538571e-01   4.29330969e-01
   4.98234722e-01   4.98234722e-01   4.98234722e-01   5.66233438e-01
   6.66818877e-01   6.66818877e-01   6.66818877e-01   8.25028018e-01
   8.25028018e-01   8.25028018e-01   1.01152708e+00   1.01152708e+00
   1.01422192e+00   1.01422192e+00   1.01422192e+00   1.20425243e+00
   1.20425243e+00   1.20425243e+00   1.35402500e+00   1.35402500e+00
   1.37185042e+00   1.51864270e+00   1.51864270e+00   1.51864270e+00
   1.59836034e+00   1.59836034e+00   1.59836034e+00   1.71392544e+00
   1.77284538e+00   1.77284538e+00   1.77284538e+00   2.72061803e+00
   2.72061803e+00   2.72061803e+00   2.87450025e+00   2.96485422e+00
   2.96485422e+00   3.06420186e+00   3.06420186e+00   3.06420186e+00
   3.43824216e+00   3.43824216e+00   3.43824216e+00   3.48400677e+00
   3.48400677e+00   3.67021432e+00   3.67021432e+00   3.67021432e+00
   3.87635864e+00   3.87635864e+00   3.87635864e+00   3.95573523e+00
   3.95573523e+00   3.96300374e+00   3.98078415e+00   3.98078415e+00
   3.98078415e+00   4.15860493e+00   4.15860493e+00   4.15860493e+00
   4.20529139e+00   4.20529139e+00   4.20529139e+00   4.44604718e+00
   4.44604718e+00   4.50579056e+00   4.50579056e+00   4.50579056e+00
   4.65976711e+00   4.90454507e+00   4.90454507e+00   4.90454507e+00
   5.50310708e+00   5.50310708e+00   5.50310708e+00   7.06350574e+00]
E_coul = 865.440912928312
cycle= 5 E= -2077.67875790316  delta_E= -4.64e-06  |g|= 0.000737  |ddm|= 0.00451
    CPU time for cycle= 5      0.08 sec, wall time      0.08 sec
diis-norm(errvec)=0.00178237
diis-c [ -6.10886640e-07   3.57015211e-03   5.17958402e-03  -1.68272925e-02
  -2.80376460e-01   1.28845402e+00]
  HOMO = -0.474182681142821  LUMO = 0.149870201190934
  mo_energy =
[ -4.05225568e+02  -5.21343391e+01  -4.62218475e+01  -4.62218475e+01
  -4.62218475e+01  -7.17833231e+00  -5.15399690e+00  -5.15399690e+00
  -5.15399690e+00  -1.62828760e+00  -1.62828760e+00  -1.62828760e+00
  -1.62451720e+00  -1.62451720e+00  -7.40101030e-01  -4.74182681e-01
  -4.74182681e-01  -4.74182681e-01   1.49870201e-01   1.62832316e-01
   1.62832316e-01   1.62832316e-01   2.93345166e-01   2.93345166e-01
   3.04542323e-01   3.04542323e-01   3.04542323e-01   4.29318167e-01
   4.98252863e-01   4.98252863e-01   4.98252863e-01   5.66224356e-01
   6.66823578e-01   6.66823578e-01   6.66823578e-01   8.25028669e-01
   8.25028669e-01   8.25028669e-01   1.01155330e+00   1.01155330e+00
   1.01422714e+00   1.01422714e+00   1.01422714e+00   1.20427754e+00
   1.20427754e+00   1.20427754e+00   1.35403548e+00   1.35403548e+00
   1.37188369e+00   1.51867330e+00   1.51867330e+00   1.51867330e+00
   1.59839673e+00   1.59839673e+00   1.59839673e+00   1.71395191e+00
   1.77288535e+00   1.77288535e+00   1.77288535e+00   2.72063931e+00
   2.72063931e+00   2.72063931e+00   2.87451234e+00   2.96490856e+00
   2.96490856e+00   3.06424353e+00   3.06424353e+00   3.06424353e+00
   3.43825478e+00   3.43825478e+00   3.43825478e+00   3.48401952e+00
   3.48401952e+00   3.67022568e+00   3.67022568e+00   3.67022568e+00
   3.87638426e+00   3.87638426e+00   3.87638426e+00   3.95575619e+00
   3.95575619e+00   3.96303994e+00   3.98079774e+00   3.98079774e+00
   3.98079774e+00   4.15862566e+00   4.15862566e+00   4.15862566e+00
   4.20531505e+00   4.20531505e+00   4.20531505e+00   4.44606394e+00
   4.44606394e+00   4.50582027e+00   4.50582027e+00   4.50582027e+00
   4.65980185e+00   4.90458679e+00   4.90458679e+00   4.90458679e+00
   5.50314800e+00   5.50314800e+00   5.50314800e+00   7.06353218e+00]
E_coul = 865.444573324608
cycle= 6 E= -2077.67875811904  delta_E= -2.16e-07  |g|= 0.000122  |ddm|= 0.00152
    CPU time for cycle= 6      0.09 sec, wall time      0.08 sec
diis-norm(errvec)=0.000229363
diis-c [ -3.74897596e-09  -7.87988352e-04  -8.54147491e-04   5.47613524e-03
   2.89505236e-02  -2.32541858e-01   1.19975733e+00]
  HOMO = -0.47418973496665  LUMO = 0.149864728458719
  mo_energy =
[ -4.05225488e+02  -5.21342861e+01  -4.62217914e+01  -4.62217914e+01
  -4.62217914e+01  -7.17832984e+00  -5.15399578e+00  -5.15399578e+00
  -5.15399578e+00  -1.62828811e+00  -1.62828811e+00  -1.62828811e+00
  -1.62451659e+00  -1.62451659e+00  -7.40115325e-01  -4.74189735e-01
  -4.74189735e-01  -4.74189735e-01   1.49864728e-01   1.62830498e-01
   1.62830498e-01   1.62830498e-01   2.93343551e-01   2.93343551e-01
   3.04543604e-01   3.04543604e-01   3.04543604e-01   4.29316521e-01
   4.98247548e-01   4.98247548e-01   4.98247548e-01   5.66218582e-01
   6.66819233e-01   6.66819233e-01   6.66819233e-01   8.25027663e-01
   8.25027663e-01   8.25027663e-01   1.01154621e+00   1.01154621e+00
   1.01422850e+00   1.01422850e+00   1.01422850e+00   1.20427200e+00
   1.20427200e+00   1.20427200e+00   1.35403462e+00   1.35403462e+00
   1.37188370e+00   1.51866787e+00   1.51866787e+00   1.51866787e+00
   1.59838664e+00   1.59838664e+00   1.59838664e+00   1.71394133e+00
   1.77288098e+00   1.77288098e+00   1.77288098e+00   2.72064666e+00
   2.72064666e+00   2.72064666e+00   2.87452248e+00   2.96489781e+00
   2.96489781e+00   3.06423671e+00   3.06423671e+00   3.06423671e+00
   3.43826187e+00   3.43826187e+00   3.43826187e+00   3.48402644e+00
   3.48402644e+00   3.67023236e+00   3.67023236e+00   3.67023236e+00
   3.87639137e+00   3.87639137e+00   3.87639137e+00   3.95576259e+00
   3.95576259e+00   3.96304606e+00   3.98080776e+00   3.98080776e+00
   3.98080776e+00   4.15863827e+00   4.15863827e+00   4.15863827e+00
   4.20532381e+00   4.20532381e+00   4.20532381e+00   4.44607632e+00
   4.44607632e+00   4.50582868e+00   4.50582868e+00   4.50582868e+00
   4.65981365e+00   4.90459283e+00   4.90459283e+00   4.90459283e+00
   5.50314650e+00   5.50314650e+00   5.50314650e+00   7.06352768e+00]
E_coul = 865.443834728583
cycle= 7 E= -2077.67875812216  delta_E= -3.12e-09  |g|= 7.42e-06  |ddm|= 0.00025
    CPU time for cycle= 7      0.08 sec, wall time      0.09 sec
diis-norm(errvec)=1.48872e-05
diis-c [ -1.71639369e-11   8.76552836e-05   6.56546803e-05  -6.00767589e-04
  -1.81176259e-03   2.19369359e-02  -1.78899279e-01   1.15922156e+00]
  HOMO = -0.474188669036269  LUMO = 0.149864099393778
  mo_energy =
[ -4.05225485e+02  -5.21342827e+01  -4.62217878e+01  -4.62217878e+01
  -4.62217878e+01  -7.17832716e+00  -5.15399287e+00  -5.15399287e+00
  -5.15399287e+00  -1.62828511e+00  -1.62828511e+00  -1.62828511e+00
  -1.62451353e+00  -1.62451353e+00  -7.40114921e-01  -4.74188669e-01
  -4.74188669e-01  -4.74188669e-01   1.49864099e-01   1.62830377e-01
   1.62830377e-01   1.62830377e-01   2.93343720e-01   2.93343720e-01
   3.04543361e-01   3.04543361e-01   3.04543361e-01   4.29316027e-01
   4.98247561e-01   4.98247561e-01   4.98247561e-01   5.66218513e-01
   6.66819122e-01   6.66819122e-01   6.66819122e-01   8.25027424e-01
   8.25027424e-01   8.25027424e-01   1.01154637e+00   1.01154637e+00
   1.01422822e+00   1.01422822e+00   1.01422822e+00   1.20427215e+00
   1.20427215e+00   1.20427215e+00   1.35403447e+00   1.35403447e+00
   1.37188370e+00   1.51866801e+00   1.51866801e+00   1.51866801e+00
   1.59838693e+00   1.59838693e+00   1.59838693e+00   1.71394169e+00
   1.77288131e+00   1.77288131e+00   1.77288131e+00   2.72064630e+00
   2.72064630e+00   2.72064630e+00   2.87452179e+00   2.96489906e+00
   2.96489906e+00   3.06423751e+00   3.06423751e+00   3.06423751e+00
   3.43826131e+00   3.43826131e+00   3.43826131e+00   3.48402591e+00
   3.48402591e+00   3.67023181e+00   3.67023181e+00   3.67023181e+00
   3.87639098e+00   3.87639098e+00   3.87639098e+00   3.95576213e+00
   3.95576213e+00   3.96304598e+00   3.98080707e+00   3.98080707e+00
   3.98080707e+00   4.15863769e+00   4.15863769e+00   4.15863769e+00
   4.20532334e+00   4.20532334e+00   4.20532334e+00   4.44607561e+00
   4.44607561e+00   4.50582854e+00   4.50582854e+00   4.50582854e+00
   4.65981329e+00   4.90459316e+00   4.90459316e+00   4.90459316e+00
   5.50314742e+00   5.50314742e+00   5.50314742e+00   7.06352926e+00]
E_coul = 865.443793795241
cycle= 8 E= -2077.67875812218  delta_E= -2e-11  |g|= 5.11e-07  |ddm|= 2.67e-05
    CPU time for cycle= 8      0.08 sec, wall time      0.08 sec
  HOMO = -0.474188662427516  LUMO = 0.149864135240912
  mo_energy =
[ -4.05225484e+02  -5.21342826e+01  -4.62217877e+01  -4.62217877e+01
  -4.62217877e+01  -7.17832701e+00  -5.15399269e+00  -5.15399269e+00
  -5.15399269e+00  -1.62828493e+00  -1.62828493e+00  -1.62828493e+00
  -1.62451334e+00  -1.62451334e+00  -7.40114923e-01  -4.74188662e-01
  -4.74188662e-01  -4.74188662e-01   1.49864135e-01   1.62830427e-01
   1.62830427e-01   1.62830427e-01   2.93343768e-01   2.93343768e-01
   3.04543421e-01   3.04543421e-01   3.04543421e-01   4.29316100e-01
   4.98247598e-01   4.98247598e-01   4.98247598e-01   5.66218568e-01
   6.66819172e-01   6.66819172e-01   6.66819172e-01   8.25027484e-01
   8.25027484e-01   8.25027484e-01   1.01154644e+00   1.01154644e+00
   1.01422829e+00   1.01422829e+00   1.01422829e+00   1.20427224e+00
   1.20427224e+00   1.20427224e+00   1.35403454e+00   1.35403454e+00
   1.37188380e+00   1.51866810e+00   1.51866810e+00   1.51866810e+00
   1.59838702e+00   1.59838702e+00   1.59838702e+00   1.71394177e+00
   1.77288142e+00   1.77288142e+00   1.77288142e+00   2.72064640e+00
   2.72064640e+00   2.72064640e+00   2.87452188e+00   2.96489921e+00
   2.96489921e+00   3.06423764e+00   3.06423764e+00   3.06423764e+00
   3.43826140e+00   3.43826140e+00   3.43826140e+00   3.48402600e+00
   3.48402600e+00   3.67023189e+00   3.67023189e+00   3.67023189e+00
   3.87639110e+00   3.87639110e+00   3.87639110e+00   3.95576224e+00
   3.95576224e+00   3.96304612e+00   3.98080717e+00   3.98080717e+00
   3.98080717e+00   4.15863779e+00   4.15863779e+00   4.15863779e+00
   4.20532343e+00   4.20532343e+00   4.20532343e+00   4.44607570e+00
   4.44607570e+00   4.50582866e+00   4.50582866e+00   4.50582866e+00
   4.65981341e+00   4.90459330e+00   4.90459330e+00   4.90459330e+00
   5.50314756e+00   5.50314756e+00   5.50314756e+00   7.06352941e+00]
    CPU time for scf_cycle      2.24 sec, wall time      2.25 sec
    CPU time for SCF      2.24 sec, wall time      2.25 sec
converged SCF energy = -2077.67875812218
RHF E = -2077.67875812
RHF eps = [ -4.05225484e+02  -5.21342826e+01  -4.62217877e+01  -4.62217877e+01
  -4.62217877e+01  -7.17832701e+00  -5.15399269e+00  -5.15399269e+00
  -5.15399269e+00  -1.62828493e+00  -1.62828493e+00  -1.62828493e+00
  -1.62451334e+00  -1.62451334e+00  -7.40114923e-01  -4.74188662e-01
  -4.74188662e-01  -4.74188662e-01   1.49864135e-01   1.62830427e-01
   1.62830427e-01   1.62830427e-01   2.93343768e-01   2.93343768e-01
   3.04543421e-01   3.04543421e-01   3.04543421e-01   4.29316100e-01
   4.98247598e-01   4.98247598e-01   4.98247598e-01   5.66218568e-01
   6.66819172e-01   6.66819172e-01   6.66819172e-01   8.25027484e-01
   8.25027484e-01   8.25027484e-01   1.01154644e+00   1.01154644e+00
   1.01422829e+00   1.01422829e+00   1.01422829e+00   1.20427224e+00
   1.20427224e+00   1.20427224e+00   1.35403454e+00   1.35403454e+00
   1.37188380e+00   1.51866810e+00   1.51866810e+00   1.51866810e+00
   1.59838702e+00   1.59838702e+00   1.59838702e+00   1.71394177e+00
   1.77288142e+00   1.77288142e+00   1.77288142e+00   2.72064640e+00
   2.72064640e+00   2.72064640e+00   2.87452188e+00   2.96489921e+00
   2.96489921e+00   3.06423764e+00   3.06423764e+00   3.06423764e+00
   3.43826140e+00   3.43826140e+00   3.43826140e+00   3.48402600e+00
   3.48402600e+00   3.67023189e+00   3.67023189e+00   3.67023189e+00
   3.87639110e+00   3.87639110e+00   3.87639110e+00   3.95576224e+00
   3.95576224e+00   3.96304612e+00   3.98080717e+00   3.98080717e+00
   3.98080717e+00   4.15863779e+00   4.15863779e+00   4.15863779e+00
   4.20532343e+00   4.20532343e+00   4.20532343e+00   4.44607570e+00
   4.44607570e+00   4.50582866e+00   4.50582866e+00   4.50582866e+00
   4.65981341e+00   4.90459330e+00   4.90459330e+00   4.90459330e+00
   5.50314756e+00   5.50314756e+00   5.50314756e+00   7.06352941e+00]
    CPU time for CCSD integral transformation      9.36 sec, wall time      9.37 sec

******** <class 'pyscf.cc.rccsd_slow.RCCSD'> flags ********
CCSD nocc = 9, nvir = 86
frozen orbitals [0, 1, 2, 3, 4, 5, 6, 7, 8]
max_cycle = 100
direct = 0
conv_tol = 1e-07
conv_tol_normt = 1e-05
diis_space = 6
diis_start_cycle = 0
diis_start_energy_diff = 1e+09
Init t2, MP2 energy = -0.279374064744424
    CPU time for init mp2      0.00 sec, wall time      0.01 sec
    CPU time for update t1 t2      2.14 sec, wall time      2.14 sec
istep = 0  E(CCSD) = -0.278933059261254  dE = -0.278933059  norm(t1,t2) = 0.0366848
    CPU time for CCSD iter      2.15 sec, wall time      2.15 sec
    CPU time for update t1 t2      2.12 sec, wall time      2.12 sec
DIIS for step 1
istep = 1  E(CCSD) = -0.28415871782832  dE = -0.00522565857  norm(t1,t2) = 0.0152183
    CPU time for CCSD iter      2.13 sec, wall time      2.14 sec
    CPU time for update t1 t2      2.12 sec, wall time      2.12 sec
diis-c [ -2.66750450e-05   1.00000000e+00]
DIIS for step 2
istep = 2  E(CCSD) = -0.284439826785931  dE = -0.000281108958  norm(t1,t2) = 0.00646921
    CPU time for CCSD iter      2.14 sec, wall time      2.14 sec
    CPU time for update t1 t2      2.13 sec, wall time      2.13 sec
diis-c [ -2.15496411e-06  -4.64257895e-01   1.46425790e+00]
DIIS for step 3
istep = 3  E(CCSD) = -0.285158132357873  dE = -0.000718305572  norm(t1,t2) = 0.00294002
    CPU time for CCSD iter      2.15 sec, wall time      2.15 sec
    CPU time for update t1 t2      2.14 sec, wall time      2.14 sec
diis-c [ -6.27617310e-08  -1.73810864e-01   1.73938168e-01   9.99872696e-01]
DIIS for step 4
istep = 4  E(CCSD) = -0.28515122141338  dE = 6.91094449e-06  norm(t1,t2) = 0.000812382
    CPU time for CCSD iter      2.16 sec, wall time      2.17 sec
    CPU time for update t1 t2      2.12 sec, wall time      2.12 sec
diis-c [ -2.19431498e-09   9.18276765e-02  -1.20972943e-01  -4.35220734e-01
   1.46436600e+00]
DIIS for step 5
istep = 5  E(CCSD) = -0.285131605681826  dE = 1.96157316e-05  norm(t1,t2) = 0.000127983
    CPU time for CCSD iter      2.14 sec, wall time      2.14 sec
    CPU time for update t1 t2      2.13 sec, wall time      2.13 sec
diis-c [ -6.73808787e-11   1.25077420e-02  -1.40223658e-02  -6.10304217e-02
   1.02328470e-01   9.60216576e-01]
DIIS for step 6
istep = 6  E(CCSD) = -0.285132129521092  dE = -5.23839266e-07  norm(t1,t2) = 1.69501e-05
    CPU time for CCSD iter      2.16 sec, wall time      2.16 sec
    CPU time for update t1 t2      2.12 sec, wall time      2.13 sec
diis-c [ -5.63263325e-12  -7.90137619e-03   9.79418155e-03   3.85025430e-02
  -1.01858457e-01  -1.68043971e-01   1.22950708e+00]
DIIS for step 7
istep = 7  E(CCSD) = -0.285132269783353  dE = -1.40262262e-07  norm(t1,t2) = 4.93662e-06
    CPU time for CCSD iter      2.14 sec, wall time      2.16 sec
    CPU time for update t1 t2      2.13 sec, wall time      2.13 sec
diis-c [ -2.07184270e-12   1.16517161e+00   1.75028778e-04  -2.06208220e-04
  -5.82734846e-04   3.84795154e-02  -2.03037215e-01]
DIIS for step 8
istep = 8  E(CCSD) = -0.285132146459734  dE = 1.2332362e-07  norm(t1,t2) = 1.82355e-06
    CPU time for CCSD iter      2.15 sec, wall time      2.15 sec
    CPU time for update t1 t2      2.12 sec, wall time      2.12 sec
diis-c [ -1.26104682e-12   3.57317560e+00  -2.23532773e+00  -5.29433466e-05
   2.91805848e-03  -1.89820968e-03  -3.38814773e-01]
DIIS for step 9
istep = 9  E(CCSD) = -0.285132389974331  dE = -2.43514597e-07  norm(t1,t2) = 1.98455e-06
    CPU time for CCSD iter      2.14 sec, wall time      2.14 sec
    CPU time for update t1 t2      2.11 sec, wall time      2.12 sec
diis-c [ -2.60624855e-14   2.68179788e-01   1.01887423e+00  -2.74962452e-01
   1.48955349e-04   2.71177976e-03  -1.49522989e-02]
DIIS for step 10
istep = 10  E(CCSD) = -0.285132081613939  dE = 3.08360392e-07  norm(t1,t2) = 8.34616e-06
    CPU time for CCSD iter      2.14 sec, wall time      2.14 sec
    CPU time for update t1 t2      1.62 sec, wall time      1.62 sec
diis-c [ -1.79301018e-14   1.25396994e-01   8.34376824e-01  -6.62038517e-01
   6.94877471e-01   9.57826917e-04   6.42940144e-03]
DIIS for step 11
istep = 11  E(CCSD) = -0.285131948444775  dE = 1.33169164e-07  norm(t1,t2) = 5.33266e-06
    CPU time for CCSD iter      1.64 sec, wall time      1.64 sec
    CPU time for update t1 t2      1.63 sec, wall time      1.63 sec
diis-c [ -1.61537450e-14   9.79031164e-02   8.19691811e-01  -6.79195543e-01
   3.27272941e-01   4.24041404e-01   1.02862695e-02]
DIIS for step 12
istep = 12  E(CCSD) = -0.28513188284688  dE = 6.55978943e-08  norm(t1,t2) = 5.0926e-06
    CPU time for CCSD iter      1.64 sec, wall time      1.65 sec
    CPU time for CCSD     26.88 sec, wall time     26.92 sec
CCSD converged
E(CC2) = -2077.963890005031  E_corr = -0.2851318828468802
    CPU time for EOM-CCSD shared one-electron intermediates      0.11 sec, wall time      0.11 sec
    CPU time for EOM-CCSD IP intermediates      0.39 sec, wall time      0.39 sec
tol 1e-07  toloose 0.000316228
max_cycle 100  max_space 38  max_memory 2000  incore True
davidson 0 6  |r|= 0.627  e= [ 0.51303099  0.51303099  0.51303099  0.77461198  1.66468608  1.66468608]  max|de|= 1.66  lindep=    1
davidson 1 12  |r|= 0.0676  e= [ 0.46283486  0.46283486  0.46283486  0.70606461  1.38770392  1.38770392]  max|de|= -0.277  lindep= 0.906
davidson 2 18  |r|= 0.0199  e= [ 0.46274462  0.46274462  0.46274462  0.70560136  1.38581999  1.38581999]  max|de|= -0.00188  lindep= 0.0866
root 3 converged  |r|= 1.25e-13  e= 0.705601321094  max|de|= -3.93e-08
davidson 3 23  |r|= 0.000828  e= [ 0.4626758   0.4626758   0.4626758   0.70560132  1.38566135  1.38566135]  max|de|= -0.000159  lindep= 0.921
davidson 4 27  |r|= 7.59e-09  e= [ 0.46267746  0.46267746  0.46267746  0.70560132  1.38566124  1.38566124]  max|de|= 1.66e-06  lindep=    1
Linear dependency in trial subspace. |r| for each state [7.5898188453837132e-09, 7.5898188453837132e-09, 7.5898186111917989e-09, 0, 9.8484412177826564e-12, 9.8668087134754912e-12]
IP root 0 E = 0.4626774580541776  qpwt = 0.965015
IP root 1 E = 0.4626774580541776  qpwt = 0.965015
IP root 2 E = 0.4626774580541527  qpwt = 0.965015
IP root 3 E = 0.7056013210939766  qpwt = 0.922569
IP root 4 E = 1.385661236120713  qpwt = 0.680416
IP root 5 E = 1.385661236120689  qpwt = 0.680416
    CPU time for IP-CCSD      0.60 sec, wall time      0.59 sec
    CPU time for EOM-CCSD shared one-electron intermediates      0.10 sec, wall time      0.11 sec
    CPU time for EOM-CCSD EA intermediates      9.71 sec, wall time      9.72 sec
tol 1e-07  toloose 0.000316228
max_cycle 100  max_space 38  max_memory 2000  incore True
davidson 0 6  |r|= 0.213  e= [ 0.15537177  0.17172126  0.17172126  0.17172126  0.30167891  0.30167891]  max|de|= 0.302  lindep=    1
davidson 1 12  |r|= 0.0291  e= [ 0.1202688   0.13403639  0.13403639  0.13403639  0.26337101  0.26337101]  max|de|= -0.0383  lindep= 0.99
davidson 2 18  |r|= 0.0171  e= [ 0.11781019  0.13172019  0.13172019  0.13172019  0.26257458  0.26257458]  max|de|= -0.00246  lindep= 0.965
davidson 3 24  |r|= 0.00217  e= [ 0.11794636  0.1318732   0.1318732   0.1318732   0.26263312  0.26263312]  max|de|= 0.000153  lindep= 0.984
davidson 4 30  |r|= 0.000781  e= [ 0.11793678  0.13187216  0.13187216  0.13187216  0.26263197  0.26263197]  max|de|= -9.58e-06  lindep= 0.974
davidson 5 36  |r|= 0.000111  e= [ 0.11793855  0.13187106  0.13187106  0.13187106  0.26263153  0.26263153]  max|de|= 1.77e-06  lindep= 0.864
root 0 converged  |r|= 0.000111  e= 0.117938550946  max|de|= -9.44e-16
root 1 converged  |r|= 3.48e-05  e= 0.131871061661  max|de|= -1.11e-16
root 2 converged  |r|= 3.48e-05  e= 0.13187106166  max|de|= 5.55e-16
root 3 converged  |r|= 3.48e-05  e= 0.13187106166  max|de|= 4.72e-16
root 4 converged  |r|= 8.11e-06  e= 0.262631530422  max|de|= 5e-16
root 5 converged  |r|= 8.11e-06  e= 0.262631530422  max|de|= 1.11e-15
converge 6 6  |r|= 0.000111  e= [ 0.11793855  0.13187106  0.13187106  0.13187106  0.26263153  0.26263153]  max|de|= 1.11e-15
EA root 0 E = 0.1179385509463928  qpwt = 0.984154
EA root 1 E = 0.1318710616606799  qpwt = 0.982792
EA root 2 E = 0.1318710616604517  qpwt = 0.982792
EA root 3 E = 0.1318710616603227  qpwt = 0.982792
EA root 4 E = 0.2626315304215755  qpwt = 0.982632
EA root 5 E = 0.2626315304217107  qpwt = 0.982632
    CPU time for EA-CCSD     17.21 sec, wall time     17.24 sec
