

******** <class 'pyscf.scf.hf.RHF'> flags ********
method = RHF
initial guess = minao
damping factor = 0
level shift factor = 0
Do DIIS = True
DIIS start cycle = 1
DIIS space = 8
SCF tol = 1e-09
SCF gradient tol = None
max. SCF cycles = 50
direct_scf = True
direct_scf_tol = 1e-13
chkfile to save SCF result = /tmp/tmpzwlzMy
max_memory 4000 MB (current use 39 MB)
Set gradient conv threshold to 3.16228e-05
Nelec from initial guess = 17.9992
cond(S) = 8705.76419021
E_coul = 79.5459937107398
init E= -111.228435007588
    CPU time for initialize scf      1.61 sec, wall time      1.62 sec
  HOMO = -0.24748688222764  LUMO = 0.0813711460636783
  mo_energy =
[-15.61805093 -15.61560413  -1.60214152  -1.12615424  -0.64498806
  -0.61064751  -0.5073715   -0.3282947   -0.24748688   0.08137115   0.12767
   0.17315991   0.20104651   0.26553366   0.41766067   0.43148024
   0.44664346   0.45133949   0.48207981   0.53350921   0.53551744
   0.58952645   0.61428297   0.61836957   0.67371448   0.68695448
   0.7991878    0.81637177   0.97928632   1.02373621   1.11787978
   1.1508652    1.18427951   1.23219343   1.35385086   1.39999915
   1.4011795    1.45843914   1.49324951   1.50944825   1.64216925
   1.66156444   1.66401782   1.72485429   1.80725771   1.84405913
   1.97970493   2.01629069   2.2819724    2.37857117   2.39701543
   2.43763735   2.53957951   2.70382923   2.7828988    3.02405556
   3.10312599   3.19698956   3.246294     3.30927072   3.33473427
   3.37552578   3.46957944   3.52728584   3.54408572   3.56109652
   3.6346946    3.68844992   3.72204794   3.73710702   3.7884639
   3.85387688   3.87602063   3.93223632   3.98246547   4.07464529
   4.11285927   4.13264178   4.15713051   4.18184711   4.28633547
   4.29873249   4.35120125   4.4188795    4.54840999   4.60703254
   4.64168084   4.6625122    4.82110362   4.82367915   4.9018615
   4.94910198   5.03411266   5.12833387   5.3082958    5.30956238
   5.32919885   5.50359593   5.57775827   5.73522421   5.74683315
   5.76399313   5.82427335   5.98750848   6.02799636   6.10685702
   6.20303406   6.21916384   6.28065003   6.33378599   6.45274912
   6.73726834   6.85640911   6.85979392   6.91965889   7.09639839
  33.53916123  33.73696008]
E_coul = 80.1137715503173
cycle= 1 E= -111.196390674305  delta_E= 0.032  |g|= 0.32  |ddm|=  1.6
    CPU time for cycle= 1      0.13 sec, wall time      0.13 sec
diis-norm(errvec)=1.11763
diis-c [-1.24909414  1.        ]
  HOMO = -0.393903437648099  LUMO = 0.106674129493634
  mo_energy =
[-15.59091606 -15.59046676  -1.28661348  -1.0331721   -0.70623087
  -0.66906583  -0.60500033  -0.45999973  -0.39390344   0.10667413
   0.15332269   0.18167662   0.21261375   0.35680891   0.43495894
   0.47380307   0.47568906   0.49086021   0.51932393   0.57280724
   0.57387019   0.62577792   0.64133393   0.66587056   0.6974967
   0.71041687   0.79681286   0.81458973   0.98933637   1.02440903
   1.11066943   1.15972241   1.17931407   1.23255538   1.35753443
   1.39264627   1.39967261   1.45397074   1.52099984   1.52494678
   1.67289239   1.69090353   1.70402735   1.76435286   1.83992206
   1.88908645   2.04323874   2.06290948   2.3477678    2.40045239
   2.43946647   2.48675349   2.56675514   2.72557774   2.79762752
   3.04142977   3.13241728   3.2170006    3.25540162   3.31748606
   3.35600553   3.39511691   3.4743617    3.52645101   3.5458072
   3.57351218   3.63713622   3.69196027   3.71475013   3.75530884
   3.79168052   3.85544194   3.87379175   3.93596281   3.97893461
   4.06790569   4.10886686   4.13647589   4.14051574   4.17359294
   4.2740217    4.3127265    4.34706953   4.42093231   4.53472491
   4.62285173   4.6588965    4.67344448   4.85734271   4.85978042
   4.92006851   4.97604772   5.05323085   5.17999397   5.34158934
   5.36698991   5.39542625   5.55961011   5.61865334   5.75881691
   5.76992268   5.80452131   5.86612585   6.01417604   6.06647355
   6.14293238   6.2522049    6.26910868   6.30873692   6.38432315
   6.50305666   6.77281012   6.8892529    6.89144514   6.95585082
   7.13859394  33.559516    33.75843196]
E_coul = 80.436120894981
cycle= 2 E= -111.220588835571  delta_E= -0.0242  |g|= 0.0718  |ddm|= 0.244
    CPU time for cycle= 2      0.14 sec, wall time      0.14 sec
diis-norm(errvec)=0.257633
diis-c [-0.05878378  0.07395213  0.92604787]
  HOMO = -0.391163434166533  LUMO = 0.118223424290464
  mo_energy =
[-15.5699008  -15.5694635   -1.26202745  -1.01158253  -0.68723405
  -0.65204916  -0.58897901  -0.45409578  -0.39116343   0.11822342
   0.16109852   0.19198667   0.22071028   0.36753549   0.43982381
   0.47678052   0.47814398   0.48518927   0.52532145   0.58521024
   0.59070354   0.63786142   0.66090527   0.67644604   0.71300468
   0.715452     0.81291579   0.83119407   0.99982665   1.03749803
   1.12581763   1.16730373   1.19687937   1.24407827   1.37018457
   1.40980674   1.41730031   1.47068427   1.5317652    1.53667576
   1.68074365   1.70080578   1.71063292   1.77112895   1.8495075
   1.89830355   2.04659335   2.06887493   2.35044042   2.41786024
   2.4546813    2.49031786   2.59207349   2.74111911   2.81611098
   3.06812976   3.15293615   3.2391387    3.28048335   3.345592
   3.37676565   3.41752116   3.50189339   3.55431242   3.57234023
   3.59542121   3.66274742   3.72172308   3.7455552    3.77914861
   3.81680731   3.87676742   3.90003623   3.95828602   4.00625758
   4.0902486    4.13277198   4.15815361   4.16386168   4.19963003
   4.30076624   4.3320136    4.37018779   4.4439696    4.56030913
   4.64704789   4.67779596   4.69631001   4.87699714   4.87709079
   4.94459426   4.99866943   5.07480254   5.19392835   5.36186706
   5.38131718   5.40677911   5.57353695   5.63856461   5.78032972
   5.79254484   5.82185677   5.88315845   6.04173475   6.09006951
   6.16152509   6.27026844   6.28538156   6.33125164   6.40088851
   6.51801749   6.79624841   6.9188556    6.92116436   6.97899932
   7.158116    33.57920936  33.77774152]
E_coul = 80.3808137646656
cycle= 3 E= -111.221884388793  delta_E= -0.0013  |g|= 0.0175  |ddm|= 0.0551
    CPU time for cycle= 3      0.13 sec, wall time      0.13 sec
diis-norm(errvec)=0.063051
diis-c [-0.00149481 -0.04626416 -0.14420356  1.19046772]
  HOMO = -0.392601203031708  LUMO = 0.117957309699457
  mo_energy =
[-15.57326697 -15.57283132  -1.26303856  -1.01139479  -0.68785825
  -0.65351646  -0.58994834  -0.45585967  -0.3926012    0.11795731
   0.16146457   0.1917489    0.22092696   0.36874173   0.43985679
   0.47725982   0.47869089   0.48519976   0.5248524    0.58517478
   0.59157286   0.6376611    0.6605525    0.67637203   0.71310388
   0.71584344   0.8131194    0.83139785   0.99968032   1.0377715
   1.12584723   1.16827751   1.19641544   1.24472561   1.37037706
   1.40952426   1.41663295   1.47091615   1.53112446   1.5365894
   1.6804913    1.70023002   1.71026274   1.77103909   1.8496522
   1.89812206   2.04705621   2.06904635   2.35102848   2.41880674
   2.45429494   2.49126864   2.58959835   2.74121251   2.81651035
   3.06763048   3.15234857   3.23921632   3.28073448   3.34470761
   3.37725779   3.41775099   3.50314595   3.55499685   3.5727246
   3.59662156   3.66348775   3.722404     3.74686072   3.7792846
   3.81768591   3.87945107   3.90123477   3.95959993   4.00695409
   4.09204922   4.13387928   4.15943804   4.16636768   4.19980314
   4.30085695   4.33292476   4.37198798   4.44464247   4.56133824
   4.64680036   4.6785827    4.69671188   4.87638836   4.87692708
   4.94417543   4.99737759   5.07519092   5.19321702   5.36165136
   5.3804334    5.40622569   5.57329527   5.63825653   5.78010936
   5.79315634   5.82235327   5.88382218   6.04184714   6.08927687
   6.16122787   6.27021752   6.28499473   6.33149339   6.40064575
   6.51828795   6.79713765   6.91838248   6.92109572   6.98050389
   7.15703619  33.5761898   33.77474936]
E_coul = 80.4007413778208
cycle= 4 E= -111.222065660947  delta_E= -0.000181  |g|= 0.00456  |ddm|= 0.0347
    CPU time for cycle= 4      0.13 sec, wall time      0.13 sec
diis-norm(errvec)=0.0150268
diis-c [ -1.44479907e-04   6.29555202e-03  -9.17135519e-03  -1.89330097e-01
   1.19220590e+00]
  HOMO = -0.392116704409973  LUMO = 0.118003885399437
  mo_energy =
[-15.57133241 -15.57089645  -1.26199995  -1.01062038  -0.68715492
  -0.6526495   -0.58946071  -0.45544012  -0.3921167    0.11800389
   0.16139815   0.1918511    0.22102219   0.36941078   0.43991949
   0.47752094   0.47883809   0.48551985   0.52504092   0.58543241
   0.59167233   0.63806959   0.66091167   0.67682963   0.71337051
   0.71631397   0.81329028   0.83162833   0.99977621   1.0378162
   1.12585941   1.16827668   1.19654492   1.24472959   1.37056316
   1.4097016    1.41687542   1.4709787    1.53165758   1.53693691
   1.68088836   1.70067464   1.71074953   1.77150466   1.85000523
   1.89864473   2.04760108   2.06952248   2.35175388   2.4191314
   2.45492435   2.49176082   2.59063044   2.74162131   2.81686087
   3.06807128   3.15291137   3.23972417   3.28110323   3.34527189
   3.37764974   3.41811825   3.50321775   3.55517688   3.57308868
   3.59684278   3.66365251   3.72269975   3.74693635   3.77979519
   3.81791398   3.87932664   3.90143059   3.95985154   4.00722243
   4.09207908   4.13415067   4.15960194   4.1662607    4.20025838
   4.30119481   4.33319127   4.37208224   4.44497475   4.56152913
   4.64737741   4.67891443   4.69707217   4.87713854   4.87752938
   4.94486093   4.99823503   5.07570241   5.19414246   5.36235147
   5.38137589   5.40704439   5.5740053    5.63896628   5.78072712
   5.79369832   5.8228788    5.88433938   6.04239822   6.09011783
   6.16192092   6.27092615   6.28575148   6.33212223   6.40136881
   6.51892092   6.79765205   6.91925535   6.92185975   6.98092876
   7.15819652  33.5779996   33.77654996]
E_coul = 80.3892028095517
cycle= 5 E= -111.22208246968  delta_E= -1.68e-05  |g|= 0.0019  |ddm|= 0.0119
    CPU time for cycle= 5      0.14 sec, wall time      0.13 sec
diis-norm(errvec)=0.00602848
diis-c [ -2.46664364e-05   4.81691594e-03   7.80704357e-03  -1.20791038e-01
   1.30121757e-01   9.78045321e-01]
  HOMO = -0.392681424176303  LUMO = 0.117950417548452
  mo_energy =
[-15.57263037 -15.57219476  -1.26251899  -1.01095818  -0.68749102
  -0.65306975  -0.58988054  -0.45605777  -0.39268142   0.11795042
   0.16131724   0.19180377   0.22097397   0.3691734    0.43976829
   0.47734588   0.4786828    0.48529964   0.52478655   0.58530934
   0.59141624   0.63792655   0.66075097   0.67657136   0.71321066
   0.71611513   0.81315473   0.83147588   0.99961355   1.03770278
   1.12576659   1.16815939   1.19643926   1.24463019   1.37038664
   1.40955043   1.41670821   1.47079604   1.531319     1.53663029
   1.68059145   1.70038448   1.71040578   1.77119885   1.84969261
   1.8983015    2.04727923   2.06920607   2.35129346   2.41881516
   2.45456705   2.49131227   2.5900071    2.74123367   2.81656676
   3.06775033   3.15246251   3.23938358   3.28084312   3.34499763
   3.37727525   3.41781932   3.50304349   3.55500199   3.57282029
   3.59655847   3.66348325   3.72251335   3.74679223   3.77954242
   3.81771768   3.87915861   3.90128194   3.95962583   4.00708945
   4.09191209   4.13395703   4.15943251   4.16616138   4.20003683
   4.3010838    4.33294805   4.37190823   4.44473047   4.56137099
   4.6470313    4.67855762   4.69676362   4.87668143   4.87706249
   4.94446563   4.99772566   5.07527098   5.19352144   5.36186853
   5.38073225   5.40637925   5.57343567   5.63839848   5.78029178
   5.79332262   5.82245116   5.88385435   6.04203353   6.08971635
   6.16139643   6.27046778   6.28518948   6.33169921   6.40082522
   6.51835801   6.79718702   6.9188268    6.92144291   6.98047395
   7.15752158  33.57676532  33.77531637]
E_coul = 80.3953519572669
cycle= 6 E= -111.222084797262  delta_E= -2.33e-06  |g|= 0.000698  |ddm|= 0.00398
    CPU time for cycle= 6      0.13 sec, wall time      0.13 sec
diis-norm(errvec)=0.00216135
diis-c [ -1.21540902e-06  -6.95618094e-04   3.45025368e-04   3.11072252e-02
  -2.07324040e-01   2.03835569e-02   1.15618385e+00]
  HOMO = -0.392613131570991  LUMO = 0.117954980680806
  mo_energy =
[-15.57227126 -15.5718357   -1.26235934  -1.01082924  -0.68736428
  -0.65292401  -0.58972401  -0.45601037  -0.39261313   0.11795498
   0.16131837   0.1918123    0.22099585   0.36927662   0.43979894
   0.477378     0.47871873   0.48532158   0.52478881   0.58535139
   0.59148111   0.63796574   0.66079924   0.67665751   0.71327583
   0.71619574   0.81319232   0.8315184    0.99962737   1.03772934
   1.12577516   1.16819406   1.19644892   1.24465061   1.37042508
   1.40957882   1.41673852   1.47084525   1.53140354   1.53671537
   1.68066021   1.70045026   1.71048573   1.77125613   1.84976317
   1.89839295   2.04736967   2.06927107   2.35140458   2.41889987
   2.45462757   2.49142239   2.59017563   2.74131994   2.81662341
   3.06784907   3.15258358   3.23948161   3.28092504   3.34507444
   3.37737109   3.41788319   3.50311229   3.55504287   3.57290217
   3.59661021   3.66351175   3.72257045   3.74684785   3.77960132
   3.81776627   3.87921298   3.90130088   3.95968818   4.00709233
   4.09195471   4.13400497   4.15946241   4.16619459   4.20009211
   4.30109288   4.33300747   4.37196397   4.44479942   4.56141044
   4.64714441   4.67863753   4.6968221    4.8767931    4.87717731
   4.94459073   4.99785791   5.07538347   5.19366648   5.36198274
   5.38087763   5.40653332   5.57354901   5.63853343   5.78039492
   5.79345237   5.82253321   5.88396481   6.04213497   6.08982355
   6.16151467   6.27060562   6.28531263   6.33183847   6.40094506
   6.51847375   6.79731561   6.91893174   6.92156235   6.98062556
   7.15771649  33.57710209  33.77565154]
E_coul = 80.3935773885541
cycle= 7 E= -111.222085156447  delta_E= -3.59e-07  |g|= 0.000115  |ddm|= 0.00211
    CPU time for cycle= 7      0.14 sec, wall time      0.13 sec
diis-norm(errvec)=0.000366026
diis-c [ -3.60794950e-08  -1.71070861e-04  -7.47517062e-04   3.60680203e-03
   2.41422462e-02  -6.76313483e-02  -1.52349220e-01   1.19315011e+00]
  HOMO = -0.392620750739542  LUMO = 0.117956160766003
  mo_energy =
[-15.57228962 -15.57185411  -1.26236399  -1.01083144  -0.68736347
  -0.65291635  -0.58972846  -0.4560234   -0.39262075   0.11795616
   0.16131563   0.19181486   0.22099645   0.36927819   0.43980024
   0.47737453   0.47871606   0.48531387   0.52477981   0.58535396
   0.59147494   0.63796987   0.66080365   0.67665682   0.71327591
   0.71619661   0.81319052   0.83151918   0.999627     1.03772968
   1.12577762   1.16819134   1.19645458   1.24465018   1.37042379
   1.40958048   1.41674187   1.47084041   1.53140104   1.53671179
   1.68065785   1.70044775   1.71048074   1.77125309   1.84975805
   1.89839332   2.04736635   2.06927215   2.3513999    2.41889515
   2.45463173   2.49141171   2.59016814   2.74131383   2.81662262
   3.06784674   3.15257995   3.23948044   3.28092363   3.34507686
   3.37736693   3.41788469   3.50311109   3.5550451    3.5729014
   3.59660862   3.66351395   3.7225734    3.74684698   3.77960582
   3.817767     3.87920523   3.90130487   3.95968608   4.00709941
   4.0919515    4.1340044    4.15946317   4.16619057   4.20009379
   4.30110048   4.33300598   4.3719605    4.44479718   4.56141118
   4.64714227   4.67863279   4.69682163   4.87679169   4.87717461
   4.94458686   4.99785338   5.075376     5.19365996   5.36197827
   5.38087335   5.4065245    5.57354316   5.63852808   5.78039336
   5.79344623   5.82253145   5.88395691   6.0421351    6.08982605
   6.16151027   6.27060016   6.28531152   6.33183273   6.40094081
   6.51846519   6.79730804   6.91893669   6.92156407   6.98061433
   7.15770871  33.57708488  33.77563444]
E_coul = 80.3937598044077
cycle= 8 E= -111.222085165905  delta_E= -9.46e-09  |g|= 2.27e-05  |ddm|= 0.000335
    CPU time for cycle= 8      0.14 sec, wall time      0.14 sec
diis-norm(errvec)=7.07509e-05
diis-c [ -1.70286690e-09   7.61941193e-05   2.04687896e-04  -1.89914250e-03
  -2.33204722e-03   2.09065889e-02   1.97715831e-02  -4.17335009e-01
   1.38060715e+00]
  HOMO = -0.392618777461652  LUMO = 0.117956645043668
  mo_energy =
[-15.57228869 -15.57185318  -1.26236213  -1.01082938  -0.68736316
  -0.65291369  -0.58972773  -0.45602377  -0.39261878   0.11795665
   0.1613162    0.19181493   0.22099661   0.36928035   0.43980149
   0.47737496   0.47871662   0.48531412   0.52477967   0.58535505
   0.59147609   0.63797054   0.66080418   0.67665741   0.71327653
   0.71619809   0.81319084   0.8315198    0.99962741   1.03773036
   1.12577813   1.16819208   1.19645526   1.24465068   1.37042416
   1.40958103   1.41674278   1.47084092   1.53140216   1.5367124
   1.68065865   1.70044849   1.71048185   1.7712538    1.84975878
   1.89839486   2.04736853   2.06927343   2.35140129   2.41889569
   2.45463251   2.49141267   2.59016946   2.74131443   2.81662324
   3.06784812   3.15258139   3.23948173   3.2809248    3.34507777
   3.37736783   3.41788604   3.5031125    3.55504581   3.5729022
   3.59660913   3.66351468   3.72257412   3.74684767   3.77960688
   3.81776781   3.87920601   3.90130524   3.95968675   4.00709994
   4.09195185   4.13400478   4.15946386   4.16619092   4.20009416
   4.30110105   4.33300692   4.37196108   4.44479775   4.56141154
   4.6471437    4.67863347   4.69682216   4.87679301   4.87717648
   4.94458805   4.99785402   5.07537642   5.19366117   5.36197898
   5.38087523   5.40652667   5.57354441   5.63852929   5.78039426
   5.79344779   5.82253262   5.88395811   6.04213641   6.08982752
   6.16151113   6.27060214   6.28531319   6.33183413   6.40094214
   6.51846578   6.79730908   6.9189377    6.92156525   6.9806158
   7.15771013  33.57708579  33.77563539]
E_coul = 80.393767557915
cycle= 9 E= -111.222085166326  delta_E= -4.21e-10  |g|= 5.22e-06  |ddm|= 7.91e-05
    CPU time for cycle= 9      0.13 sec, wall time      0.13 sec
  HOMO = -0.392618595540163  LUMO = 0.117956827023703
  mo_energy =
[-15.57228863 -15.57185312  -1.26236206  -1.01082928  -0.68736336
  -0.65291354  -0.58972805  -0.45602401  -0.3926186    0.11795683
   0.1613163    0.19181505   0.22099667   0.36928048   0.43980144
   0.47737479   0.47871658   0.48531406   0.52477965   0.58535519
   0.59147611   0.63797063   0.66080429   0.6766573    0.71327656
   0.71619807   0.81319094   0.83151997   0.99962749   1.03773047
   1.12577828   1.16819211   1.19645549   1.24465076   1.37042425
   1.40958122   1.41674302   1.470841     1.53140217   1.53671237
   1.6806586    1.70044846   1.71048177   1.77125371   1.84975868
   1.89839488   2.04736842   2.06927342   2.3514012    2.41889572
   2.45463261   2.49141251   2.59016945   2.7413145    2.81662342
   3.06784822   3.15258148   3.23948187   3.28092494   3.34507796
   3.37736791   3.41788622   3.50311269   3.55504602   3.57290237
   3.59660927   3.66351493   3.72257432   3.74684789   3.77960708
   3.81776801   3.87920608   3.90130551   3.9596869    4.0071003
   4.09195198   4.13400499   4.15946406   4.1661911    4.2000944
   4.30110141   4.33300703   4.37196118   4.44479786   4.56141176
   4.64714379   4.67863353   4.69682231   4.87679304   4.87717657
   4.94458811   4.997854     5.07537644   5.19366113   5.361979
   5.38087523   5.40652656   5.57354436   5.63852935   5.78039437
   5.79344783   5.82253269   5.88395808   6.04213656   6.0898276
   6.16151114   6.27060209   6.28531331   6.33183415   6.40094213
   6.51846567   6.79730908   6.91893791   6.92156539   6.98061577
   7.15771017  33.57708584  33.77563545]
    CPU time for scf_cycle      2.83 sec, wall time      2.84 sec
    CPU time for SCF      2.83 sec, wall time      2.84 sec
converged SCF energy = -111.222085166326
RHF E = -111.222085166
RHF eps = [-15.57228863 -15.57185312  -1.26236206  -1.01082928  -0.68736336
  -0.65291354  -0.58972805  -0.45602401  -0.3926186    0.11795683
   0.1613163    0.19181505   0.22099667   0.36928048   0.43980144
   0.47737479   0.47871658   0.48531406   0.52477965   0.58535519
   0.59147611   0.63797063   0.66080429   0.6766573    0.71327656
   0.71619807   0.81319094   0.83151997   0.99962749   1.03773047
   1.12577828   1.16819211   1.19645549   1.24465076   1.37042425
   1.40958122   1.41674302   1.470841     1.53140217   1.53671237
   1.6806586    1.70044846   1.71048177   1.77125371   1.84975868
   1.89839488   2.04736842   2.06927342   2.3514012    2.41889572
   2.45463261   2.49141251   2.59016945   2.7413145    2.81662342
   3.06784822   3.15258148   3.23948187   3.28092494   3.34507796
   3.37736791   3.41788622   3.50311269   3.55504602   3.57290237
   3.59660927   3.66351493   3.72257432   3.74684789   3.77960708
   3.81776801   3.87920608   3.90130551   3.9596869    4.0071003
   4.09195198   4.13400499   4.15946406   4.1661911    4.2000944
   4.30110141   4.33300703   4.37196118   4.44479786   4.56141176
   4.64714379   4.67863353   4.69682231   4.87679304   4.87717657
   4.94458811   4.997854     5.07537644   5.19366113   5.361979
   5.38087523   5.40652656   5.57354436   5.63852935   5.78039437
   5.79344783   5.82253269   5.88395808   6.04213656   6.0898276
   6.16151114   6.27060209   6.28531331   6.33183415   6.40094213
   6.51846567   6.79730908   6.91893791   6.92156539   6.98061577
   7.15771017  33.57708584  33.77563545]
    CPU time for transforming oopq      3.67 sec, wall time      3.68 sec
    CPU time for transforming ovpq      4.09 sec, wall time      4.10 sec
MO integrals cint2e_sph are saved in <HDF5 file "tmp4aWrbb" (mode r+)>/eri_mo
num. MO ints = 1.4115816e+08, required disk 1129.2653 MB
step1: tmpfile /tmp/tmpu3Owgv  667.33201 MB
step1: (ij,kl) = (11881,7021), mem cache 4000 MB, iobuf 800 MB
    CPU time for Initializing ao2mo.outcore.half_e1      0.01 sec, wall time      0.01 sec
step 1 [1/1], AO [0:1081], len(buf) = 7021
      fill iobuf micro [1/1], AO [0:1081], len(aobuf) = 7021
    CPU time for gen AO/transform MO [1/1]      5.78 sec, wall time      5.78 sec
    CPU time for AO->MO transformation for cint2e_sph 1 pass      6.86 sec, wall time      6.87 sec
step2: kl-pair (ao 7021, mo 11881), mem 233.65888 MB, ioblock 395.39968 MB
step 2 [1/3], [0,0:4160], row = 4160
step 2 [1/3] CPU time:      1.94, Wall time:      1.94
step 2 [2/3], [0,4160:8320], row = 4160
step 2 [2/3] CPU time:      2.00, Wall time:      1.99
step 2 [3/3], [0,8320:11881], row = 3561
step 2 [3/3] CPU time:      1.65, Wall time:      1.66
    CPU time for AO->MO transformation for cint2e_sph 2 pass      5.91 sec, wall time      5.92 sec
    CPU time for AO->MO transformation for cint2e_sph      12.77 sec, wall time     12.79 sec
    CPU time for transforming vvvv     15.62 sec, wall time     15.63 sec
    CPU time for CCSD integral transformation     23.52 sec, wall time     23.55 sec

******** <class 'pyscf.cc.rccsd_slow.RCCSD'> flags ********
CCSD nocc = 7, nvir = 109
frozen orbitals [0, 1]
max_cycle = 100
direct = 0
conv_tol = 1e-07
conv_tol_normt = 1e-05
diis_space = 6
diis_start_cycle = 0
diis_start_energy_diff = 1e+09
Init t2, MP2 energy = -0.440466982895357
    CPU time for init mp2      0.00 sec, wall time      0.01 sec
    CPU time for update t1 t2      5.78 sec, wall time      5.78 sec
istep = 0  E(CCSD) = -0.44038616040979  dE = -0.44038616  norm(t1,t2) = 0.0247634
    CPU time for CCSD iter      5.80 sec, wall time      5.80 sec
    CPU time for update t1 t2      5.77 sec, wall time      5.78 sec
DIIS for step 1
istep = 1  E(CCSD) = -0.443201080313079  dE = -0.0028149199  norm(t1,t2) = 0.0104456
    CPU time for CCSD iter      5.78 sec, wall time      5.80 sec
    CPU time for update t1 t2      5.93 sec, wall time      5.95 sec
diis-c [ -9.82700599e-06   1.00000000e+00]
DIIS for step 2
istep = 2  E(CCSD) = -0.443545272167567  dE = -0.000344191854  norm(t1,t2) = 0.00403299
    CPU time for CCSD iter      5.96 sec, wall time      5.97 sec
    CPU time for update t1 t2      5.88 sec, wall time      5.89 sec
diis-c [ -6.94360459e-07  -6.41347800e-01   1.64134780e+00]
DIIS for step 3
istep = 3  E(CCSD) = -0.443862233768078  dE = -0.000316961601  norm(t1,t2) = 0.00196144
    CPU time for CCSD iter      5.90 sec, wall time      5.91 sec
    CPU time for update t1 t2      5.91 sec, wall time      5.93 sec
diis-c [ -1.69976052e-07  -1.42823013e-01   1.50596507e-01   9.92226506e-01]
DIIS for step 4
istep = 4  E(CCSD) = -0.443853143170803  dE = 9.09059727e-06  norm(t1,t2) = 0.000599865
    CPU time for CCSD iter      5.94 sec, wall time      5.95 sec
    CPU time for update t1 t2      5.74 sec, wall time      5.75 sec
diis-c [ -8.76423972e-09   1.72352661e-01  -3.06946263e-01  -7.46910125e-01
   1.88150373e+00]
DIIS for step 5
istep = 5  E(CCSD) = -0.443831537380839  dE = 2.160579e-05  norm(t1,t2) = 0.000289373
    CPU time for CCSD iter      5.76 sec, wall time      5.77 sec
    CPU time for update t1 t2      5.73 sec, wall time      5.74 sec
diis-c [ -1.29739314e-09  -1.35042737e-02   3.29151614e-02   4.83058621e-03
  -2.23770209e-01   1.19952874e+00]
DIIS for step 6
istep = 6  E(CCSD) = -0.44383616426317  dE = -4.62688233e-06  norm(t1,t2) = 6.05034e-05
    CPU time for CCSD iter      5.76 sec, wall time      5.77 sec
    CPU time for update t1 t2      5.73 sec, wall time      5.74 sec
diis-c [ -6.19822249e-11  -2.11042327e-02   3.75038140e-02   9.21269628e-02
  -2.01273574e-01  -1.05052404e-01   1.19779943e+00]
DIIS for step 7
istep = 7  E(CCSD) = -0.443837266696564  dE = -1.10243339e-06  norm(t1,t2) = 1.76323e-05
    CPU time for CCSD iter      5.75 sec, wall time      5.77 sec
    CPU time for update t1 t2      5.72 sec, wall time      5.73 sec
diis-c [ -9.07371400e-12   1.08172133e+00  -2.64352417e-04   8.36224862e-05
   4.29814596e-03  -4.30159663e-02  -4.28227775e-02]
DIIS for step 8
istep = 8  E(CCSD) = -0.443837053550494  dE = 2.1314607e-07  norm(t1,t2) = 4.62876e-06
    CPU time for CCSD iter      5.75 sec, wall time      5.76 sec
    CPU time for update t1 t2      5.72 sec, wall time      5.73 sec
diis-c [ -9.91845495e-13  -2.76478145e-01   1.30749588e+00  -5.58595215e-04
  -8.91233602e-05   1.68134161e-02  -4.71834345e-02]
DIIS for step 9
istep = 9  E(CCSD) = -0.443836973904499  dE = 7.96459955e-08  norm(t1,t2) = 1.75106e-06
    CPU time for CCSD iter      5.75 sec, wall time      5.76 sec
    CPU time for CCSD     58.15 sec, wall time     58.25 sec
CCSD converged
E(CC2) = -111.6659221402303  E_corr = -0.4438369739044987
    CPU time for EOM-CCSD shared one-electron intermediates      0.32 sec, wall time      0.33 sec
    CPU time for EOM-CCSD IP intermediates      0.60 sec, wall time      0.60 sec
tol 1e-07  toloose 0.000316228
max_cycle 100  max_space 38  max_memory 2000  incore True
davidson 0 6  |r|= 0.368  e= [ 0.45986654  0.52327922  0.66321091  0.72403136  0.75062066  1.06089865]  max|de|= 1.06  lindep=    1
davidson 1 12  |r|= 0.0608  e= [ 0.34963075  0.41042804  0.56111211  0.61327578  0.64563567  0.93212084]  max|de|= -0.129  lindep= 0.925
davidson 2 18  |r|= 0.00912  e= [ 0.34949317  0.4104396   0.56118305  0.61300854  0.64576459  0.92011934]  max|de|= -0.012  lindep= 0.614
root 4 converged  |r|= 4.2e-08  e= 0.645764585681  max|de|= -5.23e-09
davidson 3 24  |r|= 8.24e-05  e= [ 0.34949059  0.4104602   0.5611774   0.61298025  0.64576459  0.91934205]  max|de|= -0.000777  lindep= 0.829
root 0 converged  |r|= 2.95e-08  e= 0.349490590832  max|de|= 2.97e-11
root 1 converged  |r|= 3.4e-11  e= 0.410460203424  max|de|= 8.21e-10
root 2 converged  |r|= 5.99e-11  e= 0.561177368414  max|de|= -3e-08
root 3 converged  |r|= 1.66e-10  e= 0.612980182517  max|de|= -7.23e-08
davidson 4 28  |r|= 7.55e-08  e= [ 0.34949059  0.4104602   0.56117737  0.61298018  0.64576459  0.91934286]  max|de|= 8.09e-07  lindep=    1
Linear dependency in trial subspace. |r| for each state [2.9531023131437867e-08, 3.4011644657023977e-11, 5.9947825740939992e-11, 1.6593242926003264e-10, 0, 7.5457562510484773e-08]
IP root 0 E = 0.3494905908316385  qpwt = 0.953653
IP root 1 E = 0.4104602034236486  qpwt = 0.951832
IP root 2 E = 0.5611773684143179  qpwt = 0.960258
IP root 3 E = 0.6129801825167069  qpwt = 0.953916
IP root 4 E = 0.6457645861119576  qpwt = 0.954222
IP root 5 E = 0.9193428616399947  qpwt = 0.885848
    CPU time for IP-CCSD      1.00 sec, wall time      1.01 sec
    CPU time for EOM-CCSD shared one-electron intermediates      0.32 sec, wall time      0.33 sec
    CPU time for EOM-CCSD EA intermediates     31.31 sec, wall time     31.36 sec
tol 1e-07  toloose 0.000316228
max_cycle 100  max_space 38  max_memory 2000  incore True
davidson 0 6  |r|= 0.379  e= [ 0.12502535  0.16757651  0.19982565  0.22938047  0.39233073  0.44654461]  max|de|= 0.447  lindep=    1
davidson 1 12  |r|= 0.0814  e= [ 0.09572117  0.1396887   0.17186247  0.20077484  0.31953526  0.40652834]  max|de|= -0.0728  lindep= 0.942
davidson 2 18  |r|= 0.0626  e= [ 0.09312852  0.13636734  0.16870239  0.19749926  0.30205913  0.40459798]  max|de|= -0.0175  lindep= 0.949
davidson 3 24  |r|= 0.0116  e= [ 0.09312464  0.13628945  0.1685682   0.19736451  0.30011164  0.40450656]  max|de|= -0.00195  lindep= 0.596
davidson 4 30  |r|= 0.00487  e= [ 0.09312346  0.13628426  0.16857123  0.19737121  0.29996045  0.40439112]  max|de|= -0.000151  lindep= 0.714
davidson 5 36  |r|= 0.000937  e= [ 0.09312274  0.13628225  0.16856702  0.1973677   0.29990434  0.40437481]  max|de|= -5.61e-05  lindep= 0.724
root 0 converged  |r|= 6.04e-05  e= 0.0931227397201  max|de|= -1.12e-15
root 1 converged  |r|= 8.53e-05  e= 0.136282246755  max|de|= 1.03e-15
root 2 converged  |r|= 0.00014  e= 0.168567023525  max|de|= 3.33e-16
root 3 converged  |r|= 0.000141  e= 0.197367697627  max|de|= -2.86e-15
davidson 6 6  |r|= 0.000937  e= [ 0.09312274  0.13628225  0.16856702  0.1973677   0.29990434  0.40437481]  max|de|= -2.86e-15  lindep= 0.999
davidson 7 8  |r|= 0.000329  e= [ 0.09312281  0.13628234  0.168567    0.19736766  0.29990363  0.40437422]  max|de|= -7.18e-07  lindep= 0.945
davidson 8 10  |r|= 0.000121  e= [ 0.09312283  0.13628232  0.16856695  0.19736768  0.2999055   0.40437511]  max|de|= 1.88e-06  lindep= 0.784
root 5 converged  |r|= 6.43e-05  e= 0.40437503336  max|de|= -7.44e-08
davidson 9 12  |r|= 6.43e-05  e= [ 0.09312286  0.13628234  0.16856703  0.19736795  0.29990374  0.40437503]  max|de|= -1.77e-06  lindep= 0.858
davidson 10 13  |r|= 9.44e-06  e= [ 0.09312286  0.13628229  0.16856687  0.19736795  0.29990461  0.40437503]  max|de|= 8.7e-07  lindep= 0.666
davidson 11 14  |r|= 4.38e-06  e= [ 0.09312286  0.13628237  0.16856688  0.19736795  0.29990407  0.40437503]  max|de|= -5.34e-07  lindep= 0.551
davidson 12 15  |r|= 1.24e-06  e= [ 0.09312286  0.13628256  0.16856696  0.19736795  0.29990434  0.40437503]  max|de|= 2.63e-07  lindep= 0.818
root 4 converged  |r|= 4.68e-07  e= 0.299904263609  max|de|= -7.32e-08
converge 13 16  |r|= 4.68e-07  e= [ 0.09312286  0.13628255  0.16856754  0.19736795  0.29990426  0.40437503]  max|de|= 5.79e-07
EA root 0 E = 0.09312286288539123  qpwt = 0.98958
EA root 1 E = 0.1362825542870323  qpwt = 0.989099
EA root 2 E = 0.168567535027845  qpwt = 0.988969
EA root 3 E = 0.1973679524139347  qpwt = 0.988628
EA root 4 E = 0.2999042636092726  qpwt = 0.969858
EA root 5 E = 0.4043750333603724  qpwt = 0.985351
    CPU time for EA-CCSD     46.08 sec, wall time     46.14 sec
