

******** <class 'pyscf.scf.hf.RHF'> flags ********
method = RHF
initial guess = minao
damping factor = 0
level shift factor = 0
Do DIIS = True
DIIS start cycle = 1
DIIS space = 8
SCF tol = 1e-09
SCF gradient tol = None
max. SCF cycles = 50
direct_scf = True
direct_scf_tol = 1e-13
chkfile to save SCF result = /tmp/tmpuYch81
max_memory 4000 MB (current use 39 MB)
Set gradient conv threshold to 3.16228e-05
Nelec from initial guess = 13.9996
cond(S) = 49289.4839633
E_coul = 54.9461734129809
init E= -92.9815799805506
    CPU time for initialize scf      0.38 sec, wall time      0.55 sec
  HOMO = -0.42104042969405  LUMO = 0.0564815946257205
  mo_energy =
[-15.63687565 -11.45937089  -1.53156976  -0.79041987  -0.44756642
  -0.42104043  -0.42104043   0.05648159   0.05648159   0.14846404
   0.17916411   0.32800334   0.32800334   0.3640184    0.46682785
   0.49562848   0.53967063   0.53967063   0.74196227   0.80158311
   0.80158311   0.87368828   0.87368828   0.97028488   1.34355477
   1.36779189   1.36779189   1.37200467   1.37200467   1.51374979
   1.61013728   1.61013728   1.72024383   1.84751608   1.84751608
   2.02366457   2.37120853   2.56750572   2.66929523   2.66929523
   2.72831154   2.90168558   2.90168558   2.90731106   2.90731106
   3.00642108   3.00642108   3.19126099   3.19126099   3.45225178
   3.45225178   3.46372012   3.61058748   3.8462643    3.8462643
   4.26699084   4.26699084   4.332717     4.332717     4.57018162
   4.86145593   4.86145593   4.87387463   4.87387463   4.98506957
   4.98506957   5.16683952   5.30187505   5.64558073   5.64558073
   6.04488542   6.04488542   6.23349365   6.80274707  24.07321536
  33.3063565 ]
E_coul = 55.8618233963453
cycle= 1 E= -92.8746258273448  delta_E= 0.107  |g|= 0.336  |ddm|= 1.35
    CPU time for cycle= 1      0.03 sec, wall time      0.03 sec
diis-norm(errvec)=1.12856
diis-c [-1.27365498  1.        ]
  HOMO = -0.492842489352906  LUMO = 0.117123789033727
  mo_energy =
[-15.47865479 -11.40628272  -1.22745033  -0.87622565  -0.51757029
  -0.49284249  -0.49284249   0.11712379   0.14153206   0.14153206
   0.18460336   0.32950533   0.32950533   0.36644508   0.48406492
   0.50885871   0.61350708   0.61350708   0.78605808   0.78605808
   0.78676261   0.82125252   0.82125252   0.9936978    1.35553647
   1.35553647   1.40496175   1.45085603   1.45085603   1.49983577
   1.60804202   1.60804202   1.6602175    1.92988562   1.92988562
   2.11584512   2.39732275   2.61013124   2.68547814   2.76773393
   2.76773393   2.87926655   2.87926655   2.88056046   2.88056046
   2.96542831   2.96542831   3.16543187   3.16543187   3.46617818
   3.46617818   3.47540268   3.61969175   3.78054167   3.78054167
   4.24262129   4.24262129   4.3891684    4.3891684    4.57143454
   4.8945721    4.8945721    4.98292349   4.98292349   5.10000114
   5.10000114   5.19558246   5.33335203   5.72516696   5.72516696
   6.1169088    6.1169088    6.27970135   6.87922215  24.11321337
  33.45103609]
E_coul = 55.5945215619276
cycle= 2 E= -92.8945342749855  delta_E= -0.0199  |g|= 0.285  |ddm|= 0.299
    CPU time for cycle= 2      0.03 sec, wall time      0.03 sec
diis-norm(errvec)=0.819229
diis-c [-0.18421016  0.40067445  0.59932555]
  HOMO = -0.503092961260855  LUMO = 0.145951236151511
  mo_energy =
[-15.63726669 -11.27931003  -1.24490588  -0.81712048  -0.58418823
  -0.50309296  -0.50309296   0.14595124   0.14675673   0.14675673
   0.18896696   0.34657026   0.34657026   0.36887893   0.48864607
   0.5215704    0.58801659   0.58801659   0.77023368   0.80903126
   0.80903126   0.85392834   0.85392834   1.00454456   1.36740119
   1.36740119   1.3953882    1.41500716   1.41500716   1.52709806
   1.66064704   1.66064704   1.7137315    1.89381278   1.89381278
   2.09508535   2.38740458   2.58729706   2.70318828   2.70318828
   2.70550706   2.9225186    2.9225186    2.92925561   2.92925561
   3.03113035   3.03113035   3.23112081   3.23112081   3.49164617
   3.49164617   3.51675889   3.63752467   3.82493696   3.82493696
   4.28701132   4.28701132   4.31634413   4.31634413   4.58108818
   4.89861667   4.89861667   4.90782888   4.90782888   5.03643045
   5.03643045   5.20861078   5.32210665   5.6913671    5.6913671
   6.09947084   6.09947084   6.28065644   6.88263842  24.23168415
  33.30002427]
E_coul = 55.8763377199233
cycle= 3 E= -92.9105786927601  delta_E= -0.016  |g|= 0.0551  |ddm|= 0.155
    CPU time for cycle= 3      0.03 sec, wall time      0.03 sec
diis-norm(errvec)=0.165322
diis-c [-0.00668546 -0.11309984  0.04672028  1.06637956]
  HOMO = -0.494416958243319  LUMO = 0.150934148155111
  mo_energy =
[-15.58834303 -11.28672239  -1.23243027  -0.81126619  -0.57698272
  -0.49441696  -0.49441696   0.15093415   0.15511429   0.15511429
   0.19074432   0.34813944   0.34813944   0.37028847   0.4894937
   0.53032504   0.59394292   0.59394292   0.77319852   0.81078933
   0.81078933   0.86132433   0.86132433   1.01223715   1.37360632
   1.37360632   1.40004579   1.42143127   1.42143127   1.53287915
   1.66028501   1.66028501   1.72030043   1.90152035   1.90152035
   2.10344392   2.39385736   2.59957517   2.71770405   2.72057293
   2.72057293   2.92932582   2.92932582   2.92992526   2.92992526
   3.03917736   3.03917736   3.23143243   3.23143243   3.50213443
   3.50213443   3.52669671   3.64783624   3.83629544   3.83629544
   4.30152312   4.30152312   4.3282518    4.3282518    4.59756351
   4.91436828   4.91436828   4.92778502   4.92778502   5.04899647
   5.04899647   5.2243395    5.33694535   5.7055075    5.7055075
   6.11343884   6.11343884   6.29803842   6.89880232  24.22622061
  33.34585015]
E_coul = 55.7882610021715
cycle= 4 E= -92.911570139649  delta_E= -0.000991  |g|= 0.0107  |ddm|= 0.0448
    CPU time for cycle= 4      0.03 sec, wall time      0.03 sec
diis-norm(errvec)=0.0290971
diis-c [ -4.25245206e-04  -1.14636305e-02  -3.29634849e-02  -1.15503543e-02
   1.05597747e+00]
  HOMO = -0.497425289376165  LUMO = 0.150467206437679
  mo_energy =
[-15.59991221 -11.2934535   -1.23717097  -0.81331909  -0.58172322
  -0.49742529  -0.49742529   0.15046721   0.15340269   0.15340269
   0.19004254   0.34696219   0.34696219   0.36983756   0.48900345
   0.52879754   0.5924803    0.5924803    0.77204043   0.8089714
   0.8089714    0.86004547   0.86004547   1.00948859   1.37202776
   1.37202776   1.39790977   1.41917009   1.41917009   1.53087095
   1.65742309   1.65742309   1.71844405   1.89916587   1.89916587
   2.09987022   2.39211348   2.59690456   2.7161557    2.7161557
   2.71619483   2.92680844   2.92680844   2.92734587   2.92734587
   3.03621139   3.03621139   3.22808952   3.22808952   3.49883572
   3.49883572   3.52338498   3.64430746   3.83429437   3.83429437
   4.29997977   4.29997977   4.32394784   4.32394784   4.59388519
   4.91098958   4.91098958   4.9219167    4.9219167    5.04542195
   5.04542195   5.22015794   5.33426199   5.70214909   5.70214909
   6.10895445   6.10895445   6.29368697   6.89421364  24.21993263
  33.33500697]
E_coul = 55.8102637204301
cycle= 5 E= -92.9116153553319  delta_E= -4.52e-05  |g|= 0.00299  |ddm|= 0.0123
    CPU time for cycle= 5      0.03 sec, wall time      0.03 sec
diis-norm(errvec)=0.00827033
diis-c [ -3.83001513e-05   7.90978281e-03  -4.85484047e-03  -6.79705763e-02
  -1.75978676e-02   1.08251350e+00]
  HOMO = -0.496550601424283  LUMO = 0.150400720178379
  mo_energy =
[-15.59881792 -11.29076394  -1.23604468  -0.81282475  -0.58158272
  -0.4965506   -0.4965506    0.15040072   0.15382627   0.15382627
   0.19019159   0.3473607    0.3473607    0.36986399   0.48906021
   0.52897267   0.59278681   0.59278681   0.77217425   0.8094987
   0.8094987    0.86012686   0.86012686   1.00984629   1.3722437
   1.3722437    1.39847828   1.41944261   1.41944261   1.53134313
   1.658507     1.658507     1.71874467   1.89953261   1.89953261
   2.10058752   2.39228347   2.59712302   2.71607546   2.71663764
   2.71663764   2.92778441   2.92778441   2.92786729   2.92786729
   3.03688627   3.03688627   3.22933783   3.22933783   3.49946856
   3.49946856   3.52403428   3.64494238   3.83432597   3.83432597
   4.29963635   4.29963635   4.32421142   4.32421142   4.59420948
   4.91131912   4.91131912   4.92247157   4.92247157   5.04583805
   5.04583805   5.22072196   5.33446196   5.70265117   5.70265117
   6.10975004   6.10975004   6.29439011   6.89516499  24.22238024
  33.33602665]
E_coul = 55.8052693215192
cycle= 6 E= -92.9116195962716  delta_E= -4.24e-06  |g|= 0.000756  |ddm|= 0.00352
    CPU time for cycle= 6      0.03 sec, wall time      0.03 sec
diis-norm(errvec)=0.00221509
diis-c [ -7.68779757e-07  -6.99256742e-04   3.54421739e-03   1.70072197e-02
  -8.97271361e-02  -2.51254921e-01   1.32112988e+00]
  HOMO = -0.496633433888077  LUMO = 0.150441833682612
  mo_energy =
[-15.59892168 -11.29094815  -1.23623713  -0.81275223  -0.58185333
  -0.49663343  -0.49663343   0.15044183   0.15381093   0.15381093
   0.1901761    0.3473354    0.3473354    0.36985417   0.48899321
   0.52898511   0.59271298   0.59271298   0.77208542   0.80947807
   0.80947807   0.86018161   0.86018161   1.00980534   1.37223255
   1.37223255   1.39836722   1.41929022   1.41929022   1.5313579
   1.65846321   1.65846321   1.71878314   1.8994052    1.8994052
   2.10044183   2.39220724   2.59701797   2.71611997   2.71648926
   2.71648926   2.92780573   2.92780573   2.92786257   2.92786257
   3.0369362    3.0369362    3.22933248   3.22933248   3.49938943
   3.49938943   3.52394809   3.64488846   3.83435075   3.83435075
   4.29965569   4.29965569   4.32392722   4.32392722   4.59413729
   4.91125965   4.91125965   4.92222747   4.92222747   5.045642     5.045642
   5.22063888   5.33438378   5.70253061   5.70253061   6.10961275
   6.10961275   6.29430806   6.89504254  24.22221808  33.33591753]
E_coul = 55.8055956099747
cycle= 7 E= -92.9116199077069  delta_E= -3.11e-07  |g|= 8.99e-05  |ddm|= 0.00112
    CPU time for cycle= 7      0.03 sec, wall time      0.03 sec
diis-norm(errvec)=0.000261367
diis-c [ -1.29362233e-08  -9.16799649e-05  -6.19198161e-04  -5.80001427e-04
   1.44452791e-02   3.30595822e-02  -2.49347257e-01   1.20313327e+00]
  HOMO = -0.4966422591291  LUMO = 0.150449573336068
  mo_energy =
[-15.59898352 -11.2909638   -1.23625796  -0.81274946  -0.58187511
  -0.49664226  -0.49664226   0.15044957   0.15380614   0.15380614
   0.19017424   0.34733413   0.34733413   0.36985357   0.48898663
   0.52898819   0.5927021    0.5927021    0.77207637   0.80948026
   0.80948026   0.86018846   0.86018846   1.00980514   1.37223409
   1.37223409   1.39835974   1.41927736   1.41927736   1.53136074
   1.65846248   1.65846248   1.71878643   1.89938999   1.89938999
   2.100427     2.3921988    2.59700217   2.71612466   2.71646756
   2.71646756   2.92781178   2.92781178   2.92786619   2.92786619
   3.03693735   3.03693735   3.22933434   3.22933434   3.49938914
   3.49938914   3.52394765   3.64488423   3.83435823   3.83435823
   4.29966396   4.29966396   4.32390463   4.32390463   4.59413148
   4.91124844   4.91124844   4.92220344   4.92220344   5.04561978
   5.04561978   5.22062894   5.33437077   5.70251272   5.70251272
   6.10960361   6.10960361   6.29429655   6.89502904  24.22220536
  33.33585678]
E_coul = 55.8056940412796
cycle= 8 E= -92.9116199101576  delta_E= -2.45e-09  |g|= 9.6e-06  |ddm|= 0.000112
    CPU time for cycle= 8      0.03 sec, wall time      0.03 sec
diis-norm(errvec)=2.78169e-05
diis-c [ -1.52987845e-10   1.80288862e-05  -3.31249606e-06  -1.44726956e-04
  -2.44812217e-04   1.51057655e-04   7.75969814e-03  -1.39652361e-01
   1.13211643e+00]
  HOMO = -0.496640831033063  LUMO = 0.150449841125829
  mo_energy =
[-15.59898197 -11.29095675  -1.23625818  -0.81274756  -0.58187277
  -0.49664083  -0.49664083   0.15044984   0.15380655   0.15380655
   0.19017407   0.34733474   0.34733474   0.36985393   0.48898713
   0.52898853   0.59270212   0.59270212   0.77207632   0.80948102
   0.80948102   0.86018896   0.86018896   1.00980575   1.3722346
   1.3722346    1.39836043   1.41927756   1.41927756   1.5313615
   1.65846462   1.65846462   1.7187878    1.89939091   1.89939091
   2.10042855   2.3921993    2.59700258   2.71612504   2.71646773
   2.71646773   2.92781351   2.92781351   2.92786721   2.92786721
   3.03693926   3.03693926   3.22933695   3.22933695   3.4993899
   3.4993899    3.52394858   3.64488519   3.83435876   3.83435876
   4.29966388   4.29966388   4.32390463   4.32390463   4.59413188
   4.91124949   4.91124949   4.92220348   4.92220348   5.04562066
   5.04562066   5.2206302    5.33437162   5.70251396   5.70251396
   6.10960445   6.10960445   6.29429776   6.89503056  24.22221185
  33.33585854]
E_coul = 55.8056923179827
cycle= 9 E= -92.9116199101876  delta_E= -3e-11  |g|= 1.28e-06  |ddm|= 2.02e-05
    CPU time for cycle= 9      0.03 sec, wall time      0.03 sec
  HOMO = -0.496641261153996  LUMO = 0.150449825025635
  mo_energy =
[-15.59898345 -11.29095742  -1.23625875  -0.81274777  -0.58187328
  -0.49664126  -0.49664126   0.15044983   0.15380631   0.15380631
   0.19017398   0.34733463   0.34733463   0.36985389   0.48898705
   0.52898839   0.59270186   0.59270186   0.77207612   0.80948086
   0.80948086   0.86018882   0.86018882   1.00980548   1.37223441
   1.37223441   1.39836016   1.41927723   1.41927723   1.53136132
   1.65846437   1.65846437   1.71878766   1.89939052   1.89939052
   2.10042812   2.39219901   2.59700212   2.71612487   2.71646711
   2.71646711   2.92781333   2.92781333   2.92786698   2.92786698
   3.03693901   3.03693901   3.2293367    3.2293367    3.49938959
   3.49938959   3.52394827   3.64488485   3.83435857   3.83435857
   4.29966372   4.29966372   4.32390405   4.32390405   4.59413146
   4.91124901   4.91124901   4.92220276   4.92220276   5.04562004
   5.04562004   5.22062975   5.33437115   5.70251339   5.70251339
   6.10960396   6.10960396   6.29429725   6.89503     24.22221119
  33.33585713]
    CPU time for scf_cycle      0.65 sec, wall time      0.83 sec
    CPU time for SCF      0.65 sec, wall time      0.83 sec
converged SCF energy = -92.9116199101876
RHF E = -92.9116199102
RHF eps = [-15.59898345 -11.29095742  -1.23625875  -0.81274777  -0.58187328
  -0.49664126  -0.49664126   0.15044983   0.15380631   0.15380631
   0.19017398   0.34733463   0.34733463   0.36985389   0.48898705
   0.52898839   0.59270186   0.59270186   0.77207612   0.80948086
   0.80948086   0.86018882   0.86018882   1.00980548   1.37223441
   1.37223441   1.39836016   1.41927723   1.41927723   1.53136132
   1.65846437   1.65846437   1.71878766   1.89939052   1.89939052
   2.10042812   2.39219901   2.59700212   2.71612487   2.71646711
   2.71646711   2.92781333   2.92781333   2.92786698   2.92786698
   3.03693901   3.03693901   3.2293367    3.2293367    3.49938959
   3.49938959   3.52394827   3.64488485   3.83435857   3.83435857
   4.29966372   4.29966372   4.32390405   4.32390405   4.59413146
   4.91124901   4.91124901   4.92220276   4.92220276   5.04562004
   5.04562004   5.22062975   5.33437115   5.70251339   5.70251339
   6.10960396   6.10960396   6.29429725   6.89503     24.22221119
  33.33585713]
    CPU time for CCSD integral transformation      2.71 sec, wall time      2.72 sec

******** <class 'pyscf.cc.rccsd_slow.RCCSD'> flags ********
CCSD nocc = 5, nvir = 69
frozen orbitals [0, 1]
max_cycle = 100
direct = 0
conv_tol = 1e-07
conv_tol_normt = 1e-05
diis_space = 6
diis_start_cycle = 0
diis_start_energy_diff = 1e+09
Init t2, MP2 energy = -0.343966756649703
    CPU time for init mp2      0.00 sec, wall time      0.00 sec
    CPU time for update t1 t2      0.48 sec, wall time      0.48 sec
istep = 0  E(CCSD) = -0.343728178116075  dE = -0.343728178  norm(t1,t2) = 0.0396341
    CPU time for CCSD iter      0.48 sec, wall time      0.48 sec
    CPU time for update t1 t2      0.47 sec, wall time      0.47 sec
DIIS for step 1
istep = 1  E(CCSD) = -0.348746994998074  dE = -0.00501881688  norm(t1,t2) = 0.0170269
    CPU time for CCSD iter      0.47 sec, wall time      0.47 sec
    CPU time for update t1 t2      0.48 sec, wall time      0.47 sec
diis-c [ -3.11462542e-05   1.00000000e+00]
DIIS for step 2
istep = 2  E(CCSD) = -0.349291387730612  dE = -0.000544392733  norm(t1,t2) = 0.00694869
    CPU time for CCSD iter      0.48 sec, wall time      0.47 sec
    CPU time for update t1 t2      0.46 sec, wall time      0.47 sec
diis-c [ -3.40299959e-06  -3.40941871e-01   1.34094187e+00]
DIIS for step 3
istep = 3  E(CCSD) = -0.349955854136685  dE = -0.000664466406  norm(t1,t2) = 0.00322234
    CPU time for CCSD iter      0.47 sec, wall time      0.47 sec
    CPU time for update t1 t2      0.47 sec, wall time      0.47 sec
diis-c [ -3.05604566e-07  -2.08416508e-01   1.77320434e-01   1.03109607e+00]
DIIS for step 4
istep = 4  E(CCSD) = -0.350053918398827  dE = -9.80642621e-05  norm(t1,t2) = 0.00118602
    CPU time for CCSD iter      0.48 sec, wall time      0.47 sec
    CPU time for update t1 t2      0.47 sec, wall time      0.47 sec
diis-c [ -4.14268641e-08   1.00224694e-01  -1.31571257e-01  -4.31616754e-01
   1.46296332e+00]
DIIS for step 5
istep = 5  E(CCSD) = -0.350023509022479  dE = 3.04093763e-05  norm(t1,t2) = 0.000375386
    CPU time for CCSD iter      0.47 sec, wall time      0.48 sec
    CPU time for update t1 t2      0.47 sec, wall time      0.47 sec
diis-c [ -2.07834697e-09   5.20948844e-02  -4.82782311e-02  -2.65122716e-01
   1.82290394e-01   1.07901567e+00]
DIIS for step 6
istep = 6  E(CCSD) = -0.350024033533327  dE = -5.24510848e-07  norm(t1,t2) = 0.000132732
    CPU time for CCSD iter      0.48 sec, wall time      0.48 sec
    CPU time for update t1 t2      0.47 sec, wall time      0.47 sec
diis-c [ -1.07999637e-10  -2.06371199e-02   2.10237938e-02   1.00404148e-01
  -1.04016242e-01  -3.61562221e-01   1.36478764e+00]
DIIS for step 7
istep = 7  E(CCSD) = -0.350026354870573  dE = -2.32133725e-06  norm(t1,t2) = 2.26906e-05
    CPU time for CCSD iter      0.47 sec, wall time      0.48 sec
    CPU time for update t1 t2      0.47 sec, wall time      0.47 sec
diis-c [ -1.65926162e-11   1.08510563e+00   2.49258781e-04  -2.11617074e-04
   8.97834306e-04  -9.52942426e-03  -7.65116806e-02]
DIIS for step 8
istep = 8  E(CCSD) = -0.350025549683071  dE = 8.05187502e-07  norm(t1,t2) = 6.22981e-06
    CPU time for CCSD iter      0.48 sec, wall time      0.48 sec
    CPU time for update t1 t2      0.46 sec, wall time      0.47 sec
diis-c [ -1.10095266e-11   2.84784223e-01   7.64182438e-01  -8.25067434e-05
   2.76057836e-03  -3.45037724e-03  -4.81943553e-02]
DIIS for step 9
istep = 9  E(CCSD) = -0.350025168954021  dE = 3.8072905e-07  norm(t1,t2) = 4.41776e-06
    CPU time for CCSD iter      0.47 sec, wall time      0.48 sec
    CPU time for update t1 t2      0.47 sec, wall time      0.47 sec
diis-c [ -6.71424027e-12   4.12322548e-01   2.50636339e+00  -1.79862540e+00
   3.88674198e-03  -2.00309530e-03  -1.21944187e-01]
DIIS for step 10
istep = 10  E(CCSD) = -0.350026335422747  dE = -1.16646873e-06  norm(t1,t2) = 4.81577e-06
    CPU time for CCSD iter      0.48 sec, wall time      0.48 sec
    CPU time for update t1 t2      0.47 sec, wall time      0.47 sec
diis-c [ -3.64652752e-13  -6.86942634e-02  -9.78799843e-02   1.62947662e+00
  -4.56205599e-01   2.72674457e-03  -9.42352199e-03]
DIIS for step 11
istep = 11  E(CCSD) = -0.350024520064134  dE = 1.81535861e-06  norm(t1,t2) = 1.45301e-05
    CPU time for CCSD iter      0.47 sec, wall time      0.48 sec
    CPU time for update t1 t2      0.47 sec, wall time      0.47 sec
diis-c [ -1.58428826e-13   8.81525719e-02   1.97885111e-01   4.34422383e-01
  -8.04041888e-01   1.09752724e+00  -1.39454173e-02]
DIIS for step 12
istep = 12  E(CCSD) = -0.350023638226986  dE = 8.81837148e-07  norm(t1,t2) = 7.83045e-06
    CPU time for CCSD iter      0.48 sec, wall time      0.48 sec
    CPU time for update t1 t2      0.47 sec, wall time      0.47 sec
diis-c [ -1.72611925e-13   4.98178193e-02   1.02447989e-01   5.58354256e-01
  -7.35156067e-01   4.72971760e-01   5.51564242e-01]
DIIS for step 13
istep = 13  E(CCSD) = -0.350023231347081  dE = 4.06879905e-07  norm(t1,t2) = 6.9169e-06
    CPU time for CCSD iter      0.47 sec, wall time      0.48 sec
    CPU time for update t1 t2      0.48 sec, wall time      0.47 sec
diis-c [ -1.83408844e-13  -3.44924436e-01   3.61052567e-02   7.70769753e-01
  -7.37760036e-01   1.10837721e+00   1.67432253e-01]
DIIS for step 14
istep = 14  E(CCSD) = -0.350023973016751  dE = -7.4166967e-07  norm(t1,t2) = 8.2733e-06
    CPU time for CCSD iter      0.48 sec, wall time      0.48 sec
    CPU time for update t1 t2      0.47 sec, wall time      0.47 sec
diis-c [ -1.36834988e-14   7.90981848e-01  -1.29813061e+00  -4.62346771e-01
   2.24494959e-01   6.56837894e-01   1.08816268e+00]
DIIS for step 15
istep = 15  E(CCSD) = -0.350023328055548  dE = 6.44961203e-07  norm(t1,t2) = 1.55298e-05
    CPU time for CCSD iter      0.47 sec, wall time      0.48 sec
    CPU time for update t1 t2      0.48 sec, wall time      0.47 sec
diis-c [ -9.90874049e-15   5.80803259e-01  -1.73923573e+00   8.32583507e-01
  -5.92401058e-02   5.05203184e-01   8.79885886e-01]
DIIS for step 16
istep = 16  E(CCSD) = -0.35002283722656  dE = 4.90828988e-07  norm(t1,t2) = 1.5677e-05
    CPU time for CCSD iter      0.48 sec, wall time      0.48 sec
    CPU time for update t1 t2      0.47 sec, wall time      0.47 sec
diis-c [ -7.82707232e-15   7.32416975e-01  -1.89943759e+00   7.48693577e-01
   1.74663737e-01   2.82700801e-01   9.60962498e-01]
DIIS for step 17
istep = 17  E(CCSD) = -0.350022579985122  dE = 2.57241439e-07  norm(t1,t2) = 1.65735e-05
    CPU time for CCSD iter      0.47 sec, wall time      0.48 sec
    CPU time for update t1 t2      0.48 sec, wall time      0.47 sec
diis-c [ -1.02973186e-14   7.83118277e-01  -1.90829155e+00   7.89592589e-01
   3.60925599e-01  -1.60754788e-01   1.13540988e+00]
DIIS for step 18
istep = 18  E(CCSD) = -0.350022325941683  dE = 2.54043438e-07  norm(t1,t2) = 1.87081e-05
    CPU time for CCSD iter      0.48 sec, wall time      0.48 sec
    CPU time for update t1 t2      0.47 sec, wall time      0.47 sec
diis-c [ -1.12965193e-14   1.65227985e+00  -1.68050359e+00   1.23317181e+00
   6.00004606e-01   1.28311769e-02  -8.17783856e-01]
DIIS for step 19
istep = 19  E(CCSD) = -0.350022610622047  dE = -2.84680364e-07  norm(t1,t2) = 2.08527e-05
    CPU time for CCSD iter      0.47 sec, wall time      0.48 sec
    CPU time for update t1 t2      0.47 sec, wall time      0.47 sec
diis-c [ -1.14075416e-14  -1.74393969e+00  -1.36773850e-01   1.43808885e+00
   1.02417900e+00   5.28699900e-01  -1.10254212e-01]
DIIS for step 20
istep = 20  E(CCSD) = -0.350023707325677  dE = -1.09670363e-06  norm(t1,t2) = 2.57896e-05
    CPU time for CCSD iter      0.48 sec, wall time      0.48 sec
    CPU time for update t1 t2      0.47 sec, wall time      0.47 sec
diis-c [ -3.66373598e-15  -1.44598563e-01  -9.10853603e-01   7.06002852e-01
   6.29596892e-01   4.50072520e-01   2.69779902e-01]
DIIS for step 21
istep = 21  E(CCSD) = -0.350022173733255  dE = 1.53359242e-06  norm(t1,t2) = 3.48856e-05
    CPU time for CCSD iter      0.47 sec, wall time      0.47 sec
    CPU time for update t1 t2      0.47 sec, wall time      0.47 sec
diis-c [ -6.55031585e-15   4.69236419e-02  -8.31121503e-01  -3.99979771e-01
   9.34068163e-01   7.28352673e-01   5.21756795e-01]
DIIS for step 22
istep = 22  E(CCSD) = -0.350021916831613  dE = 2.56901641e-07  norm(t1,t2) = 3.04088e-05
    CPU time for CCSD iter      0.47 sec, wall time      0.48 sec
    CPU time for update t1 t2      0.47 sec, wall time      0.47 sec
diis-c [ -8.68749517e-15   3.48208785e-01  -8.16384443e-01  -2.44541320e-01
  -5.17305596e-01   1.25202033e+00   9.78002247e-01]
DIIS for step 23
istep = 23  E(CCSD) = -0.350021866624171  dE = 5.02074428e-08  norm(t1,t2) = 3.2548e-05
    CPU time for CCSD iter      0.48 sec, wall time      0.48 sec
    CPU time for update t1 t2      0.48 sec, wall time      0.47 sec
diis-c [ -1.70419234e-14   9.40744204e-01  -7.14381946e-01   9.83235551e-02
  -2.89331089e-01  -8.71164613e-01   1.83580989e+00]
DIIS for step 24
istep = 24  E(CCSD) = -0.350022111007571  dE = -2.44383401e-07  norm(t1,t2) = 3.57576e-05
    CPU time for CCSD iter      0.48 sec, wall time      0.48 sec
    CPU time for update t1 t2      0.47 sec, wall time      0.47 sec
diis-c [ -2.07611706e-14   2.16439310e+00  -2.52310671e-01   9.34345780e-01
   3.68317855e-01  -4.81236349e-01  -1.73350971e+00]
DIIS for step 25
istep = 25  E(CCSD) = -0.350022889801467  dE = -7.78793895e-07  norm(t1,t2) = 4.04874e-05
    CPU time for CCSD iter      0.47 sec, wall time      0.48 sec
    CPU time for update t1 t2      0.47 sec, wall time      0.47 sec
diis-c [ -1.29063427e-14  -1.84500067e+00   5.55539672e-01   1.37756963e+00
   9.85465509e-01   3.96955449e-01  -4.70529594e-01]
DIIS for step 26
istep = 26  E(CCSD) = -0.350021351880326  dE = 1.53792114e-06  norm(t1,t2) = 4.79649e-05
    CPU time for CCSD iter      0.48 sec, wall time      0.48 sec
    CPU time for update t1 t2      0.46 sec, wall time      0.47 sec
diis-c [ -6.91113833e-15  -1.45049511e+00  -6.85933718e-01   1.52843503e+00
   1.16597516e+00   6.21959048e-01  -1.79940412e-01]
DIIS for step 27
istep = 27  E(CCSD) = -0.350021213746528  dE = 1.38133799e-07  norm(t1,t2) = 4.34716e-05
    CPU time for CCSD iter      0.47 sec, wall time      0.48 sec
    CPU time for update t1 t2      0.47 sec, wall time      0.47 sec
diis-c [ -1.41830991e-14  -1.39934775e+00  -3.76423253e-01  -9.99516169e-01
   2.10129067e+00   1.37343851e+00   3.00557986e-01]
DIIS for step 28
istep = 28  E(CCSD) = -0.350021456369151  dE = -2.42622623e-07  norm(t1,t2) = 4.62022e-05
    CPU time for CCSD iter      0.48 sec, wall time      0.48 sec
    CPU time for update t1 t2      0.47 sec, wall time      0.47 sec
diis-c [ -1.63480340e-14  -9.67837477e-01   3.65222628e-01  -4.46783358e-01
  -1.84367531e+00   2.64561799e+00   1.24745553e+00]
DIIS for step 29
istep = 29  E(CCSD) = -0.350022038416205  dE = -5.82047054e-07  norm(t1,t2) = 5.09166e-05
    CPU time for CCSD iter      0.47 sec, wall time      0.48 sec
    CPU time for update t1 t2      0.47 sec, wall time      0.47 sec
diis-c [ -4.14113188e-14   1.05575156e-01   1.32124463e+00   5.80729211e-01
  -6.93174868e-01  -2.44017088e+00   2.12579675e+00]
DIIS for step 30
istep = 30  E(CCSD) = -0.350021297116911  dE = 7.41299294e-07  norm(t1,t2) = 5.73877e-05
    CPU time for CCSD iter      0.48 sec, wall time      0.48 sec
    CPU time for update t1 t2      0.46 sec, wall time      0.47 sec
diis-c [ -1.15102372e-13   9.42414668e-01   2.32452262e+00   1.48260991e+00
   3.42822651e-02  -1.95191897e+00  -1.83191049e+00]
DIIS for step 31
istep = 31  E(CCSD) = -0.350021359233074  dE = -6.2116163e-08  norm(t1,t2) = 5.70172e-05
    CPU time for CCSD iter      0.47 sec, wall time      0.48 sec
    CPU time for update t1 t2      0.48 sec, wall time      0.47 sec
diis-c [ -1.74055215e-13  -1.64647990e+00   2.20539009e+00   1.59531017e+00
   5.45798964e-01  -8.93477473e-01  -8.06541853e-01]
DIIS for step 32
istep = 32  E(CCSD) = -0.350020609917293  dE = 7.49315781e-07  norm(t1,t2) = 6.08345e-05
    CPU time for CCSD iter      0.48 sec, wall time      0.48 sec
    CPU time for update t1 t2      0.46 sec, wall time      0.47 sec
diis-c [ -3.62931907e-13  -1.62907269e+00  -1.48737830e+00   3.27608139e+00
   1.68811031e+00  -4.89607223e-01  -3.58133496e-01]
DIIS for step 33
istep = 33  E(CCSD) = -0.350021856253739  dE = -1.24633645e-06  norm(t1,t2) = 6.04378e-05
    CPU time for CCSD iter      0.47 sec, wall time      0.47 sec
    CPU time for update t1 t2      0.47 sec, wall time      0.47 sec
diis-c [ -6.05210326e-13  -2.21805186e-01  -9.83775061e-02  -3.00557070e+00
   2.66884005e+00   7.71194458e-01   8.85718886e-01]
DIIS for step 34
istep = 34  E(CCSD) = -0.350020673837254  dE = 1.18241649e-06  norm(t1,t2) = 7.04267e-05
    CPU time for CCSD iter      0.47 sec, wall time      0.48 sec
    CPU time for update t1 t2      0.49 sec, wall time      0.49 sec
diis-c [ -6.69742040e-14   6.01230918e-01   4.96480429e+00  -8.07300504e+00
   3.03704927e+00  -2.49570246e+00   2.96562302e+00]
DIIS for step 35
istep = 35  E(CCSD) = -0.350009661263109  dE = 1.10125741e-05  norm(t1,t2) = 6.77799e-05
    CPU time for CCSD iter      0.49 sec, wall time      0.49 sec
    CPU time for update t1 t2      0.48 sec, wall time      0.47 sec
diis-c [ -4.87387908e-14  -1.67386657e-01  -1.98750566e-02  -1.40466499e-01
   2.50754576e-01   1.32730852e+00  -2.50334887e-01]
DIIS for step 36
istep = 36  E(CCSD) = -0.350005619232705  dE = 4.0420304e-06  norm(t1,t2) = 1.4115e-05
    CPU time for CCSD iter      0.48 sec, wall time      0.48 sec
    CPU time for update t1 t2      0.47 sec, wall time      0.47 sec
diis-c [ -1.87072580e-14  -2.30826404e-01  -7.92754709e-02  -6.81224010e-03
   2.65439641e-01   2.87267729e-01   7.64206744e-01]
DIIS for step 37
istep = 37  E(CCSD) = -0.350005843572653  dE = -2.24339948e-07  norm(t1,t2) = 3.58366e-06
    CPU time for CCSD iter      0.47 sec, wall time      0.48 sec
    CPU time for update t1 t2      0.48 sec, wall time      0.47 sec
diis-c [ -9.90874049e-15   4.70644998e-01  -2.74147278e-01  -4.27516865e-02
   3.47168233e-01  -1.54834821e-01   6.53920554e-01]
DIIS for step 38
istep = 38  E(CCSD) = -0.350005521391475  dE = 3.22181179e-07  norm(t1,t2) = 1.19812e-06
    CPU time for CCSD iter      0.48 sec, wall time      0.47 sec
    CPU time for update t1 t2      0.47 sec, wall time      0.47 sec
diis-c [  5.55111512e-17   5.24645384e-01   6.57775981e-01   1.02153944e-01
   1.49049159e-02  -6.71809289e-01   3.72329064e-01]
DIIS for step 39
istep = 39  E(CCSD) = -0.350004840883264  dE = 6.80508211e-07  norm(t1,t2) = 2.96813e-06
    CPU time for CCSD iter      0.47 sec, wall time      0.48 sec
    CPU time for update t1 t2      0.47 sec, wall time      0.47 sec
diis-c [ -2.22044605e-16   2.50901583e-01   3.14612512e-01   5.60237918e-01
   4.11681536e-02  -3.52537759e-01   1.85617593e-01]
DIIS for step 40
istep = 40  E(CCSD) = -0.350004403912956  dE = 4.36970308e-07  norm(t1,t2) = 2.85743e-06
    CPU time for CCSD iter      0.48 sec, wall time      0.47 sec
    CPU time for update t1 t2      0.47 sec, wall time      0.47 sec
diis-c [ -4.16333634e-16   1.59131240e-01   2.12671101e-01   3.81283568e-01
   3.82916575e-01  -2.23510328e-01   8.75078434e-02]
DIIS for step 41
istep = 41  E(CCSD) = -0.350003968903251  dE = 4.35009705e-07  norm(t1,t2) = 4.04171e-06
    CPU time for CCSD iter      0.47 sec, wall time      0.48 sec
    CPU time for update t1 t2      0.47 sec, wall time      0.47 sec
diis-c [ -5.19029264e-15   2.10870979e-01   1.30651734e-01   1.33656460e-01
   8.02343219e-02   2.63641831e-02   4.18222322e-01]
DIIS for step 42
istep = 42  E(CCSD) = -0.350005408527806  dE = -1.43962455e-06  norm(t1,t2) = 5.23942e-06
    CPU time for CCSD iter      0.47 sec, wall time      0.47 sec
    CPU time for update t1 t2      0.48 sec, wall time      0.47 sec
diis-c [ -1.41553436e-15   3.21248036e-01   2.56365399e-01   2.58819079e-01
   2.15604236e-01   1.72027129e-01  -2.24063880e-01]
DIIS for step 43
istep = 43  E(CCSD) = -0.350004966135423  dE = 4.42392383e-07  norm(t1,t2) = 1.61699e-05
    CPU time for CCSD iter      0.48 sec, wall time      0.47 sec
    CPU time for update t1 t2      0.48 sec, wall time      0.47 sec
diis-c [ -7.49400542e-16  -1.59377954e-01   3.49242880e-01   3.51632366e-01
   3.09580788e-01   2.67176699e-01  -1.18254779e-01]
DIIS for step 44
istep = 44  E(CCSD) = -0.350004623314311  dE = 3.42821112e-07  norm(t1,t2) = 1.73137e-05
    CPU time for CCSD iter      0.48 sec, wall time      0.47 sec
    CPU time for update t1 t2      0.47 sec, wall time      0.47 sec
diis-c [ -5.55111512e-17  -8.69010810e-02  -1.51883639e-01   4.73084271e-01
   4.27002728e-01   3.80534834e-01  -4.18371135e-02]
DIIS for step 45
istep = 45  E(CCSD) = -0.350004320991378  dE = 3.02322933e-07  norm(t1,t2) = 1.89851e-05
    CPU time for CCSD iter      0.47 sec, wall time      0.48 sec
    CPU time for update t1 t2      0.47 sec, wall time      0.47 sec
diis-c [ -3.33066907e-16  -1.85297348e-02  -1.06229880e-01  -2.04878722e-01
   6.75031269e-01   6.12318440e-01   4.22886280e-02]
DIIS for step 46
istep = 46  E(CCSD) = -0.350004163367438  dE = 1.5762394e-07  norm(t1,t2) = 2.0871e-05
    CPU time for CCSD iter      0.48 sec, wall time      0.48 sec
    CPU time for update t1 t2      0.47 sec, wall time      0.48 sec
diis-c [ -8.60422844e-16   1.41377704e-01  -9.65988993e-04  -1.61080179e-01
  -3.84711159e-01   1.16528912e+00   2.40090501e-01]
DIIS for step 47
istep = 47  E(CCSD) = -0.350004323403587  dE = -1.6003615e-07  norm(t1,t2) = 2.35068e-05
    CPU time for CCSD iter      0.47 sec, wall time      0.48 sec
    CPU time for update t1 t2      0.47 sec, wall time      0.47 sec
diis-c [ -1.38777878e-15   9.36333305e-01   5.63154500e-01   1.43387247e-01
  -4.42900213e-01  -1.39510105e+00   1.19512621e+00]
DIIS for step 48
istep = 48  E(CCSD) = -0.350006461497987  dE = -2.1380944e-06  norm(t1,t2) = 2.77917e-05
    CPU time for CCSD iter      0.48 sec, wall time      0.48 sec
    CPU time for update t1 t2      0.47 sec, wall time      0.47 sec
diis-c [ -8.04911693e-16   6.32296601e-01   5.32423868e-01   4.20082824e-01
   2.63176575e-01   8.34210889e-03  -8.56321977e-01]
DIIS for step 49
istep = 49  E(CCSD) = -0.350003015437241  dE = 3.44606075e-06  norm(t1,t2) = 4.23379e-05
    CPU time for CCSD iter      0.48 sec, wall time      0.47 sec
    CPU time for update t1 t2      0.46 sec, wall time      0.47 sec
diis-c [ -1.11022302e-15   8.81103067e-02   7.74868759e-01   6.29818604e-01
   4.27227817e-01   9.81962311e-02  -1.01822172e+00]
DIIS for step 50
istep = 50  E(CCSD) = -0.350002193580407  dE = 8.21856833e-07  norm(t1,t2) = 2.79195e-05
    CPU time for CCSD iter      0.47 sec, wall time      0.47 sec
    CPU time for update t1 t2      0.47 sec, wall time      0.47 sec
diis-c [ -4.35762537e-15   2.00717500e-01   2.82943752e-01   9.21247444e-01
   6.51780086e-01   2.14133002e-01  -1.27082178e+00]
DIIS for step 51
istep = 51  E(CCSD) = -0.350000634516228  dE = 1.55906418e-06  norm(t1,t2) = 2.71205e-05
    CPU time for CCSD iter      0.48 sec, wall time      0.47 sec
    CPU time for update t1 t2      0.47 sec, wall time      0.47 sec
diis-c [ -4.49640325e-15   2.34233624e-01   3.24332614e-01   8.42215394e-01
   7.28483726e-01   2.48933766e-01  -1.37819912e+00]
DIIS for step 52
istep = 52  E(CCSD) = -0.349997156017755  dE = 3.47849847e-06  norm(t1,t2) = 2.25054e-05
    CPU time for CCSD iter      0.47 sec, wall time      0.47 sec
    CPU time for update t1 t2      0.47 sec, wall time      0.47 sec
diis-c [ -3.13638004e-15   8.23819133e-02   1.16383624e-01   3.11823405e-01
   9.27603020e-01   8.79295967e-02  -5.26121559e-01]
DIIS for step 53
istep = 53  E(CCSD) = -0.349995044044442  dE = 2.11197331e-06  norm(t1,t2) = 7.95042e-06
    CPU time for CCSD iter      0.48 sec, wall time      0.47 sec
    CPU time for update t1 t2      0.46 sec, wall time      0.47 sec
diis-c [ -2.19269047e-15   4.33032577e-02   5.84462678e-02   1.45486421e-01
   4.19726668e-01   5.60734613e-01  -2.27697227e-01]
DIIS for step 54
istep = 54  E(CCSD) = -0.349994907147728  dE = 1.36896714e-07  norm(t1,t2) = 4.58996e-07
    CPU time for CCSD iter      0.47 sec, wall time      0.47 sec
    CPU time for update t1 t2      0.47 sec, wall time      0.47 sec
diis-c [ -7.49400542e-16  -8.48324961e-02  -6.93618641e-02   1.95631025e-02
   2.99742776e-01   4.43805146e-01   3.91083336e-01]
DIIS for step 55
istep = 55  E(CCSD) = -0.349994560811385  dE = 3.46336342e-07  norm(t1,t2) = 3.19373e-06
    CPU time for CCSD iter      0.48 sec, wall time      0.48 sec
    CPU time for update t1 t2      0.46 sec, wall time      0.47 sec
diis-c [ -3.60822483e-16   2.77381010e-01  -1.22870245e-01  -3.98257734e-02
   2.21826174e-01   3.56362100e-01   3.07126734e-01]
DIIS for step 56
istep = 56  E(CCSD) = -0.349994235384017  dE = 3.25427369e-07  norm(t1,t2) = 4.8449e-06
    CPU time for CCSD iter      0.46 sec, wall time      0.47 sec
    CPU time for update t1 t2      0.48 sec, wall time      0.47 sec
diis-c [ -6.38378239e-16   2.35618442e-01   1.91278336e-01  -2.08135828e-01
   1.57900005e-01   3.46108169e-01   2.77230875e-01]
DIIS for step 57
istep = 57  E(CCSD) = -0.349993907506769  dE = 3.27877248e-07  norm(t1,t2) = 6.60761e-06
    CPU time for CCSD iter      0.48 sec, wall time      0.48 sec
    CPU time for update t1 t2      0.47 sec, wall time      0.47 sec
diis-c [ -6.10622664e-16   2.10326472e-01   1.11529269e-02  -1.86582880e-01
  -1.38783288e-01   7.06639813e-01   3.97246957e-01]
DIIS for step 58
istep = 58  E(CCSD) = -0.349994797994436  dE = -8.90487667e-07  norm(t1,t2) = 8.35797e-06
    CPU time for CCSD iter      0.48 sec, wall time      0.48 sec
    CPU time for update t1 t2      0.47 sec, wall time      0.47 sec
diis-c [ -4.44089210e-16   2.45164812e-01   1.68277435e-01   9.19450971e-02
  -2.59467790e-01   4.36758118e-01   3.17322329e-01]
DIIS for step 59
istep = 59  E(CCSD) = -0.349994705421789  dE = 9.25726467e-08  norm(t1,t2) = 1.64233e-05
    CPU time for CCSD iter      0.47 sec, wall time      0.48 sec
    CPU time for update t1 t2      0.48 sec, wall time      0.47 sec
diis-c [ -1.66533454e-16   3.90930851e-01   3.11143194e-01   2.31931535e-01
  -1.32736481e-01  -2.67079529e-01   4.65810431e-01]
DIIS for step 60
istep = 60  E(CCSD) = -0.349994399290993  dE = 3.06130796e-07  norm(t1,t2) = 1.93931e-05
    CPU time for CCSD iter      0.48 sec, wall time      0.48 sec
    CPU time for update t1 t2      0.47 sec, wall time      0.47 sec
diis-c [ -5.82867088e-16   5.75597650e-01   4.85081483e-01   3.95218777e-01
  -1.84834061e-02  -1.70890602e-01  -2.66523901e-01]
DIIS for step 61
istep = 61  E(CCSD) = -0.349994158736045  dE = 2.40554949e-07  norm(t1,t2) = 2.12551e-05
    CPU time for CCSD iter      0.48 sec, wall time      0.47 sec
    CPU time for update t1 t2      0.46 sec, wall time      0.47 sec
diis-c [ -7.49400542e-16  -3.30020529e-01   7.79555035e-01   6.64240270e-01
   1.33364257e-01  -6.22096181e-02  -1.84929414e-01]
DIIS for step 62
istep = 62  E(CCSD) = -0.349994058399467  dE = 1.00336577e-07  norm(t1,t2) = 2.3458e-05
    CPU time for CCSD iter      0.47 sec, wall time      0.47 sec
    CPU time for update t1 t2      0.47 sec, wall time      0.47 sec
diis-c [ -1.05471187e-15  -2.42320886e-01  -5.24519341e-01   1.21202353e+00
   4.35490348e-01   1.49416731e-01  -3.00903850e-02]
DIIS for step 63
istep = 63  E(CCSD) = -0.349994259741804  dE = -2.01342337e-07  norm(t1,t2) = 2.63885e-05
    CPU time for CCSD iter      0.47 sec, wall time      0.48 sec
    CPU time for update t1 t2      0.47 sec, wall time      0.47 sec
diis-c [ -1.85962357e-15   8.17577292e-02  -4.23294483e-01  -1.19774460e+00
   1.29484054e+00   7.82852899e-01   4.61587915e-01]
DIIS for step 64
istep = 64  E(CCSD) = -0.349995447050777  dE = -1.18730897e-06  norm(t1,t2) = 3.08826e-05
    CPU time for CCSD iter      0.47 sec, wall time      0.48 sec
    CPU time for update t1 t2      0.47 sec, wall time      0.47 sec
diis-c [ -1.83186799e-15   4.82127864e-01   2.19367455e-01  -1.83550937e-01
  -1.04456654e+00   8.46882369e-01   6.79739790e-01]
DIIS for step 65
istep = 65  E(CCSD) = -0.349993398963347  dE = 2.04808743e-06  norm(t1,t2) = 4.04869e-05
    CPU time for CCSD iter      0.48 sec, wall time      0.47 sec
    CPU time for update t1 t2      0.47 sec, wall time      0.47 sec
diis-c [ -4.13558077e-15   8.47828244e-01   5.06042795e-01  -1.80530649e-02
  -1.13801859e+00  -3.02671232e-01   1.10487185e+00]
DIIS for step 66
istep = 66  E(CCSD) = -0.349993135743004  dE = 2.63220343e-07  norm(t1,t2) = 3.33205e-05
    CPU time for CCSD iter      0.48 sec, wall time      0.48 sec
    CPU time for update t1 t2      0.46 sec, wall time      0.47 sec
diis-c [ -4.88498131e-15   1.52985149e+00   1.04264554e+00   2.95561005e-01
  -1.30091968e+00  -1.10154551e-01  -4.56983800e-01]
DIIS for step 67
istep = 67  E(CCSD) = -0.349992959137504  dE = 1.76605501e-07  norm(t1,t2) = 3.54058e-05
    CPU time for CCSD iter      0.47 sec, wall time      0.48 sec
    CPU time for update t1 t2      0.47 sec, wall time      0.47 sec
diis-c [ -3.46944695e-15  -8.66339344e-01   2.21648836e+00   1.01761798e+00
  -1.54430550e+00   3.66553245e-01  -1.90014731e-01]
DIIS for step 68
istep = 68  E(CCSD) = -0.349993004706906  dE = -4.55694026e-08  norm(t1,t2) = 3.79407e-05
    CPU time for CCSD iter      0.47 sec, wall time      0.48 sec
    CPU time for update t1 t2      0.48 sec, wall time      0.47 sec
diis-c [ -3.77475828e-15  -3.93262013e-01  -1.94325129e+00   2.57585043e+00
  -1.46173503e+00   1.54977388e+00   6.72624019e-01]
DIIS for step 69
istep = 69  E(CCSD) = -0.349993384519495  dE = -3.79812589e-07  norm(t1,t2) = 4.16276e-05
    CPU time for CCSD iter      0.48 sec, wall time      0.48 sec
    CPU time for update t1 t2      0.47 sec, wall time      0.47 sec
diis-c [ -4.38538095e-15   6.14466646e-01  -5.96940874e-01  -2.37750042e+00
  -2.20607616e-01   2.13306317e+00   1.44751910e+00]
DIIS for step 70
istep = 70  E(CCSD) = -0.349992565567929  dE = 8.18951566e-07  norm(t1,t2) = 4.70458e-05
    CPU time for CCSD iter      0.47 sec, wall time      0.48 sec
    CPU time for update t1 t2      0.47 sec, wall time      0.47 sec
diis-c [ -3.88578059e-15   7.48142873e-01  -1.74082118e-01  -1.52959337e+00
  -1.33102556e+00   1.90422591e+00   1.38233226e+00]
DIIS for step 71
istep = 71  E(CCSD) = -0.349993906017455  dE = -1.34044953e-06  norm(t1,t2) = 4.62507e-05
    CPU time for CCSD iter      0.48 sec, wall time      0.48 sec
    CPU time for update t1 t2      0.47 sec, wall time      0.47 sec
diis-c [ -3.08086889e-15   1.11108865e+00   5.50689099e-01  -2.73001335e-01
  -1.52339558e-01  -1.73289725e+00   1.49646040e+00]
DIIS for step 72
istep = 72  E(CCSD) = -0.349991551320992  dE = 2.35469646e-06  norm(t1,t2) = 5.66497e-05
    CPU time for CCSD iter      0.47 sec, wall time      0.48 sec
    CPU time for update t1 t2      0.47 sec, wall time      0.47 sec
diis-c [ -3.49720253e-15   2.06586200e+00   1.22176137e+00  -1.89205826e-02
   1.62825954e-01  -2.21788568e+00  -2.13643054e-01]
DIIS for step 73
istep = 73  E(CCSD) = -0.349991143140426  dE = 4.08180565e-07  norm(t1,t2) = 4.78942e-05
    CPU time for CCSD iter      0.47 sec, wall time      0.48 sec
    CPU time for update t1 t2      0.47 sec, wall time      0.47 sec
diis-c [ -1.61815006e-14  -2.76829934e-01   2.75058977e+00   5.93152838e-01
   9.09194089e-01  -3.23065431e+00   2.54547549e-01]
DIIS for step 74
istep = 74  E(CCSD) = -0.34999006395873  dE = 1.0791817e-06  norm(t1,t2) = 4.92287e-05
    CPU time for CCSD iter      0.48 sec, wall time      0.47 sec
    CPU time for update t1 t2      0.48 sec, wall time      0.47 sec
diis-c [ -2.06501483e-14   3.30984448e-02   1.43758488e+00   1.46489254e+00
   1.98502465e+00  -4.82822563e+00   9.07625108e-01]
DIIS for step 75
istep = 75  E(CCSD) = -0.349982729041809  dE = 7.33491692e-06  norm(t1,t2) = 4.70849e-05
    CPU time for CCSD iter      0.48 sec, wall time      0.48 sec
    CPU time for update t1 t2      0.47 sec, wall time      0.47 sec
diis-c [ -7.49400542e-16  -4.72744648e-02   2.96868044e-02   1.27091535e+00
   5.96847180e-02  -3.13659145e-01   6.46740747e-04]
DIIS for step 76
istep = 76  E(CCSD) = -0.349979635869255  dE = 3.09317255e-06  norm(t1,t2) = 1.25175e-05
    CPU time for CCSD iter      0.48 sec, wall time      0.48 sec
    CPU time for update t1 t2      0.47 sec, wall time      0.47 sec
diis-c [  1.66533454e-16  -1.23112184e-02   1.57358103e-02   4.68077268e-01
   6.32735316e-01  -1.09389903e-01   5.15272755e-03]
DIIS for step 77
istep = 77  E(CCSD) = -0.349979606443556  dE = 2.94256992e-08  norm(t1,t2) = 7.09997e-08
    CPU time for CCSD iter      0.47 sec, wall time      0.48 sec
    CPU time for CCSD     37.06 sec, wall time     37.10 sec
CCSD converged
E(CC2) = -93.26159951663115  E_corr = -0.349979606443556
    CPU time for EOM-CCSD shared one-electron intermediates      0.02 sec, wall time      0.02 sec
    CPU time for EOM-CCSD IP intermediates      0.04 sec, wall time      0.04 sec
tol 1e-07  toloose 0.000316228
max_cycle 100  max_space 38  max_memory 2000  incore True
davidson 0 6  |r|= 0.399  e= [  0.58493463   0.58493463   0.64168815   0.85149245   1.2772539
  34.32914038]  max|de|= 34.3  lindep=    1
davidson 1 12  |r|= 0.194  e= [  0.51152267   0.51152267   0.50751341   0.76034943   1.19083408
  34.32914017]  max|de|= -0.134  lindep= 9.71e-07
davidson 2 18  |r|= 0.0618  e= [  0.5115572    0.5115572    0.50860698   0.76089437   1.10320958
  34.32914059]  max|de|= -0.0876  lindep= 0.714
root 0 converged  |r|= 3.44e-14  e= 0.51155719757  max|de|= -1.23e-09
root 1 converged  |r|= 3.36e-14  e= 0.51155719757  max|de|= -1.23e-09
davidson 3 23  |r|= 0.00105  e= [  0.5115572    0.5115572    0.50861294   0.76088242   1.09328957
  34.32914017]  max|de|= -0.00992  lindep= 0.000118
root 2 converged  |r|= 5.12e-12  e= 0.508612925915  max|de|= -1.4e-08
root 3 converged  |r|= 1.22e-11  e= 0.760882423301  max|de|= 7.81e-09
davidson 4 27  |r|= 1.44e-06  e= [  0.5115572    0.5115572    0.50861293   0.76088242   1.09329581
  34.32914059]  max|de|= 6.24e-06  lindep= 0.000749
root 4 converged  |r|= 9.58e-10  e= 1.0932958152  max|de|= 2.35e-09
root 5 converged  |r|= 8.18e-05  e= 34.3291405914  max|de|= 5.12e-10
converge 5 29  |r|= 8.18e-05  e= [  0.5115572    0.5115572    0.50861293   0.76088242   1.09329582
  34.32914059]  max|de|= 2.35e-09
IP root 0 E = 0.5115571975699178  qpwt = 0.963537
IP root 1 E = 0.511557197569914  qpwt = 0.963537
IP root 2 E = 0.5086129259150008  qpwt = 0.937504
IP root 3 E = 0.7608824233008209  qpwt = 0.949213
IP root 4 E = 1.093295815201747  qpwt = 0.81652
IP root 5 E = 34.329140591358  qpwt = 1.23923e-08
    CPU time for IP-CCSD      0.11 sec, wall time      0.12 sec
    CPU time for EOM-CCSD shared one-electron intermediates      0.02 sec, wall time      0.02 sec
    CPU time for EOM-CCSD EA intermediates      1.94 sec, wall time      1.94 sec
tol 1e-07  toloose 0.000316228
max_cycle 100  max_space 38  max_memory 2000  incore True
davidson 0 6  |r|= 0.324  e= [ 0.1601009   0.19102889  0.19102889  0.1971541   0.36408569  0.36408569]  max|de|= 0.364  lindep=    1
davidson 1 12  |r|= 0.0556  e= [ 0.13122562  0.13018775  0.13018775  0.17056207  0.31546489  0.31546489]  max|de|= -0.0608  lindep= 0.957
davidson 2 18  |r|= 0.0218  e= [ 0.12806875  0.12439766  0.12439766  0.16886417  0.31323783  0.31323783]  max|de|= -0.00579  lindep= 0.959
davidson 3 24  |r|= 0.00279  e= [ 0.1281294   0.12453241  0.12453241  0.16893829  0.31311938  0.31311938]  max|de|= 0.000135  lindep= 0.941
davidson 4 30  |r|= 0.000612  e= [ 0.12813063  0.12453428  0.12453428  0.16894307  0.31311169  0.31311169]  max|de|= -7.69e-06  lindep= 0.959
davidson 5 36  |r|= 0.0001  e= [ 0.12812947  0.12452672  0.12452672  0.16894049  0.31310985  0.31310985]  max|de|= -7.56e-06  lindep= 0.764
root 0 converged  |r|= 9.73e-05  e= 0.128129470168  max|de|= 6.11e-16
root 1 converged  |r|= 6.56e-05  e= 0.124526715679  max|de|= 5.55e-17
root 2 converged  |r|= 6.56e-05  e= 0.124526715679  max|de|= -2.78e-16
root 3 converged  |r|= 0.0001  e= 0.168940488715  max|de|= -5.55e-16
root 4 converged  |r|= 7.12e-05  e= 0.313109848188  max|de|= 5.55e-16
root 5 converged  |r|= 7.12e-05  e= 0.313109848188  max|de|= 1.11e-16
converge 6 6  |r|= 0.0001  e= [ 0.12812947  0.12452672  0.12452672  0.16894049  0.31310985  0.31310985]  max|de|= 6.11e-16
EA root 0 E = 0.1281294701675764  qpwt = 0.986957
EA root 1 E = 0.1245267156786491  qpwt = 0.978092
EA root 2 E = 0.1245267156786479  qpwt = 0.978092
EA root 3 E = 0.1689404887150967  qpwt = 0.990676
EA root 4 E = 0.3131098481879038  qpwt = 0.981039
EA root 5 E = 0.3131098481879035  qpwt = 0.981039
    CPU time for EA-CCSD      2.95 sec, wall time      2.94 sec
