

******** <class 'pyscf.scf.hf.RHF'> flags ********
method = RHF
initial guess = minao
damping factor = 0
level shift factor = 0
Do DIIS = True
DIIS start cycle = 1
DIIS space = 8
SCF tol = 1e-09
SCF gradient tol = None
max. SCF cycles = 50
direct_scf = True
direct_scf_tol = 1e-13
chkfile to save SCF result = /tmp/tmpNT4qUu
max_memory 4000 MB (current use 39 MB)
Set gradient conv threshold to 3.16228e-05
Nelec from initial guess = 17.1022
cond(S) = 15605.2123676
E_coul = 37.1336950447901
init E= -41.9876183741646
    CPU time for initialize scf      1.60 sec, wall time      1.84 sec
  HOMO = -0.265291976638702  LUMO = -0.154760261353953
  mo_energy =
[ -1.83524346e+00  -1.83445266e+00  -1.08933045e+00  -1.08063276e+00
  -1.08063276e+00  -1.07973986e+00  -1.07947575e+00  -1.07947575e+00
  -2.65291977e-01  -1.54760261e-01  -1.06669628e-01  -1.06669628e-01
  -8.22064387e-02  -6.11435674e-02  -6.11435674e-02  -5.55825054e-02
  -5.28202071e-02  -5.28202071e-02  -4.42202305e-02  -4.42202305e-02
  -4.03183730e-02  -2.57835825e-02  -2.57835825e-02  -1.77341518e-02
  -1.66973958e-02  -1.66973958e-02  -1.60714705e-02  -1.42330418e-02
  -1.42330418e-02  -9.68119617e-03  -7.34430931e-03  -7.34430931e-03
  -4.67230946e-03   6.97826339e-03   6.97826339e-03   1.27133772e-02
   1.27133772e-02   2.98354752e-02   3.37891595e-02   3.37891595e-02
   5.22884990e-02   5.22884990e-02   5.61565551e-02   1.29311318e-01
   2.49525152e-01   2.49525152e-01   2.50427384e-01   2.50427384e-01
   2.59244997e-01   2.59244997e-01   2.67032170e-01   2.67032170e-01
   2.70888320e-01   2.71523446e-01   4.93974099e-01   4.93974099e-01
   5.05458606e-01   5.33331640e-01   5.34674282e-01   5.34674282e-01
   6.87052067e-01   7.48858018e-01   1.89161998e+00   1.89184168e+00
   1.89184168e+00   1.89274463e+00   1.89274463e+00   1.89276696e+00
   1.89276696e+00   1.89278759e+00   1.89278759e+00   1.89415043e+00
   1.89415043e+00   1.89415058e+00   1.89415058e+00   1.89615560e+00
   1.27405471e+01   1.27985200e+01   3.89954642e+01   3.90164546e+01]
E_coul = 42.8358352511486
cycle= 1 E= -47.5646602515816  delta_E= -5.58  |g|= 0.486  |ddm|= 3.27
    CPU time for cycle= 1      0.04 sec, wall time      0.03 sec
diis-norm(errvec)=1.09668
diis-c [-1.20270505  1.        ]
  HOMO = -0.105873089025328  LUMO = 0.00748465024731452
  mo_energy =
[ -1.50677139e+00  -1.50641338e+00  -7.45284827e-01  -7.44828483e-01
  -7.44828483e-01  -7.43789450e-01  -7.43789450e-01  -7.38511473e-01
  -1.05873089e-01   7.48465025e-03   2.68009458e-02   2.68009458e-02
   2.71478674e-02   2.71478674e-02   2.77285331e-02   3.56852401e-02
   3.62622614e-02   4.07376728e-02   4.07376728e-02   4.95106968e-02
   4.95106968e-02   4.96185266e-02   4.96185266e-02   7.05706348e-02
   7.05706348e-02   8.83555158e-02   9.08709850e-02   1.01391020e-01
   1.26457863e-01   1.26457863e-01   1.40012379e-01   1.40012379e-01
   1.41906410e-01   1.44606389e-01   1.44606389e-01   1.55197711e-01
   1.55197711e-01   1.61579617e-01   1.61579617e-01   1.78504474e-01
   1.78616455e-01   2.14709370e-01   2.14709370e-01   3.02606021e-01
   5.28614980e-01   5.28614980e-01   5.30466080e-01   5.30466080e-01
   5.32765185e-01   5.32765185e-01   5.40762745e-01   5.44988953e-01
   5.44988953e-01   5.59315644e-01   7.53909879e-01   7.58000500e-01
   7.58000500e-01   7.96042588e-01   7.96042588e-01   8.01253868e-01
   9.99857407e-01   1.05220340e+00   2.29198076e+00   2.29198076e+00
   2.29198076e+00   2.29198076e+00   2.29377007e+00   2.29377007e+00
   2.29380115e+00   2.29380115e+00   2.29491864e+00   2.29491864e+00
   2.29518612e+00   2.29553976e+00   2.29553976e+00   2.29948882e+00
   1.32605660e+01   1.33185594e+01   3.95416442e+01   3.95624272e+01]
E_coul = 41.8663638635657
cycle= 2 E= -47.5964169301912  delta_E= -0.0318  |g|= 0.0624  |ddm|= 1.15
    CPU time for cycle= 2      0.03 sec, wall time      0.04 sec
diis-norm(errvec)=0.111315
diis-c [-0.01179185 -0.0229431   1.0229431 ]
  HOMO = -0.126547150263219  LUMO = 0.00228598099302477
  mo_energy =
[ -1.57020231e+00  -1.56979990e+00  -8.05313579e-01  -8.01798997e-01
  -8.01798997e-01  -8.00795367e-01  -8.00795367e-01  -7.98438829e-01
  -1.26547150e-01   2.28598099e-03   2.00148103e-02   2.00148103e-02
   2.65313502e-02   2.65313502e-02   2.71476251e-02   3.40533615e-02
   3.52335793e-02   3.81793074e-02   3.81793074e-02   4.67204070e-02
   4.67204070e-02   4.88824079e-02   4.88824079e-02   6.73041734e-02
   6.73041734e-02   8.18460260e-02   8.90440429e-02   9.53239793e-02
   1.10478026e-01   1.10478026e-01   1.25349518e-01   1.25349518e-01
   1.30455030e-01   1.31966256e-01   1.31966256e-01   1.50344854e-01
   1.50344854e-01   1.51566589e-01   1.51566589e-01   1.61107520e-01
   1.72673276e-01   1.98723922e-01   1.98723922e-01   2.82735779e-01
   4.87378034e-01   4.87378034e-01   4.88358351e-01   4.88358351e-01
   4.93005892e-01   4.93005892e-01   4.99947742e-01   5.03911260e-01
   5.03911260e-01   5.15059737e-01   7.22488636e-01   7.22488636e-01
   7.27252793e-01   7.61046828e-01   7.61046828e-01   7.66189673e-01
   9.44281295e-01   1.00048350e+00   2.22647737e+00   2.22647737e+00
   2.22648418e+00   2.22651564e+00   2.22651564e+00   2.22652637e+00
   2.22652637e+00   2.22652641e+00   2.22652641e+00   2.22653494e+00
   2.22653494e+00   2.22727430e+00   2.22727430e+00   2.23076350e+00
   1.31686123e+01   1.32266690e+01   3.94457407e+01   3.94665312e+01]
E_coul = 41.9095004986493
cycle= 3 E= -47.5977573095582  delta_E= -0.00134  |g|= 0.0126  |ddm|= 0.251
    CPU time for cycle= 3      0.04 sec, wall time      0.04 sec
diis-norm(errvec)=0.0241825
diis-c [ -2.13289111e-04  -9.34728258e-03   1.50741125e-01   8.58606158e-01]
  HOMO = -0.124664083323225  LUMO = 0.00153820040695109
  mo_energy =
[ -1.56707695e+00  -1.56668619e+00  -8.02348921e-01  -7.99018683e-01
  -7.99018683e-01  -7.98024223e-01  -7.98024223e-01  -7.95542759e-01
  -1.24664083e-01   1.53820041e-03   2.01240895e-02   2.01240895e-02
   2.61256315e-02   2.61256315e-02   2.63035422e-02   3.45716996e-02
   3.48685055e-02   3.85229943e-02   3.85229943e-02   4.66477606e-02
   4.66477606e-02   4.88503762e-02   4.88503762e-02   6.70715070e-02
   6.70715070e-02   8.16108330e-02   8.85051619e-02   9.50326470e-02
   1.12575157e-01   1.12575157e-01   1.26141281e-01   1.26141281e-01
   1.31172855e-01   1.31172855e-01   1.31588601e-01   1.50370458e-01
   1.50370458e-01   1.50437253e-01   1.50437253e-01   1.61351739e-01
   1.71395183e-01   1.99605673e-01   1.99605673e-01   2.83843357e-01
   4.88955893e-01   4.88955893e-01   4.89811459e-01   4.89811459e-01
   4.94437259e-01   4.94437259e-01   5.01341125e-01   5.05234868e-01
   5.05234868e-01   5.16713978e-01   7.23985234e-01   7.23985234e-01
   7.26067796e-01   7.62429267e-01   7.62429267e-01   7.66342453e-01
   9.48654879e-01   1.00402052e+00   2.22994816e+00   2.22994816e+00
   2.22994819e+00   2.22994819e+00   2.23012386e+00   2.23012386e+00
   2.23012954e+00   2.23012954e+00   2.23020398e+00   2.23020398e+00
   2.23021719e+00   2.23095889e+00   2.23095889e+00   2.23452196e+00
   1.31751654e+01   1.32332212e+01   3.94532455e+01   3.94740353e+01]
E_coul = 41.8613089707034
cycle= 4 E= -47.5979159433544  delta_E= -0.000159  |g|= 0.00356  |ddm|= 0.0899
    CPU time for cycle= 4      0.03 sec, wall time      0.04 sec
diis-norm(errvec)=0.00715201
diis-c [ -1.46920292e-05   6.89069848e-03  -1.21123145e-01  -3.86081508e-01
   1.50031395e+00]
  HOMO = -0.125716478420973  LUMO = 0.000620819266303263
  mo_energy =
[ -1.56976400e+00  -1.56937021e+00  -8.05225804e-01  -8.01673974e-01
  -8.01673974e-01  -8.00685289e-01  -8.00685289e-01  -7.98429694e-01
  -1.25716478e-01   6.20819266e-04   1.91014122e-02   1.91014122e-02
   2.57536481e-02   2.58556945e-02   2.58556945e-02   3.44610089e-02
   3.46097981e-02   3.83290925e-02   3.83290925e-02   4.62590679e-02
   4.62590679e-02   4.87374628e-02   4.87374628e-02   6.65302821e-02
   6.65302821e-02   8.08424089e-02   8.80327940e-02   9.41793099e-02
   1.11362357e-01   1.11362357e-01   1.24801507e-01   1.24801507e-01
   1.29776658e-01   1.29776658e-01   1.30437917e-01   1.49187618e-01
   1.49187618e-01   1.49463783e-01   1.49463783e-01   1.59760099e-01
   1.70207997e-01   1.98082367e-01   1.98082367e-01   2.82112122e-01
   4.86122301e-01   4.86122301e-01   4.87268774e-01   4.87268774e-01
   4.91933427e-01   4.91933427e-01   4.98634117e-01   5.02486383e-01
   5.02486383e-01   5.13743678e-01   7.21626797e-01   7.21626797e-01
   7.23739993e-01   7.60105847e-01   7.60105847e-01   7.63667519e-01
   9.45904546e-01   1.00145070e+00   2.22743502e+00   2.22743502e+00
   2.22743506e+00   2.22743506e+00   2.22753639e+00   2.22753639e+00
   2.22754297e+00   2.22754297e+00   2.22756913e+00   2.22756913e+00
   2.22756935e+00   2.22832814e+00   2.22832814e+00   2.23187564e+00
   1.31733653e+01   1.32314228e+01   3.94516429e+01   3.94724329e+01]
E_coul = 41.8390459964466
cycle= 5 E= -47.5979514054268  delta_E= -3.55e-05  |g|= 0.000652  |ddm|= 0.0661
    CPU time for cycle= 5      0.04 sec, wall time      0.04 sec
diis-norm(errvec)=0.00138399
diis-c [ -6.75334117e-07   3.28053949e-04  -4.04982050e-03  -2.40810824e-02
  -1.34141161e-01   1.16194401e+00]
  HOMO = -0.125854511281421  LUMO = 0.000468742219399454
  mo_energy =
[ -1.57064847e+00  -1.57025461e+00  -8.06111342e-01  -8.02525575e-01
  -8.02525575e-01  -8.01539153e-01  -8.01539153e-01  -7.99324696e-01
  -1.25854511e-01   4.68742219e-04   1.89434771e-02   1.89434771e-02
   2.56405858e-02   2.58014247e-02   2.58014247e-02   3.44486901e-02
   3.45474394e-02   3.83094722e-02   3.83094722e-02   4.61922302e-02
   4.61922302e-02   4.87202051e-02   4.87202051e-02   6.64384385e-02
   6.64384385e-02   8.06864228e-02   8.79400545e-02   9.40043568e-02
   1.11198602e-01   1.11198602e-01   1.24601462e-01   1.24601462e-01
   1.29524441e-01   1.29524441e-01   1.30257908e-01   1.48982816e-01
   1.48982816e-01   1.49283583e-01   1.49283583e-01   1.59487185e-01
   1.69968636e-01   1.97847023e-01   1.97847023e-01   2.81830907e-01
   4.85454811e-01   4.85454811e-01   4.86658161e-01   4.86658161e-01
   4.91329896e-01   4.91329896e-01   4.97992473e-01   5.01834143e-01
   5.01834143e-01   5.13048995e-01   7.21095704e-01   7.21095704e-01
   7.23154266e-01   7.59575752e-01   7.59575752e-01   7.63038843e-01
   9.45259944e-01   1.00081623e+00   2.22650598e+00   2.22650598e+00
   2.22650602e+00   2.22650602e+00   2.22659118e+00   2.22659118e+00
   2.22659776e+00   2.22659776e+00   2.22661073e+00   2.22661382e+00
   2.22661382e+00   2.22737309e+00   2.22737309e+00   2.23091805e+00
   1.31720947e+01   1.32301527e+01   3.94502589e+01   3.94710490e+01]
E_coul = 41.8362597086763
cycle= 6 E= -47.5979522911545  delta_E= -8.86e-07  |g|= 0.000126  |ddm|= 0.00855
    CPU time for cycle= 6      0.03 sec, wall time      0.04 sec
diis-norm(errvec)=0.00019607
diis-c [ -1.19570712e-08  -1.77739435e-04   3.95732370e-03   1.10776446e-02
  -1.12989404e-02  -1.73369912e-01   1.16981162e+00]
  HOMO = -0.125820015075666  LUMO = 0.000495915734512593
  mo_energy =
[ -1.57053787e+00  -1.57014403e+00  -8.06013577e-01  -8.02428665e-01
  -8.02428665e-01  -8.01442196e-01  -8.01442196e-01  -7.99227833e-01
  -1.25820015e-01   4.95915735e-04   1.89646784e-02   1.89646784e-02
   2.56465251e-02   2.58042325e-02   2.58042325e-02   3.44537727e-02
   3.45452076e-02   3.83166935e-02   3.83166935e-02   4.61973304e-02
   4.61973304e-02   4.87232748e-02   4.87232748e-02   6.64495711e-02
   6.64495711e-02   8.06997205e-02   8.79500198e-02   9.40221158e-02
   1.11232353e-01   1.11232353e-01   1.24636894e-01   1.24636894e-01
   1.29553859e-01   1.29553859e-01   1.30285094e-01   1.49015397e-01
   1.49015397e-01   1.49302997e-01   1.49302997e-01   1.59523926e-01
   1.69989660e-01   1.97882490e-01   1.97882490e-01   2.81871681e-01
   4.85535998e-01   4.85535998e-01   4.86739513e-01   4.86739513e-01
   4.91409800e-01   4.91409800e-01   4.98068492e-01   5.01913676e-01
   5.01913676e-01   5.13131700e-01   7.21167371e-01   7.21167371e-01
   7.23221470e-01   7.59646859e-01   7.59646859e-01   7.63112373e-01
   9.45349776e-01   1.00090299e+00   2.22661602e+00   2.22661602e+00
   2.22661606e+00   2.22661606e+00   2.22670106e+00   2.22670106e+00
   2.22670764e+00   2.22670764e+00   2.22672054e+00   2.22672365e+00
   2.22672365e+00   2.22748289e+00   2.22748289e+00   2.23102769e+00
   1.31722182e+01   1.32302761e+01   3.94503854e+01   3.94711755e+01]
E_coul = 41.8366086691522
cycle= 7 E= -47.5979523222416  delta_E= -3.11e-08  |g|= 3.47e-05  |ddm|= 0.00222
    CPU time for cycle= 7      0.04 sec, wall time      0.04 sec
diis-norm(errvec)=6.08087e-05
diis-c [ -4.81037210e-10   8.62553953e-05  -2.23590819e-03  -7.95648990e-03
   4.38350901e-03   1.32217707e-01  -8.56716565e-01   1.73022149e+00]
  HOMO = -0.125812004144562  LUMO = 0.000507559386193418
  mo_energy =
[ -1.57050643e+00  -1.57011261e+00  -8.05981411e-01  -8.02396492e-01
  -8.02396492e-01  -8.01409927e-01  -8.01409927e-01  -7.99195785e-01
  -1.25812004e-01   5.07559386e-04   1.89746477e-02   1.89746477e-02
   2.56500810e-02   2.58060523e-02   2.58060523e-02   3.44568799e-02
   3.45448192e-02   3.83203453e-02   3.83203453e-02   4.62000587e-02
   4.62000587e-02   4.87249729e-02   4.87249729e-02   6.64550724e-02
   6.64550724e-02   8.07048542e-02   8.79553483e-02   9.40317725e-02
   1.11246680e-01   1.11246680e-01   1.24651903e-01   1.24651903e-01
   1.29566644e-01   1.29566644e-01   1.30296872e-01   1.49029395e-01
   1.49029395e-01   1.49311831e-01   1.49311831e-01   1.59539199e-01
   1.69998904e-01   1.97898224e-01   1.97898224e-01   2.81888553e-01
   4.85564687e-01   4.85564687e-01   4.86767942e-01   4.86767942e-01
   4.91437771e-01   4.91437771e-01   4.98095642e-01   5.01941875e-01
   5.01941875e-01   5.13161040e-01   7.21193123e-01   7.21193123e-01
   7.23244505e-01   7.59672305e-01   7.59672305e-01   7.63137900e-01
   9.45378506e-01   1.00093058e+00   2.22664793e+00   2.22664793e+00
   2.22664797e+00   2.22664797e+00   2.22673317e+00   2.22673317e+00
   2.22673974e+00   2.22673974e+00   2.22675282e+00   2.22675590e+00
   2.22675590e+00   2.22751511e+00   2.22751511e+00   2.23105994e+00
   1.31722508e+01   1.32303087e+01   3.94504190e+01   3.94712091e+01]
E_coul = 41.8367830060049
cycle= 8 E= -47.5979523253873  delta_E= -3.15e-09  |g|= 3.57e-06  |ddm|= 0.000874
    CPU time for cycle= 8      0.03 sec, wall time      0.04 sec
diis-norm(errvec)=7.26146e-06
diis-c [ -1.67472980e-11  -2.06027006e-05   5.59218138e-04   2.01326597e-03
  -1.30557791e-03  -3.15446566e-02   2.08036790e-01  -4.94560487e-01
   1.31682205e+00]
  HOMO = -0.125810786829959  LUMO = 0.000508121925112509
  mo_energy =
[ -1.57050508e+00  -1.57011126e+00  -8.05980081e-01  -8.02395243e-01
  -8.02395243e-01  -8.01408668e-01  -8.01408668e-01  -7.99194444e-01
  -1.25810787e-01   5.08121925e-04   1.89750434e-02   1.89750434e-02
   2.56498272e-02   2.58059690e-02   2.58059690e-02   3.44566424e-02
   3.45446888e-02   3.83206165e-02   3.83206165e-02   4.62000353e-02
   4.62000353e-02   4.87250101e-02   4.87250101e-02   6.64552170e-02
   6.64552170e-02   8.07048728e-02   8.79553684e-02   9.40315748e-02
   1.11247340e-01   1.11247340e-01   1.24652435e-01   1.24652435e-01
   1.29566726e-01   1.29566726e-01   1.30297126e-01   1.49029745e-01
   1.49029745e-01   1.49311811e-01   1.49311811e-01   1.59539481e-01
   1.69998827e-01   1.97898734e-01   1.97898734e-01   2.81888915e-01
   4.85565572e-01   4.85565572e-01   4.86768856e-01   4.86768856e-01
   4.91438651e-01   4.91438651e-01   4.98096441e-01   5.01942751e-01
   5.01942751e-01   5.13161949e-01   7.21193929e-01   7.21193929e-01
   7.23245113e-01   7.59673078e-01   7.59673078e-01   7.63138629e-01
   9.45379654e-01   1.00093162e+00   2.22664929e+00   2.22664929e+00
   2.22664933e+00   2.22664933e+00   2.22673458e+00   2.22673458e+00
   2.22674115e+00   2.22674115e+00   2.22675427e+00   2.22675734e+00
   2.22675734e+00   2.22751656e+00   2.22751656e+00   2.23106140e+00
   1.31722528e+01   1.32303107e+01   3.94504210e+01   3.94712111e+01]
E_coul = 41.8367944033739
cycle= 9 E= -47.5979523254122  delta_E= -2.49e-11  |g|= 1.24e-06  |ddm|= 3.71e-05
    CPU time for cycle= 9      0.04 sec, wall time      0.04 sec
  HOMO = -0.125810981170434  LUMO = 0.000508053242054268
  mo_energy =
[ -1.57050539e+00  -1.57011157e+00  -8.05980374e-01  -8.02395547e-01
  -8.02395547e-01  -8.01408975e-01  -8.01408975e-01  -7.99194746e-01
  -1.25810981e-01   5.08053242e-04   1.89750100e-02   1.89750100e-02
   2.56497570e-02   2.58059423e-02   2.58059423e-02   3.44567067e-02
   3.45446944e-02   3.83206485e-02   3.83206485e-02   4.62000266e-02
   4.62000266e-02   4.87250079e-02   4.87250079e-02   6.64551999e-02
   6.64551999e-02   8.07048840e-02   8.79553617e-02   9.40316708e-02
   1.11247396e-01   1.11247396e-01   1.24652431e-01   1.24652431e-01
   1.29566636e-01   1.29566636e-01   1.30297127e-01   1.49029705e-01
   1.49029705e-01   1.49311727e-01   1.49311727e-01   1.59539416e-01
   1.69998740e-01   1.97898738e-01   1.97898738e-01   2.81888875e-01
   4.85565353e-01   4.85565353e-01   4.86768645e-01   4.86768645e-01
   4.91438438e-01   4.91438438e-01   4.98096232e-01   5.01942535e-01
   5.01942535e-01   5.13161722e-01   7.21193785e-01   7.21193785e-01
   7.23244906e-01   7.59672922e-01   7.59672922e-01   7.63138423e-01
   9.45379518e-01   1.00093147e+00   2.22664897e+00   2.22664897e+00
   2.22664901e+00   2.22664901e+00   2.22673426e+00   2.22673426e+00
   2.22674083e+00   2.22674083e+00   2.22675394e+00   2.22675702e+00
   2.22675702e+00   2.22751623e+00   2.22751623e+00   2.23106107e+00
   1.31722524e+01   1.32303103e+01   3.94504206e+01   3.94712107e+01]
    CPU time for scf_cycle      1.92 sec, wall time      2.16 sec
    CPU time for SCF      1.92 sec, wall time      2.16 sec
converged SCF energy = -47.5979523254122
RHF E = -47.5979523254
RHF eps = [ -1.57050539e+00  -1.57011157e+00  -8.05980374e-01  -8.02395547e-01
  -8.02395547e-01  -8.01408975e-01  -8.01408975e-01  -7.99194746e-01
  -1.25810981e-01   5.08053242e-04   1.89750100e-02   1.89750100e-02
   2.56497570e-02   2.58059423e-02   2.58059423e-02   3.44567067e-02
   3.45446944e-02   3.83206485e-02   3.83206485e-02   4.62000266e-02
   4.62000266e-02   4.87250079e-02   4.87250079e-02   6.64551999e-02
   6.64551999e-02   8.07048840e-02   8.79553617e-02   9.40316708e-02
   1.11247396e-01   1.11247396e-01   1.24652431e-01   1.24652431e-01
   1.29566636e-01   1.29566636e-01   1.30297127e-01   1.49029705e-01
   1.49029705e-01   1.49311727e-01   1.49311727e-01   1.59539416e-01
   1.69998740e-01   1.97898738e-01   1.97898738e-01   2.81888875e-01
   4.85565353e-01   4.85565353e-01   4.86768645e-01   4.86768645e-01
   4.91438438e-01   4.91438438e-01   4.98096232e-01   5.01942535e-01
   5.01942535e-01   5.13161722e-01   7.21193785e-01   7.21193785e-01
   7.23244906e-01   7.59672922e-01   7.59672922e-01   7.63138423e-01
   9.45379518e-01   1.00093147e+00   2.22664897e+00   2.22664897e+00
   2.22664901e+00   2.22664901e+00   2.22673426e+00   2.22673426e+00
   2.22674083e+00   2.22674083e+00   2.22675394e+00   2.22675702e+00
   2.22675702e+00   2.22751623e+00   2.22751623e+00   2.23106107e+00
   1.31722524e+01   1.32303103e+01   3.94504206e+01   3.94712107e+01]
    CPU time for CCSD integral transformation      4.52 sec, wall time      4.53 sec

******** <class 'pyscf.cc.rccsd_slow.RCCSD'> flags ********
CCSD nocc = 9, nvir = 71
max_cycle = 100
direct = 0
conv_tol = 1e-07
conv_tol_normt = 1e-05
diis_space = 6
diis_start_cycle = 0
diis_start_energy_diff = 1e+09
Init t2, MP2 energy = -0.208657979913896
    CPU time for init mp2      0.01 sec, wall time      0.01 sec
    CPU time for update t1 t2      0.78 sec, wall time      0.78 sec
istep = 0  E(CCSD) = -0.208596325495336  dE = -0.208596325  norm(t1,t2) = 0.0419396
    CPU time for CCSD iter      0.79 sec, wall time      0.79 sec
    CPU time for update t1 t2      0.76 sec, wall time      0.76 sec
DIIS for step 1
istep = 1  E(CCSD) = -0.210418601237825  dE = -0.00182227574  norm(t1,t2) = 0.0226491
    CPU time for CCSD iter      0.76 sec, wall time      0.77 sec
    CPU time for update t1 t2      0.76 sec, wall time      0.76 sec
diis-c [ -7.84961159e-05   1.00000000e+00]
DIIS for step 2
istep = 2  E(CCSD) = -0.210800898827026  dE = -0.000382297589  norm(t1,t2) = 0.0114262
    CPU time for CCSD iter      0.77 sec, wall time      0.77 sec
    CPU time for update t1 t2      0.76 sec, wall time      0.76 sec
diis-c [ -2.06662638e-06  -1.01487233e+00   2.01487233e+00]
DIIS for step 3
istep = 3  E(CCSD) = -0.211191028654646  dE = -0.000390129828  norm(t1,t2) = 0.00618144
    CPU time for CCSD iter      0.77 sec, wall time      0.77 sec
    CPU time for update t1 t2      0.76 sec, wall time      0.76 sec
diis-c [ -4.04670684e-07   1.57121517e-01  -3.70111932e-01   1.21299041e+00]
DIIS for step 4
istep = 4  E(CCSD) = -0.211164366004639  dE = 2.666265e-05  norm(t1,t2) = 0.000922623
    CPU time for CCSD iter      0.77 sec, wall time      0.77 sec
    CPU time for update t1 t2      0.77 sec, wall time      0.76 sec
diis-c [ -1.89203325e-08   1.89723707e-01  -3.38589439e-01  -4.01726081e-01
   1.55059181e+00]
DIIS for step 5
istep = 5  E(CCSD) = -0.211153200780057  dE = 1.11652246e-05  norm(t1,t2) = 0.000445726
    CPU time for CCSD iter      0.78 sec, wall time      0.77 sec
    CPU time for update t1 t2      0.75 sec, wall time      0.76 sec
diis-c [ -1.08022513e-09  -6.60801687e-02   1.21362958e-01   4.32220847e-02
  -4.47415332e-01   1.34891046e+00]
DIIS for step 6
istep = 6  E(CCSD) = -0.211159834307035  dE = -6.63352698e-06  norm(t1,t2) = 7.18439e-05
    CPU time for CCSD iter      0.77 sec, wall time      0.77 sec
    CPU time for update t1 t2      0.76 sec, wall time      0.76 sec
diis-c [ -1.41852946e-10  -1.46348827e-02   2.56043119e-02   2.66408138e-02
  -1.10180722e-01   1.14288468e-01   9.58282010e-01]
DIIS for step 7
istep = 7  E(CCSD) = -0.211160304450235  dE = -4.701432e-07  norm(t1,t2) = 1.9451e-05
    CPU time for CCSD iter      0.77 sec, wall time      0.78 sec
    CPU time for update t1 t2      0.77 sec, wall time      0.76 sec
diis-c [ -1.54484286e-10   4.91785402e-01  -8.43499931e-04   8.77626792e-03
  -1.26415374e-02  -2.19257109e-02   5.34849079e-01]
DIIS for step 8
istep = 8  E(CCSD) = -0.211160106441721  dE = 1.98008514e-07  norm(t1,t2) = 1.58239e-05
    CPU time for CCSD iter      0.78 sec, wall time      0.78 sec
    CPU time for update t1 t2      0.76 sec, wall time      0.76 sec
diis-c [ -2.15107376e-11   3.51262664e+00  -2.19423991e+00   1.21149898e-03
  -3.06897965e-03   1.31692102e-03  -3.17846172e-01]
DIIS for step 9
istep = 9  E(CCSD) = -0.211160416887694  dE = -3.10445973e-07  norm(t1,t2) = 2.11237e-05
    CPU time for CCSD iter      0.77 sec, wall time      0.77 sec
    CPU time for update t1 t2      0.76 sec, wall time      0.76 sec
diis-c [ -3.09188786e-12  -2.38328335e+00   4.34921885e+00  -1.07205027e+00
   1.88724232e-03  -6.16030822e-02   1.65830610e-01]
DIIS for step 10
istep = 10  E(CCSD) = -0.211159904174197  dE = 5.12713497e-07  norm(t1,t2) = 5.07405e-05
    CPU time for CCSD iter      0.77 sec, wall time      0.77 sec
    CPU time for update t1 t2      0.76 sec, wall time      0.76 sec
diis-c [ -3.25739435e-13   2.16222487e-01  -2.11731538e-01  -2.45026511e-01
   1.25665164e+00   1.04333741e-03  -1.71594153e-02]
DIIS for step 11
istep = 11  E(CCSD) = -0.211159805755586  dE = 9.84186112e-08  norm(t1,t2) = 1.11308e-05
    CPU time for CCSD iter      0.77 sec, wall time      0.77 sec
    CPU time for update t1 t2      0.76 sec, wall time      0.76 sec
diis-c [ -8.71802630e-14   2.88545314e-01  -1.92841940e-01  -2.82822200e-01
  -1.91468845e-02   1.21529226e+00  -9.02654511e-03]
DIIS for step 12
istep = 12  E(CCSD) = -0.211159721353249  dE = 8.4402337e-08  norm(t1,t2) = 1.18868e-05
    CPU time for CCSD iter      0.77 sec, wall time      0.77 sec
    CPU time for update t1 t2      0.76 sec, wall time      0.76 sec
diis-c [ -5.83699755e-14   2.66459283e-01  -1.53013981e-01  -2.99209314e-01
  -4.07628521e-02   2.55257359e-01   9.71269505e-01]
DIIS for step 13
istep = 13  E(CCSD) = -0.211159627041786  dE = 9.43114624e-08  norm(t1,t2) = 1.20991e-05
    CPU time for CCSD iter      0.78 sec, wall time      0.77 sec
    CPU time for update t1 t2      0.75 sec, wall time      0.76 sec
diis-c [ -1.29285471e-13   3.31778255e-01   1.89812667e-01  -3.54386787e-01
   1.52875770e-01   3.52587746e-01   3.27332350e-01]
DIIS for step 14
istep = 14  E(CCSD) = -0.211159623058737  dE = 3.98304925e-09  norm(t1,t2) = 1.27068e-05
    CPU time for CCSD iter      0.76 sec, wall time      0.77 sec
    CPU time for update t1 t2      0.77 sec, wall time      0.76 sec
diis-c [ -1.64035452e-14   1.28903048e+00  -9.64460598e-01   5.79030501e-03
  -8.00683473e-02  -7.67831317e-02   8.26491290e-01]
DIIS for step 15
istep = 15  E(CCSD) = -0.211159672928526  dE = -4.98697892e-08  norm(t1,t2) = 2.57331e-05
    CPU time for CCSD iter      0.78 sec, wall time      0.77 sec
    CPU time for update t1 t2      0.75 sec, wall time      0.76 sec
diis-c [ -1.59594560e-14   8.07509191e-01   2.70773360e-01  -5.18683127e-01
  -2.22497704e-02  -1.13893935e-01   5.76544281e-01]
DIIS for step 16
istep = 16  E(CCSD) = -0.211159634664929  dE = 3.82635973e-08  norm(t1,t2) = 4.3408e-05
    CPU time for CCSD iter      0.78 sec, wall time      0.77 sec
    CPU time for update t1 t2      0.78 sec, wall time      0.79 sec
diis-c [ -1.39888101e-14   7.54460692e-01   3.83714786e-01  -1.49679346e-01
  -3.32225807e-01  -1.50771639e-01   4.94501314e-01]
DIIS for step 17
istep = 17  E(CCSD) = -0.211159639665122  dE = -5.00019329e-09  norm(t1,t2) = 5.13571e-05
    CPU time for CCSD iter      0.79 sec, wall time      0.80 sec
    CPU time for update t1 t2      0.75 sec, wall time      0.76 sec
diis-c [ -1.49880108e-14   5.00242756e-01   3.05804720e-01   4.08210362e-02
  -7.82301196e-02  -2.78496074e-01   5.09857681e-01]
DIIS for step 18
istep = 18  E(CCSD) = -0.211159674814305  dE = -3.51491828e-08  norm(t1,t2) = 6.47469e-05
    CPU time for CCSD iter      0.77 sec, wall time      0.77 sec
    CPU time for update t1 t2      0.76 sec, wall time      0.76 sec
diis-c [ -1.15740750e-14   6.60228686e-01   4.71357356e-01   2.13959870e-01
   9.83172577e-02  -9.62151769e-02  -3.47647993e-01]
DIIS for step 19
istep = 19  E(CCSD) = -0.211159623340505  dE = 5.14737999e-08  norm(t1,t2) = 8.20634e-05
    CPU time for CCSD iter      0.78 sec, wall time      0.77 sec
    CPU time for update t1 t2      0.75 sec, wall time      0.76 sec
diis-c [ -1.18516308e-14  -4.36877892e-01   8.71844249e-01   4.98914957e-01
   3.31366803e-01   4.95194683e-02  -3.14767585e-01]
DIIS for step 20
istep = 20  E(CCSD) = -0.211159642280895  dE = -1.894039e-08  norm(t1,t2) = 8.78493e-05
    CPU time for CCSD iter      0.76 sec, wall time      0.77 sec
    CPU time for update t1 t2      0.76 sec, wall time      0.76 sec
diis-c [ -4.99600361e-15  -2.67246466e-01  -6.87231421e-01   9.56226629e-01
   7.37170578e-01   3.68678217e-01  -1.07597537e-01]
DIIS for step 21
istep = 21  E(CCSD) = -0.211159665437645  dE = -2.31567504e-08  norm(t1,t2) = 0.000103113
    CPU time for CCSD iter      0.77 sec, wall time      0.77 sec
    CPU time for update t1 t2      0.77 sec, wall time      0.76 sec
diis-c [ -5.85642645e-15   7.58339898e-02  -3.52391377e-01  -7.86252520e-01
   1.09995847e+00   7.24236017e-01   2.38615418e-01]
DIIS for step 22
istep = 22  E(CCSD) = -0.211159623519059  dE = 4.19185869e-08  norm(t1,t2) = 0.000118579
    CPU time for CCSD iter      0.78 sec, wall time      0.77 sec
    CPU time for update t1 t2      0.75 sec, wall time      0.76 sec
diis-c [ -7.10542736e-15   4.98573771e-01  -5.52728506e-02  -6.16408552e-01
  -8.73186676e-01   1.33718661e+00   7.09107699e-01]
DIIS for step 23
istep = 23  E(CCSD) = -0.211159658509515  dE = -3.49904561e-08  norm(t1,t2) = 0.000125651
    CPU time for CCSD iter      0.77 sec, wall time      0.77 sec
    CPU time for update t1 t2      0.76 sec, wall time      0.76 sec
diis-c [ -5.82867088e-15   1.05998810e+00   4.46150156e-01  -1.75766434e-01
  -4.60358138e-01  -1.16334028e+00   1.29332659e+00]
DIIS for step 24
istep = 24  E(CCSD) = -0.211159653462345  dE = 5.04716918e-09  norm(t1,t2) = 0.000143135
    CPU time for CCSD iter      0.77 sec, wall time      0.77 sec
    CPU time for update t1 t2      0.78 sec, wall time      0.77 sec
diis-c [ -7.91033905e-15   1.52722663e+00   9.23255072e-01   3.11334702e-01
   3.13173095e-02  -6.60365603e-01  -1.13276811e+00]
DIIS for step 25
istep = 25  E(CCSD) = -0.211159600366774  dE = 5.30955718e-08  norm(t1,t2) = 0.000155074
    CPU time for CCSD iter      0.79 sec, wall time      0.79 sec
    CPU time for update t1 t2      0.75 sec, wall time      0.76 sec
diis-c [ -7.57727214e-15  -1.24481841e+00   1.84946201e+00   1.01637838e+00
   6.35155731e-01  -3.06518588e-01  -9.49659118e-01]
DIIS for step 26
istep = 26  E(CCSD) = -0.211159692889202  dE = -9.25224281e-08  norm(t1,t2) = 0.000160544
    CPU time for CCSD iter      0.76 sec, wall time      0.77 sec
    CPU time for update t1 t2      0.77 sec, wall time      0.76 sec
diis-c [ -3.27515792e-15  -4.41975492e-01  -1.67754671e+00   1.61424561e+00
   1.26758051e+00   4.11268219e-01  -1.73572141e-01]
DIIS for step 27
istep = 27  E(CCSD) = -0.211159594380118  dE = 9.85090839e-08  norm(t1,t2) = 0.000185776
    CPU time for CCSD iter      0.78 sec, wall time      0.77 sec
    CPU time for update t1 t2      0.76 sec, wall time      0.76 sec
diis-c [ -5.32907052e-15   8.78396676e-02  -1.36190952e+00  -1.31142237e+00
   2.09373577e+00   1.08898749e+00   4.02768966e-01]
DIIS for step 28
istep = 28  E(CCSD) = -0.211159617592341  dE = -2.32122228e-08  norm(t1,t2) = 0.000184891
    CPU time for CCSD iter      0.78 sec, wall time      0.77 sec
    CPU time for update t1 t2      0.75 sec, wall time      0.76 sec
diis-c [ -1.56819002e-14   9.52272118e-01  -8.22508177e-01  -7.60701905e-01
  -1.88474553e+00   2.17787548e+00   1.33780802e+00]
DIIS for step 29
istep = 29  E(CCSD) = -0.211159695679806  dE = -7.80874654e-08  norm(t1,t2) = 0.000200863
    CPU time for CCSD iter      0.76 sec, wall time      0.77 sec
    CPU time for update t1 t2      0.77 sec, wall time      0.76 sec
diis-c [ -8.99280650e-15   1.55777005e+00   1.36360331e-01   1.85860551e-01
  -7.14378506e-01  -2.03215562e+00   1.86654320e+00]
DIIS for step 30
istep = 30  E(CCSD) = -0.2111595055981  dE = 1.90081706e-07  norm(t1,t2) = 0.00022425
    CPU time for CCSD iter      0.78 sec, wall time      0.77 sec
    CPU time for update t1 t2      0.76 sec, wall time      0.76 sec
diis-c [ -1.03805853e-14   2.79651978e+00   8.44033526e-01   9.12028332e-01
  -3.24564054e-01  -2.13469783e+00  -1.09331976e+00]
DIIS for step 31
istep = 31  E(CCSD) = -0.211159568151743  dE = -6.2553643e-08  norm(t1,t2) = 0.000210784
    CPU time for CCSD iter      0.77 sec, wall time      0.77 sec
    CPU time for update t1 t2      0.76 sec, wall time      0.76 sec
diis-c [ -1.91235916e-14  -2.59533182e+00   2.39269361e+00   2.48726220e+00
   7.67383351e-01  -1.75018898e+00  -3.01818365e-01]
DIIS for step 32
istep = 32  E(CCSD) = -0.21115976427741  dE = -1.96125667e-07  norm(t1,t2) = 0.000232088
    CPU time for CCSD iter      0.77 sec, wall time      0.77 sec
    CPU time for update t1 t2      0.76 sec, wall time      0.76 sec
diis-c [ -5.46784840e-15  -3.93063467e-01  -2.32617673e+00   1.92863856e+00
   1.14300702e+00  -7.00670837e-03   6.54601328e-01]
DIIS for step 33
istep = 33  E(CCSD) = -0.211159179286995  dE = 5.84990416e-07  norm(t1,t2) = 0.000271424
    CPU time for CCSD iter      0.77 sec, wall time      0.77 sec
    CPU time for update t1 t2      0.77 sec, wall time      0.76 sec
diis-c [ -4.59632332e-14  -3.68587139e-01  -2.94643355e+00   1.46051009e+00
   1.67979160e+00   1.46225631e-01   1.02849336e+00]
DIIS for step 34
istep = 34  E(CCSD) = -0.211158463826228  dE = 7.15460766e-07  norm(t1,t2) = 0.000204224
    CPU time for CCSD iter      0.78 sec, wall time      0.77 sec
    CPU time for update t1 t2      0.75 sec, wall time      0.76 sec
diis-c [ -6.20337115e-14  -1.92144669e-01  -8.38851535e-01   2.66722769e-01
   1.66892455e+00  -6.29932495e-02   1.58342132e-01]
DIIS for step 35
istep = 35  E(CCSD) = -0.211157442538149  dE = 1.02128808e-06  norm(t1,t2) = 0.000119059
    CPU time for CCSD iter      0.77 sec, wall time      0.77 sec
    CPU time for update t1 t2      0.75 sec, wall time      0.76 sec
diis-c [ -2.68951528e-14  -3.54507598e-02  -1.66568035e-01   5.75828137e-02
   3.41873778e-01   7.66953087e-01   3.56091157e-02]
DIIS for step 36
istep = 36  E(CCSD) = -0.211157505321386  dE = -6.27832371e-08  norm(t1,t2) = 8.60516e-06
    CPU time for CCSD iter      0.77 sec, wall time      0.77 sec
    CPU time for CCSD     28.61 sec, wall time     28.64 sec
CCSD converged
E(CC2) = -47.80910983073358  E_corr = -0.2111575053213864
    CPU time for EOM-CCSD shared one-electron intermediates      0.04 sec, wall time      0.04 sec
    CPU time for EOM-CCSD IP intermediates      0.20 sec, wall time      0.20 sec
tol 1e-07  toloose 0.000316228
max_cycle 100  max_space 38  max_memory 2000  incore True
davidson 0 6  |r|= 0.262  e= [ 0.15092724  0.82602613  0.82813668  0.82813668  0.82904277  0.82904277]  max|de|= 0.829  lindep=    1
davidson 1 12  |r|= 0.0456  e= [ 0.14240233  0.74122225  0.74398712  0.74398712  0.74511805  0.74511805]  max|de|= -0.0848  lindep= 0.686
davidson 2 18  |r|= 0.00112  e= [ 0.14236954  0.74107035  0.74367895  0.74367895  0.74472033  0.74472033]  max|de|= -0.000398  lindep= 0.757
davidson 3 24  |r|= 0.000296  e= [ 0.14236808  0.74106916  0.74367968  0.74367968  0.74472079  0.74472079]  max|de|= -1.46e-06  lindep= 0.806
root 2 converged  |r|= 1.29e-09  e= 0.743679681485  max|de|= 4.44e-16
root 3 converged  |r|= 1.29e-09  e= 0.743679681485  max|de|= -4.44e-16
root 4 converged  |r|= 1.1e-10  e= 0.744720787747  max|de|= -9.99e-16
root 5 converged  |r|= 1.1e-10  e= 0.744720787747  max|de|= -1.11e-16
davidson 4 26  |r|= 1.04e-05  e= [ 0.14236898  0.74106857  0.74367968  0.74367968  0.74472079  0.74472079]  max|de|= 8.98e-07  lindep= 0.907
root 0 converged  |r|= 1.81e-06  e= 0.142368943856  max|de|= -3.23e-08
root 1 converged  |r|= 5.93e-12  e= 0.74106855659  max|de|= -1.26e-08
converge 5 28  |r|= 1.81e-06  e= [ 0.14236894  0.74106856  0.74367968  0.74367968  0.74472079  0.74472079]  max|de|= -3.23e-08
IP root 0 E = 0.1423689438559592  qpwt = 0.967866
IP root 1 E = 0.7410685565895477  qpwt = 0.921241
IP root 2 E = 0.7436796814851327  qpwt = 0.917524
IP root 3 E = 0.7436796814851331  qpwt = 0.917524
IP root 4 E = 0.7447207877473045  qpwt = 0.919206
IP root 5 E = 0.7447207877473015  qpwt = 0.919206
    CPU time for IP-CCSD      0.33 sec, wall time      0.33 sec
    CPU time for EOM-CCSD shared one-electron intermediates      0.04 sec, wall time      0.04 sec
    CPU time for EOM-CCSD EA intermediates      3.74 sec, wall time      3.74 sec
tol 1e-07  toloose 0.000316228
max_cycle 100  max_space 38  max_memory 2000  incore True
davidson 0 6  |r|= 0.0806  e= [ 0.00417498  0.02238468  0.02238468  0.02713589  0.02632684  0.02632684]  max|de|= 0.0271  lindep=    1
davidson 1 12  |r|= 0.0113  e= [-0.01308935  0.00869226  0.00869226  0.01769016  0.02023559  0.02023559]  max|de|= -0.0173  lindep= 0.925
davidson 2 18  |r|= 0.00988  e= [-0.01446656  0.00755244  0.00755244  0.01563446  0.01918785  0.01918785]  max|de|= -0.00206  lindep= 0.928
davidson 3 24  |r|= 0.00254  e= [-0.01463293  0.00760846  0.00760846  0.01544382  0.01918764  0.01918764]  max|de|= -0.000191  lindep= 0.816
davidson 4 30  |r|= 0.00262  e= [-0.01462889  0.00761708  0.00761708  0.01544591  0.01918703  0.01918703]  max|de|= 8.62e-06  lindep= 0.906
root 4 converged  |r|= 3.18e-05  e= 0.0191870921693  max|de|= 5.98e-08
root 5 converged  |r|= 3.18e-05  e= 0.0191870921693  max|de|= 5.98e-08
davidson 5 36  |r|= 0.000753  e= [-0.01463262  0.00761576  0.00761576  0.01541758  0.01918709  0.01918709]  max|de|= -2.83e-05  lindep= 0.781
root 0 converged  |r|= 7.74e-05  e= -0.0146326170642  max|de|= -5.9e-17
root 1 converged  |r|= 8.34e-05  e= 0.00761576383014  max|de|= -5.64e-17
root 2 converged  |r|= 8.34e-05  e= 0.00761576383014  max|de|= -5.12e-17
root 4 converged  |r|= 3.18e-05  e= 0.0191870921693  max|de|= -2.78e-17
root 5 converged  |r|= 3.18e-05  e= 0.0191870921693  max|de|= -7.63e-17
davidson 6 6  |r|= 0.000753  e= [-0.01463262  0.00761576  0.00761576  0.01541758  0.01918709  0.01918709]  max|de|= -9.89e-17  lindep= 0.993
davidson 7 7  |r|= 0.000277  e= [-0.01463262  0.00761576  0.00761576  0.01540741  0.01918709  0.01918709]  max|de|= -1.02e-05  lindep= 0.792
davidson 8 8  |r|= 6.81e-05  e= [-0.01463262  0.00761576  0.00761576  0.01540853  0.01918709  0.01918709]  max|de|= 1.12e-06  lindep= 0.759
davidson 9 9  |r|= 4.41e-05  e= [-0.01463262  0.00761576  0.00761576  0.01540587  0.01918709  0.01918709]  max|de|= -2.65e-06  lindep= 0.64
davidson 10 10  |r|= 2.08e-05  e= [-0.01463262  0.00761576  0.00761576  0.01540851  0.01918709  0.01918709]  max|de|= 2.64e-06  lindep= 0.559
davidson 11 11  |r|= 8.83e-06  e= [-0.01463262  0.00761576  0.00761576  0.01540773  0.01918709  0.01918709]  max|de|= -7.84e-07  lindep= 0.575
root 3 converged  |r|= 2.77e-06  e= 0.0154077636315  max|de|= 3.84e-08
converge 12 12  |r|= 2.77e-06  e= [-0.01463262  0.00761576  0.00761576  0.01540776  0.01918709  0.01918709]  max|de|= 3.84e-08
EA root 0 E = -0.01463261706418578  qpwt = 0.95903
EA root 1 E = 0.007615763830143475  qpwt = 0.959311
EA root 2 E = 0.007615763830144316  qpwt = 0.959311
EA root 3 E = 0.01540776363153737  qpwt = 0.952217
EA root 4 E = 0.01918709216932214  qpwt = 0.972374
EA root 5 E = 0.01918709216932077  qpwt = 0.972374
    CPU time for EA-CCSD      7.55 sec, wall time      7.56 sec
