

******** <class 'pyscf.scf.hf.RHF'> flags ********
method = RHF
initial guess = minao
damping factor = 0
level shift factor = 0
Do DIIS = True
DIIS start cycle = 1
DIIS space = 8
SCF tol = 1e-09
SCF gradient tol = None
max. SCF cycles = 50
direct_scf = True
direct_scf_tol = 1e-13
chkfile to save SCF result = /tmp/tmpkDB4RN
max_memory 4000 MB (current use 39 MB)
Set gradient conv threshold to 3.16228e-05
Nelec from initial guess = 17.9977
cond(S) = 1310.73126229
E_coul = 164.620123742555
init E= -398.53900558572
    CPU time for initialize scf      0.24 sec, wall time      0.45 sec
  HOMO = -0.314309624256573  LUMO = 0.0863087163419816
  mo_energy =
[ -9.19654297e+01  -9.01090074e+00  -6.68007964e+00  -6.67979449e+00
  -6.67680812e+00  -1.10261031e+00  -5.62976841e-01  -4.56486851e-01
  -3.14309624e-01   8.63087163e-02   9.22672026e-02   2.96117563e-01
   3.40912470e-01   3.97461445e-01   3.99674626e-01   4.38253397e-01
   4.67430934e-01   4.73684838e-01   4.88274403e-01   6.37226239e-01
   7.98984644e-01   8.29515835e-01   9.99825251e-01   1.03017984e+00
   1.06808222e+00   1.09071719e+00   1.36228494e+00   1.41088593e+00
   1.68675063e+00   1.69274081e+00   1.69546778e+00   1.76534222e+00
   1.84845057e+00   1.85257759e+00   1.97185106e+00   1.97432366e+00
   2.02548755e+00   2.08163798e+00   2.15497488e+00   2.16262749e+00
   2.17179864e+00   2.48960990e+00   2.73709405e+00   2.83098228e+00
   2.90135523e+00   3.46013477e+00   3.50645755e+00   3.53790444e+00
   3.66984478e+00   3.91219502e+00   3.92750012e+00   3.94408998e+00
   3.98018462e+00   4.26001196e+00   4.27733403e+00   4.29273598e+00
   4.30278404e+00   4.47726648e+00   4.53909416e+00   4.79706408e+00
   5.04200109e+00   7.25366239e+00   7.26076674e+00   7.33125975e+00
   7.37507968e+00   8.13682943e+00   9.48190133e+00   9.81529094e+00
   9.92757782e+00   2.12922177e+01]
E_coul = 165.26261580546
cycle= 1 E= -398.688874399334  delta_E= -0.15  |g|= 0.206  |ddm|= 1.02
    CPU time for cycle= 1      0.03 sec, wall time      0.02 sec
diis-norm(errvec)=0.676932
diis-c [-0.45823671  1.        ]
  HOMO = -0.377401785350306  LUMO = 0.119811269004672
  mo_energy =
[-91.93296643  -8.94232594  -6.62353436  -6.62250294  -6.61959794
  -0.99024507  -0.59944595  -0.49082859  -0.37740179   0.11981127
   0.14314167   0.28717849   0.348982     0.42727651   0.43059816
   0.4664462    0.48976651   0.50205419   0.52088874   0.66586923
   0.82191214   0.84599901   0.99517356   1.00502784   1.0636973
   1.09367144   1.36990435   1.40887922   1.73890981   1.74023004
   1.75450759   1.81131519   1.86804493   1.8983533    2.02596084
   2.03684499   2.09165789   2.1107106    2.19355372   2.19973725
   2.20589614   2.53897683   2.75364832   2.80597033   2.89173111
   3.42212352   3.47396459   3.50008506   3.63960222   3.88337784
   3.90345217   3.91369229   3.9285924    4.22807371   4.24047217
   4.24429359   4.2636441    4.44883325   4.51723512   4.76369367
   5.01324061   7.31953547   7.32268699   7.39738077   7.42978671
   8.18751746   9.54427067   9.87038015   9.97495665  21.34760238]
E_coul = 164.879059443662
cycle= 2 E= -398.705653218429  delta_E= -0.0168  |g|= 0.0783  |ddm|= 0.205
    CPU time for cycle= 2      0.02 sec, wall time      0.02 sec
diis-norm(errvec)=0.224562
diis-c [-0.04203866  0.12432617  0.87567383]
  HOMO = -0.385792386624301  LUMO = 0.129818250463979
  mo_energy =
[-91.97067143  -8.97304931  -6.65466369  -6.65395281  -6.65252707
  -0.98392533  -0.58943466  -0.50307448  -0.38579239   0.12981825
   0.14713361   0.2921104    0.35336565   0.42182609   0.43121193
   0.46273953   0.49020209   0.49859467   0.51669696   0.6707808
   0.81927065   0.84973223   1.00860567   1.02939768   1.07941035
   1.10151414   1.37150464   1.42436465   1.72656849   1.72702231
   1.74129928   1.80517429   1.87458705   1.89164648   2.00823064
   2.01674329   2.07173468   2.10324768   2.19232496   2.19675153
   2.19685258   2.51564034   2.75522546   2.84265775   2.91786947
   3.46410523   3.51175897   3.54531172   3.67478567   3.93009438
   3.93761207   3.95923583   3.97834307   4.2709977    4.27738305
   4.28093136   4.30022606   4.48764318   4.54722443   4.80093274
   5.0460164    7.29412607   7.29674825   7.37154885   7.40599199
   8.16606934   9.51625589   9.84585413   9.9550499   21.32471633]
E_coul = 165.064553549832
cycle= 3 E= -398.707411430509  delta_E= -0.00176  |g|= 0.023  |ddm|= 0.0573
    CPU time for cycle= 3      0.02 sec, wall time      0.02 sec
diis-norm(errvec)=0.0743282
diis-c [-0.00221976 -0.10158236 -0.13258686  1.23416922]
  HOMO = -0.383023572882735  LUMO = 0.131740568339722
  mo_energy =
[-91.9548947   -8.9623567   -6.64361679  -6.64305505  -6.64213911
  -0.97939922  -0.58806626  -0.49986428  -0.38302357   0.13174057
   0.15225345   0.2928944    0.35451069   0.42278956   0.43529992
   0.46725867   0.49391506   0.50211578   0.52060459   0.67346838
   0.82191406   0.85320548   1.01145583   1.03227906   1.08215509
   1.10485267   1.37495303   1.42788904   1.73144466   1.7318226
   1.74604686   1.80931755   1.87899964   1.8959428    2.01316373
   2.02240354   2.07611899   2.10857456   2.1959005    2.20117995
   2.20146875   2.52104525   2.76017558   2.8499247    2.92486304
   3.46939006   3.51794492   3.55040344   3.6806542    3.93748521
   3.9456476    3.96718442   3.98553213   4.27909356   4.28341207
   4.28731112   4.30623085   4.4956714    4.55356685   4.80732575
   5.05286171   7.30278312   7.30487539   7.38048467   7.41399622
   8.17515725   9.52474282   9.85528914   9.96362815  21.33376785]
E_coul = 165.02071205961
cycle= 4 E= -398.70774441583  delta_E= -0.000333  |g|= 0.00509  |ddm|= 0.0267
    CPU time for cycle= 4      0.03 sec, wall time      0.02 sec
diis-norm(errvec)=0.0146364
diis-c [ -7.92210007e-05   3.67827071e-03  -4.85738166e-03  -2.07857339e-01
   1.20903645e+00]
  HOMO = -0.383921743217422  LUMO = 0.131285758049975
  mo_energy =
[-91.96200623  -8.96639559  -6.64788712  -6.6472396   -6.64619631
  -0.98049653  -0.58919699  -0.50088075  -0.38392174   0.13128576
   0.15189159   0.29229235   0.35390077   0.42253207   0.43489371
   0.46654181   0.49318099   0.50147917   0.52018911   0.6727129
   0.82113625   0.8523639    1.01078661   1.03133803   1.08153577
   1.10418382   1.37438356   1.42711545   1.72992979   1.73028771
   1.7448815    1.80804184   1.87735692   1.8949585    2.01209726
   2.02160178   2.07532245   2.10713877   2.19484351   2.1998946
   2.20047877   2.5200068    2.75902114   2.84908429   2.92400539
   3.46841094   3.51706263   3.5493388    3.67975295   3.93647619
   3.94453559   3.96626463   3.98469232   4.27805545   4.2826867
   4.28657797   4.30554776   4.49464227   4.55250254   4.80622878
   5.05170221   7.30013615   7.30190612   7.37782364   7.41091383
   8.1723049    9.52168516   9.85206641   9.9601207   21.33050915]
E_coul = 165.031008588599
cycle= 5 E= -398.707759638549  delta_E= -1.52e-05  |g|= 0.00127  |ddm|= 0.00632
    CPU time for cycle= 5      0.02 sec, wall time      0.02 sec
diis-norm(errvec)=0.00263191
diis-c [ -5.32657713e-06   2.25221797e-03   2.56817509e-03  -3.73716831e-02
   3.53454939e-02   9.97205796e-01]
  HOMO = -0.383706962663246  LUMO = 0.131313646087579
  mo_energy =
[-91.95978749  -8.96517828  -6.64662     -6.64596031  -6.64489394
  -0.98025239  -0.58896872  -0.50066573  -0.38370696   0.13131365
   0.15199834   0.29232502   0.35398027   0.42263117   0.435051
   0.46672285   0.49337664   0.50169137   0.52032036   0.67286863
   0.82123264   0.85246995   1.01085293   1.03137586   1.08161949
   1.10428695   1.37448212   1.42727177   1.73032208   1.73061752
   1.74531756   1.80845559   1.87767094   1.89520043   2.01236698
   2.02193376   2.07570349   2.10732377   2.19515707   2.20012715
   2.20071242   2.52025842   2.75921482   2.84914632   2.92412172
   3.46845523   3.51710672   3.5494112    3.67979913   3.93657238
   3.94459172   3.96634079   3.98473856   4.27820018   4.28277642
   4.28662189   4.30562461   4.49480824   4.55264154   4.80640415
   5.05190415   7.30104474   7.30276395   7.37871648   7.41173282
   8.17304725   9.52272017   9.85305634   9.96106484  21.33145982]
E_coul = 165.025445010325
cycle= 6 E= -398.707760083381  delta_E= -4.45e-07  |g|= 0.000305  |ddm|= 0.00111
    CPU time for cycle= 6      0.02 sec, wall time      0.02 sec
diis-norm(errvec)=0.000677492
diis-c [ -1.07837415e-07  -2.44607717e-04  -2.26213663e-04   1.51246585e-02
  -8.20954498e-02  -7.38453920e-02   1.14128700e+00]
  HOMO = -0.383803519330253  LUMO = 0.131288788139122
  mo_energy =
[-91.9601962   -8.96544265  -6.64688536  -6.64622715  -6.64515903
  -0.98034629  -0.58900489  -0.50073612  -0.38380352   0.13128879
   0.15196758   0.29231548   0.35395017   0.42258594   0.43499971
   0.46667175   0.49331676   0.50162997   0.52028312   0.67281807
   0.82118016   0.85242979   1.01083291   1.03136746   1.0816024    1.104256
   1.37444681   1.42724076   1.7302029    1.73049796   1.7452062
   1.8083548    1.87758288   1.89511234   2.01226773   2.02183694
   2.07560221   2.10723163   2.19507001   2.20004989   2.20062955
   2.52015971   2.75914403   2.84914228   2.924104     3.46845869
   3.51710449   3.54941537   3.67979495   3.93656632   3.94456728
   3.96633719   3.98476062   4.27818693   4.28277671   4.28664221
   4.30563319   4.49478971   4.55261595   4.8063845    5.05187739
   7.30085315   7.30256295   7.37852507   7.41152902   8.17286318
   9.52250563   9.85284128   9.96084386  21.33124128]
E_coul = 165.026513817506
cycle= 7 E= -398.707760121296  delta_E= -3.79e-08  |g|= 4.34e-05  |ddm|= 0.000483
    CPU time for cycle= 7      0.03 sec, wall time      0.02 sec
diis-norm(errvec)=0.000117782
diis-c [ -6.91502380e-09  -3.89565835e-05   1.42961872e-05  -1.39710828e-03
   1.26650461e-02  -2.68223556e-02  -1.40990622e-01   1.15656970e+00]
  HOMO = -0.383797069479269  LUMO = 0.131292136344438
  mo_energy =
[-91.96016371  -8.96541079  -6.64685154  -6.64619473  -6.64512734
  -0.98033453  -0.58899059  -0.50072349  -0.38379707   0.13129214
   0.15197412   0.29232066   0.35395527   0.42258716   0.43500809
   0.46668291   0.49332773   0.50163978   0.52029104   0.67282647
   0.82118779   0.85243903   1.0108392    1.03137504   1.08160849
   1.10426335   1.37445466   1.42725083   1.7302217    1.73051433
   1.74522305   1.808372     1.87759874   1.89512541   2.01228285
   2.02185044   2.07561606   2.10724616   2.19508437   2.20006211
   2.20064295   2.52017347   2.75915686   2.84915188   2.9241151
   3.46846686   3.51711322   3.54942407   3.67980388   3.93657614
   3.94457889   3.96634708   3.98477031   4.27819943   4.28278641
   4.28665184   4.30564236   4.49480245   4.55262748   4.80639701
   5.05189049   7.30088206   7.30259307   7.37855325   7.41155786
   8.17288831   9.52253391   9.85286829   9.96087258  21.33126889]
E_coul = 165.026416032856
cycle= 8 E= -398.707760122461  delta_E= -1.17e-09  |g|= 1.05e-05  |ddm|= 7.68e-05
    CPU time for cycle= 8      0.02 sec, wall time      0.02 sec
diis-norm(errvec)=2.9207e-05
diis-c [ -2.42724174e-10   2.63680772e-05   4.09488540e-05  -3.67511856e-04
   2.67793810e-05   8.78283678e-03  -1.47065980e-03  -3.57215575e-01
   1.35017681e+00]
  HOMO = -0.383798879294494  LUMO = 0.131292337414985
  mo_energy =
[-91.96015908  -8.96541103  -6.64685155  -6.64619477  -6.64512739
  -0.98033509  -0.58899073  -0.50072362  -0.38379888   0.13129234
   0.15197359   0.29232088   0.35395508   0.42258618   0.43500773
   0.46668283   0.49332735   0.50163924   0.52029076   0.67282635
   0.82118747   0.85243899   1.01083937   1.03137536   1.08160854
   1.10426331   1.37445463   1.42725107   1.73022079   1.73051281
   1.7452218    1.80837112   1.87759763   1.89512446   2.01228233
   2.02184963   2.0756154    2.10724537   2.19508379   2.20006112
   2.20064231   2.52017276   2.75915659   2.84915226   2.92411527
   3.46846735   3.51711356   3.54942458   3.67980439   3.93657612
   3.94457889   3.96634716   3.98477132   4.27819957   4.28278701
   4.28665305   4.30564301   4.4948024    4.55262744   4.80639719
   5.05189054   7.30088094   7.3025924    7.37855203   7.41155681
   8.17288694   9.52253383   9.85286759   9.96087196  21.33126828]
E_coul = 165.026420414582
cycle= 9 E= -398.70776012254  delta_E= -7.87e-11  |g|= 1.59e-06  |ddm|= 2.12e-05
    CPU time for cycle= 9      0.03 sec, wall time      0.02 sec
  HOMO = -0.383798451149871  LUMO = 0.131292490674527
  mo_energy =
[-91.9601589   -8.96541003  -6.6468506   -6.6461938   -6.6451264
  -0.98033455  -0.5889905   -0.50072317  -0.38379845   0.13129249
   0.1519738    0.29232099   0.35395527   0.42258638   0.43500805
   0.46668322   0.49332778   0.50163966   0.52029099   0.67282668
   0.82118774   0.85243928   1.01083956   1.0313755    1.08160871
   1.10426354   1.37445484   1.42725134   1.73022155   1.73051346
   1.7452225    1.80837179   1.87759819   1.895125     2.01228294
   2.02185022   2.07561605   2.10724589   2.19508435   2.2000616
   2.20064284   2.52017328   2.75915702   2.84915246   2.92411553
   3.4684675    3.51711371   3.54942478   3.67980457   3.93657635
   3.94457916   3.96634736   3.98477146   4.27819986   4.28278718
   4.28665318   4.30564314   4.49480267   4.55262772   4.80639746
   5.05189085   7.30088195   7.3025935    7.37855303   7.41155789
   8.1728879    9.52253476   9.85286845   9.96087286  21.3312692 ]
    CPU time for scf_cycle      0.46 sec, wall time      0.67 sec
    CPU time for SCF      0.46 sec, wall time      0.67 sec
converged SCF energy = -398.70776012254
RHF E = -398.707760123
RHF eps = [-91.9601589   -8.96541003  -6.6468506   -6.6461938   -6.6451264
  -0.98033455  -0.5889905   -0.50072317  -0.38379845   0.13129249
   0.1519738    0.29232099   0.35395527   0.42258638   0.43500805
   0.46668322   0.49332778   0.50163966   0.52029099   0.67282668
   0.82118774   0.85243928   1.01083956   1.0313755    1.08160871
   1.10426354   1.37445484   1.42725134   1.73022155   1.73051346
   1.7452225    1.80837179   1.87759819   1.895125     2.01228294
   2.02185022   2.07561605   2.10724589   2.19508435   2.2000616
   2.20064284   2.52017328   2.75915702   2.84915246   2.92411553
   3.4684675    3.51711371   3.54942478   3.67980457   3.93657635
   3.94457916   3.96634736   3.98477146   4.27819986   4.28278718
   4.28665318   4.30564314   4.49480267   4.55262772   4.80639746
   5.05189085   7.30088195   7.3025935    7.37855303   7.41155789
   8.1728879    9.52253476   9.85286845   9.96087286  21.3312692 ]
    CPU time for CCSD integral transformation      1.71 sec, wall time      1.71 sec

******** <class 'pyscf.cc.rccsd_slow.RCCSD'> flags ********
CCSD nocc = 4, nvir = 61
frozen orbitals [0, 1, 2, 3, 4]
max_cycle = 100
direct = 0
conv_tol = 1e-07
conv_tol_normt = 1e-05
diis_space = 6
diis_start_cycle = 0
diis_start_energy_diff = 1e+09
Init t2, MP2 energy = -0.191097227568443
    CPU time for init mp2      0.00 sec, wall time      0.00 sec
    CPU time for update t1 t2      0.26 sec, wall time      0.25 sec
istep = 0  E(CCSD) = -0.191073904545666  dE = -0.191073905  norm(t1,t2) = 0.0181652
    CPU time for CCSD iter      0.26 sec, wall time      0.25 sec
    CPU time for update t1 t2      0.24 sec, wall time      0.25 sec
DIIS for step 1
istep = 1  E(CCSD) = -0.191843787117586  dE = -0.000769882572  norm(t1,t2) = 0.00811883
    CPU time for CCSD iter      0.25 sec, wall time      0.25 sec
    CPU time for update t1 t2      0.24 sec, wall time      0.25 sec
diis-c [ -7.27662262e-06   1.00000000e+00]
DIIS for step 2
istep = 2  E(CCSD) = -0.192000945673086  dE = -0.000157158556  norm(t1,t2) = 0.00346494
    CPU time for CCSD iter      0.24 sec, wall time      0.25 sec
    CPU time for update t1 t2      0.25 sec, wall time      0.25 sec
diis-c [ -1.43241241e-07  -7.49972512e-01   1.74997251e+00]
DIIS for step 3
istep = 3  E(CCSD) = -0.192145819903468  dE = -0.00014487423  norm(t1,t2) = 0.00161632
    CPU time for CCSD iter      0.25 sec, wall time      0.25 sec
    CPU time for update t1 t2      0.25 sec, wall time      0.25 sec
diis-c [ -1.18149487e-08  -7.56429262e-02   9.96561634e-02   9.75986763e-01]
DIIS for step 4
istep = 4  E(CCSD) = -0.192143835511712  dE = 1.98439176e-06  norm(t1,t2) = 0.000178075
    CPU time for CCSD iter      0.25 sec, wall time      0.25 sec
    CPU time for update t1 t2      0.25 sec, wall time      0.25 sec
diis-c [ -2.73744305e-10   7.77079712e-02  -1.48509317e-01  -3.59306076e-01
   1.43010742e+00]
DIIS for step 5
istep = 5  E(CCSD) = -0.192141487857725  dE = 2.34765399e-06  norm(t1,t2) = 5.41754e-05
    CPU time for CCSD iter      0.25 sec, wall time      0.25 sec
    CPU time for update t1 t2      0.25 sec, wall time      0.25 sec
diis-c [ -2.52572685e-11  -1.46917984e-02   3.01553892e-02   3.57937723e-02
  -2.80850794e-01   1.22959343e+00]
DIIS for step 6
istep = 6  E(CCSD) = -0.192141650629095  dE = -1.6277137e-07  norm(t1,t2) = 8.48472e-06
    CPU time for CCSD iter      0.25 sec, wall time      0.25 sec
    CPU time for update t1 t2      0.25 sec, wall time      0.25 sec
diis-c [ -1.61337610e-12  -6.59495064e-03   1.27838234e-02   2.83657472e-02
  -1.07157450e-01  -6.19554968e-02   1.13455833e+00]
DIIS for step 7
istep = 7  E(CCSD) = -0.192141584810276  dE = 6.58188198e-08  norm(t1,t2) = 2.52583e-06
    CPU time for CCSD iter      0.25 sec, wall time      0.25 sec
    CPU time for CCSD      2.00 sec, wall time      2.00 sec
CCSD converged
E(CC2) = -398.8999017073501  E_corr = -0.1921415848102755
    CPU time for EOM-CCSD shared one-electron intermediates      0.01 sec, wall time      0.01 sec
    CPU time for EOM-CCSD IP intermediates      0.02 sec, wall time      0.02 sec
tol 1e-07  toloose 0.000316228
max_cycle 100  max_space 38  max_memory 2000  incore True
davidson 0 6  |r|= 0.285  e= [  0.43340557   0.55092259   0.63803414   1.01192378  22.09886897
  10.72847052]  max|de|= 22.1  lindep=    1
root 4 converged  |r|= 8.08e-10  e= 22.0988689739  max|de|= 6.88e-10
root 5 converged  |r|= 6.29e-11  e= 10.7284705233  max|de|= 7.26e-10
davidson 1 12  |r|= 0.0538  e= [  0.37848964   0.49076192   0.57575737   0.89407679  22.09886897
  10.72847052]  max|de|= -0.118  lindep= 0.932
davidson 2 16  |r|= 0.0307  e= [  0.37848981   0.49082429   0.57580269   0.87753239  22.09886897
  10.72847052]  max|de|= -0.0165  lindep= 0.771
root 0 converged  |r|= 3.16e-10  e= 0.378489805892  max|de|= 6e-15
root 2 converged  |r|= 3.69e-14  e= 0.575802690544  max|de|= -3.02e-09
davidson 3 19  |r|= 2.82e-05  e= [  0.37848981   0.49082282   0.57580269   0.87593709  22.09886897
  10.72847052]  max|de|= -0.0016  lindep= 0.87
root 1 converged  |r|= 2.64e-09  e= 0.490822820448  max|de|= -2.78e-11
root 3 converged  |r|= 8.81e-09  e= 0.875937003642  max|de|= -8.4e-08
converge 4 20  |r|= 8.81e-09  e= [  0.37848981   0.49082282   0.57580269   0.875937    22.09886897
  10.72847052]  max|de|= -8.4e-08
IP root 0 E = 0.3784898058922219  qpwt = 0.968237
IP root 1 E = 0.4908228204476052  qpwt = 0.965572
IP root 2 E = 0.5758026905439532  qpwt = 0.965141
IP root 3 E = 0.8759370036415278  qpwt = 0.612304
IP root 4 E = 22.09886897388081  qpwt = 1.49255e-07
IP root 5 E = 10.72847052330196  qpwt = 8.86075e-08
    CPU time for IP-CCSD      0.07 sec, wall time      0.06 sec
    CPU time for EOM-CCSD shared one-electron intermediates      0.00 sec, wall time      0.01 sec
    CPU time for EOM-CCSD EA intermediates      1.02 sec, wall time      1.02 sec
tol 1e-07  toloose 0.000316228
max_cycle 100  max_space 38  max_memory 2000  incore True
davidson 0 6  |r|= 0.295  e= [ 0.13778301  0.167402    0.2996918   0.36531247  0.43195784  0.44871347]  max|de|= 0.449  lindep=    1
davidson 1 12  |r|= 0.0378  e= [ 0.10428748  0.12059272  0.2692821   0.32328626  0.39798948  0.38583903]  max|de|= -0.0629  lindep= 0.986
davidson 2 18  |r|= 0.0149  e= [ 0.10273322  0.11668098  0.26855534  0.32254222  0.39726422  0.38464008]  max|de|= -0.00391  lindep= 0.815
davidson 3 24  |r|= 0.00849  e= [ 0.10282589  0.11687735  0.26852592  0.32254241  0.39726647  0.38459146]  max|de|= 0.000196  lindep= 0.57
davidson 4 30  |r|= 0.0042  e= [ 0.10282344  0.11687528  0.26852327  0.32255185  0.39724563  0.38443255]  max|de|= -0.000159  lindep= 0.56
davidson 5 36  |r|= 0.000824  e= [ 0.10282189  0.11687257  0.2685202   0.322545    0.39724599  0.38443442]  max|de|= -6.85e-06  lindep= 0.762
root 0 converged  |r|= 2.45e-05  e= 0.102821890531  max|de|= -3.89e-16
root 1 converged  |r|= 2.51e-05  e= 0.116872568295  max|de|= 2.64e-16
root 2 converged  |r|= 3.22e-05  e= 0.268520199405  max|de|= 3.33e-16
root 3 converged  |r|= 7.77e-05  e= 0.322544999647  max|de|= 6.11e-16
davidson 6 6  |r|= 0.000824  e= [ 0.10282189  0.11687257  0.2685202   0.322545    0.39724599  0.38443442]  max|de|= -1.05e-15  lindep= 0.999
davidson 7 8  |r|= 0.000151  e= [ 0.10282191  0.11687257  0.2685202   0.32254503  0.39724675  0.38443124]  max|de|= -3.18e-06  lindep= 0.823
davidson 8 10  |r|= 0.00014  e= [ 0.10282191  0.11687257  0.2685202   0.32254503  0.39724695  0.38443265]  max|de|= 1.41e-06  lindep= 0.419
root 4 converged  |r|= 8.12e-05  e= 0.397246872373  max|de|= -7.73e-08
davidson 9 12  |r|= 8.12e-05  e= [ 0.10282191  0.11687257  0.2685202   0.32254507  0.39724687  0.384432  ]  max|de|= -6.52e-07  lindep= 0.41
davidson 10 13  |r|= 3.04e-05  e= [ 0.10282192  0.11687257  0.2685202   0.32254507  0.39724687  0.38443185]  max|de|= -1.51e-07  lindep= 0.0734
root 5 converged  |r|= 3.08e-05  e= 0.384431865829  max|de|= 1.74e-08
converge 11 14  |r|= 3.08e-05  e= [ 0.10282191  0.11687257  0.2685202   0.32254493  0.39724687  0.38443187]  max|de|= -1.44e-07
EA root 0 E = 0.1028219066084772  qpwt = 0.986176
EA root 1 E = 0.1168725682945098  qpwt = 0.980688
EA root 2 E = 0.2685201994054374  qpwt = 0.985418
EA root 3 E = 0.3225449302635112  qpwt = 0.981139
EA root 4 E = 0.3972468723733204  qpwt = 0.983836
EA root 5 E = 0.384431865828907  qpwt = 0.973521
    CPU time for EA-CCSD      1.64 sec, wall time      1.65 sec
