

******** <class 'pyscf.scf.hf.RHF'> flags ********
method = RHF
initial guess = minao
damping factor = 0
level shift factor = 0
Do DIIS = True
DIIS start cycle = 1
DIIS space = 8
SCF tol = 1e-09
SCF gradient tol = None
max. SCF cycles = 50
direct_scf = True
direct_scf_tol = 1e-13
chkfile to save SCF result = /tmp/tmpF_hHPy
max_memory 4000 MB (current use 39 MB)
Set gradient conv threshold to 3.16228e-05
Nelec from initial guess = 24.4616
cond(S) = 591.356738953
E_coul = 206.194309358207
init E= -281.801475524205
    CPU time for initialize scf      0.59 sec, wall time      0.77 sec
  HOMO = -1.28270455555895  LUMO = -0.261069402220806
  mo_energy =
[ -10.14504489   -7.86425555   -7.86425555   -7.86425555   -4.39953035
   -4.39953035   -4.39953035   -4.39953035   -4.39953035   -1.96257732
   -1.28270456   -1.28270456   -1.28270456   -0.2610694    -0.2610694
   -0.2610694    -0.2610694    -0.2610694    -0.12673175   -0.12624489
   -0.12624489   -0.12624489    0.17538972    0.17538972    0.17538972
    0.17538972    0.17538972    0.17538972    0.17538972    0.74233756
    0.74233756    0.74233756    0.75296376    0.75296376    0.75296376
    0.75296376    0.75296376    2.12926391    2.12926391    2.12926391
    2.12926391    2.12926391    2.12926391    2.12926391    3.43783502
   31.77682327   31.77682327   31.77682327   42.18821556  106.24550185]
E_coul = 259.313445621482
cycle= 1 E= -327.426170024296  delta_E= -45.6  |g|= 2.74  |ddm|= 16.6
    CPU time for cycle= 1      0.01 sec, wall time      0.01 sec
diis-norm(errvec)=3.72982
diis-c [-13.91158824   1.        ]
  HOMO = -0.235258809410053  LUMO = 0.33914765480315
  mo_energy =
[  -7.57434619   -5.33685892   -5.33685892   -5.33685892   -1.92049464
   -1.92049464   -1.92049464   -1.92049464   -1.92049464   -0.73447436
   -0.23525881   -0.23525881   -0.23525881    0.33914765    0.33914765
    0.33914765    0.47372873    0.47372873    0.47372873    0.47372873
    0.47372873    0.66351978    1.45293894    1.45293894    1.45293894
    1.45293894    1.45293894    1.45293894    1.45293894    1.81366843
    1.81366843    1.81366843    2.01377537    2.01377537    2.01377537
    2.01377537    2.01377537    4.29271861    4.29271861    4.29271861
    4.29271861    4.29271861    4.29271861    4.29271861    5.44143443
   35.68883266   35.68883266   35.68883266   46.12139853  110.39589786]
E_coul = 237.344929464771
cycle= 2 E= -328.171113586774  delta_E= -0.745  |g|= 1.15  |ddm|=  4.7
    CPU time for cycle= 2      0.01 sec, wall time      0.01 sec
diis-norm(errvec)=1.41191
diis-c [-1.01782102  0.2157368   0.7842632 ]
  HOMO = -0.467184423209152  LUMO = 0.291061107414574
  mo_energy =
[  -8.47323322   -6.20306293   -6.20306293   -6.20306293   -2.72590107
   -2.72590107   -2.72590107   -2.72590107   -2.72590107   -1.02785677
   -0.46718442   -0.46718442   -0.46718442    0.29106111    0.29106111
    0.29106111    0.34383875    0.34383875    0.34383875    0.34383875
    0.34383875    0.493257      1.12726184    1.12726184    1.12726184
    1.12726184    1.12726184    1.12726184    1.12726184    1.5282191
    1.5282191     1.5282191     1.65722214    1.65722214    1.65722214
    1.65722214    1.65722214    3.58822128    3.58822128    3.58822128
    3.58822128    3.58822128    3.58822128    3.58822128    4.8237404
   34.53775106   34.53775106   34.53775106   44.99205707  109.14231071]
E_coul = 243.945998339117
cycle= 3 E= -328.29560771652  delta_E= -0.124  |g|= 0.122  |ddm|=  1.1
    CPU time for cycle= 3      0.01 sec, wall time      0.01 sec
diis-norm(errvec)=0.13211
diis-c [ -8.52348247e-04  -7.30400547e-03   7.41969387e-02   9.33107067e-01]
  HOMO = -0.455810290407097  LUMO = 0.298383462538392
  mo_energy =
[  -8.39736739   -6.13146048   -6.13146048   -6.13146048   -2.6617519
   -2.6617519    -2.6617519    -2.6617519    -2.6617519    -1.00945348
   -0.45581029   -0.45581029   -0.45581029    0.29838346    0.29838346
    0.29838346    0.35294864    0.35294864    0.35294864    0.35294864
    0.35294864    0.51060032    1.15048056    1.15048056    1.15048056
    1.15048056    1.15048056    1.15048056    1.15048056    1.55370225
    1.55370225    1.55370225    1.68467135    1.68467135    1.68467135
    1.68467135    1.68467135    3.64147743    3.64147743    3.64147743
    3.64147743    3.64147743    3.64147743    3.64147743    4.87467797
   34.65308196   34.65308196   34.65308196   45.10443097  109.27588295]
E_coul = 243.287515776494
cycle= 4 E= -328.29714689017  delta_E= -0.00154  |g|= 0.00508  |ddm|= 0.161
    CPU time for cycle= 4      0.01 sec, wall time      0.01 sec
diis-norm(errvec)=0.00632874
diis-c [ -1.73774588e-06   1.35566346e-03  -1.28686931e-02  -1.17864495e-01
   1.12937752e+00]
  HOMO = -0.456028886784805  LUMO = 0.298571075155396
  mo_energy =
[  -8.39905783   -6.13328815   -6.13328815   -6.13328815   -2.6636251
   -2.6636251    -2.6636251    -2.6636251    -2.6636251    -1.00926789
   -0.45602889   -0.45602889   -0.45602889    0.29857108    0.29857108
    0.29857108    0.35305055    0.35305055    0.35305055    0.35305055
    0.35305055    0.51097956    1.15013096    1.15013096    1.15013096
    1.15013096    1.15013096    1.15013096    1.15013096    1.55361825
    1.55361825    1.55361825    1.68426158    1.68426158    1.68426158
    1.68426158    1.68426158    3.63996245    3.63996245    3.63996245
    3.63996245    3.63996245    3.63996245    3.63996245    4.87381617
   34.65101659   34.65101659   34.65101659   45.10239892  109.27342909]
E_coul = 243.300635021243
cycle= 5 E= -328.297153633613  delta_E= -6.74e-06  |g|= 0.000635  |ddm|= 0.0145
    CPU time for cycle= 5      0.01 sec, wall time      0.01 sec
diis-norm(errvec)=0.000763584
diis-c [ -1.64190873e-08  -1.30970298e-04   1.12413420e-03   1.32859240e-02
  -1.89181637e-01   1.17490255e+00]
  HOMO = -0.456080417616099  LUMO = 0.298581053221378
  mo_energy =
[  -8.39934205   -6.13358462   -6.13358462   -6.13358462   -2.66390845
   -2.66390845   -2.66390845   -2.66390845   -2.66390845   -1.00925811
   -0.45608042   -0.45608042   -0.45608042    0.29858105    0.29858105
    0.29858105    0.35305794    0.35305794    0.35305794    0.35305794
    0.35305794    0.51103468    1.15007167    1.15007167    1.15007167
    1.15007167    1.15007167    1.15007167    1.15007167    1.55358852
    1.55358852    1.55358852    1.68418185    1.68418185    1.68418185
    1.68418185    1.68418185    3.63972231    3.63972231    3.63972231
    3.63972231    3.63972231    3.63972231    3.63972231    4.87365906
   34.65064688   34.65064688   34.65064688   45.10204137  109.27302956]
E_coul = 243.303634907322
cycle= 6 E= -328.297153740696  delta_E= -1.07e-07  |g|= 4.06e-05  |ddm|= 0.002
    CPU time for cycle= 6      0.01 sec, wall time      0.01 sec
diis-norm(errvec)=4.60655e-05
diis-c [ -1.41156639e-10   4.00014317e-06  -2.38509474e-05  -7.58838492e-04
   1.66853749e-02  -1.35960173e-01   1.12005349e+00]
  HOMO = -0.456070746075082  LUMO = 0.29858431019855
  mo_energy =
[  -8.39931184   -6.1335554    -6.1335554    -6.1335554    -2.66387989
   -2.66387989   -2.66387989   -2.66387989   -2.66387989   -1.00924068
   -0.45607075   -0.45607075   -0.45607075    0.29858431    0.29858431
    0.29858431    0.35306646    0.35306646    0.35306646    0.35306646
    0.35306646    0.51104753    1.15008822    1.15008822    1.15008822
    1.15008822    1.15008822    1.15008822    1.15008822    1.55360153
    1.55360153    1.55360153    1.68419794    1.68419794    1.68419794
    1.68419794    1.68419794    3.63974856    3.63974856    3.63974856
    3.63974856    3.63974856    3.63974856    3.63974856    4.87368395
   34.65067998   34.65067998   34.65067998   45.10207439  109.27306399]
E_coul = 243.303453529888
cycle= 7 E= -328.297153741029  delta_E= -3.33e-10  |g|= 2.53e-06  |ddm|= 0.000131
    CPU time for cycle= 7      0.01 sec, wall time      0.01 sec
  HOMO = -0.456071469271731  LUMO = 0.298584199215684
  mo_energy =
[  -8.39931382   -6.13355737   -6.13355737   -6.13355737   -2.66388172
   -2.66388172   -2.66388172   -2.66388172   -2.66388172   -1.00924118
   -0.45607147   -0.45607147   -0.45607147    0.2985842     0.2985842
    0.2985842     0.35306611    0.35306611    0.35306611    0.35306611
    0.35306611    0.51104734    1.15008732    1.15008732    1.15008732
    1.15008732    1.15008732    1.15008732    1.15008732    1.55360087
    1.55360087    1.55360087    1.68419705    1.68419705    1.68419705
    1.68419705    1.68419705    3.6397469     3.6397469     3.6397469
    3.6397469     3.6397469     3.6397469     3.6397469     4.87368264
   34.65067792   34.65067792   34.65067792   45.10207236  109.27306183]
    CPU time for scf_cycle      0.66 sec, wall time      0.84 sec
    CPU time for SCF      0.66 sec, wall time      0.84 sec
converged SCF energy = -328.297153741029
RHF E = -328.297153741
RHF eps = [  -8.39931382   -6.13355737   -6.13355737   -6.13355737   -2.66388172
   -2.66388172   -2.66388172   -2.66388172   -2.66388172   -1.00924118
   -0.45607147   -0.45607147   -0.45607147    0.2985842     0.2985842
    0.2985842     0.35306611    0.35306611    0.35306611    0.35306611
    0.35306611    0.51104734    1.15008732    1.15008732    1.15008732
    1.15008732    1.15008732    1.15008732    1.15008732    1.55360087
    1.55360087    1.55360087    1.68419705    1.68419705    1.68419705
    1.68419705    1.68419705    3.6397469     3.6397469     3.6397469
    3.6397469     3.6397469     3.6397469     3.6397469     4.87368264
   34.65067792   34.65067792   34.65067792   45.10207236  109.27306183]
    CPU time for CCSD integral transformation      0.96 sec, wall time      0.97 sec

******** <class 'pyscf.cc.rccsd_slow.RCCSD'> flags ********
CCSD nocc = 4, nvir = 37
frozen orbitals [0, 1, 2, 3, 4, 5, 6, 7, 8]
max_cycle = 100
direct = 0
conv_tol = 1e-07
conv_tol_normt = 1e-05
diis_space = 6
diis_start_cycle = 0
diis_start_energy_diff = 1e+09
Init t2, MP2 energy = -0.144959253082686
    CPU time for init mp2      0.00 sec, wall time      0.00 sec
    CPU time for update t1 t2      0.04 sec, wall time      0.04 sec
istep = 0  E(CCSD) = -0.144959071043962  dE = -0.144959071  norm(t1,t2) = 0.00661282
    CPU time for CCSD iter      0.05 sec, wall time      0.04 sec
    CPU time for update t1 t2      0.04 sec, wall time      0.04 sec
DIIS for step 1
istep = 1  E(CCSD) = -0.145085744986019  dE = -0.000126673942  norm(t1,t2) = 0.0025999
    CPU time for CCSD iter      0.04 sec, wall time      0.04 sec
    CPU time for update t1 t2      0.04 sec, wall time      0.04 sec
diis-c [ -3.78927191e-07   1.00000000e+00]
DIIS for step 2
istep = 2  E(CCSD) = -0.145108900543776  dE = -2.31555578e-05  norm(t1,t2) = 0.000816338
    CPU time for CCSD iter      0.05 sec, wall time      0.04 sec
    CPU time for update t1 t2      0.04 sec, wall time      0.04 sec
diis-c [ -4.52824539e-09  -4.65434355e-01   1.46543435e+00]
DIIS for step 3
istep = 3  E(CCSD) = -0.145122908202152  dE = -1.40076584e-05  norm(t1,t2) = 0.000287779
    CPU time for CCSD iter      0.04 sec, wall time      0.04 sec
    CPU time for update t1 t2      0.04 sec, wall time      0.04 sec
diis-c [ -1.08518139e-10  -7.57743020e-02   1.87379485e-01   8.88394817e-01]
DIIS for step 4
istep = 4  E(CCSD) = -0.145122800106902  dE = 1.0809525e-07  norm(t1,t2) = 2.18492e-05
    CPU time for CCSD iter      0.04 sec, wall time      0.04 sec
    CPU time for update t1 t2      0.05 sec, wall time      0.04 sec
diis-c [ -5.96328542e-13   2.51506365e-02  -6.33898254e-02  -2.67932186e-01
   1.30617138e+00]
DIIS for step 5
istep = 5  E(CCSD) = -0.145122701433747  dE = 9.86731548e-08  norm(t1,t2) = 3.52728e-06
    CPU time for CCSD iter      0.05 sec, wall time      0.04 sec
    CPU time for CCSD      0.27 sec, wall time      0.26 sec
CCSD converged
E(CC2) = -328.4422764424626  E_corr = -0.1451227014337469
    CPU time for EOM-CCSD shared one-electron intermediates      0.00 sec, wall time      0.00 sec
    CPU time for EOM-CCSD IP intermediates      0.01 sec, wall time      0.01 sec
tol 1e-07  toloose 0.000316228
max_cycle 100  max_space 38  max_memory 2000  incore True
davidson 0 6  |r|= 0.271  e= [   0.49634609    0.49634609    0.49634609    1.03225803  110.18520538
   46.01421583]  max|de|=  110  lindep=    1
root 4 converged  |r|= 1.76e-07  e= 110.18520538  max|de|= -5.56e-10
root 5 converged  |r|= 1.04e-06  e= 46.0142158163  max|de|= -9.25e-09
davidson 1 12  |r|= 0.0453  e= [   0.44976065    0.44976065    0.44976065    0.90951196  110.18520538
   46.01421582]  max|de|= -0.123  lindep= 0.874
davidson 2 16  |r|= 4.56e-05  e= [   0.44978957    0.44978957    0.44978957    0.90694239  110.18520538
   46.01421582]  max|de|= -0.00257  lindep= 0.926
root 0 converged  |r|= 3.15e-08  e= 0.449789572116  max|de|= 3.22e-15
root 1 converged  |r|= 2.95e-08  e= 0.449789572116  max|de|= 1.78e-15
root 2 converged  |r|= 2.95e-08  e= 0.449789572116  max|de|= 6.11e-16
davidson 3 17  |r|= 3.15e-08  e= [   0.44978957    0.44978957    0.44978957    0.90694313  110.18520538
   46.01421582]  max|de|= 7.44e-07  lindep=    1
Linear dependency in trial subspace. |r| for each state [3.1498523905712054e-08, 2.951494802107951e-08, 2.951494802107951e-08, 8.9781402024710826e-12, 0, 0]
IP root 0 E = 0.4497895721156524  qpwt = 0.972233
IP root 1 E = 0.4497895721156516  qpwt = 0.853638
IP root 2 E = 0.4497895721156516  qpwt = 0.853638
IP root 3 E = 0.9069431349631102  qpwt = 0.826653
IP root 4 E = 110.1852053797499  qpwt = 3.31901e-22
IP root 5 E = 46.01421581634079  qpwt = 3.96868e-26
    CPU time for IP-CCSD      0.03 sec, wall time      0.03 sec
    CPU time for EOM-CCSD shared one-electron intermediates      0.00 sec, wall time      0.00 sec
    CPU time for EOM-CCSD EA intermediates      0.18 sec, wall time      0.18 sec
tol 1e-07  toloose 0.000316228
max_cycle 100  max_space 38  max_memory 2000  incore True
davidson 0 6  |r|= 0.195  e= [ 0.30288541  0.30288541  0.30288541  0.36623217  0.36623217  0.36623217]  max|de|= 0.366  lindep=    1
davidson 1 12  |r|= 0.0233  e= [ 0.2854124   0.2854124   0.2854124   0.33097402  0.33097389  0.3309739 ]  max|de|= -0.0353  lindep= 0.999
davidson 2 18  |r|= 0.00378  e= [ 0.2850301   0.2850301   0.2850301   0.33054131  0.33054132  0.33054132]  max|de|= -0.000433  lindep= 0.991
davidson 3 24  |r|= 0.000301  e= [ 0.28501745  0.28501745  0.28501745  0.3306066   0.33060769  0.3306076 ]  max|de|= 6.64e-05  lindep= 0.835
root 0 converged  |r|= 1.27e-06  e= 0.285017368225  max|de|= -7.83e-08
root 1 converged  |r|= 1.27e-06  e= 0.285017368225  max|de|= -7.83e-08
root 2 converged  |r|= 1.27e-06  e= 0.285017368225  max|de|= -7.83e-08
davidson 4 30  |r|= 3.27e-05  e= [ 0.28501737  0.28501737  0.28501737  0.33060679  0.33060588  0.33060669]  max|de|= -1.82e-06  lindep= 0.474
root 4 converged  |r|= 2.31e-09  e= 0.330605875913  max|de|= -2.22e-16
davidson 5 32  |r|= 2.31e-09  e= [ 0.28501737  0.28501737  0.28501737  0.33060588  0.33060588  0.33060588]  max|de|= -9.12e-07  lindep=    1
Linear dependency in trial subspace. |r| for each state [0, 0, 0, 1.1988804889680723e-09, 2.3060329238300807e-09, 1.1854152033682784e-09]
EA root 0 E = 0.2850173682254684  qpwt = 0.993173
EA root 1 E = 0.2850173682254548  qpwt = 0.993173
EA root 2 E = 0.2850173682254634  qpwt = 0.993173
EA root 3 E = 0.3306058758821218  qpwt = 0.986636
EA root 4 E = 0.330605875913359  qpwt = 0.986636
EA root 5 E = 0.3306058758821224  qpwt = 0.986636
    CPU time for EA-CCSD      0.31 sec, wall time      0.31 sec
